2024-11-11 23:40:20,978 - Starting GBMStrategy with initial capital: 1000000
2024-11-11 23:40:20,978 - Hyperparameters: {'threshold': 1.5, 'time_periods': 30, 'num_simulations': 150}
2024-11-11 23:45:14,441 - Long Buy 148.00 shares at 134.7 on 2024-10-11 14:30:00+00:00
2024-11-11 23:45:14,442 - Long Buy 145.00 shares at 134.87 on 2024-10-11 14:45:00+00:00
2024-11-11 23:45:14,442 - Long Buy 142.00 shares at 134.9 on 2024-10-11 15:00:00+00:00
2024-11-11 23:45:14,442 - Long Buy 140.00 shares at 134.42 on 2024-10-11 15:15:00+00:00
2024-11-11 23:45:14,442 - Long Buy 137.00 shares at 134.44 on 2024-10-11 15:30:00+00:00
2024-11-11 23:45:14,442 - Long Buy 134.00 shares at 134.78 on 2024-10-11 17:00:00+00:00
2024-11-11 23:45:14,442 - Long Buy 131.00 shares at 134.66 on 2024-10-11 17:15:00+00:00
2024-11-11 23:45:14,443 - Long Buy 129.00 shares at 134.52 on 2024-10-11 17:30:00+00:00
2024-11-11 23:45:14,443 - Long Buy 126.00 shares at 134.44 on 2024-10-11 17:45:00+00:00
2024-11-11 23:45:14,443 - Long Buy 124.00 shares at 134.45 on 2024-10-11 18:00:00+00:00
2024-11-11 23:45:14,443 - Long Buy 121.00 shares at 134.51 on 2024-10-11 18:15:00+00:00
2024-11-11 23:45:14,443 - Long Buy 119.00 shares at 134.4 on 2024-10-11 19:15:00+00:00
2024-11-11 23:45:14,443 - Long Buy 116.00 shares at 134.5 on 2024-10-11 19:30:00+00:00
2024-11-11 23:45:14,443 - Long Buy 114.00 shares at 134.4 on 2024-10-11 19:45:00+00:00
2024-11-11 23:45:14,443 - Long Buy 112.00 shares at 133.91 on 2024-10-14 13:30:00+00:00
2024-11-11 23:45:14,443 - Sell to close 1938.00 shares at 133.86 on 2024-10-14 13:45:00+00:00 (Exit: Stop_loss, Profit: -1320.0799999999736, Duration: 4275.0 minutes)
2024-11-11 23:45:14,443 - Long Buy 150.00 shares at 132.92 on 2024-10-15 13:30:00+00:00
2024-11-11 23:45:14,443 - Sell to close 150.00 shares at 133.63 on 2024-10-15 14:00:00+00:00 (Exit: Profit_take, Profit: 106.5000000000012, Duration: 30.0 minutes)
2024-11-11 23:45:14,443 - Long Buy 150.00 shares at 133.0 on 2024-10-15 15:45:00+00:00
2024-11-11 23:45:14,444 - Sell to close 150.00 shares at 133.36 on 2024-10-15 16:30:00+00:00 (Exit: Signal, Profit: 54.000000000002046, Duration: 45.0 minutes)
2024-11-11 23:45:14,444 - Long Buy 150.00 shares at 133.02 on 2024-10-15 17:15:00+00:00
2024-11-11 23:45:14,444 - Long Buy 147.00 shares at 133.05 on 2024-10-15 17:30:00+00:00
2024-11-11 23:45:14,444 - Long Buy 144.00 shares at 133.02 on 2024-10-15 17:45:00+00:00
2024-11-11 23:45:14,444 - Long Buy 141.00 shares at 132.9 on 2024-10-15 18:45:00+00:00
2024-11-11 23:45:14,444 - Long Buy 138.00 shares at 132.68 on 2024-10-15 19:00:00+00:00
2024-11-11 23:45:14,444 - Long Buy 136.00 shares at 132.75 on 2024-10-15 19:15:00+00:00
2024-11-11 23:45:14,444 - Sell to close 856.00 shares at 135.59 on 2024-10-16 13:30:00+00:00 (Exit: Profit_take, Profit: 2296.0700000000097, Duration: 1215.0 minutes)
2024-11-11 23:45:14,444 - Short Sell 147.00 shares at 135.8 on 2024-10-16 13:45:00+00:00
2024-11-11 23:45:14,444 - Short Sell 146.00 shares at 137.1 on 2024-10-16 14:00:00+00:00
2024-11-11 23:45:14,444 - Short Sell 147.00 shares at 135.94 on 2024-10-16 14:15:00+00:00
2024-11-11 23:45:14,444 - Buy to cover -440.00 shares at 134.86 on 2024-10-16 14:30:00+00:00 (Exit: Profit_take, Profit: 623.9799999999877, Duration: 45.0 minutes)
2024-11-11 23:45:14,444 - Short Sell 148.00 shares at 134.98 on 2024-10-16 14:45:00+00:00
2024-11-11 23:45:14,444 - Short Sell 148.00 shares at 135.06 on 2024-10-16 15:00:00+00:00
2024-11-11 23:45:14,444 - Short Sell 148.00 shares at 134.96 on 2024-10-16 15:15:00+00:00
2024-11-11 23:45:14,444 - Short Sell 148.00 shares at 135.0 on 2024-10-16 15:30:00+00:00
2024-11-11 23:45:14,444 - Short Sell 148.00 shares at 135.01 on 2024-10-16 15:45:00+00:00
2024-11-11 23:45:14,445 - Short Sell 148.00 shares at 134.53 on 2024-10-16 16:00:00+00:00
2024-11-11 23:45:14,445 - Short Sell 148.00 shares at 134.63 on 2024-10-16 16:15:00+00:00
2024-11-11 23:45:14,445 - Short Sell 148.00 shares at 134.92 on 2024-10-16 16:30:00+00:00
2024-11-11 23:45:14,445 - Short Sell 148.00 shares at 135.26 on 2024-10-16 16:45:00+00:00
2024-11-11 23:45:14,445 - Short Sell 148.00 shares at 135.03 on 2024-10-16 17:00:00+00:00
2024-11-11 23:45:14,445 - Short Sell 148.00 shares at 134.86 on 2024-10-16 17:15:00+00:00
2024-11-11 23:45:14,445 - Short Sell 148.00 shares at 134.99 on 2024-10-16 17:30:00+00:00
2024-11-11 23:45:14,445 - Short Sell 148.00 shares at 135.09 on 2024-10-16 17:45:00+00:00
2024-11-11 23:45:14,445 - Short Sell 147.00 shares at 135.41 on 2024-10-16 18:15:00+00:00
2024-11-11 23:45:14,445 - Short Sell 147.00 shares at 135.33 on 2024-10-16 18:30:00+00:00
2024-11-11 23:45:14,445 - Short Sell 147.00 shares at 135.35 on 2024-10-16 18:45:00+00:00
2024-11-11 23:45:14,445 - Short Sell 148.00 shares at 135.26 on 2024-10-16 19:00:00+00:00
2024-11-11 23:45:14,445 - Buy to cover -2513.00 shares at 135.99 on 2024-10-17 13:30:00+00:00 (Exit: Stop_loss, Profit: -2389.800000000084, Duration: 1365.0 minutes)
2024-11-11 23:45:14,445 - Short Sell 146.00 shares at 136.72 on 2024-10-18 14:00:00+00:00
2024-11-11 23:45:14,445 - Short Sell 146.00 shares at 136.39 on 2024-10-18 14:15:00+00:00
2024-11-11 23:45:14,445 - Buy to cover -292.00 shares at 135.46 on 2024-10-18 15:30:00+00:00 (Exit: Profit_take, Profit: 319.73999999999137, Duration: 90.0 minutes)
2024-11-11 23:45:14,445 - Short Sell 146.00 shares at 136.36 on 2024-10-18 16:30:00+00:00
2024-11-11 23:45:14,446 - Short Sell 146.00 shares at 136.31 on 2024-10-18 19:30:00+00:00
2024-11-11 23:45:14,446 - Short Sell 146.00 shares at 136.46 on 2024-10-18 19:45:00+00:00
2024-11-11 23:45:14,446 - Short Sell 145.00 shares at 137.16 on 2024-10-21 13:30:00+00:00
2024-11-11 23:45:14,446 - Short Sell 145.00 shares at 137.02 on 2024-10-21 13:45:00+00:00
2024-11-11 23:45:14,446 - Short Sell 146.00 shares at 136.73 on 2024-10-21 14:00:00+00:00
2024-11-11 23:45:14,446 - Short Sell 146.00 shares at 136.7 on 2024-10-21 14:15:00+00:00
2024-11-11 23:45:14,446 - Short Sell 146.00 shares at 136.46 on 2024-10-21 14:30:00+00:00
2024-11-11 23:45:14,446 - Buy to cover -1166.00 shares at 135.94 on 2024-10-21 15:15:00+00:00 (Exit: Profit_take, Profit: 826.9800000000064, Duration: 4245.0 minutes)
2024-11-11 23:45:14,446 - Short Sell 146.00 shares at 136.82 on 2024-10-21 15:45:00+00:00
2024-11-11 23:45:14,446 - Short Sell 146.00 shares at 136.72 on 2024-10-21 16:00:00+00:00
2024-11-11 23:45:14,446 - Short Sell 146.00 shares at 136.94 on 2024-10-21 16:15:00+00:00
2024-11-11 23:45:14,446 - Short Sell 145.00 shares at 137.45 on 2024-10-21 16:30:00+00:00
2024-11-11 23:45:14,446 - Short Sell 145.00 shares at 137.61 on 2024-10-21 16:45:00+00:00
2024-11-11 23:45:14,446 - Short Sell 144.00 shares at 137.94 on 2024-10-21 17:00:00+00:00
2024-11-11 23:45:14,446 - Short Sell 145.00 shares at 137.71 on 2024-10-21 17:15:00+00:00
2024-11-11 23:45:14,446 - Short Sell 145.00 shares at 137.5 on 2024-10-21 17:30:00+00:00
2024-11-11 23:45:14,446 - Short Sell 145.00 shares at 137.46 on 2024-10-21 17:45:00+00:00
2024-11-11 23:45:14,446 - Short Sell 145.00 shares at 137.15 on 2024-10-21 18:00:00+00:00
2024-11-11 23:45:14,446 - Short Sell 146.00 shares at 137.06 on 2024-10-21 18:15:00+00:00
2024-11-11 23:45:14,446 - Short Sell 146.00 shares at 136.94 on 2024-10-21 18:30:00+00:00
2024-11-11 23:45:14,446 - Short Sell 146.00 shares at 136.82 on 2024-10-21 18:45:00+00:00
2024-11-11 23:45:14,446 - Short Sell 146.00 shares at 136.95 on 2024-10-21 19:00:00+00:00
2024-11-11 23:45:14,446 - Short Sell 146.00 shares at 136.89 on 2024-10-21 19:15:00+00:00
2024-11-11 23:45:14,446 - Short Sell 146.00 shares at 137.03 on 2024-10-21 19:30:00+00:00
2024-11-11 23:45:14,446 - Short Sell 145.00 shares at 137.18 on 2024-10-21 19:45:00+00:00
2024-11-11 23:45:14,446 - Buy to cover -2473.00 shares at 136.2 on 2024-10-22 13:30:00+00:00 (Exit: Profit_take, Profit: 2436.2800000001184, Duration: 1305.0 minutes)
2024-11-11 23:45:14,447 - Short Sell 147.00 shares at 135.9 on 2024-10-22 14:00:00+00:00
2024-11-11 23:45:14,447 - Short Sell 147.00 shares at 135.93 on 2024-10-22 14:30:00+00:00
2024-11-11 23:45:14,447 - Buy to cover -294.00 shares at 135.19 on 2024-10-23 13:30:00+00:00 (Exit: Profit_take, Profit: 213.15000000000668, Duration: 1410.0 minutes)
2024-11-11 23:45:14,447 - Long Buy 149.00 shares at 134.63 on 2024-10-23 14:00:00+00:00
2024-11-11 23:45:14,447 - Long Buy 145.00 shares at 134.79 on 2024-10-23 14:15:00+00:00
2024-11-11 23:45:14,447 - Long Buy 142.00 shares at 134.93 on 2024-10-23 14:30:00+00:00
2024-11-11 23:45:14,447 - Long Buy 140.00 shares at 134.52 on 2024-10-23 14:45:00+00:00
2024-11-11 23:45:14,447 - Long Buy 138.00 shares at 134.11 on 2024-10-23 15:00:00+00:00
2024-11-11 23:45:14,447 - Long Buy 135.00 shares at 134.06 on 2024-10-23 15:15:00+00:00
2024-11-11 23:45:14,447 - Long Buy 132.00 shares at 134.29 on 2024-10-23 15:30:00+00:00
2024-11-11 23:45:14,447 - Long Buy 129.00 shares at 134.07 on 2024-10-23 16:00:00+00:00
2024-11-11 23:45:14,447 - Long Buy 127.00 shares at 133.74 on 2024-10-23 16:15:00+00:00
2024-11-11 23:45:14,447 - Long Buy 125.00 shares at 133.61 on 2024-10-23 16:30:00+00:00
2024-11-11 23:45:14,447 - Long Buy 122.00 shares at 133.65 on 2024-10-23 16:45:00+00:00
2024-11-11 23:45:14,447 - Sell to close 1484.00 shares at 133.33 on 2024-10-23 17:00:00+00:00 (Exit: Stop_loss, Profit: -1353.6799999999848, Duration: 180.0 minutes)
2024-11-11 23:45:14,447 - Long Buy 151.00 shares at 132.26 on 2024-10-24 13:30:00+00:00
2024-11-11 23:45:14,447 - Long Buy 148.00 shares at 132.37 on 2024-10-24 13:45:00+00:00
2024-11-11 23:45:14,448 - Long Buy 144.00 shares at 132.76 on 2024-10-24 14:00:00+00:00
2024-11-11 23:45:14,448 - Long Buy 142.00 shares at 132.66 on 2024-10-24 14:15:00+00:00
2024-11-11 23:45:14,448 - Long Buy 139.00 shares at 132.99 on 2024-10-24 14:30:00+00:00
2024-11-11 23:45:14,448 - Long Buy 136.00 shares at 132.48 on 2024-10-24 14:45:00+00:00
2024-11-11 23:45:14,448 - Long Buy 133.00 shares at 132.53 on 2024-10-24 15:00:00+00:00
2024-11-11 23:45:14,448 - Long Buy 131.00 shares at 132.76 on 2024-10-24 15:15:00+00:00
2024-11-11 23:45:14,448 - Long Buy 128.00 shares at 132.62 on 2024-10-24 15:30:00+00:00
2024-11-11 23:45:14,448 - Long Buy 125.00 shares at 132.76 on 2024-10-24 15:45:00+00:00
2024-11-11 23:45:14,448 - Long Buy 123.00 shares at 132.34 on 2024-10-24 16:00:00+00:00
2024-11-11 23:45:14,448 - Sell to close 1500.00 shares at 133.04 on 2024-10-24 16:30:00+00:00 (Exit: Signal, Profit: 673.6999999999824, Duration: 180.0 minutes)
2024-11-11 23:45:14,448 - Short Sell 150.00 shares at 133.0 on 2024-10-24 16:45:00+00:00
2024-11-11 23:45:14,448 - Buy to cover -150.00 shares at 132.46 on 2024-10-24 17:45:00+00:00 (Exit: Signal, Profit: 80.9999999999988, Duration: 60.0 minutes)
2024-11-11 23:45:14,448 - Short Sell 149.00 shares at 134.19 on 2024-10-25 13:30:00+00:00
2024-11-11 23:45:14,448 - Short Sell 149.00 shares at 134.28 on 2024-10-25 13:45:00+00:00
2024-11-11 23:45:14,448 - Short Sell 149.00 shares at 134.22 on 2024-10-25 14:00:00+00:00
2024-11-11 23:45:14,448 - Short Sell 148.00 shares at 134.64 on 2024-10-25 14:15:00+00:00
2024-11-11 23:45:14,448 - Short Sell 148.00 shares at 134.79 on 2024-10-25 14:30:00+00:00
2024-11-11 23:45:14,448 - Short Sell 148.00 shares at 134.94 on 2024-10-25 14:45:00+00:00
2024-11-11 23:45:14,448 - Short Sell 148.00 shares at 134.69 on 2024-10-25 15:00:00+00:00
2024-11-11 23:45:14,448 - Short Sell 148.00 shares at 134.67 on 2024-10-25 15:15:00+00:00
2024-11-11 23:45:14,448 - Short Sell 148.00 shares at 134.87 on 2024-10-25 15:30:00+00:00
2024-11-11 23:45:14,448 - Short Sell 148.00 shares at 134.6 on 2024-10-25 15:45:00+00:00
2024-11-11 23:45:14,448 - Short Sell 148.00 shares at 134.71 on 2024-10-25 16:00:00+00:00
2024-11-11 23:45:14,448 - Short Sell 148.00 shares at 134.86 on 2024-10-25 16:15:00+00:00
2024-11-11 23:45:14,448 - Short Sell 148.00 shares at 134.89 on 2024-10-25 16:30:00+00:00
2024-11-11 23:45:14,448 - Short Sell 148.00 shares at 134.9 on 2024-10-25 16:45:00+00:00
2024-11-11 23:45:14,448 - Short Sell 148.00 shares at 135.06 on 2024-10-25 17:00:00+00:00
2024-11-11 23:45:14,449 - Buy to cover -2223.00 shares at 134.65 on 2024-10-25 17:15:00+00:00 (Exit: Signal, Profit: 81.62000000002536, Duration: 225.0 minutes)
2024-11-11 23:45:14,449 - Long Buy 149.00 shares at 134.28 on 2024-10-25 17:30:00+00:00
2024-11-11 23:45:14,449 - Long Buy 146.00 shares at 134.41 on 2024-10-25 17:45:00+00:00
2024-11-11 23:45:14,449 - Long Buy 143.00 shares at 134.38 on 2024-10-25 18:00:00+00:00
2024-11-11 23:45:14,449 - Long Buy 140.00 shares at 134.64 on 2024-10-25 18:45:00+00:00
2024-11-11 23:45:14,449 - Long Buy 137.00 shares at 134.42 on 2024-10-25 19:00:00+00:00
2024-11-11 23:45:14,449 - Long Buy 135.00 shares at 134.25 on 2024-10-25 19:15:00+00:00
2024-11-11 23:45:14,449 - Long Buy 132.00 shares at 134.31 on 2024-10-25 19:30:00+00:00
2024-11-11 23:45:14,449 - Long Buy 129.00 shares at 134.6 on 2024-10-25 19:45:00+00:00
2024-11-11 23:45:14,449 - Sell to close 1111.00 shares at 136.39 on 2024-10-28 13:30:00+00:00 (Exit: Profit_take, Profit: 2200.1599999999808, Duration: 4080.0 minutes)
2024-11-11 23:45:14,449 - Short Sell 147.00 shares at 136.45 on 2024-10-28 13:45:00+00:00
2024-11-11 23:45:14,449 - Short Sell 147.00 shares at 136.52 on 2024-10-28 14:00:00+00:00
2024-11-11 23:45:14,449 - Short Sell 147.00 shares at 136.56 on 2024-10-28 14:15:00+00:00
2024-11-11 23:45:14,449 - Short Sell 147.00 shares at 136.31 on 2024-10-28 14:30:00+00:00
2024-11-11 23:45:14,449 - Short Sell 147.00 shares at 136.02 on 2024-10-28 14:45:00+00:00
2024-11-11 23:45:14,449 - Short Sell 147.00 shares at 136.38 on 2024-10-28 15:00:00+00:00
2024-11-11 23:45:14,449 - Short Sell 147.00 shares at 136.24 on 2024-10-28 15:15:00+00:00
2024-11-11 23:45:14,449 - Short Sell 147.00 shares at 136.11 on 2024-10-28 15:30:00+00:00
2024-11-11 23:45:14,449 - Short Sell 147.00 shares at 136.15 on 2024-10-28 15:45:00+00:00
2024-11-11 23:45:14,449 - Short Sell 147.00 shares at 136.37 on 2024-10-28 16:00:00+00:00
2024-11-11 23:45:14,449 - Short Sell 147.00 shares at 136.32 on 2024-10-28 16:15:00+00:00
2024-11-11 23:45:14,449 - Short Sell 147.00 shares at 135.97 on 2024-10-28 16:30:00+00:00
2024-11-11 23:45:14,449 - Short Sell 147.00 shares at 136.08 on 2024-10-28 16:45:00+00:00
2024-11-11 23:45:14,449 - Short Sell 147.00 shares at 136.03 on 2024-10-28 17:00:00+00:00
2024-11-11 23:45:14,449 - Short Sell 147.00 shares at 136.18 on 2024-10-28 17:15:00+00:00
2024-11-11 23:45:14,449 - Short Sell 147.00 shares at 136.36 on 2024-10-28 17:30:00+00:00
2024-11-11 23:45:14,450 - Short Sell 147.00 shares at 136.03 on 2024-10-28 17:45:00+00:00
2024-11-11 23:45:14,450 - Buy to cover -2499.00 shares at 135.93 on 2024-10-28 18:00:00+00:00 (Exit: Signal, Profit: 774.6899999999347, Duration: 255.0 minutes)
2024-11-11 23:45:14,450 - Long Buy 148.00 shares at 135.72 on 2024-10-28 19:30:00+00:00
2024-11-11 23:45:14,450 - Long Buy 145.00 shares at 135.4 on 2024-10-29 13:30:00+00:00
2024-11-11 23:45:14,450 - Sell to close 293.00 shares at 136.67 on 2024-10-29 14:00:00+00:00 (Exit: Profit_take, Profit: 324.74999999999955, Duration: 1110.0 minutes)
2024-11-11 23:45:14,450 - Short Sell 146.00 shares at 137.27 on 2024-10-29 14:30:00+00:00
2024-11-11 23:45:14,450 - Short Sell 146.00 shares at 137.11 on 2024-10-29 14:45:00+00:00
2024-11-11 23:45:14,450 - Short Sell 146.00 shares at 137.26 on 2024-10-29 15:00:00+00:00
2024-11-11 23:45:14,450 - Short Sell 146.00 shares at 137.08 on 2024-10-29 15:15:00+00:00
2024-11-11 23:45:14,450 - Short Sell 146.00 shares at 137.54 on 2024-10-29 15:30:00+00:00
2024-11-11 23:45:14,450 - Short Sell 146.00 shares at 137.54 on 2024-10-29 15:45:00+00:00
2024-11-11 23:45:14,450 - Short Sell 146.00 shares at 137.69 on 2024-10-29 16:00:00+00:00
2024-11-11 23:45:14,450 - Short Sell 146.00 shares at 137.45 on 2024-10-29 16:15:00+00:00
2024-11-11 23:45:14,450 - Short Sell 145.00 shares at 137.88 on 2024-10-29 16:30:00+00:00
2024-11-11 23:45:14,450 - Short Sell 145.00 shares at 138.11 on 2024-10-29 16:45:00+00:00
2024-11-11 23:45:14,450 - Short Sell 145.00 shares at 137.94 on 2024-10-29 17:00:00+00:00
2024-11-11 23:45:14,450 - Short Sell 146.00 shares at 137.64 on 2024-10-29 17:15:00+00:00
2024-11-11 23:45:14,450 - Short Sell 146.00 shares at 137.41 on 2024-10-29 17:30:00+00:00
2024-11-11 23:45:14,450 - Short Sell 146.00 shares at 137.54 on 2024-10-29 17:45:00+00:00
2024-11-11 23:45:14,450 - Short Sell 146.00 shares at 137.5 on 2024-10-29 18:00:00+00:00
2024-11-11 23:45:14,450 - Short Sell 146.00 shares at 137.29 on 2024-10-29 18:15:00+00:00
2024-11-11 23:45:14,450 - Short Sell 146.00 shares at 137.62 on 2024-10-29 18:30:00+00:00
2024-11-11 23:45:14,450 - Short Sell 146.00 shares at 137.6 on 2024-10-29 18:45:00+00:00
2024-11-11 23:45:14,450 - Short Sell 146.00 shares at 137.71 on 2024-10-29 19:00:00+00:00
2024-11-11 23:45:14,450 - Short Sell 145.00 shares at 137.93 on 2024-10-29 19:15:00+00:00
2024-11-11 23:45:14,450 - Buy to cover -2916.00 shares at 136.83 on 2024-10-30 13:30:00+00:00 (Exit: Profit_take, Profit: 2113.9199999998423, Duration: 1380.0 minutes)
2024-11-11 23:45:14,451 - Short Sell 145.00 shares at 138.26 on 2024-10-30 14:00:00+00:00
2024-11-11 23:45:14,451 - Short Sell 145.00 shares at 138.18 on 2024-10-30 14:15:00+00:00
2024-11-11 23:45:14,451 - Short Sell 145.00 shares at 138.23 on 2024-10-30 14:30:00+00:00
2024-11-11 23:45:14,451 - Short Sell 145.00 shares at 138.34 on 2024-10-30 15:15:00+00:00
2024-11-11 23:45:14,451 - Short Sell 145.00 shares at 138.49 on 2024-10-30 15:30:00+00:00
2024-11-11 23:45:14,451 - Short Sell 145.00 shares at 138.39 on 2024-10-30 15:45:00+00:00
2024-11-11 23:45:14,451 - Short Sell 146.00 shares at 138.03 on 2024-10-30 16:00:00+00:00
2024-11-11 23:45:14,451 - Short Sell 145.00 shares at 138.13 on 2024-10-30 16:15:00+00:00
2024-11-11 23:45:14,451 - Buy to cover -1161.00 shares at 137.41 on 2024-10-30 19:15:00+00:00 (Exit: Profit_take, Profit: 982.2700000000292, Duration: 315.0 minutes)
2024-11-11 23:45:14,451 - Long Buy 147.00 shares at 136.5 on 2024-10-30 19:45:00+00:00
2024-11-11 23:45:14,451 - Sell to close 147.00 shares at 137.19 on 2024-10-31 13:30:00+00:00 (Exit: Profit_take, Profit: 101.42999999999967, Duration: 1065.0 minutes)
2024-11-11 23:45:14,451 - Long Buy 148.00 shares at 136.27 on 2024-10-31 14:15:00+00:00
2024-11-11 23:45:14,451 - Long Buy 145.00 shares at 135.59 on 2024-10-31 14:30:00+00:00
2024-11-11 23:45:14,451 - Long Buy 143.00 shares at 135.36 on 2024-10-31 14:45:00+00:00
2024-11-11 23:45:14,451 - Long Buy 140.00 shares at 135.13 on 2024-10-31 15:00:00+00:00
2024-11-11 23:45:14,451 - Long Buy 137.00 shares at 135.89 on 2024-10-31 15:15:00+00:00
2024-11-11 23:45:14,451 - Long Buy 134.00 shares at 135.55 on 2024-10-31 15:30:00+00:00
2024-11-11 23:45:14,451 - Long Buy 131.00 shares at 135.97 on 2024-10-31 15:45:00+00:00
2024-11-11 23:45:14,451 - Sell to close 978.00 shares at 136.36 on 2024-10-31 16:00:00+00:00 (Exit: Profit_take, Profit: 664.1900000000173, Duration: 105.0 minutes)
2024-11-11 23:45:14,451 - Long Buy 148.00 shares at 136.01 on 2024-10-31 16:45:00+00:00
2024-11-11 23:45:14,451 - Long Buy 146.00 shares at 135.53 on 2024-10-31 17:00:00+00:00
2024-11-11 23:45:14,452 - Long Buy 143.00 shares at 135.14 on 2024-10-31 17:15:00+00:00
2024-11-11 23:45:14,452 - Long Buy 140.00 shares at 134.87 on 2024-10-31 17:30:00+00:00
2024-11-11 23:45:14,452 - Long Buy 138.00 shares at 134.94 on 2024-10-31 17:45:00+00:00
2024-11-11 23:45:14,452 - Long Buy 135.00 shares at 134.66 on 2024-10-31 18:00:00+00:00
2024-11-11 23:45:14,452 - Long Buy 132.00 shares at 134.69 on 2024-10-31 18:15:00+00:00
2024-11-11 23:45:14,452 - Sell to close 982.00 shares at 134.53 on 2024-10-31 18:30:00+00:00 (Exit: Stop_loss, Profit: -595.1200000000107, Duration: 105.0 minutes)
2024-11-11 23:45:14,452 - Long Buy 149.00 shares at 134.59 on 2024-11-01 13:30:00+00:00
2024-11-11 23:45:14,452 - Long Buy 147.00 shares at 134.52 on 2024-11-01 13:45:00+00:00
2024-11-11 23:45:14,452 - Sell to close 296.00 shares at 135.63 on 2024-11-01 14:00:00+00:00 (Exit: Profit_take, Profit: 318.1299999999926, Duration: 30.0 minutes)
2024-11-11 23:45:14,452 - Long Buy 148.00 shares at 136.12 on 2024-11-01 14:30:00+00:00
2024-11-11 23:45:14,452 - Long Buy 144.00 shares at 136.48 on 2024-11-01 15:00:00+00:00
2024-11-11 23:45:14,452 - Long Buy 142.00 shares at 136.35 on 2024-11-01 15:30:00+00:00
2024-11-11 23:45:14,452 - Long Buy 139.00 shares at 136.11 on 2024-11-01 15:45:00+00:00
2024-11-11 23:45:14,452 - Long Buy 136.00 shares at 136.25 on 2024-11-01 16:00:00+00:00
2024-11-11 23:45:14,452 - Long Buy 134.00 shares at 136.06 on 2024-11-01 16:15:00+00:00
2024-11-11 23:45:14,452 - Long Buy 131.00 shares at 135.94 on 2024-11-01 16:30:00+00:00
2024-11-11 23:45:14,452 - Long Buy 129.00 shares at 135.65 on 2024-11-01 16:45:00+00:00
2024-11-11 23:45:14,452 - Long Buy 126.00 shares at 135.65 on 2024-11-01 17:00:00+00:00
2024-11-11 23:45:14,452 - Long Buy 124.00 shares at 135.84 on 2024-11-01 17:15:00+00:00
2024-11-11 23:45:14,452 - Long Buy 121.00 shares at 135.63 on 2024-11-01 17:30:00+00:00
2024-11-11 23:45:14,452 - Long Buy 119.00 shares at 135.69 on 2024-11-01 17:45:00+00:00
2024-11-11 23:45:14,452 - Long Buy 116.00 shares at 135.75 on 2024-11-01 18:00:00+00:00
2024-11-11 23:45:14,452 - Long Buy 114.00 shares at 135.59 on 2024-11-01 18:15:00+00:00
2024-11-11 23:45:14,452 - Long Buy 112.00 shares at 135.83 on 2024-11-01 18:30:00+00:00
2024-11-11 23:45:14,452 - Long Buy 109.00 shares at 135.89 on 2024-11-01 18:45:00+00:00
2024-11-11 23:45:14,452 - Long Buy 107.00 shares at 136.18 on 2024-11-01 19:15:00+00:00
2024-11-11 23:45:14,453 - Long Buy 105.00 shares at 136.03 on 2024-11-04 14:30:00+00:00
2024-11-11 23:45:14,453 - Sell to close 2256.00 shares at 137.08 on 2024-11-04 15:15:00+00:00 (Exit: Profit_take, Profit: 2525.5399999999677, Duration: 4365.0 minutes)
2024-11-11 23:45:14,453 - Short Sell 147.00 shares at 137.32 on 2024-11-04 16:00:00+00:00
2024-11-11 23:45:14,453 - Buy to cover -147.00 shares at 136.46 on 2024-11-04 16:30:00+00:00 (Exit: Profit_take, Profit: 126.41999999999783, Duration: 30.0 minutes)
2024-11-11 23:45:14,453 - Long Buy 148.00 shares at 136.24 on 2024-11-04 16:45:00+00:00
2024-11-11 23:45:14,453 - Long Buy 145.00 shares at 136.53 on 2024-11-04 17:00:00+00:00
2024-11-11 23:45:14,453 - Long Buy 142.00 shares at 136.83 on 2024-11-04 17:15:00+00:00
2024-11-11 23:45:14,453 - Long Buy 139.00 shares at 136.67 on 2024-11-04 18:00:00+00:00
2024-11-11 23:45:14,453 - Long Buy 136.00 shares at 136.64 on 2024-11-04 18:45:00+00:00
2024-11-11 23:45:14,453 - Long Buy 134.00 shares at 136.37 on 2024-11-04 19:00:00+00:00
2024-11-11 23:45:14,453 - Long Buy 131.00 shares at 136.35 on 2024-11-04 19:15:00+00:00
2024-11-11 23:45:14,453 - Long Buy 128.00 shares at 136.31 on 2024-11-04 19:30:00+00:00
2024-11-11 23:45:14,453 - Long Buy 126.00 shares at 136.56 on 2024-11-04 19:45:00+00:00
2024-11-11 23:45:14,453 - Long Buy 123.00 shares at 136.48 on 2024-11-04 20:00:00+00:00
2024-11-11 23:45:14,453 - Long Buy 121.00 shares at 136.46 on 2024-11-04 20:15:00+00:00
2024-11-11 23:45:14,453 - Sell to close 1473.00 shares at 138.94 on 2024-11-05 14:30:00+00:00 (Exit: Profit_take, Profit: 3599.850000000016, Duration: 1305.0 minutes)
2024-11-11 23:45:14,453 - Short Sell 145.00 shares at 139.22 on 2024-11-05 14:45:00+00:00
2024-11-11 23:45:14,453 - Short Sell 145.00 shares at 139.52 on 2024-11-05 15:00:00+00:00
2024-11-11 23:45:14,453 - Short Sell 144.00 shares at 140.14 on 2024-11-05 15:15:00+00:00
2024-11-11 23:45:14,453 - Short Sell 144.00 shares at 140.54 on 2024-11-05 15:30:00+00:00
2024-11-11 23:45:14,453 - Buy to cover -578.00 shares at 140.8 on 2024-11-05 15:45:00+00:00 (Exit: Stop_loss, Profit: -547.1800000000039, Duration: 60.0 minutes)
2024-11-11 23:45:14,454 - Short Sell 142.00 shares at 142.35 on 2024-11-06 14:30:00+00:00
2024-11-11 23:45:14,454 - Buy to cover -142.00 shares at 141.33 on 2024-11-06 14:45:00+00:00 (Exit: Profit_take, Profit: 144.83999999999742, Duration: 15.0 minutes)
2024-11-11 23:45:14,454 - Short Sell 143.00 shares at 141.6 on 2024-11-06 15:00:00+00:00
2024-11-11 23:45:14,454 - Short Sell 143.00 shares at 141.47 on 2024-11-06 15:15:00+00:00
2024-11-11 23:45:14,454 - Short Sell 144.00 shares at 141.04 on 2024-11-06 15:30:00+00:00
2024-11-11 23:45:14,454 - Buy to cover -430.00 shares at 140.42 on 2024-11-06 15:45:00+00:00 (Exit: Profit_take, Profit: 408.16999999999695, Duration: 45.0 minutes)
2024-11-11 23:45:14,454 - Short Sell 144.00 shares at 140.3 on 2024-11-06 16:00:00+00:00
2024-11-11 23:45:14,454 - Short Sell 144.00 shares at 140.42 on 2024-11-06 17:00:00+00:00
2024-11-11 23:45:14,454 - Short Sell 144.00 shares at 140.43 on 2024-11-06 17:45:00+00:00
2024-11-11 23:45:14,454 - Short Sell 144.00 shares at 140.79 on 2024-11-06 18:00:00+00:00
2024-11-11 23:45:14,454 - Short Sell 144.00 shares at 141.01 on 2024-11-06 18:15:00+00:00
2024-11-11 23:45:14,454 - Buy to cover -720.00 shares at 140.98 on 2024-11-06 18:30:00+00:00 (Exit: Signal, Profit: -280.7999999999697, Duration: 150.0 minutes)
2024-11-11 23:45:14,454 - Long Buy 144.00 shares at 140.69 on 2024-11-06 19:45:00+00:00
2024-11-11 23:45:14,454 - Long Buy 141.00 shares at 140.53 on 2024-11-06 20:15:00+00:00
2024-11-11 23:45:14,454 - Sell to close 285.00 shares at 144.6 on 2024-11-07 14:30:00+00:00 (Exit: Profit_take, Profit: 1136.910000000002, Duration: 1125.0 minutes)
2024-11-11 23:45:14,454 - Short Sell 140.00 shares at 145.03 on 2024-11-07 14:45:00+00:00
2024-11-11 23:45:14,454 - Short Sell 140.00 shares at 144.76 on 2024-11-07 15:00:00+00:00
2024-11-11 23:45:14,454 - Short Sell 140.00 shares at 144.66 on 2024-11-07 15:15:00+00:00
2024-11-11 23:45:14,454 - Short Sell 140.00 shares at 144.93 on 2024-11-07 15:30:00+00:00
2024-11-11 23:45:14,454 - Short Sell 140.00 shares at 144.58 on 2024-11-07 15:45:00+00:00
2024-11-11 23:45:14,454 - Short Sell 140.00 shares at 144.69 on 2024-11-07 16:00:00+00:00
2024-11-11 23:45:14,455 - Short Sell 140.00 shares at 144.64 on 2024-11-07 16:15:00+00:00
2024-11-11 23:45:14,455 - Short Sell 140.00 shares at 145.17 on 2024-11-07 16:30:00+00:00
2024-11-11 23:45:14,455 - Short Sell 139.00 shares at 145.45 on 2024-11-07 16:45:00+00:00
2024-11-11 23:45:14,455 - Short Sell 139.00 shares at 145.44 on 2024-11-07 17:00:00+00:00
2024-11-11 23:45:14,455 - Short Sell 140.00 shares at 145.03 on 2024-11-07 17:15:00+00:00
2024-11-11 23:45:14,455 - Short Sell 140.00 shares at 144.79 on 2024-11-07 17:30:00+00:00
2024-11-11 23:45:14,455 - Short Sell 139.00 shares at 145.68 on 2024-11-07 17:45:00+00:00
2024-11-11 23:45:14,455 - Short Sell 139.00 shares at 145.75 on 2024-11-07 18:00:00+00:00
2024-11-11 23:45:14,455 - Short Sell 139.00 shares at 145.6 on 2024-11-07 18:15:00+00:00
2024-11-11 23:45:14,455 - Short Sell 139.00 shares at 145.34 on 2024-11-07 18:30:00+00:00
2024-11-11 23:45:14,455 - Short Sell 140.00 shares at 145.05 on 2024-11-07 18:45:00+00:00
2024-11-11 23:45:14,455 - Short Sell 139.00 shares at 145.27 on 2024-11-07 19:00:00+00:00
2024-11-11 23:45:14,455 - Buy to cover -2513.00 shares at 146.78 on 2024-11-07 19:15:00+00:00 (Exit: Stop_loss, Profit: -4216.269999999947, Duration: 270.0 minutes)
2024-11-11 23:45:14,455 - Long Buy 148.00 shares at 136.02 on 2024-11-08 14:30:00+00:00
2024-11-11 23:45:14,455 - Long Buy 146.00 shares at 135.19 on 2024-11-08 14:45:00+00:00
2024-11-11 23:45:14,455 - Sell to close 294.00 shares at 134.33 on 2024-11-08 15:00:00+00:00 (Exit: Stop_loss, Profit: -375.6799999999958, Duration: 30.0 minutes)
2024-11-11 23:45:14,457 - Final statisticsStock: ABNB, 
total_trades: 33, 
winning_trades: 25, 
losing_trades: 8, 
average_return: 0.00446791700870913, 
average_duration: 924.5454545454545, 
final_balance: 1012055.6800000003, 
final_portfolio_value: 1012055.6800000003, 
sharpe_ratio: 4.980761852148342, 



