2024-11-11 19:34:36,476 - Starting GBMStrategy with initial capital: 1000000
2024-11-11 19:34:36,476 - Hyperparameters: {'threshold': 1.5, 'time_periods': 30, 'num_simulations': 150}
2024-11-11 19:35:42,657 - Long Buy 136.00 shares at 146.22 on 2024-10-11 14:30:00+00:00
2024-11-11 19:35:42,658 - Long Buy 134.00 shares at 146.28 on 2024-10-11 14:45:00+00:00
2024-11-11 19:35:42,658 - Sell to close 270.00 shares at 146.69 on 2024-10-11 15:15:00+00:00 (Exit: Signal, Profit: 118.85999999999882, Duration: 45.0 minutes)
2024-11-11 19:35:42,658 - Short Sell 136.00 shares at 146.79 on 2024-10-11 15:30:00+00:00
2024-11-11 19:35:42,659 - Short Sell 136.00 shares at 146.93 on 2024-10-11 19:00:00+00:00
2024-11-11 19:35:42,659 - Short Sell 135.00 shares at 147.12 on 2024-10-11 19:30:00+00:00
2024-11-11 19:35:42,659 - Short Sell 135.00 shares at 147.27 on 2024-10-11 19:45:00+00:00
2024-11-11 19:35:42,659 - Short Sell 135.00 shares at 147.45 on 2024-10-14 14:00:00+00:00
2024-11-11 19:35:42,659 - Short Sell 135.00 shares at 147.33 on 2024-10-14 14:15:00+00:00
2024-11-11 19:35:42,659 - Buy to cover -812.00 shares at 147.93 on 2024-10-14 14:30:00+00:00 (Exit: Stop_loss, Profit: -635.2900000000188, Duration: 4260.0 minutes)
2024-11-11 19:35:42,659 - Short Sell 134.00 shares at 149.09 on 2024-10-15 13:30:00+00:00
2024-11-11 19:35:42,659 - Short Sell 134.00 shares at 148.54 on 2024-10-15 13:45:00+00:00
2024-11-11 19:35:42,659 - Buy to cover -268.00 shares at 150.23 on 2024-10-15 14:00:00+00:00 (Exit: Stop_loss, Profit: -379.21999999999787, Duration: 30.0 minutes)
2024-11-11 19:35:42,659 - Short Sell 132.00 shares at 151.27 on 2024-10-16 14:00:00+00:00
2024-11-11 19:35:42,659 - Short Sell 131.00 shares at 151.78 on 2024-10-16 14:15:00+00:00
2024-11-11 19:35:42,659 - Short Sell 132.00 shares at 151.19 on 2024-10-16 14:30:00+00:00
2024-11-11 19:35:42,659 - Short Sell 132.00 shares at 151.24 on 2024-10-16 14:45:00+00:00
2024-11-11 19:35:42,659 - Short Sell 132.00 shares at 151.23 on 2024-10-16 15:00:00+00:00
2024-11-11 19:35:42,659 - Short Sell 132.00 shares at 151.28 on 2024-10-16 15:15:00+00:00
2024-11-11 19:35:42,660 - Short Sell 132.00 shares at 151.17 on 2024-10-16 17:30:00+00:00
2024-11-11 19:35:42,660 - Short Sell 132.00 shares at 151.22 on 2024-10-16 18:15:00+00:00
2024-11-11 19:35:42,660 - Short Sell 131.00 shares at 151.99 on 2024-10-17 13:30:00+00:00
2024-11-11 19:35:42,660 - Short Sell 131.00 shares at 151.86 on 2024-10-17 13:45:00+00:00
2024-11-11 19:35:42,660 - Short Sell 131.00 shares at 152.07 on 2024-10-17 14:00:00+00:00
2024-11-11 19:35:42,660 - Short Sell 131.00 shares at 152.07 on 2024-10-17 14:15:00+00:00
2024-11-11 19:35:42,660 - Short Sell 131.00 shares at 152.0 on 2024-10-17 14:30:00+00:00
2024-11-11 19:35:42,660 - Short Sell 130.00 shares at 152.35 on 2024-10-17 14:45:00+00:00
2024-11-11 19:35:42,660 - Short Sell 131.00 shares at 151.99 on 2024-10-17 15:00:00+00:00
2024-11-11 19:35:42,660 - Short Sell 131.00 shares at 152.12 on 2024-10-17 15:15:00+00:00
2024-11-11 19:35:42,660 - Short Sell 131.00 shares at 152.05 on 2024-10-17 15:30:00+00:00
2024-11-11 19:35:42,660 - Short Sell 131.00 shares at 152.29 on 2024-10-17 15:45:00+00:00
2024-11-11 19:35:42,660 - Buy to cover -2364.00 shares at 152.43 on 2024-10-17 16:00:00+00:00 (Exit: Stop_loss, Profit: -1654.99999999992, Duration: 1560.0 minutes)
2024-11-11 19:35:42,660 - Short Sell 129.00 shares at 154.12 on 2024-10-18 13:30:00+00:00
2024-11-11 19:35:42,660 - Short Sell 130.00 shares at 153.43 on 2024-10-18 13:45:00+00:00
2024-11-11 19:35:42,660 - Short Sell 130.00 shares at 153.11 on 2024-10-18 14:00:00+00:00
2024-11-11 19:35:42,660 - Short Sell 129.00 shares at 153.6 on 2024-10-18 14:15:00+00:00
2024-11-11 19:35:42,660 - Short Sell 129.00 shares at 153.55 on 2024-10-18 14:30:00+00:00
2024-11-11 19:35:42,660 - Short Sell 129.00 shares at 153.63 on 2024-10-18 14:45:00+00:00
2024-11-11 19:35:42,660 - Short Sell 129.00 shares at 153.52 on 2024-10-18 15:00:00+00:00
2024-11-11 19:35:42,660 - Short Sell 129.00 shares at 153.56 on 2024-10-18 15:15:00+00:00
2024-11-11 19:35:42,660 - Short Sell 129.00 shares at 153.58 on 2024-10-18 15:30:00+00:00
2024-11-11 19:35:42,660 - Short Sell 129.00 shares at 153.48 on 2024-10-18 15:45:00+00:00
2024-11-11 19:35:42,660 - Short Sell 129.00 shares at 153.55 on 2024-10-18 16:00:00+00:00
2024-11-11 19:35:42,661 - Short Sell 129.00 shares at 153.65 on 2024-10-18 16:15:00+00:00
2024-11-11 19:35:42,661 - Short Sell 129.00 shares at 153.78 on 2024-10-18 16:30:00+00:00
2024-11-11 19:35:42,661 - Short Sell 129.00 shares at 153.68 on 2024-10-18 16:45:00+00:00
2024-11-11 19:35:42,661 - Short Sell 129.00 shares at 154.09 on 2024-10-18 17:00:00+00:00
2024-11-11 19:35:42,661 - Short Sell 129.00 shares at 153.94 on 2024-10-18 17:15:00+00:00
2024-11-11 19:35:42,661 - Short Sell 129.00 shares at 153.92 on 2024-10-18 17:30:00+00:00
2024-11-11 19:35:42,661 - Short Sell 129.00 shares at 153.6 on 2024-10-18 17:45:00+00:00
2024-11-11 19:35:42,661 - Short Sell 129.00 shares at 153.81 on 2024-10-18 18:00:00+00:00
2024-11-11 19:35:42,661 - Short Sell 129.00 shares at 153.86 on 2024-10-18 18:15:00+00:00
2024-11-11 19:35:42,661 - Short Sell 129.00 shares at 153.63 on 2024-10-18 18:30:00+00:00
2024-11-11 19:35:42,661 - Short Sell 130.00 shares at 153.28 on 2024-10-18 18:45:00+00:00
2024-11-11 19:35:42,661 - Short Sell 130.00 shares at 153.39 on 2024-10-18 19:00:00+00:00
2024-11-11 19:35:42,661 - Short Sell 130.00 shares at 153.28 on 2024-10-18 19:15:00+00:00
2024-11-11 19:35:42,661 - Buy to cover -3101.00 shares at 153.02 on 2024-10-18 19:30:00+00:00 (Exit: Signal, Profit: 1879.630000000057, Duration: 360.0 minutes)
2024-11-11 19:35:42,661 - Short Sell 129.00 shares at 153.83 on 2024-10-21 13:30:00+00:00
2024-11-11 19:35:42,661 - Buy to cover -129.00 shares at 153.04 on 2024-10-21 13:45:00+00:00 (Exit: Profit_take, Profit: 101.91000000000264, Duration: 15.0 minutes)
2024-11-11 19:35:42,661 - Long Buy 130.00 shares at 152.92 on 2024-10-21 14:00:00+00:00
2024-11-11 19:35:42,661 - Long Buy 128.00 shares at 152.42 on 2024-10-21 14:15:00+00:00
2024-11-11 19:35:42,661 - Long Buy 126.00 shares at 152.32 on 2024-10-21 14:30:00+00:00
2024-11-11 19:35:42,661 - Long Buy 123.00 shares at 152.0 on 2024-10-21 14:45:00+00:00
2024-11-11 19:35:42,661 - Long Buy 121.00 shares at 151.75 on 2024-10-21 15:00:00+00:00
2024-11-11 19:35:42,661 - Long Buy 119.00 shares at 151.71 on 2024-10-21 15:15:00+00:00
2024-11-11 19:35:42,661 - Long Buy 116.00 shares at 151.92 on 2024-10-21 15:30:00+00:00
2024-11-11 19:35:42,661 - Long Buy 114.00 shares at 152.3 on 2024-10-21 15:45:00+00:00
2024-11-11 19:35:42,661 - Long Buy 111.00 shares at 152.29 on 2024-10-21 16:00:00+00:00
2024-11-11 19:35:42,661 - Long Buy 109.00 shares at 152.45 on 2024-10-21 16:15:00+00:00
2024-11-11 19:35:42,661 - Long Buy 107.00 shares at 152.61 on 2024-10-21 16:30:00+00:00
2024-11-11 19:35:42,661 - Long Buy 104.00 shares at 152.6 on 2024-10-21 16:45:00+00:00
2024-11-11 19:35:42,661 - Long Buy 102.00 shares at 152.54 on 2024-10-21 17:00:00+00:00
2024-11-11 19:35:42,661 - Long Buy 100.00 shares at 152.43 on 2024-10-21 17:15:00+00:00
2024-11-11 19:35:42,661 - Long Buy 99.00 shares at 152.25 on 2024-10-21 17:30:00+00:00
2024-11-11 19:35:42,661 - Long Buy 97.00 shares at 152.14 on 2024-10-21 17:45:00+00:00
2024-11-11 19:35:42,661 - Long Buy 95.00 shares at 151.79 on 2024-10-21 18:00:00+00:00
2024-11-11 19:35:42,662 - Long Buy 93.00 shares at 151.78 on 2024-10-21 18:15:00+00:00
2024-11-11 19:35:42,662 - Long Buy 91.00 shares at 151.72 on 2024-10-21 18:30:00+00:00
2024-11-11 19:35:42,662 - Long Buy 89.00 shares at 151.73 on 2024-10-21 18:45:00+00:00
2024-11-11 19:35:42,662 - Long Buy 87.00 shares at 152.13 on 2024-10-21 19:00:00+00:00
2024-11-11 19:35:42,662 - Long Buy 86.00 shares at 152.0 on 2024-10-21 19:15:00+00:00
2024-11-11 19:35:42,662 - Long Buy 84.00 shares at 151.7 on 2024-10-21 19:30:00+00:00
2024-11-11 19:35:42,662 - Long Buy 82.00 shares at 152.01 on 2024-10-21 19:45:00+00:00
2024-11-11 19:35:42,662 - Sell to close 2513.00 shares at 150.37 on 2024-10-22 13:30:00+00:00 (Exit: Stop_loss, Profit: -4512.359999999908, Duration: 1410.0 minutes)
2024-11-11 19:35:42,662 - Short Sell 131.00 shares at 151.63 on 2024-10-23 13:45:00+00:00
2024-11-11 19:35:42,662 - Short Sell 131.00 shares at 151.4 on 2024-10-23 14:00:00+00:00
2024-11-11 19:35:42,662 - Short Sell 130.00 shares at 152.25 on 2024-10-23 14:15:00+00:00
2024-11-11 19:35:42,662 - Short Sell 131.00 shares at 151.82 on 2024-10-23 14:30:00+00:00
2024-11-11 19:35:42,662 - Short Sell 131.00 shares at 151.71 on 2024-10-23 14:45:00+00:00
2024-11-11 19:35:42,662 - Buy to cover -654.00 shares at 151.31 on 2024-10-23 15:00:00+00:00 (Exit: Signal, Profit: 295.12000000000666, Duration: 75.0 minutes)
2024-11-11 19:35:42,662 - Long Buy 131.00 shares at 151.39 on 2024-10-23 15:15:00+00:00
2024-11-11 19:35:42,662 - Sell to close 131.00 shares at 152.23 on 2024-10-23 15:45:00+00:00 (Exit: Profit_take, Profit: 110.04000000000045, Duration: 30.0 minutes)
2024-11-11 19:35:42,662 - Short Sell 130.00 shares at 152.19 on 2024-10-23 16:00:00+00:00
2024-11-11 19:35:42,662 - Short Sell 130.00 shares at 152.0 on 2024-10-23 16:15:00+00:00
2024-11-11 19:35:42,662 - Short Sell 130.00 shares at 152.21 on 2024-10-23 16:30:00+00:00
2024-11-11 19:35:42,662 - Buy to cover -390.00 shares at 151.17 on 2024-10-23 17:00:00+00:00 (Exit: Profit_take, Profit: 375.7000000000019, Duration: 60.0 minutes)
2024-11-11 19:35:42,662 - Long Buy 131.00 shares at 151.11 on 2024-10-23 17:15:00+00:00
2024-11-11 19:35:42,663 - Long Buy 129.00 shares at 150.99 on 2024-10-23 17:30:00+00:00
2024-11-11 19:35:42,663 - Long Buy 126.00 shares at 150.86 on 2024-10-23 17:45:00+00:00
2024-11-11 19:35:42,663 - Long Buy 124.00 shares at 150.39 on 2024-10-23 18:00:00+00:00
2024-11-11 19:35:42,663 - Long Buy 122.00 shares at 150.59 on 2024-10-23 18:15:00+00:00
2024-11-11 19:35:42,663 - Long Buy 119.00 shares at 150.81 on 2024-10-23 18:30:00+00:00
2024-11-11 19:35:42,663 - Long Buy 117.00 shares at 150.74 on 2024-10-23 18:45:00+00:00
2024-11-11 19:35:42,663 - Long Buy 114.00 shares at 150.99 on 2024-10-23 19:00:00+00:00
2024-11-11 19:35:42,663 - Long Buy 112.00 shares at 150.88 on 2024-10-23 19:15:00+00:00
2024-11-11 19:35:42,663 - Long Buy 110.00 shares at 150.86 on 2024-10-23 19:30:00+00:00
2024-11-11 19:35:42,663 - Long Buy 107.00 shares at 150.95 on 2024-10-23 19:45:00+00:00
2024-11-11 19:35:42,663 - Sell to close 1311.00 shares at 143.65 on 2024-10-24 13:30:00+00:00 (Exit: Stop_loss, Profit: -9417.309999999967, Duration: 1215.0 minutes)
2024-11-11 19:35:42,663 - Short Sell 135.00 shares at 145.85 on 2024-10-25 14:15:00+00:00
2024-11-11 19:35:42,663 - Buy to cover -135.00 shares at 144.76 on 2024-10-25 15:00:00+00:00 (Exit: Profit_take, Profit: 147.15000000000046, Duration: 45.0 minutes)
2024-11-11 19:35:42,663 - Long Buy 136.00 shares at 144.02 on 2024-10-25 16:45:00+00:00
2024-11-11 19:35:42,663 - Long Buy 134.00 shares at 143.97 on 2024-10-25 17:00:00+00:00
2024-11-11 19:35:42,663 - Long Buy 131.00 shares at 143.75 on 2024-10-25 17:15:00+00:00
2024-11-11 19:35:42,663 - Long Buy 129.00 shares at 143.24 on 2024-10-25 17:30:00+00:00
2024-11-11 19:35:42,663 - Long Buy 127.00 shares at 143.26 on 2024-10-25 17:45:00+00:00
2024-11-11 19:35:42,663 - Long Buy 124.00 shares at 143.14 on 2024-10-25 18:00:00+00:00
2024-11-11 19:35:42,663 - Long Buy 121.00 shares at 143.42 on 2024-10-25 18:15:00+00:00
2024-11-11 19:35:42,663 - Long Buy 119.00 shares at 143.11 on 2024-10-25 18:30:00+00:00
2024-11-11 19:35:42,663 - Long Buy 117.00 shares at 143.27 on 2024-10-25 18:45:00+00:00
2024-11-11 19:35:42,664 - Long Buy 114.00 shares at 143.5 on 2024-10-25 19:00:00+00:00
2024-11-11 19:35:42,664 - Long Buy 112.00 shares at 143.4 on 2024-10-25 19:30:00+00:00
2024-11-11 19:35:42,664 - Long Buy 110.00 shares at 142.62 on 2024-10-25 19:45:00+00:00
2024-11-11 19:35:42,664 - Sell to close 1474.00 shares at 144.24 on 2024-10-28 14:15:00+00:00 (Exit: Profit_take, Profit: 1223.9700000000155, Duration: 4170.0 minutes)
2024-11-11 19:35:42,664 - Long Buy 137.00 shares at 143.17 on 2024-10-28 15:30:00+00:00
2024-11-11 19:35:42,664 - Long Buy 135.00 shares at 143.12 on 2024-10-28 16:15:00+00:00
2024-11-11 19:35:42,664 - Long Buy 132.00 shares at 142.92 on 2024-10-28 16:30:00+00:00
2024-11-11 19:35:42,664 - Long Buy 130.00 shares at 142.58 on 2024-10-28 16:45:00+00:00
2024-11-11 19:35:42,664 - Long Buy 127.00 shares at 142.67 on 2024-10-28 17:00:00+00:00
2024-11-11 19:35:42,664 - Long Buy 125.00 shares at 142.68 on 2024-10-28 17:15:00+00:00
2024-11-11 19:35:42,664 - Long Buy 122.00 shares at 143.03 on 2024-10-28 17:30:00+00:00
2024-11-11 19:35:42,664 - Long Buy 120.00 shares at 142.84 on 2024-10-28 17:45:00+00:00
2024-11-11 19:35:42,664 - Long Buy 118.00 shares at 142.42 on 2024-10-28 18:00:00+00:00
2024-11-11 19:35:42,664 - Long Buy 115.00 shares at 142.39 on 2024-10-28 18:15:00+00:00
2024-11-11 19:35:42,664 - Long Buy 113.00 shares at 142.3 on 2024-10-28 18:30:00+00:00
2024-11-11 19:35:42,664 - Long Buy 111.00 shares at 142.35 on 2024-10-28 18:45:00+00:00
2024-11-11 19:35:42,664 - Long Buy 108.00 shares at 142.49 on 2024-10-28 19:00:00+00:00
2024-11-11 19:35:42,664 - Long Buy 106.00 shares at 142.35 on 2024-10-28 19:45:00+00:00
2024-11-11 19:35:42,664 - Sell to close 1699.00 shares at 139.5 on 2024-10-29 13:30:00+00:00 (Exit: Stop_loss, Profit: -5409.559999999975, Duration: 1320.0 minutes)
2024-11-11 19:35:42,665 - Short Sell 139.00 shares at 140.61 on 2024-10-30 13:45:00+00:00
2024-11-11 19:35:42,665 - Short Sell 140.00 shares at 140.16 on 2024-10-30 14:00:00+00:00
2024-11-11 19:35:42,665 - Buy to cover -279.00 shares at 139.39 on 2024-10-30 14:30:00+00:00 (Exit: Profit_take, Profit: 277.38000000000943, Duration: 45.0 minutes)
2024-11-11 19:35:42,665 - Long Buy 141.00 shares at 139.06 on 2024-10-30 15:15:00+00:00
2024-11-11 19:35:42,665 - Long Buy 138.00 shares at 138.93 on 2024-10-30 15:45:00+00:00
2024-11-11 19:35:42,665 - Long Buy 135.00 shares at 138.93 on 2024-10-30 16:00:00+00:00
2024-11-11 19:35:42,665 - Long Buy 133.00 shares at 138.9 on 2024-10-30 16:15:00+00:00
2024-11-11 19:35:42,665 - Long Buy 130.00 shares at 138.56 on 2024-10-30 16:30:00+00:00
2024-11-11 19:35:42,665 - Long Buy 128.00 shares at 138.38 on 2024-10-30 16:45:00+00:00
2024-11-11 19:35:42,665 - Long Buy 125.00 shares at 138.72 on 2024-10-30 18:15:00+00:00
2024-11-11 19:35:42,665 - Long Buy 123.00 shares at 138.55 on 2024-10-30 18:30:00+00:00
2024-11-11 19:35:42,665 - Long Buy 120.00 shares at 138.68 on 2024-10-30 18:45:00+00:00
2024-11-11 19:35:42,665 - Long Buy 118.00 shares at 138.74 on 2024-10-30 19:00:00+00:00
2024-11-11 19:35:42,665 - Long Buy 115.00 shares at 138.55 on 2024-10-30 19:15:00+00:00
2024-11-11 19:35:42,665 - Sell to close 1406.00 shares at 139.3 on 2024-10-31 13:30:00+00:00 (Exit: Signal, Profit: 793.4900000000099, Duration: 1335.0 minutes)
2024-11-11 19:35:42,665 - Short Sell 140.00 shares at 139.65 on 2024-10-31 13:45:00+00:00
2024-11-11 19:35:42,665 - Short Sell 141.00 shares at 139.47 on 2024-10-31 14:00:00+00:00
2024-11-11 19:35:42,665 - Short Sell 140.00 shares at 139.56 on 2024-10-31 16:30:00+00:00
2024-11-11 19:35:42,665 - Short Sell 140.00 shares at 139.66 on 2024-10-31 17:00:00+00:00
2024-11-11 19:35:42,665 - Short Sell 140.00 shares at 140.1 on 2024-10-31 19:00:00+00:00
2024-11-11 19:35:42,666 - Short Sell 140.00 shares at 140.11 on 2024-10-31 19:15:00+00:00
2024-11-11 19:35:42,666 - Short Sell 140.00 shares at 140.01 on 2024-10-31 19:30:00+00:00
2024-11-11 19:35:42,666 - Short Sell 140.00 shares at 140.24 on 2024-11-01 13:30:00+00:00
2024-11-11 19:35:42,666 - Buy to cover -1121.00 shares at 140.56 on 2024-11-01 13:45:00+00:00 (Exit: Stop_loss, Profit: -796.2900000000145, Duration: 1440.0 minutes)
2024-11-11 19:35:42,666 - Long Buy 140.00 shares at 139.43 on 2024-11-04 16:15:00+00:00
2024-11-11 19:35:42,666 - Long Buy 138.00 shares at 139.05 on 2024-11-04 16:30:00+00:00
2024-11-11 19:35:42,666 - Long Buy 135.00 shares at 138.92 on 2024-11-04 16:45:00+00:00
2024-11-11 19:35:42,666 - Long Buy 133.00 shares at 138.98 on 2024-11-04 17:00:00+00:00
2024-11-11 19:35:42,666 - Long Buy 130.00 shares at 139.07 on 2024-11-04 18:00:00+00:00
2024-11-11 19:35:42,666 - Sell to close 676.00 shares at 140.03 on 2024-11-05 14:30:00+00:00 (Exit: Profit_take, Profit: 633.5400000000025, Duration: 1335.0 minutes)
2024-11-11 19:35:42,666 - Short Sell 140.00 shares at 140.23 on 2024-11-05 14:45:00+00:00
2024-11-11 19:35:42,666 - Short Sell 140.00 shares at 140.42 on 2024-11-05 15:00:00+00:00
2024-11-11 19:35:42,666 - Short Sell 140.00 shares at 140.23 on 2024-11-05 17:30:00+00:00
2024-11-11 19:35:42,667 - Short Sell 140.00 shares at 140.35 on 2024-11-05 17:45:00+00:00
2024-11-11 19:35:42,667 - Short Sell 140.00 shares at 140.26 on 2024-11-05 18:00:00+00:00
2024-11-11 19:35:42,667 - Short Sell 139.00 shares at 140.45 on 2024-11-05 18:30:00+00:00
2024-11-11 19:35:42,667 - Short Sell 140.00 shares at 140.38 on 2024-11-05 19:15:00+00:00
2024-11-11 19:35:42,667 - Short Sell 139.00 shares at 140.47 on 2024-11-05 19:30:00+00:00
2024-11-11 19:35:42,667 - Short Sell 139.00 shares at 140.48 on 2024-11-05 20:00:00+00:00
2024-11-11 19:35:42,667 - Short Sell 139.00 shares at 140.55 on 2024-11-05 20:15:00+00:00
2024-11-11 19:35:42,667 - Short Sell 139.00 shares at 140.49 on 2024-11-05 20:30:00+00:00
2024-11-11 19:35:42,667 - Short Sell 139.00 shares at 140.9 on 2024-11-05 20:45:00+00:00
2024-11-11 19:35:42,667 - Buy to cover -1674.00 shares at 139.27 on 2024-11-06 14:45:00+00:00 (Exit: Profit_take, Profit: 1948.0800000000045, Duration: 1440.0 minutes)
2024-11-11 19:35:42,667 - Long Buy 142.00 shares at 138.33 on 2024-11-06 15:00:00+00:00
2024-11-11 19:35:42,667 - Long Buy 138.00 shares at 138.93 on 2024-11-06 15:15:00+00:00
2024-11-11 19:35:42,667 - Long Buy 136.00 shares at 138.52 on 2024-11-06 15:30:00+00:00
2024-11-11 19:35:42,667 - Long Buy 133.00 shares at 138.54 on 2024-11-06 15:45:00+00:00
2024-11-11 19:35:42,667 - Long Buy 130.00 shares at 138.84 on 2024-11-06 16:00:00+00:00
2024-11-11 19:35:42,667 - Long Buy 128.00 shares at 139.09 on 2024-11-06 16:15:00+00:00
2024-11-11 19:35:42,667 - Sell to close 807.00 shares at 139.41 on 2024-11-06 16:30:00+00:00 (Exit: Profit_take, Profit: 571.4100000000046, Duration: 90.0 minutes)
2024-11-11 19:35:42,667 - Short Sell 139.00 shares at 141.01 on 2024-11-06 18:00:00+00:00
2024-11-11 19:35:42,667 - Short Sell 139.00 shares at 141.34 on 2024-11-06 18:15:00+00:00
2024-11-11 19:35:42,667 - Buy to cover -278.00 shares at 141.26 on 2024-11-06 18:30:00+00:00 (Exit: Signal, Profit: -23.62999999999431, Duration: 30.0 minutes)
2024-11-11 19:35:42,667 - Long Buy 139.00 shares at 140.88 on 2024-11-06 20:30:00+00:00
2024-11-11 19:35:42,668 - Sell to close 139.00 shares at 141.8 on 2024-11-07 15:30:00+00:00 (Exit: Profit_take, Profit: 127.88000000000221, Duration: 1140.0 minutes)
2024-11-11 19:35:42,668 - Short Sell 138.00 shares at 142.15 on 2024-11-07 19:30:00+00:00
2024-11-11 19:35:42,668 - Short Sell 138.00 shares at 142.33 on 2024-11-07 19:45:00+00:00
2024-11-11 19:35:42,668 - Short Sell 138.00 shares at 142.65 on 2024-11-07 20:00:00+00:00
2024-11-11 19:35:42,668 - Short Sell 138.00 shares at 142.47 on 2024-11-07 20:15:00+00:00
2024-11-11 19:35:42,668 - Short Sell 138.00 shares at 142.28 on 2024-11-07 20:30:00+00:00
2024-11-11 19:35:42,668 - Short Sell 138.00 shares at 142.71 on 2024-11-07 20:45:00+00:00
2024-11-11 19:35:42,668 - Short Sell 138.00 shares at 142.69 on 2024-11-08 14:30:00+00:00
2024-11-11 19:35:42,668 - Short Sell 137.00 shares at 143.27 on 2024-11-08 14:45:00+00:00
2024-11-11 19:35:42,668 - Buy to cover -1103.00 shares at 143.94 on 2024-11-08 15:00:00+00:00 (Exit: Stop_loss, Profit: -1513.1900000000005, Duration: 1170.0 minutes)
2024-11-11 19:35:42,669 - Final statisticsStock: ALLE, 
total_trades: 23, 
winning_trades: 14, 
losing_trades: 9, 
average_return: -0.0016723513539847023, 
average_duration: 983.4782608695652, 
final_balance: 984262.31, 
final_portfolio_value: 984262.31, 
sharpe_ratio: 4.311279816741912, 



