2024-11-11 20:32:38,466 - Starting GBMStrategy with initial capital: 1000000
2024-11-11 20:32:38,466 - Hyperparameters: {'threshold': 1.5, 'time_periods': 30, 'num_simulations': 150}
2024-11-11 20:34:13,578 - Short Sell 245.00 shares at 81.56 on 2024-10-11 14:30:00+00:00
2024-11-11 20:34:13,579 - Short Sell 244.00 shares at 81.66 on 2024-10-11 14:45:00+00:00
2024-11-11 20:34:13,580 - Buy to cover -489.00 shares at 81.09 on 2024-10-11 16:00:00+00:00 (Exit: Profit_take, Profit: 254.2300000000003, Duration: 90.0 minutes)
2024-11-11 20:34:13,580 - Short Sell 243.00 shares at 82.16 on 2024-10-14 15:30:00+00:00
2024-11-11 20:34:13,581 - Buy to cover -243.00 shares at 82.06 on 2024-10-15 16:30:00+00:00 (Exit: Signal, Profit: 24.299999999995165, Duration: 1500.0 minutes)
2024-11-11 20:34:13,581 - Long Buy 244.00 shares at 81.76 on 2024-10-15 17:15:00+00:00
2024-11-11 20:34:13,581 - Long Buy 241.00 shares at 81.25 on 2024-10-15 19:00:00+00:00
2024-11-11 20:34:13,581 - Sell to close 485.00 shares at 81.07 on 2024-10-15 19:15:00+00:00 (Exit: Stop_loss, Profit: -211.7400000000061, Duration: 120.0 minutes)
2024-11-11 20:34:13,581 - Long Buy 246.00 shares at 81.22 on 2024-10-16 13:30:00+00:00
2024-11-11 20:34:13,581 - Sell to close 246.00 shares at 81.66 on 2024-10-16 13:45:00+00:00 (Exit: Profit_take, Profit: 108.23999999999944, Duration: 15.0 minutes)
2024-11-11 20:34:13,582 - Short Sell 246.00 shares at 81.0 on 2024-10-16 17:30:00+00:00
2024-11-11 20:34:13,582 - Buy to cover -246.00 shares at 80.53 on 2024-10-16 19:00:00+00:00 (Exit: Profit_take, Profit: 115.61999999999972, Duration: 90.0 minutes)
2024-11-11 20:34:13,582 - Long Buy 249.00 shares at 80.25 on 2024-10-16 19:45:00+00:00
2024-11-11 20:34:13,582 - Long Buy 245.00 shares at 79.77 on 2024-10-17 13:30:00+00:00
2024-11-11 20:34:13,582 - Long Buy 240.00 shares at 79.84 on 2024-10-17 13:45:00+00:00
2024-11-11 20:34:13,582 - Sell to close 734.00 shares at 79.31 on 2024-10-17 14:00:00+00:00 (Exit: Stop_loss, Profit: -473.9599999999981, Duration: 1095.0 minutes)
2024-11-11 20:34:13,582 - Short Sell 252.00 shares at 79.15 on 2024-10-18 16:15:00+00:00
2024-11-11 20:34:13,583 - Short Sell 252.00 shares at 79.04 on 2024-10-18 16:30:00+00:00
2024-11-11 20:34:13,583 - Short Sell 252.00 shares at 79.1 on 2024-10-18 16:45:00+00:00
2024-11-11 20:34:13,583 - Short Sell 252.00 shares at 79.1 on 2024-10-18 17:00:00+00:00
2024-11-11 20:34:13,583 - Buy to cover -1008.00 shares at 78.67 on 2024-10-18 19:15:00+00:00 (Exit: Profit_take, Profit: 430.91999999999484, Duration: 180.0 minutes)
2024-11-11 20:34:13,583 - Long Buy 254.00 shares at 78.62 on 2024-10-18 19:30:00+00:00
2024-11-11 20:34:13,583 - Sell to close 254.00 shares at 79.48 on 2024-10-21 13:30:00+00:00 (Exit: Profit_take, Profit: 218.43999999999986, Duration: 3960.0 minutes)
2024-11-11 20:34:13,583 - Short Sell 252.00 shares at 79.09 on 2024-10-21 13:45:00+00:00
2024-11-11 20:34:13,583 - Short Sell 252.00 shares at 79.27 on 2024-10-21 14:00:00+00:00
2024-11-11 20:34:13,583 - Short Sell 252.00 shares at 79.16 on 2024-10-21 14:15:00+00:00
2024-11-11 20:34:13,583 - Buy to cover -756.00 shares at 78.55 on 2024-10-21 14:45:00+00:00 (Exit: Profit_take, Profit: 471.24000000000115, Duration: 60.0 minutes)
2024-11-11 20:34:13,583 - Long Buy 256.00 shares at 78.14 on 2024-10-22 14:00:00+00:00
2024-11-11 20:34:13,584 - Long Buy 251.00 shares at 78.07 on 2024-10-22 14:30:00+00:00
2024-11-11 20:34:13,584 - Sell to close 507.00 shares at 78.62 on 2024-10-22 14:45:00+00:00 (Exit: Profit_take, Profit: 260.92999999999677, Duration: 45.0 minutes)
2024-11-11 20:34:13,584 - Short Sell 253.00 shares at 78.99 on 2024-10-22 15:15:00+00:00
2024-11-11 20:34:13,584 - Buy to cover -253.00 shares at 78.58 on 2024-10-22 16:00:00+00:00 (Exit: Profit_take, Profit: 103.72999999999914, Duration: 45.0 minutes)
2024-11-11 20:34:13,584 - Short Sell 251.00 shares at 79.66 on 2024-10-23 13:30:00+00:00
2024-11-11 20:34:13,584 - Short Sell 252.00 shares at 79.47 on 2024-10-23 13:45:00+00:00
2024-11-11 20:34:13,584 - Buy to cover -503.00 shares at 78.99 on 2024-10-23 14:00:00+00:00 (Exit: Profit_take, Profit: 289.1300000000007, Duration: 30.0 minutes)
2024-11-11 20:34:13,584 - Long Buy 255.00 shares at 78.27 on 2024-10-23 15:00:00+00:00
2024-11-11 20:34:13,584 - Long Buy 251.00 shares at 78.2 on 2024-10-23 15:15:00+00:00
2024-11-11 20:34:13,584 - Long Buy 246.00 shares at 77.91 on 2024-10-23 15:30:00+00:00
2024-11-11 20:34:13,584 - Long Buy 241.00 shares at 78.06 on 2024-10-23 15:45:00+00:00
2024-11-11 20:34:13,584 - Long Buy 237.00 shares at 77.86 on 2024-10-23 16:00:00+00:00
2024-11-11 20:34:13,584 - Long Buy 231.00 shares at 78.14 on 2024-10-23 16:15:00+00:00
2024-11-11 20:34:13,584 - Long Buy 226.00 shares at 78.25 on 2024-10-23 16:30:00+00:00
2024-11-11 20:34:13,584 - Long Buy 222.00 shares at 78.06 on 2024-10-23 17:00:00+00:00
2024-11-11 20:34:13,585 - Long Buy 218.00 shares at 77.96 on 2024-10-23 17:15:00+00:00
2024-11-11 20:34:13,585 - Long Buy 214.00 shares at 77.97 on 2024-10-23 17:30:00+00:00
2024-11-11 20:34:13,585 - Long Buy 210.00 shares at 77.88 on 2024-10-23 17:45:00+00:00
2024-11-11 20:34:13,585 - Sell to close 2551.00 shares at 77.49 on 2024-10-23 18:00:00+00:00 (Exit: Stop_loss, Profit: -1441.0199999999493, Duration: 180.0 minutes)
2024-11-11 20:34:13,585 - Long Buy 260.00 shares at 76.84 on 2024-10-24 13:30:00+00:00
2024-11-11 20:34:13,585 - Sell to close 260.00 shares at 77.47 on 2024-10-24 13:45:00+00:00 (Exit: Profit_take, Profit: 163.79999999999882, Duration: 15.0 minutes)
2024-11-11 20:34:13,585 - Long Buy 258.00 shares at 77.4 on 2024-10-24 14:00:00+00:00
2024-11-11 20:34:13,585 - Long Buy 252.00 shares at 77.74 on 2024-10-24 14:15:00+00:00
2024-11-11 20:34:13,585 - Long Buy 247.00 shares at 77.62 on 2024-10-24 14:30:00+00:00
2024-11-11 20:34:13,585 - Long Buy 242.00 shares at 77.71 on 2024-10-24 14:45:00+00:00
2024-11-11 20:34:13,585 - Long Buy 238.00 shares at 77.51 on 2024-10-24 15:00:00+00:00
2024-11-11 20:34:13,585 - Long Buy 233.00 shares at 77.35 on 2024-10-24 15:15:00+00:00
2024-11-11 20:34:13,585 - Long Buy 228.00 shares at 77.46 on 2024-10-24 15:30:00+00:00
2024-11-11 20:34:13,585 - Long Buy 224.00 shares at 77.53 on 2024-10-24 15:45:00+00:00
2024-11-11 20:34:13,585 - Long Buy 219.00 shares at 77.47 on 2024-10-24 16:00:00+00:00
2024-11-11 20:34:13,585 - Sell to close 2141.00 shares at 77.88 on 2024-10-24 17:15:00+00:00 (Exit: Signal, Profit: 739.9799999999866, Duration: 195.0 minutes)
2024-11-11 20:34:13,585 - Short Sell 256.00 shares at 78.0 on 2024-10-24 17:30:00+00:00
2024-11-11 20:34:13,585 - Buy to cover -256.00 shares at 77.58 on 2024-10-24 18:30:00+00:00 (Exit: Profit_take, Profit: 107.52000000000044, Duration: 60.0 minutes)
2024-11-11 20:34:13,586 - Long Buy 260.00 shares at 77.0 on 2024-10-25 17:00:00+00:00
2024-11-11 20:34:13,586 - Long Buy 254.00 shares at 76.97 on 2024-10-25 17:15:00+00:00
2024-11-11 20:34:13,586 - Long Buy 250.00 shares at 76.77 on 2024-10-25 17:30:00+00:00
2024-11-11 20:34:13,586 - Long Buy 245.00 shares at 76.84 on 2024-10-25 17:45:00+00:00
2024-11-11 20:34:13,586 - Long Buy 240.00 shares at 76.85 on 2024-10-25 18:00:00+00:00
2024-11-11 20:34:13,586 - Long Buy 235.00 shares at 76.85 on 2024-10-25 18:15:00+00:00
2024-11-11 20:34:13,586 - Sell to close 1484.00 shares at 77.39 on 2024-10-28 13:30:00+00:00 (Exit: Profit_take, Profit: 754.3299999999939, Duration: 4110.0 minutes)
2024-11-11 20:34:13,586 - Short Sell 257.00 shares at 77.91 on 2024-10-28 13:45:00+00:00
2024-11-11 20:34:13,586 - Short Sell 258.00 shares at 77.54 on 2024-10-28 14:00:00+00:00
2024-11-11 20:34:13,586 - Short Sell 257.00 shares at 77.81 on 2024-10-28 14:15:00+00:00
2024-11-11 20:34:13,586 - Short Sell 257.00 shares at 77.68 on 2024-10-28 14:30:00+00:00
2024-11-11 20:34:13,586 - Short Sell 258.00 shares at 77.61 on 2024-10-28 14:45:00+00:00
2024-11-11 20:34:13,586 - Short Sell 257.00 shares at 77.75 on 2024-10-28 15:00:00+00:00
2024-11-11 20:34:13,586 - Short Sell 258.00 shares at 77.61 on 2024-10-28 15:15:00+00:00
2024-11-11 20:34:13,586 - Buy to cover -1802.00 shares at 77.27 on 2024-10-28 16:15:00+00:00 (Exit: Profit_take, Profit: 777.0900000000175, Duration: 150.0 minutes)
2024-11-11 20:34:13,587 - Long Buy 260.00 shares at 77.1 on 2024-10-28 18:00:00+00:00
2024-11-11 20:34:13,587 - Long Buy 255.00 shares at 77.06 on 2024-10-28 18:15:00+00:00
2024-11-11 20:34:13,587 - Long Buy 249.00 shares at 77.06 on 2024-10-28 18:30:00+00:00
2024-11-11 20:34:13,587 - Long Buy 245.00 shares at 77.02 on 2024-10-28 19:00:00+00:00
2024-11-11 20:34:13,587 - Long Buy 241.00 shares at 76.55 on 2024-10-29 13:30:00+00:00
2024-11-11 20:34:13,587 - Long Buy 236.00 shares at 76.64 on 2024-10-29 13:45:00+00:00
2024-11-11 20:34:13,587 - Long Buy 231.00 shares at 76.78 on 2024-10-29 14:00:00+00:00
2024-11-11 20:34:13,587 - Long Buy 227.00 shares at 76.5 on 2024-10-29 14:15:00+00:00
2024-11-11 20:34:13,587 - Long Buy 222.00 shares at 76.74 on 2024-10-29 14:45:00+00:00
2024-11-11 20:34:13,587 - Long Buy 218.00 shares at 76.52 on 2024-10-29 15:00:00+00:00
2024-11-11 20:34:13,587 - Long Buy 213.00 shares at 76.67 on 2024-10-29 15:15:00+00:00
2024-11-11 20:34:13,587 - Long Buy 209.00 shares at 76.64 on 2024-10-29 15:30:00+00:00
2024-11-11 20:34:13,587 - Long Buy 205.00 shares at 76.47 on 2024-10-29 15:45:00+00:00
2024-11-11 20:34:13,587 - Long Buy 201.00 shares at 76.62 on 2024-10-29 16:15:00+00:00
2024-11-11 20:34:13,587 - Long Buy 197.00 shares at 76.59 on 2024-10-29 16:30:00+00:00
2024-11-11 20:34:13,587 - Long Buy 193.00 shares at 76.55 on 2024-10-29 17:45:00+00:00
2024-11-11 20:34:13,587 - Long Buy 190.00 shares at 76.39 on 2024-10-29 18:00:00+00:00
2024-11-11 20:34:13,587 - Long Buy 185.00 shares at 76.63 on 2024-10-29 19:00:00+00:00
2024-11-11 20:34:13,588 - Long Buy 182.00 shares at 76.6 on 2024-10-29 19:15:00+00:00
2024-11-11 20:34:13,588 - Long Buy 178.00 shares at 76.62 on 2024-10-29 19:30:00+00:00
2024-11-11 20:34:13,588 - Sell to close 4337.00 shares at 76.37 on 2024-10-29 19:45:00+00:00 (Exit: Stop_loss, Profit: -1450.3899999999217, Duration: 1545.0 minutes)
2024-11-11 20:34:13,588 - Long Buy 261.00 shares at 76.51 on 2024-10-30 13:30:00+00:00
2024-11-11 20:34:13,588 - Long Buy 256.00 shares at 76.5 on 2024-10-30 14:00:00+00:00
2024-11-11 20:34:13,588 - Long Buy 251.00 shares at 76.33 on 2024-10-30 14:15:00+00:00
2024-11-11 20:34:13,588 - Long Buy 247.00 shares at 76.29 on 2024-10-30 14:30:00+00:00
2024-11-11 20:34:13,588 - Long Buy 241.00 shares at 76.35 on 2024-10-30 14:45:00+00:00
2024-11-11 20:34:13,588 - Long Buy 237.00 shares at 76.11 on 2024-10-30 15:00:00+00:00
2024-11-11 20:34:13,588 - Sell to close 1493.00 shares at 76.01 on 2024-10-30 15:15:00+00:00 (Exit: Stop_loss, Profit: -511.0600000000131, Duration: 105.0 minutes)
2024-11-11 20:34:13,588 - Long Buy 265.00 shares at 75.52 on 2024-10-31 13:30:00+00:00
2024-11-11 20:34:13,588 - Long Buy 259.00 shares at 75.61 on 2024-10-31 13:45:00+00:00
2024-11-11 20:34:13,588 - Long Buy 255.00 shares at 75.32 on 2024-10-31 14:00:00+00:00
2024-11-11 20:34:13,588 - Long Buy 249.00 shares at 75.5 on 2024-10-31 14:15:00+00:00
2024-11-11 20:34:13,588 - Long Buy 244.00 shares at 75.48 on 2024-10-31 14:30:00+00:00
2024-11-11 20:34:13,588 - Long Buy 240.00 shares at 75.28 on 2024-10-31 14:45:00+00:00
2024-11-11 20:34:13,588 - Long Buy 235.00 shares at 75.27 on 2024-10-31 15:00:00+00:00
2024-11-11 20:34:13,588 - Long Buy 230.00 shares at 75.4 on 2024-10-31 15:15:00+00:00
2024-11-11 20:34:13,588 - Long Buy 225.00 shares at 75.38 on 2024-10-31 15:30:00+00:00
2024-11-11 20:34:13,588 - Long Buy 221.00 shares at 75.3 on 2024-10-31 15:45:00+00:00
2024-11-11 20:34:13,588 - Long Buy 217.00 shares at 75.29 on 2024-10-31 16:00:00+00:00
2024-11-11 20:34:13,589 - Long Buy 212.00 shares at 75.31 on 2024-10-31 17:15:00+00:00
2024-11-11 20:34:13,589 - Long Buy 209.00 shares at 75.18 on 2024-10-31 17:30:00+00:00
2024-11-11 20:34:13,589 - Long Buy 204.00 shares at 75.22 on 2024-10-31 17:45:00+00:00
2024-11-11 20:34:13,589 - Long Buy 201.00 shares at 75.05 on 2024-10-31 18:00:00+00:00
2024-11-11 20:34:13,589 - Long Buy 196.00 shares at 75.21 on 2024-10-31 18:15:00+00:00
2024-11-11 20:34:13,589 - Long Buy 192.00 shares at 75.21 on 2024-10-31 18:30:00+00:00
2024-11-11 20:34:13,589 - Long Buy 188.00 shares at 75.24 on 2024-10-31 18:45:00+00:00
2024-11-11 20:34:13,589 - Long Buy 185.00 shares at 75.2 on 2024-10-31 19:00:00+00:00
2024-11-11 20:34:13,589 - Long Buy 181.00 shares at 75.29 on 2024-10-31 19:15:00+00:00
2024-11-11 20:34:13,589 - Long Buy 178.00 shares at 75.09 on 2024-10-31 19:30:00+00:00
2024-11-11 20:34:13,589 - Long Buy 174.00 shares at 75.09 on 2024-10-31 19:45:00+00:00
2024-11-11 20:34:13,589 - Long Buy 170.00 shares at 75.26 on 2024-11-01 13:30:00+00:00
2024-11-11 20:34:13,589 - Sell to close 4930.00 shares at 75.7 on 2024-11-01 13:45:00+00:00 (Exit: Profit_take, Profit: 1944.370000000001, Duration: 1455.0 minutes)
2024-11-11 20:34:13,589 - Short Sell 262.00 shares at 76.26 on 2024-11-01 14:30:00+00:00
2024-11-11 20:34:13,589 - Buy to cover -262.00 shares at 75.62 on 2024-11-01 16:30:00+00:00 (Exit: Profit_take, Profit: 167.68000000000015, Duration: 120.0 minutes)
2024-11-11 20:34:13,589 - Long Buy 265.00 shares at 75.51 on 2024-11-01 16:45:00+00:00
2024-11-11 20:34:13,589 - Long Buy 260.00 shares at 75.45 on 2024-11-01 17:00:00+00:00
2024-11-11 20:34:13,589 - Long Buy 255.00 shares at 75.51 on 2024-11-01 17:15:00+00:00
2024-11-11 20:34:13,589 - Long Buy 251.00 shares at 75.19 on 2024-11-01 17:30:00+00:00
2024-11-11 20:34:13,589 - Long Buy 245.00 shares at 75.23 on 2024-11-01 17:45:00+00:00
2024-11-11 20:34:13,589 - Long Buy 241.00 shares at 75.2 on 2024-11-01 18:00:00+00:00
2024-11-11 20:34:13,589 - Long Buy 235.00 shares at 75.38 on 2024-11-01 18:15:00+00:00
2024-11-11 20:34:13,589 - Long Buy 231.00 shares at 75.38 on 2024-11-01 18:30:00+00:00
2024-11-11 20:34:13,590 - Long Buy 226.00 shares at 75.38 on 2024-11-01 18:45:00+00:00
2024-11-11 20:34:13,590 - Long Buy 221.00 shares at 75.48 on 2024-11-01 19:00:00+00:00
2024-11-11 20:34:13,590 - Long Buy 217.00 shares at 75.37 on 2024-11-01 19:15:00+00:00
2024-11-11 20:34:13,590 - Long Buy 212.00 shares at 75.44 on 2024-11-01 19:30:00+00:00
2024-11-11 20:34:13,590 - Long Buy 208.00 shares at 75.42 on 2024-11-01 19:45:00+00:00
2024-11-11 20:34:13,590 - Long Buy 204.00 shares at 75.59 on 2024-11-04 14:30:00+00:00
2024-11-11 20:34:13,590 - Sell to close 3271.00 shares at 76.1 on 2024-11-04 14:45:00+00:00 (Exit: Profit_take, Profit: 2313.329999999953, Duration: 4200.0 minutes)
2024-11-11 20:34:13,590 - Long Buy 265.00 shares at 75.63 on 2024-11-04 15:45:00+00:00
2024-11-11 20:34:13,590 - Long Buy 261.00 shares at 75.35 on 2024-11-04 16:15:00+00:00
2024-11-11 20:34:13,590 - Long Buy 257.00 shares at 75.13 on 2024-11-04 16:30:00+00:00
2024-11-11 20:34:13,590 - Sell to close 783.00 shares at 74.91 on 2024-11-04 16:45:00+00:00 (Exit: Stop_loss, Profit: -362.1799999999898, Duration: 60.0 minutes)
2024-11-11 20:34:13,590 - Short Sell 266.00 shares at 75.44 on 2024-11-05 17:30:00+00:00
2024-11-11 20:34:13,590 - Short Sell 266.00 shares at 75.45 on 2024-11-05 17:45:00+00:00
2024-11-11 20:34:13,590 - Short Sell 265.00 shares at 75.62 on 2024-11-05 19:30:00+00:00
2024-11-11 20:34:13,591 - Short Sell 265.00 shares at 75.78 on 2024-11-05 20:15:00+00:00
2024-11-11 20:34:13,591 - Short Sell 264.00 shares at 75.84 on 2024-11-05 20:30:00+00:00
2024-11-11 20:34:13,591 - Short Sell 264.00 shares at 75.96 on 2024-11-05 20:45:00+00:00
2024-11-11 20:34:13,591 - Buy to cover -1590.00 shares at 76.61 on 2024-11-06 14:30:00+00:00 (Exit: Stop_loss, Profit: -1476.9599999999914, Duration: 1260.0 minutes)
2024-11-11 20:34:13,591 - Long Buy 262.00 shares at 76.3 on 2024-11-07 14:30:00+00:00
2024-11-11 20:34:13,591 - Long Buy 257.00 shares at 76.45 on 2024-11-07 14:45:00+00:00
2024-11-11 20:34:13,591 - Long Buy 252.00 shares at 76.45 on 2024-11-07 15:00:00+00:00
2024-11-11 20:34:13,591 - Long Buy 247.00 shares at 76.25 on 2024-11-07 15:15:00+00:00
2024-11-11 20:34:13,591 - Long Buy 241.00 shares at 76.5 on 2024-11-07 15:30:00+00:00
2024-11-11 20:34:13,591 - Long Buy 237.00 shares at 76.29 on 2024-11-07 15:45:00+00:00
2024-11-11 20:34:13,591 - Long Buy 233.00 shares at 76.21 on 2024-11-07 16:00:00+00:00
2024-11-11 20:34:13,591 - Long Buy 229.00 shares at 76.09 on 2024-11-07 16:15:00+00:00
2024-11-11 20:34:13,591 - Long Buy 225.00 shares at 75.87 on 2024-11-07 16:30:00+00:00
2024-11-11 20:34:13,591 - Long Buy 220.00 shares at 75.94 on 2024-11-07 16:45:00+00:00
2024-11-11 20:34:13,591 - Long Buy 215.00 shares at 76.12 on 2024-11-07 17:00:00+00:00
2024-11-11 20:34:13,591 - Long Buy 211.00 shares at 76.09 on 2024-11-07 17:15:00+00:00
2024-11-11 20:34:13,591 - Long Buy 207.00 shares at 76.05 on 2024-11-07 17:30:00+00:00
2024-11-11 20:34:13,591 - Long Buy 203.00 shares at 75.94 on 2024-11-07 17:45:00+00:00
2024-11-11 20:34:13,591 - Long Buy 199.00 shares at 75.91 on 2024-11-07 18:00:00+00:00
2024-11-11 20:34:13,591 - Long Buy 194.00 shares at 76.07 on 2024-11-07 18:15:00+00:00
2024-11-11 20:34:13,591 - Long Buy 191.00 shares at 75.94 on 2024-11-07 18:30:00+00:00
2024-11-11 20:34:13,591 - Long Buy 187.00 shares at 76.05 on 2024-11-07 18:45:00+00:00
2024-11-11 20:34:13,592 - Long Buy 183.00 shares at 75.93 on 2024-11-07 19:00:00+00:00
2024-11-11 20:34:13,592 - Long Buy 180.00 shares at 75.9 on 2024-11-07 19:15:00+00:00
2024-11-11 20:34:13,592 - Sell to close 4373.00 shares at 75.96 on 2024-11-07 19:30:00+00:00 (Exit: Signal, Profit: -766.3500000000398, Duration: 300.0 minutes)
2024-11-11 20:34:13,592 - Short Sell 263.00 shares at 76.02 on 2024-11-07 19:45:00+00:00
2024-11-11 20:34:13,592 - Short Sell 263.00 shares at 76.11 on 2024-11-07 20:00:00+00:00
2024-11-11 20:34:13,592 - Short Sell 263.00 shares at 76.16 on 2024-11-07 20:15:00+00:00
2024-11-11 20:34:13,592 - Buy to cover -789.00 shares at 75.7 on 2024-11-08 16:15:00+00:00 (Exit: Profit_take, Profit: 312.97000000000685, Duration: 1230.0 minutes)
2024-11-11 20:34:13,592 - Long Buy 265.00 shares at 75.51 on 2024-11-08 17:00:00+00:00
2024-11-11 20:34:13,592 - Long Buy 260.00 shares at 75.52 on 2024-11-08 17:15:00+00:00
2024-11-11 20:34:13,592 - Long Buy 255.00 shares at 75.4 on 2024-11-08 17:45:00+00:00
2024-11-11 20:34:13,592 - Long Buy 250.00 shares at 75.44 on 2024-11-08 18:00:00+00:00
2024-11-11 20:34:13,592 - Long Buy 245.00 shares at 75.42 on 2024-11-08 19:30:00+00:00
2024-11-11 20:34:13,592 - Long Buy 240.00 shares at 75.37 on 2024-11-08 19:45:00+00:00
2024-11-11 20:34:13,592 - Long Buy 236.00 shares at 75.23 on 2024-11-08 20:00:00+00:00
2024-11-11 20:34:13,592 - Long Buy 231.00 shares at 75.2 on 2024-11-08 20:15:00+00:00
2024-11-11 20:34:13,592 - Long Buy 227.00 shares at 75.07 on 2024-11-08 20:30:00+00:00
2024-11-11 20:34:13,592 - Long Buy 223.00 shares at 74.86 on 2024-11-08 20:45:00+00:00
2024-11-11 20:34:13,593 - Holding 2432.0 shares as an open position at the end with unrealized return: -0.006003957213178739, Duration: 225.0 minutes
2024-11-11 20:34:13,595 - Final statisticsStock: AOS, 
total_trades: 28, 
winning_trades: 19, 
losing_trades: 9, 
average_return: 0.0022937354237647324, 
average_duration: 801.4285714285714, 
final_balance: 819704.9899999996, 
final_portfolio_value: 1001764.5099999997, 
sharpe_ratio: 7.027395691057233, 



