2024-11-11 23:00:04,503 - Starting GBMStrategy with initial capital: 1000000
2024-11-11 23:00:04,503 - Hyperparameters: {'threshold': 1.5, 'time_periods': 30, 'num_simulations': 150}
2024-11-11 23:01:25,822 - Long Buy 308.00 shares at 64.86 on 2024-10-11 14:30:00+00:00
2024-11-11 23:01:25,823 - Long Buy 301.00 shares at 65.01 on 2024-10-11 14:45:00+00:00
2024-11-11 23:01:25,824 - Long Buy 294.00 shares at 65.17 on 2024-10-11 15:45:00+00:00
2024-11-11 23:01:25,824 - Long Buy 289.00 shares at 65.13 on 2024-10-11 16:00:00+00:00
2024-11-11 23:01:25,824 - Long Buy 283.00 shares at 65.06 on 2024-10-11 16:15:00+00:00
2024-11-11 23:01:25,824 - Long Buy 278.00 shares at 65.03 on 2024-10-11 16:30:00+00:00
2024-11-11 23:01:25,824 - Long Buy 272.00 shares at 65.06 on 2024-10-11 16:45:00+00:00
2024-11-11 23:01:25,824 - Long Buy 267.00 shares at 65.01 on 2024-10-11 17:00:00+00:00
2024-11-11 23:01:25,824 - Long Buy 262.00 shares at 64.95 on 2024-10-11 17:15:00+00:00
2024-11-11 23:01:25,824 - Long Buy 256.00 shares at 65.05 on 2024-10-11 17:30:00+00:00
2024-11-11 23:01:25,824 - Long Buy 251.00 shares at 65.06 on 2024-10-11 17:45:00+00:00
2024-11-11 23:01:25,824 - Long Buy 246.00 shares at 65.11 on 2024-10-11 18:00:00+00:00
2024-11-11 23:01:25,824 - Sell to close 3307.00 shares at 65.42 on 2024-10-11 18:45:00+00:00 (Exit: Profit_take, Profit: 1255.370000000036, Duration: 255.0 minutes)
2024-11-11 23:01:25,824 - Short Sell 305.00 shares at 65.55 on 2024-10-11 19:00:00+00:00
2024-11-11 23:01:25,824 - Short Sell 305.00 shares at 65.55 on 2024-10-11 19:15:00+00:00
2024-11-11 23:01:25,824 - Short Sell 305.00 shares at 65.53 on 2024-10-11 19:30:00+00:00
2024-11-11 23:01:25,824 - Short Sell 305.00 shares at 65.59 on 2024-10-11 19:45:00+00:00
2024-11-11 23:01:25,824 - Buy to cover -1220.00 shares at 66.81 on 2024-10-14 13:30:00+00:00 (Exit: Stop_loss, Profit: -1531.0999999999945, Duration: 3990.0 minutes)
2024-11-11 23:01:25,824 - Short Sell 296.00 shares at 67.45 on 2024-10-15 13:30:00+00:00
2024-11-11 23:01:25,824 - Short Sell 296.00 shares at 67.38 on 2024-10-15 13:45:00+00:00
2024-11-11 23:01:25,825 - Short Sell 296.00 shares at 67.42 on 2024-10-15 14:00:00+00:00
2024-11-11 23:01:25,825 - Short Sell 296.00 shares at 67.38 on 2024-10-15 14:15:00+00:00
2024-11-11 23:01:25,825 - Buy to cover -1184.00 shares at 66.91 on 2024-10-15 14:30:00+00:00 (Exit: Profit_take, Profit: 589.0400000000195, Duration: 60.0 minutes)
2024-11-11 23:01:25,825 - Long Buy 301.00 shares at 66.39 on 2024-10-15 15:30:00+00:00
2024-11-11 23:01:25,825 - Long Buy 295.00 shares at 66.4 on 2024-10-15 15:45:00+00:00
2024-11-11 23:01:25,825 - Long Buy 290.00 shares at 66.09 on 2024-10-15 16:00:00+00:00
2024-11-11 23:01:25,825 - Long Buy 285.00 shares at 66.04 on 2024-10-15 16:15:00+00:00
2024-11-11 23:01:25,825 - Long Buy 280.00 shares at 65.9 on 2024-10-15 16:30:00+00:00
2024-11-11 23:01:25,825 - Long Buy 274.00 shares at 65.89 on 2024-10-15 16:45:00+00:00
2024-11-11 23:01:25,825 - Sell to close 1725.00 shares at 65.72 on 2024-10-15 17:00:00+00:00 (Exit: Stop_loss, Profit: -697.7499999999995, Duration: 90.0 minutes)
2024-11-11 23:01:25,825 - Short Sell 300.00 shares at 66.62 on 2024-10-16 14:00:00+00:00
2024-11-11 23:01:25,825 - Short Sell 298.00 shares at 66.92 on 2024-10-16 14:15:00+00:00
2024-11-11 23:01:25,825 - Short Sell 299.00 shares at 66.68 on 2024-10-16 14:30:00+00:00
2024-11-11 23:01:25,825 - Short Sell 299.00 shares at 66.81 on 2024-10-16 14:45:00+00:00
2024-11-11 23:01:25,825 - Short Sell 299.00 shares at 66.81 on 2024-10-16 15:00:00+00:00
2024-11-11 23:01:25,825 - Short Sell 298.00 shares at 66.96 on 2024-10-16 15:15:00+00:00
2024-11-11 23:01:25,825 - Short Sell 298.00 shares at 67.05 on 2024-10-16 15:30:00+00:00
2024-11-11 23:01:25,825 - Short Sell 297.00 shares at 67.17 on 2024-10-16 15:45:00+00:00
2024-11-11 23:01:25,825 - Short Sell 296.00 shares at 67.27 on 2024-10-16 16:00:00+00:00
2024-11-11 23:01:25,825 - Buy to cover -2684.00 shares at 67.29 on 2024-10-16 16:15:00+00:00 (Exit: Stop_loss, Profit: -992.1099999999999, Duration: 135.0 minutes)
2024-11-11 23:01:25,826 - Short Sell 291.00 shares at 68.45 on 2024-10-17 13:30:00+00:00
2024-11-11 23:01:25,826 - Buy to cover -291.00 shares at 68.08 on 2024-10-17 13:45:00+00:00 (Exit: Profit_take, Profit: 107.67000000000132, Duration: 15.0 minutes)
2024-11-11 23:01:25,826 - Short Sell 294.00 shares at 67.94 on 2024-10-17 14:00:00+00:00
2024-11-11 23:01:25,826 - Short Sell 292.00 shares at 68.39 on 2024-10-17 14:15:00+00:00
2024-11-11 23:01:25,826 - Short Sell 293.00 shares at 68.15 on 2024-10-17 14:30:00+00:00
2024-11-11 23:01:25,826 - Short Sell 293.00 shares at 68.03 on 2024-10-17 14:45:00+00:00
2024-11-11 23:01:25,826 - Short Sell 293.00 shares at 68.02 on 2024-10-17 15:00:00+00:00
2024-11-11 23:01:25,826 - Short Sell 294.00 shares at 67.77 on 2024-10-17 15:15:00+00:00
2024-11-11 23:01:25,826 - Short Sell 294.00 shares at 67.93 on 2024-10-17 15:30:00+00:00
2024-11-11 23:01:25,826 - Short Sell 293.00 shares at 68.02 on 2024-10-17 15:45:00+00:00
2024-11-11 23:01:25,826 - Short Sell 293.00 shares at 68.05 on 2024-10-17 16:00:00+00:00
2024-11-11 23:01:25,826 - Short Sell 293.00 shares at 68.08 on 2024-10-17 16:15:00+00:00
2024-11-11 23:01:25,826 - Short Sell 293.00 shares at 68.15 on 2024-10-17 16:30:00+00:00
2024-11-11 23:01:25,826 - Short Sell 293.00 shares at 68.11 on 2024-10-17 16:45:00+00:00
2024-11-11 23:01:25,826 - Short Sell 293.00 shares at 68.1 on 2024-10-17 17:00:00+00:00
2024-11-11 23:01:25,826 - Short Sell 293.00 shares at 68.01 on 2024-10-17 17:15:00+00:00
2024-11-11 23:01:25,826 - Short Sell 294.00 shares at 67.95 on 2024-10-17 17:30:00+00:00
2024-11-11 23:01:25,826 - Short Sell 294.00 shares at 67.82 on 2024-10-17 17:45:00+00:00
2024-11-11 23:01:25,826 - Short Sell 294.00 shares at 67.88 on 2024-10-17 18:00:00+00:00
2024-11-11 23:01:25,826 - Short Sell 295.00 shares at 67.78 on 2024-10-17 18:15:00+00:00
2024-11-11 23:01:25,826 - Buy to cover -5281.00 shares at 67.64 on 2024-10-17 18:30:00+00:00 (Exit: Profit_take, Profit: 1952.3600000001536, Duration: 270.0 minutes)
2024-11-11 23:01:25,826 - Long Buy 296.00 shares at 67.56 on 2024-10-17 18:45:00+00:00
2024-11-11 23:01:25,826 - Long Buy 290.00 shares at 67.47 on 2024-10-17 19:00:00+00:00
2024-11-11 23:01:25,826 - Long Buy 285.00 shares at 67.42 on 2024-10-17 19:15:00+00:00
2024-11-11 23:01:25,826 - Long Buy 279.00 shares at 67.39 on 2024-10-17 19:30:00+00:00
2024-11-11 23:01:25,826 - Long Buy 273.00 shares at 67.52 on 2024-10-17 19:45:00+00:00
2024-11-11 23:01:25,826 - Long Buy 268.00 shares at 67.5 on 2024-10-18 14:00:00+00:00
2024-11-11 23:01:25,826 - Long Buy 262.00 shares at 67.53 on 2024-10-18 14:15:00+00:00
2024-11-11 23:01:25,826 - Long Buy 257.00 shares at 67.49 on 2024-10-18 14:30:00+00:00
2024-11-11 23:01:25,826 - Long Buy 253.00 shares at 67.2 on 2024-10-18 14:45:00+00:00
2024-11-11 23:01:25,827 - Long Buy 248.00 shares at 67.29 on 2024-10-18 15:00:00+00:00
2024-11-11 23:01:25,827 - Long Buy 243.00 shares at 67.29 on 2024-10-18 15:15:00+00:00
2024-11-11 23:01:25,827 - Long Buy 238.00 shares at 67.21 on 2024-10-18 15:30:00+00:00
2024-11-11 23:01:25,827 - Long Buy 233.00 shares at 67.33 on 2024-10-18 15:45:00+00:00
2024-11-11 23:01:25,827 - Long Buy 228.00 shares at 67.29 on 2024-10-18 16:00:00+00:00
2024-11-11 23:01:25,827 - Long Buy 223.00 shares at 67.38 on 2024-10-18 16:15:00+00:00
2024-11-11 23:01:25,827 - Long Buy 219.00 shares at 67.44 on 2024-10-18 16:30:00+00:00
2024-11-11 23:01:25,827 - Long Buy 214.00 shares at 67.45 on 2024-10-18 17:15:00+00:00
2024-11-11 23:01:25,827 - Long Buy 210.00 shares at 67.48 on 2024-10-18 19:30:00+00:00
2024-11-11 23:01:25,827 - Long Buy 206.00 shares at 67.47 on 2024-10-18 19:45:00+00:00
2024-11-11 23:01:25,827 - Sell to close 4725.00 shares at 67.08 on 2024-10-21 13:30:00+00:00 (Exit: Stop_loss, Profit: -1554.320000000149, Duration: 5445.0 minutes)
2024-11-11 23:01:25,827 - Long Buy 300.00 shares at 66.45 on 2024-10-22 13:30:00+00:00
2024-11-11 23:01:25,827 - Long Buy 294.00 shares at 66.54 on 2024-10-22 13:45:00+00:00
2024-11-11 23:01:25,828 - Sell to close 594.00 shares at 66.66 on 2024-10-22 14:00:00+00:00 (Exit: Signal, Profit: 98.27999999999503, Duration: 30.0 minutes)
2024-11-11 23:01:25,828 - Long Buy 301.00 shares at 66.27 on 2024-10-22 14:30:00+00:00
2024-11-11 23:01:25,828 - Sell to close 301.00 shares at 66.68 on 2024-10-22 15:15:00+00:00 (Exit: Profit_take, Profit: 123.41000000000325, Duration: 45.0 minutes)
2024-11-11 23:01:25,828 - Short Sell 299.00 shares at 66.72 on 2024-10-22 15:30:00+00:00
2024-11-11 23:01:25,828 - Short Sell 299.00 shares at 66.73 on 2024-10-22 15:45:00+00:00
2024-11-11 23:01:25,828 - Short Sell 299.00 shares at 66.73 on 2024-10-22 16:00:00+00:00
2024-11-11 23:01:25,828 - Short Sell 299.00 shares at 66.8 on 2024-10-22 16:15:00+00:00
2024-11-11 23:01:25,828 - Short Sell 298.00 shares at 66.86 on 2024-10-22 16:30:00+00:00
2024-11-11 23:01:25,828 - Short Sell 298.00 shares at 67.02 on 2024-10-22 16:45:00+00:00
2024-11-11 23:01:25,828 - Short Sell 298.00 shares at 66.95 on 2024-10-22 17:00:00+00:00
2024-11-11 23:01:25,828 - Short Sell 298.00 shares at 67.03 on 2024-10-22 17:15:00+00:00
2024-11-11 23:01:25,828 - Short Sell 297.00 shares at 67.15 on 2024-10-22 17:30:00+00:00
2024-11-11 23:01:25,828 - Short Sell 296.00 shares at 67.28 on 2024-10-22 17:45:00+00:00
2024-11-11 23:01:25,828 - Short Sell 298.00 shares at 66.95 on 2024-10-22 18:00:00+00:00
2024-11-11 23:01:25,828 - Short Sell 297.00 shares at 67.09 on 2024-10-22 18:15:00+00:00
2024-11-11 23:01:25,828 - Short Sell 297.00 shares at 67.06 on 2024-10-22 18:30:00+00:00
2024-11-11 23:01:25,828 - Short Sell 298.00 shares at 66.95 on 2024-10-22 18:45:00+00:00
2024-11-11 23:01:25,828 - Short Sell 297.00 shares at 67.1 on 2024-10-22 19:00:00+00:00
2024-11-11 23:01:25,828 - Short Sell 297.00 shares at 67.17 on 2024-10-22 19:15:00+00:00
2024-11-11 23:01:25,828 - Short Sell 298.00 shares at 67.01 on 2024-10-22 19:30:00+00:00
2024-11-11 23:01:25,828 - Short Sell 299.00 shares at 66.85 on 2024-10-22 19:45:00+00:00
2024-11-11 23:01:25,828 - Buy to cover -5362.00 shares at 71.11 on 2024-10-23 13:30:00+00:00 (Exit: Stop_loss, Profit: -22204.019999999877, Duration: 1320.0 minutes)
2024-11-11 23:01:25,829 - Short Sell 281.00 shares at 69.34 on 2024-10-24 13:45:00+00:00
2024-11-11 23:01:25,829 - Short Sell 282.00 shares at 69.23 on 2024-10-24 14:00:00+00:00
2024-11-11 23:01:25,829 - Short Sell 281.00 shares at 69.33 on 2024-10-24 14:15:00+00:00
2024-11-11 23:01:25,829 - Short Sell 281.00 shares at 69.38 on 2024-10-24 14:30:00+00:00
2024-11-11 23:01:25,829 - Buy to cover -1125.00 shares at 68.9 on 2024-10-24 16:00:00+00:00 (Exit: Profit_take, Profit: 472.40999999998934, Duration: 135.0 minutes)
2024-11-11 23:01:25,829 - Short Sell 281.00 shares at 69.45 on 2024-10-24 16:30:00+00:00
2024-11-11 23:01:25,829 - Short Sell 281.00 shares at 69.44 on 2024-10-24 16:45:00+00:00
2024-11-11 23:01:25,829 - Short Sell 281.00 shares at 69.48 on 2024-10-24 17:00:00+00:00
2024-11-11 23:01:25,829 - Short Sell 281.00 shares at 69.55 on 2024-10-24 17:15:00+00:00
2024-11-11 23:01:25,829 - Short Sell 280.00 shares at 69.67 on 2024-10-24 17:30:00+00:00
2024-11-11 23:01:25,829 - Short Sell 280.00 shares at 69.65 on 2024-10-24 17:45:00+00:00
2024-11-11 23:01:25,829 - Short Sell 280.00 shares at 69.63 on 2024-10-24 18:00:00+00:00
2024-11-11 23:01:25,829 - Short Sell 281.00 shares at 69.52 on 2024-10-24 18:15:00+00:00
2024-11-11 23:01:25,829 - Short Sell 281.00 shares at 69.52 on 2024-10-24 18:30:00+00:00
2024-11-11 23:01:25,829 - Short Sell 281.00 shares at 69.53 on 2024-10-24 18:45:00+00:00
2024-11-11 23:01:25,829 - Short Sell 280.00 shares at 69.66 on 2024-10-24 19:00:00+00:00
2024-11-11 23:01:25,829 - Short Sell 280.00 shares at 69.78 on 2024-10-24 19:15:00+00:00
2024-11-11 23:01:25,829 - Short Sell 279.00 shares at 69.87 on 2024-10-24 19:30:00+00:00
2024-11-11 23:01:25,829 - Short Sell 279.00 shares at 69.8 on 2024-10-24 19:45:00+00:00
2024-11-11 23:01:25,829 - Short Sell 280.00 shares at 69.76 on 2024-10-25 13:30:00+00:00
2024-11-11 23:01:25,829 - Short Sell 279.00 shares at 69.81 on 2024-10-25 13:45:00+00:00
2024-11-11 23:01:25,829 - Buy to cover -4484.00 shares at 69.27 on 2024-10-25 14:45:00+00:00 (Exit: Profit_take, Profit: 1623.9299999999648, Duration: 1335.0 minutes)
2024-11-11 23:01:25,830 - Long Buy 283.00 shares at 69.1 on 2024-10-25 17:00:00+00:00
2024-11-11 23:01:25,830 - Long Buy 277.00 shares at 69.06 on 2024-10-25 17:30:00+00:00
2024-11-11 23:01:25,830 - Sell to close 560.00 shares at 69.46 on 2024-10-28 13:30:00+00:00 (Exit: Profit_take, Profit: 212.68000000000143, Duration: 4110.0 minutes)
2024-11-11 23:01:25,830 - Long Buy 284.00 shares at 68.84 on 2024-10-28 14:15:00+00:00
2024-11-11 23:01:25,830 - Long Buy 279.00 shares at 68.73 on 2024-10-28 14:30:00+00:00
2024-11-11 23:01:25,830 - Sell to close 563.00 shares at 69.13 on 2024-10-28 15:00:00+00:00 (Exit: Profit_take, Profit: 193.95999999999242, Duration: 45.0 minutes)
2024-11-11 23:01:25,830 - Long Buy 284.00 shares at 68.8 on 2024-10-28 18:00:00+00:00
2024-11-11 23:01:25,830 - Long Buy 279.00 shares at 68.78 on 2024-10-28 18:15:00+00:00
2024-11-11 23:01:25,830 - Long Buy 274.00 shares at 68.67 on 2024-10-28 18:30:00+00:00
2024-11-11 23:01:25,830 - Long Buy 269.00 shares at 68.54 on 2024-10-28 18:45:00+00:00
2024-11-11 23:01:25,830 - Long Buy 263.00 shares at 68.7 on 2024-10-28 19:00:00+00:00
2024-11-11 23:01:25,830 - Long Buy 258.00 shares at 68.57 on 2024-10-29 13:30:00+00:00
2024-11-11 23:01:25,830 - Long Buy 253.00 shares at 68.45 on 2024-10-29 13:45:00+00:00
2024-11-11 23:01:25,830 - Long Buy 248.00 shares at 68.49 on 2024-10-29 14:00:00+00:00
2024-11-11 23:01:25,831 - Sell to close 2128.00 shares at 69.09 on 2024-10-29 18:30:00+00:00 (Exit: Profit_take, Profit: 979.3299999999801, Duration: 1470.0 minutes)
2024-11-11 23:01:25,831 - Long Buy 284.00 shares at 68.94 on 2024-10-29 19:00:00+00:00
2024-11-11 23:01:25,831 - Sell to close 284.00 shares at 68.05 on 2024-10-30 13:30:00+00:00 (Exit: Stop_loss, Profit: -252.76000000000016, Duration: 1110.0 minutes)
2024-11-11 23:01:25,831 - Long Buy 289.00 shares at 67.71 on 2024-10-31 13:30:00+00:00
2024-11-11 23:01:25,831 - Long Buy 283.00 shares at 67.79 on 2024-10-31 13:45:00+00:00
2024-11-11 23:01:25,831 - Long Buy 279.00 shares at 67.27 on 2024-10-31 14:00:00+00:00
2024-11-11 23:01:25,831 - Long Buy 274.00 shares at 67.26 on 2024-10-31 14:15:00+00:00
2024-11-11 23:01:25,831 - Long Buy 268.00 shares at 67.36 on 2024-10-31 14:30:00+00:00
2024-11-11 23:01:25,831 - Long Buy 263.00 shares at 67.2 on 2024-10-31 14:45:00+00:00
2024-11-11 23:01:25,831 - Sell to close 1656.00 shares at 66.9 on 2024-10-31 15:00:00+00:00 (Exit: Stop_loss, Profit: -890.0099999999794, Duration: 90.0 minutes)
2024-11-11 23:01:25,831 - Long Buy 290.00 shares at 67.48 on 2024-11-01 13:30:00+00:00
2024-11-11 23:01:25,832 - Sell to close 290.00 shares at 67.89 on 2024-11-01 13:45:00+00:00 (Exit: Profit_take, Profit: 118.89999999999901, Duration: 15.0 minutes)
2024-11-11 23:01:25,832 - Long Buy 288.00 shares at 67.92 on 2024-11-01 14:30:00+00:00
2024-11-11 23:01:25,832 - Long Buy 281.00 shares at 68.09 on 2024-11-01 14:45:00+00:00
2024-11-11 23:01:25,832 - Long Buy 276.00 shares at 68.17 on 2024-11-01 15:00:00+00:00
2024-11-11 23:01:25,832 - Long Buy 271.00 shares at 68.02 on 2024-11-01 15:45:00+00:00
2024-11-11 23:01:25,832 - Long Buy 265.00 shares at 68.06 on 2024-11-01 16:15:00+00:00
2024-11-11 23:01:25,832 - Long Buy 260.00 shares at 68.1 on 2024-11-01 16:30:00+00:00
2024-11-11 23:01:25,832 - Long Buy 255.00 shares at 67.83 on 2024-11-01 17:30:00+00:00
2024-11-11 23:01:25,832 - Long Buy 250.00 shares at 67.87 on 2024-11-01 17:45:00+00:00
2024-11-11 23:01:25,832 - Long Buy 245.00 shares at 67.88 on 2024-11-01 18:00:00+00:00
2024-11-11 23:01:25,832 - Long Buy 240.00 shares at 67.92 on 2024-11-01 18:15:00+00:00
2024-11-11 23:01:25,832 - Long Buy 235.00 shares at 67.98 on 2024-11-01 18:30:00+00:00
2024-11-11 23:01:25,832 - Long Buy 230.00 shares at 67.97 on 2024-11-01 18:45:00+00:00
2024-11-11 23:01:25,832 - Long Buy 226.00 shares at 67.86 on 2024-11-01 19:45:00+00:00
2024-11-11 23:01:25,832 - Sell to close 3322.00 shares at 68.32 on 2024-11-04 15:00:00+00:00 (Exit: Profit_take, Profit: 1134.2400000000046, Duration: 4350.0 minutes)
2024-11-11 23:01:25,832 - Long Buy 287.00 shares at 68.23 on 2024-11-04 16:30:00+00:00
2024-11-11 23:01:25,832 - Long Buy 281.00 shares at 68.18 on 2024-11-04 16:45:00+00:00
2024-11-11 23:01:25,832 - Long Buy 276.00 shares at 68.1 on 2024-11-04 17:00:00+00:00
2024-11-11 23:01:25,833 - Sell to close 844.00 shares at 68.75 on 2024-11-05 14:30:00+00:00 (Exit: Profit_take, Profit: 488.81, Duration: 1320.0 minutes)
2024-11-11 23:01:25,833 - Short Sell 284.00 shares at 69.1 on 2024-11-05 14:45:00+00:00
2024-11-11 23:01:25,833 - Buy to cover -284.00 shares at 68.7 on 2024-11-05 15:00:00+00:00 (Exit: Profit_take, Profit: 113.59999999999758, Duration: 15.0 minutes)
2024-11-11 23:01:25,833 - Short Sell 284.00 shares at 68.9 on 2024-11-05 15:30:00+00:00
2024-11-11 23:01:25,833 - Short Sell 285.00 shares at 68.84 on 2024-11-05 16:00:00+00:00
2024-11-11 23:01:25,833 - Short Sell 284.00 shares at 68.88 on 2024-11-05 16:15:00+00:00
2024-11-11 23:01:25,833 - Short Sell 284.00 shares at 68.92 on 2024-11-05 16:30:00+00:00
2024-11-11 23:01:25,833 - Short Sell 284.00 shares at 69.03 on 2024-11-05 16:45:00+00:00
2024-11-11 23:01:25,833 - Short Sell 285.00 shares at 68.84 on 2024-11-05 17:15:00+00:00
2024-11-11 23:01:25,833 - Short Sell 284.00 shares at 69.05 on 2024-11-05 17:30:00+00:00
2024-11-11 23:01:25,833 - Short Sell 284.00 shares at 69.02 on 2024-11-05 17:45:00+00:00
2024-11-11 23:01:25,833 - Short Sell 284.00 shares at 69.01 on 2024-11-05 18:00:00+00:00
2024-11-11 23:01:25,833 - Short Sell 284.00 shares at 69.05 on 2024-11-05 18:15:00+00:00
2024-11-11 23:01:25,833 - Short Sell 284.00 shares at 69.02 on 2024-11-05 18:30:00+00:00
2024-11-11 23:01:25,833 - Short Sell 284.00 shares at 69.06 on 2024-11-05 18:45:00+00:00
2024-11-11 23:01:25,833 - Short Sell 283.00 shares at 69.2 on 2024-11-05 19:00:00+00:00
2024-11-11 23:01:25,833 - Short Sell 282.00 shares at 69.3 on 2024-11-05 19:15:00+00:00
2024-11-11 23:01:25,833 - Short Sell 282.00 shares at 69.33 on 2024-11-05 19:30:00+00:00
2024-11-11 23:01:25,833 - Short Sell 283.00 shares at 69.26 on 2024-11-05 19:45:00+00:00
2024-11-11 23:01:25,833 - Buy to cover -4540.00 shares at 69.48 on 2024-11-05 20:00:00+00:00 (Exit: Stop_loss, Profit: -1979.6000000000356, Duration: 270.0 minutes)
2024-11-11 23:01:25,833 - Short Sell 272.00 shares at 71.97 on 2024-11-06 14:30:00+00:00
2024-11-11 23:01:25,833 - Buy to cover -272.00 shares at 71.32 on 2024-11-06 14:45:00+00:00 (Exit: Profit_take, Profit: 176.80000000000155, Duration: 15.0 minutes)
2024-11-11 23:01:25,833 - Short Sell 275.00 shares at 71.09 on 2024-11-06 15:00:00+00:00
2024-11-11 23:01:25,833 - Short Sell 274.00 shares at 71.44 on 2024-11-06 15:15:00+00:00
2024-11-11 23:01:25,833 - Short Sell 274.00 shares at 71.4 on 2024-11-06 15:30:00+00:00
2024-11-11 23:01:25,834 - Short Sell 273.00 shares at 71.69 on 2024-11-06 15:45:00+00:00
2024-11-11 23:01:25,834 - Buy to cover -1096.00 shares at 71.87 on 2024-11-06 16:00:00+00:00 (Exit: Stop_loss, Profit: -510.2400000000075, Duration: 60.0 minutes)
2024-11-11 23:01:25,834 - Short Sell 270.00 shares at 72.42 on 2024-11-07 14:30:00+00:00
2024-11-11 23:01:25,834 - Short Sell 269.00 shares at 72.61 on 2024-11-07 14:45:00+00:00
2024-11-11 23:01:25,834 - Short Sell 270.00 shares at 72.52 on 2024-11-07 15:00:00+00:00
2024-11-11 23:01:25,834 - Short Sell 269.00 shares at 72.63 on 2024-11-07 15:15:00+00:00
2024-11-11 23:01:25,834 - Short Sell 268.00 shares at 72.83 on 2024-11-07 15:30:00+00:00
2024-11-11 23:01:25,834 - Buy to cover -1346.00 shares at 73.22 on 2024-11-07 15:45:00+00:00 (Exit: Stop_loss, Profit: -832.3199999999894, Duration: 75.0 minutes)
2024-11-11 23:01:25,834 - Short Sell 264.00 shares at 73.91 on 2024-11-08 14:30:00+00:00
2024-11-11 23:01:25,834 - Short Sell 265.00 shares at 73.8 on 2024-11-08 14:45:00+00:00
2024-11-11 23:01:25,834 - Short Sell 264.00 shares at 73.85 on 2024-11-08 15:15:00+00:00
2024-11-11 23:01:25,834 - Short Sell 264.00 shares at 73.95 on 2024-11-08 15:30:00+00:00
2024-11-11 23:01:25,834 - Short Sell 264.00 shares at 73.98 on 2024-11-08 15:45:00+00:00
2024-11-11 23:01:25,834 - Short Sell 263.00 shares at 74.25 on 2024-11-08 16:00:00+00:00
2024-11-11 23:01:25,834 - Short Sell 263.00 shares at 74.26 on 2024-11-08 16:15:00+00:00
2024-11-11 23:01:25,834 - Short Sell 263.00 shares at 74.14 on 2024-11-08 16:30:00+00:00
2024-11-11 23:01:25,834 - Short Sell 263.00 shares at 74.15 on 2024-11-08 16:45:00+00:00
2024-11-11 23:01:25,834 - Short Sell 264.00 shares at 73.95 on 2024-11-08 17:00:00+00:00
2024-11-11 23:01:25,834 - Short Sell 264.00 shares at 74.06 on 2024-11-08 17:15:00+00:00
2024-11-11 23:01:25,834 - Short Sell 264.00 shares at 74.0 on 2024-11-08 18:00:00+00:00
2024-11-11 23:01:25,834 - Short Sell 263.00 shares at 74.25 on 2024-11-08 18:15:00+00:00
2024-11-11 23:01:25,835 - Short Sell 263.00 shares at 74.29 on 2024-11-08 18:30:00+00:00
2024-11-11 23:01:25,835 - Short Sell 262.00 shares at 74.37 on 2024-11-08 18:45:00+00:00
2024-11-11 23:01:25,835 - Short Sell 262.00 shares at 74.46 on 2024-11-08 19:00:00+00:00
2024-11-11 23:01:25,835 - Buy to cover -4215.00 shares at 74.52 on 2024-11-08 19:15:00+00:00 (Exit: Stop_loss, Profit: -1754.119999999993, Duration: 285.0 minutes)
2024-11-11 23:01:25,836 - Final statisticsStock: APH, 
total_trades: 27, 
winning_trades: 16, 
losing_trades: 11, 
average_return: -0.0018417979552036972, 
average_duration: 976.1111111111111, 
final_balance: 976442.4399999995, 
final_portfolio_value: 976442.4399999995, 
sharpe_ratio: 6.042581729049907, 



