2024-11-11 22:29:23,689 - Starting GBMStrategy with initial capital: 1000000
2024-11-11 22:29:23,689 - Hyperparameters: {'threshold': 1.5, 'time_periods': 30, 'num_simulations': 150}
2024-11-11 22:31:35,920 - Long Buy 143.00 shares at 139.06 on 2024-10-11 14:30:00+00:00
2024-11-11 22:31:35,921 - Long Buy 140.00 shares at 139.34 on 2024-10-11 14:45:00+00:00
2024-11-11 22:31:35,921 - Long Buy 137.00 shares at 139.42 on 2024-10-11 15:15:00+00:00
2024-11-11 22:31:35,921 - Long Buy 135.00 shares at 139.16 on 2024-10-11 15:45:00+00:00
2024-11-11 22:31:35,921 - Long Buy 132.00 shares at 139.27 on 2024-10-11 16:00:00+00:00
2024-11-11 22:31:35,921 - Long Buy 129.00 shares at 139.31 on 2024-10-11 16:15:00+00:00
2024-11-11 22:31:35,921 - Long Buy 127.00 shares at 139.21 on 2024-10-11 18:15:00+00:00
2024-11-11 22:31:35,921 - Long Buy 125.00 shares at 138.96 on 2024-10-11 18:30:00+00:00
2024-11-11 22:31:35,921 - Long Buy 122.00 shares at 139.04 on 2024-10-11 18:45:00+00:00
2024-11-11 22:31:35,921 - Long Buy 119.00 shares at 139.17 on 2024-10-11 19:00:00+00:00
2024-11-11 22:31:35,921 - Long Buy 117.00 shares at 139.16 on 2024-10-11 19:30:00+00:00
2024-11-11 22:31:35,922 - Sell to close 1426.00 shares at 139.93 on 2024-10-14 14:00:00+00:00 (Exit: Profit_take, Profit: 1049.7299999999316, Duration: 4290.0 minutes)
2024-11-11 22:31:35,922 - Short Sell 143.00 shares at 139.98 on 2024-10-14 15:30:00+00:00
2024-11-11 22:31:35,922 - Buy to cover -143.00 shares at 139.83 on 2024-10-14 16:00:00+00:00 (Exit: Signal, Profit: 21.44999999999675, Duration: 30.0 minutes)
2024-11-11 22:31:35,922 - Long Buy 143.00 shares at 139.74 on 2024-10-14 16:15:00+00:00
2024-11-11 22:31:35,922 - Long Buy 140.00 shares at 139.79 on 2024-10-14 16:30:00+00:00
2024-11-11 22:31:35,923 - Sell to close 283.00 shares at 140.3 on 2024-10-14 19:45:00+00:00 (Exit: Signal, Profit: 151.4800000000026, Duration: 210.0 minutes)
2024-11-11 22:31:35,923 - Short Sell 141.00 shares at 141.14 on 2024-10-15 13:30:00+00:00
2024-11-11 22:31:35,923 - Short Sell 141.00 shares at 141.3 on 2024-10-15 13:45:00+00:00
2024-11-11 22:31:35,923 - Short Sell 141.00 shares at 141.77 on 2024-10-15 14:00:00+00:00
2024-11-11 22:31:35,923 - Short Sell 140.00 shares at 142.29 on 2024-10-15 14:15:00+00:00
2024-11-11 22:31:35,923 - Short Sell 140.00 shares at 142.55 on 2024-10-15 14:30:00+00:00
2024-11-11 22:31:35,923 - Short Sell 140.00 shares at 142.36 on 2024-10-15 14:45:00+00:00
2024-11-11 22:31:35,923 - Short Sell 140.00 shares at 142.18 on 2024-10-15 15:00:00+00:00
2024-11-11 22:31:35,923 - Short Sell 140.00 shares at 142.55 on 2024-10-15 15:15:00+00:00
2024-11-11 22:31:35,923 - Buy to cover -1123.00 shares at 142.62 on 2024-10-15 15:30:00+00:00 (Exit: Stop_loss, Profit: -678.4499999999944, Duration: 120.0 minutes)
2024-11-11 22:31:35,923 - Short Sell 139.00 shares at 143.18 on 2024-10-16 13:45:00+00:00
2024-11-11 22:31:35,923 - Short Sell 139.00 shares at 143.19 on 2024-10-16 14:30:00+00:00
2024-11-11 22:31:35,923 - Short Sell 139.00 shares at 143.2 on 2024-10-16 14:45:00+00:00
2024-11-11 22:31:35,923 - Short Sell 139.00 shares at 143.19 on 2024-10-16 15:00:00+00:00
2024-11-11 22:31:35,923 - Short Sell 139.00 shares at 143.28 on 2024-10-16 15:15:00+00:00
2024-11-11 22:31:35,923 - Short Sell 139.00 shares at 143.39 on 2024-10-16 15:30:00+00:00
2024-11-11 22:31:35,923 - Short Sell 139.00 shares at 143.36 on 2024-10-16 15:45:00+00:00
2024-11-11 22:31:35,923 - Short Sell 139.00 shares at 143.44 on 2024-10-16 16:00:00+00:00
2024-11-11 22:31:35,923 - Short Sell 139.00 shares at 143.28 on 2024-10-16 16:15:00+00:00
2024-11-11 22:31:35,924 - Short Sell 139.00 shares at 143.3 on 2024-10-16 16:30:00+00:00
2024-11-11 22:31:35,924 - Short Sell 139.00 shares at 143.36 on 2024-10-16 16:45:00+00:00
2024-11-11 22:31:35,924 - Short Sell 139.00 shares at 143.39 on 2024-10-16 17:00:00+00:00
2024-11-11 22:31:35,924 - Short Sell 139.00 shares at 143.38 on 2024-10-16 17:15:00+00:00
2024-11-11 22:31:35,924 - Buy to cover -1807.00 shares at 143.27 on 2024-10-16 17:30:00+00:00 (Exit: Signal, Profit: 59.76999999994169, Duration: 225.0 minutes)
2024-11-11 22:31:35,924 - Short Sell 139.00 shares at 143.51 on 2024-10-16 18:15:00+00:00
2024-11-11 22:31:35,924 - Short Sell 139.00 shares at 143.55 on 2024-10-16 18:30:00+00:00
2024-11-11 22:31:35,924 - Short Sell 139.00 shares at 143.61 on 2024-10-16 19:00:00+00:00
2024-11-11 22:31:35,924 - Short Sell 139.00 shares at 143.69 on 2024-10-16 19:15:00+00:00
2024-11-11 22:31:35,924 - Short Sell 139.00 shares at 143.91 on 2024-10-16 19:30:00+00:00
2024-11-11 22:31:35,924 - Short Sell 139.00 shares at 143.93 on 2024-10-16 19:45:00+00:00
2024-11-11 22:31:35,924 - Short Sell 139.00 shares at 143.67 on 2024-10-17 13:45:00+00:00
2024-11-11 22:31:35,924 - Buy to cover -973.00 shares at 143.13 on 2024-10-17 14:00:00+00:00 (Exit: Signal, Profit: 550.4400000000209, Duration: 1185.0 minutes)
2024-11-11 22:31:35,924 - Long Buy 140.00 shares at 142.91 on 2024-10-17 14:15:00+00:00
2024-11-11 22:31:35,924 - Long Buy 137.00 shares at 143.03 on 2024-10-17 14:45:00+00:00
2024-11-11 22:31:35,924 - Long Buy 134.00 shares at 142.66 on 2024-10-17 15:00:00+00:00
2024-11-11 22:31:35,924 - Long Buy 132.00 shares at 142.55 on 2024-10-17 15:15:00+00:00
2024-11-11 22:31:35,924 - Long Buy 129.00 shares at 142.56 on 2024-10-17 15:30:00+00:00
2024-11-11 22:31:35,924 - Long Buy 126.00 shares at 142.67 on 2024-10-17 15:45:00+00:00
2024-11-11 22:31:35,924 - Long Buy 124.00 shares at 142.8 on 2024-10-17 16:00:00+00:00
2024-11-11 22:31:35,924 - Long Buy 121.00 shares at 143.0 on 2024-10-17 16:15:00+00:00
2024-11-11 22:31:35,924 - Long Buy 119.00 shares at 142.92 on 2024-10-17 16:45:00+00:00
2024-11-11 22:31:35,924 - Long Buy 117.00 shares at 142.72 on 2024-10-17 17:00:00+00:00
2024-11-11 22:31:35,924 - Long Buy 114.00 shares at 142.69 on 2024-10-17 17:15:00+00:00
2024-11-11 22:31:35,924 - Long Buy 112.00 shares at 142.87 on 2024-10-17 17:30:00+00:00
2024-11-11 22:31:35,924 - Long Buy 110.00 shares at 142.87 on 2024-10-17 17:45:00+00:00
2024-11-11 22:31:35,924 - Long Buy 108.00 shares at 142.59 on 2024-10-17 18:00:00+00:00
2024-11-11 22:31:35,924 - Long Buy 105.00 shares at 142.68 on 2024-10-17 18:15:00+00:00
2024-11-11 22:31:35,925 - Sell to close 1828.00 shares at 142.75 on 2024-10-17 18:30:00+00:00 (Exit: Signal, Profit: -36.05000000002724, Duration: 255.0 minutes)
2024-11-11 22:31:35,925 - Short Sell 139.00 shares at 143.25 on 2024-10-17 19:00:00+00:00
2024-11-11 22:31:35,925 - Short Sell 139.00 shares at 143.65 on 2024-10-17 19:15:00+00:00
2024-11-11 22:31:35,925 - Short Sell 139.00 shares at 143.83 on 2024-10-17 19:30:00+00:00
2024-11-11 22:31:35,925 - Short Sell 139.00 shares at 143.74 on 2024-10-17 19:45:00+00:00
2024-11-11 22:31:35,925 - Short Sell 139.00 shares at 143.2 on 2024-10-18 13:30:00+00:00
2024-11-11 22:31:35,925 - Short Sell 140.00 shares at 143.0 on 2024-10-18 13:45:00+00:00
2024-11-11 22:31:35,925 - Buy to cover -835.00 shares at 142.5 on 2024-10-18 14:15:00+00:00 (Exit: Profit_take, Profit: 788.6300000000147, Duration: 1155.0 minutes)
2024-11-11 22:31:35,925 - Long Buy 140.00 shares at 142.47 on 2024-10-18 14:30:00+00:00
2024-11-11 22:31:35,925 - Sell to close 140.00 shares at 143.03 on 2024-10-18 14:45:00+00:00 (Exit: Signal, Profit: 78.40000000000032, Duration: 15.0 minutes)
2024-11-11 22:31:35,925 - Short Sell 140.00 shares at 143.0 on 2024-10-18 16:30:00+00:00
2024-11-11 22:31:35,925 - Short Sell 140.00 shares at 142.99 on 2024-10-18 16:45:00+00:00
2024-11-11 22:31:35,925 - Short Sell 140.00 shares at 143.01 on 2024-10-18 17:00:00+00:00
2024-11-11 22:31:35,925 - Short Sell 140.00 shares at 143.13 on 2024-10-18 18:15:00+00:00
2024-11-11 22:31:35,925 - Short Sell 140.00 shares at 142.8 on 2024-10-18 19:30:00+00:00
2024-11-11 22:31:35,925 - Short Sell 139.00 shares at 143.28 on 2024-10-18 19:45:00+00:00
2024-11-11 22:31:35,925 - Short Sell 139.00 shares at 143.4 on 2024-10-21 13:30:00+00:00
2024-11-11 22:31:35,925 - Short Sell 139.00 shares at 143.24 on 2024-10-21 13:45:00+00:00
2024-11-11 22:31:35,925 - Short Sell 140.00 shares at 143.02 on 2024-10-21 14:00:00+00:00
2024-11-11 22:31:35,925 - Short Sell 140.00 shares at 142.87 on 2024-10-21 14:15:00+00:00
2024-11-11 22:31:35,925 - Short Sell 140.00 shares at 142.97 on 2024-10-21 14:30:00+00:00
2024-11-11 22:31:35,926 - Buy to cover -1537.00 shares at 142.44 on 2024-10-21 14:45:00+00:00 (Exit: Signal, Profit: 959.1999999999873, Duration: 4215.0 minutes)
2024-11-11 22:31:35,926 - Long Buy 141.00 shares at 141.93 on 2024-10-21 15:00:00+00:00
2024-11-11 22:31:35,926 - Long Buy 138.00 shares at 141.92 on 2024-10-21 15:15:00+00:00
2024-11-11 22:31:35,926 - Long Buy 135.00 shares at 141.93 on 2024-10-21 15:30:00+00:00
2024-11-11 22:31:35,926 - Long Buy 132.00 shares at 142.3 on 2024-10-21 15:45:00+00:00
2024-11-11 22:31:35,926 - Long Buy 130.00 shares at 142.18 on 2024-10-21 16:00:00+00:00
2024-11-11 22:31:35,926 - Long Buy 127.00 shares at 142.36 on 2024-10-21 16:15:00+00:00
2024-11-11 22:31:35,926 - Long Buy 124.00 shares at 142.22 on 2024-10-21 19:45:00+00:00
2024-11-11 22:31:35,926 - Sell to close 927.00 shares at 141.15 on 2024-10-22 13:30:00+00:00 (Exit: Stop_loss, Profit: -893.5899999999983, Duration: 1350.0 minutes)
2024-11-11 22:31:35,926 - Short Sell 140.00 shares at 142.18 on 2024-10-23 13:30:00+00:00
2024-11-11 22:31:35,926 - Short Sell 140.00 shares at 142.26 on 2024-10-23 13:45:00+00:00
2024-11-11 22:31:35,926 - Short Sell 140.00 shares at 142.3 on 2024-10-23 14:00:00+00:00
2024-11-11 22:31:35,926 - Short Sell 141.00 shares at 141.96 on 2024-10-23 14:15:00+00:00
2024-11-11 22:31:35,926 - Short Sell 141.00 shares at 142.03 on 2024-10-23 14:30:00+00:00
2024-11-11 22:31:35,926 - Short Sell 140.00 shares at 142.27 on 2024-10-23 14:45:00+00:00
2024-11-11 22:31:35,926 - Short Sell 140.00 shares at 142.28 on 2024-10-23 15:00:00+00:00
2024-11-11 22:31:35,926 - Buy to cover -982.00 shares at 142.05 on 2024-10-23 15:15:00+00:00 (Exit: Signal, Profit: 130.08999999999293, Duration: 105.0 minutes)
2024-11-11 22:31:35,926 - Long Buy 141.00 shares at 141.99 on 2024-10-23 15:30:00+00:00
2024-11-11 22:31:35,927 - Sell to close 141.00 shares at 142.42 on 2024-10-23 16:15:00+00:00 (Exit: Signal, Profit: 60.629999999996954, Duration: 45.0 minutes)
2024-11-11 22:31:35,927 - Short Sell 140.00 shares at 142.55 on 2024-10-23 16:45:00+00:00
2024-11-11 22:31:35,927 - Short Sell 140.00 shares at 142.54 on 2024-10-23 17:00:00+00:00
2024-11-11 22:31:35,927 - Short Sell 140.00 shares at 142.55 on 2024-10-23 17:15:00+00:00
2024-11-11 22:31:35,927 - Short Sell 140.00 shares at 142.64 on 2024-10-23 17:30:00+00:00
2024-11-11 22:31:35,927 - Short Sell 140.00 shares at 142.61 on 2024-10-23 17:45:00+00:00
2024-11-11 22:31:35,927 - Short Sell 140.00 shares at 142.56 on 2024-10-23 19:00:00+00:00
2024-11-11 22:31:35,927 - Short Sell 140.00 shares at 142.64 on 2024-10-23 19:15:00+00:00
2024-11-11 22:31:35,927 - Short Sell 140.00 shares at 142.97 on 2024-10-23 19:30:00+00:00
2024-11-11 22:31:35,927 - Short Sell 139.00 shares at 143.15 on 2024-10-23 19:45:00+00:00
2024-11-11 22:31:35,927 - Short Sell 139.00 shares at 143.22 on 2024-10-24 13:30:00+00:00
2024-11-11 22:31:35,927 - Short Sell 139.00 shares at 143.56 on 2024-10-24 13:45:00+00:00
2024-11-11 22:31:35,927 - Short Sell 140.00 shares at 143.06 on 2024-10-24 14:00:00+00:00
2024-11-11 22:31:35,927 - Short Sell 139.00 shares at 143.52 on 2024-10-24 14:15:00+00:00
2024-11-11 22:31:35,927 - Short Sell 139.00 shares at 143.34 on 2024-10-24 14:30:00+00:00
2024-11-11 22:31:35,927 - Short Sell 139.00 shares at 143.36 on 2024-10-24 14:45:00+00:00
2024-11-11 22:31:35,927 - Short Sell 140.00 shares at 143.09 on 2024-10-24 15:00:00+00:00
2024-11-11 22:31:35,927 - Short Sell 140.00 shares at 142.97 on 2024-10-24 15:15:00+00:00
2024-11-11 22:31:35,927 - Short Sell 140.00 shares at 142.72 on 2024-10-24 16:30:00+00:00
2024-11-11 22:31:35,927 - Short Sell 140.00 shares at 142.73 on 2024-10-24 16:45:00+00:00
2024-11-11 22:31:35,927 - Short Sell 140.00 shares at 142.72 on 2024-10-24 17:00:00+00:00
2024-11-11 22:31:35,927 - Short Sell 140.00 shares at 142.88 on 2024-10-24 17:15:00+00:00
2024-11-11 22:31:35,927 - Short Sell 140.00 shares at 142.88 on 2024-10-24 17:30:00+00:00
2024-11-11 22:31:35,927 - Short Sell 140.00 shares at 142.71 on 2024-10-24 17:45:00+00:00
2024-11-11 22:31:35,927 - Short Sell 140.00 shares at 142.7 on 2024-10-24 18:00:00+00:00
2024-11-11 22:31:35,927 - Short Sell 140.00 shares at 142.75 on 2024-10-24 19:00:00+00:00
2024-11-11 22:31:35,928 - Buy to cover -3494.00 shares at 142.13 on 2024-10-25 14:15:00+00:00 (Exit: Profit_take, Profit: 2676.4300000000817, Duration: 2730.0 minutes)
2024-11-11 22:31:35,928 - Long Buy 141.00 shares at 142.09 on 2024-10-25 14:30:00+00:00
2024-11-11 22:31:35,928 - Long Buy 138.00 shares at 141.96 on 2024-10-25 14:45:00+00:00
2024-11-11 22:31:35,928 - Long Buy 136.00 shares at 141.71 on 2024-10-25 15:00:00+00:00
2024-11-11 22:31:35,928 - Long Buy 133.00 shares at 141.33 on 2024-10-25 15:15:00+00:00
2024-11-11 22:31:35,928 - Long Buy 131.00 shares at 141.42 on 2024-10-25 15:30:00+00:00
2024-11-11 22:31:35,928 - Long Buy 128.00 shares at 141.44 on 2024-10-25 15:45:00+00:00
2024-11-11 22:31:35,928 - Long Buy 126.00 shares at 141.13 on 2024-10-25 16:00:00+00:00
2024-11-11 22:31:35,928 - Long Buy 123.00 shares at 141.0 on 2024-10-25 16:15:00+00:00
2024-11-11 22:31:35,928 - Long Buy 121.00 shares at 141.25 on 2024-10-25 16:30:00+00:00
2024-11-11 22:31:35,928 - Long Buy 118.00 shares at 141.16 on 2024-10-25 16:45:00+00:00
2024-11-11 22:31:35,928 - Long Buy 116.00 shares at 140.89 on 2024-10-25 17:00:00+00:00
2024-11-11 22:31:35,928 - Long Buy 114.00 shares at 141.01 on 2024-10-25 17:15:00+00:00
2024-11-11 22:31:35,928 - Long Buy 112.00 shares at 140.74 on 2024-10-25 17:30:00+00:00
2024-11-11 22:31:35,928 - Long Buy 109.00 shares at 140.86 on 2024-10-25 17:45:00+00:00
2024-11-11 22:31:35,928 - Long Buy 107.00 shares at 140.67 on 2024-10-25 18:00:00+00:00
2024-11-11 22:31:35,928 - Long Buy 105.00 shares at 140.96 on 2024-10-25 18:15:00+00:00
2024-11-11 22:31:35,928 - Long Buy 103.00 shares at 140.96 on 2024-10-25 18:30:00+00:00
2024-11-11 22:31:35,928 - Long Buy 101.00 shares at 140.84 on 2024-10-25 18:45:00+00:00
2024-11-11 22:31:35,928 - Long Buy 99.00 shares at 140.69 on 2024-10-25 19:00:00+00:00
2024-11-11 22:31:35,928 - Long Buy 97.00 shares at 140.85 on 2024-10-25 19:15:00+00:00
2024-11-11 22:31:35,928 - Long Buy 95.00 shares at 140.83 on 2024-10-25 19:30:00+00:00
2024-11-11 22:31:35,928 - Long Buy 93.00 shares at 140.75 on 2024-10-25 19:45:00+00:00
2024-11-11 22:31:35,928 - Sell to close 2546.00 shares at 141.47 on 2024-10-28 13:30:00+00:00 (Exit: Signal, Profit: 793.5799999999853, Duration: 4260.0 minutes)
2024-11-11 22:31:35,928 - Short Sell 141.00 shares at 141.67 on 2024-10-28 13:45:00+00:00
2024-11-11 22:31:35,928 - Short Sell 141.00 shares at 141.68 on 2024-10-28 14:15:00+00:00
2024-11-11 22:31:35,928 - Short Sell 142.00 shares at 141.59 on 2024-10-28 14:45:00+00:00
2024-11-11 22:31:35,928 - Short Sell 141.00 shares at 141.88 on 2024-10-28 15:00:00+00:00
2024-11-11 22:31:35,928 - Short Sell 142.00 shares at 141.57 on 2024-10-28 15:15:00+00:00
2024-11-11 22:31:35,928 - Short Sell 142.00 shares at 141.52 on 2024-10-28 15:30:00+00:00
2024-11-11 22:31:35,928 - Short Sell 141.00 shares at 141.75 on 2024-10-28 15:45:00+00:00
2024-11-11 22:31:35,929 - Short Sell 141.00 shares at 141.79 on 2024-10-28 16:00:00+00:00
2024-11-11 22:31:35,929 - Short Sell 142.00 shares at 141.52 on 2024-10-28 16:15:00+00:00
2024-11-11 22:31:35,929 - Short Sell 142.00 shares at 141.62 on 2024-10-28 16:30:00+00:00
2024-11-11 22:31:35,929 - Short Sell 141.00 shares at 141.79 on 2024-10-28 16:45:00+00:00
2024-11-11 22:31:35,929 - Short Sell 141.00 shares at 141.78 on 2024-10-28 17:00:00+00:00
2024-11-11 22:31:35,929 - Short Sell 141.00 shares at 141.78 on 2024-10-28 17:15:00+00:00
2024-11-11 22:31:35,929 - Short Sell 141.00 shares at 141.84 on 2024-10-28 17:30:00+00:00
2024-11-11 22:31:35,929 - Short Sell 141.00 shares at 141.85 on 2024-10-28 17:45:00+00:00
2024-11-11 22:31:35,929 - Short Sell 141.00 shares at 141.91 on 2024-10-28 18:00:00+00:00
2024-11-11 22:31:35,929 - Buy to cover -2261.00 shares at 141.72 on 2024-10-28 19:00:00+00:00 (Exit: Signal, Profit: 2.0399999999831664, Duration: 315.0 minutes)
2024-11-11 22:31:35,929 - Long Buy 142.00 shares at 141.45 on 2024-10-28 19:45:00+00:00
2024-11-11 22:31:35,929 - Long Buy 139.00 shares at 140.83 on 2024-10-29 13:30:00+00:00
2024-11-11 22:31:35,929 - Long Buy 137.00 shares at 140.66 on 2024-10-29 13:45:00+00:00
2024-11-11 22:31:35,929 - Long Buy 134.00 shares at 140.37 on 2024-10-29 14:00:00+00:00
2024-11-11 22:31:35,929 - Long Buy 132.00 shares at 140.5 on 2024-10-29 14:15:00+00:00
2024-11-11 22:31:35,929 - Long Buy 129.00 shares at 140.44 on 2024-10-29 14:30:00+00:00
2024-11-11 22:31:35,929 - Long Buy 126.00 shares at 140.47 on 2024-10-29 14:45:00+00:00
2024-11-11 22:31:35,929 - Long Buy 124.00 shares at 140.21 on 2024-10-29 15:00:00+00:00
2024-11-11 22:31:35,929 - Long Buy 122.00 shares at 140.33 on 2024-10-29 15:15:00+00:00
2024-11-11 22:31:35,929 - Long Buy 119.00 shares at 140.53 on 2024-10-29 15:30:00+00:00
2024-11-11 22:31:35,929 - Long Buy 117.00 shares at 140.5 on 2024-10-29 15:45:00+00:00
2024-11-11 22:31:35,929 - Long Buy 114.00 shares at 140.77 on 2024-10-29 16:00:00+00:00
2024-11-11 22:31:35,929 - Long Buy 112.00 shares at 140.74 on 2024-10-29 16:15:00+00:00
2024-11-11 22:31:35,929 - Long Buy 110.00 shares at 140.7 on 2024-10-29 16:30:00+00:00
2024-11-11 22:31:35,929 - Long Buy 107.00 shares at 140.95 on 2024-10-29 16:45:00+00:00
2024-11-11 22:31:35,929 - Long Buy 105.00 shares at 140.97 on 2024-10-29 17:00:00+00:00
2024-11-11 22:31:35,929 - Long Buy 103.00 shares at 140.66 on 2024-10-29 17:15:00+00:00
2024-11-11 22:31:35,929 - Long Buy 101.00 shares at 140.66 on 2024-10-29 17:30:00+00:00
2024-11-11 22:31:35,930 - Long Buy 99.00 shares at 140.58 on 2024-10-29 17:45:00+00:00
2024-11-11 22:31:35,930 - Long Buy 97.00 shares at 140.54 on 2024-10-29 18:00:00+00:00
2024-11-11 22:31:35,930 - Long Buy 95.00 shares at 140.64 on 2024-10-29 18:15:00+00:00
2024-11-11 22:31:35,930 - Long Buy 93.00 shares at 140.66 on 2024-10-29 18:30:00+00:00
2024-11-11 22:31:35,930 - Long Buy 91.00 shares at 140.7 on 2024-10-29 18:45:00+00:00
2024-11-11 22:31:35,930 - Long Buy 90.00 shares at 140.52 on 2024-10-29 19:00:00+00:00
2024-11-11 22:31:35,930 - Long Buy 88.00 shares at 140.37 on 2024-10-29 19:15:00+00:00
2024-11-11 22:31:35,930 - Long Buy 86.00 shares at 140.46 on 2024-10-29 19:30:00+00:00
2024-11-11 22:31:35,930 - Long Buy 84.00 shares at 140.45 on 2024-10-29 19:45:00+00:00
2024-11-11 22:31:35,930 - Sell to close 2996.00 shares at 141.03 on 2024-10-30 13:30:00+00:00 (Exit: Signal, Profit: 1216.560000000211, Duration: 2505.0 minutes)
2024-11-11 22:31:35,930 - Short Sell 142.00 shares at 140.87 on 2024-10-30 13:45:00+00:00
2024-11-11 22:31:35,930 - Buy to cover -142.00 shares at 140.41 on 2024-10-30 14:00:00+00:00 (Exit: Signal, Profit: 65.32000000000113, Duration: 15.0 minutes)
2024-11-11 22:31:35,930 - Long Buy 143.00 shares at 140.32 on 2024-10-30 14:15:00+00:00
2024-11-11 22:31:35,930 - Long Buy 140.00 shares at 140.16 on 2024-10-30 14:30:00+00:00
2024-11-11 22:31:35,930 - Long Buy 138.00 shares at 140.11 on 2024-10-30 14:45:00+00:00
2024-11-11 22:31:35,930 - Long Buy 135.00 shares at 139.89 on 2024-10-30 15:00:00+00:00
2024-11-11 22:31:35,930 - Long Buy 132.00 shares at 139.87 on 2024-10-30 15:15:00+00:00
2024-11-11 22:31:35,930 - Long Buy 129.00 shares at 140.13 on 2024-10-30 15:30:00+00:00
2024-11-11 22:31:35,930 - Long Buy 127.00 shares at 140.16 on 2024-10-30 15:45:00+00:00
2024-11-11 22:31:35,930 - Long Buy 125.00 shares at 139.89 on 2024-10-30 16:00:00+00:00
2024-11-11 22:31:35,930 - Long Buy 122.00 shares at 139.92 on 2024-10-30 16:15:00+00:00
2024-11-11 22:31:35,930 - Long Buy 120.00 shares at 139.92 on 2024-10-30 16:30:00+00:00
2024-11-11 22:31:35,930 - Long Buy 117.00 shares at 139.86 on 2024-10-30 16:45:00+00:00
2024-11-11 22:31:35,930 - Long Buy 115.00 shares at 139.44 on 2024-10-30 17:00:00+00:00
2024-11-11 22:31:35,930 - Long Buy 113.00 shares at 139.33 on 2024-10-30 17:15:00+00:00
2024-11-11 22:31:35,930 - Long Buy 111.00 shares at 139.43 on 2024-10-30 17:30:00+00:00
2024-11-11 22:31:35,930 - Long Buy 108.00 shares at 139.51 on 2024-10-30 17:45:00+00:00
2024-11-11 22:31:35,930 - Long Buy 106.00 shares at 139.52 on 2024-10-30 18:00:00+00:00
2024-11-11 22:31:35,930 - Long Buy 104.00 shares at 139.56 on 2024-10-30 18:15:00+00:00
2024-11-11 22:31:35,930 - Long Buy 102.00 shares at 139.39 on 2024-10-30 18:30:00+00:00
2024-11-11 22:31:35,930 - Long Buy 100.00 shares at 139.41 on 2024-10-30 18:45:00+00:00
2024-11-11 22:31:35,931 - Long Buy 98.00 shares at 139.38 on 2024-10-30 19:00:00+00:00
2024-11-11 22:31:35,931 - Long Buy 96.00 shares at 139.45 on 2024-10-30 19:15:00+00:00
2024-11-11 22:31:35,931 - Long Buy 94.00 shares at 139.59 on 2024-10-30 19:30:00+00:00
2024-11-11 22:31:35,931 - Long Buy 92.00 shares at 139.69 on 2024-10-30 19:45:00+00:00
2024-11-11 22:31:35,931 - Sell to close 2667.00 shares at 140.46 on 2024-10-31 13:30:00+00:00 (Exit: Signal, Profit: 1842.6699999999419, Duration: 1395.0 minutes)
2024-11-11 22:31:35,931 - Short Sell 143.00 shares at 140.53 on 2024-10-31 13:45:00+00:00
2024-11-11 22:31:35,931 - Short Sell 143.00 shares at 140.29 on 2024-10-31 14:00:00+00:00
2024-11-11 22:31:35,931 - Short Sell 143.00 shares at 140.13 on 2024-10-31 14:15:00+00:00
2024-11-11 22:31:35,931 - Short Sell 144.00 shares at 139.97 on 2024-10-31 14:30:00+00:00
2024-11-11 22:31:35,931 - Short Sell 144.00 shares at 140.01 on 2024-10-31 14:45:00+00:00
2024-11-11 22:31:35,931 - Short Sell 144.00 shares at 140.08 on 2024-10-31 15:00:00+00:00
2024-11-11 22:31:35,931 - Short Sell 144.00 shares at 139.88 on 2024-10-31 15:15:00+00:00
2024-11-11 22:31:35,931 - Short Sell 143.00 shares at 140.36 on 2024-10-31 15:30:00+00:00
2024-11-11 22:31:35,931 - Short Sell 143.00 shares at 140.2 on 2024-10-31 15:45:00+00:00
2024-11-11 22:31:35,931 - Short Sell 143.00 shares at 140.26 on 2024-10-31 16:00:00+00:00
2024-11-11 22:31:35,931 - Short Sell 143.00 shares at 140.21 on 2024-10-31 16:15:00+00:00
2024-11-11 22:31:35,931 - Short Sell 144.00 shares at 139.99 on 2024-10-31 16:30:00+00:00
2024-11-11 22:31:35,931 - Short Sell 144.00 shares at 139.96 on 2024-10-31 17:45:00+00:00
2024-11-11 22:31:35,931 - Buy to cover -1865.00 shares at 139.16 on 2024-10-31 19:30:00+00:00 (Exit: Profit_take, Profit: 1833.9000000000115, Duration: 345.0 minutes)
2024-11-11 22:31:35,931 - Long Buy 145.00 shares at 138.84 on 2024-10-31 19:45:00+00:00
2024-11-11 22:31:35,931 - Long Buy 142.00 shares at 138.77 on 2024-11-01 13:30:00+00:00
2024-11-11 22:31:35,931 - Long Buy 139.00 shares at 138.84 on 2024-11-01 13:45:00+00:00
2024-11-11 22:31:35,931 - Long Buy 136.00 shares at 139.14 on 2024-11-01 14:00:00+00:00
2024-11-11 22:31:35,931 - Long Buy 134.00 shares at 138.65 on 2024-11-01 14:15:00+00:00
2024-11-11 22:31:35,931 - Long Buy 132.00 shares at 138.38 on 2024-11-01 14:30:00+00:00
2024-11-11 22:31:35,931 - Long Buy 129.00 shares at 138.41 on 2024-11-01 14:45:00+00:00
2024-11-11 22:31:35,931 - Long Buy 126.00 shares at 138.52 on 2024-11-01 15:00:00+00:00
2024-11-11 22:31:35,932 - Sell to close 1083.00 shares at 138.79 on 2024-11-01 15:15:00+00:00 (Exit: Signal, Profit: 96.96000000003963, Duration: 1170.0 minutes)
2024-11-11 22:31:35,932 - Long Buy 146.00 shares at 138.31 on 2024-11-01 15:45:00+00:00
2024-11-11 22:31:35,932 - Long Buy 143.00 shares at 138.2 on 2024-11-01 17:30:00+00:00
2024-11-11 22:31:35,932 - Long Buy 140.00 shares at 138.22 on 2024-11-01 17:45:00+00:00
2024-11-11 22:31:35,932 - Long Buy 137.00 shares at 138.05 on 2024-11-01 18:00:00+00:00
2024-11-11 22:31:35,932 - Long Buy 134.00 shares at 138.2 on 2024-11-01 19:00:00+00:00
2024-11-11 22:31:35,932 - Long Buy 132.00 shares at 138.08 on 2024-11-01 19:15:00+00:00
2024-11-11 22:31:35,932 - Long Buy 129.00 shares at 138.06 on 2024-11-01 19:30:00+00:00
2024-11-11 22:31:35,932 - Long Buy 127.00 shares at 138.19 on 2024-11-04 14:45:00+00:00
2024-11-11 22:31:35,932 - Long Buy 124.00 shares at 138.0 on 2024-11-04 15:45:00+00:00
2024-11-11 22:31:35,932 - Long Buy 122.00 shares at 137.96 on 2024-11-04 16:00:00+00:00
2024-11-11 22:31:35,932 - Long Buy 119.00 shares at 137.84 on 2024-11-04 16:15:00+00:00
2024-11-11 22:31:35,932 - Long Buy 117.00 shares at 137.67 on 2024-11-04 16:30:00+00:00
2024-11-11 22:31:35,932 - Long Buy 115.00 shares at 137.66 on 2024-11-04 16:45:00+00:00
2024-11-11 22:31:35,932 - Long Buy 113.00 shares at 137.5 on 2024-11-04 17:00:00+00:00
2024-11-11 22:31:35,932 - Long Buy 110.00 shares at 137.63 on 2024-11-04 17:15:00+00:00
2024-11-11 22:31:35,932 - Long Buy 108.00 shares at 137.71 on 2024-11-04 17:30:00+00:00
2024-11-11 22:31:35,932 - Long Buy 106.00 shares at 137.4 on 2024-11-04 18:00:00+00:00
2024-11-11 22:31:35,932 - Long Buy 104.00 shares at 137.54 on 2024-11-04 18:15:00+00:00
2024-11-11 22:31:35,932 - Long Buy 102.00 shares at 137.57 on 2024-11-04 19:30:00+00:00
2024-11-11 22:31:35,932 - Long Buy 100.00 shares at 137.51 on 2024-11-04 19:45:00+00:00
2024-11-11 22:31:35,932 - Long Buy 98.00 shares at 137.47 on 2024-11-04 20:00:00+00:00
2024-11-11 22:31:35,932 - Sell to close 2526.00 shares at 137.31 on 2024-11-04 20:15:00+00:00 (Exit: Stop_loss, Profit: -1437.2899999999408, Duration: 4590.0 minutes)
2024-11-11 22:31:35,932 - Long Buy 147.00 shares at 136.94 on 2024-11-05 14:30:00+00:00
2024-11-11 22:31:35,933 - Long Buy 144.00 shares at 137.19 on 2024-11-05 14:45:00+00:00
2024-11-11 22:31:35,933 - Long Buy 141.00 shares at 137.37 on 2024-11-05 15:00:00+00:00
2024-11-11 22:31:35,933 - Long Buy 138.00 shares at 136.92 on 2024-11-05 15:15:00+00:00
2024-11-11 22:31:35,933 - Long Buy 135.00 shares at 137.11 on 2024-11-05 15:30:00+00:00
2024-11-11 22:31:35,933 - Long Buy 133.00 shares at 137.21 on 2024-11-05 15:45:00+00:00
2024-11-11 22:31:35,933 - Long Buy 130.00 shares at 137.09 on 2024-11-05 16:00:00+00:00
2024-11-11 22:31:35,933 - Long Buy 128.00 shares at 136.93 on 2024-11-05 16:15:00+00:00
2024-11-11 22:31:35,933 - Long Buy 125.00 shares at 136.75 on 2024-11-05 16:30:00+00:00
2024-11-11 22:31:35,933 - Long Buy 123.00 shares at 136.87 on 2024-11-05 16:45:00+00:00
2024-11-11 22:31:35,933 - Long Buy 120.00 shares at 136.75 on 2024-11-05 17:00:00+00:00
2024-11-11 22:31:35,933 - Long Buy 118.00 shares at 136.74 on 2024-11-05 17:15:00+00:00
2024-11-11 22:31:35,933 - Sell to close 1582.00 shares at 136.95 on 2024-11-05 17:30:00+00:00 (Exit: Signal, Profit: -76.37000000004434, Duration: 180.0 minutes)
2024-11-11 22:31:35,933 - Short Sell 147.00 shares at 137.02 on 2024-11-05 17:45:00+00:00
2024-11-11 22:31:35,933 - Short Sell 147.00 shares at 137.14 on 2024-11-05 18:00:00+00:00
2024-11-11 22:31:35,933 - Short Sell 147.00 shares at 137.15 on 2024-11-05 18:15:00+00:00
2024-11-11 22:31:35,933 - Short Sell 147.00 shares at 137.25 on 2024-11-05 18:30:00+00:00
2024-11-11 22:31:35,933 - Short Sell 146.00 shares at 137.61 on 2024-11-05 18:45:00+00:00
2024-11-11 22:31:35,933 - Short Sell 146.00 shares at 137.61 on 2024-11-05 19:00:00+00:00
2024-11-11 22:31:35,933 - Short Sell 146.00 shares at 137.64 on 2024-11-05 19:15:00+00:00
2024-11-11 22:31:35,933 - Short Sell 146.00 shares at 137.56 on 2024-11-05 19:30:00+00:00
2024-11-11 22:31:35,933 - Short Sell 146.00 shares at 137.56 on 2024-11-05 19:45:00+00:00
2024-11-11 22:31:35,933 - Short Sell 146.00 shares at 137.81 on 2024-11-05 20:00:00+00:00
2024-11-11 22:31:35,933 - Short Sell 146.00 shares at 137.91 on 2024-11-05 20:15:00+00:00
2024-11-11 22:31:35,933 - Short Sell 146.00 shares at 137.93 on 2024-11-05 20:30:00+00:00
2024-11-11 22:31:35,933 - Short Sell 146.00 shares at 137.97 on 2024-11-05 20:45:00+00:00
2024-11-11 22:31:35,933 - Buy to cover -1902.00 shares at 139.72 on 2024-11-06 14:30:00+00:00 (Exit: Stop_loss, Profit: -4127.5199999998795, Duration: 1245.0 minutes)
2024-11-11 22:31:35,934 - Short Sell 142.00 shares at 140.74 on 2024-11-07 14:30:00+00:00
2024-11-11 22:31:35,934 - Short Sell 142.00 shares at 141.0 on 2024-11-07 14:45:00+00:00
2024-11-11 22:31:35,934 - Short Sell 141.00 shares at 142.05 on 2024-11-07 15:00:00+00:00
2024-11-11 22:31:35,934 - Buy to cover -425.00 shares at 142.53 on 2024-11-07 15:15:00+00:00 (Exit: Stop_loss, Profit: -539.1199999999963, Duration: 45.0 minutes)
2024-11-11 22:31:35,934 - Short Sell 140.00 shares at 142.63 on 2024-11-08 14:30:00+00:00
2024-11-11 22:31:35,934 - Short Sell 139.00 shares at 143.59 on 2024-11-08 14:45:00+00:00
2024-11-11 22:31:35,934 - Buy to cover -279.00 shares at 144.14 on 2024-11-08 15:00:00+00:00 (Exit: Stop_loss, Profit: -287.84999999999195, Duration: 30.0 minutes)
2024-11-11 22:31:35,936 - Final statisticsStock: ATO, 
total_trades: 26, 
winning_trades: 18, 
losing_trades: 8, 
average_return: 0.00045799023631253673, 
average_duration: 1231.7307692307693, 
final_balance: 1004301.0400000003, 
final_portfolio_value: 1004301.0400000003, 
sharpe_ratio: 0.9994427520674004, 



