2024-11-10 20:14:52,059 - Starting GBMStrategy with initial capital: 1000000
2024-11-10 20:14:52,059 - Hyperparameters: {'threshold': 0.5, 'time_periods': 15, 'num_simulations': 150}
2024-11-10 20:20:28,483 - Long Buy 136.00 shares at 146.43 on 2024-10-10 17:15:00+00:00
2024-11-10 20:20:28,484 - Sell to close 136.00 shares at 147.01 on 2024-10-10 17:30:00+00:00 (Exit: Signal, Profit: 78.87999999999784, Duration: 15.0 minutes)
2024-11-10 20:20:28,484 - Short Sell 135.00 shares at 147.11 on 2024-10-10 17:45:00+00:00
2024-11-10 20:20:28,485 - Short Sell 136.00 shares at 146.94 on 2024-10-10 18:00:00+00:00
2024-11-10 20:20:28,485 - Short Sell 136.00 shares at 146.84 on 2024-10-10 18:15:00+00:00
2024-11-10 20:20:28,485 - Short Sell 136.00 shares at 146.62 on 2024-10-10 18:30:00+00:00
2024-11-10 20:20:28,485 - Short Sell 136.00 shares at 146.69 on 2024-10-10 18:45:00+00:00
2024-11-10 20:20:28,485 - Short Sell 136.00 shares at 146.87 on 2024-10-10 19:00:00+00:00
2024-11-10 20:20:28,485 - Short Sell 136.00 shares at 146.7 on 2024-10-10 19:15:00+00:00
2024-11-10 20:20:28,485 - Short Sell 136.00 shares at 146.65 on 2024-10-10 19:45:00+00:00
2024-11-10 20:20:28,485 - Short Sell 135.00 shares at 147.78 on 2024-10-11 13:30:00+00:00
2024-11-10 20:20:28,485 - Short Sell 134.00 shares at 148.68 on 2024-10-11 13:45:00+00:00
2024-11-10 20:20:28,485 - Short Sell 133.00 shares at 149.18 on 2024-10-11 14:00:00+00:00
2024-11-10 20:20:28,485 - Short Sell 133.00 shares at 149.34 on 2024-10-11 14:15:00+00:00
2024-11-10 20:20:28,485 - Buy to cover -1622.00 shares at 150.04 on 2024-10-11 14:30:00+00:00 (Exit: Stop_loss, Profit: -4214.290000000044, Duration: 1245.0 minutes)
2024-11-10 20:20:28,485 - Short Sell 132.00 shares at 150.12 on 2024-10-11 14:45:00+00:00
2024-11-10 20:20:28,485 - Short Sell 133.00 shares at 149.65 on 2024-10-11 15:00:00+00:00
2024-11-10 20:20:28,485 - Short Sell 133.00 shares at 149.72 on 2024-10-11 15:15:00+00:00
2024-11-10 20:20:28,485 - Short Sell 132.00 shares at 150.38 on 2024-10-11 15:30:00+00:00
2024-11-10 20:20:28,485 - Short Sell 132.00 shares at 149.92 on 2024-10-11 15:45:00+00:00
2024-11-10 20:20:28,485 - Short Sell 132.00 shares at 149.91 on 2024-10-11 16:00:00+00:00
2024-11-10 20:20:28,485 - Short Sell 133.00 shares at 149.59 on 2024-10-11 16:15:00+00:00
2024-11-10 20:20:28,485 - Short Sell 132.00 shares at 149.85 on 2024-10-11 17:30:00+00:00
2024-11-10 20:20:28,485 - Short Sell 132.00 shares at 150.1 on 2024-10-11 17:45:00+00:00
2024-11-10 20:20:28,485 - Short Sell 132.00 shares at 149.97 on 2024-10-11 18:00:00+00:00
2024-11-10 20:20:28,485 - Short Sell 132.00 shares at 150.09 on 2024-10-11 18:15:00+00:00
2024-11-10 20:20:28,485 - Buy to cover -1455.00 shares at 149.87 on 2024-10-11 18:45:00+00:00 (Exit: Signal, Profit: 95.70999999998875, Duration: 240.0 minutes)
2024-11-10 20:20:28,485 - Short Sell 132.00 shares at 150.1 on 2024-10-11 19:00:00+00:00
2024-11-10 20:20:28,485 - Short Sell 132.00 shares at 150.39 on 2024-10-11 19:15:00+00:00
2024-11-10 20:20:28,485 - Short Sell 132.00 shares at 150.3 on 2024-10-11 19:30:00+00:00
2024-11-10 20:20:28,485 - Short Sell 131.00 shares at 151.03 on 2024-10-11 19:45:00+00:00
2024-11-10 20:20:28,486 - Buy to cover -527.00 shares at 147.27 on 2024-10-14 13:30:00+00:00 (Exit: Profit_take, Profit: 1677.9199999999867, Duration: 3990.0 minutes)
2024-11-10 20:20:28,486 - Long Buy 136.00 shares at 146.67 on 2024-10-14 13:45:00+00:00
2024-11-10 20:20:28,486 - Long Buy 133.00 shares at 146.91 on 2024-10-14 14:00:00+00:00
2024-11-10 20:20:28,486 - Long Buy 130.00 shares at 147.37 on 2024-10-14 14:15:00+00:00
2024-11-10 20:20:28,486 - Long Buy 127.00 shares at 147.79 on 2024-10-14 14:30:00+00:00
2024-11-10 20:20:28,486 - Long Buy 124.00 shares at 148.28 on 2024-10-14 14:45:00+00:00
2024-11-10 20:20:28,486 - Long Buy 121.00 shares at 148.61 on 2024-10-14 15:00:00+00:00
2024-11-10 20:20:28,486 - Long Buy 118.00 shares at 148.82 on 2024-10-14 15:15:00+00:00
2024-11-10 20:20:28,486 - Sell to close 889.00 shares at 149.74 on 2024-10-14 15:30:00+00:00 (Exit: Signal, Profit: 1775.9900000000046, Duration: 105.0 minutes)
2024-11-10 20:20:28,486 - Short Sell 133.00 shares at 149.95 on 2024-10-14 15:45:00+00:00
2024-11-10 20:20:28,486 - Short Sell 133.00 shares at 149.53 on 2024-10-14 16:00:00+00:00
2024-11-10 20:20:28,486 - Short Sell 133.00 shares at 149.5 on 2024-10-14 16:15:00+00:00
2024-11-10 20:20:28,486 - Short Sell 133.00 shares at 149.5 on 2024-10-14 16:30:00+00:00
2024-11-10 20:20:28,486 - Short Sell 133.00 shares at 149.6 on 2024-10-14 16:45:00+00:00
2024-11-10 20:20:28,486 - Short Sell 133.00 shares at 149.8 on 2024-10-14 17:00:00+00:00
2024-11-10 20:20:28,486 - Short Sell 133.00 shares at 149.31 on 2024-10-14 17:15:00+00:00
2024-11-10 20:20:28,486 - Short Sell 133.00 shares at 149.22 on 2024-10-14 18:30:00+00:00
2024-11-10 20:20:28,486 - Short Sell 134.00 shares at 149.05 on 2024-10-14 18:45:00+00:00
2024-11-10 20:20:28,486 - Short Sell 134.00 shares at 149.1 on 2024-10-14 19:00:00+00:00
2024-11-10 20:20:28,486 - Buy to cover -1332.00 shares at 148.65 on 2024-10-14 19:15:00+00:00 (Exit: Signal, Profit: 1072.829999999993, Duration: 210.0 minutes)
2024-11-10 20:20:28,486 - Long Buy 134.00 shares at 148.68 on 2024-10-14 19:30:00+00:00
2024-11-10 20:20:28,486 - Sell to close 134.00 shares at 149.57 on 2024-10-15 13:30:00+00:00 (Exit: Signal, Profit: 119.25999999999817, Duration: 1080.0 minutes)
2024-11-10 20:20:28,486 - Short Sell 133.00 shares at 149.83 on 2024-10-15 13:45:00+00:00
2024-11-10 20:20:28,486 - Short Sell 133.00 shares at 149.86 on 2024-10-15 14:00:00+00:00
2024-11-10 20:20:28,486 - Short Sell 133.00 shares at 149.63 on 2024-10-15 14:15:00+00:00
2024-11-10 20:20:28,486 - Short Sell 134.00 shares at 149.33 on 2024-10-15 14:30:00+00:00
2024-11-10 20:20:28,486 - Short Sell 131.00 shares at 151.56 on 2024-10-15 14:45:00+00:00
2024-11-10 20:20:28,486 - Short Sell 132.00 shares at 150.86 on 2024-10-15 15:00:00+00:00
2024-11-10 20:20:28,486 - Short Sell 131.00 shares at 151.59 on 2024-10-15 15:15:00+00:00
2024-11-10 20:20:28,486 - Short Sell 131.00 shares at 151.89 on 2024-10-15 15:30:00+00:00
2024-11-10 20:20:28,487 - Short Sell 132.00 shares at 151.41 on 2024-10-15 15:45:00+00:00
2024-11-10 20:20:28,487 - Buy to cover -1190.00 shares at 152.33 on 2024-10-15 16:00:00+00:00 (Exit: Stop_loss, Profit: -1993.0400000000543, Duration: 135.0 minutes)
2024-11-10 20:20:28,487 - Short Sell 130.00 shares at 153.6 on 2024-10-15 16:15:00+00:00
2024-11-10 20:20:28,487 - Short Sell 129.00 shares at 153.68 on 2024-10-15 16:30:00+00:00
2024-11-10 20:20:28,487 - Buy to cover -259.00 shares at 152.88 on 2024-10-15 16:45:00+00:00 (Exit: Signal, Profit: 196.7999999999997, Duration: 30.0 minutes)
2024-11-10 20:20:28,487 - Long Buy 130.00 shares at 152.68 on 2024-10-15 17:00:00+00:00
2024-11-10 20:20:28,487 - Long Buy 128.00 shares at 152.13 on 2024-10-15 17:15:00+00:00
2024-11-10 20:20:28,487 - Long Buy 125.00 shares at 152.3 on 2024-10-15 17:30:00+00:00
2024-11-10 20:20:28,487 - Long Buy 123.00 shares at 152.21 on 2024-10-15 17:45:00+00:00
2024-11-10 20:20:28,487 - Long Buy 120.00 shares at 152.49 on 2024-10-15 18:00:00+00:00
2024-11-10 20:20:28,487 - Long Buy 118.00 shares at 152.45 on 2024-10-15 18:15:00+00:00
2024-11-10 20:20:28,487 - Long Buy 116.00 shares at 151.92 on 2024-10-15 18:30:00+00:00
2024-11-10 20:20:28,487 - Long Buy 114.00 shares at 152.15 on 2024-10-15 18:45:00+00:00
2024-11-10 20:20:28,487 - Long Buy 111.00 shares at 151.89 on 2024-10-15 19:00:00+00:00
2024-11-10 20:20:28,487 - Long Buy 109.00 shares at 151.99 on 2024-10-15 19:15:00+00:00
2024-11-10 20:20:28,487 - Long Buy 107.00 shares at 152.2 on 2024-10-15 19:30:00+00:00
2024-11-10 20:20:28,487 - Long Buy 105.00 shares at 152.44 on 2024-10-15 19:45:00+00:00
2024-11-10 20:20:28,487 - Long Buy 102.00 shares at 152.85 on 2024-10-16 13:30:00+00:00
2024-11-10 20:20:28,487 - Sell to close 1508.00 shares at 153.33 on 2024-10-16 13:45:00+00:00 (Exit: Signal, Profit: 1576.5499999999943, Duration: 1245.0 minutes)
2024-11-10 20:20:28,487 - Long Buy 131.00 shares at 151.74 on 2024-10-16 14:00:00+00:00
2024-11-10 20:20:28,487 - Long Buy 129.00 shares at 151.96 on 2024-10-16 14:15:00+00:00
2024-11-10 20:20:28,487 - Long Buy 126.00 shares at 152.14 on 2024-10-16 14:30:00+00:00
2024-11-10 20:20:28,487 - Sell to close 386.00 shares at 153.44 on 2024-10-16 14:45:00+00:00 (Exit: Signal, Profit: 577.4200000000037, Duration: 45.0 minutes)
2024-11-10 20:20:28,487 - Short Sell 129.00 shares at 154.15 on 2024-10-16 15:00:00+00:00
2024-11-10 20:20:28,487 - Short Sell 130.00 shares at 153.57 on 2024-10-16 15:15:00+00:00
2024-11-10 20:20:28,487 - Short Sell 130.00 shares at 153.6 on 2024-10-16 15:30:00+00:00
2024-11-10 20:20:28,487 - Short Sell 130.00 shares at 153.3 on 2024-10-16 15:45:00+00:00
2024-11-10 20:20:28,487 - Short Sell 130.00 shares at 153.36 on 2024-10-16 16:00:00+00:00
2024-11-10 20:20:28,487 - Short Sell 130.00 shares at 153.64 on 2024-10-16 16:15:00+00:00
2024-11-10 20:20:28,487 - Short Sell 129.00 shares at 154.23 on 2024-10-16 16:30:00+00:00
2024-11-10 20:20:28,487 - Short Sell 130.00 shares at 153.48 on 2024-10-16 16:45:00+00:00
2024-11-10 20:20:28,488 - Short Sell 130.00 shares at 153.59 on 2024-10-16 17:00:00+00:00
2024-11-10 20:20:28,488 - Short Sell 130.00 shares at 153.62 on 2024-10-16 17:15:00+00:00
2024-11-10 20:20:28,488 - Short Sell 130.00 shares at 153.68 on 2024-10-16 17:30:00+00:00
2024-11-10 20:20:28,488 - Short Sell 130.00 shares at 153.84 on 2024-10-16 17:45:00+00:00
2024-11-10 20:20:28,488 - Short Sell 129.00 shares at 154.88 on 2024-10-16 18:00:00+00:00
2024-11-10 20:20:28,488 - Short Sell 129.00 shares at 154.31 on 2024-10-16 18:15:00+00:00
2024-11-10 20:20:28,488 - Short Sell 129.00 shares at 154.11 on 2024-10-16 18:30:00+00:00
2024-11-10 20:20:28,488 - Short Sell 129.00 shares at 154.09 on 2024-10-16 18:45:00+00:00
2024-11-10 20:20:28,488 - Short Sell 129.00 shares at 154.19 on 2024-10-16 19:00:00+00:00
2024-11-10 20:20:28,488 - Short Sell 129.00 shares at 154.11 on 2024-10-16 19:15:00+00:00
2024-11-10 20:20:28,488 - Short Sell 129.00 shares at 154.19 on 2024-10-16 19:30:00+00:00
2024-11-10 20:20:28,488 - Short Sell 128.00 shares at 154.88 on 2024-10-16 19:45:00+00:00
2024-11-10 20:20:28,488 - Short Sell 128.00 shares at 155.66 on 2024-10-17 13:30:00+00:00
2024-11-10 20:20:28,488 - Short Sell 128.00 shares at 155.62 on 2024-10-17 13:45:00+00:00
2024-11-10 20:20:28,488 - Short Sell 128.00 shares at 155.25 on 2024-10-17 14:00:00+00:00
2024-11-10 20:20:28,488 - Short Sell 129.00 shares at 154.46 on 2024-10-17 14:15:00+00:00
2024-11-10 20:20:28,488 - Short Sell 128.00 shares at 154.89 on 2024-10-17 14:30:00+00:00
2024-11-10 20:20:28,488 - Short Sell 128.00 shares at 155.3 on 2024-10-17 14:45:00+00:00
2024-11-10 20:20:28,488 - Buy to cover -3358.00 shares at 156.43 on 2024-10-17 15:00:00+00:00 (Exit: Stop_loss, Profit: -7397.860000000052, Duration: 1440.0 minutes)
2024-11-10 20:20:28,488 - Short Sell 126.00 shares at 156.6 on 2024-10-17 15:15:00+00:00
2024-11-10 20:20:28,488 - Short Sell 127.00 shares at 156.05 on 2024-10-17 15:30:00+00:00
2024-11-10 20:20:28,488 - Short Sell 127.00 shares at 155.74 on 2024-10-17 15:45:00+00:00
2024-11-10 20:20:28,488 - Short Sell 127.00 shares at 155.79 on 2024-10-17 16:00:00+00:00
2024-11-10 20:20:28,488 - Short Sell 127.00 shares at 156.08 on 2024-10-17 16:15:00+00:00
2024-11-10 20:20:28,488 - Short Sell 126.00 shares at 156.47 on 2024-10-17 16:30:00+00:00
2024-11-10 20:20:28,488 - Short Sell 126.00 shares at 156.76 on 2024-10-17 16:45:00+00:00
2024-11-10 20:20:28,488 - Short Sell 126.00 shares at 156.46 on 2024-10-17 17:00:00+00:00
2024-11-10 20:20:28,488 - Short Sell 126.00 shares at 156.74 on 2024-10-17 17:15:00+00:00
2024-11-10 20:20:28,488 - Short Sell 127.00 shares at 156.39 on 2024-10-17 17:30:00+00:00
2024-11-10 20:20:28,488 - Short Sell 127.00 shares at 155.86 on 2024-10-17 17:45:00+00:00
2024-11-10 20:20:28,488 - Short Sell 127.00 shares at 156.02 on 2024-10-17 18:00:00+00:00
2024-11-10 20:20:28,488 - Short Sell 127.00 shares at 155.68 on 2024-10-17 18:15:00+00:00
2024-11-10 20:20:28,488 - Short Sell 127.00 shares at 155.88 on 2024-10-17 18:30:00+00:00
2024-11-10 20:20:28,488 - Buy to cover -1773.00 shares at 155.35 on 2024-10-17 19:00:00+00:00 (Exit: Signal, Profit: 1469.4600000000328, Duration: 225.0 minutes)
2024-11-10 20:20:28,489 - Long Buy 128.00 shares at 155.43 on 2024-10-17 19:15:00+00:00
2024-11-10 20:20:28,489 - Long Buy 125.00 shares at 155.43 on 2024-10-17 19:30:00+00:00
2024-11-10 20:20:28,489 - Long Buy 123.00 shares at 155.28 on 2024-10-17 19:45:00+00:00
2024-11-10 20:20:28,489 - Sell to close 376.00 shares at 156.36 on 2024-10-18 13:30:00+00:00 (Exit: Signal, Profit: 368.1300000000076, Duration: 1095.0 minutes)
2024-11-10 20:20:28,489 - Long Buy 128.00 shares at 154.99 on 2024-10-18 13:45:00+00:00
2024-11-10 20:20:28,489 - Long Buy 126.00 shares at 154.6 on 2024-10-18 14:00:00+00:00
2024-11-10 20:20:28,489 - Long Buy 123.00 shares at 154.59 on 2024-10-18 14:15:00+00:00
2024-11-10 20:20:28,489 - Long Buy 121.00 shares at 154.85 on 2024-10-18 14:30:00+00:00
2024-11-10 20:20:28,489 - Long Buy 118.00 shares at 154.79 on 2024-10-18 14:45:00+00:00
2024-11-10 20:20:28,489 - Long Buy 116.00 shares at 154.38 on 2024-10-18 15:00:00+00:00
2024-11-10 20:20:28,489 - Long Buy 114.00 shares at 154.16 on 2024-10-18 15:15:00+00:00
2024-11-10 20:20:28,489 - Long Buy 111.00 shares at 154.4 on 2024-10-18 15:30:00+00:00
2024-11-10 20:20:28,489 - Sell to close 957.00 shares at 154.62 on 2024-10-18 15:45:00+00:00 (Exit: Signal, Profit: 15.660000000012957, Duration: 120.0 minutes)
2024-11-10 20:20:28,489 - Short Sell 128.00 shares at 154.71 on 2024-10-18 16:00:00+00:00
2024-11-10 20:20:28,489 - Short Sell 128.00 shares at 155.01 on 2024-10-18 16:15:00+00:00
2024-11-10 20:20:28,489 - Short Sell 128.00 shares at 154.8 on 2024-10-18 16:30:00+00:00
2024-11-10 20:20:28,489 - Short Sell 128.00 shares at 154.94 on 2024-10-18 16:45:00+00:00
2024-11-10 20:20:28,489 - Short Sell 128.00 shares at 154.99 on 2024-10-18 17:00:00+00:00
2024-11-10 20:20:28,489 - Short Sell 128.00 shares at 154.84 on 2024-10-18 17:15:00+00:00
2024-11-10 20:20:28,489 - Short Sell 128.00 shares at 154.88 on 2024-10-18 17:30:00+00:00
2024-11-10 20:20:28,489 - Short Sell 128.00 shares at 154.83 on 2024-10-18 17:45:00+00:00
2024-11-10 20:20:28,489 - Short Sell 128.00 shares at 154.83 on 2024-10-18 18:00:00+00:00
2024-11-10 20:20:28,489 - Short Sell 128.00 shares at 154.92 on 2024-10-18 18:15:00+00:00
2024-11-10 20:20:28,489 - Short Sell 128.00 shares at 154.69 on 2024-10-18 18:30:00+00:00
2024-11-10 20:20:28,489 - Short Sell 128.00 shares at 154.66 on 2024-10-18 18:45:00+00:00
2024-11-10 20:20:28,489 - Short Sell 128.00 shares at 154.95 on 2024-10-18 19:15:00+00:00
2024-11-10 20:20:28,489 - Buy to cover -1664.00 shares at 154.92 on 2024-10-18 19:30:00+00:00 (Exit: Signal, Profit: -116.47999999998865, Duration: 210.0 minutes)
2024-11-10 20:20:28,489 - Short Sell 122.00 shares at 162.13 on 2024-10-21 13:30:00+00:00
2024-11-10 20:20:28,490 - Short Sell 123.00 shares at 161.0 on 2024-10-21 13:45:00+00:00
2024-11-10 20:20:28,490 - Short Sell 124.00 shares at 160.55 on 2024-10-21 14:00:00+00:00
2024-11-10 20:20:28,490 - Short Sell 123.00 shares at 161.5 on 2024-10-21 14:15:00+00:00
2024-11-10 20:20:28,490 - Short Sell 122.00 shares at 161.93 on 2024-10-21 14:30:00+00:00
2024-11-10 20:20:28,490 - Short Sell 123.00 shares at 160.68 on 2024-10-21 14:45:00+00:00
2024-11-10 20:20:28,490 - Short Sell 124.00 shares at 159.77 on 2024-10-21 15:00:00+00:00
2024-11-10 20:20:28,490 - Short Sell 124.00 shares at 159.57 on 2024-10-21 15:15:00+00:00
2024-11-10 20:20:28,490 - Short Sell 124.00 shares at 159.55 on 2024-10-21 15:30:00+00:00
2024-11-10 20:20:28,490 - Short Sell 124.00 shares at 160.06 on 2024-10-21 15:45:00+00:00
2024-11-10 20:20:28,490 - Short Sell 124.00 shares at 159.49 on 2024-10-21 16:00:00+00:00
2024-11-10 20:20:28,490 - Short Sell 124.00 shares at 159.95 on 2024-10-21 16:15:00+00:00
2024-11-10 20:20:28,490 - Short Sell 124.00 shares at 159.62 on 2024-10-21 16:30:00+00:00
2024-11-10 20:20:28,490 - Short Sell 124.00 shares at 160.04 on 2024-10-21 16:45:00+00:00
2024-11-10 20:20:28,490 - Short Sell 124.00 shares at 159.84 on 2024-10-21 17:00:00+00:00
2024-11-10 20:20:28,490 - Short Sell 124.00 shares at 160.42 on 2024-10-21 17:15:00+00:00
2024-11-10 20:20:28,490 - Short Sell 124.00 shares at 160.09 on 2024-10-21 17:30:00+00:00
2024-11-10 20:20:28,490 - Short Sell 124.00 shares at 159.9 on 2024-10-21 17:45:00+00:00
2024-11-10 20:20:28,490 - Buy to cover -2225.00 shares at 158.92 on 2024-10-21 18:00:00+00:00 (Exit: Signal, Profit: 3146.859999999937, Duration: 270.0 minutes)
2024-11-10 20:20:28,490 - Long Buy 125.00 shares at 159.27 on 2024-10-21 18:30:00+00:00
2024-11-10 20:20:28,490 - Long Buy 122.00 shares at 159.33 on 2024-10-21 18:45:00+00:00
2024-11-10 20:20:28,490 - Long Buy 120.00 shares at 158.63 on 2024-10-22 13:30:00+00:00
2024-11-10 20:20:28,490 - Long Buy 117.00 shares at 159.47 on 2024-10-22 14:00:00+00:00
2024-11-10 20:20:28,490 - Long Buy 115.00 shares at 159.1 on 2024-10-22 14:15:00+00:00
2024-11-10 20:20:28,490 - Long Buy 113.00 shares at 159.43 on 2024-10-22 14:30:00+00:00
2024-11-10 20:20:28,490 - Sell to close 712.00 shares at 159.91 on 2024-10-22 15:15:00+00:00 (Exit: Signal, Profit: 503.2300000000116, Duration: 1245.0 minutes)
2024-11-10 20:20:28,490 - Long Buy 125.00 shares at 159.1 on 2024-10-22 15:30:00+00:00
2024-11-10 20:20:28,490 - Long Buy 122.00 shares at 159.2 on 2024-10-22 15:45:00+00:00
2024-11-10 20:20:28,490 - Sell to close 247.00 shares at 160.07 on 2024-10-22 16:30:00+00:00 (Exit: Signal, Profit: 227.39000000000175, Duration: 60.0 minutes)
2024-11-10 20:20:28,491 - Short Sell 124.00 shares at 160.33 on 2024-10-22 17:30:00+00:00
2024-11-10 20:20:28,491 - Buy to cover -124.00 shares at 160.27 on 2024-10-22 17:45:00+00:00 (Exit: Signal, Profit: 7.440000000000282, Duration: 15.0 minutes)
2024-11-10 20:20:28,491 - Long Buy 124.00 shares at 160.03 on 2024-10-22 18:00:00+00:00
2024-11-10 20:20:28,491 - Long Buy 122.00 shares at 159.99 on 2024-10-22 18:15:00+00:00
2024-11-10 20:20:28,491 - Long Buy 120.00 shares at 159.97 on 2024-10-22 18:30:00+00:00
2024-11-10 20:20:28,491 - Long Buy 117.00 shares at 159.99 on 2024-10-22 18:45:00+00:00
2024-11-10 20:20:28,491 - Long Buy 115.00 shares at 160.05 on 2024-10-22 19:00:00+00:00
2024-11-10 20:20:28,491 - Long Buy 113.00 shares at 159.9 on 2024-10-22 19:15:00+00:00
2024-11-10 20:20:28,491 - Long Buy 111.00 shares at 159.38 on 2024-10-22 19:30:00+00:00
2024-11-10 20:20:28,491 - Long Buy 108.00 shares at 159.86 on 2024-10-22 19:45:00+00:00
2024-11-10 20:20:28,491 - Long Buy 106.00 shares at 159.36 on 2024-10-23 13:30:00+00:00
2024-11-10 20:20:28,491 - Long Buy 105.00 shares at 158.12 on 2024-10-23 14:00:00+00:00
2024-11-10 20:20:28,491 - Long Buy 103.00 shares at 158.34 on 2024-10-23 14:15:00+00:00
2024-11-10 20:20:28,491 - Long Buy 100.00 shares at 158.89 on 2024-10-23 14:30:00+00:00
2024-11-10 20:20:28,491 - Sell to close 1344.00 shares at 154.96 on 2024-10-23 14:45:00+00:00 (Exit: Stop_loss, Profit: -6134.780000000021, Duration: 1245.0 minutes)
2024-11-10 20:20:28,491 - Long Buy 128.00 shares at 154.16 on 2024-10-23 15:00:00+00:00
2024-11-10 20:20:28,491 - Long Buy 126.00 shares at 153.99 on 2024-10-23 15:15:00+00:00
2024-11-10 20:20:28,491 - Sell to close 254.00 shares at 155.16 on 2024-10-23 15:30:00+00:00 (Exit: Signal, Profit: 275.4199999999986, Duration: 30.0 minutes)
2024-11-10 20:20:28,491 - Short Sell 127.00 shares at 155.76 on 2024-10-23 15:45:00+00:00
2024-11-10 20:20:28,491 - Short Sell 127.00 shares at 156.35 on 2024-10-23 16:00:00+00:00
2024-11-10 20:20:28,491 - Short Sell 127.00 shares at 155.33 on 2024-10-23 16:15:00+00:00
2024-11-10 20:20:28,491 - Short Sell 127.00 shares at 155.59 on 2024-10-23 16:30:00+00:00
2024-11-10 20:20:28,491 - Short Sell 126.00 shares at 156.45 on 2024-10-23 16:45:00+00:00
2024-11-10 20:20:28,491 - Short Sell 127.00 shares at 156.06 on 2024-10-23 17:00:00+00:00
2024-11-10 20:20:28,491 - Short Sell 126.00 shares at 157.08 on 2024-10-23 17:15:00+00:00
2024-11-10 20:20:28,491 - Short Sell 125.00 shares at 157.51 on 2024-10-23 17:30:00+00:00
2024-11-10 20:20:28,491 - Short Sell 125.00 shares at 157.5 on 2024-10-23 17:45:00+00:00
2024-11-10 20:20:28,491 - Short Sell 125.00 shares at 157.82 on 2024-10-23 18:00:00+00:00
2024-11-10 20:20:28,491 - Short Sell 126.00 shares at 156.6 on 2024-10-23 18:15:00+00:00
2024-11-10 20:20:28,491 - Short Sell 126.00 shares at 157.16 on 2024-10-23 18:30:00+00:00
2024-11-10 20:20:28,491 - Short Sell 125.00 shares at 158.06 on 2024-10-23 18:45:00+00:00
2024-11-10 20:20:28,492 - Short Sell 125.00 shares at 157.92 on 2024-10-23 19:00:00+00:00
2024-11-10 20:20:28,492 - Short Sell 125.00 shares at 157.56 on 2024-10-23 19:15:00+00:00
2024-11-10 20:20:28,492 - Short Sell 125.00 shares at 158.15 on 2024-10-23 19:30:00+00:00
2024-11-10 20:20:28,492 - Buy to cover -2014.00 shares at 153.8 on 2024-10-24 13:30:00+00:00 (Exit: Signal, Profit: 6294.770000000035, Duration: 1305.0 minutes)
2024-11-10 20:20:28,492 - Long Buy 128.00 shares at 154.99 on 2024-10-24 13:45:00+00:00
2024-11-10 20:20:28,492 - Long Buy 127.00 shares at 153.42 on 2024-10-24 14:00:00+00:00
2024-11-10 20:20:28,492 - Long Buy 124.00 shares at 154.88 on 2024-10-24 14:15:00+00:00
2024-11-10 20:20:28,492 - Long Buy 121.00 shares at 155.1 on 2024-10-24 14:30:00+00:00
2024-11-10 20:20:28,492 - Long Buy 118.00 shares at 155.81 on 2024-10-24 14:45:00+00:00
2024-11-10 20:20:28,492 - Long Buy 116.00 shares at 155.5 on 2024-10-24 15:00:00+00:00
2024-11-10 20:20:28,492 - Long Buy 114.00 shares at 154.73 on 2024-10-24 15:15:00+00:00
2024-11-10 20:20:28,492 - Long Buy 112.00 shares at 154.09 on 2024-10-24 15:30:00+00:00
2024-11-10 20:20:28,492 - Long Buy 110.00 shares at 153.66 on 2024-10-24 15:45:00+00:00
2024-11-10 20:20:28,492 - Sell to close 1070.00 shares at 153.81 on 2024-10-24 16:00:00+00:00 (Exit: Signal, Profit: -942.0599999999913, Duration: 135.0 minutes)
2024-11-10 20:20:28,492 - Short Sell 129.00 shares at 154.28 on 2024-10-24 16:15:00+00:00
2024-11-10 20:20:28,492 - Short Sell 129.00 shares at 154.5 on 2024-10-24 16:30:00+00:00
2024-11-10 20:20:28,492 - Short Sell 129.00 shares at 154.25 on 2024-10-24 16:45:00+00:00
2024-11-10 20:20:28,492 - Short Sell 129.00 shares at 154.28 on 2024-10-24 17:00:00+00:00
2024-11-10 20:20:28,492 - Short Sell 129.00 shares at 154.19 on 2024-10-24 17:15:00+00:00
2024-11-10 20:20:28,492 - Short Sell 129.00 shares at 154.39 on 2024-10-24 17:30:00+00:00
2024-11-10 20:20:28,492 - Short Sell 129.00 shares at 154.57 on 2024-10-24 17:45:00+00:00
2024-11-10 20:20:28,492 - Short Sell 129.00 shares at 154.33 on 2024-10-24 18:00:00+00:00
2024-11-10 20:20:28,492 - Short Sell 129.00 shares at 154.7 on 2024-10-24 18:15:00+00:00
2024-11-10 20:20:28,492 - Short Sell 129.00 shares at 154.53 on 2024-10-24 18:30:00+00:00
2024-11-10 20:20:28,492 - Short Sell 129.00 shares at 154.74 on 2024-10-24 18:45:00+00:00
2024-11-10 20:20:28,492 - Short Sell 128.00 shares at 154.82 on 2024-10-24 19:00:00+00:00
2024-11-10 20:20:28,492 - Short Sell 128.00 shares at 154.84 on 2024-10-24 19:15:00+00:00
2024-11-10 20:20:28,492 - Short Sell 129.00 shares at 154.74 on 2024-10-24 19:30:00+00:00
2024-11-10 20:20:28,492 - Short Sell 128.00 shares at 155.18 on 2024-10-24 19:45:00+00:00
2024-11-10 20:20:28,492 - Short Sell 127.00 shares at 156.12 on 2024-10-25 13:30:00+00:00
2024-11-10 20:20:28,492 - Short Sell 127.00 shares at 156.05 on 2024-10-25 13:45:00+00:00
2024-11-10 20:20:28,492 - Short Sell 127.00 shares at 156.02 on 2024-10-25 14:00:00+00:00
2024-11-10 20:20:28,492 - Short Sell 126.00 shares at 156.84 on 2024-10-25 14:15:00+00:00
2024-11-10 20:20:28,492 - Short Sell 128.00 shares at 155.61 on 2024-10-25 14:30:00+00:00
2024-11-10 20:20:28,492 - Short Sell 127.00 shares at 156.05 on 2024-10-25 14:45:00+00:00
2024-11-10 20:20:28,493 - Short Sell 127.00 shares at 156.01 on 2024-10-25 15:00:00+00:00
2024-11-10 20:20:28,493 - Short Sell 128.00 shares at 155.46 on 2024-10-25 15:15:00+00:00
2024-11-10 20:20:28,493 - Short Sell 128.00 shares at 155.06 on 2024-10-25 15:30:00+00:00
2024-11-10 20:20:28,493 - Short Sell 128.00 shares at 155.0 on 2024-10-25 15:45:00+00:00
2024-11-10 20:20:28,493 - Short Sell 126.00 shares at 156.7 on 2024-10-25 16:15:00+00:00
2024-11-10 20:20:28,493 - Short Sell 126.00 shares at 156.97 on 2024-10-25 16:30:00+00:00
2024-11-10 20:20:28,493 - Short Sell 127.00 shares at 156.3 on 2024-10-25 16:45:00+00:00
2024-11-10 20:20:28,493 - Buy to cover -3584.00 shares at 155.3 on 2024-10-25 17:00:00+00:00 (Exit: Signal, Profit: -263.430000000124, Duration: 1485.0 minutes)
2024-11-10 20:20:28,493 - Long Buy 128.00 shares at 155.2 on 2024-10-25 17:15:00+00:00
2024-11-10 20:20:28,493 - Long Buy 126.00 shares at 154.86 on 2024-10-25 17:30:00+00:00
2024-11-10 20:20:28,493 - Long Buy 123.00 shares at 155.38 on 2024-10-25 17:45:00+00:00
2024-11-10 20:20:28,493 - Long Buy 121.00 shares at 154.95 on 2024-10-25 18:00:00+00:00
2024-11-10 20:20:28,493 - Long Buy 118.00 shares at 155.4 on 2024-10-25 18:15:00+00:00
2024-11-10 20:20:28,493 - Long Buy 116.00 shares at 155.5 on 2024-10-25 18:30:00+00:00
2024-11-10 20:20:28,493 - Long Buy 113.00 shares at 155.49 on 2024-10-25 18:45:00+00:00
2024-11-10 20:20:28,493 - Long Buy 111.00 shares at 155.14 on 2024-10-25 19:00:00+00:00
2024-11-10 20:20:28,493 - Long Buy 109.00 shares at 155.22 on 2024-10-25 19:15:00+00:00
2024-11-10 20:20:28,493 - Long Buy 107.00 shares at 155.0 on 2024-10-25 19:30:00+00:00
2024-11-10 20:20:28,493 - Long Buy 105.00 shares at 155.03 on 2024-10-25 19:45:00+00:00
2024-11-10 20:20:28,493 - Sell to close 1277.00 shares at 152.27 on 2024-10-28 13:30:00+00:00 (Exit: Stop_loss, Profit: -3738.1000000000386, Duration: 4095.0 minutes)
2024-11-10 20:20:28,493 - Long Buy 130.00 shares at 151.92 on 2024-10-28 13:45:00+00:00
2024-11-10 20:20:28,493 - Long Buy 128.00 shares at 151.86 on 2024-10-28 14:00:00+00:00
2024-11-10 20:20:28,493 - Sell to close 258.00 shares at 152.53 on 2024-10-28 14:15:00+00:00 (Exit: Signal, Profit: 165.06000000000148, Duration: 30.0 minutes)
2024-11-10 20:20:28,493 - Short Sell 129.00 shares at 153.22 on 2024-10-28 14:30:00+00:00
2024-11-10 20:20:28,493 - Short Sell 129.00 shares at 153.46 on 2024-10-28 14:45:00+00:00
2024-11-10 20:20:28,493 - Short Sell 128.00 shares at 155.08 on 2024-10-28 15:00:00+00:00
2024-11-10 20:20:28,493 - Short Sell 128.00 shares at 154.33 on 2024-10-28 15:15:00+00:00
2024-11-10 20:20:28,493 - Short Sell 129.00 shares at 153.84 on 2024-10-28 15:30:00+00:00
2024-11-10 20:20:28,493 - Short Sell 130.00 shares at 152.91 on 2024-10-28 15:45:00+00:00
2024-11-10 20:20:28,493 - Short Sell 129.00 shares at 153.59 on 2024-10-28 16:00:00+00:00
2024-11-10 20:20:28,493 - Short Sell 129.00 shares at 153.72 on 2024-10-28 16:15:00+00:00
2024-11-10 20:20:28,493 - Short Sell 129.00 shares at 153.46 on 2024-10-28 16:30:00+00:00
2024-11-10 20:20:28,494 - Short Sell 130.00 shares at 152.81 on 2024-10-28 16:45:00+00:00
2024-11-10 20:20:28,494 - Short Sell 130.00 shares at 152.88 on 2024-10-28 17:00:00+00:00
2024-11-10 20:20:28,494 - Short Sell 130.00 shares at 153.02 on 2024-10-28 17:15:00+00:00
2024-11-10 20:20:28,494 - Short Sell 129.00 shares at 153.45 on 2024-10-28 17:30:00+00:00
2024-11-10 20:20:28,494 - Short Sell 129.00 shares at 153.93 on 2024-10-28 17:45:00+00:00
2024-11-10 20:20:28,494 - Buy to cover -1808.00 shares at 153.43 on 2024-10-28 18:00:00+00:00 (Exit: Signal, Profit: 212.06999999997242, Duration: 210.0 minutes)
2024-11-10 20:20:28,494 - Long Buy 129.00 shares at 153.17 on 2024-10-28 18:15:00+00:00
2024-11-10 20:20:28,494 - Long Buy 127.00 shares at 152.53 on 2024-10-28 18:30:00+00:00
2024-11-10 20:20:28,494 - Long Buy 125.00 shares at 152.31 on 2024-10-28 18:45:00+00:00
2024-11-10 20:20:28,494 - Long Buy 123.00 shares at 152.1 on 2024-10-28 19:00:00+00:00
2024-11-10 20:20:28,494 - Long Buy 120.00 shares at 151.88 on 2024-10-28 19:15:00+00:00
2024-11-10 20:20:28,494 - Long Buy 118.00 shares at 151.34 on 2024-10-28 19:30:00+00:00
2024-11-10 20:20:28,494 - Long Buy 117.00 shares at 150.72 on 2024-10-28 19:45:00+00:00
2024-11-10 20:20:28,494 - Long Buy 114.00 shares at 150.45 on 2024-10-29 13:30:00+00:00
2024-11-10 20:20:28,494 - Long Buy 111.00 shares at 151.55 on 2024-10-29 13:45:00+00:00
2024-11-10 20:20:28,494 - Long Buy 109.00 shares at 152.16 on 2024-10-29 14:00:00+00:00
2024-11-10 20:20:28,494 - Long Buy 106.00 shares at 153.24 on 2024-10-29 14:15:00+00:00
2024-11-10 20:20:28,494 - Sell to close 1299.00 shares at 155.01 on 2024-10-29 14:45:00+00:00 (Exit: Profit_take, Profit: 3960.5100000000175, Duration: 1230.0 minutes)
2024-11-10 20:20:28,494 - Short Sell 128.00 shares at 155.25 on 2024-10-29 15:15:00+00:00
2024-11-10 20:20:28,494 - Short Sell 128.00 shares at 155.69 on 2024-10-29 15:30:00+00:00
2024-11-10 20:20:28,494 - Short Sell 129.00 shares at 154.76 on 2024-10-29 15:45:00+00:00
2024-11-10 20:20:28,494 - Short Sell 129.00 shares at 154.1 on 2024-10-29 16:00:00+00:00
2024-11-10 20:20:28,494 - Buy to cover -514.00 shares at 152.93 on 2024-10-29 16:15:00+00:00 (Exit: Signal, Profit: 1037.2399999999902, Duration: 60.0 minutes)
2024-11-10 20:20:28,494 - Long Buy 130.00 shares at 153.39 on 2024-10-29 16:30:00+00:00
2024-11-10 20:20:28,494 - Long Buy 127.00 shares at 153.25 on 2024-10-29 16:45:00+00:00
2024-11-10 20:20:28,494 - Sell to close 257.00 shares at 154.59 on 2024-10-29 17:15:00+00:00 (Exit: Signal, Profit: 326.1800000000019, Duration: 45.0 minutes)
2024-11-10 20:20:28,494 - Short Sell 129.00 shares at 154.59 on 2024-10-29 17:30:00+00:00
2024-11-10 20:20:28,494 - Short Sell 129.00 shares at 154.46 on 2024-10-29 17:45:00+00:00
2024-11-10 20:20:28,494 - Short Sell 130.00 shares at 153.83 on 2024-10-29 19:00:00+00:00
2024-11-10 20:20:28,495 - Short Sell 129.00 shares at 154.49 on 2024-10-29 19:15:00+00:00
2024-11-10 20:20:28,495 - Short Sell 129.00 shares at 154.1 on 2024-10-29 19:30:00+00:00
2024-11-10 20:20:28,495 - Buy to cover -646.00 shares at 152.97 on 2024-10-29 19:45:00+00:00 (Exit: Signal, Profit: 854.8399999999898, Duration: 135.0 minutes)
2024-11-10 20:20:28,495 - Short Sell 129.00 shares at 154.44 on 2024-10-30 13:30:00+00:00
2024-11-10 20:20:28,495 - Short Sell 128.00 shares at 155.55 on 2024-10-30 13:45:00+00:00
2024-11-10 20:20:28,495 - Short Sell 128.00 shares at 155.44 on 2024-10-30 14:00:00+00:00
2024-11-10 20:20:28,495 - Short Sell 129.00 shares at 154.78 on 2024-10-30 14:15:00+00:00
2024-11-10 20:20:28,495 - Short Sell 129.00 shares at 154.69 on 2024-10-30 14:30:00+00:00
2024-11-10 20:20:28,495 - Short Sell 129.00 shares at 155.18 on 2024-10-30 14:45:00+00:00
2024-11-10 20:20:28,495 - Short Sell 129.00 shares at 155.13 on 2024-10-30 15:00:00+00:00
2024-11-10 20:20:28,495 - Short Sell 128.00 shares at 155.25 on 2024-10-30 15:15:00+00:00
2024-11-10 20:20:28,495 - Short Sell 128.00 shares at 155.84 on 2024-10-30 15:30:00+00:00
2024-11-10 20:20:28,495 - Short Sell 128.00 shares at 155.88 on 2024-10-30 15:45:00+00:00
2024-11-10 20:20:28,495 - Short Sell 129.00 shares at 155.22 on 2024-10-30 16:00:00+00:00
2024-11-10 20:20:28,495 - Short Sell 128.00 shares at 155.27 on 2024-10-30 16:15:00+00:00
2024-11-10 20:20:28,495 - Short Sell 128.00 shares at 156.0 on 2024-10-30 16:30:00+00:00
2024-11-10 20:20:28,495 - Short Sell 127.00 shares at 156.28 on 2024-10-30 16:45:00+00:00
2024-11-10 20:20:28,495 - Short Sell 128.00 shares at 156.14 on 2024-10-30 17:00:00+00:00
2024-11-10 20:20:28,495 - Short Sell 128.00 shares at 155.69 on 2024-10-30 17:15:00+00:00
2024-11-10 20:20:28,495 - Short Sell 128.00 shares at 155.88 on 2024-10-30 17:30:00+00:00
2024-11-10 20:20:28,495 - Short Sell 128.00 shares at 155.85 on 2024-10-30 17:45:00+00:00
2024-11-10 20:20:28,495 - Short Sell 127.00 shares at 156.45 on 2024-10-30 18:00:00+00:00
2024-11-10 20:20:28,495 - Short Sell 128.00 shares at 155.66 on 2024-10-30 18:15:00+00:00
2024-11-10 20:20:28,495 - Short Sell 128.00 shares at 156.14 on 2024-10-30 18:30:00+00:00
2024-11-10 20:20:28,495 - Short Sell 127.00 shares at 156.29 on 2024-10-30 18:45:00+00:00
2024-11-10 20:20:28,495 - Short Sell 128.00 shares at 155.78 on 2024-10-30 19:00:00+00:00
2024-11-10 20:20:28,495 - Short Sell 128.00 shares at 155.53 on 2024-10-30 19:15:00+00:00
2024-11-10 20:20:28,495 - Buy to cover -3075.00 shares at 154.54 on 2024-10-30 19:30:00+00:00 (Exit: Signal, Profit: 3248.000000000105, Duration: 360.0 minutes)
2024-11-10 20:20:28,495 - Long Buy 130.00 shares at 154.22 on 2024-10-30 19:45:00+00:00
2024-11-10 20:20:28,495 - Long Buy 129.00 shares at 152.35 on 2024-10-31 13:30:00+00:00
2024-11-10 20:20:28,495 - Long Buy 127.00 shares at 151.79 on 2024-10-31 13:45:00+00:00
2024-11-10 20:20:28,495 - Sell to close 386.00 shares at 150.88 on 2024-10-31 14:00:00+00:00 (Exit: Stop_loss, Profit: -739.399999999998, Duration: 1095.0 minutes)
2024-11-10 20:20:28,495 - Long Buy 132.00 shares at 151.44 on 2024-10-31 14:15:00+00:00
2024-11-10 20:20:28,495 - Long Buy 130.00 shares at 150.56 on 2024-10-31 14:30:00+00:00
2024-11-10 20:20:28,496 - Long Buy 129.00 shares at 148.97 on 2024-10-31 14:45:00+00:00
2024-11-10 20:20:28,496 - Sell to close 391.00 shares at 148.39 on 2024-10-31 15:00:00+00:00 (Exit: Stop_loss, Profit: -759.5199999999992, Duration: 45.0 minutes)
2024-11-10 20:20:28,496 - Long Buy 134.00 shares at 149.19 on 2024-10-31 15:15:00+00:00
2024-11-10 20:20:28,496 - Long Buy 132.00 shares at 148.57 on 2024-10-31 15:30:00+00:00
2024-11-10 20:20:28,496 - Long Buy 129.00 shares at 148.7 on 2024-10-31 15:45:00+00:00
2024-11-10 20:20:28,496 - Long Buy 126.00 shares at 149.69 on 2024-10-31 16:00:00+00:00
2024-11-10 20:20:28,496 - Long Buy 123.00 shares at 150.0 on 2024-10-31 16:15:00+00:00
2024-11-10 20:20:28,496 - Long Buy 121.00 shares at 149.87 on 2024-10-31 16:30:00+00:00
2024-11-10 20:20:28,496 - Long Buy 118.00 shares at 149.91 on 2024-10-31 16:45:00+00:00
2024-11-10 20:20:28,496 - Long Buy 116.00 shares at 149.9 on 2024-10-31 17:00:00+00:00
2024-11-10 20:20:28,496 - Long Buy 114.00 shares at 149.71 on 2024-10-31 17:15:00+00:00
2024-11-10 20:20:28,496 - Long Buy 111.00 shares at 149.59 on 2024-10-31 17:30:00+00:00
2024-11-10 20:20:28,496 - Long Buy 110.00 shares at 148.71 on 2024-10-31 17:45:00+00:00
2024-11-10 20:20:28,496 - Long Buy 107.00 shares at 149.25 on 2024-10-31 18:00:00+00:00
2024-11-10 20:20:28,496 - Long Buy 105.00 shares at 149.19 on 2024-10-31 18:15:00+00:00
2024-11-10 20:20:28,496 - Long Buy 103.00 shares at 149.35 on 2024-10-31 18:30:00+00:00
2024-11-10 20:20:28,496 - Long Buy 101.00 shares at 149.54 on 2024-10-31 18:45:00+00:00
2024-11-10 20:20:28,496 - Long Buy 99.00 shares at 149.28 on 2024-10-31 19:00:00+00:00
2024-11-10 20:20:28,496 - Long Buy 97.00 shares at 148.92 on 2024-10-31 19:15:00+00:00
2024-11-10 20:20:28,496 - Long Buy 95.00 shares at 149.08 on 2024-10-31 19:30:00+00:00
2024-11-10 20:20:28,496 - Long Buy 93.00 shares at 149.29 on 2024-10-31 19:45:00+00:00
2024-11-10 20:20:28,496 - Sell to close 2134.00 shares at 151.9 on 2024-11-01 13:30:00+00:00 (Exit: Signal, Profit: 5425.260000000021, Duration: 1335.0 minutes)
2024-11-10 20:20:28,496 - Short Sell 132.00 shares at 152.53 on 2024-11-01 13:45:00+00:00
2024-11-10 20:20:28,496 - Short Sell 132.00 shares at 152.75 on 2024-11-01 14:00:00+00:00
2024-11-10 20:20:28,496 - Short Sell 130.00 shares at 153.93 on 2024-11-01 14:15:00+00:00
2024-11-10 20:20:28,496 - Buy to cover -394.00 shares at 153.86 on 2024-11-01 14:30:00+00:00 (Exit: Signal, Profit: -312.9799999999998, Duration: 45.0 minutes)
2024-11-10 20:20:28,496 - Short Sell 130.00 shares at 154.92 on 2024-11-01 14:45:00+00:00
2024-11-10 20:20:28,496 - Short Sell 130.00 shares at 154.46 on 2024-11-01 15:00:00+00:00
2024-11-10 20:20:28,496 - Short Sell 129.00 shares at 155.3 on 2024-11-01 15:15:00+00:00
2024-11-10 20:20:28,496 - Short Sell 129.00 shares at 155.37 on 2024-11-01 15:30:00+00:00
2024-11-10 20:20:28,496 - Short Sell 130.00 shares at 154.91 on 2024-11-01 15:45:00+00:00
2024-11-10 20:20:28,496 - Short Sell 130.00 shares at 154.57 on 2024-11-01 16:00:00+00:00
2024-11-10 20:20:28,496 - Short Sell 130.00 shares at 154.62 on 2024-11-01 16:45:00+00:00
2024-11-10 20:20:28,496 - Short Sell 130.00 shares at 154.69 on 2024-11-01 17:00:00+00:00
2024-11-10 20:20:28,497 - Short Sell 130.00 shares at 155.05 on 2024-11-01 17:15:00+00:00
2024-11-10 20:20:28,497 - Buy to cover -1168.00 shares at 153.59 on 2024-11-01 17:45:00+00:00 (Exit: Signal, Profit: 1501.9100000000076, Duration: 180.0 minutes)
2024-11-10 20:20:28,497 - Long Buy 131.00 shares at 153.56 on 2024-11-01 18:00:00+00:00
2024-11-10 20:20:28,497 - Sell to close 131.00 shares at 154.03 on 2024-11-01 18:15:00+00:00 (Exit: Signal, Profit: 61.56999999999985, Duration: 15.0 minutes)
2024-11-10 20:20:28,497 - Short Sell 130.00 shares at 154.34 on 2024-11-01 18:30:00+00:00
2024-11-10 20:20:28,497 - Short Sell 130.00 shares at 154.67 on 2024-11-01 18:45:00+00:00
2024-11-10 20:20:28,497 - Short Sell 130.00 shares at 154.48 on 2024-11-01 19:00:00+00:00
2024-11-10 20:20:28,497 - Short Sell 131.00 shares at 153.98 on 2024-11-01 19:15:00+00:00
2024-11-10 20:20:28,497 - Short Sell 130.00 shares at 154.17 on 2024-11-01 19:30:00+00:00
2024-11-10 20:20:28,497 - Short Sell 130.00 shares at 154.65 on 2024-11-01 19:45:00+00:00
2024-11-10 20:20:28,497 - Short Sell 130.00 shares at 154.33 on 2024-11-04 14:30:00+00:00
2024-11-10 20:20:28,497 - Short Sell 130.00 shares at 154.93 on 2024-11-04 14:45:00+00:00
2024-11-10 20:20:28,497 - Short Sell 130.00 shares at 155.03 on 2024-11-04 15:00:00+00:00
2024-11-10 20:20:28,497 - Short Sell 130.00 shares at 155.09 on 2024-11-04 15:15:00+00:00
2024-11-10 20:20:28,497 - Short Sell 129.00 shares at 155.77 on 2024-11-04 15:30:00+00:00
2024-11-10 20:20:28,497 - Short Sell 129.00 shares at 155.85 on 2024-11-04 15:45:00+00:00
2024-11-10 20:20:28,497 - Short Sell 128.00 shares at 156.48 on 2024-11-04 16:00:00+00:00
2024-11-10 20:20:28,497 - Short Sell 128.00 shares at 156.34 on 2024-11-04 16:15:00+00:00
2024-11-10 20:20:28,497 - Buy to cover -1815.00 shares at 155.46 on 2024-11-04 16:30:00+00:00 (Exit: Signal, Profit: -828.8800000000077, Duration: 4200.0 minutes)
2024-11-10 20:20:28,497 - Long Buy 130.00 shares at 155.17 on 2024-11-04 16:45:00+00:00
2024-11-10 20:20:28,497 - Long Buy 127.00 shares at 155.27 on 2024-11-04 17:00:00+00:00
2024-11-10 20:20:28,497 - Long Buy 124.00 shares at 155.87 on 2024-11-04 17:15:00+00:00
2024-11-10 20:20:28,497 - Long Buy 121.00 shares at 156.02 on 2024-11-04 17:30:00+00:00
2024-11-10 20:20:28,497 - Long Buy 119.00 shares at 155.96 on 2024-11-04 18:15:00+00:00
2024-11-10 20:20:28,497 - Long Buy 116.00 shares at 155.96 on 2024-11-04 18:30:00+00:00
2024-11-10 20:20:28,497 - Long Buy 115.00 shares at 155.43 on 2024-11-04 18:45:00+00:00
2024-11-10 20:20:28,497 - Long Buy 112.00 shares at 155.83 on 2024-11-04 19:00:00+00:00
2024-11-10 20:20:28,497 - Long Buy 110.00 shares at 155.86 on 2024-11-04 19:15:00+00:00
2024-11-10 20:20:28,497 - Long Buy 107.00 shares at 156.12 on 2024-11-04 19:45:00+00:00
2024-11-10 20:20:28,497 - Long Buy 106.00 shares at 155.55 on 2024-11-04 20:00:00+00:00
2024-11-10 20:20:28,497 - Long Buy 104.00 shares at 155.44 on 2024-11-04 20:15:00+00:00
2024-11-10 20:20:28,497 - Long Buy 102.00 shares at 155.12 on 2024-11-04 20:45:00+00:00
2024-11-10 20:20:28,497 - Long Buy 100.00 shares at 154.52 on 2024-11-05 14:30:00+00:00
2024-11-10 20:20:28,498 - Sell to close 1593.00 shares at 153.05 on 2024-11-05 14:45:00+00:00 (Exit: Stop_loss, Profit: -4044.790000000006, Duration: 1320.0 minutes)
2024-11-10 20:20:28,498 - Long Buy 130.00 shares at 153.79 on 2024-11-05 15:00:00+00:00
2024-11-10 20:20:28,498 - Long Buy 128.00 shares at 153.87 on 2024-11-05 15:15:00+00:00
2024-11-10 20:20:28,498 - Long Buy 125.00 shares at 153.61 on 2024-11-05 15:30:00+00:00
2024-11-10 20:20:28,498 - Long Buy 123.00 shares at 152.99 on 2024-11-05 15:45:00+00:00
2024-11-10 20:20:28,498 - Long Buy 120.00 shares at 153.71 on 2024-11-05 16:00:00+00:00
2024-11-10 20:20:28,498 - Long Buy 118.00 shares at 153.94 on 2024-11-05 16:15:00+00:00
2024-11-10 20:20:28,498 - Long Buy 115.00 shares at 153.95 on 2024-11-05 16:30:00+00:00
2024-11-10 20:20:28,498 - Long Buy 113.00 shares at 153.79 on 2024-11-05 16:45:00+00:00
2024-11-10 20:20:28,498 - Long Buy 111.00 shares at 153.17 on 2024-11-05 17:00:00+00:00
2024-11-10 20:20:28,498 - Long Buy 109.00 shares at 152.91 on 2024-11-05 17:15:00+00:00
2024-11-10 20:20:28,498 - Sell to close 1192.00 shares at 153.18 on 2024-11-05 17:30:00+00:00 (Exit: Signal, Profit: -478.21999999995455, Duration: 150.0 minutes)
2024-11-10 20:20:28,498 - Short Sell 130.00 shares at 153.69 on 2024-11-05 17:45:00+00:00
2024-11-10 20:20:28,498 - Buy to cover -130.00 shares at 152.17 on 2024-11-05 18:15:00+00:00 (Exit: Signal, Profit: 197.60000000000133, Duration: 30.0 minutes)
2024-11-10 20:20:28,498 - Long Buy 131.00 shares at 152.27 on 2024-11-05 18:30:00+00:00
2024-11-10 20:20:28,498 - Long Buy 129.00 shares at 152.16 on 2024-11-05 18:45:00+00:00
2024-11-10 20:20:28,498 - Long Buy 127.00 shares at 151.92 on 2024-11-05 19:00:00+00:00
2024-11-10 20:20:28,498 - Long Buy 124.00 shares at 151.76 on 2024-11-05 19:15:00+00:00
2024-11-10 20:20:28,498 - Long Buy 121.00 shares at 152.21 on 2024-11-05 19:30:00+00:00
2024-11-10 20:20:28,498 - Long Buy 119.00 shares at 151.42 on 2024-11-05 19:45:00+00:00
2024-11-10 20:20:28,498 - Long Buy 117.00 shares at 151.75 on 2024-11-05 20:00:00+00:00
2024-11-10 20:20:28,498 - Long Buy 115.00 shares at 151.4 on 2024-11-05 20:15:00+00:00
2024-11-10 20:20:28,498 - Long Buy 113.00 shares at 150.89 on 2024-11-05 20:30:00+00:00
2024-11-10 20:20:28,498 - Long Buy 110.00 shares at 151.04 on 2024-11-05 20:45:00+00:00
2024-11-10 20:20:28,498 - Sell to close 1206.00 shares at 147.34 on 2024-11-06 14:30:00+00:00 (Exit: Stop_loss, Profit: -5263.159999999982, Duration: 1200.0 minutes)
2024-11-10 20:20:28,498 - Long Buy 136.00 shares at 146.79 on 2024-11-06 14:45:00+00:00
2024-11-10 20:20:28,498 - Long Buy 133.00 shares at 146.53 on 2024-11-06 15:00:00+00:00
2024-11-10 20:20:28,498 - Long Buy 132.00 shares at 144.9 on 2024-11-06 15:15:00+00:00
2024-11-10 20:20:28,498 - Long Buy 129.00 shares at 144.91 on 2024-11-06 15:30:00+00:00
2024-11-10 20:20:28,498 - Long Buy 126.00 shares at 145.88 on 2024-11-06 15:45:00+00:00
2024-11-10 20:20:28,498 - Long Buy 123.00 shares at 146.59 on 2024-11-06 16:00:00+00:00
2024-11-10 20:20:28,499 - Sell to close 779.00 shares at 147.52 on 2024-11-06 16:30:00+00:00 (Exit: Signal, Profit: 1234.509999999996, Duration: 105.0 minutes)
2024-11-10 20:20:28,499 - Short Sell 135.00 shares at 147.9 on 2024-11-06 17:00:00+00:00
2024-11-10 20:20:28,499 - Short Sell 135.00 shares at 148.19 on 2024-11-06 17:15:00+00:00
2024-11-10 20:20:28,499 - Short Sell 134.00 shares at 148.37 on 2024-11-06 17:30:00+00:00
2024-11-10 20:20:28,499 - Short Sell 134.00 shares at 148.63 on 2024-11-06 17:45:00+00:00
2024-11-10 20:20:28,499 - Short Sell 133.00 shares at 149.26 on 2024-11-06 18:00:00+00:00
2024-11-10 20:20:28,499 - Short Sell 134.00 shares at 149.21 on 2024-11-06 18:15:00+00:00
2024-11-10 20:20:28,499 - Short Sell 133.00 shares at 149.41 on 2024-11-06 18:30:00+00:00
2024-11-10 20:20:28,499 - Buy to cover -938.00 shares at 148.97 on 2024-11-06 18:45:00+00:00 (Exit: Signal, Profit: -246.45999999996292, Duration: 105.0 minutes)
2024-11-10 20:20:28,499 - Long Buy 134.00 shares at 149.08 on 2024-11-06 19:15:00+00:00
2024-11-10 20:20:28,499 - Long Buy 131.00 shares at 148.85 on 2024-11-06 19:45:00+00:00
2024-11-10 20:20:28,499 - Long Buy 129.00 shares at 148.4 on 2024-11-06 20:00:00+00:00
2024-11-10 20:20:28,499 - Long Buy 126.00 shares at 148.56 on 2024-11-06 20:15:00+00:00
2024-11-10 20:20:28,499 - Long Buy 124.00 shares at 147.91 on 2024-11-06 20:30:00+00:00
2024-11-10 20:20:28,499 - Long Buy 122.00 shares at 147.16 on 2024-11-06 20:45:00+00:00
2024-11-10 20:20:28,499 - Sell to close 766.00 shares at 149.8 on 2024-11-07 14:45:00+00:00 (Exit: Signal, Profit: 1114.2099999999923, Duration: 1170.0 minutes)
2024-11-10 20:20:28,499 - Short Sell 133.00 shares at 150.3 on 2024-11-07 15:00:00+00:00
2024-11-10 20:20:28,499 - Short Sell 133.00 shares at 150.38 on 2024-11-07 15:15:00+00:00
2024-11-10 20:20:28,499 - Short Sell 132.00 shares at 151.39 on 2024-11-07 15:30:00+00:00
2024-11-10 20:20:28,499 - Short Sell 131.00 shares at 151.89 on 2024-11-07 15:45:00+00:00
2024-11-10 20:20:28,499 - Buy to cover -529.00 shares at 150.7 on 2024-11-07 16:00:00+00:00 (Exit: Signal, Profit: 151.2100000000005, Duration: 60.0 minutes)
2024-11-10 20:20:28,499 - Long Buy 133.00 shares at 150.47 on 2024-11-07 16:15:00+00:00
2024-11-10 20:20:28,499 - Sell to close 133.00 shares at 151.71 on 2024-11-07 17:00:00+00:00 (Exit: Signal, Profit: 164.9200000000012, Duration: 45.0 minutes)
2024-11-10 20:20:28,499 - Short Sell 131.00 shares at 151.83 on 2024-11-07 17:15:00+00:00
2024-11-10 20:20:28,499 - Short Sell 131.00 shares at 152.12 on 2024-11-07 17:30:00+00:00
2024-11-10 20:20:28,499 - Short Sell 131.00 shares at 152.0 on 2024-11-07 17:45:00+00:00
2024-11-10 20:20:28,500 - Short Sell 132.00 shares at 151.6 on 2024-11-07 18:15:00+00:00
2024-11-10 20:20:28,500 - Buy to cover -525.00 shares at 150.93 on 2024-11-07 18:30:00+00:00 (Exit: Signal, Profit: 502.4000000000108, Duration: 75.0 minutes)
2024-11-10 20:20:28,500 - Long Buy 132.00 shares at 150.89 on 2024-11-07 18:45:00+00:00
2024-11-10 20:20:28,500 - Long Buy 130.00 shares at 150.98 on 2024-11-07 19:00:00+00:00
2024-11-10 20:20:28,500 - Long Buy 127.00 shares at 151.24 on 2024-11-07 19:30:00+00:00
2024-11-10 20:20:28,500 - Long Buy 124.00 shares at 151.37 on 2024-11-07 19:45:00+00:00
2024-11-10 20:20:28,500 - Long Buy 122.00 shares at 151.25 on 2024-11-07 20:30:00+00:00
2024-11-10 20:20:28,500 - Long Buy 120.00 shares at 150.93 on 2024-11-07 20:45:00+00:00
2024-11-10 20:20:28,500 - Long Buy 118.00 shares at 150.5 on 2024-11-08 14:30:00+00:00
2024-11-10 20:20:28,500 - Long Buy 115.00 shares at 150.9 on 2024-11-08 14:45:00+00:00
2024-11-10 20:20:28,500 - Long Buy 113.00 shares at 150.72 on 2024-11-08 15:00:00+00:00
2024-11-10 20:20:28,500 - Long Buy 111.00 shares at 150.05 on 2024-11-08 15:15:00+00:00
2024-11-10 20:20:28,500 - Long Buy 109.00 shares at 150.02 on 2024-11-08 15:30:00+00:00
2024-11-10 20:20:28,500 - Long Buy 106.00 shares at 150.46 on 2024-11-08 15:45:00+00:00
2024-11-10 20:20:28,500 - Long Buy 104.00 shares at 150.98 on 2024-11-08 16:00:00+00:00
2024-11-10 20:20:28,500 - Long Buy 102.00 shares at 150.49 on 2024-11-08 16:15:00+00:00
2024-11-10 20:20:28,500 - Long Buy 100.00 shares at 150.06 on 2024-11-08 16:30:00+00:00
2024-11-10 20:20:28,500 - Sell to close 1733.00 shares at 150.29 on 2024-11-08 16:45:00+00:00 (Exit: Signal, Profit: -792.0199999999716, Duration: 1320.0 minutes)
2024-11-10 20:20:28,500 - Short Sell 132.00 shares at 151.3 on 2024-11-08 17:00:00+00:00
2024-11-10 20:20:28,500 - Short Sell 131.00 shares at 151.92 on 2024-11-08 17:15:00+00:00
2024-11-10 20:20:28,500 - Short Sell 131.00 shares at 152.11 on 2024-11-08 17:30:00+00:00
2024-11-10 20:20:28,500 - Short Sell 132.00 shares at 151.55 on 2024-11-08 17:45:00+00:00
2024-11-10 20:20:28,500 - Short Sell 131.00 shares at 151.74 on 2024-11-08 18:00:00+00:00
2024-11-10 20:20:28,500 - Short Sell 131.00 shares at 152.03 on 2024-11-08 18:15:00+00:00
2024-11-10 20:20:28,500 - Short Sell 131.00 shares at 152.2 on 2024-11-08 18:30:00+00:00
2024-11-10 20:20:28,500 - Short Sell 131.00 shares at 152.29 on 2024-11-08 18:45:00+00:00
2024-11-10 20:20:28,500 - Short Sell 131.00 shares at 152.52 on 2024-11-08 19:00:00+00:00
2024-11-10 20:20:28,500 - Short Sell 131.00 shares at 152.52 on 2024-11-08 19:15:00+00:00
2024-11-10 20:20:28,500 - Short Sell 131.00 shares at 152.19 on 2024-11-08 19:30:00+00:00
2024-11-10 20:20:28,500 - Short Sell 131.00 shares at 151.94 on 2024-11-08 19:45:00+00:00
2024-11-10 20:20:28,500 - Short Sell 131.00 shares at 152.21 on 2024-11-08 20:00:00+00:00
2024-11-10 20:20:28,500 - Short Sell 131.00 shares at 151.98 on 2024-11-08 20:15:00+00:00
2024-11-10 20:20:28,500 - Buy to cover -1836.00 shares at 151.86 on 2024-11-08 20:30:00+00:00 (Exit: Signal, Profit: 321.3900000000208, Duration: 210.0 minutes)
2024-11-10 20:20:28,501 - Long Buy 131.00 shares at 151.78 on 2024-11-08 20:45:00+00:00
2024-11-10 20:20:28,501 - Holding 131.0 shares as an open position at the end with unrealized return: 0.0, Duration: 0.0 minutes
2024-11-10 20:20:28,503 - Final statisticsStock: BA, 
total_trades: 53, 
winning_trades: 35, 
losing_trades: 18, 
average_return: 0.0016080437117011494, 
average_duration: 680.9433962264151, 
final_balance: 981809.9500000005, 
final_portfolio_value: 1001693.1300000006, 
sharpe_ratio: 6.602869935411536, 



