2024-11-11 22:52:37,081 - Starting GBMStrategy with initial capital: 1000000
2024-11-11 22:52:37,081 - Hyperparameters: {'threshold': 1.5, 'time_periods': 30, 'num_simulations': 150}
2024-11-11 22:53:56,301 - Long Buy 529.00 shares at 37.75 on 2024-10-11 14:30:00+00:00
2024-11-11 22:53:56,302 - Long Buy 520.00 shares at 37.65 on 2024-10-11 16:30:00+00:00
2024-11-11 22:53:56,302 - Long Buy 510.00 shares at 37.65 on 2024-10-11 16:45:00+00:00
2024-11-11 22:53:56,302 - Long Buy 500.00 shares at 37.61 on 2024-10-11 17:00:00+00:00
2024-11-11 22:53:56,302 - Long Buy 490.00 shares at 37.64 on 2024-10-11 17:15:00+00:00
2024-11-11 22:53:56,302 - Long Buy 480.00 shares at 37.63 on 2024-10-11 17:30:00+00:00
2024-11-11 22:53:56,302 - Long Buy 471.00 shares at 37.61 on 2024-10-11 17:45:00+00:00
2024-11-11 22:53:56,303 - Sell to close 3500.00 shares at 37.45 on 2024-10-14 13:45:00+00:00 (Exit: Stop_loss, Profit: -699.5599999999804, Duration: 4275.0 minutes)
2024-11-11 22:53:56,303 - Long Buy 547.00 shares at 36.48 on 2024-10-15 13:30:00+00:00
2024-11-11 22:53:56,303 - Long Buy 537.00 shares at 36.44 on 2024-10-15 13:45:00+00:00
2024-11-11 22:53:56,303 - Sell to close 1084.00 shares at 36.71 on 2024-10-15 14:00:00+00:00 (Exit: Profit_take, Profit: 270.8000000000063, Duration: 30.0 minutes)
2024-11-11 22:53:56,303 - Long Buy 544.00 shares at 36.73 on 2024-10-15 14:15:00+00:00
2024-11-11 22:53:56,303 - Long Buy 532.00 shares at 36.78 on 2024-10-15 14:30:00+00:00
2024-11-11 22:53:56,303 - Long Buy 523.00 shares at 36.71 on 2024-10-15 14:45:00+00:00
2024-11-11 22:53:56,303 - Long Buy 513.00 shares at 36.62 on 2024-10-15 15:00:00+00:00
2024-11-11 22:53:56,303 - Long Buy 504.00 shares at 36.58 on 2024-10-15 15:15:00+00:00
2024-11-11 22:53:56,303 - Long Buy 492.00 shares at 36.69 on 2024-10-15 15:30:00+00:00
2024-11-11 22:53:56,303 - Long Buy 485.00 shares at 36.5 on 2024-10-15 15:45:00+00:00
2024-11-11 22:53:56,303 - Long Buy 473.00 shares at 36.62 on 2024-10-15 16:00:00+00:00
2024-11-11 22:53:56,303 - Long Buy 463.00 shares at 36.69 on 2024-10-15 16:15:00+00:00
2024-11-11 22:53:56,304 - Sell to close 4529.00 shares at 36.77 on 2024-10-15 16:30:00+00:00 (Exit: Signal, Profit: 498.8299999999844, Duration: 135.0 minutes)
2024-11-11 22:53:56,304 - Short Sell 543.00 shares at 36.81 on 2024-10-15 16:45:00+00:00
2024-11-11 22:53:56,304 - Buy to cover -543.00 shares at 36.61 on 2024-10-15 18:00:00+00:00 (Exit: Profit_take, Profit: 108.60000000000154, Duration: 75.0 minutes)
2024-11-11 22:53:56,304 - Long Buy 547.00 shares at 36.54 on 2024-10-15 18:15:00+00:00
2024-11-11 22:53:56,304 - Long Buy 537.00 shares at 36.47 on 2024-10-15 19:30:00+00:00
2024-11-11 22:53:56,304 - Long Buy 528.00 shares at 36.32 on 2024-10-15 19:45:00+00:00
2024-11-11 22:53:56,304 - Sell to close 1612.00 shares at 36.65 on 2024-10-16 13:30:00+00:00 (Exit: Profit_take, Profit: 331.0699999999923, Duration: 1155.0 minutes)
2024-11-11 22:53:56,304 - Short Sell 544.00 shares at 36.75 on 2024-10-16 17:30:00+00:00
2024-11-11 22:53:56,304 - Short Sell 543.00 shares at 36.83 on 2024-10-16 17:45:00+00:00
2024-11-11 22:53:56,304 - Short Sell 542.00 shares at 36.87 on 2024-10-16 18:00:00+00:00
2024-11-11 22:53:56,304 - Short Sell 542.00 shares at 36.88 on 2024-10-16 18:15:00+00:00
2024-11-11 22:53:56,304 - Short Sell 542.00 shares at 36.87 on 2024-10-16 18:30:00+00:00
2024-11-11 22:53:56,305 - Short Sell 543.00 shares at 36.84 on 2024-10-16 18:45:00+00:00
2024-11-11 22:53:56,305 - Short Sell 542.00 shares at 36.9 on 2024-10-16 19:30:00+00:00
2024-11-11 22:53:56,305 - Short Sell 542.00 shares at 36.89 on 2024-10-17 13:30:00+00:00
2024-11-11 22:53:56,305 - Short Sell 541.00 shares at 36.94 on 2024-10-17 13:45:00+00:00
2024-11-11 22:53:56,305 - Buy to cover -4881.00 shares at 36.66 on 2024-10-17 14:45:00+00:00 (Exit: Profit_take, Profit: 992.1100000000303, Duration: 1275.0 minutes)
2024-11-11 22:53:56,305 - Long Buy 543.00 shares at 36.84 on 2024-10-17 18:30:00+00:00
2024-11-11 22:53:56,305 - Sell to close 543.00 shares at 36.91 on 2024-10-17 18:45:00+00:00 (Exit: Signal, Profit: 38.009999999996296, Duration: 15.0 minutes)
2024-11-11 22:53:56,305 - Long Buy 556.00 shares at 36.01 on 2024-10-18 13:30:00+00:00
2024-11-11 22:53:56,305 - Long Buy 543.00 shares at 36.12 on 2024-10-18 13:45:00+00:00
2024-11-11 22:53:56,305 - Long Buy 531.00 shares at 36.22 on 2024-10-18 14:00:00+00:00
2024-11-11 22:53:56,305 - Sell to close 1630.00 shares at 36.37 on 2024-10-18 14:15:00+00:00 (Exit: Profit_take, Profit: 415.5599999999999, Duration: 45.0 minutes)
2024-11-11 22:53:56,305 - Long Buy 552.00 shares at 36.27 on 2024-10-18 14:30:00+00:00
2024-11-11 22:53:56,305 - Long Buy 543.00 shares at 36.16 on 2024-10-18 14:45:00+00:00
2024-11-11 22:53:56,305 - Long Buy 530.00 shares at 36.27 on 2024-10-18 15:00:00+00:00
2024-11-11 22:53:56,305 - Long Buy 519.00 shares at 36.33 on 2024-10-18 15:15:00+00:00
2024-11-11 22:53:56,305 - Long Buy 510.00 shares at 36.23 on 2024-10-18 15:30:00+00:00
2024-11-11 22:53:56,305 - Long Buy 500.00 shares at 36.18 on 2024-10-18 15:45:00+00:00
2024-11-11 22:53:56,305 - Long Buy 488.00 shares at 36.34 on 2024-10-18 16:00:00+00:00
2024-11-11 22:53:56,306 - Long Buy 478.00 shares at 36.34 on 2024-10-18 16:15:00+00:00
2024-11-11 22:53:56,306 - Long Buy 471.00 shares at 36.16 on 2024-10-18 16:30:00+00:00
2024-11-11 22:53:56,306 - Long Buy 462.00 shares at 36.16 on 2024-10-18 16:45:00+00:00
2024-11-11 22:53:56,306 - Long Buy 451.00 shares at 36.26 on 2024-10-18 17:00:00+00:00
2024-11-11 22:53:56,306 - Long Buy 442.00 shares at 36.27 on 2024-10-18 17:15:00+00:00
2024-11-11 22:53:56,306 - Long Buy 432.00 shares at 36.34 on 2024-10-18 17:30:00+00:00
2024-11-11 22:53:56,306 - Long Buy 423.00 shares at 36.39 on 2024-10-18 17:45:00+00:00
2024-11-11 22:53:56,306 - Long Buy 415.00 shares at 36.38 on 2024-10-18 18:00:00+00:00
2024-11-11 22:53:56,306 - Long Buy 407.00 shares at 36.29 on 2024-10-18 18:15:00+00:00
2024-11-11 22:53:56,306 - Long Buy 400.00 shares at 36.27 on 2024-10-18 18:30:00+00:00
2024-11-11 22:53:56,306 - Long Buy 392.00 shares at 36.25 on 2024-10-18 18:45:00+00:00
2024-11-11 22:53:56,306 - Long Buy 383.00 shares at 36.3 on 2024-10-18 19:00:00+00:00
2024-11-11 22:53:56,306 - Long Buy 376.00 shares at 36.29 on 2024-10-18 19:15:00+00:00
2024-11-11 22:53:56,306 - Sell to close 9174.00 shares at 36.32 on 2024-10-18 19:30:00+00:00 (Exit: Signal, Profit: 446.24999999990087, Duration: 300.0 minutes)
2024-11-11 22:53:56,306 - Short Sell 550.00 shares at 36.39 on 2024-10-18 19:45:00+00:00
2024-11-11 22:53:56,306 - Buy to cover -550.00 shares at 36.79 on 2024-10-21 13:30:00+00:00 (Exit: Stop_loss, Profit: -219.9999999999992, Duration: 3945.0 minutes)
2024-11-11 22:53:56,306 - Long Buy 553.00 shares at 36.22 on 2024-10-22 14:00:00+00:00
2024-11-11 22:53:56,306 - Long Buy 544.00 shares at 36.09 on 2024-10-22 14:15:00+00:00
2024-11-11 22:53:56,307 - Long Buy 533.00 shares at 36.09 on 2024-10-22 18:00:00+00:00
2024-11-11 22:53:56,307 - Long Buy 522.00 shares at 36.09 on 2024-10-22 18:30:00+00:00
2024-11-11 22:53:56,307 - Long Buy 513.00 shares at 36.03 on 2024-10-22 18:45:00+00:00
2024-11-11 22:53:56,307 - Long Buy 503.00 shares at 36.02 on 2024-10-22 19:00:00+00:00
2024-11-11 22:53:56,307 - Long Buy 492.00 shares at 36.04 on 2024-10-22 19:15:00+00:00
2024-11-11 22:53:56,307 - Long Buy 483.00 shares at 36.01 on 2024-10-22 19:30:00+00:00
2024-11-11 22:53:56,307 - Long Buy 473.00 shares at 35.98 on 2024-10-22 19:45:00+00:00
2024-11-11 22:53:56,307 - Sell to close 4616.00 shares at 36.86 on 2024-10-23 13:45:00+00:00 (Exit: Profit_take, Profit: 3663.6899999999814, Duration: 1425.0 minutes)
2024-11-11 22:53:56,307 - Short Sell 542.00 shares at 37.05 on 2024-10-23 14:00:00+00:00
2024-11-11 22:53:56,307 - Short Sell 539.00 shares at 37.29 on 2024-10-23 14:15:00+00:00
2024-11-11 22:53:56,307 - Short Sell 541.00 shares at 37.17 on 2024-10-23 14:30:00+00:00
2024-11-11 22:53:56,307 - Short Sell 540.00 shares at 37.21 on 2024-10-23 14:45:00+00:00
2024-11-11 22:53:56,307 - Buy to cover -2162.00 shares at 37.12 on 2024-10-23 15:00:00+00:00 (Exit: Signal, Profit: 129.33999999999892, Duration: 60.0 minutes)
2024-11-11 22:53:56,307 - Short Sell 539.00 shares at 37.31 on 2024-10-23 15:15:00+00:00
2024-11-11 22:53:56,307 - Short Sell 538.00 shares at 37.39 on 2024-10-23 15:30:00+00:00
2024-11-11 22:53:56,307 - Short Sell 537.00 shares at 37.4 on 2024-10-23 15:45:00+00:00
2024-11-11 22:53:56,307 - Short Sell 538.00 shares at 37.34 on 2024-10-23 16:15:00+00:00
2024-11-11 22:53:56,307 - Buy to cover -2152.00 shares at 37.1 on 2024-10-23 16:30:00+00:00 (Exit: Profit_take, Profit: 559.4300000000087, Duration: 75.0 minutes)
2024-11-11 22:53:56,307 - Long Buy 543.00 shares at 37.02 on 2024-10-23 16:45:00+00:00
2024-11-11 22:53:56,307 - Long Buy 534.00 shares at 36.92 on 2024-10-23 17:00:00+00:00
2024-11-11 22:53:56,307 - Long Buy 523.00 shares at 36.95 on 2024-10-23 17:15:00+00:00
2024-11-11 22:53:56,307 - Long Buy 512.00 shares at 36.95 on 2024-10-23 18:00:00+00:00
2024-11-11 22:53:56,307 - Long Buy 501.00 shares at 37.04 on 2024-10-23 18:15:00+00:00
2024-11-11 22:53:56,307 - Long Buy 491.00 shares at 37.02 on 2024-10-23 18:45:00+00:00
2024-11-11 22:53:56,307 - Long Buy 482.00 shares at 36.93 on 2024-10-23 19:00:00+00:00
2024-11-11 22:53:56,308 - Long Buy 474.00 shares at 36.87 on 2024-10-23 19:15:00+00:00
2024-11-11 22:53:56,308 - Long Buy 464.00 shares at 36.91 on 2024-10-23 19:30:00+00:00
2024-11-11 22:53:56,308 - Long Buy 453.00 shares at 37.01 on 2024-10-23 19:45:00+00:00
2024-11-11 22:53:56,308 - Sell to close 4977.00 shares at 36.76 on 2024-10-24 13:30:00+00:00 (Exit: Stop_loss, Profit: -1008.140000000043, Duration: 1245.0 minutes)
2024-11-11 22:53:56,308 - Short Sell 541.00 shares at 37.15 on 2024-10-25 13:30:00+00:00
2024-11-11 22:53:56,308 - Short Sell 538.00 shares at 37.37 on 2024-10-25 13:45:00+00:00
2024-11-11 22:53:56,308 - Buy to cover -1079.00 shares at 37.58 on 2024-10-25 14:00:00+00:00 (Exit: Stop_loss, Profit: -345.61000000000524, Duration: 30.0 minutes)
2024-11-11 22:53:56,308 - Long Buy 541.00 shares at 37.13 on 2024-10-28 13:30:00+00:00
2024-11-11 22:53:56,308 - Long Buy 528.00 shares at 37.31 on 2024-10-28 13:45:00+00:00
2024-11-11 22:53:56,308 - Sell to close 1069.00 shares at 37.43 on 2024-10-28 14:00:00+00:00 (Exit: Profit_take, Profit: 225.65999999999988, Duration: 30.0 minutes)
2024-11-11 22:53:56,308 - Short Sell 536.00 shares at 37.45 on 2024-10-28 18:00:00+00:00
2024-11-11 22:53:56,309 - Buy to cover -536.00 shares at 37.32 on 2024-10-28 19:00:00+00:00 (Exit: Signal, Profit: 69.68000000000137, Duration: 60.0 minutes)
2024-11-11 22:53:56,309 - Long Buy 545.00 shares at 36.87 on 2024-10-29 13:30:00+00:00
2024-11-11 22:53:56,309 - Long Buy 532.00 shares at 37.01 on 2024-10-29 13:45:00+00:00
2024-11-11 22:53:56,309 - Long Buy 521.00 shares at 37.05 on 2024-10-29 14:00:00+00:00
2024-11-11 22:53:56,309 - Long Buy 511.00 shares at 37.01 on 2024-10-29 14:15:00+00:00
2024-11-11 22:53:56,310 - Long Buy 500.00 shares at 37.05 on 2024-10-29 14:30:00+00:00
2024-11-11 22:53:56,310 - Long Buy 492.00 shares at 36.94 on 2024-10-29 14:45:00+00:00
2024-11-11 22:53:56,310 - Long Buy 484.00 shares at 36.79 on 2024-10-29 15:00:00+00:00
2024-11-11 22:53:56,310 - Sell to close 3585.00 shares at 36.67 on 2024-10-29 15:15:00+00:00 (Exit: Stop_loss, Profit: -1042.5200000000195, Duration: 105.0 minutes)
2024-11-11 22:53:56,310 - Short Sell 536.00 shares at 37.44 on 2024-10-30 13:30:00+00:00
2024-11-11 22:53:56,310 - Short Sell 535.00 shares at 37.52 on 2024-10-30 13:45:00+00:00
2024-11-11 22:53:56,310 - Short Sell 534.00 shares at 37.59 on 2024-10-30 14:00:00+00:00
2024-11-11 22:53:56,310 - Short Sell 536.00 shares at 37.43 on 2024-10-30 14:15:00+00:00
2024-11-11 22:53:56,310 - Short Sell 537.00 shares at 37.41 on 2024-10-30 14:30:00+00:00
2024-11-11 22:53:56,310 - Short Sell 535.00 shares at 37.51 on 2024-10-30 14:45:00+00:00
2024-11-11 22:53:56,310 - Short Sell 536.00 shares at 37.44 on 2024-10-30 15:00:00+00:00
2024-11-11 22:53:56,310 - Short Sell 535.00 shares at 37.48 on 2024-10-30 15:15:00+00:00
2024-11-11 22:53:56,310 - Short Sell 535.00 shares at 37.53 on 2024-10-30 15:30:00+00:00
2024-11-11 22:53:56,310 - Short Sell 534.00 shares at 37.57 on 2024-10-30 15:45:00+00:00
2024-11-11 22:53:56,311 - Short Sell 533.00 shares at 37.6 on 2024-10-30 16:00:00+00:00
2024-11-11 22:53:56,311 - Short Sell 536.00 shares at 37.46 on 2024-10-30 16:15:00+00:00
2024-11-11 22:53:56,311 - Short Sell 537.00 shares at 37.41 on 2024-10-30 16:30:00+00:00
2024-11-11 22:53:56,311 - Short Sell 538.00 shares at 37.34 on 2024-10-30 16:45:00+00:00
2024-11-11 22:53:56,311 - Short Sell 537.00 shares at 37.39 on 2024-10-30 17:00:00+00:00
2024-11-11 22:53:56,311 - Short Sell 537.00 shares at 37.38 on 2024-10-30 17:15:00+00:00
2024-11-11 22:53:56,311 - Short Sell 539.00 shares at 37.29 on 2024-10-30 17:30:00+00:00
2024-11-11 22:53:56,311 - Short Sell 538.00 shares at 37.36 on 2024-10-30 17:45:00+00:00
2024-11-11 22:53:56,311 - Short Sell 536.00 shares at 37.43 on 2024-10-30 18:00:00+00:00
2024-11-11 22:53:56,311 - Buy to cover -10184.00 shares at 37.25 on 2024-10-30 18:15:00+00:00 (Exit: Profit_take, Profit: 2050.57999999989, Duration: 285.0 minutes)
2024-11-11 22:53:56,311 - Short Sell 539.00 shares at 37.33 on 2024-10-30 18:30:00+00:00
2024-11-11 22:53:56,311 - Short Sell 539.00 shares at 37.3 on 2024-10-30 18:45:00+00:00
2024-11-11 22:53:56,311 - Short Sell 539.00 shares at 37.34 on 2024-10-30 19:00:00+00:00
2024-11-11 22:53:56,311 - Short Sell 538.00 shares at 37.4 on 2024-10-30 19:15:00+00:00
2024-11-11 22:53:56,311 - Short Sell 536.00 shares at 37.5 on 2024-10-30 19:30:00+00:00
2024-11-11 22:53:56,311 - Short Sell 536.00 shares at 37.5 on 2024-10-30 19:45:00+00:00
2024-11-11 22:53:56,311 - Short Sell 534.00 shares at 37.65 on 2024-10-31 13:30:00+00:00
2024-11-11 22:53:56,311 - Buy to cover -3761.00 shares at 37.76 on 2024-10-31 13:45:00+00:00 (Exit: Stop_loss, Profit: -1237.2299999999996, Duration: 1155.0 minutes)
2024-11-11 22:53:56,311 - Short Sell 528.00 shares at 38.06 on 2024-11-01 13:30:00+00:00
2024-11-11 22:53:56,311 - Buy to cover -528.00 shares at 37.85 on 2024-11-01 13:45:00+00:00 (Exit: Profit_take, Profit: 110.88000000000045, Duration: 15.0 minutes)
2024-11-11 22:53:56,311 - Short Sell 529.00 shares at 37.94 on 2024-11-01 14:00:00+00:00
2024-11-11 22:53:56,311 - Short Sell 529.00 shares at 37.97 on 2024-11-01 14:15:00+00:00
2024-11-11 22:53:56,311 - Buy to cover -1058.00 shares at 37.69 on 2024-11-01 14:30:00+00:00 (Exit: Profit_take, Profit: 280.3700000000006, Duration: 30.0 minutes)
2024-11-11 22:53:56,312 - Long Buy 534.00 shares at 37.63 on 2024-11-01 14:45:00+00:00
2024-11-11 22:53:56,312 - Long Buy 523.00 shares at 37.63 on 2024-11-01 15:00:00+00:00
2024-11-11 22:53:56,312 - Long Buy 512.00 shares at 37.72 on 2024-11-01 15:15:00+00:00
2024-11-11 22:53:56,312 - Long Buy 501.00 shares at 37.75 on 2024-11-01 15:30:00+00:00
2024-11-11 22:53:56,312 - Long Buy 492.00 shares at 37.69 on 2024-11-01 15:45:00+00:00
2024-11-11 22:53:56,312 - Long Buy 482.00 shares at 37.68 on 2024-11-01 16:00:00+00:00
2024-11-11 22:53:56,312 - Sell to close 3044.00 shares at 37.95 on 2024-11-01 16:15:00+00:00 (Exit: Profit_take, Profit: 814.2600000000396, Duration: 90.0 minutes)
2024-11-11 22:53:56,312 - Long Buy 532.00 shares at 37.82 on 2024-11-01 16:30:00+00:00
2024-11-11 22:53:56,312 - Long Buy 521.00 shares at 37.8 on 2024-11-01 17:30:00+00:00
2024-11-11 22:53:56,312 - Long Buy 511.00 shares at 37.82 on 2024-11-01 17:45:00+00:00
2024-11-11 22:53:56,312 - Long Buy 501.00 shares at 37.8 on 2024-11-01 18:15:00+00:00
2024-11-11 22:53:56,312 - Long Buy 491.00 shares at 37.76 on 2024-11-01 19:15:00+00:00
2024-11-11 22:53:56,312 - Long Buy 481.00 shares at 37.77 on 2024-11-01 19:30:00+00:00
2024-11-11 22:53:56,312 - Sell to close 3037.00 shares at 38.13 on 2024-11-04 14:30:00+00:00 (Exit: Profit_take, Profit: 1015.4200000000181, Duration: 4200.0 minutes)
2024-11-11 22:53:56,312 - Short Sell 530.00 shares at 37.97 on 2024-11-04 16:30:00+00:00
2024-11-11 22:53:56,312 - Buy to cover -530.00 shares at 37.89 on 2024-11-04 16:45:00+00:00 (Exit: Signal, Profit: 42.399999999999096, Duration: 15.0 minutes)
2024-11-11 22:53:56,312 - Long Buy 531.00 shares at 37.9 on 2024-11-04 17:00:00+00:00
2024-11-11 22:53:56,312 - Sell to close 531.00 shares at 38.14 on 2024-11-04 17:15:00+00:00 (Exit: Profit_take, Profit: 127.44000000000105, Duration: 15.0 minutes)
2024-11-11 22:53:56,312 - Short Sell 528.00 shares at 38.12 on 2024-11-04 17:30:00+00:00
2024-11-11 22:53:56,312 - Short Sell 528.00 shares at 38.16 on 2024-11-04 17:45:00+00:00
2024-11-11 22:53:56,312 - Short Sell 528.00 shares at 38.1 on 2024-11-04 18:00:00+00:00
2024-11-11 22:53:56,313 - Short Sell 527.00 shares at 38.2 on 2024-11-04 18:15:00+00:00
2024-11-11 22:53:56,313 - Short Sell 527.00 shares at 38.23 on 2024-11-04 18:30:00+00:00
2024-11-11 22:53:56,313 - Short Sell 525.00 shares at 38.32 on 2024-11-04 18:45:00+00:00
2024-11-11 22:53:56,313 - Short Sell 526.00 shares at 38.26 on 2024-11-04 19:00:00+00:00
2024-11-11 22:53:56,313 - Short Sell 527.00 shares at 38.22 on 2024-11-04 19:15:00+00:00
2024-11-11 22:53:56,313 - Short Sell 527.00 shares at 38.2 on 2024-11-04 19:30:00+00:00
2024-11-11 22:53:56,313 - Short Sell 526.00 shares at 38.27 on 2024-11-04 19:45:00+00:00
2024-11-11 22:53:56,313 - Short Sell 525.00 shares at 38.33 on 2024-11-04 20:00:00+00:00
2024-11-11 22:53:56,313 - Short Sell 525.00 shares at 38.3 on 2024-11-04 20:15:00+00:00
2024-11-11 22:53:56,313 - Short Sell 527.00 shares at 38.18 on 2024-11-04 20:45:00+00:00
2024-11-11 22:53:56,313 - Buy to cover -6846.00 shares at 38.72 on 2024-11-05 14:30:00+00:00 (Exit: Stop_loss, Profit: -3408.14, Duration: 1260.0 minutes)
2024-11-11 22:53:56,313 - Short Sell 497.00 shares at 40.36 on 2024-11-06 14:30:00+00:00
2024-11-11 22:53:56,313 - Short Sell 492.00 shares at 40.75 on 2024-11-06 14:45:00+00:00
2024-11-11 22:53:56,313 - Buy to cover -989.00 shares at 41.07 on 2024-11-06 15:00:00+00:00 (Exit: Stop_loss, Profit: -510.3099999999994, Duration: 30.0 minutes)
2024-11-11 22:53:56,313 - Long Buy 478.00 shares at 41.93 on 2024-11-07 14:30:00+00:00
2024-11-11 22:53:56,313 - Sell to close 478.00 shares at 42.21 on 2024-11-07 14:45:00+00:00 (Exit: Profit_take, Profit: 133.84000000000054, Duration: 15.0 minutes)
2024-11-11 22:53:56,314 - Short Sell 472.00 shares at 42.5 on 2024-11-07 16:15:00+00:00
2024-11-11 22:53:56,314 - Buy to cover -472.00 shares at 42.0 on 2024-11-07 16:45:00+00:00 (Exit: Profit_take, Profit: 236.0, Duration: 30.0 minutes)
2024-11-11 22:53:56,314 - Short Sell 471.00 shares at 42.55 on 2024-11-07 18:30:00+00:00
2024-11-11 22:53:56,314 - Short Sell 470.00 shares at 42.69 on 2024-11-07 18:45:00+00:00
2024-11-11 22:53:56,314 - Short Sell 470.00 shares at 42.68 on 2024-11-07 19:00:00+00:00
2024-11-11 22:53:56,314 - Short Sell 469.00 shares at 42.73 on 2024-11-07 19:15:00+00:00
2024-11-11 22:53:56,314 - Short Sell 469.00 shares at 42.74 on 2024-11-07 19:30:00+00:00
2024-11-11 22:53:56,314 - Short Sell 467.00 shares at 42.95 on 2024-11-07 19:45:00+00:00
2024-11-11 22:53:56,314 - Buy to cover -2816.00 shares at 43.13 on 2024-11-07 20:00:00+00:00 (Exit: Stop_loss, Profit: -1146.0500000000156, Duration: 90.0 minutes)
2024-11-11 22:53:56,314 - Short Sell 465.00 shares at 43.07 on 2024-11-08 14:30:00+00:00
2024-11-11 22:53:56,314 - Short Sell 466.00 shares at 43.04 on 2024-11-08 14:45:00+00:00
2024-11-11 22:53:56,314 - Buy to cover -931.00 shares at 43.55 on 2024-11-08 15:00:00+00:00 (Exit: Stop_loss, Profit: -460.85999999999325, Duration: 30.0 minutes)
2024-11-11 22:53:56,316 - Final statisticsStock: BKR, 
total_trades: 32, 
winning_trades: 22, 
losing_trades: 10, 
average_return: 0.0013547974955863188, 
average_duration: 673.125, 
final_balance: 1002481.7999999996, 
final_portfolio_value: 1002481.7999999996, 
sharpe_ratio: 4.509356428162024, 



