2024-11-11 21:59:40,461 - Starting GBMStrategy with initial capital: 1000000
2024-11-11 21:59:40,461 - Hyperparameters: {'threshold': 1.5, 'time_periods': 30, 'num_simulations': 150}
2024-11-11 22:04:21,529 - Long Buy 174.00 shares at 114.32 on 2024-10-11 14:30:00+00:00
2024-11-11 22:04:21,531 - Long Buy 172.00 shares at 113.89 on 2024-10-11 15:00:00+00:00
2024-11-11 22:04:21,531 - Long Buy 168.00 shares at 113.74 on 2024-10-11 15:15:00+00:00
2024-11-11 22:04:21,531 - Long Buy 165.00 shares at 113.71 on 2024-10-11 15:30:00+00:00
2024-11-11 22:04:21,531 - Long Buy 162.00 shares at 113.46 on 2024-10-11 15:45:00+00:00
2024-11-11 22:04:21,531 - Sell to close 841.00 shares at 113.26 on 2024-10-11 16:00:00+00:00 (Exit: Stop_loss, Profit: -480.08999999999054, Duration: 90.0 minutes)
2024-11-11 22:04:21,531 - Long Buy 178.00 shares at 111.96 on 2024-10-14 13:30:00+00:00
2024-11-11 22:04:21,531 - Long Buy 175.00 shares at 111.95 on 2024-10-14 13:45:00+00:00
2024-11-11 22:04:21,531 - Long Buy 171.00 shares at 112.11 on 2024-10-14 14:00:00+00:00
2024-11-11 22:04:21,531 - Long Buy 168.00 shares at 111.99 on 2024-10-14 14:15:00+00:00
2024-11-11 22:04:21,531 - Long Buy 164.00 shares at 111.89 on 2024-10-14 14:30:00+00:00
2024-11-11 22:04:21,531 - Long Buy 161.00 shares at 112.12 on 2024-10-14 14:45:00+00:00
2024-11-11 22:04:21,531 - Long Buy 157.00 shares at 112.2 on 2024-10-14 15:00:00+00:00
2024-11-11 22:04:21,531 - Long Buy 154.00 shares at 112.14 on 2024-10-14 15:15:00+00:00
2024-11-11 22:04:21,532 - Sell to close 1328.00 shares at 112.17 on 2024-10-14 15:30:00+00:00 (Exit: Signal, Profit: 170.2599999999959, Duration: 120.0 minutes)
2024-11-11 22:04:21,532 - Long Buy 178.00 shares at 111.98 on 2024-10-14 15:45:00+00:00
2024-11-11 22:04:21,532 - Long Buy 174.00 shares at 112.0 on 2024-10-14 16:00:00+00:00
2024-11-11 22:04:21,532 - Long Buy 171.00 shares at 112.02 on 2024-10-14 16:15:00+00:00
2024-11-11 22:04:21,532 - Long Buy 168.00 shares at 111.98 on 2024-10-14 16:30:00+00:00
2024-11-11 22:04:21,532 - Long Buy 164.00 shares at 111.96 on 2024-10-14 17:00:00+00:00
2024-11-11 22:04:21,532 - Long Buy 161.00 shares at 111.94 on 2024-10-14 17:30:00+00:00
2024-11-11 22:04:21,532 - Long Buy 158.00 shares at 111.85 on 2024-10-14 17:45:00+00:00
2024-11-11 22:04:21,532 - Long Buy 155.00 shares at 111.93 on 2024-10-14 18:00:00+00:00
2024-11-11 22:04:21,532 - Sell to close 1329.00 shares at 112.67 on 2024-10-15 13:45:00+00:00 (Exit: Profit_take, Profit: 944.7000000000277, Duration: 1320.0 minutes)
2024-11-11 22:04:21,532 - Short Sell 177.00 shares at 112.64 on 2024-10-15 14:00:00+00:00
2024-11-11 22:04:21,532 - Short Sell 177.00 shares at 112.98 on 2024-10-15 14:15:00+00:00
2024-11-11 22:04:21,532 - Short Sell 177.00 shares at 113.02 on 2024-10-15 14:30:00+00:00
2024-11-11 22:04:21,532 - Short Sell 177.00 shares at 112.67 on 2024-10-15 14:45:00+00:00
2024-11-11 22:04:21,532 - Short Sell 177.00 shares at 112.97 on 2024-10-15 15:00:00+00:00
2024-11-11 22:04:21,532 - Short Sell 177.00 shares at 112.95 on 2024-10-15 15:15:00+00:00
2024-11-11 22:04:21,532 - Short Sell 177.00 shares at 112.91 on 2024-10-15 15:30:00+00:00
2024-11-11 22:04:21,532 - Short Sell 177.00 shares at 112.85 on 2024-10-15 15:45:00+00:00
2024-11-11 22:04:21,532 - Short Sell 177.00 shares at 112.62 on 2024-10-15 16:00:00+00:00
2024-11-11 22:04:21,532 - Short Sell 177.00 shares at 112.73 on 2024-10-15 16:15:00+00:00
2024-11-11 22:04:21,532 - Buy to cover -1770.00 shares at 112.65 on 2024-10-15 16:30:00+00:00 (Exit: Signal, Profit: 325.6799999999704, Duration: 150.0 minutes)
2024-11-11 22:04:21,533 - Long Buy 177.00 shares at 112.52 on 2024-10-15 16:45:00+00:00
2024-11-11 22:04:21,533 - Long Buy 174.00 shares at 112.55 on 2024-10-15 17:00:00+00:00
2024-11-11 22:04:21,533 - Long Buy 170.00 shares at 112.53 on 2024-10-15 17:15:00+00:00
2024-11-11 22:04:21,533 - Long Buy 167.00 shares at 112.2 on 2024-10-15 17:30:00+00:00
2024-11-11 22:04:21,533 - Long Buy 164.00 shares at 112.08 on 2024-10-15 17:45:00+00:00
2024-11-11 22:04:21,533 - Long Buy 161.00 shares at 111.9 on 2024-10-15 18:00:00+00:00
2024-11-11 22:04:21,533 - Long Buy 158.00 shares at 111.7 on 2024-10-15 18:15:00+00:00
2024-11-11 22:04:21,533 - Long Buy 156.00 shares at 111.43 on 2024-10-15 18:30:00+00:00
2024-11-11 22:04:21,533 - Long Buy 152.00 shares at 111.83 on 2024-10-15 18:45:00+00:00
2024-11-11 22:04:21,533 - Long Buy 149.00 shares at 111.75 on 2024-10-15 19:00:00+00:00
2024-11-11 22:04:21,533 - Long Buy 146.00 shares at 111.74 on 2024-10-15 19:15:00+00:00
2024-11-11 22:04:21,533 - Long Buy 143.00 shares at 111.79 on 2024-10-15 19:30:00+00:00
2024-11-11 22:04:21,533 - Long Buy 140.00 shares at 112.02 on 2024-10-15 19:45:00+00:00
2024-11-11 22:04:21,533 - Sell to close 2057.00 shares at 112.83 on 2024-10-16 13:45:00+00:00 (Exit: Profit_take, Profit: 1663.6499999999858, Duration: 1260.0 minutes)
2024-11-11 22:04:21,533 - Short Sell 177.00 shares at 113.13 on 2024-10-16 14:45:00+00:00
2024-11-11 22:04:21,533 - Short Sell 177.00 shares at 113.01 on 2024-10-16 15:00:00+00:00
2024-11-11 22:04:21,533 - Short Sell 177.00 shares at 113.05 on 2024-10-16 15:15:00+00:00
2024-11-11 22:04:21,533 - Short Sell 177.00 shares at 113.02 on 2024-10-16 16:00:00+00:00
2024-11-11 22:04:21,533 - Short Sell 177.00 shares at 113.04 on 2024-10-16 16:15:00+00:00
2024-11-11 22:04:21,533 - Buy to cover -885.00 shares at 112.83 on 2024-10-16 17:30:00+00:00 (Exit: Signal, Profit: 194.699999999999, Duration: 165.0 minutes)
2024-11-11 22:04:21,533 - Short Sell 177.00 shares at 112.93 on 2024-10-16 17:45:00+00:00
2024-11-11 22:04:21,533 - Buy to cover -177.00 shares at 112.57 on 2024-10-16 19:00:00+00:00 (Exit: Signal, Profit: 63.720000000002415, Duration: 75.0 minutes)
2024-11-11 22:04:21,534 - Long Buy 178.00 shares at 112.61 on 2024-10-16 19:15:00+00:00
2024-11-11 22:04:21,534 - Long Buy 174.00 shares at 112.58 on 2024-10-16 19:30:00+00:00
2024-11-11 22:04:21,534 - Long Buy 171.00 shares at 112.54 on 2024-10-16 19:45:00+00:00
2024-11-11 22:04:21,534 - Long Buy 169.00 shares at 111.59 on 2024-10-17 13:30:00+00:00
2024-11-11 22:04:21,534 - Sell to close 692.00 shares at 111.29 on 2024-10-17 13:45:00+00:00 (Exit: Stop_loss, Profit: -723.8699999999792, Duration: 1110.0 minutes)
2024-11-11 22:04:21,534 - Long Buy 179.00 shares at 111.56 on 2024-10-18 13:30:00+00:00
2024-11-11 22:04:21,534 - Long Buy 176.00 shares at 111.32 on 2024-10-18 13:45:00+00:00
2024-11-11 22:04:21,534 - Long Buy 173.00 shares at 111.23 on 2024-10-18 14:00:00+00:00
2024-11-11 22:04:21,534 - Long Buy 169.00 shares at 111.23 on 2024-10-18 14:15:00+00:00
2024-11-11 22:04:21,534 - Long Buy 165.00 shares at 111.66 on 2024-10-18 14:30:00+00:00
2024-11-11 22:04:21,534 - Long Buy 162.00 shares at 111.65 on 2024-10-18 14:45:00+00:00
2024-11-11 22:04:21,534 - Long Buy 159.00 shares at 111.51 on 2024-10-18 15:00:00+00:00
2024-11-11 22:04:21,534 - Long Buy 155.00 shares at 111.61 on 2024-10-18 15:30:00+00:00
2024-11-11 22:04:21,534 - Long Buy 152.00 shares at 111.59 on 2024-10-18 15:45:00+00:00
2024-11-11 22:04:21,534 - Sell to close 1490.00 shares at 112.05 on 2024-10-18 16:45:00+00:00 (Exit: Profit_take, Profit: 849.7600000000023, Duration: 195.0 minutes)
2024-11-11 22:04:21,534 - Short Sell 178.00 shares at 112.52 on 2024-10-18 17:00:00+00:00
2024-11-11 22:04:21,534 - Short Sell 178.00 shares at 112.26 on 2024-10-18 17:15:00+00:00
2024-11-11 22:04:21,534 - Short Sell 178.00 shares at 112.22 on 2024-10-18 17:30:00+00:00
2024-11-11 22:04:21,534 - Short Sell 178.00 shares at 112.26 on 2024-10-18 18:00:00+00:00
2024-11-11 22:04:21,534 - Short Sell 178.00 shares at 112.43 on 2024-10-18 18:15:00+00:00
2024-11-11 22:04:21,534 - Short Sell 178.00 shares at 112.4 on 2024-10-18 18:30:00+00:00
2024-11-11 22:04:21,534 - Short Sell 178.00 shares at 112.43 on 2024-10-18 18:45:00+00:00
2024-11-11 22:04:21,534 - Short Sell 178.00 shares at 112.33 on 2024-10-18 19:00:00+00:00
2024-11-11 22:04:21,535 - Short Sell 178.00 shares at 112.19 on 2024-10-18 19:30:00+00:00
2024-11-11 22:04:21,535 - Short Sell 178.00 shares at 112.4 on 2024-10-18 19:45:00+00:00
2024-11-11 22:04:21,535 - Short Sell 177.00 shares at 112.78 on 2024-10-21 13:30:00+00:00
2024-11-11 22:04:21,535 - Short Sell 178.00 shares at 112.47 on 2024-10-21 14:00:00+00:00
2024-11-11 22:04:21,535 - Short Sell 178.00 shares at 112.41 on 2024-10-21 14:15:00+00:00
2024-11-11 22:04:21,535 - Short Sell 177.00 shares at 112.85 on 2024-10-21 14:30:00+00:00
2024-11-11 22:04:21,535 - Short Sell 178.00 shares at 112.51 on 2024-10-21 14:45:00+00:00
2024-11-11 22:04:21,535 - Short Sell 178.00 shares at 112.42 on 2024-10-21 15:00:00+00:00
2024-11-11 22:04:21,535 - Short Sell 178.00 shares at 112.47 on 2024-10-21 15:15:00+00:00
2024-11-11 22:04:21,535 - Buy to cover -3024.00 shares at 111.94 on 2024-10-21 16:15:00+00:00 (Exit: Signal, Profit: 1488.110000000064, Duration: 4275.0 minutes)
2024-11-11 22:04:21,535 - Short Sell 178.00 shares at 112.42 on 2024-10-21 17:00:00+00:00
2024-11-11 22:04:21,535 - Short Sell 178.00 shares at 112.51 on 2024-10-21 17:45:00+00:00
2024-11-11 22:04:21,535 - Short Sell 178.00 shares at 112.44 on 2024-10-21 19:00:00+00:00
2024-11-11 22:04:21,535 - Buy to cover -534.00 shares at 111.86 on 2024-10-22 14:00:00+00:00 (Exit: Profit_take, Profit: 318.62000000000614, Duration: 1260.0 minutes)
2024-11-11 22:04:21,535 - Short Sell 178.00 shares at 112.48 on 2024-10-22 14:45:00+00:00
2024-11-11 22:04:21,535 - Short Sell 178.00 shares at 112.61 on 2024-10-22 15:00:00+00:00
2024-11-11 22:04:21,535 - Short Sell 178.00 shares at 112.65 on 2024-10-22 15:15:00+00:00
2024-11-11 22:04:21,535 - Short Sell 178.00 shares at 112.54 on 2024-10-22 15:30:00+00:00
2024-11-11 22:04:21,535 - Short Sell 178.00 shares at 112.34 on 2024-10-22 15:45:00+00:00
2024-11-11 22:04:21,535 - Short Sell 178.00 shares at 112.62 on 2024-10-22 16:00:00+00:00
2024-11-11 22:04:21,535 - Short Sell 178.00 shares at 112.59 on 2024-10-22 16:15:00+00:00
2024-11-11 22:04:21,535 - Short Sell 178.00 shares at 112.47 on 2024-10-22 16:30:00+00:00
2024-11-11 22:04:21,535 - Short Sell 178.00 shares at 112.4 on 2024-10-22 16:45:00+00:00
2024-11-11 22:04:21,536 - Short Sell 178.00 shares at 112.47 on 2024-10-22 17:00:00+00:00
2024-11-11 22:04:21,536 - Short Sell 178.00 shares at 112.56 on 2024-10-22 17:15:00+00:00
2024-11-11 22:04:21,536 - Short Sell 178.00 shares at 112.59 on 2024-10-22 17:30:00+00:00
2024-11-11 22:04:21,536 - Short Sell 178.00 shares at 112.59 on 2024-10-22 17:45:00+00:00
2024-11-11 22:04:21,536 - Short Sell 178.00 shares at 112.39 on 2024-10-22 18:00:00+00:00
2024-11-11 22:04:21,536 - Short Sell 179.00 shares at 112.3 on 2024-10-22 18:15:00+00:00
2024-11-11 22:04:21,536 - Short Sell 178.00 shares at 112.34 on 2024-10-22 18:30:00+00:00
2024-11-11 22:04:21,536 - Short Sell 178.00 shares at 112.5 on 2024-10-22 18:45:00+00:00
2024-11-11 22:04:21,536 - Short Sell 178.00 shares at 112.43 on 2024-10-22 19:00:00+00:00
2024-11-11 22:04:21,536 - Short Sell 178.00 shares at 112.49 on 2024-10-22 19:15:00+00:00
2024-11-11 22:04:21,536 - Short Sell 178.00 shares at 112.56 on 2024-10-22 19:30:00+00:00
2024-11-11 22:04:21,536 - Short Sell 178.00 shares at 112.44 on 2024-10-23 14:00:00+00:00
2024-11-11 22:04:21,536 - Buy to cover -3739.00 shares at 111.92 on 2024-10-23 14:45:00+00:00 (Exit: Profit_take, Profit: 2143.500000000008, Duration: 1440.0 minutes)
2024-11-11 22:04:21,536 - Long Buy 180.00 shares at 111.82 on 2024-10-23 15:00:00+00:00
2024-11-11 22:04:21,536 - Long Buy 176.00 shares at 111.75 on 2024-10-23 15:30:00+00:00
2024-11-11 22:04:21,536 - Long Buy 173.00 shares at 111.74 on 2024-10-23 16:00:00+00:00
2024-11-11 22:04:21,536 - Long Buy 169.00 shares at 111.73 on 2024-10-23 16:45:00+00:00
2024-11-11 22:04:21,536 - Long Buy 166.00 shares at 111.71 on 2024-10-23 17:00:00+00:00
2024-11-11 22:04:21,536 - Long Buy 163.00 shares at 111.49 on 2024-10-23 17:15:00+00:00
2024-11-11 22:04:21,536 - Long Buy 159.00 shares at 111.59 on 2024-10-23 17:30:00+00:00
2024-11-11 22:04:21,536 - Long Buy 156.00 shares at 111.68 on 2024-10-23 17:45:00+00:00
2024-11-11 22:04:21,536 - Long Buy 153.00 shares at 111.62 on 2024-10-23 18:00:00+00:00
2024-11-11 22:04:21,536 - Long Buy 150.00 shares at 111.45 on 2024-10-23 18:15:00+00:00
2024-11-11 22:04:21,536 - Long Buy 147.00 shares at 111.62 on 2024-10-23 18:30:00+00:00
2024-11-11 22:04:21,536 - Long Buy 144.00 shares at 111.65 on 2024-10-23 18:45:00+00:00
2024-11-11 22:04:21,536 - Long Buy 141.00 shares at 111.63 on 2024-10-23 19:00:00+00:00
2024-11-11 22:04:21,536 - Sell to close 2077.00 shares at 112.41 on 2024-10-24 13:30:00+00:00 (Exit: Profit_take, Profit: 1564.0300000000084, Duration: 1350.0 minutes)
2024-11-11 22:04:21,537 - Short Sell 179.00 shares at 112.56 on 2024-10-24 13:45:00+00:00
2024-11-11 22:04:21,537 - Short Sell 179.00 shares at 112.52 on 2024-10-24 14:00:00+00:00
2024-11-11 22:04:21,537 - Short Sell 178.00 shares at 112.7 on 2024-10-24 14:15:00+00:00
2024-11-11 22:04:21,537 - Short Sell 179.00 shares at 112.25 on 2024-10-24 14:30:00+00:00
2024-11-11 22:04:21,537 - Short Sell 179.00 shares at 112.48 on 2024-10-24 14:45:00+00:00
2024-11-11 22:04:21,537 - Short Sell 179.00 shares at 112.35 on 2024-10-24 15:00:00+00:00
2024-11-11 22:04:21,537 - Short Sell 179.00 shares at 112.29 on 2024-10-24 15:15:00+00:00
2024-11-11 22:04:21,537 - Short Sell 179.00 shares at 112.23 on 2024-10-24 15:30:00+00:00
2024-11-11 22:04:21,537 - Short Sell 179.00 shares at 112.26 on 2024-10-24 15:45:00+00:00
2024-11-11 22:04:21,537 - Short Sell 179.00 shares at 112.27 on 2024-10-24 16:00:00+00:00
2024-11-11 22:04:21,537 - Short Sell 179.00 shares at 112.39 on 2024-10-24 16:30:00+00:00
2024-11-11 22:04:21,537 - Short Sell 179.00 shares at 112.54 on 2024-10-24 16:45:00+00:00
2024-11-11 22:04:21,537 - Buy to cover -2147.00 shares at 112.03 on 2024-10-24 18:30:00+00:00 (Exit: Signal, Profit: 801.2499999999959, Duration: 285.0 minutes)
2024-11-11 22:04:21,537 - Long Buy 180.00 shares at 112.04 on 2024-10-24 18:45:00+00:00
2024-11-11 22:04:21,537 - Long Buy 177.00 shares at 111.28 on 2024-10-25 13:30:00+00:00
2024-11-11 22:04:21,537 - Long Buy 174.00 shares at 111.28 on 2024-10-25 13:45:00+00:00
2024-11-11 22:04:21,537 - Long Buy 170.00 shares at 111.47 on 2024-10-25 14:00:00+00:00
2024-11-11 22:04:21,537 - Long Buy 167.00 shares at 111.18 on 2024-10-25 14:15:00+00:00
2024-11-11 22:04:21,537 - Long Buy 163.00 shares at 111.38 on 2024-10-25 14:30:00+00:00
2024-11-11 22:04:21,537 - Sell to close 1031.00 shares at 111.06 on 2024-10-25 14:45:00+00:00 (Exit: Stop_loss, Profit: -395.52000000000373, Duration: 1200.0 minutes)
2024-11-11 22:04:21,537 - Short Sell 181.00 shares at 111.0 on 2024-10-28 13:30:00+00:00
2024-11-11 22:04:21,537 - Short Sell 182.00 shares at 110.79 on 2024-10-28 13:45:00+00:00
2024-11-11 22:04:21,538 - Short Sell 182.00 shares at 110.84 on 2024-10-28 14:00:00+00:00
2024-11-11 22:04:21,538 - Short Sell 182.00 shares at 110.82 on 2024-10-28 18:00:00+00:00
2024-11-11 22:04:21,538 - Buy to cover -727.00 shares at 110.59 on 2024-10-29 13:30:00+00:00 (Exit: Signal, Profit: 197.96999999999224, Duration: 1440.0 minutes)
2024-11-11 22:04:21,539 - Short Sell 181.00 shares at 110.96 on 2024-10-29 15:00:00+00:00
2024-11-11 22:04:21,539 - Short Sell 181.00 shares at 111.21 on 2024-10-29 15:15:00+00:00
2024-11-11 22:04:21,539 - Short Sell 181.00 shares at 111.19 on 2024-10-29 15:30:00+00:00
2024-11-11 22:04:21,539 - Short Sell 181.00 shares at 111.02 on 2024-10-29 15:45:00+00:00
2024-11-11 22:04:21,539 - Short Sell 181.00 shares at 111.16 on 2024-10-29 16:00:00+00:00
2024-11-11 22:04:21,539 - Short Sell 181.00 shares at 111.11 on 2024-10-29 17:00:00+00:00
2024-11-11 22:04:21,539 - Buy to cover -1086.00 shares at 110.45 on 2024-10-29 17:45:00+00:00 (Exit: Profit_take, Profit: 714.949999999998, Duration: 165.0 minutes)
2024-11-11 22:04:21,539 - Short Sell 182.00 shares at 110.58 on 2024-10-29 19:00:00+00:00
2024-11-11 22:04:21,539 - Short Sell 182.00 shares at 110.72 on 2024-10-29 19:15:00+00:00
2024-11-11 22:04:21,539 - Buy to cover -364.00 shares at 110.47 on 2024-10-29 19:30:00+00:00 (Exit: Signal, Profit: 65.52000000000766, Duration: 30.0 minutes)
2024-11-11 22:04:21,539 - Long Buy 183.00 shares at 110.08 on 2024-10-29 19:45:00+00:00
2024-11-11 22:04:21,539 - Long Buy 181.00 shares at 109.0 on 2024-10-30 13:30:00+00:00
2024-11-11 22:04:21,539 - Sell to close 364.00 shares at 108.69 on 2024-10-30 13:45:00+00:00 (Exit: Stop_loss, Profit: -310.47999999999877, Duration: 1080.0 minutes)
2024-11-11 22:04:21,540 - Short Sell 186.00 shares at 108.27 on 2024-10-31 13:30:00+00:00
2024-11-11 22:04:21,540 - Short Sell 186.00 shares at 108.36 on 2024-10-31 13:45:00+00:00
2024-11-11 22:04:21,540 - Short Sell 186.00 shares at 108.01 on 2024-10-31 14:00:00+00:00
2024-11-11 22:04:21,540 - Short Sell 186.00 shares at 108.06 on 2024-10-31 14:30:00+00:00
2024-11-11 22:04:21,540 - Short Sell 186.00 shares at 108.32 on 2024-10-31 14:45:00+00:00
2024-11-11 22:04:21,540 - Short Sell 185.00 shares at 108.53 on 2024-10-31 15:00:00+00:00
2024-11-11 22:04:21,540 - Short Sell 186.00 shares at 108.33 on 2024-10-31 15:15:00+00:00
2024-11-11 22:04:21,540 - Short Sell 185.00 shares at 108.55 on 2024-10-31 15:30:00+00:00
2024-11-11 22:04:21,540 - Short Sell 185.00 shares at 108.6 on 2024-10-31 15:45:00+00:00
2024-11-11 22:04:21,540 - Short Sell 185.00 shares at 108.61 on 2024-10-31 16:00:00+00:00
2024-11-11 22:04:21,540 - Short Sell 186.00 shares at 108.35 on 2024-10-31 16:15:00+00:00
2024-11-11 22:04:21,540 - Short Sell 186.00 shares at 108.37 on 2024-10-31 16:30:00+00:00
2024-11-11 22:04:21,540 - Short Sell 186.00 shares at 108.32 on 2024-10-31 16:45:00+00:00
2024-11-11 22:04:21,540 - Short Sell 186.00 shares at 108.51 on 2024-10-31 17:00:00+00:00
2024-11-11 22:04:21,540 - Short Sell 186.00 shares at 108.51 on 2024-10-31 17:15:00+00:00
2024-11-11 22:04:21,540 - Short Sell 185.00 shares at 108.55 on 2024-10-31 17:30:00+00:00
2024-11-11 22:04:21,540 - Short Sell 185.00 shares at 108.65 on 2024-10-31 17:45:00+00:00
2024-11-11 22:04:21,540 - Short Sell 185.00 shares at 108.83 on 2024-10-31 18:00:00+00:00
2024-11-11 22:04:21,540 - Short Sell 185.00 shares at 108.89 on 2024-10-31 18:15:00+00:00
2024-11-11 22:04:21,540 - Buy to cover -3526.00 shares at 109.0 on 2024-10-31 18:30:00+00:00 (Exit: Stop_loss, Profit: -1927.8900000000376, Duration: 300.0 minutes)
2024-11-11 22:04:21,540 - Short Sell 176.00 shares at 114.46 on 2024-11-01 13:30:00+00:00
2024-11-11 22:04:21,540 - Short Sell 174.00 shares at 115.49 on 2024-11-01 13:45:00+00:00
2024-11-11 22:04:21,540 - Short Sell 174.00 shares at 115.55 on 2024-11-01 14:00:00+00:00
2024-11-11 22:04:21,540 - Buy to cover -524.00 shares at 115.96 on 2024-11-01 14:15:00+00:00 (Exit: Stop_loss, Profit: -417.12000000000074, Duration: 45.0 minutes)
2024-11-11 22:04:21,541 - Long Buy 175.00 shares at 114.64 on 2024-11-04 14:30:00+00:00
2024-11-11 22:04:21,541 - Long Buy 172.00 shares at 114.64 on 2024-11-04 14:45:00+00:00
2024-11-11 22:04:21,541 - Long Buy 169.00 shares at 114.46 on 2024-11-04 15:00:00+00:00
2024-11-11 22:04:21,541 - Long Buy 164.00 shares at 115.13 on 2024-11-04 15:15:00+00:00
2024-11-11 22:04:21,541 - Long Buy 162.00 shares at 114.42 on 2024-11-04 15:30:00+00:00
2024-11-11 22:04:21,541 - Long Buy 159.00 shares at 114.07 on 2024-11-04 15:45:00+00:00
2024-11-11 22:04:21,541 - Long Buy 156.00 shares at 113.98 on 2024-11-04 16:00:00+00:00
2024-11-11 22:04:21,541 - Sell to close 1157.00 shares at 113.5 on 2024-11-04 16:15:00+00:00 (Exit: Stop_loss, Profit: -1139.6900000000078, Duration: 105.0 minutes)
2024-11-11 22:04:21,541 - Long Buy 180.00 shares at 111.68 on 2024-11-05 14:30:00+00:00
2024-11-11 22:04:21,541 - Long Buy 176.00 shares at 111.95 on 2024-11-05 14:45:00+00:00
2024-11-11 22:04:21,541 - Sell to close 356.00 shares at 112.68 on 2024-11-05 15:00:00+00:00 (Exit: Profit_take, Profit: 308.47999999999865, Duration: 30.0 minutes)
2024-11-11 22:04:21,541 - Long Buy 178.00 shares at 112.89 on 2024-11-05 15:30:00+00:00
2024-11-11 22:04:21,541 - Sell to close 178.00 shares at 113.59 on 2024-11-05 16:30:00+00:00 (Exit: Profit_take, Profit: 124.59999999999798, Duration: 60.0 minutes)
2024-11-11 22:04:21,541 - Short Sell 176.00 shares at 113.77 on 2024-11-05 17:30:00+00:00
2024-11-11 22:04:21,541 - Short Sell 176.00 shares at 113.91 on 2024-11-05 17:45:00+00:00
2024-11-11 22:04:21,541 - Buy to cover -352.00 shares at 113.51 on 2024-11-05 18:15:00+00:00 (Exit: Signal, Profit: 116.1599999999994, Duration: 45.0 minutes)
2024-11-11 22:04:21,542 - Long Buy 177.00 shares at 113.12 on 2024-11-05 20:15:00+00:00
2024-11-11 22:04:21,542 - Long Buy 174.00 shares at 113.28 on 2024-11-05 20:30:00+00:00
2024-11-11 22:04:21,542 - Long Buy 170.00 shares at 113.18 on 2024-11-05 20:45:00+00:00
2024-11-11 22:04:21,542 - Sell to close 521.00 shares at 114.95 on 2024-11-06 14:30:00+00:00 (Exit: Profit_take, Profit: 915.3899999999927, Duration: 1095.0 minutes)
2024-11-11 22:04:21,542 - Short Sell 176.00 shares at 114.3 on 2024-11-06 14:45:00+00:00
2024-11-11 22:04:21,542 - Short Sell 176.00 shares at 114.44 on 2024-11-06 15:00:00+00:00
2024-11-11 22:04:21,542 - Short Sell 175.00 shares at 114.79 on 2024-11-06 15:15:00+00:00
2024-11-11 22:04:21,542 - Short Sell 175.00 shares at 115.04 on 2024-11-06 15:30:00+00:00
2024-11-11 22:04:21,542 - Short Sell 176.00 shares at 114.2 on 2024-11-06 15:45:00+00:00
2024-11-11 22:04:21,542 - Short Sell 175.00 shares at 114.81 on 2024-11-06 16:00:00+00:00
2024-11-11 22:04:21,542 - Short Sell 175.00 shares at 114.76 on 2024-11-06 16:15:00+00:00
2024-11-11 22:04:21,542 - Short Sell 176.00 shares at 114.33 on 2024-11-06 16:30:00+00:00
2024-11-11 22:04:21,542 - Short Sell 176.00 shares at 114.42 on 2024-11-06 16:45:00+00:00
2024-11-11 22:04:21,542 - Short Sell 176.00 shares at 114.35 on 2024-11-06 17:00:00+00:00
2024-11-11 22:04:21,542 - Short Sell 175.00 shares at 114.68 on 2024-11-06 17:15:00+00:00
2024-11-11 22:04:21,542 - Short Sell 175.00 shares at 114.7 on 2024-11-06 17:30:00+00:00
2024-11-11 22:04:21,542 - Short Sell 175.00 shares at 114.82 on 2024-11-06 17:45:00+00:00
2024-11-11 22:04:21,542 - Buy to cover -2281.00 shares at 115.39 on 2024-11-06 18:00:00+00:00 (Exit: Stop_loss, Profit: -1831.549999999976, Duration: 195.0 minutes)
2024-11-11 22:04:21,542 - Short Sell 171.00 shares at 117.55 on 2024-11-07 14:30:00+00:00
2024-11-11 22:04:21,542 - Short Sell 170.00 shares at 118.0 on 2024-11-07 14:45:00+00:00
2024-11-11 22:04:21,542 - Buy to cover -341.00 shares at 118.73 on 2024-11-07 15:00:00+00:00 (Exit: Stop_loss, Profit: -325.8799999999992, Duration: 30.0 minutes)
2024-11-11 22:04:21,542 - Short Sell 168.00 shares at 119.54 on 2024-11-08 14:30:00+00:00
2024-11-11 22:04:21,543 - Short Sell 167.00 shares at 120.17 on 2024-11-08 14:45:00+00:00
2024-11-11 22:04:21,543 - Short Sell 166.00 shares at 120.68 on 2024-11-08 15:00:00+00:00
2024-11-11 22:04:21,543 - Buy to cover -501.00 shares at 121.01 on 2024-11-08 15:15:00+00:00 (Exit: Stop_loss, Profit: -442.02000000000055, Duration: 45.0 minutes)
2024-11-11 22:04:21,544 - Final statisticsStock: CAH, 
total_trades: 29, 
winning_trades: 19, 
losing_trades: 10, 
average_return: 0.0008702175494487834, 
average_duration: 653.7931034482758, 
final_balance: 1004976.9399999997, 
final_portfolio_value: 1004976.9399999997, 
sharpe_ratio: -0.7792254610962812, 



