2024-11-11 22:31:39,069 - Starting GBMStrategy with initial capital: 1000000
2024-11-11 22:31:39,069 - Hyperparameters: {'threshold': 1.5, 'time_periods': 30, 'num_simulations': 150}
2024-11-11 22:32:58,174 - Short Sell 245.00 shares at 81.58 on 2024-10-11 14:30:00+00:00
2024-11-11 22:32:58,175 - Short Sell 244.00 shares at 81.74 on 2024-10-11 14:45:00+00:00
2024-11-11 22:32:58,175 - Short Sell 244.00 shares at 81.93 on 2024-10-11 15:00:00+00:00
2024-11-11 22:32:58,175 - Short Sell 244.00 shares at 81.84 on 2024-10-11 15:15:00+00:00
2024-11-11 22:32:58,175 - Short Sell 244.00 shares at 81.83 on 2024-10-11 15:30:00+00:00
2024-11-11 22:32:58,175 - Short Sell 244.00 shares at 81.72 on 2024-10-11 15:45:00+00:00
2024-11-11 22:32:58,175 - Short Sell 244.00 shares at 81.69 on 2024-10-11 16:00:00+00:00
2024-11-11 22:32:58,176 - Buy to cover -1709.00 shares at 81.36 on 2024-10-11 16:30:00+00:00 (Exit: Signal, Profit: 685.8600000000401, Duration: 120.0 minutes)
2024-11-11 22:32:58,176 - Long Buy 246.00 shares at 81.24 on 2024-10-11 17:00:00+00:00
2024-11-11 22:32:58,176 - Long Buy 241.00 shares at 81.3 on 2024-10-11 17:30:00+00:00
2024-11-11 22:32:58,176 - Long Buy 236.00 shares at 81.29 on 2024-10-11 17:45:00+00:00
2024-11-11 22:32:58,176 - Long Buy 231.00 shares at 81.21 on 2024-10-11 18:00:00+00:00
2024-11-11 22:32:58,176 - Long Buy 227.00 shares at 81.17 on 2024-10-11 18:15:00+00:00
2024-11-11 22:32:58,176 - Long Buy 222.00 shares at 81.15 on 2024-10-11 18:30:00+00:00
2024-11-11 22:32:58,176 - Long Buy 218.00 shares at 81.05 on 2024-10-11 18:45:00+00:00
2024-11-11 22:32:58,176 - Long Buy 214.00 shares at 81.1 on 2024-10-11 19:00:00+00:00
2024-11-11 22:32:58,176 - Long Buy 209.00 shares at 81.26 on 2024-10-11 19:15:00+00:00
2024-11-11 22:32:58,176 - Long Buy 205.00 shares at 81.23 on 2024-10-11 19:30:00+00:00
2024-11-11 22:32:58,176 - Sell to close 2249.00 shares at 81.61 on 2024-10-11 19:45:00+00:00 (Exit: Profit_take, Profit: 917.9200000000326, Duration: 165.0 minutes)
2024-11-11 22:32:58,176 - Short Sell 244.00 shares at 82.03 on 2024-10-14 13:30:00+00:00
2024-11-11 22:32:58,176 - Short Sell 244.00 shares at 82.08 on 2024-10-14 13:45:00+00:00
2024-11-11 22:32:58,176 - Short Sell 244.00 shares at 82.08 on 2024-10-14 14:00:00+00:00
2024-11-11 22:32:58,176 - Short Sell 244.00 shares at 81.96 on 2024-10-14 14:15:00+00:00
2024-11-11 22:32:58,176 - Short Sell 243.00 shares at 82.25 on 2024-10-14 14:30:00+00:00
2024-11-11 22:32:58,176 - Short Sell 243.00 shares at 82.37 on 2024-10-14 14:45:00+00:00
2024-11-11 22:32:58,177 - Short Sell 242.00 shares at 82.59 on 2024-10-14 15:00:00+00:00
2024-11-11 22:32:58,177 - Short Sell 242.00 shares at 82.44 on 2024-10-14 15:15:00+00:00
2024-11-11 22:32:58,177 - Short Sell 242.00 shares at 82.56 on 2024-10-14 15:30:00+00:00
2024-11-11 22:32:58,177 - Short Sell 242.00 shares at 82.54 on 2024-10-14 15:45:00+00:00
2024-11-11 22:32:58,177 - Short Sell 242.00 shares at 82.55 on 2024-10-14 16:00:00+00:00
2024-11-11 22:32:58,177 - Short Sell 242.00 shares at 82.65 on 2024-10-14 16:15:00+00:00
2024-11-11 22:32:58,177 - Short Sell 242.00 shares at 82.58 on 2024-10-14 16:30:00+00:00
2024-11-11 22:32:58,177 - Short Sell 242.00 shares at 82.64 on 2024-10-14 16:45:00+00:00
2024-11-11 22:32:58,177 - Short Sell 242.00 shares at 82.63 on 2024-10-14 17:00:00+00:00
2024-11-11 22:32:58,177 - Short Sell 242.00 shares at 82.61 on 2024-10-14 17:15:00+00:00
2024-11-11 22:32:58,177 - Short Sell 242.00 shares at 82.64 on 2024-10-14 17:30:00+00:00
2024-11-11 22:32:58,177 - Short Sell 241.00 shares at 82.72 on 2024-10-14 18:00:00+00:00
2024-11-11 22:32:58,177 - Short Sell 242.00 shares at 82.68 on 2024-10-14 18:15:00+00:00
2024-11-11 22:32:58,177 - Buy to cover -4607.00 shares at 82.84 on 2024-10-14 18:30:00+00:00 (Exit: Stop_loss, Profit: -1788.4800000000823, Duration: 300.0 minutes)
2024-11-11 22:32:58,177 - Short Sell 241.00 shares at 82.96 on 2024-10-15 13:30:00+00:00
2024-11-11 22:32:58,177 - Buy to cover -241.00 shares at 82.3 on 2024-10-15 13:45:00+00:00 (Exit: Profit_take, Profit: 159.05999999999918, Duration: 15.0 minutes)
2024-11-11 22:32:58,177 - Long Buy 243.00 shares at 82.17 on 2024-10-15 14:30:00+00:00
2024-11-11 22:32:58,177 - Long Buy 238.00 shares at 82.17 on 2024-10-15 15:00:00+00:00
2024-11-11 22:32:58,177 - Sell to close 481.00 shares at 82.62 on 2024-10-15 16:00:00+00:00 (Exit: Profit_take, Profit: 216.45000000000135, Duration: 90.0 minutes)
2024-11-11 22:32:58,177 - Short Sell 241.00 shares at 82.81 on 2024-10-15 16:15:00+00:00
2024-11-11 22:32:58,177 - Buy to cover -241.00 shares at 82.76 on 2024-10-15 16:30:00+00:00 (Exit: Signal, Profit: 12.049999999999315, Duration: 15.0 minutes)
2024-11-11 22:32:58,177 - Long Buy 241.00 shares at 82.74 on 2024-10-15 16:45:00+00:00
2024-11-11 22:32:58,178 - Long Buy 237.00 shares at 82.61 on 2024-10-15 17:00:00+00:00
2024-11-11 22:32:58,178 - Long Buy 232.00 shares at 82.57 on 2024-10-15 18:00:00+00:00
2024-11-11 22:32:58,178 - Long Buy 228.00 shares at 82.41 on 2024-10-15 18:15:00+00:00
2024-11-11 22:32:58,178 - Long Buy 223.00 shares at 82.43 on 2024-10-15 18:30:00+00:00
2024-11-11 22:32:58,178 - Long Buy 219.00 shares at 82.34 on 2024-10-15 18:45:00+00:00
2024-11-11 22:32:58,178 - Long Buy 215.00 shares at 82.19 on 2024-10-15 19:00:00+00:00
2024-11-11 22:32:58,178 - Long Buy 211.00 shares at 82.12 on 2024-10-15 19:15:00+00:00
2024-11-11 22:32:58,178 - Sell to close 1806.00 shares at 81.9 on 2024-10-15 19:30:00+00:00 (Exit: Stop_loss, Profit: -965.7499999999857, Duration: 165.0 minutes)
2024-11-11 22:32:58,178 - Long Buy 246.00 shares at 81.15 on 2024-10-16 13:30:00+00:00
2024-11-11 22:32:58,178 - Long Buy 240.00 shares at 81.46 on 2024-10-16 13:45:00+00:00
2024-11-11 22:32:58,178 - Long Buy 235.00 shares at 81.54 on 2024-10-16 14:00:00+00:00
2024-11-11 22:32:58,178 - Long Buy 230.00 shares at 81.46 on 2024-10-16 14:15:00+00:00
2024-11-11 22:32:58,178 - Long Buy 226.00 shares at 81.41 on 2024-10-16 14:30:00+00:00
2024-11-11 22:32:58,178 - Long Buy 221.00 shares at 81.55 on 2024-10-16 14:45:00+00:00
2024-11-11 22:32:58,178 - Long Buy 217.00 shares at 81.34 on 2024-10-16 15:00:00+00:00
2024-11-11 22:32:58,178 - Long Buy 213.00 shares at 81.38 on 2024-10-16 15:15:00+00:00
2024-11-11 22:32:58,178 - Long Buy 208.00 shares at 81.38 on 2024-10-16 15:30:00+00:00
2024-11-11 22:32:58,178 - Long Buy 204.00 shares at 81.39 on 2024-10-16 15:45:00+00:00
2024-11-11 22:32:58,178 - Long Buy 200.00 shares at 81.42 on 2024-10-16 16:00:00+00:00
2024-11-11 22:32:58,178 - Long Buy 196.00 shares at 81.47 on 2024-10-16 16:15:00+00:00
2024-11-11 22:32:58,178 - Long Buy 192.00 shares at 81.41 on 2024-10-16 16:30:00+00:00
2024-11-11 22:32:58,178 - Long Buy 189.00 shares at 81.28 on 2024-10-16 16:45:00+00:00
2024-11-11 22:32:58,178 - Long Buy 185.00 shares at 81.26 on 2024-10-16 17:00:00+00:00
2024-11-11 22:32:58,178 - Long Buy 181.00 shares at 81.24 on 2024-10-16 17:15:00+00:00
2024-11-11 22:32:58,178 - Long Buy 178.00 shares at 81.22 on 2024-10-16 17:30:00+00:00
2024-11-11 22:32:58,178 - Long Buy 174.00 shares at 81.13 on 2024-10-16 17:45:00+00:00
2024-11-11 22:32:58,178 - Long Buy 171.00 shares at 81.08 on 2024-10-16 18:00:00+00:00
2024-11-11 22:32:58,178 - Long Buy 167.00 shares at 81.14 on 2024-10-16 18:30:00+00:00
2024-11-11 22:32:58,179 - Long Buy 164.00 shares at 81.06 on 2024-10-16 19:45:00+00:00
2024-11-11 22:32:58,179 - Sell to close 4237.00 shares at 82.33 on 2024-10-17 13:30:00+00:00 (Exit: Profit_take, Profit: 4219.700000000044, Duration: 1440.0 minutes)
2024-11-11 22:32:58,179 - Short Sell 245.00 shares at 81.77 on 2024-10-17 13:45:00+00:00
2024-11-11 22:32:58,179 - Short Sell 244.00 shares at 82.08 on 2024-10-17 14:00:00+00:00
2024-11-11 22:32:58,179 - Short Sell 244.00 shares at 82.06 on 2024-10-17 14:15:00+00:00
2024-11-11 22:32:58,179 - Short Sell 244.00 shares at 82.08 on 2024-10-17 14:30:00+00:00
2024-11-11 22:32:58,179 - Short Sell 244.00 shares at 82.08 on 2024-10-17 14:45:00+00:00
2024-11-11 22:32:58,179 - Short Sell 245.00 shares at 81.74 on 2024-10-17 15:00:00+00:00
2024-11-11 22:32:58,179 - Short Sell 245.00 shares at 81.85 on 2024-10-17 15:15:00+00:00
2024-11-11 22:32:58,179 - Short Sell 245.00 shares at 81.75 on 2024-10-17 15:30:00+00:00
2024-11-11 22:32:58,179 - Short Sell 245.00 shares at 81.82 on 2024-10-17 15:45:00+00:00
2024-11-11 22:32:58,179 - Short Sell 245.00 shares at 81.85 on 2024-10-17 16:00:00+00:00
2024-11-11 22:32:58,179 - Short Sell 245.00 shares at 81.82 on 2024-10-17 16:15:00+00:00
2024-11-11 22:32:58,179 - Short Sell 245.00 shares at 81.9 on 2024-10-17 16:30:00+00:00
2024-11-11 22:32:58,179 - Short Sell 245.00 shares at 81.91 on 2024-10-17 16:45:00+00:00
2024-11-11 22:32:58,179 - Short Sell 245.00 shares at 81.85 on 2024-10-17 17:00:00+00:00
2024-11-11 22:32:58,179 - Short Sell 245.00 shares at 81.85 on 2024-10-17 17:15:00+00:00
2024-11-11 22:32:58,179 - Short Sell 245.00 shares at 81.89 on 2024-10-17 17:30:00+00:00
2024-11-11 22:32:58,179 - Short Sell 245.00 shares at 81.81 on 2024-10-17 17:45:00+00:00
2024-11-11 22:32:58,179 - Short Sell 245.00 shares at 81.67 on 2024-10-17 18:00:00+00:00
2024-11-11 22:32:58,179 - Short Sell 246.00 shares at 81.61 on 2024-10-17 18:15:00+00:00
2024-11-11 22:32:58,179 - Short Sell 246.00 shares at 81.63 on 2024-10-17 18:30:00+00:00
2024-11-11 22:32:58,179 - Buy to cover -4898.00 shares at 81.39 on 2024-10-17 19:30:00+00:00 (Exit: Profit_take, Profit: 2256.620000000049, Duration: 345.0 minutes)
2024-11-11 22:32:58,179 - Long Buy 247.00 shares at 81.43 on 2024-10-17 19:45:00+00:00
2024-11-11 22:32:58,179 - Sell to close 247.00 shares at 81.99 on 2024-10-18 13:30:00+00:00 (Exit: Profit_take, Profit: 138.31999999999704, Duration: 1065.0 minutes)
2024-11-11 22:32:58,179 - Long Buy 246.00 shares at 81.45 on 2024-10-18 13:45:00+00:00
2024-11-11 22:32:58,179 - Long Buy 242.00 shares at 81.23 on 2024-10-18 14:00:00+00:00
2024-11-11 22:32:58,179 - Long Buy 237.00 shares at 81.33 on 2024-10-18 14:15:00+00:00
2024-11-11 22:32:58,180 - Long Buy 232.00 shares at 81.3 on 2024-10-18 14:30:00+00:00
2024-11-11 22:32:58,180 - Long Buy 228.00 shares at 81.3 on 2024-10-18 14:45:00+00:00
2024-11-11 22:32:58,180 - Long Buy 223.00 shares at 81.32 on 2024-10-18 15:00:00+00:00
2024-11-11 22:32:58,180 - Long Buy 219.00 shares at 81.31 on 2024-10-18 15:15:00+00:00
2024-11-11 22:32:58,180 - Long Buy 214.00 shares at 81.35 on 2024-10-18 15:30:00+00:00
2024-11-11 22:32:58,180 - Long Buy 210.00 shares at 81.37 on 2024-10-18 15:45:00+00:00
2024-11-11 22:32:58,180 - Long Buy 206.00 shares at 81.35 on 2024-10-18 16:00:00+00:00
2024-11-11 22:32:58,180 - Long Buy 201.00 shares at 81.53 on 2024-10-18 19:30:00+00:00
2024-11-11 22:32:58,180 - Sell to close 2458.00 shares at 81.8 on 2024-10-21 13:45:00+00:00 (Exit: Profit_take, Profit: 1113.3499999999788, Duration: 4320.0 minutes)
2024-11-11 22:32:58,180 - Short Sell 245.00 shares at 81.95 on 2024-10-21 14:00:00+00:00
2024-11-11 22:32:58,180 - Short Sell 246.00 shares at 81.73 on 2024-10-21 14:15:00+00:00
2024-11-11 22:32:58,180 - Buy to cover -491.00 shares at 81.43 on 2024-10-21 14:45:00+00:00 (Exit: Profit_take, Profit: 201.19999999999806, Duration: 45.0 minutes)
2024-11-11 22:32:58,180 - Long Buy 247.00 shares at 81.32 on 2024-10-21 15:00:00+00:00
2024-11-11 22:32:58,180 - Long Buy 242.00 shares at 81.37 on 2024-10-21 15:15:00+00:00
2024-11-11 22:32:58,180 - Long Buy 237.00 shares at 81.34 on 2024-10-21 16:00:00+00:00
2024-11-11 22:32:58,180 - Long Buy 233.00 shares at 81.33 on 2024-10-21 18:15:00+00:00
2024-11-11 22:32:58,180 - Long Buy 228.00 shares at 81.24 on 2024-10-21 18:30:00+00:00
2024-11-11 22:32:58,180 - Long Buy 224.00 shares at 81.22 on 2024-10-21 18:45:00+00:00
2024-11-11 22:32:58,180 - Long Buy 219.00 shares at 81.25 on 2024-10-21 19:00:00+00:00
2024-11-11 22:32:58,180 - Long Buy 215.00 shares at 81.1 on 2024-10-21 19:15:00+00:00
2024-11-11 22:32:58,181 - Long Buy 211.00 shares at 81.02 on 2024-10-21 19:30:00+00:00
2024-11-11 22:32:58,181 - Sell to close 2056.00 shares at 80.12 on 2024-10-22 13:30:00+00:00 (Exit: Stop_loss, Profit: -2319.7999999999947, Duration: 1350.0 minutes)
2024-11-11 22:32:58,181 - Short Sell 248.00 shares at 80.98 on 2024-10-23 14:15:00+00:00
2024-11-11 22:32:58,181 - Short Sell 248.00 shares at 80.9 on 2024-10-23 14:30:00+00:00
2024-11-11 22:32:58,181 - Short Sell 248.00 shares at 80.9 on 2024-10-23 14:45:00+00:00
2024-11-11 22:32:58,181 - Buy to cover -744.00 shares at 80.7 on 2024-10-23 15:00:00+00:00 (Exit: Signal, Profit: 168.64000000000522, Duration: 45.0 minutes)
2024-11-11 22:32:58,181 - Long Buy 249.00 shares at 80.61 on 2024-10-23 15:15:00+00:00
2024-11-11 22:32:58,181 - Long Buy 244.00 shares at 80.7 on 2024-10-23 15:30:00+00:00
2024-11-11 22:32:58,181 - Long Buy 239.00 shares at 80.72 on 2024-10-23 15:45:00+00:00
2024-11-11 22:32:58,181 - Long Buy 235.00 shares at 80.5 on 2024-10-23 16:00:00+00:00
2024-11-11 22:32:58,181 - Long Buy 230.00 shares at 80.44 on 2024-10-23 16:15:00+00:00
2024-11-11 22:32:58,181 - Long Buy 225.00 shares at 80.55 on 2024-10-23 16:30:00+00:00
2024-11-11 22:32:58,181 - Long Buy 220.00 shares at 80.61 on 2024-10-23 16:45:00+00:00
2024-11-11 22:32:58,181 - Long Buy 217.00 shares at 80.35 on 2024-10-23 17:00:00+00:00
2024-11-11 22:32:58,181 - Long Buy 213.00 shares at 80.27 on 2024-10-23 17:15:00+00:00
2024-11-11 22:32:58,181 - Long Buy 208.00 shares at 80.22 on 2024-10-23 17:30:00+00:00
2024-11-11 22:32:58,181 - Long Buy 205.00 shares at 80.14 on 2024-10-23 17:45:00+00:00
2024-11-11 22:32:58,181 - Sell to close 2485.00 shares at 79.86 on 2024-10-23 18:00:00+00:00 (Exit: Stop_loss, Profit: -1527.24000000004, Duration: 165.0 minutes)
2024-11-11 22:32:58,181 - Long Buy 271.00 shares at 73.97 on 2024-10-24 13:30:00+00:00
2024-11-11 22:32:58,182 - Long Buy 267.00 shares at 73.66 on 2024-10-24 13:45:00+00:00
2024-11-11 22:32:58,182 - Long Buy 260.00 shares at 73.86 on 2024-10-24 14:00:00+00:00
2024-11-11 22:32:58,182 - Long Buy 256.00 shares at 73.73 on 2024-10-24 14:15:00+00:00
2024-11-11 22:32:58,182 - Long Buy 250.00 shares at 73.83 on 2024-10-24 14:30:00+00:00
2024-11-11 22:32:58,182 - Long Buy 245.00 shares at 73.98 on 2024-10-24 14:45:00+00:00
2024-11-11 22:32:58,182 - Long Buy 240.00 shares at 73.81 on 2024-10-24 15:00:00+00:00
2024-11-11 22:32:58,182 - Long Buy 235.00 shares at 73.85 on 2024-10-24 15:15:00+00:00
2024-11-11 22:32:58,182 - Long Buy 231.00 shares at 73.65 on 2024-10-24 15:30:00+00:00
2024-11-11 22:32:58,182 - Long Buy 227.00 shares at 73.59 on 2024-10-24 15:45:00+00:00
2024-11-11 22:32:58,182 - Long Buy 223.00 shares at 73.38 on 2024-10-24 16:00:00+00:00
2024-11-11 22:32:58,182 - Sell to close 2705.00 shares at 73.73 on 2024-10-24 16:15:00+00:00 (Exit: Signal, Profit: -85.48999999999097, Duration: 165.0 minutes)
2024-11-11 22:32:58,182 - Short Sell 271.00 shares at 73.95 on 2024-10-24 16:30:00+00:00
2024-11-11 22:32:58,182 - Short Sell 271.00 shares at 73.87 on 2024-10-24 17:00:00+00:00
2024-11-11 22:32:58,182 - Short Sell 271.00 shares at 73.95 on 2024-10-24 17:15:00+00:00
2024-11-11 22:32:58,182 - Short Sell 271.00 shares at 73.99 on 2024-10-24 17:30:00+00:00
2024-11-11 22:32:58,182 - Buy to cover -1084.00 shares at 73.27 on 2024-10-24 19:15:00+00:00 (Exit: Profit_take, Profit: 726.2800000000018, Duration: 165.0 minutes)
2024-11-11 22:32:58,182 - Long Buy 275.00 shares at 72.9 on 2024-10-24 19:45:00+00:00
2024-11-11 22:32:58,182 - Sell to close 275.00 shares at 73.4 on 2024-10-25 13:30:00+00:00 (Exit: Profit_take, Profit: 137.5, Duration: 1065.0 minutes)
2024-11-11 22:32:58,182 - Short Sell 274.00 shares at 73.22 on 2024-10-25 17:00:00+00:00
2024-11-11 22:32:58,182 - Buy to cover -274.00 shares at 72.91 on 2024-10-25 17:30:00+00:00 (Exit: Signal, Profit: 84.94000000000062, Duration: 30.0 minutes)
2024-11-11 22:32:58,183 - Long Buy 276.00 shares at 72.67 on 2024-10-25 17:45:00+00:00
2024-11-11 22:32:58,183 - Long Buy 270.00 shares at 72.78 on 2024-10-25 18:00:00+00:00
2024-11-11 22:32:58,183 - Sell to close 546.00 shares at 73.38 on 2024-10-25 18:45:00+00:00 (Exit: Profit_take, Profit: 357.95999999999424, Duration: 60.0 minutes)
2024-11-11 22:32:58,183 - Short Sell 273.00 shares at 73.42 on 2024-10-25 19:00:00+00:00
2024-11-11 22:32:58,183 - Short Sell 273.00 shares at 73.52 on 2024-10-25 19:15:00+00:00
2024-11-11 22:32:58,183 - Short Sell 272.00 shares at 73.74 on 2024-10-25 19:45:00+00:00
2024-11-11 22:32:58,183 - Short Sell 272.00 shares at 73.74 on 2024-10-28 13:30:00+00:00
2024-11-11 22:32:58,183 - Short Sell 272.00 shares at 73.68 on 2024-10-28 13:45:00+00:00
2024-11-11 22:32:58,183 - Short Sell 273.00 shares at 73.56 on 2024-10-28 14:00:00+00:00
2024-11-11 22:32:58,183 - Short Sell 271.00 shares at 73.95 on 2024-10-28 14:15:00+00:00
2024-11-11 22:32:58,183 - Buy to cover -1906.00 shares at 74.12 on 2024-10-28 14:30:00+00:00 (Exit: Stop_loss, Profit: -880.2500000000178, Duration: 4050.0 minutes)
2024-11-11 22:32:58,183 - Long Buy 269.00 shares at 74.54 on 2024-10-29 13:30:00+00:00
2024-11-11 22:32:58,183 - Long Buy 265.00 shares at 74.12 on 2024-10-29 13:45:00+00:00
2024-11-11 22:32:58,183 - Long Buy 259.00 shares at 74.43 on 2024-10-29 14:00:00+00:00
2024-11-11 22:32:58,183 - Long Buy 253.00 shares at 74.57 on 2024-10-29 14:15:00+00:00
2024-11-11 22:32:58,183 - Sell to close 1046.00 shares at 74.92 on 2024-10-29 14:30:00+00:00 (Exit: Profit_take, Profit: 529.6799999999812, Duration: 60.0 minutes)
2024-11-11 22:32:58,183 - Long Buy 268.00 shares at 74.86 on 2024-10-29 14:45:00+00:00
2024-11-11 22:32:58,183 - Long Buy 263.00 shares at 74.84 on 2024-10-29 15:00:00+00:00
2024-11-11 22:32:58,183 - Long Buy 257.00 shares at 74.83 on 2024-10-29 15:15:00+00:00
2024-11-11 22:32:58,184 - Long Buy 252.00 shares at 74.84 on 2024-10-29 15:30:00+00:00
2024-11-11 22:32:58,184 - Long Buy 248.00 shares at 74.51 on 2024-10-29 15:45:00+00:00
2024-11-11 22:32:58,184 - Long Buy 242.00 shares at 74.76 on 2024-10-29 16:00:00+00:00
2024-11-11 22:32:58,184 - Long Buy 237.00 shares at 74.86 on 2024-10-29 16:15:00+00:00
2024-11-11 22:32:58,184 - Long Buy 233.00 shares at 74.74 on 2024-10-29 16:30:00+00:00
2024-11-11 22:32:58,184 - Long Buy 228.00 shares at 74.7 on 2024-10-29 16:45:00+00:00
2024-11-11 22:32:58,184 - Long Buy 224.00 shares at 74.72 on 2024-10-29 17:00:00+00:00
2024-11-11 22:32:58,184 - Long Buy 220.00 shares at 74.58 on 2024-10-29 17:15:00+00:00
2024-11-11 22:32:58,184 - Long Buy 215.00 shares at 74.56 on 2024-10-29 17:30:00+00:00
2024-11-11 22:32:58,184 - Long Buy 211.00 shares at 74.7 on 2024-10-29 17:45:00+00:00
2024-11-11 22:32:58,184 - Long Buy 207.00 shares at 74.62 on 2024-10-29 18:00:00+00:00
2024-11-11 22:32:58,184 - Long Buy 202.00 shares at 74.69 on 2024-10-29 18:15:00+00:00
2024-11-11 22:32:58,184 - Long Buy 198.00 shares at 74.83 on 2024-10-29 18:30:00+00:00
2024-11-11 22:32:58,184 - Long Buy 194.00 shares at 74.81 on 2024-10-29 18:45:00+00:00
2024-11-11 22:32:58,184 - Long Buy 190.00 shares at 74.8 on 2024-10-29 19:00:00+00:00
2024-11-11 22:32:58,184 - Long Buy 188.00 shares at 74.31 on 2024-10-30 13:30:00+00:00
2024-11-11 22:32:58,184 - Long Buy 184.00 shares at 74.26 on 2024-10-30 14:15:00+00:00
2024-11-11 22:32:58,184 - Sell to close 4461.00 shares at 74.01 on 2024-10-30 14:30:00+00:00 (Exit: Stop_loss, Profit: -3082.320000000047, Duration: 1425.0 minutes)
2024-11-11 22:32:58,184 - Long Buy 272.00 shares at 73.55 on 2024-10-31 13:30:00+00:00
2024-11-11 22:32:58,184 - Long Buy 267.00 shares at 73.38 on 2024-10-31 14:00:00+00:00
2024-11-11 22:32:58,184 - Long Buy 262.00 shares at 73.41 on 2024-10-31 14:15:00+00:00
2024-11-11 22:32:58,184 - Long Buy 258.00 shares at 73.02 on 2024-10-31 14:45:00+00:00
2024-11-11 22:32:58,184 - Long Buy 253.00 shares at 72.92 on 2024-10-31 15:00:00+00:00
2024-11-11 22:32:58,184 - Long Buy 247.00 shares at 73.13 on 2024-10-31 15:15:00+00:00
2024-11-11 22:32:58,185 - Long Buy 242.00 shares at 73.22 on 2024-10-31 15:30:00+00:00
2024-11-11 22:32:58,185 - Long Buy 237.00 shares at 73.25 on 2024-10-31 15:45:00+00:00
2024-11-11 22:32:58,185 - Long Buy 232.00 shares at 73.23 on 2024-10-31 17:00:00+00:00
2024-11-11 22:32:58,185 - Long Buy 227.00 shares at 73.26 on 2024-10-31 17:15:00+00:00
2024-11-11 22:32:58,185 - Long Buy 223.00 shares at 73.18 on 2024-10-31 17:30:00+00:00
2024-11-11 22:32:58,185 - Long Buy 219.00 shares at 73.08 on 2024-10-31 17:45:00+00:00
2024-11-11 22:32:58,185 - Long Buy 215.00 shares at 72.98 on 2024-10-31 18:00:00+00:00
2024-11-11 22:32:58,185 - Long Buy 211.00 shares at 72.92 on 2024-10-31 18:15:00+00:00
2024-11-11 22:32:58,185 - Long Buy 206.00 shares at 72.97 on 2024-10-31 18:30:00+00:00
2024-11-11 22:32:58,185 - Long Buy 202.00 shares at 73.0 on 2024-10-31 18:45:00+00:00
2024-11-11 22:32:58,185 - Long Buy 198.00 shares at 73.04 on 2024-10-31 19:00:00+00:00
2024-11-11 22:32:58,185 - Long Buy 194.00 shares at 72.98 on 2024-10-31 19:15:00+00:00
2024-11-11 22:32:58,185 - Sell to close 4165.00 shares at 72.85 on 2024-10-31 19:30:00+00:00 (Exit: Stop_loss, Profit: -1259.4699999999257, Duration: 360.0 minutes)
2024-11-11 22:32:58,185 - Long Buy 272.00 shares at 73.36 on 2024-11-01 14:30:00+00:00
2024-11-11 22:32:58,185 - Long Buy 267.00 shares at 73.29 on 2024-11-01 14:45:00+00:00
2024-11-11 22:32:58,185 - Long Buy 262.00 shares at 73.21 on 2024-11-01 15:00:00+00:00
2024-11-11 22:32:58,185 - Long Buy 257.00 shares at 73.16 on 2024-11-01 15:15:00+00:00
2024-11-11 22:32:58,185 - Long Buy 253.00 shares at 72.87 on 2024-11-01 15:30:00+00:00
2024-11-11 22:32:58,185 - Long Buy 248.00 shares at 72.78 on 2024-11-01 15:45:00+00:00
2024-11-11 22:32:58,185 - Long Buy 243.00 shares at 72.9 on 2024-11-01 16:00:00+00:00
2024-11-11 22:32:58,185 - Long Buy 238.00 shares at 72.76 on 2024-11-01 16:15:00+00:00
2024-11-11 22:32:58,185 - Long Buy 234.00 shares at 72.67 on 2024-11-01 16:30:00+00:00
2024-11-11 22:32:58,185 - Long Buy 229.00 shares at 72.66 on 2024-11-01 16:45:00+00:00
2024-11-11 22:32:58,185 - Long Buy 224.00 shares at 72.77 on 2024-11-01 17:00:00+00:00
2024-11-11 22:32:58,185 - Long Buy 220.00 shares at 72.79 on 2024-11-01 17:15:00+00:00
2024-11-11 22:32:58,185 - Long Buy 216.00 shares at 72.65 on 2024-11-01 17:30:00+00:00
2024-11-11 22:32:58,185 - Sell to close 3163.00 shares at 72.61 on 2024-11-01 17:45:00+00:00 (Exit: Stop_loss, Profit: -1007.7900000000183, Duration: 195.0 minutes)
2024-11-11 22:32:58,186 - Long Buy 273.00 shares at 73.12 on 2024-11-04 14:30:00+00:00
2024-11-11 22:32:58,186 - Long Buy 267.00 shares at 73.3 on 2024-11-04 14:45:00+00:00
2024-11-11 22:32:58,186 - Long Buy 261.00 shares at 73.29 on 2024-11-04 15:00:00+00:00
2024-11-11 22:32:58,186 - Long Buy 257.00 shares at 73.07 on 2024-11-04 16:30:00+00:00
2024-11-11 22:32:58,186 - Long Buy 252.00 shares at 72.9 on 2024-11-04 16:45:00+00:00
2024-11-11 22:32:58,186 - Long Buy 248.00 shares at 72.81 on 2024-11-04 17:00:00+00:00
2024-11-11 22:32:58,186 - Long Buy 242.00 shares at 72.92 on 2024-11-04 17:15:00+00:00
2024-11-11 22:32:58,186 - Long Buy 237.00 shares at 72.94 on 2024-11-04 17:30:00+00:00
2024-11-11 22:32:58,186 - Long Buy 233.00 shares at 72.94 on 2024-11-04 17:45:00+00:00
2024-11-11 22:32:58,186 - Sell to close 2270.00 shares at 72.74 on 2024-11-04 18:00:00+00:00 (Exit: Stop_loss, Profit: -676.8600000000131, Duration: 210.0 minutes)
2024-11-11 22:32:58,186 - Short Sell 269.00 shares at 74.0 on 2024-11-05 15:30:00+00:00
2024-11-11 22:32:58,186 - Short Sell 270.00 shares at 73.75 on 2024-11-05 15:45:00+00:00
2024-11-11 22:32:58,186 - Short Sell 270.00 shares at 73.77 on 2024-11-05 16:00:00+00:00
2024-11-11 22:32:58,186 - Short Sell 270.00 shares at 73.7 on 2024-11-05 17:30:00+00:00
2024-11-11 22:32:58,187 - Buy to cover -1079.00 shares at 72.9 on 2024-11-06 14:30:00+00:00 (Exit: Profit_take, Profit: 976.2999999999809, Duration: 1380.0 minutes)
2024-11-11 22:32:58,187 - Long Buy 273.00 shares at 73.04 on 2024-11-06 14:45:00+00:00
2024-11-11 22:32:58,187 - Sell to close 273.00 shares at 73.73 on 2024-11-06 15:30:00+00:00 (Exit: Profit_take, Profit: 188.36999999999938, Duration: 45.0 minutes)
2024-11-11 22:32:58,187 - Short Sell 269.00 shares at 74.06 on 2024-11-06 16:45:00+00:00
2024-11-11 22:32:58,187 - Short Sell 269.00 shares at 74.22 on 2024-11-06 17:15:00+00:00
2024-11-11 22:32:58,187 - Buy to cover -538.00 shares at 74.66 on 2024-11-06 17:30:00+00:00 (Exit: Stop_loss, Profit: -279.75999999999783, Duration: 45.0 minutes)
2024-11-11 22:32:58,187 - Short Sell 264.00 shares at 75.59 on 2024-11-07 14:30:00+00:00
2024-11-11 22:32:58,187 - Short Sell 262.00 shares at 76.1 on 2024-11-07 14:45:00+00:00
2024-11-11 22:32:58,187 - Short Sell 261.00 shares at 76.29 on 2024-11-07 15:00:00+00:00
2024-11-11 22:32:58,187 - Buy to cover -787.00 shares at 76.41 on 2024-11-07 15:15:00+00:00 (Exit: Stop_loss, Profit: -329.01999999999737, Duration: 45.0 minutes)
2024-11-11 22:32:58,187 - Short Sell 261.00 shares at 76.46 on 2024-11-08 14:30:00+00:00
2024-11-11 22:32:58,187 - Short Sell 260.00 shares at 76.7 on 2024-11-08 14:45:00+00:00
2024-11-11 22:32:58,187 - Short Sell 259.00 shares at 76.9 on 2024-11-08 15:00:00+00:00
2024-11-11 22:32:58,187 - Short Sell 259.00 shares at 76.84 on 2024-11-08 15:15:00+00:00
2024-11-11 22:32:58,188 - Short Sell 259.00 shares at 77.04 on 2024-11-08 15:30:00+00:00
2024-11-11 22:32:58,188 - Short Sell 259.00 shares at 76.98 on 2024-11-08 15:45:00+00:00
2024-11-11 22:32:58,188 - Short Sell 259.00 shares at 76.94 on 2024-11-08 16:00:00+00:00
2024-11-11 22:32:58,188 - Short Sell 259.00 shares at 76.92 on 2024-11-08 16:15:00+00:00
2024-11-11 22:32:58,188 - Short Sell 259.00 shares at 76.94 on 2024-11-08 16:30:00+00:00
2024-11-11 22:32:58,188 - Short Sell 259.00 shares at 76.97 on 2024-11-08 16:45:00+00:00
2024-11-11 22:32:58,188 - Short Sell 260.00 shares at 76.82 on 2024-11-08 17:00:00+00:00
2024-11-11 22:32:58,188 - Short Sell 260.00 shares at 76.8 on 2024-11-08 17:15:00+00:00
2024-11-11 22:32:58,188 - Short Sell 260.00 shares at 76.81 on 2024-11-08 17:30:00+00:00
2024-11-11 22:32:58,188 - Short Sell 260.00 shares at 76.82 on 2024-11-08 17:45:00+00:00
2024-11-11 22:32:58,188 - Short Sell 260.00 shares at 76.8 on 2024-11-08 18:00:00+00:00
2024-11-11 22:32:58,188 - Short Sell 260.00 shares at 76.81 on 2024-11-08 18:15:00+00:00
2024-11-11 22:32:58,188 - Short Sell 259.00 shares at 76.89 on 2024-11-08 18:30:00+00:00
2024-11-11 22:32:58,188 - Short Sell 259.00 shares at 76.87 on 2024-11-08 18:45:00+00:00
2024-11-11 22:32:58,188 - Short Sell 260.00 shares at 76.83 on 2024-11-08 19:00:00+00:00
2024-11-11 22:32:58,188 - Short Sell 259.00 shares at 76.93 on 2024-11-08 19:15:00+00:00
2024-11-11 22:32:58,188 - Short Sell 259.00 shares at 77.0 on 2024-11-08 19:30:00+00:00
2024-11-11 22:32:58,188 - Short Sell 259.00 shares at 76.87 on 2024-11-08 19:45:00+00:00
2024-11-11 22:32:58,188 - Short Sell 260.00 shares at 76.72 on 2024-11-08 20:00:00+00:00
2024-11-11 22:32:58,188 - Short Sell 261.00 shares at 76.57 on 2024-11-08 20:15:00+00:00
2024-11-11 22:32:58,188 - Buy to cover -6229.00 shares at 76.47 on 2024-11-08 20:30:00+00:00 (Exit: Signal, Profit: 2321.110000000097, Duration: 360.0 minutes)
2024-11-11 22:32:58,188 - Short Sell 261.00 shares at 76.7 on 2024-11-08 20:45:00+00:00
2024-11-11 22:32:58,190 - Final statisticsStock: CARR, 
total_trades: 31, 
winning_trades: 19, 
losing_trades: 12, 
average_return: 0.0016406244329837541, 
average_duration: 622.741935483871, 
final_balance: 1021227.7799999999, 
final_portfolio_value: 1001209.08, 
sharpe_ratio: 5.053509447424246, 



