2024-11-10 20:20:29,194 - Starting GBMStrategy with initial capital: 1000000
2024-11-10 20:20:29,194 - Hyperparameters: {'threshold': 0.5, 'time_periods': 15, 'num_simulations': 150}
2024-11-10 20:26:24,181 - Short Sell 247.00 shares at 80.83 on 2024-10-10 17:15:00+00:00
2024-11-10 20:26:24,183 - Short Sell 247.00 shares at 80.8 on 2024-10-10 17:30:00+00:00
2024-11-10 20:26:24,183 - Short Sell 247.00 shares at 80.77 on 2024-10-10 17:45:00+00:00
2024-11-10 20:26:24,183 - Buy to cover -741.00 shares at 80.64 on 2024-10-10 18:00:00+00:00 (Exit: Signal, Profit: 118.55999999999747, Duration: 45.0 minutes)
2024-11-10 20:26:24,183 - Long Buy 248.00 shares at 80.6 on 2024-10-10 18:15:00+00:00
2024-11-10 20:26:24,183 - Long Buy 243.00 shares at 80.49 on 2024-10-10 18:30:00+00:00
2024-11-10 20:26:24,183 - Long Buy 238.00 shares at 80.56 on 2024-10-10 18:45:00+00:00
2024-11-10 20:26:24,183 - Long Buy 234.00 shares at 80.44 on 2024-10-10 19:00:00+00:00
2024-11-10 20:26:24,183 - Long Buy 229.00 shares at 80.48 on 2024-10-10 19:15:00+00:00
2024-11-10 20:26:24,183 - Long Buy 224.00 shares at 80.38 on 2024-10-10 19:30:00+00:00
2024-11-10 20:26:24,183 - Long Buy 220.00 shares at 80.43 on 2024-10-10 19:45:00+00:00
2024-11-10 20:26:24,183 - Sell to close 1636.00 shares at 81.1 on 2024-10-11 13:30:00+00:00 (Exit: Signal, Profit: 1005.850000000001, Duration: 1155.0 minutes)
2024-11-10 20:26:24,184 - Short Sell 246.00 shares at 81.23 on 2024-10-11 13:45:00+00:00
2024-11-10 20:26:24,184 - Short Sell 245.00 shares at 81.54 on 2024-10-11 14:00:00+00:00
2024-11-10 20:26:24,184 - Short Sell 245.00 shares at 81.53 on 2024-10-11 14:15:00+00:00
2024-11-10 20:26:24,184 - Short Sell 245.00 shares at 81.58 on 2024-10-11 14:30:00+00:00
2024-11-10 20:26:24,184 - Short Sell 244.00 shares at 81.74 on 2024-10-11 14:45:00+00:00
2024-11-10 20:26:24,184 - Short Sell 244.00 shares at 81.93 on 2024-10-11 15:00:00+00:00
2024-11-10 20:26:24,184 - Short Sell 244.00 shares at 81.84 on 2024-10-11 15:15:00+00:00
2024-11-10 20:26:24,184 - Short Sell 244.00 shares at 81.83 on 2024-10-11 15:30:00+00:00
2024-11-10 20:26:24,184 - Short Sell 244.00 shares at 81.72 on 2024-10-11 15:45:00+00:00
2024-11-10 20:26:24,184 - Short Sell 245.00 shares at 81.69 on 2024-10-11 16:00:00+00:00
2024-11-10 20:26:24,184 - Buy to cover -2446.00 shares at 81.36 on 2024-10-11 16:30:00+00:00 (Exit: Signal, Profit: 739.959999999992, Duration: 165.0 minutes)
2024-11-10 20:26:24,184 - Long Buy 246.00 shares at 81.42 on 2024-10-11 16:45:00+00:00
2024-11-10 20:26:24,184 - Long Buy 241.00 shares at 81.24 on 2024-10-11 17:00:00+00:00
2024-11-10 20:26:24,184 - Long Buy 236.00 shares at 81.39 on 2024-10-11 17:15:00+00:00
2024-11-10 20:26:24,184 - Long Buy 231.00 shares at 81.3 on 2024-10-11 17:30:00+00:00
2024-11-10 20:26:24,184 - Long Buy 227.00 shares at 81.29 on 2024-10-11 17:45:00+00:00
2024-11-10 20:26:24,184 - Long Buy 223.00 shares at 81.21 on 2024-10-11 18:00:00+00:00
2024-11-10 20:26:24,184 - Long Buy 218.00 shares at 81.17 on 2024-10-11 18:15:00+00:00
2024-11-10 20:26:24,184 - Long Buy 214.00 shares at 81.15 on 2024-10-11 18:30:00+00:00
2024-11-10 20:26:24,184 - Long Buy 210.00 shares at 81.05 on 2024-10-11 18:45:00+00:00
2024-11-10 20:26:24,184 - Long Buy 206.00 shares at 81.1 on 2024-10-11 19:00:00+00:00
2024-11-10 20:26:24,184 - Sell to close 2252.00 shares at 81.26 on 2024-10-11 19:15:00+00:00 (Exit: Signal, Profit: 50.09999999999047, Duration: 150.0 minutes)
2024-11-10 20:26:24,184 - Short Sell 245.00 shares at 81.61 on 2024-10-11 19:45:00+00:00
2024-11-10 20:26:24,184 - Short Sell 244.00 shares at 82.03 on 2024-10-14 13:30:00+00:00
2024-11-10 20:26:24,184 - Short Sell 244.00 shares at 82.08 on 2024-10-14 13:45:00+00:00
2024-11-10 20:26:24,184 - Short Sell 244.00 shares at 82.08 on 2024-10-14 14:00:00+00:00
2024-11-10 20:26:24,184 - Short Sell 244.00 shares at 81.96 on 2024-10-14 14:15:00+00:00
2024-11-10 20:26:24,184 - Short Sell 243.00 shares at 82.25 on 2024-10-14 14:30:00+00:00
2024-11-10 20:26:24,184 - Short Sell 243.00 shares at 82.37 on 2024-10-14 14:45:00+00:00
2024-11-10 20:26:24,184 - Short Sell 242.00 shares at 82.59 on 2024-10-14 15:00:00+00:00
2024-11-10 20:26:24,185 - Short Sell 242.00 shares at 82.44 on 2024-10-14 15:15:00+00:00
2024-11-10 20:26:24,185 - Short Sell 242.00 shares at 82.56 on 2024-10-14 15:30:00+00:00
2024-11-10 20:26:24,185 - Short Sell 242.00 shares at 82.54 on 2024-10-14 15:45:00+00:00
2024-11-10 20:26:24,185 - Short Sell 242.00 shares at 82.55 on 2024-10-14 16:00:00+00:00
2024-11-10 20:26:24,185 - Short Sell 242.00 shares at 82.65 on 2024-10-14 16:15:00+00:00
2024-11-10 20:26:24,185 - Short Sell 242.00 shares at 82.58 on 2024-10-14 16:30:00+00:00
2024-11-10 20:26:24,185 - Short Sell 242.00 shares at 82.64 on 2024-10-14 16:45:00+00:00
2024-11-10 20:26:24,185 - Short Sell 242.00 shares at 82.63 on 2024-10-14 17:00:00+00:00
2024-11-10 20:26:24,185 - Short Sell 242.00 shares at 82.61 on 2024-10-14 17:15:00+00:00
2024-11-10 20:26:24,185 - Short Sell 242.00 shares at 82.64 on 2024-10-14 17:30:00+00:00
2024-11-10 20:26:24,185 - Short Sell 242.00 shares at 82.56 on 2024-10-14 17:45:00+00:00
2024-11-10 20:26:24,185 - Short Sell 241.00 shares at 82.72 on 2024-10-14 18:00:00+00:00
2024-11-10 20:26:24,185 - Short Sell 242.00 shares at 82.68 on 2024-10-14 18:15:00+00:00
2024-11-10 20:26:24,185 - Short Sell 241.00 shares at 82.84 on 2024-10-14 18:30:00+00:00
2024-11-10 20:26:24,185 - Short Sell 241.00 shares at 82.75 on 2024-10-14 18:45:00+00:00
2024-11-10 20:26:24,185 - Short Sell 241.00 shares at 82.81 on 2024-10-14 19:00:00+00:00
2024-11-10 20:26:24,185 - Buy to cover -5817.00 shares at 82.74 on 2024-10-14 19:15:00+00:00 (Exit: Signal, Profit: -1604.80999999997, Duration: 4290.0 minutes)
2024-11-10 20:26:24,185 - Short Sell 241.00 shares at 82.84 on 2024-10-14 19:30:00+00:00
2024-11-10 20:26:24,185 - Buy to cover -241.00 shares at 82.68 on 2024-10-14 19:45:00+00:00 (Exit: Signal, Profit: 38.55999999999918, Duration: 15.0 minutes)
2024-11-10 20:26:24,185 - Short Sell 241.00 shares at 82.96 on 2024-10-15 13:30:00+00:00
2024-11-10 20:26:24,185 - Buy to cover -241.00 shares at 82.3 on 2024-10-15 13:45:00+00:00 (Exit: Signal, Profit: 159.05999999999918, Duration: 15.0 minutes)
2024-11-10 20:26:24,185 - Long Buy 242.00 shares at 82.41 on 2024-10-15 14:00:00+00:00
2024-11-10 20:26:24,185 - Long Buy 238.00 shares at 82.36 on 2024-10-15 14:15:00+00:00
2024-11-10 20:26:24,185 - Long Buy 233.00 shares at 82.17 on 2024-10-15 14:30:00+00:00
2024-11-10 20:26:24,185 - Long Buy 229.00 shares at 82.24 on 2024-10-15 14:45:00+00:00
2024-11-10 20:26:24,185 - Long Buy 224.00 shares at 82.17 on 2024-10-15 15:00:00+00:00
2024-11-10 20:26:24,185 - Long Buy 219.00 shares at 82.24 on 2024-10-15 15:15:00+00:00
2024-11-10 20:26:24,185 - Long Buy 215.00 shares at 82.44 on 2024-10-15 15:30:00+00:00
2024-11-10 20:26:24,185 - Long Buy 210.00 shares at 82.47 on 2024-10-15 15:45:00+00:00
2024-11-10 20:26:24,185 - Long Buy 206.00 shares at 82.62 on 2024-10-15 16:00:00+00:00
2024-11-10 20:26:24,185 - Long Buy 201.00 shares at 82.76 on 2024-10-15 16:30:00+00:00
2024-11-10 20:26:24,185 - Long Buy 197.00 shares at 82.74 on 2024-10-15 16:45:00+00:00
2024-11-10 20:26:24,185 - Long Buy 194.00 shares at 82.61 on 2024-10-15 17:00:00+00:00
2024-11-10 20:26:24,186 - Long Buy 189.00 shares at 82.73 on 2024-10-15 17:15:00+00:00
2024-11-10 20:26:24,186 - Long Buy 186.00 shares at 82.76 on 2024-10-15 17:30:00+00:00
2024-11-10 20:26:24,186 - Long Buy 182.00 shares at 82.72 on 2024-10-15 17:45:00+00:00
2024-11-10 20:26:24,186 - Long Buy 179.00 shares at 82.57 on 2024-10-15 18:00:00+00:00
2024-11-10 20:26:24,186 - Long Buy 175.00 shares at 82.41 on 2024-10-15 18:15:00+00:00
2024-11-10 20:26:24,186 - Long Buy 172.00 shares at 82.43 on 2024-10-15 18:30:00+00:00
2024-11-10 20:26:24,186 - Long Buy 169.00 shares at 82.34 on 2024-10-15 18:45:00+00:00
2024-11-10 20:26:24,186 - Long Buy 165.00 shares at 82.19 on 2024-10-15 19:00:00+00:00
2024-11-10 20:26:24,186 - Long Buy 162.00 shares at 82.12 on 2024-10-15 19:15:00+00:00
2024-11-10 20:26:24,186 - Long Buy 160.00 shares at 81.9 on 2024-10-15 19:30:00+00:00
2024-11-10 20:26:24,186 - Long Buy 157.00 shares at 81.63 on 2024-10-15 19:45:00+00:00
2024-11-10 20:26:24,186 - Sell to close 4504.00 shares at 81.15 on 2024-10-16 13:30:00+00:00 (Exit: Stop_loss, Profit: -5628.680000000031, Duration: 1410.0 minutes)
2024-11-10 20:26:24,186 - Short Sell 244.00 shares at 81.46 on 2024-10-16 13:45:00+00:00
2024-11-10 20:26:24,186 - Short Sell 244.00 shares at 81.54 on 2024-10-16 14:00:00+00:00
2024-11-10 20:26:24,186 - Short Sell 244.00 shares at 81.46 on 2024-10-16 14:15:00+00:00
2024-11-10 20:26:24,186 - Short Sell 244.00 shares at 81.41 on 2024-10-16 14:30:00+00:00
2024-11-10 20:26:24,186 - Short Sell 243.00 shares at 81.55 on 2024-10-16 14:45:00+00:00
2024-11-10 20:26:24,186 - Short Sell 244.00 shares at 81.34 on 2024-10-16 15:00:00+00:00
2024-11-10 20:26:24,186 - Short Sell 244.00 shares at 81.38 on 2024-10-16 15:15:00+00:00
2024-11-10 20:26:24,186 - Short Sell 244.00 shares at 81.38 on 2024-10-16 15:30:00+00:00
2024-11-10 20:26:24,186 - Short Sell 244.00 shares at 81.39 on 2024-10-16 15:45:00+00:00
2024-11-10 20:26:24,186 - Short Sell 244.00 shares at 81.42 on 2024-10-16 16:00:00+00:00
2024-11-10 20:26:24,186 - Short Sell 244.00 shares at 81.47 on 2024-10-16 16:15:00+00:00
2024-11-10 20:26:24,186 - Short Sell 244.00 shares at 81.41 on 2024-10-16 16:30:00+00:00
2024-11-10 20:26:24,186 - Short Sell 244.00 shares at 81.28 on 2024-10-16 16:45:00+00:00
2024-11-10 20:26:24,186 - Short Sell 244.00 shares at 81.26 on 2024-10-16 17:00:00+00:00
2024-11-10 20:26:24,186 - Short Sell 245.00 shares at 81.24 on 2024-10-16 17:15:00+00:00
2024-11-10 20:26:24,186 - Buy to cover -3660.00 shares at 81.22 on 2024-10-16 17:30:00+00:00 (Exit: Signal, Profit: 656.050000000047, Duration: 225.0 minutes)
2024-11-10 20:26:24,186 - Long Buy 245.00 shares at 81.13 on 2024-10-16 17:45:00+00:00
2024-11-10 20:26:24,186 - Long Buy 240.00 shares at 81.08 on 2024-10-16 18:00:00+00:00
2024-11-10 20:26:24,186 - Sell to close 485.00 shares at 81.28 on 2024-10-16 18:15:00+00:00 (Exit: Signal, Profit: 84.74999999999582, Duration: 30.0 minutes)
2024-11-10 20:26:24,186 - Long Buy 245.00 shares at 81.14 on 2024-10-16 18:30:00+00:00
2024-11-10 20:26:24,186 - Long Buy 240.00 shares at 81.16 on 2024-10-16 18:45:00+00:00
2024-11-10 20:26:24,186 - Long Buy 235.00 shares at 81.19 on 2024-10-16 19:15:00+00:00
2024-11-10 20:26:24,187 - Long Buy 230.00 shares at 81.17 on 2024-10-16 19:30:00+00:00
2024-11-10 20:26:24,187 - Long Buy 226.00 shares at 81.06 on 2024-10-16 19:45:00+00:00
2024-11-10 20:26:24,187 - Sell to close 1176.00 shares at 82.33 on 2024-10-17 13:30:00+00:00 (Exit: Signal, Profit: 1394.070000000003, Duration: 1140.0 minutes)
2024-11-10 20:26:24,187 - Short Sell 243.00 shares at 81.77 on 2024-10-17 13:45:00+00:00
2024-11-10 20:26:24,187 - Short Sell 242.00 shares at 82.08 on 2024-10-17 14:00:00+00:00
2024-11-10 20:26:24,187 - Short Sell 242.00 shares at 82.06 on 2024-10-17 14:15:00+00:00
2024-11-10 20:26:24,187 - Short Sell 242.00 shares at 82.08 on 2024-10-17 14:30:00+00:00
2024-11-10 20:26:24,187 - Buy to cover -969.00 shares at 82.08 on 2024-10-17 14:45:00+00:00 (Exit: Signal, Profit: -80.16999999998652, Duration: 60.0 minutes)
2024-11-10 20:26:24,187 - Long Buy 243.00 shares at 81.74 on 2024-10-17 15:00:00+00:00
2024-11-10 20:26:24,187 - Long Buy 238.00 shares at 81.85 on 2024-10-17 15:15:00+00:00
2024-11-10 20:26:24,187 - Long Buy 234.00 shares at 81.75 on 2024-10-17 15:30:00+00:00
2024-11-10 20:26:24,187 - Long Buy 229.00 shares at 81.82 on 2024-10-17 15:45:00+00:00
2024-11-10 20:26:24,187 - Long Buy 224.00 shares at 81.85 on 2024-10-17 16:00:00+00:00
2024-11-10 20:26:24,187 - Long Buy 220.00 shares at 81.82 on 2024-10-17 16:15:00+00:00
2024-11-10 20:26:24,187 - Long Buy 215.00 shares at 81.9 on 2024-10-17 16:30:00+00:00
2024-11-10 20:26:24,187 - Long Buy 211.00 shares at 81.91 on 2024-10-17 16:45:00+00:00
2024-11-10 20:26:24,187 - Long Buy 207.00 shares at 81.85 on 2024-10-17 17:00:00+00:00
2024-11-10 20:26:24,187 - Long Buy 203.00 shares at 81.85 on 2024-10-17 17:15:00+00:00
2024-11-10 20:26:24,187 - Long Buy 199.00 shares at 81.89 on 2024-10-17 17:30:00+00:00
2024-11-10 20:26:24,187 - Long Buy 195.00 shares at 81.81 on 2024-10-17 17:45:00+00:00
2024-11-10 20:26:24,187 - Long Buy 191.00 shares at 81.67 on 2024-10-17 18:00:00+00:00
2024-11-10 20:26:24,187 - Long Buy 187.00 shares at 81.61 on 2024-10-17 18:15:00+00:00
2024-11-10 20:26:24,187 - Sell to close 2996.00 shares at 81.63 on 2024-10-17 18:30:00+00:00 (Exit: Signal, Profit: -539.8299999999878, Duration: 210.0 minutes)
2024-11-10 20:26:24,187 - Long Buy 244.00 shares at 81.58 on 2024-10-17 18:45:00+00:00
2024-11-10 20:26:24,187 - Sell to close 244.00 shares at 81.69 on 2024-10-17 19:00:00+00:00 (Exit: Signal, Profit: 26.83999999999986, Duration: 15.0 minutes)
2024-11-10 20:26:24,187 - Long Buy 244.00 shares at 81.51 on 2024-10-17 19:15:00+00:00
2024-11-10 20:26:24,187 - Long Buy 239.00 shares at 81.39 on 2024-10-17 19:30:00+00:00
2024-11-10 20:26:24,187 - Long Buy 235.00 shares at 81.43 on 2024-10-17 19:45:00+00:00
2024-11-10 20:26:24,187 - Sell to close 718.00 shares at 81.99 on 2024-10-18 13:30:00+00:00 (Exit: Signal, Profit: 392.11999999999387, Duration: 1095.0 minutes)
2024-11-10 20:26:24,187 - Long Buy 244.00 shares at 81.45 on 2024-10-18 13:45:00+00:00
2024-11-10 20:26:24,188 - Long Buy 240.00 shares at 81.23 on 2024-10-18 14:00:00+00:00
2024-11-10 20:26:24,188 - Long Buy 235.00 shares at 81.33 on 2024-10-18 14:15:00+00:00
2024-11-10 20:26:24,188 - Long Buy 230.00 shares at 81.3 on 2024-10-18 14:30:00+00:00
2024-11-10 20:26:24,188 - Long Buy 226.00 shares at 81.3 on 2024-10-18 14:45:00+00:00
2024-11-10 20:26:24,188 - Long Buy 221.00 shares at 81.32 on 2024-10-18 15:00:00+00:00
2024-11-10 20:26:24,188 - Long Buy 217.00 shares at 81.31 on 2024-10-18 15:15:00+00:00
2024-11-10 20:26:24,188 - Long Buy 212.00 shares at 81.35 on 2024-10-18 15:30:00+00:00
2024-11-10 20:26:24,188 - Sell to close 1825.00 shares at 81.37 on 2024-10-18 15:45:00+00:00 (Exit: Signal, Profit: 83.71000000003939, Duration: 120.0 minutes)
2024-11-10 20:26:24,188 - Short Sell 244.00 shares at 81.47 on 2024-10-18 16:15:00+00:00
2024-11-10 20:26:24,188 - Short Sell 244.00 shares at 81.46 on 2024-10-18 16:30:00+00:00
2024-11-10 20:26:24,188 - Short Sell 244.00 shares at 81.4 on 2024-10-18 16:45:00+00:00
2024-11-10 20:26:24,188 - Short Sell 244.00 shares at 81.53 on 2024-10-18 17:00:00+00:00
2024-11-10 20:26:24,188 - Short Sell 244.00 shares at 81.43 on 2024-10-18 17:15:00+00:00
2024-11-10 20:26:24,188 - Short Sell 244.00 shares at 81.48 on 2024-10-18 17:30:00+00:00
2024-11-10 20:26:24,188 - Short Sell 244.00 shares at 81.43 on 2024-10-18 17:45:00+00:00
2024-11-10 20:26:24,188 - Short Sell 244.00 shares at 81.5 on 2024-10-18 18:00:00+00:00
2024-11-10 20:26:24,188 - Short Sell 243.00 shares at 81.72 on 2024-10-18 18:15:00+00:00
2024-11-10 20:26:24,188 - Short Sell 243.00 shares at 81.73 on 2024-10-18 18:30:00+00:00
2024-11-10 20:26:24,188 - Short Sell 244.00 shares at 81.65 on 2024-10-18 18:45:00+00:00
2024-11-10 20:26:24,188 - Short Sell 243.00 shares at 81.72 on 2024-10-18 19:00:00+00:00
2024-11-10 20:26:24,188 - Short Sell 244.00 shares at 81.6 on 2024-10-18 19:15:00+00:00
2024-11-10 20:26:24,188 - Buy to cover -3169.00 shares at 81.53 on 2024-10-18 19:30:00+00:00 (Exit: Signal, Profit: 55.54000000002226, Duration: 195.0 minutes)
2024-11-10 20:26:24,188 - Long Buy 244.00 shares at 81.56 on 2024-10-18 19:45:00+00:00
2024-11-10 20:26:24,188 - Sell to close 244.00 shares at 81.65 on 2024-10-21 13:30:00+00:00 (Exit: Signal, Profit: 21.960000000000832, Duration: 3945.0 minutes)
2024-11-10 20:26:24,188 - Short Sell 243.00 shares at 81.8 on 2024-10-21 13:45:00+00:00
2024-11-10 20:26:24,188 - Short Sell 243.00 shares at 81.95 on 2024-10-21 14:00:00+00:00
2024-11-10 20:26:24,188 - Short Sell 243.00 shares at 81.73 on 2024-10-21 14:15:00+00:00
2024-11-10 20:26:24,188 - Buy to cover -729.00 shares at 81.43 on 2024-10-21 14:45:00+00:00 (Exit: Signal, Profit: 289.169999999996, Duration: 60.0 minutes)
2024-11-10 20:26:24,188 - Long Buy 245.00 shares at 81.32 on 2024-10-21 15:00:00+00:00
2024-11-10 20:26:24,188 - Long Buy 240.00 shares at 81.37 on 2024-10-21 15:15:00+00:00
2024-11-10 20:26:24,188 - Long Buy 234.00 shares at 81.53 on 2024-10-21 15:30:00+00:00
2024-11-10 20:26:24,189 - Long Buy 230.00 shares at 81.51 on 2024-10-21 15:45:00+00:00
2024-11-10 20:26:24,189 - Long Buy 226.00 shares at 81.34 on 2024-10-21 16:00:00+00:00
2024-11-10 20:26:24,189 - Long Buy 221.00 shares at 81.48 on 2024-10-21 16:15:00+00:00
2024-11-10 20:26:24,189 - Long Buy 216.00 shares at 81.46 on 2024-10-21 16:30:00+00:00
2024-11-10 20:26:24,189 - Sell to close 1612.00 shares at 81.51 on 2024-10-21 16:45:00+00:00 (Exit: Signal, Profit: 131.3200000000145, Duration: 105.0 minutes)
2024-11-10 20:26:24,189 - Short Sell 244.00 shares at 81.52 on 2024-10-21 17:00:00+00:00
2024-11-10 20:26:24,189 - Short Sell 244.00 shares at 81.51 on 2024-10-21 17:15:00+00:00
2024-11-10 20:26:24,189 - Short Sell 244.00 shares at 81.55 on 2024-10-21 17:30:00+00:00
2024-11-10 20:26:24,189 - Short Sell 244.00 shares at 81.58 on 2024-10-21 17:45:00+00:00
2024-11-10 20:26:24,189 - Buy to cover -976.00 shares at 81.33 on 2024-10-21 18:15:00+00:00 (Exit: Signal, Profit: 204.96000000000777, Duration: 75.0 minutes)
2024-11-10 20:26:24,189 - Long Buy 245.00 shares at 81.24 on 2024-10-21 18:30:00+00:00
2024-11-10 20:26:24,189 - Long Buy 240.00 shares at 81.22 on 2024-10-21 18:45:00+00:00
2024-11-10 20:26:24,189 - Long Buy 235.00 shares at 81.25 on 2024-10-21 19:00:00+00:00
2024-11-10 20:26:24,189 - Long Buy 231.00 shares at 81.1 on 2024-10-21 19:15:00+00:00
2024-11-10 20:26:24,189 - Long Buy 227.00 shares at 81.02 on 2024-10-21 19:30:00+00:00
2024-11-10 20:26:24,189 - Long Buy 221.00 shares at 81.38 on 2024-10-21 19:45:00+00:00
2024-11-10 20:26:24,189 - Long Buy 220.00 shares at 80.12 on 2024-10-22 13:30:00+00:00
2024-11-10 20:26:24,189 - Long Buy 215.00 shares at 80.26 on 2024-10-22 13:45:00+00:00
2024-11-10 20:26:24,189 - Long Buy 211.00 shares at 80.15 on 2024-10-22 14:00:00+00:00
2024-11-10 20:26:24,189 - Long Buy 207.00 shares at 80.08 on 2024-10-22 14:15:00+00:00
2024-11-10 20:26:24,189 - Long Buy 203.00 shares at 80.04 on 2024-10-22 14:30:00+00:00
2024-11-10 20:26:24,189 - Sell to close 2455.00 shares at 80.31 on 2024-10-22 14:45:00+00:00 (Exit: Signal, Profit: -1058.5499999999695, Duration: 1215.0 minutes)
2024-11-10 20:26:24,189 - Short Sell 248.00 shares at 80.35 on 2024-10-22 15:00:00+00:00
2024-11-10 20:26:24,189 - Short Sell 247.00 shares at 80.39 on 2024-10-22 15:15:00+00:00
2024-11-10 20:26:24,189 - Short Sell 247.00 shares at 80.46 on 2024-10-22 15:30:00+00:00
2024-11-10 20:26:24,189 - Short Sell 247.00 shares at 80.43 on 2024-10-22 15:45:00+00:00
2024-11-10 20:26:24,189 - Short Sell 247.00 shares at 80.39 on 2024-10-22 16:00:00+00:00
2024-11-10 20:26:24,189 - Short Sell 247.00 shares at 80.45 on 2024-10-22 16:15:00+00:00
2024-11-10 20:26:24,189 - Short Sell 247.00 shares at 80.43 on 2024-10-22 16:30:00+00:00
2024-11-10 20:26:24,189 - Short Sell 247.00 shares at 80.49 on 2024-10-22 16:45:00+00:00
2024-11-10 20:26:24,189 - Short Sell 247.00 shares at 80.45 on 2024-10-22 17:00:00+00:00
2024-11-10 20:26:24,189 - Short Sell 247.00 shares at 80.49 on 2024-10-22 17:15:00+00:00
2024-11-10 20:26:24,189 - Short Sell 246.00 shares at 80.66 on 2024-10-22 17:30:00+00:00
2024-11-10 20:26:24,189 - Short Sell 246.00 shares at 80.72 on 2024-10-22 17:45:00+00:00
2024-11-10 20:26:24,190 - Short Sell 246.00 shares at 80.73 on 2024-10-22 18:00:00+00:00
2024-11-10 20:26:24,190 - Short Sell 246.00 shares at 80.79 on 2024-10-22 18:15:00+00:00
2024-11-10 20:26:24,190 - Short Sell 246.00 shares at 80.87 on 2024-10-22 18:30:00+00:00
2024-11-10 20:26:24,190 - Short Sell 246.00 shares at 80.8 on 2024-10-22 18:45:00+00:00
2024-11-10 20:26:24,190 - Buy to cover -3947.00 shares at 80.58 on 2024-10-22 19:30:00+00:00 (Exit: Signal, Profit: -95.17999999996997, Duration: 270.0 minutes)
2024-11-10 20:26:24,190 - Long Buy 248.00 shares at 80.15 on 2024-10-22 19:45:00+00:00
2024-11-10 20:26:24,190 - Long Buy 242.00 shares at 80.52 on 2024-10-23 13:30:00+00:00
2024-11-10 20:26:24,190 - Long Buy 237.00 shares at 80.48 on 2024-10-23 13:45:00+00:00
2024-11-10 20:26:24,190 - Long Buy 233.00 shares at 80.38 on 2024-10-23 14:00:00+00:00
2024-11-10 20:26:24,190 - Sell to close 960.00 shares at 80.98 on 2024-10-23 14:15:00+00:00 (Exit: Signal, Profit: 575.4600000000073, Duration: 1110.0 minutes)
2024-11-10 20:26:24,190 - Short Sell 246.00 shares at 80.9 on 2024-10-23 14:30:00+00:00
2024-11-10 20:26:24,190 - Short Sell 246.00 shares at 80.9 on 2024-10-23 14:45:00+00:00
2024-11-10 20:26:24,190 - Buy to cover -492.00 shares at 80.7 on 2024-10-23 15:00:00+00:00 (Exit: Signal, Profit: 98.4000000000014, Duration: 30.0 minutes)
2024-11-10 20:26:24,190 - Long Buy 247.00 shares at 80.61 on 2024-10-23 15:15:00+00:00
2024-11-10 20:26:24,190 - Long Buy 242.00 shares at 80.7 on 2024-10-23 15:30:00+00:00
2024-11-10 20:26:24,190 - Long Buy 237.00 shares at 80.72 on 2024-10-23 15:45:00+00:00
2024-11-10 20:26:24,190 - Long Buy 233.00 shares at 80.5 on 2024-10-23 16:00:00+00:00
2024-11-10 20:26:24,190 - Long Buy 228.00 shares at 80.44 on 2024-10-23 16:15:00+00:00
2024-11-10 20:26:24,190 - Long Buy 223.00 shares at 80.55 on 2024-10-23 16:30:00+00:00
2024-11-10 20:26:24,190 - Long Buy 219.00 shares at 80.61 on 2024-10-23 16:45:00+00:00
2024-11-10 20:26:24,190 - Long Buy 215.00 shares at 80.35 on 2024-10-23 17:00:00+00:00
2024-11-10 20:26:24,190 - Long Buy 211.00 shares at 80.27 on 2024-10-23 17:15:00+00:00
2024-11-10 20:26:24,190 - Long Buy 207.00 shares at 80.22 on 2024-10-23 17:30:00+00:00
2024-11-10 20:26:24,190 - Long Buy 203.00 shares at 80.14 on 2024-10-23 17:45:00+00:00
2024-11-10 20:26:24,190 - Long Buy 200.00 shares at 79.86 on 2024-10-23 18:00:00+00:00
2024-11-10 20:26:24,190 - Long Buy 195.00 shares at 79.93 on 2024-10-23 18:15:00+00:00
2024-11-10 20:26:24,190 - Long Buy 191.00 shares at 80.06 on 2024-10-23 18:30:00+00:00
2024-11-10 20:26:24,190 - Long Buy 187.00 shares at 80.02 on 2024-10-23 18:45:00+00:00
2024-11-10 20:26:24,190 - Sell to close 3238.00 shares at 80.16 on 2024-10-23 19:15:00+00:00 (Exit: Signal, Profit: -625.4199999999661, Duration: 240.0 minutes)
2024-11-10 20:26:24,190 - Long Buy 249.00 shares at 79.95 on 2024-10-23 19:45:00+00:00
2024-11-10 20:26:24,191 - Sell to close 249.00 shares at 73.97 on 2024-10-24 13:30:00+00:00 (Exit: Stop_loss, Profit: -1489.020000000001, Duration: 1065.0 minutes)
2024-11-10 20:26:24,191 - Long Buy 270.00 shares at 73.66 on 2024-10-24 13:45:00+00:00
2024-11-10 20:26:24,191 - Long Buy 264.00 shares at 73.86 on 2024-10-24 14:00:00+00:00
2024-11-10 20:26:24,191 - Long Buy 259.00 shares at 73.73 on 2024-10-24 14:15:00+00:00
2024-11-10 20:26:24,191 - Long Buy 253.00 shares at 73.83 on 2024-10-24 14:30:00+00:00
2024-11-10 20:26:24,191 - Long Buy 248.00 shares at 73.98 on 2024-10-24 14:45:00+00:00
2024-11-10 20:26:24,191 - Long Buy 243.00 shares at 73.81 on 2024-10-24 15:00:00+00:00
2024-11-10 20:26:24,191 - Long Buy 238.00 shares at 73.85 on 2024-10-24 15:15:00+00:00
2024-11-10 20:26:24,191 - Long Buy 234.00 shares at 73.65 on 2024-10-24 15:30:00+00:00
2024-11-10 20:26:24,191 - Long Buy 230.00 shares at 73.59 on 2024-10-24 15:45:00+00:00
2024-11-10 20:26:24,191 - Long Buy 226.00 shares at 73.38 on 2024-10-24 16:00:00+00:00
2024-11-10 20:26:24,191 - Sell to close 2465.00 shares at 73.73 on 2024-10-24 16:15:00+00:00 (Exit: Signal, Profit: -20.699999999996876, Duration: 150.0 minutes)
2024-11-10 20:26:24,191 - Short Sell 269.00 shares at 73.95 on 2024-10-24 16:30:00+00:00
2024-11-10 20:26:24,191 - Short Sell 270.00 shares at 73.65 on 2024-10-24 16:45:00+00:00
2024-11-10 20:26:24,191 - Short Sell 269.00 shares at 73.87 on 2024-10-24 17:00:00+00:00
2024-11-10 20:26:24,191 - Short Sell 269.00 shares at 73.95 on 2024-10-24 17:15:00+00:00
2024-11-10 20:26:24,191 - Short Sell 268.00 shares at 73.99 on 2024-10-24 17:30:00+00:00
2024-11-10 20:26:24,191 - Short Sell 270.00 shares at 73.71 on 2024-10-24 17:45:00+00:00
2024-11-10 20:26:24,191 - Short Sell 269.00 shares at 73.75 on 2024-10-24 18:00:00+00:00
2024-11-10 20:26:24,191 - Short Sell 269.00 shares at 73.78 on 2024-10-24 18:45:00+00:00
2024-11-10 20:26:24,191 - Buy to cover -2153.00 shares at 73.27 on 2024-10-24 19:15:00+00:00 (Exit: Signal, Profit: 1207.9099999999953, Duration: 165.0 minutes)
2024-11-10 20:26:24,191 - Long Buy 271.00 shares at 73.33 on 2024-10-24 19:30:00+00:00
2024-11-10 20:26:24,191 - Long Buy 267.00 shares at 72.9 on 2024-10-24 19:45:00+00:00
2024-11-10 20:26:24,191 - Sell to close 538.00 shares at 73.4 on 2024-10-25 13:30:00+00:00 (Exit: Signal, Profit: 152.47000000000162, Duration: 1080.0 minutes)
2024-11-10 20:26:24,191 - Short Sell 270.00 shares at 73.66 on 2024-10-25 13:45:00+00:00
2024-11-10 20:26:24,191 - Short Sell 270.00 shares at 73.56 on 2024-10-25 14:15:00+00:00
2024-11-10 20:26:24,191 - Buy to cover -540.00 shares at 73.17 on 2024-10-25 15:00:00+00:00 (Exit: Signal, Profit: 237.59999999999877, Duration: 75.0 minutes)
2024-11-10 20:26:24,192 - Long Buy 272.00 shares at 73.17 on 2024-10-25 16:45:00+00:00
2024-11-10 20:26:24,192 - Sell to close 272.00 shares at 73.22 on 2024-10-25 17:00:00+00:00 (Exit: Signal, Profit: 13.599999999999227, Duration: 15.0 minutes)
2024-11-10 20:26:24,192 - Long Buy 273.00 shares at 72.91 on 2024-10-25 17:30:00+00:00
2024-11-10 20:26:24,192 - Long Buy 268.00 shares at 72.67 on 2024-10-25 17:45:00+00:00
2024-11-10 20:26:24,192 - Long Buy 263.00 shares at 72.78 on 2024-10-25 18:00:00+00:00
2024-11-10 20:26:24,192 - Long Buy 257.00 shares at 73.0 on 2024-10-25 18:15:00+00:00
2024-11-10 20:26:24,192 - Long Buy 251.00 shares at 73.06 on 2024-10-25 18:30:00+00:00
2024-11-10 20:26:24,192 - Sell to close 1312.00 shares at 73.38 on 2024-10-25 18:45:00+00:00 (Exit: Signal, Profit: 654.3699999999922, Duration: 75.0 minutes)
2024-11-10 20:26:24,192 - Short Sell 271.00 shares at 73.42 on 2024-10-25 19:00:00+00:00
2024-11-10 20:26:24,192 - Short Sell 271.00 shares at 73.52 on 2024-10-25 19:15:00+00:00
2024-11-10 20:26:24,192 - Short Sell 272.00 shares at 73.33 on 2024-10-25 19:30:00+00:00
2024-11-10 20:26:24,192 - Short Sell 270.00 shares at 73.74 on 2024-10-25 19:45:00+00:00
2024-11-10 20:26:24,192 - Short Sell 270.00 shares at 73.74 on 2024-10-28 13:30:00+00:00
2024-11-10 20:26:24,192 - Short Sell 270.00 shares at 73.68 on 2024-10-28 13:45:00+00:00
2024-11-10 20:26:24,192 - Short Sell 271.00 shares at 73.56 on 2024-10-28 14:00:00+00:00
2024-11-10 20:26:24,192 - Short Sell 269.00 shares at 73.95 on 2024-10-28 14:15:00+00:00
2024-11-10 20:26:24,192 - Short Sell 268.00 shares at 74.12 on 2024-10-28 14:30:00+00:00
2024-11-10 20:26:24,192 - Short Sell 266.00 shares at 74.62 on 2024-10-28 14:45:00+00:00
2024-11-10 20:26:24,192 - Short Sell 265.00 shares at 74.78 on 2024-10-28 15:00:00+00:00
2024-11-10 20:26:24,192 - Buy to cover -2963.00 shares at 75.04 on 2024-10-28 15:15:00+00:00 (Exit: Stop_loss, Profit: -3506.7299999999955, Duration: 4095.0 minutes)
2024-11-10 20:26:24,192 - Short Sell 264.00 shares at 75.14 on 2024-10-28 15:30:00+00:00
2024-11-10 20:26:24,192 - Short Sell 264.00 shares at 75.24 on 2024-10-28 15:45:00+00:00
2024-11-10 20:26:24,192 - Short Sell 263.00 shares at 75.54 on 2024-10-28 16:00:00+00:00
2024-11-10 20:26:24,192 - Short Sell 263.00 shares at 75.37 on 2024-10-28 16:15:00+00:00
2024-11-10 20:26:24,192 - Short Sell 264.00 shares at 75.23 on 2024-10-28 16:30:00+00:00
2024-11-10 20:26:24,192 - Short Sell 264.00 shares at 75.08 on 2024-10-28 16:45:00+00:00
2024-11-10 20:26:24,192 - Short Sell 263.00 shares at 75.3 on 2024-10-28 17:00:00+00:00
2024-11-10 20:26:24,192 - Short Sell 263.00 shares at 75.33 on 2024-10-28 17:15:00+00:00
2024-11-10 20:26:24,192 - Short Sell 263.00 shares at 75.45 on 2024-10-28 17:30:00+00:00
2024-11-10 20:26:24,192 - Short Sell 262.00 shares at 75.54 on 2024-10-28 17:45:00+00:00
2024-11-10 20:26:24,193 - Buy to cover -2633.00 shares at 75.43 on 2024-10-28 18:00:00+00:00 (Exit: Signal, Profit: -285.1800000000046, Duration: 150.0 minutes)
2024-11-10 20:26:24,193 - Short Sell 262.00 shares at 75.6 on 2024-10-28 18:15:00+00:00
2024-11-10 20:26:24,193 - Short Sell 262.00 shares at 75.63 on 2024-10-28 18:30:00+00:00
2024-11-10 20:26:24,193 - Short Sell 262.00 shares at 75.75 on 2024-10-28 19:15:00+00:00
2024-11-10 20:26:24,193 - Short Sell 262.00 shares at 75.77 on 2024-10-28 19:30:00+00:00
2024-11-10 20:26:24,193 - Short Sell 262.00 shares at 75.68 on 2024-10-28 19:45:00+00:00
2024-11-10 20:26:24,193 - Buy to cover -1310.00 shares at 74.54 on 2024-10-29 13:30:00+00:00 (Exit: Signal, Profit: 1501.2600000000011, Duration: 1155.0 minutes)
2024-11-10 20:26:24,193 - Long Buy 268.00 shares at 74.12 on 2024-10-29 13:45:00+00:00
2024-11-10 20:26:24,193 - Long Buy 262.00 shares at 74.43 on 2024-10-29 14:00:00+00:00
2024-11-10 20:26:24,193 - Long Buy 256.00 shares at 74.57 on 2024-10-29 14:15:00+00:00
2024-11-10 20:26:24,193 - Long Buy 250.00 shares at 74.92 on 2024-10-29 14:30:00+00:00
2024-11-10 20:26:24,193 - Long Buy 245.00 shares at 74.86 on 2024-10-29 14:45:00+00:00
2024-11-10 20:26:24,193 - Long Buy 240.00 shares at 74.84 on 2024-10-29 15:00:00+00:00
2024-11-10 20:26:24,193 - Long Buy 235.00 shares at 74.83 on 2024-10-29 15:15:00+00:00
2024-11-10 20:26:24,193 - Long Buy 231.00 shares at 74.51 on 2024-10-29 15:45:00+00:00
2024-11-10 20:26:24,193 - Long Buy 226.00 shares at 74.76 on 2024-10-29 16:00:00+00:00
2024-11-10 20:26:24,193 - Long Buy 222.00 shares at 74.74 on 2024-10-29 16:30:00+00:00
2024-11-10 20:26:24,193 - Long Buy 217.00 shares at 74.7 on 2024-10-29 16:45:00+00:00
2024-11-10 20:26:24,193 - Long Buy 213.00 shares at 74.72 on 2024-10-29 17:00:00+00:00
2024-11-10 20:26:24,193 - Long Buy 209.00 shares at 74.58 on 2024-10-29 17:15:00+00:00
2024-11-10 20:26:24,193 - Long Buy 205.00 shares at 74.56 on 2024-10-29 17:30:00+00:00
2024-11-10 20:26:24,193 - Long Buy 200.00 shares at 74.7 on 2024-10-29 17:45:00+00:00
2024-11-10 20:26:24,193 - Long Buy 197.00 shares at 74.62 on 2024-10-29 18:00:00+00:00
2024-11-10 20:26:24,193 - Long Buy 192.00 shares at 74.69 on 2024-10-29 18:15:00+00:00
2024-11-10 20:26:24,193 - Long Buy 188.00 shares at 74.8 on 2024-10-29 19:00:00+00:00
2024-11-10 20:26:24,193 - Long Buy 185.00 shares at 74.77 on 2024-10-29 19:15:00+00:00
2024-11-10 20:26:24,193 - Long Buy 181.00 shares at 74.66 on 2024-10-29 19:30:00+00:00
2024-11-10 20:26:24,193 - Long Buy 178.00 shares at 74.61 on 2024-10-29 19:45:00+00:00
2024-11-10 20:26:24,193 - Long Buy 175.00 shares at 74.31 on 2024-10-30 13:30:00+00:00
2024-11-10 20:26:24,193 - Long Buy 171.00 shares at 74.56 on 2024-10-30 13:45:00+00:00
2024-11-10 20:26:24,193 - Long Buy 167.00 shares at 74.61 on 2024-10-30 14:00:00+00:00
2024-11-10 20:26:24,193 - Long Buy 165.00 shares at 74.26 on 2024-10-30 14:15:00+00:00
2024-11-10 20:26:24,193 - Long Buy 162.00 shares at 74.01 on 2024-10-30 14:30:00+00:00
2024-11-10 20:26:24,193 - Long Buy 159.00 shares at 74.01 on 2024-10-30 14:45:00+00:00
2024-11-10 20:26:24,193 - Long Buy 156.00 shares at 73.95 on 2024-10-30 15:00:00+00:00
2024-11-10 20:26:24,194 - Long Buy 153.00 shares at 73.49 on 2024-10-30 15:15:00+00:00
2024-11-10 20:26:24,194 - Long Buy 150.00 shares at 73.75 on 2024-10-30 15:30:00+00:00
2024-11-10 20:26:24,194 - Long Buy 147.00 shares at 73.59 on 2024-10-30 15:45:00+00:00
2024-11-10 20:26:24,194 - Long Buy 144.00 shares at 73.5 on 2024-10-30 16:00:00+00:00
2024-11-10 20:26:24,194 - Sell to close 6349.00 shares at 73.52 on 2024-10-30 16:15:00+00:00 (Exit: Signal, Profit: -6128.640000000063, Duration: 1590.0 minutes)
2024-11-10 20:26:24,194 - Short Sell 268.00 shares at 73.67 on 2024-10-30 16:45:00+00:00
2024-11-10 20:26:24,194 - Short Sell 268.00 shares at 73.77 on 2024-10-30 17:00:00+00:00
2024-11-10 20:26:24,194 - Short Sell 268.00 shares at 73.59 on 2024-10-30 17:45:00+00:00
2024-11-10 20:26:24,194 - Short Sell 268.00 shares at 73.78 on 2024-10-30 18:00:00+00:00
2024-11-10 20:26:24,194 - Short Sell 268.00 shares at 73.61 on 2024-10-30 19:00:00+00:00
2024-11-10 20:26:24,194 - Short Sell 268.00 shares at 73.71 on 2024-10-30 19:30:00+00:00
2024-11-10 20:26:24,194 - Short Sell 268.00 shares at 73.63 on 2024-10-30 19:45:00+00:00
2024-11-10 20:26:24,194 - Buy to cover -1876.00 shares at 73.55 on 2024-10-31 13:30:00+00:00 (Exit: Signal, Profit: 243.87999999999147, Duration: 1245.0 minutes)
2024-11-10 20:26:24,194 - Long Buy 269.00 shares at 73.38 on 2024-10-31 14:00:00+00:00
2024-11-10 20:26:24,194 - Long Buy 264.00 shares at 73.41 on 2024-10-31 14:15:00+00:00
2024-11-10 20:26:24,194 - Long Buy 258.00 shares at 73.48 on 2024-10-31 14:30:00+00:00
2024-11-10 20:26:24,194 - Long Buy 254.00 shares at 73.02 on 2024-10-31 14:45:00+00:00
2024-11-10 20:26:24,194 - Long Buy 250.00 shares at 72.92 on 2024-10-31 15:00:00+00:00
2024-11-10 20:26:24,194 - Long Buy 244.00 shares at 73.13 on 2024-10-31 15:15:00+00:00
2024-11-10 20:26:24,194 - Long Buy 239.00 shares at 73.22 on 2024-10-31 15:30:00+00:00
2024-11-10 20:26:24,194 - Long Buy 234.00 shares at 73.25 on 2024-10-31 15:45:00+00:00
2024-11-10 20:26:24,194 - Long Buy 229.00 shares at 73.35 on 2024-10-31 16:00:00+00:00
2024-11-10 20:26:24,194 - Long Buy 225.00 shares at 73.32 on 2024-10-31 16:15:00+00:00
2024-11-10 20:26:24,194 - Long Buy 220.00 shares at 73.44 on 2024-10-31 16:30:00+00:00
2024-11-10 20:26:24,194 - Long Buy 216.00 shares at 73.34 on 2024-10-31 16:45:00+00:00
2024-11-10 20:26:24,194 - Long Buy 212.00 shares at 73.23 on 2024-10-31 17:00:00+00:00
2024-11-10 20:26:24,194 - Sell to close 3114.00 shares at 73.26 on 2024-10-31 17:15:00+00:00 (Exit: Signal, Profit: -23.68999999994503, Duration: 195.0 minutes)
2024-11-10 20:26:24,194 - Long Buy 270.00 shares at 73.18 on 2024-10-31 17:30:00+00:00
2024-11-10 20:26:24,194 - Long Buy 265.00 shares at 73.08 on 2024-10-31 17:45:00+00:00
2024-11-10 20:26:24,194 - Long Buy 260.00 shares at 72.98 on 2024-10-31 18:00:00+00:00
2024-11-10 20:26:24,194 - Long Buy 255.00 shares at 72.92 on 2024-10-31 18:15:00+00:00
2024-11-10 20:26:24,195 - Long Buy 250.00 shares at 72.97 on 2024-10-31 18:30:00+00:00
2024-11-10 20:26:24,195 - Long Buy 244.00 shares at 73.0 on 2024-10-31 18:45:00+00:00
2024-11-10 20:26:24,195 - Long Buy 239.00 shares at 73.04 on 2024-10-31 19:00:00+00:00
2024-11-10 20:26:24,195 - Long Buy 235.00 shares at 72.98 on 2024-10-31 19:15:00+00:00
2024-11-10 20:26:24,195 - Long Buy 231.00 shares at 72.85 on 2024-10-31 19:30:00+00:00
2024-11-10 20:26:24,195 - Long Buy 226.00 shares at 72.72 on 2024-10-31 19:45:00+00:00
2024-11-10 20:26:24,195 - Sell to close 2475.00 shares at 73.56 on 2024-11-01 14:00:00+00:00 (Exit: Signal, Profit: 1442.3699999999712, Duration: 1230.0 minutes)
2024-11-10 20:26:24,195 - Short Sell 268.00 shares at 73.83 on 2024-11-01 14:15:00+00:00
2024-11-10 20:26:24,195 - Buy to cover -268.00 shares at 73.36 on 2024-11-01 14:30:00+00:00 (Exit: Signal, Profit: 125.9599999999997, Duration: 15.0 minutes)
2024-11-10 20:26:24,195 - Long Buy 270.00 shares at 73.29 on 2024-11-01 14:45:00+00:00
2024-11-10 20:26:24,195 - Long Buy 265.00 shares at 73.21 on 2024-11-01 15:00:00+00:00
2024-11-10 20:26:24,195 - Long Buy 260.00 shares at 73.16 on 2024-11-01 15:15:00+00:00
2024-11-10 20:26:24,195 - Long Buy 255.00 shares at 72.87 on 2024-11-01 15:30:00+00:00
2024-11-10 20:26:24,195 - Long Buy 251.00 shares at 72.78 on 2024-11-01 15:45:00+00:00
2024-11-10 20:26:24,195 - Long Buy 245.00 shares at 72.9 on 2024-11-01 16:00:00+00:00
2024-11-10 20:26:24,195 - Long Buy 241.00 shares at 72.76 on 2024-11-01 16:15:00+00:00
2024-11-10 20:26:24,195 - Long Buy 236.00 shares at 72.67 on 2024-11-01 16:30:00+00:00
2024-11-10 20:26:24,195 - Long Buy 232.00 shares at 72.66 on 2024-11-01 16:45:00+00:00
2024-11-10 20:26:24,195 - Long Buy 227.00 shares at 72.77 on 2024-11-01 17:00:00+00:00
2024-11-10 20:26:24,195 - Long Buy 222.00 shares at 72.79 on 2024-11-01 17:15:00+00:00
2024-11-10 20:26:24,195 - Long Buy 218.00 shares at 72.65 on 2024-11-01 17:30:00+00:00
2024-11-10 20:26:24,195 - Long Buy 214.00 shares at 72.61 on 2024-11-01 17:45:00+00:00
2024-11-10 20:26:24,195 - Long Buy 209.00 shares at 72.64 on 2024-11-01 18:00:00+00:00
2024-11-10 20:26:24,195 - Sell to close 3345.00 shares at 72.67 on 2024-11-01 18:15:00+00:00 (Exit: Signal, Profit: -618.1000000000047, Duration: 210.0 minutes)
2024-11-10 20:26:24,195 - Short Sell 272.00 shares at 72.76 on 2024-11-01 18:30:00+00:00
2024-11-10 20:26:24,195 - Short Sell 272.00 shares at 72.78 on 2024-11-01 18:45:00+00:00
2024-11-10 20:26:24,195 - Short Sell 271.00 shares at 72.96 on 2024-11-01 19:00:00+00:00
2024-11-10 20:26:24,195 - Short Sell 271.00 shares at 72.82 on 2024-11-01 19:15:00+00:00
2024-11-10 20:26:24,195 - Short Sell 272.00 shares at 72.79 on 2024-11-01 19:30:00+00:00
2024-11-10 20:26:24,195 - Short Sell 270.00 shares at 73.12 on 2024-11-04 14:30:00+00:00
2024-11-10 20:26:24,195 - Short Sell 269.00 shares at 73.3 on 2024-11-04 14:45:00+00:00
2024-11-10 20:26:24,195 - Short Sell 269.00 shares at 73.29 on 2024-11-04 15:00:00+00:00
2024-11-10 20:26:24,195 - Short Sell 269.00 shares at 73.51 on 2024-11-04 15:15:00+00:00
2024-11-10 20:26:24,196 - Short Sell 269.00 shares at 73.51 on 2024-11-04 15:30:00+00:00
2024-11-10 20:26:24,196 - Short Sell 270.00 shares at 73.29 on 2024-11-04 15:45:00+00:00
2024-11-10 20:26:24,196 - Short Sell 269.00 shares at 73.45 on 2024-11-04 16:00:00+00:00
2024-11-10 20:26:24,196 - Short Sell 270.00 shares at 73.25 on 2024-11-04 16:15:00+00:00
2024-11-10 20:26:24,196 - Buy to cover -3513.00 shares at 73.07 on 2024-11-04 16:30:00+00:00 (Exit: Signal, Profit: 244.57000000006343, Duration: 4200.0 minutes)
2024-11-10 20:26:24,196 - Long Buy 271.00 shares at 72.9 on 2024-11-04 16:45:00+00:00
2024-11-10 20:26:24,196 - Long Buy 266.00 shares at 72.81 on 2024-11-04 17:00:00+00:00
2024-11-10 20:26:24,196 - Long Buy 260.00 shares at 72.92 on 2024-11-04 17:15:00+00:00
2024-11-10 20:26:24,196 - Long Buy 255.00 shares at 72.94 on 2024-11-04 17:30:00+00:00
2024-11-10 20:26:24,196 - Long Buy 250.00 shares at 72.94 on 2024-11-04 17:45:00+00:00
2024-11-10 20:26:24,196 - Long Buy 246.00 shares at 72.74 on 2024-11-04 18:00:00+00:00
2024-11-10 20:26:24,196 - Long Buy 241.00 shares at 72.68 on 2024-11-04 18:15:00+00:00
2024-11-10 20:26:24,196 - Long Buy 236.00 shares at 72.7 on 2024-11-04 18:30:00+00:00
2024-11-10 20:26:24,196 - Long Buy 232.00 shares at 72.62 on 2024-11-04 18:45:00+00:00
2024-11-10 20:26:24,196 - Long Buy 226.00 shares at 72.81 on 2024-11-04 19:00:00+00:00
2024-11-10 20:26:24,196 - Long Buy 222.00 shares at 72.78 on 2024-11-04 19:15:00+00:00
2024-11-10 20:26:24,196 - Long Buy 218.00 shares at 72.77 on 2024-11-04 19:30:00+00:00
2024-11-10 20:26:24,196 - Long Buy 213.00 shares at 72.68 on 2024-11-04 19:45:00+00:00
2024-11-10 20:26:24,196 - Long Buy 209.00 shares at 72.61 on 2024-11-04 20:00:00+00:00
2024-11-10 20:26:24,196 - Sell to close 3345.00 shares at 72.64 on 2024-11-04 20:15:00+00:00 (Exit: Signal, Profit: -483.82999999995, Duration: 210.0 minutes)
2024-11-10 20:26:24,196 - Long Buy 273.00 shares at 72.51 on 2024-11-04 20:30:00+00:00
2024-11-10 20:26:24,196 - Long Buy 267.00 shares at 72.39 on 2024-11-04 20:45:00+00:00
2024-11-10 20:26:24,196 - Sell to close 540.00 shares at 73.17 on 2024-11-05 14:30:00+00:00 (Exit: Signal, Profit: 388.4400000000028, Duration: 1080.0 minutes)
2024-11-10 20:26:24,196 - Short Sell 269.00 shares at 73.55 on 2024-11-05 14:45:00+00:00
2024-11-10 20:26:24,196 - Short Sell 268.00 shares at 73.65 on 2024-11-05 15:00:00+00:00
2024-11-10 20:26:24,196 - Short Sell 269.00 shares at 73.6 on 2024-11-05 15:15:00+00:00
2024-11-10 20:26:24,196 - Short Sell 267.00 shares at 74.0 on 2024-11-05 15:30:00+00:00
2024-11-10 20:26:24,196 - Short Sell 268.00 shares at 73.75 on 2024-11-05 15:45:00+00:00
2024-11-10 20:26:24,196 - Short Sell 268.00 shares at 73.77 on 2024-11-05 16:00:00+00:00
2024-11-10 20:26:24,196 - Short Sell 268.00 shares at 73.67 on 2024-11-05 16:15:00+00:00
2024-11-10 20:26:24,196 - Short Sell 268.00 shares at 73.68 on 2024-11-05 16:30:00+00:00
2024-11-10 20:26:24,196 - Short Sell 268.00 shares at 73.66 on 2024-11-05 16:45:00+00:00
2024-11-10 20:26:24,196 - Short Sell 269.00 shares at 73.55 on 2024-11-05 17:00:00+00:00
2024-11-10 20:26:24,197 - Short Sell 269.00 shares at 73.58 on 2024-11-05 17:15:00+00:00
2024-11-10 20:26:24,197 - Short Sell 268.00 shares at 73.7 on 2024-11-05 17:30:00+00:00
2024-11-10 20:26:24,197 - Short Sell 268.00 shares at 73.66 on 2024-11-05 17:45:00+00:00
2024-11-10 20:26:24,197 - Short Sell 268.00 shares at 73.63 on 2024-11-05 18:15:00+00:00
2024-11-10 20:26:24,197 - Short Sell 268.00 shares at 73.67 on 2024-11-05 18:45:00+00:00
2024-11-10 20:26:24,197 - Short Sell 268.00 shares at 73.79 on 2024-11-05 19:00:00+00:00
2024-11-10 20:26:24,197 - Short Sell 268.00 shares at 73.8 on 2024-11-05 19:15:00+00:00
2024-11-10 20:26:24,197 - Short Sell 268.00 shares at 73.81 on 2024-11-05 19:30:00+00:00
2024-11-10 20:26:24,197 - Short Sell 268.00 shares at 73.72 on 2024-11-05 19:45:00+00:00
2024-11-10 20:26:24,197 - Short Sell 267.00 shares at 73.87 on 2024-11-05 20:00:00+00:00
2024-11-10 20:26:24,197 - Short Sell 268.00 shares at 73.81 on 2024-11-05 20:15:00+00:00
2024-11-10 20:26:24,197 - Short Sell 267.00 shares at 73.85 on 2024-11-05 20:30:00+00:00
2024-11-10 20:26:24,197 - Short Sell 267.00 shares at 73.89 on 2024-11-05 20:45:00+00:00
2024-11-10 20:26:24,197 - Buy to cover -6164.00 shares at 72.9 on 2024-11-06 14:30:00+00:00 (Exit: Signal, Profit: 5079.949999999974, Duration: 1425.0 minutes)
2024-11-10 20:26:24,197 - Short Sell 272.00 shares at 73.04 on 2024-11-06 14:45:00+00:00
2024-11-10 20:26:24,197 - Short Sell 271.00 shares at 73.18 on 2024-11-06 15:00:00+00:00
2024-11-10 20:26:24,197 - Short Sell 271.00 shares at 73.37 on 2024-11-06 15:15:00+00:00
2024-11-10 20:26:24,197 - Short Sell 269.00 shares at 73.73 on 2024-11-06 15:30:00+00:00
2024-11-10 20:26:24,197 - Short Sell 269.00 shares at 73.74 on 2024-11-06 15:45:00+00:00
2024-11-10 20:26:24,197 - Short Sell 272.00 shares at 73.17 on 2024-11-06 16:00:00+00:00
2024-11-10 20:26:24,197 - Short Sell 270.00 shares at 73.46 on 2024-11-06 16:15:00+00:00
2024-11-10 20:26:24,197 - Short Sell 269.00 shares at 73.77 on 2024-11-06 16:30:00+00:00
2024-11-10 20:26:24,197 - Short Sell 268.00 shares at 74.06 on 2024-11-06 16:45:00+00:00
2024-11-10 20:26:24,197 - Short Sell 268.00 shares at 73.92 on 2024-11-06 17:00:00+00:00
2024-11-10 20:26:24,197 - Short Sell 267.00 shares at 74.22 on 2024-11-06 17:15:00+00:00
2024-11-10 20:26:24,197 - Buy to cover -2966.00 shares at 74.66 on 2024-11-06 17:30:00+00:00 (Exit: Stop_loss, Profit: -3134.249999999955, Duration: 165.0 minutes)
2024-11-10 20:26:24,197 - Short Sell 265.00 shares at 74.66 on 2024-11-06 17:45:00+00:00
2024-11-10 20:26:24,197 - Short Sell 266.00 shares at 74.59 on 2024-11-06 18:00:00+00:00
2024-11-10 20:26:24,197 - Short Sell 265.00 shares at 74.77 on 2024-11-06 18:15:00+00:00
2024-11-10 20:26:24,197 - Short Sell 264.00 shares at 74.9 on 2024-11-06 18:30:00+00:00
2024-11-10 20:26:24,197 - Short Sell 264.00 shares at 74.98 on 2024-11-06 18:45:00+00:00
2024-11-10 20:26:24,197 - Short Sell 264.00 shares at 74.98 on 2024-11-06 19:00:00+00:00
2024-11-10 20:26:24,197 - Short Sell 264.00 shares at 75.0 on 2024-11-06 19:15:00+00:00
2024-11-10 20:26:24,197 - Short Sell 264.00 shares at 75.02 on 2024-11-06 19:30:00+00:00
2024-11-10 20:26:24,198 - Short Sell 264.00 shares at 74.97 on 2024-11-06 19:45:00+00:00
2024-11-10 20:26:24,198 - Short Sell 262.00 shares at 75.37 on 2024-11-06 20:00:00+00:00
2024-11-10 20:26:24,198 - Short Sell 263.00 shares at 75.29 on 2024-11-06 20:15:00+00:00
2024-11-10 20:26:24,198 - Short Sell 263.00 shares at 75.32 on 2024-11-06 20:30:00+00:00
2024-11-10 20:26:24,198 - Short Sell 262.00 shares at 75.38 on 2024-11-06 20:45:00+00:00
2024-11-10 20:26:24,198 - Short Sell 261.00 shares at 75.59 on 2024-11-07 14:30:00+00:00
2024-11-10 20:26:24,198 - Buy to cover -3691.00 shares at 76.1 on 2024-11-07 14:45:00+00:00 (Exit: Stop_loss, Profit: -3848.889999999967, Duration: 1260.0 minutes)
2024-11-10 20:26:24,198 - Short Sell 259.00 shares at 76.29 on 2024-11-07 15:00:00+00:00
2024-11-10 20:26:24,198 - Short Sell 258.00 shares at 76.41 on 2024-11-07 15:15:00+00:00
2024-11-10 20:26:24,198 - Short Sell 257.00 shares at 76.66 on 2024-11-07 15:30:00+00:00
2024-11-10 20:26:24,198 - Buy to cover -774.00 shares at 76.28 on 2024-11-07 15:45:00+00:00 (Exit: Signal, Profit: 133.7899999999907, Duration: 45.0 minutes)
2024-11-10 20:26:24,198 - Long Buy 259.00 shares at 76.18 on 2024-11-07 16:00:00+00:00
2024-11-10 20:26:24,198 - Long Buy 254.00 shares at 76.12 on 2024-11-07 16:15:00+00:00
2024-11-10 20:26:24,198 - Long Buy 249.00 shares at 76.15 on 2024-11-07 16:30:00+00:00
2024-11-10 20:26:24,198 - Long Buy 244.00 shares at 76.02 on 2024-11-07 16:45:00+00:00
2024-11-10 20:26:24,198 - Long Buy 239.00 shares at 76.04 on 2024-11-07 17:00:00+00:00
2024-11-10 20:26:24,198 - Long Buy 235.00 shares at 75.95 on 2024-11-07 17:15:00+00:00
2024-11-10 20:26:24,198 - Long Buy 230.00 shares at 76.03 on 2024-11-07 17:30:00+00:00
2024-11-10 20:26:24,198 - Long Buy 225.00 shares at 76.03 on 2024-11-07 17:45:00+00:00
2024-11-10 20:26:24,198 - Long Buy 222.00 shares at 75.74 on 2024-11-07 18:00:00+00:00
2024-11-10 20:26:24,198 - Long Buy 218.00 shares at 75.57 on 2024-11-07 18:15:00+00:00
2024-11-10 20:26:24,198 - Long Buy 214.00 shares at 75.25 on 2024-11-07 18:30:00+00:00
2024-11-10 20:26:24,198 - Long Buy 210.00 shares at 75.3 on 2024-11-07 18:45:00+00:00
2024-11-10 20:26:24,198 - Long Buy 206.00 shares at 75.28 on 2024-11-07 19:00:00+00:00
2024-11-10 20:26:24,198 - Long Buy 201.00 shares at 75.42 on 2024-11-07 19:15:00+00:00
2024-11-10 20:26:24,198 - Long Buy 197.00 shares at 75.36 on 2024-11-07 19:30:00+00:00
2024-11-10 20:26:24,198 - Sell to close 3403.00 shares at 75.54 on 2024-11-07 19:45:00+00:00 (Exit: Signal, Profit: -846.230000000003, Duration: 225.0 minutes)
2024-11-10 20:26:24,198 - Long Buy 262.00 shares at 75.16 on 2024-11-07 20:15:00+00:00
2024-11-10 20:26:24,198 - Long Buy 257.00 shares at 75.06 on 2024-11-07 20:30:00+00:00
2024-11-10 20:26:24,198 - Long Buy 252.00 shares at 75.12 on 2024-11-07 20:45:00+00:00
2024-11-10 20:26:24,198 - Sell to close 771.00 shares at 76.46 on 2024-11-08 14:30:00+00:00 (Exit: Signal, Profit: 1038.0799999999897, Duration: 1095.0 minutes)
2024-11-10 20:26:24,198 - Short Sell 257.00 shares at 76.7 on 2024-11-08 14:45:00+00:00
2024-11-10 20:26:24,199 - Short Sell 257.00 shares at 76.9 on 2024-11-08 15:00:00+00:00
2024-11-10 20:26:24,199 - Short Sell 257.00 shares at 76.84 on 2024-11-08 15:15:00+00:00
2024-11-10 20:26:24,199 - Short Sell 256.00 shares at 77.04 on 2024-11-08 15:30:00+00:00
2024-11-10 20:26:24,199 - Short Sell 256.00 shares at 76.98 on 2024-11-08 15:45:00+00:00
2024-11-10 20:26:24,199 - Short Sell 256.00 shares at 76.94 on 2024-11-08 16:00:00+00:00
2024-11-10 20:26:24,199 - Short Sell 257.00 shares at 76.92 on 2024-11-08 16:15:00+00:00
2024-11-10 20:26:24,199 - Short Sell 256.00 shares at 76.94 on 2024-11-08 16:30:00+00:00
2024-11-10 20:26:24,199 - Short Sell 256.00 shares at 76.97 on 2024-11-08 16:45:00+00:00
2024-11-10 20:26:24,199 - Buy to cover -2308.00 shares at 76.82 on 2024-11-08 17:00:00+00:00 (Exit: Signal, Profit: 217.68000000001626, Duration: 135.0 minutes)
2024-11-10 20:26:24,199 - Long Buy 257.00 shares at 76.8 on 2024-11-08 17:15:00+00:00
2024-11-10 20:26:24,199 - Long Buy 252.00 shares at 76.81 on 2024-11-08 17:30:00+00:00
2024-11-10 20:26:24,199 - Long Buy 247.00 shares at 76.82 on 2024-11-08 17:45:00+00:00
2024-11-10 20:26:24,199 - Long Buy 242.00 shares at 76.8 on 2024-11-08 18:00:00+00:00
2024-11-10 20:26:24,199 - Long Buy 237.00 shares at 76.81 on 2024-11-08 18:15:00+00:00
2024-11-10 20:26:24,199 - Long Buy 232.00 shares at 76.83 on 2024-11-08 19:00:00+00:00
2024-11-10 20:26:24,199 - Long Buy 228.00 shares at 76.72 on 2024-11-08 20:00:00+00:00
2024-11-10 20:26:24,199 - Long Buy 224.00 shares at 76.57 on 2024-11-08 20:15:00+00:00
2024-11-10 20:26:24,199 - Long Buy 220.00 shares at 76.47 on 2024-11-08 20:30:00+00:00
2024-11-10 20:26:24,199 - Sell to close 2139.00 shares at 76.7 on 2024-11-08 20:45:00+00:00 (Exit: Signal, Profit: -88.33000000000557, Duration: 210.0 minutes)
2024-11-10 20:26:24,201 - Final statisticsStock: CARR, 
total_trades: 53, 
winning_trades: 34, 
losing_trades: 19, 
average_return: -2.544328864872762e-05, 
average_duration: 753.6792452830189, 
final_balance: 988702.1399999992, 
final_portfolio_value: 988702.1399999992, 
sharpe_ratio: 5.123617386098414, 



