2024-11-11 11:19:02,618 - Starting GBMStrategy with initial capital: 1000000
2024-11-11 11:19:02,618 - Hyperparameters: {'threshold': 1, 'time_periods': 30, 'num_simulations': 150}
2024-11-11 11:21:04,939 - Short Sell 245.00 shares at 81.58 on 2024-10-11 14:30:00+00:00
2024-11-11 11:21:04,940 - Short Sell 244.00 shares at 81.74 on 2024-10-11 14:45:00+00:00
2024-11-11 11:21:04,940 - Short Sell 244.00 shares at 81.93 on 2024-10-11 15:00:00+00:00
2024-11-11 11:21:04,940 - Short Sell 244.00 shares at 81.84 on 2024-10-11 15:15:00+00:00
2024-11-11 11:21:04,940 - Short Sell 244.00 shares at 81.83 on 2024-10-11 15:30:00+00:00
2024-11-11 11:21:04,940 - Short Sell 244.00 shares at 81.72 on 2024-10-11 15:45:00+00:00
2024-11-11 11:21:04,941 - Short Sell 244.00 shares at 81.69 on 2024-10-11 16:00:00+00:00
2024-11-11 11:21:04,941 - Buy to cover -1709.00 shares at 81.36 on 2024-10-11 16:30:00+00:00 (Exit: Signal, Profit: 685.8600000000401, Duration: 120.0 minutes)
2024-11-11 11:21:04,941 - Long Buy 245.00 shares at 81.42 on 2024-10-11 16:45:00+00:00
2024-11-11 11:21:04,941 - Long Buy 241.00 shares at 81.24 on 2024-10-11 17:00:00+00:00
2024-11-11 11:21:04,941 - Long Buy 236.00 shares at 81.39 on 2024-10-11 17:15:00+00:00
2024-11-11 11:21:04,941 - Long Buy 231.00 shares at 81.3 on 2024-10-11 17:30:00+00:00
2024-11-11 11:21:04,941 - Long Buy 227.00 shares at 81.29 on 2024-10-11 17:45:00+00:00
2024-11-11 11:21:04,941 - Long Buy 222.00 shares at 81.21 on 2024-10-11 18:00:00+00:00
2024-11-11 11:21:04,942 - Long Buy 218.00 shares at 81.17 on 2024-10-11 18:15:00+00:00
2024-11-11 11:21:04,942 - Long Buy 214.00 shares at 81.15 on 2024-10-11 18:30:00+00:00
2024-11-11 11:21:04,942 - Long Buy 210.00 shares at 81.05 on 2024-10-11 18:45:00+00:00
2024-11-11 11:21:04,942 - Long Buy 205.00 shares at 81.1 on 2024-10-11 19:00:00+00:00
2024-11-11 11:21:04,942 - Long Buy 201.00 shares at 81.26 on 2024-10-11 19:15:00+00:00
2024-11-11 11:21:04,942 - Long Buy 197.00 shares at 81.23 on 2024-10-11 19:30:00+00:00
2024-11-11 11:21:04,942 - Sell to close 2647.00 shares at 82.03 on 2024-10-14 13:30:00+00:00 (Exit: Signal, Profit: 2094.149999999984, Duration: 4125.0 minutes)
2024-11-11 11:21:04,942 - Short Sell 244.00 shares at 82.08 on 2024-10-14 13:45:00+00:00
2024-11-11 11:21:04,942 - Short Sell 244.00 shares at 82.08 on 2024-10-14 14:00:00+00:00
2024-11-11 11:21:04,942 - Short Sell 244.00 shares at 81.96 on 2024-10-14 14:15:00+00:00
2024-11-11 11:21:04,942 - Short Sell 243.00 shares at 82.25 on 2024-10-14 14:30:00+00:00
2024-11-11 11:21:04,942 - Short Sell 243.00 shares at 82.37 on 2024-10-14 14:45:00+00:00
2024-11-11 11:21:04,942 - Short Sell 242.00 shares at 82.59 on 2024-10-14 15:00:00+00:00
2024-11-11 11:21:04,942 - Short Sell 243.00 shares at 82.44 on 2024-10-14 15:15:00+00:00
2024-11-11 11:21:04,942 - Short Sell 242.00 shares at 82.56 on 2024-10-14 15:30:00+00:00
2024-11-11 11:21:04,942 - Short Sell 242.00 shares at 82.54 on 2024-10-14 15:45:00+00:00
2024-11-11 11:21:04,942 - Short Sell 242.00 shares at 82.55 on 2024-10-14 16:00:00+00:00
2024-11-11 11:21:04,943 - Short Sell 242.00 shares at 82.65 on 2024-10-14 16:15:00+00:00
2024-11-11 11:21:04,943 - Short Sell 242.00 shares at 82.58 on 2024-10-14 16:30:00+00:00
2024-11-11 11:21:04,943 - Short Sell 242.00 shares at 82.64 on 2024-10-14 16:45:00+00:00
2024-11-11 11:21:04,943 - Short Sell 242.00 shares at 82.63 on 2024-10-14 17:00:00+00:00
2024-11-11 11:21:04,943 - Short Sell 242.00 shares at 82.61 on 2024-10-14 17:15:00+00:00
2024-11-11 11:21:04,943 - Short Sell 242.00 shares at 82.64 on 2024-10-14 17:30:00+00:00
2024-11-11 11:21:04,943 - Short Sell 242.00 shares at 82.56 on 2024-10-14 17:45:00+00:00
2024-11-11 11:21:04,943 - Short Sell 242.00 shares at 82.72 on 2024-10-14 18:00:00+00:00
2024-11-11 11:21:04,943 - Short Sell 242.00 shares at 82.68 on 2024-10-14 18:15:00+00:00
2024-11-11 11:21:04,943 - Short Sell 241.00 shares at 82.84 on 2024-10-14 18:30:00+00:00
2024-11-11 11:21:04,943 - Short Sell 242.00 shares at 82.75 on 2024-10-14 18:45:00+00:00
2024-11-11 11:21:04,943 - Short Sell 241.00 shares at 82.81 on 2024-10-14 19:00:00+00:00
2024-11-11 11:21:04,943 - Short Sell 242.00 shares at 82.74 on 2024-10-14 19:15:00+00:00
2024-11-11 11:21:04,943 - Short Sell 241.00 shares at 82.84 on 2024-10-14 19:30:00+00:00
2024-11-11 11:21:04,943 - Short Sell 242.00 shares at 82.68 on 2024-10-14 19:45:00+00:00
2024-11-11 11:21:04,943 - Short Sell 241.00 shares at 82.96 on 2024-10-15 13:30:00+00:00
2024-11-11 11:21:04,943 - Buy to cover -6297.00 shares at 82.3 on 2024-10-15 13:45:00+00:00 (Exit: Signal, Profit: 1678.2499999999827, Duration: 1440.0 minutes)
2024-11-11 11:21:04,944 - Long Buy 244.00 shares at 82.17 on 2024-10-15 14:30:00+00:00
2024-11-11 11:21:04,944 - Long Buy 239.00 shares at 82.24 on 2024-10-15 14:45:00+00:00
2024-11-11 11:21:04,944 - Long Buy 234.00 shares at 82.17 on 2024-10-15 15:00:00+00:00
2024-11-11 11:21:04,944 - Long Buy 229.00 shares at 82.24 on 2024-10-15 15:15:00+00:00
2024-11-11 11:21:04,944 - Sell to close 946.00 shares at 82.81 on 2024-10-15 16:15:00+00:00 (Exit: Signal, Profit: 572.6800000000112, Duration: 105.0 minutes)
2024-11-11 11:21:04,944 - Long Buy 242.00 shares at 82.76 on 2024-10-15 16:30:00+00:00
2024-11-11 11:21:04,944 - Long Buy 238.00 shares at 82.74 on 2024-10-15 16:45:00+00:00
2024-11-11 11:21:04,944 - Long Buy 233.00 shares at 82.61 on 2024-10-15 17:00:00+00:00
2024-11-11 11:21:04,944 - Long Buy 228.00 shares at 82.73 on 2024-10-15 17:15:00+00:00
2024-11-11 11:21:04,944 - Long Buy 224.00 shares at 82.72 on 2024-10-15 17:45:00+00:00
2024-11-11 11:21:04,944 - Long Buy 220.00 shares at 82.57 on 2024-10-15 18:00:00+00:00
2024-11-11 11:21:04,944 - Long Buy 216.00 shares at 82.41 on 2024-10-15 18:15:00+00:00
2024-11-11 11:21:04,944 - Long Buy 211.00 shares at 82.43 on 2024-10-15 18:30:00+00:00
2024-11-11 11:21:04,944 - Long Buy 207.00 shares at 82.34 on 2024-10-15 18:45:00+00:00
2024-11-11 11:21:04,944 - Long Buy 203.00 shares at 82.19 on 2024-10-15 19:00:00+00:00
2024-11-11 11:21:04,944 - Long Buy 200.00 shares at 82.12 on 2024-10-15 19:15:00+00:00
2024-11-11 11:21:04,944 - Long Buy 196.00 shares at 81.9 on 2024-10-15 19:30:00+00:00
2024-11-11 11:21:04,945 - Long Buy 193.00 shares at 81.63 on 2024-10-15 19:45:00+00:00
2024-11-11 11:21:04,945 - Long Buy 190.00 shares at 81.15 on 2024-10-16 13:30:00+00:00
2024-11-11 11:21:04,945 - Long Buy 186.00 shares at 81.46 on 2024-10-16 13:45:00+00:00
2024-11-11 11:21:04,945 - Long Buy 182.00 shares at 81.54 on 2024-10-16 14:00:00+00:00
2024-11-11 11:21:04,945 - Long Buy 178.00 shares at 81.46 on 2024-10-16 14:15:00+00:00
2024-11-11 11:21:04,945 - Long Buy 175.00 shares at 81.41 on 2024-10-16 14:30:00+00:00
2024-11-11 11:21:04,945 - Long Buy 171.00 shares at 81.55 on 2024-10-16 14:45:00+00:00
2024-11-11 11:21:04,945 - Long Buy 168.00 shares at 81.34 on 2024-10-16 15:00:00+00:00
2024-11-11 11:21:04,945 - Long Buy 165.00 shares at 81.38 on 2024-10-16 15:15:00+00:00
2024-11-11 11:21:04,945 - Long Buy 161.00 shares at 81.38 on 2024-10-16 15:30:00+00:00
2024-11-11 11:21:04,945 - Long Buy 158.00 shares at 81.39 on 2024-10-16 15:45:00+00:00
2024-11-11 11:21:04,945 - Long Buy 155.00 shares at 81.42 on 2024-10-16 16:00:00+00:00
2024-11-11 11:21:04,945 - Long Buy 152.00 shares at 81.47 on 2024-10-16 16:15:00+00:00
2024-11-11 11:21:04,945 - Long Buy 149.00 shares at 81.41 on 2024-10-16 16:30:00+00:00
2024-11-11 11:21:04,945 - Long Buy 146.00 shares at 81.28 on 2024-10-16 16:45:00+00:00
2024-11-11 11:21:04,945 - Long Buy 143.00 shares at 81.26 on 2024-10-16 17:00:00+00:00
2024-11-11 11:21:04,945 - Long Buy 140.00 shares at 81.24 on 2024-10-16 17:15:00+00:00
2024-11-11 11:21:04,945 - Long Buy 137.00 shares at 81.22 on 2024-10-16 17:30:00+00:00
2024-11-11 11:21:04,945 - Long Buy 135.00 shares at 81.13 on 2024-10-16 17:45:00+00:00
2024-11-11 11:21:04,945 - Long Buy 132.00 shares at 81.08 on 2024-10-16 18:00:00+00:00
2024-11-11 11:21:04,946 - Long Buy 130.00 shares at 81.14 on 2024-10-16 18:30:00+00:00
2024-11-11 11:21:04,946 - Long Buy 127.00 shares at 81.16 on 2024-10-16 18:45:00+00:00
2024-11-11 11:21:04,946 - Long Buy 124.00 shares at 81.06 on 2024-10-16 19:45:00+00:00
2024-11-11 11:21:04,946 - Sell to close 6215.00 shares at 82.33 on 2024-10-17 13:30:00+00:00 (Exit: Signal, Profit: 3162.2900000000213, Duration: 2700.0 minutes)
2024-11-11 11:21:04,946 - Short Sell 246.00 shares at 81.77 on 2024-10-17 13:45:00+00:00
2024-11-11 11:21:04,946 - Short Sell 245.00 shares at 82.08 on 2024-10-17 14:00:00+00:00
2024-11-11 11:21:04,946 - Short Sell 245.00 shares at 82.06 on 2024-10-17 14:15:00+00:00
2024-11-11 11:21:04,946 - Short Sell 245.00 shares at 82.08 on 2024-10-17 14:30:00+00:00
2024-11-11 11:21:04,946 - Short Sell 245.00 shares at 82.08 on 2024-10-17 14:45:00+00:00
2024-11-11 11:21:04,946 - Short Sell 246.00 shares at 81.74 on 2024-10-17 15:00:00+00:00
2024-11-11 11:21:04,946 - Short Sell 246.00 shares at 81.85 on 2024-10-17 15:15:00+00:00
2024-11-11 11:21:04,946 - Short Sell 246.00 shares at 81.75 on 2024-10-17 15:30:00+00:00
2024-11-11 11:21:04,946 - Short Sell 246.00 shares at 81.82 on 2024-10-17 15:45:00+00:00
2024-11-11 11:21:04,946 - Short Sell 246.00 shares at 81.85 on 2024-10-17 16:00:00+00:00
2024-11-11 11:21:04,946 - Short Sell 246.00 shares at 81.82 on 2024-10-17 16:15:00+00:00
2024-11-11 11:21:04,946 - Short Sell 246.00 shares at 81.9 on 2024-10-17 16:30:00+00:00
2024-11-11 11:21:04,946 - Short Sell 246.00 shares at 81.91 on 2024-10-17 16:45:00+00:00
2024-11-11 11:21:04,947 - Short Sell 246.00 shares at 81.85 on 2024-10-17 17:00:00+00:00
2024-11-11 11:21:04,947 - Short Sell 246.00 shares at 81.85 on 2024-10-17 17:15:00+00:00
2024-11-11 11:21:04,947 - Short Sell 246.00 shares at 81.89 on 2024-10-17 17:30:00+00:00
2024-11-11 11:21:04,947 - Short Sell 246.00 shares at 81.81 on 2024-10-17 17:45:00+00:00
2024-11-11 11:21:04,947 - Short Sell 247.00 shares at 81.67 on 2024-10-17 18:00:00+00:00
2024-11-11 11:21:04,947 - Short Sell 247.00 shares at 81.61 on 2024-10-17 18:15:00+00:00
2024-11-11 11:21:04,947 - Short Sell 247.00 shares at 81.63 on 2024-10-17 18:30:00+00:00
2024-11-11 11:21:04,947 - Short Sell 247.00 shares at 81.69 on 2024-10-17 19:00:00+00:00
2024-11-11 11:21:04,947 - Buy to cover -5166.00 shares at 81.51 on 2024-10-17 19:15:00+00:00 (Exit: Signal, Profit: 1720.2999999999072, Duration: 330.0 minutes)
2024-11-11 11:21:04,947 - Long Buy 248.00 shares at 81.39 on 2024-10-17 19:30:00+00:00
2024-11-11 11:21:04,947 - Long Buy 243.00 shares at 81.43 on 2024-10-17 19:45:00+00:00
2024-11-11 11:21:04,947 - Sell to close 491.00 shares at 81.99 on 2024-10-18 13:30:00+00:00 (Exit: Signal, Profit: 284.8799999999937, Duration: 1080.0 minutes)
2024-11-11 11:21:04,947 - Long Buy 248.00 shares at 81.45 on 2024-10-18 13:45:00+00:00
2024-11-11 11:21:04,947 - Long Buy 243.00 shares at 81.23 on 2024-10-18 14:00:00+00:00
2024-11-11 11:21:04,947 - Long Buy 238.00 shares at 81.33 on 2024-10-18 14:15:00+00:00
2024-11-11 11:21:04,947 - Long Buy 233.00 shares at 81.3 on 2024-10-18 14:30:00+00:00
2024-11-11 11:21:04,947 - Long Buy 229.00 shares at 81.3 on 2024-10-18 14:45:00+00:00
2024-11-11 11:21:04,948 - Long Buy 224.00 shares at 81.32 on 2024-10-18 15:00:00+00:00
2024-11-11 11:21:04,948 - Long Buy 220.00 shares at 81.31 on 2024-10-18 15:15:00+00:00
2024-11-11 11:21:04,948 - Long Buy 215.00 shares at 81.35 on 2024-10-18 15:30:00+00:00
2024-11-11 11:21:04,948 - Long Buy 211.00 shares at 81.37 on 2024-10-18 15:45:00+00:00
2024-11-11 11:21:04,948 - Long Buy 207.00 shares at 81.35 on 2024-10-18 16:00:00+00:00
2024-11-11 11:21:04,948 - Long Buy 202.00 shares at 81.4 on 2024-10-18 16:45:00+00:00
2024-11-11 11:21:04,948 - Long Buy 198.00 shares at 81.53 on 2024-10-18 19:30:00+00:00
2024-11-11 11:21:04,948 - Long Buy 194.00 shares at 81.56 on 2024-10-18 19:45:00+00:00
2024-11-11 11:21:04,948 - Sell to close 2862.00 shares at 81.8 on 2024-10-21 13:45:00+00:00 (Exit: Signal, Profit: 1244.9399999999455, Duration: 4320.0 minutes)
2024-11-11 11:21:04,948 - Short Sell 246.00 shares at 81.95 on 2024-10-21 14:00:00+00:00
2024-11-11 11:21:04,948 - Short Sell 247.00 shares at 81.73 on 2024-10-21 14:15:00+00:00
2024-11-11 11:21:04,948 - Buy to cover -493.00 shares at 81.43 on 2024-10-21 14:45:00+00:00 (Exit: Signal, Profit: 202.01999999999674, Duration: 45.0 minutes)
2024-11-11 11:21:04,949 - Long Buy 248.00 shares at 81.32 on 2024-10-21 15:00:00+00:00
2024-11-11 11:21:04,949 - Long Buy 243.00 shares at 81.37 on 2024-10-21 15:15:00+00:00
2024-11-11 11:21:04,949 - Long Buy 238.00 shares at 81.34 on 2024-10-21 16:00:00+00:00
2024-11-11 11:21:04,949 - Long Buy 233.00 shares at 81.42 on 2024-10-21 18:00:00+00:00
2024-11-11 11:21:04,949 - Long Buy 229.00 shares at 81.33 on 2024-10-21 18:15:00+00:00
2024-11-11 11:21:04,949 - Long Buy 225.00 shares at 81.24 on 2024-10-21 18:30:00+00:00
2024-11-11 11:21:04,949 - Long Buy 220.00 shares at 81.22 on 2024-10-21 18:45:00+00:00
2024-11-11 11:21:04,949 - Long Buy 216.00 shares at 81.25 on 2024-10-21 19:00:00+00:00
2024-11-11 11:21:04,949 - Long Buy 212.00 shares at 81.1 on 2024-10-21 19:15:00+00:00
2024-11-11 11:21:04,949 - Long Buy 208.00 shares at 81.02 on 2024-10-21 19:30:00+00:00
2024-11-11 11:21:04,949 - Long Buy 203.00 shares at 81.38 on 2024-10-21 19:45:00+00:00
2024-11-11 11:21:04,949 - Long Buy 202.00 shares at 80.12 on 2024-10-22 13:30:00+00:00
2024-11-11 11:21:04,949 - Long Buy 197.00 shares at 80.26 on 2024-10-22 13:45:00+00:00
2024-11-11 11:21:04,949 - Long Buy 194.00 shares at 80.15 on 2024-10-22 14:00:00+00:00
2024-11-11 11:21:04,949 - Long Buy 190.00 shares at 80.08 on 2024-10-22 14:15:00+00:00
2024-11-11 11:21:04,949 - Long Buy 186.00 shares at 80.04 on 2024-10-22 14:30:00+00:00
2024-11-11 11:21:04,950 - Sell to close 3444.00 shares at 80.35 on 2024-10-22 15:00:00+00:00 (Exit: Signal, Profit: -2079.3200000000106, Duration: 1440.0 minutes)
2024-11-11 11:21:04,950 - Short Sell 251.00 shares at 80.39 on 2024-10-22 15:15:00+00:00
2024-11-11 11:21:04,950 - Short Sell 250.00 shares at 80.46 on 2024-10-22 15:30:00+00:00
2024-11-11 11:21:04,950 - Short Sell 251.00 shares at 80.43 on 2024-10-22 15:45:00+00:00
2024-11-11 11:21:04,950 - Short Sell 251.00 shares at 80.39 on 2024-10-22 16:00:00+00:00
2024-11-11 11:21:04,950 - Short Sell 250.00 shares at 80.45 on 2024-10-22 16:15:00+00:00
2024-11-11 11:21:04,950 - Short Sell 251.00 shares at 80.43 on 2024-10-22 16:30:00+00:00
2024-11-11 11:21:04,950 - Short Sell 250.00 shares at 80.49 on 2024-10-22 16:45:00+00:00
2024-11-11 11:21:04,950 - Short Sell 250.00 shares at 80.45 on 2024-10-22 17:00:00+00:00
2024-11-11 11:21:04,950 - Short Sell 250.00 shares at 80.49 on 2024-10-22 17:15:00+00:00
2024-11-11 11:21:04,950 - Short Sell 250.00 shares at 80.66 on 2024-10-22 17:30:00+00:00
2024-11-11 11:21:04,950 - Short Sell 249.00 shares at 80.72 on 2024-10-22 17:45:00+00:00
2024-11-11 11:21:04,950 - Short Sell 249.00 shares at 80.73 on 2024-10-22 18:00:00+00:00
2024-11-11 11:21:04,950 - Short Sell 249.00 shares at 80.79 on 2024-10-22 18:15:00+00:00
2024-11-11 11:21:04,950 - Short Sell 249.00 shares at 80.87 on 2024-10-22 18:30:00+00:00
2024-11-11 11:21:04,950 - Short Sell 249.00 shares at 80.8 on 2024-10-22 18:45:00+00:00
2024-11-11 11:21:04,950 - Short Sell 250.00 shares at 80.63 on 2024-10-22 19:00:00+00:00
2024-11-11 11:21:04,950 - Short Sell 250.00 shares at 80.64 on 2024-10-22 19:15:00+00:00
2024-11-11 11:21:04,950 - Short Sell 250.00 shares at 80.58 on 2024-10-22 19:30:00+00:00
2024-11-11 11:21:04,951 - Short Sell 250.00 shares at 80.52 on 2024-10-23 13:30:00+00:00
2024-11-11 11:21:04,951 - Short Sell 250.00 shares at 80.48 on 2024-10-23 13:45:00+00:00
2024-11-11 11:21:04,951 - Short Sell 248.00 shares at 80.98 on 2024-10-23 14:15:00+00:00
2024-11-11 11:21:04,951 - Short Sell 249.00 shares at 80.9 on 2024-10-23 14:30:00+00:00
2024-11-11 11:21:04,951 - Short Sell 249.00 shares at 80.9 on 2024-10-23 14:45:00+00:00
2024-11-11 11:21:04,951 - Buy to cover -5745.00 shares at 80.7 on 2024-10-23 15:00:00+00:00 (Exit: Signal, Profit: -482.5300000001142, Duration: 1425.0 minutes)
2024-11-11 11:21:04,951 - Long Buy 250.00 shares at 80.61 on 2024-10-23 15:15:00+00:00
2024-11-11 11:21:04,951 - Long Buy 245.00 shares at 80.7 on 2024-10-23 15:30:00+00:00
2024-11-11 11:21:04,951 - Long Buy 240.00 shares at 80.72 on 2024-10-23 15:45:00+00:00
2024-11-11 11:21:04,951 - Long Buy 235.00 shares at 80.5 on 2024-10-23 16:00:00+00:00
2024-11-11 11:21:04,951 - Long Buy 231.00 shares at 80.44 on 2024-10-23 16:15:00+00:00
2024-11-11 11:21:04,951 - Long Buy 226.00 shares at 80.55 on 2024-10-23 16:30:00+00:00
2024-11-11 11:21:04,951 - Long Buy 221.00 shares at 80.61 on 2024-10-23 16:45:00+00:00
2024-11-11 11:21:04,951 - Long Buy 218.00 shares at 80.35 on 2024-10-23 17:00:00+00:00
2024-11-11 11:21:04,951 - Long Buy 213.00 shares at 80.27 on 2024-10-23 17:15:00+00:00
2024-11-11 11:21:04,951 - Long Buy 209.00 shares at 80.22 on 2024-10-23 17:30:00+00:00
2024-11-11 11:21:04,951 - Long Buy 205.00 shares at 80.14 on 2024-10-23 17:45:00+00:00
2024-11-11 11:21:04,951 - Long Buy 202.00 shares at 79.86 on 2024-10-23 18:00:00+00:00
2024-11-11 11:21:04,951 - Long Buy 198.00 shares at 79.93 on 2024-10-23 18:15:00+00:00
2024-11-11 11:21:04,952 - Long Buy 193.00 shares at 80.06 on 2024-10-23 18:30:00+00:00
2024-11-11 11:21:04,952 - Long Buy 190.00 shares at 80.02 on 2024-10-23 18:45:00+00:00
2024-11-11 11:21:04,952 - Long Buy 186.00 shares at 80.05 on 2024-10-23 19:00:00+00:00
2024-11-11 11:21:04,952 - Long Buy 182.00 shares at 80.16 on 2024-10-23 19:15:00+00:00
2024-11-11 11:21:04,952 - Long Buy 178.00 shares at 80.08 on 2024-10-23 19:30:00+00:00
2024-11-11 11:21:04,952 - Long Buy 175.00 shares at 79.95 on 2024-10-23 19:45:00+00:00
2024-11-11 11:21:04,952 - Sell to close 3997.00 shares at 73.97 on 2024-10-24 13:30:00+00:00 (Exit: Stop_loss, Profit: -25302.60000000003, Duration: 1335.0 minutes)
2024-11-11 11:21:04,952 - Long Buy 268.00 shares at 73.17 on 2024-10-25 15:00:00+00:00
2024-11-11 11:21:04,953 - Sell to close 268.00 shares at 73.22 on 2024-10-25 17:00:00+00:00 (Exit: Signal, Profit: 13.399999999999238, Duration: 120.0 minutes)
2024-11-11 11:21:04,953 - Long Buy 269.00 shares at 72.91 on 2024-10-25 17:30:00+00:00
2024-11-11 11:21:04,953 - Long Buy 265.00 shares at 72.67 on 2024-10-25 17:45:00+00:00
2024-11-11 11:21:04,953 - Long Buy 259.00 shares at 72.78 on 2024-10-25 18:00:00+00:00
2024-11-11 11:21:04,953 - Sell to close 793.00 shares at 73.38 on 2024-10-25 18:45:00+00:00 (Exit: Signal, Profit: 469.9799999999957, Duration: 75.0 minutes)
2024-11-11 11:21:04,953 - Short Sell 268.00 shares at 73.42 on 2024-10-25 19:00:00+00:00
2024-11-11 11:21:04,953 - Short Sell 267.00 shares at 73.52 on 2024-10-25 19:15:00+00:00
2024-11-11 11:21:04,953 - Short Sell 266.00 shares at 73.74 on 2024-10-25 19:45:00+00:00
2024-11-11 11:21:04,953 - Short Sell 266.00 shares at 73.74 on 2024-10-28 13:30:00+00:00
2024-11-11 11:21:04,953 - Short Sell 267.00 shares at 73.68 on 2024-10-28 13:45:00+00:00
2024-11-11 11:21:04,953 - Short Sell 267.00 shares at 73.56 on 2024-10-28 14:00:00+00:00
2024-11-11 11:21:04,953 - Short Sell 266.00 shares at 73.95 on 2024-10-28 14:15:00+00:00
2024-11-11 11:21:04,953 - Short Sell 265.00 shares at 74.12 on 2024-10-28 14:30:00+00:00
2024-11-11 11:21:04,953 - Short Sell 263.00 shares at 74.62 on 2024-10-28 14:45:00+00:00
2024-11-11 11:21:04,953 - Short Sell 262.00 shares at 74.78 on 2024-10-28 15:00:00+00:00
2024-11-11 11:21:04,954 - Short Sell 261.00 shares at 75.04 on 2024-10-28 15:15:00+00:00
2024-11-11 11:21:04,954 - Short Sell 261.00 shares at 75.14 on 2024-10-28 15:30:00+00:00
2024-11-11 11:21:04,954 - Short Sell 260.00 shares at 75.24 on 2024-10-28 15:45:00+00:00
2024-11-11 11:21:04,954 - Buy to cover -3439.00 shares at 75.54 on 2024-10-28 16:00:00+00:00 (Exit: Stop_loss, Profit: -4643.600000000025, Duration: 4140.0 minutes)
2024-11-11 11:21:04,954 - Long Buy 262.00 shares at 74.54 on 2024-10-29 13:30:00+00:00
2024-11-11 11:21:04,954 - Long Buy 259.00 shares at 74.12 on 2024-10-29 13:45:00+00:00
2024-11-11 11:21:04,954 - Long Buy 252.00 shares at 74.43 on 2024-10-29 14:00:00+00:00
2024-11-11 11:21:04,954 - Long Buy 247.00 shares at 74.57 on 2024-10-29 14:15:00+00:00
2024-11-11 11:21:04,954 - Long Buy 241.00 shares at 74.92 on 2024-10-29 14:30:00+00:00
2024-11-11 11:21:04,954 - Long Buy 236.00 shares at 74.86 on 2024-10-29 14:45:00+00:00
2024-11-11 11:21:04,954 - Long Buy 231.00 shares at 74.84 on 2024-10-29 15:00:00+00:00
2024-11-11 11:21:04,954 - Long Buy 227.00 shares at 74.83 on 2024-10-29 15:15:00+00:00
2024-11-11 11:21:04,954 - Long Buy 222.00 shares at 74.84 on 2024-10-29 15:30:00+00:00
2024-11-11 11:21:04,954 - Long Buy 219.00 shares at 74.51 on 2024-10-29 15:45:00+00:00
2024-11-11 11:21:04,954 - Long Buy 214.00 shares at 74.76 on 2024-10-29 16:00:00+00:00
2024-11-11 11:21:04,955 - Long Buy 209.00 shares at 74.86 on 2024-10-29 16:15:00+00:00
2024-11-11 11:21:04,955 - Long Buy 205.00 shares at 74.74 on 2024-10-29 16:30:00+00:00
2024-11-11 11:21:04,955 - Long Buy 201.00 shares at 74.7 on 2024-10-29 16:45:00+00:00
2024-11-11 11:21:04,955 - Long Buy 197.00 shares at 74.72 on 2024-10-29 17:00:00+00:00
2024-11-11 11:21:04,955 - Long Buy 194.00 shares at 74.58 on 2024-10-29 17:15:00+00:00
2024-11-11 11:21:04,955 - Long Buy 190.00 shares at 74.56 on 2024-10-29 17:30:00+00:00
2024-11-11 11:21:04,955 - Long Buy 186.00 shares at 74.7 on 2024-10-29 17:45:00+00:00
2024-11-11 11:21:04,955 - Long Buy 182.00 shares at 74.62 on 2024-10-29 18:00:00+00:00
2024-11-11 11:21:04,955 - Long Buy 178.00 shares at 74.69 on 2024-10-29 18:15:00+00:00
2024-11-11 11:21:04,955 - Long Buy 174.00 shares at 74.83 on 2024-10-29 18:30:00+00:00
2024-11-11 11:21:04,955 - Long Buy 171.00 shares at 74.81 on 2024-10-29 18:45:00+00:00
2024-11-11 11:21:04,955 - Long Buy 168.00 shares at 74.8 on 2024-10-29 19:00:00+00:00
2024-11-11 11:21:04,955 - Long Buy 165.00 shares at 74.66 on 2024-10-29 19:30:00+00:00
2024-11-11 11:21:04,955 - Long Buy 161.00 shares at 74.61 on 2024-10-29 19:45:00+00:00
2024-11-11 11:21:04,955 - Long Buy 159.00 shares at 74.31 on 2024-10-30 13:30:00+00:00
2024-11-11 11:21:04,955 - Long Buy 155.00 shares at 74.56 on 2024-10-30 13:45:00+00:00
2024-11-11 11:21:04,955 - Long Buy 152.00 shares at 74.61 on 2024-10-30 14:00:00+00:00
2024-11-11 11:21:04,955 - Long Buy 150.00 shares at 74.26 on 2024-10-30 14:15:00+00:00
2024-11-11 11:21:04,955 - Long Buy 147.00 shares at 74.01 on 2024-10-30 14:30:00+00:00
2024-11-11 11:21:04,955 - Long Buy 144.00 shares at 74.01 on 2024-10-30 14:45:00+00:00
2024-11-11 11:21:04,955 - Long Buy 141.00 shares at 73.95 on 2024-10-30 15:00:00+00:00
2024-11-11 11:21:04,956 - Long Buy 139.00 shares at 73.49 on 2024-10-30 15:15:00+00:00
2024-11-11 11:21:04,956 - Long Buy 136.00 shares at 73.75 on 2024-10-30 15:30:00+00:00
2024-11-11 11:21:04,956 - Long Buy 134.00 shares at 73.59 on 2024-10-30 15:45:00+00:00
2024-11-11 11:21:04,956 - Long Buy 131.00 shares at 73.5 on 2024-10-30 16:00:00+00:00
2024-11-11 11:21:04,956 - Long Buy 129.00 shares at 73.52 on 2024-10-30 16:15:00+00:00
2024-11-11 11:21:04,956 - Long Buy 126.00 shares at 73.47 on 2024-10-30 16:30:00+00:00
2024-11-11 11:21:04,956 - Long Buy 123.00 shares at 73.67 on 2024-10-30 16:45:00+00:00
2024-11-11 11:21:04,956 - Long Buy 121.00 shares at 73.77 on 2024-10-30 17:00:00+00:00
2024-11-11 11:21:04,956 - Long Buy 119.00 shares at 73.54 on 2024-10-30 17:15:00+00:00
2024-11-11 11:21:04,956 - Long Buy 116.00 shares at 73.52 on 2024-10-30 17:30:00+00:00
2024-11-11 11:21:04,956 - Long Buy 114.00 shares at 73.59 on 2024-10-30 17:45:00+00:00
2024-11-11 11:21:04,956 - Long Buy 111.00 shares at 73.78 on 2024-10-30 18:00:00+00:00
2024-11-11 11:21:04,956 - Long Buy 109.00 shares at 73.47 on 2024-10-30 18:15:00+00:00
2024-11-11 11:21:04,956 - Long Buy 107.00 shares at 73.48 on 2024-10-30 18:30:00+00:00
2024-11-11 11:21:04,956 - Long Buy 105.00 shares at 73.56 on 2024-10-30 18:45:00+00:00
2024-11-11 11:21:04,956 - Long Buy 103.00 shares at 73.61 on 2024-10-30 19:00:00+00:00
2024-11-11 11:21:04,956 - Long Buy 101.00 shares at 73.56 on 2024-10-30 19:15:00+00:00
2024-11-11 11:21:04,956 - Long Buy 99.00 shares at 73.71 on 2024-10-30 19:30:00+00:00
2024-11-11 11:21:04,956 - Long Buy 97.00 shares at 73.63 on 2024-10-30 19:45:00+00:00
2024-11-11 11:21:04,956 - Long Buy 95.00 shares at 73.55 on 2024-10-31 13:30:00+00:00
2024-11-11 11:21:04,956 - Long Buy 93.00 shares at 73.38 on 2024-10-31 14:00:00+00:00
2024-11-11 11:21:04,956 - Long Buy 91.00 shares at 73.41 on 2024-10-31 14:15:00+00:00
2024-11-11 11:21:04,957 - Long Buy 90.00 shares at 73.02 on 2024-10-31 14:45:00+00:00
2024-11-11 11:21:04,957 - Long Buy 88.00 shares at 72.92 on 2024-10-31 15:00:00+00:00
2024-11-11 11:21:04,957 - Long Buy 86.00 shares at 73.13 on 2024-10-31 15:15:00+00:00
2024-11-11 11:21:04,957 - Long Buy 84.00 shares at 73.22 on 2024-10-31 15:30:00+00:00
2024-11-11 11:21:04,957 - Long Buy 83.00 shares at 73.25 on 2024-10-31 15:45:00+00:00
2024-11-11 11:21:04,957 - Long Buy 81.00 shares at 73.35 on 2024-10-31 16:00:00+00:00
2024-11-11 11:21:04,957 - Long Buy 79.00 shares at 73.32 on 2024-10-31 16:15:00+00:00
2024-11-11 11:21:04,957 - Long Buy 78.00 shares at 73.34 on 2024-10-31 16:45:00+00:00
2024-11-11 11:21:04,957 - Long Buy 76.00 shares at 73.23 on 2024-10-31 17:00:00+00:00
2024-11-11 11:21:04,957 - Long Buy 75.00 shares at 73.26 on 2024-10-31 17:15:00+00:00
2024-11-11 11:21:04,957 - Long Buy 73.00 shares at 73.18 on 2024-10-31 17:30:00+00:00
2024-11-11 11:21:04,957 - Long Buy 72.00 shares at 73.08 on 2024-10-31 17:45:00+00:00
2024-11-11 11:21:04,957 - Long Buy 71.00 shares at 72.98 on 2024-10-31 18:00:00+00:00
2024-11-11 11:21:04,957 - Long Buy 69.00 shares at 72.92 on 2024-10-31 18:15:00+00:00
2024-11-11 11:21:04,957 - Long Buy 68.00 shares at 72.97 on 2024-10-31 18:30:00+00:00
2024-11-11 11:21:04,957 - Long Buy 66.00 shares at 73.0 on 2024-10-31 18:45:00+00:00
2024-11-11 11:21:04,957 - Long Buy 65.00 shares at 73.04 on 2024-10-31 19:00:00+00:00
2024-11-11 11:21:04,957 - Long Buy 64.00 shares at 72.98 on 2024-10-31 19:15:00+00:00
2024-11-11 11:21:04,957 - Long Buy 63.00 shares at 72.85 on 2024-10-31 19:30:00+00:00
2024-11-11 11:21:04,957 - Long Buy 62.00 shares at 72.72 on 2024-10-31 19:45:00+00:00
2024-11-11 11:21:04,958 - Long Buy 60.00 shares at 73.18 on 2024-11-01 13:30:00+00:00
2024-11-11 11:21:04,958 - Long Buy 59.00 shares at 73.36 on 2024-11-01 14:30:00+00:00
2024-11-11 11:21:04,958 - Long Buy 57.00 shares at 73.29 on 2024-11-01 14:45:00+00:00
2024-11-11 11:21:04,958 - Long Buy 56.00 shares at 73.21 on 2024-11-01 15:00:00+00:00
2024-11-11 11:21:04,958 - Long Buy 55.00 shares at 73.16 on 2024-11-01 15:15:00+00:00
2024-11-11 11:21:04,958 - Long Buy 54.00 shares at 72.87 on 2024-11-01 15:30:00+00:00
2024-11-11 11:21:04,958 - Long Buy 53.00 shares at 72.78 on 2024-11-01 15:45:00+00:00
2024-11-11 11:21:04,958 - Long Buy 52.00 shares at 72.9 on 2024-11-01 16:00:00+00:00
2024-11-11 11:21:04,958 - Long Buy 51.00 shares at 72.76 on 2024-11-01 16:15:00+00:00
2024-11-11 11:21:04,958 - Sell to close 10728.00 shares at 72.67 on 2024-11-01 16:30:00+00:00 (Exit: Stop_loss, Profit: -15167.550000000436, Duration: 4500.0 minutes)
2024-11-11 11:21:04,958 - Long Buy 263.00 shares at 73.12 on 2024-11-04 14:30:00+00:00
2024-11-11 11:21:04,958 - Long Buy 257.00 shares at 73.3 on 2024-11-04 14:45:00+00:00
2024-11-11 11:21:04,958 - Long Buy 252.00 shares at 73.29 on 2024-11-04 15:00:00+00:00
2024-11-11 11:21:04,958 - Long Buy 247.00 shares at 73.51 on 2024-11-04 15:15:00+00:00
2024-11-11 11:21:04,958 - Long Buy 242.00 shares at 73.51 on 2024-11-04 15:30:00+00:00
2024-11-11 11:21:04,959 - Long Buy 237.00 shares at 73.29 on 2024-11-04 15:45:00+00:00
2024-11-11 11:21:04,959 - Long Buy 232.00 shares at 73.45 on 2024-11-04 16:00:00+00:00
2024-11-11 11:21:04,959 - Long Buy 228.00 shares at 73.25 on 2024-11-04 16:15:00+00:00
2024-11-11 11:21:04,959 - Long Buy 224.00 shares at 73.07 on 2024-11-04 16:30:00+00:00
2024-11-11 11:21:04,959 - Long Buy 220.00 shares at 72.9 on 2024-11-04 16:45:00+00:00
2024-11-11 11:21:04,959 - Long Buy 216.00 shares at 72.81 on 2024-11-04 17:00:00+00:00
2024-11-11 11:21:04,959 - Long Buy 211.00 shares at 72.92 on 2024-11-04 17:15:00+00:00
2024-11-11 11:21:04,959 - Long Buy 207.00 shares at 72.94 on 2024-11-04 17:30:00+00:00
2024-11-11 11:21:04,959 - Long Buy 203.00 shares at 72.94 on 2024-11-04 17:45:00+00:00
2024-11-11 11:21:04,959 - Long Buy 200.00 shares at 72.74 on 2024-11-04 18:00:00+00:00
2024-11-11 11:21:04,959 - Long Buy 196.00 shares at 72.68 on 2024-11-04 18:15:00+00:00
2024-11-11 11:21:04,959 - Long Buy 192.00 shares at 72.7 on 2024-11-04 18:30:00+00:00
2024-11-11 11:21:04,959 - Long Buy 188.00 shares at 72.62 on 2024-11-04 18:45:00+00:00
2024-11-11 11:21:04,959 - Long Buy 184.00 shares at 72.81 on 2024-11-04 19:00:00+00:00
2024-11-11 11:21:04,959 - Long Buy 180.00 shares at 72.78 on 2024-11-04 19:15:00+00:00
2024-11-11 11:21:04,959 - Long Buy 177.00 shares at 72.77 on 2024-11-04 19:30:00+00:00
2024-11-11 11:21:04,959 - Long Buy 173.00 shares at 72.68 on 2024-11-04 19:45:00+00:00
2024-11-11 11:21:04,959 - Long Buy 170.00 shares at 72.61 on 2024-11-04 20:00:00+00:00
2024-11-11 11:21:04,959 - Long Buy 167.00 shares at 72.64 on 2024-11-04 20:15:00+00:00
2024-11-11 11:21:04,959 - Long Buy 164.00 shares at 72.51 on 2024-11-04 20:30:00+00:00
2024-11-11 11:21:04,959 - Long Buy 160.00 shares at 72.39 on 2024-11-04 20:45:00+00:00
2024-11-11 11:21:04,960 - Sell to close 5390.00 shares at 73.55 on 2024-11-05 14:45:00+00:00 (Exit: Signal, Profit: 3110.849999999955, Duration: 1455.0 minutes)
2024-11-11 11:21:04,960 - Short Sell 262.00 shares at 73.65 on 2024-11-05 15:00:00+00:00
2024-11-11 11:21:04,960 - Short Sell 262.00 shares at 73.6 on 2024-11-05 15:15:00+00:00
2024-11-11 11:21:04,960 - Short Sell 261.00 shares at 74.0 on 2024-11-05 15:30:00+00:00
2024-11-11 11:21:04,960 - Short Sell 262.00 shares at 73.75 on 2024-11-05 15:45:00+00:00
2024-11-11 11:21:04,960 - Short Sell 262.00 shares at 73.77 on 2024-11-05 16:00:00+00:00
2024-11-11 11:21:04,960 - Short Sell 262.00 shares at 73.67 on 2024-11-05 16:15:00+00:00
2024-11-11 11:21:04,960 - Short Sell 262.00 shares at 73.68 on 2024-11-05 16:30:00+00:00
2024-11-11 11:21:04,960 - Short Sell 262.00 shares at 73.66 on 2024-11-05 16:45:00+00:00
2024-11-11 11:21:04,960 - Short Sell 263.00 shares at 73.55 on 2024-11-05 17:00:00+00:00
2024-11-11 11:21:04,960 - Short Sell 263.00 shares at 73.58 on 2024-11-05 17:15:00+00:00
2024-11-11 11:21:04,960 - Short Sell 262.00 shares at 73.7 on 2024-11-05 17:30:00+00:00
2024-11-11 11:21:04,960 - Short Sell 262.00 shares at 73.66 on 2024-11-05 17:45:00+00:00
2024-11-11 11:21:04,960 - Short Sell 262.00 shares at 73.79 on 2024-11-05 19:00:00+00:00
2024-11-11 11:21:04,960 - Short Sell 262.00 shares at 73.8 on 2024-11-05 19:15:00+00:00
2024-11-11 11:21:04,960 - Short Sell 262.00 shares at 73.81 on 2024-11-05 19:30:00+00:00
2024-11-11 11:21:04,961 - Short Sell 261.00 shares at 73.87 on 2024-11-05 20:00:00+00:00
2024-11-11 11:21:04,961 - Short Sell 262.00 shares at 73.81 on 2024-11-05 20:15:00+00:00
2024-11-11 11:21:04,961 - Short Sell 261.00 shares at 73.85 on 2024-11-05 20:30:00+00:00
2024-11-11 11:21:04,961 - Short Sell 261.00 shares at 73.89 on 2024-11-05 20:45:00+00:00
2024-11-11 11:21:04,961 - Buy to cover -4976.00 shares at 72.9 on 2024-11-06 14:30:00+00:00 (Exit: Signal, Profit: 4186.6999999998725, Duration: 1410.0 minutes)
2024-11-11 11:21:04,961 - Long Buy 266.00 shares at 73.04 on 2024-11-06 14:45:00+00:00
2024-11-11 11:21:04,961 - Long Buy 260.00 shares at 73.18 on 2024-11-06 15:00:00+00:00
2024-11-11 11:21:04,961 - Long Buy 255.00 shares at 73.17 on 2024-11-06 16:00:00+00:00
2024-11-11 11:21:04,961 - Sell to close 781.00 shares at 74.06 on 2024-11-06 16:45:00+00:00 (Exit: Signal, Profit: 727.0699999999898, Duration: 120.0 minutes)
2024-11-11 11:21:04,961 - Short Sell 263.00 shares at 73.92 on 2024-11-06 17:00:00+00:00
2024-11-11 11:21:04,961 - Short Sell 262.00 shares at 74.22 on 2024-11-06 17:15:00+00:00
2024-11-11 11:21:04,961 - Short Sell 260.00 shares at 74.66 on 2024-11-06 17:30:00+00:00
2024-11-11 11:21:04,961 - Short Sell 260.00 shares at 74.66 on 2024-11-06 17:45:00+00:00
2024-11-11 11:21:04,961 - Short Sell 260.00 shares at 74.59 on 2024-11-06 18:00:00+00:00
2024-11-11 11:21:04,961 - Short Sell 259.00 shares at 74.77 on 2024-11-06 18:15:00+00:00
2024-11-11 11:21:04,962 - Short Sell 259.00 shares at 74.9 on 2024-11-06 18:30:00+00:00
2024-11-11 11:21:04,962 - Short Sell 259.00 shares at 74.98 on 2024-11-06 18:45:00+00:00
2024-11-11 11:21:04,962 - Short Sell 259.00 shares at 74.98 on 2024-11-06 19:00:00+00:00
2024-11-11 11:21:04,962 - Short Sell 259.00 shares at 75.0 on 2024-11-06 19:15:00+00:00
2024-11-11 11:21:04,962 - Short Sell 259.00 shares at 75.02 on 2024-11-06 19:30:00+00:00
2024-11-11 11:21:04,962 - Short Sell 259.00 shares at 74.97 on 2024-11-06 19:45:00+00:00
2024-11-11 11:21:04,962 - Short Sell 257.00 shares at 75.37 on 2024-11-06 20:00:00+00:00
2024-11-11 11:21:04,962 - Short Sell 257.00 shares at 75.29 on 2024-11-06 20:15:00+00:00
2024-11-11 11:21:04,962 - Short Sell 257.00 shares at 75.32 on 2024-11-06 20:30:00+00:00
2024-11-11 11:21:04,962 - Short Sell 257.00 shares at 75.38 on 2024-11-06 20:45:00+00:00
2024-11-11 11:21:04,962 - Short Sell 256.00 shares at 75.59 on 2024-11-07 14:30:00+00:00
2024-11-11 11:21:04,962 - Short Sell 254.00 shares at 76.1 on 2024-11-07 14:45:00+00:00
2024-11-11 11:21:04,962 - Buy to cover -4656.00 shares at 76.29 on 2024-11-07 15:00:00+00:00 (Exit: Stop_loss, Profit: -6096.500000000034, Duration: 1320.0 minutes)
2024-11-11 11:21:04,963 - Short Sell 252.00 shares at 76.46 on 2024-11-08 14:30:00+00:00
2024-11-11 11:21:04,963 - Short Sell 251.00 shares at 76.7 on 2024-11-08 14:45:00+00:00
2024-11-11 11:21:04,963 - Short Sell 251.00 shares at 76.9 on 2024-11-08 15:00:00+00:00
2024-11-11 11:21:04,963 - Short Sell 251.00 shares at 76.84 on 2024-11-08 15:15:00+00:00
2024-11-11 11:21:04,963 - Short Sell 250.00 shares at 77.04 on 2024-11-08 15:30:00+00:00
2024-11-11 11:21:04,963 - Short Sell 251.00 shares at 76.98 on 2024-11-08 15:45:00+00:00
2024-11-11 11:21:04,963 - Short Sell 251.00 shares at 76.94 on 2024-11-08 16:00:00+00:00
2024-11-11 11:21:04,963 - Short Sell 251.00 shares at 76.92 on 2024-11-08 16:15:00+00:00
2024-11-11 11:21:04,963 - Short Sell 251.00 shares at 76.94 on 2024-11-08 16:30:00+00:00
2024-11-11 11:21:04,963 - Short Sell 251.00 shares at 76.97 on 2024-11-08 16:45:00+00:00
2024-11-11 11:21:04,963 - Short Sell 251.00 shares at 76.82 on 2024-11-08 17:00:00+00:00
2024-11-11 11:21:04,963 - Short Sell 251.00 shares at 76.8 on 2024-11-08 17:15:00+00:00
2024-11-11 11:21:04,963 - Short Sell 251.00 shares at 76.81 on 2024-11-08 17:30:00+00:00
2024-11-11 11:21:04,963 - Short Sell 251.00 shares at 76.82 on 2024-11-08 17:45:00+00:00
2024-11-11 11:21:04,963 - Short Sell 251.00 shares at 76.8 on 2024-11-08 18:00:00+00:00
2024-11-11 11:21:04,963 - Short Sell 251.00 shares at 76.81 on 2024-11-08 18:15:00+00:00
2024-11-11 11:21:04,963 - Short Sell 251.00 shares at 76.89 on 2024-11-08 18:30:00+00:00
2024-11-11 11:21:04,963 - Short Sell 251.00 shares at 76.87 on 2024-11-08 18:45:00+00:00
2024-11-11 11:21:04,963 - Short Sell 251.00 shares at 76.83 on 2024-11-08 19:00:00+00:00
2024-11-11 11:21:04,963 - Short Sell 251.00 shares at 76.93 on 2024-11-08 19:15:00+00:00
2024-11-11 11:21:04,964 - Short Sell 250.00 shares at 77.0 on 2024-11-08 19:30:00+00:00
2024-11-11 11:21:04,964 - Short Sell 251.00 shares at 76.87 on 2024-11-08 19:45:00+00:00
2024-11-11 11:21:04,964 - Short Sell 252.00 shares at 76.72 on 2024-11-08 20:00:00+00:00
2024-11-11 11:21:04,964 - Short Sell 252.00 shares at 76.57 on 2024-11-08 20:15:00+00:00
2024-11-11 11:21:04,964 - Buy to cover -6025.00 shares at 76.47 on 2024-11-08 20:30:00+00:00 (Exit: Signal, Profit: 2245.6900000000956, Duration: 360.0 minutes)
2024-11-11 11:21:04,964 - Short Sell 252.00 shares at 76.7 on 2024-11-08 20:45:00+00:00
2024-11-11 11:21:04,966 - Final statisticsStock: CARR, 
total_trades: 21, 
winning_trades: 15, 
losing_trades: 6, 
average_return: -0.0020642493636664296, 
average_duration: 1522.142857142857, 
final_balance: 987955.36, 
final_portfolio_value: 968626.96, 
sharpe_ratio: 7.084210407144992, 



