2024-11-11 19:05:44,873 - Starting GBMStrategy with initial capital: 1000000
2024-11-11 19:05:44,873 - Hyperparameters: {'threshold': 1.5, 'time_periods': 30, 'num_simulations': 150}
2024-11-11 19:09:12,420 - Short Sell 89.00 shares at 222.37 on 2024-10-11 14:30:00+00:00
2024-11-11 19:09:12,421 - Short Sell 89.00 shares at 222.64 on 2024-10-11 14:45:00+00:00
2024-11-11 19:09:12,421 - Short Sell 89.00 shares at 223.14 on 2024-10-11 15:00:00+00:00
2024-11-11 19:09:12,421 - Short Sell 89.00 shares at 222.78 on 2024-10-11 15:15:00+00:00
2024-11-11 19:09:12,421 - Short Sell 89.00 shares at 222.87 on 2024-10-11 15:30:00+00:00
2024-11-11 19:09:12,422 - Buy to cover -445.00 shares at 221.15 on 2024-10-14 13:30:00+00:00 (Exit: Profit_take, Profit: 716.4500000000061, Duration: 4260.0 minutes)
2024-11-11 19:09:12,422 - Short Sell 89.00 shares at 223.53 on 2024-10-14 14:30:00+00:00
2024-11-11 19:09:12,422 - Short Sell 89.00 shares at 224.11 on 2024-10-14 15:00:00+00:00
2024-11-11 19:09:12,423 - Buy to cover -178.00 shares at 223.44 on 2024-10-14 15:30:00+00:00 (Exit: Signal, Profit: 67.64000000000931, Duration: 60.0 minutes)
2024-11-11 19:09:12,423 - Short Sell 89.00 shares at 223.79 on 2024-10-14 15:45:00+00:00
2024-11-11 19:09:12,423 - Short Sell 89.00 shares at 224.45 on 2024-10-14 16:00:00+00:00
2024-11-11 19:09:12,423 - Buy to cover -178.00 shares at 223.07 on 2024-10-14 16:45:00+00:00 (Exit: Signal, Profit: 186.90000000000202, Duration: 60.0 minutes)
2024-11-11 19:09:12,423 - Long Buy 89.00 shares at 222.89 on 2024-10-14 17:30:00+00:00
2024-11-11 19:09:12,423 - Long Buy 88.00 shares at 222.88 on 2024-10-14 17:45:00+00:00
2024-11-11 19:09:12,423 - Long Buy 86.00 shares at 222.02 on 2024-10-15 14:30:00+00:00
2024-11-11 19:09:12,423 - Long Buy 84.00 shares at 221.78 on 2024-10-15 14:45:00+00:00
2024-11-11 19:09:12,423 - Long Buy 83.00 shares at 222.02 on 2024-10-15 15:00:00+00:00
2024-11-11 19:09:12,423 - Long Buy 81.00 shares at 222.14 on 2024-10-15 15:15:00+00:00
2024-11-11 19:09:12,423 - Long Buy 79.00 shares at 222.08 on 2024-10-15 15:30:00+00:00
2024-11-11 19:09:12,423 - Long Buy 78.00 shares at 221.9 on 2024-10-15 15:45:00+00:00
2024-11-11 19:09:12,423 - Long Buy 76.00 shares at 222.08 on 2024-10-15 16:00:00+00:00
2024-11-11 19:09:12,423 - Long Buy 75.00 shares at 222.24 on 2024-10-15 16:15:00+00:00
2024-11-11 19:09:12,423 - Long Buy 73.00 shares at 222.03 on 2024-10-15 16:30:00+00:00
2024-11-11 19:09:12,424 - Long Buy 72.00 shares at 221.86 on 2024-10-15 16:45:00+00:00
2024-11-11 19:09:12,424 - Sell to close 964.00 shares at 221.31 on 2024-10-15 17:00:00+00:00 (Exit: Stop_loss, Profit: -832.7600000000092, Duration: 1410.0 minutes)
2024-11-11 19:09:12,424 - Long Buy 90.00 shares at 220.03 on 2024-10-16 13:30:00+00:00
2024-11-11 19:09:12,424 - Long Buy 88.00 shares at 220.51 on 2024-10-16 13:45:00+00:00
2024-11-11 19:09:12,424 - Long Buy 86.00 shares at 221.19 on 2024-10-16 14:00:00+00:00
2024-11-11 19:09:12,424 - Long Buy 85.00 shares at 220.95 on 2024-10-16 14:15:00+00:00
2024-11-11 19:09:12,424 - Long Buy 83.00 shares at 220.53 on 2024-10-16 14:30:00+00:00
2024-11-11 19:09:12,424 - Long Buy 82.00 shares at 220.46 on 2024-10-16 14:45:00+00:00
2024-11-11 19:09:12,424 - Long Buy 80.00 shares at 220.63 on 2024-10-16 15:00:00+00:00
2024-11-11 19:09:12,424 - Long Buy 78.00 shares at 220.51 on 2024-10-16 15:15:00+00:00
2024-11-11 19:09:12,424 - Long Buy 77.00 shares at 220.47 on 2024-10-16 15:30:00+00:00
2024-11-11 19:09:12,424 - Long Buy 75.00 shares at 220.06 on 2024-10-16 15:45:00+00:00
2024-11-11 19:09:12,424 - Long Buy 74.00 shares at 219.98 on 2024-10-16 16:00:00+00:00
2024-11-11 19:09:12,424 - Long Buy 72.00 shares at 220.07 on 2024-10-16 16:15:00+00:00
2024-11-11 19:09:12,424 - Long Buy 71.00 shares at 220.28 on 2024-10-16 16:30:00+00:00
2024-11-11 19:09:12,424 - Long Buy 69.00 shares at 220.4 on 2024-10-16 16:45:00+00:00
2024-11-11 19:09:12,424 - Long Buy 68.00 shares at 220.01 on 2024-10-16 17:00:00+00:00
2024-11-11 19:09:12,424 - Long Buy 67.00 shares at 219.81 on 2024-10-16 17:15:00+00:00
2024-11-11 19:09:12,424 - Sell to close 1245.00 shares at 220.01 on 2024-10-16 17:30:00+00:00 (Exit: Signal, Profit: -469.7900000000149, Duration: 240.0 minutes)
2024-11-11 19:09:12,424 - Short Sell 90.00 shares at 220.57 on 2024-10-16 17:45:00+00:00
2024-11-11 19:09:12,424 - Short Sell 90.00 shares at 221.2 on 2024-10-16 18:00:00+00:00
2024-11-11 19:09:12,424 - Short Sell 90.00 shares at 221.06 on 2024-10-16 18:15:00+00:00
2024-11-11 19:09:12,424 - Short Sell 90.00 shares at 221.15 on 2024-10-16 18:30:00+00:00
2024-11-11 19:09:12,424 - Short Sell 90.00 shares at 221.24 on 2024-10-16 18:45:00+00:00
2024-11-11 19:09:12,424 - Short Sell 90.00 shares at 220.74 on 2024-10-16 19:00:00+00:00
2024-11-11 19:09:12,424 - Short Sell 90.00 shares at 220.51 on 2024-10-16 19:15:00+00:00
2024-11-11 19:09:12,424 - Short Sell 90.00 shares at 220.62 on 2024-10-16 19:30:00+00:00
2024-11-11 19:09:12,424 - Short Sell 90.00 shares at 220.81 on 2024-10-17 13:30:00+00:00
2024-11-11 19:09:12,425 - Short Sell 90.00 shares at 221.3 on 2024-10-17 13:45:00+00:00
2024-11-11 19:09:12,425 - Short Sell 90.00 shares at 221.2 on 2024-10-17 14:00:00+00:00
2024-11-11 19:09:12,425 - Short Sell 90.00 shares at 221.43 on 2024-10-17 14:15:00+00:00
2024-11-11 19:09:12,425 - Short Sell 90.00 shares at 220.42 on 2024-10-17 14:30:00+00:00
2024-11-11 19:09:12,425 - Short Sell 90.00 shares at 220.7 on 2024-10-17 15:00:00+00:00
2024-11-11 19:09:12,425 - Short Sell 90.00 shares at 220.75 on 2024-10-17 15:15:00+00:00
2024-11-11 19:09:12,425 - Short Sell 90.00 shares at 220.85 on 2024-10-17 15:30:00+00:00
2024-11-11 19:09:12,425 - Short Sell 90.00 shares at 221.08 on 2024-10-17 15:45:00+00:00
2024-11-11 19:09:12,425 - Short Sell 90.00 shares at 221.18 on 2024-10-17 16:00:00+00:00
2024-11-11 19:09:12,425 - Short Sell 90.00 shares at 221.01 on 2024-10-17 16:15:00+00:00
2024-11-11 19:09:12,425 - Short Sell 90.00 shares at 221.29 on 2024-10-17 16:30:00+00:00
2024-11-11 19:09:12,425 - Short Sell 90.00 shares at 221.38 on 2024-10-17 16:45:00+00:00
2024-11-11 19:09:12,425 - Short Sell 90.00 shares at 221.66 on 2024-10-17 17:00:00+00:00
2024-11-11 19:09:12,425 - Short Sell 90.00 shares at 221.64 on 2024-10-17 17:15:00+00:00
2024-11-11 19:09:12,425 - Short Sell 90.00 shares at 221.56 on 2024-10-17 17:30:00+00:00
2024-11-11 19:09:12,425 - Short Sell 89.00 shares at 221.81 on 2024-10-17 17:45:00+00:00
2024-11-11 19:09:12,425 - Short Sell 90.00 shares at 221.53 on 2024-10-17 18:00:00+00:00
2024-11-11 19:09:12,425 - Short Sell 90.00 shares at 221.62 on 2024-10-17 18:15:00+00:00
2024-11-11 19:09:12,425 - Buy to cover -2429.00 shares at 221.03 on 2024-10-17 18:30:00+00:00 (Exit: Signal, Profit: 224.22000000007455, Duration: 1485.0 minutes)
2024-11-11 19:09:12,425 - Long Buy 90.00 shares at 221.29 on 2024-10-17 18:45:00+00:00
2024-11-11 19:09:12,425 - Long Buy 88.00 shares at 221.42 on 2024-10-17 19:00:00+00:00
2024-11-11 19:09:12,425 - Long Buy 86.00 shares at 221.12 on 2024-10-17 19:15:00+00:00
2024-11-11 19:09:12,425 - Long Buy 85.00 shares at 220.99 on 2024-10-17 19:30:00+00:00
2024-11-11 19:09:12,425 - Long Buy 83.00 shares at 221.14 on 2024-10-17 19:45:00+00:00
2024-11-11 19:09:12,425 - Long Buy 81.00 shares at 220.83 on 2024-10-18 13:30:00+00:00
2024-11-11 19:09:12,425 - Long Buy 80.00 shares at 220.3 on 2024-10-18 13:45:00+00:00
2024-11-11 19:09:12,425 - Long Buy 78.00 shares at 220.52 on 2024-10-18 14:00:00+00:00
2024-11-11 19:09:12,425 - Long Buy 77.00 shares at 220.03 on 2024-10-18 14:15:00+00:00
2024-11-11 19:09:12,425 - Long Buy 75.00 shares at 220.06 on 2024-10-18 14:30:00+00:00
2024-11-11 19:09:12,425 - Long Buy 74.00 shares at 219.99 on 2024-10-18 14:45:00+00:00
2024-11-11 19:09:12,425 - Long Buy 73.00 shares at 219.26 on 2024-10-18 15:00:00+00:00
2024-11-11 19:09:12,425 - Long Buy 71.00 shares at 219.37 on 2024-10-18 15:15:00+00:00
2024-11-11 19:09:12,425 - Sell to close 1041.00 shares at 218.97 on 2024-10-18 15:30:00+00:00 (Exit: Stop_loss, Profit: -1627.4899999999802, Duration: 1245.0 minutes)
2024-11-11 19:09:12,426 - Short Sell 90.00 shares at 220.65 on 2024-10-21 13:30:00+00:00
2024-11-11 19:09:12,426 - Short Sell 90.00 shares at 219.55 on 2024-10-21 13:45:00+00:00
2024-11-11 19:09:12,426 - Short Sell 90.00 shares at 219.69 on 2024-10-21 14:00:00+00:00
2024-11-11 19:09:12,426 - Short Sell 90.00 shares at 219.59 on 2024-10-21 14:15:00+00:00
2024-11-11 19:09:12,426 - Short Sell 91.00 shares at 219.34 on 2024-10-21 14:30:00+00:00
2024-11-11 19:09:12,426 - Short Sell 91.00 shares at 219.42 on 2024-10-21 14:45:00+00:00
2024-11-11 19:09:12,426 - Short Sell 91.00 shares at 219.42 on 2024-10-21 15:30:00+00:00
2024-11-11 19:09:12,426 - Short Sell 90.00 shares at 219.67 on 2024-10-21 15:45:00+00:00
2024-11-11 19:09:12,426 - Short Sell 90.00 shares at 219.52 on 2024-10-21 16:00:00+00:00
2024-11-11 19:09:12,426 - Short Sell 91.00 shares at 219.3 on 2024-10-21 16:15:00+00:00
2024-11-11 19:09:12,426 - Short Sell 91.00 shares at 219.22 on 2024-10-21 16:30:00+00:00
2024-11-11 19:09:12,426 - Short Sell 91.00 shares at 219.2 on 2024-10-21 16:45:00+00:00
2024-11-11 19:09:12,426 - Short Sell 90.00 shares at 219.49 on 2024-10-21 17:00:00+00:00
2024-11-11 19:09:12,426 - Short Sell 91.00 shares at 219.4 on 2024-10-21 17:15:00+00:00
2024-11-11 19:09:12,426 - Short Sell 91.00 shares at 219.2 on 2024-10-21 17:30:00+00:00
2024-11-11 19:09:12,426 - Short Sell 91.00 shares at 219.3 on 2024-10-21 17:45:00+00:00
2024-11-11 19:09:12,426 - Short Sell 91.00 shares at 219.27 on 2024-10-21 18:15:00+00:00
2024-11-11 19:09:12,426 - Short Sell 91.00 shares at 219.29 on 2024-10-21 18:45:00+00:00
2024-11-11 19:09:12,426 - Short Sell 90.00 shares at 219.45 on 2024-10-21 19:00:00+00:00
2024-11-11 19:09:12,426 - Short Sell 91.00 shares at 219.3 on 2024-10-21 19:30:00+00:00
2024-11-11 19:09:12,426 - Short Sell 90.00 shares at 220.48 on 2024-10-21 19:45:00+00:00
2024-11-11 19:09:12,426 - Buy to cover -1902.00 shares at 216.59 on 2024-10-22 13:30:00+00:00 (Exit: Profit_take, Profit: 5554.9799999999605, Duration: 1440.0 minutes)
2024-11-11 19:09:12,426 - Long Buy 92.00 shares at 217.3 on 2024-10-22 13:45:00+00:00
2024-11-11 19:09:12,426 - Long Buy 90.00 shares at 217.21 on 2024-10-22 14:00:00+00:00
2024-11-11 19:09:12,426 - Sell to close 182.00 shares at 217.54 on 2024-10-22 14:15:00+00:00 (Exit: Signal, Profit: 51.779999999997585, Duration: 30.0 minutes)
2024-11-11 19:09:12,427 - Long Buy 92.00 shares at 217.08 on 2024-10-22 14:30:00+00:00
2024-11-11 19:09:12,427 - Sell to close 92.00 shares at 218.02 on 2024-10-22 17:00:00+00:00 (Exit: Signal, Profit: 86.47999999999979, Duration: 150.0 minutes)
2024-11-11 19:09:12,427 - Short Sell 92.00 shares at 218.15 on 2024-10-22 17:15:00+00:00
2024-11-11 19:09:12,427 - Short Sell 92.00 shares at 218.24 on 2024-10-22 17:30:00+00:00
2024-11-11 19:09:12,427 - Short Sell 91.00 shares at 218.28 on 2024-10-22 17:45:00+00:00
2024-11-11 19:09:12,427 - Short Sell 91.00 shares at 218.42 on 2024-10-22 18:00:00+00:00
2024-11-11 19:09:12,427 - Short Sell 91.00 shares at 218.28 on 2024-10-22 18:15:00+00:00
2024-11-11 19:09:12,427 - Short Sell 92.00 shares at 218.04 on 2024-10-22 18:30:00+00:00
2024-11-11 19:09:12,427 - Short Sell 91.00 shares at 218.27 on 2024-10-22 19:00:00+00:00
2024-11-11 19:09:12,427 - Short Sell 91.00 shares at 218.36 on 2024-10-22 19:15:00+00:00
2024-11-11 19:09:12,427 - Short Sell 92.00 shares at 218.13 on 2024-10-22 19:30:00+00:00
2024-11-11 19:09:12,427 - Buy to cover -823.00 shares at 217.08 on 2024-10-22 19:45:00+00:00 (Exit: Profit_take, Profit: 955.1899999999835, Duration: 150.0 minutes)
2024-11-11 19:09:12,427 - Long Buy 93.00 shares at 216.06 on 2024-10-23 15:00:00+00:00
2024-11-11 19:09:12,427 - Sell to close 93.00 shares at 216.9 on 2024-10-23 15:30:00+00:00 (Exit: Signal, Profit: 78.11999999999767, Duration: 30.0 minutes)
2024-11-11 19:09:12,427 - Short Sell 92.00 shares at 217.16 on 2024-10-23 15:45:00+00:00
2024-11-11 19:09:12,427 - Short Sell 92.00 shares at 217.0 on 2024-10-23 16:00:00+00:00
2024-11-11 19:09:12,427 - Short Sell 92.00 shares at 217.03 on 2024-10-23 16:15:00+00:00
2024-11-11 19:09:12,427 - Short Sell 92.00 shares at 217.09 on 2024-10-23 16:30:00+00:00
2024-11-11 19:09:12,427 - Short Sell 92.00 shares at 217.12 on 2024-10-23 16:45:00+00:00
2024-11-11 19:09:12,427 - Short Sell 92.00 shares at 217.03 on 2024-10-23 17:00:00+00:00
2024-11-11 19:09:12,427 - Short Sell 92.00 shares at 216.97 on 2024-10-23 17:15:00+00:00
2024-11-11 19:09:12,427 - Short Sell 92.00 shares at 217.48 on 2024-10-23 17:30:00+00:00
2024-11-11 19:09:12,427 - Short Sell 92.00 shares at 217.57 on 2024-10-23 17:45:00+00:00
2024-11-11 19:09:12,428 - Short Sell 92.00 shares at 217.1 on 2024-10-23 18:00:00+00:00
2024-11-11 19:09:12,428 - Short Sell 92.00 shares at 217.32 on 2024-10-23 18:15:00+00:00
2024-11-11 19:09:12,428 - Short Sell 92.00 shares at 217.53 on 2024-10-23 18:30:00+00:00
2024-11-11 19:09:12,428 - Short Sell 92.00 shares at 217.47 on 2024-10-23 18:45:00+00:00
2024-11-11 19:09:12,428 - Short Sell 92.00 shares at 217.46 on 2024-10-23 19:00:00+00:00
2024-11-11 19:09:12,428 - Short Sell 92.00 shares at 217.66 on 2024-10-23 19:15:00+00:00
2024-11-11 19:09:12,428 - Short Sell 92.00 shares at 217.47 on 2024-10-23 19:30:00+00:00
2024-11-11 19:09:12,428 - Short Sell 92.00 shares at 217.65 on 2024-10-23 19:45:00+00:00
2024-11-11 19:09:12,428 - Short Sell 91.00 shares at 218.26 on 2024-10-24 13:30:00+00:00
2024-11-11 19:09:12,428 - Buy to cover -1655.00 shares at 219.72 on 2024-10-24 13:45:00+00:00 (Exit: Stop_loss, Profit: -3916.819999999968, Duration: 1320.0 minutes)
2024-11-11 19:09:12,428 - Long Buy 91.00 shares at 219.53 on 2024-10-25 13:45:00+00:00
2024-11-11 19:09:12,428 - Long Buy 89.00 shares at 219.56 on 2024-10-25 14:30:00+00:00
2024-11-11 19:09:12,428 - Long Buy 87.00 shares at 219.0 on 2024-10-25 14:45:00+00:00
2024-11-11 19:09:12,428 - Long Buy 86.00 shares at 218.6 on 2024-10-25 15:00:00+00:00
2024-11-11 19:09:12,428 - Long Buy 84.00 shares at 217.94 on 2024-10-25 15:15:00+00:00
2024-11-11 19:09:12,428 - Long Buy 82.00 shares at 218.67 on 2024-10-25 15:30:00+00:00
2024-11-11 19:09:12,428 - Long Buy 80.00 shares at 219.2 on 2024-10-25 15:45:00+00:00
2024-11-11 19:09:12,428 - Long Buy 79.00 shares at 219.51 on 2024-10-25 16:00:00+00:00
2024-11-11 19:09:12,428 - Long Buy 77.00 shares at 219.83 on 2024-10-25 17:00:00+00:00
2024-11-11 19:09:12,428 - Long Buy 76.00 shares at 219.44 on 2024-10-25 17:15:00+00:00
2024-11-11 19:09:12,428 - Long Buy 74.00 shares at 218.65 on 2024-10-25 17:30:00+00:00
2024-11-11 19:09:12,428 - Long Buy 73.00 shares at 218.27 on 2024-10-25 17:45:00+00:00
2024-11-11 19:09:12,428 - Long Buy 72.00 shares at 217.98 on 2024-10-25 18:00:00+00:00
2024-11-11 19:09:12,428 - Long Buy 70.00 shares at 218.35 on 2024-10-25 18:15:00+00:00
2024-11-11 19:09:12,428 - Long Buy 69.00 shares at 218.26 on 2024-10-25 18:30:00+00:00
2024-11-11 19:09:12,428 - Long Buy 67.00 shares at 218.14 on 2024-10-25 18:45:00+00:00
2024-11-11 19:09:12,429 - Long Buy 66.00 shares at 217.76 on 2024-10-25 19:00:00+00:00
2024-11-11 19:09:12,429 - Long Buy 65.00 shares at 217.89 on 2024-10-25 19:15:00+00:00
2024-11-11 19:09:12,429 - Long Buy 64.00 shares at 217.78 on 2024-10-25 19:30:00+00:00
2024-11-11 19:09:12,429 - Sell to close 1451.00 shares at 217.01 on 2024-10-25 19:45:00+00:00 (Exit: Stop_loss, Profit: -2449.8199999999883, Duration: 360.0 minutes)
2024-11-11 19:09:12,429 - Long Buy 91.00 shares at 219.02 on 2024-10-28 13:30:00+00:00
2024-11-11 19:09:12,429 - Long Buy 89.00 shares at 218.92 on 2024-10-28 14:00:00+00:00
2024-11-11 19:09:12,429 - Long Buy 87.00 shares at 219.27 on 2024-10-28 14:30:00+00:00
2024-11-11 19:09:12,429 - Long Buy 85.00 shares at 219.02 on 2024-10-28 14:45:00+00:00
2024-11-11 19:09:12,429 - Long Buy 84.00 shares at 219.3 on 2024-10-28 15:15:00+00:00
2024-11-11 19:09:12,429 - Long Buy 82.00 shares at 218.97 on 2024-10-28 15:30:00+00:00
2024-11-11 19:09:12,429 - Long Buy 80.00 shares at 218.8 on 2024-10-28 15:45:00+00:00
2024-11-11 19:09:12,429 - Long Buy 79.00 shares at 218.56 on 2024-10-28 16:00:00+00:00
2024-11-11 19:09:12,429 - Long Buy 77.00 shares at 218.34 on 2024-10-28 16:15:00+00:00
2024-11-11 19:09:12,429 - Long Buy 76.00 shares at 218.38 on 2024-10-28 16:30:00+00:00
2024-11-11 19:09:12,429 - Long Buy 74.00 shares at 218.42 on 2024-10-28 16:45:00+00:00
2024-11-11 19:09:12,429 - Long Buy 73.00 shares at 217.72 on 2024-10-28 17:00:00+00:00
2024-11-11 19:09:12,429 - Long Buy 72.00 shares at 217.99 on 2024-10-28 17:15:00+00:00
2024-11-11 19:09:12,429 - Long Buy 70.00 shares at 218.09 on 2024-10-28 17:30:00+00:00
2024-11-11 19:09:12,429 - Long Buy 69.00 shares at 218.32 on 2024-10-28 17:45:00+00:00
2024-11-11 19:09:12,429 - Long Buy 67.00 shares at 218.24 on 2024-10-28 18:00:00+00:00
2024-11-11 19:09:12,429 - Long Buy 66.00 shares at 217.81 on 2024-10-28 18:15:00+00:00
2024-11-11 19:09:12,429 - Long Buy 65.00 shares at 217.85 on 2024-10-28 18:30:00+00:00
2024-11-11 19:09:12,429 - Sell to close 1386.00 shares at 218.76 on 2024-10-29 13:30:00+00:00 (Exit: Signal, Profit: 297.33999999996405, Duration: 1440.0 minutes)
2024-11-11 19:09:12,429 - Short Sell 90.00 shares at 219.65 on 2024-10-29 13:45:00+00:00
2024-11-11 19:09:12,429 - Short Sell 90.00 shares at 219.91 on 2024-10-29 14:00:00+00:00
2024-11-11 19:09:12,429 - Short Sell 90.00 shares at 220.41 on 2024-10-29 14:15:00+00:00
2024-11-11 19:09:12,429 - Short Sell 90.00 shares at 220.72 on 2024-10-29 14:30:00+00:00
2024-11-11 19:09:12,429 - Short Sell 90.00 shares at 220.44 on 2024-10-29 14:45:00+00:00
2024-11-11 19:09:12,429 - Short Sell 90.00 shares at 220.74 on 2024-10-29 15:00:00+00:00
2024-11-11 19:09:12,430 - Short Sell 90.00 shares at 220.81 on 2024-10-29 15:15:00+00:00
2024-11-11 19:09:12,430 - Short Sell 90.00 shares at 221.3 on 2024-10-29 15:30:00+00:00
2024-11-11 19:09:12,430 - Short Sell 90.00 shares at 220.56 on 2024-10-29 15:45:00+00:00
2024-11-11 19:09:12,430 - Short Sell 90.00 shares at 220.76 on 2024-10-29 16:00:00+00:00
2024-11-11 19:09:12,430 - Short Sell 90.00 shares at 220.65 on 2024-10-29 16:15:00+00:00
2024-11-11 19:09:12,430 - Short Sell 90.00 shares at 220.74 on 2024-10-29 16:30:00+00:00
2024-11-11 19:09:12,430 - Short Sell 90.00 shares at 220.41 on 2024-10-29 16:45:00+00:00
2024-11-11 19:09:12,430 - Short Sell 90.00 shares at 220.39 on 2024-10-29 17:00:00+00:00
2024-11-11 19:09:12,430 - Short Sell 90.00 shares at 220.43 on 2024-10-29 17:15:00+00:00
2024-11-11 19:09:12,430 - Short Sell 90.00 shares at 220.29 on 2024-10-29 17:30:00+00:00
2024-11-11 19:09:12,430 - Short Sell 90.00 shares at 220.77 on 2024-10-29 17:45:00+00:00
2024-11-11 19:09:12,430 - Short Sell 90.00 shares at 220.71 on 2024-10-29 18:00:00+00:00
2024-11-11 19:09:12,430 - Short Sell 90.00 shares at 220.88 on 2024-10-29 18:15:00+00:00
2024-11-11 19:09:12,430 - Short Sell 90.00 shares at 220.75 on 2024-10-29 18:30:00+00:00
2024-11-11 19:09:12,430 - Short Sell 90.00 shares at 220.7 on 2024-10-29 18:45:00+00:00
2024-11-11 19:09:12,430 - Short Sell 90.00 shares at 220.78 on 2024-10-29 19:00:00+00:00
2024-11-11 19:09:12,430 - Short Sell 90.00 shares at 221.06 on 2024-10-29 19:15:00+00:00
2024-11-11 19:09:12,430 - Buy to cover -2070.00 shares at 220.39 on 2024-10-29 19:30:00+00:00 (Exit: Signal, Profit: 440.1000000000397, Duration: 345.0 minutes)
2024-11-11 19:09:12,430 - Long Buy 90.00 shares at 219.77 on 2024-10-29 19:45:00+00:00
2024-11-11 19:09:12,430 - Sell to close 90.00 shares at 203.52 on 2024-10-30 13:30:00+00:00 (Exit: Stop_loss, Profit: -1462.4999999999975, Duration: 1065.0 minutes)
2024-11-11 19:09:12,430 - Long Buy 105.00 shares at 190.05 on 2024-10-31 13:30:00+00:00
2024-11-11 19:09:12,430 - Long Buy 102.00 shares at 190.56 on 2024-10-31 13:45:00+00:00
2024-11-11 19:09:12,430 - Sell to close 207.00 shares at 188.58 on 2024-10-31 14:00:00+00:00 (Exit: Stop_loss, Profit: -356.3099999999921, Duration: 30.0 minutes)
2024-11-11 19:09:12,431 - Long Buy 105.00 shares at 189.68 on 2024-11-01 13:30:00+00:00
2024-11-11 19:09:12,431 - Long Buy 103.00 shares at 188.54 on 2024-11-01 13:45:00+00:00
2024-11-11 19:09:12,431 - Long Buy 101.00 shares at 189.7 on 2024-11-01 14:00:00+00:00
2024-11-11 19:09:12,431 - Sell to close 309.00 shares at 190.35 on 2024-11-01 14:15:00+00:00 (Exit: Profit_take, Profit: 322.42999999999984, Duration: 45.0 minutes)
2024-11-11 19:09:12,431 - Long Buy 105.00 shares at 189.9 on 2024-11-01 14:30:00+00:00
2024-11-11 19:09:12,431 - Long Buy 102.00 shares at 189.96 on 2024-11-01 14:45:00+00:00
2024-11-11 19:09:12,431 - Long Buy 101.00 shares at 189.44 on 2024-11-01 15:00:00+00:00
2024-11-11 19:09:12,431 - Long Buy 99.00 shares at 189.65 on 2024-11-01 15:15:00+00:00
2024-11-11 19:09:12,431 - Long Buy 97.00 shares at 189.34 on 2024-11-01 16:00:00+00:00
2024-11-11 19:09:12,431 - Long Buy 95.00 shares at 189.11 on 2024-11-01 16:15:00+00:00
2024-11-11 19:09:12,431 - Long Buy 93.00 shares at 189.12 on 2024-11-01 16:30:00+00:00
2024-11-11 19:09:12,431 - Long Buy 91.00 shares at 189.21 on 2024-11-01 16:45:00+00:00
2024-11-11 19:09:12,431 - Long Buy 89.00 shares at 189.4 on 2024-11-01 17:00:00+00:00
2024-11-11 19:09:12,431 - Long Buy 88.00 shares at 189.19 on 2024-11-01 17:30:00+00:00
2024-11-11 19:09:12,431 - Long Buy 86.00 shares at 189.11 on 2024-11-01 17:45:00+00:00
2024-11-11 19:09:12,431 - Long Buy 84.00 shares at 188.8 on 2024-11-01 18:00:00+00:00
2024-11-11 19:09:12,431 - Long Buy 83.00 shares at 188.47 on 2024-11-01 18:15:00+00:00
2024-11-11 19:09:12,431 - Long Buy 81.00 shares at 188.46 on 2024-11-01 18:30:00+00:00
2024-11-11 19:09:12,431 - Long Buy 79.00 shares at 188.62 on 2024-11-01 18:45:00+00:00
2024-11-11 19:09:12,431 - Long Buy 78.00 shares at 188.99 on 2024-11-01 19:00:00+00:00
2024-11-11 19:09:12,431 - Long Buy 76.00 shares at 188.67 on 2024-11-01 19:15:00+00:00
2024-11-11 19:09:12,431 - Long Buy 75.00 shares at 188.5 on 2024-11-01 19:30:00+00:00
2024-11-11 19:09:12,431 - Long Buy 73.00 shares at 188.39 on 2024-11-01 19:45:00+00:00
2024-11-11 19:09:12,431 - Sell to close 1675.00 shares at 190.08 on 2024-11-04 14:30:00+00:00 (Exit: Profit_take, Profit: 1614.7500000001003, Duration: 4320.0 minutes)
2024-11-11 19:09:12,431 - Short Sell 104.00 shares at 191.75 on 2024-11-04 15:15:00+00:00
2024-11-11 19:09:12,432 - Buy to cover -104.00 shares at 190.39 on 2024-11-04 16:30:00+00:00 (Exit: Profit_take, Profit: 141.44000000000142, Duration: 75.0 minutes)
2024-11-11 19:09:12,432 - Long Buy 104.00 shares at 190.46 on 2024-11-04 16:45:00+00:00
2024-11-11 19:09:12,432 - Long Buy 103.00 shares at 189.9 on 2024-11-04 17:00:00+00:00
2024-11-11 19:09:12,432 - Sell to close 207.00 shares at 191.34 on 2024-11-04 17:30:00+00:00 (Exit: Profit_take, Profit: 239.84000000000245, Duration: 45.0 minutes)
2024-11-11 19:09:12,432 - Short Sell 104.00 shares at 191.81 on 2024-11-04 17:45:00+00:00
2024-11-11 19:09:12,432 - Short Sell 104.00 shares at 191.9 on 2024-11-04 18:00:00+00:00
2024-11-11 19:09:12,432 - Short Sell 104.00 shares at 191.89 on 2024-11-04 18:15:00+00:00
2024-11-11 19:09:12,432 - Short Sell 103.00 shares at 192.3 on 2024-11-04 18:30:00+00:00
2024-11-11 19:09:12,432 - Short Sell 104.00 shares at 191.98 on 2024-11-04 18:45:00+00:00
2024-11-11 19:09:12,432 - Short Sell 104.00 shares at 191.97 on 2024-11-04 19:00:00+00:00
2024-11-11 19:09:12,432 - Short Sell 103.00 shares at 192.25 on 2024-11-05 14:30:00+00:00
2024-11-11 19:09:12,432 - Short Sell 103.00 shares at 192.72 on 2024-11-05 15:15:00+00:00
2024-11-11 19:09:12,432 - Short Sell 103.00 shares at 192.65 on 2024-11-05 15:30:00+00:00
2024-11-11 19:09:12,432 - Short Sell 103.00 shares at 192.46 on 2024-11-05 17:30:00+00:00
2024-11-11 19:09:12,432 - Buy to cover -1035.00 shares at 191.57 on 2024-11-05 19:00:00+00:00 (Exit: Signal, Profit: 643.3900000000374, Duration: 1515.0 minutes)
2024-11-11 19:09:12,432 - Short Sell 100.00 shares at 198.75 on 2024-11-06 14:30:00+00:00
2024-11-11 19:09:12,433 - Buy to cover -100.00 shares at 197.41 on 2024-11-06 14:45:00+00:00 (Exit: Profit_take, Profit: 134.00000000000034, Duration: 15.0 minutes)
2024-11-11 19:09:12,433 - Short Sell 101.00 shares at 197.78 on 2024-11-06 15:00:00+00:00
2024-11-11 19:09:12,433 - Short Sell 100.00 shares at 199.38 on 2024-11-06 15:15:00+00:00
2024-11-11 19:09:12,433 - Short Sell 100.00 shares at 199.32 on 2024-11-06 15:30:00+00:00
2024-11-11 19:09:12,433 - Short Sell 100.00 shares at 199.65 on 2024-11-06 15:45:00+00:00
2024-11-11 19:09:12,433 - Buy to cover -401.00 shares at 201.37 on 2024-11-06 16:00:00+00:00 (Exit: Stop_loss, Profit: -938.5899999999974, Duration: 60.0 minutes)
2024-11-11 19:09:12,433 - Short Sell 98.00 shares at 203.4 on 2024-11-07 14:30:00+00:00
2024-11-11 19:09:12,433 - Short Sell 98.00 shares at 203.78 on 2024-11-07 14:45:00+00:00
2024-11-11 19:09:12,433 - Short Sell 97.00 shares at 204.34 on 2024-11-07 15:00:00+00:00
2024-11-11 19:09:12,433 - Short Sell 98.00 shares at 203.78 on 2024-11-07 15:15:00+00:00
2024-11-11 19:09:12,433 - Short Sell 98.00 shares at 203.93 on 2024-11-07 15:30:00+00:00
2024-11-11 19:09:12,433 - Short Sell 97.00 shares at 204.04 on 2024-11-07 15:45:00+00:00
2024-11-11 19:09:12,433 - Short Sell 97.00 shares at 204.21 on 2024-11-07 16:00:00+00:00
2024-11-11 19:09:12,433 - Buy to cover -683.00 shares at 202.77 on 2024-11-07 16:30:00+00:00 (Exit: Profit_take, Profit: 788.5400000000056, Duration: 120.0 minutes)
2024-11-11 19:09:12,433 - Short Sell 97.00 shares at 204.52 on 2024-11-07 17:00:00+00:00
2024-11-11 19:09:12,433 - Short Sell 97.00 shares at 204.4 on 2024-11-07 17:15:00+00:00
2024-11-11 19:09:12,433 - Short Sell 97.00 shares at 204.71 on 2024-11-07 17:30:00+00:00
2024-11-11 19:09:12,433 - Short Sell 97.00 shares at 204.39 on 2024-11-07 17:45:00+00:00
2024-11-11 19:09:12,433 - Short Sell 97.00 shares at 204.59 on 2024-11-07 18:00:00+00:00
2024-11-11 19:09:12,433 - Buy to cover -485.00 shares at 203.45 on 2024-11-07 18:30:00+00:00 (Exit: Profit_take, Profit: 519.9199999999876, Duration: 90.0 minutes)
2024-11-11 19:09:12,433 - Short Sell 97.00 shares at 204.39 on 2024-11-07 19:15:00+00:00
2024-11-11 19:09:12,433 - Buy to cover -97.00 shares at 204.07 on 2024-11-07 19:30:00+00:00 (Exit: Signal, Profit: 31.03999999999934, Duration: 15.0 minutes)
2024-11-11 19:09:12,434 - Long Buy 98.00 shares at 203.84 on 2024-11-07 19:45:00+00:00
2024-11-11 19:09:12,434 - Long Buy 96.00 shares at 203.84 on 2024-11-07 20:00:00+00:00
2024-11-11 19:09:12,434 - Long Buy 94.00 shares at 203.46 on 2024-11-07 20:15:00+00:00
2024-11-11 19:09:12,434 - Long Buy 92.00 shares at 203.49 on 2024-11-07 20:30:00+00:00
2024-11-11 19:09:12,434 - Long Buy 91.00 shares at 202.85 on 2024-11-07 20:45:00+00:00
2024-11-11 19:09:12,434 - Sell to close 471.00 shares at 199.73 on 2024-11-08 14:30:00+00:00 (Exit: Stop_loss, Profit: -1777.80000000001, Duration: 1125.0 minutes)
2024-11-11 19:09:12,436 - Final statisticsStock: CDW, 
total_trades: 29, 
winning_trades: 20, 
losing_trades: 9, 
average_return: -0.001869947338929381, 
average_duration: 777.4137931034483, 
final_balance: 999262.6700000002, 
final_portfolio_value: 999262.6700000002, 
sharpe_ratio: 3.392776215401609, 



