2024-11-10 20:03:18,883 - Starting GBMStrategy with initial capital: 1000000
2024-11-10 20:03:18,883 - Hyperparameters: {'threshold': 0.5, 'time_periods': 15, 'num_simulations': 150}
2024-11-10 20:09:06,675 - Short Sell 75.00 shares at 265.96 on 2024-10-10 17:15:00+00:00
2024-11-10 20:09:06,677 - Short Sell 75.00 shares at 266.61 on 2024-10-10 17:30:00+00:00
2024-11-10 20:09:06,677 - Buy to cover -150.00 shares at 264.69 on 2024-10-10 18:00:00+00:00 (Exit: Signal, Profit: 239.2500000000041, Duration: 45.0 minutes)
2024-11-10 20:09:06,677 - Long Buy 75.00 shares at 264.9 on 2024-10-10 18:15:00+00:00
2024-11-10 20:09:06,677 - Long Buy 73.00 shares at 265.0 on 2024-10-10 18:30:00+00:00
2024-11-10 20:09:06,677 - Long Buy 72.00 shares at 265.25 on 2024-10-10 18:45:00+00:00
2024-11-10 20:09:06,677 - Long Buy 71.00 shares at 264.09 on 2024-10-10 19:00:00+00:00
2024-11-10 20:09:06,677 - Long Buy 69.00 shares at 263.88 on 2024-10-10 19:15:00+00:00
2024-11-10 20:09:06,677 - Long Buy 68.00 shares at 263.65 on 2024-10-10 19:30:00+00:00
2024-11-10 20:09:06,677 - Long Buy 67.00 shares at 262.32 on 2024-10-10 19:45:00+00:00
2024-11-10 20:09:06,677 - Sell to close 495.00 shares at 256.83 on 2024-10-11 13:30:00+00:00 (Exit: Stop_loss, Profit: -3641.4000000000083, Duration: 1155.0 minutes)
2024-11-10 20:09:06,677 - Long Buy 76.00 shares at 259.6 on 2024-10-11 13:45:00+00:00
2024-11-10 20:09:06,677 - Long Buy 74.00 shares at 261.37 on 2024-10-11 14:00:00+00:00
2024-11-10 20:09:06,678 - Long Buy 73.00 shares at 261.22 on 2024-10-11 14:15:00+00:00
2024-11-10 20:09:06,678 - Long Buy 71.00 shares at 261.0 on 2024-10-11 14:30:00+00:00
2024-11-10 20:09:06,678 - Long Buy 70.00 shares at 260.65 on 2024-10-11 14:45:00+00:00
2024-11-10 20:09:06,678 - Sell to close 364.00 shares at 262.05 on 2024-10-11 15:00:00+00:00 (Exit: Signal, Profit: 469.6599999999853, Duration: 75.0 minutes)
2024-11-10 20:09:06,678 - Long Buy 76.00 shares at 260.37 on 2024-10-11 15:45:00+00:00
2024-11-10 20:09:06,678 - Sell to close 76.00 shares at 261.96 on 2024-10-11 16:45:00+00:00 (Exit: Signal, Profit: 120.8399999999981, Duration: 60.0 minutes)
2024-11-10 20:09:06,678 - Short Sell 75.00 shares at 262.77 on 2024-10-11 17:00:00+00:00
2024-11-10 20:09:06,678 - Short Sell 75.00 shares at 263.1 on 2024-10-11 17:15:00+00:00
2024-11-10 20:09:06,678 - Short Sell 75.00 shares at 263.44 on 2024-10-11 17:30:00+00:00
2024-11-10 20:09:06,678 - Short Sell 75.00 shares at 262.94 on 2024-10-11 17:45:00+00:00
2024-11-10 20:09:06,678 - Short Sell 75.00 shares at 262.98 on 2024-10-11 18:00:00+00:00
2024-11-10 20:09:06,678 - Short Sell 75.00 shares at 263.18 on 2024-10-11 18:15:00+00:00
2024-11-10 20:09:06,678 - Short Sell 75.00 shares at 263.5 on 2024-10-11 19:00:00+00:00
2024-11-10 20:09:06,678 - Short Sell 75.00 shares at 263.32 on 2024-10-11 19:30:00+00:00
2024-11-10 20:09:06,678 - Short Sell 74.00 shares at 266.22 on 2024-10-11 19:45:00+00:00
2024-11-10 20:09:06,678 - Buy to cover -674.00 shares at 269.04 on 2024-10-14 13:30:00+00:00 (Exit: Stop_loss, Profit: -3740.4300000000176, Duration: 4110.0 minutes)
2024-11-10 20:09:06,678 - Short Sell 73.00 shares at 271.19 on 2024-10-14 13:45:00+00:00
2024-11-10 20:09:06,678 - Short Sell 73.00 shares at 269.36 on 2024-10-14 14:00:00+00:00
2024-11-10 20:09:06,678 - Short Sell 73.00 shares at 270.3 on 2024-10-14 14:15:00+00:00
2024-11-10 20:09:06,678 - Short Sell 73.00 shares at 270.74 on 2024-10-14 14:30:00+00:00
2024-11-10 20:09:06,678 - Short Sell 73.00 shares at 268.96 on 2024-10-14 14:45:00+00:00
2024-11-10 20:09:06,678 - Short Sell 73.00 shares at 268.76 on 2024-10-14 15:00:00+00:00
2024-11-10 20:09:06,678 - Short Sell 74.00 shares at 267.9 on 2024-10-14 15:15:00+00:00
2024-11-10 20:09:06,678 - Short Sell 74.00 shares at 268.47 on 2024-10-14 15:30:00+00:00
2024-11-10 20:09:06,678 - Short Sell 73.00 shares at 268.78 on 2024-10-14 15:45:00+00:00
2024-11-10 20:09:06,678 - Short Sell 73.00 shares at 269.27 on 2024-10-14 16:00:00+00:00
2024-11-10 20:09:06,679 - Short Sell 73.00 shares at 270.39 on 2024-10-14 16:15:00+00:00
2024-11-10 20:09:06,679 - Short Sell 73.00 shares at 270.74 on 2024-10-14 16:30:00+00:00
2024-11-10 20:09:06,679 - Short Sell 72.00 shares at 271.95 on 2024-10-14 16:45:00+00:00
2024-11-10 20:09:06,679 - Short Sell 73.00 shares at 271.25 on 2024-10-14 17:00:00+00:00
2024-11-10 20:09:06,679 - Short Sell 73.00 shares at 271.31 on 2024-10-14 17:15:00+00:00
2024-11-10 20:09:06,679 - Short Sell 73.00 shares at 271.42 on 2024-10-14 17:30:00+00:00
2024-11-10 20:09:06,679 - Short Sell 73.00 shares at 271.22 on 2024-10-14 17:45:00+00:00
2024-11-10 20:09:06,679 - Short Sell 73.00 shares at 270.72 on 2024-10-14 18:00:00+00:00
2024-11-10 20:09:06,679 - Short Sell 73.00 shares at 271.04 on 2024-10-14 18:15:00+00:00
2024-11-10 20:09:06,679 - Short Sell 73.00 shares at 271.4 on 2024-10-14 18:30:00+00:00
2024-11-10 20:09:06,679 - Short Sell 73.00 shares at 271.41 on 2024-10-14 18:45:00+00:00
2024-11-10 20:09:06,679 - Short Sell 73.00 shares at 271.49 on 2024-10-14 19:00:00+00:00
2024-11-10 20:09:06,679 - Buy to cover -1607.00 shares at 270.9 on 2024-10-14 19:15:00+00:00 (Exit: Signal, Profit: -862.7700000000698, Duration: 330.0 minutes)
2024-11-10 20:09:06,679 - Long Buy 73.00 shares at 270.65 on 2024-10-14 19:30:00+00:00
2024-11-10 20:09:06,679 - Sell to close 73.00 shares at 271.74 on 2024-10-14 19:45:00+00:00 (Exit: Signal, Profit: 79.57000000000232, Duration: 15.0 minutes)
2024-11-10 20:09:06,679 - Long Buy 74.00 shares at 265.81 on 2024-10-15 13:30:00+00:00
2024-11-10 20:09:06,679 - Long Buy 73.00 shares at 265.53 on 2024-10-15 13:45:00+00:00
2024-11-10 20:09:06,679 - Long Buy 71.00 shares at 266.44 on 2024-10-15 14:00:00+00:00
2024-11-10 20:09:06,679 - Long Buy 70.00 shares at 265.06 on 2024-10-15 14:15:00+00:00
2024-11-10 20:09:06,679 - Long Buy 69.00 shares at 264.47 on 2024-10-15 14:30:00+00:00
2024-11-10 20:09:06,679 - Long Buy 68.00 shares at 263.94 on 2024-10-15 14:45:00+00:00
2024-11-10 20:09:06,679 - Long Buy 66.00 shares at 263.94 on 2024-10-15 15:00:00+00:00
2024-11-10 20:09:06,679 - Long Buy 65.00 shares at 264.65 on 2024-10-15 15:15:00+00:00
2024-11-10 20:09:06,679 - Long Buy 63.00 shares at 264.27 on 2024-10-15 15:30:00+00:00
2024-11-10 20:09:06,679 - Long Buy 62.00 shares at 265.57 on 2024-10-15 15:45:00+00:00
2024-11-10 20:09:06,679 - Long Buy 60.00 shares at 266.5 on 2024-10-15 16:00:00+00:00
2024-11-10 20:09:06,679 - Long Buy 59.00 shares at 266.53 on 2024-10-15 16:15:00+00:00
2024-11-10 20:09:06,679 - Sell to close 800.00 shares at 268.11 on 2024-10-15 16:30:00+00:00 (Exit: Signal, Profit: 2314.670000000069, Duration: 180.0 minutes)
2024-11-10 20:09:06,680 - Short Sell 74.00 shares at 267.19 on 2024-10-15 16:45:00+00:00
2024-11-10 20:09:06,680 - Short Sell 74.00 shares at 267.42 on 2024-10-15 17:00:00+00:00
2024-11-10 20:09:06,680 - Short Sell 74.00 shares at 267.65 on 2024-10-15 17:15:00+00:00
2024-11-10 20:09:06,680 - Short Sell 74.00 shares at 268.23 on 2024-10-15 17:30:00+00:00
2024-11-10 20:09:06,680 - Short Sell 74.00 shares at 267.25 on 2024-10-15 17:45:00+00:00
2024-11-10 20:09:06,680 - Buy to cover -370.00 shares at 266.14 on 2024-10-15 18:00:00+00:00 (Exit: Signal, Profit: 520.9600000000268, Duration: 75.0 minutes)
2024-11-10 20:09:06,680 - Long Buy 74.00 shares at 266.09 on 2024-10-15 18:15:00+00:00
2024-11-10 20:09:06,680 - Long Buy 73.00 shares at 265.78 on 2024-10-15 18:45:00+00:00
2024-11-10 20:09:06,680 - Long Buy 72.00 shares at 265.6 on 2024-10-15 19:00:00+00:00
2024-11-10 20:09:06,680 - Long Buy 70.00 shares at 265.13 on 2024-10-15 19:15:00+00:00
2024-11-10 20:09:06,680 - Long Buy 69.00 shares at 265.87 on 2024-10-15 19:30:00+00:00
2024-11-10 20:09:06,680 - Long Buy 67.00 shares at 266.12 on 2024-10-15 19:45:00+00:00
2024-11-10 20:09:06,680 - Long Buy 66.00 shares at 265.85 on 2024-10-16 13:30:00+00:00
2024-11-10 20:09:06,680 - Sell to close 491.00 shares at 267.38 on 2024-10-16 13:45:00+00:00 (Exit: Signal, Profit: 787.5100000000175, Duration: 1170.0 minutes)
2024-11-10 20:09:06,680 - Short Sell 74.00 shares at 269.25 on 2024-10-16 14:00:00+00:00
2024-11-10 20:09:06,680 - Short Sell 73.00 shares at 270.34 on 2024-10-16 14:15:00+00:00
2024-11-10 20:09:06,680 - Short Sell 73.00 shares at 270.63 on 2024-10-16 14:30:00+00:00
2024-11-10 20:09:06,680 - Short Sell 72.00 shares at 273.75 on 2024-10-16 14:45:00+00:00
2024-11-10 20:09:06,680 - Short Sell 73.00 shares at 272.63 on 2024-10-16 15:00:00+00:00
2024-11-10 20:09:06,680 - Short Sell 72.00 shares at 273.3 on 2024-10-16 15:15:00+00:00
2024-11-10 20:09:06,680 - Short Sell 72.00 shares at 273.5 on 2024-10-16 15:30:00+00:00
2024-11-10 20:09:06,680 - Short Sell 72.00 shares at 274.28 on 2024-10-16 15:45:00+00:00
2024-11-10 20:09:06,680 - Buy to cover -581.00 shares at 275.45 on 2024-10-16 16:00:00+00:00 (Exit: Stop_loss, Profit: -1891.3900000000208, Duration: 120.0 minutes)
2024-11-10 20:09:06,680 - Short Sell 72.00 shares at 275.21 on 2024-10-16 16:15:00+00:00
2024-11-10 20:09:06,680 - Short Sell 72.00 shares at 275.09 on 2024-10-16 16:30:00+00:00
2024-11-10 20:09:06,680 - Short Sell 72.00 shares at 275.15 on 2024-10-16 16:45:00+00:00
2024-11-10 20:09:06,680 - Short Sell 72.00 shares at 274.48 on 2024-10-16 17:00:00+00:00
2024-11-10 20:09:06,681 - Short Sell 72.00 shares at 274.88 on 2024-10-16 17:15:00+00:00
2024-11-10 20:09:06,681 - Short Sell 72.00 shares at 275.3 on 2024-10-16 17:30:00+00:00
2024-11-10 20:09:06,681 - Short Sell 72.00 shares at 276.08 on 2024-10-16 17:45:00+00:00
2024-11-10 20:09:06,681 - Short Sell 72.00 shares at 276.05 on 2024-10-16 18:00:00+00:00
2024-11-10 20:09:06,681 - Short Sell 71.00 shares at 276.73 on 2024-10-16 18:15:00+00:00
2024-11-10 20:09:06,681 - Short Sell 71.00 shares at 276.5 on 2024-10-16 18:30:00+00:00
2024-11-10 20:09:06,681 - Short Sell 71.00 shares at 276.88 on 2024-10-16 18:45:00+00:00
2024-11-10 20:09:06,681 - Short Sell 71.00 shares at 278.01 on 2024-10-16 19:00:00+00:00
2024-11-10 20:09:06,681 - Short Sell 71.00 shares at 278.25 on 2024-10-16 19:15:00+00:00
2024-11-10 20:09:06,681 - Short Sell 71.00 shares at 278.85 on 2024-10-16 19:30:00+00:00
2024-11-10 20:09:06,681 - Short Sell 70.00 shares at 279.79 on 2024-10-16 19:45:00+00:00
2024-11-10 20:09:06,681 - Short Sell 71.00 shares at 279.02 on 2024-10-17 13:30:00+00:00
2024-11-10 20:09:06,681 - Short Sell 72.00 shares at 275.83 on 2024-10-17 13:45:00+00:00
2024-11-10 20:09:06,681 - Short Sell 71.00 shares at 278.99 on 2024-10-17 14:00:00+00:00
2024-11-10 20:09:06,681 - Buy to cover -1286.00 shares at 280.89 on 2024-10-17 14:15:00+00:00 (Exit: Stop_loss, Profit: -5368.869999999968, Duration: 1320.0 minutes)
2024-11-10 20:09:06,681 - Short Sell 70.00 shares at 281.0 on 2024-10-17 14:30:00+00:00
2024-11-10 20:09:06,681 - Short Sell 70.00 shares at 281.57 on 2024-10-17 14:45:00+00:00
2024-11-10 20:09:06,681 - Buy to cover -140.00 shares at 280.63 on 2024-10-17 15:00:00+00:00 (Exit: Signal, Profit: 91.69999999999618, Duration: 30.0 minutes)
2024-11-10 20:09:06,681 - Long Buy 70.00 shares at 280.5 on 2024-10-17 15:15:00+00:00
2024-11-10 20:09:06,681 - Long Buy 69.00 shares at 280.23 on 2024-10-17 15:30:00+00:00
2024-11-10 20:09:06,681 - Sell to close 139.00 shares at 282.33 on 2024-10-17 15:45:00+00:00 (Exit: Signal, Profit: 272.9999999999989, Duration: 30.0 minutes)
2024-11-10 20:09:06,681 - Short Sell 70.00 shares at 281.94 on 2024-10-17 16:00:00+00:00
2024-11-10 20:09:06,681 - Short Sell 70.00 shares at 282.42 on 2024-10-17 16:15:00+00:00
2024-11-10 20:09:06,681 - Short Sell 70.00 shares at 282.35 on 2024-10-17 16:30:00+00:00
2024-11-10 20:09:06,681 - Buy to cover -210.00 shares at 278.7 on 2024-10-17 16:45:00+00:00 (Exit: Signal, Profit: 742.7000000000049, Duration: 45.0 minutes)
2024-11-10 20:09:06,681 - Long Buy 71.00 shares at 276.5 on 2024-10-17 17:00:00+00:00
2024-11-10 20:09:06,681 - Long Buy 70.00 shares at 276.77 on 2024-10-17 17:15:00+00:00
2024-11-10 20:09:06,681 - Long Buy 68.00 shares at 277.26 on 2024-10-17 17:30:00+00:00
2024-11-10 20:09:06,681 - Long Buy 67.00 shares at 277.07 on 2024-10-17 17:45:00+00:00
2024-11-10 20:09:06,681 - Long Buy 66.00 shares at 275.38 on 2024-10-17 18:00:00+00:00
2024-11-10 20:09:06,682 - Long Buy 65.00 shares at 274.8 on 2024-10-17 18:15:00+00:00
2024-11-10 20:09:06,682 - Long Buy 63.00 shares at 274.72 on 2024-10-17 18:30:00+00:00
2024-11-10 20:09:06,682 - Sell to close 470.00 shares at 275.12 on 2024-10-17 18:45:00+00:00 (Exit: Signal, Profit: -460.80999999999847, Duration: 105.0 minutes)
2024-11-10 20:09:06,682 - Long Buy 72.00 shares at 273.55 on 2024-10-17 19:15:00+00:00
2024-11-10 20:09:06,682 - Long Buy 71.00 shares at 270.77 on 2024-10-17 19:30:00+00:00
2024-11-10 20:09:06,682 - Long Buy 70.00 shares at 271.21 on 2024-10-17 19:45:00+00:00
2024-11-10 20:09:06,682 - Long Buy 68.00 shares at 270.86 on 2024-10-18 13:30:00+00:00
2024-11-10 20:09:06,682 - Long Buy 67.00 shares at 269.57 on 2024-10-18 13:45:00+00:00
2024-11-10 20:09:06,682 - Long Buy 66.00 shares at 270.98 on 2024-10-18 14:00:00+00:00
2024-11-10 20:09:06,682 - Long Buy 64.00 shares at 270.68 on 2024-10-18 14:15:00+00:00
2024-11-10 20:09:06,682 - Long Buy 63.00 shares at 270.57 on 2024-10-18 14:30:00+00:00
2024-11-10 20:09:06,682 - Long Buy 62.00 shares at 268.82 on 2024-10-18 14:45:00+00:00
2024-11-10 20:09:06,682 - Long Buy 61.00 shares at 270.21 on 2024-10-18 15:00:00+00:00
2024-11-10 20:09:06,682 - Long Buy 59.00 shares at 270.6 on 2024-10-18 15:15:00+00:00
2024-11-10 20:09:06,682 - Long Buy 58.00 shares at 270.95 on 2024-10-18 15:30:00+00:00
2024-11-10 20:09:06,682 - Sell to close 781.00 shares at 271.18 on 2024-10-18 15:45:00+00:00 (Exit: Signal, Profit: 322.68000000001916, Duration: 1230.0 minutes)
2024-11-10 20:09:06,682 - Long Buy 73.00 shares at 269.84 on 2024-10-18 16:00:00+00:00
2024-11-10 20:09:06,682 - Long Buy 71.00 shares at 269.93 on 2024-10-18 16:15:00+00:00
2024-11-10 20:09:06,682 - Long Buy 70.00 shares at 269.77 on 2024-10-18 16:30:00+00:00
2024-11-10 20:09:06,682 - Long Buy 69.00 shares at 269.88 on 2024-10-18 16:45:00+00:00
2024-11-10 20:09:06,682 - Long Buy 67.00 shares at 270.48 on 2024-10-18 17:00:00+00:00
2024-11-10 20:09:06,682 - Long Buy 66.00 shares at 269.75 on 2024-10-18 17:15:00+00:00
2024-11-10 20:09:06,682 - Long Buy 65.00 shares at 269.41 on 2024-10-18 17:30:00+00:00
2024-11-10 20:09:06,682 - Long Buy 63.00 shares at 269.91 on 2024-10-18 17:45:00+00:00
2024-11-10 20:09:06,682 - Long Buy 62.00 shares at 270.53 on 2024-10-18 18:00:00+00:00
2024-11-10 20:09:06,682 - Sell to close 606.00 shares at 271.72 on 2024-10-18 19:00:00+00:00 (Exit: Signal, Profit: 1078.8500000000308, Duration: 180.0 minutes)
2024-11-10 20:09:06,682 - Short Sell 72.00 shares at 271.86 on 2024-10-18 19:15:00+00:00
2024-11-10 20:09:06,682 - Buy to cover -72.00 shares at 271.63 on 2024-10-18 19:30:00+00:00 (Exit: Signal, Profit: 16.56000000000131, Duration: 15.0 minutes)
2024-11-10 20:09:06,683 - Long Buy 73.00 shares at 270.03 on 2024-10-18 19:45:00+00:00
2024-11-10 20:09:06,683 - Sell to close 73.00 shares at 272.28 on 2024-10-21 13:30:00+00:00 (Exit: Signal, Profit: 164.25, Duration: 3945.0 minutes)
2024-11-10 20:09:06,683 - Long Buy 73.00 shares at 271.08 on 2024-10-21 13:45:00+00:00
2024-11-10 20:09:06,683 - Sell to close 73.00 shares at 272.62 on 2024-10-21 14:00:00+00:00 (Exit: Signal, Profit: 112.4200000000015, Duration: 15.0 minutes)
2024-11-10 20:09:06,683 - Long Buy 73.00 shares at 271.08 on 2024-10-21 14:15:00+00:00
2024-11-10 20:09:06,683 - Long Buy 71.00 shares at 271.47 on 2024-10-21 14:30:00+00:00
2024-11-10 20:09:06,683 - Long Buy 70.00 shares at 271.41 on 2024-10-21 14:45:00+00:00
2024-11-10 20:09:06,683 - Sell to close 214.00 shares at 273.38 on 2024-10-21 15:00:00+00:00 (Exit: Signal, Profit: 441.40999999999383, Duration: 45.0 minutes)
2024-11-10 20:09:06,683 - Long Buy 73.00 shares at 271.33 on 2024-10-21 15:15:00+00:00
2024-11-10 20:09:06,683 - Sell to close 73.00 shares at 272.97 on 2024-10-21 16:15:00+00:00 (Exit: Signal, Profit: 119.72000000000315, Duration: 60.0 minutes)
2024-11-10 20:09:06,683 - Short Sell 73.00 shares at 271.63 on 2024-10-21 16:45:00+00:00
2024-11-10 20:09:06,683 - Short Sell 72.00 shares at 271.95 on 2024-10-21 17:00:00+00:00
2024-11-10 20:09:06,683 - Short Sell 72.00 shares at 272.28 on 2024-10-21 17:15:00+00:00
2024-11-10 20:09:06,683 - Short Sell 72.00 shares at 271.93 on 2024-10-21 17:30:00+00:00
2024-11-10 20:09:06,683 - Short Sell 72.00 shares at 272.05 on 2024-10-21 17:45:00+00:00
2024-11-10 20:09:06,683 - Short Sell 72.00 shares at 272.16 on 2024-10-21 18:30:00+00:00
2024-11-10 20:09:06,683 - Short Sell 72.00 shares at 272.43 on 2024-10-21 19:00:00+00:00
2024-11-10 20:09:06,683 - Short Sell 72.00 shares at 272.25 on 2024-10-21 19:15:00+00:00
2024-11-10 20:09:06,683 - Short Sell 72.00 shares at 273.69 on 2024-10-21 19:45:00+00:00
2024-11-10 20:09:06,683 - Buy to cover -649.00 shares at 268.55 on 2024-10-22 13:30:00+00:00 (Exit: Signal, Profit: 2409.3199999999815, Duration: 1245.0 minutes)
2024-11-10 20:09:06,683 - Long Buy 73.00 shares at 270.73 on 2024-10-22 13:45:00+00:00
2024-11-10 20:09:06,683 - Sell to close 73.00 shares at 271.16 on 2024-10-22 14:00:00+00:00 (Exit: Signal, Profit: 31.390000000000498, Duration: 15.0 minutes)
2024-11-10 20:09:06,684 - Long Buy 74.00 shares at 266.79 on 2024-10-22 14:15:00+00:00
2024-11-10 20:09:06,684 - Long Buy 72.00 shares at 267.86 on 2024-10-22 14:30:00+00:00
2024-11-10 20:09:06,684 - Long Buy 71.00 shares at 268.7 on 2024-10-22 14:45:00+00:00
2024-11-10 20:09:06,684 - Long Buy 69.00 shares at 268.71 on 2024-10-22 15:00:00+00:00
2024-11-10 20:09:06,684 - Long Buy 68.00 shares at 267.18 on 2024-10-22 15:15:00+00:00
2024-11-10 20:09:06,684 - Long Buy 67.00 shares at 266.32 on 2024-10-22 15:30:00+00:00
2024-11-10 20:09:06,684 - Long Buy 66.00 shares at 266.5 on 2024-10-22 15:45:00+00:00
2024-11-10 20:09:06,684 - Long Buy 64.00 shares at 267.31 on 2024-10-22 16:00:00+00:00
2024-11-10 20:09:06,684 - Long Buy 63.00 shares at 267.79 on 2024-10-22 16:15:00+00:00
2024-11-10 20:09:06,684 - Long Buy 62.00 shares at 266.85 on 2024-10-22 16:30:00+00:00
2024-11-10 20:09:06,684 - Long Buy 60.00 shares at 267.4 on 2024-10-22 16:45:00+00:00
2024-11-10 20:09:06,684 - Long Buy 59.00 shares at 267.54 on 2024-10-22 17:00:00+00:00
2024-11-10 20:09:06,684 - Long Buy 58.00 shares at 266.99 on 2024-10-22 17:15:00+00:00
2024-11-10 20:09:06,684 - Long Buy 57.00 shares at 266.68 on 2024-10-22 17:30:00+00:00
2024-11-10 20:09:06,684 - Sell to close 910.00 shares at 267.12 on 2024-10-22 17:45:00+00:00 (Exit: Signal, Profit: -206.90000000007217, Duration: 210.0 minutes)
2024-11-10 20:09:06,684 - Short Sell 74.00 shares at 267.18 on 2024-10-22 18:00:00+00:00
2024-11-10 20:09:06,684 - Short Sell 74.00 shares at 267.24 on 2024-10-22 18:15:00+00:00
2024-11-10 20:09:06,684 - Short Sell 74.00 shares at 267.91 on 2024-10-22 18:30:00+00:00
2024-11-10 20:09:06,684 - Short Sell 74.00 shares at 267.11 on 2024-10-22 19:15:00+00:00
2024-11-10 20:09:06,684 - Buy to cover -296.00 shares at 265.99 on 2024-10-22 19:45:00+00:00 (Exit: Signal, Profit: 405.52000000000135, Duration: 105.0 minutes)
2024-11-10 20:09:06,684 - Long Buy 74.00 shares at 266.25 on 2024-10-23 13:30:00+00:00
2024-11-10 20:09:06,684 - Long Buy 73.00 shares at 265.79 on 2024-10-23 14:00:00+00:00
2024-11-10 20:09:06,684 - Long Buy 72.00 shares at 264.92 on 2024-10-23 14:30:00+00:00
2024-11-10 20:09:06,684 - Long Buy 70.00 shares at 265.6 on 2024-10-23 14:45:00+00:00
2024-11-10 20:09:06,684 - Long Buy 69.00 shares at 264.32 on 2024-10-23 15:00:00+00:00
2024-11-10 20:09:06,684 - Long Buy 68.00 shares at 264.04 on 2024-10-23 15:15:00+00:00
2024-11-10 20:09:06,684 - Long Buy 66.00 shares at 264.2 on 2024-10-23 15:30:00+00:00
2024-11-10 20:09:06,685 - Long Buy 65.00 shares at 264.46 on 2024-10-23 16:00:00+00:00
2024-11-10 20:09:06,685 - Long Buy 64.00 shares at 264.47 on 2024-10-23 16:15:00+00:00
2024-11-10 20:09:06,685 - Long Buy 62.00 shares at 264.96 on 2024-10-23 16:30:00+00:00
2024-11-10 20:09:06,685 - Long Buy 61.00 shares at 265.25 on 2024-10-23 16:45:00+00:00
2024-11-10 20:09:06,685 - Long Buy 60.00 shares at 263.3 on 2024-10-23 17:00:00+00:00
2024-11-10 20:09:06,685 - Long Buy 59.00 shares at 263.7 on 2024-10-23 17:15:00+00:00
2024-11-10 20:09:06,685 - Long Buy 58.00 shares at 263.93 on 2024-10-23 17:30:00+00:00
2024-11-10 20:09:06,685 - Long Buy 57.00 shares at 263.05 on 2024-10-23 17:45:00+00:00
2024-11-10 20:09:06,685 - Long Buy 55.00 shares at 263.11 on 2024-10-23 18:00:00+00:00
2024-11-10 20:09:06,685 - Long Buy 54.00 shares at 263.87 on 2024-10-23 18:15:00+00:00
2024-11-10 20:09:06,685 - Long Buy 53.00 shares at 264.22 on 2024-10-23 18:30:00+00:00
2024-11-10 20:09:06,685 - Sell to close 1140.00 shares at 265.2 on 2024-10-23 18:45:00+00:00 (Exit: Signal, Profit: 821.0599999999988, Duration: 315.0 minutes)
2024-11-10 20:09:06,685 - Short Sell 75.00 shares at 265.02 on 2024-10-23 19:00:00+00:00
2024-11-10 20:09:06,685 - Short Sell 74.00 shares at 266.03 on 2024-10-23 19:15:00+00:00
2024-11-10 20:09:06,685 - Short Sell 74.00 shares at 266.35 on 2024-10-23 19:30:00+00:00
2024-11-10 20:09:06,685 - Short Sell 74.00 shares at 266.05 on 2024-10-23 19:45:00+00:00
2024-11-10 20:09:06,685 - Short Sell 74.00 shares at 266.51 on 2024-10-24 13:30:00+00:00
2024-11-10 20:09:06,685 - Short Sell 75.00 shares at 265.01 on 2024-10-24 13:45:00+00:00
2024-11-10 20:09:06,685 - Short Sell 74.00 shares at 265.98 on 2024-10-24 14:00:00+00:00
2024-11-10 20:09:06,685 - Short Sell 75.00 shares at 265.13 on 2024-10-24 14:30:00+00:00
2024-11-10 20:09:06,686 - Buy to cover -595.00 shares at 263.1 on 2024-10-24 15:00:00+00:00 (Exit: Signal, Profit: 1580.5799999999724, Duration: 1200.0 minutes)
2024-11-10 20:09:06,686 - Long Buy 75.00 shares at 263.92 on 2024-10-24 16:00:00+00:00
2024-11-10 20:09:06,686 - Sell to close 75.00 shares at 265.11 on 2024-10-24 16:15:00+00:00 (Exit: Signal, Profit: 89.24999999999983, Duration: 15.0 minutes)
2024-11-10 20:09:06,686 - Short Sell 75.00 shares at 265.42 on 2024-10-24 16:30:00+00:00
2024-11-10 20:09:06,686 - Short Sell 75.00 shares at 265.21 on 2024-10-24 16:45:00+00:00
2024-11-10 20:09:06,686 - Short Sell 75.00 shares at 265.74 on 2024-10-24 17:00:00+00:00
2024-11-10 20:09:06,686 - Short Sell 75.00 shares at 265.35 on 2024-10-24 17:15:00+00:00
2024-11-10 20:09:06,686 - Short Sell 75.00 shares at 265.8 on 2024-10-24 17:30:00+00:00
2024-11-10 20:09:06,686 - Buy to cover -375.00 shares at 264.21 on 2024-10-24 18:15:00+00:00 (Exit: Signal, Profit: 485.25000000001484, Duration: 105.0 minutes)
2024-11-10 20:09:06,686 - Long Buy 75.00 shares at 264.07 on 2024-10-24 18:30:00+00:00
2024-11-10 20:09:06,686 - Sell to close 75.00 shares at 265.28 on 2024-10-24 19:15:00+00:00 (Exit: Signal, Profit: 90.74999999999847, Duration: 45.0 minutes)
2024-11-10 20:09:06,686 - Long Buy 75.00 shares at 264.5 on 2024-10-24 19:45:00+00:00
2024-11-10 20:09:06,686 - Sell to close 75.00 shares at 267.18 on 2024-10-25 13:30:00+00:00 (Exit: Signal, Profit: 201.0000000000005, Duration: 1065.0 minutes)
2024-11-10 20:09:06,686 - Short Sell 74.00 shares at 267.81 on 2024-10-25 13:45:00+00:00
2024-11-10 20:09:06,686 - Short Sell 74.00 shares at 268.53 on 2024-10-25 14:00:00+00:00
2024-11-10 20:09:06,686 - Short Sell 74.00 shares at 268.98 on 2024-10-25 14:15:00+00:00
2024-11-10 20:09:06,686 - Short Sell 74.00 shares at 268.44 on 2024-10-25 14:30:00+00:00
2024-11-10 20:09:06,686 - Short Sell 74.00 shares at 267.84 on 2024-10-25 14:45:00+00:00
2024-11-10 20:09:06,686 - Short Sell 74.00 shares at 267.63 on 2024-10-25 15:00:00+00:00
2024-11-10 20:09:06,686 - Short Sell 74.00 shares at 266.88 on 2024-10-25 15:15:00+00:00
2024-11-10 20:09:06,686 - Short Sell 74.00 shares at 267.02 on 2024-10-25 15:30:00+00:00
2024-11-10 20:09:06,686 - Short Sell 74.00 shares at 266.6 on 2024-10-25 15:45:00+00:00
2024-11-10 20:09:06,687 - Short Sell 75.00 shares at 265.69 on 2024-10-25 16:00:00+00:00
2024-11-10 20:09:06,687 - Short Sell 75.00 shares at 265.7 on 2024-10-25 16:15:00+00:00
2024-11-10 20:09:06,687 - Short Sell 75.00 shares at 265.72 on 2024-10-25 16:30:00+00:00
2024-11-10 20:09:06,687 - Short Sell 75.00 shares at 265.5 on 2024-10-25 16:45:00+00:00
2024-11-10 20:09:06,687 - Buy to cover -966.00 shares at 264.42 on 2024-10-25 17:00:00+00:00 (Exit: Signal, Profit: 2586.0499999999247, Duration: 195.0 minutes)
2024-11-10 20:09:06,687 - Long Buy 75.00 shares at 264.6 on 2024-10-25 17:15:00+00:00
2024-11-10 20:09:06,687 - Long Buy 74.00 shares at 263.25 on 2024-10-25 17:30:00+00:00
2024-11-10 20:09:06,687 - Long Buy 72.00 shares at 264.05 on 2024-10-25 17:45:00+00:00
2024-11-10 20:09:06,687 - Long Buy 71.00 shares at 264.49 on 2024-10-25 18:00:00+00:00
2024-11-10 20:09:06,687 - Long Buy 69.00 shares at 265.16 on 2024-10-25 18:15:00+00:00
2024-11-10 20:09:06,687 - Long Buy 68.00 shares at 264.51 on 2024-10-25 18:45:00+00:00
2024-11-10 20:09:06,687 - Long Buy 67.00 shares at 264.18 on 2024-10-25 19:00:00+00:00
2024-11-10 20:09:06,687 - Long Buy 65.00 shares at 264.1 on 2024-10-25 19:15:00+00:00
2024-11-10 20:09:06,687 - Long Buy 64.00 shares at 263.99 on 2024-10-25 19:30:00+00:00
2024-11-10 20:09:06,687 - Long Buy 63.00 shares at 264.32 on 2024-10-25 19:45:00+00:00
2024-11-10 20:09:06,687 - Sell to close 688.00 shares at 266.28 on 2024-10-28 13:30:00+00:00 (Exit: Signal, Profit: 1387.950000000027, Duration: 4095.0 minutes)
2024-11-10 20:09:06,687 - Short Sell 74.00 shares at 269.62 on 2024-10-28 13:45:00+00:00
2024-11-10 20:09:06,687 - Short Sell 74.00 shares at 270.73 on 2024-10-28 14:00:00+00:00
2024-11-10 20:09:06,687 - Buy to cover -148.00 shares at 268.94 on 2024-10-28 14:15:00+00:00 (Exit: Signal, Profit: 182.78000000000202, Duration: 30.0 minutes)
2024-11-10 20:09:06,687 - Long Buy 74.00 shares at 268.88 on 2024-10-28 14:30:00+00:00
2024-11-10 20:09:06,687 - Long Buy 73.00 shares at 268.7 on 2024-10-28 14:45:00+00:00
2024-11-10 20:09:06,688 - Long Buy 71.00 shares at 268.47 on 2024-10-28 15:00:00+00:00
2024-11-10 20:09:06,688 - Long Buy 69.00 shares at 269.9 on 2024-10-28 15:15:00+00:00
2024-11-10 20:09:06,688 - Long Buy 68.00 shares at 268.53 on 2024-10-28 15:30:00+00:00
2024-11-10 20:09:06,688 - Long Buy 67.00 shares at 268.72 on 2024-10-28 15:45:00+00:00
2024-11-10 20:09:06,688 - Long Buy 66.00 shares at 268.8 on 2024-10-28 16:00:00+00:00
2024-11-10 20:09:06,688 - Long Buy 64.00 shares at 268.63 on 2024-10-28 16:15:00+00:00
2024-11-10 20:09:06,688 - Long Buy 63.00 shares at 269.15 on 2024-10-28 16:30:00+00:00
2024-11-10 20:09:06,688 - Long Buy 62.00 shares at 269.03 on 2024-10-28 16:45:00+00:00
2024-11-10 20:09:06,688 - Long Buy 60.00 shares at 269.09 on 2024-10-28 17:00:00+00:00
2024-11-10 20:09:06,688 - Long Buy 59.00 shares at 269.07 on 2024-10-28 17:15:00+00:00
2024-11-10 20:09:06,688 - Long Buy 58.00 shares at 269.11 on 2024-10-28 17:30:00+00:00
2024-11-10 20:09:06,688 - Long Buy 57.00 shares at 268.99 on 2024-10-28 17:45:00+00:00
2024-11-10 20:09:06,688 - Long Buy 56.00 shares at 268.86 on 2024-10-28 18:00:00+00:00
2024-11-10 20:09:06,688 - Long Buy 55.00 shares at 268.33 on 2024-10-28 18:15:00+00:00
2024-11-10 20:09:06,688 - Long Buy 54.00 shares at 268.31 on 2024-10-28 18:30:00+00:00
2024-11-10 20:09:06,688 - Long Buy 53.00 shares at 267.88 on 2024-10-28 18:45:00+00:00
2024-11-10 20:09:06,688 - Long Buy 52.00 shares at 267.85 on 2024-10-28 19:00:00+00:00
2024-11-10 20:09:06,688 - Long Buy 50.00 shares at 268.59 on 2024-10-28 19:15:00+00:00
2024-11-10 20:09:06,688 - Long Buy 50.00 shares at 268.38 on 2024-10-28 19:30:00+00:00
2024-11-10 20:09:06,688 - Long Buy 49.00 shares at 267.1 on 2024-10-28 19:45:00+00:00
2024-11-10 20:09:06,688 - Long Buy 48.00 shares at 265.62 on 2024-10-29 13:30:00+00:00
2024-11-10 20:09:06,688 - Sell to close 1378.00 shares at 264.41 on 2024-10-29 13:45:00+00:00 (Exit: Stop_loss, Profit: -5749.809999999916, Duration: 1395.0 minutes)
2024-11-10 20:09:06,688 - Long Buy 75.00 shares at 264.0 on 2024-10-29 14:00:00+00:00
2024-11-10 20:09:06,688 - Long Buy 74.00 shares at 263.78 on 2024-10-29 14:15:00+00:00
2024-11-10 20:09:06,688 - Long Buy 72.00 shares at 264.9 on 2024-10-29 14:30:00+00:00
2024-11-10 20:09:06,688 - Long Buy 70.00 shares at 265.16 on 2024-10-29 14:45:00+00:00
2024-11-10 20:09:06,688 - Long Buy 69.00 shares at 265.16 on 2024-10-29 15:00:00+00:00
2024-11-10 20:09:06,688 - Sell to close 360.00 shares at 265.66 on 2024-10-29 15:15:00+00:00 (Exit: Signal, Profit: 387.84000000000333, Duration: 75.0 minutes)
2024-11-10 20:09:06,688 - Long Buy 75.00 shares at 265.0 on 2024-10-29 15:30:00+00:00
2024-11-10 20:09:06,688 - Long Buy 73.00 shares at 264.56 on 2024-10-29 16:00:00+00:00
2024-11-10 20:09:06,689 - Sell to close 148.00 shares at 265.37 on 2024-10-29 16:45:00+00:00 (Exit: Signal, Profit: 86.8799999999926, Duration: 75.0 minutes)
2024-11-10 20:09:06,689 - Short Sell 75.00 shares at 265.42 on 2024-10-29 17:00:00+00:00
2024-11-10 20:09:06,689 - Short Sell 75.00 shares at 265.5 on 2024-10-29 17:15:00+00:00
2024-11-10 20:09:06,689 - Short Sell 75.00 shares at 265.72 on 2024-10-29 17:45:00+00:00
2024-11-10 20:09:06,689 - Short Sell 75.00 shares at 265.59 on 2024-10-29 18:30:00+00:00
2024-11-10 20:09:06,689 - Short Sell 74.00 shares at 265.9 on 2024-10-29 19:00:00+00:00
2024-11-10 20:09:06,689 - Short Sell 75.00 shares at 265.68 on 2024-10-29 19:15:00+00:00
2024-11-10 20:09:06,689 - Short Sell 74.00 shares at 267.23 on 2024-10-29 19:30:00+00:00
2024-11-10 20:09:06,689 - Buy to cover -523.00 shares at 265.0 on 2024-10-29 19:45:00+00:00 (Exit: Signal, Profit: 449.86999999998966, Duration: 165.0 minutes)
2024-11-10 20:09:06,689 - Long Buy 75.00 shares at 263.52 on 2024-10-30 13:30:00+00:00
2024-11-10 20:09:06,689 - Sell to close 75.00 shares at 265.99 on 2024-10-30 13:45:00+00:00 (Exit: Signal, Profit: 185.25000000000205, Duration: 15.0 minutes)
2024-11-10 20:09:06,689 - Long Buy 75.00 shares at 264.94 on 2024-10-30 14:00:00+00:00
2024-11-10 20:09:06,689 - Long Buy 73.00 shares at 264.32 on 2024-10-30 14:15:00+00:00
2024-11-10 20:09:06,689 - Long Buy 72.00 shares at 264.34 on 2024-10-30 14:30:00+00:00
2024-11-10 20:09:06,689 - Long Buy 71.00 shares at 264.3 on 2024-10-30 14:45:00+00:00
2024-11-10 20:09:06,689 - Long Buy 69.00 shares at 264.85 on 2024-10-30 15:00:00+00:00
2024-11-10 20:09:06,689 - Sell to close 360.00 shares at 266.02 on 2024-10-30 15:15:00+00:00 (Exit: Signal, Profit: 528.909999999978, Duration: 75.0 minutes)
2024-11-10 20:09:06,689 - Short Sell 75.00 shares at 265.9 on 2024-10-30 15:30:00+00:00
2024-11-10 20:09:06,689 - Buy to cover -75.00 shares at 264.85 on 2024-10-30 16:00:00+00:00 (Exit: Signal, Profit: 78.74999999999659, Duration: 30.0 minutes)
2024-11-10 20:09:06,689 - Long Buy 75.00 shares at 264.59 on 2024-10-30 16:15:00+00:00
2024-11-10 20:09:06,689 - Long Buy 74.00 shares at 263.84 on 2024-10-30 16:30:00+00:00
2024-11-10 20:09:06,689 - Long Buy 72.00 shares at 263.39 on 2024-10-30 16:45:00+00:00
2024-11-10 20:09:06,689 - Long Buy 71.00 shares at 263.41 on 2024-10-30 17:00:00+00:00
2024-11-10 20:09:06,689 - Long Buy 69.00 shares at 263.72 on 2024-10-30 17:15:00+00:00
2024-11-10 20:09:06,690 - Long Buy 68.00 shares at 263.39 on 2024-10-30 17:30:00+00:00
2024-11-10 20:09:06,690 - Long Buy 67.00 shares at 263.22 on 2024-10-30 17:45:00+00:00
2024-11-10 20:09:06,690 - Long Buy 65.00 shares at 263.56 on 2024-10-30 18:00:00+00:00
2024-11-10 20:09:06,690 - Long Buy 64.00 shares at 263.23 on 2024-10-30 18:15:00+00:00
2024-11-10 20:09:06,690 - Long Buy 63.00 shares at 263.73 on 2024-10-30 18:30:00+00:00
2024-11-10 20:09:06,690 - Long Buy 61.00 shares at 264.17 on 2024-10-30 18:45:00+00:00
2024-11-10 20:09:06,690 - Long Buy 60.00 shares at 263.63 on 2024-10-30 19:00:00+00:00
2024-11-10 20:09:06,690 - Long Buy 59.00 shares at 262.97 on 2024-10-30 19:15:00+00:00
2024-11-10 20:09:06,690 - Long Buy 58.00 shares at 262.15 on 2024-10-30 19:30:00+00:00
2024-11-10 20:09:06,690 - Long Buy 57.00 shares at 261.77 on 2024-10-30 19:45:00+00:00
2024-11-10 20:09:06,690 - Sell to close 983.00 shares at 263.63 on 2024-10-31 13:30:00+00:00 (Exit: Signal, Profit: 204.64999999997173, Duration: 1275.0 minutes)
2024-11-10 20:09:06,690 - Short Sell 76.00 shares at 262.57 on 2024-10-31 13:45:00+00:00
2024-11-10 20:09:06,690 - Short Sell 76.00 shares at 262.21 on 2024-10-31 14:00:00+00:00
2024-11-10 20:09:06,690 - Short Sell 76.00 shares at 262.4 on 2024-10-31 14:15:00+00:00
2024-11-10 20:09:06,690 - Short Sell 76.00 shares at 262.48 on 2024-10-31 14:30:00+00:00
2024-11-10 20:09:06,690 - Buy to cover -304.00 shares at 260.51 on 2024-10-31 14:45:00+00:00 (Exit: Signal, Profit: 579.120000000009, Duration: 60.0 minutes)
2024-11-10 20:09:06,690 - Long Buy 76.00 shares at 259.95 on 2024-10-31 15:00:00+00:00
2024-11-10 20:09:06,690 - Long Buy 75.00 shares at 260.61 on 2024-10-31 15:15:00+00:00
2024-11-10 20:09:06,690 - Long Buy 73.00 shares at 261.0 on 2024-10-31 16:00:00+00:00
2024-11-10 20:09:06,690 - Long Buy 72.00 shares at 260.8 on 2024-10-31 16:15:00+00:00
2024-11-10 20:09:06,690 - Long Buy 70.00 shares at 261.33 on 2024-10-31 16:30:00+00:00
2024-11-10 20:09:06,690 - Long Buy 69.00 shares at 261.05 on 2024-10-31 16:45:00+00:00
2024-11-10 20:09:06,690 - Sell to close 435.00 shares at 261.69 on 2024-10-31 17:15:00+00:00 (Exit: Signal, Profit: 397.05000000000126, Duration: 135.0 minutes)
2024-11-10 20:09:06,690 - Short Sell 76.00 shares at 262.05 on 2024-10-31 17:45:00+00:00
2024-11-10 20:09:06,690 - Short Sell 76.00 shares at 262.05 on 2024-10-31 18:00:00+00:00
2024-11-10 20:09:06,690 - Short Sell 76.00 shares at 261.93 on 2024-10-31 18:15:00+00:00
2024-11-10 20:09:06,690 - Short Sell 76.00 shares at 261.77 on 2024-10-31 18:30:00+00:00
2024-11-10 20:09:06,690 - Short Sell 76.00 shares at 262.57 on 2024-10-31 18:45:00+00:00
2024-11-10 20:09:06,690 - Short Sell 76.00 shares at 262.65 on 2024-10-31 19:00:00+00:00
2024-11-10 20:09:06,691 - Short Sell 76.00 shares at 262.22 on 2024-10-31 19:15:00+00:00
2024-11-10 20:09:06,691 - Short Sell 75.00 shares at 262.99 on 2024-10-31 19:45:00+00:00
2024-11-10 20:09:06,691 - Short Sell 75.00 shares at 262.9 on 2024-11-01 13:45:00+00:00
2024-11-10 20:09:06,691 - Short Sell 75.00 shares at 263.17 on 2024-11-01 14:00:00+00:00
2024-11-10 20:09:06,691 - Short Sell 75.00 shares at 263.56 on 2024-11-01 14:15:00+00:00
2024-11-10 20:09:06,691 - Buy to cover -832.00 shares at 263.24 on 2024-11-01 14:30:00+00:00 (Exit: Signal, Profit: -590.9399999999987, Duration: 1245.0 minutes)
2024-11-10 20:09:06,691 - Long Buy 75.00 shares at 262.98 on 2024-11-01 15:00:00+00:00
2024-11-10 20:09:06,691 - Long Buy 74.00 shares at 262.5 on 2024-11-01 15:15:00+00:00
2024-11-10 20:09:06,691 - Long Buy 73.00 shares at 260.94 on 2024-11-01 15:30:00+00:00
2024-11-10 20:09:06,691 - Long Buy 72.00 shares at 261.09 on 2024-11-01 15:45:00+00:00
2024-11-10 20:09:06,691 - Long Buy 70.00 shares at 261.43 on 2024-11-01 16:00:00+00:00
2024-11-10 20:09:06,691 - Long Buy 69.00 shares at 260.32 on 2024-11-01 16:15:00+00:00
2024-11-10 20:09:06,691 - Long Buy 68.00 shares at 260.38 on 2024-11-01 16:30:00+00:00
2024-11-10 20:09:06,691 - Long Buy 66.00 shares at 260.89 on 2024-11-01 16:45:00+00:00
2024-11-10 20:09:06,691 - Long Buy 65.00 shares at 259.81 on 2024-11-01 17:00:00+00:00
2024-11-10 20:09:06,691 - Long Buy 64.00 shares at 259.88 on 2024-11-01 17:15:00+00:00
2024-11-10 20:09:06,691 - Long Buy 63.00 shares at 258.56 on 2024-11-01 17:30:00+00:00
2024-11-10 20:09:06,691 - Long Buy 61.00 shares at 258.54 on 2024-11-01 17:45:00+00:00
2024-11-10 20:09:06,691 - Sell to close 820.00 shares at 257.68 on 2024-11-01 18:00:00+00:00 (Exit: Stop_loss, Profit: -2464.9499999999953, Duration: 180.0 minutes)
2024-11-10 20:09:06,691 - Long Buy 77.00 shares at 257.46 on 2024-11-01 18:15:00+00:00
2024-11-10 20:09:06,691 - Sell to close 77.00 shares at 258.71 on 2024-11-01 18:30:00+00:00 (Exit: Signal, Profit: 96.25, Duration: 15.0 minutes)
2024-11-10 20:09:06,691 - Short Sell 76.00 shares at 259.24 on 2024-11-01 18:45:00+00:00
2024-11-10 20:09:06,691 - Short Sell 76.00 shares at 259.6 on 2024-11-01 19:00:00+00:00
2024-11-10 20:09:06,691 - Short Sell 76.00 shares at 258.82 on 2024-11-01 19:15:00+00:00
2024-11-10 20:09:06,691 - Short Sell 77.00 shares at 258.65 on 2024-11-01 19:30:00+00:00
2024-11-10 20:09:06,691 - Short Sell 77.00 shares at 258.25 on 2024-11-01 19:45:00+00:00
2024-11-10 20:09:06,691 - Buy to cover -382.00 shares at 229.5 on 2024-11-04 14:30:00+00:00 (Exit: Profit_take, Profit: 11234.460000000003, Duration: 4065.0 minutes)
2024-11-10 20:09:06,691 - Long Buy 88.00 shares at 228.1 on 2024-11-04 14:45:00+00:00
2024-11-10 20:09:06,691 - Long Buy 87.00 shares at 226.75 on 2024-11-04 15:00:00+00:00
2024-11-10 20:09:06,692 - Sell to close 175.00 shares at 232.41 on 2024-11-04 15:15:00+00:00 (Exit: Profit_take, Profit: 871.6999999999949, Duration: 30.0 minutes)
2024-11-10 20:09:06,692 - Long Buy 86.00 shares at 232.9 on 2024-11-04 15:30:00+00:00
2024-11-10 20:09:06,692 - Long Buy 85.00 shares at 229.89 on 2024-11-04 15:45:00+00:00
2024-11-10 20:09:06,692 - Long Buy 83.00 shares at 232.27 on 2024-11-04 16:00:00+00:00
2024-11-10 20:09:06,692 - Long Buy 81.00 shares at 232.53 on 2024-11-04 16:15:00+00:00
2024-11-10 20:09:06,692 - Long Buy 81.00 shares at 229.71 on 2024-11-04 16:30:00+00:00
2024-11-10 20:09:06,692 - Long Buy 79.00 shares at 229.49 on 2024-11-04 16:45:00+00:00
2024-11-10 20:09:06,692 - Long Buy 78.00 shares at 228.74 on 2024-11-04 17:00:00+00:00
2024-11-10 20:09:06,692 - Long Buy 76.00 shares at 230.36 on 2024-11-04 17:15:00+00:00
2024-11-10 20:09:06,692 - Long Buy 74.00 shares at 230.6 on 2024-11-04 17:30:00+00:00
2024-11-10 20:09:06,692 - Long Buy 72.00 shares at 230.86 on 2024-11-04 17:45:00+00:00
2024-11-10 20:09:06,692 - Long Buy 71.00 shares at 230.85 on 2024-11-04 18:30:00+00:00
2024-11-10 20:09:06,692 - Long Buy 70.00 shares at 230.68 on 2024-11-04 18:45:00+00:00
2024-11-10 20:09:06,692 - Long Buy 68.00 shares at 230.82 on 2024-11-04 19:00:00+00:00
2024-11-10 20:09:06,692 - Long Buy 67.00 shares at 229.8 on 2024-11-04 19:15:00+00:00
2024-11-10 20:09:06,692 - Long Buy 66.00 shares at 228.89 on 2024-11-04 19:30:00+00:00
2024-11-10 20:09:06,692 - Long Buy 65.00 shares at 228.42 on 2024-11-04 19:45:00+00:00
2024-11-10 20:09:06,692 - Sell to close 1202.00 shares at 227.58 on 2024-11-04 20:00:00+00:00 (Exit: Stop_loss, Profit: -3488.2000000000457, Duration: 270.0 minutes)
2024-11-10 20:09:06,692 - Long Buy 88.00 shares at 227.36 on 2024-11-04 20:15:00+00:00
2024-11-10 20:09:06,692 - Long Buy 86.00 shares at 226.53 on 2024-11-04 20:30:00+00:00
2024-11-10 20:09:06,692 - Long Buy 85.00 shares at 226.05 on 2024-11-04 20:45:00+00:00
2024-11-10 20:09:06,692 - Sell to close 259.00 shares at 230.06 on 2024-11-05 14:30:00+00:00 (Exit: Signal, Profit: 882.0299999999997, Duration: 1095.0 minutes)
2024-11-10 20:09:06,692 - Short Sell 87.00 shares at 229.55 on 2024-11-05 14:45:00+00:00
2024-11-10 20:09:06,692 - Short Sell 87.00 shares at 229.75 on 2024-11-05 15:00:00+00:00
2024-11-10 20:09:06,692 - Short Sell 87.00 shares at 230.86 on 2024-11-05 15:15:00+00:00
2024-11-10 20:09:06,692 - Short Sell 87.00 shares at 230.96 on 2024-11-05 15:30:00+00:00
2024-11-10 20:09:06,693 - Short Sell 87.00 shares at 230.25 on 2024-11-05 15:45:00+00:00
2024-11-10 20:09:06,693 - Short Sell 86.00 shares at 232.56 on 2024-11-05 16:00:00+00:00
2024-11-10 20:09:06,693 - Short Sell 85.00 shares at 233.8 on 2024-11-05 16:15:00+00:00
2024-11-10 20:09:06,693 - Buy to cover -606.00 shares at 234.46 on 2024-11-05 16:30:00+00:00 (Exit: Stop_loss, Profit: -2040.4100000000012, Duration: 105.0 minutes)
2024-11-10 20:09:06,693 - Short Sell 85.00 shares at 234.96 on 2024-11-05 16:45:00+00:00
2024-11-10 20:09:06,693 - Short Sell 85.00 shares at 234.26 on 2024-11-05 17:00:00+00:00
2024-11-10 20:09:06,693 - Short Sell 85.00 shares at 234.33 on 2024-11-05 17:15:00+00:00
2024-11-10 20:09:06,693 - Buy to cover -255.00 shares at 234.15 on 2024-11-05 17:30:00+00:00 (Exit: Signal, Profit: 93.50000000000193, Duration: 45.0 minutes)
2024-11-10 20:09:06,693 - Long Buy 85.00 shares at 233.73 on 2024-11-05 17:45:00+00:00
2024-11-10 20:09:06,693 - Long Buy 84.00 shares at 233.42 on 2024-11-05 18:00:00+00:00
2024-11-10 20:09:06,693 - Long Buy 82.00 shares at 233.78 on 2024-11-05 18:15:00+00:00
2024-11-10 20:09:06,693 - Long Buy 81.00 shares at 232.87 on 2024-11-05 18:30:00+00:00
2024-11-10 20:09:06,693 - Long Buy 79.00 shares at 233.11 on 2024-11-05 18:45:00+00:00
2024-11-10 20:09:06,693 - Long Buy 78.00 shares at 232.17 on 2024-11-05 19:00:00+00:00
2024-11-10 20:09:06,693 - Long Buy 76.00 shares at 233.45 on 2024-11-05 19:15:00+00:00
2024-11-10 20:09:06,693 - Long Buy 74.00 shares at 232.65 on 2024-11-05 19:30:00+00:00
2024-11-10 20:09:06,693 - Long Buy 73.00 shares at 231.96 on 2024-11-05 19:45:00+00:00
2024-11-10 20:09:06,693 - Long Buy 72.00 shares at 232.38 on 2024-11-05 20:00:00+00:00
2024-11-10 20:09:06,693 - Long Buy 70.00 shares at 232.63 on 2024-11-05 20:15:00+00:00
2024-11-10 20:09:06,693 - Long Buy 68.00 shares at 233.69 on 2024-11-05 20:45:00+00:00
2024-11-10 20:09:06,693 - Sell to close 922.00 shares at 238.94 on 2024-11-06 14:30:00+00:00 (Exit: Profit_take, Profit: 5473.209999999979, Duration: 1245.0 minutes)
2024-11-10 20:09:06,693 - Short Sell 84.00 shares at 239.31 on 2024-11-06 14:45:00+00:00
2024-11-10 20:09:06,693 - Buy to cover -84.00 shares at 237.8 on 2024-11-06 15:00:00+00:00 (Exit: Signal, Profit: 126.83999999999924, Duration: 15.0 minutes)
2024-11-10 20:09:06,693 - Long Buy 84.00 shares at 238.05 on 2024-11-06 15:15:00+00:00
2024-11-10 20:09:06,693 - Long Buy 84.00 shares at 234.62 on 2024-11-06 15:30:00+00:00
2024-11-10 20:09:06,693 - Long Buy 82.00 shares at 236.41 on 2024-11-06 15:45:00+00:00
2024-11-10 20:09:06,693 - Long Buy 79.00 shares at 237.57 on 2024-11-06 16:00:00+00:00
2024-11-10 20:09:06,693 - Long Buy 78.00 shares at 238.19 on 2024-11-06 16:15:00+00:00
2024-11-10 20:09:06,693 - Long Buy 77.00 shares at 235.13 on 2024-11-06 16:30:00+00:00
2024-11-10 20:09:06,694 - Long Buy 75.00 shares at 236.66 on 2024-11-06 16:45:00+00:00
2024-11-10 20:09:06,694 - Long Buy 74.00 shares at 236.01 on 2024-11-06 17:00:00+00:00
2024-11-10 20:09:06,694 - Long Buy 72.00 shares at 236.2 on 2024-11-06 17:15:00+00:00
2024-11-10 20:09:06,694 - Long Buy 71.00 shares at 236.71 on 2024-11-06 17:30:00+00:00
2024-11-10 20:09:06,694 - Long Buy 69.00 shares at 236.78 on 2024-11-06 17:45:00+00:00
2024-11-10 20:09:06,694 - Long Buy 68.00 shares at 236.99 on 2024-11-06 18:00:00+00:00
2024-11-10 20:09:06,694 - Long Buy 67.00 shares at 236.33 on 2024-11-06 18:15:00+00:00
2024-11-10 20:09:06,694 - Sell to close 980.00 shares at 237.7 on 2024-11-06 18:30:00+00:00 (Exit: Signal, Profit: 1089.940000000001, Duration: 195.0 minutes)
2024-11-10 20:09:06,694 - Long Buy 85.00 shares at 235.69 on 2024-11-06 18:45:00+00:00
2024-11-10 20:09:06,694 - Sell to close 85.00 shares at 236.95 on 2024-11-06 19:00:00+00:00 (Exit: Signal, Profit: 107.09999999999681, Duration: 15.0 minutes)
2024-11-10 20:09:06,694 - Long Buy 85.00 shares at 235.47 on 2024-11-06 19:15:00+00:00
2024-11-10 20:09:06,694 - Long Buy 84.00 shares at 235.57 on 2024-11-06 19:30:00+00:00
2024-11-10 20:09:06,694 - Long Buy 82.00 shares at 235.39 on 2024-11-06 19:45:00+00:00
2024-11-10 20:09:06,694 - Long Buy 80.00 shares at 235.34 on 2024-11-06 20:00:00+00:00
2024-11-10 20:09:06,694 - Long Buy 79.00 shares at 234.87 on 2024-11-06 20:15:00+00:00
2024-11-10 20:09:06,694 - Long Buy 77.00 shares at 235.12 on 2024-11-06 20:30:00+00:00
2024-11-10 20:09:06,694 - Long Buy 76.00 shares at 234.81 on 2024-11-06 20:45:00+00:00
2024-11-10 20:09:06,694 - Sell to close 563.00 shares at 242.17 on 2024-11-07 14:30:00+00:00 (Exit: Profit_take, Profit: 3905.169999999989, Duration: 1155.0 minutes)
2024-11-10 20:09:06,694 - Short Sell 84.00 shares at 239.32 on 2024-11-07 14:45:00+00:00
2024-11-10 20:09:06,694 - Short Sell 84.00 shares at 239.14 on 2024-11-07 15:00:00+00:00
2024-11-10 20:09:06,694 - Short Sell 84.00 shares at 241.21 on 2024-11-07 15:15:00+00:00
2024-11-10 20:09:06,694 - Buy to cover -252.00 shares at 244.95 on 2024-11-07 15:30:00+00:00 (Exit: Stop_loss, Profit: -1275.1200000000006, Duration: 45.0 minutes)
2024-11-10 20:09:06,694 - Long Buy 82.00 shares at 244.79 on 2024-11-07 15:45:00+00:00
2024-11-10 20:09:06,695 - Sell to close 82.00 shares at 246.29 on 2024-11-07 16:00:00+00:00 (Exit: Signal, Profit: 123.0, Duration: 15.0 minutes)
2024-11-10 20:09:06,695 - Long Buy 82.00 shares at 244.18 on 2024-11-07 17:00:00+00:00
2024-11-10 20:09:06,695 - Long Buy 81.00 shares at 242.96 on 2024-11-07 17:15:00+00:00
2024-11-10 20:09:06,695 - Long Buy 79.00 shares at 243.9 on 2024-11-07 17:30:00+00:00
2024-11-10 20:09:06,695 - Long Buy 78.00 shares at 243.14 on 2024-11-07 17:45:00+00:00
2024-11-10 20:09:06,695 - Long Buy 77.00 shares at 241.86 on 2024-11-07 18:00:00+00:00
2024-11-10 20:09:06,695 - Long Buy 75.00 shares at 241.45 on 2024-11-07 18:15:00+00:00
2024-11-10 20:09:06,695 - Long Buy 74.00 shares at 240.53 on 2024-11-07 18:30:00+00:00
2024-11-10 20:09:06,695 - Long Buy 72.00 shares at 241.78 on 2024-11-07 18:45:00+00:00
2024-11-10 20:09:06,695 - Long Buy 71.00 shares at 241.76 on 2024-11-07 19:00:00+00:00
2024-11-10 20:09:06,695 - Long Buy 69.00 shares at 242.5 on 2024-11-07 19:15:00+00:00
2024-11-10 20:09:06,695 - Sell to close 758.00 shares at 243.61 on 2024-11-07 19:30:00+00:00 (Exit: Signal, Profit: 884.0299999999969, Duration: 150.0 minutes)
2024-11-10 20:09:06,695 - Short Sell 83.00 shares at 243.78 on 2024-11-07 19:45:00+00:00
2024-11-10 20:09:06,695 - Short Sell 83.00 shares at 244.0 on 2024-11-07 20:00:00+00:00
2024-11-10 20:09:06,695 - Buy to cover -166.00 shares at 242.12 on 2024-11-07 20:30:00+00:00 (Exit: Signal, Profit: 293.8200000000064, Duration: 45.0 minutes)
2024-11-10 20:09:06,695 - Long Buy 83.00 shares at 241.59 on 2024-11-07 20:45:00+00:00
2024-11-10 20:09:06,695 - Sell to close 83.00 shares at 244.21 on 2024-11-08 14:30:00+00:00 (Exit: Signal, Profit: 217.46000000000038, Duration: 1065.0 minutes)
2024-11-10 20:09:06,695 - Long Buy 85.00 shares at 238.45 on 2024-11-08 15:00:00+00:00
2024-11-10 20:09:06,695 - Long Buy 82.00 shares at 240.42 on 2024-11-08 15:15:00+00:00
2024-11-10 20:09:06,695 - Long Buy 81.00 shares at 239.56 on 2024-11-08 15:30:00+00:00
2024-11-10 20:09:06,695 - Long Buy 79.00 shares at 240.84 on 2024-11-08 15:45:00+00:00
2024-11-10 20:09:06,695 - Long Buy 77.00 shares at 240.76 on 2024-11-08 16:00:00+00:00
2024-11-10 20:09:06,695 - Long Buy 76.00 shares at 239.0 on 2024-11-08 16:15:00+00:00
2024-11-10 20:09:06,696 - Long Buy 75.00 shares at 237.26 on 2024-11-08 16:30:00+00:00
2024-11-10 20:09:06,696 - Sell to close 555.00 shares at 239.19 on 2024-11-08 16:45:00+00:00 (Exit: Signal, Profit: -159.97999999999834, Duration: 105.0 minutes)
2024-11-10 20:09:06,696 - Short Sell 84.00 shares at 238.99 on 2024-11-08 17:00:00+00:00
2024-11-10 20:09:06,696 - Short Sell 84.00 shares at 238.73 on 2024-11-08 17:15:00+00:00
2024-11-10 20:09:06,696 - Short Sell 84.00 shares at 239.52 on 2024-11-08 17:30:00+00:00
2024-11-10 20:09:06,696 - Short Sell 84.00 shares at 240.08 on 2024-11-08 17:45:00+00:00
2024-11-10 20:09:06,696 - Short Sell 84.00 shares at 239.67 on 2024-11-08 18:00:00+00:00
2024-11-10 20:09:06,696 - Short Sell 84.00 shares at 239.14 on 2024-11-08 18:15:00+00:00
2024-11-10 20:09:06,696 - Short Sell 84.00 shares at 239.1 on 2024-11-08 18:30:00+00:00
2024-11-10 20:09:06,696 - Short Sell 85.00 shares at 238.55 on 2024-11-08 18:45:00+00:00
2024-11-10 20:09:06,696 - Short Sell 84.00 shares at 239.08 on 2024-11-08 19:00:00+00:00
2024-11-10 20:09:06,696 - Short Sell 84.00 shares at 240.14 on 2024-11-08 19:15:00+00:00
2024-11-10 20:09:06,696 - Short Sell 84.00 shares at 240.13 on 2024-11-08 19:30:00+00:00
2024-11-10 20:09:06,697 - Short Sell 84.00 shares at 239.59 on 2024-11-08 19:45:00+00:00
2024-11-10 20:09:06,697 - Short Sell 84.00 shares at 239.34 on 2024-11-08 20:00:00+00:00
2024-11-10 20:09:06,697 - Short Sell 84.00 shares at 238.98 on 2024-11-08 20:15:00+00:00
2024-11-10 20:09:06,697 - Short Sell 84.00 shares at 239.12 on 2024-11-08 20:30:00+00:00
2024-11-10 20:09:06,697 - Short Sell 84.00 shares at 239.36 on 2024-11-08 20:45:00+00:00
2024-11-10 20:09:06,699 - Final statisticsStock: CEG, 
total_trades: 66, 
winning_trades: 52, 
losing_trades: 14, 
average_return: 0.004800569829461836, 
average_duration: 566.5909090909091, 
final_balance: 1336439.7300000014, 
final_portfolio_value: 1014500.5300000014, 
sharpe_ratio: 7.858396953794089, 



