2024-11-11 10:48:47,163 - Starting GBMStrategy with initial capital: 1000000
2024-11-11 10:48:47,164 - Hyperparameters: {'threshold': 1, 'time_periods': 30, 'num_simulations': 150}
2024-11-11 10:50:14,666 - Long Buy 197.00 shares at 101.24 on 2024-10-11 14:30:00+00:00
2024-11-11 10:50:14,666 - Long Buy 193.00 shares at 101.15 on 2024-10-11 14:45:00+00:00
2024-11-11 10:50:14,666 - Long Buy 189.00 shares at 101.29 on 2024-10-11 15:15:00+00:00
2024-11-11 10:50:14,667 - Long Buy 186.00 shares at 101.22 on 2024-10-11 16:15:00+00:00
2024-11-11 10:50:14,667 - Long Buy 182.00 shares at 101.23 on 2024-10-11 16:30:00+00:00
2024-11-11 10:50:14,667 - Sell to close 947.00 shares at 101.65 on 2024-10-14 13:30:00+00:00 (Exit: Signal, Profit: 401.7300000000133, Duration: 4260.0 minutes)
2024-11-11 10:50:14,667 - Short Sell 196.00 shares at 101.68 on 2024-10-14 13:45:00+00:00
2024-11-11 10:50:14,667 - Short Sell 196.00 shares at 101.81 on 2024-10-14 14:00:00+00:00
2024-11-11 10:50:14,667 - Short Sell 196.00 shares at 102.03 on 2024-10-14 14:15:00+00:00
2024-11-11 10:50:14,667 - Short Sell 196.00 shares at 101.93 on 2024-10-14 14:30:00+00:00
2024-11-11 10:50:14,668 - Short Sell 195.00 shares at 102.2 on 2024-10-14 14:45:00+00:00
2024-11-11 10:50:14,668 - Short Sell 195.00 shares at 102.12 on 2024-10-14 15:00:00+00:00
2024-11-11 10:50:14,668 - Short Sell 195.00 shares at 102.19 on 2024-10-14 15:15:00+00:00
2024-11-11 10:50:14,668 - Short Sell 195.00 shares at 102.43 on 2024-10-14 15:30:00+00:00
2024-11-11 10:50:14,668 - Short Sell 195.00 shares at 102.36 on 2024-10-14 15:45:00+00:00
2024-11-11 10:50:14,668 - Short Sell 195.00 shares at 102.43 on 2024-10-14 16:00:00+00:00
2024-11-11 10:50:14,668 - Short Sell 194.00 shares at 102.56 on 2024-10-14 16:15:00+00:00
2024-11-11 10:50:14,668 - Short Sell 195.00 shares at 102.42 on 2024-10-14 16:30:00+00:00
2024-11-11 10:50:14,668 - Short Sell 194.00 shares at 102.6 on 2024-10-14 16:45:00+00:00
2024-11-11 10:50:14,668 - Short Sell 194.00 shares at 102.69 on 2024-10-14 17:00:00+00:00
2024-11-11 10:50:14,668 - Short Sell 194.00 shares at 102.7 on 2024-10-14 17:15:00+00:00
2024-11-11 10:50:14,668 - Short Sell 194.00 shares at 102.79 on 2024-10-14 17:30:00+00:00
2024-11-11 10:50:14,668 - Short Sell 194.00 shares at 102.85 on 2024-10-14 17:45:00+00:00
2024-11-11 10:50:14,668 - Short Sell 194.00 shares at 102.93 on 2024-10-14 18:00:00+00:00
2024-11-11 10:50:14,668 - Short Sell 193.00 shares at 103.09 on 2024-10-14 18:15:00+00:00
2024-11-11 10:50:14,668 - Short Sell 193.00 shares at 103.16 on 2024-10-14 18:30:00+00:00
2024-11-11 10:50:14,668 - Short Sell 193.00 shares at 103.18 on 2024-10-14 18:45:00+00:00
2024-11-11 10:50:14,668 - Short Sell 193.00 shares at 103.11 on 2024-10-14 19:00:00+00:00
2024-11-11 10:50:14,668 - Short Sell 193.00 shares at 103.13 on 2024-10-14 19:15:00+00:00
2024-11-11 10:50:14,668 - Short Sell 193.00 shares at 103.31 on 2024-10-14 19:30:00+00:00
2024-11-11 10:50:14,668 - Short Sell 193.00 shares at 103.18 on 2024-10-14 19:45:00+00:00
2024-11-11 10:50:14,668 - Short Sell 191.00 shares at 103.72 on 2024-10-15 13:30:00+00:00
2024-11-11 10:50:14,668 - Short Sell 191.00 shares at 103.73 on 2024-10-15 13:45:00+00:00
2024-11-11 10:50:14,668 - Short Sell 191.00 shares at 103.98 on 2024-10-15 14:00:00+00:00
2024-11-11 10:50:14,668 - Short Sell 189.00 shares at 104.55 on 2024-10-15 14:15:00+00:00
2024-11-11 10:50:14,668 - Short Sell 189.00 shares at 104.63 on 2024-10-15 14:30:00+00:00
2024-11-11 10:50:14,669 - Short Sell 189.00 shares at 104.54 on 2024-10-15 14:45:00+00:00
2024-11-11 10:50:14,669 - Short Sell 189.00 shares at 104.54 on 2024-10-15 15:00:00+00:00
2024-11-11 10:50:14,669 - Short Sell 189.00 shares at 104.58 on 2024-10-15 15:15:00+00:00
2024-11-11 10:50:14,669 - Short Sell 189.00 shares at 104.55 on 2024-10-15 15:30:00+00:00
2024-11-11 10:50:14,669 - Short Sell 189.00 shares at 104.62 on 2024-10-15 15:45:00+00:00
2024-11-11 10:50:14,669 - Short Sell 190.00 shares at 104.29 on 2024-10-15 16:00:00+00:00
2024-11-11 10:50:14,669 - Short Sell 190.00 shares at 104.3 on 2024-10-15 16:15:00+00:00
2024-11-11 10:50:14,669 - Buy to cover -7134.00 shares at 103.98 on 2024-10-15 16:30:00+00:00 (Exit: Signal, Profit: -5932.589999999883, Duration: 1605.0 minutes)
2024-11-11 10:50:14,669 - Long Buy 190.00 shares at 104.23 on 2024-10-15 16:45:00+00:00
2024-11-11 10:50:14,669 - Long Buy 187.00 shares at 104.15 on 2024-10-15 18:15:00+00:00
2024-11-11 10:50:14,669 - Long Buy 183.00 shares at 104.1 on 2024-10-15 18:30:00+00:00
2024-11-11 10:50:14,669 - Long Buy 179.00 shares at 104.09 on 2024-10-15 19:00:00+00:00
2024-11-11 10:50:14,669 - Long Buy 176.00 shares at 104.08 on 2024-10-15 19:15:00+00:00
2024-11-11 10:50:14,669 - Long Buy 173.00 shares at 103.48 on 2024-10-16 13:30:00+00:00
2024-11-11 10:50:14,669 - Long Buy 169.00 shares at 103.74 on 2024-10-16 13:45:00+00:00
2024-11-11 10:50:14,669 - Long Buy 166.00 shares at 103.55 on 2024-10-16 14:00:00+00:00
2024-11-11 10:50:14,669 - Long Buy 163.00 shares at 103.7 on 2024-10-16 14:15:00+00:00
2024-11-11 10:50:14,669 - Long Buy 159.00 shares at 103.89 on 2024-10-16 14:30:00+00:00
2024-11-11 10:50:14,669 - Long Buy 156.00 shares at 103.77 on 2024-10-16 14:45:00+00:00
2024-11-11 10:50:14,669 - Long Buy 153.00 shares at 103.7 on 2024-10-16 15:00:00+00:00
2024-11-11 10:50:14,670 - Long Buy 150.00 shares at 103.74 on 2024-10-16 15:15:00+00:00
2024-11-11 10:50:14,670 - Long Buy 147.00 shares at 103.8 on 2024-10-16 15:30:00+00:00
2024-11-11 10:50:14,670 - Long Buy 144.00 shares at 103.97 on 2024-10-16 15:45:00+00:00
2024-11-11 10:50:14,670 - Long Buy 141.00 shares at 104.04 on 2024-10-16 16:00:00+00:00
2024-11-11 10:50:14,670 - Long Buy 138.00 shares at 104.1 on 2024-10-16 16:15:00+00:00
2024-11-11 10:50:14,670 - Long Buy 135.00 shares at 104.09 on 2024-10-16 16:30:00+00:00
2024-11-11 10:50:14,670 - Long Buy 133.00 shares at 104.07 on 2024-10-16 16:45:00+00:00
2024-11-11 10:50:14,670 - Sell to close 3042.00 shares at 104.21 on 2024-10-16 17:30:00+00:00 (Exit: Signal, Profit: 907.1699999999466, Duration: 1485.0 minutes)
2024-11-11 10:50:14,670 - Short Sell 190.00 shares at 104.28 on 2024-10-16 17:45:00+00:00
2024-11-11 10:50:14,670 - Short Sell 190.00 shares at 104.36 on 2024-10-16 18:00:00+00:00
2024-11-11 10:50:14,670 - Short Sell 190.00 shares at 104.5 on 2024-10-16 18:15:00+00:00
2024-11-11 10:50:14,670 - Short Sell 190.00 shares at 104.48 on 2024-10-16 18:30:00+00:00
2024-11-11 10:50:14,670 - Short Sell 190.00 shares at 104.59 on 2024-10-16 18:45:00+00:00
2024-11-11 10:50:14,670 - Short Sell 190.00 shares at 104.54 on 2024-10-16 19:00:00+00:00
2024-11-11 10:50:14,670 - Short Sell 190.00 shares at 104.38 on 2024-10-16 19:15:00+00:00
2024-11-11 10:50:14,670 - Short Sell 190.00 shares at 104.63 on 2024-10-16 19:30:00+00:00
2024-11-11 10:50:14,670 - Short Sell 190.00 shares at 104.66 on 2024-10-16 19:45:00+00:00
2024-11-11 10:50:14,670 - Short Sell 190.00 shares at 104.61 on 2024-10-17 13:30:00+00:00
2024-11-11 10:50:14,670 - Short Sell 189.00 shares at 104.76 on 2024-10-17 13:45:00+00:00
2024-11-11 10:50:14,670 - Short Sell 189.00 shares at 104.95 on 2024-10-17 14:00:00+00:00
2024-11-11 10:50:14,670 - Short Sell 189.00 shares at 104.89 on 2024-10-17 14:15:00+00:00
2024-11-11 10:50:14,670 - Short Sell 189.00 shares at 104.91 on 2024-10-17 14:30:00+00:00
2024-11-11 10:50:14,670 - Short Sell 189.00 shares at 104.91 on 2024-10-17 14:45:00+00:00
2024-11-11 10:50:14,670 - Short Sell 189.00 shares at 104.83 on 2024-10-17 15:00:00+00:00
2024-11-11 10:50:14,671 - Short Sell 189.00 shares at 104.95 on 2024-10-17 15:15:00+00:00
2024-11-11 10:50:14,671 - Short Sell 189.00 shares at 104.93 on 2024-10-17 15:30:00+00:00
2024-11-11 10:50:14,671 - Short Sell 190.00 shares at 104.7 on 2024-10-17 15:45:00+00:00
2024-11-11 10:50:14,671 - Short Sell 190.00 shares at 104.56 on 2024-10-17 16:00:00+00:00
2024-11-11 10:50:14,671 - Short Sell 190.00 shares at 104.62 on 2024-10-17 16:15:00+00:00
2024-11-11 10:50:14,671 - Short Sell 190.00 shares at 104.53 on 2024-10-17 16:30:00+00:00
2024-11-11 10:50:14,671 - Short Sell 190.00 shares at 104.55 on 2024-10-17 16:45:00+00:00
2024-11-11 10:50:14,671 - Short Sell 190.00 shares at 104.7 on 2024-10-17 17:45:00+00:00
2024-11-11 10:50:14,671 - Short Sell 190.00 shares at 104.54 on 2024-10-17 18:00:00+00:00
2024-11-11 10:50:14,671 - Short Sell 190.00 shares at 104.58 on 2024-10-17 18:15:00+00:00
2024-11-11 10:50:14,671 - Buy to cover -4932.00 shares at 104.51 on 2024-10-17 18:30:00+00:00 (Exit: Signal, Profit: 696.1500000000104, Duration: 1485.0 minutes)
2024-11-11 10:50:14,671 - Short Sell 190.00 shares at 104.69 on 2024-10-17 19:00:00+00:00
2024-11-11 10:50:14,671 - Short Sell 190.00 shares at 104.73 on 2024-10-17 19:15:00+00:00
2024-11-11 10:50:14,671 - Short Sell 189.00 shares at 104.85 on 2024-10-17 19:30:00+00:00
2024-11-11 10:50:14,671 - Short Sell 189.00 shares at 104.97 on 2024-10-17 19:45:00+00:00
2024-11-11 10:50:14,671 - Short Sell 190.00 shares at 104.8 on 2024-10-18 13:30:00+00:00
2024-11-11 10:50:14,671 - Buy to cover -948.00 shares at 104.47 on 2024-10-18 14:15:00+00:00 (Exit: Signal, Profit: 320.2199999999963, Duration: 1155.0 minutes)
2024-11-11 10:50:14,671 - Long Buy 190.00 shares at 104.45 on 2024-10-18 14:30:00+00:00
2024-11-11 10:50:14,671 - Sell to close 190.00 shares at 104.72 on 2024-10-18 14:45:00+00:00 (Exit: Signal, Profit: 51.299999999999244, Duration: 15.0 minutes)
2024-11-11 10:50:14,672 - Long Buy 190.00 shares at 104.34 on 2024-10-18 15:30:00+00:00
2024-11-11 10:50:14,672 - Long Buy 187.00 shares at 104.01 on 2024-10-18 15:45:00+00:00
2024-11-11 10:50:14,672 - Long Buy 183.00 shares at 104.07 on 2024-10-18 16:00:00+00:00
2024-11-11 10:50:14,672 - Long Buy 180.00 shares at 104.07 on 2024-10-18 16:15:00+00:00
2024-11-11 10:50:14,672 - Long Buy 176.00 shares at 104.12 on 2024-10-18 16:30:00+00:00
2024-11-11 10:50:14,672 - Long Buy 172.00 shares at 104.25 on 2024-10-18 16:45:00+00:00
2024-11-11 10:50:14,672 - Long Buy 169.00 shares at 104.37 on 2024-10-18 17:00:00+00:00
2024-11-11 10:50:14,672 - Long Buy 166.00 shares at 104.26 on 2024-10-18 17:15:00+00:00
2024-11-11 10:50:14,672 - Long Buy 162.00 shares at 104.36 on 2024-10-18 17:30:00+00:00
2024-11-11 10:50:14,672 - Long Buy 159.00 shares at 104.27 on 2024-10-18 17:45:00+00:00
2024-11-11 10:50:14,672 - Long Buy 156.00 shares at 104.42 on 2024-10-18 18:30:00+00:00
2024-11-11 10:50:14,672 - Long Buy 152.00 shares at 104.38 on 2024-10-18 18:45:00+00:00
2024-11-11 10:50:14,672 - Long Buy 150.00 shares at 104.12 on 2024-10-18 19:00:00+00:00
2024-11-11 10:50:14,672 - Long Buy 147.00 shares at 103.97 on 2024-10-18 19:15:00+00:00
2024-11-11 10:50:14,672 - Long Buy 144.00 shares at 103.93 on 2024-10-18 19:30:00+00:00
2024-11-11 10:50:14,672 - Sell to close 2493.00 shares at 104.33 on 2024-10-18 19:45:00+00:00 (Exit: Signal, Profit: 332.95999999998423, Duration: 255.0 minutes)
2024-11-11 10:50:14,672 - Short Sell 190.00 shares at 104.49 on 2024-10-21 13:30:00+00:00
2024-11-11 10:50:14,672 - Short Sell 191.00 shares at 104.19 on 2024-10-21 13:45:00+00:00
2024-11-11 10:50:14,672 - Short Sell 191.00 shares at 104.15 on 2024-10-21 14:00:00+00:00
2024-11-11 10:50:14,672 - Short Sell 191.00 shares at 104.22 on 2024-10-21 14:30:00+00:00
2024-11-11 10:50:14,672 - Buy to cover -763.00 shares at 103.88 on 2024-10-21 14:45:00+00:00 (Exit: Signal, Profit: 291.6200000000003, Duration: 75.0 minutes)
2024-11-11 10:50:14,673 - Long Buy 192.00 shares at 103.33 on 2024-10-21 15:00:00+00:00
2024-11-11 10:50:14,673 - Long Buy 188.00 shares at 103.64 on 2024-10-21 15:15:00+00:00
2024-11-11 10:50:14,673 - Long Buy 184.00 shares at 103.59 on 2024-10-21 15:30:00+00:00
2024-11-11 10:50:14,673 - Long Buy 181.00 shares at 103.65 on 2024-10-21 15:45:00+00:00
2024-11-11 10:50:14,673 - Long Buy 177.00 shares at 103.73 on 2024-10-21 16:00:00+00:00
2024-11-11 10:50:14,673 - Long Buy 173.00 shares at 103.84 on 2024-10-21 16:15:00+00:00
2024-11-11 10:50:14,673 - Long Buy 170.00 shares at 103.74 on 2024-10-21 16:30:00+00:00
2024-11-11 10:50:14,673 - Long Buy 166.00 shares at 103.82 on 2024-10-21 16:45:00+00:00
2024-11-11 10:50:14,673 - Long Buy 163.00 shares at 103.78 on 2024-10-21 17:00:00+00:00
2024-11-11 10:50:14,673 - Long Buy 160.00 shares at 103.76 on 2024-10-21 18:30:00+00:00
2024-11-11 10:50:14,673 - Long Buy 157.00 shares at 103.8 on 2024-10-21 18:45:00+00:00
2024-11-11 10:50:14,673 - Long Buy 153.00 shares at 103.8 on 2024-10-21 19:00:00+00:00
2024-11-11 10:50:14,673 - Long Buy 150.00 shares at 103.79 on 2024-10-21 19:30:00+00:00
2024-11-11 10:50:14,673 - Long Buy 149.00 shares at 102.55 on 2024-10-22 13:30:00+00:00
2024-11-11 10:50:14,673 - Long Buy 146.00 shares at 102.83 on 2024-10-22 13:45:00+00:00
2024-11-11 10:50:14,673 - Long Buy 143.00 shares at 102.57 on 2024-10-22 14:00:00+00:00
2024-11-11 10:50:14,673 - Long Buy 141.00 shares at 102.47 on 2024-10-22 14:15:00+00:00
2024-11-11 10:50:14,673 - Long Buy 138.00 shares at 102.24 on 2024-10-22 14:30:00+00:00
2024-11-11 10:50:14,673 - Long Buy 135.00 shares at 102.34 on 2024-10-22 14:45:00+00:00
2024-11-11 10:50:14,673 - Long Buy 132.00 shares at 102.51 on 2024-10-22 15:00:00+00:00
2024-11-11 10:50:14,673 - Long Buy 130.00 shares at 102.37 on 2024-10-22 15:15:00+00:00
2024-11-11 10:50:14,673 - Long Buy 127.00 shares at 102.14 on 2024-10-22 15:30:00+00:00
2024-11-11 10:50:14,673 - Long Buy 125.00 shares at 102.15 on 2024-10-22 15:45:00+00:00
2024-11-11 10:50:14,673 - Long Buy 122.00 shares at 102.08 on 2024-10-22 16:00:00+00:00
2024-11-11 10:50:14,673 - Long Buy 120.00 shares at 101.84 on 2024-10-22 16:15:00+00:00
2024-11-11 10:50:14,674 - Long Buy 118.00 shares at 102.08 on 2024-10-22 16:30:00+00:00
2024-11-11 10:50:14,674 - Long Buy 115.00 shares at 102.25 on 2024-10-22 16:45:00+00:00
2024-11-11 10:50:14,674 - Long Buy 113.00 shares at 102.27 on 2024-10-22 17:00:00+00:00
2024-11-11 10:50:14,674 - Long Buy 110.00 shares at 102.29 on 2024-10-22 17:15:00+00:00
2024-11-11 10:50:14,674 - Long Buy 108.00 shares at 102.47 on 2024-10-22 17:30:00+00:00
2024-11-11 10:50:14,674 - Long Buy 106.00 shares at 102.44 on 2024-10-22 17:45:00+00:00
2024-11-11 10:50:14,674 - Long Buy 104.00 shares at 102.59 on 2024-10-22 18:00:00+00:00
2024-11-11 10:50:14,674 - Long Buy 102.00 shares at 102.65 on 2024-10-22 18:45:00+00:00
2024-11-11 10:50:14,674 - Long Buy 100.00 shares at 102.29 on 2024-10-23 13:30:00+00:00
2024-11-11 10:50:14,674 - Long Buy 98.00 shares at 102.35 on 2024-10-23 13:45:00+00:00
2024-11-11 10:50:14,674 - Long Buy 96.00 shares at 102.27 on 2024-10-23 14:00:00+00:00
2024-11-11 10:50:14,674 - Long Buy 94.00 shares at 102.07 on 2024-10-23 14:15:00+00:00
2024-11-11 10:50:14,674 - Long Buy 92.00 shares at 102.0 on 2024-10-23 14:30:00+00:00
2024-11-11 10:50:14,674 - Long Buy 91.00 shares at 101.75 on 2024-10-23 14:45:00+00:00
2024-11-11 10:50:14,674 - Sell to close 5269.00 shares at 102.17 on 2024-10-23 15:00:00+00:00 (Exit: Signal, Profit: -3851.0000000000086, Duration: 2880.0 minutes)
2024-11-11 10:50:14,674 - Short Sell 194.00 shares at 102.38 on 2024-10-23 15:15:00+00:00
2024-11-11 10:50:14,674 - Short Sell 193.00 shares at 102.61 on 2024-10-23 15:30:00+00:00
2024-11-11 10:50:14,674 - Short Sell 193.00 shares at 102.54 on 2024-10-23 15:45:00+00:00
2024-11-11 10:50:14,674 - Short Sell 194.00 shares at 102.36 on 2024-10-23 16:00:00+00:00
2024-11-11 10:50:14,674 - Short Sell 193.00 shares at 102.51 on 2024-10-23 16:15:00+00:00
2024-11-11 10:50:14,674 - Short Sell 193.00 shares at 102.58 on 2024-10-23 16:30:00+00:00
2024-11-11 10:50:14,674 - Short Sell 193.00 shares at 102.64 on 2024-10-23 16:45:00+00:00
2024-11-11 10:50:14,674 - Short Sell 193.00 shares at 102.55 on 2024-10-23 17:00:00+00:00
2024-11-11 10:50:14,675 - Short Sell 193.00 shares at 102.46 on 2024-10-23 17:15:00+00:00
2024-11-11 10:50:14,675 - Short Sell 193.00 shares at 102.58 on 2024-10-23 17:30:00+00:00
2024-11-11 10:50:14,675 - Short Sell 193.00 shares at 102.67 on 2024-10-23 17:45:00+00:00
2024-11-11 10:50:14,675 - Short Sell 193.00 shares at 102.55 on 2024-10-23 18:00:00+00:00
2024-11-11 10:50:14,675 - Short Sell 193.00 shares at 102.49 on 2024-10-23 18:15:00+00:00
2024-11-11 10:50:14,675 - Short Sell 193.00 shares at 102.5 on 2024-10-23 18:30:00+00:00
2024-11-11 10:50:14,675 - Short Sell 193.00 shares at 102.48 on 2024-10-23 18:45:00+00:00
2024-11-11 10:50:14,675 - Short Sell 193.00 shares at 102.56 on 2024-10-23 19:00:00+00:00
2024-11-11 10:50:14,675 - Short Sell 193.00 shares at 102.63 on 2024-10-23 19:15:00+00:00
2024-11-11 10:50:14,675 - Short Sell 193.00 shares at 102.66 on 2024-10-23 19:30:00+00:00
2024-11-11 10:50:14,675 - Short Sell 193.00 shares at 102.58 on 2024-10-23 19:45:00+00:00
2024-11-11 10:50:14,675 - Short Sell 193.00 shares at 102.69 on 2024-10-24 13:30:00+00:00
2024-11-11 10:50:14,675 - Short Sell 193.00 shares at 102.72 on 2024-10-24 13:45:00+00:00
2024-11-11 10:50:14,675 - Short Sell 194.00 shares at 102.4 on 2024-10-24 14:00:00+00:00
2024-11-11 10:50:14,675 - Short Sell 193.00 shares at 102.75 on 2024-10-24 14:15:00+00:00
2024-11-11 10:50:14,675 - Short Sell 193.00 shares at 102.48 on 2024-10-24 14:30:00+00:00
2024-11-11 10:50:14,675 - Short Sell 193.00 shares at 102.59 on 2024-10-24 14:45:00+00:00
2024-11-11 10:50:14,675 - Short Sell 193.00 shares at 102.67 on 2024-10-24 15:00:00+00:00
2024-11-11 10:50:14,675 - Short Sell 193.00 shares at 102.62 on 2024-10-24 15:15:00+00:00
2024-11-11 10:50:14,675 - Short Sell 192.00 shares at 102.84 on 2024-10-24 15:30:00+00:00
2024-11-11 10:50:14,675 - Short Sell 192.00 shares at 102.84 on 2024-10-24 15:45:00+00:00
2024-11-11 10:50:14,675 - Buy to cover -5598.00 shares at 102.79 on 2024-10-24 16:00:00+00:00 (Exit: Signal, Profit: -1155.4699999999607, Duration: 1485.0 minutes)
2024-11-11 10:50:14,675 - Short Sell 192.00 shares at 103.0 on 2024-10-24 16:30:00+00:00
2024-11-11 10:50:14,675 - Short Sell 192.00 shares at 103.15 on 2024-10-24 16:45:00+00:00
2024-11-11 10:50:14,675 - Short Sell 192.00 shares at 102.97 on 2024-10-24 17:00:00+00:00
2024-11-11 10:50:14,676 - Short Sell 192.00 shares at 102.98 on 2024-10-24 17:15:00+00:00
2024-11-11 10:50:14,676 - Short Sell 192.00 shares at 102.97 on 2024-10-24 17:30:00+00:00
2024-11-11 10:50:14,676 - Buy to cover -960.00 shares at 102.67 on 2024-10-24 18:30:00+00:00 (Exit: Signal, Profit: 330.2399999999943, Duration: 120.0 minutes)
2024-11-11 10:50:14,676 - Long Buy 193.00 shares at 102.62 on 2024-10-24 18:45:00+00:00
2024-11-11 10:50:14,676 - Long Buy 189.00 shares at 102.66 on 2024-10-24 19:00:00+00:00
2024-11-11 10:50:14,676 - Long Buy 185.00 shares at 102.68 on 2024-10-24 19:15:00+00:00
2024-11-11 10:50:14,676 - Long Buy 182.00 shares at 102.56 on 2024-10-24 19:30:00+00:00
2024-11-11 10:50:14,676 - Long Buy 178.00 shares at 102.61 on 2024-10-24 19:45:00+00:00
2024-11-11 10:50:14,676 - Long Buy 177.00 shares at 101.32 on 2024-10-25 13:30:00+00:00
2024-11-11 10:50:14,676 - Long Buy 173.00 shares at 101.29 on 2024-10-25 13:45:00+00:00
2024-11-11 10:50:14,676 - Long Buy 170.00 shares at 100.93 on 2024-10-25 14:00:00+00:00
2024-11-11 10:50:14,676 - Long Buy 167.00 shares at 100.93 on 2024-10-25 14:15:00+00:00
2024-11-11 10:50:14,676 - Long Buy 163.00 shares at 101.53 on 2024-10-25 14:30:00+00:00
2024-11-11 10:50:14,676 - Long Buy 160.00 shares at 101.31 on 2024-10-25 14:45:00+00:00
2024-11-11 10:50:14,676 - Long Buy 156.00 shares at 101.29 on 2024-10-25 15:00:00+00:00
2024-11-11 10:50:14,676 - Long Buy 153.00 shares at 101.32 on 2024-10-25 15:15:00+00:00
2024-11-11 10:50:14,676 - Long Buy 151.00 shares at 101.04 on 2024-10-25 15:30:00+00:00
2024-11-11 10:50:14,676 - Long Buy 147.00 shares at 101.23 on 2024-10-25 15:45:00+00:00
2024-11-11 10:50:14,676 - Long Buy 144.00 shares at 101.25 on 2024-10-25 16:00:00+00:00
2024-11-11 10:50:14,676 - Long Buy 141.00 shares at 101.32 on 2024-10-25 16:15:00+00:00
2024-11-11 10:50:14,676 - Long Buy 139.00 shares at 101.33 on 2024-10-25 16:30:00+00:00
2024-11-11 10:50:14,676 - Long Buy 136.00 shares at 101.3 on 2024-10-25 16:45:00+00:00
2024-11-11 10:50:14,676 - Long Buy 133.00 shares at 101.09 on 2024-10-25 17:00:00+00:00
2024-11-11 10:50:14,676 - Long Buy 131.00 shares at 100.98 on 2024-10-25 17:15:00+00:00
2024-11-11 10:50:14,676 - Long Buy 129.00 shares at 100.73 on 2024-10-25 17:30:00+00:00
2024-11-11 10:50:14,677 - Long Buy 126.00 shares at 100.75 on 2024-10-25 17:45:00+00:00
2024-11-11 10:50:14,677 - Long Buy 123.00 shares at 100.84 on 2024-10-25 18:00:00+00:00
2024-11-11 10:50:14,677 - Long Buy 121.00 shares at 100.87 on 2024-10-25 18:15:00+00:00
2024-11-11 10:50:14,677 - Long Buy 118.00 shares at 100.89 on 2024-10-25 18:30:00+00:00
2024-11-11 10:50:14,677 - Long Buy 116.00 shares at 100.86 on 2024-10-25 18:45:00+00:00
2024-11-11 10:50:14,677 - Long Buy 114.00 shares at 100.7 on 2024-10-25 19:00:00+00:00
2024-11-11 10:50:14,677 - Long Buy 112.00 shares at 100.78 on 2024-10-25 19:15:00+00:00
2024-11-11 10:50:14,677 - Long Buy 109.00 shares at 100.77 on 2024-10-25 19:30:00+00:00
2024-11-11 10:50:14,677 - Long Buy 107.00 shares at 100.85 on 2024-10-25 19:45:00+00:00
2024-11-11 10:50:14,677 - Long Buy 105.00 shares at 100.73 on 2024-10-28 13:45:00+00:00
2024-11-11 10:50:14,677 - Long Buy 103.00 shares at 100.94 on 2024-10-28 14:00:00+00:00
2024-11-11 10:50:14,677 - Long Buy 101.00 shares at 100.98 on 2024-10-28 14:15:00+00:00
2024-11-11 10:50:14,677 - Long Buy 99.00 shares at 100.81 on 2024-10-28 14:30:00+00:00
2024-11-11 10:50:14,677 - Long Buy 97.00 shares at 101.0 on 2024-10-28 15:15:00+00:00
2024-11-11 10:50:14,677 - Long Buy 95.00 shares at 100.79 on 2024-10-28 15:30:00+00:00
2024-11-11 10:50:14,677 - Long Buy 93.00 shares at 101.06 on 2024-10-28 15:45:00+00:00
2024-11-11 10:50:14,677 - Long Buy 91.00 shares at 101.0 on 2024-10-28 16:00:00+00:00
2024-11-11 10:50:14,677 - Long Buy 89.00 shares at 100.99 on 2024-10-28 16:15:00+00:00
2024-11-11 10:50:14,677 - Long Buy 87.00 shares at 100.9 on 2024-10-28 16:30:00+00:00
2024-11-11 10:50:14,677 - Long Buy 86.00 shares at 100.84 on 2024-10-28 16:45:00+00:00
2024-11-11 10:50:14,677 - Long Buy 84.00 shares at 100.79 on 2024-10-28 17:00:00+00:00
2024-11-11 10:50:14,677 - Long Buy 82.00 shares at 100.71 on 2024-10-28 17:15:00+00:00
2024-11-11 10:50:14,677 - Long Buy 81.00 shares at 100.83 on 2024-10-28 17:30:00+00:00
2024-11-11 10:50:14,677 - Long Buy 79.00 shares at 100.88 on 2024-10-28 17:45:00+00:00
2024-11-11 10:50:14,677 - Long Buy 78.00 shares at 100.84 on 2024-10-28 18:00:00+00:00
2024-11-11 10:50:14,677 - Long Buy 76.00 shares at 100.75 on 2024-10-28 18:15:00+00:00
2024-11-11 10:50:14,678 - Sell to close 6069.00 shares at 101.2 on 2024-10-28 19:00:00+00:00 (Exit: Signal, Profit: -404.1499999998955, Duration: 5775.0 minutes)
2024-11-11 10:50:14,678 - Short Sell 195.00 shares at 101.23 on 2024-10-28 19:15:00+00:00
2024-11-11 10:50:14,678 - Short Sell 195.00 shares at 101.32 on 2024-10-28 19:30:00+00:00
2024-11-11 10:50:14,678 - Short Sell 196.00 shares at 101.08 on 2024-10-28 19:45:00+00:00
2024-11-11 10:50:14,678 - Buy to cover -586.00 shares at 100.42 on 2024-10-29 13:30:00+00:00 (Exit: Signal, Profit: 462.81000000000176, Duration: 1095.0 minutes)
2024-11-11 10:50:14,678 - Long Buy 197.00 shares at 100.56 on 2024-10-29 13:45:00+00:00
2024-11-11 10:50:14,678 - Long Buy 193.00 shares at 100.58 on 2024-10-29 14:00:00+00:00
2024-11-11 10:50:14,678 - Sell to close 390.00 shares at 101.03 on 2024-10-29 14:30:00+00:00 (Exit: Signal, Profit: 179.44000000000784, Duration: 45.0 minutes)
2024-11-11 10:50:14,678 - Short Sell 195.00 shares at 101.3 on 2024-10-29 14:45:00+00:00
2024-11-11 10:50:14,678 - Short Sell 196.00 shares at 101.07 on 2024-10-29 15:30:00+00:00
2024-11-11 10:50:14,678 - Short Sell 196.00 shares at 101.22 on 2024-10-29 16:00:00+00:00
2024-11-11 10:50:14,678 - Short Sell 196.00 shares at 101.25 on 2024-10-29 16:15:00+00:00
2024-11-11 10:50:14,678 - Short Sell 196.00 shares at 101.25 on 2024-10-29 16:30:00+00:00
2024-11-11 10:50:14,678 - Short Sell 195.00 shares at 101.38 on 2024-10-29 16:45:00+00:00
2024-11-11 10:50:14,678 - Short Sell 195.00 shares at 101.33 on 2024-10-29 17:00:00+00:00
2024-11-11 10:50:14,678 - Short Sell 196.00 shares at 101.18 on 2024-10-29 17:15:00+00:00
2024-11-11 10:50:14,679 - Buy to cover -1565.00 shares at 100.93 on 2024-10-29 19:00:00+00:00 (Exit: Signal, Profit: 496.6199999999972, Duration: 255.0 minutes)
2024-11-11 10:50:14,679 - Short Sell 196.00 shares at 101.02 on 2024-10-29 19:15:00+00:00
2024-11-11 10:50:14,679 - Short Sell 196.00 shares at 101.0 on 2024-10-29 19:30:00+00:00
2024-11-11 10:50:14,679 - Buy to cover -392.00 shares at 100.64 on 2024-10-29 19:45:00+00:00 (Exit: Signal, Profit: 145.0399999999962, Duration: 30.0 minutes)
2024-11-11 10:50:14,679 - Long Buy 197.00 shares at 100.57 on 2024-10-30 13:30:00+00:00
2024-11-11 10:50:14,679 - Long Buy 193.00 shares at 100.71 on 2024-10-30 13:45:00+00:00
2024-11-11 10:50:14,679 - Long Buy 189.00 shares at 100.56 on 2024-10-30 14:00:00+00:00
2024-11-11 10:50:14,679 - Long Buy 185.00 shares at 100.56 on 2024-10-30 14:15:00+00:00
2024-11-11 10:50:14,679 - Long Buy 182.00 shares at 100.55 on 2024-10-30 14:30:00+00:00
2024-11-11 10:50:14,679 - Long Buy 178.00 shares at 100.46 on 2024-10-30 14:45:00+00:00
2024-11-11 10:50:14,679 - Long Buy 175.00 shares at 100.38 on 2024-10-30 15:00:00+00:00
2024-11-11 10:50:14,679 - Long Buy 172.00 shares at 100.19 on 2024-10-30 15:15:00+00:00
2024-11-11 10:50:14,679 - Long Buy 168.00 shares at 100.34 on 2024-10-30 15:30:00+00:00
2024-11-11 10:50:14,679 - Long Buy 164.00 shares at 100.5 on 2024-10-30 15:45:00+00:00
2024-11-11 10:50:14,679 - Long Buy 161.00 shares at 100.66 on 2024-10-30 16:00:00+00:00
2024-11-11 10:50:14,679 - Long Buy 158.00 shares at 100.73 on 2024-10-30 16:15:00+00:00
2024-11-11 10:50:14,679 - Long Buy 154.00 shares at 100.77 on 2024-10-30 16:30:00+00:00
2024-11-11 10:50:14,679 - Long Buy 151.00 shares at 100.67 on 2024-10-30 16:45:00+00:00
2024-11-11 10:50:14,679 - Long Buy 148.00 shares at 100.68 on 2024-10-30 17:00:00+00:00
2024-11-11 10:50:14,679 - Long Buy 145.00 shares at 100.66 on 2024-10-30 17:15:00+00:00
2024-11-11 10:50:14,679 - Long Buy 142.00 shares at 100.67 on 2024-10-30 17:30:00+00:00
2024-11-11 10:50:14,679 - Long Buy 140.00 shares at 100.49 on 2024-10-30 17:45:00+00:00
2024-11-11 10:50:14,679 - Long Buy 137.00 shares at 100.38 on 2024-10-30 18:00:00+00:00
2024-11-11 10:50:14,680 - Long Buy 135.00 shares at 100.39 on 2024-10-30 18:15:00+00:00
2024-11-11 10:50:14,680 - Long Buy 132.00 shares at 100.31 on 2024-10-30 18:30:00+00:00
2024-11-11 10:50:14,680 - Long Buy 129.00 shares at 100.35 on 2024-10-30 18:45:00+00:00
2024-11-11 10:50:14,680 - Long Buy 127.00 shares at 100.44 on 2024-10-30 19:00:00+00:00
2024-11-11 10:50:14,680 - Long Buy 124.00 shares at 100.33 on 2024-10-30 19:15:00+00:00
2024-11-11 10:50:14,680 - Long Buy 122.00 shares at 100.3 on 2024-10-30 19:30:00+00:00
2024-11-11 10:50:14,680 - Long Buy 119.00 shares at 100.57 on 2024-10-30 19:45:00+00:00
2024-11-11 10:50:14,680 - Sell to close 4027.00 shares at 100.88 on 2024-10-31 13:30:00+00:00 (Exit: Signal, Profit: 1471.2799999999345, Duration: 1440.0 minutes)
2024-11-11 10:50:14,680 - Short Sell 197.00 shares at 100.74 on 2024-10-31 13:45:00+00:00
2024-11-11 10:50:14,680 - Short Sell 197.00 shares at 100.81 on 2024-10-31 14:00:00+00:00
2024-11-11 10:50:14,680 - Short Sell 197.00 shares at 100.79 on 2024-10-31 14:15:00+00:00
2024-11-11 10:50:14,680 - Short Sell 197.00 shares at 100.91 on 2024-10-31 14:30:00+00:00
2024-11-11 10:50:14,680 - Short Sell 196.00 shares at 101.12 on 2024-10-31 14:45:00+00:00
2024-11-11 10:50:14,680 - Short Sell 196.00 shares at 101.33 on 2024-10-31 15:00:00+00:00
2024-11-11 10:50:14,680 - Short Sell 196.00 shares at 101.07 on 2024-10-31 15:15:00+00:00
2024-11-11 10:50:14,680 - Short Sell 197.00 shares at 100.96 on 2024-10-31 15:30:00+00:00
2024-11-11 10:50:14,680 - Short Sell 196.00 shares at 101.05 on 2024-10-31 15:45:00+00:00
2024-11-11 10:50:14,680 - Short Sell 197.00 shares at 100.87 on 2024-10-31 16:00:00+00:00
2024-11-11 10:50:14,680 - Short Sell 197.00 shares at 100.83 on 2024-10-31 16:30:00+00:00
2024-11-11 10:50:14,680 - Buy to cover -2163.00 shares at 100.41 on 2024-10-31 17:30:00+00:00 (Exit: Signal, Profit: 1173.159999999929, Duration: 225.0 minutes)
2024-11-11 10:50:14,681 - Long Buy 198.00 shares at 100.2 on 2024-10-31 19:00:00+00:00
2024-11-11 10:50:14,681 - Long Buy 194.00 shares at 100.19 on 2024-10-31 19:15:00+00:00
2024-11-11 10:50:14,681 - Long Buy 191.00 shares at 99.93 on 2024-10-31 19:30:00+00:00
2024-11-11 10:50:14,681 - Long Buy 187.00 shares at 99.88 on 2024-10-31 19:45:00+00:00
2024-11-11 10:50:14,681 - Sell to close 770.00 shares at 104.28 on 2024-11-01 13:30:00+00:00 (Exit: Profit_take, Profit: 3254.9499999999894, Duration: 1110.0 minutes)
2024-11-11 10:50:14,681 - Short Sell 189.00 shares at 105.57 on 2024-11-01 13:45:00+00:00
2024-11-11 10:50:14,681 - Short Sell 191.00 shares at 104.6 on 2024-11-01 14:00:00+00:00
2024-11-11 10:50:14,681 - Short Sell 190.00 shares at 104.8 on 2024-11-01 14:15:00+00:00
2024-11-11 10:50:14,681 - Buy to cover -570.00 shares at 103.42 on 2024-11-01 14:30:00+00:00 (Exit: Signal, Profit: 893.9299999999976, Duration: 45.0 minutes)
2024-11-11 10:50:14,681 - Long Buy 192.00 shares at 103.84 on 2024-11-01 14:45:00+00:00
2024-11-11 10:50:14,681 - Long Buy 188.00 shares at 104.02 on 2024-11-01 15:00:00+00:00
2024-11-11 10:50:14,681 - Long Buy 185.00 shares at 103.29 on 2024-11-01 15:15:00+00:00
2024-11-11 10:50:14,681 - Long Buy 180.00 shares at 104.13 on 2024-11-01 15:30:00+00:00
2024-11-11 10:50:14,681 - Long Buy 177.00 shares at 104.05 on 2024-11-01 15:45:00+00:00
2024-11-11 10:50:14,681 - Long Buy 173.00 shares at 104.37 on 2024-11-01 16:00:00+00:00
2024-11-11 10:50:14,681 - Long Buy 170.00 shares at 104.2 on 2024-11-01 16:15:00+00:00
2024-11-11 10:50:14,681 - Long Buy 166.00 shares at 104.26 on 2024-11-01 16:30:00+00:00
2024-11-11 10:50:14,681 - Long Buy 163.00 shares at 104.18 on 2024-11-01 16:45:00+00:00
2024-11-11 10:50:14,681 - Long Buy 159.00 shares at 104.43 on 2024-11-01 17:00:00+00:00
2024-11-11 10:50:14,681 - Long Buy 156.00 shares at 104.25 on 2024-11-01 17:15:00+00:00
2024-11-11 10:50:14,681 - Long Buy 154.00 shares at 104.05 on 2024-11-01 17:30:00+00:00
2024-11-11 10:50:14,681 - Long Buy 150.00 shares at 104.36 on 2024-11-01 17:45:00+00:00
2024-11-11 10:50:14,681 - Long Buy 147.00 shares at 104.35 on 2024-11-01 18:00:00+00:00
2024-11-11 10:50:14,681 - Long Buy 144.00 shares at 104.4 on 2024-11-01 18:15:00+00:00
2024-11-11 10:50:14,681 - Long Buy 141.00 shares at 104.52 on 2024-11-01 18:30:00+00:00
2024-11-11 10:50:14,682 - Long Buy 138.00 shares at 104.46 on 2024-11-01 18:45:00+00:00
2024-11-11 10:50:14,682 - Long Buy 136.00 shares at 104.27 on 2024-11-01 19:00:00+00:00
2024-11-11 10:50:14,682 - Long Buy 133.00 shares at 104.38 on 2024-11-01 19:15:00+00:00
2024-11-11 10:50:14,682 - Long Buy 130.00 shares at 104.46 on 2024-11-01 19:30:00+00:00
2024-11-11 10:50:14,682 - Long Buy 129.00 shares at 103.56 on 2024-11-04 14:30:00+00:00
2024-11-11 10:50:14,682 - Long Buy 126.00 shares at 103.93 on 2024-11-04 14:45:00+00:00
2024-11-11 10:50:14,682 - Long Buy 124.00 shares at 103.48 on 2024-11-04 15:00:00+00:00
2024-11-11 10:50:14,682 - Long Buy 121.00 shares at 103.48 on 2024-11-04 15:15:00+00:00
2024-11-11 10:50:14,682 - Long Buy 119.00 shares at 103.34 on 2024-11-04 15:30:00+00:00
2024-11-11 10:50:14,682 - Long Buy 116.00 shares at 103.37 on 2024-11-04 15:45:00+00:00
2024-11-11 10:50:14,682 - Long Buy 115.00 shares at 103.01 on 2024-11-04 16:00:00+00:00
2024-11-11 10:50:14,682 - Long Buy 112.00 shares at 103.17 on 2024-11-04 16:15:00+00:00
2024-11-11 10:50:14,682 - Long Buy 110.00 shares at 102.84 on 2024-11-04 16:30:00+00:00
2024-11-11 10:50:14,682 - Long Buy 108.00 shares at 102.91 on 2024-11-04 16:45:00+00:00
2024-11-11 10:50:14,682 - Long Buy 106.00 shares at 102.96 on 2024-11-04 17:00:00+00:00
2024-11-11 10:50:14,682 - Long Buy 104.00 shares at 102.82 on 2024-11-04 17:15:00+00:00
2024-11-11 10:50:14,682 - Long Buy 102.00 shares at 102.82 on 2024-11-04 17:30:00+00:00
2024-11-11 10:50:14,682 - Long Buy 100.00 shares at 102.79 on 2024-11-04 17:45:00+00:00
2024-11-11 10:50:14,682 - Long Buy 98.00 shares at 102.84 on 2024-11-04 18:00:00+00:00
2024-11-11 10:50:14,682 - Long Buy 95.00 shares at 102.96 on 2024-11-04 19:00:00+00:00
2024-11-11 10:50:14,682 - Long Buy 94.00 shares at 102.94 on 2024-11-04 19:15:00+00:00
2024-11-11 10:50:14,682 - Sell to close 5061.00 shares at 103.66 on 2024-11-05 14:45:00+00:00 (Exit: Signal, Profit: -744.0000000001412, Duration: 5760.0 minutes)
2024-11-11 10:50:14,682 - Short Sell 193.00 shares at 103.48 on 2024-11-05 15:15:00+00:00
2024-11-11 10:50:14,683 - Short Sell 193.00 shares at 103.55 on 2024-11-05 15:30:00+00:00
2024-11-11 10:50:14,683 - Short Sell 192.00 shares at 103.74 on 2024-11-05 15:45:00+00:00
2024-11-11 10:50:14,683 - Short Sell 192.00 shares at 103.79 on 2024-11-05 16:00:00+00:00
2024-11-11 10:50:14,683 - Short Sell 192.00 shares at 103.83 on 2024-11-05 16:15:00+00:00
2024-11-11 10:50:14,683 - Short Sell 192.00 shares at 103.83 on 2024-11-05 16:30:00+00:00
2024-11-11 10:50:14,683 - Short Sell 192.00 shares at 103.73 on 2024-11-05 16:45:00+00:00
2024-11-11 10:50:14,683 - Short Sell 192.00 shares at 103.86 on 2024-11-05 17:00:00+00:00
2024-11-11 10:50:14,683 - Short Sell 192.00 shares at 103.83 on 2024-11-05 17:15:00+00:00
2024-11-11 10:50:14,683 - Short Sell 192.00 shares at 103.93 on 2024-11-05 17:30:00+00:00
2024-11-11 10:50:14,683 - Short Sell 192.00 shares at 103.92 on 2024-11-05 17:45:00+00:00
2024-11-11 10:50:14,683 - Short Sell 192.00 shares at 103.92 on 2024-11-05 18:00:00+00:00
2024-11-11 10:50:14,683 - Buy to cover -2306.00 shares at 103.7 on 2024-11-05 18:30:00+00:00 (Exit: Signal, Profit: 193.54999999999578, Duration: 195.0 minutes)
2024-11-11 10:50:14,683 - Long Buy 192.00 shares at 103.62 on 2024-11-05 19:15:00+00:00
2024-11-11 10:50:14,683 - Sell to close 192.00 shares at 104.14 on 2024-11-05 20:45:00+00:00 (Exit: Signal, Profit: 99.83999999999924, Duration: 90.0 minutes)
2024-11-11 10:50:14,683 - Short Sell 188.00 shares at 106.0 on 2024-11-06 14:30:00+00:00
2024-11-11 10:50:14,683 - Short Sell 188.00 shares at 106.0 on 2024-11-06 14:45:00+00:00
2024-11-11 10:50:14,683 - Short Sell 189.00 shares at 105.3 on 2024-11-06 15:00:00+00:00
2024-11-11 10:50:14,683 - Short Sell 190.00 shares at 105.15 on 2024-11-06 15:15:00+00:00
2024-11-11 10:50:14,683 - Short Sell 190.00 shares at 105.2 on 2024-11-06 15:30:00+00:00
2024-11-11 10:50:14,683 - Short Sell 191.00 shares at 104.74 on 2024-11-06 15:45:00+00:00
2024-11-11 10:50:14,683 - Short Sell 191.00 shares at 104.56 on 2024-11-06 16:00:00+00:00
2024-11-11 10:50:14,684 - Short Sell 190.00 shares at 104.84 on 2024-11-06 16:15:00+00:00
2024-11-11 10:50:14,684 - Short Sell 190.00 shares at 104.96 on 2024-11-06 16:30:00+00:00
2024-11-11 10:50:14,684 - Short Sell 191.00 shares at 104.69 on 2024-11-06 16:45:00+00:00
2024-11-11 10:50:14,684 - Short Sell 191.00 shares at 104.48 on 2024-11-06 17:00:00+00:00
2024-11-11 10:50:14,684 - Short Sell 192.00 shares at 104.29 on 2024-11-06 17:15:00+00:00
2024-11-11 10:50:14,684 - Buy to cover -2281.00 shares at 103.59 on 2024-11-06 18:30:00+00:00 (Exit: Signal, Profit: 3248.859999999994, Duration: 240.0 minutes)
2024-11-11 10:50:14,684 - Long Buy 194.00 shares at 103.29 on 2024-11-06 18:45:00+00:00
2024-11-11 10:50:14,684 - Long Buy 190.00 shares at 103.18 on 2024-11-06 19:00:00+00:00
2024-11-11 10:50:14,684 - Long Buy 186.00 shares at 103.12 on 2024-11-06 19:15:00+00:00
2024-11-11 10:50:14,684 - Long Buy 183.00 shares at 103.02 on 2024-11-06 19:30:00+00:00
2024-11-11 10:50:14,684 - Long Buy 179.00 shares at 102.89 on 2024-11-06 19:45:00+00:00
2024-11-11 10:50:14,684 - Long Buy 176.00 shares at 102.88 on 2024-11-06 20:00:00+00:00
2024-11-11 10:50:14,684 - Long Buy 172.00 shares at 103.0 on 2024-11-06 20:15:00+00:00
2024-11-11 10:50:14,684 - Long Buy 169.00 shares at 103.0 on 2024-11-06 20:30:00+00:00
2024-11-11 10:50:14,684 - Long Buy 165.00 shares at 103.21 on 2024-11-06 20:45:00+00:00
2024-11-11 10:50:14,684 - Long Buy 162.00 shares at 103.1 on 2024-11-07 14:30:00+00:00
2024-11-11 10:50:14,684 - Long Buy 159.00 shares at 102.85 on 2024-11-07 14:45:00+00:00
2024-11-11 10:50:14,684 - Long Buy 156.00 shares at 102.74 on 2024-11-07 15:00:00+00:00
2024-11-11 10:50:14,684 - Sell to close 2091.00 shares at 104.0 on 2024-11-07 15:15:00+00:00 (Exit: Signal, Profit: 2028.929999999997, Duration: 1230.0 minutes)
2024-11-11 10:50:14,684 - Short Sell 192.00 shares at 104.23 on 2024-11-07 15:30:00+00:00
2024-11-11 10:50:14,684 - Short Sell 192.00 shares at 104.22 on 2024-11-07 15:45:00+00:00
2024-11-11 10:50:14,684 - Short Sell 192.00 shares at 104.15 on 2024-11-07 16:00:00+00:00
2024-11-11 10:50:14,684 - Short Sell 192.00 shares at 104.22 on 2024-11-07 16:15:00+00:00
2024-11-11 10:50:14,684 - Short Sell 193.00 shares at 103.92 on 2024-11-07 16:30:00+00:00
2024-11-11 10:50:14,685 - Short Sell 193.00 shares at 103.98 on 2024-11-07 16:45:00+00:00
2024-11-11 10:50:14,685 - Short Sell 193.00 shares at 104.05 on 2024-11-07 17:00:00+00:00
2024-11-11 10:50:14,685 - Short Sell 193.00 shares at 104.05 on 2024-11-07 17:15:00+00:00
2024-11-11 10:50:14,685 - Short Sell 193.00 shares at 103.96 on 2024-11-07 17:30:00+00:00
2024-11-11 10:50:14,685 - Short Sell 193.00 shares at 103.96 on 2024-11-07 17:45:00+00:00
2024-11-11 10:50:14,685 - Short Sell 193.00 shares at 104.05 on 2024-11-07 18:00:00+00:00
2024-11-11 10:50:14,685 - Short Sell 193.00 shares at 103.98 on 2024-11-07 18:15:00+00:00
2024-11-11 10:50:14,685 - Short Sell 193.00 shares at 103.99 on 2024-11-07 18:30:00+00:00
2024-11-11 10:50:14,685 - Short Sell 193.00 shares at 103.97 on 2024-11-07 19:00:00+00:00
2024-11-11 10:50:14,685 - Short Sell 193.00 shares at 104.03 on 2024-11-07 19:15:00+00:00
2024-11-11 10:50:14,685 - Buy to cover -2891.00 shares at 104.02 on 2024-11-07 19:30:00+00:00 (Exit: Signal, Profit: 88.03999999993118, Duration: 240.0 minutes)
2024-11-11 10:50:14,685 - Short Sell 192.00 shares at 104.45 on 2024-11-07 19:45:00+00:00
2024-11-11 10:50:14,685 - Short Sell 192.00 shares at 104.48 on 2024-11-07 20:00:00+00:00
2024-11-11 10:50:14,685 - Short Sell 192.00 shares at 104.4 on 2024-11-07 20:15:00+00:00
2024-11-11 10:50:14,685 - Short Sell 192.00 shares at 104.36 on 2024-11-07 20:30:00+00:00
2024-11-11 10:50:14,685 - Short Sell 191.00 shares at 104.88 on 2024-11-08 14:30:00+00:00
2024-11-11 10:50:14,685 - Short Sell 191.00 shares at 105.02 on 2024-11-08 14:45:00+00:00
2024-11-11 10:50:14,685 - Short Sell 190.00 shares at 105.39 on 2024-11-08 15:00:00+00:00
2024-11-11 10:50:14,685 - Short Sell 189.00 shares at 105.67 on 2024-11-08 15:15:00+00:00
2024-11-11 10:50:14,685 - Short Sell 189.00 shares at 106.13 on 2024-11-08 15:30:00+00:00
2024-11-11 10:50:14,685 - Short Sell 188.00 shares at 106.15 on 2024-11-08 15:45:00+00:00
2024-11-11 10:50:14,685 - Short Sell 189.00 shares at 105.89 on 2024-11-08 16:00:00+00:00
2024-11-11 10:50:14,685 - Short Sell 189.00 shares at 105.83 on 2024-11-08 16:15:00+00:00
2024-11-11 10:50:14,685 - Short Sell 189.00 shares at 106.03 on 2024-11-08 16:30:00+00:00
2024-11-11 10:50:14,685 - Short Sell 188.00 shares at 106.2 on 2024-11-08 16:45:00+00:00
2024-11-11 10:50:14,685 - Short Sell 188.00 shares at 106.34 on 2024-11-08 17:00:00+00:00
2024-11-11 10:50:14,685 - Short Sell 188.00 shares at 106.18 on 2024-11-08 17:15:00+00:00
2024-11-11 10:50:14,686 - Short Sell 188.00 shares at 106.28 on 2024-11-08 17:30:00+00:00
2024-11-11 10:50:14,686 - Short Sell 189.00 shares at 106.13 on 2024-11-08 17:45:00+00:00
2024-11-11 10:50:14,686 - Short Sell 189.00 shares at 106.11 on 2024-11-08 18:00:00+00:00
2024-11-11 10:50:14,686 - Short Sell 188.00 shares at 106.42 on 2024-11-08 18:15:00+00:00
2024-11-11 10:50:14,686 - Short Sell 188.00 shares at 106.42 on 2024-11-08 18:30:00+00:00
2024-11-11 10:50:14,686 - Short Sell 188.00 shares at 106.53 on 2024-11-08 18:45:00+00:00
2024-11-11 10:50:14,686 - Short Sell 187.00 shares at 106.56 on 2024-11-08 19:00:00+00:00
2024-11-11 10:50:14,686 - Short Sell 188.00 shares at 106.47 on 2024-11-08 19:15:00+00:00
2024-11-11 10:50:14,686 - Short Sell 188.00 shares at 106.53 on 2024-11-08 19:30:00+00:00
2024-11-11 10:50:14,686 - Short Sell 187.00 shares at 106.57 on 2024-11-08 19:45:00+00:00
2024-11-11 10:50:14,686 - Short Sell 187.00 shares at 106.76 on 2024-11-08 20:00:00+00:00
2024-11-11 10:50:14,686 - Short Sell 187.00 shares at 106.87 on 2024-11-08 20:15:00+00:00
2024-11-11 10:50:14,686 - Buy to cover -5291.00 shares at 106.81 on 2024-11-08 20:30:00+00:00 (Exit: Signal, Profit: -4876.039999999855, Duration: 1485.0 minutes)
2024-11-11 10:50:14,686 - Long Buy 187.00 shares at 106.52 on 2024-11-08 20:45:00+00:00
2024-11-11 10:50:14,687 - Holding 187.0 shares as an open position at the end with unrealized return: 0.0, Duration: 0.0 minutes
2024-11-11 10:50:14,688 - Final statisticsStock: CHD, 
total_trades: 28, 
winning_trades: 21, 
losing_trades: 7, 
average_return: 0.003893623108856647, 
average_duration: 1217.142857142857, 
final_balance: 980185.3499999996, 
final_portfolio_value: 1000104.5899999996, 
sharpe_ratio: 8.120010806294564, 



