2024-11-11 10:47:20,448 - Starting GBMStrategy with initial capital: 1000000
2024-11-11 10:47:20,448 - Hyperparameters: {'threshold': 0.5, 'time_periods': 30, 'num_simulations': 150}
2024-11-11 10:48:46,761 - Long Buy 197.00 shares at 101.24 on 2024-10-11 14:30:00+00:00
2024-11-11 10:48:46,763 - Long Buy 193.00 shares at 101.15 on 2024-10-11 14:45:00+00:00
2024-11-11 10:48:46,763 - Sell to close 390.00 shares at 101.45 on 2024-10-11 15:00:00+00:00 (Exit: Signal, Profit: 99.27000000000461, Duration: 30.0 minutes)
2024-11-11 10:48:46,763 - Long Buy 197.00 shares at 101.29 on 2024-10-11 15:15:00+00:00
2024-11-11 10:48:46,763 - Long Buy 193.00 shares at 101.28 on 2024-10-11 16:00:00+00:00
2024-11-11 10:48:46,763 - Long Buy 189.00 shares at 101.22 on 2024-10-11 16:15:00+00:00
2024-11-11 10:48:46,763 - Long Buy 186.00 shares at 101.23 on 2024-10-11 16:30:00+00:00
2024-11-11 10:48:46,763 - Long Buy 182.00 shares at 101.25 on 2024-10-11 16:45:00+00:00
2024-11-11 10:48:46,764 - Sell to close 947.00 shares at 101.48 on 2024-10-11 18:00:00+00:00 (Exit: Signal, Profit: 213.5300000000036, Duration: 165.0 minutes)
2024-11-11 10:48:46,764 - Short Sell 197.00 shares at 101.55 on 2024-10-11 18:45:00+00:00
2024-11-11 10:48:46,764 - Short Sell 197.00 shares at 101.52 on 2024-10-11 19:00:00+00:00
2024-11-11 10:48:46,764 - Short Sell 197.00 shares at 101.54 on 2024-10-11 19:15:00+00:00
2024-11-11 10:48:46,764 - Short Sell 196.00 shares at 101.62 on 2024-10-11 19:45:00+00:00
2024-11-11 10:48:46,764 - Short Sell 196.00 shares at 101.65 on 2024-10-14 13:30:00+00:00
2024-11-11 10:48:46,764 - Short Sell 196.00 shares at 101.68 on 2024-10-14 13:45:00+00:00
2024-11-11 10:48:46,764 - Short Sell 196.00 shares at 101.81 on 2024-10-14 14:00:00+00:00
2024-11-11 10:48:46,764 - Short Sell 195.00 shares at 102.03 on 2024-10-14 14:15:00+00:00
2024-11-11 10:48:46,764 - Short Sell 196.00 shares at 101.93 on 2024-10-14 14:30:00+00:00
2024-11-11 10:48:46,764 - Short Sell 195.00 shares at 102.2 on 2024-10-14 14:45:00+00:00
2024-11-11 10:48:46,764 - Short Sell 195.00 shares at 102.12 on 2024-10-14 15:00:00+00:00
2024-11-11 10:48:46,764 - Short Sell 195.00 shares at 102.19 on 2024-10-14 15:15:00+00:00
2024-11-11 10:48:46,764 - Short Sell 195.00 shares at 102.43 on 2024-10-14 15:30:00+00:00
2024-11-11 10:48:46,764 - Short Sell 195.00 shares at 102.36 on 2024-10-14 15:45:00+00:00
2024-11-11 10:48:46,764 - Short Sell 195.00 shares at 102.43 on 2024-10-14 16:00:00+00:00
2024-11-11 10:48:46,764 - Short Sell 194.00 shares at 102.56 on 2024-10-14 16:15:00+00:00
2024-11-11 10:48:46,764 - Short Sell 195.00 shares at 102.42 on 2024-10-14 16:30:00+00:00
2024-11-11 10:48:46,764 - Short Sell 194.00 shares at 102.6 on 2024-10-14 16:45:00+00:00
2024-11-11 10:48:46,764 - Short Sell 194.00 shares at 102.69 on 2024-10-14 17:00:00+00:00
2024-11-11 10:48:46,764 - Short Sell 194.00 shares at 102.7 on 2024-10-14 17:15:00+00:00
2024-11-11 10:48:46,764 - Short Sell 194.00 shares at 102.79 on 2024-10-14 17:30:00+00:00
2024-11-11 10:48:46,765 - Short Sell 193.00 shares at 102.85 on 2024-10-14 17:45:00+00:00
2024-11-11 10:48:46,765 - Short Sell 193.00 shares at 102.93 on 2024-10-14 18:00:00+00:00
2024-11-11 10:48:46,765 - Short Sell 193.00 shares at 103.09 on 2024-10-14 18:15:00+00:00
2024-11-11 10:48:46,765 - Short Sell 193.00 shares at 103.16 on 2024-10-14 18:30:00+00:00
2024-11-11 10:48:46,765 - Short Sell 193.00 shares at 103.18 on 2024-10-14 18:45:00+00:00
2024-11-11 10:48:46,765 - Short Sell 193.00 shares at 103.11 on 2024-10-14 19:00:00+00:00
2024-11-11 10:48:46,765 - Short Sell 193.00 shares at 103.13 on 2024-10-14 19:15:00+00:00
2024-11-11 10:48:46,765 - Short Sell 192.00 shares at 103.31 on 2024-10-14 19:30:00+00:00
2024-11-11 10:48:46,765 - Short Sell 193.00 shares at 103.18 on 2024-10-14 19:45:00+00:00
2024-11-11 10:48:46,765 - Short Sell 191.00 shares at 103.72 on 2024-10-15 13:30:00+00:00
2024-11-11 10:48:46,765 - Short Sell 191.00 shares at 103.73 on 2024-10-15 13:45:00+00:00
2024-11-11 10:48:46,765 - Short Sell 190.00 shares at 103.98 on 2024-10-15 14:00:00+00:00
2024-11-11 10:48:46,765 - Buy to cover -6409.00 shares at 104.55 on 2024-10-15 14:15:00+00:00 (Exit: Stop_loss, Profit: -12848.22000000002, Duration: 5490.0 minutes)
2024-11-11 10:48:46,765 - Long Buy 190.00 shares at 103.48 on 2024-10-16 13:30:00+00:00
2024-11-11 10:48:46,765 - Long Buy 186.00 shares at 103.74 on 2024-10-16 13:45:00+00:00
2024-11-11 10:48:46,765 - Long Buy 183.00 shares at 103.55 on 2024-10-16 14:00:00+00:00
2024-11-11 10:48:46,765 - Long Buy 179.00 shares at 103.7 on 2024-10-16 14:15:00+00:00
2024-11-11 10:48:46,765 - Long Buy 175.00 shares at 103.89 on 2024-10-16 14:30:00+00:00
2024-11-11 10:48:46,766 - Long Buy 172.00 shares at 103.77 on 2024-10-16 14:45:00+00:00
2024-11-11 10:48:46,766 - Long Buy 168.00 shares at 103.7 on 2024-10-16 15:00:00+00:00
2024-11-11 10:48:46,766 - Long Buy 165.00 shares at 103.74 on 2024-10-16 15:15:00+00:00
2024-11-11 10:48:46,766 - Long Buy 161.00 shares at 103.8 on 2024-10-16 15:30:00+00:00
2024-11-11 10:48:46,766 - Long Buy 158.00 shares at 103.97 on 2024-10-16 15:45:00+00:00
2024-11-11 10:48:46,766 - Long Buy 155.00 shares at 104.04 on 2024-10-16 16:00:00+00:00
2024-11-11 10:48:46,766 - Long Buy 152.00 shares at 104.1 on 2024-10-16 16:15:00+00:00
2024-11-11 10:48:46,766 - Long Buy 148.00 shares at 104.09 on 2024-10-16 16:30:00+00:00
2024-11-11 10:48:46,766 - Long Buy 146.00 shares at 104.07 on 2024-10-16 16:45:00+00:00
2024-11-11 10:48:46,766 - Long Buy 142.00 shares at 104.23 on 2024-10-16 17:00:00+00:00
2024-11-11 10:48:46,766 - Long Buy 140.00 shares at 104.16 on 2024-10-16 17:15:00+00:00
2024-11-11 10:48:46,766 - Sell to close 2620.00 shares at 104.21 on 2024-10-16 17:30:00+00:00 (Exit: Signal, Profit: 922.4599999999364, Duration: 240.0 minutes)
2024-11-11 10:48:46,766 - Short Sell 189.00 shares at 104.28 on 2024-10-16 17:45:00+00:00
2024-11-11 10:48:46,766 - Short Sell 189.00 shares at 104.36 on 2024-10-16 18:00:00+00:00
2024-11-11 10:48:46,766 - Short Sell 189.00 shares at 104.5 on 2024-10-16 18:15:00+00:00
2024-11-11 10:48:46,766 - Short Sell 189.00 shares at 104.48 on 2024-10-16 18:30:00+00:00
2024-11-11 10:48:46,766 - Short Sell 188.00 shares at 104.59 on 2024-10-16 18:45:00+00:00
2024-11-11 10:48:46,766 - Short Sell 189.00 shares at 104.54 on 2024-10-16 19:00:00+00:00
2024-11-11 10:48:46,766 - Short Sell 189.00 shares at 104.38 on 2024-10-16 19:15:00+00:00
2024-11-11 10:48:46,766 - Short Sell 188.00 shares at 104.63 on 2024-10-16 19:30:00+00:00
2024-11-11 10:48:46,766 - Short Sell 188.00 shares at 104.66 on 2024-10-16 19:45:00+00:00
2024-11-11 10:48:46,766 - Short Sell 188.00 shares at 104.61 on 2024-10-17 13:30:00+00:00
2024-11-11 10:48:46,766 - Short Sell 188.00 shares at 104.76 on 2024-10-17 13:45:00+00:00
2024-11-11 10:48:46,767 - Short Sell 188.00 shares at 104.95 on 2024-10-17 14:00:00+00:00
2024-11-11 10:48:46,767 - Short Sell 188.00 shares at 104.89 on 2024-10-17 14:15:00+00:00
2024-11-11 10:48:46,767 - Short Sell 188.00 shares at 104.91 on 2024-10-17 14:30:00+00:00
2024-11-11 10:48:46,767 - Short Sell 188.00 shares at 104.91 on 2024-10-17 14:45:00+00:00
2024-11-11 10:48:46,767 - Short Sell 188.00 shares at 104.83 on 2024-10-17 15:00:00+00:00
2024-11-11 10:48:46,767 - Short Sell 188.00 shares at 104.95 on 2024-10-17 15:15:00+00:00
2024-11-11 10:48:46,767 - Short Sell 188.00 shares at 104.93 on 2024-10-17 15:30:00+00:00
2024-11-11 10:48:46,767 - Short Sell 188.00 shares at 104.7 on 2024-10-17 15:45:00+00:00
2024-11-11 10:48:46,767 - Short Sell 189.00 shares at 104.56 on 2024-10-17 16:00:00+00:00
2024-11-11 10:48:46,767 - Short Sell 188.00 shares at 104.62 on 2024-10-17 16:15:00+00:00
2024-11-11 10:48:46,767 - Short Sell 189.00 shares at 104.53 on 2024-10-17 16:30:00+00:00
2024-11-11 10:48:46,767 - Short Sell 189.00 shares at 104.55 on 2024-10-17 16:45:00+00:00
2024-11-11 10:48:46,767 - Short Sell 189.00 shares at 104.29 on 2024-10-17 17:00:00+00:00
2024-11-11 10:48:46,767 - Short Sell 189.00 shares at 104.3 on 2024-10-17 17:30:00+00:00
2024-11-11 10:48:46,767 - Short Sell 188.00 shares at 104.7 on 2024-10-17 17:45:00+00:00
2024-11-11 10:48:46,767 - Short Sell 189.00 shares at 104.54 on 2024-10-17 18:00:00+00:00
2024-11-11 10:48:46,767 - Short Sell 189.00 shares at 104.58 on 2024-10-17 18:15:00+00:00
2024-11-11 10:48:46,767 - Buy to cover -5277.00 shares at 104.51 on 2024-10-17 18:30:00+00:00 (Exit: Signal, Profit: 610.2599999999178, Duration: 1485.0 minutes)
2024-11-11 10:48:46,767 - Short Sell 188.00 shares at 104.69 on 2024-10-17 19:00:00+00:00
2024-11-11 10:48:46,767 - Short Sell 188.00 shares at 104.73 on 2024-10-17 19:15:00+00:00
2024-11-11 10:48:46,767 - Short Sell 188.00 shares at 104.85 on 2024-10-17 19:30:00+00:00
2024-11-11 10:48:46,767 - Short Sell 188.00 shares at 104.97 on 2024-10-17 19:45:00+00:00
2024-11-11 10:48:46,767 - Short Sell 188.00 shares at 104.8 on 2024-10-18 13:30:00+00:00
2024-11-11 10:48:46,768 - Short Sell 188.00 shares at 104.68 on 2024-10-18 14:00:00+00:00
2024-11-11 10:48:46,768 - Buy to cover -1128.00 shares at 104.47 on 2024-10-18 14:15:00+00:00 (Exit: Signal, Profit: 357.1999999999957, Duration: 1155.0 minutes)
2024-11-11 10:48:46,768 - Long Buy 189.00 shares at 104.45 on 2024-10-18 14:30:00+00:00
2024-11-11 10:48:46,768 - Sell to close 189.00 shares at 104.72 on 2024-10-18 14:45:00+00:00 (Exit: Signal, Profit: 51.02999999999925, Duration: 15.0 minutes)
2024-11-11 10:48:46,768 - Long Buy 189.00 shares at 104.51 on 2024-10-18 15:00:00+00:00
2024-11-11 10:48:46,768 - Long Buy 185.00 shares at 104.47 on 2024-10-18 15:15:00+00:00
2024-11-11 10:48:46,768 - Long Buy 182.00 shares at 104.34 on 2024-10-18 15:30:00+00:00
2024-11-11 10:48:46,768 - Long Buy 179.00 shares at 104.01 on 2024-10-18 15:45:00+00:00
2024-11-11 10:48:46,768 - Long Buy 175.00 shares at 104.07 on 2024-10-18 16:00:00+00:00
2024-11-11 10:48:46,768 - Long Buy 171.00 shares at 104.07 on 2024-10-18 16:15:00+00:00
2024-11-11 10:48:46,768 - Long Buy 168.00 shares at 104.12 on 2024-10-18 16:30:00+00:00
2024-11-11 10:48:46,768 - Long Buy 164.00 shares at 104.25 on 2024-10-18 16:45:00+00:00
2024-11-11 10:48:46,768 - Long Buy 161.00 shares at 104.37 on 2024-10-18 17:00:00+00:00
2024-11-11 10:48:46,768 - Long Buy 158.00 shares at 104.26 on 2024-10-18 17:15:00+00:00
2024-11-11 10:48:46,768 - Long Buy 155.00 shares at 104.36 on 2024-10-18 17:30:00+00:00
2024-11-11 10:48:46,768 - Long Buy 152.00 shares at 104.27 on 2024-10-18 17:45:00+00:00
2024-11-11 10:48:46,768 - Long Buy 148.00 shares at 104.44 on 2024-10-18 18:00:00+00:00
2024-11-11 10:48:46,768 - Long Buy 145.00 shares at 104.45 on 2024-10-18 18:15:00+00:00
2024-11-11 10:48:46,768 - Long Buy 142.00 shares at 104.42 on 2024-10-18 18:30:00+00:00
2024-11-11 10:48:46,768 - Long Buy 140.00 shares at 104.38 on 2024-10-18 18:45:00+00:00
2024-11-11 10:48:46,768 - Long Buy 137.00 shares at 104.12 on 2024-10-18 19:00:00+00:00
2024-11-11 10:48:46,768 - Long Buy 135.00 shares at 103.97 on 2024-10-18 19:15:00+00:00
2024-11-11 10:48:46,768 - Long Buy 132.00 shares at 103.93 on 2024-10-18 19:30:00+00:00
2024-11-11 10:48:46,768 - Sell to close 3018.00 shares at 104.33 on 2024-10-18 19:45:00+00:00 (Exit: Signal, Profit: 219.69999999994164, Duration: 285.0 minutes)
2024-11-11 10:48:46,769 - Short Sell 189.00 shares at 104.49 on 2024-10-21 13:30:00+00:00
2024-11-11 10:48:46,769 - Short Sell 189.00 shares at 104.19 on 2024-10-21 13:45:00+00:00
2024-11-11 10:48:46,769 - Short Sell 190.00 shares at 104.15 on 2024-10-21 14:00:00+00:00
2024-11-11 10:48:46,769 - Short Sell 189.00 shares at 104.22 on 2024-10-21 14:30:00+00:00
2024-11-11 10:48:46,769 - Buy to cover -757.00 shares at 103.88 on 2024-10-21 14:45:00+00:00 (Exit: Signal, Profit: 289.440000000008, Duration: 75.0 minutes)
2024-11-11 10:48:46,769 - Long Buy 191.00 shares at 103.33 on 2024-10-21 15:00:00+00:00
2024-11-11 10:48:46,769 - Long Buy 187.00 shares at 103.64 on 2024-10-21 15:15:00+00:00
2024-11-11 10:48:46,769 - Long Buy 183.00 shares at 103.59 on 2024-10-21 15:30:00+00:00
2024-11-11 10:48:46,769 - Long Buy 179.00 shares at 103.65 on 2024-10-21 15:45:00+00:00
2024-11-11 10:48:46,769 - Long Buy 176.00 shares at 103.73 on 2024-10-21 16:00:00+00:00
2024-11-11 10:48:46,769 - Long Buy 172.00 shares at 103.84 on 2024-10-21 16:15:00+00:00
2024-11-11 10:48:46,769 - Long Buy 169.00 shares at 103.74 on 2024-10-21 16:30:00+00:00
2024-11-11 10:48:46,769 - Long Buy 165.00 shares at 103.82 on 2024-10-21 16:45:00+00:00
2024-11-11 10:48:46,769 - Long Buy 162.00 shares at 103.78 on 2024-10-21 17:00:00+00:00
2024-11-11 10:48:46,769 - Long Buy 158.00 shares at 103.87 on 2024-10-21 17:15:00+00:00
2024-11-11 10:48:46,769 - Long Buy 155.00 shares at 103.89 on 2024-10-21 17:30:00+00:00
2024-11-11 10:48:46,769 - Long Buy 152.00 shares at 103.84 on 2024-10-21 17:45:00+00:00
2024-11-11 10:48:46,769 - Long Buy 149.00 shares at 103.86 on 2024-10-21 18:15:00+00:00
2024-11-11 10:48:46,769 - Long Buy 146.00 shares at 103.76 on 2024-10-21 18:30:00+00:00
2024-11-11 10:48:46,769 - Long Buy 143.00 shares at 103.8 on 2024-10-21 18:45:00+00:00
2024-11-11 10:48:46,769 - Long Buy 141.00 shares at 103.8 on 2024-10-21 19:00:00+00:00
2024-11-11 10:48:46,769 - Long Buy 138.00 shares at 103.88 on 2024-10-21 19:15:00+00:00
2024-11-11 10:48:46,769 - Long Buy 135.00 shares at 103.79 on 2024-10-21 19:30:00+00:00
2024-11-11 10:48:46,770 - Long Buy 134.00 shares at 102.55 on 2024-10-22 13:30:00+00:00
2024-11-11 10:48:46,770 - Long Buy 131.00 shares at 102.83 on 2024-10-22 13:45:00+00:00
2024-11-11 10:48:46,770 - Long Buy 129.00 shares at 102.57 on 2024-10-22 14:00:00+00:00
2024-11-11 10:48:46,770 - Long Buy 126.00 shares at 102.47 on 2024-10-22 14:15:00+00:00
2024-11-11 10:48:46,770 - Long Buy 124.00 shares at 102.24 on 2024-10-22 14:30:00+00:00
2024-11-11 10:48:46,770 - Long Buy 121.00 shares at 102.34 on 2024-10-22 14:45:00+00:00
2024-11-11 10:48:46,770 - Long Buy 119.00 shares at 102.51 on 2024-10-22 15:00:00+00:00
2024-11-11 10:48:46,770 - Long Buy 116.00 shares at 102.37 on 2024-10-22 15:15:00+00:00
2024-11-11 10:48:46,770 - Long Buy 114.00 shares at 102.14 on 2024-10-22 15:30:00+00:00
2024-11-11 10:48:46,770 - Long Buy 112.00 shares at 102.15 on 2024-10-22 15:45:00+00:00
2024-11-11 10:48:46,770 - Long Buy 110.00 shares at 102.08 on 2024-10-22 16:00:00+00:00
2024-11-11 10:48:46,770 - Long Buy 108.00 shares at 101.84 on 2024-10-22 16:15:00+00:00
2024-11-11 10:48:46,770 - Long Buy 106.00 shares at 102.08 on 2024-10-22 16:30:00+00:00
2024-11-11 10:48:46,770 - Long Buy 103.00 shares at 102.25 on 2024-10-22 16:45:00+00:00
2024-11-11 10:48:46,770 - Long Buy 101.00 shares at 102.27 on 2024-10-22 17:00:00+00:00
2024-11-11 10:48:46,770 - Long Buy 99.00 shares at 102.29 on 2024-10-22 17:15:00+00:00
2024-11-11 10:48:46,770 - Long Buy 97.00 shares at 102.47 on 2024-10-22 17:30:00+00:00
2024-11-11 10:48:46,770 - Long Buy 95.00 shares at 102.44 on 2024-10-22 17:45:00+00:00
2024-11-11 10:48:46,770 - Long Buy 93.00 shares at 102.59 on 2024-10-22 18:00:00+00:00
2024-11-11 10:48:46,770 - Long Buy 91.00 shares at 102.78 on 2024-10-22 18:15:00+00:00
2024-11-11 10:48:46,770 - Long Buy 89.00 shares at 102.78 on 2024-10-22 18:30:00+00:00
2024-11-11 10:48:46,770 - Long Buy 87.00 shares at 102.65 on 2024-10-22 18:45:00+00:00
2024-11-11 10:48:46,770 - Long Buy 86.00 shares at 102.69 on 2024-10-22 19:45:00+00:00
2024-11-11 10:48:46,770 - Long Buy 84.00 shares at 102.29 on 2024-10-23 13:30:00+00:00
2024-11-11 10:48:46,770 - Long Buy 83.00 shares at 102.35 on 2024-10-23 13:45:00+00:00
2024-11-11 10:48:46,770 - Long Buy 81.00 shares at 102.27 on 2024-10-23 14:00:00+00:00
2024-11-11 10:48:46,770 - Long Buy 80.00 shares at 102.07 on 2024-10-23 14:15:00+00:00
2024-11-11 10:48:46,771 - Long Buy 78.00 shares at 102.0 on 2024-10-23 14:30:00+00:00
2024-11-11 10:48:46,771 - Long Buy 77.00 shares at 101.75 on 2024-10-23 14:45:00+00:00
2024-11-11 10:48:46,771 - Sell to close 5875.00 shares at 102.17 on 2024-10-23 15:00:00+00:00 (Exit: Signal, Profit: -5130.799999999935, Duration: 2880.0 minutes)
2024-11-11 10:48:46,771 - Short Sell 192.00 shares at 102.38 on 2024-10-23 15:15:00+00:00
2024-11-11 10:48:46,771 - Short Sell 191.00 shares at 102.61 on 2024-10-23 15:30:00+00:00
2024-11-11 10:48:46,771 - Short Sell 192.00 shares at 102.54 on 2024-10-23 15:45:00+00:00
2024-11-11 10:48:46,771 - Short Sell 192.00 shares at 102.36 on 2024-10-23 16:00:00+00:00
2024-11-11 10:48:46,771 - Short Sell 192.00 shares at 102.51 on 2024-10-23 16:15:00+00:00
2024-11-11 10:48:46,771 - Short Sell 191.00 shares at 102.58 on 2024-10-23 16:30:00+00:00
2024-11-11 10:48:46,771 - Short Sell 191.00 shares at 102.64 on 2024-10-23 16:45:00+00:00
2024-11-11 10:48:46,771 - Short Sell 192.00 shares at 102.55 on 2024-10-23 17:00:00+00:00
2024-11-11 10:48:46,771 - Short Sell 192.00 shares at 102.46 on 2024-10-23 17:15:00+00:00
2024-11-11 10:48:46,771 - Short Sell 191.00 shares at 102.58 on 2024-10-23 17:30:00+00:00
2024-11-11 10:48:46,771 - Short Sell 191.00 shares at 102.67 on 2024-10-23 17:45:00+00:00
2024-11-11 10:48:46,771 - Short Sell 192.00 shares at 102.55 on 2024-10-23 18:00:00+00:00
2024-11-11 10:48:46,771 - Short Sell 192.00 shares at 102.49 on 2024-10-23 18:15:00+00:00
2024-11-11 10:48:46,771 - Short Sell 192.00 shares at 102.5 on 2024-10-23 18:30:00+00:00
2024-11-11 10:48:46,771 - Short Sell 192.00 shares at 102.48 on 2024-10-23 18:45:00+00:00
2024-11-11 10:48:46,771 - Short Sell 192.00 shares at 102.56 on 2024-10-23 19:00:00+00:00
2024-11-11 10:48:46,771 - Short Sell 191.00 shares at 102.63 on 2024-10-23 19:15:00+00:00
2024-11-11 10:48:46,771 - Short Sell 191.00 shares at 102.66 on 2024-10-23 19:30:00+00:00
2024-11-11 10:48:46,771 - Short Sell 191.00 shares at 102.58 on 2024-10-23 19:45:00+00:00
2024-11-11 10:48:46,771 - Short Sell 191.00 shares at 102.69 on 2024-10-24 13:30:00+00:00
2024-11-11 10:48:46,771 - Short Sell 191.00 shares at 102.72 on 2024-10-24 13:45:00+00:00
2024-11-11 10:48:46,771 - Short Sell 192.00 shares at 102.4 on 2024-10-24 14:00:00+00:00
2024-11-11 10:48:46,772 - Short Sell 191.00 shares at 102.75 on 2024-10-24 14:15:00+00:00
2024-11-11 10:48:46,772 - Short Sell 192.00 shares at 102.48 on 2024-10-24 14:30:00+00:00
2024-11-11 10:48:46,772 - Short Sell 191.00 shares at 102.59 on 2024-10-24 14:45:00+00:00
2024-11-11 10:48:46,772 - Short Sell 191.00 shares at 102.67 on 2024-10-24 15:00:00+00:00
2024-11-11 10:48:46,772 - Short Sell 191.00 shares at 102.62 on 2024-10-24 15:15:00+00:00
2024-11-11 10:48:46,772 - Short Sell 191.00 shares at 102.84 on 2024-10-24 15:30:00+00:00
2024-11-11 10:48:46,772 - Short Sell 191.00 shares at 102.84 on 2024-10-24 15:45:00+00:00
2024-11-11 10:48:46,772 - Buy to cover -5552.00 shares at 102.79 on 2024-10-24 16:00:00+00:00 (Exit: Signal, Profit: -1146.1900000001556, Duration: 1485.0 minutes)
2024-11-11 10:48:46,772 - Short Sell 190.00 shares at 103.0 on 2024-10-24 16:30:00+00:00
2024-11-11 10:48:46,772 - Short Sell 190.00 shares at 103.15 on 2024-10-24 16:45:00+00:00
2024-11-11 10:48:46,772 - Short Sell 191.00 shares at 102.97 on 2024-10-24 17:00:00+00:00
2024-11-11 10:48:46,772 - Short Sell 191.00 shares at 102.98 on 2024-10-24 17:15:00+00:00
2024-11-11 10:48:46,772 - Short Sell 191.00 shares at 102.97 on 2024-10-24 17:30:00+00:00
2024-11-11 10:48:46,772 - Buy to cover -953.00 shares at 102.76 on 2024-10-24 17:45:00+00:00 (Exit: Signal, Profit: 241.94000000001435, Duration: 75.0 minutes)
2024-11-11 10:48:46,772 - Long Buy 191.00 shares at 102.78 on 2024-10-24 18:00:00+00:00
2024-11-11 10:48:46,772 - Long Buy 187.00 shares at 102.75 on 2024-10-24 18:15:00+00:00
2024-11-11 10:48:46,772 - Long Buy 184.00 shares at 102.67 on 2024-10-24 18:30:00+00:00
2024-11-11 10:48:46,772 - Long Buy 180.00 shares at 102.62 on 2024-10-24 18:45:00+00:00
2024-11-11 10:48:46,772 - Long Buy 176.00 shares at 102.66 on 2024-10-24 19:00:00+00:00
2024-11-11 10:48:46,772 - Long Buy 173.00 shares at 102.68 on 2024-10-24 19:15:00+00:00
2024-11-11 10:48:46,772 - Long Buy 170.00 shares at 102.56 on 2024-10-24 19:30:00+00:00
2024-11-11 10:48:46,772 - Long Buy 166.00 shares at 102.61 on 2024-10-24 19:45:00+00:00
2024-11-11 10:48:46,772 - Long Buy 165.00 shares at 101.32 on 2024-10-25 13:30:00+00:00
2024-11-11 10:48:46,773 - Long Buy 162.00 shares at 101.29 on 2024-10-25 13:45:00+00:00
2024-11-11 10:48:46,773 - Long Buy 159.00 shares at 100.93 on 2024-10-25 14:00:00+00:00
2024-11-11 10:48:46,773 - Long Buy 156.00 shares at 100.93 on 2024-10-25 14:15:00+00:00
2024-11-11 10:48:46,773 - Long Buy 152.00 shares at 101.53 on 2024-10-25 14:30:00+00:00
2024-11-11 10:48:46,773 - Long Buy 149.00 shares at 101.31 on 2024-10-25 14:45:00+00:00
2024-11-11 10:48:46,773 - Long Buy 146.00 shares at 101.29 on 2024-10-25 15:00:00+00:00
2024-11-11 10:48:46,773 - Long Buy 143.00 shares at 101.32 on 2024-10-25 15:15:00+00:00
2024-11-11 10:48:46,773 - Long Buy 141.00 shares at 101.04 on 2024-10-25 15:30:00+00:00
2024-11-11 10:48:46,773 - Long Buy 137.00 shares at 101.23 on 2024-10-25 15:45:00+00:00
2024-11-11 10:48:46,773 - Long Buy 135.00 shares at 101.25 on 2024-10-25 16:00:00+00:00
2024-11-11 10:48:46,773 - Long Buy 132.00 shares at 101.32 on 2024-10-25 16:15:00+00:00
2024-11-11 10:48:46,773 - Long Buy 129.00 shares at 101.33 on 2024-10-25 16:30:00+00:00
2024-11-11 10:48:46,773 - Long Buy 127.00 shares at 101.3 on 2024-10-25 16:45:00+00:00
2024-11-11 10:48:46,773 - Long Buy 124.00 shares at 101.09 on 2024-10-25 17:00:00+00:00
2024-11-11 10:48:46,773 - Long Buy 122.00 shares at 100.98 on 2024-10-25 17:15:00+00:00
2024-11-11 10:48:46,773 - Long Buy 120.00 shares at 100.73 on 2024-10-25 17:30:00+00:00
2024-11-11 10:48:46,773 - Long Buy 118.00 shares at 100.75 on 2024-10-25 17:45:00+00:00
2024-11-11 10:48:46,773 - Long Buy 115.00 shares at 100.84 on 2024-10-25 18:00:00+00:00
2024-11-11 10:48:46,773 - Long Buy 113.00 shares at 100.87 on 2024-10-25 18:15:00+00:00
2024-11-11 10:48:46,773 - Long Buy 110.00 shares at 100.89 on 2024-10-25 18:30:00+00:00
2024-11-11 10:48:46,773 - Long Buy 108.00 shares at 100.86 on 2024-10-25 18:45:00+00:00
2024-11-11 10:48:46,773 - Long Buy 106.00 shares at 100.7 on 2024-10-25 19:00:00+00:00
2024-11-11 10:48:46,773 - Long Buy 104.00 shares at 100.78 on 2024-10-25 19:15:00+00:00
2024-11-11 10:48:46,773 - Long Buy 102.00 shares at 100.77 on 2024-10-25 19:30:00+00:00
2024-11-11 10:48:46,773 - Long Buy 100.00 shares at 100.85 on 2024-10-25 19:45:00+00:00
2024-11-11 10:48:46,773 - Sell to close 4802.00 shares at 101.4 on 2024-10-28 13:30:00+00:00 (Exit: Signal, Profit: -740.3299999998748, Duration: 5490.0 minutes)
2024-11-11 10:48:46,773 - Long Buy 195.00 shares at 100.73 on 2024-10-28 13:45:00+00:00
2024-11-11 10:48:46,774 - Long Buy 190.00 shares at 100.94 on 2024-10-28 14:00:00+00:00
2024-11-11 10:48:46,774 - Long Buy 187.00 shares at 100.98 on 2024-10-28 14:15:00+00:00
2024-11-11 10:48:46,774 - Long Buy 183.00 shares at 100.81 on 2024-10-28 14:30:00+00:00
2024-11-11 10:48:46,774 - Long Buy 179.00 shares at 101.15 on 2024-10-28 14:45:00+00:00
2024-11-11 10:48:46,774 - Long Buy 175.00 shares at 101.2 on 2024-10-28 15:00:00+00:00
2024-11-11 10:48:46,774 - Long Buy 172.00 shares at 101.0 on 2024-10-28 15:15:00+00:00
2024-11-11 10:48:46,774 - Long Buy 169.00 shares at 100.79 on 2024-10-28 15:30:00+00:00
2024-11-11 10:48:46,774 - Long Buy 165.00 shares at 101.06 on 2024-10-28 15:45:00+00:00
2024-11-11 10:48:46,774 - Long Buy 162.00 shares at 101.0 on 2024-10-28 16:00:00+00:00
2024-11-11 10:48:46,774 - Long Buy 159.00 shares at 100.99 on 2024-10-28 16:15:00+00:00
2024-11-11 10:48:46,774 - Long Buy 156.00 shares at 100.9 on 2024-10-28 16:30:00+00:00
2024-11-11 10:48:46,774 - Long Buy 153.00 shares at 100.84 on 2024-10-28 16:45:00+00:00
2024-11-11 10:48:46,774 - Long Buy 150.00 shares at 100.79 on 2024-10-28 17:00:00+00:00
2024-11-11 10:48:46,774 - Long Buy 147.00 shares at 100.71 on 2024-10-28 17:15:00+00:00
2024-11-11 10:48:46,774 - Long Buy 144.00 shares at 100.83 on 2024-10-28 17:30:00+00:00
2024-11-11 10:48:46,774 - Long Buy 141.00 shares at 100.88 on 2024-10-28 17:45:00+00:00
2024-11-11 10:48:46,774 - Long Buy 138.00 shares at 100.84 on 2024-10-28 18:00:00+00:00
2024-11-11 10:48:46,774 - Long Buy 135.00 shares at 100.75 on 2024-10-28 18:15:00+00:00
2024-11-11 10:48:46,774 - Long Buy 132.00 shares at 100.85 on 2024-10-28 18:30:00+00:00
2024-11-11 10:48:46,774 - Long Buy 130.00 shares at 100.83 on 2024-10-28 18:45:00+00:00
2024-11-11 10:48:46,774 - Sell to close 3362.00 shares at 101.2 on 2024-10-28 19:00:00+00:00 (Exit: Signal, Profit: 993.6300000000332, Duration: 315.0 minutes)
2024-11-11 10:48:46,774 - Short Sell 194.00 shares at 101.23 on 2024-10-28 19:15:00+00:00
2024-11-11 10:48:46,774 - Short Sell 194.00 shares at 101.32 on 2024-10-28 19:30:00+00:00
2024-11-11 10:48:46,774 - Short Sell 194.00 shares at 101.08 on 2024-10-28 19:45:00+00:00
2024-11-11 10:48:46,774 - Buy to cover -582.00 shares at 100.42 on 2024-10-29 13:30:00+00:00 (Exit: Signal, Profit: 459.7800000000036, Duration: 1095.0 minutes)
2024-11-11 10:48:46,775 - Long Buy 195.00 shares at 100.56 on 2024-10-29 13:45:00+00:00
2024-11-11 10:48:46,775 - Long Buy 191.00 shares at 100.58 on 2024-10-29 14:00:00+00:00
2024-11-11 10:48:46,775 - Sell to close 386.00 shares at 101.03 on 2024-10-29 14:30:00+00:00 (Exit: Signal, Profit: 177.6000000000072, Duration: 45.0 minutes)
2024-11-11 10:48:46,775 - Short Sell 194.00 shares at 101.3 on 2024-10-29 14:45:00+00:00
2024-11-11 10:48:46,775 - Short Sell 194.00 shares at 101.03 on 2024-10-29 15:00:00+00:00
2024-11-11 10:48:46,775 - Short Sell 195.00 shares at 100.96 on 2024-10-29 15:15:00+00:00
2024-11-11 10:48:46,775 - Short Sell 194.00 shares at 101.07 on 2024-10-29 15:30:00+00:00
2024-11-11 10:48:46,775 - Short Sell 194.00 shares at 101.22 on 2024-10-29 16:00:00+00:00
2024-11-11 10:48:46,775 - Short Sell 194.00 shares at 101.25 on 2024-10-29 16:15:00+00:00
2024-11-11 10:48:46,775 - Short Sell 194.00 shares at 101.25 on 2024-10-29 16:30:00+00:00
2024-11-11 10:48:46,775 - Short Sell 194.00 shares at 101.38 on 2024-10-29 16:45:00+00:00
2024-11-11 10:48:46,775 - Short Sell 194.00 shares at 101.33 on 2024-10-29 17:00:00+00:00
2024-11-11 10:48:46,775 - Short Sell 194.00 shares at 101.18 on 2024-10-29 17:15:00+00:00
2024-11-11 10:48:46,775 - Short Sell 194.00 shares at 101.04 on 2024-10-29 17:30:00+00:00
2024-11-11 10:48:46,775 - Short Sell 195.00 shares at 101.02 on 2024-10-29 17:45:00+00:00
2024-11-11 10:48:46,775 - Short Sell 195.00 shares at 101.03 on 2024-10-29 18:00:00+00:00
2024-11-11 10:48:46,775 - Buy to cover -2525.00 shares at 100.93 on 2024-10-29 19:00:00+00:00 (Exit: Signal, Profit: 576.4000000000319, Duration: 255.0 minutes)
2024-11-11 10:48:46,775 - Short Sell 195.00 shares at 101.02 on 2024-10-29 19:15:00+00:00
2024-11-11 10:48:46,775 - Short Sell 195.00 shares at 101.0 on 2024-10-29 19:30:00+00:00
2024-11-11 10:48:46,776 - Buy to cover -390.00 shares at 100.64 on 2024-10-29 19:45:00+00:00 (Exit: Signal, Profit: 144.29999999999623, Duration: 30.0 minutes)
2024-11-11 10:48:46,776 - Long Buy 195.00 shares at 100.57 on 2024-10-30 13:30:00+00:00
2024-11-11 10:48:46,776 - Long Buy 191.00 shares at 100.71 on 2024-10-30 13:45:00+00:00
2024-11-11 10:48:46,776 - Long Buy 188.00 shares at 100.56 on 2024-10-30 14:00:00+00:00
2024-11-11 10:48:46,776 - Long Buy 184.00 shares at 100.56 on 2024-10-30 14:15:00+00:00
2024-11-11 10:48:46,776 - Long Buy 180.00 shares at 100.55 on 2024-10-30 14:30:00+00:00
2024-11-11 10:48:46,776 - Long Buy 177.00 shares at 100.46 on 2024-10-30 14:45:00+00:00
2024-11-11 10:48:46,776 - Long Buy 174.00 shares at 100.38 on 2024-10-30 15:00:00+00:00
2024-11-11 10:48:46,776 - Long Buy 170.00 shares at 100.19 on 2024-10-30 15:15:00+00:00
2024-11-11 10:48:46,776 - Long Buy 167.00 shares at 100.34 on 2024-10-30 15:30:00+00:00
2024-11-11 10:48:46,776 - Long Buy 163.00 shares at 100.5 on 2024-10-30 15:45:00+00:00
2024-11-11 10:48:46,776 - Long Buy 160.00 shares at 100.66 on 2024-10-30 16:00:00+00:00
2024-11-11 10:48:46,776 - Long Buy 156.00 shares at 100.73 on 2024-10-30 16:15:00+00:00
2024-11-11 10:48:46,776 - Long Buy 153.00 shares at 100.77 on 2024-10-30 16:30:00+00:00
2024-11-11 10:48:46,776 - Long Buy 150.00 shares at 100.67 on 2024-10-30 16:45:00+00:00
2024-11-11 10:48:46,776 - Long Buy 147.00 shares at 100.68 on 2024-10-30 17:00:00+00:00
2024-11-11 10:48:46,776 - Long Buy 144.00 shares at 100.66 on 2024-10-30 17:15:00+00:00
2024-11-11 10:48:46,776 - Long Buy 141.00 shares at 100.67 on 2024-10-30 17:30:00+00:00
2024-11-11 10:48:46,776 - Long Buy 139.00 shares at 100.49 on 2024-10-30 17:45:00+00:00
2024-11-11 10:48:46,776 - Long Buy 136.00 shares at 100.38 on 2024-10-30 18:00:00+00:00
2024-11-11 10:48:46,776 - Long Buy 133.00 shares at 100.39 on 2024-10-30 18:15:00+00:00
2024-11-11 10:48:46,776 - Long Buy 131.00 shares at 100.31 on 2024-10-30 18:30:00+00:00
2024-11-11 10:48:46,776 - Long Buy 128.00 shares at 100.35 on 2024-10-30 18:45:00+00:00
2024-11-11 10:48:46,776 - Long Buy 126.00 shares at 100.44 on 2024-10-30 19:00:00+00:00
2024-11-11 10:48:46,776 - Long Buy 123.00 shares at 100.33 on 2024-10-30 19:15:00+00:00
2024-11-11 10:48:46,776 - Long Buy 121.00 shares at 100.3 on 2024-10-30 19:30:00+00:00
2024-11-11 10:48:46,777 - Long Buy 118.00 shares at 100.57 on 2024-10-30 19:45:00+00:00
2024-11-11 10:48:46,777 - Sell to close 3995.00 shares at 100.88 on 2024-10-31 13:30:00+00:00 (Exit: Signal, Profit: 1459.4800000000414, Duration: 1440.0 minutes)
2024-11-11 10:48:46,777 - Short Sell 195.00 shares at 100.74 on 2024-10-31 13:45:00+00:00
2024-11-11 10:48:46,777 - Short Sell 195.00 shares at 100.81 on 2024-10-31 14:00:00+00:00
2024-11-11 10:48:46,777 - Short Sell 195.00 shares at 100.79 on 2024-10-31 14:15:00+00:00
2024-11-11 10:48:46,777 - Short Sell 195.00 shares at 100.91 on 2024-10-31 14:30:00+00:00
2024-11-11 10:48:46,777 - Short Sell 195.00 shares at 101.12 on 2024-10-31 14:45:00+00:00
2024-11-11 10:48:46,777 - Short Sell 194.00 shares at 101.33 on 2024-10-31 15:00:00+00:00
2024-11-11 10:48:46,777 - Short Sell 195.00 shares at 101.07 on 2024-10-31 15:15:00+00:00
2024-11-11 10:48:46,777 - Short Sell 195.00 shares at 100.96 on 2024-10-31 15:30:00+00:00
2024-11-11 10:48:46,777 - Short Sell 195.00 shares at 101.05 on 2024-10-31 15:45:00+00:00
2024-11-11 10:48:46,777 - Short Sell 195.00 shares at 100.87 on 2024-10-31 16:00:00+00:00
2024-11-11 10:48:46,777 - Short Sell 196.00 shares at 100.7 on 2024-10-31 16:15:00+00:00
2024-11-11 10:48:46,777 - Short Sell 195.00 shares at 100.83 on 2024-10-31 16:30:00+00:00
2024-11-11 10:48:46,777 - Buy to cover -2340.00 shares at 100.43 on 2024-10-31 17:00:00+00:00 (Exit: Signal, Profit: 1173.2700000000216, Duration: 195.0 minutes)
2024-11-11 10:48:46,777 - Short Sell 196.00 shares at 100.67 on 2024-10-31 17:15:00+00:00
2024-11-11 10:48:46,777 - Buy to cover -196.00 shares at 100.41 on 2024-10-31 17:30:00+00:00 (Exit: Signal, Profit: 50.960000000001, Duration: 15.0 minutes)
2024-11-11 10:48:46,777 - Short Sell 196.00 shares at 100.73 on 2024-10-31 18:00:00+00:00
2024-11-11 10:48:46,777 - Short Sell 196.00 shares at 100.74 on 2024-10-31 18:15:00+00:00
2024-11-11 10:48:46,778 - Buy to cover -392.00 shares at 100.2 on 2024-10-31 19:00:00+00:00 (Exit: Signal, Profit: 209.7199999999931, Duration: 60.0 minutes)
2024-11-11 10:48:46,778 - Long Buy 197.00 shares at 100.19 on 2024-10-31 19:15:00+00:00
2024-11-11 10:48:46,778 - Long Buy 193.00 shares at 99.93 on 2024-10-31 19:30:00+00:00
2024-11-11 10:48:46,778 - Long Buy 190.00 shares at 99.88 on 2024-10-31 19:45:00+00:00
2024-11-11 10:48:46,778 - Sell to close 580.00 shares at 104.28 on 2024-11-01 13:30:00+00:00 (Exit: Profit_take, Profit: 2481.2800000000047, Duration: 1095.0 minutes)
2024-11-11 10:48:46,778 - Short Sell 187.00 shares at 105.57 on 2024-11-01 13:45:00+00:00
2024-11-11 10:48:46,778 - Short Sell 189.00 shares at 104.6 on 2024-11-01 14:00:00+00:00
2024-11-11 10:48:46,778 - Short Sell 189.00 shares at 104.8 on 2024-11-01 14:15:00+00:00
2024-11-11 10:48:46,778 - Buy to cover -565.00 shares at 103.42 on 2024-11-01 14:30:00+00:00 (Exit: Signal, Profit: 885.8900000000001, Duration: 45.0 minutes)
2024-11-11 10:48:46,778 - Long Buy 191.00 shares at 103.84 on 2024-11-01 14:45:00+00:00
2024-11-11 10:48:46,778 - Long Buy 186.00 shares at 104.02 on 2024-11-01 15:00:00+00:00
2024-11-11 10:48:46,778 - Long Buy 184.00 shares at 103.29 on 2024-11-01 15:15:00+00:00
2024-11-11 10:48:46,778 - Long Buy 179.00 shares at 104.13 on 2024-11-01 15:30:00+00:00
2024-11-11 10:48:46,778 - Long Buy 175.00 shares at 104.05 on 2024-11-01 15:45:00+00:00
2024-11-11 10:48:46,778 - Long Buy 171.00 shares at 104.37 on 2024-11-01 16:00:00+00:00
2024-11-11 10:48:46,778 - Long Buy 168.00 shares at 104.2 on 2024-11-01 16:15:00+00:00
2024-11-11 10:48:46,778 - Long Buy 165.00 shares at 104.26 on 2024-11-01 16:30:00+00:00
2024-11-11 10:48:46,778 - Long Buy 162.00 shares at 104.18 on 2024-11-01 16:45:00+00:00
2024-11-11 10:48:46,778 - Long Buy 158.00 shares at 104.43 on 2024-11-01 17:00:00+00:00
2024-11-11 10:48:46,778 - Long Buy 155.00 shares at 104.25 on 2024-11-01 17:15:00+00:00
2024-11-11 10:48:46,778 - Long Buy 152.00 shares at 104.05 on 2024-11-01 17:30:00+00:00
2024-11-11 10:48:46,778 - Long Buy 149.00 shares at 104.36 on 2024-11-01 17:45:00+00:00
2024-11-11 10:48:46,778 - Long Buy 146.00 shares at 104.35 on 2024-11-01 18:00:00+00:00
2024-11-11 10:48:46,778 - Long Buy 143.00 shares at 104.4 on 2024-11-01 18:15:00+00:00
2024-11-11 10:48:46,779 - Long Buy 140.00 shares at 104.52 on 2024-11-01 18:30:00+00:00
2024-11-11 10:48:46,779 - Long Buy 137.00 shares at 104.46 on 2024-11-01 18:45:00+00:00
2024-11-11 10:48:46,779 - Long Buy 135.00 shares at 104.27 on 2024-11-01 19:00:00+00:00
2024-11-11 10:48:46,779 - Long Buy 132.00 shares at 104.38 on 2024-11-01 19:15:00+00:00
2024-11-11 10:48:46,779 - Long Buy 129.00 shares at 104.46 on 2024-11-01 19:30:00+00:00
2024-11-11 10:48:46,779 - Long Buy 128.00 shares at 103.56 on 2024-11-04 14:30:00+00:00
2024-11-11 10:48:46,779 - Long Buy 125.00 shares at 103.93 on 2024-11-04 14:45:00+00:00
2024-11-11 10:48:46,779 - Long Buy 123.00 shares at 103.48 on 2024-11-04 15:00:00+00:00
2024-11-11 10:48:46,779 - Long Buy 120.00 shares at 103.48 on 2024-11-04 15:15:00+00:00
2024-11-11 10:48:46,779 - Long Buy 118.00 shares at 103.34 on 2024-11-04 15:30:00+00:00
2024-11-11 10:48:46,779 - Long Buy 115.00 shares at 103.37 on 2024-11-04 15:45:00+00:00
2024-11-11 10:48:46,779 - Long Buy 114.00 shares at 103.01 on 2024-11-04 16:00:00+00:00
2024-11-11 10:48:46,779 - Long Buy 111.00 shares at 103.17 on 2024-11-04 16:15:00+00:00
2024-11-11 10:48:46,779 - Long Buy 109.00 shares at 102.84 on 2024-11-04 16:30:00+00:00
2024-11-11 10:48:46,779 - Long Buy 107.00 shares at 102.91 on 2024-11-04 16:45:00+00:00
2024-11-11 10:48:46,779 - Long Buy 105.00 shares at 102.96 on 2024-11-04 17:00:00+00:00
2024-11-11 10:48:46,779 - Long Buy 103.00 shares at 102.82 on 2024-11-04 17:15:00+00:00
2024-11-11 10:48:46,779 - Long Buy 101.00 shares at 102.82 on 2024-11-04 17:30:00+00:00
2024-11-11 10:48:46,779 - Long Buy 99.00 shares at 102.79 on 2024-11-04 17:45:00+00:00
2024-11-11 10:48:46,779 - Long Buy 97.00 shares at 102.84 on 2024-11-04 18:00:00+00:00
2024-11-11 10:48:46,779 - Long Buy 95.00 shares at 103.03 on 2024-11-04 18:15:00+00:00
2024-11-11 10:48:46,779 - Long Buy 93.00 shares at 103.02 on 2024-11-04 18:30:00+00:00
2024-11-11 10:48:46,779 - Long Buy 91.00 shares at 103.01 on 2024-11-04 18:45:00+00:00
2024-11-11 10:48:46,779 - Long Buy 89.00 shares at 102.96 on 2024-11-04 19:00:00+00:00
2024-11-11 10:48:46,779 - Long Buy 87.00 shares at 102.94 on 2024-11-04 19:15:00+00:00
2024-11-11 10:48:46,779 - Long Buy 86.00 shares at 102.97 on 2024-11-04 19:45:00+00:00
2024-11-11 10:48:46,779 - Long Buy 84.00 shares at 102.96 on 2024-11-04 20:00:00+00:00
2024-11-11 10:48:46,780 - Long Buy 82.00 shares at 103.02 on 2024-11-04 20:15:00+00:00
2024-11-11 10:48:46,780 - Long Buy 81.00 shares at 102.96 on 2024-11-04 20:45:00+00:00
2024-11-11 10:48:46,780 - Long Buy 79.00 shares at 103.03 on 2024-11-05 14:30:00+00:00
2024-11-11 10:48:46,780 - Sell to close 5699.00 shares at 103.66 on 2024-11-05 14:45:00+00:00 (Exit: Signal, Profit: -291.75000000006617, Duration: 5760.0 minutes)
2024-11-11 10:48:46,780 - Short Sell 191.00 shares at 103.32 on 2024-11-05 15:00:00+00:00
2024-11-11 10:48:46,780 - Short Sell 191.00 shares at 103.48 on 2024-11-05 15:15:00+00:00
2024-11-11 10:48:46,780 - Short Sell 191.00 shares at 103.55 on 2024-11-05 15:30:00+00:00
2024-11-11 10:48:46,780 - Short Sell 191.00 shares at 103.74 on 2024-11-05 15:45:00+00:00
2024-11-11 10:48:46,780 - Short Sell 191.00 shares at 103.79 on 2024-11-05 16:00:00+00:00
2024-11-11 10:48:46,780 - Short Sell 190.00 shares at 103.83 on 2024-11-05 16:15:00+00:00
2024-11-11 10:48:46,780 - Short Sell 190.00 shares at 103.83 on 2024-11-05 16:30:00+00:00
2024-11-11 10:48:46,780 - Short Sell 191.00 shares at 103.73 on 2024-11-05 16:45:00+00:00
2024-11-11 10:48:46,780 - Short Sell 190.00 shares at 103.86 on 2024-11-05 17:00:00+00:00
2024-11-11 10:48:46,780 - Short Sell 190.00 shares at 103.83 on 2024-11-05 17:15:00+00:00
2024-11-11 10:48:46,780 - Short Sell 190.00 shares at 103.93 on 2024-11-05 17:30:00+00:00
2024-11-11 10:48:46,780 - Short Sell 190.00 shares at 103.92 on 2024-11-05 17:45:00+00:00
2024-11-11 10:48:46,780 - Short Sell 190.00 shares at 103.92 on 2024-11-05 18:00:00+00:00
2024-11-11 10:48:46,780 - Buy to cover -2476.00 shares at 103.7 on 2024-11-05 18:30:00+00:00 (Exit: Signal, Profit: 119.11000000000291, Duration: 210.0 minutes)
2024-11-11 10:48:46,780 - Long Buy 191.00 shares at 103.62 on 2024-11-05 19:15:00+00:00
2024-11-11 10:48:46,780 - Sell to close 191.00 shares at 103.96 on 2024-11-05 20:00:00+00:00 (Exit: Signal, Profit: 64.93999999999794, Duration: 45.0 minutes)
2024-11-11 10:48:46,781 - Short Sell 190.00 shares at 103.96 on 2024-11-05 20:30:00+00:00
2024-11-11 10:48:46,781 - Short Sell 190.00 shares at 104.14 on 2024-11-05 20:45:00+00:00
2024-11-11 10:48:46,781 - Short Sell 186.00 shares at 106.0 on 2024-11-06 14:30:00+00:00
2024-11-11 10:48:46,781 - Short Sell 186.00 shares at 106.0 on 2024-11-06 14:45:00+00:00
2024-11-11 10:48:46,781 - Short Sell 188.00 shares at 105.3 on 2024-11-06 15:00:00+00:00
2024-11-11 10:48:46,781 - Short Sell 188.00 shares at 105.15 on 2024-11-06 15:15:00+00:00
2024-11-11 10:48:46,781 - Short Sell 188.00 shares at 105.2 on 2024-11-06 15:30:00+00:00
2024-11-11 10:48:46,781 - Short Sell 189.00 shares at 104.74 on 2024-11-06 15:45:00+00:00
2024-11-11 10:48:46,781 - Short Sell 189.00 shares at 104.56 on 2024-11-06 16:00:00+00:00
2024-11-11 10:48:46,781 - Short Sell 189.00 shares at 104.84 on 2024-11-06 16:15:00+00:00
2024-11-11 10:48:46,781 - Short Sell 188.00 shares at 104.96 on 2024-11-06 16:30:00+00:00
2024-11-11 10:48:46,781 - Short Sell 189.00 shares at 104.69 on 2024-11-06 16:45:00+00:00
2024-11-11 10:48:46,781 - Short Sell 190.00 shares at 104.48 on 2024-11-06 17:00:00+00:00
2024-11-11 10:48:46,781 - Short Sell 190.00 shares at 104.29 on 2024-11-06 17:15:00+00:00
2024-11-11 10:48:46,781 - Short Sell 190.00 shares at 104.14 on 2024-11-06 17:30:00+00:00
2024-11-11 10:48:46,781 - Short Sell 190.00 shares at 104.15 on 2024-11-06 17:45:00+00:00
2024-11-11 10:48:46,781 - Buy to cover -3020.00 shares at 103.64 on 2024-11-06 18:00:00+00:00 (Exit: Signal, Profit: 3453.1500000000087, Duration: 1290.0 minutes)
2024-11-11 10:48:46,781 - Long Buy 192.00 shares at 103.6 on 2024-11-06 18:15:00+00:00
2024-11-11 10:48:46,781 - Long Buy 188.00 shares at 103.59 on 2024-11-06 18:30:00+00:00
2024-11-11 10:48:46,781 - Long Buy 185.00 shares at 103.29 on 2024-11-06 18:45:00+00:00
2024-11-11 10:48:46,781 - Long Buy 181.00 shares at 103.18 on 2024-11-06 19:00:00+00:00
2024-11-11 10:48:46,781 - Long Buy 178.00 shares at 103.12 on 2024-11-06 19:15:00+00:00
2024-11-11 10:48:46,781 - Long Buy 174.00 shares at 103.02 on 2024-11-06 19:30:00+00:00
2024-11-11 10:48:46,781 - Long Buy 171.00 shares at 102.89 on 2024-11-06 19:45:00+00:00
2024-11-11 10:48:46,781 - Long Buy 167.00 shares at 102.88 on 2024-11-06 20:00:00+00:00
2024-11-11 10:48:46,781 - Long Buy 164.00 shares at 103.0 on 2024-11-06 20:15:00+00:00
2024-11-11 10:48:46,782 - Long Buy 161.00 shares at 103.0 on 2024-11-06 20:30:00+00:00
2024-11-11 10:48:46,782 - Long Buy 157.00 shares at 103.21 on 2024-11-06 20:45:00+00:00
2024-11-11 10:48:46,782 - Long Buy 154.00 shares at 103.1 on 2024-11-07 14:30:00+00:00
2024-11-11 10:48:46,782 - Long Buy 151.00 shares at 102.85 on 2024-11-07 14:45:00+00:00
2024-11-11 10:48:46,782 - Long Buy 149.00 shares at 102.74 on 2024-11-07 15:00:00+00:00
2024-11-11 10:48:46,782 - Sell to close 2372.00 shares at 104.0 on 2024-11-07 15:15:00+00:00 (Exit: Signal, Profit: 2086.6800000000035, Duration: 1260.0 minutes)
2024-11-11 10:48:46,782 - Short Sell 191.00 shares at 104.23 on 2024-11-07 15:30:00+00:00
2024-11-11 10:48:46,782 - Short Sell 191.00 shares at 104.22 on 2024-11-07 15:45:00+00:00
2024-11-11 10:48:46,782 - Short Sell 191.00 shares at 104.15 on 2024-11-07 16:00:00+00:00
2024-11-11 10:48:46,782 - Short Sell 191.00 shares at 104.22 on 2024-11-07 16:15:00+00:00
2024-11-11 10:48:46,782 - Short Sell 191.00 shares at 103.92 on 2024-11-07 16:30:00+00:00
2024-11-11 10:48:46,782 - Short Sell 191.00 shares at 103.98 on 2024-11-07 16:45:00+00:00
2024-11-11 10:48:46,782 - Short Sell 191.00 shares at 104.05 on 2024-11-07 17:00:00+00:00
2024-11-11 10:48:46,782 - Short Sell 191.00 shares at 104.05 on 2024-11-07 17:15:00+00:00
2024-11-11 10:48:46,782 - Short Sell 191.00 shares at 103.96 on 2024-11-07 17:30:00+00:00
2024-11-11 10:48:46,782 - Short Sell 191.00 shares at 103.96 on 2024-11-07 17:45:00+00:00
2024-11-11 10:48:46,782 - Short Sell 191.00 shares at 104.05 on 2024-11-07 18:00:00+00:00
2024-11-11 10:48:46,782 - Short Sell 191.00 shares at 103.98 on 2024-11-07 18:15:00+00:00
2024-11-11 10:48:46,782 - Short Sell 191.00 shares at 103.99 on 2024-11-07 18:30:00+00:00
2024-11-11 10:48:46,782 - Short Sell 192.00 shares at 103.88 on 2024-11-07 18:45:00+00:00
2024-11-11 10:48:46,782 - Short Sell 191.00 shares at 103.97 on 2024-11-07 19:00:00+00:00
2024-11-11 10:48:46,782 - Short Sell 191.00 shares at 104.03 on 2024-11-07 19:15:00+00:00
2024-11-11 10:48:46,782 - Buy to cover -3057.00 shares at 104.02 on 2024-11-07 19:30:00+00:00 (Exit: Signal, Profit: 60.9800000000058, Duration: 240.0 minutes)
2024-11-11 10:48:46,782 - Short Sell 190.00 shares at 104.45 on 2024-11-07 19:45:00+00:00
2024-11-11 10:48:46,783 - Short Sell 190.00 shares at 104.48 on 2024-11-07 20:00:00+00:00
2024-11-11 10:48:46,783 - Short Sell 191.00 shares at 104.4 on 2024-11-07 20:15:00+00:00
2024-11-11 10:48:46,783 - Short Sell 191.00 shares at 104.36 on 2024-11-07 20:30:00+00:00
2024-11-11 10:48:46,783 - Buy to cover -762.00 shares at 103.92 on 2024-11-07 20:45:00+00:00 (Exit: Signal, Profit: 382.8199999999857, Duration: 60.0 minutes)
2024-11-11 10:48:46,783 - Short Sell 190.00 shares at 104.88 on 2024-11-08 14:30:00+00:00
2024-11-11 10:48:46,783 - Short Sell 189.00 shares at 105.02 on 2024-11-08 14:45:00+00:00
2024-11-11 10:48:46,783 - Short Sell 189.00 shares at 105.39 on 2024-11-08 15:00:00+00:00
2024-11-11 10:48:46,783 - Short Sell 188.00 shares at 105.67 on 2024-11-08 15:15:00+00:00
2024-11-11 10:48:46,783 - Short Sell 187.00 shares at 106.13 on 2024-11-08 15:30:00+00:00
2024-11-11 10:48:46,783 - Short Sell 187.00 shares at 106.15 on 2024-11-08 15:45:00+00:00
2024-11-11 10:48:46,783 - Short Sell 188.00 shares at 105.89 on 2024-11-08 16:00:00+00:00
2024-11-11 10:48:46,783 - Short Sell 188.00 shares at 105.83 on 2024-11-08 16:15:00+00:00
2024-11-11 10:48:46,783 - Short Sell 188.00 shares at 106.03 on 2024-11-08 16:30:00+00:00
2024-11-11 10:48:46,783 - Short Sell 187.00 shares at 106.2 on 2024-11-08 16:45:00+00:00
2024-11-11 10:48:46,783 - Short Sell 187.00 shares at 106.34 on 2024-11-08 17:00:00+00:00
2024-11-11 10:48:46,783 - Short Sell 187.00 shares at 106.18 on 2024-11-08 17:15:00+00:00
2024-11-11 10:48:46,783 - Short Sell 187.00 shares at 106.28 on 2024-11-08 17:30:00+00:00
2024-11-11 10:48:46,783 - Short Sell 187.00 shares at 106.13 on 2024-11-08 17:45:00+00:00
2024-11-11 10:48:46,783 - Short Sell 187.00 shares at 106.11 on 2024-11-08 18:00:00+00:00
2024-11-11 10:48:46,783 - Short Sell 187.00 shares at 106.42 on 2024-11-08 18:15:00+00:00
2024-11-11 10:48:46,783 - Short Sell 187.00 shares at 106.42 on 2024-11-08 18:30:00+00:00
2024-11-11 10:48:46,783 - Short Sell 186.00 shares at 106.53 on 2024-11-08 18:45:00+00:00
2024-11-11 10:48:46,783 - Short Sell 186.00 shares at 106.56 on 2024-11-08 19:00:00+00:00
2024-11-11 10:48:46,783 - Short Sell 187.00 shares at 106.47 on 2024-11-08 19:15:00+00:00
2024-11-11 10:48:46,783 - Short Sell 186.00 shares at 106.53 on 2024-11-08 19:30:00+00:00
2024-11-11 10:48:46,783 - Short Sell 186.00 shares at 106.57 on 2024-11-08 19:45:00+00:00
2024-11-11 10:48:46,784 - Short Sell 186.00 shares at 106.76 on 2024-11-08 20:00:00+00:00
2024-11-11 10:48:46,784 - Short Sell 186.00 shares at 106.87 on 2024-11-08 20:15:00+00:00
2024-11-11 10:48:46,784 - Buy to cover -4493.00 shares at 106.81 on 2024-11-08 20:30:00+00:00 (Exit: Signal, Profit: -3021.950000000074, Duration: 360.0 minutes)
2024-11-11 10:48:46,784 - Long Buy 186.00 shares at 106.52 on 2024-11-08 20:45:00+00:00
2024-11-11 10:48:46,785 - Holding 186.0 shares as an open position at the end with unrealized return: 1.3341020198274508e-16, Duration: 0.0 minutes
2024-11-11 10:48:46,787 - Final statisticsStock: CHD, 
total_trades: 33, 
winning_trades: 27, 
losing_trades: 6, 
average_return: 0.0032399635146549742, 
average_duration: 990.4545454545455, 
final_balance: 974792.8600000013, 
final_portfolio_value: 994605.5800000012, 
sharpe_ratio: 9.70647167310076, 



