2024-11-11 10:20:55,318 - Starting GBMStrategy with initial capital: 1000000
2024-11-11 10:20:55,318 - Hyperparameters: {'threshold': 1, 'time_periods': 30, 'num_simulations': 150}
2024-11-11 10:22:21,093 - Short Sell 125.00 shares at 159.27 on 2024-10-11 14:30:00+00:00
2024-11-11 10:22:21,094 - Short Sell 125.00 shares at 159.68 on 2024-10-11 14:45:00+00:00
2024-11-11 10:22:21,094 - Short Sell 125.00 shares at 159.72 on 2024-10-11 15:00:00+00:00
2024-11-11 10:22:21,094 - Short Sell 125.00 shares at 159.54 on 2024-10-11 15:15:00+00:00
2024-11-11 10:22:21,095 - Buy to cover -500.00 shares at 158.96 on 2024-10-11 15:45:00+00:00 (Exit: Signal, Profit: 296.25000000000057, Duration: 75.0 minutes)
2024-11-11 10:22:21,095 - Long Buy 125.00 shares at 159.01 on 2024-10-11 16:15:00+00:00
2024-11-11 10:22:21,095 - Sell to close 125.00 shares at 159.45 on 2024-10-11 17:30:00+00:00 (Exit: Signal, Profit: 54.999999999999716, Duration: 75.0 minutes)
2024-11-11 10:22:21,095 - Short Sell 125.00 shares at 160.03 on 2024-10-11 17:45:00+00:00
2024-11-11 10:22:21,095 - Short Sell 124.00 shares at 160.21 on 2024-10-11 18:00:00+00:00
2024-11-11 10:22:21,095 - Short Sell 124.00 shares at 160.25 on 2024-10-11 18:15:00+00:00
2024-11-11 10:22:21,095 - Short Sell 124.00 shares at 160.24 on 2024-10-11 18:30:00+00:00
2024-11-11 10:22:21,095 - Short Sell 124.00 shares at 160.34 on 2024-10-11 18:45:00+00:00
2024-11-11 10:22:21,095 - Short Sell 124.00 shares at 160.27 on 2024-10-11 19:00:00+00:00
2024-11-11 10:22:21,095 - Short Sell 124.00 shares at 160.47 on 2024-10-11 19:15:00+00:00
2024-11-11 10:22:21,095 - Short Sell 124.00 shares at 160.39 on 2024-10-11 19:30:00+00:00
2024-11-11 10:22:21,095 - Short Sell 124.00 shares at 160.32 on 2024-10-11 19:45:00+00:00
2024-11-11 10:22:21,096 - Short Sell 124.00 shares at 160.18 on 2024-10-14 13:30:00+00:00
2024-11-11 10:22:21,096 - Short Sell 124.00 shares at 160.52 on 2024-10-14 13:45:00+00:00
2024-11-11 10:22:21,096 - Short Sell 124.00 shares at 161.1 on 2024-10-14 14:00:00+00:00
2024-11-11 10:22:21,096 - Short Sell 123.00 shares at 161.2 on 2024-10-14 14:15:00+00:00
2024-11-11 10:22:21,096 - Short Sell 124.00 shares at 161.0 on 2024-10-14 14:30:00+00:00
2024-11-11 10:22:21,096 - Short Sell 123.00 shares at 161.3 on 2024-10-14 14:45:00+00:00
2024-11-11 10:22:21,096 - Short Sell 123.00 shares at 161.16 on 2024-10-14 15:00:00+00:00
2024-11-11 10:22:21,096 - Short Sell 124.00 shares at 161.11 on 2024-10-14 15:15:00+00:00
2024-11-11 10:22:21,096 - Short Sell 123.00 shares at 161.34 on 2024-10-14 15:30:00+00:00
2024-11-11 10:22:21,096 - Buy to cover -2229.00 shares at 161.03 on 2024-10-14 15:45:00+00:00 (Exit: Signal, Profit: -883.5200000000159, Duration: 4200.0 minutes)
2024-11-11 10:22:21,096 - Long Buy 124.00 shares at 160.89 on 2024-10-14 16:00:00+00:00
2024-11-11 10:22:21,096 - Long Buy 121.00 shares at 160.81 on 2024-10-14 16:15:00+00:00
2024-11-11 10:22:21,096 - Long Buy 119.00 shares at 160.84 on 2024-10-14 16:30:00+00:00
2024-11-11 10:22:21,096 - Long Buy 117.00 shares at 160.84 on 2024-10-14 17:00:00+00:00
2024-11-11 10:22:21,096 - Long Buy 114.00 shares at 160.98 on 2024-10-14 17:15:00+00:00
2024-11-11 10:22:21,096 - Sell to close 595.00 shares at 161.5 on 2024-10-14 18:15:00+00:00 (Exit: Signal, Profit: 374.16999999999166, Duration: 135.0 minutes)
2024-11-11 10:22:21,096 - Short Sell 123.00 shares at 161.45 on 2024-10-14 18:30:00+00:00
2024-11-11 10:22:21,096 - Short Sell 123.00 shares at 161.48 on 2024-10-14 18:45:00+00:00
2024-11-11 10:22:21,096 - Short Sell 123.00 shares at 161.39 on 2024-10-14 19:15:00+00:00
2024-11-11 10:22:21,096 - Short Sell 123.00 shares at 161.6 on 2024-10-14 19:30:00+00:00
2024-11-11 10:22:21,096 - Short Sell 123.00 shares at 161.52 on 2024-10-14 19:45:00+00:00
2024-11-11 10:22:21,096 - Short Sell 122.00 shares at 162.93 on 2024-10-15 13:30:00+00:00
2024-11-11 10:22:21,097 - Short Sell 122.00 shares at 162.59 on 2024-10-15 13:45:00+00:00
2024-11-11 10:22:21,097 - Short Sell 122.00 shares at 162.55 on 2024-10-15 14:00:00+00:00
2024-11-11 10:22:21,097 - Short Sell 122.00 shares at 163.22 on 2024-10-15 14:15:00+00:00
2024-11-11 10:22:21,097 - Short Sell 122.00 shares at 163.57 on 2024-10-15 14:30:00+00:00
2024-11-11 10:22:21,097 - Short Sell 122.00 shares at 163.2 on 2024-10-15 14:45:00+00:00
2024-11-11 10:22:21,097 - Short Sell 122.00 shares at 163.55 on 2024-10-15 15:00:00+00:00
2024-11-11 10:22:21,097 - Short Sell 122.00 shares at 163.55 on 2024-10-15 15:15:00+00:00
2024-11-11 10:22:21,097 - Short Sell 121.00 shares at 163.78 on 2024-10-15 15:30:00+00:00
2024-11-11 10:22:21,097 - Short Sell 122.00 shares at 163.4 on 2024-10-15 15:45:00+00:00
2024-11-11 10:22:21,097 - Short Sell 122.00 shares at 163.06 on 2024-10-15 16:00:00+00:00
2024-11-11 10:22:21,097 - Short Sell 122.00 shares at 163.18 on 2024-10-15 16:15:00+00:00
2024-11-11 10:22:21,097 - Buy to cover -2078.00 shares at 162.56 on 2024-10-15 16:30:00+00:00 (Exit: Signal, Profit: 298.4200000000326, Duration: 1320.0 minutes)
2024-11-11 10:22:21,097 - Long Buy 122.00 shares at 162.75 on 2024-10-15 16:45:00+00:00
2024-11-11 10:22:21,097 - Long Buy 120.00 shares at 162.83 on 2024-10-15 17:00:00+00:00
2024-11-11 10:22:21,097 - Long Buy 117.00 shares at 162.94 on 2024-10-15 17:30:00+00:00
2024-11-11 10:22:21,097 - Long Buy 115.00 shares at 162.86 on 2024-10-15 17:45:00+00:00
2024-11-11 10:22:21,097 - Long Buy 113.00 shares at 162.79 on 2024-10-15 18:30:00+00:00
2024-11-11 10:22:21,097 - Long Buy 111.00 shares at 162.97 on 2024-10-15 19:00:00+00:00
2024-11-11 10:22:21,097 - Long Buy 108.00 shares at 162.81 on 2024-10-15 19:15:00+00:00
2024-11-11 10:22:21,097 - Long Buy 106.00 shares at 162.86 on 2024-10-15 19:30:00+00:00
2024-11-11 10:22:21,097 - Long Buy 105.00 shares at 161.89 on 2024-10-16 13:30:00+00:00
2024-11-11 10:22:21,097 - Long Buy 102.00 shares at 162.4 on 2024-10-16 13:45:00+00:00
2024-11-11 10:22:21,097 - Long Buy 100.00 shares at 162.03 on 2024-10-16 14:00:00+00:00
2024-11-11 10:22:21,098 - Long Buy 98.00 shares at 162.27 on 2024-10-16 14:15:00+00:00
2024-11-11 10:22:21,098 - Long Buy 96.00 shares at 162.31 on 2024-10-16 14:30:00+00:00
2024-11-11 10:22:21,098 - Long Buy 94.00 shares at 162.33 on 2024-10-16 14:45:00+00:00
2024-11-11 10:22:21,098 - Long Buy 92.00 shares at 162.4 on 2024-10-16 15:00:00+00:00
2024-11-11 10:22:21,098 - Long Buy 91.00 shares at 162.64 on 2024-10-16 15:15:00+00:00
2024-11-11 10:22:21,098 - Long Buy 89.00 shares at 162.76 on 2024-10-16 15:30:00+00:00
2024-11-11 10:22:21,098 - Long Buy 87.00 shares at 162.71 on 2024-10-16 15:45:00+00:00
2024-11-11 10:22:21,098 - Long Buy 85.00 shares at 162.9 on 2024-10-16 16:00:00+00:00
2024-11-11 10:22:21,098 - Long Buy 83.00 shares at 162.85 on 2024-10-16 17:30:00+00:00
2024-11-11 10:22:21,098 - Sell to close 2034.00 shares at 163.09 on 2024-10-16 18:00:00+00:00 (Exit: Signal, Profit: 950.5100000000336, Duration: 1515.0 minutes)
2024-11-11 10:22:21,098 - Short Sell 122.00 shares at 163.5 on 2024-10-16 18:15:00+00:00
2024-11-11 10:22:21,098 - Short Sell 122.00 shares at 163.11 on 2024-10-16 18:30:00+00:00
2024-11-11 10:22:21,098 - Short Sell 122.00 shares at 163.37 on 2024-10-16 19:30:00+00:00
2024-11-11 10:22:21,098 - Short Sell 122.00 shares at 163.43 on 2024-10-16 19:45:00+00:00
2024-11-11 10:22:21,098 - Buy to cover -488.00 shares at 162.57 on 2024-10-17 13:30:00+00:00 (Exit: Signal, Profit: 381.85999999999945, Duration: 1155.0 minutes)
2024-11-11 10:22:21,098 - Long Buy 123.00 shares at 162.49 on 2024-10-17 13:45:00+00:00
2024-11-11 10:22:21,098 - Long Buy 120.00 shares at 162.6 on 2024-10-17 15:00:00+00:00
2024-11-11 10:22:21,099 - Long Buy 118.00 shares at 162.39 on 2024-10-17 17:00:00+00:00
2024-11-11 10:22:21,099 - Long Buy 116.00 shares at 162.36 on 2024-10-17 17:15:00+00:00
2024-11-11 10:22:21,099 - Long Buy 113.00 shares at 162.4 on 2024-10-17 17:30:00+00:00
2024-11-11 10:22:21,099 - Long Buy 111.00 shares at 162.51 on 2024-10-17 18:00:00+00:00
2024-11-11 10:22:21,099 - Long Buy 109.00 shares at 162.5 on 2024-10-17 18:15:00+00:00
2024-11-11 10:22:21,099 - Long Buy 107.00 shares at 162.49 on 2024-10-17 18:30:00+00:00
2024-11-11 10:22:21,099 - Sell to close 917.00 shares at 162.61 on 2024-10-17 18:45:00+00:00 (Exit: Signal, Profit: 130.58000000003983, Duration: 300.0 minutes)
2024-11-11 10:22:21,099 - Short Sell 123.00 shares at 162.66 on 2024-10-17 19:00:00+00:00
2024-11-11 10:22:21,099 - Buy to cover -123.00 shares at 161.28 on 2024-10-18 13:30:00+00:00 (Exit: Signal, Profit: 169.73999999999944, Duration: 1110.0 minutes)
2024-11-11 10:22:21,099 - Long Buy 123.00 shares at 161.77 on 2024-10-18 13:45:00+00:00
2024-11-11 10:22:21,099 - Long Buy 121.00 shares at 161.94 on 2024-10-18 14:00:00+00:00
2024-11-11 10:22:21,099 - Long Buy 119.00 shares at 161.66 on 2024-10-18 14:15:00+00:00
2024-11-11 10:22:21,099 - Long Buy 116.00 shares at 161.63 on 2024-10-18 14:30:00+00:00
2024-11-11 10:22:21,099 - Long Buy 114.00 shares at 162.06 on 2024-10-18 14:45:00+00:00
2024-11-11 10:22:21,099 - Long Buy 111.00 shares at 162.05 on 2024-10-18 15:00:00+00:00
2024-11-11 10:22:21,099 - Long Buy 109.00 shares at 162.11 on 2024-10-18 15:15:00+00:00
2024-11-11 10:22:21,099 - Long Buy 107.00 shares at 161.81 on 2024-10-18 15:30:00+00:00
2024-11-11 10:22:21,099 - Long Buy 105.00 shares at 161.75 on 2024-10-18 15:45:00+00:00
2024-11-11 10:22:21,099 - Long Buy 103.00 shares at 161.77 on 2024-10-18 16:00:00+00:00
2024-11-11 10:22:21,099 - Long Buy 101.00 shares at 161.78 on 2024-10-18 16:15:00+00:00
2024-11-11 10:22:21,099 - Long Buy 99.00 shares at 161.85 on 2024-10-18 16:30:00+00:00
2024-11-11 10:22:21,100 - Long Buy 97.00 shares at 161.95 on 2024-10-18 16:45:00+00:00
2024-11-11 10:22:21,100 - Long Buy 95.00 shares at 162.13 on 2024-10-18 17:00:00+00:00
2024-11-11 10:22:21,100 - Long Buy 93.00 shares at 162.06 on 2024-10-18 17:15:00+00:00
2024-11-11 10:22:21,100 - Long Buy 91.00 shares at 162.12 on 2024-10-18 17:30:00+00:00
2024-11-11 10:22:21,100 - Long Buy 89.00 shares at 162.05 on 2024-10-18 17:45:00+00:00
2024-11-11 10:22:21,100 - Long Buy 87.00 shares at 162.18 on 2024-10-18 18:45:00+00:00
2024-11-11 10:22:21,100 - Long Buy 86.00 shares at 161.77 on 2024-10-18 19:00:00+00:00
2024-11-11 10:22:21,100 - Long Buy 84.00 shares at 161.47 on 2024-10-18 19:15:00+00:00
2024-11-11 10:22:21,100 - Long Buy 83.00 shares at 161.39 on 2024-10-18 19:30:00+00:00
2024-11-11 10:22:21,100 - Sell to close 2133.00 shares at 161.96 on 2024-10-18 19:45:00+00:00 (Exit: Signal, Profit: 187.38999999999396, Duration: 360.0 minutes)
2024-11-11 10:22:21,100 - Short Sell 123.00 shares at 161.79 on 2024-10-21 13:30:00+00:00
2024-11-11 10:22:21,100 - Buy to cover -123.00 shares at 161.3 on 2024-10-21 13:45:00+00:00 (Exit: Signal, Profit: 60.26999999999762, Duration: 15.0 minutes)
2024-11-11 10:22:21,100 - Long Buy 124.00 shares at 161.11 on 2024-10-21 14:00:00+00:00
2024-11-11 10:22:21,100 - Long Buy 122.00 shares at 160.74 on 2024-10-21 14:15:00+00:00
2024-11-11 10:22:21,100 - Long Buy 119.00 shares at 161.13 on 2024-10-21 14:30:00+00:00
2024-11-11 10:22:21,100 - Long Buy 117.00 shares at 160.64 on 2024-10-21 14:45:00+00:00
2024-11-11 10:22:21,100 - Long Buy 115.00 shares at 160.19 on 2024-10-21 15:00:00+00:00
2024-11-11 10:22:21,100 - Long Buy 113.00 shares at 160.29 on 2024-10-21 15:15:00+00:00
2024-11-11 10:22:21,100 - Long Buy 110.00 shares at 160.3 on 2024-10-21 15:30:00+00:00
2024-11-11 10:22:21,100 - Long Buy 108.00 shares at 160.46 on 2024-10-21 15:45:00+00:00
2024-11-11 10:22:21,100 - Long Buy 106.00 shares at 160.55 on 2024-10-21 16:00:00+00:00
2024-11-11 10:22:21,100 - Long Buy 104.00 shares at 160.71 on 2024-10-21 16:15:00+00:00
2024-11-11 10:22:21,100 - Long Buy 101.00 shares at 160.75 on 2024-10-21 16:30:00+00:00
2024-11-11 10:22:21,100 - Long Buy 99.00 shares at 160.86 on 2024-10-21 16:45:00+00:00
2024-11-11 10:22:21,100 - Long Buy 97.00 shares at 160.88 on 2024-10-21 17:00:00+00:00
2024-11-11 10:22:21,101 - Long Buy 95.00 shares at 161.05 on 2024-10-21 17:15:00+00:00
2024-11-11 10:22:21,101 - Long Buy 93.00 shares at 161.12 on 2024-10-21 17:30:00+00:00
2024-11-11 10:22:21,101 - Long Buy 92.00 shares at 160.94 on 2024-10-21 17:45:00+00:00
2024-11-11 10:22:21,101 - Long Buy 90.00 shares at 160.96 on 2024-10-21 18:00:00+00:00
2024-11-11 10:22:21,101 - Long Buy 88.00 shares at 160.73 on 2024-10-21 18:15:00+00:00
2024-11-11 10:22:21,101 - Long Buy 86.00 shares at 160.87 on 2024-10-21 18:30:00+00:00
2024-11-11 10:22:21,101 - Long Buy 85.00 shares at 160.72 on 2024-10-21 18:45:00+00:00
2024-11-11 10:22:21,101 - Long Buy 83.00 shares at 160.66 on 2024-10-21 19:00:00+00:00
2024-11-11 10:22:21,101 - Long Buy 81.00 shares at 160.83 on 2024-10-21 19:15:00+00:00
2024-11-11 10:22:21,101 - Long Buy 80.00 shares at 160.57 on 2024-10-21 19:30:00+00:00
2024-11-11 10:22:21,101 - Long Buy 78.00 shares at 160.39 on 2024-10-21 19:45:00+00:00
2024-11-11 10:22:21,101 - Long Buy 77.00 shares at 159.05 on 2024-10-22 13:30:00+00:00
2024-11-11 10:22:21,101 - Long Buy 76.00 shares at 159.02 on 2024-10-22 13:45:00+00:00
2024-11-11 10:22:21,101 - Long Buy 74.00 shares at 158.86 on 2024-10-22 14:00:00+00:00
2024-11-11 10:22:21,101 - Long Buy 73.00 shares at 158.56 on 2024-10-22 14:15:00+00:00
2024-11-11 10:22:21,101 - Long Buy 72.00 shares at 158.31 on 2024-10-22 14:30:00+00:00
2024-11-11 10:22:21,101 - Long Buy 70.00 shares at 158.68 on 2024-10-22 14:45:00+00:00
2024-11-11 10:22:21,101 - Sell to close 2828.00 shares at 159.28 on 2024-10-22 15:00:00+00:00 (Exit: Signal, Profit: -3213.0100000000566, Duration: 1500.0 minutes)
2024-11-11 10:22:21,101 - Short Sell 125.00 shares at 159.25 on 2024-10-22 15:15:00+00:00
2024-11-11 10:22:21,101 - Buy to cover -125.00 shares at 158.63 on 2024-10-22 16:15:00+00:00 (Exit: Signal, Profit: 77.50000000000057, Duration: 60.0 minutes)
2024-11-11 10:22:21,102 - Short Sell 125.00 shares at 159.37 on 2024-10-22 19:30:00+00:00
2024-11-11 10:22:21,102 - Buy to cover -125.00 shares at 157.89 on 2024-10-23 13:30:00+00:00 (Exit: Signal, Profit: 185.00000000000227, Duration: 1080.0 minutes)
2024-11-11 10:22:21,102 - Long Buy 126.00 shares at 157.7 on 2024-10-23 13:45:00+00:00
2024-11-11 10:22:21,102 - Long Buy 123.00 shares at 158.02 on 2024-10-23 14:00:00+00:00
2024-11-11 10:22:21,102 - Long Buy 121.00 shares at 157.99 on 2024-10-23 14:15:00+00:00
2024-11-11 10:22:21,102 - Long Buy 119.00 shares at 157.3 on 2024-10-23 14:30:00+00:00
2024-11-11 10:22:21,102 - Long Buy 117.00 shares at 157.32 on 2024-10-23 14:45:00+00:00
2024-11-11 10:22:21,102 - Sell to close 606.00 shares at 157.68 on 2024-10-23 15:00:00+00:00 (Exit: Signal, Profit: 5.489999999989038, Duration: 75.0 minutes)
2024-11-11 10:22:21,102 - Short Sell 126.00 shares at 158.33 on 2024-10-23 15:15:00+00:00
2024-11-11 10:22:21,102 - Short Sell 126.00 shares at 158.57 on 2024-10-23 15:30:00+00:00
2024-11-11 10:22:21,102 - Short Sell 126.00 shares at 158.47 on 2024-10-23 15:45:00+00:00
2024-11-11 10:22:21,102 - Short Sell 126.00 shares at 158.22 on 2024-10-23 16:00:00+00:00
2024-11-11 10:22:21,102 - Short Sell 126.00 shares at 158.42 on 2024-10-23 16:15:00+00:00
2024-11-11 10:22:21,102 - Short Sell 125.00 shares at 158.62 on 2024-10-23 16:30:00+00:00
2024-11-11 10:22:21,102 - Short Sell 125.00 shares at 158.65 on 2024-10-23 16:45:00+00:00
2024-11-11 10:22:21,102 - Short Sell 125.00 shares at 158.83 on 2024-10-23 17:00:00+00:00
2024-11-11 10:22:21,102 - Short Sell 125.00 shares at 158.67 on 2024-10-23 17:15:00+00:00
2024-11-11 10:22:21,102 - Short Sell 125.00 shares at 158.65 on 2024-10-23 17:30:00+00:00
2024-11-11 10:22:21,102 - Short Sell 125.00 shares at 158.95 on 2024-10-23 17:45:00+00:00
2024-11-11 10:22:21,102 - Short Sell 125.00 shares at 158.95 on 2024-10-23 18:00:00+00:00
2024-11-11 10:22:21,102 - Short Sell 125.00 shares at 159.1 on 2024-10-23 18:15:00+00:00
2024-11-11 10:22:21,102 - Short Sell 125.00 shares at 159.08 on 2024-10-23 18:30:00+00:00
2024-11-11 10:22:21,102 - Short Sell 125.00 shares at 158.99 on 2024-10-23 18:45:00+00:00
2024-11-11 10:22:21,102 - Short Sell 125.00 shares at 158.93 on 2024-10-23 19:00:00+00:00
2024-11-11 10:22:21,102 - Short Sell 125.00 shares at 158.88 on 2024-10-23 19:15:00+00:00
2024-11-11 10:22:21,103 - Short Sell 125.00 shares at 159.06 on 2024-10-23 19:30:00+00:00
2024-11-11 10:22:21,103 - Short Sell 125.00 shares at 159.03 on 2024-10-23 19:45:00+00:00
2024-11-11 10:22:21,103 - Short Sell 125.00 shares at 158.67 on 2024-10-24 13:30:00+00:00
2024-11-11 10:22:21,103 - Short Sell 125.00 shares at 158.68 on 2024-10-24 13:45:00+00:00
2024-11-11 10:22:21,103 - Short Sell 126.00 shares at 158.44 on 2024-10-24 14:00:00+00:00
2024-11-11 10:22:21,103 - Short Sell 125.00 shares at 159.23 on 2024-10-24 14:15:00+00:00
2024-11-11 10:22:21,103 - Short Sell 125.00 shares at 158.86 on 2024-10-24 14:30:00+00:00
2024-11-11 10:22:21,103 - Short Sell 126.00 shares at 158.47 on 2024-10-24 14:45:00+00:00
2024-11-11 10:22:21,103 - Short Sell 126.00 shares at 158.53 on 2024-10-24 15:00:00+00:00
2024-11-11 10:22:21,103 - Short Sell 126.00 shares at 158.35 on 2024-10-24 15:15:00+00:00
2024-11-11 10:22:21,103 - Short Sell 126.00 shares at 158.54 on 2024-10-24 15:30:00+00:00
2024-11-11 10:22:21,103 - Short Sell 125.00 shares at 158.77 on 2024-10-24 15:45:00+00:00
2024-11-11 10:22:21,103 - Buy to cover -3635.00 shares at 158.5 on 2024-10-24 16:00:00+00:00 (Exit: Signal, Profit: 804.3399999999795, Duration: 1485.0 minutes)
2024-11-11 10:22:21,103 - Long Buy 126.00 shares at 158.63 on 2024-10-24 16:15:00+00:00
2024-11-11 10:22:21,103 - Sell to close 126.00 shares at 158.89 on 2024-10-24 16:30:00+00:00 (Exit: Signal, Profit: 32.759999999998854, Duration: 15.0 minutes)
2024-11-11 10:22:21,103 - Short Sell 125.00 shares at 159.12 on 2024-10-24 16:45:00+00:00
2024-11-11 10:22:21,103 - Short Sell 125.00 shares at 158.93 on 2024-10-24 17:00:00+00:00
2024-11-11 10:22:21,103 - Buy to cover -250.00 shares at 158.58 on 2024-10-24 17:45:00+00:00 (Exit: Signal, Profit: 111.2499999999983, Duration: 60.0 minutes)
2024-11-11 10:22:21,103 - Long Buy 126.00 shares at 158.18 on 2024-10-25 13:30:00+00:00
2024-11-11 10:22:21,104 - Long Buy 124.00 shares at 157.43 on 2024-10-25 13:45:00+00:00
2024-11-11 10:22:21,104 - Long Buy 122.00 shares at 157.39 on 2024-10-25 14:00:00+00:00
2024-11-11 10:22:21,104 - Long Buy 119.00 shares at 157.22 on 2024-10-25 14:15:00+00:00
2024-11-11 10:22:21,104 - Long Buy 117.00 shares at 157.31 on 2024-10-25 14:30:00+00:00
2024-11-11 10:22:21,104 - Long Buy 115.00 shares at 156.94 on 2024-10-25 14:45:00+00:00
2024-11-11 10:22:21,104 - Long Buy 112.00 shares at 157.07 on 2024-10-25 15:00:00+00:00
2024-11-11 10:22:21,104 - Long Buy 110.00 shares at 157.05 on 2024-10-25 15:15:00+00:00
2024-11-11 10:22:21,104 - Long Buy 108.00 shares at 157.08 on 2024-10-25 15:30:00+00:00
2024-11-11 10:22:21,104 - Long Buy 106.00 shares at 157.24 on 2024-10-25 15:45:00+00:00
2024-11-11 10:22:21,104 - Long Buy 103.00 shares at 157.38 on 2024-10-25 16:00:00+00:00
2024-11-11 10:22:21,104 - Long Buy 101.00 shares at 157.49 on 2024-10-25 16:15:00+00:00
2024-11-11 10:22:21,104 - Long Buy 99.00 shares at 157.31 on 2024-10-25 16:30:00+00:00
2024-11-11 10:22:21,104 - Long Buy 98.00 shares at 157.12 on 2024-10-25 16:45:00+00:00
2024-11-11 10:22:21,104 - Sell to close 1560.00 shares at 157.14 on 2024-10-25 17:00:00+00:00 (Exit: Signal, Profit: -265.23000000006164, Duration: 210.0 minutes)
2024-11-11 10:22:21,104 - Long Buy 127.00 shares at 157.03 on 2024-10-25 17:15:00+00:00
2024-11-11 10:22:21,104 - Long Buy 125.00 shares at 156.66 on 2024-10-25 17:30:00+00:00
2024-11-11 10:22:21,104 - Long Buy 122.00 shares at 156.92 on 2024-10-25 17:45:00+00:00
2024-11-11 10:22:21,104 - Long Buy 120.00 shares at 156.76 on 2024-10-25 18:00:00+00:00
2024-11-11 10:22:21,104 - Long Buy 117.00 shares at 156.98 on 2024-10-25 18:15:00+00:00
2024-11-11 10:22:21,104 - Long Buy 115.00 shares at 156.76 on 2024-10-25 19:30:00+00:00
2024-11-11 10:22:21,104 - Long Buy 113.00 shares at 156.74 on 2024-10-25 19:45:00+00:00
2024-11-11 10:22:21,104 - Sell to close 839.00 shares at 157.97 on 2024-10-28 13:30:00+00:00 (Exit: Signal, Profit: 950.4000000000306, Duration: 4095.0 minutes)
2024-11-11 10:22:21,104 - Short Sell 126.00 shares at 157.74 on 2024-10-28 14:00:00+00:00
2024-11-11 10:22:21,105 - Short Sell 126.00 shares at 157.65 on 2024-10-28 14:15:00+00:00
2024-11-11 10:22:21,105 - Short Sell 127.00 shares at 157.46 on 2024-10-28 14:30:00+00:00
2024-11-11 10:22:21,105 - Short Sell 126.00 shares at 157.6 on 2024-10-28 14:45:00+00:00
2024-11-11 10:22:21,105 - Short Sell 126.00 shares at 157.63 on 2024-10-28 15:00:00+00:00
2024-11-11 10:22:21,105 - Short Sell 127.00 shares at 157.49 on 2024-10-28 15:15:00+00:00
2024-11-11 10:22:21,105 - Short Sell 127.00 shares at 157.43 on 2024-10-28 15:45:00+00:00
2024-11-11 10:22:21,105 - Short Sell 127.00 shares at 157.52 on 2024-10-28 16:00:00+00:00
2024-11-11 10:22:21,105 - Short Sell 127.00 shares at 157.52 on 2024-10-28 16:15:00+00:00
2024-11-11 10:22:21,105 - Short Sell 127.00 shares at 157.44 on 2024-10-28 16:30:00+00:00
2024-11-11 10:22:21,105 - Short Sell 127.00 shares at 157.41 on 2024-10-28 16:45:00+00:00
2024-11-11 10:22:21,105 - Short Sell 127.00 shares at 157.46 on 2024-10-28 17:00:00+00:00
2024-11-11 10:22:21,105 - Short Sell 127.00 shares at 157.44 on 2024-10-28 17:15:00+00:00
2024-11-11 10:22:21,105 - Short Sell 127.00 shares at 157.47 on 2024-10-28 17:30:00+00:00
2024-11-11 10:22:21,105 - Short Sell 126.00 shares at 157.58 on 2024-10-28 17:45:00+00:00
2024-11-11 10:22:21,105 - Buy to cover -1900.00 shares at 157.43 on 2024-10-28 18:00:00+00:00 (Exit: Signal, Profit: 175.4800000000415, Duration: 240.0 minutes)
2024-11-11 10:22:21,105 - Long Buy 127.00 shares at 157.28 on 2024-10-28 18:15:00+00:00
2024-11-11 10:22:21,105 - Long Buy 124.00 shares at 157.37 on 2024-10-28 18:30:00+00:00
2024-11-11 10:22:21,105 - Long Buy 122.00 shares at 157.43 on 2024-10-28 18:45:00+00:00
2024-11-11 10:22:21,105 - Sell to close 373.00 shares at 157.92 on 2024-10-28 19:30:00+00:00 (Exit: Signal, Profit: 209.25999999999058, Duration: 75.0 minutes)
2024-11-11 10:22:21,105 - Short Sell 126.00 shares at 157.73 on 2024-10-28 19:45:00+00:00
2024-11-11 10:22:21,105 - Buy to cover -126.00 shares at 156.64 on 2024-10-29 13:30:00+00:00 (Exit: Signal, Profit: 137.34000000000043, Duration: 1065.0 minutes)
2024-11-11 10:22:21,106 - Long Buy 127.00 shares at 156.58 on 2024-10-29 13:45:00+00:00
2024-11-11 10:22:21,106 - Long Buy 125.00 shares at 156.87 on 2024-10-29 14:00:00+00:00
2024-11-11 10:22:21,106 - Long Buy 122.00 shares at 157.03 on 2024-10-29 14:15:00+00:00
2024-11-11 10:22:21,106 - Long Buy 119.00 shares at 157.21 on 2024-10-29 14:30:00+00:00
2024-11-11 10:22:21,106 - Long Buy 117.00 shares at 157.27 on 2024-10-29 14:45:00+00:00
2024-11-11 10:22:21,106 - Long Buy 115.00 shares at 157.28 on 2024-10-29 15:00:00+00:00
2024-11-11 10:22:21,106 - Long Buy 112.00 shares at 157.2 on 2024-10-29 15:15:00+00:00
2024-11-11 10:22:21,106 - Long Buy 110.00 shares at 157.31 on 2024-10-29 15:30:00+00:00
2024-11-11 10:22:21,106 - Long Buy 108.00 shares at 157.3 on 2024-10-29 15:45:00+00:00
2024-11-11 10:22:21,106 - Sell to close 1055.00 shares at 157.9 on 2024-10-29 17:00:00+00:00 (Exit: Signal, Profit: 837.7500000000141, Duration: 195.0 minutes)
2024-11-11 10:22:21,106 - Long Buy 127.00 shares at 157.28 on 2024-10-29 18:00:00+00:00
2024-11-11 10:22:21,106 - Long Buy 124.00 shares at 157.21 on 2024-10-29 18:45:00+00:00
2024-11-11 10:22:21,106 - Long Buy 122.00 shares at 157.12 on 2024-10-29 19:00:00+00:00
2024-11-11 10:22:21,106 - Sell to close 373.00 shares at 157.42 on 2024-10-29 19:30:00+00:00 (Exit: Signal, Profit: 80.41999999999422, Duration: 90.0 minutes)
2024-11-11 10:22:21,106 - Long Buy 127.00 shares at 156.84 on 2024-10-29 19:45:00+00:00
2024-11-11 10:22:21,106 - Long Buy 125.00 shares at 156.5 on 2024-10-30 13:30:00+00:00
2024-11-11 10:22:21,106 - Long Buy 122.00 shares at 156.93 on 2024-10-30 13:45:00+00:00
2024-11-11 10:22:21,106 - Long Buy 120.00 shares at 156.41 on 2024-10-30 14:00:00+00:00
2024-11-11 10:22:21,106 - Long Buy 118.00 shares at 156.06 on 2024-10-30 14:15:00+00:00
2024-11-11 10:22:21,106 - Long Buy 115.00 shares at 156.45 on 2024-10-30 14:30:00+00:00
2024-11-11 10:22:21,106 - Long Buy 113.00 shares at 156.2 on 2024-10-30 14:45:00+00:00
2024-11-11 10:22:21,107 - Long Buy 111.00 shares at 155.97 on 2024-10-30 15:00:00+00:00
2024-11-11 10:22:21,107 - Long Buy 109.00 shares at 155.75 on 2024-10-30 15:15:00+00:00
2024-11-11 10:22:21,107 - Long Buy 107.00 shares at 156.08 on 2024-10-30 15:30:00+00:00
2024-11-11 10:22:21,107 - Long Buy 104.00 shares at 156.44 on 2024-10-30 15:45:00+00:00
2024-11-11 10:22:21,107 - Long Buy 102.00 shares at 156.74 on 2024-10-30 16:00:00+00:00
2024-11-11 10:22:21,107 - Long Buy 100.00 shares at 156.94 on 2024-10-30 16:15:00+00:00
2024-11-11 10:22:21,107 - Sell to close 1473.00 shares at 157.53 on 2024-10-30 17:00:00+00:00 (Exit: Signal, Profit: 1647.1999999999907, Duration: 1275.0 minutes)
2024-11-11 10:22:21,107 - Long Buy 127.00 shares at 156.91 on 2024-10-30 18:45:00+00:00
2024-11-11 10:22:21,107 - Long Buy 125.00 shares at 156.73 on 2024-10-30 19:00:00+00:00
2024-11-11 10:22:21,107 - Long Buy 123.00 shares at 156.58 on 2024-10-30 19:30:00+00:00
2024-11-11 10:22:21,107 - Long Buy 120.00 shares at 156.55 on 2024-10-30 19:45:00+00:00
2024-11-11 10:22:21,107 - Sell to close 495.00 shares at 163.0 on 2024-10-31 13:30:00+00:00 (Exit: Profit_take, Profit: 3120.839999999995, Duration: 1125.0 minutes)
2024-11-11 10:22:21,107 - Short Sell 125.00 shares at 160.51 on 2024-10-31 13:45:00+00:00
2024-11-11 10:22:21,107 - Short Sell 125.00 shares at 160.78 on 2024-10-31 14:00:00+00:00
2024-11-11 10:22:21,107 - Short Sell 125.00 shares at 160.85 on 2024-10-31 14:15:00+00:00
2024-11-11 10:22:21,107 - Short Sell 124.00 shares at 161.85 on 2024-10-31 14:30:00+00:00
2024-11-11 10:22:21,107 - Short Sell 124.00 shares at 161.54 on 2024-10-31 14:45:00+00:00
2024-11-11 10:22:21,107 - Short Sell 124.00 shares at 161.68 on 2024-10-31 15:00:00+00:00
2024-11-11 10:22:21,107 - Short Sell 125.00 shares at 160.99 on 2024-10-31 15:15:00+00:00
2024-11-11 10:22:21,107 - Short Sell 125.00 shares at 160.93 on 2024-10-31 15:30:00+00:00
2024-11-11 10:22:21,107 - Short Sell 125.00 shares at 161.02 on 2024-10-31 15:45:00+00:00
2024-11-11 10:22:21,107 - Short Sell 125.00 shares at 160.11 on 2024-10-31 16:00:00+00:00
2024-11-11 10:22:21,108 - Short Sell 126.00 shares at 159.96 on 2024-10-31 16:15:00+00:00
2024-11-11 10:22:21,108 - Short Sell 126.00 shares at 159.68 on 2024-10-31 16:30:00+00:00
2024-11-11 10:22:21,108 - Short Sell 126.00 shares at 159.98 on 2024-10-31 16:45:00+00:00
2024-11-11 10:22:21,108 - Short Sell 126.00 shares at 159.7 on 2024-10-31 17:00:00+00:00
2024-11-11 10:22:21,108 - Short Sell 125.00 shares at 160.42 on 2024-10-31 17:15:00+00:00
2024-11-11 10:22:21,108 - Short Sell 126.00 shares at 159.96 on 2024-10-31 17:30:00+00:00
2024-11-11 10:22:21,108 - Short Sell 126.00 shares at 159.93 on 2024-10-31 17:45:00+00:00
2024-11-11 10:22:21,108 - Short Sell 125.00 shares at 160.17 on 2024-10-31 18:00:00+00:00
2024-11-11 10:22:21,108 - Short Sell 124.00 shares at 160.99 on 2024-10-31 18:15:00+00:00
2024-11-11 10:22:21,108 - Short Sell 125.00 shares at 160.13 on 2024-10-31 18:30:00+00:00
2024-11-11 10:22:21,108 - Short Sell 126.00 shares at 159.39 on 2024-10-31 18:45:00+00:00
2024-11-11 10:22:21,108 - Short Sell 127.00 shares at 158.71 on 2024-10-31 19:00:00+00:00
2024-11-11 10:22:21,108 - Short Sell 127.00 shares at 159.0 on 2024-10-31 19:15:00+00:00
2024-11-11 10:22:21,108 - Short Sell 127.00 shares at 158.64 on 2024-10-31 19:30:00+00:00
2024-11-11 10:22:21,108 - Short Sell 127.00 shares at 158.5 on 2024-10-31 19:45:00+00:00
2024-11-11 10:22:21,108 - Short Sell 126.00 shares at 159.63 on 2024-11-01 13:30:00+00:00
2024-11-11 10:22:21,108 - Short Sell 123.00 shares at 162.19 on 2024-11-01 13:45:00+00:00
2024-11-11 10:22:21,108 - Short Sell 123.00 shares at 162.35 on 2024-11-01 14:00:00+00:00
2024-11-11 10:22:21,108 - Short Sell 122.00 shares at 162.78 on 2024-11-01 14:15:00+00:00
2024-11-11 10:22:21,108 - Buy to cover -3630.00 shares at 162.25 on 2024-11-01 14:30:00+00:00 (Exit: Signal, Profit: -6656.799999999817, Duration: 1485.0 minutes)
2024-11-11 10:22:21,108 - Short Sell 122.00 shares at 163.11 on 2024-11-01 14:45:00+00:00
2024-11-11 10:22:21,108 - Short Sell 122.00 shares at 162.94 on 2024-11-01 15:00:00+00:00
2024-11-11 10:22:21,108 - Buy to cover -244.00 shares at 162.34 on 2024-11-01 15:15:00+00:00 (Exit: Signal, Profit: 167.1400000000075, Duration: 30.0 minutes)
2024-11-11 10:22:21,108 - Long Buy 123.00 shares at 162.22 on 2024-11-01 15:45:00+00:00
2024-11-11 10:22:21,108 - Long Buy 120.00 shares at 162.07 on 2024-11-01 16:00:00+00:00
2024-11-11 10:22:21,109 - Long Buy 118.00 shares at 162.09 on 2024-11-01 16:15:00+00:00
2024-11-11 10:22:21,109 - Long Buy 115.00 shares at 162.4 on 2024-11-01 16:45:00+00:00
2024-11-11 10:22:21,109 - Long Buy 113.00 shares at 162.43 on 2024-11-01 17:00:00+00:00
2024-11-11 10:22:21,109 - Long Buy 111.00 shares at 162.08 on 2024-11-01 17:30:00+00:00
2024-11-11 10:22:21,109 - Long Buy 109.00 shares at 162.31 on 2024-11-01 17:45:00+00:00
2024-11-11 10:22:21,109 - Long Buy 107.00 shares at 162.28 on 2024-11-01 18:00:00+00:00
2024-11-11 10:22:21,109 - Sell to close 916.00 shares at 163.58 on 2024-11-04 14:45:00+00:00 (Exit: Signal, Profit: 1233.9800000000164, Duration: 4260.0 minutes)
2024-11-11 10:22:21,109 - Short Sell 122.00 shares at 163.64 on 2024-11-04 15:00:00+00:00
2024-11-11 10:22:21,109 - Short Sell 122.00 shares at 163.56 on 2024-11-04 15:15:00+00:00
2024-11-11 10:22:21,109 - Buy to cover -244.00 shares at 162.93 on 2024-11-04 16:30:00+00:00 (Exit: Signal, Profit: 163.47999999999, Duration: 90.0 minutes)
2024-11-11 10:22:21,109 - Short Sell 122.00 shares at 163.18 on 2024-11-04 17:00:00+00:00
2024-11-11 10:22:21,109 - Buy to cover -122.00 shares at 162.52 on 2024-11-04 18:00:00+00:00 (Exit: Signal, Profit: 80.51999999999958, Duration: 60.0 minutes)
2024-11-11 10:22:21,109 - Long Buy 123.00 shares at 162.64 on 2024-11-04 18:15:00+00:00
2024-11-11 10:22:21,109 - Long Buy 120.00 shares at 162.53 on 2024-11-04 18:45:00+00:00
2024-11-11 10:22:21,109 - Long Buy 118.00 shares at 162.34 on 2024-11-04 19:00:00+00:00
2024-11-11 10:22:21,110 - Long Buy 116.00 shares at 162.14 on 2024-11-04 19:15:00+00:00
2024-11-11 10:22:21,110 - Long Buy 113.00 shares at 162.38 on 2024-11-04 19:30:00+00:00
2024-11-11 10:22:21,110 - Long Buy 111.00 shares at 162.21 on 2024-11-04 19:45:00+00:00
2024-11-11 10:22:21,110 - Long Buy 109.00 shares at 162.12 on 2024-11-04 20:00:00+00:00
2024-11-11 10:22:21,110 - Long Buy 107.00 shares at 162.25 on 2024-11-04 20:15:00+00:00
2024-11-11 10:22:21,110 - Long Buy 105.00 shares at 162.35 on 2024-11-04 20:30:00+00:00
2024-11-11 10:22:21,110 - Long Buy 102.00 shares at 162.47 on 2024-11-04 20:45:00+00:00
2024-11-11 10:22:21,110 - Long Buy 101.00 shares at 161.69 on 2024-11-05 14:30:00+00:00
2024-11-11 10:22:21,110 - Long Buy 99.00 shares at 161.28 on 2024-11-05 14:45:00+00:00
2024-11-11 10:22:21,110 - Long Buy 97.00 shares at 161.91 on 2024-11-05 15:00:00+00:00
2024-11-11 10:22:21,110 - Long Buy 95.00 shares at 162.05 on 2024-11-05 15:15:00+00:00
2024-11-11 10:22:21,110 - Long Buy 93.00 shares at 161.68 on 2024-11-05 15:30:00+00:00
2024-11-11 10:22:21,110 - Long Buy 91.00 shares at 162.02 on 2024-11-05 15:45:00+00:00
2024-11-11 10:22:21,110 - Long Buy 89.00 shares at 161.98 on 2024-11-05 16:00:00+00:00
2024-11-11 10:22:21,110 - Long Buy 87.00 shares at 162.1 on 2024-11-05 16:15:00+00:00
2024-11-11 10:22:21,110 - Long Buy 86.00 shares at 161.97 on 2024-11-05 16:30:00+00:00
2024-11-11 10:22:21,110 - Long Buy 84.00 shares at 161.85 on 2024-11-05 16:45:00+00:00
2024-11-11 10:22:21,110 - Long Buy 82.00 shares at 162.21 on 2024-11-05 17:00:00+00:00
2024-11-11 10:22:21,110 - Long Buy 80.00 shares at 162.38 on 2024-11-05 17:15:00+00:00
2024-11-11 10:22:21,110 - Sell to close 2208.00 shares at 162.58 on 2024-11-05 17:30:00+00:00 (Exit: Signal, Profit: 986.3399999999992, Duration: 1395.0 minutes)
2024-11-11 10:22:21,110 - Long Buy 123.00 shares at 162.16 on 2024-11-05 18:00:00+00:00
2024-11-11 10:22:21,110 - Long Buy 121.00 shares at 162.11 on 2024-11-05 19:15:00+00:00
2024-11-11 10:22:21,110 - Long Buy 118.00 shares at 161.91 on 2024-11-05 19:30:00+00:00
2024-11-11 10:22:21,110 - Long Buy 116.00 shares at 161.96 on 2024-11-05 19:45:00+00:00
2024-11-11 10:22:21,110 - Long Buy 114.00 shares at 162.09 on 2024-11-05 20:00:00+00:00
2024-11-11 10:22:21,111 - Long Buy 111.00 shares at 162.02 on 2024-11-05 20:30:00+00:00
2024-11-11 10:22:21,111 - Sell to close 703.00 shares at 165.36 on 2024-11-06 14:30:00+00:00 (Exit: Signal, Profit: 2331.8699999999976, Duration: 1230.0 minutes)
2024-11-11 10:22:21,111 - Short Sell 121.00 shares at 166.14 on 2024-11-06 14:45:00+00:00
2024-11-11 10:22:21,111 - Short Sell 122.00 shares at 164.2 on 2024-11-06 15:00:00+00:00
2024-11-11 10:22:21,111 - Short Sell 122.00 shares at 163.74 on 2024-11-06 15:15:00+00:00
2024-11-11 10:22:21,111 - Short Sell 122.00 shares at 164.37 on 2024-11-06 15:30:00+00:00
2024-11-11 10:22:21,111 - Short Sell 122.00 shares at 163.93 on 2024-11-06 15:45:00+00:00
2024-11-11 10:22:21,111 - Short Sell 122.00 shares at 163.96 on 2024-11-06 16:00:00+00:00
2024-11-11 10:22:21,111 - Short Sell 122.00 shares at 164.71 on 2024-11-06 16:15:00+00:00
2024-11-11 10:22:21,111 - Short Sell 121.00 shares at 165.28 on 2024-11-06 16:30:00+00:00
2024-11-11 10:22:21,111 - Short Sell 121.00 shares at 164.99 on 2024-11-06 16:45:00+00:00
2024-11-11 10:22:21,111 - Short Sell 121.00 shares at 164.98 on 2024-11-06 17:00:00+00:00
2024-11-11 10:22:21,111 - Short Sell 121.00 shares at 164.78 on 2024-11-06 17:15:00+00:00
2024-11-11 10:22:21,111 - Short Sell 122.00 shares at 164.47 on 2024-11-06 17:30:00+00:00
2024-11-11 10:22:21,111 - Short Sell 121.00 shares at 165.03 on 2024-11-06 17:45:00+00:00
2024-11-11 10:22:21,111 - Short Sell 122.00 shares at 164.5 on 2024-11-06 18:00:00+00:00
2024-11-11 10:22:21,111 - Short Sell 122.00 shares at 163.88 on 2024-11-06 18:15:00+00:00
2024-11-11 10:22:21,111 - Short Sell 122.00 shares at 164.17 on 2024-11-06 18:30:00+00:00
2024-11-11 10:22:21,111 - Buy to cover -1946.00 shares at 163.53 on 2024-11-06 19:30:00+00:00 (Exit: Signal, Profit: 2021.2799999999854, Duration: 285.0 minutes)
2024-11-11 10:22:21,111 - Long Buy 123.00 shares at 163.28 on 2024-11-06 19:45:00+00:00
2024-11-11 10:22:21,111 - Long Buy 120.00 shares at 163.36 on 2024-11-06 20:00:00+00:00
2024-11-11 10:22:21,111 - Long Buy 118.00 shares at 163.41 on 2024-11-06 20:15:00+00:00
2024-11-11 10:22:21,111 - Long Buy 116.00 shares at 163.09 on 2024-11-06 20:30:00+00:00
2024-11-11 10:22:21,111 - Long Buy 114.00 shares at 162.71 on 2024-11-06 20:45:00+00:00
2024-11-11 10:22:21,112 - Long Buy 111.00 shares at 163.06 on 2024-11-07 14:30:00+00:00
2024-11-11 10:22:21,112 - Long Buy 109.00 shares at 162.34 on 2024-11-07 14:45:00+00:00
2024-11-11 10:22:21,112 - Long Buy 107.00 shares at 162.04 on 2024-11-07 15:00:00+00:00
2024-11-11 10:22:21,112 - Long Buy 105.00 shares at 162.58 on 2024-11-07 15:15:00+00:00
2024-11-11 10:22:21,112 - Long Buy 102.00 shares at 163.24 on 2024-11-07 15:30:00+00:00
2024-11-11 10:22:21,112 - Long Buy 100.00 shares at 163.37 on 2024-11-07 16:00:00+00:00
2024-11-11 10:22:21,112 - Long Buy 98.00 shares at 163.16 on 2024-11-07 16:30:00+00:00
2024-11-11 10:22:21,112 - Long Buy 97.00 shares at 163.02 on 2024-11-07 16:45:00+00:00
2024-11-11 10:22:21,112 - Long Buy 94.00 shares at 163.47 on 2024-11-07 17:15:00+00:00
2024-11-11 10:22:21,112 - Long Buy 93.00 shares at 163.38 on 2024-11-07 17:30:00+00:00
2024-11-11 10:22:21,112 - Long Buy 91.00 shares at 163.26 on 2024-11-07 17:45:00+00:00
2024-11-11 10:22:21,112 - Long Buy 89.00 shares at 163.4 on 2024-11-07 18:00:00+00:00
2024-11-11 10:22:21,112 - Long Buy 87.00 shares at 163.13 on 2024-11-07 18:15:00+00:00
2024-11-11 10:22:21,112 - Long Buy 86.00 shares at 163.1 on 2024-11-07 18:30:00+00:00
2024-11-11 10:22:21,112 - Long Buy 84.00 shares at 162.87 on 2024-11-07 18:45:00+00:00
2024-11-11 10:22:21,112 - Long Buy 82.00 shares at 163.02 on 2024-11-07 19:00:00+00:00
2024-11-11 10:22:21,112 - Long Buy 80.00 shares at 163.17 on 2024-11-07 19:15:00+00:00
2024-11-11 10:22:21,112 - Long Buy 79.00 shares at 163.08 on 2024-11-07 19:30:00+00:00
2024-11-11 10:22:21,112 - Sell to close 2285.00 shares at 163.31 on 2024-11-07 20:00:00+00:00 (Exit: Signal, Profit: 568.6200000000736, Duration: 1455.0 minutes)
2024-11-11 10:22:21,112 - Long Buy 123.00 shares at 162.79 on 2024-11-07 20:45:00+00:00
2024-11-11 10:22:21,112 - Sell to close 123.00 shares at 164.08 on 2024-11-08 14:30:00+00:00 (Exit: Signal, Profit: 158.67000000000252, Duration: 1065.0 minutes)
2024-11-11 10:22:21,112 - Short Sell 122.00 shares at 164.0 on 2024-11-08 14:45:00+00:00
2024-11-11 10:22:21,112 - Short Sell 123.00 shares at 163.89 on 2024-11-08 15:00:00+00:00
2024-11-11 10:22:21,112 - Short Sell 122.00 shares at 163.94 on 2024-11-08 15:15:00+00:00
2024-11-11 10:22:21,113 - Short Sell 123.00 shares at 163.64 on 2024-11-08 15:30:00+00:00
2024-11-11 10:22:21,113 - Short Sell 123.00 shares at 163.63 on 2024-11-08 15:45:00+00:00
2024-11-11 10:22:21,113 - Short Sell 123.00 shares at 163.71 on 2024-11-08 16:00:00+00:00
2024-11-11 10:22:21,113 - Short Sell 123.00 shares at 163.83 on 2024-11-08 16:15:00+00:00
2024-11-11 10:22:21,113 - Short Sell 122.00 shares at 164.06 on 2024-11-08 16:30:00+00:00
2024-11-11 10:22:21,113 - Short Sell 122.00 shares at 164.7 on 2024-11-08 16:45:00+00:00
2024-11-11 10:22:21,113 - Short Sell 122.00 shares at 164.97 on 2024-11-08 17:00:00+00:00
2024-11-11 10:22:21,113 - Short Sell 122.00 shares at 164.66 on 2024-11-08 17:15:00+00:00
2024-11-11 10:22:21,113 - Short Sell 122.00 shares at 164.88 on 2024-11-08 17:30:00+00:00
2024-11-11 10:22:21,113 - Short Sell 122.00 shares at 164.96 on 2024-11-08 17:45:00+00:00
2024-11-11 10:22:21,113 - Short Sell 121.00 shares at 165.14 on 2024-11-08 18:00:00+00:00
2024-11-11 10:22:21,113 - Short Sell 121.00 shares at 165.54 on 2024-11-08 18:15:00+00:00
2024-11-11 10:22:21,113 - Short Sell 121.00 shares at 165.44 on 2024-11-08 18:30:00+00:00
2024-11-11 10:22:21,113 - Short Sell 121.00 shares at 165.45 on 2024-11-08 18:45:00+00:00
2024-11-11 10:22:21,113 - Short Sell 121.00 shares at 165.39 on 2024-11-08 19:00:00+00:00
2024-11-11 10:22:21,113 - Short Sell 121.00 shares at 165.45 on 2024-11-08 19:15:00+00:00
2024-11-11 10:22:21,113 - Short Sell 121.00 shares at 165.4 on 2024-11-08 19:30:00+00:00
2024-11-11 10:22:21,113 - Short Sell 121.00 shares at 165.34 on 2024-11-08 19:45:00+00:00
2024-11-11 10:22:21,113 - Short Sell 121.00 shares at 165.59 on 2024-11-08 20:00:00+00:00
2024-11-11 10:22:21,113 - Short Sell 121.00 shares at 165.67 on 2024-11-08 20:15:00+00:00
2024-11-11 10:22:21,113 - Buy to cover -2801.00 shares at 165.63 on 2024-11-08 20:30:00+00:00 (Exit: Signal, Profit: -2473.1799999999753, Duration: 345.0 minutes)
2024-11-11 10:22:21,113 - Long Buy 121.00 shares at 165.19 on 2024-11-08 20:45:00+00:00
2024-11-11 10:22:21,114 - Holding 121.0 shares as an open position at the end with unrealized return: 1.720546608778014e-16, Duration: 0.0 minutes
2024-11-11 10:22:21,116 - Final statisticsStock: CLX, 
total_trades: 39, 
winning_trades: 34, 
losing_trades: 5, 
average_return: 0.00398059182576061, 
average_duration: 887.3076923076923, 
final_balance: 985511.3899999998, 
final_portfolio_value: 1005499.3799999998, 
sharpe_ratio: 9.353243908204567, 



