2024-11-11 10:18:11,845 - Starting GBMStrategy with initial capital: 1000000
2024-11-11 10:18:11,846 - Hyperparameters: {'threshold': 0.25, 'time_periods': 30, 'num_simulations': 150}
2024-11-11 10:19:32,908 - Short Sell 125.00 shares at 159.27 on 2024-10-11 14:30:00+00:00
2024-11-11 10:19:32,908 - Short Sell 125.00 shares at 159.68 on 2024-10-11 14:45:00+00:00
2024-11-11 10:19:32,909 - Short Sell 125.00 shares at 159.72 on 2024-10-11 15:00:00+00:00
2024-11-11 10:19:32,909 - Short Sell 125.00 shares at 159.54 on 2024-10-11 15:15:00+00:00
2024-11-11 10:19:32,909 - Short Sell 125.00 shares at 159.28 on 2024-10-11 15:30:00+00:00
2024-11-11 10:19:32,909 - Buy to cover -625.00 shares at 158.96 on 2024-10-11 15:45:00+00:00 (Exit: Signal, Profit: 336.2499999999891, Duration: 75.0 minutes)
2024-11-11 10:19:32,909 - Long Buy 125.00 shares at 159.11 on 2024-10-11 16:00:00+00:00
2024-11-11 10:19:32,909 - Long Buy 123.00 shares at 159.01 on 2024-10-11 16:15:00+00:00
2024-11-11 10:19:32,909 - Long Buy 120.00 shares at 159.04 on 2024-10-11 16:30:00+00:00
2024-11-11 10:19:32,909 - Sell to close 368.00 shares at 159.35 on 2024-10-11 16:45:00+00:00 (Exit: Signal, Profit: 109.01999999999498, Duration: 45.0 minutes)
2024-11-11 10:19:32,909 - Short Sell 125.00 shares at 159.37 on 2024-10-11 17:00:00+00:00
2024-11-11 10:19:32,909 - Short Sell 125.00 shares at 159.36 on 2024-10-11 17:15:00+00:00
2024-11-11 10:19:32,909 - Short Sell 125.00 shares at 159.45 on 2024-10-11 17:30:00+00:00
2024-11-11 10:19:32,909 - Short Sell 125.00 shares at 160.03 on 2024-10-11 17:45:00+00:00
2024-11-11 10:19:32,909 - Short Sell 124.00 shares at 160.21 on 2024-10-11 18:00:00+00:00
2024-11-11 10:19:32,910 - Short Sell 124.00 shares at 160.25 on 2024-10-11 18:15:00+00:00
2024-11-11 10:19:32,910 - Short Sell 124.00 shares at 160.24 on 2024-10-11 18:30:00+00:00
2024-11-11 10:19:32,910 - Short Sell 124.00 shares at 160.34 on 2024-10-11 18:45:00+00:00
2024-11-11 10:19:32,910 - Short Sell 124.00 shares at 160.27 on 2024-10-11 19:00:00+00:00
2024-11-11 10:19:32,910 - Short Sell 124.00 shares at 160.47 on 2024-10-11 19:15:00+00:00
2024-11-11 10:19:32,910 - Short Sell 124.00 shares at 160.39 on 2024-10-11 19:30:00+00:00
2024-11-11 10:19:32,910 - Short Sell 124.00 shares at 160.32 on 2024-10-11 19:45:00+00:00
2024-11-11 10:19:32,910 - Short Sell 124.00 shares at 160.18 on 2024-10-14 13:30:00+00:00
2024-11-11 10:19:32,910 - Short Sell 124.00 shares at 160.52 on 2024-10-14 13:45:00+00:00
2024-11-11 10:19:32,910 - Short Sell 123.00 shares at 161.1 on 2024-10-14 14:00:00+00:00
2024-11-11 10:19:32,910 - Short Sell 123.00 shares at 161.2 on 2024-10-14 14:15:00+00:00
2024-11-11 10:19:32,910 - Short Sell 124.00 shares at 161.0 on 2024-10-14 14:30:00+00:00
2024-11-11 10:19:32,910 - Short Sell 123.00 shares at 161.3 on 2024-10-14 14:45:00+00:00
2024-11-11 10:19:32,910 - Short Sell 123.00 shares at 161.16 on 2024-10-14 15:00:00+00:00
2024-11-11 10:19:32,910 - Short Sell 123.00 shares at 161.11 on 2024-10-14 15:15:00+00:00
2024-11-11 10:19:32,910 - Short Sell 123.00 shares at 161.34 on 2024-10-14 15:30:00+00:00
2024-11-11 10:19:32,910 - Buy to cover -2602.00 shares at 161.03 on 2024-10-14 15:45:00+00:00 (Exit: Signal, Profit: -1497.4199999999425, Duration: 4245.0 minutes)
2024-11-11 10:19:32,910 - Long Buy 124.00 shares at 160.89 on 2024-10-14 16:00:00+00:00
2024-11-11 10:19:32,910 - Long Buy 121.00 shares at 160.81 on 2024-10-14 16:15:00+00:00
2024-11-11 10:19:32,910 - Long Buy 119.00 shares at 160.84 on 2024-10-14 16:30:00+00:00
2024-11-11 10:19:32,910 - Long Buy 116.00 shares at 161.05 on 2024-10-14 16:45:00+00:00
2024-11-11 10:19:32,910 - Long Buy 114.00 shares at 160.84 on 2024-10-14 17:00:00+00:00
2024-11-11 10:19:32,910 - Long Buy 112.00 shares at 160.98 on 2024-10-14 17:15:00+00:00
2024-11-11 10:19:32,910 - Long Buy 109.00 shares at 161.06 on 2024-10-14 17:30:00+00:00
2024-11-11 10:19:32,910 - Long Buy 107.00 shares at 161.07 on 2024-10-14 17:45:00+00:00
2024-11-11 10:19:32,911 - Sell to close 922.00 shares at 161.22 on 2024-10-14 18:00:00+00:00 (Exit: Signal, Profit: 259.16000000001577, Duration: 120.0 minutes)
2024-11-11 10:19:32,911 - Short Sell 123.00 shares at 161.5 on 2024-10-14 18:15:00+00:00
2024-11-11 10:19:32,911 - Short Sell 123.00 shares at 161.45 on 2024-10-14 18:30:00+00:00
2024-11-11 10:19:32,911 - Short Sell 123.00 shares at 161.48 on 2024-10-14 18:45:00+00:00
2024-11-11 10:19:32,911 - Short Sell 123.00 shares at 161.31 on 2024-10-14 19:00:00+00:00
2024-11-11 10:19:32,911 - Short Sell 123.00 shares at 161.39 on 2024-10-14 19:15:00+00:00
2024-11-11 10:19:32,911 - Short Sell 123.00 shares at 161.6 on 2024-10-14 19:30:00+00:00
2024-11-11 10:19:32,911 - Short Sell 123.00 shares at 161.52 on 2024-10-14 19:45:00+00:00
2024-11-11 10:19:32,911 - Short Sell 122.00 shares at 162.93 on 2024-10-15 13:30:00+00:00
2024-11-11 10:19:32,911 - Short Sell 122.00 shares at 162.59 on 2024-10-15 13:45:00+00:00
2024-11-11 10:19:32,911 - Short Sell 122.00 shares at 162.55 on 2024-10-15 14:00:00+00:00
2024-11-11 10:19:32,911 - Short Sell 122.00 shares at 163.22 on 2024-10-15 14:15:00+00:00
2024-11-11 10:19:32,911 - Short Sell 121.00 shares at 163.57 on 2024-10-15 14:30:00+00:00
2024-11-11 10:19:32,911 - Short Sell 122.00 shares at 163.2 on 2024-10-15 14:45:00+00:00
2024-11-11 10:19:32,911 - Short Sell 121.00 shares at 163.55 on 2024-10-15 15:00:00+00:00
2024-11-11 10:19:32,911 - Short Sell 121.00 shares at 163.55 on 2024-10-15 15:15:00+00:00
2024-11-11 10:19:32,911 - Short Sell 121.00 shares at 163.78 on 2024-10-15 15:30:00+00:00
2024-11-11 10:19:32,911 - Short Sell 122.00 shares at 163.4 on 2024-10-15 15:45:00+00:00
2024-11-11 10:19:32,911 - Short Sell 122.00 shares at 163.06 on 2024-10-15 16:00:00+00:00
2024-11-11 10:19:32,911 - Short Sell 122.00 shares at 163.18 on 2024-10-15 16:15:00+00:00
2024-11-11 10:19:32,911 - Buy to cover -2321.00 shares at 162.56 on 2024-10-15 16:30:00+00:00 (Exit: Signal, Profit: 11.300000000044122, Duration: 1335.0 minutes)
2024-11-11 10:19:32,911 - Long Buy 122.00 shares at 162.75 on 2024-10-15 16:45:00+00:00
2024-11-11 10:19:32,911 - Long Buy 120.00 shares at 162.83 on 2024-10-15 17:00:00+00:00
2024-11-11 10:19:32,911 - Long Buy 117.00 shares at 163.08 on 2024-10-15 17:15:00+00:00
2024-11-11 10:19:32,912 - Long Buy 115.00 shares at 162.94 on 2024-10-15 17:30:00+00:00
2024-11-11 10:19:32,912 - Long Buy 113.00 shares at 162.86 on 2024-10-15 17:45:00+00:00
2024-11-11 10:19:32,912 - Long Buy 110.00 shares at 163.09 on 2024-10-15 18:00:00+00:00
2024-11-11 10:19:32,912 - Sell to close 697.00 shares at 163.24 on 2024-10-15 18:15:00+00:00 (Exit: Signal, Profit: 221.64000000001633, Duration: 90.0 minutes)
2024-11-11 10:19:32,912 - Long Buy 122.00 shares at 162.79 on 2024-10-15 18:30:00+00:00
2024-11-11 10:19:32,912 - Long Buy 120.00 shares at 163.05 on 2024-10-15 18:45:00+00:00
2024-11-11 10:19:32,912 - Long Buy 117.00 shares at 162.97 on 2024-10-15 19:00:00+00:00
2024-11-11 10:19:32,912 - Long Buy 115.00 shares at 162.81 on 2024-10-15 19:15:00+00:00
2024-11-11 10:19:32,912 - Long Buy 113.00 shares at 162.86 on 2024-10-15 19:30:00+00:00
2024-11-11 10:19:32,912 - Sell to close 587.00 shares at 163.32 on 2024-10-15 19:45:00+00:00 (Exit: Signal, Profit: 248.64000000001627, Duration: 75.0 minutes)
2024-11-11 10:19:32,912 - Long Buy 123.00 shares at 161.89 on 2024-10-16 13:30:00+00:00
2024-11-11 10:19:32,912 - Long Buy 120.00 shares at 162.4 on 2024-10-16 13:45:00+00:00
2024-11-11 10:19:32,912 - Long Buy 118.00 shares at 162.03 on 2024-10-16 14:00:00+00:00
2024-11-11 10:19:32,912 - Long Buy 116.00 shares at 162.27 on 2024-10-16 14:15:00+00:00
2024-11-11 10:19:32,912 - Long Buy 113.00 shares at 162.31 on 2024-10-16 14:30:00+00:00
2024-11-11 10:19:32,912 - Long Buy 111.00 shares at 162.33 on 2024-10-16 14:45:00+00:00
2024-11-11 10:19:32,912 - Long Buy 109.00 shares at 162.4 on 2024-10-16 15:00:00+00:00
2024-11-11 10:19:32,912 - Long Buy 106.00 shares at 162.64 on 2024-10-16 15:15:00+00:00
2024-11-11 10:19:32,912 - Long Buy 104.00 shares at 162.76 on 2024-10-16 15:30:00+00:00
2024-11-11 10:19:32,912 - Long Buy 102.00 shares at 162.71 on 2024-10-16 15:45:00+00:00
2024-11-11 10:19:32,912 - Long Buy 100.00 shares at 162.9 on 2024-10-16 16:00:00+00:00
2024-11-11 10:19:32,912 - Long Buy 98.00 shares at 162.97 on 2024-10-16 16:15:00+00:00
2024-11-11 10:19:32,912 - Long Buy 96.00 shares at 162.95 on 2024-10-16 16:30:00+00:00
2024-11-11 10:19:32,912 - Long Buy 94.00 shares at 163.04 on 2024-10-16 16:45:00+00:00
2024-11-11 10:19:32,912 - Long Buy 92.00 shares at 163.13 on 2024-10-16 17:00:00+00:00
2024-11-11 10:19:32,912 - Long Buy 90.00 shares at 162.91 on 2024-10-16 17:15:00+00:00
2024-11-11 10:19:32,913 - Long Buy 88.00 shares at 162.85 on 2024-10-16 17:30:00+00:00
2024-11-11 10:19:32,913 - Sell to close 1780.00 shares at 162.93 on 2024-10-16 17:45:00+00:00 (Exit: Signal, Profit: 616.8300000000153, Duration: 255.0 minutes)
2024-11-11 10:19:32,913 - Short Sell 122.00 shares at 163.09 on 2024-10-16 18:00:00+00:00
2024-11-11 10:19:32,913 - Short Sell 122.00 shares at 163.5 on 2024-10-16 18:15:00+00:00
2024-11-11 10:19:32,913 - Short Sell 122.00 shares at 163.11 on 2024-10-16 18:30:00+00:00
2024-11-11 10:19:32,913 - Short Sell 122.00 shares at 163.05 on 2024-10-16 18:45:00+00:00
2024-11-11 10:19:32,913 - Short Sell 122.00 shares at 162.97 on 2024-10-16 19:00:00+00:00
2024-11-11 10:19:32,913 - Short Sell 122.00 shares at 163.37 on 2024-10-16 19:30:00+00:00
2024-11-11 10:19:32,913 - Short Sell 122.00 shares at 163.43 on 2024-10-16 19:45:00+00:00
2024-11-11 10:19:32,913 - Buy to cover -854.00 shares at 162.57 on 2024-10-17 13:30:00+00:00 (Exit: Signal, Profit: 552.6599999999967, Duration: 1170.0 minutes)
2024-11-11 10:19:32,913 - Long Buy 123.00 shares at 162.49 on 2024-10-17 13:45:00+00:00
2024-11-11 10:19:32,913 - Long Buy 120.00 shares at 162.75 on 2024-10-17 14:15:00+00:00
2024-11-11 10:19:32,913 - Long Buy 118.00 shares at 162.84 on 2024-10-17 14:45:00+00:00
2024-11-11 10:19:32,913 - Long Buy 115.00 shares at 162.6 on 2024-10-17 15:00:00+00:00
2024-11-11 10:19:32,913 - Long Buy 113.00 shares at 162.84 on 2024-10-17 15:30:00+00:00
2024-11-11 10:19:32,913 - Long Buy 111.00 shares at 162.77 on 2024-10-17 15:45:00+00:00
2024-11-11 10:19:32,913 - Long Buy 109.00 shares at 162.7 on 2024-10-17 16:00:00+00:00
2024-11-11 10:19:32,913 - Long Buy 106.00 shares at 162.78 on 2024-10-17 16:15:00+00:00
2024-11-11 10:19:32,913 - Long Buy 104.00 shares at 162.62 on 2024-10-17 16:30:00+00:00
2024-11-11 10:19:32,913 - Long Buy 102.00 shares at 162.73 on 2024-10-17 16:45:00+00:00
2024-11-11 10:19:32,913 - Long Buy 100.00 shares at 162.39 on 2024-10-17 17:00:00+00:00
2024-11-11 10:19:32,913 - Long Buy 98.00 shares at 162.36 on 2024-10-17 17:15:00+00:00
2024-11-11 10:19:32,913 - Long Buy 96.00 shares at 162.4 on 2024-10-17 17:30:00+00:00
2024-11-11 10:19:32,913 - Long Buy 94.00 shares at 162.66 on 2024-10-17 17:45:00+00:00
2024-11-11 10:19:32,914 - Long Buy 92.00 shares at 162.51 on 2024-10-17 18:00:00+00:00
2024-11-11 10:19:32,914 - Long Buy 91.00 shares at 162.5 on 2024-10-17 18:15:00+00:00
2024-11-11 10:19:32,914 - Long Buy 89.00 shares at 162.49 on 2024-10-17 18:30:00+00:00
2024-11-11 10:19:32,914 - Sell to close 1781.00 shares at 162.61 on 2024-10-17 18:45:00+00:00 (Exit: Signal, Profit: -21.039999999952983, Duration: 300.0 minutes)
2024-11-11 10:19:32,914 - Short Sell 123.00 shares at 162.66 on 2024-10-17 19:00:00+00:00
2024-11-11 10:19:32,914 - Short Sell 123.00 shares at 162.59 on 2024-10-17 19:15:00+00:00
2024-11-11 10:19:32,914 - Short Sell 123.00 shares at 162.64 on 2024-10-17 19:30:00+00:00
2024-11-11 10:19:32,914 - Short Sell 123.00 shares at 162.61 on 2024-10-17 19:45:00+00:00
2024-11-11 10:19:32,914 - Buy to cover -492.00 shares at 161.28 on 2024-10-18 13:30:00+00:00 (Exit: Signal, Profit: 661.7399999999994, Duration: 1110.0 minutes)
2024-11-11 10:19:32,914 - Long Buy 123.00 shares at 161.77 on 2024-10-18 13:45:00+00:00
2024-11-11 10:19:32,914 - Long Buy 121.00 shares at 161.94 on 2024-10-18 14:00:00+00:00
2024-11-11 10:19:32,914 - Long Buy 119.00 shares at 161.66 on 2024-10-18 14:15:00+00:00
2024-11-11 10:19:32,914 - Long Buy 116.00 shares at 161.63 on 2024-10-18 14:30:00+00:00
2024-11-11 10:19:32,914 - Long Buy 114.00 shares at 162.06 on 2024-10-18 14:45:00+00:00
2024-11-11 10:19:32,914 - Long Buy 111.00 shares at 162.05 on 2024-10-18 15:00:00+00:00
2024-11-11 10:19:32,914 - Long Buy 109.00 shares at 162.11 on 2024-10-18 15:15:00+00:00
2024-11-11 10:19:32,914 - Long Buy 107.00 shares at 161.81 on 2024-10-18 15:30:00+00:00
2024-11-11 10:19:32,914 - Long Buy 105.00 shares at 161.75 on 2024-10-18 15:45:00+00:00
2024-11-11 10:19:32,914 - Long Buy 103.00 shares at 161.77 on 2024-10-18 16:00:00+00:00
2024-11-11 10:19:32,914 - Long Buy 101.00 shares at 161.78 on 2024-10-18 16:15:00+00:00
2024-11-11 10:19:32,914 - Long Buy 99.00 shares at 161.85 on 2024-10-18 16:30:00+00:00
2024-11-11 10:19:32,914 - Long Buy 97.00 shares at 161.95 on 2024-10-18 16:45:00+00:00
2024-11-11 10:19:32,914 - Long Buy 95.00 shares at 162.13 on 2024-10-18 17:00:00+00:00
2024-11-11 10:19:32,914 - Long Buy 93.00 shares at 162.06 on 2024-10-18 17:15:00+00:00
2024-11-11 10:19:32,914 - Long Buy 91.00 shares at 162.12 on 2024-10-18 17:30:00+00:00
2024-11-11 10:19:32,915 - Long Buy 89.00 shares at 162.05 on 2024-10-18 17:45:00+00:00
2024-11-11 10:19:32,915 - Long Buy 87.00 shares at 162.3 on 2024-10-18 18:00:00+00:00
2024-11-11 10:19:32,915 - Long Buy 85.00 shares at 162.38 on 2024-10-18 18:15:00+00:00
2024-11-11 10:19:32,915 - Long Buy 84.00 shares at 162.28 on 2024-10-18 18:30:00+00:00
2024-11-11 10:19:32,915 - Long Buy 82.00 shares at 162.18 on 2024-10-18 18:45:00+00:00
2024-11-11 10:19:32,915 - Long Buy 81.00 shares at 161.77 on 2024-10-18 19:00:00+00:00
2024-11-11 10:19:32,915 - Long Buy 79.00 shares at 161.47 on 2024-10-18 19:15:00+00:00
2024-11-11 10:19:32,915 - Long Buy 78.00 shares at 161.39 on 2024-10-18 19:30:00+00:00
2024-11-11 10:19:32,915 - Sell to close 2369.00 shares at 161.96 on 2024-10-18 19:45:00+00:00 (Exit: Signal, Profit: 90.080000000063, Duration: 360.0 minutes)
2024-11-11 10:19:32,915 - Short Sell 123.00 shares at 161.79 on 2024-10-21 13:30:00+00:00
2024-11-11 10:19:32,915 - Buy to cover -123.00 shares at 161.3 on 2024-10-21 13:45:00+00:00 (Exit: Signal, Profit: 60.26999999999762, Duration: 15.0 minutes)
2024-11-11 10:19:32,915 - Long Buy 124.00 shares at 161.11 on 2024-10-21 14:00:00+00:00
2024-11-11 10:19:32,915 - Long Buy 122.00 shares at 160.74 on 2024-10-21 14:15:00+00:00
2024-11-11 10:19:32,915 - Long Buy 119.00 shares at 161.13 on 2024-10-21 14:30:00+00:00
2024-11-11 10:19:32,915 - Long Buy 117.00 shares at 160.64 on 2024-10-21 14:45:00+00:00
2024-11-11 10:19:32,915 - Long Buy 115.00 shares at 160.19 on 2024-10-21 15:00:00+00:00
2024-11-11 10:19:32,915 - Long Buy 113.00 shares at 160.29 on 2024-10-21 15:15:00+00:00
2024-11-11 10:19:32,915 - Long Buy 110.00 shares at 160.3 on 2024-10-21 15:30:00+00:00
2024-11-11 10:19:32,915 - Long Buy 108.00 shares at 160.46 on 2024-10-21 15:45:00+00:00
2024-11-11 10:19:32,915 - Long Buy 106.00 shares at 160.55 on 2024-10-21 16:00:00+00:00
2024-11-11 10:19:32,915 - Long Buy 103.00 shares at 160.71 on 2024-10-21 16:15:00+00:00
2024-11-11 10:19:32,915 - Long Buy 101.00 shares at 160.75 on 2024-10-21 16:30:00+00:00
2024-11-11 10:19:32,915 - Long Buy 99.00 shares at 160.86 on 2024-10-21 16:45:00+00:00
2024-11-11 10:19:32,915 - Long Buy 97.00 shares at 160.88 on 2024-10-21 17:00:00+00:00
2024-11-11 10:19:32,915 - Long Buy 95.00 shares at 161.05 on 2024-10-21 17:15:00+00:00
2024-11-11 10:19:32,915 - Long Buy 93.00 shares at 161.12 on 2024-10-21 17:30:00+00:00
2024-11-11 10:19:32,915 - Long Buy 92.00 shares at 160.94 on 2024-10-21 17:45:00+00:00
2024-11-11 10:19:32,916 - Long Buy 90.00 shares at 160.96 on 2024-10-21 18:00:00+00:00
2024-11-11 10:19:32,916 - Long Buy 88.00 shares at 160.73 on 2024-10-21 18:15:00+00:00
2024-11-11 10:19:32,916 - Long Buy 86.00 shares at 160.87 on 2024-10-21 18:30:00+00:00
2024-11-11 10:19:32,916 - Long Buy 85.00 shares at 160.72 on 2024-10-21 18:45:00+00:00
2024-11-11 10:19:32,916 - Long Buy 83.00 shares at 160.66 on 2024-10-21 19:00:00+00:00
2024-11-11 10:19:32,916 - Long Buy 81.00 shares at 160.83 on 2024-10-21 19:15:00+00:00
2024-11-11 10:19:32,916 - Long Buy 80.00 shares at 160.57 on 2024-10-21 19:30:00+00:00
2024-11-11 10:19:32,916 - Long Buy 78.00 shares at 160.39 on 2024-10-21 19:45:00+00:00
2024-11-11 10:19:32,916 - Long Buy 77.00 shares at 159.05 on 2024-10-22 13:30:00+00:00
2024-11-11 10:19:32,916 - Long Buy 76.00 shares at 159.02 on 2024-10-22 13:45:00+00:00
2024-11-11 10:19:32,916 - Long Buy 74.00 shares at 158.86 on 2024-10-22 14:00:00+00:00
2024-11-11 10:19:32,916 - Long Buy 73.00 shares at 158.56 on 2024-10-22 14:15:00+00:00
2024-11-11 10:19:32,916 - Long Buy 72.00 shares at 158.31 on 2024-10-22 14:30:00+00:00
2024-11-11 10:19:32,916 - Long Buy 70.00 shares at 158.68 on 2024-10-22 14:45:00+00:00
2024-11-11 10:19:32,916 - Sell to close 2827.00 shares at 159.28 on 2024-10-22 15:00:00+00:00 (Exit: Signal, Profit: -3211.579999999991, Duration: 1500.0 minutes)
2024-11-11 10:19:32,916 - Short Sell 125.00 shares at 159.25 on 2024-10-22 15:15:00+00:00
2024-11-11 10:19:32,916 - Buy to cover -125.00 shares at 158.95 on 2024-10-22 15:30:00+00:00 (Exit: Signal, Profit: 37.50000000000142, Duration: 15.0 minutes)
2024-11-11 10:19:32,916 - Long Buy 125.00 shares at 158.91 on 2024-10-22 15:45:00+00:00
2024-11-11 10:19:32,916 - Long Buy 123.00 shares at 158.9 on 2024-10-22 16:00:00+00:00
2024-11-11 10:19:32,916 - Long Buy 120.00 shares at 158.63 on 2024-10-22 16:15:00+00:00
2024-11-11 10:19:32,916 - Long Buy 118.00 shares at 158.94 on 2024-10-22 16:45:00+00:00
2024-11-11 10:19:32,916 - Long Buy 115.00 shares at 158.88 on 2024-10-22 17:00:00+00:00
2024-11-11 10:19:32,916 - Long Buy 113.00 shares at 158.83 on 2024-10-22 17:15:00+00:00
2024-11-11 10:19:32,916 - Long Buy 111.00 shares at 158.92 on 2024-10-22 17:45:00+00:00
2024-11-11 10:19:32,916 - Long Buy 109.00 shares at 158.96 on 2024-10-22 18:00:00+00:00
2024-11-11 10:19:32,917 - Long Buy 106.00 shares at 158.9 on 2024-10-22 18:45:00+00:00
2024-11-11 10:19:32,917 - Sell to close 1040.00 shares at 159.28 on 2024-10-22 19:15:00+00:00 (Exit: Signal, Profit: 423.08000000003176, Duration: 210.0 minutes)
2024-11-11 10:19:32,917 - Short Sell 125.00 shares at 159.37 on 2024-10-22 19:30:00+00:00
2024-11-11 10:19:32,917 - Short Sell 125.00 shares at 159.23 on 2024-10-22 19:45:00+00:00
2024-11-11 10:19:32,917 - Buy to cover -250.00 shares at 157.89 on 2024-10-23 13:30:00+00:00 (Exit: Signal, Profit: 352.50000000000625, Duration: 1080.0 minutes)
2024-11-11 10:19:32,917 - Long Buy 126.00 shares at 157.7 on 2024-10-23 13:45:00+00:00
2024-11-11 10:19:32,917 - Long Buy 123.00 shares at 158.02 on 2024-10-23 14:00:00+00:00
2024-11-11 10:19:32,917 - Long Buy 121.00 shares at 157.99 on 2024-10-23 14:15:00+00:00
2024-11-11 10:19:32,917 - Long Buy 119.00 shares at 157.3 on 2024-10-23 14:30:00+00:00
2024-11-11 10:19:32,917 - Long Buy 117.00 shares at 157.32 on 2024-10-23 14:45:00+00:00
2024-11-11 10:19:32,917 - Sell to close 606.00 shares at 157.68 on 2024-10-23 15:00:00+00:00 (Exit: Signal, Profit: 5.489999999989038, Duration: 75.0 minutes)
2024-11-11 10:19:32,917 - Short Sell 126.00 shares at 158.33 on 2024-10-23 15:15:00+00:00
2024-11-11 10:19:32,917 - Short Sell 126.00 shares at 158.57 on 2024-10-23 15:30:00+00:00
2024-11-11 10:19:32,917 - Short Sell 126.00 shares at 158.47 on 2024-10-23 15:45:00+00:00
2024-11-11 10:19:32,917 - Short Sell 126.00 shares at 158.22 on 2024-10-23 16:00:00+00:00
2024-11-11 10:19:32,917 - Short Sell 126.00 shares at 158.42 on 2024-10-23 16:15:00+00:00
2024-11-11 10:19:32,917 - Short Sell 125.00 shares at 158.62 on 2024-10-23 16:30:00+00:00
2024-11-11 10:19:32,917 - Short Sell 125.00 shares at 158.65 on 2024-10-23 16:45:00+00:00
2024-11-11 10:19:32,917 - Short Sell 125.00 shares at 158.83 on 2024-10-23 17:00:00+00:00
2024-11-11 10:19:32,917 - Short Sell 125.00 shares at 158.67 on 2024-10-23 17:15:00+00:00
2024-11-11 10:19:32,917 - Short Sell 125.00 shares at 158.65 on 2024-10-23 17:30:00+00:00
2024-11-11 10:19:32,917 - Short Sell 125.00 shares at 158.95 on 2024-10-23 17:45:00+00:00
2024-11-11 10:19:32,917 - Short Sell 125.00 shares at 158.95 on 2024-10-23 18:00:00+00:00
2024-11-11 10:19:32,918 - Short Sell 125.00 shares at 159.1 on 2024-10-23 18:15:00+00:00
2024-11-11 10:19:32,918 - Short Sell 125.00 shares at 159.08 on 2024-10-23 18:30:00+00:00
2024-11-11 10:19:32,918 - Short Sell 125.00 shares at 158.99 on 2024-10-23 18:45:00+00:00
2024-11-11 10:19:32,918 - Short Sell 125.00 shares at 158.93 on 2024-10-23 19:00:00+00:00
2024-11-11 10:19:32,918 - Short Sell 125.00 shares at 158.88 on 2024-10-23 19:15:00+00:00
2024-11-11 10:19:32,918 - Short Sell 125.00 shares at 159.06 on 2024-10-23 19:30:00+00:00
2024-11-11 10:19:32,918 - Short Sell 125.00 shares at 159.03 on 2024-10-23 19:45:00+00:00
2024-11-11 10:19:32,918 - Short Sell 125.00 shares at 158.67 on 2024-10-24 13:30:00+00:00
2024-11-11 10:19:32,918 - Short Sell 125.00 shares at 158.68 on 2024-10-24 13:45:00+00:00
2024-11-11 10:19:32,918 - Short Sell 126.00 shares at 158.44 on 2024-10-24 14:00:00+00:00
2024-11-11 10:19:32,918 - Short Sell 125.00 shares at 159.23 on 2024-10-24 14:15:00+00:00
2024-11-11 10:19:32,918 - Short Sell 125.00 shares at 158.86 on 2024-10-24 14:30:00+00:00
2024-11-11 10:19:32,918 - Short Sell 126.00 shares at 158.47 on 2024-10-24 14:45:00+00:00
2024-11-11 10:19:32,918 - Short Sell 126.00 shares at 158.53 on 2024-10-24 15:00:00+00:00
2024-11-11 10:19:32,918 - Short Sell 126.00 shares at 158.35 on 2024-10-24 15:15:00+00:00
2024-11-11 10:19:32,918 - Short Sell 126.00 shares at 158.54 on 2024-10-24 15:30:00+00:00
2024-11-11 10:19:32,918 - Short Sell 125.00 shares at 158.77 on 2024-10-24 15:45:00+00:00
2024-11-11 10:19:32,918 - Buy to cover -3635.00 shares at 158.5 on 2024-10-24 16:00:00+00:00 (Exit: Signal, Profit: 804.3399999999795, Duration: 1485.0 minutes)
2024-11-11 10:19:32,918 - Long Buy 126.00 shares at 158.63 on 2024-10-24 16:15:00+00:00
2024-11-11 10:19:32,918 - Sell to close 126.00 shares at 158.89 on 2024-10-24 16:30:00+00:00 (Exit: Signal, Profit: 32.759999999998854, Duration: 15.0 minutes)
2024-11-11 10:19:32,918 - Short Sell 125.00 shares at 159.12 on 2024-10-24 16:45:00+00:00
2024-11-11 10:19:32,918 - Short Sell 125.00 shares at 158.93 on 2024-10-24 17:00:00+00:00
2024-11-11 10:19:32,918 - Buy to cover -250.00 shares at 158.64 on 2024-10-24 17:30:00+00:00 (Exit: Signal, Profit: 96.25000000000483, Duration: 45.0 minutes)
2024-11-11 10:19:32,918 - Long Buy 126.00 shares at 158.58 on 2024-10-24 17:45:00+00:00
2024-11-11 10:19:32,919 - Long Buy 123.00 shares at 158.69 on 2024-10-24 18:00:00+00:00
2024-11-11 10:19:32,919 - Long Buy 121.00 shares at 158.66 on 2024-10-24 18:15:00+00:00
2024-11-11 10:19:32,919 - Long Buy 118.00 shares at 158.67 on 2024-10-24 18:30:00+00:00
2024-11-11 10:19:32,919 - Long Buy 116.00 shares at 158.61 on 2024-10-24 18:45:00+00:00
2024-11-11 10:19:32,919 - Long Buy 114.00 shares at 158.64 on 2024-10-24 19:00:00+00:00
2024-11-11 10:19:32,919 - Sell to close 718.00 shares at 158.93 on 2024-10-24 19:30:00+00:00 (Exit: Signal, Profit: 207.15000000001538, Duration: 105.0 minutes)
2024-11-11 10:19:32,919 - Short Sell 125.00 shares at 158.98 on 2024-10-24 19:45:00+00:00
2024-11-11 10:19:32,919 - Buy to cover -125.00 shares at 158.18 on 2024-10-25 13:30:00+00:00 (Exit: Signal, Profit: 99.99999999999787, Duration: 1065.0 minutes)
2024-11-11 10:19:32,919 - Long Buy 127.00 shares at 157.43 on 2024-10-25 13:45:00+00:00
2024-11-11 10:19:32,919 - Long Buy 124.00 shares at 157.39 on 2024-10-25 14:00:00+00:00
2024-11-11 10:19:32,919 - Long Buy 122.00 shares at 157.22 on 2024-10-25 14:15:00+00:00
2024-11-11 10:19:32,919 - Long Buy 119.00 shares at 157.31 on 2024-10-25 14:30:00+00:00
2024-11-11 10:19:32,919 - Long Buy 117.00 shares at 156.94 on 2024-10-25 14:45:00+00:00
2024-11-11 10:19:32,919 - Long Buy 115.00 shares at 157.07 on 2024-10-25 15:00:00+00:00
2024-11-11 10:19:32,919 - Long Buy 112.00 shares at 157.05 on 2024-10-25 15:15:00+00:00
2024-11-11 10:19:32,919 - Long Buy 110.00 shares at 157.08 on 2024-10-25 15:30:00+00:00
2024-11-11 10:19:32,919 - Long Buy 108.00 shares at 157.24 on 2024-10-25 15:45:00+00:00
2024-11-11 10:19:32,919 - Long Buy 106.00 shares at 157.38 on 2024-10-25 16:00:00+00:00
2024-11-11 10:19:32,919 - Long Buy 103.00 shares at 157.49 on 2024-10-25 16:15:00+00:00
2024-11-11 10:19:32,919 - Long Buy 101.00 shares at 157.31 on 2024-10-25 16:30:00+00:00
2024-11-11 10:19:32,919 - Long Buy 100.00 shares at 157.12 on 2024-10-25 16:45:00+00:00
2024-11-11 10:19:32,919 - Sell to close 1464.00 shares at 157.14 on 2024-10-25 17:00:00+00:00 (Exit: Signal, Profit: -137.15000000001783, Duration: 195.0 minutes)
2024-11-11 10:19:32,919 - Long Buy 127.00 shares at 157.03 on 2024-10-25 17:15:00+00:00
2024-11-11 10:19:32,919 - Long Buy 125.00 shares at 156.66 on 2024-10-25 17:30:00+00:00
2024-11-11 10:19:32,920 - Long Buy 122.00 shares at 156.92 on 2024-10-25 17:45:00+00:00
2024-11-11 10:19:32,920 - Long Buy 120.00 shares at 156.76 on 2024-10-25 18:00:00+00:00
2024-11-11 10:19:32,920 - Long Buy 117.00 shares at 156.98 on 2024-10-25 18:15:00+00:00
2024-11-11 10:19:32,920 - Long Buy 115.00 shares at 157.02 on 2024-10-25 18:30:00+00:00
2024-11-11 10:19:32,920 - Long Buy 112.00 shares at 156.99 on 2024-10-25 18:45:00+00:00
2024-11-11 10:19:32,920 - Long Buy 110.00 shares at 156.98 on 2024-10-25 19:00:00+00:00
2024-11-11 10:19:32,920 - Long Buy 108.00 shares at 156.98 on 2024-10-25 19:15:00+00:00
2024-11-11 10:19:32,920 - Long Buy 106.00 shares at 156.76 on 2024-10-25 19:30:00+00:00
2024-11-11 10:19:32,920 - Long Buy 104.00 shares at 156.74 on 2024-10-25 19:45:00+00:00
2024-11-11 10:19:32,920 - Sell to close 1266.00 shares at 157.97 on 2024-10-28 13:30:00+00:00 (Exit: Signal, Profit: 1363.2700000000664, Duration: 4095.0 minutes)
2024-11-11 10:19:32,920 - Short Sell 127.00 shares at 157.74 on 2024-10-28 14:00:00+00:00
2024-11-11 10:19:32,920 - Short Sell 127.00 shares at 157.65 on 2024-10-28 14:15:00+00:00
2024-11-11 10:19:32,920 - Short Sell 127.00 shares at 157.46 on 2024-10-28 14:30:00+00:00
2024-11-11 10:19:32,920 - Short Sell 127.00 shares at 157.6 on 2024-10-28 14:45:00+00:00
2024-11-11 10:19:32,920 - Short Sell 127.00 shares at 157.63 on 2024-10-28 15:00:00+00:00
2024-11-11 10:19:32,920 - Short Sell 127.00 shares at 157.49 on 2024-10-28 15:15:00+00:00
2024-11-11 10:19:32,920 - Short Sell 127.00 shares at 157.36 on 2024-10-28 15:30:00+00:00
2024-11-11 10:19:32,920 - Short Sell 127.00 shares at 157.43 on 2024-10-28 15:45:00+00:00
2024-11-11 10:19:32,920 - Short Sell 127.00 shares at 157.52 on 2024-10-28 16:00:00+00:00
2024-11-11 10:19:32,920 - Short Sell 127.00 shares at 157.52 on 2024-10-28 16:15:00+00:00
2024-11-11 10:19:32,920 - Short Sell 127.00 shares at 157.44 on 2024-10-28 16:30:00+00:00
2024-11-11 10:19:32,920 - Short Sell 127.00 shares at 157.41 on 2024-10-28 16:45:00+00:00
2024-11-11 10:19:32,920 - Short Sell 127.00 shares at 157.46 on 2024-10-28 17:00:00+00:00
2024-11-11 10:19:32,920 - Short Sell 127.00 shares at 157.44 on 2024-10-28 17:15:00+00:00
2024-11-11 10:19:32,920 - Short Sell 127.00 shares at 157.47 on 2024-10-28 17:30:00+00:00
2024-11-11 10:19:32,920 - Short Sell 127.00 shares at 157.58 on 2024-10-28 17:45:00+00:00
2024-11-11 10:19:32,921 - Buy to cover -2032.00 shares at 157.43 on 2024-10-28 18:00:00+00:00 (Exit: Signal, Profit: 167.63999999996304, Duration: 240.0 minutes)
2024-11-11 10:19:32,921 - Long Buy 127.00 shares at 157.28 on 2024-10-28 18:15:00+00:00
2024-11-11 10:19:32,921 - Long Buy 124.00 shares at 157.37 on 2024-10-28 18:30:00+00:00
2024-11-11 10:19:32,921 - Long Buy 122.00 shares at 157.43 on 2024-10-28 18:45:00+00:00
2024-11-11 10:19:32,921 - Long Buy 119.00 shares at 157.45 on 2024-10-28 19:00:00+00:00
2024-11-11 10:19:32,921 - Sell to close 492.00 shares at 157.64 on 2024-10-28 19:15:00+00:00 (Exit: Signal, Profit: 127.42999999999597, Duration: 60.0 minutes)
2024-11-11 10:19:32,921 - Short Sell 126.00 shares at 157.92 on 2024-10-28 19:30:00+00:00
2024-11-11 10:19:32,921 - Short Sell 127.00 shares at 157.73 on 2024-10-28 19:45:00+00:00
2024-11-11 10:19:32,921 - Buy to cover -253.00 shares at 156.64 on 2024-10-29 13:30:00+00:00 (Exit: Signal, Profit: 299.71000000000316, Duration: 1080.0 minutes)
2024-11-11 10:19:32,921 - Long Buy 128.00 shares at 156.58 on 2024-10-29 13:45:00+00:00
2024-11-11 10:19:32,921 - Long Buy 125.00 shares at 156.87 on 2024-10-29 14:00:00+00:00
2024-11-11 10:19:32,921 - Long Buy 122.00 shares at 157.03 on 2024-10-29 14:15:00+00:00
2024-11-11 10:19:32,921 - Long Buy 120.00 shares at 157.21 on 2024-10-29 14:30:00+00:00
2024-11-11 10:19:32,921 - Long Buy 117.00 shares at 157.27 on 2024-10-29 14:45:00+00:00
2024-11-11 10:19:32,921 - Long Buy 115.00 shares at 157.28 on 2024-10-29 15:00:00+00:00
2024-11-11 10:19:32,921 - Long Buy 112.00 shares at 157.2 on 2024-10-29 15:15:00+00:00
2024-11-11 10:19:32,921 - Long Buy 110.00 shares at 157.31 on 2024-10-29 15:30:00+00:00
2024-11-11 10:19:32,921 - Long Buy 108.00 shares at 157.3 on 2024-10-29 15:45:00+00:00
2024-11-11 10:19:32,921 - Sell to close 1057.00 shares at 157.77 on 2024-10-29 16:00:00+00:00 (Exit: Signal, Profit: 702.3500000000085, Duration: 135.0 minutes)
2024-11-11 10:19:32,921 - Short Sell 127.00 shares at 157.62 on 2024-10-29 16:15:00+00:00
2024-11-11 10:19:32,921 - Short Sell 127.00 shares at 157.74 on 2024-10-29 16:30:00+00:00
2024-11-11 10:19:32,921 - Short Sell 127.00 shares at 157.77 on 2024-10-29 16:45:00+00:00
2024-11-11 10:19:32,922 - Short Sell 127.00 shares at 157.9 on 2024-10-29 17:00:00+00:00
2024-11-11 10:19:32,922 - Short Sell 127.00 shares at 157.69 on 2024-10-29 17:15:00+00:00
2024-11-11 10:19:32,922 - Short Sell 127.00 shares at 157.66 on 2024-10-29 17:30:00+00:00
2024-11-11 10:19:32,922 - Buy to cover -762.00 shares at 157.28 on 2024-10-29 18:00:00+00:00 (Exit: Signal, Profit: 342.900000000013, Duration: 105.0 minutes)
2024-11-11 10:19:32,922 - Long Buy 127.00 shares at 157.35 on 2024-10-29 18:15:00+00:00
2024-11-11 10:19:32,922 - Long Buy 124.00 shares at 157.42 on 2024-10-29 18:30:00+00:00
2024-11-11 10:19:32,922 - Long Buy 122.00 shares at 157.21 on 2024-10-29 18:45:00+00:00
2024-11-11 10:19:32,922 - Long Buy 120.00 shares at 157.12 on 2024-10-29 19:00:00+00:00
2024-11-11 10:19:32,922 - Sell to close 493.00 shares at 157.25 on 2024-10-29 19:15:00+00:00 (Exit: Signal, Profit: -13.300000000003848, Duration: 60.0 minutes)
2024-11-11 10:19:32,922 - Short Sell 127.00 shares at 157.42 on 2024-10-29 19:30:00+00:00
2024-11-11 10:19:32,922 - Buy to cover -127.00 shares at 156.84 on 2024-10-29 19:45:00+00:00 (Exit: Signal, Profit: 73.65999999999798, Duration: 15.0 minutes)
2024-11-11 10:19:32,922 - Long Buy 128.00 shares at 156.5 on 2024-10-30 13:30:00+00:00
2024-11-11 10:19:32,922 - Long Buy 125.00 shares at 156.93 on 2024-10-30 13:45:00+00:00
2024-11-11 10:19:32,922 - Long Buy 123.00 shares at 156.41 on 2024-10-30 14:00:00+00:00
2024-11-11 10:19:32,922 - Long Buy 121.00 shares at 156.06 on 2024-10-30 14:15:00+00:00
2024-11-11 10:19:32,922 - Long Buy 118.00 shares at 156.45 on 2024-10-30 14:30:00+00:00
2024-11-11 10:19:32,922 - Long Buy 116.00 shares at 156.2 on 2024-10-30 14:45:00+00:00
2024-11-11 10:19:32,922 - Long Buy 114.00 shares at 155.97 on 2024-10-30 15:00:00+00:00
2024-11-11 10:19:32,922 - Long Buy 111.00 shares at 155.75 on 2024-10-30 15:15:00+00:00
2024-11-11 10:19:32,922 - Long Buy 109.00 shares at 156.08 on 2024-10-30 15:30:00+00:00
2024-11-11 10:19:32,922 - Long Buy 107.00 shares at 156.44 on 2024-10-30 15:45:00+00:00
2024-11-11 10:19:32,922 - Long Buy 104.00 shares at 156.74 on 2024-10-30 16:00:00+00:00
2024-11-11 10:19:32,922 - Long Buy 102.00 shares at 156.94 on 2024-10-30 16:15:00+00:00
2024-11-11 10:19:32,922 - Sell to close 1378.00 shares at 157.3 on 2024-10-30 16:30:00+00:00 (Exit: Signal, Profit: 1279.6900000000355, Duration: 180.0 minutes)
2024-11-11 10:19:32,923 - Short Sell 127.00 shares at 157.41 on 2024-10-30 16:45:00+00:00
2024-11-11 10:19:32,923 - Short Sell 127.00 shares at 157.53 on 2024-10-30 17:00:00+00:00
2024-11-11 10:19:32,923 - Short Sell 127.00 shares at 157.4 on 2024-10-30 17:15:00+00:00
2024-11-11 10:19:32,923 - Short Sell 127.00 shares at 157.34 on 2024-10-30 17:30:00+00:00
2024-11-11 10:19:32,923 - Buy to cover -508.00 shares at 156.96 on 2024-10-30 17:45:00+00:00 (Exit: Signal, Profit: 233.68000000000404, Duration: 60.0 minutes)
2024-11-11 10:19:32,923 - Short Sell 127.00 shares at 157.28 on 2024-10-30 18:15:00+00:00
2024-11-11 10:19:32,923 - Buy to cover -127.00 shares at 157.0 on 2024-10-30 18:30:00+00:00 (Exit: Signal, Profit: 35.560000000000144, Duration: 15.0 minutes)
2024-11-11 10:19:32,923 - Long Buy 128.00 shares at 156.91 on 2024-10-30 18:45:00+00:00
2024-11-11 10:19:32,923 - Long Buy 125.00 shares at 156.73 on 2024-10-30 19:00:00+00:00
2024-11-11 10:19:32,923 - Long Buy 122.00 shares at 156.97 on 2024-10-30 19:15:00+00:00
2024-11-11 10:19:32,923 - Long Buy 120.00 shares at 156.58 on 2024-10-30 19:30:00+00:00
2024-11-11 10:19:32,923 - Long Buy 118.00 shares at 156.55 on 2024-10-30 19:45:00+00:00
2024-11-11 10:19:32,923 - Sell to close 613.00 shares at 163.0 on 2024-10-31 13:30:00+00:00 (Exit: Profit_take, Profit: 3830.4300000000235, Duration: 1125.0 minutes)
2024-11-11 10:19:32,923 - Short Sell 125.00 shares at 160.51 on 2024-10-31 13:45:00+00:00
2024-11-11 10:19:32,923 - Short Sell 125.00 shares at 160.78 on 2024-10-31 14:00:00+00:00
2024-11-11 10:19:32,923 - Short Sell 125.00 shares at 160.85 on 2024-10-31 14:15:00+00:00
2024-11-11 10:19:32,923 - Short Sell 124.00 shares at 161.85 on 2024-10-31 14:30:00+00:00
2024-11-11 10:19:32,923 - Short Sell 124.00 shares at 161.54 on 2024-10-31 14:45:00+00:00
2024-11-11 10:19:32,923 - Short Sell 124.00 shares at 161.68 on 2024-10-31 15:00:00+00:00
2024-11-11 10:19:32,923 - Short Sell 125.00 shares at 160.99 on 2024-10-31 15:15:00+00:00
2024-11-11 10:19:32,923 - Short Sell 125.00 shares at 160.93 on 2024-10-31 15:30:00+00:00
2024-11-11 10:19:32,923 - Short Sell 125.00 shares at 161.02 on 2024-10-31 15:45:00+00:00
2024-11-11 10:19:32,923 - Short Sell 126.00 shares at 160.11 on 2024-10-31 16:00:00+00:00
2024-11-11 10:19:32,924 - Short Sell 126.00 shares at 159.96 on 2024-10-31 16:15:00+00:00
2024-11-11 10:19:32,924 - Short Sell 126.00 shares at 159.68 on 2024-10-31 16:30:00+00:00
2024-11-11 10:19:32,924 - Short Sell 126.00 shares at 159.98 on 2024-10-31 16:45:00+00:00
2024-11-11 10:19:32,924 - Short Sell 126.00 shares at 159.7 on 2024-10-31 17:00:00+00:00
2024-11-11 10:19:32,924 - Short Sell 125.00 shares at 160.42 on 2024-10-31 17:15:00+00:00
2024-11-11 10:19:32,924 - Short Sell 126.00 shares at 159.96 on 2024-10-31 17:30:00+00:00
2024-11-11 10:19:32,924 - Short Sell 126.00 shares at 159.93 on 2024-10-31 17:45:00+00:00
2024-11-11 10:19:32,924 - Short Sell 126.00 shares at 160.17 on 2024-10-31 18:00:00+00:00
2024-11-11 10:19:32,924 - Short Sell 125.00 shares at 160.99 on 2024-10-31 18:15:00+00:00
2024-11-11 10:19:32,924 - Short Sell 126.00 shares at 160.13 on 2024-10-31 18:30:00+00:00
2024-11-11 10:19:32,924 - Short Sell 126.00 shares at 159.39 on 2024-10-31 18:45:00+00:00
2024-11-11 10:19:32,924 - Short Sell 127.00 shares at 158.71 on 2024-10-31 19:00:00+00:00
2024-11-11 10:19:32,924 - Short Sell 127.00 shares at 159.0 on 2024-10-31 19:15:00+00:00
2024-11-11 10:19:32,924 - Short Sell 127.00 shares at 158.64 on 2024-10-31 19:30:00+00:00
2024-11-11 10:19:32,924 - Short Sell 127.00 shares at 158.5 on 2024-10-31 19:45:00+00:00
2024-11-11 10:19:32,924 - Short Sell 126.00 shares at 159.63 on 2024-11-01 13:30:00+00:00
2024-11-11 10:19:32,924 - Short Sell 123.00 shares at 162.19 on 2024-11-01 13:45:00+00:00
2024-11-11 10:19:32,924 - Short Sell 123.00 shares at 162.35 on 2024-11-01 14:00:00+00:00
2024-11-11 10:19:32,924 - Short Sell 122.00 shares at 162.78 on 2024-11-01 14:15:00+00:00
2024-11-11 10:19:32,924 - Buy to cover -3634.00 shares at 162.25 on 2024-11-01 14:30:00+00:00 (Exit: Signal, Profit: -6664.399999999938, Duration: 1485.0 minutes)
2024-11-11 10:19:32,924 - Short Sell 122.00 shares at 163.11 on 2024-11-01 14:45:00+00:00
2024-11-11 10:19:32,924 - Short Sell 123.00 shares at 162.94 on 2024-11-01 15:00:00+00:00
2024-11-11 10:19:32,924 - Buy to cover -245.00 shares at 162.34 on 2024-11-01 15:15:00+00:00 (Exit: Signal, Profit: 167.73999999999774, Duration: 30.0 minutes)
2024-11-11 10:19:32,924 - Long Buy 123.00 shares at 162.74 on 2024-11-01 15:30:00+00:00
2024-11-11 10:19:32,924 - Long Buy 121.00 shares at 162.22 on 2024-11-01 15:45:00+00:00
2024-11-11 10:19:32,924 - Long Buy 118.00 shares at 162.07 on 2024-11-01 16:00:00+00:00
2024-11-11 10:19:32,925 - Long Buy 116.00 shares at 162.09 on 2024-11-01 16:15:00+00:00
2024-11-11 10:19:32,925 - Long Buy 113.00 shares at 162.64 on 2024-11-01 16:30:00+00:00
2024-11-11 10:19:32,925 - Long Buy 111.00 shares at 162.4 on 2024-11-01 16:45:00+00:00
2024-11-11 10:19:32,925 - Long Buy 109.00 shares at 162.43 on 2024-11-01 17:00:00+00:00
2024-11-11 10:19:32,925 - Long Buy 107.00 shares at 162.59 on 2024-11-01 17:15:00+00:00
2024-11-11 10:19:32,925 - Long Buy 105.00 shares at 162.08 on 2024-11-01 17:30:00+00:00
2024-11-11 10:19:32,925 - Long Buy 103.00 shares at 162.31 on 2024-11-01 17:45:00+00:00
2024-11-11 10:19:32,925 - Long Buy 100.00 shares at 162.28 on 2024-11-01 18:00:00+00:00
2024-11-11 10:19:32,925 - Long Buy 98.00 shares at 162.52 on 2024-11-01 18:15:00+00:00
2024-11-11 10:19:32,925 - Long Buy 96.00 shares at 162.56 on 2024-11-01 19:00:00+00:00
2024-11-11 10:19:32,925 - Long Buy 94.00 shares at 162.48 on 2024-11-01 19:15:00+00:00
2024-11-11 10:19:32,925 - Sell to close 1514.00 shares at 163.09 on 2024-11-01 19:45:00+00:00 (Exit: Signal, Profit: 1069.0300000000057, Duration: 255.0 minutes)
2024-11-11 10:19:32,925 - Long Buy 123.00 shares at 162.28 on 2024-11-04 14:30:00+00:00
2024-11-11 10:19:32,925 - Sell to close 123.00 shares at 163.58 on 2024-11-04 14:45:00+00:00 (Exit: Signal, Profit: 159.9000000000014, Duration: 15.0 minutes)
2024-11-11 10:19:32,925 - Short Sell 122.00 shares at 163.64 on 2024-11-04 15:00:00+00:00
2024-11-11 10:19:32,925 - Short Sell 122.00 shares at 163.56 on 2024-11-04 15:15:00+00:00
2024-11-11 10:19:32,925 - Buy to cover -244.00 shares at 162.56 on 2024-11-04 15:30:00+00:00 (Exit: Signal, Profit: 253.75999999999112, Duration: 30.0 minutes)
2024-11-11 10:19:32,925 - Long Buy 123.00 shares at 162.62 on 2024-11-04 16:00:00+00:00
2024-11-11 10:19:32,925 - Sell to close 123.00 shares at 163.03 on 2024-11-04 16:15:00+00:00 (Exit: Signal, Profit: 50.42999999999958, Duration: 15.0 minutes)
2024-11-11 10:19:32,925 - Long Buy 123.00 shares at 162.93 on 2024-11-04 16:30:00+00:00
2024-11-11 10:19:32,926 - Sell to close 123.00 shares at 163.06 on 2024-11-04 16:45:00+00:00 (Exit: Signal, Profit: 15.98999999999944, Duration: 15.0 minutes)
2024-11-11 10:19:32,926 - Short Sell 123.00 shares at 163.18 on 2024-11-04 17:00:00+00:00
2024-11-11 10:19:32,926 - Buy to cover -123.00 shares at 162.9 on 2024-11-04 17:15:00+00:00 (Exit: Signal, Profit: 34.44000000000014, Duration: 15.0 minutes)
2024-11-11 10:19:32,926 - Short Sell 123.00 shares at 163.14 on 2024-11-04 17:30:00+00:00
2024-11-11 10:19:32,926 - Buy to cover -123.00 shares at 162.87 on 2024-11-04 17:45:00+00:00 (Exit: Signal, Profit: 33.20999999999776, Duration: 15.0 minutes)
2024-11-11 10:19:32,926 - Long Buy 123.00 shares at 162.52 on 2024-11-04 18:00:00+00:00
2024-11-11 10:19:32,926 - Long Buy 120.00 shares at 162.64 on 2024-11-04 18:15:00+00:00
2024-11-11 10:19:32,926 - Long Buy 118.00 shares at 162.76 on 2024-11-04 18:30:00+00:00
2024-11-11 10:19:32,926 - Long Buy 116.00 shares at 162.53 on 2024-11-04 18:45:00+00:00
2024-11-11 10:19:32,926 - Long Buy 114.00 shares at 162.34 on 2024-11-04 19:00:00+00:00
2024-11-11 10:19:32,926 - Long Buy 111.00 shares at 162.14 on 2024-11-04 19:15:00+00:00
2024-11-11 10:19:32,926 - Long Buy 109.00 shares at 162.38 on 2024-11-04 19:30:00+00:00
2024-11-11 10:19:32,926 - Long Buy 107.00 shares at 162.21 on 2024-11-04 19:45:00+00:00
2024-11-11 10:19:32,926 - Long Buy 105.00 shares at 162.12 on 2024-11-04 20:00:00+00:00
2024-11-11 10:19:32,926 - Long Buy 103.00 shares at 162.25 on 2024-11-04 20:15:00+00:00
2024-11-11 10:19:32,926 - Long Buy 101.00 shares at 162.35 on 2024-11-04 20:30:00+00:00
2024-11-11 10:19:32,926 - Long Buy 99.00 shares at 162.47 on 2024-11-04 20:45:00+00:00
2024-11-11 10:19:32,926 - Long Buy 97.00 shares at 161.69 on 2024-11-05 14:30:00+00:00
2024-11-11 10:19:32,926 - Long Buy 95.00 shares at 161.28 on 2024-11-05 14:45:00+00:00
2024-11-11 10:19:32,926 - Long Buy 93.00 shares at 161.91 on 2024-11-05 15:00:00+00:00
2024-11-11 10:19:32,926 - Long Buy 91.00 shares at 162.05 on 2024-11-05 15:15:00+00:00
2024-11-11 10:19:32,926 - Long Buy 90.00 shares at 161.68 on 2024-11-05 15:30:00+00:00
2024-11-11 10:19:32,926 - Long Buy 88.00 shares at 162.02 on 2024-11-05 15:45:00+00:00
2024-11-11 10:19:32,926 - Long Buy 86.00 shares at 161.98 on 2024-11-05 16:00:00+00:00
2024-11-11 10:19:32,926 - Long Buy 84.00 shares at 162.1 on 2024-11-05 16:15:00+00:00
2024-11-11 10:19:32,926 - Long Buy 82.00 shares at 161.97 on 2024-11-05 16:30:00+00:00
2024-11-11 10:19:32,926 - Long Buy 81.00 shares at 161.85 on 2024-11-05 16:45:00+00:00
2024-11-11 10:19:32,927 - Long Buy 79.00 shares at 162.21 on 2024-11-05 17:00:00+00:00
2024-11-11 10:19:32,927 - Long Buy 77.00 shares at 162.38 on 2024-11-05 17:15:00+00:00
2024-11-11 10:19:32,927 - Sell to close 2369.00 shares at 162.58 on 2024-11-05 17:30:00+00:00 (Exit: Signal, Profit: 935.0899999999966, Duration: 1410.0 minutes)
2024-11-11 10:19:32,927 - Long Buy 123.00 shares at 162.35 on 2024-11-05 17:45:00+00:00
2024-11-11 10:19:32,927 - Long Buy 121.00 shares at 162.16 on 2024-11-05 18:00:00+00:00
2024-11-11 10:19:32,927 - Long Buy 118.00 shares at 162.33 on 2024-11-05 18:15:00+00:00
2024-11-11 10:19:32,927 - Sell to close 362.00 shares at 162.53 on 2024-11-05 18:30:00+00:00 (Exit: Signal, Profit: 90.50999999999635, Duration: 45.0 minutes)
2024-11-11 10:19:32,927 - Short Sell 123.00 shares at 162.56 on 2024-11-05 18:45:00+00:00
2024-11-11 10:19:32,927 - Short Sell 123.00 shares at 162.51 on 2024-11-05 19:00:00+00:00
2024-11-11 10:19:32,927 - Buy to cover -246.00 shares at 162.11 on 2024-11-05 19:15:00+00:00 (Exit: Signal, Profit: 104.5499999999958, Duration: 30.0 minutes)
2024-11-11 10:19:32,927 - Long Buy 124.00 shares at 161.91 on 2024-11-05 19:30:00+00:00
2024-11-11 10:19:32,927 - Long Buy 121.00 shares at 161.96 on 2024-11-05 19:45:00+00:00
2024-11-11 10:19:32,927 - Long Buy 119.00 shares at 162.09 on 2024-11-05 20:00:00+00:00
2024-11-11 10:19:32,927 - Long Buy 116.00 shares at 162.18 on 2024-11-05 20:15:00+00:00
2024-11-11 10:19:32,927 - Long Buy 114.00 shares at 162.02 on 2024-11-05 20:30:00+00:00
2024-11-11 10:19:32,927 - Sell to close 594.00 shares at 165.36 on 2024-11-06 14:30:00+00:00 (Exit: Signal, Profit: 1977.9700000000112, Duration: 1140.0 minutes)
2024-11-11 10:19:32,927 - Short Sell 121.00 shares at 166.14 on 2024-11-06 14:45:00+00:00
2024-11-11 10:19:32,927 - Short Sell 122.00 shares at 164.2 on 2024-11-06 15:00:00+00:00
2024-11-11 10:19:32,927 - Short Sell 123.00 shares at 163.74 on 2024-11-06 15:15:00+00:00
2024-11-11 10:19:32,927 - Short Sell 122.00 shares at 164.37 on 2024-11-06 15:30:00+00:00
2024-11-11 10:19:32,927 - Short Sell 122.00 shares at 163.93 on 2024-11-06 15:45:00+00:00
2024-11-11 10:19:32,927 - Short Sell 122.00 shares at 163.96 on 2024-11-06 16:00:00+00:00
2024-11-11 10:19:32,928 - Short Sell 122.00 shares at 164.71 on 2024-11-06 16:15:00+00:00
2024-11-11 10:19:32,928 - Short Sell 121.00 shares at 165.28 on 2024-11-06 16:30:00+00:00
2024-11-11 10:19:32,928 - Short Sell 122.00 shares at 164.99 on 2024-11-06 16:45:00+00:00
2024-11-11 10:19:32,928 - Short Sell 122.00 shares at 164.98 on 2024-11-06 17:00:00+00:00
2024-11-11 10:19:32,928 - Short Sell 122.00 shares at 164.78 on 2024-11-06 17:15:00+00:00
2024-11-11 10:19:32,928 - Short Sell 122.00 shares at 164.47 on 2024-11-06 17:30:00+00:00
2024-11-11 10:19:32,928 - Short Sell 121.00 shares at 165.03 on 2024-11-06 17:45:00+00:00
2024-11-11 10:19:32,928 - Short Sell 122.00 shares at 164.5 on 2024-11-06 18:00:00+00:00
2024-11-11 10:19:32,928 - Short Sell 123.00 shares at 163.88 on 2024-11-06 18:15:00+00:00
2024-11-11 10:19:32,928 - Short Sell 122.00 shares at 164.17 on 2024-11-06 18:30:00+00:00
2024-11-11 10:19:32,928 - Short Sell 122.00 shares at 163.96 on 2024-11-06 18:45:00+00:00
2024-11-11 10:19:32,928 - Short Sell 123.00 shares at 163.94 on 2024-11-06 19:00:00+00:00
2024-11-11 10:19:32,928 - Buy to cover -2196.00 shares at 163.53 on 2024-11-06 19:30:00+00:00 (Exit: Signal, Profit: 2128.889999999955, Duration: 285.0 minutes)
2024-11-11 10:19:32,928 - Long Buy 123.00 shares at 163.28 on 2024-11-06 19:45:00+00:00
2024-11-11 10:19:32,928 - Long Buy 121.00 shares at 163.36 on 2024-11-06 20:00:00+00:00
2024-11-11 10:19:32,928 - Long Buy 118.00 shares at 163.41 on 2024-11-06 20:15:00+00:00
2024-11-11 10:19:32,928 - Long Buy 116.00 shares at 163.09 on 2024-11-06 20:30:00+00:00
2024-11-11 10:19:32,928 - Long Buy 114.00 shares at 162.71 on 2024-11-06 20:45:00+00:00
2024-11-11 10:19:32,928 - Long Buy 111.00 shares at 163.06 on 2024-11-07 14:30:00+00:00
2024-11-11 10:19:32,928 - Long Buy 110.00 shares at 162.34 on 2024-11-07 14:45:00+00:00
2024-11-11 10:19:32,928 - Long Buy 108.00 shares at 162.04 on 2024-11-07 15:00:00+00:00
2024-11-11 10:19:32,928 - Long Buy 105.00 shares at 162.58 on 2024-11-07 15:15:00+00:00
2024-11-11 10:19:32,928 - Long Buy 103.00 shares at 163.24 on 2024-11-07 15:30:00+00:00
2024-11-11 10:19:32,928 - Long Buy 100.00 shares at 163.77 on 2024-11-07 15:45:00+00:00
2024-11-11 10:19:32,928 - Long Buy 99.00 shares at 163.37 on 2024-11-07 16:00:00+00:00
2024-11-11 10:19:32,928 - Long Buy 96.00 shares at 163.57 on 2024-11-07 16:15:00+00:00
2024-11-11 10:19:32,928 - Long Buy 95.00 shares at 163.16 on 2024-11-07 16:30:00+00:00
2024-11-11 10:19:32,929 - Long Buy 93.00 shares at 163.02 on 2024-11-07 16:45:00+00:00
2024-11-11 10:19:32,929 - Long Buy 91.00 shares at 163.56 on 2024-11-07 17:00:00+00:00
2024-11-11 10:19:32,929 - Long Buy 89.00 shares at 163.47 on 2024-11-07 17:15:00+00:00
2024-11-11 10:19:32,929 - Long Buy 87.00 shares at 163.38 on 2024-11-07 17:30:00+00:00
2024-11-11 10:19:32,929 - Long Buy 86.00 shares at 163.26 on 2024-11-07 17:45:00+00:00
2024-11-11 10:19:32,929 - Long Buy 84.00 shares at 163.4 on 2024-11-07 18:00:00+00:00
2024-11-11 10:19:32,929 - Long Buy 82.00 shares at 163.13 on 2024-11-07 18:15:00+00:00
2024-11-11 10:19:32,929 - Long Buy 81.00 shares at 163.1 on 2024-11-07 18:30:00+00:00
2024-11-11 10:19:32,929 - Long Buy 79.00 shares at 162.87 on 2024-11-07 18:45:00+00:00
2024-11-11 10:19:32,929 - Long Buy 77.00 shares at 163.02 on 2024-11-07 19:00:00+00:00
2024-11-11 10:19:32,929 - Long Buy 76.00 shares at 163.17 on 2024-11-07 19:15:00+00:00
2024-11-11 10:19:32,929 - Long Buy 74.00 shares at 163.08 on 2024-11-07 19:30:00+00:00
2024-11-11 10:19:32,929 - Sell to close 2518.00 shares at 163.31 on 2024-11-07 20:00:00+00:00 (Exit: Signal, Profit: 469.7300000001291, Duration: 1455.0 minutes)
2024-11-11 10:19:32,929 - Short Sell 123.00 shares at 163.22 on 2024-11-07 20:15:00+00:00
2024-11-11 10:19:32,929 - Buy to cover -123.00 shares at 163.08 on 2024-11-07 20:30:00+00:00 (Exit: Signal, Profit: 17.219999999998322, Duration: 15.0 minutes)
2024-11-11 10:19:32,929 - Long Buy 124.00 shares at 162.79 on 2024-11-07 20:45:00+00:00
2024-11-11 10:19:32,929 - Sell to close 124.00 shares at 164.08 on 2024-11-08 14:30:00+00:00 (Exit: Signal, Profit: 159.96000000000254, Duration: 1065.0 minutes)
2024-11-11 10:19:32,929 - Short Sell 123.00 shares at 164.0 on 2024-11-08 14:45:00+00:00
2024-11-11 10:19:32,929 - Short Sell 123.00 shares at 163.89 on 2024-11-08 15:00:00+00:00
2024-11-11 10:19:32,929 - Short Sell 123.00 shares at 163.94 on 2024-11-08 15:15:00+00:00
2024-11-11 10:19:32,929 - Short Sell 123.00 shares at 163.64 on 2024-11-08 15:30:00+00:00
2024-11-11 10:19:32,929 - Short Sell 123.00 shares at 163.63 on 2024-11-08 15:45:00+00:00
2024-11-11 10:19:32,929 - Short Sell 123.00 shares at 163.71 on 2024-11-08 16:00:00+00:00
2024-11-11 10:19:32,929 - Short Sell 123.00 shares at 163.83 on 2024-11-08 16:15:00+00:00
2024-11-11 10:19:32,929 - Short Sell 123.00 shares at 164.06 on 2024-11-08 16:30:00+00:00
2024-11-11 10:19:32,930 - Short Sell 122.00 shares at 164.7 on 2024-11-08 16:45:00+00:00
2024-11-11 10:19:32,930 - Short Sell 122.00 shares at 164.97 on 2024-11-08 17:00:00+00:00
2024-11-11 10:19:32,930 - Short Sell 122.00 shares at 164.66 on 2024-11-08 17:15:00+00:00
2024-11-11 10:19:32,930 - Short Sell 122.00 shares at 164.88 on 2024-11-08 17:30:00+00:00
2024-11-11 10:19:32,930 - Short Sell 122.00 shares at 164.96 on 2024-11-08 17:45:00+00:00
2024-11-11 10:19:32,930 - Short Sell 122.00 shares at 165.14 on 2024-11-08 18:00:00+00:00
2024-11-11 10:19:32,930 - Short Sell 121.00 shares at 165.54 on 2024-11-08 18:15:00+00:00
2024-11-11 10:19:32,930 - Short Sell 121.00 shares at 165.44 on 2024-11-08 18:30:00+00:00
2024-11-11 10:19:32,930 - Short Sell 121.00 shares at 165.45 on 2024-11-08 18:45:00+00:00
2024-11-11 10:19:32,930 - Short Sell 121.00 shares at 165.39 on 2024-11-08 19:00:00+00:00
2024-11-11 10:19:32,930 - Short Sell 121.00 shares at 165.45 on 2024-11-08 19:15:00+00:00
2024-11-11 10:19:32,930 - Short Sell 121.00 shares at 165.4 on 2024-11-08 19:30:00+00:00
2024-11-11 10:19:32,930 - Short Sell 121.00 shares at 165.34 on 2024-11-08 19:45:00+00:00
2024-11-11 10:19:32,930 - Short Sell 121.00 shares at 165.59 on 2024-11-08 20:00:00+00:00
2024-11-11 10:19:32,930 - Short Sell 121.00 shares at 165.67 on 2024-11-08 20:15:00+00:00
2024-11-11 10:19:32,930 - Buy to cover -2805.00 shares at 165.63 on 2024-11-08 20:30:00+00:00 (Exit: Signal, Profit: -2478.5599999999304, Duration: 345.0 minutes)
2024-11-11 10:19:32,930 - Long Buy 121.00 shares at 165.19 on 2024-11-08 20:45:00+00:00
2024-11-11 10:19:32,931 - Holding 121.0 shares as an open position at the end with unrealized return: 1.720546608778014e-16, Duration: 0.0 minutes
2024-11-11 10:19:32,932 - Final statisticsStock: CLX, 
total_trades: 55, 
winning_trades: 48, 
losing_trades: 7, 
average_return: 0.0032168038337776045, 
average_duration: 542.1818181818181, 
final_balance: 987339.9599999988, 
final_portfolio_value: 1007327.9499999988, 
sharpe_ratio: 9.236003933264374, 



