2024-11-11 10:19:33,288 - Starting GBMStrategy with initial capital: 1000000
2024-11-11 10:19:33,288 - Hyperparameters: {'threshold': 0.5, 'time_periods': 30, 'num_simulations': 150}
2024-11-11 10:20:54,929 - Short Sell 125.00 shares at 159.27 on 2024-10-11 14:30:00+00:00
2024-11-11 10:20:54,930 - Short Sell 125.00 shares at 159.68 on 2024-10-11 14:45:00+00:00
2024-11-11 10:20:54,930 - Short Sell 125.00 shares at 159.72 on 2024-10-11 15:00:00+00:00
2024-11-11 10:20:54,930 - Short Sell 125.00 shares at 159.54 on 2024-10-11 15:15:00+00:00
2024-11-11 10:20:54,930 - Buy to cover -500.00 shares at 158.96 on 2024-10-11 15:45:00+00:00 (Exit: Signal, Profit: 296.25000000000057, Duration: 75.0 minutes)
2024-11-11 10:20:54,930 - Long Buy 125.00 shares at 159.11 on 2024-10-11 16:00:00+00:00
2024-11-11 10:20:54,930 - Long Buy 123.00 shares at 159.01 on 2024-10-11 16:15:00+00:00
2024-11-11 10:20:54,930 - Long Buy 120.00 shares at 159.04 on 2024-10-11 16:30:00+00:00
2024-11-11 10:20:54,930 - Sell to close 368.00 shares at 159.35 on 2024-10-11 16:45:00+00:00 (Exit: Signal, Profit: 109.01999999999498, Duration: 45.0 minutes)
2024-11-11 10:20:54,930 - Short Sell 125.00 shares at 159.37 on 2024-10-11 17:00:00+00:00
2024-11-11 10:20:54,930 - Short Sell 125.00 shares at 159.36 on 2024-10-11 17:15:00+00:00
2024-11-11 10:20:54,931 - Short Sell 125.00 shares at 159.45 on 2024-10-11 17:30:00+00:00
2024-11-11 10:20:54,931 - Short Sell 124.00 shares at 160.03 on 2024-10-11 17:45:00+00:00
2024-11-11 10:20:54,931 - Short Sell 124.00 shares at 160.21 on 2024-10-11 18:00:00+00:00
2024-11-11 10:20:54,931 - Short Sell 124.00 shares at 160.25 on 2024-10-11 18:15:00+00:00
2024-11-11 10:20:54,931 - Short Sell 124.00 shares at 160.24 on 2024-10-11 18:30:00+00:00
2024-11-11 10:20:54,931 - Short Sell 124.00 shares at 160.34 on 2024-10-11 18:45:00+00:00
2024-11-11 10:20:54,931 - Short Sell 124.00 shares at 160.27 on 2024-10-11 19:00:00+00:00
2024-11-11 10:20:54,931 - Short Sell 124.00 shares at 160.47 on 2024-10-11 19:15:00+00:00
2024-11-11 10:20:54,931 - Short Sell 124.00 shares at 160.39 on 2024-10-11 19:30:00+00:00
2024-11-11 10:20:54,931 - Short Sell 124.00 shares at 160.32 on 2024-10-11 19:45:00+00:00
2024-11-11 10:20:54,931 - Short Sell 124.00 shares at 160.18 on 2024-10-14 13:30:00+00:00
2024-11-11 10:20:54,931 - Short Sell 124.00 shares at 160.52 on 2024-10-14 13:45:00+00:00
2024-11-11 10:20:54,931 - Short Sell 123.00 shares at 161.1 on 2024-10-14 14:00:00+00:00
2024-11-11 10:20:54,931 - Short Sell 123.00 shares at 161.2 on 2024-10-14 14:15:00+00:00
2024-11-11 10:20:54,931 - Short Sell 124.00 shares at 161.0 on 2024-10-14 14:30:00+00:00
2024-11-11 10:20:54,931 - Short Sell 123.00 shares at 161.3 on 2024-10-14 14:45:00+00:00
2024-11-11 10:20:54,931 - Short Sell 123.00 shares at 161.16 on 2024-10-14 15:00:00+00:00
2024-11-11 10:20:54,931 - Short Sell 123.00 shares at 161.11 on 2024-10-14 15:15:00+00:00
2024-11-11 10:20:54,931 - Short Sell 123.00 shares at 161.34 on 2024-10-14 15:30:00+00:00
2024-11-11 10:20:54,931 - Buy to cover -2601.00 shares at 161.03 on 2024-10-14 15:45:00+00:00 (Exit: Signal, Profit: -1496.4200000000246, Duration: 4245.0 minutes)
2024-11-11 10:20:54,931 - Long Buy 124.00 shares at 160.89 on 2024-10-14 16:00:00+00:00
2024-11-11 10:20:54,931 - Long Buy 121.00 shares at 160.81 on 2024-10-14 16:15:00+00:00
2024-11-11 10:20:54,931 - Long Buy 119.00 shares at 160.84 on 2024-10-14 16:30:00+00:00
2024-11-11 10:20:54,931 - Long Buy 116.00 shares at 161.05 on 2024-10-14 16:45:00+00:00
2024-11-11 10:20:54,931 - Long Buy 114.00 shares at 160.84 on 2024-10-14 17:00:00+00:00
2024-11-11 10:20:54,932 - Long Buy 112.00 shares at 160.98 on 2024-10-14 17:15:00+00:00
2024-11-11 10:20:54,932 - Sell to close 706.00 shares at 161.22 on 2024-10-14 18:00:00+00:00 (Exit: Signal, Profit: 225.6700000000002, Duration: 120.0 minutes)
2024-11-11 10:20:54,932 - Short Sell 123.00 shares at 161.5 on 2024-10-14 18:15:00+00:00
2024-11-11 10:20:54,932 - Short Sell 123.00 shares at 161.45 on 2024-10-14 18:30:00+00:00
2024-11-11 10:20:54,932 - Short Sell 123.00 shares at 161.48 on 2024-10-14 18:45:00+00:00
2024-11-11 10:20:54,932 - Short Sell 123.00 shares at 161.31 on 2024-10-14 19:00:00+00:00
2024-11-11 10:20:54,932 - Short Sell 123.00 shares at 161.39 on 2024-10-14 19:15:00+00:00
2024-11-11 10:20:54,932 - Short Sell 123.00 shares at 161.6 on 2024-10-14 19:30:00+00:00
2024-11-11 10:20:54,932 - Short Sell 123.00 shares at 161.52 on 2024-10-14 19:45:00+00:00
2024-11-11 10:20:54,932 - Short Sell 122.00 shares at 162.93 on 2024-10-15 13:30:00+00:00
2024-11-11 10:20:54,932 - Short Sell 122.00 shares at 162.59 on 2024-10-15 13:45:00+00:00
2024-11-11 10:20:54,932 - Short Sell 122.00 shares at 162.55 on 2024-10-15 14:00:00+00:00
2024-11-11 10:20:54,932 - Short Sell 122.00 shares at 163.22 on 2024-10-15 14:15:00+00:00
2024-11-11 10:20:54,932 - Short Sell 121.00 shares at 163.57 on 2024-10-15 14:30:00+00:00
2024-11-11 10:20:54,932 - Short Sell 122.00 shares at 163.2 on 2024-10-15 14:45:00+00:00
2024-11-11 10:20:54,932 - Short Sell 121.00 shares at 163.55 on 2024-10-15 15:00:00+00:00
2024-11-11 10:20:54,932 - Short Sell 121.00 shares at 163.55 on 2024-10-15 15:15:00+00:00
2024-11-11 10:20:54,932 - Short Sell 121.00 shares at 163.78 on 2024-10-15 15:30:00+00:00
2024-11-11 10:20:54,932 - Short Sell 122.00 shares at 163.4 on 2024-10-15 15:45:00+00:00
2024-11-11 10:20:54,932 - Short Sell 122.00 shares at 163.06 on 2024-10-15 16:00:00+00:00
2024-11-11 10:20:54,933 - Short Sell 122.00 shares at 163.18 on 2024-10-15 16:15:00+00:00
2024-11-11 10:20:54,933 - Buy to cover -2321.00 shares at 162.56 on 2024-10-15 16:30:00+00:00 (Exit: Signal, Profit: 11.300000000044122, Duration: 1335.0 minutes)
2024-11-11 10:20:54,933 - Long Buy 122.00 shares at 162.75 on 2024-10-15 16:45:00+00:00
2024-11-11 10:20:54,933 - Long Buy 120.00 shares at 162.83 on 2024-10-15 17:00:00+00:00
2024-11-11 10:20:54,933 - Long Buy 117.00 shares at 163.08 on 2024-10-15 17:15:00+00:00
2024-11-11 10:20:54,933 - Long Buy 115.00 shares at 162.94 on 2024-10-15 17:30:00+00:00
2024-11-11 10:20:54,933 - Long Buy 113.00 shares at 162.86 on 2024-10-15 17:45:00+00:00
2024-11-11 10:20:54,933 - Long Buy 110.00 shares at 163.09 on 2024-10-15 18:00:00+00:00
2024-11-11 10:20:54,933 - Long Buy 108.00 shares at 162.79 on 2024-10-15 18:30:00+00:00
2024-11-11 10:20:54,933 - Long Buy 106.00 shares at 163.05 on 2024-10-15 18:45:00+00:00
2024-11-11 10:20:54,933 - Long Buy 104.00 shares at 162.97 on 2024-10-15 19:00:00+00:00
2024-11-11 10:20:54,933 - Long Buy 102.00 shares at 162.81 on 2024-10-15 19:15:00+00:00
2024-11-11 10:20:54,933 - Long Buy 100.00 shares at 162.86 on 2024-10-15 19:30:00+00:00
2024-11-11 10:20:54,933 - Sell to close 1217.00 shares at 163.32 on 2024-10-15 19:45:00+00:00 (Exit: Signal, Profit: 497.6799999999729, Duration: 180.0 minutes)
2024-11-11 10:20:54,933 - Long Buy 123.00 shares at 161.89 on 2024-10-16 13:30:00+00:00
2024-11-11 10:20:54,933 - Long Buy 120.00 shares at 162.4 on 2024-10-16 13:45:00+00:00
2024-11-11 10:20:54,933 - Long Buy 118.00 shares at 162.03 on 2024-10-16 14:00:00+00:00
2024-11-11 10:20:54,933 - Long Buy 115.00 shares at 162.27 on 2024-10-16 14:15:00+00:00
2024-11-11 10:20:54,934 - Long Buy 113.00 shares at 162.31 on 2024-10-16 14:30:00+00:00
2024-11-11 10:20:54,934 - Long Buy 111.00 shares at 162.33 on 2024-10-16 14:45:00+00:00
2024-11-11 10:20:54,934 - Long Buy 109.00 shares at 162.4 on 2024-10-16 15:00:00+00:00
2024-11-11 10:20:54,934 - Long Buy 106.00 shares at 162.64 on 2024-10-16 15:15:00+00:00
2024-11-11 10:20:54,934 - Long Buy 104.00 shares at 162.76 on 2024-10-16 15:30:00+00:00
2024-11-11 10:20:54,934 - Long Buy 102.00 shares at 162.71 on 2024-10-16 15:45:00+00:00
2024-11-11 10:20:54,934 - Long Buy 100.00 shares at 162.9 on 2024-10-16 16:00:00+00:00
2024-11-11 10:20:54,934 - Long Buy 98.00 shares at 162.97 on 2024-10-16 16:15:00+00:00
2024-11-11 10:20:54,934 - Long Buy 96.00 shares at 162.95 on 2024-10-16 16:30:00+00:00
2024-11-11 10:20:54,934 - Long Buy 94.00 shares at 163.04 on 2024-10-16 16:45:00+00:00
2024-11-11 10:20:54,934 - Long Buy 92.00 shares at 162.91 on 2024-10-16 17:15:00+00:00
2024-11-11 10:20:54,934 - Long Buy 90.00 shares at 162.85 on 2024-10-16 17:30:00+00:00
2024-11-11 10:20:54,934 - Sell to close 1691.00 shares at 163.09 on 2024-10-16 18:00:00+00:00 (Exit: Signal, Profit: 905.3299999999634, Duration: 270.0 minutes)
2024-11-11 10:20:54,934 - Short Sell 122.00 shares at 163.5 on 2024-10-16 18:15:00+00:00
2024-11-11 10:20:54,934 - Short Sell 122.00 shares at 163.11 on 2024-10-16 18:30:00+00:00
2024-11-11 10:20:54,934 - Short Sell 122.00 shares at 163.05 on 2024-10-16 18:45:00+00:00
2024-11-11 10:20:54,934 - Short Sell 122.00 shares at 163.37 on 2024-10-16 19:30:00+00:00
2024-11-11 10:20:54,934 - Short Sell 122.00 shares at 163.43 on 2024-10-16 19:45:00+00:00
2024-11-11 10:20:54,934 - Buy to cover -610.00 shares at 162.57 on 2024-10-17 13:30:00+00:00 (Exit: Signal, Profit: 440.42000000000513, Duration: 1155.0 minutes)
2024-11-11 10:20:54,935 - Long Buy 123.00 shares at 162.49 on 2024-10-17 13:45:00+00:00
2024-11-11 10:20:54,935 - Long Buy 120.00 shares at 162.75 on 2024-10-17 14:15:00+00:00
2024-11-11 10:20:54,935 - Long Buy 118.00 shares at 162.6 on 2024-10-17 15:00:00+00:00
2024-11-11 10:20:54,935 - Long Buy 115.00 shares at 162.77 on 2024-10-17 15:45:00+00:00
2024-11-11 10:20:54,935 - Long Buy 113.00 shares at 162.7 on 2024-10-17 16:00:00+00:00
2024-11-11 10:20:54,935 - Long Buy 111.00 shares at 162.78 on 2024-10-17 16:15:00+00:00
2024-11-11 10:20:54,935 - Long Buy 109.00 shares at 162.62 on 2024-10-17 16:30:00+00:00
2024-11-11 10:20:54,935 - Long Buy 106.00 shares at 162.73 on 2024-10-17 16:45:00+00:00
2024-11-11 10:20:54,935 - Long Buy 104.00 shares at 162.39 on 2024-10-17 17:00:00+00:00
2024-11-11 10:20:54,935 - Long Buy 102.00 shares at 162.36 on 2024-10-17 17:15:00+00:00
2024-11-11 10:20:54,935 - Long Buy 100.00 shares at 162.4 on 2024-10-17 17:30:00+00:00
2024-11-11 10:20:54,935 - Long Buy 98.00 shares at 162.66 on 2024-10-17 17:45:00+00:00
2024-11-11 10:20:54,935 - Long Buy 96.00 shares at 162.51 on 2024-10-17 18:00:00+00:00
2024-11-11 10:20:54,935 - Long Buy 94.00 shares at 162.5 on 2024-10-17 18:15:00+00:00
2024-11-11 10:20:54,935 - Long Buy 93.00 shares at 162.49 on 2024-10-17 18:30:00+00:00
2024-11-11 10:20:54,935 - Sell to close 1602.00 shares at 162.61 on 2024-10-17 18:45:00+00:00 (Exit: Signal, Profit: 33.470000000026175, Duration: 300.0 minutes)
2024-11-11 10:20:54,935 - Short Sell 123.00 shares at 162.66 on 2024-10-17 19:00:00+00:00
2024-11-11 10:20:54,935 - Short Sell 123.00 shares at 162.59 on 2024-10-17 19:15:00+00:00
2024-11-11 10:20:54,935 - Short Sell 123.00 shares at 162.64 on 2024-10-17 19:30:00+00:00
2024-11-11 10:20:54,935 - Short Sell 123.00 shares at 162.61 on 2024-10-17 19:45:00+00:00
2024-11-11 10:20:54,935 - Buy to cover -492.00 shares at 161.28 on 2024-10-18 13:30:00+00:00 (Exit: Signal, Profit: 661.7399999999994, Duration: 1110.0 minutes)
2024-11-11 10:20:54,935 - Long Buy 123.00 shares at 161.77 on 2024-10-18 13:45:00+00:00
2024-11-11 10:20:54,936 - Long Buy 121.00 shares at 161.94 on 2024-10-18 14:00:00+00:00
2024-11-11 10:20:54,936 - Long Buy 119.00 shares at 161.66 on 2024-10-18 14:15:00+00:00
2024-11-11 10:20:54,936 - Long Buy 116.00 shares at 161.63 on 2024-10-18 14:30:00+00:00
2024-11-11 10:20:54,936 - Long Buy 114.00 shares at 162.06 on 2024-10-18 14:45:00+00:00
2024-11-11 10:20:54,936 - Long Buy 111.00 shares at 162.05 on 2024-10-18 15:00:00+00:00
2024-11-11 10:20:54,936 - Long Buy 109.00 shares at 162.11 on 2024-10-18 15:15:00+00:00
2024-11-11 10:20:54,936 - Long Buy 107.00 shares at 161.81 on 2024-10-18 15:30:00+00:00
2024-11-11 10:20:54,936 - Long Buy 105.00 shares at 161.75 on 2024-10-18 15:45:00+00:00
2024-11-11 10:20:54,936 - Long Buy 103.00 shares at 161.77 on 2024-10-18 16:00:00+00:00
2024-11-11 10:20:54,936 - Long Buy 101.00 shares at 161.78 on 2024-10-18 16:15:00+00:00
2024-11-11 10:20:54,936 - Long Buy 99.00 shares at 161.85 on 2024-10-18 16:30:00+00:00
2024-11-11 10:20:54,936 - Long Buy 97.00 shares at 161.95 on 2024-10-18 16:45:00+00:00
2024-11-11 10:20:54,936 - Long Buy 95.00 shares at 162.13 on 2024-10-18 17:00:00+00:00
2024-11-11 10:20:54,936 - Long Buy 93.00 shares at 162.06 on 2024-10-18 17:15:00+00:00
2024-11-11 10:20:54,936 - Long Buy 91.00 shares at 162.12 on 2024-10-18 17:30:00+00:00
2024-11-11 10:20:54,936 - Long Buy 89.00 shares at 162.05 on 2024-10-18 17:45:00+00:00
2024-11-11 10:20:54,936 - Long Buy 87.00 shares at 162.3 on 2024-10-18 18:00:00+00:00
2024-11-11 10:20:54,936 - Long Buy 85.00 shares at 162.28 on 2024-10-18 18:30:00+00:00
2024-11-11 10:20:54,936 - Long Buy 84.00 shares at 162.18 on 2024-10-18 18:45:00+00:00
2024-11-11 10:20:54,936 - Long Buy 82.00 shares at 161.77 on 2024-10-18 19:00:00+00:00
2024-11-11 10:20:54,936 - Long Buy 81.00 shares at 161.47 on 2024-10-18 19:15:00+00:00
2024-11-11 10:20:54,936 - Long Buy 79.00 shares at 161.39 on 2024-10-18 19:30:00+00:00
2024-11-11 10:20:54,936 - Sell to close 2291.00 shares at 161.96 on 2024-10-18 19:45:00+00:00 (Exit: Signal, Profit: 126.76000000003904, Duration: 360.0 minutes)
2024-11-11 10:20:54,936 - Short Sell 123.00 shares at 161.79 on 2024-10-21 13:30:00+00:00
2024-11-11 10:20:54,936 - Buy to cover -123.00 shares at 161.3 on 2024-10-21 13:45:00+00:00 (Exit: Signal, Profit: 60.26999999999762, Duration: 15.0 minutes)
2024-11-11 10:20:54,936 - Long Buy 124.00 shares at 161.11 on 2024-10-21 14:00:00+00:00
2024-11-11 10:20:54,937 - Long Buy 122.00 shares at 160.74 on 2024-10-21 14:15:00+00:00
2024-11-11 10:20:54,937 - Long Buy 119.00 shares at 161.13 on 2024-10-21 14:30:00+00:00
2024-11-11 10:20:54,937 - Long Buy 117.00 shares at 160.64 on 2024-10-21 14:45:00+00:00
2024-11-11 10:20:54,937 - Long Buy 115.00 shares at 160.19 on 2024-10-21 15:00:00+00:00
2024-11-11 10:20:54,937 - Long Buy 113.00 shares at 160.29 on 2024-10-21 15:15:00+00:00
2024-11-11 10:20:54,937 - Long Buy 110.00 shares at 160.3 on 2024-10-21 15:30:00+00:00
2024-11-11 10:20:54,937 - Long Buy 108.00 shares at 160.46 on 2024-10-21 15:45:00+00:00
2024-11-11 10:20:54,937 - Long Buy 106.00 shares at 160.55 on 2024-10-21 16:00:00+00:00
2024-11-11 10:20:54,937 - Long Buy 104.00 shares at 160.71 on 2024-10-21 16:15:00+00:00
2024-11-11 10:20:54,937 - Long Buy 101.00 shares at 160.75 on 2024-10-21 16:30:00+00:00
2024-11-11 10:20:54,937 - Long Buy 99.00 shares at 160.86 on 2024-10-21 16:45:00+00:00
2024-11-11 10:20:54,937 - Long Buy 97.00 shares at 160.88 on 2024-10-21 17:00:00+00:00
2024-11-11 10:20:54,937 - Long Buy 95.00 shares at 161.05 on 2024-10-21 17:15:00+00:00
2024-11-11 10:20:54,937 - Long Buy 93.00 shares at 161.12 on 2024-10-21 17:30:00+00:00
2024-11-11 10:20:54,937 - Long Buy 92.00 shares at 160.94 on 2024-10-21 17:45:00+00:00
2024-11-11 10:20:54,937 - Long Buy 90.00 shares at 160.96 on 2024-10-21 18:00:00+00:00
2024-11-11 10:20:54,937 - Long Buy 88.00 shares at 160.73 on 2024-10-21 18:15:00+00:00
2024-11-11 10:20:54,937 - Long Buy 86.00 shares at 160.87 on 2024-10-21 18:30:00+00:00
2024-11-11 10:20:54,937 - Long Buy 85.00 shares at 160.72 on 2024-10-21 18:45:00+00:00
2024-11-11 10:20:54,937 - Long Buy 83.00 shares at 160.66 on 2024-10-21 19:00:00+00:00
2024-11-11 10:20:54,937 - Long Buy 81.00 shares at 160.83 on 2024-10-21 19:15:00+00:00
2024-11-11 10:20:54,937 - Long Buy 80.00 shares at 160.57 on 2024-10-21 19:30:00+00:00
2024-11-11 10:20:54,937 - Long Buy 78.00 shares at 160.39 on 2024-10-21 19:45:00+00:00
2024-11-11 10:20:54,937 - Long Buy 77.00 shares at 159.05 on 2024-10-22 13:30:00+00:00
2024-11-11 10:20:54,937 - Long Buy 76.00 shares at 159.02 on 2024-10-22 13:45:00+00:00
2024-11-11 10:20:54,937 - Long Buy 74.00 shares at 158.86 on 2024-10-22 14:00:00+00:00
2024-11-11 10:20:54,937 - Long Buy 73.00 shares at 158.56 on 2024-10-22 14:15:00+00:00
2024-11-11 10:20:54,937 - Long Buy 72.00 shares at 158.31 on 2024-10-22 14:30:00+00:00
2024-11-11 10:20:54,938 - Long Buy 70.00 shares at 158.68 on 2024-10-22 14:45:00+00:00
2024-11-11 10:20:54,938 - Sell to close 2828.00 shares at 159.28 on 2024-10-22 15:00:00+00:00 (Exit: Signal, Profit: -3213.0100000000566, Duration: 1500.0 minutes)
2024-11-11 10:20:54,938 - Short Sell 125.00 shares at 159.25 on 2024-10-22 15:15:00+00:00
2024-11-11 10:20:54,938 - Buy to cover -125.00 shares at 158.91 on 2024-10-22 15:45:00+00:00 (Exit: Signal, Profit: 42.500000000000426, Duration: 30.0 minutes)
2024-11-11 10:20:54,938 - Long Buy 125.00 shares at 158.9 on 2024-10-22 16:00:00+00:00
2024-11-11 10:20:54,938 - Long Buy 123.00 shares at 158.63 on 2024-10-22 16:15:00+00:00
2024-11-11 10:20:54,938 - Long Buy 120.00 shares at 158.88 on 2024-10-22 17:00:00+00:00
2024-11-11 10:20:54,938 - Long Buy 118.00 shares at 158.83 on 2024-10-22 17:15:00+00:00
2024-11-11 10:20:54,938 - Sell to close 486.00 shares at 159.28 on 2024-10-22 19:15:00+00:00 (Exit: Signal, Profit: 228.55000000000462, Duration: 195.0 minutes)
2024-11-11 10:20:54,938 - Short Sell 125.00 shares at 159.37 on 2024-10-22 19:30:00+00:00
2024-11-11 10:20:54,938 - Short Sell 125.00 shares at 159.23 on 2024-10-22 19:45:00+00:00
2024-11-11 10:20:54,938 - Buy to cover -250.00 shares at 157.89 on 2024-10-23 13:30:00+00:00 (Exit: Signal, Profit: 352.50000000000625, Duration: 1080.0 minutes)
2024-11-11 10:20:54,938 - Long Buy 126.00 shares at 157.7 on 2024-10-23 13:45:00+00:00
2024-11-11 10:20:54,938 - Long Buy 123.00 shares at 158.02 on 2024-10-23 14:00:00+00:00
2024-11-11 10:20:54,938 - Long Buy 121.00 shares at 157.99 on 2024-10-23 14:15:00+00:00
2024-11-11 10:20:54,938 - Long Buy 119.00 shares at 157.3 on 2024-10-23 14:30:00+00:00
2024-11-11 10:20:54,939 - Long Buy 117.00 shares at 157.32 on 2024-10-23 14:45:00+00:00
2024-11-11 10:20:54,939 - Sell to close 606.00 shares at 157.68 on 2024-10-23 15:00:00+00:00 (Exit: Signal, Profit: 5.489999999989038, Duration: 75.0 minutes)
2024-11-11 10:20:54,939 - Short Sell 126.00 shares at 158.33 on 2024-10-23 15:15:00+00:00
2024-11-11 10:20:54,939 - Short Sell 126.00 shares at 158.57 on 2024-10-23 15:30:00+00:00
2024-11-11 10:20:54,939 - Short Sell 126.00 shares at 158.47 on 2024-10-23 15:45:00+00:00
2024-11-11 10:20:54,939 - Short Sell 126.00 shares at 158.22 on 2024-10-23 16:00:00+00:00
2024-11-11 10:20:54,939 - Short Sell 126.00 shares at 158.42 on 2024-10-23 16:15:00+00:00
2024-11-11 10:20:54,939 - Short Sell 125.00 shares at 158.62 on 2024-10-23 16:30:00+00:00
2024-11-11 10:20:54,939 - Short Sell 125.00 shares at 158.65 on 2024-10-23 16:45:00+00:00
2024-11-11 10:20:54,939 - Short Sell 125.00 shares at 158.83 on 2024-10-23 17:00:00+00:00
2024-11-11 10:20:54,939 - Short Sell 125.00 shares at 158.67 on 2024-10-23 17:15:00+00:00
2024-11-11 10:20:54,939 - Short Sell 125.00 shares at 158.65 on 2024-10-23 17:30:00+00:00
2024-11-11 10:20:54,939 - Short Sell 125.00 shares at 158.95 on 2024-10-23 17:45:00+00:00
2024-11-11 10:20:54,939 - Short Sell 125.00 shares at 158.95 on 2024-10-23 18:00:00+00:00
2024-11-11 10:20:54,939 - Short Sell 125.00 shares at 159.1 on 2024-10-23 18:15:00+00:00
2024-11-11 10:20:54,939 - Short Sell 125.00 shares at 159.08 on 2024-10-23 18:30:00+00:00
2024-11-11 10:20:54,939 - Short Sell 125.00 shares at 158.99 on 2024-10-23 18:45:00+00:00
2024-11-11 10:20:54,939 - Short Sell 125.00 shares at 158.93 on 2024-10-23 19:00:00+00:00
2024-11-11 10:20:54,939 - Short Sell 125.00 shares at 158.88 on 2024-10-23 19:15:00+00:00
2024-11-11 10:20:54,939 - Short Sell 125.00 shares at 159.06 on 2024-10-23 19:30:00+00:00
2024-11-11 10:20:54,939 - Short Sell 125.00 shares at 159.03 on 2024-10-23 19:45:00+00:00
2024-11-11 10:20:54,939 - Short Sell 125.00 shares at 158.67 on 2024-10-24 13:30:00+00:00
2024-11-11 10:20:54,939 - Short Sell 125.00 shares at 158.68 on 2024-10-24 13:45:00+00:00
2024-11-11 10:20:54,939 - Short Sell 126.00 shares at 158.44 on 2024-10-24 14:00:00+00:00
2024-11-11 10:20:54,939 - Short Sell 125.00 shares at 159.23 on 2024-10-24 14:15:00+00:00
2024-11-11 10:20:54,939 - Short Sell 125.00 shares at 158.86 on 2024-10-24 14:30:00+00:00
2024-11-11 10:20:54,939 - Short Sell 126.00 shares at 158.47 on 2024-10-24 14:45:00+00:00
2024-11-11 10:20:54,940 - Short Sell 126.00 shares at 158.53 on 2024-10-24 15:00:00+00:00
2024-11-11 10:20:54,940 - Short Sell 126.00 shares at 158.35 on 2024-10-24 15:15:00+00:00
2024-11-11 10:20:54,940 - Short Sell 126.00 shares at 158.54 on 2024-10-24 15:30:00+00:00
2024-11-11 10:20:54,940 - Short Sell 125.00 shares at 158.77 on 2024-10-24 15:45:00+00:00
2024-11-11 10:20:54,940 - Buy to cover -3635.00 shares at 158.5 on 2024-10-24 16:00:00+00:00 (Exit: Signal, Profit: 804.3399999999795, Duration: 1485.0 minutes)
2024-11-11 10:20:54,940 - Long Buy 126.00 shares at 158.63 on 2024-10-24 16:15:00+00:00
2024-11-11 10:20:54,940 - Sell to close 126.00 shares at 158.89 on 2024-10-24 16:30:00+00:00 (Exit: Signal, Profit: 32.759999999998854, Duration: 15.0 minutes)
2024-11-11 10:20:54,940 - Short Sell 125.00 shares at 159.12 on 2024-10-24 16:45:00+00:00
2024-11-11 10:20:54,940 - Short Sell 125.00 shares at 158.93 on 2024-10-24 17:00:00+00:00
2024-11-11 10:20:54,940 - Buy to cover -250.00 shares at 158.64 on 2024-10-24 17:30:00+00:00 (Exit: Signal, Profit: 96.25000000000483, Duration: 45.0 minutes)
2024-11-11 10:20:54,940 - Long Buy 126.00 shares at 158.58 on 2024-10-24 17:45:00+00:00
2024-11-11 10:20:54,940 - Long Buy 123.00 shares at 158.66 on 2024-10-24 18:15:00+00:00
2024-11-11 10:20:54,940 - Long Buy 121.00 shares at 158.61 on 2024-10-24 18:45:00+00:00
2024-11-11 10:20:54,940 - Long Buy 118.00 shares at 158.64 on 2024-10-24 19:00:00+00:00
2024-11-11 10:20:54,940 - Sell to close 488.00 shares at 158.93 on 2024-10-24 19:30:00+00:00 (Exit: Signal, Profit: 150.25000000001273, Duration: 105.0 minutes)
2024-11-11 10:20:54,940 - Short Sell 125.00 shares at 158.98 on 2024-10-24 19:45:00+00:00
2024-11-11 10:20:54,940 - Buy to cover -125.00 shares at 158.18 on 2024-10-25 13:30:00+00:00 (Exit: Signal, Profit: 99.99999999999787, Duration: 1065.0 minutes)
2024-11-11 10:20:54,940 - Long Buy 127.00 shares at 157.43 on 2024-10-25 13:45:00+00:00
2024-11-11 10:20:54,940 - Long Buy 124.00 shares at 157.39 on 2024-10-25 14:00:00+00:00
2024-11-11 10:20:54,941 - Long Buy 122.00 shares at 157.22 on 2024-10-25 14:15:00+00:00
2024-11-11 10:20:54,941 - Long Buy 119.00 shares at 157.31 on 2024-10-25 14:30:00+00:00
2024-11-11 10:20:54,941 - Long Buy 117.00 shares at 156.94 on 2024-10-25 14:45:00+00:00
2024-11-11 10:20:54,941 - Long Buy 115.00 shares at 157.07 on 2024-10-25 15:00:00+00:00
2024-11-11 10:20:54,941 - Long Buy 112.00 shares at 157.05 on 2024-10-25 15:15:00+00:00
2024-11-11 10:20:54,941 - Long Buy 110.00 shares at 157.08 on 2024-10-25 15:30:00+00:00
2024-11-11 10:20:54,941 - Long Buy 108.00 shares at 157.24 on 2024-10-25 15:45:00+00:00
2024-11-11 10:20:54,941 - Long Buy 106.00 shares at 157.38 on 2024-10-25 16:00:00+00:00
2024-11-11 10:20:54,941 - Long Buy 103.00 shares at 157.49 on 2024-10-25 16:15:00+00:00
2024-11-11 10:20:54,941 - Long Buy 101.00 shares at 157.31 on 2024-10-25 16:30:00+00:00
2024-11-11 10:20:54,941 - Long Buy 100.00 shares at 157.12 on 2024-10-25 16:45:00+00:00
2024-11-11 10:20:54,941 - Sell to close 1464.00 shares at 157.14 on 2024-10-25 17:00:00+00:00 (Exit: Signal, Profit: -137.15000000001783, Duration: 195.0 minutes)
2024-11-11 10:20:54,941 - Long Buy 127.00 shares at 157.03 on 2024-10-25 17:15:00+00:00
2024-11-11 10:20:54,941 - Long Buy 125.00 shares at 156.66 on 2024-10-25 17:30:00+00:00
2024-11-11 10:20:54,941 - Long Buy 122.00 shares at 156.92 on 2024-10-25 17:45:00+00:00
2024-11-11 10:20:54,941 - Long Buy 120.00 shares at 156.76 on 2024-10-25 18:00:00+00:00
2024-11-11 10:20:54,941 - Long Buy 117.00 shares at 156.98 on 2024-10-25 18:15:00+00:00
2024-11-11 10:20:54,941 - Long Buy 115.00 shares at 157.02 on 2024-10-25 18:30:00+00:00
2024-11-11 10:20:54,941 - Long Buy 112.00 shares at 156.99 on 2024-10-25 18:45:00+00:00
2024-11-11 10:20:54,941 - Long Buy 110.00 shares at 156.98 on 2024-10-25 19:00:00+00:00
2024-11-11 10:20:54,941 - Long Buy 108.00 shares at 156.98 on 2024-10-25 19:15:00+00:00
2024-11-11 10:20:54,941 - Long Buy 106.00 shares at 156.76 on 2024-10-25 19:30:00+00:00
2024-11-11 10:20:54,941 - Long Buy 104.00 shares at 156.74 on 2024-10-25 19:45:00+00:00
2024-11-11 10:20:54,941 - Sell to close 1266.00 shares at 157.97 on 2024-10-28 13:30:00+00:00 (Exit: Signal, Profit: 1363.2700000000664, Duration: 4095.0 minutes)
2024-11-11 10:20:54,941 - Short Sell 127.00 shares at 157.74 on 2024-10-28 14:00:00+00:00
2024-11-11 10:20:54,942 - Short Sell 127.00 shares at 157.65 on 2024-10-28 14:15:00+00:00
2024-11-11 10:20:54,942 - Short Sell 127.00 shares at 157.46 on 2024-10-28 14:30:00+00:00
2024-11-11 10:20:54,942 - Short Sell 127.00 shares at 157.6 on 2024-10-28 14:45:00+00:00
2024-11-11 10:20:54,942 - Short Sell 127.00 shares at 157.63 on 2024-10-28 15:00:00+00:00
2024-11-11 10:20:54,942 - Short Sell 127.00 shares at 157.49 on 2024-10-28 15:15:00+00:00
2024-11-11 10:20:54,942 - Short Sell 127.00 shares at 157.36 on 2024-10-28 15:30:00+00:00
2024-11-11 10:20:54,942 - Short Sell 127.00 shares at 157.43 on 2024-10-28 15:45:00+00:00
2024-11-11 10:20:54,942 - Short Sell 127.00 shares at 157.52 on 2024-10-28 16:00:00+00:00
2024-11-11 10:20:54,942 - Short Sell 127.00 shares at 157.52 on 2024-10-28 16:15:00+00:00
2024-11-11 10:20:54,942 - Short Sell 127.00 shares at 157.44 on 2024-10-28 16:30:00+00:00
2024-11-11 10:20:54,942 - Short Sell 127.00 shares at 157.41 on 2024-10-28 16:45:00+00:00
2024-11-11 10:20:54,942 - Short Sell 127.00 shares at 157.46 on 2024-10-28 17:00:00+00:00
2024-11-11 10:20:54,942 - Short Sell 127.00 shares at 157.44 on 2024-10-28 17:15:00+00:00
2024-11-11 10:20:54,942 - Short Sell 127.00 shares at 157.47 on 2024-10-28 17:30:00+00:00
2024-11-11 10:20:54,942 - Short Sell 127.00 shares at 157.58 on 2024-10-28 17:45:00+00:00
2024-11-11 10:20:54,942 - Buy to cover -2032.00 shares at 157.43 on 2024-10-28 18:00:00+00:00 (Exit: Signal, Profit: 167.63999999996304, Duration: 240.0 minutes)
2024-11-11 10:20:54,942 - Long Buy 127.00 shares at 157.28 on 2024-10-28 18:15:00+00:00
2024-11-11 10:20:54,942 - Long Buy 124.00 shares at 157.37 on 2024-10-28 18:30:00+00:00
2024-11-11 10:20:54,942 - Long Buy 122.00 shares at 157.43 on 2024-10-28 18:45:00+00:00
2024-11-11 10:20:54,942 - Long Buy 119.00 shares at 157.45 on 2024-10-28 19:00:00+00:00
2024-11-11 10:20:54,942 - Sell to close 492.00 shares at 157.64 on 2024-10-28 19:15:00+00:00 (Exit: Signal, Profit: 127.42999999999597, Duration: 60.0 minutes)
2024-11-11 10:20:54,942 - Short Sell 126.00 shares at 157.92 on 2024-10-28 19:30:00+00:00
2024-11-11 10:20:54,942 - Short Sell 127.00 shares at 157.73 on 2024-10-28 19:45:00+00:00
2024-11-11 10:20:54,943 - Buy to cover -253.00 shares at 156.64 on 2024-10-29 13:30:00+00:00 (Exit: Signal, Profit: 299.71000000000316, Duration: 1080.0 minutes)
2024-11-11 10:20:54,943 - Long Buy 128.00 shares at 156.58 on 2024-10-29 13:45:00+00:00
2024-11-11 10:20:54,943 - Long Buy 125.00 shares at 156.87 on 2024-10-29 14:00:00+00:00
2024-11-11 10:20:54,943 - Long Buy 122.00 shares at 157.03 on 2024-10-29 14:15:00+00:00
2024-11-11 10:20:54,943 - Long Buy 120.00 shares at 157.21 on 2024-10-29 14:30:00+00:00
2024-11-11 10:20:54,943 - Long Buy 117.00 shares at 157.27 on 2024-10-29 14:45:00+00:00
2024-11-11 10:20:54,943 - Long Buy 115.00 shares at 157.28 on 2024-10-29 15:00:00+00:00
2024-11-11 10:20:54,943 - Long Buy 112.00 shares at 157.2 on 2024-10-29 15:15:00+00:00
2024-11-11 10:20:54,943 - Long Buy 110.00 shares at 157.31 on 2024-10-29 15:30:00+00:00
2024-11-11 10:20:54,943 - Long Buy 108.00 shares at 157.3 on 2024-10-29 15:45:00+00:00
2024-11-11 10:20:54,943 - Sell to close 1057.00 shares at 157.77 on 2024-10-29 16:00:00+00:00 (Exit: Signal, Profit: 702.3500000000085, Duration: 135.0 minutes)
2024-11-11 10:20:54,943 - Short Sell 127.00 shares at 157.74 on 2024-10-29 16:30:00+00:00
2024-11-11 10:20:54,943 - Short Sell 127.00 shares at 157.77 on 2024-10-29 16:45:00+00:00
2024-11-11 10:20:54,943 - Short Sell 127.00 shares at 157.9 on 2024-10-29 17:00:00+00:00
2024-11-11 10:20:54,943 - Buy to cover -381.00 shares at 157.28 on 2024-10-29 18:00:00+00:00 (Exit: Signal, Profit: 199.39000000000274, Duration: 90.0 minutes)
2024-11-11 10:20:54,943 - Long Buy 127.00 shares at 157.35 on 2024-10-29 18:15:00+00:00
2024-11-11 10:20:54,943 - Long Buy 124.00 shares at 157.42 on 2024-10-29 18:30:00+00:00
2024-11-11 10:20:54,943 - Long Buy 122.00 shares at 157.21 on 2024-10-29 18:45:00+00:00
2024-11-11 10:20:54,943 - Long Buy 120.00 shares at 157.12 on 2024-10-29 19:00:00+00:00
2024-11-11 10:20:54,943 - Sell to close 493.00 shares at 157.25 on 2024-10-29 19:15:00+00:00 (Exit: Signal, Profit: -13.300000000003848, Duration: 60.0 minutes)
2024-11-11 10:20:54,944 - Short Sell 127.00 shares at 157.42 on 2024-10-29 19:30:00+00:00
2024-11-11 10:20:54,944 - Buy to cover -127.00 shares at 156.84 on 2024-10-29 19:45:00+00:00 (Exit: Signal, Profit: 73.65999999999798, Duration: 15.0 minutes)
2024-11-11 10:20:54,944 - Long Buy 128.00 shares at 156.5 on 2024-10-30 13:30:00+00:00
2024-11-11 10:20:54,944 - Long Buy 125.00 shares at 156.93 on 2024-10-30 13:45:00+00:00
2024-11-11 10:20:54,944 - Long Buy 123.00 shares at 156.41 on 2024-10-30 14:00:00+00:00
2024-11-11 10:20:54,944 - Long Buy 121.00 shares at 156.06 on 2024-10-30 14:15:00+00:00
2024-11-11 10:20:54,944 - Long Buy 118.00 shares at 156.45 on 2024-10-30 14:30:00+00:00
2024-11-11 10:20:54,944 - Long Buy 116.00 shares at 156.2 on 2024-10-30 14:45:00+00:00
2024-11-11 10:20:54,944 - Long Buy 113.00 shares at 155.97 on 2024-10-30 15:00:00+00:00
2024-11-11 10:20:54,944 - Long Buy 111.00 shares at 155.75 on 2024-10-30 15:15:00+00:00
2024-11-11 10:20:54,944 - Long Buy 109.00 shares at 156.08 on 2024-10-30 15:30:00+00:00
2024-11-11 10:20:54,944 - Long Buy 107.00 shares at 156.44 on 2024-10-30 15:45:00+00:00
2024-11-11 10:20:54,944 - Long Buy 104.00 shares at 156.74 on 2024-10-30 16:00:00+00:00
2024-11-11 10:20:54,944 - Long Buy 102.00 shares at 156.94 on 2024-10-30 16:15:00+00:00
2024-11-11 10:20:54,944 - Sell to close 1377.00 shares at 157.41 on 2024-10-30 16:45:00+00:00 (Exit: Signal, Profit: 1429.8300000000563, Duration: 195.0 minutes)
2024-11-11 10:20:54,944 - Short Sell 127.00 shares at 157.53 on 2024-10-30 17:00:00+00:00
2024-11-11 10:20:54,944 - Short Sell 127.00 shares at 157.4 on 2024-10-30 17:15:00+00:00
2024-11-11 10:20:54,944 - Buy to cover -254.00 shares at 156.96 on 2024-10-30 17:45:00+00:00 (Exit: Signal, Profit: 128.26999999999884, Duration: 45.0 minutes)
2024-11-11 10:20:54,944 - Long Buy 128.00 shares at 157.0 on 2024-10-30 18:30:00+00:00
2024-11-11 10:20:54,944 - Long Buy 125.00 shares at 156.91 on 2024-10-30 18:45:00+00:00
2024-11-11 10:20:54,944 - Long Buy 123.00 shares at 156.73 on 2024-10-30 19:00:00+00:00
2024-11-11 10:20:54,944 - Long Buy 120.00 shares at 156.97 on 2024-10-30 19:15:00+00:00
2024-11-11 10:20:54,944 - Long Buy 118.00 shares at 156.58 on 2024-10-30 19:30:00+00:00
2024-11-11 10:20:54,945 - Long Buy 116.00 shares at 156.55 on 2024-10-30 19:45:00+00:00
2024-11-11 10:20:54,945 - Sell to close 730.00 shares at 163.0 on 2024-10-31 13:30:00+00:00 (Exit: Profit_take, Profit: 4529.820000000001, Duration: 1140.0 minutes)
2024-11-11 10:20:54,945 - Short Sell 125.00 shares at 160.51 on 2024-10-31 13:45:00+00:00
2024-11-11 10:20:54,945 - Short Sell 125.00 shares at 160.78 on 2024-10-31 14:00:00+00:00
2024-11-11 10:20:54,945 - Short Sell 125.00 shares at 160.85 on 2024-10-31 14:15:00+00:00
2024-11-11 10:20:54,945 - Short Sell 124.00 shares at 161.85 on 2024-10-31 14:30:00+00:00
2024-11-11 10:20:54,945 - Short Sell 124.00 shares at 161.54 on 2024-10-31 14:45:00+00:00
2024-11-11 10:20:54,945 - Short Sell 124.00 shares at 161.68 on 2024-10-31 15:00:00+00:00
2024-11-11 10:20:54,945 - Short Sell 125.00 shares at 160.99 on 2024-10-31 15:15:00+00:00
2024-11-11 10:20:54,945 - Short Sell 125.00 shares at 160.93 on 2024-10-31 15:30:00+00:00
2024-11-11 10:20:54,945 - Short Sell 125.00 shares at 161.02 on 2024-10-31 15:45:00+00:00
2024-11-11 10:20:54,945 - Short Sell 126.00 shares at 160.11 on 2024-10-31 16:00:00+00:00
2024-11-11 10:20:54,945 - Short Sell 126.00 shares at 159.96 on 2024-10-31 16:15:00+00:00
2024-11-11 10:20:54,945 - Short Sell 126.00 shares at 159.68 on 2024-10-31 16:30:00+00:00
2024-11-11 10:20:54,945 - Short Sell 126.00 shares at 159.98 on 2024-10-31 16:45:00+00:00
2024-11-11 10:20:54,945 - Short Sell 126.00 shares at 159.7 on 2024-10-31 17:00:00+00:00
2024-11-11 10:20:54,945 - Short Sell 125.00 shares at 160.42 on 2024-10-31 17:15:00+00:00
2024-11-11 10:20:54,945 - Short Sell 126.00 shares at 159.96 on 2024-10-31 17:30:00+00:00
2024-11-11 10:20:54,945 - Short Sell 126.00 shares at 159.93 on 2024-10-31 17:45:00+00:00
2024-11-11 10:20:54,945 - Short Sell 126.00 shares at 160.17 on 2024-10-31 18:00:00+00:00
2024-11-11 10:20:54,945 - Short Sell 125.00 shares at 160.99 on 2024-10-31 18:15:00+00:00
2024-11-11 10:20:54,945 - Short Sell 126.00 shares at 160.13 on 2024-10-31 18:30:00+00:00
2024-11-11 10:20:54,945 - Short Sell 127.00 shares at 159.39 on 2024-10-31 18:45:00+00:00
2024-11-11 10:20:54,945 - Short Sell 127.00 shares at 158.71 on 2024-10-31 19:00:00+00:00
2024-11-11 10:20:54,945 - Short Sell 127.00 shares at 159.0 on 2024-10-31 19:15:00+00:00
2024-11-11 10:20:54,945 - Short Sell 127.00 shares at 158.64 on 2024-10-31 19:30:00+00:00
2024-11-11 10:20:54,945 - Short Sell 128.00 shares at 158.5 on 2024-10-31 19:45:00+00:00
2024-11-11 10:20:54,945 - Short Sell 126.00 shares at 159.63 on 2024-11-01 13:30:00+00:00
2024-11-11 10:20:54,946 - Short Sell 123.00 shares at 162.19 on 2024-11-01 13:45:00+00:00
2024-11-11 10:20:54,946 - Short Sell 123.00 shares at 162.35 on 2024-11-01 14:00:00+00:00
2024-11-11 10:20:54,946 - Short Sell 122.00 shares at 162.78 on 2024-11-01 14:15:00+00:00
2024-11-11 10:20:54,946 - Buy to cover -3636.00 shares at 162.25 on 2024-11-01 14:30:00+00:00 (Exit: Signal, Profit: -6671.009999999822, Duration: 1485.0 minutes)
2024-11-11 10:20:54,946 - Short Sell 122.00 shares at 163.11 on 2024-11-01 14:45:00+00:00
2024-11-11 10:20:54,946 - Short Sell 123.00 shares at 162.94 on 2024-11-01 15:00:00+00:00
2024-11-11 10:20:54,946 - Buy to cover -245.00 shares at 162.34 on 2024-11-01 15:15:00+00:00 (Exit: Signal, Profit: 167.73999999999774, Duration: 30.0 minutes)
2024-11-11 10:20:54,946 - Long Buy 123.00 shares at 162.22 on 2024-11-01 15:45:00+00:00
2024-11-11 10:20:54,946 - Long Buy 121.00 shares at 162.07 on 2024-11-01 16:00:00+00:00
2024-11-11 10:20:54,946 - Long Buy 118.00 shares at 162.09 on 2024-11-01 16:15:00+00:00
2024-11-11 10:20:54,946 - Long Buy 116.00 shares at 162.64 on 2024-11-01 16:30:00+00:00
2024-11-11 10:20:54,946 - Long Buy 113.00 shares at 162.4 on 2024-11-01 16:45:00+00:00
2024-11-11 10:20:54,946 - Long Buy 111.00 shares at 162.43 on 2024-11-01 17:00:00+00:00
2024-11-11 10:20:54,946 - Long Buy 109.00 shares at 162.59 on 2024-11-01 17:15:00+00:00
2024-11-11 10:20:54,946 - Long Buy 107.00 shares at 162.08 on 2024-11-01 17:30:00+00:00
2024-11-11 10:20:54,946 - Long Buy 105.00 shares at 162.31 on 2024-11-01 17:45:00+00:00
2024-11-11 10:20:54,946 - Long Buy 103.00 shares at 162.28 on 2024-11-01 18:00:00+00:00
2024-11-11 10:20:54,946 - Long Buy 100.00 shares at 162.52 on 2024-11-01 18:15:00+00:00
2024-11-11 10:20:54,946 - Long Buy 98.00 shares at 162.56 on 2024-11-01 19:00:00+00:00
2024-11-11 10:20:54,946 - Long Buy 96.00 shares at 162.48 on 2024-11-01 19:15:00+00:00
2024-11-11 10:20:54,946 - Sell to close 1420.00 shares at 163.09 on 2024-11-01 19:45:00+00:00 (Exit: Signal, Profit: 1047.260000000047, Duration: 240.0 minutes)
2024-11-11 10:20:54,946 - Long Buy 123.00 shares at 162.28 on 2024-11-04 14:30:00+00:00
2024-11-11 10:20:54,947 - Sell to close 123.00 shares at 163.58 on 2024-11-04 14:45:00+00:00 (Exit: Signal, Profit: 159.9000000000014, Duration: 15.0 minutes)
2024-11-11 10:20:54,947 - Short Sell 122.00 shares at 163.64 on 2024-11-04 15:00:00+00:00
2024-11-11 10:20:54,947 - Short Sell 122.00 shares at 163.56 on 2024-11-04 15:15:00+00:00
2024-11-11 10:20:54,947 - Buy to cover -244.00 shares at 162.56 on 2024-11-04 15:30:00+00:00 (Exit: Signal, Profit: 253.75999999999112, Duration: 30.0 minutes)
2024-11-11 10:20:54,947 - Long Buy 123.00 shares at 162.93 on 2024-11-04 16:30:00+00:00
2024-11-11 10:20:54,947 - Sell to close 123.00 shares at 163.18 on 2024-11-04 17:00:00+00:00 (Exit: Signal, Profit: 30.75, Duration: 30.0 minutes)
2024-11-11 10:20:54,947 - Long Buy 123.00 shares at 162.9 on 2024-11-04 17:15:00+00:00
2024-11-11 10:20:54,947 - Sell to close 123.00 shares at 163.14 on 2024-11-04 17:30:00+00:00 (Exit: Signal, Profit: 29.519999999997623, Duration: 15.0 minutes)
2024-11-11 10:20:54,947 - Long Buy 123.00 shares at 162.87 on 2024-11-04 17:45:00+00:00
2024-11-11 10:20:54,947 - Long Buy 121.00 shares at 162.52 on 2024-11-04 18:00:00+00:00
2024-11-11 10:20:54,947 - Long Buy 118.00 shares at 162.64 on 2024-11-04 18:15:00+00:00
2024-11-11 10:20:54,947 - Long Buy 116.00 shares at 162.76 on 2024-11-04 18:30:00+00:00
2024-11-11 10:20:54,947 - Long Buy 114.00 shares at 162.53 on 2024-11-04 18:45:00+00:00
2024-11-11 10:20:54,947 - Long Buy 111.00 shares at 162.34 on 2024-11-04 19:00:00+00:00
2024-11-11 10:20:54,947 - Long Buy 109.00 shares at 162.14 on 2024-11-04 19:15:00+00:00
2024-11-11 10:20:54,947 - Long Buy 107.00 shares at 162.38 on 2024-11-04 19:30:00+00:00
2024-11-11 10:20:54,947 - Long Buy 105.00 shares at 162.21 on 2024-11-04 19:45:00+00:00
2024-11-11 10:20:54,947 - Long Buy 103.00 shares at 162.12 on 2024-11-04 20:00:00+00:00
2024-11-11 10:20:54,947 - Long Buy 101.00 shares at 162.25 on 2024-11-04 20:15:00+00:00
2024-11-11 10:20:54,947 - Long Buy 99.00 shares at 162.35 on 2024-11-04 20:30:00+00:00
2024-11-11 10:20:54,947 - Long Buy 97.00 shares at 162.47 on 2024-11-04 20:45:00+00:00
2024-11-11 10:20:54,947 - Long Buy 95.00 shares at 161.69 on 2024-11-05 14:30:00+00:00
2024-11-11 10:20:54,947 - Long Buy 93.00 shares at 161.28 on 2024-11-05 14:45:00+00:00
2024-11-11 10:20:54,948 - Long Buy 91.00 shares at 161.91 on 2024-11-05 15:00:00+00:00
2024-11-11 10:20:54,948 - Long Buy 89.00 shares at 162.05 on 2024-11-05 15:15:00+00:00
2024-11-11 10:20:54,948 - Long Buy 88.00 shares at 161.68 on 2024-11-05 15:30:00+00:00
2024-11-11 10:20:54,948 - Long Buy 86.00 shares at 162.02 on 2024-11-05 15:45:00+00:00
2024-11-11 10:20:54,948 - Long Buy 84.00 shares at 161.98 on 2024-11-05 16:00:00+00:00
2024-11-11 10:20:54,948 - Long Buy 82.00 shares at 162.1 on 2024-11-05 16:15:00+00:00
2024-11-11 10:20:54,948 - Long Buy 81.00 shares at 161.97 on 2024-11-05 16:30:00+00:00
2024-11-11 10:20:54,948 - Long Buy 79.00 shares at 161.85 on 2024-11-05 16:45:00+00:00
2024-11-11 10:20:54,948 - Long Buy 77.00 shares at 162.21 on 2024-11-05 17:00:00+00:00
2024-11-11 10:20:54,948 - Long Buy 76.00 shares at 162.38 on 2024-11-05 17:15:00+00:00
2024-11-11 10:20:54,948 - Sell to close 2445.00 shares at 162.58 on 2024-11-05 17:30:00+00:00 (Exit: Signal, Profit: 879.8100000000148, Duration: 1425.0 minutes)
2024-11-11 10:20:54,948 - Long Buy 123.00 shares at 162.16 on 2024-11-05 18:00:00+00:00
2024-11-11 10:20:54,948 - Sell to close 123.00 shares at 162.53 on 2024-11-05 18:30:00+00:00 (Exit: Signal, Profit: 45.51000000000056, Duration: 30.0 minutes)
2024-11-11 10:20:54,948 - Short Sell 123.00 shares at 162.56 on 2024-11-05 18:45:00+00:00
2024-11-11 10:20:54,948 - Short Sell 123.00 shares at 162.51 on 2024-11-05 19:00:00+00:00
2024-11-11 10:20:54,948 - Buy to cover -246.00 shares at 162.11 on 2024-11-05 19:15:00+00:00 (Exit: Signal, Profit: 104.5499999999958, Duration: 30.0 minutes)
2024-11-11 10:20:54,948 - Long Buy 124.00 shares at 161.91 on 2024-11-05 19:30:00+00:00
2024-11-11 10:20:54,948 - Long Buy 121.00 shares at 161.96 on 2024-11-05 19:45:00+00:00
2024-11-11 10:20:54,948 - Long Buy 119.00 shares at 162.09 on 2024-11-05 20:00:00+00:00
2024-11-11 10:20:54,948 - Long Buy 116.00 shares at 162.02 on 2024-11-05 20:30:00+00:00
2024-11-11 10:20:54,948 - Sell to close 480.00 shares at 165.36 on 2024-11-06 14:30:00+00:00 (Exit: Signal, Profit: 1615.7700000000114, Duration: 1140.0 minutes)
2024-11-11 10:20:54,949 - Short Sell 121.00 shares at 166.14 on 2024-11-06 14:45:00+00:00
2024-11-11 10:20:54,949 - Short Sell 122.00 shares at 164.2 on 2024-11-06 15:00:00+00:00
2024-11-11 10:20:54,949 - Short Sell 123.00 shares at 163.74 on 2024-11-06 15:15:00+00:00
2024-11-11 10:20:54,949 - Short Sell 122.00 shares at 164.37 on 2024-11-06 15:30:00+00:00
2024-11-11 10:20:54,949 - Short Sell 122.00 shares at 163.93 on 2024-11-06 15:45:00+00:00
2024-11-11 10:20:54,949 - Short Sell 122.00 shares at 163.96 on 2024-11-06 16:00:00+00:00
2024-11-11 10:20:54,949 - Short Sell 122.00 shares at 164.71 on 2024-11-06 16:15:00+00:00
2024-11-11 10:20:54,949 - Short Sell 121.00 shares at 165.28 on 2024-11-06 16:30:00+00:00
2024-11-11 10:20:54,949 - Short Sell 122.00 shares at 164.99 on 2024-11-06 16:45:00+00:00
2024-11-11 10:20:54,949 - Short Sell 122.00 shares at 164.98 on 2024-11-06 17:00:00+00:00
2024-11-11 10:20:54,949 - Short Sell 122.00 shares at 164.78 on 2024-11-06 17:15:00+00:00
2024-11-11 10:20:54,949 - Short Sell 122.00 shares at 164.47 on 2024-11-06 17:30:00+00:00
2024-11-11 10:20:54,949 - Short Sell 121.00 shares at 165.03 on 2024-11-06 17:45:00+00:00
2024-11-11 10:20:54,949 - Short Sell 122.00 shares at 164.5 on 2024-11-06 18:00:00+00:00
2024-11-11 10:20:54,949 - Short Sell 123.00 shares at 163.88 on 2024-11-06 18:15:00+00:00
2024-11-11 10:20:54,949 - Short Sell 122.00 shares at 164.17 on 2024-11-06 18:30:00+00:00
2024-11-11 10:20:54,949 - Short Sell 122.00 shares at 163.96 on 2024-11-06 18:45:00+00:00
2024-11-11 10:20:54,949 - Buy to cover -2073.00 shares at 163.53 on 2024-11-06 19:30:00+00:00 (Exit: Signal, Profit: 2078.4599999999796, Duration: 285.0 minutes)
2024-11-11 10:20:54,949 - Long Buy 123.00 shares at 163.28 on 2024-11-06 19:45:00+00:00
2024-11-11 10:20:54,949 - Long Buy 121.00 shares at 163.36 on 2024-11-06 20:00:00+00:00
2024-11-11 10:20:54,949 - Long Buy 118.00 shares at 163.41 on 2024-11-06 20:15:00+00:00
2024-11-11 10:20:54,949 - Long Buy 116.00 shares at 163.09 on 2024-11-06 20:30:00+00:00
2024-11-11 10:20:54,949 - Long Buy 114.00 shares at 162.71 on 2024-11-06 20:45:00+00:00
2024-11-11 10:20:54,949 - Long Buy 111.00 shares at 163.06 on 2024-11-07 14:30:00+00:00
2024-11-11 10:20:54,949 - Long Buy 110.00 shares at 162.34 on 2024-11-07 14:45:00+00:00
2024-11-11 10:20:54,949 - Long Buy 108.00 shares at 162.04 on 2024-11-07 15:00:00+00:00
2024-11-11 10:20:54,949 - Long Buy 105.00 shares at 162.58 on 2024-11-07 15:15:00+00:00
2024-11-11 10:20:54,950 - Long Buy 103.00 shares at 163.24 on 2024-11-07 15:30:00+00:00
2024-11-11 10:20:54,950 - Long Buy 101.00 shares at 163.37 on 2024-11-07 16:00:00+00:00
2024-11-11 10:20:54,950 - Long Buy 98.00 shares at 163.57 on 2024-11-07 16:15:00+00:00
2024-11-11 10:20:54,950 - Long Buy 97.00 shares at 163.16 on 2024-11-07 16:30:00+00:00
2024-11-11 10:20:54,950 - Long Buy 95.00 shares at 163.02 on 2024-11-07 16:45:00+00:00
2024-11-11 10:20:54,950 - Long Buy 93.00 shares at 163.56 on 2024-11-07 17:00:00+00:00
2024-11-11 10:20:54,950 - Long Buy 91.00 shares at 163.47 on 2024-11-07 17:15:00+00:00
2024-11-11 10:20:54,950 - Long Buy 89.00 shares at 163.38 on 2024-11-07 17:30:00+00:00
2024-11-11 10:20:54,950 - Long Buy 87.00 shares at 163.26 on 2024-11-07 17:45:00+00:00
2024-11-11 10:20:54,950 - Long Buy 85.00 shares at 163.4 on 2024-11-07 18:00:00+00:00
2024-11-11 10:20:54,950 - Long Buy 84.00 shares at 163.13 on 2024-11-07 18:15:00+00:00
2024-11-11 10:20:54,950 - Long Buy 82.00 shares at 163.1 on 2024-11-07 18:30:00+00:00
2024-11-11 10:20:54,950 - Long Buy 81.00 shares at 162.87 on 2024-11-07 18:45:00+00:00
2024-11-11 10:20:54,950 - Long Buy 79.00 shares at 163.02 on 2024-11-07 19:00:00+00:00
2024-11-11 10:20:54,950 - Long Buy 77.00 shares at 163.17 on 2024-11-07 19:15:00+00:00
2024-11-11 10:20:54,950 - Long Buy 76.00 shares at 163.08 on 2024-11-07 19:30:00+00:00
2024-11-11 10:20:54,950 - Sell to close 2444.00 shares at 163.31 on 2024-11-07 20:00:00+00:00 (Exit: Signal, Profit: 517.5999999999536, Duration: 1455.0 minutes)
2024-11-11 10:20:54,950 - Long Buy 124.00 shares at 162.79 on 2024-11-07 20:45:00+00:00
2024-11-11 10:20:54,950 - Sell to close 124.00 shares at 164.08 on 2024-11-08 14:30:00+00:00 (Exit: Signal, Profit: 159.96000000000254, Duration: 1065.0 minutes)
2024-11-11 10:20:54,950 - Short Sell 123.00 shares at 164.0 on 2024-11-08 14:45:00+00:00
2024-11-11 10:20:54,950 - Short Sell 123.00 shares at 163.89 on 2024-11-08 15:00:00+00:00
2024-11-11 10:20:54,950 - Short Sell 123.00 shares at 163.94 on 2024-11-08 15:15:00+00:00
2024-11-11 10:20:54,950 - Short Sell 123.00 shares at 163.64 on 2024-11-08 15:30:00+00:00
2024-11-11 10:20:54,950 - Short Sell 123.00 shares at 163.63 on 2024-11-08 15:45:00+00:00
2024-11-11 10:20:54,950 - Short Sell 123.00 shares at 163.71 on 2024-11-08 16:00:00+00:00
2024-11-11 10:20:54,951 - Short Sell 123.00 shares at 163.83 on 2024-11-08 16:15:00+00:00
2024-11-11 10:20:54,951 - Short Sell 123.00 shares at 164.06 on 2024-11-08 16:30:00+00:00
2024-11-11 10:20:54,951 - Short Sell 122.00 shares at 164.7 on 2024-11-08 16:45:00+00:00
2024-11-11 10:20:54,951 - Short Sell 122.00 shares at 164.97 on 2024-11-08 17:00:00+00:00
2024-11-11 10:20:54,951 - Short Sell 122.00 shares at 164.66 on 2024-11-08 17:15:00+00:00
2024-11-11 10:20:54,951 - Short Sell 122.00 shares at 164.88 on 2024-11-08 17:30:00+00:00
2024-11-11 10:20:54,951 - Short Sell 122.00 shares at 164.96 on 2024-11-08 17:45:00+00:00
2024-11-11 10:20:54,951 - Short Sell 122.00 shares at 165.14 on 2024-11-08 18:00:00+00:00
2024-11-11 10:20:54,951 - Short Sell 121.00 shares at 165.54 on 2024-11-08 18:15:00+00:00
2024-11-11 10:20:54,951 - Short Sell 121.00 shares at 165.44 on 2024-11-08 18:30:00+00:00
2024-11-11 10:20:54,951 - Short Sell 121.00 shares at 165.45 on 2024-11-08 18:45:00+00:00
2024-11-11 10:20:54,951 - Short Sell 121.00 shares at 165.39 on 2024-11-08 19:00:00+00:00
2024-11-11 10:20:54,951 - Short Sell 121.00 shares at 165.45 on 2024-11-08 19:15:00+00:00
2024-11-11 10:20:54,951 - Short Sell 121.00 shares at 165.4 on 2024-11-08 19:30:00+00:00
2024-11-11 10:20:54,951 - Short Sell 121.00 shares at 165.34 on 2024-11-08 19:45:00+00:00
2024-11-11 10:20:54,951 - Short Sell 121.00 shares at 165.59 on 2024-11-08 20:00:00+00:00
2024-11-11 10:20:54,951 - Short Sell 121.00 shares at 165.67 on 2024-11-08 20:15:00+00:00
2024-11-11 10:20:54,951 - Buy to cover -2805.00 shares at 165.63 on 2024-11-08 20:30:00+00:00 (Exit: Signal, Profit: -2478.5599999999304, Duration: 345.0 minutes)
2024-11-11 10:20:54,951 - Long Buy 121.00 shares at 165.19 on 2024-11-08 20:45:00+00:00
2024-11-11 10:20:54,952 - Holding 121.0 shares as an open position at the end with unrealized return: 1.720546608778014e-16, Duration: 0.0 minutes
2024-11-11 10:20:54,953 - Final statisticsStock: CLX, 
total_trades: 50, 
winning_trades: 44, 
losing_trades: 6, 
average_return: 0.003486087528925173, 
average_duration: 595.5, 
final_balance: 987295.0699999987, 
final_portfolio_value: 1007283.0599999987, 
sharpe_ratio: 8.349159772866264, 



