2024-11-11 21:45:12,216 - Starting GBMStrategy with initial capital: 1000000
2024-11-11 21:45:12,216 - Hyperparameters: {'threshold': 1.5, 'time_periods': 30, 'num_simulations': 150}
2024-11-11 21:46:33,590 - Short Sell 96.00 shares at 207.14 on 2024-10-11 14:30:00+00:00
2024-11-11 21:46:33,591 - Buy to cover -96.00 shares at 206.89 on 2024-10-11 14:45:00+00:00 (Exit: Signal, Profit: 24.0, Duration: 15.0 minutes)
2024-11-11 21:46:33,591 - Short Sell 96.00 shares at 207.32 on 2024-10-11 15:15:00+00:00
2024-11-11 21:46:33,591 - Short Sell 96.00 shares at 207.49 on 2024-10-11 15:30:00+00:00
2024-11-11 21:46:33,591 - Short Sell 96.00 shares at 207.86 on 2024-10-11 15:45:00+00:00
2024-11-11 21:46:33,592 - Buy to cover -288.00 shares at 206.51 on 2024-10-11 17:00:00+00:00 (Exit: Profit_take, Profit: 301.44000000001233, Duration: 105.0 minutes)
2024-11-11 21:46:33,592 - Long Buy 96.00 shares at 206.56 on 2024-10-11 17:15:00+00:00
2024-11-11 21:46:33,592 - Sell to close 96.00 shares at 208.05 on 2024-10-11 19:45:00+00:00 (Exit: Profit_take, Profit: 143.03999999999814, Duration: 150.0 minutes)
2024-11-11 21:46:33,592 - Short Sell 95.00 shares at 208.83 on 2024-10-14 13:30:00+00:00
2024-11-11 21:46:33,592 - Short Sell 95.00 shares at 208.98 on 2024-10-14 13:45:00+00:00
2024-11-11 21:46:33,592 - Short Sell 95.00 shares at 209.71 on 2024-10-14 14:00:00+00:00
2024-11-11 21:46:33,592 - Short Sell 95.00 shares at 209.89 on 2024-10-14 14:15:00+00:00
2024-11-11 21:46:33,592 - Short Sell 95.00 shares at 209.95 on 2024-10-14 14:30:00+00:00
2024-11-11 21:46:33,592 - Short Sell 95.00 shares at 209.53 on 2024-10-14 14:45:00+00:00
2024-11-11 21:46:33,592 - Short Sell 95.00 shares at 209.78 on 2024-10-14 15:00:00+00:00
2024-11-11 21:46:33,592 - Short Sell 95.00 shares at 209.77 on 2024-10-14 15:15:00+00:00
2024-11-11 21:46:33,592 - Short Sell 95.00 shares at 209.81 on 2024-10-14 15:30:00+00:00
2024-11-11 21:46:33,592 - Short Sell 95.00 shares at 210.41 on 2024-10-14 15:45:00+00:00
2024-11-11 21:46:33,592 - Short Sell 95.00 shares at 210.41 on 2024-10-14 16:00:00+00:00
2024-11-11 21:46:33,592 - Short Sell 94.00 shares at 210.52 on 2024-10-14 16:15:00+00:00
2024-11-11 21:46:33,592 - Short Sell 94.00 shares at 210.52 on 2024-10-14 16:30:00+00:00
2024-11-11 21:46:33,592 - Short Sell 94.00 shares at 210.7 on 2024-10-14 16:45:00+00:00
2024-11-11 21:46:33,592 - Short Sell 94.00 shares at 210.7 on 2024-10-14 17:00:00+00:00
2024-11-11 21:46:33,592 - Short Sell 94.00 shares at 210.6 on 2024-10-14 17:15:00+00:00
2024-11-11 21:46:33,592 - Short Sell 94.00 shares at 210.65 on 2024-10-14 17:30:00+00:00
2024-11-11 21:46:33,592 - Short Sell 94.00 shares at 210.59 on 2024-10-14 17:45:00+00:00
2024-11-11 21:46:33,592 - Short Sell 94.00 shares at 210.84 on 2024-10-14 18:00:00+00:00
2024-11-11 21:46:33,593 - Short Sell 94.00 shares at 210.9 on 2024-10-14 18:15:00+00:00
2024-11-11 21:46:33,593 - Short Sell 94.00 shares at 210.9 on 2024-10-14 18:30:00+00:00
2024-11-11 21:46:33,593 - Short Sell 94.00 shares at 210.76 on 2024-10-14 18:45:00+00:00
2024-11-11 21:46:33,593 - Buy to cover -2079.00 shares at 211.17 on 2024-10-14 19:00:00+00:00 (Exit: Stop_loss, Profit: -1988.8599999999592, Duration: 330.0 minutes)
2024-11-11 21:46:33,593 - Short Sell 94.00 shares at 211.77 on 2024-10-15 13:30:00+00:00
2024-11-11 21:46:33,593 - Short Sell 94.00 shares at 212.12 on 2024-10-15 13:45:00+00:00
2024-11-11 21:46:33,593 - Short Sell 93.00 shares at 212.56 on 2024-10-15 14:00:00+00:00
2024-11-11 21:46:33,593 - Short Sell 93.00 shares at 212.8 on 2024-10-15 14:15:00+00:00
2024-11-11 21:46:33,593 - Short Sell 94.00 shares at 212.27 on 2024-10-15 14:30:00+00:00
2024-11-11 21:46:33,593 - Short Sell 94.00 shares at 211.99 on 2024-10-15 14:45:00+00:00
2024-11-11 21:46:33,593 - Short Sell 94.00 shares at 211.34 on 2024-10-15 15:00:00+00:00
2024-11-11 21:46:33,593 - Short Sell 94.00 shares at 211.84 on 2024-10-15 15:15:00+00:00
2024-11-11 21:46:33,593 - Short Sell 94.00 shares at 211.37 on 2024-10-15 15:30:00+00:00
2024-11-11 21:46:33,593 - Short Sell 94.00 shares at 211.34 on 2024-10-15 15:45:00+00:00
2024-11-11 21:46:33,593 - Short Sell 94.00 shares at 211.76 on 2024-10-15 16:00:00+00:00
2024-11-11 21:46:33,593 - Short Sell 94.00 shares at 212.18 on 2024-10-15 16:15:00+00:00
2024-11-11 21:46:33,593 - Buy to cover -1126.00 shares at 211.74 on 2024-10-15 16:30:00+00:00 (Exit: Signal, Profit: 229.35999999999888, Duration: 180.0 minutes)
2024-11-11 21:46:33,593 - Long Buy 94.00 shares at 211.8 on 2024-10-15 16:45:00+00:00
2024-11-11 21:46:33,593 - Long Buy 92.00 shares at 211.6 on 2024-10-15 17:00:00+00:00
2024-11-11 21:46:33,593 - Long Buy 90.00 shares at 211.72 on 2024-10-15 17:15:00+00:00
2024-11-11 21:46:33,593 - Long Buy 88.00 shares at 211.67 on 2024-10-15 17:45:00+00:00
2024-11-11 21:46:33,593 - Long Buy 87.00 shares at 211.38 on 2024-10-15 18:00:00+00:00
2024-11-11 21:46:33,593 - Long Buy 85.00 shares at 211.13 on 2024-10-15 18:15:00+00:00
2024-11-11 21:46:33,593 - Long Buy 84.00 shares at 210.76 on 2024-10-15 18:30:00+00:00
2024-11-11 21:46:33,593 - Long Buy 82.00 shares at 210.59 on 2024-10-15 18:45:00+00:00
2024-11-11 21:46:33,593 - Long Buy 80.00 shares at 210.26 on 2024-10-15 19:00:00+00:00
2024-11-11 21:46:33,593 - Long Buy 79.00 shares at 210.15 on 2024-10-15 19:15:00+00:00
2024-11-11 21:46:33,593 - Long Buy 77.00 shares at 210.45 on 2024-10-15 19:30:00+00:00
2024-11-11 21:46:33,594 - Long Buy 76.00 shares at 210.68 on 2024-10-15 19:45:00+00:00
2024-11-11 21:46:33,594 - Long Buy 74.00 shares at 211.6 on 2024-10-16 13:30:00+00:00
2024-11-11 21:46:33,594 - Sell to close 1088.00 shares at 212.39 on 2024-10-16 14:15:00+00:00 (Exit: Profit_take, Profit: 1416.449999999999, Duration: 1290.0 minutes)
2024-11-11 21:46:33,594 - Short Sell 94.00 shares at 212.41 on 2024-10-16 17:30:00+00:00
2024-11-11 21:46:33,594 - Short Sell 94.00 shares at 212.6 on 2024-10-16 17:45:00+00:00
2024-11-11 21:46:33,594 - Short Sell 93.00 shares at 212.97 on 2024-10-16 18:15:00+00:00
2024-11-11 21:46:33,594 - Short Sell 94.00 shares at 212.74 on 2024-10-16 18:30:00+00:00
2024-11-11 21:46:33,594 - Short Sell 93.00 shares at 212.92 on 2024-10-16 19:00:00+00:00
2024-11-11 21:46:33,594 - Short Sell 93.00 shares at 212.87 on 2024-10-16 19:15:00+00:00
2024-11-11 21:46:33,594 - Short Sell 93.00 shares at 213.07 on 2024-10-16 19:30:00+00:00
2024-11-11 21:46:33,594 - Short Sell 93.00 shares at 212.94 on 2024-10-16 19:45:00+00:00
2024-11-11 21:46:33,594 - Short Sell 93.00 shares at 214.41 on 2024-10-17 13:30:00+00:00
2024-11-11 21:46:33,594 - Short Sell 93.00 shares at 213.73 on 2024-10-17 13:45:00+00:00
2024-11-11 21:46:33,594 - Short Sell 93.00 shares at 213.35 on 2024-10-17 14:00:00+00:00
2024-11-11 21:46:33,594 - Short Sell 93.00 shares at 213.72 on 2024-10-17 14:15:00+00:00
2024-11-11 21:46:33,594 - Short Sell 93.00 shares at 213.77 on 2024-10-17 14:30:00+00:00
2024-11-11 21:46:33,594 - Short Sell 93.00 shares at 213.87 on 2024-10-17 14:45:00+00:00
2024-11-11 21:46:33,594 - Short Sell 93.00 shares at 213.56 on 2024-10-17 15:00:00+00:00
2024-11-11 21:46:33,594 - Short Sell 93.00 shares at 213.06 on 2024-10-17 15:15:00+00:00
2024-11-11 21:46:33,594 - Short Sell 93.00 shares at 212.97 on 2024-10-17 15:30:00+00:00
2024-11-11 21:46:33,594 - Short Sell 93.00 shares at 213.31 on 2024-10-17 15:45:00+00:00
2024-11-11 21:46:33,594 - Short Sell 93.00 shares at 213.57 on 2024-10-17 16:00:00+00:00
2024-11-11 21:46:33,594 - Short Sell 93.00 shares at 213.28 on 2024-10-17 16:15:00+00:00
2024-11-11 21:46:33,594 - Short Sell 93.00 shares at 213.47 on 2024-10-17 16:30:00+00:00
2024-11-11 21:46:33,594 - Short Sell 93.00 shares at 213.3 on 2024-10-17 16:45:00+00:00
2024-11-11 21:46:33,594 - Short Sell 93.00 shares at 213.11 on 2024-10-17 17:00:00+00:00
2024-11-11 21:46:33,595 - Short Sell 93.00 shares at 213.26 on 2024-10-17 17:15:00+00:00
2024-11-11 21:46:33,595 - Short Sell 93.00 shares at 213.16 on 2024-10-17 17:30:00+00:00
2024-11-11 21:46:33,595 - Short Sell 93.00 shares at 213.64 on 2024-10-17 17:45:00+00:00
2024-11-11 21:46:33,595 - Short Sell 93.00 shares at 213.24 on 2024-10-17 18:00:00+00:00
2024-11-11 21:46:33,595 - Short Sell 93.00 shares at 213.2 on 2024-10-17 18:30:00+00:00
2024-11-11 21:46:33,595 - Short Sell 93.00 shares at 213.64 on 2024-10-17 18:45:00+00:00
2024-11-11 21:46:33,595 - Short Sell 93.00 shares at 213.86 on 2024-10-17 19:00:00+00:00
2024-11-11 21:46:33,595 - Short Sell 93.00 shares at 213.7 on 2024-10-17 19:15:00+00:00
2024-11-11 21:46:33,595 - Short Sell 93.00 shares at 213.56 on 2024-10-17 19:30:00+00:00
2024-11-11 21:46:33,595 - Short Sell 93.00 shares at 213.81 on 2024-10-17 19:45:00+00:00
2024-11-11 21:46:33,595 - Short Sell 93.00 shares at 213.39 on 2024-10-18 13:30:00+00:00
2024-11-11 21:46:33,595 - Short Sell 93.00 shares at 213.53 on 2024-10-18 13:45:00+00:00
2024-11-11 21:46:33,595 - Short Sell 93.00 shares at 213.65 on 2024-10-18 14:00:00+00:00
2024-11-11 21:46:33,595 - Short Sell 93.00 shares at 213.31 on 2024-10-18 14:15:00+00:00
2024-11-11 21:46:33,595 - Short Sell 93.00 shares at 213.63 on 2024-10-18 14:30:00+00:00
2024-11-11 21:46:33,595 - Short Sell 93.00 shares at 213.71 on 2024-10-18 14:45:00+00:00
2024-11-11 21:46:33,595 - Short Sell 93.00 shares at 214.12 on 2024-10-18 15:00:00+00:00
2024-11-11 21:46:33,595 - Short Sell 93.00 shares at 213.94 on 2024-10-18 15:15:00+00:00
2024-11-11 21:46:33,595 - Short Sell 93.00 shares at 213.7 on 2024-10-18 15:30:00+00:00
2024-11-11 21:46:33,595 - Short Sell 93.00 shares at 213.48 on 2024-10-18 16:00:00+00:00
2024-11-11 21:46:33,595 - Short Sell 93.00 shares at 213.55 on 2024-10-18 16:15:00+00:00
2024-11-11 21:46:33,595 - Short Sell 93.00 shares at 213.71 on 2024-10-18 16:30:00+00:00
2024-11-11 21:46:33,595 - Short Sell 93.00 shares at 213.99 on 2024-10-18 16:45:00+00:00
2024-11-11 21:46:33,595 - Short Sell 93.00 shares at 213.93 on 2024-10-18 17:00:00+00:00
2024-11-11 21:46:33,595 - Short Sell 93.00 shares at 213.86 on 2024-10-18 17:15:00+00:00
2024-11-11 21:46:33,595 - Short Sell 93.00 shares at 213.7 on 2024-10-18 17:30:00+00:00
2024-11-11 21:46:33,595 - Short Sell 93.00 shares at 213.53 on 2024-10-18 17:45:00+00:00
2024-11-11 21:46:33,595 - Short Sell 93.00 shares at 213.6 on 2024-10-18 18:15:00+00:00
2024-11-11 21:46:33,595 - Short Sell 93.00 shares at 213.6 on 2024-10-18 18:30:00+00:00
2024-11-11 21:46:33,595 - Short Sell 93.00 shares at 213.23 on 2024-10-18 19:30:00+00:00
2024-11-11 21:46:33,595 - Short Sell 93.00 shares at 214.0 on 2024-10-18 19:45:00+00:00
2024-11-11 21:46:33,595 - Short Sell 93.00 shares at 213.15 on 2024-10-21 13:30:00+00:00
2024-11-11 21:46:33,596 - Buy to cover -5118.00 shares at 212.55 on 2024-10-21 13:45:00+00:00 (Exit: Signal, Profit: 4662.189999999827, Duration: 6975.0 minutes)
2024-11-11 21:46:33,596 - Long Buy 94.00 shares at 212.51 on 2024-10-21 14:15:00+00:00
2024-11-11 21:46:33,596 - Long Buy 92.00 shares at 212.55 on 2024-10-21 14:30:00+00:00
2024-11-11 21:46:33,596 - Long Buy 91.00 shares at 211.87 on 2024-10-21 14:45:00+00:00
2024-11-11 21:46:33,596 - Long Buy 89.00 shares at 211.52 on 2024-10-21 15:00:00+00:00
2024-11-11 21:46:33,596 - Long Buy 87.00 shares at 211.09 on 2024-10-21 15:15:00+00:00
2024-11-11 21:46:33,596 - Long Buy 85.00 shares at 211.49 on 2024-10-21 15:30:00+00:00
2024-11-11 21:46:33,596 - Long Buy 84.00 shares at 211.64 on 2024-10-21 15:45:00+00:00
2024-11-11 21:46:33,596 - Long Buy 82.00 shares at 211.51 on 2024-10-21 16:00:00+00:00
2024-11-11 21:46:33,596 - Long Buy 80.00 shares at 211.5 on 2024-10-21 16:15:00+00:00
2024-11-11 21:46:33,596 - Long Buy 79.00 shares at 211.64 on 2024-10-21 16:30:00+00:00
2024-11-11 21:46:33,596 - Long Buy 77.00 shares at 212.06 on 2024-10-21 16:45:00+00:00
2024-11-11 21:46:33,596 - Long Buy 76.00 shares at 211.92 on 2024-10-21 17:00:00+00:00
2024-11-11 21:46:33,596 - Long Buy 74.00 shares at 211.95 on 2024-10-21 17:15:00+00:00
2024-11-11 21:46:33,596 - Long Buy 73.00 shares at 211.9 on 2024-10-21 17:30:00+00:00
2024-11-11 21:46:33,596 - Long Buy 71.00 shares at 212.1 on 2024-10-21 17:45:00+00:00
2024-11-11 21:46:33,596 - Long Buy 70.00 shares at 211.68 on 2024-10-21 18:00:00+00:00
2024-11-11 21:46:33,596 - Long Buy 68.00 shares at 211.73 on 2024-10-21 18:15:00+00:00
2024-11-11 21:46:33,596 - Long Buy 67.00 shares at 211.54 on 2024-10-21 18:30:00+00:00
2024-11-11 21:46:33,596 - Long Buy 66.00 shares at 211.47 on 2024-10-21 18:45:00+00:00
2024-11-11 21:46:33,596 - Long Buy 64.00 shares at 211.59 on 2024-10-21 19:00:00+00:00
2024-11-11 21:46:33,596 - Long Buy 63.00 shares at 211.59 on 2024-10-21 19:15:00+00:00
2024-11-11 21:46:33,596 - Long Buy 62.00 shares at 211.54 on 2024-10-21 19:30:00+00:00
2024-11-11 21:46:33,596 - Long Buy 61.00 shares at 211.54 on 2024-10-21 19:45:00+00:00
2024-11-11 21:46:33,596 - Sell to close 1755.00 shares at 210.26 on 2024-10-22 13:30:00+00:00 (Exit: Stop_loss, Profit: -2615.740000000076, Duration: 1395.0 minutes)
2024-11-11 21:46:33,597 - Short Sell 94.00 shares at 211.26 on 2024-10-23 13:30:00+00:00
2024-11-11 21:46:33,597 - Short Sell 94.00 shares at 211.01 on 2024-10-23 13:45:00+00:00
2024-11-11 21:46:33,597 - Short Sell 94.00 shares at 211.01 on 2024-10-23 14:00:00+00:00
2024-11-11 21:46:33,597 - Short Sell 94.00 shares at 211.22 on 2024-10-23 14:15:00+00:00
2024-11-11 21:46:33,597 - Short Sell 94.00 shares at 211.05 on 2024-10-23 14:30:00+00:00
2024-11-11 21:46:33,597 - Buy to cover -470.00 shares at 209.86 on 2024-10-23 15:00:00+00:00 (Exit: Profit_take, Profit: 587.4999999999866, Duration: 90.0 minutes)
2024-11-11 21:46:33,597 - Long Buy 95.00 shares at 209.71 on 2024-10-23 15:15:00+00:00
2024-11-11 21:46:33,597 - Long Buy 93.00 shares at 209.99 on 2024-10-23 15:30:00+00:00
2024-11-11 21:46:33,597 - Long Buy 91.00 shares at 210.52 on 2024-10-23 15:45:00+00:00
2024-11-11 21:46:33,597 - Long Buy 89.00 shares at 209.99 on 2024-10-23 16:00:00+00:00
2024-11-11 21:46:33,597 - Long Buy 88.00 shares at 209.87 on 2024-10-23 16:15:00+00:00
2024-11-11 21:46:33,597 - Long Buy 86.00 shares at 210.03 on 2024-10-23 16:30:00+00:00
2024-11-11 21:46:33,597 - Long Buy 84.00 shares at 210.22 on 2024-10-23 16:45:00+00:00
2024-11-11 21:46:33,597 - Long Buy 83.00 shares at 209.81 on 2024-10-23 17:00:00+00:00
2024-11-11 21:46:33,597 - Long Buy 81.00 shares at 209.77 on 2024-10-23 17:15:00+00:00
2024-11-11 21:46:33,597 - Long Buy 79.00 shares at 209.65 on 2024-10-23 17:30:00+00:00
2024-11-11 21:46:33,597 - Long Buy 78.00 shares at 209.69 on 2024-10-23 17:45:00+00:00
2024-11-11 21:46:33,597 - Long Buy 76.00 shares at 209.48 on 2024-10-23 18:00:00+00:00
2024-11-11 21:46:33,597 - Long Buy 75.00 shares at 209.32 on 2024-10-23 18:15:00+00:00
2024-11-11 21:46:33,597 - Long Buy 73.00 shares at 209.72 on 2024-10-23 18:30:00+00:00
2024-11-11 21:46:33,597 - Long Buy 72.00 shares at 209.77 on 2024-10-23 18:45:00+00:00
2024-11-11 21:46:33,597 - Long Buy 70.00 shares at 209.58 on 2024-10-23 19:00:00+00:00
2024-11-11 21:46:33,597 - Long Buy 69.00 shares at 209.67 on 2024-10-23 19:15:00+00:00
2024-11-11 21:46:33,597 - Long Buy 67.00 shares at 209.93 on 2024-10-23 19:30:00+00:00
2024-11-11 21:46:33,597 - Long Buy 66.00 shares at 209.71 on 2024-10-23 19:45:00+00:00
2024-11-11 21:46:33,597 - Long Buy 65.00 shares at 209.17 on 2024-10-24 13:30:00+00:00
2024-11-11 21:46:33,597 - Long Buy 63.00 shares at 210.2 on 2024-10-24 13:45:00+00:00
2024-11-11 21:46:33,597 - Long Buy 62.00 shares at 209.99 on 2024-10-24 14:00:00+00:00
2024-11-11 21:46:33,597 - Long Buy 61.00 shares at 210.17 on 2024-10-24 14:15:00+00:00
2024-11-11 21:46:33,597 - Long Buy 60.00 shares at 210.26 on 2024-10-24 14:30:00+00:00
2024-11-11 21:46:33,598 - Long Buy 58.00 shares at 210.09 on 2024-10-24 15:30:00+00:00
2024-11-11 21:46:33,598 - Long Buy 57.00 shares at 209.92 on 2024-10-24 15:45:00+00:00
2024-11-11 21:46:33,598 - Long Buy 56.00 shares at 209.35 on 2024-10-24 16:00:00+00:00
2024-11-11 21:46:33,598 - Long Buy 55.00 shares at 209.75 on 2024-10-24 16:15:00+00:00
2024-11-11 21:46:33,598 - Long Buy 54.00 shares at 209.72 on 2024-10-24 16:30:00+00:00
2024-11-11 21:46:33,598 - Sell to close 2106.00 shares at 210.17 on 2024-10-24 17:30:00+00:00 (Exit: Signal, Profit: 700.8100000000452, Duration: 1575.0 minutes)
2024-11-11 21:46:33,598 - Long Buy 95.00 shares at 209.53 on 2024-10-24 18:30:00+00:00
2024-11-11 21:46:33,598 - Long Buy 93.00 shares at 209.46 on 2024-10-24 18:45:00+00:00
2024-11-11 21:46:33,598 - Long Buy 92.00 shares at 209.55 on 2024-10-24 19:00:00+00:00
2024-11-11 21:46:33,598 - Long Buy 90.00 shares at 209.57 on 2024-10-24 19:15:00+00:00
2024-11-11 21:46:33,598 - Long Buy 88.00 shares at 209.15 on 2024-10-24 19:45:00+00:00
2024-11-11 21:46:33,598 - Long Buy 86.00 shares at 209.5 on 2024-10-25 13:30:00+00:00
2024-11-11 21:46:33,598 - Long Buy 85.00 shares at 209.27 on 2024-10-25 13:45:00+00:00
2024-11-11 21:46:33,598 - Long Buy 83.00 shares at 208.89 on 2024-10-25 14:00:00+00:00
2024-11-11 21:46:33,598 - Long Buy 81.00 shares at 209.07 on 2024-10-25 14:15:00+00:00
2024-11-11 21:46:33,598 - Long Buy 79.00 shares at 209.53 on 2024-10-25 14:30:00+00:00
2024-11-11 21:46:33,598 - Long Buy 78.00 shares at 208.95 on 2024-10-25 14:45:00+00:00
2024-11-11 21:46:33,598 - Long Buy 76.00 shares at 209.0 on 2024-10-25 15:00:00+00:00
2024-11-11 21:46:33,598 - Long Buy 75.00 shares at 208.89 on 2024-10-25 15:15:00+00:00
2024-11-11 21:46:33,598 - Long Buy 74.00 shares at 208.77 on 2024-10-25 15:30:00+00:00
2024-11-11 21:46:33,598 - Long Buy 72.00 shares at 208.81 on 2024-10-25 15:45:00+00:00
2024-11-11 21:46:33,598 - Long Buy 71.00 shares at 209.08 on 2024-10-25 16:00:00+00:00
2024-11-11 21:46:33,598 - Long Buy 69.00 shares at 208.99 on 2024-10-25 16:15:00+00:00
2024-11-11 21:46:33,598 - Long Buy 68.00 shares at 209.11 on 2024-10-25 16:30:00+00:00
2024-11-11 21:46:33,598 - Long Buy 66.00 shares at 208.97 on 2024-10-25 16:45:00+00:00
2024-11-11 21:46:33,598 - Long Buy 65.00 shares at 208.5 on 2024-10-25 17:00:00+00:00
2024-11-11 21:46:33,598 - Long Buy 64.00 shares at 208.48 on 2024-10-25 17:15:00+00:00
2024-11-11 21:46:33,598 - Long Buy 63.00 shares at 207.75 on 2024-10-25 17:30:00+00:00
2024-11-11 21:46:33,598 - Long Buy 62.00 shares at 207.99 on 2024-10-25 17:45:00+00:00
2024-11-11 21:46:33,599 - Long Buy 60.00 shares at 207.97 on 2024-10-25 18:00:00+00:00
2024-11-11 21:46:33,599 - Long Buy 59.00 shares at 208.32 on 2024-10-25 18:15:00+00:00
2024-11-11 21:46:33,599 - Long Buy 58.00 shares at 208.35 on 2024-10-25 18:30:00+00:00
2024-11-11 21:46:33,599 - Long Buy 57.00 shares at 208.35 on 2024-10-25 18:45:00+00:00
2024-11-11 21:46:33,599 - Long Buy 56.00 shares at 207.99 on 2024-10-25 19:00:00+00:00
2024-11-11 21:46:33,599 - Long Buy 54.00 shares at 208.12 on 2024-10-25 19:15:00+00:00
2024-11-11 21:46:33,599 - Long Buy 53.00 shares at 208.12 on 2024-10-25 19:30:00+00:00
2024-11-11 21:46:33,599 - Sell to close 2172.00 shares at 207.41 on 2024-10-25 19:45:00+00:00 (Exit: Stop_loss, Profit: -3199.1700000000346, Duration: 1515.0 minutes)
2024-11-11 21:46:33,599 - Long Buy 95.00 shares at 208.4 on 2024-10-28 14:00:00+00:00
2024-11-11 21:46:33,599 - Long Buy 94.00 shares at 208.46 on 2024-10-28 14:15:00+00:00
2024-11-11 21:46:33,599 - Long Buy 92.00 shares at 208.34 on 2024-10-28 14:30:00+00:00
2024-11-11 21:46:33,599 - Long Buy 90.00 shares at 208.25 on 2024-10-28 14:45:00+00:00
2024-11-11 21:46:33,599 - Long Buy 88.00 shares at 208.52 on 2024-10-28 15:00:00+00:00
2024-11-11 21:46:33,599 - Long Buy 86.00 shares at 208.34 on 2024-10-28 15:15:00+00:00
2024-11-11 21:46:33,599 - Long Buy 85.00 shares at 208.29 on 2024-10-28 15:30:00+00:00
2024-11-11 21:46:33,599 - Long Buy 83.00 shares at 208.53 on 2024-10-28 15:45:00+00:00
2024-11-11 21:46:33,599 - Long Buy 81.00 shares at 208.4 on 2024-10-28 16:30:00+00:00
2024-11-11 21:46:33,599 - Long Buy 80.00 shares at 208.45 on 2024-10-28 16:45:00+00:00
2024-11-11 21:46:33,599 - Long Buy 78.00 shares at 208.15 on 2024-10-28 17:00:00+00:00
2024-11-11 21:46:33,599 - Long Buy 76.00 shares at 208.31 on 2024-10-28 17:15:00+00:00
2024-11-11 21:46:33,599 - Long Buy 75.00 shares at 208.48 on 2024-10-28 18:00:00+00:00
2024-11-11 21:46:33,599 - Long Buy 74.00 shares at 208.19 on 2024-10-28 18:15:00+00:00
2024-11-11 21:46:33,599 - Long Buy 72.00 shares at 208.28 on 2024-10-28 18:30:00+00:00
2024-11-11 21:46:33,599 - Long Buy 71.00 shares at 208.01 on 2024-10-28 18:45:00+00:00
2024-11-11 21:46:33,599 - Long Buy 69.00 shares at 208.17 on 2024-10-28 19:00:00+00:00
2024-11-11 21:46:33,599 - Long Buy 68.00 shares at 207.28 on 2024-10-29 13:30:00+00:00
2024-11-11 21:46:33,599 - Long Buy 67.00 shares at 207.48 on 2024-10-29 13:45:00+00:00
2024-11-11 21:46:33,599 - Long Buy 65.00 shares at 207.86 on 2024-10-29 14:00:00+00:00
2024-11-11 21:46:33,599 - Long Buy 64.00 shares at 208.14 on 2024-10-29 14:15:00+00:00
2024-11-11 21:46:33,600 - Sell to close 1653.00 shares at 209.2 on 2024-10-29 16:00:00+00:00 (Exit: Signal, Profit: 1602.5599999999279, Duration: 1560.0 minutes)
2024-11-11 21:46:33,600 - Short Sell 95.00 shares at 209.13 on 2024-10-29 16:15:00+00:00
2024-11-11 21:46:33,600 - Short Sell 95.00 shares at 209.06 on 2024-10-29 16:30:00+00:00
2024-11-11 21:46:33,600 - Short Sell 95.00 shares at 209.28 on 2024-10-29 16:45:00+00:00
2024-11-11 21:46:33,600 - Short Sell 95.00 shares at 209.15 on 2024-10-29 17:00:00+00:00
2024-11-11 21:46:33,601 - Short Sell 95.00 shares at 209.57 on 2024-10-29 18:15:00+00:00
2024-11-11 21:46:33,601 - Short Sell 95.00 shares at 209.51 on 2024-10-29 18:30:00+00:00
2024-11-11 21:46:33,601 - Short Sell 95.00 shares at 209.35 on 2024-10-29 18:45:00+00:00
2024-11-11 21:46:33,601 - Short Sell 95.00 shares at 209.52 on 2024-10-29 19:00:00+00:00
2024-11-11 21:46:33,601 - Short Sell 95.00 shares at 209.61 on 2024-10-29 19:15:00+00:00
2024-11-11 21:46:33,601 - Short Sell 95.00 shares at 209.54 on 2024-10-29 19:30:00+00:00
2024-11-11 21:46:33,601 - Buy to cover -950.00 shares at 207.81 on 2024-10-30 13:30:00+00:00 (Exit: Profit_take, Profit: 1483.8999999999842, Duration: 1275.0 minutes)
2024-11-11 21:46:33,601 - Long Buy 96.00 shares at 208.45 on 2024-10-30 13:45:00+00:00
2024-11-11 21:46:33,601 - Long Buy 94.00 shares at 208.28 on 2024-10-30 14:00:00+00:00
2024-11-11 21:46:33,601 - Long Buy 92.00 shares at 207.97 on 2024-10-30 14:15:00+00:00
2024-11-11 21:46:33,601 - Long Buy 90.00 shares at 207.98 on 2024-10-30 14:30:00+00:00
2024-11-11 21:46:33,601 - Long Buy 89.00 shares at 207.9 on 2024-10-30 14:45:00+00:00
2024-11-11 21:46:33,601 - Long Buy 87.00 shares at 208.03 on 2024-10-30 15:00:00+00:00
2024-11-11 21:46:33,601 - Long Buy 85.00 shares at 208.57 on 2024-10-30 15:15:00+00:00
2024-11-11 21:46:33,601 - Long Buy 83.00 shares at 208.9 on 2024-10-30 15:30:00+00:00
2024-11-11 21:46:33,601 - Long Buy 81.00 shares at 208.71 on 2024-10-30 15:45:00+00:00
2024-11-11 21:46:33,601 - Long Buy 80.00 shares at 208.64 on 2024-10-30 16:00:00+00:00
2024-11-11 21:46:33,601 - Long Buy 78.00 shares at 208.58 on 2024-10-30 16:15:00+00:00
2024-11-11 21:46:33,601 - Long Buy 77.00 shares at 208.38 on 2024-10-30 16:30:00+00:00
2024-11-11 21:46:33,601 - Long Buy 75.00 shares at 208.4 on 2024-10-30 16:45:00+00:00
2024-11-11 21:46:33,601 - Long Buy 74.00 shares at 208.29 on 2024-10-30 17:00:00+00:00
2024-11-11 21:46:33,601 - Long Buy 72.00 shares at 208.28 on 2024-10-30 17:15:00+00:00
2024-11-11 21:46:33,601 - Long Buy 71.00 shares at 208.08 on 2024-10-30 17:30:00+00:00
2024-11-11 21:46:33,601 - Long Buy 69.00 shares at 208.04 on 2024-10-30 17:45:00+00:00
2024-11-11 21:46:33,602 - Long Buy 68.00 shares at 208.2 on 2024-10-30 18:00:00+00:00
2024-11-11 21:46:33,602 - Long Buy 67.00 shares at 208.0 on 2024-10-30 18:15:00+00:00
2024-11-11 21:46:33,602 - Long Buy 65.00 shares at 208.3 on 2024-10-30 18:30:00+00:00
2024-11-11 21:46:33,602 - Long Buy 64.00 shares at 208.1 on 2024-10-30 18:45:00+00:00
2024-11-11 21:46:33,602 - Long Buy 63.00 shares at 208.0 on 2024-10-30 19:00:00+00:00
2024-11-11 21:46:33,602 - Long Buy 62.00 shares at 207.64 on 2024-10-30 19:15:00+00:00
2024-11-11 21:46:33,602 - Long Buy 60.00 shares at 207.78 on 2024-10-30 19:30:00+00:00
2024-11-11 21:46:33,602 - Long Buy 59.00 shares at 207.9 on 2024-10-30 19:45:00+00:00
2024-11-11 21:46:33,602 - Long Buy 58.00 shares at 207.43 on 2024-10-31 13:30:00+00:00
2024-11-11 21:46:33,602 - Long Buy 57.00 shares at 207.68 on 2024-10-31 13:45:00+00:00
2024-11-11 21:46:33,602 - Sell to close 2016.00 shares at 206.61 on 2024-10-31 14:00:00+00:00 (Exit: Stop_loss, Profit: -3194.1100000000342, Duration: 1455.0 minutes)
2024-11-11 21:46:33,602 - Long Buy 97.00 shares at 205.09 on 2024-11-01 13:30:00+00:00
2024-11-11 21:46:33,602 - Long Buy 95.00 shares at 205.01 on 2024-11-01 13:45:00+00:00
2024-11-11 21:46:33,602 - Sell to close 192.00 shares at 206.42 on 2024-11-01 14:00:00+00:00 (Exit: Profit_take, Profit: 262.9599999999955, Duration: 30.0 minutes)
2024-11-11 21:46:33,602 - Long Buy 96.00 shares at 206.89 on 2024-11-01 14:15:00+00:00
2024-11-11 21:46:33,602 - Long Buy 94.00 shares at 206.55 on 2024-11-01 14:30:00+00:00
2024-11-11 21:46:33,602 - Long Buy 93.00 shares at 206.47 on 2024-11-01 14:45:00+00:00
2024-11-11 21:46:33,602 - Long Buy 91.00 shares at 206.68 on 2024-11-01 15:00:00+00:00
2024-11-11 21:46:33,602 - Long Buy 89.00 shares at 206.22 on 2024-11-01 15:30:00+00:00
2024-11-11 21:46:33,602 - Long Buy 87.00 shares at 206.22 on 2024-11-01 15:45:00+00:00
2024-11-11 21:46:33,602 - Long Buy 86.00 shares at 206.06 on 2024-11-01 16:00:00+00:00
2024-11-11 21:46:33,602 - Long Buy 84.00 shares at 206.08 on 2024-11-01 16:15:00+00:00
2024-11-11 21:46:33,602 - Long Buy 82.00 shares at 206.28 on 2024-11-01 16:30:00+00:00
2024-11-11 21:46:33,602 - Long Buy 80.00 shares at 206.32 on 2024-11-01 16:45:00+00:00
2024-11-11 21:46:33,603 - Long Buy 79.00 shares at 206.22 on 2024-11-01 17:00:00+00:00
2024-11-11 21:46:33,603 - Long Buy 77.00 shares at 206.47 on 2024-11-01 17:15:00+00:00
2024-11-11 21:46:33,603 - Long Buy 76.00 shares at 205.76 on 2024-11-01 17:30:00+00:00
2024-11-11 21:46:33,603 - Long Buy 75.00 shares at 205.48 on 2024-11-01 17:45:00+00:00
2024-11-11 21:46:33,603 - Long Buy 73.00 shares at 205.5 on 2024-11-01 18:00:00+00:00
2024-11-11 21:46:33,603 - Long Buy 72.00 shares at 205.36 on 2024-11-01 18:15:00+00:00
2024-11-11 21:46:33,603 - Long Buy 70.00 shares at 205.58 on 2024-11-01 18:30:00+00:00
2024-11-11 21:46:33,603 - Long Buy 69.00 shares at 205.48 on 2024-11-01 18:45:00+00:00
2024-11-11 21:46:33,603 - Long Buy 67.00 shares at 205.78 on 2024-11-01 19:00:00+00:00
2024-11-11 21:46:33,603 - Long Buy 66.00 shares at 205.57 on 2024-11-01 19:15:00+00:00
2024-11-11 21:46:33,603 - Long Buy 65.00 shares at 205.77 on 2024-11-01 19:30:00+00:00
2024-11-11 21:46:33,603 - Long Buy 63.00 shares at 205.62 on 2024-11-01 19:45:00+00:00
2024-11-11 21:46:33,603 - Long Buy 62.00 shares at 205.92 on 2024-11-04 14:30:00+00:00
2024-11-11 21:46:33,603 - Long Buy 61.00 shares at 206.2 on 2024-11-04 15:45:00+00:00
2024-11-11 21:46:33,603 - Long Buy 60.00 shares at 205.86 on 2024-11-04 16:30:00+00:00
2024-11-11 21:46:33,603 - Long Buy 58.00 shares at 205.98 on 2024-11-04 16:45:00+00:00
2024-11-11 21:46:33,603 - Long Buy 57.00 shares at 205.96 on 2024-11-04 17:00:00+00:00
2024-11-11 21:46:33,603 - Sell to close 2032.00 shares at 206.64 on 2024-11-04 17:30:00+00:00 (Exit: Signal, Profit: 1196.7299999999886, Duration: 4515.0 minutes)
2024-11-11 21:46:33,603 - Short Sell 96.00 shares at 206.95 on 2024-11-04 17:45:00+00:00
2024-11-11 21:46:33,603 - Short Sell 96.00 shares at 206.7 on 2024-11-04 18:00:00+00:00
2024-11-11 21:46:33,603 - Short Sell 96.00 shares at 207.01 on 2024-11-04 18:15:00+00:00
2024-11-11 21:46:33,603 - Short Sell 96.00 shares at 207.14 on 2024-11-04 18:30:00+00:00
2024-11-11 21:46:33,603 - Short Sell 96.00 shares at 206.98 on 2024-11-04 18:45:00+00:00
2024-11-11 21:46:33,603 - Short Sell 96.00 shares at 207.27 on 2024-11-04 19:00:00+00:00
2024-11-11 21:46:33,603 - Short Sell 96.00 shares at 207.02 on 2024-11-04 19:15:00+00:00
2024-11-11 21:46:33,603 - Short Sell 96.00 shares at 207.28 on 2024-11-04 19:30:00+00:00
2024-11-11 21:46:33,603 - Short Sell 96.00 shares at 207.2 on 2024-11-04 19:45:00+00:00
2024-11-11 21:46:33,603 - Short Sell 96.00 shares at 207.26 on 2024-11-04 20:00:00+00:00
2024-11-11 21:46:33,603 - Short Sell 96.00 shares at 207.13 on 2024-11-04 20:15:00+00:00
2024-11-11 21:46:33,603 - Short Sell 96.00 shares at 206.92 on 2024-11-04 20:30:00+00:00
2024-11-11 21:46:33,603 - Short Sell 96.00 shares at 207.61 on 2024-11-04 20:45:00+00:00
2024-11-11 21:46:33,604 - Short Sell 95.00 shares at 208.41 on 2024-11-05 14:30:00+00:00
2024-11-11 21:46:33,604 - Buy to cover -1343.00 shares at 209.1 on 2024-11-05 14:45:00+00:00 (Exit: Stop_loss, Profit: -2545.2299999999773, Duration: 1260.0 minutes)
2024-11-11 21:46:33,604 - Short Sell 93.00 shares at 214.53 on 2024-11-06 14:30:00+00:00
2024-11-11 21:46:33,604 - Short Sell 93.00 shares at 214.45 on 2024-11-06 14:45:00+00:00
2024-11-11 21:46:33,604 - Short Sell 93.00 shares at 214.11 on 2024-11-06 15:00:00+00:00
2024-11-11 21:46:33,604 - Short Sell 93.00 shares at 214.1 on 2024-11-06 15:15:00+00:00
2024-11-11 21:46:33,604 - Short Sell 93.00 shares at 214.69 on 2024-11-06 15:30:00+00:00
2024-11-11 21:46:33,604 - Short Sell 93.00 shares at 214.48 on 2024-11-06 15:45:00+00:00
2024-11-11 21:46:33,604 - Short Sell 92.00 shares at 216.06 on 2024-11-06 16:00:00+00:00
2024-11-11 21:46:33,604 - Buy to cover -650.00 shares at 216.51 on 2024-11-06 16:15:00+00:00 (Exit: Stop_loss, Profit: -1222.500000000001, Duration: 105.0 minutes)
2024-11-11 21:46:33,604 - Short Sell 91.00 shares at 217.69 on 2024-11-07 14:45:00+00:00
2024-11-11 21:46:33,604 - Short Sell 91.00 shares at 217.61 on 2024-11-07 15:00:00+00:00
2024-11-11 21:46:33,604 - Short Sell 91.00 shares at 217.74 on 2024-11-07 15:15:00+00:00
2024-11-11 21:46:33,604 - Short Sell 91.00 shares at 218.04 on 2024-11-07 15:30:00+00:00
2024-11-11 21:46:33,604 - Short Sell 91.00 shares at 218.47 on 2024-11-07 15:45:00+00:00
2024-11-11 21:46:33,604 - Short Sell 91.00 shares at 218.13 on 2024-11-07 16:00:00+00:00
2024-11-11 21:46:33,604 - Short Sell 91.00 shares at 218.25 on 2024-11-07 16:15:00+00:00
2024-11-11 21:46:33,604 - Short Sell 91.00 shares at 218.26 on 2024-11-07 16:30:00+00:00
2024-11-11 21:46:33,604 - Short Sell 91.00 shares at 218.41 on 2024-11-07 16:45:00+00:00
2024-11-11 21:46:33,604 - Short Sell 91.00 shares at 218.88 on 2024-11-07 17:00:00+00:00
2024-11-11 21:46:33,605 - Short Sell 91.00 shares at 218.77 on 2024-11-07 17:15:00+00:00
2024-11-11 21:46:33,605 - Short Sell 91.00 shares at 218.99 on 2024-11-07 17:30:00+00:00
2024-11-11 21:46:33,605 - Short Sell 91.00 shares at 218.65 on 2024-11-07 17:45:00+00:00
2024-11-11 21:46:33,605 - Short Sell 91.00 shares at 218.89 on 2024-11-07 18:00:00+00:00
2024-11-11 21:46:33,605 - Short Sell 91.00 shares at 218.54 on 2024-11-07 18:15:00+00:00
2024-11-11 21:46:33,605 - Short Sell 90.00 shares at 219.09 on 2024-11-07 18:30:00+00:00
2024-11-11 21:46:33,605 - Short Sell 90.00 shares at 219.35 on 2024-11-07 18:45:00+00:00
2024-11-11 21:46:33,605 - Short Sell 91.00 shares at 219.09 on 2024-11-07 19:00:00+00:00
2024-11-11 21:46:33,605 - Short Sell 91.00 shares at 218.88 on 2024-11-07 19:15:00+00:00
2024-11-11 21:46:33,605 - Short Sell 91.00 shares at 219.07 on 2024-11-07 19:30:00+00:00
2024-11-11 21:46:33,605 - Short Sell 90.00 shares at 219.49 on 2024-11-07 19:45:00+00:00
2024-11-11 21:46:33,605 - Short Sell 90.00 shares at 219.49 on 2024-11-07 20:00:00+00:00
2024-11-11 21:46:33,605 - Short Sell 90.00 shares at 219.58 on 2024-11-07 20:15:00+00:00
2024-11-11 21:46:33,605 - Buy to cover -2088.00 shares at 219.8 on 2024-11-07 20:30:00+00:00 (Exit: Stop_loss, Profit: -2367.639999999986, Duration: 345.0 minutes)
2024-11-11 21:46:33,605 - Short Sell 88.00 shares at 223.8 on 2024-11-08 14:30:00+00:00
2024-11-11 21:46:33,605 - Short Sell 88.00 shares at 224.52 on 2024-11-08 14:45:00+00:00
2024-11-11 21:46:33,605 - Short Sell 88.00 shares at 224.74 on 2024-11-08 15:00:00+00:00
2024-11-11 21:46:33,605 - Short Sell 88.00 shares at 225.27 on 2024-11-08 15:15:00+00:00
2024-11-11 21:46:33,605 - Short Sell 88.00 shares at 225.64 on 2024-11-08 15:30:00+00:00
2024-11-11 21:46:33,605 - Short Sell 88.00 shares at 225.75 on 2024-11-08 15:45:00+00:00
2024-11-11 21:46:33,605 - Short Sell 88.00 shares at 225.33 on 2024-11-08 16:00:00+00:00
2024-11-11 21:46:33,605 - Buy to cover -616.00 shares at 226.17 on 2024-11-08 16:15:00+00:00 (Exit: Stop_loss, Profit: -716.3199999999688, Duration: 105.0 minutes)
2024-11-11 21:46:33,607 - Final statisticsStock: CTAS, 
total_trades: 20, 
winning_trades: 12, 
losing_trades: 8, 
average_return: -2.47126787148218e-05, 
average_duration: 1213.5, 
final_balance: 994761.3700000003, 
final_portfolio_value: 994761.3700000003, 
sharpe_ratio: 3.943670557607701, 



