2024-11-11 10:56:44,321 - Starting GBMStrategy with initial capital: 1000000
2024-11-11 10:56:44,321 - Hyperparameters: {'threshold': 0.25, 'time_periods': 30, 'num_simulations': 150}
2024-11-11 10:58:18,547 - Short Sell 286.00 shares at 69.79 on 2024-10-11 14:30:00+00:00
2024-11-11 10:58:18,548 - Short Sell 286.00 shares at 69.84 on 2024-10-11 14:45:00+00:00
2024-11-11 10:58:18,548 - Short Sell 286.00 shares at 69.79 on 2024-10-11 15:00:00+00:00
2024-11-11 10:58:18,549 - Buy to cover -858.00 shares at 69.41 on 2024-10-11 15:15:00+00:00 (Exit: Signal, Profit: 340.3400000000075, Duration: 45.0 minutes)
2024-11-11 10:58:18,549 - Long Buy 288.00 shares at 69.4 on 2024-10-11 15:30:00+00:00
2024-11-11 10:58:18,549 - Long Buy 282.00 shares at 69.47 on 2024-10-11 15:45:00+00:00
2024-11-11 10:58:18,549 - Long Buy 276.00 shares at 69.59 on 2024-10-11 16:00:00+00:00
2024-11-11 10:58:18,549 - Long Buy 271.00 shares at 69.45 on 2024-10-11 16:15:00+00:00
2024-11-11 10:58:18,549 - Long Buy 265.00 shares at 69.42 on 2024-10-11 16:30:00+00:00
2024-11-11 10:58:18,549 - Long Buy 260.00 shares at 69.45 on 2024-10-11 16:45:00+00:00
2024-11-11 10:58:18,549 - Long Buy 255.00 shares at 69.48 on 2024-10-11 17:00:00+00:00
2024-11-11 10:58:18,549 - Long Buy 249.00 shares at 69.5 on 2024-10-11 17:15:00+00:00
2024-11-11 10:58:18,549 - Long Buy 246.00 shares at 69.13 on 2024-10-11 17:30:00+00:00
2024-11-11 10:58:18,550 - Long Buy 241.00 shares at 69.16 on 2024-10-11 17:45:00+00:00
2024-11-11 10:58:18,550 - Long Buy 236.00 shares at 69.28 on 2024-10-11 18:00:00+00:00
2024-11-11 10:58:18,550 - Long Buy 230.00 shares at 69.38 on 2024-10-11 18:15:00+00:00
2024-11-11 10:58:18,550 - Long Buy 226.00 shares at 69.47 on 2024-10-11 18:30:00+00:00
2024-11-11 10:58:18,550 - Long Buy 221.00 shares at 69.43 on 2024-10-11 18:45:00+00:00
2024-11-11 10:58:18,550 - Long Buy 217.00 shares at 69.32 on 2024-10-11 19:00:00+00:00
2024-11-11 10:58:18,550 - Long Buy 213.00 shares at 69.17 on 2024-10-11 19:15:00+00:00
2024-11-11 10:58:18,550 - Long Buy 210.00 shares at 68.88 on 2024-10-11 19:30:00+00:00
2024-11-11 10:58:18,550 - Long Buy 206.00 shares at 68.93 on 2024-10-11 19:45:00+00:00
2024-11-11 10:58:18,550 - Long Buy 204.00 shares at 68.18 on 2024-10-14 13:30:00+00:00
2024-11-11 10:58:18,550 - Long Buy 200.00 shares at 68.11 on 2024-10-14 13:45:00+00:00
2024-11-11 10:58:18,550 - Long Buy 195.00 shares at 68.47 on 2024-10-14 14:00:00+00:00
2024-11-11 10:58:18,550 - Long Buy 191.00 shares at 68.33 on 2024-10-14 14:15:00+00:00
2024-11-11 10:58:18,550 - Long Buy 188.00 shares at 67.97 on 2024-10-14 14:30:00+00:00
2024-11-11 10:58:18,550 - Long Buy 184.00 shares at 68.03 on 2024-10-14 14:45:00+00:00
2024-11-11 10:58:18,550 - Long Buy 180.00 shares at 68.14 on 2024-10-14 15:00:00+00:00
2024-11-11 10:58:18,550 - Long Buy 177.00 shares at 68.09 on 2024-10-14 15:15:00+00:00
2024-11-11 10:58:18,550 - Sell to close 5911.00 shares at 68.26 on 2024-10-14 15:30:00+00:00 (Exit: Signal, Profit: -4608.580000000045, Duration: 4320.0 minutes)
2024-11-11 10:58:18,550 - Long Buy 292.00 shares at 68.07 on 2024-10-14 15:45:00+00:00
2024-11-11 10:58:18,550 - Long Buy 286.00 shares at 68.07 on 2024-10-14 16:00:00+00:00
2024-11-11 10:58:18,551 - Long Buy 281.00 shares at 68.0 on 2024-10-14 16:15:00+00:00
2024-11-11 10:58:18,551 - Long Buy 276.00 shares at 67.91 on 2024-10-14 16:30:00+00:00
2024-11-11 10:58:18,551 - Long Buy 270.00 shares at 67.86 on 2024-10-14 16:45:00+00:00
2024-11-11 10:58:18,551 - Long Buy 265.00 shares at 67.81 on 2024-10-14 17:00:00+00:00
2024-11-11 10:58:18,551 - Long Buy 260.00 shares at 67.77 on 2024-10-14 17:15:00+00:00
2024-11-11 10:58:18,551 - Long Buy 255.00 shares at 67.8 on 2024-10-14 17:30:00+00:00
2024-11-11 10:58:18,551 - Long Buy 249.00 shares at 67.8 on 2024-10-14 17:45:00+00:00
2024-11-11 10:58:18,551 - Long Buy 244.00 shares at 67.84 on 2024-10-14 18:00:00+00:00
2024-11-11 10:58:18,551 - Long Buy 240.00 shares at 67.78 on 2024-10-14 18:15:00+00:00
2024-11-11 10:58:18,551 - Long Buy 235.00 shares at 67.67 on 2024-10-14 18:30:00+00:00
2024-11-11 10:58:18,551 - Long Buy 231.00 shares at 67.48 on 2024-10-14 18:45:00+00:00
2024-11-11 10:58:18,551 - Long Buy 227.00 shares at 67.39 on 2024-10-14 19:00:00+00:00
2024-11-11 10:58:18,551 - Long Buy 222.00 shares at 67.35 on 2024-10-14 19:15:00+00:00
2024-11-11 10:58:18,551 - Long Buy 219.00 shares at 67.0 on 2024-10-14 19:30:00+00:00
2024-11-11 10:58:18,551 - Long Buy 215.00 shares at 66.8 on 2024-10-14 19:45:00+00:00
2024-11-11 10:58:18,551 - Long Buy 209.00 shares at 67.58 on 2024-10-15 13:30:00+00:00
2024-11-11 10:58:18,551 - Long Buy 204.00 shares at 67.82 on 2024-10-15 13:45:00+00:00
2024-11-11 10:58:18,551 - Sell to close 4680.00 shares at 68.41 on 2024-10-15 14:15:00+00:00 (Exit: Signal, Profit: 3325.7100000000164, Duration: 1350.0 minutes)
2024-11-11 10:58:18,551 - Short Sell 292.00 shares at 68.39 on 2024-10-15 14:45:00+00:00
2024-11-11 10:58:18,551 - Short Sell 292.00 shares at 68.36 on 2024-10-15 15:00:00+00:00
2024-11-11 10:58:18,551 - Short Sell 291.00 shares at 68.49 on 2024-10-15 15:15:00+00:00
2024-11-11 10:58:18,552 - Short Sell 291.00 shares at 68.46 on 2024-10-15 15:30:00+00:00
2024-11-11 10:58:18,552 - Buy to cover -1166.00 shares at 67.99 on 2024-10-15 15:45:00+00:00 (Exit: Signal, Profit: 507.10999999999933, Duration: 60.0 minutes)
2024-11-11 10:58:18,552 - Short Sell 293.00 shares at 68.2 on 2024-10-15 16:00:00+00:00
2024-11-11 10:58:18,552 - Short Sell 292.00 shares at 68.3 on 2024-10-15 16:15:00+00:00
2024-11-11 10:58:18,552 - Buy to cover -585.00 shares at 68.01 on 2024-10-15 16:30:00+00:00 (Exit: Signal, Profit: 140.3499999999911, Duration: 30.0 minutes)
2024-11-11 10:58:18,552 - Long Buy 294.00 shares at 67.78 on 2024-10-15 16:45:00+00:00
2024-11-11 10:58:18,552 - Long Buy 290.00 shares at 67.54 on 2024-10-15 17:00:00+00:00
2024-11-11 10:58:18,552 - Long Buy 284.00 shares at 67.56 on 2024-10-15 17:15:00+00:00
2024-11-11 10:58:18,552 - Long Buy 278.00 shares at 67.57 on 2024-10-15 17:30:00+00:00
2024-11-11 10:58:18,552 - Long Buy 273.00 shares at 67.37 on 2024-10-15 17:45:00+00:00
2024-11-11 10:58:18,552 - Long Buy 268.00 shares at 67.37 on 2024-10-15 18:00:00+00:00
2024-11-11 10:58:18,552 - Long Buy 263.00 shares at 67.25 on 2024-10-15 18:15:00+00:00
2024-11-11 10:58:18,552 - Long Buy 257.00 shares at 67.39 on 2024-10-15 18:30:00+00:00
2024-11-11 10:58:18,552 - Long Buy 252.00 shares at 67.45 on 2024-10-15 18:45:00+00:00
2024-11-11 10:58:18,552 - Long Buy 247.00 shares at 67.3 on 2024-10-15 19:00:00+00:00
2024-11-11 10:58:18,552 - Long Buy 242.00 shares at 67.44 on 2024-10-15 19:15:00+00:00
2024-11-11 10:58:18,552 - Long Buy 237.00 shares at 67.48 on 2024-10-15 19:30:00+00:00
2024-11-11 10:58:18,552 - Long Buy 231.00 shares at 67.76 on 2024-10-15 19:45:00+00:00
2024-11-11 10:58:18,552 - Long Buy 226.00 shares at 67.94 on 2024-10-16 13:30:00+00:00
2024-11-11 10:58:18,552 - Long Buy 222.00 shares at 67.82 on 2024-10-16 13:45:00+00:00
2024-11-11 10:58:18,552 - Long Buy 218.00 shares at 67.67 on 2024-10-16 14:00:00+00:00
2024-11-11 10:58:18,553 - Long Buy 213.00 shares at 67.7 on 2024-10-16 14:15:00+00:00
2024-11-11 10:58:18,553 - Long Buy 209.00 shares at 67.84 on 2024-10-16 14:30:00+00:00
2024-11-11 10:58:18,553 - Long Buy 205.00 shares at 67.83 on 2024-10-16 14:45:00+00:00
2024-11-11 10:58:18,553 - Long Buy 200.00 shares at 68.01 on 2024-10-16 15:00:00+00:00
2024-11-11 10:58:18,553 - Long Buy 196.00 shares at 67.87 on 2024-10-16 15:15:00+00:00
2024-11-11 10:58:18,553 - Long Buy 192.00 shares at 68.15 on 2024-10-16 15:30:00+00:00
2024-11-11 10:58:18,553 - Long Buy 188.00 shares at 68.17 on 2024-10-16 15:45:00+00:00
2024-11-11 10:58:18,553 - Sell to close 5485.00 shares at 68.54 on 2024-10-16 16:00:00+00:00 (Exit: Signal, Profit: 4945.399999999905, Duration: 1395.0 minutes)
2024-11-11 10:58:18,553 - Short Sell 293.00 shares at 68.53 on 2024-10-16 16:15:00+00:00
2024-11-11 10:58:18,553 - Short Sell 292.00 shares at 68.74 on 2024-10-16 16:30:00+00:00
2024-11-11 10:58:18,553 - Short Sell 291.00 shares at 68.94 on 2024-10-16 16:45:00+00:00
2024-11-11 10:58:18,553 - Short Sell 291.00 shares at 68.89 on 2024-10-16 17:00:00+00:00
2024-11-11 10:58:18,553 - Short Sell 291.00 shares at 68.82 on 2024-10-16 17:15:00+00:00
2024-11-11 10:58:18,553 - Buy to cover -1458.00 shares at 68.8 on 2024-10-16 17:30:00+00:00 (Exit: Signal, Profit: -23.880000000001047, Duration: 75.0 minutes)
2024-11-11 10:58:18,553 - Long Buy 292.00 shares at 68.78 on 2024-10-16 17:45:00+00:00
2024-11-11 10:58:18,553 - Sell to close 292.00 shares at 69.12 on 2024-10-16 18:00:00+00:00 (Exit: Signal, Profit: 99.280000000001, Duration: 15.0 minutes)
2024-11-11 10:58:18,553 - Short Sell 291.00 shares at 68.94 on 2024-10-16 18:15:00+00:00
2024-11-11 10:58:18,553 - Buy to cover -291.00 shares at 68.77 on 2024-10-16 18:30:00+00:00 (Exit: Signal, Profit: 49.470000000000496, Duration: 15.0 minutes)
2024-11-11 10:58:18,553 - Long Buy 292.00 shares at 68.73 on 2024-10-16 18:45:00+00:00
2024-11-11 10:58:18,553 - Long Buy 288.00 shares at 68.36 on 2024-10-16 19:00:00+00:00
2024-11-11 10:58:18,554 - Long Buy 282.00 shares at 68.22 on 2024-10-16 19:15:00+00:00
2024-11-11 10:58:18,554 - Long Buy 276.00 shares at 68.35 on 2024-10-16 19:30:00+00:00
2024-11-11 10:58:18,554 - Long Buy 272.00 shares at 68.02 on 2024-10-16 19:45:00+00:00
2024-11-11 10:58:18,554 - Long Buy 267.00 shares at 67.82 on 2024-10-17 13:30:00+00:00
2024-11-11 10:58:18,554 - Long Buy 261.00 shares at 68.03 on 2024-10-17 13:45:00+00:00
2024-11-11 10:58:18,554 - Long Buy 257.00 shares at 67.64 on 2024-10-17 14:00:00+00:00
2024-11-11 10:58:18,554 - Long Buy 253.00 shares at 67.45 on 2024-10-17 14:15:00+00:00
2024-11-11 10:58:18,554 - Long Buy 248.00 shares at 67.35 on 2024-10-17 14:30:00+00:00
2024-11-11 10:58:18,554 - Long Buy 244.00 shares at 67.26 on 2024-10-17 14:45:00+00:00
2024-11-11 10:58:18,554 - Long Buy 239.00 shares at 67.26 on 2024-10-17 15:00:00+00:00
2024-11-11 10:58:18,554 - Long Buy 234.00 shares at 67.17 on 2024-10-17 15:15:00+00:00
2024-11-11 10:58:18,554 - Long Buy 229.00 shares at 67.38 on 2024-10-17 15:30:00+00:00
2024-11-11 10:58:18,554 - Long Buy 224.00 shares at 67.4 on 2024-10-17 15:45:00+00:00
2024-11-11 10:58:18,554 - Long Buy 220.00 shares at 67.21 on 2024-10-17 16:00:00+00:00
2024-11-11 10:58:18,554 - Long Buy 216.00 shares at 67.25 on 2024-10-17 16:15:00+00:00
2024-11-11 10:58:18,554 - Long Buy 211.00 shares at 67.39 on 2024-10-17 16:30:00+00:00
2024-11-11 10:58:18,554 - Long Buy 207.00 shares at 67.31 on 2024-10-17 16:45:00+00:00
2024-11-11 10:58:18,554 - Long Buy 203.00 shares at 67.23 on 2024-10-17 17:00:00+00:00
2024-11-11 10:58:18,554 - Long Buy 199.00 shares at 67.26 on 2024-10-17 17:15:00+00:00
2024-11-11 10:58:18,554 - Long Buy 194.00 shares at 67.7 on 2024-10-17 17:30:00+00:00
2024-11-11 10:58:18,554 - Long Buy 190.00 shares at 67.7 on 2024-10-17 17:45:00+00:00
2024-11-11 10:58:18,554 - Long Buy 187.00 shares at 67.52 on 2024-10-17 18:00:00+00:00
2024-11-11 10:58:18,554 - Long Buy 183.00 shares at 67.39 on 2024-10-17 18:15:00+00:00
2024-11-11 10:58:18,554 - Long Buy 180.00 shares at 67.39 on 2024-10-17 18:30:00+00:00
2024-11-11 10:58:18,554 - Sell to close 6056.00 shares at 67.45 on 2024-10-17 19:00:00+00:00 (Exit: Signal, Profit: -1213.2999999998578, Duration: 1455.0 minutes)
2024-11-11 10:58:18,555 - Short Sell 296.00 shares at 67.58 on 2024-10-17 19:15:00+00:00
2024-11-11 10:58:18,555 - Short Sell 296.00 shares at 67.67 on 2024-10-17 19:30:00+00:00
2024-11-11 10:58:18,555 - Short Sell 295.00 shares at 67.86 on 2024-10-17 19:45:00+00:00
2024-11-11 10:58:18,555 - Short Sell 294.00 shares at 68.21 on 2024-10-18 13:30:00+00:00
2024-11-11 10:58:18,555 - Short Sell 295.00 shares at 67.89 on 2024-10-18 13:45:00+00:00
2024-11-11 10:58:18,555 - Short Sell 296.00 shares at 67.67 on 2024-10-18 14:00:00+00:00
2024-11-11 10:58:18,555 - Short Sell 296.00 shares at 67.74 on 2024-10-18 14:15:00+00:00
2024-11-11 10:58:18,555 - Short Sell 297.00 shares at 67.47 on 2024-10-18 14:30:00+00:00
2024-11-11 10:58:18,555 - Short Sell 295.00 shares at 67.85 on 2024-10-18 14:45:00+00:00
2024-11-11 10:58:18,555 - Short Sell 296.00 shares at 67.62 on 2024-10-18 15:00:00+00:00
2024-11-11 10:58:18,555 - Short Sell 296.00 shares at 67.76 on 2024-10-18 15:15:00+00:00
2024-11-11 10:58:18,555 - Short Sell 295.00 shares at 67.81 on 2024-10-18 15:30:00+00:00
2024-11-11 10:58:18,555 - Short Sell 296.00 shares at 67.76 on 2024-10-18 15:45:00+00:00
2024-11-11 10:58:18,555 - Short Sell 296.00 shares at 67.77 on 2024-10-18 16:00:00+00:00
2024-11-11 10:58:18,555 - Short Sell 294.00 shares at 67.99 on 2024-10-18 16:15:00+00:00
2024-11-11 10:58:18,555 - Short Sell 296.00 shares at 67.76 on 2024-10-18 16:30:00+00:00
2024-11-11 10:58:18,555 - Short Sell 296.00 shares at 67.77 on 2024-10-18 16:45:00+00:00
2024-11-11 10:58:18,555 - Short Sell 296.00 shares at 67.71 on 2024-10-18 17:00:00+00:00
2024-11-11 10:58:18,555 - Short Sell 295.00 shares at 67.84 on 2024-10-18 17:15:00+00:00
2024-11-11 10:58:18,555 - Short Sell 295.00 shares at 67.83 on 2024-10-18 17:30:00+00:00
2024-11-11 10:58:18,555 - Short Sell 296.00 shares at 67.75 on 2024-10-18 17:45:00+00:00
2024-11-11 10:58:18,555 - Short Sell 295.00 shares at 67.82 on 2024-10-18 18:00:00+00:00
2024-11-11 10:58:18,555 - Short Sell 295.00 shares at 67.83 on 2024-10-18 18:15:00+00:00
2024-11-11 10:58:18,555 - Short Sell 295.00 shares at 67.83 on 2024-10-18 18:30:00+00:00
2024-11-11 10:58:18,555 - Short Sell 295.00 shares at 67.81 on 2024-10-18 18:45:00+00:00
2024-11-11 10:58:18,555 - Short Sell 294.00 shares at 68.09 on 2024-10-18 19:00:00+00:00
2024-11-11 10:58:18,555 - Short Sell 294.00 shares at 68.06 on 2024-10-18 19:15:00+00:00
2024-11-11 10:58:18,555 - Short Sell 293.00 shares at 68.17 on 2024-10-18 19:30:00+00:00
2024-11-11 10:58:18,556 - Short Sell 293.00 shares at 68.22 on 2024-10-18 19:45:00+00:00
2024-11-11 10:58:18,556 - Buy to cover -8561.00 shares at 68.03 on 2024-10-21 13:30:00+00:00 (Exit: Signal, Profit: -1696.1599999998741, Duration: 5415.0 minutes)
2024-11-11 10:58:18,556 - Long Buy 296.00 shares at 67.69 on 2024-10-21 13:45:00+00:00
2024-11-11 10:58:18,556 - Long Buy 291.00 shares at 67.4 on 2024-10-21 14:00:00+00:00
2024-11-11 10:58:18,556 - Long Buy 285.00 shares at 67.5 on 2024-10-21 14:15:00+00:00
2024-11-11 10:58:18,556 - Long Buy 279.00 shares at 67.59 on 2024-10-21 14:30:00+00:00
2024-11-11 10:58:18,556 - Long Buy 275.00 shares at 67.2 on 2024-10-21 14:45:00+00:00
2024-11-11 10:58:18,556 - Long Buy 268.00 shares at 67.49 on 2024-10-21 15:00:00+00:00
2024-11-11 10:58:18,556 - Long Buy 264.00 shares at 67.1 on 2024-10-21 15:15:00+00:00
2024-11-11 10:58:18,556 - Long Buy 259.00 shares at 67.03 on 2024-10-21 15:30:00+00:00
2024-11-11 10:58:18,556 - Long Buy 253.00 shares at 67.18 on 2024-10-21 15:45:00+00:00
2024-11-11 10:58:18,556 - Long Buy 248.00 shares at 67.3 on 2024-10-21 16:00:00+00:00
2024-11-11 10:58:18,556 - Long Buy 243.00 shares at 67.22 on 2024-10-21 16:15:00+00:00
2024-11-11 10:58:18,556 - Long Buy 238.00 shares at 67.25 on 2024-10-21 16:30:00+00:00
2024-11-11 10:58:18,556 - Long Buy 232.00 shares at 67.51 on 2024-10-21 16:45:00+00:00
2024-11-11 10:58:18,556 - Long Buy 228.00 shares at 67.54 on 2024-10-21 17:00:00+00:00
2024-11-11 10:58:18,556 - Long Buy 223.00 shares at 67.69 on 2024-10-21 17:15:00+00:00
2024-11-11 10:58:18,556 - Long Buy 219.00 shares at 67.56 on 2024-10-21 17:30:00+00:00
2024-11-11 10:58:18,556 - Long Buy 215.00 shares at 67.48 on 2024-10-21 17:45:00+00:00
2024-11-11 10:58:18,556 - Long Buy 211.00 shares at 67.24 on 2024-10-21 18:00:00+00:00
2024-11-11 10:58:18,556 - Long Buy 207.00 shares at 67.24 on 2024-10-21 18:15:00+00:00
2024-11-11 10:58:18,556 - Long Buy 203.00 shares at 67.23 on 2024-10-21 18:30:00+00:00
2024-11-11 10:58:18,556 - Long Buy 199.00 shares at 67.19 on 2024-10-21 18:45:00+00:00
2024-11-11 10:58:18,556 - Long Buy 194.00 shares at 67.37 on 2024-10-21 19:00:00+00:00
2024-11-11 10:58:18,556 - Long Buy 190.00 shares at 67.44 on 2024-10-21 19:15:00+00:00
2024-11-11 10:58:18,556 - Long Buy 186.00 shares at 67.44 on 2024-10-21 19:30:00+00:00
2024-11-11 10:58:18,556 - Long Buy 183.00 shares at 67.31 on 2024-10-21 19:45:00+00:00
2024-11-11 10:58:18,557 - Long Buy 180.00 shares at 66.95 on 2024-10-22 13:30:00+00:00
2024-11-11 10:58:18,557 - Long Buy 177.00 shares at 67.01 on 2024-10-22 13:45:00+00:00
2024-11-11 10:58:18,557 - Long Buy 173.00 shares at 66.93 on 2024-10-22 14:00:00+00:00
2024-11-11 10:58:18,557 - Long Buy 170.00 shares at 66.82 on 2024-10-22 14:15:00+00:00
2024-11-11 10:58:18,557 - Long Buy 167.00 shares at 66.81 on 2024-10-22 14:30:00+00:00
2024-11-11 10:58:18,557 - Long Buy 164.00 shares at 66.51 on 2024-10-22 14:45:00+00:00
2024-11-11 10:58:18,557 - Long Buy 162.00 shares at 66.05 on 2024-10-22 15:00:00+00:00
2024-11-11 10:58:18,557 - Sell to close 7082.00 shares at 65.63 on 2024-10-22 15:15:00+00:00 (Exit: Stop_loss, Profit: -11567.469999999948, Duration: 1530.0 minutes)
2024-11-11 10:58:18,557 - Long Buy 298.00 shares at 66.3 on 2024-10-23 13:30:00+00:00
2024-11-11 10:58:18,557 - Long Buy 292.00 shares at 66.29 on 2024-10-23 13:45:00+00:00
2024-11-11 10:58:18,557 - Long Buy 286.00 shares at 66.31 on 2024-10-23 14:00:00+00:00
2024-11-11 10:58:18,557 - Long Buy 282.00 shares at 65.95 on 2024-10-23 14:15:00+00:00
2024-11-11 10:58:18,557 - Long Buy 277.00 shares at 65.83 on 2024-10-23 14:30:00+00:00
2024-11-11 10:58:18,557 - Long Buy 271.00 shares at 65.88 on 2024-10-23 14:45:00+00:00
2024-11-11 10:58:18,557 - Sell to close 1706.00 shares at 66.0 on 2024-10-23 15:00:00+00:00 (Exit: Signal, Profit: -169.0300000000076, Duration: 90.0 minutes)
2024-11-11 10:58:18,557 - Short Sell 298.00 shares at 66.4 on 2024-10-23 15:15:00+00:00
2024-11-11 10:58:18,557 - Short Sell 297.00 shares at 66.65 on 2024-10-23 15:30:00+00:00
2024-11-11 10:58:18,557 - Short Sell 296.00 shares at 66.77 on 2024-10-23 15:45:00+00:00
2024-11-11 10:58:18,557 - Short Sell 297.00 shares at 66.5 on 2024-10-23 16:00:00+00:00
2024-11-11 10:58:18,558 - Short Sell 296.00 shares at 66.81 on 2024-10-23 16:15:00+00:00
2024-11-11 10:58:18,558 - Short Sell 297.00 shares at 66.63 on 2024-10-23 16:30:00+00:00
2024-11-11 10:58:18,558 - Short Sell 296.00 shares at 66.7 on 2024-10-23 16:45:00+00:00
2024-11-11 10:58:18,558 - Short Sell 298.00 shares at 66.37 on 2024-10-23 17:00:00+00:00
2024-11-11 10:58:18,558 - Short Sell 298.00 shares at 66.36 on 2024-10-23 17:15:00+00:00
2024-11-11 10:58:18,558 - Short Sell 299.00 shares at 66.19 on 2024-10-23 17:30:00+00:00
2024-11-11 10:58:18,558 - Short Sell 299.00 shares at 66.14 on 2024-10-23 17:45:00+00:00
2024-11-11 10:58:18,558 - Buy to cover -3271.00 shares at 65.79 on 2024-10-23 18:00:00+00:00 (Exit: Signal, Profit: 2325.8600000000456, Duration: 165.0 minutes)
2024-11-11 10:58:18,558 - Short Sell 300.00 shares at 66.0 on 2024-10-23 18:15:00+00:00
2024-11-11 10:58:18,558 - Short Sell 301.00 shares at 65.93 on 2024-10-23 18:30:00+00:00
2024-11-11 10:58:18,558 - Buy to cover -601.00 shares at 65.75 on 2024-10-23 18:45:00+00:00 (Exit: Signal, Profit: 129.18000000000248, Duration: 30.0 minutes)
2024-11-11 10:58:18,558 - Long Buy 301.00 shares at 65.78 on 2024-10-23 19:00:00+00:00
2024-11-11 10:58:18,558 - Long Buy 295.00 shares at 65.77 on 2024-10-23 19:15:00+00:00
2024-11-11 10:58:18,558 - Sell to close 596.00 shares at 66.02 on 2024-10-23 19:30:00+00:00 (Exit: Signal, Profit: 145.99000000000632, Duration: 30.0 minutes)
2024-11-11 10:58:18,558 - Short Sell 300.00 shares at 66.14 on 2024-10-23 19:45:00+00:00
2024-11-11 10:58:18,558 - Short Sell 298.00 shares at 66.51 on 2024-10-24 13:30:00+00:00
2024-11-11 10:58:18,558 - Short Sell 299.00 shares at 66.24 on 2024-10-24 13:45:00+00:00
2024-11-11 10:58:18,558 - Short Sell 300.00 shares at 66.13 on 2024-10-24 14:00:00+00:00
2024-11-11 10:58:18,558 - Short Sell 298.00 shares at 66.48 on 2024-10-24 14:15:00+00:00
2024-11-11 10:58:18,558 - Short Sell 299.00 shares at 66.3 on 2024-10-24 14:30:00+00:00
2024-11-11 10:58:18,558 - Short Sell 298.00 shares at 66.54 on 2024-10-24 14:45:00+00:00
2024-11-11 10:58:18,558 - Short Sell 298.00 shares at 66.56 on 2024-10-24 15:00:00+00:00
2024-11-11 10:58:18,558 - Short Sell 298.00 shares at 66.43 on 2024-10-24 15:15:00+00:00
2024-11-11 10:58:18,559 - Short Sell 298.00 shares at 66.52 on 2024-10-24 15:30:00+00:00
2024-11-11 10:58:18,559 - Short Sell 297.00 shares at 66.66 on 2024-10-24 15:45:00+00:00
2024-11-11 10:58:18,559 - Buy to cover -3283.00 shares at 66.59 on 2024-10-24 16:00:00+00:00 (Exit: Signal, Profit: -592.5700000000438, Duration: 1215.0 minutes)
2024-11-11 10:58:18,559 - Short Sell 297.00 shares at 66.68 on 2024-10-24 16:30:00+00:00
2024-11-11 10:58:18,559 - Short Sell 296.00 shares at 66.84 on 2024-10-24 16:45:00+00:00
2024-11-11 10:58:18,559 - Buy to cover -593.00 shares at 66.49 on 2024-10-24 17:15:00+00:00 (Exit: Signal, Profit: 160.03000000000574, Duration: 45.0 minutes)
2024-11-11 10:58:18,559 - Long Buy 298.00 shares at 66.59 on 2024-10-24 17:30:00+00:00
2024-11-11 10:58:18,559 - Long Buy 292.00 shares at 66.57 on 2024-10-24 17:45:00+00:00
2024-11-11 10:58:18,559 - Long Buy 286.00 shares at 66.58 on 2024-10-24 18:00:00+00:00
2024-11-11 10:58:18,559 - Long Buy 280.00 shares at 66.5 on 2024-10-24 18:15:00+00:00
2024-11-11 10:58:18,559 - Long Buy 275.00 shares at 66.4 on 2024-10-24 18:30:00+00:00
2024-11-11 10:58:18,559 - Long Buy 269.00 shares at 66.54 on 2024-10-24 18:45:00+00:00
2024-11-11 10:58:18,559 - Sell to close 1700.00 shares at 66.76 on 2024-10-24 19:00:00+00:00 (Exit: Signal, Profit: 388.5999999999896, Duration: 90.0 minutes)
2024-11-11 10:58:18,559 - Short Sell 296.00 shares at 66.96 on 2024-10-24 19:45:00+00:00
2024-11-11 10:58:18,559 - Short Sell 296.00 shares at 66.9 on 2024-10-25 13:30:00+00:00
2024-11-11 10:58:18,559 - Short Sell 295.00 shares at 67.23 on 2024-10-25 13:45:00+00:00
2024-11-11 10:58:18,559 - Short Sell 294.00 shares at 67.45 on 2024-10-25 14:00:00+00:00
2024-11-11 10:58:18,559 - Short Sell 294.00 shares at 67.38 on 2024-10-25 14:15:00+00:00
2024-11-11 10:58:18,559 - Short Sell 295.00 shares at 67.11 on 2024-10-25 14:30:00+00:00
2024-11-11 10:58:18,559 - Short Sell 297.00 shares at 66.73 on 2024-10-25 15:00:00+00:00
2024-11-11 10:58:18,560 - Short Sell 296.00 shares at 66.98 on 2024-10-25 15:30:00+00:00
2024-11-11 10:58:18,560 - Short Sell 295.00 shares at 67.09 on 2024-10-25 15:45:00+00:00
2024-11-11 10:58:18,560 - Short Sell 296.00 shares at 66.98 on 2024-10-25 16:00:00+00:00
2024-11-11 10:58:18,560 - Short Sell 295.00 shares at 67.16 on 2024-10-25 16:15:00+00:00
2024-11-11 10:58:18,560 - Short Sell 295.00 shares at 67.11 on 2024-10-25 16:30:00+00:00
2024-11-11 10:58:18,560 - Short Sell 296.00 shares at 66.95 on 2024-10-25 16:45:00+00:00
2024-11-11 10:58:18,560 - Short Sell 295.00 shares at 67.08 on 2024-10-25 17:00:00+00:00
2024-11-11 10:58:18,560 - Short Sell 296.00 shares at 67.03 on 2024-10-25 17:15:00+00:00
2024-11-11 10:58:18,560 - Short Sell 296.00 shares at 67.0 on 2024-10-25 17:30:00+00:00
2024-11-11 10:58:18,560 - Short Sell 296.00 shares at 66.98 on 2024-10-25 17:45:00+00:00
2024-11-11 10:58:18,560 - Buy to cover -5023.00 shares at 66.85 on 2024-10-25 18:00:00+00:00 (Exit: Signal, Profit: 1082.2600000001337, Duration: 1335.0 minutes)
2024-11-11 10:58:18,560 - Short Sell 296.00 shares at 66.99 on 2024-10-25 18:15:00+00:00
2024-11-11 10:58:18,560 - Buy to cover -296.00 shares at 66.78 on 2024-10-25 18:30:00+00:00 (Exit: Signal, Profit: 62.15999999999815, Duration: 15.0 minutes)
2024-11-11 10:58:18,560 - Long Buy 297.00 shares at 66.72 on 2024-10-25 18:45:00+00:00
2024-11-11 10:58:18,560 - Long Buy 292.00 shares at 66.61 on 2024-10-25 19:00:00+00:00
2024-11-11 10:58:18,560 - Long Buy 288.00 shares at 66.28 on 2024-10-25 19:15:00+00:00
2024-11-11 10:58:18,560 - Long Buy 282.00 shares at 66.24 on 2024-10-25 19:30:00+00:00
2024-11-11 10:58:18,560 - Long Buy 275.00 shares at 66.44 on 2024-10-25 19:45:00+00:00
2024-11-11 10:58:18,560 - Long Buy 268.00 shares at 66.83 on 2024-10-28 13:30:00+00:00
2024-11-11 10:58:18,560 - Long Buy 264.00 shares at 66.47 on 2024-10-28 13:45:00+00:00
2024-11-11 10:58:18,560 - Long Buy 261.00 shares at 66.01 on 2024-10-28 14:00:00+00:00
2024-11-11 10:58:18,560 - Long Buy 254.00 shares at 66.41 on 2024-10-28 14:15:00+00:00
2024-11-11 10:58:18,560 - Long Buy 249.00 shares at 66.46 on 2024-10-28 14:30:00+00:00
2024-11-11 10:58:18,560 - Long Buy 244.00 shares at 66.44 on 2024-10-28 14:45:00+00:00
2024-11-11 10:58:18,561 - Long Buy 239.00 shares at 66.45 on 2024-10-28 15:00:00+00:00
2024-11-11 10:58:18,561 - Long Buy 235.00 shares at 66.31 on 2024-10-28 15:15:00+00:00
2024-11-11 10:58:18,561 - Long Buy 230.00 shares at 66.23 on 2024-10-28 15:30:00+00:00
2024-11-11 10:58:18,561 - Long Buy 226.00 shares at 66.18 on 2024-10-28 15:45:00+00:00
2024-11-11 10:58:18,561 - Long Buy 221.00 shares at 66.44 on 2024-10-28 16:00:00+00:00
2024-11-11 10:58:18,561 - Long Buy 216.00 shares at 66.45 on 2024-10-28 16:15:00+00:00
2024-11-11 10:58:18,561 - Long Buy 212.00 shares at 66.46 on 2024-10-28 16:30:00+00:00
2024-11-11 10:58:18,561 - Long Buy 208.00 shares at 66.41 on 2024-10-28 16:45:00+00:00
2024-11-11 10:58:18,561 - Long Buy 204.00 shares at 66.31 on 2024-10-28 17:00:00+00:00
2024-11-11 10:58:18,561 - Long Buy 200.00 shares at 66.37 on 2024-10-28 17:15:00+00:00
2024-11-11 10:58:18,561 - Long Buy 195.00 shares at 66.57 on 2024-10-28 17:30:00+00:00
2024-11-11 10:58:18,561 - Long Buy 191.00 shares at 66.59 on 2024-10-28 17:45:00+00:00
2024-11-11 10:58:18,561 - Long Buy 187.00 shares at 66.52 on 2024-10-28 18:00:00+00:00
2024-11-11 10:58:18,561 - Long Buy 184.00 shares at 66.41 on 2024-10-28 18:15:00+00:00
2024-11-11 10:58:18,561 - Long Buy 180.00 shares at 66.55 on 2024-10-28 18:30:00+00:00
2024-11-11 10:58:18,561 - Sell to close 6102.00 shares at 66.89 on 2024-10-28 18:45:00+00:00 (Exit: Signal, Profit: 2810.350000000045, Duration: 4320.0 minutes)
2024-11-11 10:58:18,561 - Short Sell 298.00 shares at 66.73 on 2024-10-28 19:00:00+00:00
2024-11-11 10:58:18,561 - Buy to cover -298.00 shares at 66.34 on 2024-10-28 19:15:00+00:00 (Exit: Signal, Profit: 116.22000000000017, Duration: 15.0 minutes)
2024-11-11 10:58:18,561 - Long Buy 300.00 shares at 66.23 on 2024-10-28 19:30:00+00:00
2024-11-11 10:58:18,561 - Long Buy 294.00 shares at 66.25 on 2024-10-28 19:45:00+00:00
2024-11-11 10:58:18,561 - Long Buy 292.00 shares at 65.41 on 2024-10-29 13:30:00+00:00
2024-11-11 10:58:18,561 - Long Buy 284.00 shares at 65.96 on 2024-10-29 13:45:00+00:00
2024-11-11 10:58:18,562 - Long Buy 277.00 shares at 66.16 on 2024-10-29 14:00:00+00:00
2024-11-11 10:58:18,562 - Long Buy 272.00 shares at 66.04 on 2024-10-29 14:15:00+00:00
2024-11-11 10:58:18,562 - Long Buy 267.00 shares at 66.05 on 2024-10-29 14:30:00+00:00
2024-11-11 10:58:18,562 - Long Buy 262.00 shares at 65.94 on 2024-10-29 14:45:00+00:00
2024-11-11 10:58:18,562 - Long Buy 256.00 shares at 66.03 on 2024-10-29 15:00:00+00:00
2024-11-11 10:58:18,562 - Long Buy 252.00 shares at 65.81 on 2024-10-29 15:15:00+00:00
2024-11-11 10:58:18,562 - Long Buy 246.00 shares at 66.02 on 2024-10-29 15:30:00+00:00
2024-11-11 10:58:18,562 - Long Buy 243.00 shares at 65.67 on 2024-10-29 15:45:00+00:00
2024-11-11 10:58:18,562 - Long Buy 238.00 shares at 65.66 on 2024-10-29 16:00:00+00:00
2024-11-11 10:58:18,562 - Long Buy 234.00 shares at 65.5 on 2024-10-29 16:15:00+00:00
2024-11-11 10:58:18,562 - Long Buy 230.00 shares at 65.26 on 2024-10-29 16:30:00+00:00
2024-11-11 10:58:18,562 - Long Buy 226.00 shares at 65.16 on 2024-10-29 16:45:00+00:00
2024-11-11 10:58:18,562 - Long Buy 221.00 shares at 65.08 on 2024-10-29 17:00:00+00:00
2024-11-11 10:58:18,562 - Long Buy 218.00 shares at 64.79 on 2024-10-29 17:15:00+00:00
2024-11-11 10:58:18,562 - Long Buy 213.00 shares at 64.92 on 2024-10-29 17:30:00+00:00
2024-11-11 10:58:18,562 - Long Buy 209.00 shares at 64.86 on 2024-10-29 17:45:00+00:00
2024-11-11 10:58:18,562 - Long Buy 206.00 shares at 64.59 on 2024-10-29 18:00:00+00:00
2024-11-11 10:58:18,562 - Long Buy 202.00 shares at 64.63 on 2024-10-29 18:15:00+00:00
2024-11-11 10:58:18,562 - Long Buy 197.00 shares at 64.64 on 2024-10-29 18:30:00+00:00
2024-11-11 10:58:18,562 - Long Buy 193.00 shares at 64.88 on 2024-10-29 18:45:00+00:00
2024-11-11 10:58:18,562 - Sell to close 5832.00 shares at 64.95 on 2024-10-29 19:00:00+00:00 (Exit: Signal, Profit: -3475.180000000181, Duration: 1410.0 minutes)
2024-11-11 10:58:18,562 - Short Sell 305.00 shares at 64.98 on 2024-10-29 19:15:00+00:00
2024-11-11 10:58:18,562 - Buy to cover -305.00 shares at 64.66 on 2024-10-29 19:30:00+00:00 (Exit: Signal, Profit: 97.60000000000225, Duration: 15.0 minutes)
2024-11-11 10:58:18,562 - Long Buy 308.00 shares at 64.5 on 2024-10-29 19:45:00+00:00
2024-11-11 10:58:18,563 - Sell to close 308.00 shares at 65.18 on 2024-10-30 13:45:00+00:00 (Exit: Signal, Profit: 209.4400000000021, Duration: 1080.0 minutes)
2024-11-11 10:58:18,563 - Short Sell 306.00 shares at 64.94 on 2024-10-30 14:15:00+00:00
2024-11-11 10:58:18,563 - Buy to cover -306.00 shares at 64.76 on 2024-10-30 14:30:00+00:00 (Exit: Signal, Profit: 55.07999999999774, Duration: 15.0 minutes)
2024-11-11 10:58:18,563 - Long Buy 306.00 shares at 64.8 on 2024-10-30 14:45:00+00:00
2024-11-11 10:58:18,563 - Long Buy 300.00 shares at 64.77 on 2024-10-30 15:00:00+00:00
2024-11-11 10:58:18,563 - Long Buy 297.00 shares at 64.24 on 2024-10-30 15:15:00+00:00
2024-11-11 10:58:18,563 - Long Buy 289.00 shares at 64.51 on 2024-10-30 15:30:00+00:00
2024-11-11 10:58:18,563 - Long Buy 285.00 shares at 64.25 on 2024-10-30 15:45:00+00:00
2024-11-11 10:58:18,563 - Long Buy 280.00 shares at 63.94 on 2024-10-30 16:00:00+00:00
2024-11-11 10:58:18,563 - Long Buy 276.00 shares at 63.74 on 2024-10-30 16:15:00+00:00
2024-11-11 10:58:18,563 - Long Buy 270.00 shares at 63.69 on 2024-10-30 16:30:00+00:00
2024-11-11 10:58:18,563 - Long Buy 265.00 shares at 63.68 on 2024-10-30 16:45:00+00:00
2024-11-11 10:58:18,563 - Long Buy 259.00 shares at 63.85 on 2024-10-30 17:00:00+00:00
2024-11-11 10:58:18,563 - Long Buy 254.00 shares at 63.88 on 2024-10-30 17:15:00+00:00
2024-11-11 10:58:18,563 - Long Buy 249.00 shares at 63.82 on 2024-10-30 17:30:00+00:00
2024-11-11 10:58:18,563 - Long Buy 243.00 shares at 63.99 on 2024-10-30 17:45:00+00:00
2024-11-11 10:58:18,563 - Long Buy 239.00 shares at 63.98 on 2024-10-30 18:00:00+00:00
2024-11-11 10:58:18,563 - Long Buy 234.00 shares at 63.96 on 2024-10-30 18:15:00+00:00
2024-11-11 10:58:18,563 - Long Buy 229.00 shares at 63.92 on 2024-10-30 18:30:00+00:00
2024-11-11 10:58:18,563 - Long Buy 225.00 shares at 63.87 on 2024-10-30 18:45:00+00:00
2024-11-11 10:58:18,563 - Long Buy 221.00 shares at 63.74 on 2024-10-30 19:00:00+00:00
2024-11-11 10:58:18,563 - Long Buy 217.00 shares at 63.53 on 2024-10-30 19:15:00+00:00
2024-11-11 10:58:18,563 - Long Buy 213.00 shares at 63.48 on 2024-10-30 19:30:00+00:00
2024-11-11 10:58:18,563 - Long Buy 209.00 shares at 63.31 on 2024-10-30 19:45:00+00:00
2024-11-11 10:58:18,563 - Long Buy 205.00 shares at 63.3 on 2024-10-31 13:30:00+00:00
2024-11-11 10:58:18,564 - Sell to close 5565.00 shares at 63.56 on 2024-10-31 13:45:00+00:00 (Exit: Signal, Profit: -2221.049999999778, Duration: 1380.0 minutes)
2024-11-11 10:58:18,564 - Long Buy 314.00 shares at 63.02 on 2024-10-31 14:00:00+00:00
2024-11-11 10:58:18,564 - Long Buy 308.00 shares at 63.01 on 2024-10-31 14:15:00+00:00
2024-11-11 10:58:18,564 - Long Buy 302.00 shares at 63.04 on 2024-10-31 14:30:00+00:00
2024-11-11 10:58:18,564 - Long Buy 295.00 shares at 63.14 on 2024-10-31 14:45:00+00:00
2024-11-11 10:58:18,564 - Sell to close 1219.00 shares at 63.71 on 2024-10-31 15:00:00+00:00 (Exit: Signal, Profit: 802.7499999999948, Duration: 60.0 minutes)
2024-11-11 10:58:18,564 - Short Sell 311.00 shares at 63.62 on 2024-10-31 15:15:00+00:00
2024-11-11 10:58:18,564 - Buy to cover -311.00 shares at 63.23 on 2024-10-31 15:30:00+00:00 (Exit: Signal, Profit: 121.29000000000018, Duration: 15.0 minutes)
2024-11-11 10:58:18,564 - Short Sell 312.00 shares at 63.58 on 2024-10-31 15:45:00+00:00
2024-11-11 10:58:18,564 - Short Sell 312.00 shares at 63.6 on 2024-10-31 16:00:00+00:00
2024-11-11 10:58:18,564 - Short Sell 310.00 shares at 64.0 on 2024-10-31 16:15:00+00:00
2024-11-11 10:58:18,564 - Short Sell 309.00 shares at 64.02 on 2024-10-31 16:30:00+00:00
2024-11-11 10:58:18,564 - Short Sell 310.00 shares at 64.0 on 2024-10-31 16:45:00+00:00
2024-11-11 10:58:18,564 - Short Sell 310.00 shares at 63.92 on 2024-10-31 17:00:00+00:00
2024-11-11 10:58:18,564 - Short Sell 308.00 shares at 64.24 on 2024-10-31 17:15:00+00:00
2024-11-11 10:58:18,564 - Short Sell 307.00 shares at 64.48 on 2024-10-31 17:30:00+00:00
2024-11-11 10:58:18,564 - Short Sell 308.00 shares at 64.36 on 2024-10-31 17:45:00+00:00
2024-11-11 10:58:18,564 - Short Sell 308.00 shares at 64.27 on 2024-10-31 18:00:00+00:00
2024-11-11 10:58:18,564 - Short Sell 308.00 shares at 64.37 on 2024-10-31 18:15:00+00:00
2024-11-11 10:58:18,564 - Short Sell 308.00 shares at 64.24 on 2024-10-31 18:30:00+00:00
2024-11-11 10:58:18,564 - Short Sell 307.00 shares at 64.38 on 2024-10-31 18:45:00+00:00
2024-11-11 10:58:18,564 - Short Sell 308.00 shares at 64.36 on 2024-10-31 19:00:00+00:00
2024-11-11 10:58:18,565 - Short Sell 304.00 shares at 64.92 on 2024-10-31 19:15:00+00:00
2024-11-11 10:58:18,565 - Short Sell 304.00 shares at 64.9 on 2024-10-31 19:30:00+00:00
2024-11-11 10:58:18,565 - Short Sell 306.00 shares at 64.64 on 2024-10-31 19:45:00+00:00
2024-11-11 10:58:18,565 - Short Sell 307.00 shares at 64.4 on 2024-11-01 13:30:00+00:00
2024-11-11 10:58:18,565 - Short Sell 305.00 shares at 64.81 on 2024-11-01 13:45:00+00:00
2024-11-11 10:58:18,565 - Buy to cover -5851.00 shares at 65.55 on 2024-11-01 14:00:00+00:00 (Exit: Stop_loss, Profit: -7393.799999999801, Duration: 1335.0 minutes)
2024-11-11 10:58:18,565 - Short Sell 283.00 shares at 69.6 on 2024-11-04 14:30:00+00:00
2024-11-11 10:58:18,565 - Short Sell 280.00 shares at 70.14 on 2024-11-04 14:45:00+00:00
2024-11-11 10:58:18,565 - Short Sell 281.00 shares at 70.04 on 2024-11-04 15:00:00+00:00
2024-11-11 10:58:18,565 - Short Sell 284.00 shares at 69.37 on 2024-11-04 15:15:00+00:00
2024-11-11 10:58:18,565 - Short Sell 283.00 shares at 69.59 on 2024-11-04 15:30:00+00:00
2024-11-11 10:58:18,565 - Short Sell 286.00 shares at 68.88 on 2024-11-04 15:45:00+00:00
2024-11-11 10:58:18,565 - Short Sell 290.00 shares at 68.03 on 2024-11-04 16:00:00+00:00
2024-11-11 10:58:18,565 - Short Sell 290.00 shares at 68.0 on 2024-11-04 16:15:00+00:00
2024-11-11 10:58:18,565 - Buy to cover -2277.00 shares at 67.98 on 2024-11-04 16:30:00+00:00 (Exit: Signal, Profit: 2770.209999999994, Duration: 120.0 minutes)
2024-11-11 10:58:18,565 - Long Buy 290.00 shares at 67.95 on 2024-11-04 16:45:00+00:00
2024-11-11 10:58:18,565 - Long Buy 285.00 shares at 67.89 on 2024-11-04 17:00:00+00:00
2024-11-11 10:58:18,565 - Sell to close 575.00 shares at 68.05 on 2024-11-04 17:15:00+00:00 (Exit: Signal, Profit: 74.59999999999347, Duration: 30.0 minutes)
2024-11-11 10:58:18,566 - Long Buy 292.00 shares at 67.5 on 2024-11-04 17:30:00+00:00
2024-11-11 10:58:18,566 - Long Buy 286.00 shares at 67.55 on 2024-11-04 17:45:00+00:00
2024-11-11 10:58:18,566 - Long Buy 281.00 shares at 67.52 on 2024-11-04 18:00:00+00:00
2024-11-11 10:58:18,566 - Long Buy 275.00 shares at 67.41 on 2024-11-04 18:15:00+00:00
2024-11-11 10:58:18,566 - Long Buy 270.00 shares at 67.4 on 2024-11-04 18:30:00+00:00
2024-11-11 10:58:18,566 - Long Buy 264.00 shares at 67.42 on 2024-11-04 18:45:00+00:00
2024-11-11 10:58:18,566 - Long Buy 259.00 shares at 67.42 on 2024-11-04 19:00:00+00:00
2024-11-11 10:58:18,566 - Long Buy 254.00 shares at 67.38 on 2024-11-04 19:15:00+00:00
2024-11-11 10:58:18,566 - Long Buy 249.00 shares at 67.31 on 2024-11-04 19:30:00+00:00
2024-11-11 10:58:18,566 - Long Buy 246.00 shares at 66.98 on 2024-11-04 19:45:00+00:00
2024-11-11 10:58:18,566 - Long Buy 241.00 shares at 66.84 on 2024-11-04 20:00:00+00:00
2024-11-11 10:58:18,566 - Long Buy 235.00 shares at 67.12 on 2024-11-04 20:15:00+00:00
2024-11-11 10:58:18,566 - Long Buy 231.00 shares at 67.13 on 2024-11-04 20:30:00+00:00
2024-11-11 10:58:18,566 - Long Buy 227.00 shares at 66.82 on 2024-11-04 20:45:00+00:00
2024-11-11 10:58:18,566 - Long Buy 222.00 shares at 67.01 on 2024-11-05 14:30:00+00:00
2024-11-11 10:58:18,566 - Long Buy 219.00 shares at 66.55 on 2024-11-05 14:45:00+00:00
2024-11-11 10:58:18,566 - Long Buy 215.00 shares at 66.43 on 2024-11-05 15:00:00+00:00
2024-11-11 10:58:18,566 - Long Buy 209.00 shares at 66.79 on 2024-11-05 15:15:00+00:00
2024-11-11 10:58:18,566 - Long Buy 206.00 shares at 66.63 on 2024-11-05 15:30:00+00:00
2024-11-11 10:58:18,566 - Long Buy 203.00 shares at 66.34 on 2024-11-05 15:45:00+00:00
2024-11-11 10:58:18,566 - Long Buy 199.00 shares at 66.2 on 2024-11-05 16:00:00+00:00
2024-11-11 10:58:18,566 - Long Buy 194.00 shares at 66.47 on 2024-11-05 16:15:00+00:00
2024-11-11 10:58:18,566 - Long Buy 189.00 shares at 67.03 on 2024-11-05 16:30:00+00:00
2024-11-11 10:58:18,566 - Long Buy 184.00 shares at 67.34 on 2024-11-05 16:45:00+00:00
2024-11-11 10:58:18,566 - Long Buy 181.00 shares at 66.97 on 2024-11-05 17:00:00+00:00
2024-11-11 10:58:18,566 - Long Buy 178.00 shares at 66.93 on 2024-11-05 17:15:00+00:00
2024-11-11 10:58:18,566 - Sell to close 6009.00 shares at 67.03 on 2024-11-05 17:30:00+00:00 (Exit: Signal, Profit: -172.50999999987192, Duration: 1440.0 minutes)
2024-11-11 10:58:18,567 - Short Sell 294.00 shares at 66.99 on 2024-11-05 17:45:00+00:00
2024-11-11 10:58:18,567 - Buy to cover -294.00 shares at 66.86 on 2024-11-05 18:00:00+00:00 (Exit: Signal, Profit: 38.21999999999866, Duration: 15.0 minutes)
2024-11-11 10:58:18,567 - Long Buy 295.00 shares at 66.76 on 2024-11-05 18:15:00+00:00
2024-11-11 10:58:18,567 - Long Buy 289.00 shares at 66.82 on 2024-11-05 18:30:00+00:00
2024-11-11 10:58:18,567 - Long Buy 284.00 shares at 66.67 on 2024-11-05 18:45:00+00:00
2024-11-11 10:58:18,567 - Long Buy 279.00 shares at 66.6 on 2024-11-05 19:00:00+00:00
2024-11-11 10:58:18,567 - Long Buy 275.00 shares at 66.23 on 2024-11-05 19:15:00+00:00
2024-11-11 10:58:18,567 - Long Buy 269.00 shares at 66.38 on 2024-11-05 19:30:00+00:00
2024-11-11 10:58:18,567 - Long Buy 263.00 shares at 66.32 on 2024-11-05 19:45:00+00:00
2024-11-11 10:58:18,567 - Long Buy 257.00 shares at 66.59 on 2024-11-05 20:00:00+00:00
2024-11-11 10:58:18,567 - Long Buy 252.00 shares at 66.46 on 2024-11-05 20:15:00+00:00
2024-11-11 10:58:18,567 - Long Buy 247.00 shares at 66.48 on 2024-11-05 20:30:00+00:00
2024-11-11 10:58:18,567 - Long Buy 241.00 shares at 66.78 on 2024-11-05 20:45:00+00:00
2024-11-11 10:58:18,567 - Sell to close 2951.00 shares at 62.45 on 2024-11-06 14:30:00+00:00 (Exit: Stop_loss, Profit: -12118.63000000002, Duration: 1215.0 minutes)
2024-11-11 10:58:18,567 - Short Sell 307.00 shares at 63.53 on 2024-11-07 14:30:00+00:00
2024-11-11 10:58:18,567 - Short Sell 307.00 shares at 63.51 on 2024-11-07 14:45:00+00:00
2024-11-11 10:58:18,567 - Short Sell 310.00 shares at 62.86 on 2024-11-07 15:00:00+00:00
2024-11-11 10:58:18,567 - Short Sell 309.00 shares at 63.07 on 2024-11-07 15:15:00+00:00
2024-11-11 10:58:18,568 - Short Sell 308.00 shares at 63.22 on 2024-11-07 15:30:00+00:00
2024-11-11 10:58:18,568 - Short Sell 307.00 shares at 63.49 on 2024-11-07 15:45:00+00:00
2024-11-11 10:58:18,568 - Short Sell 307.00 shares at 63.41 on 2024-11-07 16:00:00+00:00
2024-11-11 10:58:18,568 - Short Sell 306.00 shares at 63.66 on 2024-11-07 16:15:00+00:00
2024-11-11 10:58:18,568 - Short Sell 307.00 shares at 63.5 on 2024-11-07 16:30:00+00:00
2024-11-11 10:58:18,568 - Short Sell 306.00 shares at 63.65 on 2024-11-07 16:45:00+00:00
2024-11-11 10:58:18,568 - Short Sell 304.00 shares at 63.94 on 2024-11-07 17:00:00+00:00
2024-11-11 10:58:18,568 - Short Sell 307.00 shares at 63.5 on 2024-11-07 17:15:00+00:00
2024-11-11 10:58:18,568 - Short Sell 306.00 shares at 63.68 on 2024-11-07 17:30:00+00:00
2024-11-11 10:58:18,568 - Short Sell 305.00 shares at 63.76 on 2024-11-07 17:45:00+00:00
2024-11-11 10:58:18,568 - Short Sell 307.00 shares at 63.38 on 2024-11-07 18:00:00+00:00
2024-11-11 10:58:18,568 - Short Sell 306.00 shares at 63.57 on 2024-11-07 18:15:00+00:00
2024-11-11 10:58:18,568 - Short Sell 305.00 shares at 63.75 on 2024-11-07 18:30:00+00:00
2024-11-11 10:58:18,568 - Short Sell 305.00 shares at 63.77 on 2024-11-07 18:45:00+00:00
2024-11-11 10:58:18,568 - Short Sell 305.00 shares at 63.77 on 2024-11-07 19:00:00+00:00
2024-11-11 10:58:18,568 - Short Sell 305.00 shares at 63.8 on 2024-11-07 19:15:00+00:00
2024-11-11 10:58:18,568 - Short Sell 305.00 shares at 63.84 on 2024-11-07 19:30:00+00:00
2024-11-11 10:58:18,568 - Short Sell 304.00 shares at 63.9 on 2024-11-07 19:45:00+00:00
2024-11-11 10:58:18,568 - Short Sell 304.00 shares at 63.89 on 2024-11-07 20:00:00+00:00
2024-11-11 10:58:18,568 - Short Sell 304.00 shares at 63.92 on 2024-11-07 20:15:00+00:00
2024-11-11 10:58:18,568 - Short Sell 303.00 shares at 64.06 on 2024-11-07 20:30:00+00:00
2024-11-11 10:58:18,568 - Buy to cover -7649.00 shares at 63.54 on 2024-11-07 20:45:00+00:00 (Exit: Signal, Profit: 579.3599999998479, Duration: 375.0 minutes)
2024-11-11 10:58:18,568 - Long Buy 317.00 shares at 61.4 on 2024-11-08 14:30:00+00:00
2024-11-11 10:58:18,568 - Long Buy 310.00 shares at 61.55 on 2024-11-08 14:45:00+00:00
2024-11-11 10:58:18,568 - Long Buy 304.00 shares at 61.63 on 2024-11-08 15:00:00+00:00
2024-11-11 10:58:18,568 - Long Buy 301.00 shares at 60.94 on 2024-11-08 15:15:00+00:00
2024-11-11 10:58:18,569 - Long Buy 291.00 shares at 61.78 on 2024-11-08 15:30:00+00:00
2024-11-11 10:58:18,569 - Long Buy 286.00 shares at 61.69 on 2024-11-08 15:45:00+00:00
2024-11-11 10:58:18,569 - Long Buy 279.00 shares at 61.82 on 2024-11-08 16:00:00+00:00
2024-11-11 10:58:18,569 - Long Buy 275.00 shares at 61.52 on 2024-11-08 16:15:00+00:00
2024-11-11 10:58:18,569 - Long Buy 271.00 shares at 61.23 on 2024-11-08 16:30:00+00:00
2024-11-11 10:58:18,569 - Long Buy 265.00 shares at 61.4 on 2024-11-08 16:45:00+00:00
2024-11-11 10:58:18,569 - Long Buy 259.00 shares at 61.46 on 2024-11-08 17:00:00+00:00
2024-11-11 10:58:18,569 - Long Buy 253.00 shares at 61.8 on 2024-11-08 17:15:00+00:00
2024-11-11 10:58:18,569 - Long Buy 248.00 shares at 61.57 on 2024-11-08 17:30:00+00:00
2024-11-11 10:58:18,569 - Long Buy 243.00 shares at 61.64 on 2024-11-08 17:45:00+00:00
2024-11-11 10:58:18,569 - Long Buy 239.00 shares at 61.57 on 2024-11-08 18:00:00+00:00
2024-11-11 10:58:18,569 - Long Buy 233.00 shares at 61.67 on 2024-11-08 18:15:00+00:00
2024-11-11 10:58:18,569 - Long Buy 229.00 shares at 61.68 on 2024-11-08 18:30:00+00:00
2024-11-11 10:58:18,569 - Long Buy 223.00 shares at 61.89 on 2024-11-08 18:45:00+00:00
2024-11-11 10:58:18,569 - Long Buy 220.00 shares at 61.47 on 2024-11-08 19:00:00+00:00
2024-11-11 10:58:18,569 - Long Buy 216.00 shares at 61.49 on 2024-11-08 19:15:00+00:00
2024-11-11 10:58:18,569 - Long Buy 211.00 shares at 61.59 on 2024-11-08 19:30:00+00:00
2024-11-11 10:58:18,569 - Long Buy 207.00 shares at 61.53 on 2024-11-08 19:45:00+00:00
2024-11-11 10:58:18,569 - Long Buy 203.00 shares at 61.6 on 2024-11-08 20:00:00+00:00
2024-11-11 10:58:18,569 - Long Buy 199.00 shares at 61.57 on 2024-11-08 20:15:00+00:00
2024-11-11 10:58:18,569 - Sell to close 6082.00 shares at 61.6 on 2024-11-08 20:30:00+00:00 (Exit: Signal, Profit: 270.390000000074, Duration: 360.0 minutes)
2024-11-11 10:58:18,569 - Long Buy 318.00 shares at 61.4 on 2024-11-08 20:45:00+00:00
2024-11-11 10:58:18,570 - Holding 318.0 shares as an open position at the end with unrealized return: -1.1572357259936483e-16, Duration: 0.0 minutes
2024-11-11 10:58:18,572 - Final statisticsStock: DLTR, 
total_trades: 39, 
winning_trades: 26, 
losing_trades: 13, 
average_return: 0.00015886721359339122, 
average_duration: 818.4615384615385, 
final_balance: 956869.8899999997, 
final_portfolio_value: 976395.0899999996, 
sharpe_ratio: 11.28575334810798, 



