2024-11-10 21:07:04,864 - Starting GBMStrategy with initial capital: 1000000
2024-11-10 21:07:04,864 - Hyperparameters: {'threshold': 0.5, 'time_periods': 15, 'num_simulations': 150}
2024-11-10 21:14:41,916 - Short Sell 288.00 shares at 69.29 on 2024-10-10 17:15:00+00:00
2024-11-10 21:14:41,917 - Short Sell 288.00 shares at 69.33 on 2024-10-10 17:30:00+00:00
2024-11-10 21:14:41,918 - Buy to cover -576.00 shares at 69.11 on 2024-10-10 17:45:00+00:00 (Exit: Signal, Profit: 115.20000000000164, Duration: 30.0 minutes)
2024-11-10 21:14:41,918 - Long Buy 289.00 shares at 69.05 on 2024-10-10 18:00:00+00:00
2024-11-10 21:14:41,918 - Long Buy 283.00 shares at 69.09 on 2024-10-10 18:15:00+00:00
2024-11-10 21:14:41,918 - Long Buy 278.00 shares at 69.06 on 2024-10-10 18:30:00+00:00
2024-11-10 21:14:41,918 - Long Buy 272.00 shares at 69.03 on 2024-10-10 18:45:00+00:00
2024-11-10 21:14:41,918 - Long Buy 267.00 shares at 69.08 on 2024-10-10 19:00:00+00:00
2024-11-10 21:14:41,918 - Long Buy 261.00 shares at 69.06 on 2024-10-10 19:15:00+00:00
2024-11-10 21:14:41,918 - Long Buy 256.00 shares at 68.99 on 2024-10-10 19:30:00+00:00
2024-11-10 21:14:41,918 - Sell to close 1906.00 shares at 69.35 on 2024-10-10 19:45:00+00:00 (Exit: Signal, Profit: 567.8799999999885, Duration: 105.0 minutes)
2024-11-10 21:14:41,918 - Short Sell 288.00 shares at 69.48 on 2024-10-11 13:30:00+00:00
2024-11-10 21:14:41,918 - Short Sell 288.00 shares at 69.34 on 2024-10-11 13:45:00+00:00
2024-11-10 21:14:41,918 - Short Sell 287.00 shares at 69.71 on 2024-10-11 14:00:00+00:00
2024-11-10 21:14:41,918 - Short Sell 287.00 shares at 69.68 on 2024-10-11 14:15:00+00:00
2024-11-10 21:14:41,918 - Short Sell 286.00 shares at 69.79 on 2024-10-11 14:30:00+00:00
2024-11-10 21:14:41,918 - Short Sell 286.00 shares at 69.84 on 2024-10-11 14:45:00+00:00
2024-11-10 21:14:41,918 - Short Sell 286.00 shares at 69.79 on 2024-10-11 15:00:00+00:00
2024-11-10 21:14:41,919 - Buy to cover -2008.00 shares at 69.41 on 2024-10-11 15:15:00+00:00 (Exit: Signal, Profit: 503.9300000000379, Duration: 105.0 minutes)
2024-11-10 21:14:41,919 - Long Buy 288.00 shares at 69.4 on 2024-10-11 15:30:00+00:00
2024-11-10 21:14:41,919 - Long Buy 282.00 shares at 69.47 on 2024-10-11 15:45:00+00:00
2024-11-10 21:14:41,919 - Long Buy 276.00 shares at 69.59 on 2024-10-11 16:00:00+00:00
2024-11-10 21:14:41,919 - Long Buy 271.00 shares at 69.45 on 2024-10-11 16:15:00+00:00
2024-11-10 21:14:41,919 - Long Buy 266.00 shares at 69.42 on 2024-10-11 16:30:00+00:00
2024-11-10 21:14:41,919 - Long Buy 260.00 shares at 69.45 on 2024-10-11 16:45:00+00:00
2024-11-10 21:14:41,919 - Long Buy 255.00 shares at 69.48 on 2024-10-11 17:00:00+00:00
2024-11-10 21:14:41,919 - Long Buy 250.00 shares at 69.5 on 2024-10-11 17:15:00+00:00
2024-11-10 21:14:41,919 - Long Buy 246.00 shares at 69.13 on 2024-10-11 17:30:00+00:00
2024-11-10 21:14:41,919 - Long Buy 241.00 shares at 69.16 on 2024-10-11 17:45:00+00:00
2024-11-10 21:14:41,919 - Long Buy 236.00 shares at 69.28 on 2024-10-11 18:00:00+00:00
2024-11-10 21:14:41,919 - Sell to close 2871.00 shares at 69.38 on 2024-10-11 18:15:00+00:00 (Exit: Signal, Profit: -54.289999999953906, Duration: 165.0 minutes)
2024-11-10 21:14:41,919 - Short Sell 288.00 shares at 69.47 on 2024-10-11 18:30:00+00:00
2024-11-10 21:14:41,919 - Short Sell 288.00 shares at 69.43 on 2024-10-11 18:45:00+00:00
2024-11-10 21:14:41,919 - Buy to cover -576.00 shares at 69.17 on 2024-10-11 19:15:00+00:00 (Exit: Signal, Profit: 161.28000000000065, Duration: 45.0 minutes)
2024-11-10 21:14:41,919 - Long Buy 290.00 shares at 68.88 on 2024-10-11 19:30:00+00:00
2024-11-10 21:14:41,919 - Long Buy 284.00 shares at 68.93 on 2024-10-11 19:45:00+00:00
2024-11-10 21:14:41,919 - Long Buy 282.00 shares at 68.18 on 2024-10-14 13:30:00+00:00
2024-11-10 21:14:41,919 - Long Buy 276.00 shares at 68.11 on 2024-10-14 13:45:00+00:00
2024-11-10 21:14:41,920 - Long Buy 269.00 shares at 68.47 on 2024-10-14 14:00:00+00:00
2024-11-10 21:14:41,920 - Long Buy 264.00 shares at 68.33 on 2024-10-14 14:15:00+00:00
2024-11-10 21:14:41,920 - Long Buy 261.00 shares at 67.97 on 2024-10-14 14:30:00+00:00
2024-11-10 21:14:41,920 - Long Buy 255.00 shares at 68.03 on 2024-10-14 14:45:00+00:00
2024-11-10 21:14:41,920 - Long Buy 250.00 shares at 68.14 on 2024-10-14 15:00:00+00:00
2024-11-10 21:14:41,920 - Long Buy 245.00 shares at 68.09 on 2024-10-14 15:15:00+00:00
2024-11-10 21:14:41,920 - Sell to close 2676.00 shares at 68.26 on 2024-10-14 15:30:00+00:00 (Exit: Signal, Profit: -175.09999999996063, Duration: 4080.0 minutes)
2024-11-10 21:14:41,920 - Long Buy 294.00 shares at 68.0 on 2024-10-14 16:15:00+00:00
2024-11-10 21:14:41,920 - Long Buy 288.00 shares at 67.91 on 2024-10-14 16:30:00+00:00
2024-11-10 21:14:41,920 - Long Buy 283.00 shares at 67.86 on 2024-10-14 16:45:00+00:00
2024-11-10 21:14:41,920 - Long Buy 277.00 shares at 67.81 on 2024-10-14 17:00:00+00:00
2024-11-10 21:14:41,920 - Long Buy 272.00 shares at 67.77 on 2024-10-14 17:15:00+00:00
2024-11-10 21:14:41,920 - Long Buy 267.00 shares at 67.8 on 2024-10-14 17:30:00+00:00
2024-11-10 21:14:41,920 - Long Buy 261.00 shares at 67.8 on 2024-10-14 17:45:00+00:00
2024-11-10 21:14:41,920 - Long Buy 256.00 shares at 67.84 on 2024-10-14 18:00:00+00:00
2024-11-10 21:14:41,920 - Long Buy 251.00 shares at 67.78 on 2024-10-14 18:15:00+00:00
2024-11-10 21:14:41,920 - Long Buy 246.00 shares at 67.67 on 2024-10-14 18:30:00+00:00
2024-11-10 21:14:41,920 - Long Buy 242.00 shares at 67.48 on 2024-10-14 18:45:00+00:00
2024-11-10 21:14:41,920 - Long Buy 238.00 shares at 67.39 on 2024-10-14 19:00:00+00:00
2024-11-10 21:14:41,920 - Long Buy 233.00 shares at 67.35 on 2024-10-14 19:15:00+00:00
2024-11-10 21:14:41,920 - Long Buy 229.00 shares at 67.0 on 2024-10-14 19:30:00+00:00
2024-11-10 21:14:41,920 - Long Buy 226.00 shares at 66.8 on 2024-10-14 19:45:00+00:00
2024-11-10 21:14:41,920 - Sell to close 3863.00 shares at 67.58 on 2024-10-15 13:30:00+00:00 (Exit: Signal, Profit: -236.10000000000332, Duration: 1275.0 minutes)
2024-11-10 21:14:41,921 - Short Sell 295.00 shares at 67.82 on 2024-10-15 13:45:00+00:00
2024-11-10 21:14:41,921 - Short Sell 294.00 shares at 68.04 on 2024-10-15 14:00:00+00:00
2024-11-10 21:14:41,921 - Short Sell 292.00 shares at 68.41 on 2024-10-15 14:15:00+00:00
2024-11-10 21:14:41,921 - Short Sell 293.00 shares at 68.09 on 2024-10-15 14:30:00+00:00
2024-11-10 21:14:41,921 - Short Sell 292.00 shares at 68.39 on 2024-10-15 14:45:00+00:00
2024-11-10 21:14:41,921 - Short Sell 292.00 shares at 68.36 on 2024-10-15 15:00:00+00:00
2024-11-10 21:14:41,921 - Short Sell 292.00 shares at 68.49 on 2024-10-15 15:15:00+00:00
2024-11-10 21:14:41,921 - Short Sell 292.00 shares at 68.46 on 2024-10-15 15:30:00+00:00
2024-11-10 21:14:41,921 - Short Sell 294.00 shares at 67.99 on 2024-10-15 15:45:00+00:00
2024-11-10 21:14:41,921 - Short Sell 293.00 shares at 68.2 on 2024-10-15 16:00:00+00:00
2024-11-10 21:14:41,921 - Short Sell 293.00 shares at 68.3 on 2024-10-15 16:15:00+00:00
2024-11-10 21:14:41,921 - Buy to cover -3222.00 shares at 68.01 on 2024-10-15 16:30:00+00:00 (Exit: Signal, Profit: 712.4899999999888, Duration: 165.0 minutes)
2024-11-10 21:14:41,921 - Long Buy 295.00 shares at 67.78 on 2024-10-15 16:45:00+00:00
2024-11-10 21:14:41,921 - Long Buy 290.00 shares at 67.54 on 2024-10-15 17:00:00+00:00
2024-11-10 21:14:41,921 - Long Buy 284.00 shares at 67.56 on 2024-10-15 17:15:00+00:00
2024-11-10 21:14:41,921 - Long Buy 279.00 shares at 67.57 on 2024-10-15 17:30:00+00:00
2024-11-10 21:14:41,921 - Long Buy 274.00 shares at 67.37 on 2024-10-15 17:45:00+00:00
2024-11-10 21:14:41,921 - Long Buy 268.00 shares at 67.37 on 2024-10-15 18:00:00+00:00
2024-11-10 21:14:41,921 - Long Buy 263.00 shares at 67.25 on 2024-10-15 18:15:00+00:00
2024-11-10 21:14:41,921 - Long Buy 258.00 shares at 67.39 on 2024-10-15 18:30:00+00:00
2024-11-10 21:14:41,921 - Long Buy 252.00 shares at 67.45 on 2024-10-15 18:45:00+00:00
2024-11-10 21:14:41,921 - Long Buy 248.00 shares at 67.3 on 2024-10-15 19:00:00+00:00
2024-11-10 21:14:41,921 - Long Buy 242.00 shares at 67.44 on 2024-10-15 19:15:00+00:00
2024-11-10 21:14:41,921 - Long Buy 237.00 shares at 67.48 on 2024-10-15 19:30:00+00:00
2024-11-10 21:14:41,921 - Long Buy 232.00 shares at 67.76 on 2024-10-15 19:45:00+00:00
2024-11-10 21:14:41,922 - Long Buy 226.00 shares at 67.94 on 2024-10-16 13:30:00+00:00
2024-11-10 21:14:41,922 - Long Buy 222.00 shares at 67.82 on 2024-10-16 13:45:00+00:00
2024-11-10 21:14:41,922 - Long Buy 218.00 shares at 67.67 on 2024-10-16 14:00:00+00:00
2024-11-10 21:14:41,922 - Long Buy 214.00 shares at 67.7 on 2024-10-16 14:15:00+00:00
2024-11-10 21:14:41,922 - Long Buy 209.00 shares at 67.84 on 2024-10-16 14:30:00+00:00
2024-11-10 21:14:41,922 - Long Buy 205.00 shares at 67.83 on 2024-10-16 14:45:00+00:00
2024-11-10 21:14:41,922 - Sell to close 4716.00 shares at 68.01 on 2024-10-16 15:00:00+00:00 (Exit: Signal, Profit: 2071.0699999999697, Duration: 1335.0 minutes)
2024-11-10 21:14:41,922 - Long Buy 295.00 shares at 67.87 on 2024-10-16 15:15:00+00:00
2024-11-10 21:14:41,922 - Sell to close 295.00 shares at 68.15 on 2024-10-16 15:30:00+00:00 (Exit: Signal, Profit: 82.60000000000034, Duration: 15.0 minutes)
2024-11-10 21:14:41,922 - Short Sell 294.00 shares at 68.17 on 2024-10-16 15:45:00+00:00
2024-11-10 21:14:41,922 - Short Sell 292.00 shares at 68.54 on 2024-10-16 16:00:00+00:00
2024-11-10 21:14:41,922 - Short Sell 292.00 shares at 68.53 on 2024-10-16 16:15:00+00:00
2024-11-10 21:14:41,922 - Short Sell 291.00 shares at 68.74 on 2024-10-16 16:30:00+00:00
2024-11-10 21:14:41,922 - Short Sell 291.00 shares at 68.94 on 2024-10-16 16:45:00+00:00
2024-11-10 21:14:41,922 - Short Sell 291.00 shares at 68.89 on 2024-10-16 17:00:00+00:00
2024-11-10 21:14:41,922 - Short Sell 291.00 shares at 68.82 on 2024-10-16 17:15:00+00:00
2024-11-10 21:14:41,922 - Buy to cover -2042.00 shares at 68.8 on 2024-10-16 17:30:00+00:00 (Exit: Signal, Profit: -284.68999999999016, Duration: 105.0 minutes)
2024-11-10 21:14:41,922 - Long Buy 291.00 shares at 68.78 on 2024-10-16 17:45:00+00:00
2024-11-10 21:14:41,922 - Sell to close 291.00 shares at 69.12 on 2024-10-16 18:00:00+00:00 (Exit: Signal, Profit: 98.94000000000099, Duration: 15.0 minutes)
2024-11-10 21:14:41,922 - Short Sell 291.00 shares at 68.94 on 2024-10-16 18:15:00+00:00
2024-11-10 21:14:41,923 - Buy to cover -291.00 shares at 68.77 on 2024-10-16 18:30:00+00:00 (Exit: Signal, Profit: 49.470000000000496, Duration: 15.0 minutes)
2024-11-10 21:14:41,923 - Long Buy 292.00 shares at 68.73 on 2024-10-16 18:45:00+00:00
2024-11-10 21:14:41,923 - Long Buy 287.00 shares at 68.36 on 2024-10-16 19:00:00+00:00
2024-11-10 21:14:41,923 - Long Buy 282.00 shares at 68.22 on 2024-10-16 19:15:00+00:00
2024-11-10 21:14:41,923 - Long Buy 276.00 shares at 68.35 on 2024-10-16 19:30:00+00:00
2024-11-10 21:14:41,923 - Long Buy 272.00 shares at 68.02 on 2024-10-16 19:45:00+00:00
2024-11-10 21:14:41,923 - Long Buy 267.00 shares at 67.82 on 2024-10-17 13:30:00+00:00
2024-11-10 21:14:41,923 - Long Buy 261.00 shares at 68.03 on 2024-10-17 13:45:00+00:00
2024-11-10 21:14:41,923 - Long Buy 257.00 shares at 67.64 on 2024-10-17 14:00:00+00:00
2024-11-10 21:14:41,923 - Long Buy 253.00 shares at 67.45 on 2024-10-17 14:15:00+00:00
2024-11-10 21:14:41,923 - Sell to close 2447.00 shares at 67.35 on 2024-10-17 14:30:00+00:00 (Exit: Stop_loss, Profit: -1799.210000000062, Duration: 1185.0 minutes)
2024-11-10 21:14:41,923 - Long Buy 297.00 shares at 67.26 on 2024-10-17 14:45:00+00:00
2024-11-10 21:14:41,923 - Long Buy 291.00 shares at 67.26 on 2024-10-17 15:00:00+00:00
2024-11-10 21:14:41,923 - Long Buy 286.00 shares at 67.17 on 2024-10-17 15:15:00+00:00
2024-11-10 21:14:41,923 - Sell to close 874.00 shares at 67.4 on 2024-10-17 15:45:00+00:00 (Exit: Signal, Profit: 148.10000000000923, Duration: 60.0 minutes)
2024-11-10 21:14:41,923 - Long Buy 298.00 shares at 67.21 on 2024-10-17 16:00:00+00:00
2024-11-10 21:14:41,923 - Long Buy 292.00 shares at 67.25 on 2024-10-17 16:15:00+00:00
2024-11-10 21:14:41,923 - Long Buy 286.00 shares at 67.23 on 2024-10-17 17:00:00+00:00
2024-11-10 21:14:41,923 - Long Buy 280.00 shares at 67.26 on 2024-10-17 17:15:00+00:00
2024-11-10 21:14:41,923 - Sell to close 1156.00 shares at 67.7 on 2024-10-17 17:30:00+00:00 (Exit: Signal, Profit: 535.0399999999811, Duration: 90.0 minutes)
2024-11-10 21:14:41,924 - Short Sell 296.00 shares at 67.7 on 2024-10-17 17:45:00+00:00
2024-11-10 21:14:41,924 - Short Sell 296.00 shares at 67.52 on 2024-10-17 18:00:00+00:00
2024-11-10 21:14:41,924 - Buy to cover -592.00 shares at 67.39 on 2024-10-17 18:30:00+00:00 (Exit: Signal, Profit: 130.2399999999909, Duration: 45.0 minutes)
2024-11-10 21:14:41,924 - Short Sell 297.00 shares at 67.45 on 2024-10-17 19:00:00+00:00
2024-11-10 21:14:41,924 - Short Sell 296.00 shares at 67.58 on 2024-10-17 19:15:00+00:00
2024-11-10 21:14:41,924 - Short Sell 296.00 shares at 67.67 on 2024-10-17 19:30:00+00:00
2024-11-10 21:14:41,924 - Short Sell 295.00 shares at 67.86 on 2024-10-17 19:45:00+00:00
2024-11-10 21:14:41,924 - Short Sell 293.00 shares at 68.21 on 2024-10-18 13:30:00+00:00
2024-11-10 21:14:41,924 - Short Sell 295.00 shares at 67.89 on 2024-10-18 13:45:00+00:00
2024-11-10 21:14:41,924 - Short Sell 296.00 shares at 67.67 on 2024-10-18 14:00:00+00:00
2024-11-10 21:14:41,924 - Short Sell 296.00 shares at 67.74 on 2024-10-18 14:15:00+00:00
2024-11-10 21:14:41,924 - Short Sell 297.00 shares at 67.47 on 2024-10-18 14:30:00+00:00
2024-11-10 21:14:41,924 - Short Sell 295.00 shares at 67.85 on 2024-10-18 14:45:00+00:00
2024-11-10 21:14:41,924 - Short Sell 296.00 shares at 67.62 on 2024-10-18 15:00:00+00:00
2024-11-10 21:14:41,924 - Short Sell 295.00 shares at 67.76 on 2024-10-18 15:15:00+00:00
2024-11-10 21:14:41,924 - Short Sell 295.00 shares at 67.81 on 2024-10-18 15:30:00+00:00
2024-11-10 21:14:41,924 - Buy to cover -3842.00 shares at 67.76 on 2024-10-18 15:45:00+00:00 (Exit: Signal, Profit: -91.11999999997704, Duration: 1245.0 minutes)
2024-11-10 21:14:41,924 - Long Buy 295.00 shares at 67.77 on 2024-10-18 16:00:00+00:00
2024-11-10 21:14:41,924 - Sell to close 295.00 shares at 67.99 on 2024-10-18 16:15:00+00:00 (Exit: Signal, Profit: 64.89999999999966, Duration: 15.0 minutes)
2024-11-10 21:14:41,924 - Long Buy 295.00 shares at 67.76 on 2024-10-18 16:30:00+00:00
2024-11-10 21:14:41,924 - Long Buy 289.00 shares at 67.77 on 2024-10-18 16:45:00+00:00
2024-11-10 21:14:41,925 - Long Buy 284.00 shares at 67.71 on 2024-10-18 17:00:00+00:00
2024-11-10 21:14:41,925 - Long Buy 278.00 shares at 67.75 on 2024-10-18 17:45:00+00:00
2024-11-10 21:14:41,925 - Sell to close 1146.00 shares at 68.09 on 2024-10-18 19:00:00+00:00 (Exit: Signal, Profit: 392.27000000001385, Duration: 150.0 minutes)
2024-11-10 21:14:41,925 - Short Sell 294.00 shares at 68.06 on 2024-10-18 19:15:00+00:00
2024-11-10 21:14:41,925 - Short Sell 294.00 shares at 68.17 on 2024-10-18 19:30:00+00:00
2024-11-10 21:14:41,925 - Short Sell 294.00 shares at 68.22 on 2024-10-18 19:45:00+00:00
2024-11-10 21:14:41,925 - Buy to cover -882.00 shares at 68.03 on 2024-10-21 13:30:00+00:00 (Exit: Signal, Profit: 105.83999999999148, Duration: 3975.0 minutes)
2024-11-10 21:14:41,925 - Long Buy 296.00 shares at 67.69 on 2024-10-21 13:45:00+00:00
2024-11-10 21:14:41,925 - Long Buy 291.00 shares at 67.4 on 2024-10-21 14:00:00+00:00
2024-11-10 21:14:41,925 - Long Buy 285.00 shares at 67.5 on 2024-10-21 14:15:00+00:00
2024-11-10 21:14:41,925 - Long Buy 279.00 shares at 67.59 on 2024-10-21 14:30:00+00:00
2024-11-10 21:14:41,925 - Long Buy 275.00 shares at 67.2 on 2024-10-21 14:45:00+00:00
2024-11-10 21:14:41,925 - Long Buy 268.00 shares at 67.49 on 2024-10-21 15:00:00+00:00
2024-11-10 21:14:41,925 - Long Buy 264.00 shares at 67.1 on 2024-10-21 15:15:00+00:00
2024-11-10 21:14:41,925 - Long Buy 259.00 shares at 67.03 on 2024-10-21 15:30:00+00:00
2024-11-10 21:14:41,925 - Long Buy 254.00 shares at 67.18 on 2024-10-21 15:45:00+00:00
2024-11-10 21:14:41,925 - Long Buy 248.00 shares at 67.3 on 2024-10-21 16:00:00+00:00
2024-11-10 21:14:41,925 - Long Buy 243.00 shares at 67.22 on 2024-10-21 16:15:00+00:00
2024-11-10 21:14:41,925 - Long Buy 238.00 shares at 67.25 on 2024-10-21 16:30:00+00:00
2024-11-10 21:14:41,925 - Sell to close 3200.00 shares at 67.51 on 2024-10-21 16:45:00+00:00 (Exit: Signal, Profit: 550.6800000000567, Duration: 180.0 minutes)
2024-11-10 21:14:41,926 - Short Sell 297.00 shares at 67.54 on 2024-10-21 17:00:00+00:00
2024-11-10 21:14:41,926 - Short Sell 296.00 shares at 67.69 on 2024-10-21 17:15:00+00:00
2024-11-10 21:14:41,926 - Short Sell 297.00 shares at 67.56 on 2024-10-21 17:30:00+00:00
2024-11-10 21:14:41,926 - Short Sell 297.00 shares at 67.48 on 2024-10-21 17:45:00+00:00
2024-11-10 21:14:41,926 - Short Sell 298.00 shares at 67.37 on 2024-10-21 19:00:00+00:00
2024-11-10 21:14:41,926 - Short Sell 297.00 shares at 67.44 on 2024-10-21 19:15:00+00:00
2024-11-10 21:14:41,926 - Short Sell 297.00 shares at 67.44 on 2024-10-21 19:30:00+00:00
2024-11-10 21:14:41,926 - Buy to cover -2079.00 shares at 66.95 on 2024-10-22 13:30:00+00:00 (Exit: Signal, Profit: 1149.0699999999547, Duration: 1230.0 minutes)
2024-11-10 21:14:41,926 - Long Buy 299.00 shares at 67.01 on 2024-10-22 13:45:00+00:00
2024-11-10 21:14:41,926 - Long Buy 294.00 shares at 66.93 on 2024-10-22 14:00:00+00:00
2024-11-10 21:14:41,926 - Long Buy 288.00 shares at 66.82 on 2024-10-22 14:15:00+00:00
2024-11-10 21:14:41,926 - Long Buy 283.00 shares at 66.81 on 2024-10-22 14:30:00+00:00
2024-11-10 21:14:41,926 - Long Buy 278.00 shares at 66.51 on 2024-10-22 14:45:00+00:00
2024-11-10 21:14:41,926 - Long Buy 275.00 shares at 66.05 on 2024-10-22 15:00:00+00:00
2024-11-10 21:14:41,926 - Sell to close 1717.00 shares at 65.63 on 2024-10-22 15:15:00+00:00 (Exit: Stop_loss, Profit: -1831.620000000003, Duration: 90.0 minutes)
2024-11-10 21:14:41,926 - Long Buy 305.00 shares at 65.66 on 2024-10-22 15:30:00+00:00
2024-11-10 21:14:41,926 - Long Buy 301.00 shares at 65.17 on 2024-10-22 15:45:00+00:00
2024-11-10 21:14:41,926 - Long Buy 295.00 shares at 65.2 on 2024-10-22 16:00:00+00:00
2024-11-10 21:14:41,926 - Long Buy 289.00 shares at 65.24 on 2024-10-22 16:15:00+00:00
2024-11-10 21:14:41,926 - Long Buy 283.00 shares at 65.36 on 2024-10-22 16:30:00+00:00
2024-11-10 21:14:41,926 - Long Buy 277.00 shares at 65.38 on 2024-10-22 16:45:00+00:00
2024-11-10 21:14:41,926 - Long Buy 271.00 shares at 65.56 on 2024-10-22 17:00:00+00:00
2024-11-10 21:14:41,927 - Long Buy 265.00 shares at 65.58 on 2024-10-22 17:15:00+00:00
2024-11-10 21:14:41,927 - Long Buy 258.00 shares at 65.92 on 2024-10-22 17:30:00+00:00
2024-11-10 21:14:41,927 - Long Buy 253.00 shares at 65.87 on 2024-10-22 17:45:00+00:00
2024-11-10 21:14:41,927 - Long Buy 248.00 shares at 65.87 on 2024-10-22 18:00:00+00:00
2024-11-10 21:14:41,927 - Sell to close 3045.00 shares at 66.11 on 2024-10-22 18:15:00+00:00 (Exit: Signal, Profit: 1813.2900000000036, Duration: 165.0 minutes)
2024-11-10 21:14:41,927 - Short Sell 304.00 shares at 66.0 on 2024-10-22 18:30:00+00:00
2024-11-10 21:14:41,927 - Short Sell 304.00 shares at 66.03 on 2024-10-22 18:45:00+00:00
2024-11-10 21:14:41,927 - Short Sell 304.00 shares at 66.09 on 2024-10-22 19:00:00+00:00
2024-11-10 21:14:41,927 - Short Sell 304.00 shares at 66.03 on 2024-10-22 19:15:00+00:00
2024-11-10 21:14:41,927 - Short Sell 303.00 shares at 66.24 on 2024-10-22 19:30:00+00:00
2024-11-10 21:14:41,927 - Short Sell 299.00 shares at 66.95 on 2024-10-22 19:45:00+00:00
2024-11-10 21:14:41,927 - Short Sell 303.00 shares at 66.3 on 2024-10-23 13:30:00+00:00
2024-11-10 21:14:41,927 - Short Sell 303.00 shares at 66.29 on 2024-10-23 13:45:00+00:00
2024-11-10 21:14:41,927 - Short Sell 303.00 shares at 66.31 on 2024-10-23 14:00:00+00:00
2024-11-10 21:14:41,927 - Buy to cover -2727.00 shares at 65.83 on 2024-10-23 14:30:00+00:00 (Exit: Signal, Profit: 1138.6600000000035, Duration: 1200.0 minutes)
2024-11-10 21:14:41,927 - Short Sell 304.00 shares at 66.0 on 2024-10-23 15:00:00+00:00
2024-11-10 21:14:41,927 - Short Sell 302.00 shares at 66.4 on 2024-10-23 15:15:00+00:00
2024-11-10 21:14:41,927 - Short Sell 301.00 shares at 66.65 on 2024-10-23 15:30:00+00:00
2024-11-10 21:14:41,927 - Short Sell 301.00 shares at 66.77 on 2024-10-23 15:45:00+00:00
2024-11-10 21:14:41,927 - Short Sell 302.00 shares at 66.5 on 2024-10-23 16:00:00+00:00
2024-11-10 21:14:41,927 - Short Sell 300.00 shares at 66.81 on 2024-10-23 16:15:00+00:00
2024-11-10 21:14:41,927 - Short Sell 301.00 shares at 66.63 on 2024-10-23 16:30:00+00:00
2024-11-10 21:14:41,928 - Short Sell 301.00 shares at 66.7 on 2024-10-23 16:45:00+00:00
2024-11-10 21:14:41,928 - Short Sell 303.00 shares at 66.37 on 2024-10-23 17:00:00+00:00
2024-11-10 21:14:41,928 - Short Sell 303.00 shares at 66.36 on 2024-10-23 17:15:00+00:00
2024-11-10 21:14:41,928 - Short Sell 304.00 shares at 66.19 on 2024-10-23 17:30:00+00:00
2024-11-10 21:14:41,928 - Short Sell 304.00 shares at 66.14 on 2024-10-23 17:45:00+00:00
2024-11-10 21:14:41,928 - Buy to cover -3626.00 shares at 65.79 on 2024-10-23 18:00:00+00:00 (Exit: Signal, Profit: 2425.5199999999672, Duration: 180.0 minutes)
2024-11-10 21:14:41,928 - Short Sell 305.00 shares at 66.0 on 2024-10-23 18:15:00+00:00
2024-11-10 21:14:41,928 - Buy to cover -305.00 shares at 65.75 on 2024-10-23 18:45:00+00:00 (Exit: Signal, Profit: 76.25, Duration: 30.0 minutes)
2024-11-10 21:14:41,928 - Long Buy 306.00 shares at 65.78 on 2024-10-23 19:00:00+00:00
2024-11-10 21:14:41,928 - Long Buy 300.00 shares at 65.77 on 2024-10-23 19:15:00+00:00
2024-11-10 21:14:41,928 - Sell to close 606.00 shares at 66.02 on 2024-10-23 19:30:00+00:00 (Exit: Signal, Profit: 148.4399999999934, Duration: 30.0 minutes)
2024-11-10 21:14:41,928 - Short Sell 304.00 shares at 66.14 on 2024-10-23 19:45:00+00:00
2024-11-10 21:14:41,928 - Short Sell 303.00 shares at 66.51 on 2024-10-24 13:30:00+00:00
2024-11-10 21:14:41,928 - Short Sell 304.00 shares at 66.24 on 2024-10-24 13:45:00+00:00
2024-11-10 21:14:41,928 - Short Sell 305.00 shares at 66.13 on 2024-10-24 14:00:00+00:00
2024-11-10 21:14:41,928 - Short Sell 303.00 shares at 66.48 on 2024-10-24 14:15:00+00:00
2024-11-10 21:14:41,928 - Short Sell 304.00 shares at 66.3 on 2024-10-24 14:30:00+00:00
2024-11-10 21:14:41,928 - Short Sell 303.00 shares at 66.54 on 2024-10-24 14:45:00+00:00
2024-11-10 21:14:41,928 - Short Sell 302.00 shares at 66.56 on 2024-10-24 15:00:00+00:00
2024-11-10 21:14:41,928 - Short Sell 303.00 shares at 66.43 on 2024-10-24 15:15:00+00:00
2024-11-10 21:14:41,929 - Short Sell 303.00 shares at 66.52 on 2024-10-24 15:30:00+00:00
2024-11-10 21:14:41,929 - Short Sell 302.00 shares at 66.66 on 2024-10-24 15:45:00+00:00
2024-11-10 21:14:41,929 - Buy to cover -3336.00 shares at 66.59 on 2024-10-24 16:00:00+00:00 (Exit: Signal, Profit: -601.9899999999948, Duration: 1215.0 minutes)
2024-11-10 21:14:41,929 - Short Sell 301.00 shares at 66.84 on 2024-10-24 16:45:00+00:00
2024-11-10 21:14:41,929 - Buy to cover -301.00 shares at 66.49 on 2024-10-24 17:15:00+00:00 (Exit: Signal, Profit: 105.35000000000257, Duration: 30.0 minutes)
2024-11-10 21:14:41,929 - Long Buy 302.00 shares at 66.59 on 2024-10-24 17:30:00+00:00
2024-11-10 21:14:41,929 - Long Buy 296.00 shares at 66.57 on 2024-10-24 17:45:00+00:00
2024-11-10 21:14:41,929 - Long Buy 290.00 shares at 66.58 on 2024-10-24 18:00:00+00:00
2024-11-10 21:14:41,929 - Long Buy 285.00 shares at 66.5 on 2024-10-24 18:15:00+00:00
2024-11-10 21:14:41,929 - Long Buy 280.00 shares at 66.4 on 2024-10-24 18:30:00+00:00
2024-11-10 21:14:41,929 - Long Buy 273.00 shares at 66.54 on 2024-10-24 18:45:00+00:00
2024-11-10 21:14:41,929 - Sell to close 1726.00 shares at 66.76 on 2024-10-24 19:00:00+00:00 (Exit: Signal, Profit: 394.7400000000123, Duration: 90.0 minutes)
2024-11-10 21:14:41,929 - Short Sell 301.00 shares at 66.96 on 2024-10-24 19:45:00+00:00
2024-11-10 21:14:41,929 - Short Sell 301.00 shares at 66.9 on 2024-10-25 13:30:00+00:00
2024-11-10 21:14:41,930 - Short Sell 299.00 shares at 67.23 on 2024-10-25 13:45:00+00:00
2024-11-10 21:14:41,930 - Short Sell 298.00 shares at 67.45 on 2024-10-25 14:00:00+00:00
2024-11-10 21:14:41,930 - Short Sell 299.00 shares at 67.38 on 2024-10-25 14:15:00+00:00
2024-11-10 21:14:41,930 - Short Sell 300.00 shares at 67.11 on 2024-10-25 14:30:00+00:00
2024-11-10 21:14:41,930 - Short Sell 301.00 shares at 66.98 on 2024-10-25 15:30:00+00:00
2024-11-10 21:14:41,930 - Short Sell 300.00 shares at 67.09 on 2024-10-25 15:45:00+00:00
2024-11-10 21:14:41,930 - Short Sell 301.00 shares at 66.98 on 2024-10-25 16:00:00+00:00
2024-11-10 21:14:41,930 - Short Sell 300.00 shares at 67.16 on 2024-10-25 16:15:00+00:00
2024-11-10 21:14:41,930 - Short Sell 300.00 shares at 67.11 on 2024-10-25 16:30:00+00:00
2024-11-10 21:14:41,930 - Short Sell 301.00 shares at 66.95 on 2024-10-25 16:45:00+00:00
2024-11-10 21:14:41,930 - Short Sell 300.00 shares at 67.08 on 2024-10-25 17:00:00+00:00
2024-11-10 21:14:41,930 - Short Sell 300.00 shares at 67.03 on 2024-10-25 17:15:00+00:00
2024-11-10 21:14:41,930 - Short Sell 301.00 shares at 67.0 on 2024-10-25 17:30:00+00:00
2024-11-10 21:14:41,930 - Buy to cover -4502.00 shares at 66.85 on 2024-10-25 18:00:00+00:00 (Exit: Signal, Profit: 1096.5600000000818, Duration: 1335.0 minutes)
2024-11-10 21:14:41,930 - Long Buy 302.00 shares at 66.78 on 2024-10-25 18:30:00+00:00
2024-11-10 21:14:41,930 - Long Buy 296.00 shares at 66.72 on 2024-10-25 18:45:00+00:00
2024-11-10 21:14:41,930 - Long Buy 291.00 shares at 66.61 on 2024-10-25 19:00:00+00:00
2024-11-10 21:14:41,930 - Long Buy 286.00 shares at 66.28 on 2024-10-25 19:15:00+00:00
2024-11-10 21:14:41,930 - Long Buy 281.00 shares at 66.24 on 2024-10-25 19:30:00+00:00
2024-11-10 21:14:41,930 - Long Buy 274.00 shares at 66.44 on 2024-10-25 19:45:00+00:00
2024-11-10 21:14:41,930 - Long Buy 267.00 shares at 66.83 on 2024-10-28 13:30:00+00:00
2024-11-10 21:14:41,930 - Long Buy 263.00 shares at 66.47 on 2024-10-28 13:45:00+00:00
2024-11-10 21:14:41,930 - Long Buy 260.00 shares at 66.01 on 2024-10-28 14:00:00+00:00
2024-11-10 21:14:41,931 - Sell to close 2520.00 shares at 66.41 on 2024-10-28 14:15:00+00:00 (Exit: Signal, Profit: -208.89000000002284, Duration: 4065.0 minutes)
2024-11-10 21:14:41,931 - Short Sell 303.00 shares at 66.46 on 2024-10-28 14:30:00+00:00
2024-11-10 21:14:41,931 - Short Sell 303.00 shares at 66.44 on 2024-10-28 14:45:00+00:00
2024-11-10 21:14:41,931 - Short Sell 303.00 shares at 66.45 on 2024-10-28 15:00:00+00:00
2024-11-10 21:14:41,931 - Short Sell 304.00 shares at 66.31 on 2024-10-28 15:15:00+00:00
2024-11-10 21:14:41,931 - Short Sell 304.00 shares at 66.23 on 2024-10-28 15:30:00+00:00
2024-11-10 21:14:41,931 - Short Sell 305.00 shares at 66.18 on 2024-10-28 15:45:00+00:00
2024-11-10 21:14:41,931 - Short Sell 303.00 shares at 66.44 on 2024-10-28 16:00:00+00:00
2024-11-10 21:14:41,931 - Short Sell 303.00 shares at 66.45 on 2024-10-28 16:15:00+00:00
2024-11-10 21:14:41,931 - Short Sell 303.00 shares at 66.46 on 2024-10-28 16:30:00+00:00
2024-11-10 21:14:41,931 - Short Sell 303.00 shares at 66.41 on 2024-10-28 16:45:00+00:00
2024-11-10 21:14:41,931 - Short Sell 304.00 shares at 66.31 on 2024-10-28 17:00:00+00:00
2024-11-10 21:14:41,931 - Short Sell 304.00 shares at 66.37 on 2024-10-28 17:15:00+00:00
2024-11-10 21:14:41,931 - Short Sell 303.00 shares at 66.57 on 2024-10-28 17:30:00+00:00
2024-11-10 21:14:41,931 - Short Sell 302.00 shares at 66.59 on 2024-10-28 17:45:00+00:00
2024-11-10 21:14:41,931 - Buy to cover -4247.00 shares at 66.52 on 2024-10-28 18:00:00+00:00 (Exit: Signal, Profit: -489.4399999999007, Duration: 210.0 minutes)
2024-11-10 21:14:41,931 - Long Buy 303.00 shares at 66.41 on 2024-10-28 18:15:00+00:00
2024-11-10 21:14:41,931 - Long Buy 297.00 shares at 66.55 on 2024-10-28 18:30:00+00:00
2024-11-10 21:14:41,931 - Sell to close 600.00 shares at 66.89 on 2024-10-28 18:45:00+00:00 (Exit: Signal, Profit: 246.41999999999484, Duration: 30.0 minutes)
2024-11-10 21:14:41,931 - Short Sell 302.00 shares at 66.73 on 2024-10-28 19:00:00+00:00
2024-11-10 21:14:41,931 - Buy to cover -302.00 shares at 66.34 on 2024-10-28 19:15:00+00:00 (Exit: Signal, Profit: 117.78000000000017, Duration: 15.0 minutes)
2024-11-10 21:14:41,932 - Long Buy 304.00 shares at 66.23 on 2024-10-28 19:30:00+00:00
2024-11-10 21:14:41,932 - Long Buy 298.00 shares at 66.25 on 2024-10-28 19:45:00+00:00
2024-11-10 21:14:41,932 - Long Buy 296.00 shares at 65.41 on 2024-10-29 13:30:00+00:00
2024-11-10 21:14:41,932 - Long Buy 288.00 shares at 65.96 on 2024-10-29 13:45:00+00:00
2024-11-10 21:14:41,932 - Long Buy 281.00 shares at 66.16 on 2024-10-29 14:00:00+00:00
2024-11-10 21:14:41,932 - Long Buy 276.00 shares at 66.04 on 2024-10-29 14:15:00+00:00
2024-11-10 21:14:41,932 - Long Buy 270.00 shares at 66.05 on 2024-10-29 14:30:00+00:00
2024-11-10 21:14:41,932 - Long Buy 265.00 shares at 65.94 on 2024-10-29 14:45:00+00:00
2024-11-10 21:14:41,932 - Long Buy 260.00 shares at 66.03 on 2024-10-29 15:00:00+00:00
2024-11-10 21:14:41,932 - Long Buy 255.00 shares at 65.81 on 2024-10-29 15:15:00+00:00
2024-11-10 21:14:41,932 - Long Buy 251.00 shares at 65.67 on 2024-10-29 15:45:00+00:00
2024-11-10 21:14:41,932 - Long Buy 246.00 shares at 65.66 on 2024-10-29 16:00:00+00:00
2024-11-10 21:14:41,932 - Long Buy 241.00 shares at 65.5 on 2024-10-29 16:15:00+00:00
2024-11-10 21:14:41,932 - Long Buy 237.00 shares at 65.26 on 2024-10-29 16:30:00+00:00
2024-11-10 21:14:41,932 - Long Buy 233.00 shares at 65.16 on 2024-10-29 16:45:00+00:00
2024-11-10 21:14:41,932 - Long Buy 229.00 shares at 65.08 on 2024-10-29 17:00:00+00:00
2024-11-10 21:14:41,932 - Sell to close 4230.00 shares at 64.79 on 2024-10-29 17:15:00+00:00 (Exit: Stop_loss, Profit: -4220.760000000003, Duration: 1305.0 minutes)
2024-11-10 21:14:41,932 - Long Buy 309.00 shares at 64.92 on 2024-10-29 17:30:00+00:00
2024-11-10 21:14:41,932 - Long Buy 303.00 shares at 64.86 on 2024-10-29 17:45:00+00:00
2024-11-10 21:14:41,932 - Long Buy 298.00 shares at 64.59 on 2024-10-29 18:00:00+00:00
2024-11-10 21:14:41,932 - Long Buy 292.00 shares at 64.63 on 2024-10-29 18:15:00+00:00
2024-11-10 21:14:41,932 - Long Buy 286.00 shares at 64.64 on 2024-10-29 18:30:00+00:00
2024-11-10 21:14:41,932 - Long Buy 280.00 shares at 64.88 on 2024-10-29 18:45:00+00:00
2024-11-10 21:14:41,932 - Sell to close 1768.00 shares at 64.95 on 2024-10-29 19:00:00+00:00 (Exit: Signal, Profit: 345.5199999999834, Duration: 90.0 minutes)
2024-11-10 21:14:41,933 - Short Sell 309.00 shares at 64.98 on 2024-10-29 19:15:00+00:00
2024-11-10 21:14:41,933 - Buy to cover -309.00 shares at 64.66 on 2024-10-29 19:30:00+00:00 (Exit: Signal, Profit: 98.88000000000228, Duration: 15.0 minutes)
2024-11-10 21:14:41,933 - Long Buy 311.00 shares at 64.5 on 2024-10-29 19:45:00+00:00
2024-11-10 21:14:41,933 - Sell to close 311.00 shares at 65.18 on 2024-10-30 13:45:00+00:00 (Exit: Signal, Profit: 211.48000000000212, Duration: 1080.0 minutes)
2024-11-10 21:14:41,933 - Short Sell 309.00 shares at 64.94 on 2024-10-30 14:15:00+00:00
2024-11-10 21:14:41,933 - Buy to cover -309.00 shares at 64.76 on 2024-10-30 14:30:00+00:00 (Exit: Signal, Profit: 55.61999999999772, Duration: 15.0 minutes)
2024-11-10 21:14:41,933 - Long Buy 310.00 shares at 64.8 on 2024-10-30 14:45:00+00:00
2024-11-10 21:14:41,933 - Long Buy 304.00 shares at 64.77 on 2024-10-30 15:00:00+00:00
2024-11-10 21:14:41,933 - Long Buy 300.00 shares at 64.24 on 2024-10-30 15:15:00+00:00
2024-11-10 21:14:41,933 - Long Buy 293.00 shares at 64.51 on 2024-10-30 15:30:00+00:00
2024-11-10 21:14:41,933 - Long Buy 288.00 shares at 64.25 on 2024-10-30 15:45:00+00:00
2024-11-10 21:14:41,933 - Long Buy 284.00 shares at 63.94 on 2024-10-30 16:00:00+00:00
2024-11-10 21:14:41,933 - Long Buy 279.00 shares at 63.74 on 2024-10-30 16:15:00+00:00
2024-11-10 21:14:41,933 - Long Buy 274.00 shares at 63.69 on 2024-10-30 16:30:00+00:00
2024-11-10 21:14:41,933 - Long Buy 268.00 shares at 63.68 on 2024-10-30 16:45:00+00:00
2024-11-10 21:14:41,933 - Long Buy 262.00 shares at 63.85 on 2024-10-30 17:00:00+00:00
2024-11-10 21:14:41,933 - Long Buy 257.00 shares at 63.88 on 2024-10-30 17:15:00+00:00
2024-11-10 21:14:41,933 - Long Buy 252.00 shares at 63.82 on 2024-10-30 17:30:00+00:00
2024-11-10 21:14:41,933 - Sell to close 3371.00 shares at 63.99 on 2024-10-30 17:45:00+00:00 (Exit: Signal, Profit: -433.43999999997834, Duration: 180.0 minutes)
2024-11-10 21:14:41,934 - Long Buy 314.00 shares at 63.87 on 2024-10-30 18:45:00+00:00
2024-11-10 21:14:41,934 - Long Buy 309.00 shares at 63.74 on 2024-10-30 19:00:00+00:00
2024-11-10 21:14:41,934 - Long Buy 303.00 shares at 63.53 on 2024-10-30 19:15:00+00:00
2024-11-10 21:14:41,934 - Long Buy 298.00 shares at 63.48 on 2024-10-30 19:30:00+00:00
2024-11-10 21:14:41,934 - Long Buy 292.00 shares at 63.31 on 2024-10-30 19:45:00+00:00
2024-11-10 21:14:41,934 - Long Buy 287.00 shares at 63.3 on 2024-10-31 13:30:00+00:00
2024-11-10 21:14:41,934 - Sell to close 1803.00 shares at 63.56 on 2024-10-31 13:45:00+00:00 (Exit: Signal, Profit: 27.590000000002874, Duration: 1140.0 minutes)
2024-11-10 21:14:41,934 - Long Buy 319.00 shares at 63.02 on 2024-10-31 14:00:00+00:00
2024-11-10 21:14:41,934 - Long Buy 312.00 shares at 63.01 on 2024-10-31 14:15:00+00:00
2024-11-10 21:14:41,934 - Long Buy 306.00 shares at 63.04 on 2024-10-31 14:30:00+00:00
2024-11-10 21:14:41,934 - Long Buy 299.00 shares at 63.14 on 2024-10-31 14:45:00+00:00
2024-11-10 21:14:41,934 - Sell to close 1236.00 shares at 63.71 on 2024-10-31 15:00:00+00:00 (Exit: Signal, Profit: 813.9599999999921, Duration: 60.0 minutes)
2024-11-10 21:14:41,934 - Short Sell 316.00 shares at 63.62 on 2024-10-31 15:15:00+00:00
2024-11-10 21:14:41,934 - Buy to cover -316.00 shares at 63.23 on 2024-10-31 15:30:00+00:00 (Exit: Signal, Profit: 123.24000000000018, Duration: 15.0 minutes)
2024-11-10 21:14:41,934 - Short Sell 316.00 shares at 63.58 on 2024-10-31 15:45:00+00:00
2024-11-10 21:14:41,934 - Short Sell 316.00 shares at 63.6 on 2024-10-31 16:00:00+00:00
2024-11-10 21:14:41,934 - Short Sell 314.00 shares at 64.0 on 2024-10-31 16:15:00+00:00
2024-11-10 21:14:41,934 - Short Sell 314.00 shares at 64.02 on 2024-10-31 16:30:00+00:00
2024-11-10 21:14:41,934 - Short Sell 314.00 shares at 64.0 on 2024-10-31 16:45:00+00:00
2024-11-10 21:14:41,934 - Short Sell 314.00 shares at 63.92 on 2024-10-31 17:00:00+00:00
2024-11-10 21:14:41,935 - Short Sell 313.00 shares at 64.24 on 2024-10-31 17:15:00+00:00
2024-11-10 21:14:41,935 - Short Sell 311.00 shares at 64.48 on 2024-10-31 17:30:00+00:00
2024-11-10 21:14:41,935 - Short Sell 312.00 shares at 64.36 on 2024-10-31 17:45:00+00:00
2024-11-10 21:14:41,935 - Short Sell 312.00 shares at 64.27 on 2024-10-31 18:00:00+00:00
2024-11-10 21:14:41,935 - Short Sell 312.00 shares at 64.37 on 2024-10-31 18:15:00+00:00
2024-11-10 21:14:41,935 - Short Sell 313.00 shares at 64.24 on 2024-10-31 18:30:00+00:00
2024-11-10 21:14:41,935 - Short Sell 312.00 shares at 64.38 on 2024-10-31 18:45:00+00:00
2024-11-10 21:14:41,935 - Short Sell 312.00 shares at 64.36 on 2024-10-31 19:00:00+00:00
2024-11-10 21:14:41,935 - Buy to cover -4385.00 shares at 64.92 on 2024-10-31 19:15:00+00:00 (Exit: Stop_loss, Profit: -3469.76000000004, Duration: 210.0 minutes)
2024-11-10 21:14:41,935 - Short Sell 309.00 shares at 64.9 on 2024-10-31 19:30:00+00:00
2024-11-10 21:14:41,935 - Short Sell 310.00 shares at 64.64 on 2024-10-31 19:45:00+00:00
2024-11-10 21:14:41,935 - Short Sell 311.00 shares at 64.4 on 2024-11-01 13:30:00+00:00
2024-11-10 21:14:41,935 - Short Sell 309.00 shares at 64.81 on 2024-11-01 13:45:00+00:00
2024-11-10 21:14:41,935 - Short Sell 305.00 shares at 65.55 on 2024-11-01 14:00:00+00:00
2024-11-10 21:14:41,935 - Buy to cover -1544.00 shares at 65.78 on 2024-11-01 14:15:00+00:00 (Exit: Stop_loss, Profit: -1424.3800000000087, Duration: 1125.0 minutes)
2024-11-10 21:14:41,935 - Short Sell 304.00 shares at 65.84 on 2024-11-01 14:30:00+00:00
2024-11-10 21:14:41,935 - Short Sell 303.00 shares at 65.94 on 2024-11-01 14:45:00+00:00
2024-11-10 21:14:41,935 - Buy to cover -607.00 shares at 65.62 on 2024-11-01 15:00:00+00:00 (Exit: Signal, Profit: 163.84000000000134, Duration: 30.0 minutes)
2024-11-10 21:14:41,935 - Short Sell 304.00 shares at 65.85 on 2024-11-01 15:15:00+00:00
2024-11-10 21:14:41,935 - Buy to cover -304.00 shares at 65.7 on 2024-11-01 15:30:00+00:00 (Exit: Signal, Profit: 45.59999999999741, Duration: 15.0 minutes)
2024-11-10 21:14:41,936 - Short Sell 303.00 shares at 66.07 on 2024-11-01 16:00:00+00:00
2024-11-10 21:14:41,936 - Buy to cover -303.00 shares at 65.69 on 2024-11-01 16:15:00+00:00 (Exit: Signal, Profit: 115.13999999999862, Duration: 15.0 minutes)
2024-11-10 21:14:41,936 - Long Buy 306.00 shares at 65.41 on 2024-11-01 16:30:00+00:00
2024-11-10 21:14:41,936 - Long Buy 299.00 shares at 65.58 on 2024-11-01 16:45:00+00:00
2024-11-10 21:14:41,936 - Sell to close 605.00 shares at 66.12 on 2024-11-01 17:15:00+00:00 (Exit: Signal, Profit: 378.72000000000696, Duration: 45.0 minutes)
2024-11-10 21:14:41,936 - Short Sell 302.00 shares at 66.27 on 2024-11-01 17:30:00+00:00
2024-11-10 21:14:41,936 - Short Sell 304.00 shares at 65.88 on 2024-11-01 17:45:00+00:00
2024-11-10 21:14:41,936 - Short Sell 304.00 shares at 65.91 on 2024-11-01 18:00:00+00:00
2024-11-10 21:14:41,936 - Short Sell 302.00 shares at 66.3 on 2024-11-01 18:15:00+00:00
2024-11-10 21:14:41,936 - Short Sell 301.00 shares at 66.36 on 2024-11-01 18:30:00+00:00
2024-11-10 21:14:41,936 - Short Sell 301.00 shares at 66.53 on 2024-11-01 18:45:00+00:00
2024-11-10 21:14:41,936 - Short Sell 301.00 shares at 66.42 on 2024-11-01 19:00:00+00:00
2024-11-10 21:14:41,936 - Short Sell 303.00 shares at 65.99 on 2024-11-01 19:15:00+00:00
2024-11-10 21:14:41,936 - Short Sell 303.00 shares at 66.15 on 2024-11-01 19:30:00+00:00
2024-11-10 21:14:41,936 - Short Sell 300.00 shares at 66.6 on 2024-11-01 19:45:00+00:00
2024-11-10 21:14:41,936 - Buy to cover -3021.00 shares at 69.6 on 2024-11-04 14:30:00+00:00 (Exit: Stop_loss, Profit: -10150.570000000003, Duration: 4140.0 minutes)
2024-11-10 21:14:41,936 - Short Sell 282.00 shares at 70.14 on 2024-11-04 14:45:00+00:00
2024-11-10 21:14:41,936 - Short Sell 283.00 shares at 70.04 on 2024-11-04 15:00:00+00:00
2024-11-10 21:14:41,936 - Short Sell 286.00 shares at 69.37 on 2024-11-04 15:15:00+00:00
2024-11-10 21:14:41,936 - Short Sell 285.00 shares at 69.59 on 2024-11-04 15:30:00+00:00
2024-11-10 21:14:41,936 - Short Sell 288.00 shares at 68.88 on 2024-11-04 15:45:00+00:00
2024-11-10 21:14:41,936 - Buy to cover -1424.00 shares at 68.03 on 2024-11-04 16:00:00+00:00 (Exit: Profit_take, Profit: 2236.490000000024, Duration: 75.0 minutes)
2024-11-10 21:14:41,937 - Short Sell 292.00 shares at 68.0 on 2024-11-04 16:15:00+00:00
2024-11-10 21:14:41,937 - Buy to cover -292.00 shares at 67.98 on 2024-11-04 16:30:00+00:00 (Exit: Signal, Profit: 5.839999999998838, Duration: 15.0 minutes)
2024-11-10 21:14:41,937 - Long Buy 292.00 shares at 67.95 on 2024-11-04 16:45:00+00:00
2024-11-10 21:14:41,937 - Long Buy 287.00 shares at 67.89 on 2024-11-04 17:00:00+00:00
2024-11-10 21:14:41,937 - Long Buy 282.00 shares at 67.5 on 2024-11-04 17:30:00+00:00
2024-11-10 21:14:41,937 - Long Buy 277.00 shares at 67.55 on 2024-11-04 17:45:00+00:00
2024-11-10 21:14:41,937 - Long Buy 271.00 shares at 67.52 on 2024-11-04 18:00:00+00:00
2024-11-10 21:14:41,937 - Long Buy 266.00 shares at 67.41 on 2024-11-04 18:15:00+00:00
2024-11-10 21:14:41,937 - Long Buy 261.00 shares at 67.4 on 2024-11-04 18:30:00+00:00
2024-11-10 21:14:41,937 - Long Buy 256.00 shares at 67.42 on 2024-11-04 18:45:00+00:00
2024-11-10 21:14:41,937 - Long Buy 250.00 shares at 67.42 on 2024-11-04 19:00:00+00:00
2024-11-10 21:14:41,937 - Long Buy 246.00 shares at 67.38 on 2024-11-04 19:15:00+00:00
2024-11-10 21:14:41,937 - Long Buy 241.00 shares at 67.31 on 2024-11-04 19:30:00+00:00
2024-11-10 21:14:41,937 - Long Buy 237.00 shares at 66.98 on 2024-11-04 19:45:00+00:00
2024-11-10 21:14:41,937 - Long Buy 233.00 shares at 66.84 on 2024-11-04 20:00:00+00:00
2024-11-10 21:14:41,937 - Sell to close 3399.00 shares at 67.12 on 2024-11-04 20:15:00+00:00 (Exit: Signal, Profit: -1111.3699999999553, Duration: 210.0 minutes)
2024-11-10 21:14:41,937 - Short Sell 295.00 shares at 67.13 on 2024-11-04 20:30:00+00:00
2024-11-10 21:14:41,937 - Short Sell 296.00 shares at 67.01 on 2024-11-05 14:30:00+00:00
2024-11-10 21:14:41,937 - Buy to cover -591.00 shares at 66.55 on 2024-11-05 14:45:00+00:00 (Exit: Signal, Profit: 307.25999999999675, Duration: 1095.0 minutes)
2024-11-10 21:14:41,937 - Long Buy 299.00 shares at 66.43 on 2024-11-05 15:00:00+00:00
2024-11-10 21:14:41,938 - Long Buy 292.00 shares at 66.63 on 2024-11-05 15:30:00+00:00
2024-11-10 21:14:41,938 - Long Buy 287.00 shares at 66.34 on 2024-11-05 15:45:00+00:00
2024-11-10 21:14:41,938 - Long Buy 282.00 shares at 66.2 on 2024-11-05 16:00:00+00:00
2024-11-10 21:14:41,938 - Long Buy 275.00 shares at 66.47 on 2024-11-05 16:15:00+00:00
2024-11-10 21:14:41,938 - Sell to close 1435.00 shares at 67.03 on 2024-11-05 16:30:00+00:00 (Exit: Signal, Profit: 882.2899999999993, Duration: 90.0 minutes)
2024-11-10 21:14:41,938 - Short Sell 295.00 shares at 67.34 on 2024-11-05 16:45:00+00:00
2024-11-10 21:14:41,938 - Short Sell 296.00 shares at 66.97 on 2024-11-05 17:00:00+00:00
2024-11-10 21:14:41,938 - Short Sell 297.00 shares at 66.93 on 2024-11-05 17:15:00+00:00
2024-11-10 21:14:41,938 - Short Sell 296.00 shares at 67.03 on 2024-11-05 17:30:00+00:00
2024-11-10 21:14:41,938 - Short Sell 296.00 shares at 66.99 on 2024-11-05 17:45:00+00:00
2024-11-10 21:14:41,938 - Buy to cover -1480.00 shares at 66.86 on 2024-11-05 18:00:00+00:00 (Exit: Signal, Profit: 283.7500000000142, Duration: 75.0 minutes)
2024-11-10 21:14:41,938 - Long Buy 297.00 shares at 66.76 on 2024-11-05 18:15:00+00:00
2024-11-10 21:14:41,938 - Long Buy 291.00 shares at 66.82 on 2024-11-05 18:30:00+00:00
2024-11-10 21:14:41,938 - Long Buy 286.00 shares at 66.67 on 2024-11-05 18:45:00+00:00
2024-11-10 21:14:41,938 - Long Buy 281.00 shares at 66.6 on 2024-11-05 19:00:00+00:00
2024-11-10 21:14:41,938 - Long Buy 277.00 shares at 66.23 on 2024-11-05 19:15:00+00:00
2024-11-10 21:14:41,938 - Long Buy 270.00 shares at 66.38 on 2024-11-05 19:30:00+00:00
2024-11-10 21:14:41,938 - Long Buy 265.00 shares at 66.32 on 2024-11-05 19:45:00+00:00
2024-11-10 21:14:41,938 - Long Buy 259.00 shares at 66.59 on 2024-11-05 20:00:00+00:00
2024-11-10 21:14:41,938 - Long Buy 254.00 shares at 66.46 on 2024-11-05 20:15:00+00:00
2024-11-10 21:14:41,938 - Long Buy 249.00 shares at 66.48 on 2024-11-05 20:30:00+00:00
2024-11-10 21:14:41,938 - Long Buy 243.00 shares at 66.78 on 2024-11-05 20:45:00+00:00
2024-11-10 21:14:41,938 - Sell to close 2972.00 shares at 62.45 on 2024-11-06 14:30:00+00:00 (Exit: Stop_loss, Profit: -12204.979999999981, Duration: 1215.0 minutes)
2024-11-10 21:14:41,939 - Long Buy 320.00 shares at 61.35 on 2024-11-06 14:45:00+00:00
2024-11-10 21:14:41,939 - Long Buy 312.00 shares at 61.61 on 2024-11-06 15:00:00+00:00
2024-11-10 21:14:41,939 - Long Buy 306.00 shares at 61.59 on 2024-11-06 15:15:00+00:00
2024-11-10 21:14:41,939 - Long Buy 299.00 shares at 61.66 on 2024-11-06 15:30:00+00:00
2024-11-10 21:14:41,939 - Long Buy 294.00 shares at 61.53 on 2024-11-06 15:45:00+00:00
2024-11-10 21:14:41,939 - Long Buy 290.00 shares at 61.24 on 2024-11-06 16:00:00+00:00
2024-11-10 21:14:41,939 - Long Buy 284.00 shares at 61.2 on 2024-11-06 16:15:00+00:00
2024-11-10 21:14:41,939 - Long Buy 276.00 shares at 61.77 on 2024-11-06 16:30:00+00:00
2024-11-10 21:14:41,939 - Long Buy 269.00 shares at 62.02 on 2024-11-06 16:45:00+00:00
2024-11-10 21:14:41,939 - Long Buy 265.00 shares at 61.61 on 2024-11-06 17:00:00+00:00
2024-11-10 21:14:41,939 - Long Buy 261.00 shares at 61.32 on 2024-11-06 17:15:00+00:00
2024-11-10 21:14:41,939 - Long Buy 258.00 shares at 60.84 on 2024-11-06 17:30:00+00:00
2024-11-10 21:14:41,939 - Sell to close 3434.00 shares at 60.71 on 2024-11-06 17:45:00+00:00 (Exit: Stop_loss, Profit: -2649.0699999999792, Duration: 180.0 minutes)
2024-11-10 21:14:41,939 - Long Buy 323.00 shares at 60.66 on 2024-11-06 18:00:00+00:00
2024-11-10 21:14:41,939 - Long Buy 315.00 shares at 60.9 on 2024-11-06 18:15:00+00:00
2024-11-10 21:14:41,939 - Sell to close 638.00 shares at 60.94 on 2024-11-06 18:30:00+00:00 (Exit: Signal, Profit: 103.03999999999961, Duration: 30.0 minutes)
2024-11-10 21:14:41,939 - Short Sell 320.00 shares at 61.11 on 2024-11-06 18:45:00+00:00
2024-11-10 21:14:41,939 - Short Sell 319.00 shares at 61.29 on 2024-11-06 19:00:00+00:00
2024-11-10 21:14:41,939 - Short Sell 318.00 shares at 61.45 on 2024-11-06 19:15:00+00:00
2024-11-10 21:14:41,939 - Short Sell 319.00 shares at 61.35 on 2024-11-06 19:30:00+00:00
2024-11-10 21:14:41,939 - Short Sell 318.00 shares at 61.48 on 2024-11-06 19:45:00+00:00
2024-11-10 21:14:41,939 - Short Sell 317.00 shares at 61.68 on 2024-11-06 20:00:00+00:00
2024-11-10 21:14:41,939 - Short Sell 315.00 shares at 62.03 on 2024-11-06 20:15:00+00:00
2024-11-10 21:14:41,939 - Short Sell 314.00 shares at 62.18 on 2024-11-06 20:30:00+00:00
2024-11-10 21:14:41,940 - Buy to cover -2540.00 shares at 62.41 on 2024-11-06 20:45:00+00:00 (Exit: Stop_loss, Profit: -2135.770000000012, Duration: 120.0 minutes)
2024-11-10 21:14:41,940 - Short Sell 307.00 shares at 63.53 on 2024-11-07 14:30:00+00:00
2024-11-10 21:14:41,940 - Short Sell 307.00 shares at 63.51 on 2024-11-07 14:45:00+00:00
2024-11-10 21:14:41,940 - Short Sell 311.00 shares at 62.86 on 2024-11-07 15:00:00+00:00
2024-11-10 21:14:41,940 - Short Sell 310.00 shares at 63.07 on 2024-11-07 15:15:00+00:00
2024-11-10 21:14:41,940 - Short Sell 309.00 shares at 63.22 on 2024-11-07 15:30:00+00:00
2024-11-10 21:14:41,940 - Short Sell 307.00 shares at 63.49 on 2024-11-07 15:45:00+00:00
2024-11-10 21:14:41,940 - Short Sell 308.00 shares at 63.41 on 2024-11-07 16:00:00+00:00
2024-11-10 21:14:41,940 - Short Sell 306.00 shares at 63.66 on 2024-11-07 16:15:00+00:00
2024-11-10 21:14:41,940 - Short Sell 307.00 shares at 63.5 on 2024-11-07 16:30:00+00:00
2024-11-10 21:14:41,940 - Short Sell 306.00 shares at 63.65 on 2024-11-07 16:45:00+00:00
2024-11-10 21:14:41,940 - Short Sell 305.00 shares at 63.94 on 2024-11-07 17:00:00+00:00
2024-11-10 21:14:41,940 - Short Sell 307.00 shares at 63.5 on 2024-11-07 17:15:00+00:00
2024-11-10 21:14:41,940 - Short Sell 306.00 shares at 63.68 on 2024-11-07 17:30:00+00:00
2024-11-10 21:14:41,940 - Short Sell 306.00 shares at 63.76 on 2024-11-07 17:45:00+00:00
2024-11-10 21:14:41,940 - Short Sell 308.00 shares at 63.38 on 2024-11-07 18:00:00+00:00
2024-11-10 21:14:41,940 - Short Sell 307.00 shares at 63.57 on 2024-11-07 18:15:00+00:00
2024-11-10 21:14:41,940 - Short Sell 306.00 shares at 63.75 on 2024-11-07 18:30:00+00:00
2024-11-10 21:14:41,940 - Short Sell 306.00 shares at 63.77 on 2024-11-07 18:45:00+00:00
2024-11-10 21:14:41,940 - Short Sell 306.00 shares at 63.77 on 2024-11-07 19:00:00+00:00
2024-11-10 21:14:41,940 - Short Sell 305.00 shares at 63.8 on 2024-11-07 19:15:00+00:00
2024-11-10 21:14:41,940 - Short Sell 305.00 shares at 63.84 on 2024-11-07 19:30:00+00:00
2024-11-10 21:14:41,940 - Short Sell 305.00 shares at 63.9 on 2024-11-07 19:45:00+00:00
2024-11-10 21:14:41,940 - Short Sell 305.00 shares at 63.89 on 2024-11-07 20:00:00+00:00
2024-11-10 21:14:41,940 - Short Sell 305.00 shares at 63.92 on 2024-11-07 20:15:00+00:00
2024-11-10 21:14:41,940 - Short Sell 304.00 shares at 64.06 on 2024-11-07 20:30:00+00:00
2024-11-10 21:14:41,941 - Buy to cover -7664.00 shares at 63.54 on 2024-11-07 20:45:00+00:00 (Exit: Signal, Profit: 580.5299999999264, Duration: 375.0 minutes)
2024-11-10 21:14:41,941 - Long Buy 318.00 shares at 61.4 on 2024-11-08 14:30:00+00:00
2024-11-10 21:14:41,941 - Long Buy 311.00 shares at 61.55 on 2024-11-08 14:45:00+00:00
2024-11-10 21:14:41,941 - Long Buy 304.00 shares at 61.63 on 2024-11-08 15:00:00+00:00
2024-11-10 21:14:41,941 - Long Buy 302.00 shares at 60.94 on 2024-11-08 15:15:00+00:00
2024-11-10 21:14:41,941 - Long Buy 292.00 shares at 61.78 on 2024-11-08 15:30:00+00:00
2024-11-10 21:14:41,941 - Long Buy 286.00 shares at 61.69 on 2024-11-08 15:45:00+00:00
2024-11-10 21:14:41,941 - Long Buy 280.00 shares at 61.82 on 2024-11-08 16:00:00+00:00
2024-11-10 21:14:41,941 - Long Buy 276.00 shares at 61.52 on 2024-11-08 16:15:00+00:00
2024-11-10 21:14:41,941 - Long Buy 271.00 shares at 61.23 on 2024-11-08 16:30:00+00:00
2024-11-10 21:14:41,941 - Sell to close 2640.00 shares at 61.4 on 2024-11-08 16:45:00+00:00 (Exit: Signal, Profit: -276.19999999999266, Duration: 135.0 minutes)
2024-11-10 21:14:41,941 - Short Sell 318.00 shares at 61.46 on 2024-11-08 17:00:00+00:00
2024-11-10 21:14:41,941 - Short Sell 316.00 shares at 61.8 on 2024-11-08 17:15:00+00:00
2024-11-10 21:14:41,941 - Short Sell 317.00 shares at 61.57 on 2024-11-08 17:30:00+00:00
2024-11-10 21:14:41,941 - Short Sell 317.00 shares at 61.64 on 2024-11-08 17:45:00+00:00
2024-11-10 21:14:41,941 - Short Sell 317.00 shares at 61.57 on 2024-11-08 18:00:00+00:00
2024-11-10 21:14:41,941 - Short Sell 317.00 shares at 61.67 on 2024-11-08 18:15:00+00:00
2024-11-10 21:14:41,941 - Short Sell 317.00 shares at 61.68 on 2024-11-08 18:30:00+00:00
2024-11-10 21:14:41,941 - Short Sell 315.00 shares at 61.89 on 2024-11-08 18:45:00+00:00
2024-11-10 21:14:41,941 - Short Sell 318.00 shares at 61.47 on 2024-11-08 19:00:00+00:00
2024-11-10 21:14:41,941 - Short Sell 318.00 shares at 61.49 on 2024-11-08 19:15:00+00:00
2024-11-10 21:14:41,941 - Short Sell 317.00 shares at 61.59 on 2024-11-08 19:30:00+00:00
2024-11-10 21:14:41,941 - Short Sell 317.00 shares at 61.53 on 2024-11-08 19:45:00+00:00
2024-11-10 21:14:41,941 - Short Sell 317.00 shares at 61.6 on 2024-11-08 20:00:00+00:00
2024-11-10 21:14:41,942 - Short Sell 317.00 shares at 61.57 on 2024-11-08 20:15:00+00:00
2024-11-10 21:14:41,942 - Short Sell 317.00 shares at 61.6 on 2024-11-08 20:30:00+00:00
2024-11-10 21:14:41,942 - Buy to cover -4755.00 shares at 61.4 on 2024-11-08 20:45:00+00:00 (Exit: Signal, Profit: 991.0500000000653, Duration: 225.0 minutes)
2024-11-10 21:14:41,944 - Final statisticsStock: DLTR, 
total_trades: 66, 
winning_trades: 46, 
losing_trades: 20, 
average_return: 0.00016151526055541214, 
average_duration: 570.2272727272727, 
final_balance: 978923.100000001, 
final_portfolio_value: 978923.100000001, 
sharpe_ratio: 9.272935195049708, 



