2024-11-10 20:26:24,886 - Starting GBMStrategy with initial capital: 1000000
2024-11-10 20:26:24,886 - Hyperparameters: {'threshold': 0.5, 'time_periods': 15, 'num_simulations': 150}
2024-11-10 20:31:50,049 - Short Sell 372.00 shares at 53.71 on 2024-10-10 17:15:00+00:00
2024-11-10 20:31:50,050 - Short Sell 372.00 shares at 53.7 on 2024-10-10 17:30:00+00:00
2024-11-10 20:31:50,050 - Short Sell 372.00 shares at 53.68 on 2024-10-10 17:45:00+00:00
2024-11-10 20:31:50,051 - Buy to cover -1116.00 shares at 53.57 on 2024-10-10 18:00:00+00:00 (Exit: Signal, Profit: 141.36000000000624, Duration: 45.0 minutes)
2024-11-10 20:31:50,051 - Long Buy 373.00 shares at 53.61 on 2024-10-10 18:15:00+00:00
2024-11-10 20:31:50,051 - Long Buy 366.00 shares at 53.53 on 2024-10-10 18:30:00+00:00
2024-11-10 20:31:50,051 - Long Buy 358.00 shares at 53.55 on 2024-10-10 18:45:00+00:00
2024-11-10 20:31:50,051 - Long Buy 351.00 shares at 53.55 on 2024-10-10 19:00:00+00:00
2024-11-10 20:31:50,051 - Long Buy 345.00 shares at 53.48 on 2024-10-10 19:15:00+00:00
2024-11-10 20:31:50,051 - Long Buy 337.00 shares at 53.57 on 2024-10-10 19:30:00+00:00
2024-11-10 20:31:50,051 - Sell to close 2130.00 shares at 53.76 on 2024-10-11 13:30:00+00:00 (Exit: Signal, Profit: 449.6499999999984, Duration: 1155.0 minutes)
2024-11-10 20:31:50,051 - Short Sell 371.00 shares at 53.87 on 2024-10-11 13:45:00+00:00
2024-11-10 20:31:50,051 - Short Sell 370.00 shares at 54.02 on 2024-10-11 14:00:00+00:00
2024-11-10 20:31:50,051 - Short Sell 370.00 shares at 53.99 on 2024-10-11 14:15:00+00:00
2024-11-10 20:31:50,051 - Short Sell 370.00 shares at 54.03 on 2024-10-11 14:30:00+00:00
2024-11-10 20:31:50,051 - Short Sell 370.00 shares at 54.01 on 2024-10-11 14:45:00+00:00
2024-11-10 20:31:50,051 - Short Sell 369.00 shares at 54.13 on 2024-10-11 15:00:00+00:00
2024-11-10 20:31:50,051 - Short Sell 370.00 shares at 54.02 on 2024-10-11 15:15:00+00:00
2024-11-10 20:31:50,051 - Short Sell 370.00 shares at 54.05 on 2024-10-11 15:30:00+00:00
2024-11-10 20:31:50,051 - Buy to cover -2960.00 shares at 53.96 on 2024-10-11 15:45:00+00:00 (Exit: Signal, Profit: 162.54000000001724, Duration: 120.0 minutes)
2024-11-10 20:31:50,051 - Long Buy 372.00 shares at 53.8 on 2024-10-11 16:00:00+00:00
2024-11-10 20:31:50,051 - Long Buy 364.00 shares at 53.8 on 2024-10-11 16:15:00+00:00
2024-11-10 20:31:50,051 - Long Buy 357.00 shares at 53.81 on 2024-10-11 16:30:00+00:00
2024-11-10 20:31:50,051 - Long Buy 349.00 shares at 53.95 on 2024-10-11 16:45:00+00:00
2024-11-10 20:31:50,051 - Sell to close 1442.00 shares at 54.06 on 2024-10-11 17:15:00+00:00 (Exit: Signal, Profit: 318.99999999999443, Duration: 75.0 minutes)
2024-11-10 20:31:50,051 - Short Sell 369.00 shares at 54.13 on 2024-10-11 17:30:00+00:00
2024-11-10 20:31:50,051 - Short Sell 369.00 shares at 54.12 on 2024-10-11 17:45:00+00:00
2024-11-10 20:31:50,051 - Buy to cover -738.00 shares at 54.0 on 2024-10-11 18:15:00+00:00 (Exit: Signal, Profit: 92.25, Duration: 45.0 minutes)
2024-11-10 20:31:50,052 - Long Buy 370.00 shares at 53.98 on 2024-10-11 18:30:00+00:00
2024-11-10 20:31:50,052 - Sell to close 370.00 shares at 54.08 on 2024-10-11 19:00:00+00:00 (Exit: Signal, Profit: 37.000000000000526, Duration: 30.0 minutes)
2024-11-10 20:31:50,052 - Short Sell 370.00 shares at 54.03 on 2024-10-11 19:15:00+00:00
2024-11-10 20:31:50,052 - Short Sell 370.00 shares at 54.05 on 2024-10-11 19:30:00+00:00
2024-11-10 20:31:50,052 - Buy to cover -740.00 shares at 53.78 on 2024-10-11 19:45:00+00:00 (Exit: Signal, Profit: 192.40000000000379, Duration: 30.0 minutes)
2024-11-10 20:31:50,052 - Long Buy 373.00 shares at 53.66 on 2024-10-14 13:30:00+00:00
2024-11-10 20:31:50,052 - Long Buy 366.00 shares at 53.57 on 2024-10-14 13:45:00+00:00
2024-11-10 20:31:50,052 - Long Buy 358.00 shares at 53.68 on 2024-10-14 14:00:00+00:00
2024-11-10 20:31:50,052 - Long Buy 353.00 shares at 53.39 on 2024-10-14 14:15:00+00:00
2024-11-10 20:31:50,052 - Long Buy 345.00 shares at 53.54 on 2024-10-14 14:30:00+00:00
2024-11-10 20:31:50,052 - Long Buy 337.00 shares at 53.63 on 2024-10-14 14:45:00+00:00
2024-11-10 20:31:50,052 - Long Buy 330.00 shares at 53.64 on 2024-10-14 15:00:00+00:00
2024-11-10 20:31:50,052 - Long Buy 324.00 shares at 53.61 on 2024-10-14 15:15:00+00:00
2024-11-10 20:31:50,052 - Sell to close 2786.00 shares at 53.68 on 2024-10-14 15:30:00+00:00 (Exit: Signal, Profit: 251.12000000001754, Duration: 120.0 minutes)
2024-11-10 20:31:50,052 - Long Buy 373.00 shares at 53.57 on 2024-10-14 16:00:00+00:00
2024-11-10 20:31:50,052 - Long Buy 366.00 shares at 53.52 on 2024-10-14 16:15:00+00:00
2024-11-10 20:31:50,052 - Long Buy 359.00 shares at 53.47 on 2024-10-14 16:30:00+00:00
2024-11-10 20:31:50,052 - Long Buy 352.00 shares at 53.44 on 2024-10-14 16:45:00+00:00
2024-11-10 20:31:50,052 - Long Buy 345.00 shares at 53.45 on 2024-10-14 17:00:00+00:00
2024-11-10 20:31:50,052 - Long Buy 338.00 shares at 53.51 on 2024-10-14 17:15:00+00:00
2024-11-10 20:31:50,052 - Long Buy 331.00 shares at 53.48 on 2024-10-14 17:45:00+00:00
2024-11-10 20:31:50,052 - Long Buy 325.00 shares at 53.5 on 2024-10-14 18:00:00+00:00
2024-11-10 20:31:50,052 - Long Buy 318.00 shares at 53.46 on 2024-10-14 18:15:00+00:00
2024-11-10 20:31:50,052 - Long Buy 312.00 shares at 53.42 on 2024-10-14 18:30:00+00:00
2024-11-10 20:31:50,052 - Long Buy 306.00 shares at 53.44 on 2024-10-14 18:45:00+00:00
2024-11-10 20:31:50,052 - Long Buy 300.00 shares at 53.38 on 2024-10-14 19:00:00+00:00
2024-11-10 20:31:50,052 - Sell to close 4025.00 shares at 53.47 on 2024-10-14 19:15:00+00:00 (Exit: Signal, Profit: -9.760000000016866, Duration: 195.0 minutes)
2024-11-10 20:31:50,052 - Short Sell 374.00 shares at 53.45 on 2024-10-14 19:30:00+00:00
2024-11-10 20:31:50,052 - Short Sell 374.00 shares at 53.56 on 2024-10-14 19:45:00+00:00
2024-11-10 20:31:50,053 - Buy to cover -748.00 shares at 53.12 on 2024-10-15 13:30:00+00:00 (Exit: Signal, Profit: 287.9800000000091, Duration: 1080.0 minutes)
2024-11-10 20:31:50,053 - Long Buy 376.00 shares at 53.19 on 2024-10-15 13:45:00+00:00
2024-11-10 20:31:50,053 - Sell to close 376.00 shares at 53.41 on 2024-10-15 14:15:00+00:00 (Exit: Signal, Profit: 82.71999999999957, Duration: 30.0 minutes)
2024-11-10 20:31:50,053 - Short Sell 375.00 shares at 53.44 on 2024-10-15 14:45:00+00:00
2024-11-10 20:31:50,053 - Buy to cover -375.00 shares at 53.32 on 2024-10-15 15:00:00+00:00 (Exit: Signal, Profit: 44.99999999999904, Duration: 15.0 minutes)
2024-11-10 20:31:50,053 - Long Buy 375.00 shares at 53.34 on 2024-10-15 15:45:00+00:00
2024-11-10 20:31:50,053 - Long Buy 368.00 shares at 53.26 on 2024-10-15 16:30:00+00:00
2024-11-10 20:31:50,053 - Long Buy 361.00 shares at 53.3 on 2024-10-15 16:45:00+00:00
2024-11-10 20:31:50,053 - Long Buy 354.00 shares at 53.17 on 2024-10-15 17:00:00+00:00
2024-11-10 20:31:50,053 - Long Buy 348.00 shares at 53.02 on 2024-10-15 17:15:00+00:00
2024-11-10 20:31:50,053 - Long Buy 341.00 shares at 53.05 on 2024-10-15 17:30:00+00:00
2024-11-10 20:31:50,053 - Long Buy 334.00 shares at 53.02 on 2024-10-15 17:45:00+00:00
2024-11-10 20:31:50,053 - Long Buy 328.00 shares at 52.96 on 2024-10-15 18:00:00+00:00
2024-11-10 20:31:50,053 - Long Buy 322.00 shares at 52.91 on 2024-10-15 18:15:00+00:00
2024-11-10 20:31:50,053 - Long Buy 316.00 shares at 52.85 on 2024-10-15 18:30:00+00:00
2024-11-10 20:31:50,053 - Long Buy 309.00 shares at 52.87 on 2024-10-15 18:45:00+00:00
2024-11-10 20:31:50,053 - Long Buy 304.00 shares at 52.77 on 2024-10-15 19:00:00+00:00
2024-11-10 20:31:50,053 - Long Buy 298.00 shares at 52.68 on 2024-10-15 19:15:00+00:00
2024-11-10 20:31:50,053 - Long Buy 292.00 shares at 52.7 on 2024-10-15 19:30:00+00:00
2024-11-10 20:31:50,053 - Long Buy 287.00 shares at 52.61 on 2024-10-15 19:45:00+00:00
2024-11-10 20:31:50,053 - Long Buy 279.00 shares at 53.04 on 2024-10-16 13:30:00+00:00
2024-11-10 20:31:50,053 - Sell to close 5216.00 shares at 53.06 on 2024-10-16 13:45:00+00:00 (Exit: Signal, Profit: 373.92999999999756, Duration: 1320.0 minutes)
2024-11-10 20:31:50,053 - Short Sell 376.00 shares at 53.19 on 2024-10-16 14:00:00+00:00
2024-11-10 20:31:50,053 - Short Sell 376.00 shares at 53.19 on 2024-10-16 14:15:00+00:00
2024-11-10 20:31:50,053 - Short Sell 377.00 shares at 53.08 on 2024-10-16 14:45:00+00:00
2024-11-10 20:31:50,053 - Buy to cover -1129.00 shares at 52.93 on 2024-10-16 15:00:00+00:00 (Exit: Signal, Profit: 252.0699999999916, Duration: 60.0 minutes)
2024-11-10 20:31:50,053 - Long Buy 379.00 shares at 52.91 on 2024-10-16 15:15:00+00:00
2024-11-10 20:31:50,054 - Long Buy 371.00 shares at 52.9 on 2024-10-16 15:30:00+00:00
2024-11-10 20:31:50,054 - Long Buy 364.00 shares at 52.77 on 2024-10-16 15:45:00+00:00
2024-11-10 20:31:50,054 - Long Buy 358.00 shares at 52.66 on 2024-10-16 16:00:00+00:00
2024-11-10 20:31:50,054 - Long Buy 351.00 shares at 52.64 on 2024-10-16 16:15:00+00:00
2024-11-10 20:31:50,054 - Long Buy 343.00 shares at 52.75 on 2024-10-16 16:30:00+00:00
2024-11-10 20:31:50,054 - Long Buy 336.00 shares at 52.8 on 2024-10-16 16:45:00+00:00
2024-11-10 20:31:50,054 - Long Buy 329.00 shares at 52.89 on 2024-10-16 17:00:00+00:00
2024-11-10 20:31:50,054 - Long Buy 322.00 shares at 52.91 on 2024-10-16 17:15:00+00:00
2024-11-10 20:31:50,054 - Sell to close 3153.00 shares at 53.02 on 2024-10-16 17:30:00+00:00 (Exit: Signal, Profit: 684.1900000000456, Duration: 135.0 minutes)
2024-11-10 20:31:50,054 - Short Sell 378.00 shares at 52.98 on 2024-10-16 17:45:00+00:00
2024-11-10 20:31:50,054 - Short Sell 378.00 shares at 53.02 on 2024-10-16 18:00:00+00:00
2024-11-10 20:31:50,054 - Short Sell 378.00 shares at 52.96 on 2024-10-16 18:15:00+00:00
2024-11-10 20:31:50,054 - Short Sell 379.00 shares at 52.94 on 2024-10-16 18:30:00+00:00
2024-11-10 20:31:50,054 - Short Sell 379.00 shares at 52.94 on 2024-10-16 18:45:00+00:00
2024-11-10 20:31:50,054 - Short Sell 378.00 shares at 52.97 on 2024-10-17 13:30:00+00:00
2024-11-10 20:31:50,054 - Short Sell 378.00 shares at 53.07 on 2024-10-17 13:45:00+00:00
2024-11-10 20:31:50,054 - Short Sell 378.00 shares at 53.07 on 2024-10-17 14:00:00+00:00
2024-11-10 20:31:50,054 - Buy to cover -3026.00 shares at 52.88 on 2024-10-17 14:45:00+00:00 (Exit: Signal, Profit: 344.0999999999779, Duration: 1260.0 minutes)
2024-11-10 20:31:50,054 - Long Buy 380.00 shares at 52.82 on 2024-10-17 15:00:00+00:00
2024-11-10 20:31:50,054 - Long Buy 372.00 shares at 52.78 on 2024-10-17 15:15:00+00:00
2024-11-10 20:31:50,054 - Long Buy 364.00 shares at 52.84 on 2024-10-17 15:30:00+00:00
2024-11-10 20:31:50,054 - Long Buy 358.00 shares at 52.77 on 2024-10-17 15:45:00+00:00
2024-11-10 20:31:50,054 - Long Buy 350.00 shares at 52.76 on 2024-10-17 16:00:00+00:00
2024-11-10 20:31:50,054 - Long Buy 343.00 shares at 52.8 on 2024-10-17 16:15:00+00:00
2024-11-10 20:31:50,054 - Sell to close 2167.00 shares at 53.0 on 2024-10-17 16:45:00+00:00 (Exit: Signal, Profit: 443.4200000000151, Duration: 105.0 minutes)
2024-11-10 20:31:50,054 - Short Sell 379.00 shares at 52.94 on 2024-10-17 17:00:00+00:00
2024-11-10 20:31:50,054 - Short Sell 379.00 shares at 52.94 on 2024-10-17 17:15:00+00:00
2024-11-10 20:31:50,054 - Buy to cover -758.00 shares at 52.84 on 2024-10-17 17:30:00+00:00 (Exit: Signal, Profit: 75.79999999999569, Duration: 30.0 minutes)
2024-11-10 20:31:50,055 - Long Buy 380.00 shares at 52.81 on 2024-10-17 18:15:00+00:00
2024-11-10 20:31:50,055 - Sell to close 380.00 shares at 52.83 on 2024-10-17 18:30:00+00:00 (Exit: Signal, Profit: 7.600000000001188, Duration: 15.0 minutes)
2024-11-10 20:31:50,055 - Short Sell 379.00 shares at 52.88 on 2024-10-17 18:45:00+00:00
2024-11-10 20:31:50,055 - Short Sell 380.00 shares at 52.83 on 2024-10-17 19:00:00+00:00
2024-11-10 20:31:50,055 - Short Sell 380.00 shares at 52.83 on 2024-10-17 19:15:00+00:00
2024-11-10 20:31:50,055 - Short Sell 379.00 shares at 52.93 on 2024-10-17 19:30:00+00:00
2024-11-10 20:31:50,055 - Short Sell 378.00 shares at 53.08 on 2024-10-17 19:45:00+00:00
2024-11-10 20:31:50,055 - Short Sell 377.00 shares at 53.15 on 2024-10-18 13:30:00+00:00
2024-11-10 20:31:50,055 - Short Sell 378.00 shares at 53.06 on 2024-10-18 13:45:00+00:00
2024-11-10 20:31:50,055 - Short Sell 379.00 shares at 52.87 on 2024-10-18 14:00:00+00:00
2024-11-10 20:31:50,055 - Short Sell 380.00 shares at 52.85 on 2024-10-18 14:15:00+00:00
2024-11-10 20:31:50,055 - Short Sell 380.00 shares at 52.85 on 2024-10-18 14:30:00+00:00
2024-11-10 20:31:50,055 - Short Sell 379.00 shares at 52.91 on 2024-10-18 14:45:00+00:00
2024-11-10 20:31:50,055 - Short Sell 379.00 shares at 52.97 on 2024-10-18 15:00:00+00:00
2024-11-10 20:31:50,055 - Short Sell 379.00 shares at 52.97 on 2024-10-18 15:15:00+00:00
2024-11-10 20:31:50,055 - Short Sell 378.00 shares at 53.05 on 2024-10-18 15:30:00+00:00
2024-11-10 20:31:50,055 - Buy to cover -5305.00 shares at 53.02 on 2024-10-18 15:45:00+00:00 (Exit: Signal, Profit: -399.0599999999754, Duration: 1260.0 minutes)
2024-11-10 20:31:50,055 - Short Sell 377.00 shares at 53.12 on 2024-10-18 16:00:00+00:00
2024-11-10 20:31:50,055 - Short Sell 377.00 shares at 53.25 on 2024-10-18 16:15:00+00:00
2024-11-10 20:31:50,055 - Short Sell 377.00 shares at 53.16 on 2024-10-18 16:30:00+00:00
2024-11-10 20:31:50,055 - Short Sell 377.00 shares at 53.15 on 2024-10-18 16:45:00+00:00
2024-11-10 20:31:50,055 - Short Sell 377.00 shares at 53.19 on 2024-10-18 17:00:00+00:00
2024-11-10 20:31:50,055 - Short Sell 377.00 shares at 53.15 on 2024-10-18 17:15:00+00:00
2024-11-10 20:31:50,055 - Short Sell 377.00 shares at 53.15 on 2024-10-18 17:30:00+00:00
2024-11-10 20:31:50,055 - Short Sell 377.00 shares at 53.13 on 2024-10-18 17:45:00+00:00
2024-11-10 20:31:50,055 - Short Sell 377.00 shares at 53.22 on 2024-10-18 18:00:00+00:00
2024-11-10 20:31:50,055 - Short Sell 377.00 shares at 53.19 on 2024-10-18 18:15:00+00:00
2024-11-10 20:31:50,055 - Short Sell 377.00 shares at 53.16 on 2024-10-18 18:30:00+00:00
2024-11-10 20:31:50,055 - Short Sell 377.00 shares at 53.14 on 2024-10-18 18:45:00+00:00
2024-11-10 20:31:50,055 - Short Sell 378.00 shares at 53.09 on 2024-10-18 19:00:00+00:00
2024-11-10 20:31:50,055 - Short Sell 378.00 shares at 53.11 on 2024-10-18 19:30:00+00:00
2024-11-10 20:31:50,055 - Short Sell 378.00 shares at 53.11 on 2024-10-18 19:45:00+00:00
2024-11-10 20:31:50,055 - Buy to cover -5658.00 shares at 53.04 on 2024-10-21 13:30:00+00:00 (Exit: Signal, Profit: 648.6300000000306, Duration: 4170.0 minutes)
2024-11-10 20:31:50,056 - Long Buy 380.00 shares at 52.86 on 2024-10-21 13:45:00+00:00
2024-11-10 20:31:50,056 - Long Buy 374.00 shares at 52.59 on 2024-10-21 14:00:00+00:00
2024-11-10 20:31:50,056 - Long Buy 367.00 shares at 52.49 on 2024-10-21 14:15:00+00:00
2024-11-10 20:31:50,056 - Long Buy 359.00 shares at 52.54 on 2024-10-21 14:30:00+00:00
2024-11-10 20:31:50,056 - Long Buy 353.00 shares at 52.41 on 2024-10-21 14:45:00+00:00
2024-11-10 20:31:50,056 - Long Buy 347.00 shares at 52.31 on 2024-10-21 15:00:00+00:00
2024-11-10 20:31:50,056 - Long Buy 340.00 shares at 52.23 on 2024-10-21 15:15:00+00:00
2024-11-10 20:31:50,056 - Long Buy 333.00 shares at 52.3 on 2024-10-21 15:30:00+00:00
2024-11-10 20:31:50,056 - Long Buy 326.00 shares at 52.28 on 2024-10-21 15:45:00+00:00
2024-11-10 20:31:50,056 - Long Buy 321.00 shares at 52.19 on 2024-10-21 16:00:00+00:00
2024-11-10 20:31:50,056 - Long Buy 314.00 shares at 52.22 on 2024-10-21 16:15:00+00:00
2024-11-10 20:31:50,056 - Long Buy 308.00 shares at 52.16 on 2024-10-21 16:30:00+00:00
2024-11-10 20:31:50,056 - Sell to close 4122.00 shares at 52.19 on 2024-10-21 16:45:00+00:00 (Exit: Signal, Profit: -838.9999999999737, Duration: 180.0 minutes)
2024-11-10 20:31:50,056 - Short Sell 384.00 shares at 52.22 on 2024-10-21 17:00:00+00:00
2024-11-10 20:31:50,056 - Short Sell 384.00 shares at 52.19 on 2024-10-21 17:30:00+00:00
2024-11-10 20:31:50,056 - Short Sell 384.00 shares at 52.19 on 2024-10-21 18:15:00+00:00
2024-11-10 20:31:50,056 - Short Sell 384.00 shares at 52.2 on 2024-10-21 18:30:00+00:00
2024-11-10 20:31:50,056 - Short Sell 384.00 shares at 52.19 on 2024-10-21 18:45:00+00:00
2024-11-10 20:31:50,056 - Short Sell 384.00 shares at 52.24 on 2024-10-21 19:15:00+00:00
2024-11-10 20:31:50,056 - Short Sell 384.00 shares at 52.2 on 2024-10-21 19:30:00+00:00
2024-11-10 20:31:50,056 - Short Sell 384.00 shares at 52.21 on 2024-10-21 19:45:00+00:00
2024-11-10 20:31:50,056 - Buy to cover -3072.00 shares at 51.76 on 2024-10-22 13:30:00+00:00 (Exit: Signal, Profit: 1367.0400000000227, Duration: 1230.0 minutes)
2024-11-10 20:31:50,056 - Long Buy 388.00 shares at 51.77 on 2024-10-22 13:45:00+00:00
2024-11-10 20:31:50,056 - Long Buy 380.00 shares at 51.72 on 2024-10-22 14:00:00+00:00
2024-11-10 20:31:50,056 - Long Buy 374.00 shares at 51.6 on 2024-10-22 14:15:00+00:00
2024-11-10 20:31:50,056 - Sell to close 1142.00 shares at 51.79 on 2024-10-22 14:30:00+00:00 (Exit: Signal, Profit: 105.42000000000054, Duration: 45.0 minutes)
2024-11-10 20:31:50,056 - Short Sell 387.00 shares at 51.89 on 2024-10-22 15:15:00+00:00
2024-11-10 20:31:50,056 - Short Sell 386.00 shares at 51.96 on 2024-10-22 15:30:00+00:00
2024-11-10 20:31:50,056 - Short Sell 387.00 shares at 51.89 on 2024-10-22 15:45:00+00:00
2024-11-10 20:31:50,056 - Short Sell 387.00 shares at 51.93 on 2024-10-22 16:00:00+00:00
2024-11-10 20:31:50,057 - Short Sell 386.00 shares at 52.0 on 2024-10-22 16:15:00+00:00
2024-11-10 20:31:50,057 - Short Sell 385.00 shares at 52.07 on 2024-10-22 16:30:00+00:00
2024-11-10 20:31:50,057 - Short Sell 386.00 shares at 52.02 on 2024-10-22 16:45:00+00:00
2024-11-10 20:31:50,057 - Short Sell 387.00 shares at 51.94 on 2024-10-22 17:00:00+00:00
2024-11-10 20:31:50,057 - Short Sell 386.00 shares at 51.97 on 2024-10-22 17:15:00+00:00
2024-11-10 20:31:50,057 - Short Sell 386.00 shares at 52.04 on 2024-10-22 17:30:00+00:00
2024-11-10 20:31:50,057 - Buy to cover -3863.00 shares at 51.97 on 2024-10-22 17:45:00+00:00 (Exit: Signal, Profit: 3.5300000000092595, Duration: 150.0 minutes)
2024-11-10 20:31:50,057 - Long Buy 387.00 shares at 51.86 on 2024-10-22 18:00:00+00:00
2024-11-10 20:31:50,057 - Long Buy 379.00 shares at 51.91 on 2024-10-22 18:15:00+00:00
2024-11-10 20:31:50,057 - Long Buy 372.00 shares at 51.87 on 2024-10-22 18:30:00+00:00
2024-11-10 20:31:50,057 - Long Buy 364.00 shares at 51.84 on 2024-10-22 18:45:00+00:00
2024-11-10 20:31:50,057 - Long Buy 356.00 shares at 51.95 on 2024-10-22 19:00:00+00:00
2024-11-10 20:31:50,057 - Long Buy 349.00 shares at 51.99 on 2024-10-22 19:15:00+00:00
2024-11-10 20:31:50,057 - Sell to close 2207.00 shares at 52.06 on 2024-10-22 19:45:00+00:00 (Exit: Signal, Profit: 348.6000000000014, Duration: 105.0 minutes)
2024-11-10 20:31:50,057 - Long Buy 387.00 shares at 51.85 on 2024-10-23 13:30:00+00:00
2024-11-10 20:31:50,057 - Long Buy 381.00 shares at 51.66 on 2024-10-23 13:45:00+00:00
2024-11-10 20:31:50,057 - Long Buy 374.00 shares at 51.62 on 2024-10-23 14:00:00+00:00
2024-11-10 20:31:50,057 - Long Buy 366.00 shares at 51.71 on 2024-10-23 14:15:00+00:00
2024-11-10 20:31:50,057 - Long Buy 358.00 shares at 51.76 on 2024-10-23 14:30:00+00:00
2024-11-10 20:31:50,057 - Long Buy 351.00 shares at 51.7 on 2024-10-23 14:45:00+00:00
2024-11-10 20:31:50,057 - Long Buy 345.00 shares at 51.56 on 2024-10-23 15:00:00+00:00
2024-11-10 20:31:50,057 - Long Buy 339.00 shares at 51.4 on 2024-10-23 15:15:00+00:00
2024-11-10 20:31:50,057 - Long Buy 332.00 shares at 51.53 on 2024-10-23 15:30:00+00:00
2024-11-10 20:31:50,057 - Long Buy 324.00 shares at 51.63 on 2024-10-23 15:45:00+00:00
2024-11-10 20:31:50,057 - Long Buy 319.00 shares at 51.52 on 2024-10-23 16:00:00+00:00
2024-11-10 20:31:50,057 - Long Buy 312.00 shares at 51.47 on 2024-10-23 16:15:00+00:00
2024-11-10 20:31:50,057 - Long Buy 306.00 shares at 51.45 on 2024-10-23 16:30:00+00:00
2024-11-10 20:31:50,057 - Long Buy 300.00 shares at 51.47 on 2024-10-23 16:45:00+00:00
2024-11-10 20:31:50,057 - Long Buy 295.00 shares at 51.38 on 2024-10-23 17:00:00+00:00
2024-11-10 20:31:50,057 - Long Buy 289.00 shares at 51.33 on 2024-10-23 17:15:00+00:00
2024-11-10 20:31:50,057 - Long Buy 283.00 shares at 51.37 on 2024-10-23 17:30:00+00:00
2024-11-10 20:31:50,057 - Long Buy 277.00 shares at 51.34 on 2024-10-23 17:45:00+00:00
2024-11-10 20:31:50,057 - Long Buy 273.00 shares at 51.16 on 2024-10-23 18:00:00+00:00
2024-11-10 20:31:50,057 - Long Buy 267.00 shares at 51.21 on 2024-10-23 18:15:00+00:00
2024-11-10 20:31:50,057 - Long Buy 261.00 shares at 51.32 on 2024-10-23 18:30:00+00:00
2024-11-10 20:31:50,057 - Long Buy 256.00 shares at 51.29 on 2024-10-23 18:45:00+00:00
2024-11-10 20:31:50,058 - Sell to close 6995.00 shares at 51.36 on 2024-10-23 19:00:00+00:00 (Exit: Signal, Profit: -1035.7000000000432, Duration: 330.0 minutes)
2024-11-10 20:31:50,058 - Short Sell 390.00 shares at 51.41 on 2024-10-23 19:15:00+00:00
2024-11-10 20:31:50,058 - Short Sell 390.00 shares at 51.48 on 2024-10-23 19:30:00+00:00
2024-11-10 20:31:50,058 - Short Sell 390.00 shares at 51.48 on 2024-10-23 19:45:00+00:00
2024-11-10 20:31:50,058 - Buy to cover -1170.00 shares at 50.95 on 2024-10-24 13:30:00+00:00 (Exit: Signal, Profit: 592.7999999999846, Duration: 1095.0 minutes)
2024-11-10 20:31:50,058 - Long Buy 393.00 shares at 51.14 on 2024-10-24 13:45:00+00:00
2024-11-10 20:31:50,058 - Long Buy 385.00 shares at 51.16 on 2024-10-24 14:00:00+00:00
2024-11-10 20:31:50,058 - Long Buy 376.00 shares at 51.21 on 2024-10-24 14:15:00+00:00
2024-11-10 20:31:50,058 - Long Buy 371.00 shares at 50.88 on 2024-10-24 14:30:00+00:00
2024-11-10 20:31:50,058 - Long Buy 363.00 shares at 51.04 on 2024-10-24 14:45:00+00:00
2024-11-10 20:31:50,058 - Long Buy 355.00 shares at 51.05 on 2024-10-24 15:00:00+00:00
2024-11-10 20:31:50,058 - Long Buy 349.00 shares at 50.93 on 2024-10-24 15:15:00+00:00
2024-11-10 20:31:50,058 - Long Buy 342.00 shares at 50.98 on 2024-10-24 15:30:00+00:00
2024-11-10 20:31:50,058 - Long Buy 335.00 shares at 50.93 on 2024-10-24 15:45:00+00:00
2024-11-10 20:31:50,058 - Long Buy 329.00 shares at 50.84 on 2024-10-24 16:00:00+00:00
2024-11-10 20:31:50,058 - Sell to close 3598.00 shares at 50.96 on 2024-10-24 16:15:00+00:00 (Exit: Signal, Profit: -219.88999999996054, Duration: 150.0 minutes)
2024-11-10 20:31:50,058 - Short Sell 394.00 shares at 50.95 on 2024-10-24 16:30:00+00:00
2024-11-10 20:31:50,058 - Buy to cover -394.00 shares at 50.91 on 2024-10-24 16:45:00+00:00 (Exit: Signal, Profit: 15.760000000005263, Duration: 15.0 minutes)
2024-11-10 20:31:50,058 - Short Sell 394.00 shares at 50.96 on 2024-10-24 17:00:00+00:00
2024-11-10 20:31:50,058 - Short Sell 394.00 shares at 50.98 on 2024-10-24 17:15:00+00:00
2024-11-10 20:31:50,058 - Short Sell 392.00 shares at 51.13 on 2024-10-24 17:30:00+00:00
2024-11-10 20:31:50,058 - Short Sell 394.00 shares at 50.97 on 2024-10-24 17:45:00+00:00
2024-11-10 20:31:50,058 - Short Sell 394.00 shares at 50.97 on 2024-10-24 18:00:00+00:00
2024-11-10 20:31:50,058 - Short Sell 394.00 shares at 50.97 on 2024-10-24 18:15:00+00:00
2024-11-10 20:31:50,058 - Short Sell 394.00 shares at 50.97 on 2024-10-24 19:00:00+00:00
2024-11-10 20:31:50,058 - Short Sell 393.00 shares at 51.01 on 2024-10-24 19:30:00+00:00
2024-11-10 20:31:50,058 - Buy to cover -3149.00 shares at 50.99 on 2024-10-24 19:45:00+00:00 (Exit: Signal, Profit: 15.45999999996048, Duration: 165.0 minutes)
2024-11-10 20:31:50,058 - Long Buy 398.00 shares at 50.38 on 2024-10-25 13:30:00+00:00
2024-11-10 20:31:50,059 - Long Buy 391.00 shares at 50.27 on 2024-10-25 13:45:00+00:00
2024-11-10 20:31:50,059 - Long Buy 382.00 shares at 50.41 on 2024-10-25 14:00:00+00:00
2024-11-10 20:31:50,059 - Long Buy 374.00 shares at 50.45 on 2024-10-25 14:15:00+00:00
2024-11-10 20:31:50,059 - Long Buy 367.00 shares at 50.43 on 2024-10-25 14:30:00+00:00
2024-11-10 20:31:50,059 - Long Buy 361.00 shares at 50.3 on 2024-10-25 14:45:00+00:00
2024-11-10 20:31:50,059 - Long Buy 353.00 shares at 50.38 on 2024-10-25 15:00:00+00:00
2024-11-10 20:31:50,059 - Long Buy 347.00 shares at 50.22 on 2024-10-25 15:15:00+00:00
2024-11-10 20:31:50,059 - Long Buy 340.00 shares at 50.23 on 2024-10-25 15:30:00+00:00
2024-11-10 20:31:50,059 - Long Buy 334.00 shares at 50.16 on 2024-10-25 15:45:00+00:00
2024-11-10 20:31:50,059 - Long Buy 328.00 shares at 50.06 on 2024-10-25 16:00:00+00:00
2024-11-10 20:31:50,059 - Long Buy 321.00 shares at 50.09 on 2024-10-25 16:15:00+00:00
2024-11-10 20:31:50,059 - Long Buy 314.00 shares at 50.2 on 2024-10-25 16:30:00+00:00
2024-11-10 20:31:50,059 - Long Buy 308.00 shares at 50.12 on 2024-10-25 16:45:00+00:00
2024-11-10 20:31:50,059 - Long Buy 302.00 shares at 50.1 on 2024-10-25 17:00:00+00:00
2024-11-10 20:31:50,059 - Long Buy 296.00 shares at 50.09 on 2024-10-25 17:15:00+00:00
2024-11-10 20:31:50,059 - Long Buy 291.00 shares at 49.94 on 2024-10-25 17:30:00+00:00
2024-11-10 20:31:50,059 - Long Buy 285.00 shares at 49.93 on 2024-10-25 17:45:00+00:00
2024-11-10 20:31:50,059 - Long Buy 280.00 shares at 49.84 on 2024-10-25 18:00:00+00:00
2024-11-10 20:31:50,059 - Long Buy 274.00 shares at 49.99 on 2024-10-25 18:15:00+00:00
2024-11-10 20:31:50,059 - Long Buy 268.00 shares at 50.01 on 2024-10-25 18:30:00+00:00
2024-11-10 20:31:50,059 - Long Buy 263.00 shares at 50.02 on 2024-10-25 18:45:00+00:00
2024-11-10 20:31:50,059 - Long Buy 258.00 shares at 49.88 on 2024-10-25 19:00:00+00:00
2024-11-10 20:31:50,059 - Long Buy 253.00 shares at 49.86 on 2024-10-25 19:15:00+00:00
2024-11-10 20:31:50,059 - Long Buy 248.00 shares at 49.88 on 2024-10-25 19:30:00+00:00
2024-11-10 20:31:50,059 - Long Buy 244.00 shares at 49.7 on 2024-10-25 19:45:00+00:00
2024-11-10 20:31:50,059 - Long Buy 238.00 shares at 49.87 on 2024-10-28 13:30:00+00:00
2024-11-10 20:31:50,059 - Long Buy 235.00 shares at 49.55 on 2024-10-28 13:45:00+00:00
2024-11-10 20:31:50,059 - Long Buy 230.00 shares at 49.54 on 2024-10-28 14:00:00+00:00
2024-11-10 20:31:50,059 - Sell to close 8883.00 shares at 49.81 on 2024-10-28 14:15:00+00:00 (Exit: Signal, Profit: -2594.059999999978, Duration: 4365.0 minutes)
2024-11-10 20:31:50,059 - Short Sell 403.00 shares at 49.72 on 2024-10-28 14:30:00+00:00
2024-11-10 20:31:50,059 - Short Sell 403.00 shares at 49.73 on 2024-10-28 14:45:00+00:00
2024-11-10 20:31:50,059 - Short Sell 402.00 shares at 49.83 on 2024-10-28 15:00:00+00:00
2024-11-10 20:31:50,059 - Short Sell 402.00 shares at 49.84 on 2024-10-28 15:15:00+00:00
2024-11-10 20:31:50,059 - Short Sell 403.00 shares at 49.73 on 2024-10-28 15:30:00+00:00
2024-11-10 20:31:50,059 - Short Sell 403.00 shares at 49.7 on 2024-10-28 15:45:00+00:00
2024-11-10 20:31:50,059 - Short Sell 402.00 shares at 49.8 on 2024-10-28 16:00:00+00:00
2024-11-10 20:31:50,059 - Short Sell 402.00 shares at 49.84 on 2024-10-28 16:15:00+00:00
2024-11-10 20:31:50,059 - Short Sell 401.00 shares at 49.86 on 2024-10-28 16:30:00+00:00
2024-11-10 20:31:50,059 - Short Sell 401.00 shares at 49.86 on 2024-10-28 16:45:00+00:00
2024-11-10 20:31:50,060 - Short Sell 402.00 shares at 49.82 on 2024-10-28 17:00:00+00:00
2024-11-10 20:31:50,060 - Short Sell 402.00 shares at 49.84 on 2024-10-28 17:15:00+00:00
2024-11-10 20:31:50,060 - Short Sell 401.00 shares at 49.93 on 2024-10-28 17:30:00+00:00
2024-11-10 20:31:50,060 - Short Sell 401.00 shares at 49.9 on 2024-10-28 17:45:00+00:00
2024-11-10 20:31:50,060 - Buy to cover -5628.00 shares at 49.84 on 2024-10-28 18:00:00+00:00 (Exit: Signal, Profit: -145.39000000002773, Duration: 210.0 minutes)
2024-11-10 20:31:50,060 - Long Buy 402.00 shares at 49.81 on 2024-10-28 18:15:00+00:00
2024-11-10 20:31:50,060 - Long Buy 394.00 shares at 49.8 on 2024-10-28 18:30:00+00:00
2024-11-10 20:31:50,060 - Long Buy 386.00 shares at 49.81 on 2024-10-28 18:45:00+00:00
2024-11-10 20:31:50,060 - Long Buy 378.00 shares at 49.83 on 2024-10-28 19:00:00+00:00
2024-11-10 20:31:50,060 - Sell to close 1560.00 shares at 50.02 on 2024-10-28 19:30:00+00:00 (Exit: Signal, Profit: 323.9800000000048, Duration: 75.0 minutes)
2024-11-10 20:31:50,060 - Short Sell 400.00 shares at 50.11 on 2024-10-28 19:45:00+00:00
2024-11-10 20:31:50,060 - Buy to cover -400.00 shares at 49.65 on 2024-10-29 13:30:00+00:00 (Exit: Signal, Profit: 184.00000000000034, Duration: 1065.0 minutes)
2024-11-10 20:31:50,060 - Long Buy 403.00 shares at 49.65 on 2024-10-29 13:45:00+00:00
2024-11-10 20:31:50,060 - Long Buy 395.00 shares at 49.68 on 2024-10-29 14:00:00+00:00
2024-11-10 20:31:50,060 - Long Buy 386.00 shares at 49.82 on 2024-10-29 14:15:00+00:00
2024-11-10 20:31:50,060 - Sell to close 1184.00 shares at 49.96 on 2024-10-29 14:45:00+00:00 (Exit: Signal, Profit: 289.56999999999766, Duration: 60.0 minutes)
2024-11-10 20:31:50,060 - Long Buy 402.00 shares at 49.81 on 2024-10-29 15:00:00+00:00
2024-11-10 20:31:50,060 - Long Buy 395.00 shares at 49.69 on 2024-10-29 15:15:00+00:00
2024-11-10 20:31:50,060 - Long Buy 387.00 shares at 49.73 on 2024-10-29 15:30:00+00:00
2024-11-10 20:31:50,060 - Long Buy 380.00 shares at 49.59 on 2024-10-29 15:45:00+00:00
2024-11-10 20:31:50,060 - Long Buy 373.00 shares at 49.59 on 2024-10-29 16:00:00+00:00
2024-11-10 20:31:50,060 - Long Buy 365.00 shares at 49.67 on 2024-10-29 16:15:00+00:00
2024-11-10 20:31:50,060 - Long Buy 357.00 shares at 49.7 on 2024-10-29 16:30:00+00:00
2024-11-10 20:31:50,060 - Long Buy 350.00 shares at 49.64 on 2024-10-29 16:45:00+00:00
2024-11-10 20:31:50,060 - Long Buy 343.00 shares at 49.63 on 2024-10-29 17:00:00+00:00
2024-11-10 20:31:50,060 - Long Buy 336.00 shares at 49.68 on 2024-10-29 17:15:00+00:00
2024-11-10 20:31:50,060 - Long Buy 330.00 shares at 49.6 on 2024-10-29 17:30:00+00:00
2024-11-10 20:31:50,060 - Long Buy 323.00 shares at 49.64 on 2024-10-29 17:45:00+00:00
2024-11-10 20:31:50,060 - Long Buy 317.00 shares at 49.61 on 2024-10-29 18:00:00+00:00
2024-11-10 20:31:50,060 - Long Buy 311.00 shares at 49.53 on 2024-10-29 18:15:00+00:00
2024-11-10 20:31:50,060 - Long Buy 305.00 shares at 49.58 on 2024-10-29 18:30:00+00:00
2024-11-10 20:31:50,060 - Long Buy 298.00 shares at 49.58 on 2024-10-29 18:45:00+00:00
2024-11-10 20:31:50,061 - Long Buy 294.00 shares at 49.39 on 2024-10-29 19:00:00+00:00
2024-11-10 20:31:50,061 - Long Buy 287.00 shares at 49.47 on 2024-10-29 19:15:00+00:00
2024-11-10 20:31:50,061 - Long Buy 282.00 shares at 49.39 on 2024-10-29 19:30:00+00:00
2024-11-10 20:31:50,061 - Long Buy 276.00 shares at 49.48 on 2024-10-29 19:45:00+00:00
2024-11-10 20:31:50,061 - Sell to close 6711.00 shares at 49.81 on 2024-10-30 13:30:00+00:00 (Exit: Signal, Profit: 1343.2700000000464, Duration: 1350.0 minutes)
2024-11-10 20:31:50,061 - Short Sell 400.00 shares at 50.14 on 2024-10-30 13:45:00+00:00
2024-11-10 20:31:50,061 - Short Sell 401.00 shares at 50.08 on 2024-10-30 14:00:00+00:00
2024-11-10 20:31:50,061 - Short Sell 402.00 shares at 49.88 on 2024-10-30 14:15:00+00:00
2024-11-10 20:31:50,061 - Short Sell 404.00 shares at 49.73 on 2024-10-30 14:30:00+00:00
2024-11-10 20:31:50,061 - Short Sell 404.00 shares at 49.67 on 2024-10-30 14:45:00+00:00
2024-11-10 20:31:50,061 - Buy to cover -2011.00 shares at 49.53 on 2024-10-30 15:00:00+00:00 (Exit: Signal, Profit: 742.6100000000039, Duration: 75.0 minutes)
2024-11-10 20:31:50,061 - Long Buy 405.00 shares at 49.51 on 2024-10-30 15:15:00+00:00
2024-11-10 20:31:50,061 - Long Buy 397.00 shares at 49.51 on 2024-10-30 15:30:00+00:00
2024-11-10 20:31:50,061 - Long Buy 390.00 shares at 49.38 on 2024-10-30 15:45:00+00:00
2024-11-10 20:31:50,061 - Long Buy 383.00 shares at 49.34 on 2024-10-30 16:00:00+00:00
2024-11-10 20:31:50,061 - Long Buy 376.00 shares at 49.3 on 2024-10-30 16:15:00+00:00
2024-11-10 20:31:50,061 - Long Buy 368.00 shares at 49.3 on 2024-10-30 16:45:00+00:00
2024-11-10 20:31:50,061 - Long Buy 361.00 shares at 49.27 on 2024-10-30 17:15:00+00:00
2024-11-10 20:31:50,061 - Long Buy 354.00 shares at 49.19 on 2024-10-30 17:30:00+00:00
2024-11-10 20:31:50,061 - Long Buy 347.00 shares at 49.29 on 2024-10-30 17:45:00+00:00
2024-11-10 20:31:50,061 - Sell to close 3381.00 shares at 49.39 on 2024-10-30 18:00:00+00:00 (Exit: Signal, Profit: 142.5899999999967, Duration: 165.0 minutes)
2024-11-10 20:31:50,061 - Short Sell 407.00 shares at 49.37 on 2024-10-30 18:15:00+00:00
2024-11-10 20:31:50,061 - Buy to cover -407.00 shares at 49.22 on 2024-10-30 18:30:00+00:00 (Exit: Signal, Profit: 61.04999999999942, Duration: 15.0 minutes)
2024-11-10 20:31:50,061 - Long Buy 408.00 shares at 49.26 on 2024-10-30 18:45:00+00:00
2024-11-10 20:31:50,061 - Long Buy 400.00 shares at 49.22 on 2024-10-30 19:00:00+00:00
2024-11-10 20:31:50,061 - Long Buy 392.00 shares at 49.23 on 2024-10-30 19:15:00+00:00
2024-11-10 20:31:50,061 - Long Buy 384.00 shares at 49.21 on 2024-10-30 19:30:00+00:00
2024-11-10 20:31:50,061 - Long Buy 375.00 shares at 49.32 on 2024-10-31 13:30:00+00:00
2024-11-10 20:31:50,061 - Sell to close 1959.00 shares at 49.42 on 2024-10-31 13:45:00+00:00 (Exit: Signal, Profit: 337.8999999999932, Duration: 1140.0 minutes)
2024-11-10 20:31:50,061 - Long Buy 408.00 shares at 49.28 on 2024-10-31 14:00:00+00:00
2024-11-10 20:31:50,062 - Long Buy 399.00 shares at 49.28 on 2024-10-31 14:15:00+00:00
2024-11-10 20:31:50,062 - Long Buy 392.00 shares at 49.26 on 2024-10-31 14:30:00+00:00
2024-11-10 20:31:50,062 - Long Buy 384.00 shares at 49.22 on 2024-10-31 14:45:00+00:00
2024-11-10 20:31:50,062 - Long Buy 376.00 shares at 49.25 on 2024-10-31 15:00:00+00:00
2024-11-10 20:31:50,062 - Long Buy 369.00 shares at 49.26 on 2024-10-31 15:15:00+00:00
2024-11-10 20:31:50,062 - Long Buy 361.00 shares at 49.22 on 2024-10-31 15:30:00+00:00
2024-11-10 20:31:50,062 - Long Buy 354.00 shares at 49.24 on 2024-10-31 15:45:00+00:00
2024-11-10 20:31:50,062 - Long Buy 347.00 shares at 49.26 on 2024-10-31 16:00:00+00:00
2024-11-10 20:31:50,062 - Long Buy 340.00 shares at 49.29 on 2024-10-31 16:15:00+00:00
2024-11-10 20:31:50,062 - Sell to close 3730.00 shares at 49.39 on 2024-10-31 16:45:00+00:00 (Exit: Signal, Profit: 499.1999999999664, Duration: 165.0 minutes)
2024-11-10 20:31:50,062 - Short Sell 407.00 shares at 49.38 on 2024-10-31 17:00:00+00:00
2024-11-10 20:31:50,062 - Buy to cover -407.00 shares at 49.37 on 2024-10-31 17:15:00+00:00 (Exit: Signal, Profit: 4.070000000002082, Duration: 15.0 minutes)
2024-11-10 20:31:50,062 - Long Buy 408.00 shares at 49.27 on 2024-10-31 17:30:00+00:00
2024-11-10 20:31:50,062 - Long Buy 400.00 shares at 49.26 on 2024-10-31 17:45:00+00:00
2024-11-10 20:31:50,062 - Long Buy 392.00 shares at 49.21 on 2024-10-31 18:00:00+00:00
2024-11-10 20:31:50,062 - Long Buy 384.00 shares at 49.25 on 2024-10-31 18:15:00+00:00
2024-11-10 20:31:50,062 - Long Buy 377.00 shares at 49.23 on 2024-10-31 18:30:00+00:00
2024-11-10 20:31:50,062 - Sell to close 1961.00 shares at 49.48 on 2024-10-31 18:45:00+00:00 (Exit: Signal, Profit: 462.0899999999929, Duration: 75.0 minutes)
2024-11-10 20:31:50,062 - Short Sell 406.00 shares at 49.52 on 2024-10-31 19:00:00+00:00
2024-11-10 20:31:50,062 - Short Sell 406.00 shares at 49.52 on 2024-10-31 19:15:00+00:00
2024-11-10 20:31:50,062 - Short Sell 405.00 shares at 49.58 on 2024-10-31 19:30:00+00:00
2024-11-10 20:31:50,062 - Buy to cover -1217.00 shares at 49.33 on 2024-11-01 13:30:00+00:00 (Exit: Signal, Profit: 255.5300000000042, Duration: 1110.0 minutes)
2024-11-10 20:31:50,062 - Short Sell 407.00 shares at 49.44 on 2024-11-01 14:00:00+00:00
2024-11-10 20:31:50,062 - Short Sell 407.00 shares at 49.45 on 2024-11-01 14:15:00+00:00
2024-11-10 20:31:50,062 - Buy to cover -814.00 shares at 49.23 on 2024-11-01 14:30:00+00:00 (Exit: Signal, Profit: 175.00999999999698, Duration: 30.0 minutes)
2024-11-10 20:31:50,062 - Long Buy 409.00 shares at 49.16 on 2024-11-01 14:45:00+00:00
2024-11-10 20:31:50,062 - Long Buy 400.00 shares at 49.22 on 2024-11-01 15:00:00+00:00
2024-11-10 20:31:50,062 - Sell to close 809.00 shares at 49.51 on 2024-11-01 15:15:00+00:00 (Exit: Signal, Profit: 259.1499999999959, Duration: 30.0 minutes)
2024-11-10 20:31:50,063 - Short Sell 406.00 shares at 49.51 on 2024-11-01 15:30:00+00:00
2024-11-10 20:31:50,063 - Buy to cover -406.00 shares at 49.31 on 2024-11-01 15:45:00+00:00 (Exit: Signal, Profit: 81.19999999999538, Duration: 15.0 minutes)
2024-11-10 20:31:50,063 - Long Buy 408.00 shares at 49.34 on 2024-11-01 16:00:00+00:00
2024-11-10 20:31:50,063 - Long Buy 401.00 shares at 49.21 on 2024-11-01 16:15:00+00:00
2024-11-10 20:31:50,063 - Long Buy 393.00 shares at 49.11 on 2024-11-01 16:30:00+00:00
2024-11-10 20:31:50,063 - Long Buy 386.00 shares at 49.1 on 2024-11-01 16:45:00+00:00
2024-11-10 20:31:50,063 - Long Buy 378.00 shares at 49.09 on 2024-11-01 17:00:00+00:00
2024-11-10 20:31:50,063 - Long Buy 370.00 shares at 49.13 on 2024-11-01 17:15:00+00:00
2024-11-10 20:31:50,063 - Long Buy 364.00 shares at 48.91 on 2024-11-01 17:30:00+00:00
2024-11-10 20:31:50,063 - Long Buy 357.00 shares at 48.88 on 2024-11-01 17:45:00+00:00
2024-11-10 20:31:50,063 - Long Buy 350.00 shares at 48.89 on 2024-11-01 18:00:00+00:00
2024-11-10 20:31:50,063 - Sell to close 3407.00 shares at 49.0 on 2024-11-01 18:15:00+00:00 (Exit: Signal, Profit: -272.78000000003027, Duration: 135.0 minutes)
2024-11-10 20:31:50,063 - Short Sell 410.00 shares at 49.02 on 2024-11-01 18:30:00+00:00
2024-11-10 20:31:50,063 - Short Sell 411.00 shares at 49.0 on 2024-11-01 18:45:00+00:00
2024-11-10 20:31:50,063 - Short Sell 410.00 shares at 49.07 on 2024-11-01 19:00:00+00:00
2024-11-10 20:31:50,063 - Short Sell 411.00 shares at 48.98 on 2024-11-01 19:15:00+00:00
2024-11-10 20:31:50,063 - Short Sell 411.00 shares at 48.94 on 2024-11-01 19:30:00+00:00
2024-11-10 20:31:50,063 - Short Sell 411.00 shares at 48.96 on 2024-11-01 19:45:00+00:00
2024-11-10 20:31:50,063 - Buy to cover -2464.00 shares at 48.18 on 2024-11-04 14:30:00+00:00 (Exit: Signal, Profit: 2008.0599999999895, Duration: 4080.0 minutes)
2024-11-10 20:31:50,063 - Long Buy 417.00 shares at 48.35 on 2024-11-04 14:45:00+00:00
2024-11-10 20:31:50,063 - Long Buy 411.00 shares at 48.02 on 2024-11-04 15:00:00+00:00
2024-11-10 20:31:50,063 - Long Buy 403.00 shares at 48.05 on 2024-11-04 15:15:00+00:00
2024-11-10 20:31:50,063 - Long Buy 395.00 shares at 48.07 on 2024-11-04 15:30:00+00:00
2024-11-10 20:31:50,063 - Long Buy 387.00 shares at 47.99 on 2024-11-04 15:45:00+00:00
2024-11-10 20:31:50,063 - Long Buy 379.00 shares at 48.13 on 2024-11-04 16:00:00+00:00
2024-11-10 20:31:50,063 - Long Buy 371.00 shares at 48.08 on 2024-11-04 16:15:00+00:00
2024-11-10 20:31:50,063 - Long Buy 366.00 shares at 47.78 on 2024-11-04 16:30:00+00:00
2024-11-10 20:31:50,063 - Long Buy 360.00 shares at 47.66 on 2024-11-04 16:45:00+00:00
2024-11-10 20:31:50,063 - Long Buy 353.00 shares at 47.56 on 2024-11-04 17:00:00+00:00
2024-11-10 20:31:50,063 - Long Buy 345.00 shares at 47.69 on 2024-11-04 17:15:00+00:00
2024-11-10 20:31:50,063 - Long Buy 338.00 shares at 47.7 on 2024-11-04 17:30:00+00:00
2024-11-10 20:31:50,063 - Long Buy 332.00 shares at 47.61 on 2024-11-04 17:45:00+00:00
2024-11-10 20:31:50,063 - Long Buy 325.00 shares at 47.7 on 2024-11-04 18:00:00+00:00
2024-11-10 20:31:50,063 - Long Buy 318.00 shares at 47.82 on 2024-11-04 18:15:00+00:00
2024-11-10 20:31:50,063 - Long Buy 312.00 shares at 47.76 on 2024-11-04 18:30:00+00:00
2024-11-10 20:31:50,064 - Long Buy 305.00 shares at 47.78 on 2024-11-04 18:45:00+00:00
2024-11-10 20:31:50,064 - Long Buy 300.00 shares at 47.62 on 2024-11-04 19:00:00+00:00
2024-11-10 20:31:50,064 - Long Buy 294.00 shares at 47.63 on 2024-11-04 19:15:00+00:00
2024-11-10 20:31:50,064 - Long Buy 288.00 shares at 47.61 on 2024-11-04 19:30:00+00:00
2024-11-10 20:31:50,064 - Long Buy 282.00 shares at 47.75 on 2024-11-04 19:45:00+00:00
2024-11-10 20:31:50,064 - Long Buy 276.00 shares at 47.82 on 2024-11-04 20:00:00+00:00
2024-11-10 20:31:50,064 - Sell to close 7557.00 shares at 47.84 on 2024-11-04 20:15:00+00:00 (Exit: Signal, Profit: -38.10000000005562, Duration: 330.0 minutes)
2024-11-10 20:31:50,064 - Short Sell 420.00 shares at 47.96 on 2024-11-04 20:30:00+00:00
2024-11-10 20:31:50,064 - Short Sell 420.00 shares at 47.95 on 2024-11-04 20:45:00+00:00
2024-11-10 20:31:50,064 - Buy to cover -840.00 shares at 47.51 on 2024-11-05 14:30:00+00:00 (Exit: Signal, Profit: 373.80000000000024, Duration: 1080.0 minutes)
2024-11-10 20:31:50,064 - Long Buy 425.00 shares at 47.47 on 2024-11-05 14:45:00+00:00
2024-11-10 20:31:50,064 - Long Buy 416.00 shares at 47.5 on 2024-11-05 15:00:00+00:00
2024-11-10 20:31:50,064 - Long Buy 407.00 shares at 47.53 on 2024-11-05 15:15:00+00:00
2024-11-10 20:31:50,064 - Long Buy 398.00 shares at 47.7 on 2024-11-05 15:30:00+00:00
2024-11-10 20:31:50,064 - Long Buy 391.00 shares at 47.58 on 2024-11-05 15:45:00+00:00
2024-11-10 20:31:50,064 - Long Buy 382.00 shares at 47.75 on 2024-11-05 16:00:00+00:00
2024-11-10 20:31:50,064 - Long Buy 376.00 shares at 47.55 on 2024-11-05 16:15:00+00:00
2024-11-10 20:31:50,064 - Long Buy 367.00 shares at 47.63 on 2024-11-05 16:30:00+00:00
2024-11-10 20:31:50,064 - Long Buy 360.00 shares at 47.62 on 2024-11-05 16:45:00+00:00
2024-11-10 20:31:50,064 - Long Buy 353.00 shares at 47.59 on 2024-11-05 17:00:00+00:00
2024-11-10 20:31:50,064 - Long Buy 347.00 shares at 47.54 on 2024-11-05 17:15:00+00:00
2024-11-10 20:31:50,064 - Sell to close 4222.00 shares at 47.63 on 2024-11-05 17:30:00+00:00 (Exit: Signal, Profit: 187.66000000002032, Duration: 165.0 minutes)
2024-11-10 20:31:50,064 - Short Sell 422.00 shares at 47.77 on 2024-11-05 17:45:00+00:00
2024-11-10 20:31:50,064 - Short Sell 423.00 shares at 47.73 on 2024-11-05 18:00:00+00:00
2024-11-10 20:31:50,064 - Short Sell 423.00 shares at 47.73 on 2024-11-05 18:15:00+00:00
2024-11-10 20:31:50,064 - Short Sell 422.00 shares at 47.74 on 2024-11-05 18:30:00+00:00
2024-11-10 20:31:50,064 - Short Sell 423.00 shares at 47.73 on 2024-11-05 18:45:00+00:00
2024-11-10 20:31:50,064 - Short Sell 422.00 shares at 47.8 on 2024-11-05 19:00:00+00:00
2024-11-10 20:31:50,064 - Short Sell 422.00 shares at 47.82 on 2024-11-05 19:15:00+00:00
2024-11-10 20:31:50,064 - Short Sell 422.00 shares at 47.77 on 2024-11-05 19:30:00+00:00
2024-11-10 20:31:50,064 - Short Sell 423.00 shares at 47.68 on 2024-11-05 19:45:00+00:00
2024-11-10 20:31:50,064 - Short Sell 422.00 shares at 47.74 on 2024-11-05 20:00:00+00:00
2024-11-10 20:31:50,064 - Short Sell 423.00 shares at 47.69 on 2024-11-05 20:15:00+00:00
2024-11-10 20:31:50,064 - Short Sell 423.00 shares at 47.7 on 2024-11-05 20:30:00+00:00
2024-11-10 20:31:50,064 - Short Sell 421.00 shares at 47.89 on 2024-11-05 20:45:00+00:00
2024-11-10 20:31:50,065 - Short Sell 413.00 shares at 48.56 on 2024-11-06 14:30:00+00:00
2024-11-10 20:31:50,065 - Buy to cover -5904.00 shares at 48.24 on 2024-11-06 14:45:00+00:00 (Exit: Signal, Profit: -2541.9299999999953, Duration: 1260.0 minutes)
2024-11-10 20:31:50,065 - Long Buy 416.00 shares at 48.34 on 2024-11-06 15:00:00+00:00
2024-11-10 20:31:50,065 - Long Buy 407.00 shares at 48.4 on 2024-11-06 15:15:00+00:00
2024-11-10 20:31:50,065 - Long Buy 399.00 shares at 48.39 on 2024-11-06 15:30:00+00:00
2024-11-10 20:31:50,065 - Long Buy 391.00 shares at 48.38 on 2024-11-06 15:45:00+00:00
2024-11-10 20:31:50,065 - Long Buy 383.00 shares at 48.5 on 2024-11-06 16:00:00+00:00
2024-11-10 20:31:50,065 - Long Buy 378.00 shares at 48.16 on 2024-11-06 16:15:00+00:00
2024-11-10 20:31:50,065 - Long Buy 370.00 shares at 48.22 on 2024-11-06 16:30:00+00:00
2024-11-10 20:31:50,065 - Long Buy 363.00 shares at 48.15 on 2024-11-06 16:45:00+00:00
2024-11-10 20:31:50,065 - Long Buy 355.00 shares at 48.16 on 2024-11-06 17:00:00+00:00
2024-11-10 20:31:50,065 - Long Buy 349.00 shares at 48.06 on 2024-11-06 17:15:00+00:00
2024-11-10 20:31:50,065 - Long Buy 342.00 shares at 48.06 on 2024-11-06 17:30:00+00:00
2024-11-10 20:31:50,065 - Long Buy 335.00 shares at 48.08 on 2024-11-06 17:45:00+00:00
2024-11-10 20:31:50,065 - Long Buy 327.00 shares at 48.21 on 2024-11-06 18:00:00+00:00
2024-11-10 20:31:50,065 - Long Buy 320.00 shares at 48.3 on 2024-11-06 18:15:00+00:00
2024-11-10 20:31:50,065 - Sell to close 5135.00 shares at 48.37 on 2024-11-06 18:30:00+00:00 (Exit: Signal, Profit: 613.9599999999709, Duration: 210.0 minutes)
2024-11-10 20:31:50,065 - Short Sell 416.00 shares at 48.33 on 2024-11-06 18:45:00+00:00
2024-11-10 20:31:50,065 - Buy to cover -416.00 shares at 48.28 on 2024-11-06 19:00:00+00:00 (Exit: Signal, Profit: 20.799999999998818, Duration: 15.0 minutes)
2024-11-10 20:31:50,065 - Short Sell 416.00 shares at 48.41 on 2024-11-06 19:15:00+00:00
2024-11-10 20:31:50,065 - Short Sell 416.00 shares at 48.39 on 2024-11-06 19:30:00+00:00
2024-11-10 20:31:50,065 - Short Sell 416.00 shares at 48.39 on 2024-11-06 19:45:00+00:00
2024-11-10 20:31:50,065 - Short Sell 417.00 shares at 48.32 on 2024-11-06 20:15:00+00:00
2024-11-10 20:31:50,065 - Short Sell 416.00 shares at 48.36 on 2024-11-06 20:30:00+00:00
2024-11-10 20:31:50,065 - Short Sell 416.00 shares at 48.34 on 2024-11-06 20:45:00+00:00
2024-11-10 20:31:50,065 - Short Sell 416.00 shares at 48.34 on 2024-11-07 14:30:00+00:00
2024-11-10 20:31:50,065 - Short Sell 416.00 shares at 48.43 on 2024-11-07 14:45:00+00:00
2024-11-10 20:31:50,065 - Short Sell 415.00 shares at 48.44 on 2024-11-07 15:00:00+00:00
2024-11-10 20:31:50,065 - Short Sell 414.00 shares at 48.55 on 2024-11-07 15:15:00+00:00
2024-11-10 20:31:50,065 - Short Sell 413.00 shares at 48.65 on 2024-11-07 15:30:00+00:00
2024-11-10 20:31:50,065 - Buy to cover -4571.00 shares at 48.51 on 2024-11-07 15:45:00+00:00 (Exit: Signal, Profit: -412.459999999983, Duration: 1230.0 minutes)
2024-11-10 20:31:50,065 - Long Buy 414.00 shares at 48.57 on 2024-11-07 16:00:00+00:00
2024-11-10 20:31:50,065 - Long Buy 407.00 shares at 48.5 on 2024-11-07 16:15:00+00:00
2024-11-10 20:31:50,066 - Long Buy 398.00 shares at 48.55 on 2024-11-07 16:30:00+00:00
2024-11-10 20:31:50,066 - Long Buy 390.00 shares at 48.58 on 2024-11-07 16:45:00+00:00
2024-11-10 20:31:50,066 - Long Buy 382.00 shares at 48.59 on 2024-11-07 17:00:00+00:00
2024-11-10 20:31:50,066 - Long Buy 374.00 shares at 48.57 on 2024-11-07 17:15:00+00:00
2024-11-10 20:31:50,066 - Long Buy 367.00 shares at 48.58 on 2024-11-07 17:30:00+00:00
2024-11-10 20:31:50,066 - Long Buy 360.00 shares at 48.54 on 2024-11-07 17:45:00+00:00
2024-11-10 20:31:50,066 - Long Buy 353.00 shares at 48.55 on 2024-11-07 18:00:00+00:00
2024-11-10 20:31:50,066 - Long Buy 345.00 shares at 48.55 on 2024-11-07 18:15:00+00:00
2024-11-10 20:31:50,066 - Long Buy 339.00 shares at 48.46 on 2024-11-07 18:30:00+00:00
2024-11-10 20:31:50,066 - Long Buy 333.00 shares at 48.4 on 2024-11-07 18:45:00+00:00
2024-11-10 20:31:50,066 - Long Buy 326.00 shares at 48.39 on 2024-11-07 19:00:00+00:00
2024-11-10 20:31:50,066 - Long Buy 319.00 shares at 48.43 on 2024-11-07 19:15:00+00:00
2024-11-10 20:31:50,066 - Long Buy 314.00 shares at 48.34 on 2024-11-07 19:30:00+00:00
2024-11-10 20:31:50,066 - Sell to close 5421.00 shares at 48.54 on 2024-11-07 19:45:00+00:00 (Exit: Signal, Profit: 152.82999999996838, Duration: 225.0 minutes)
2024-11-10 20:31:50,066 - Short Sell 413.00 shares at 48.71 on 2024-11-07 20:00:00+00:00
2024-11-10 20:31:50,066 - Short Sell 414.00 shares at 48.59 on 2024-11-07 20:15:00+00:00
2024-11-10 20:31:50,066 - Short Sell 414.00 shares at 48.59 on 2024-11-07 20:30:00+00:00
2024-11-10 20:31:50,066 - Short Sell 412.00 shares at 48.88 on 2024-11-07 20:45:00+00:00
2024-11-10 20:31:50,066 - Buy to cover -1653.00 shares at 47.58 on 2024-11-08 14:30:00+00:00 (Exit: Profit_take, Profit: 1838.570000000017, Duration: 1110.0 minutes)
2024-11-10 20:31:50,066 - Long Buy 427.00 shares at 47.22 on 2024-11-08 14:45:00+00:00
2024-11-10 20:31:50,066 - Long Buy 418.00 shares at 47.29 on 2024-11-08 15:00:00+00:00
2024-11-10 20:31:50,066 - Long Buy 413.00 shares at 46.93 on 2024-11-08 15:15:00+00:00
2024-11-10 20:31:50,066 - Long Buy 402.00 shares at 47.21 on 2024-11-08 15:30:00+00:00
2024-11-10 20:31:50,066 - Long Buy 393.00 shares at 47.3 on 2024-11-08 15:45:00+00:00
2024-11-10 20:31:50,066 - Long Buy 386.00 shares at 47.25 on 2024-11-08 16:00:00+00:00
2024-11-10 20:31:50,066 - Long Buy 380.00 shares at 46.96 on 2024-11-08 16:15:00+00:00
2024-11-10 20:31:50,066 - Long Buy 374.00 shares at 46.74 on 2024-11-08 16:30:00+00:00
2024-11-10 20:31:50,066 - Long Buy 368.00 shares at 46.61 on 2024-11-08 16:45:00+00:00
2024-11-10 20:31:50,066 - Long Buy 361.00 shares at 46.59 on 2024-11-08 17:00:00+00:00
2024-11-10 20:31:50,066 - Long Buy 354.00 shares at 46.59 on 2024-11-08 17:15:00+00:00
2024-11-10 20:31:50,066 - Long Buy 348.00 shares at 46.42 on 2024-11-08 17:30:00+00:00
2024-11-10 20:31:50,066 - Long Buy 341.00 shares at 46.45 on 2024-11-08 17:45:00+00:00
2024-11-10 20:31:50,066 - Long Buy 334.00 shares at 46.47 on 2024-11-08 18:00:00+00:00
2024-11-10 20:31:50,066 - Long Buy 327.00 shares at 46.47 on 2024-11-08 18:15:00+00:00
2024-11-10 20:31:50,066 - Long Buy 320.00 shares at 46.47 on 2024-11-08 18:30:00+00:00
2024-11-10 20:31:50,066 - Long Buy 314.00 shares at 46.48 on 2024-11-08 18:45:00+00:00
2024-11-10 20:31:50,067 - Long Buy 307.00 shares at 46.64 on 2024-11-08 19:00:00+00:00
2024-11-10 20:31:50,067 - Sell to close 6567.00 shares at 46.86 on 2024-11-08 19:15:00+00:00 (Exit: Signal, Profit: 327.77999999995234, Duration: 270.0 minutes)
2024-11-10 20:31:50,067 - Short Sell 431.00 shares at 46.84 on 2024-11-08 19:30:00+00:00
2024-11-10 20:31:50,067 - Short Sell 431.00 shares at 46.82 on 2024-11-08 19:45:00+00:00
2024-11-10 20:31:50,067 - Buy to cover -862.00 shares at 46.64 on 2024-11-08 20:15:00+00:00 (Exit: Signal, Profit: 163.78000000000418, Duration: 45.0 minutes)
2024-11-10 20:31:50,067 - Long Buy 433.00 shares at 46.58 on 2024-11-08 20:30:00+00:00
2024-11-10 20:31:50,067 - Long Buy 425.00 shares at 46.49 on 2024-11-08 20:45:00+00:00
2024-11-10 20:31:50,068 - Holding 858.0 shares as an open position at the end with unrealized return: -0.0009760217234333736, Duration: 15.0 minutes
2024-11-10 20:31:50,069 - Final statisticsStock: DOW, 
total_trades: 62, 
winning_trades: 50, 
losing_trades: 12, 
average_return: 0.002796179952430092, 
average_duration: 562.741935483871, 
final_balance: 969752.3099999987, 
final_portfolio_value: 1009640.7299999987, 
sharpe_ratio: 9.704309523076429, 



