2024-11-11 20:41:58,673 - Starting GBMStrategy with initial capital: 1000000
2024-11-11 20:41:58,673 - Hyperparameters: {'threshold': 1.5, 'time_periods': 30, 'num_simulations': 150}
2024-11-11 20:43:19,433 - Short Sell 126.00 shares at 157.68 on 2024-10-11 14:30:00+00:00
2024-11-11 20:43:19,434 - Buy to cover -126.00 shares at 157.23 on 2024-10-11 15:15:00+00:00 (Exit: Signal, Profit: 56.70000000000215, Duration: 45.0 minutes)
2024-11-11 20:43:19,434 - Long Buy 127.00 shares at 157.35 on 2024-10-11 15:30:00+00:00
2024-11-11 20:43:19,434 - Long Buy 124.00 shares at 157.25 on 2024-10-11 15:45:00+00:00
2024-11-11 20:43:19,434 - Long Buy 122.00 shares at 156.9 on 2024-10-11 16:00:00+00:00
2024-11-11 20:43:19,434 - Long Buy 119.00 shares at 156.94 on 2024-10-11 16:15:00+00:00
2024-11-11 20:43:19,434 - Long Buy 117.00 shares at 156.88 on 2024-10-11 16:30:00+00:00
2024-11-11 20:43:19,434 - Long Buy 115.00 shares at 157.05 on 2024-10-11 16:45:00+00:00
2024-11-11 20:43:19,434 - Long Buy 112.00 shares at 157.12 on 2024-10-11 18:30:00+00:00
2024-11-11 20:43:19,434 - Long Buy 110.00 shares at 157.1 on 2024-10-11 19:00:00+00:00
2024-11-11 20:43:19,434 - Long Buy 108.00 shares at 156.88 on 2024-10-11 19:15:00+00:00
2024-11-11 20:43:19,434 - Long Buy 106.00 shares at 156.62 on 2024-10-11 19:30:00+00:00
2024-11-11 20:43:19,434 - Long Buy 104.00 shares at 156.72 on 2024-10-11 19:45:00+00:00
2024-11-11 20:43:19,434 - Long Buy 102.00 shares at 156.4 on 2024-10-14 13:30:00+00:00
2024-11-11 20:43:19,434 - Long Buy 100.00 shares at 156.79 on 2024-10-14 13:45:00+00:00
2024-11-11 20:43:19,435 - Long Buy 98.00 shares at 156.2 on 2024-10-14 14:00:00+00:00
2024-11-11 20:43:19,435 - Long Buy 96.00 shares at 156.11 on 2024-10-14 14:15:00+00:00
2024-11-11 20:43:19,435 - Long Buy 94.00 shares at 156.38 on 2024-10-14 14:30:00+00:00
2024-11-11 20:43:19,435 - Long Buy 92.00 shares at 156.71 on 2024-10-14 14:45:00+00:00
2024-11-11 20:43:19,435 - Long Buy 90.00 shares at 156.63 on 2024-10-14 15:00:00+00:00
2024-11-11 20:43:19,435 - Long Buy 88.00 shares at 156.82 on 2024-10-14 15:15:00+00:00
2024-11-11 20:43:19,435 - Sell to close 2024.00 shares at 157.41 on 2024-10-14 15:30:00+00:00 (Exit: Signal, Profit: 1220.0800000000033, Duration: 4320.0 minutes)
2024-11-11 20:43:19,435 - Short Sell 127.00 shares at 157.28 on 2024-10-14 15:45:00+00:00
2024-11-11 20:43:19,435 - Short Sell 127.00 shares at 157.16 on 2024-10-14 16:00:00+00:00
2024-11-11 20:43:19,435 - Short Sell 127.00 shares at 157.14 on 2024-10-14 16:15:00+00:00
2024-11-11 20:43:19,435 - Short Sell 127.00 shares at 157.25 on 2024-10-14 16:30:00+00:00
2024-11-11 20:43:19,435 - Short Sell 127.00 shares at 157.47 on 2024-10-14 16:45:00+00:00
2024-11-11 20:43:19,435 - Short Sell 127.00 shares at 157.47 on 2024-10-14 17:00:00+00:00
2024-11-11 20:43:19,435 - Short Sell 127.00 shares at 157.12 on 2024-10-14 17:15:00+00:00
2024-11-11 20:43:19,435 - Short Sell 127.00 shares at 157.14 on 2024-10-14 18:15:00+00:00
2024-11-11 20:43:19,435 - Short Sell 127.00 shares at 157.26 on 2024-10-14 19:15:00+00:00
2024-11-11 20:43:19,435 - Buy to cover -1143.00 shares at 159.38 on 2024-10-15 13:30:00+00:00 (Exit: Stop_loss, Profit: -2429.51000000001, Duration: 1305.0 minutes)
2024-11-11 20:43:19,435 - Short Sell 124.00 shares at 160.94 on 2024-10-16 14:00:00+00:00
2024-11-11 20:43:19,435 - Short Sell 123.00 shares at 161.17 on 2024-10-16 14:15:00+00:00
2024-11-11 20:43:19,436 - Short Sell 123.00 shares at 161.46 on 2024-10-16 14:30:00+00:00
2024-11-11 20:43:19,436 - Short Sell 123.00 shares at 161.68 on 2024-10-16 14:45:00+00:00
2024-11-11 20:43:19,436 - Short Sell 123.00 shares at 162.0 on 2024-10-16 15:00:00+00:00
2024-11-11 20:43:19,436 - Short Sell 123.00 shares at 161.95 on 2024-10-16 15:15:00+00:00
2024-11-11 20:43:19,436 - Short Sell 123.00 shares at 161.82 on 2024-10-16 15:30:00+00:00
2024-11-11 20:43:19,436 - Short Sell 123.00 shares at 161.98 on 2024-10-16 15:45:00+00:00
2024-11-11 20:43:19,436 - Short Sell 123.00 shares at 162.02 on 2024-10-16 16:00:00+00:00
2024-11-11 20:43:19,436 - Short Sell 123.00 shares at 162.28 on 2024-10-16 16:15:00+00:00
2024-11-11 20:43:19,436 - Short Sell 123.00 shares at 162.12 on 2024-10-16 16:30:00+00:00
2024-11-11 20:43:19,436 - Short Sell 123.00 shares at 162.15 on 2024-10-16 16:45:00+00:00
2024-11-11 20:43:19,436 - Short Sell 122.00 shares at 162.31 on 2024-10-16 17:00:00+00:00
2024-11-11 20:43:19,436 - Short Sell 122.00 shares at 162.52 on 2024-10-16 17:15:00+00:00
2024-11-11 20:43:19,436 - Buy to cover -1721.00 shares at 162.47 on 2024-10-16 17:30:00+00:00 (Exit: Signal, Profit: -1007.5599999999521, Duration: 210.0 minutes)
2024-11-11 20:43:19,436 - Short Sell 122.00 shares at 162.74 on 2024-10-16 18:15:00+00:00
2024-11-11 20:43:19,436 - Short Sell 122.00 shares at 163.09 on 2024-10-16 19:30:00+00:00
2024-11-11 20:43:19,436 - Short Sell 122.00 shares at 162.93 on 2024-10-16 19:45:00+00:00
2024-11-11 20:43:19,436 - Short Sell 122.00 shares at 163.18 on 2024-10-17 13:30:00+00:00
2024-11-11 20:43:19,436 - Short Sell 122.00 shares at 162.92 on 2024-10-17 13:45:00+00:00
2024-11-11 20:43:19,436 - Buy to cover -610.00 shares at 162.12 on 2024-10-17 14:15:00+00:00 (Exit: Profit_take, Profit: 519.7200000000023, Duration: 1200.0 minutes)
2024-11-11 20:43:19,436 - Short Sell 122.00 shares at 163.17 on 2024-10-17 16:30:00+00:00
2024-11-11 20:43:19,436 - Short Sell 122.00 shares at 163.38 on 2024-10-17 16:45:00+00:00
2024-11-11 20:43:19,436 - Short Sell 122.00 shares at 163.52 on 2024-10-17 17:00:00+00:00
2024-11-11 20:43:19,436 - Short Sell 121.00 shares at 163.65 on 2024-10-17 17:15:00+00:00
2024-11-11 20:43:19,436 - Short Sell 121.00 shares at 163.78 on 2024-10-17 17:30:00+00:00
2024-11-11 20:43:19,437 - Short Sell 121.00 shares at 163.83 on 2024-10-17 17:45:00+00:00
2024-11-11 20:43:19,437 - Short Sell 121.00 shares at 163.89 on 2024-10-17 18:00:00+00:00
2024-11-11 20:43:19,437 - Short Sell 121.00 shares at 163.98 on 2024-10-17 18:15:00+00:00
2024-11-11 20:43:19,437 - Buy to cover -971.00 shares at 163.84 on 2024-10-17 18:30:00+00:00 (Exit: Signal, Profit: -185.3700000000178, Duration: 120.0 minutes)
2024-11-11 20:43:19,437 - Short Sell 121.00 shares at 164.23 on 2024-10-17 19:45:00+00:00
2024-11-11 20:43:19,437 - Buy to cover -121.00 shares at 163.29 on 2024-10-18 13:45:00+00:00 (Exit: Profit_take, Profit: 113.73999999999972, Duration: 1080.0 minutes)
2024-11-11 20:43:19,437 - Long Buy 122.00 shares at 163.41 on 2024-10-18 14:00:00+00:00
2024-11-11 20:43:19,437 - Sell to close 122.00 shares at 164.4 on 2024-10-18 14:45:00+00:00 (Exit: Profit_take, Profit: 120.78000000000111, Duration: 45.0 minutes)
2024-11-11 20:43:19,437 - Short Sell 121.00 shares at 164.64 on 2024-10-18 16:15:00+00:00
2024-11-11 20:43:19,437 - Short Sell 121.00 shares at 164.23 on 2024-10-18 19:30:00+00:00
2024-11-11 20:43:19,437 - Short Sell 121.00 shares at 164.61 on 2024-10-18 19:45:00+00:00
2024-11-11 20:43:19,437 - Short Sell 120.00 shares at 165.27 on 2024-10-21 13:30:00+00:00
2024-11-11 20:43:19,437 - Short Sell 120.00 shares at 165.02 on 2024-10-21 13:45:00+00:00
2024-11-11 20:43:19,437 - Short Sell 121.00 shares at 164.68 on 2024-10-21 14:00:00+00:00
2024-11-11 20:43:19,437 - Short Sell 121.00 shares at 164.7 on 2024-10-21 14:15:00+00:00
2024-11-11 20:43:19,437 - Short Sell 121.00 shares at 164.97 on 2024-10-21 14:30:00+00:00
2024-11-11 20:43:19,437 - Short Sell 121.00 shares at 164.54 on 2024-10-21 14:45:00+00:00
2024-11-11 20:43:19,437 - Buy to cover -1087.00 shares at 163.66 on 2024-10-21 15:15:00+00:00 (Exit: Profit_take, Profit: 1173.149999999976, Duration: 4260.0 minutes)
2024-11-11 20:43:19,438 - Long Buy 122.00 shares at 163.71 on 2024-10-21 15:30:00+00:00
2024-11-11 20:43:19,438 - Sell to close 122.00 shares at 164.6 on 2024-10-21 17:45:00+00:00 (Exit: Profit_take, Profit: 108.57999999999834, Duration: 135.0 minutes)
2024-11-11 20:43:19,438 - Long Buy 123.00 shares at 161.32 on 2024-10-22 13:30:00+00:00
2024-11-11 20:43:19,438 - Long Buy 122.00 shares at 160.39 on 2024-10-22 13:45:00+00:00
2024-11-11 20:43:19,438 - Sell to close 245.00 shares at 160.56 on 2024-10-22 14:00:00+00:00 (Exit: Signal, Profit: -72.73999999999845, Duration: 30.0 minutes)
2024-11-11 20:43:19,438 - Short Sell 123.00 shares at 161.25 on 2024-10-22 14:15:00+00:00
2024-11-11 20:43:19,438 - Short Sell 124.00 shares at 160.74 on 2024-10-22 14:30:00+00:00
2024-11-11 20:43:19,438 - Short Sell 124.00 shares at 161.01 on 2024-10-22 14:45:00+00:00
2024-11-11 20:43:19,438 - Short Sell 123.00 shares at 161.28 on 2024-10-22 15:00:00+00:00
2024-11-11 20:43:19,438 - Short Sell 123.00 shares at 161.5 on 2024-10-22 15:15:00+00:00
2024-11-11 20:43:19,438 - Short Sell 123.00 shares at 161.41 on 2024-10-22 15:30:00+00:00
2024-11-11 20:43:19,438 - Short Sell 124.00 shares at 161.17 on 2024-10-22 15:45:00+00:00
2024-11-11 20:43:19,438 - Short Sell 124.00 shares at 160.78 on 2024-10-22 16:00:00+00:00
2024-11-11 20:43:19,438 - Short Sell 123.00 shares at 161.56 on 2024-10-22 16:15:00+00:00
2024-11-11 20:43:19,438 - Short Sell 123.00 shares at 162.11 on 2024-10-22 16:30:00+00:00
2024-11-11 20:43:19,438 - Short Sell 123.00 shares at 161.88 on 2024-10-22 16:45:00+00:00
2024-11-11 20:43:19,438 - Short Sell 123.00 shares at 161.72 on 2024-10-22 17:00:00+00:00
2024-11-11 20:43:19,438 - Short Sell 123.00 shares at 161.69 on 2024-10-22 17:15:00+00:00
2024-11-11 20:43:19,438 - Short Sell 123.00 shares at 161.92 on 2024-10-22 17:30:00+00:00
2024-11-11 20:43:19,438 - Short Sell 123.00 shares at 161.77 on 2024-10-22 17:45:00+00:00
2024-11-11 20:43:19,438 - Short Sell 123.00 shares at 161.87 on 2024-10-22 18:00:00+00:00
2024-11-11 20:43:19,438 - Short Sell 123.00 shares at 161.8 on 2024-10-22 18:15:00+00:00
2024-11-11 20:43:19,438 - Short Sell 123.00 shares at 161.59 on 2024-10-22 18:30:00+00:00
2024-11-11 20:43:19,438 - Short Sell 123.00 shares at 161.52 on 2024-10-22 18:45:00+00:00
2024-11-11 20:43:19,439 - Short Sell 123.00 shares at 161.5 on 2024-10-22 19:00:00+00:00
2024-11-11 20:43:19,439 - Short Sell 123.00 shares at 161.31 on 2024-10-22 19:15:00+00:00
2024-11-11 20:43:19,439 - Short Sell 123.00 shares at 161.75 on 2024-10-22 19:30:00+00:00
2024-11-11 20:43:19,439 - Short Sell 124.00 shares at 161.13 on 2024-10-22 19:45:00+00:00
2024-11-11 20:43:19,439 - Buy to cover -2834.00 shares at 160.23 on 2024-10-23 13:30:00+00:00 (Exit: Profit_take, Profit: 3566.9900000001107, Duration: 1395.0 minutes)
2024-11-11 20:43:19,439 - Short Sell 124.00 shares at 161.68 on 2024-10-23 13:45:00+00:00
2024-11-11 20:43:19,439 - Short Sell 123.00 shares at 162.07 on 2024-10-23 14:00:00+00:00
2024-11-11 20:43:19,439 - Short Sell 123.00 shares at 162.08 on 2024-10-23 14:15:00+00:00
2024-11-11 20:43:19,439 - Short Sell 123.00 shares at 162.09 on 2024-10-23 14:30:00+00:00
2024-11-11 20:43:19,439 - Short Sell 123.00 shares at 162.12 on 2024-10-23 14:45:00+00:00
2024-11-11 20:43:19,439 - Short Sell 123.00 shares at 162.46 on 2024-10-23 15:00:00+00:00
2024-11-11 20:43:19,439 - Short Sell 123.00 shares at 162.66 on 2024-10-23 15:15:00+00:00
2024-11-11 20:43:19,439 - Short Sell 123.00 shares at 162.7 on 2024-10-23 15:30:00+00:00
2024-11-11 20:43:19,439 - Short Sell 123.00 shares at 162.88 on 2024-10-23 15:45:00+00:00
2024-11-11 20:43:19,439 - Short Sell 123.00 shares at 162.39 on 2024-10-23 16:00:00+00:00
2024-11-11 20:43:19,439 - Short Sell 123.00 shares at 162.89 on 2024-10-23 16:15:00+00:00
2024-11-11 20:43:19,439 - Short Sell 123.00 shares at 162.97 on 2024-10-23 16:30:00+00:00
2024-11-11 20:43:19,439 - Short Sell 123.00 shares at 162.75 on 2024-10-23 16:45:00+00:00
2024-11-11 20:43:19,439 - Short Sell 123.00 shares at 162.55 on 2024-10-23 17:00:00+00:00
2024-11-11 20:43:19,439 - Short Sell 123.00 shares at 162.47 on 2024-10-23 17:15:00+00:00
2024-11-11 20:43:19,439 - Short Sell 123.00 shares at 162.74 on 2024-10-23 17:30:00+00:00
2024-11-11 20:43:19,439 - Short Sell 123.00 shares at 162.58 on 2024-10-23 18:15:00+00:00
2024-11-11 20:43:19,439 - Short Sell 123.00 shares at 162.84 on 2024-10-23 18:30:00+00:00
2024-11-11 20:43:19,439 - Short Sell 123.00 shares at 162.8 on 2024-10-23 18:45:00+00:00
2024-11-11 20:43:19,439 - Short Sell 122.00 shares at 163.0 on 2024-10-23 19:00:00+00:00
2024-11-11 20:43:19,439 - Short Sell 123.00 shares at 162.77 on 2024-10-23 19:15:00+00:00
2024-11-11 20:43:19,439 - Short Sell 123.00 shares at 162.86 on 2024-10-23 19:30:00+00:00
2024-11-11 20:43:19,439 - Short Sell 123.00 shares at 162.77 on 2024-10-24 13:45:00+00:00
2024-11-11 20:43:19,439 - Short Sell 123.00 shares at 162.79 on 2024-10-24 14:00:00+00:00
2024-11-11 20:43:19,439 - Buy to cover -2952.00 shares at 163.46 on 2024-10-24 14:15:00+00:00 (Exit: Stop_loss, Profit: -2600.310000000068, Duration: 1470.0 minutes)
2024-11-11 20:43:19,440 - Long Buy 123.00 shares at 161.75 on 2024-10-25 14:30:00+00:00
2024-11-11 20:43:19,440 - Long Buy 121.00 shares at 161.4 on 2024-10-25 14:45:00+00:00
2024-11-11 20:43:19,440 - Long Buy 119.00 shares at 161.0 on 2024-10-25 15:00:00+00:00
2024-11-11 20:43:19,440 - Long Buy 117.00 shares at 160.78 on 2024-10-25 15:15:00+00:00
2024-11-11 20:43:19,440 - Long Buy 114.00 shares at 161.35 on 2024-10-25 15:30:00+00:00
2024-11-11 20:43:19,440 - Long Buy 112.00 shares at 161.5 on 2024-10-25 15:45:00+00:00
2024-11-11 20:43:19,440 - Long Buy 109.00 shares at 161.3 on 2024-10-25 16:00:00+00:00
2024-11-11 20:43:19,440 - Long Buy 107.00 shares at 161.23 on 2024-10-25 16:15:00+00:00
2024-11-11 20:43:19,440 - Long Buy 105.00 shares at 161.43 on 2024-10-25 16:30:00+00:00
2024-11-11 20:43:19,440 - Long Buy 103.00 shares at 160.86 on 2024-10-25 16:45:00+00:00
2024-11-11 20:43:19,440 - Long Buy 101.00 shares at 160.78 on 2024-10-25 17:00:00+00:00
2024-11-11 20:43:19,440 - Long Buy 99.00 shares at 160.6 on 2024-10-25 17:15:00+00:00
2024-11-11 20:43:19,440 - Long Buy 98.00 shares at 160.17 on 2024-10-25 17:30:00+00:00
2024-11-11 20:43:19,440 - Sell to close 1428.00 shares at 160.04 on 2024-10-25 17:45:00+00:00 (Exit: Stop_loss, Profit: -1526.5700000000206, Duration: 195.0 minutes)
2024-11-11 20:43:19,440 - Short Sell 123.00 shares at 161.5 on 2024-10-28 13:30:00+00:00
2024-11-11 20:43:19,440 - Short Sell 123.00 shares at 161.31 on 2024-10-28 14:15:00+00:00
2024-11-11 20:43:19,440 - Short Sell 123.00 shares at 161.59 on 2024-10-28 14:30:00+00:00
2024-11-11 20:43:19,440 - Short Sell 123.00 shares at 161.57 on 2024-10-28 14:45:00+00:00
2024-11-11 20:43:19,440 - Short Sell 123.00 shares at 161.71 on 2024-10-28 15:00:00+00:00
2024-11-11 20:43:19,440 - Buy to cover -615.00 shares at 160.46 on 2024-10-28 16:30:00+00:00 (Exit: Profit_take, Profit: 661.7399999999959, Duration: 180.0 minutes)
2024-11-11 20:43:19,441 - Short Sell 123.00 shares at 161.37 on 2024-10-28 18:00:00+00:00
2024-11-11 20:43:19,441 - Short Sell 123.00 shares at 161.5 on 2024-10-28 18:15:00+00:00
2024-11-11 20:43:19,441 - Short Sell 123.00 shares at 161.56 on 2024-10-28 18:30:00+00:00
2024-11-11 20:43:19,441 - Short Sell 123.00 shares at 161.72 on 2024-10-28 18:45:00+00:00
2024-11-11 20:43:19,441 - Short Sell 123.00 shares at 161.53 on 2024-10-28 19:00:00+00:00
2024-11-11 20:43:19,441 - Short Sell 123.00 shares at 161.95 on 2024-10-28 19:15:00+00:00
2024-11-11 20:43:19,441 - Short Sell 122.00 shares at 162.59 on 2024-10-28 19:30:00+00:00
2024-11-11 20:43:19,441 - Short Sell 123.00 shares at 162.21 on 2024-10-28 19:45:00+00:00
2024-11-11 20:43:19,441 - Short Sell 123.00 shares at 162.11 on 2024-10-29 14:00:00+00:00
2024-11-11 20:43:19,441 - Short Sell 123.00 shares at 161.5 on 2024-10-29 14:15:00+00:00
2024-11-11 20:43:19,441 - Short Sell 123.00 shares at 162.09 on 2024-10-29 14:30:00+00:00
2024-11-11 20:43:19,441 - Short Sell 123.00 shares at 161.93 on 2024-10-29 14:45:00+00:00
2024-11-11 20:43:19,441 - Short Sell 123.00 shares at 162.12 on 2024-10-29 15:00:00+00:00
2024-11-11 20:43:19,441 - Short Sell 123.00 shares at 162.36 on 2024-10-29 15:15:00+00:00
2024-11-11 20:43:19,441 - Short Sell 122.00 shares at 162.51 on 2024-10-29 15:30:00+00:00
2024-11-11 20:43:19,441 - Short Sell 123.00 shares at 161.8 on 2024-10-29 15:45:00+00:00
2024-11-11 20:43:19,441 - Short Sell 123.00 shares at 161.95 on 2024-10-29 16:00:00+00:00
2024-11-11 20:43:19,441 - Short Sell 123.00 shares at 162.0 on 2024-10-29 16:15:00+00:00
2024-11-11 20:43:19,441 - Short Sell 123.00 shares at 161.59 on 2024-10-29 16:45:00+00:00
2024-11-11 20:43:19,441 - Short Sell 123.00 shares at 161.69 on 2024-10-29 17:45:00+00:00
2024-11-11 20:43:19,441 - Short Sell 123.00 shares at 161.97 on 2024-10-29 18:30:00+00:00
2024-11-11 20:43:19,441 - Short Sell 123.00 shares at 162.05 on 2024-10-29 18:45:00+00:00
2024-11-11 20:43:19,441 - Buy to cover -2704.00 shares at 162.02 on 2024-10-29 19:00:00+00:00 (Exit: Signal, Profit: -288.88000000007514, Duration: 1500.0 minutes)
2024-11-11 20:43:19,441 - Short Sell 122.00 shares at 162.72 on 2024-10-29 19:30:00+00:00
2024-11-11 20:43:19,442 - Buy to cover -122.00 shares at 161.73 on 2024-10-30 13:30:00+00:00 (Exit: Profit_take, Profit: 120.78000000000111, Duration: 1080.0 minutes)
2024-11-11 20:43:19,442 - Short Sell 123.00 shares at 162.34 on 2024-10-30 13:45:00+00:00
2024-11-11 20:43:19,442 - Buy to cover -123.00 shares at 161.64 on 2024-10-30 14:15:00+00:00 (Exit: Signal, Profit: 86.1000000000021, Duration: 30.0 minutes)
2024-11-11 20:43:19,442 - Long Buy 123.00 shares at 161.54 on 2024-10-30 14:45:00+00:00
2024-11-11 20:43:19,442 - Long Buy 121.00 shares at 161.32 on 2024-10-30 15:00:00+00:00
2024-11-11 20:43:19,442 - Long Buy 119.00 shares at 161.28 on 2024-10-30 15:15:00+00:00
2024-11-11 20:43:19,442 - Long Buy 116.00 shares at 161.4 on 2024-10-30 15:45:00+00:00
2024-11-11 20:43:19,442 - Long Buy 114.00 shares at 161.13 on 2024-10-30 16:00:00+00:00
2024-11-11 20:43:19,442 - Long Buy 112.00 shares at 161.33 on 2024-10-30 16:15:00+00:00
2024-11-11 20:43:19,442 - Long Buy 109.00 shares at 161.13 on 2024-10-30 16:30:00+00:00
2024-11-11 20:43:19,442 - Long Buy 107.00 shares at 160.81 on 2024-10-30 16:45:00+00:00
2024-11-11 20:43:19,442 - Long Buy 105.00 shares at 160.88 on 2024-10-30 17:00:00+00:00
2024-11-11 20:43:19,442 - Long Buy 104.00 shares at 160.34 on 2024-10-30 17:15:00+00:00
2024-11-11 20:43:19,442 - Sell to close 1130.00 shares at 160.03 on 2024-10-30 17:30:00+00:00 (Exit: Stop_loss, Profit: -1245.3399999999901, Duration: 165.0 minutes)
2024-11-11 20:43:19,442 - Short Sell 124.00 shares at 161.01 on 2024-10-31 13:30:00+00:00
2024-11-11 20:43:19,442 - Short Sell 124.00 shares at 160.92 on 2024-10-31 13:45:00+00:00
2024-11-11 20:43:19,442 - Short Sell 123.00 shares at 161.04 on 2024-10-31 14:00:00+00:00
2024-11-11 20:43:19,442 - Short Sell 124.00 shares at 160.75 on 2024-10-31 14:30:00+00:00
2024-11-11 20:43:19,442 - Short Sell 124.00 shares at 160.77 on 2024-10-31 14:45:00+00:00
2024-11-11 20:43:19,442 - Short Sell 124.00 shares at 160.91 on 2024-10-31 15:00:00+00:00
2024-11-11 20:43:19,442 - Short Sell 123.00 shares at 161.16 on 2024-10-31 15:15:00+00:00
2024-11-11 20:43:19,442 - Short Sell 123.00 shares at 161.13 on 2024-10-31 15:30:00+00:00
2024-11-11 20:43:19,442 - Short Sell 123.00 shares at 161.38 on 2024-10-31 15:45:00+00:00
2024-11-11 20:43:19,442 - Short Sell 124.00 shares at 160.99 on 2024-10-31 16:00:00+00:00
2024-11-11 20:43:19,442 - Short Sell 123.00 shares at 161.1 on 2024-10-31 16:15:00+00:00
2024-11-11 20:43:19,443 - Short Sell 123.00 shares at 161.39 on 2024-10-31 16:30:00+00:00
2024-11-11 20:43:19,443 - Short Sell 123.00 shares at 161.24 on 2024-10-31 16:45:00+00:00
2024-11-11 20:43:19,443 - Short Sell 123.00 shares at 161.66 on 2024-10-31 17:00:00+00:00
2024-11-11 20:43:19,443 - Short Sell 123.00 shares at 161.59 on 2024-10-31 17:15:00+00:00
2024-11-11 20:43:19,443 - Short Sell 123.00 shares at 161.24 on 2024-10-31 17:30:00+00:00
2024-11-11 20:43:19,443 - Short Sell 123.00 shares at 161.34 on 2024-10-31 17:45:00+00:00
2024-11-11 20:43:19,443 - Short Sell 123.00 shares at 161.63 on 2024-10-31 18:00:00+00:00
2024-11-11 20:43:19,443 - Short Sell 123.00 shares at 161.59 on 2024-10-31 18:15:00+00:00
2024-11-11 20:43:19,443 - Short Sell 123.00 shares at 161.47 on 2024-10-31 18:30:00+00:00
2024-11-11 20:43:19,443 - Short Sell 123.00 shares at 161.52 on 2024-10-31 18:45:00+00:00
2024-11-11 20:43:19,443 - Short Sell 123.00 shares at 161.52 on 2024-10-31 19:00:00+00:00
2024-11-11 20:43:19,443 - Short Sell 123.00 shares at 161.45 on 2024-10-31 19:15:00+00:00
2024-11-11 20:43:19,443 - Short Sell 124.00 shares at 160.86 on 2024-10-31 19:30:00+00:00
2024-11-11 20:43:19,443 - Buy to cover -2959.00 shares at 160.03 on 2024-10-31 19:45:00+00:00 (Exit: Profit_take, Profit: 3565.619999999918, Duration: 375.0 minutes)
2024-11-11 20:43:19,443 - Long Buy 124.00 shares at 160.5 on 2024-11-01 14:30:00+00:00
2024-11-11 20:43:19,443 - Long Buy 122.00 shares at 160.49 on 2024-11-01 14:45:00+00:00
2024-11-11 20:43:19,443 - Long Buy 120.00 shares at 160.35 on 2024-11-01 15:15:00+00:00
2024-11-11 20:43:19,443 - Long Buy 117.00 shares at 160.12 on 2024-11-01 15:45:00+00:00
2024-11-11 20:43:19,443 - Long Buy 115.00 shares at 160.05 on 2024-11-01 18:00:00+00:00
2024-11-11 20:43:19,443 - Long Buy 113.00 shares at 160.12 on 2024-11-01 19:15:00+00:00
2024-11-11 20:43:19,443 - Long Buy 110.00 shares at 160.12 on 2024-11-01 19:30:00+00:00
2024-11-11 20:43:19,443 - Long Buy 108.00 shares at 159.73 on 2024-11-01 19:45:00+00:00
2024-11-11 20:43:19,443 - Long Buy 106.00 shares at 160.06 on 2024-11-04 14:30:00+00:00
2024-11-11 20:43:19,443 - Long Buy 104.00 shares at 159.88 on 2024-11-04 14:45:00+00:00
2024-11-11 20:43:19,444 - Long Buy 102.00 shares at 159.35 on 2024-11-04 15:00:00+00:00
2024-11-11 20:43:19,444 - Long Buy 100.00 shares at 159.42 on 2024-11-04 15:15:00+00:00
2024-11-11 20:43:19,444 - Long Buy 98.00 shares at 159.61 on 2024-11-04 15:30:00+00:00
2024-11-11 20:43:19,444 - Sell to close 1439.00 shares at 159.17 on 2024-11-04 15:45:00+00:00 (Exit: Stop_loss, Profit: -1206.9000000000729, Duration: 4395.0 minutes)
2024-11-11 20:43:19,444 - Short Sell 125.00 shares at 159.31 on 2024-11-05 14:45:00+00:00
2024-11-11 20:43:19,444 - Short Sell 125.00 shares at 159.92 on 2024-11-05 15:00:00+00:00
2024-11-11 20:43:19,444 - Short Sell 125.00 shares at 159.73 on 2024-11-05 15:15:00+00:00
2024-11-11 20:43:19,444 - Short Sell 124.00 shares at 160.15 on 2024-11-05 15:30:00+00:00
2024-11-11 20:43:19,444 - Short Sell 125.00 shares at 159.38 on 2024-11-05 15:45:00+00:00
2024-11-11 20:43:19,444 - Short Sell 125.00 shares at 159.63 on 2024-11-05 16:00:00+00:00
2024-11-11 20:43:19,444 - Short Sell 125.00 shares at 159.75 on 2024-11-05 16:15:00+00:00
2024-11-11 20:43:19,444 - Short Sell 125.00 shares at 159.89 on 2024-11-05 16:30:00+00:00
2024-11-11 20:43:19,444 - Short Sell 125.00 shares at 159.84 on 2024-11-05 16:45:00+00:00
2024-11-11 20:43:19,444 - Short Sell 125.00 shares at 159.99 on 2024-11-05 17:00:00+00:00
2024-11-11 20:43:19,444 - Short Sell 124.00 shares at 160.43 on 2024-11-05 17:15:00+00:00
2024-11-11 20:43:19,444 - Short Sell 124.00 shares at 160.67 on 2024-11-05 17:30:00+00:00
2024-11-11 20:43:19,444 - Short Sell 124.00 shares at 160.79 on 2024-11-05 17:45:00+00:00
2024-11-11 20:43:19,444 - Short Sell 124.00 shares at 160.74 on 2024-11-05 19:00:00+00:00
2024-11-11 20:43:19,444 - Short Sell 124.00 shares at 160.89 on 2024-11-05 19:30:00+00:00
2024-11-11 20:43:19,444 - Buy to cover -1869.00 shares at 161.18 on 2024-11-05 19:45:00+00:00 (Exit: Stop_loss, Profit: -2070.340000000007, Duration: 300.0 minutes)
2024-11-11 20:43:19,444 - Short Sell 117.00 shares at 170.19 on 2024-11-06 14:30:00+00:00
2024-11-11 20:43:19,445 - Short Sell 116.00 shares at 171.81 on 2024-11-06 14:45:00+00:00
2024-11-11 20:43:19,445 - Buy to cover -233.00 shares at 173.14 on 2024-11-06 15:00:00+00:00 (Exit: Stop_loss, Profit: -499.4299999999932, Duration: 30.0 minutes)
2024-11-11 20:43:19,445 - Long Buy 117.00 shares at 170.17 on 2024-11-07 14:30:00+00:00
2024-11-11 20:43:19,445 - Long Buy 114.00 shares at 170.28 on 2024-11-07 14:45:00+00:00
2024-11-11 20:43:19,445 - Long Buy 112.00 shares at 169.94 on 2024-11-07 15:00:00+00:00
2024-11-11 20:43:19,445 - Long Buy 110.00 shares at 169.59 on 2024-11-07 15:15:00+00:00
2024-11-11 20:43:19,445 - Long Buy 108.00 shares at 169.76 on 2024-11-07 15:30:00+00:00
2024-11-11 20:43:19,445 - Long Buy 106.00 shares at 168.96 on 2024-11-07 15:45:00+00:00
2024-11-11 20:43:19,445 - Sell to close 667.00 shares at 168.4 on 2024-11-07 16:00:00+00:00 (Exit: Stop_loss, Profit: -931.029999999977, Duration: 90.0 minutes)
2024-11-11 20:43:19,445 - Short Sell 117.00 shares at 169.59 on 2024-11-08 14:45:00+00:00
2024-11-11 20:43:19,445 - Short Sell 117.00 shares at 169.5 on 2024-11-08 15:00:00+00:00
2024-11-11 20:43:19,445 - Short Sell 117.00 shares at 169.73 on 2024-11-08 15:15:00+00:00
2024-11-11 20:43:19,445 - Short Sell 117.00 shares at 170.3 on 2024-11-08 15:30:00+00:00
2024-11-11 20:43:19,445 - Short Sell 117.00 shares at 169.69 on 2024-11-08 15:45:00+00:00
2024-11-11 20:43:19,445 - Short Sell 117.00 shares at 170.14 on 2024-11-08 16:00:00+00:00
2024-11-11 20:43:19,445 - Short Sell 117.00 shares at 170.22 on 2024-11-08 16:15:00+00:00
2024-11-11 20:43:19,446 - Buy to cover -819.00 shares at 168.8 on 2024-11-08 18:00:00+00:00 (Exit: Profit_take, Profit: 885.6899999999792, Duration: 195.0 minutes)
2024-11-11 20:43:19,446 - Long Buy 118.00 shares at 168.7 on 2024-11-08 20:30:00+00:00
2024-11-11 20:43:19,446 - Long Buy 116.00 shares at 168.52 on 2024-11-08 20:45:00+00:00
2024-11-11 20:43:19,447 - Holding 234.0 shares as an open position at the end with unrealized return: -0.0005383359033549052, Duration: 15.0 minutes
2024-11-11 20:43:19,448 - Final statisticsStock: DRI, 
total_trades: 26, 
winning_trades: 13, 
losing_trades: 13, 
average_return: 4.738160588176357e-05, 
average_duration: 929.4230769230769, 
final_balance: 958680.7700000012, 
final_portfolio_value: 998114.4500000012, 
sharpe_ratio: -1.585929990315619, 



