2024-11-10 20:37:22,844 - Starting GBMStrategy with initial capital: 1000000
2024-11-10 20:37:22,844 - Hyperparameters: {'threshold': 0.5, 'time_periods': 15, 'num_simulations': 150}
2024-11-10 20:43:03,438 - Short Sell 180.00 shares at 110.77 on 2024-10-10 17:15:00+00:00
2024-11-10 20:43:03,439 - Short Sell 180.00 shares at 110.75 on 2024-10-10 17:30:00+00:00
2024-11-10 20:43:03,439 - Short Sell 180.00 shares at 110.75 on 2024-10-10 17:45:00+00:00
2024-11-10 20:43:03,439 - Short Sell 180.00 shares at 110.72 on 2024-10-10 18:15:00+00:00
2024-11-10 20:43:03,439 - Short Sell 180.00 shares at 110.83 on 2024-10-10 19:30:00+00:00
2024-11-10 20:43:03,439 - Short Sell 180.00 shares at 110.88 on 2024-10-10 19:45:00+00:00
2024-11-10 20:43:03,439 - Short Sell 179.00 shares at 111.25 on 2024-10-11 13:30:00+00:00
2024-11-10 20:43:03,439 - Short Sell 179.00 shares at 111.61 on 2024-10-11 13:45:00+00:00
2024-11-10 20:43:03,439 - Short Sell 178.00 shares at 111.85 on 2024-10-11 14:00:00+00:00
2024-11-10 20:43:03,439 - Short Sell 177.00 shares at 112.25 on 2024-10-11 14:15:00+00:00
2024-11-10 20:43:03,440 - Buy to cover -1793.00 shares at 112.19 on 2024-10-11 14:30:00+00:00 (Exit: Signal, Profit: -1841.1800000000164, Duration: 1275.0 minutes)
2024-11-10 20:43:03,440 - Short Sell 177.00 shares at 112.49 on 2024-10-11 14:45:00+00:00
2024-11-10 20:43:03,440 - Short Sell 177.00 shares at 112.63 on 2024-10-11 15:00:00+00:00
2024-11-10 20:43:03,440 - Short Sell 177.00 shares at 112.45 on 2024-10-11 15:15:00+00:00
2024-11-10 20:43:03,440 - Short Sell 177.00 shares at 112.41 on 2024-10-11 15:30:00+00:00
2024-11-10 20:43:03,440 - Short Sell 177.00 shares at 112.46 on 2024-10-11 15:45:00+00:00
2024-11-10 20:43:03,440 - Buy to cover -885.00 shares at 112.17 on 2024-10-11 16:00:00+00:00 (Exit: Signal, Profit: 281.4299999999855, Duration: 75.0 minutes)
2024-11-10 20:43:03,440 - Long Buy 178.00 shares at 112.02 on 2024-10-11 16:15:00+00:00
2024-11-10 20:43:03,440 - Long Buy 174.00 shares at 111.97 on 2024-10-11 16:30:00+00:00
2024-11-10 20:43:03,440 - Long Buy 171.00 shares at 111.99 on 2024-10-11 16:45:00+00:00
2024-11-10 20:43:03,440 - Long Buy 167.00 shares at 111.93 on 2024-10-11 17:00:00+00:00
2024-11-10 20:43:03,440 - Long Buy 164.00 shares at 112.05 on 2024-10-11 17:15:00+00:00
2024-11-10 20:43:03,440 - Sell to close 854.00 shares at 112.43 on 2024-10-11 17:45:00+00:00 (Exit: Signal, Profit: 374.0800000000111, Duration: 90.0 minutes)
2024-11-10 20:43:03,440 - Long Buy 177.00 shares at 112.33 on 2024-10-11 18:15:00+00:00
2024-11-10 20:43:03,440 - Sell to close 177.00 shares at 112.48 on 2024-10-11 18:45:00+00:00 (Exit: Signal, Profit: 26.550000000001006, Duration: 30.0 minutes)
2024-11-10 20:43:03,440 - Short Sell 177.00 shares at 112.59 on 2024-10-11 19:00:00+00:00
2024-11-10 20:43:03,440 - Short Sell 177.00 shares at 112.57 on 2024-10-11 19:15:00+00:00
2024-11-10 20:43:03,440 - Short Sell 177.00 shares at 112.53 on 2024-10-11 19:30:00+00:00
2024-11-10 20:43:03,440 - Buy to cover -531.00 shares at 112.07 on 2024-10-11 19:45:00+00:00 (Exit: Signal, Profit: 261.9600000000108, Duration: 45.0 minutes)
2024-11-10 20:43:03,441 - Long Buy 178.00 shares at 111.65 on 2024-10-14 13:30:00+00:00
2024-11-10 20:43:03,441 - Long Buy 175.00 shares at 111.88 on 2024-10-14 13:45:00+00:00
2024-11-10 20:43:03,441 - Long Buy 171.00 shares at 111.92 on 2024-10-14 14:00:00+00:00
2024-11-10 20:43:03,441 - Long Buy 168.00 shares at 111.91 on 2024-10-14 14:15:00+00:00
2024-11-10 20:43:03,441 - Long Buy 164.00 shares at 112.03 on 2024-10-14 14:30:00+00:00
2024-11-10 20:43:03,441 - Long Buy 160.00 shares at 112.23 on 2024-10-14 14:45:00+00:00
2024-11-10 20:43:03,441 - Sell to close 1016.00 shares at 112.51 on 2024-10-14 15:00:00+00:00 (Exit: Signal, Profit: 588.5400000000088, Duration: 90.0 minutes)
2024-11-10 20:43:03,441 - Long Buy 177.00 shares at 112.4 on 2024-10-14 15:30:00+00:00
2024-11-10 20:43:03,441 - Long Buy 174.00 shares at 112.37 on 2024-10-14 15:45:00+00:00
2024-11-10 20:43:03,441 - Long Buy 170.00 shares at 112.38 on 2024-10-14 16:00:00+00:00
2024-11-10 20:43:03,441 - Sell to close 521.00 shares at 112.47 on 2024-10-14 16:15:00+00:00 (Exit: Signal, Profit: 45.089999999998696, Duration: 45.0 minutes)
2024-11-10 20:43:03,441 - Short Sell 177.00 shares at 112.51 on 2024-10-14 16:45:00+00:00
2024-11-10 20:43:03,441 - Short Sell 177.00 shares at 112.51 on 2024-10-14 17:30:00+00:00
2024-11-10 20:43:03,441 - Short Sell 177.00 shares at 112.56 on 2024-10-14 17:45:00+00:00
2024-11-10 20:43:03,441 - Short Sell 177.00 shares at 112.62 on 2024-10-14 18:00:00+00:00
2024-11-10 20:43:03,441 - Short Sell 177.00 shares at 112.51 on 2024-10-14 18:15:00+00:00
2024-11-10 20:43:03,441 - Short Sell 177.00 shares at 112.51 on 2024-10-14 18:30:00+00:00
2024-11-10 20:43:03,441 - Short Sell 177.00 shares at 112.41 on 2024-10-14 19:15:00+00:00
2024-11-10 20:43:03,441 - Short Sell 177.00 shares at 112.41 on 2024-10-14 19:30:00+00:00
2024-11-10 20:43:03,441 - Short Sell 177.00 shares at 112.68 on 2024-10-14 19:45:00+00:00
2024-11-10 20:43:03,441 - Buy to cover -1593.00 shares at 110.45 on 2024-10-15 13:30:00+00:00 (Exit: Signal, Profit: 3304.58999999999, Duration: 1245.0 minutes)
2024-11-10 20:43:03,441 - Long Buy 181.00 shares at 110.65 on 2024-10-15 13:45:00+00:00
2024-11-10 20:43:03,441 - Long Buy 177.00 shares at 111.01 on 2024-10-15 14:00:00+00:00
2024-11-10 20:43:03,441 - Long Buy 173.00 shares at 110.96 on 2024-10-15 14:15:00+00:00
2024-11-10 20:43:03,441 - Long Buy 171.00 shares at 110.28 on 2024-10-15 14:30:00+00:00
2024-11-10 20:43:03,441 - Long Buy 168.00 shares at 110.03 on 2024-10-15 14:45:00+00:00
2024-11-10 20:43:03,441 - Long Buy 164.00 shares at 110.09 on 2024-10-15 15:00:00+00:00
2024-11-10 20:43:03,441 - Long Buy 161.00 shares at 110.23 on 2024-10-15 15:15:00+00:00
2024-11-10 20:43:03,442 - Long Buy 157.00 shares at 110.58 on 2024-10-15 15:30:00+00:00
2024-11-10 20:43:03,442 - Long Buy 154.00 shares at 110.31 on 2024-10-15 15:45:00+00:00
2024-11-10 20:43:03,442 - Long Buy 151.00 shares at 110.59 on 2024-10-15 16:00:00+00:00
2024-11-10 20:43:03,442 - Long Buy 148.00 shares at 110.6 on 2024-10-15 16:15:00+00:00
2024-11-10 20:43:03,442 - Long Buy 145.00 shares at 110.43 on 2024-10-15 16:30:00+00:00
2024-11-10 20:43:03,442 - Long Buy 142.00 shares at 110.29 on 2024-10-15 16:45:00+00:00
2024-11-10 20:43:03,442 - Long Buy 140.00 shares at 110.0 on 2024-10-15 17:00:00+00:00
2024-11-10 20:43:03,442 - Long Buy 137.00 shares at 109.95 on 2024-10-15 17:15:00+00:00
2024-11-10 20:43:03,442 - Long Buy 134.00 shares at 110.11 on 2024-10-15 17:30:00+00:00
2024-11-10 20:43:03,442 - Long Buy 132.00 shares at 109.99 on 2024-10-15 17:45:00+00:00
2024-11-10 20:43:03,442 - Long Buy 129.00 shares at 109.84 on 2024-10-15 18:00:00+00:00
2024-11-10 20:43:03,442 - Long Buy 127.00 shares at 109.64 on 2024-10-15 18:15:00+00:00
2024-11-10 20:43:03,442 - Long Buy 124.00 shares at 109.65 on 2024-10-15 18:30:00+00:00
2024-11-10 20:43:03,442 - Long Buy 122.00 shares at 109.5 on 2024-10-15 18:45:00+00:00
2024-11-10 20:43:03,442 - Long Buy 119.00 shares at 109.68 on 2024-10-15 19:00:00+00:00
2024-11-10 20:43:03,442 - Long Buy 117.00 shares at 109.56 on 2024-10-15 19:15:00+00:00
2024-11-10 20:43:03,442 - Long Buy 115.00 shares at 109.62 on 2024-10-15 19:30:00+00:00
2024-11-10 20:43:03,442 - Long Buy 113.00 shares at 109.25 on 2024-10-15 19:45:00+00:00
2024-11-10 20:43:03,442 - Long Buy 110.00 shares at 109.94 on 2024-10-16 13:30:00+00:00
2024-11-10 20:43:03,442 - Sell to close 3711.00 shares at 110.48 on 2024-10-16 13:45:00+00:00 (Exit: Signal, Profit: 1182.6500000000265, Duration: 1440.0 minutes)
2024-11-10 20:43:03,442 - Short Sell 181.00 shares at 110.66 on 2024-10-16 14:00:00+00:00
2024-11-10 20:43:03,442 - Short Sell 181.00 shares at 110.65 on 2024-10-16 14:15:00+00:00
2024-11-10 20:43:03,442 - Short Sell 181.00 shares at 110.55 on 2024-10-16 14:30:00+00:00
2024-11-10 20:43:03,442 - Short Sell 181.00 shares at 110.74 on 2024-10-16 14:45:00+00:00
2024-11-10 20:43:03,442 - Short Sell 181.00 shares at 110.47 on 2024-10-16 15:00:00+00:00
2024-11-10 20:43:03,442 - Short Sell 181.00 shares at 110.48 on 2024-10-16 15:15:00+00:00
2024-11-10 20:43:03,442 - Short Sell 181.00 shares at 110.46 on 2024-10-16 15:30:00+00:00
2024-11-10 20:43:03,442 - Short Sell 181.00 shares at 110.57 on 2024-10-16 15:45:00+00:00
2024-11-10 20:43:03,442 - Short Sell 181.00 shares at 110.56 on 2024-10-16 16:00:00+00:00
2024-11-10 20:43:03,442 - Short Sell 181.00 shares at 110.63 on 2024-10-16 16:15:00+00:00
2024-11-10 20:43:03,442 - Short Sell 180.00 shares at 110.92 on 2024-10-16 16:30:00+00:00
2024-11-10 20:43:03,442 - Short Sell 181.00 shares at 110.79 on 2024-10-16 16:45:00+00:00
2024-11-10 20:43:03,442 - Short Sell 181.00 shares at 110.79 on 2024-10-16 17:00:00+00:00
2024-11-10 20:43:03,442 - Short Sell 181.00 shares at 110.82 on 2024-10-16 17:15:00+00:00
2024-11-10 20:43:03,442 - Short Sell 181.00 shares at 110.87 on 2024-10-16 17:30:00+00:00
2024-11-10 20:43:03,442 - Short Sell 181.00 shares at 110.89 on 2024-10-16 17:45:00+00:00
2024-11-10 20:43:03,442 - Short Sell 180.00 shares at 110.98 on 2024-10-16 18:00:00+00:00
2024-11-10 20:43:03,442 - Short Sell 180.00 shares at 111.12 on 2024-10-16 18:15:00+00:00
2024-11-10 20:43:03,443 - Short Sell 180.00 shares at 111.01 on 2024-10-16 18:30:00+00:00
2024-11-10 20:43:03,443 - Short Sell 181.00 shares at 110.88 on 2024-10-16 19:00:00+00:00
2024-11-10 20:43:03,443 - Short Sell 180.00 shares at 110.94 on 2024-10-16 19:15:00+00:00
2024-11-10 20:43:03,443 - Buy to cover -3796.00 shares at 110.59 on 2024-10-16 19:45:00+00:00 (Exit: Signal, Profit: 611.5700000000121, Duration: 345.0 minutes)
2024-11-10 20:43:03,443 - Long Buy 181.00 shares at 110.57 on 2024-10-17 13:30:00+00:00
2024-11-10 20:43:03,443 - Long Buy 177.00 shares at 110.68 on 2024-10-17 13:45:00+00:00
2024-11-10 20:43:03,443 - Long Buy 174.00 shares at 110.41 on 2024-10-17 14:15:00+00:00
2024-11-10 20:43:03,443 - Long Buy 171.00 shares at 110.17 on 2024-10-17 14:30:00+00:00
2024-11-10 20:43:03,443 - Long Buy 168.00 shares at 110.11 on 2024-10-17 14:45:00+00:00
2024-11-10 20:43:03,443 - Long Buy 165.00 shares at 109.95 on 2024-10-17 15:00:00+00:00
2024-11-10 20:43:03,443 - Long Buy 161.00 shares at 110.11 on 2024-10-17 15:15:00+00:00
2024-11-10 20:43:03,443 - Sell to close 1197.00 shares at 110.26 on 2024-10-17 15:30:00+00:00 (Exit: Signal, Profit: -40.66000000000028, Duration: 120.0 minutes)
2024-11-10 20:43:03,443 - Short Sell 182.00 shares at 110.36 on 2024-10-17 15:45:00+00:00
2024-11-10 20:43:03,443 - Short Sell 181.00 shares at 110.63 on 2024-10-17 16:00:00+00:00
2024-11-10 20:43:03,443 - Short Sell 181.00 shares at 110.57 on 2024-10-17 16:15:00+00:00
2024-11-10 20:43:03,443 - Short Sell 181.00 shares at 110.74 on 2024-10-17 16:30:00+00:00
2024-11-10 20:43:03,443 - Short Sell 181.00 shares at 110.79 on 2024-10-17 16:45:00+00:00
2024-11-10 20:43:03,443 - Short Sell 181.00 shares at 110.71 on 2024-10-17 17:00:00+00:00
2024-11-10 20:43:03,443 - Short Sell 181.00 shares at 110.57 on 2024-10-17 17:15:00+00:00
2024-11-10 20:43:03,443 - Short Sell 181.00 shares at 110.63 on 2024-10-17 17:30:00+00:00
2024-11-10 20:43:03,443 - Short Sell 181.00 shares at 110.52 on 2024-10-17 17:45:00+00:00
2024-11-10 20:43:03,443 - Short Sell 182.00 shares at 110.38 on 2024-10-17 18:00:00+00:00
2024-11-10 20:43:03,443 - Short Sell 182.00 shares at 110.35 on 2024-10-17 18:15:00+00:00
2024-11-10 20:43:03,443 - Short Sell 181.00 shares at 110.5 on 2024-10-17 18:30:00+00:00
2024-11-10 20:43:03,443 - Short Sell 181.00 shares at 110.56 on 2024-10-17 18:45:00+00:00
2024-11-10 20:43:03,443 - Short Sell 181.00 shares at 110.53 on 2024-10-17 19:00:00+00:00
2024-11-10 20:43:03,443 - Short Sell 181.00 shares at 110.47 on 2024-10-17 19:15:00+00:00
2024-11-10 20:43:03,443 - Short Sell 181.00 shares at 110.48 on 2024-10-17 19:30:00+00:00
2024-11-10 20:43:03,443 - Short Sell 181.00 shares at 110.47 on 2024-10-17 19:45:00+00:00
2024-11-10 20:43:03,443 - Short Sell 182.00 shares at 110.42 on 2024-10-18 13:30:00+00:00
2024-11-10 20:43:03,443 - Buy to cover -3262.00 shares at 110.14 on 2024-10-18 13:45:00+00:00 (Exit: Signal, Profit: 1296.9100000000112, Duration: 1320.0 minutes)
2024-11-10 20:43:03,443 - Long Buy 183.00 shares at 109.93 on 2024-10-18 14:00:00+00:00
2024-11-10 20:43:03,444 - Long Buy 179.00 shares at 109.95 on 2024-10-18 14:15:00+00:00
2024-11-10 20:43:03,444 - Long Buy 175.00 shares at 110.11 on 2024-10-18 14:30:00+00:00
2024-11-10 20:43:03,444 - Long Buy 172.00 shares at 110.11 on 2024-10-18 14:45:00+00:00
2024-11-10 20:43:03,444 - Sell to close 709.00 shares at 110.48 on 2024-10-18 15:30:00+00:00 (Exit: Signal, Profit: 323.9100000000023, Duration: 90.0 minutes)
2024-11-10 20:43:03,444 - Short Sell 182.00 shares at 110.49 on 2024-10-18 15:45:00+00:00
2024-11-10 20:43:03,444 - Short Sell 182.00 shares at 110.58 on 2024-10-18 16:00:00+00:00
2024-11-10 20:43:03,444 - Short Sell 181.00 shares at 110.68 on 2024-10-18 16:15:00+00:00
2024-11-10 20:43:03,444 - Short Sell 181.00 shares at 110.68 on 2024-10-18 16:30:00+00:00
2024-11-10 20:43:03,444 - Short Sell 181.00 shares at 110.73 on 2024-10-18 16:45:00+00:00
2024-11-10 20:43:03,444 - Short Sell 181.00 shares at 110.8 on 2024-10-18 17:00:00+00:00
2024-11-10 20:43:03,444 - Short Sell 181.00 shares at 110.66 on 2024-10-18 17:15:00+00:00
2024-11-10 20:43:03,444 - Short Sell 181.00 shares at 110.66 on 2024-10-18 17:30:00+00:00
2024-11-10 20:43:03,444 - Buy to cover -1450.00 shares at 110.41 on 2024-10-18 17:45:00+00:00 (Exit: Signal, Profit: 362.2500000000123, Duration: 120.0 minutes)
2024-11-10 20:43:03,444 - Short Sell 182.00 shares at 110.58 on 2024-10-18 18:00:00+00:00
2024-11-10 20:43:03,444 - Buy to cover -182.00 shares at 110.37 on 2024-10-18 18:30:00+00:00 (Exit: Signal, Profit: 38.22000000000145, Duration: 30.0 minutes)
2024-11-10 20:43:03,444 - Long Buy 182.00 shares at 110.32 on 2024-10-18 18:45:00+00:00
2024-11-10 20:43:03,444 - Long Buy 178.00 shares at 110.37 on 2024-10-18 19:00:00+00:00
2024-11-10 20:43:03,444 - Long Buy 175.00 shares at 110.27 on 2024-10-18 19:15:00+00:00
2024-11-10 20:43:03,444 - Sell to close 535.00 shares at 110.34 on 2024-10-18 19:30:00+00:00 (Exit: Signal, Profit: 10.550000000000423, Duration: 45.0 minutes)
2024-11-10 20:43:03,444 - Short Sell 182.00 shares at 110.43 on 2024-10-18 19:45:00+00:00
2024-11-10 20:43:03,444 - Short Sell 182.00 shares at 110.36 on 2024-10-21 13:30:00+00:00
2024-11-10 20:43:03,444 - Buy to cover -364.00 shares at 110.22 on 2024-10-21 13:45:00+00:00 (Exit: Signal, Profit: 63.699999999998965, Duration: 3960.0 minutes)
2024-11-10 20:43:03,444 - Long Buy 183.00 shares at 109.96 on 2024-10-21 14:15:00+00:00
2024-11-10 20:43:03,444 - Long Buy 179.00 shares at 110.16 on 2024-10-21 14:30:00+00:00
2024-11-10 20:43:03,444 - Long Buy 175.00 shares at 109.96 on 2024-10-21 14:45:00+00:00
2024-11-10 20:43:03,444 - Long Buy 172.00 shares at 109.87 on 2024-10-21 15:00:00+00:00
2024-11-10 20:43:03,444 - Long Buy 169.00 shares at 109.73 on 2024-10-21 15:15:00+00:00
2024-11-10 20:43:03,444 - Long Buy 165.00 shares at 109.8 on 2024-10-21 15:30:00+00:00
2024-11-10 20:43:03,444 - Long Buy 162.00 shares at 109.95 on 2024-10-21 15:45:00+00:00
2024-11-10 20:43:03,445 - Long Buy 159.00 shares at 109.79 on 2024-10-21 16:00:00+00:00
2024-11-10 20:43:03,445 - Long Buy 156.00 shares at 109.81 on 2024-10-21 16:15:00+00:00
2024-11-10 20:43:03,445 - Long Buy 152.00 shares at 109.84 on 2024-10-21 16:30:00+00:00
2024-11-10 20:43:03,445 - Sell to close 1672.00 shares at 109.91 on 2024-10-21 16:45:00+00:00 (Exit: Signal, Profit: 31.64000000005626, Duration: 150.0 minutes)
2024-11-10 20:43:03,445 - Short Sell 183.00 shares at 110.02 on 2024-10-21 17:00:00+00:00
2024-11-10 20:43:03,445 - Short Sell 183.00 shares at 109.98 on 2024-10-21 17:15:00+00:00
2024-11-10 20:43:03,445 - Short Sell 183.00 shares at 109.93 on 2024-10-21 17:30:00+00:00
2024-11-10 20:43:03,445 - Short Sell 183.00 shares at 109.95 on 2024-10-21 17:45:00+00:00
2024-11-10 20:43:03,445 - Buy to cover -732.00 shares at 109.67 on 2024-10-21 18:00:00+00:00 (Exit: Signal, Profit: 219.60000000000832, Duration: 60.0 minutes)
2024-11-10 20:43:03,445 - Long Buy 183.00 shares at 109.75 on 2024-10-21 18:15:00+00:00
2024-11-10 20:43:03,445 - Sell to close 183.00 shares at 109.95 on 2024-10-21 18:30:00+00:00 (Exit: Signal, Profit: 36.60000000000052, Duration: 15.0 minutes)
2024-11-10 20:43:03,445 - Short Sell 183.00 shares at 109.98 on 2024-10-21 19:00:00+00:00
2024-11-10 20:43:03,445 - Short Sell 183.00 shares at 110.01 on 2024-10-21 19:15:00+00:00
2024-11-10 20:43:03,445 - Short Sell 183.00 shares at 109.98 on 2024-10-21 19:30:00+00:00
2024-11-10 20:43:03,445 - Short Sell 182.00 shares at 110.41 on 2024-10-21 19:45:00+00:00
2024-11-10 20:43:03,445 - Buy to cover -731.00 shares at 109.06 on 2024-10-22 13:30:00+00:00 (Exit: Signal, Profit: 756.2699999999932, Duration: 1110.0 minutes)
2024-11-10 20:43:03,445 - Long Buy 184.00 shares at 109.02 on 2024-10-22 13:45:00+00:00
2024-11-10 20:43:03,445 - Long Buy 181.00 shares at 108.66 on 2024-10-22 14:00:00+00:00
2024-11-10 20:43:03,445 - Long Buy 178.00 shares at 108.73 on 2024-10-22 14:15:00+00:00
2024-11-10 20:43:03,445 - Long Buy 174.00 shares at 108.95 on 2024-10-22 14:30:00+00:00
2024-11-10 20:43:03,445 - Sell to close 717.00 shares at 109.34 on 2024-10-22 14:45:00+00:00 (Exit: Signal, Profit: 358.3999999999989, Duration: 60.0 minutes)
2024-11-10 20:43:03,445 - Short Sell 184.00 shares at 109.38 on 2024-10-22 15:00:00+00:00
2024-11-10 20:43:03,445 - Short Sell 184.00 shares at 109.54 on 2024-10-22 15:15:00+00:00
2024-11-10 20:43:03,445 - Short Sell 184.00 shares at 109.47 on 2024-10-22 15:30:00+00:00
2024-11-10 20:43:03,445 - Short Sell 184.00 shares at 109.35 on 2024-10-22 15:45:00+00:00
2024-11-10 20:43:03,445 - Short Sell 184.00 shares at 109.51 on 2024-10-22 16:00:00+00:00
2024-11-10 20:43:03,445 - Short Sell 183.00 shares at 109.67 on 2024-10-22 16:15:00+00:00
2024-11-10 20:43:03,445 - Short Sell 183.00 shares at 109.77 on 2024-10-22 16:30:00+00:00
2024-11-10 20:43:03,445 - Short Sell 183.00 shares at 109.71 on 2024-10-22 16:45:00+00:00
2024-11-10 20:43:03,445 - Short Sell 183.00 shares at 109.64 on 2024-10-22 17:00:00+00:00
2024-11-10 20:43:03,446 - Short Sell 183.00 shares at 109.69 on 2024-10-22 17:15:00+00:00
2024-11-10 20:43:03,446 - Short Sell 183.00 shares at 109.82 on 2024-10-22 17:30:00+00:00
2024-11-10 20:43:03,446 - Short Sell 183.00 shares at 109.92 on 2024-10-22 17:45:00+00:00
2024-11-10 20:43:03,446 - Buy to cover -2201.00 shares at 109.74 on 2024-10-22 18:15:00+00:00 (Exit: Signal, Profit: -259.4800000000274, Duration: 195.0 minutes)
2024-11-10 20:43:03,446 - Long Buy 183.00 shares at 109.68 on 2024-10-22 18:30:00+00:00
2024-11-10 20:43:03,446 - Long Buy 180.00 shares at 109.69 on 2024-10-22 18:45:00+00:00
2024-11-10 20:43:03,446 - Sell to close 363.00 shares at 109.92 on 2024-10-22 19:00:00+00:00 (Exit: Signal, Profit: 85.31999999999884, Duration: 30.0 minutes)
2024-11-10 20:43:03,446 - Long Buy 183.00 shares at 109.73 on 2024-10-22 19:30:00+00:00
2024-11-10 20:43:03,446 - Long Buy 180.00 shares at 109.5 on 2024-10-22 19:45:00+00:00
2024-11-10 20:43:03,446 - Long Buy 177.00 shares at 109.31 on 2024-10-23 13:30:00+00:00
2024-11-10 20:43:03,446 - Long Buy 173.00 shares at 109.33 on 2024-10-23 13:45:00+00:00
2024-11-10 20:43:03,446 - Long Buy 170.00 shares at 109.09 on 2024-10-23 14:00:00+00:00
2024-11-10 20:43:03,446 - Long Buy 167.00 shares at 109.08 on 2024-10-23 14:15:00+00:00
2024-11-10 20:43:03,446 - Long Buy 163.00 shares at 108.94 on 2024-10-23 14:30:00+00:00
2024-11-10 20:43:03,446 - Long Buy 160.00 shares at 108.91 on 2024-10-23 14:45:00+00:00
2024-11-10 20:43:03,446 - Long Buy 158.00 shares at 108.3 on 2024-10-23 15:00:00+00:00
2024-11-10 20:43:03,446 - Long Buy 155.00 shares at 108.27 on 2024-10-23 15:15:00+00:00
2024-11-10 20:43:03,446 - Long Buy 151.00 shares at 108.48 on 2024-10-23 15:30:00+00:00
2024-11-10 20:43:03,446 - Long Buy 148.00 shares at 108.52 on 2024-10-23 15:45:00+00:00
2024-11-10 20:43:03,446 - Long Buy 146.00 shares at 108.42 on 2024-10-23 16:00:00+00:00
2024-11-10 20:43:03,446 - Long Buy 143.00 shares at 108.35 on 2024-10-23 16:15:00+00:00
2024-11-10 20:43:03,446 - Long Buy 140.00 shares at 108.47 on 2024-10-23 16:30:00+00:00
2024-11-10 20:43:03,446 - Long Buy 136.00 shares at 108.83 on 2024-10-23 16:45:00+00:00
2024-11-10 20:43:03,446 - Long Buy 134.00 shares at 108.69 on 2024-10-23 17:00:00+00:00
2024-11-10 20:43:03,446 - Long Buy 131.00 shares at 108.6 on 2024-10-23 17:15:00+00:00
2024-11-10 20:43:03,446 - Long Buy 129.00 shares at 108.45 on 2024-10-23 17:30:00+00:00
2024-11-10 20:43:03,446 - Long Buy 126.00 shares at 108.39 on 2024-10-23 17:45:00+00:00
2024-11-10 20:43:03,446 - Long Buy 124.00 shares at 107.93 on 2024-10-23 18:00:00+00:00
2024-11-10 20:43:03,446 - Long Buy 122.00 shares at 108.25 on 2024-10-23 18:15:00+00:00
2024-11-10 20:43:03,446 - Long Buy 119.00 shares at 108.48 on 2024-10-23 18:30:00+00:00
2024-11-10 20:43:03,446 - Long Buy 117.00 shares at 108.42 on 2024-10-23 18:45:00+00:00
2024-11-10 20:43:03,446 - Long Buy 114.00 shares at 108.44 on 2024-10-23 19:00:00+00:00
2024-11-10 20:43:03,446 - Sell to close 3666.00 shares at 108.59 on 2024-10-23 19:15:00+00:00 (Exit: Signal, Profit: -535.3200000000029, Duration: 1425.0 minutes)
2024-11-10 20:43:03,446 - Short Sell 185.00 shares at 108.76 on 2024-10-23 19:30:00+00:00
2024-11-10 20:43:03,447 - Buy to cover -185.00 shares at 108.17 on 2024-10-24 13:30:00+00:00 (Exit: Signal, Profit: 109.15000000000063, Duration: 1080.0 minutes)
2024-11-10 20:43:03,447 - Long Buy 185.00 shares at 108.41 on 2024-10-24 13:45:00+00:00
2024-11-10 20:43:03,447 - Long Buy 182.00 shares at 108.36 on 2024-10-24 14:00:00+00:00
2024-11-10 20:43:03,447 - Sell to close 367.00 shares at 108.56 on 2024-10-24 14:15:00+00:00 (Exit: Signal, Profit: 64.1500000000057, Duration: 30.0 minutes)
2024-11-10 20:43:03,447 - Long Buy 186.00 shares at 108.32 on 2024-10-24 14:30:00+00:00
2024-11-10 20:43:03,447 - Long Buy 182.00 shares at 108.3 on 2024-10-24 15:00:00+00:00
2024-11-10 20:43:03,447 - Long Buy 179.00 shares at 108.12 on 2024-10-24 15:15:00+00:00
2024-11-10 20:43:03,447 - Long Buy 176.00 shares at 107.78 on 2024-10-24 15:30:00+00:00
2024-11-10 20:43:03,447 - Long Buy 172.00 shares at 107.73 on 2024-10-24 15:45:00+00:00
2024-11-10 20:43:03,447 - Long Buy 169.00 shares at 107.54 on 2024-10-24 16:00:00+00:00
2024-11-10 20:43:03,447 - Sell to close 1064.00 shares at 107.83 on 2024-10-24 16:30:00+00:00 (Exit: Signal, Profit: -153.57999999999083, Duration: 120.0 minutes)
2024-11-10 20:43:03,447 - Short Sell 186.00 shares at 107.86 on 2024-10-24 16:45:00+00:00
2024-11-10 20:43:03,447 - Short Sell 186.00 shares at 108.25 on 2024-10-24 17:00:00+00:00
2024-11-10 20:43:03,447 - Short Sell 185.00 shares at 108.38 on 2024-10-24 17:15:00+00:00
2024-11-10 20:43:03,447 - Short Sell 185.00 shares at 108.57 on 2024-10-24 17:30:00+00:00
2024-11-10 20:43:03,447 - Short Sell 185.00 shares at 108.46 on 2024-10-24 17:45:00+00:00
2024-11-10 20:43:03,447 - Short Sell 185.00 shares at 108.53 on 2024-10-24 18:00:00+00:00
2024-11-10 20:43:03,447 - Short Sell 186.00 shares at 108.32 on 2024-10-24 18:15:00+00:00
2024-11-10 20:43:03,447 - Short Sell 186.00 shares at 108.17 on 2024-10-24 18:30:00+00:00
2024-11-10 20:43:03,447 - Short Sell 186.00 shares at 108.09 on 2024-10-24 18:45:00+00:00
2024-11-10 20:43:03,447 - Short Sell 186.00 shares at 108.23 on 2024-10-24 19:00:00+00:00
2024-11-10 20:43:03,447 - Short Sell 186.00 shares at 108.29 on 2024-10-24 19:15:00+00:00
2024-11-10 20:43:03,447 - Short Sell 185.00 shares at 108.36 on 2024-10-24 19:30:00+00:00
2024-11-10 20:43:03,447 - Buy to cover -2227.00 shares at 108.26 on 2024-10-24 19:45:00+00:00 (Exit: Signal, Profit: 71.53999999998736, Duration: 180.0 minutes)
2024-11-10 20:43:03,447 - Short Sell 185.00 shares at 108.39 on 2024-10-25 13:30:00+00:00
2024-11-10 20:43:03,447 - Buy to cover -185.00 shares at 108.27 on 2024-10-25 13:45:00+00:00 (Exit: Signal, Profit: 22.20000000000347, Duration: 15.0 minutes)
2024-11-10 20:43:03,448 - Short Sell 185.00 shares at 108.82 on 2024-10-25 14:00:00+00:00
2024-11-10 20:43:03,448 - Short Sell 184.00 shares at 109.02 on 2024-10-25 14:15:00+00:00
2024-11-10 20:43:03,448 - Short Sell 185.00 shares at 108.76 on 2024-10-25 14:30:00+00:00
2024-11-10 20:43:03,448 - Short Sell 185.00 shares at 108.72 on 2024-10-25 14:45:00+00:00
2024-11-10 20:43:03,448 - Short Sell 185.00 shares at 108.87 on 2024-10-25 15:00:00+00:00
2024-11-10 20:43:03,448 - Short Sell 185.00 shares at 108.71 on 2024-10-25 15:15:00+00:00
2024-11-10 20:43:03,448 - Short Sell 185.00 shares at 108.64 on 2024-10-25 15:30:00+00:00
2024-11-10 20:43:03,448 - Short Sell 185.00 shares at 108.63 on 2024-10-25 15:45:00+00:00
2024-11-10 20:43:03,448 - Short Sell 185.00 shares at 108.47 on 2024-10-25 16:00:00+00:00
2024-11-10 20:43:03,448 - Short Sell 185.00 shares at 108.7 on 2024-10-25 16:15:00+00:00
2024-11-10 20:43:03,448 - Short Sell 185.00 shares at 108.76 on 2024-10-25 16:30:00+00:00
2024-11-10 20:43:03,448 - Short Sell 185.00 shares at 108.59 on 2024-10-25 16:45:00+00:00
2024-11-10 20:43:03,448 - Buy to cover -2219.00 shares at 108.4 on 2024-10-25 17:00:00+00:00 (Exit: Signal, Profit: 719.0299999999696, Duration: 180.0 minutes)
2024-11-10 20:43:03,448 - Long Buy 186.00 shares at 108.42 on 2024-10-25 17:15:00+00:00
2024-11-10 20:43:03,448 - Long Buy 182.00 shares at 108.08 on 2024-10-25 17:30:00+00:00
2024-11-10 20:43:03,448 - Long Buy 179.00 shares at 108.18 on 2024-10-25 17:45:00+00:00
2024-11-10 20:43:03,448 - Long Buy 175.00 shares at 108.05 on 2024-10-25 18:00:00+00:00
2024-11-10 20:43:03,448 - Long Buy 171.00 shares at 108.35 on 2024-10-25 18:15:00+00:00
2024-11-10 20:43:03,448 - Long Buy 168.00 shares at 108.44 on 2024-10-25 18:30:00+00:00
2024-11-10 20:43:03,448 - Long Buy 164.00 shares at 108.48 on 2024-10-25 18:45:00+00:00
2024-11-10 20:43:03,448 - Long Buy 161.00 shares at 108.26 on 2024-10-25 19:00:00+00:00
2024-11-10 20:43:03,448 - Long Buy 158.00 shares at 108.3 on 2024-10-25 19:15:00+00:00
2024-11-10 20:43:03,448 - Long Buy 155.00 shares at 108.14 on 2024-10-25 19:30:00+00:00
2024-11-10 20:43:03,448 - Long Buy 152.00 shares at 108.15 on 2024-10-25 19:45:00+00:00
2024-11-10 20:43:03,448 - Sell to close 1851.00 shares at 109.01 on 2024-10-28 13:30:00+00:00 (Exit: Signal, Profit: 1389.610000000027, Duration: 4095.0 minutes)
2024-11-10 20:43:03,448 - Short Sell 185.00 shares at 109.02 on 2024-10-28 13:45:00+00:00
2024-11-10 20:43:03,448 - Short Sell 185.00 shares at 108.88 on 2024-10-28 14:00:00+00:00
2024-11-10 20:43:03,448 - Short Sell 185.00 shares at 108.96 on 2024-10-28 14:15:00+00:00
2024-11-10 20:43:03,448 - Short Sell 185.00 shares at 108.92 on 2024-10-28 14:45:00+00:00
2024-11-10 20:43:03,448 - Short Sell 185.00 shares at 109.0 on 2024-10-28 15:00:00+00:00
2024-11-10 20:43:03,448 - Buy to cover -925.00 shares at 108.79 on 2024-10-28 15:15:00+00:00 (Exit: Signal, Profit: 153.54999999999706, Duration: 90.0 minutes)
2024-11-10 20:43:03,448 - Long Buy 185.00 shares at 108.76 on 2024-10-28 15:30:00+00:00
2024-11-10 20:43:03,449 - Long Buy 182.00 shares at 108.69 on 2024-10-28 15:45:00+00:00
2024-11-10 20:43:03,449 - Sell to close 367.00 shares at 108.99 on 2024-10-28 16:15:00+00:00 (Exit: Signal, Profit: 97.14999999999922, Duration: 45.0 minutes)
2024-11-10 20:43:03,449 - Short Sell 185.00 shares at 108.98 on 2024-10-28 16:30:00+00:00
2024-11-10 20:43:03,449 - Short Sell 185.00 shares at 108.97 on 2024-10-28 16:45:00+00:00
2024-11-10 20:43:03,449 - Short Sell 185.00 shares at 109.03 on 2024-10-28 17:15:00+00:00
2024-11-10 20:43:03,449 - Short Sell 185.00 shares at 109.1 on 2024-10-28 17:30:00+00:00
2024-11-10 20:43:03,449 - Short Sell 185.00 shares at 109.02 on 2024-10-28 17:45:00+00:00
2024-11-10 20:43:03,449 - Short Sell 185.00 shares at 109.05 on 2024-10-28 18:00:00+00:00
2024-11-10 20:43:03,449 - Short Sell 185.00 shares at 109.08 on 2024-10-28 18:15:00+00:00
2024-11-10 20:43:03,449 - Short Sell 185.00 shares at 109.06 on 2024-10-28 18:30:00+00:00
2024-11-10 20:43:03,449 - Short Sell 185.00 shares at 109.06 on 2024-10-28 19:00:00+00:00
2024-11-10 20:43:03,449 - Short Sell 185.00 shares at 109.14 on 2024-10-28 19:15:00+00:00
2024-11-10 20:43:03,449 - Buy to cover -1850.00 shares at 108.73 on 2024-10-28 19:45:00+00:00 (Exit: Signal, Profit: 590.1499999999785, Duration: 195.0 minutes)
2024-11-10 20:43:03,449 - Long Buy 186.00 shares at 108.17 on 2024-10-29 13:30:00+00:00
2024-11-10 20:43:03,449 - Long Buy 183.00 shares at 108.17 on 2024-10-29 13:45:00+00:00
2024-11-10 20:43:03,449 - Sell to close 369.00 shares at 109.14 on 2024-10-29 14:15:00+00:00 (Exit: Signal, Profit: 357.93000000000484, Duration: 45.0 minutes)
2024-11-10 20:43:03,449 - Short Sell 184.00 shares at 109.6 on 2024-10-29 14:30:00+00:00
2024-11-10 20:43:03,449 - Short Sell 185.00 shares at 109.21 on 2024-10-29 14:45:00+00:00
2024-11-10 20:43:03,449 - Buy to cover -369.00 shares at 109.01 on 2024-10-29 15:15:00+00:00 (Exit: Signal, Profit: 145.5599999999987, Duration: 45.0 minutes)
2024-11-10 20:43:03,449 - Short Sell 185.00 shares at 109.25 on 2024-10-29 15:30:00+00:00
2024-11-10 20:43:03,449 - Short Sell 184.00 shares at 109.48 on 2024-10-29 15:45:00+00:00
2024-11-10 20:43:03,449 - Short Sell 184.00 shares at 109.56 on 2024-10-29 16:00:00+00:00
2024-11-10 20:43:03,449 - Short Sell 184.00 shares at 109.44 on 2024-10-29 16:15:00+00:00
2024-11-10 20:43:03,449 - Short Sell 185.00 shares at 109.32 on 2024-10-29 16:30:00+00:00
2024-11-10 20:43:03,449 - Short Sell 184.00 shares at 109.41 on 2024-10-29 16:45:00+00:00
2024-11-10 20:43:03,450 - Short Sell 184.00 shares at 109.4 on 2024-10-29 17:00:00+00:00
2024-11-10 20:43:03,450 - Short Sell 185.00 shares at 109.32 on 2024-10-29 17:15:00+00:00
2024-11-10 20:43:03,450 - Short Sell 185.00 shares at 109.29 on 2024-10-29 17:30:00+00:00
2024-11-10 20:43:03,450 - Short Sell 184.00 shares at 109.35 on 2024-10-29 17:45:00+00:00
2024-11-10 20:43:03,450 - Short Sell 184.00 shares at 109.34 on 2024-10-29 18:00:00+00:00
2024-11-10 20:43:03,450 - Short Sell 184.00 shares at 109.4 on 2024-10-29 18:15:00+00:00
2024-11-10 20:43:03,450 - Short Sell 184.00 shares at 109.59 on 2024-10-29 18:30:00+00:00
2024-11-10 20:43:03,450 - Short Sell 184.00 shares at 109.66 on 2024-10-29 18:45:00+00:00
2024-11-10 20:43:03,450 - Buy to cover -2580.00 shares at 109.52 on 2024-10-29 19:00:00+00:00 (Exit: Signal, Profit: -271.38000000001426, Duration: 210.0 minutes)
2024-11-10 20:43:03,450 - Long Buy 184.00 shares at 109.53 on 2024-10-29 19:15:00+00:00
2024-11-10 20:43:03,450 - Long Buy 181.00 shares at 109.32 on 2024-10-29 19:30:00+00:00
2024-11-10 20:43:03,450 - Long Buy 178.00 shares at 108.92 on 2024-10-29 19:45:00+00:00
2024-11-10 20:43:03,450 - Long Buy 174.00 shares at 109.24 on 2024-10-30 13:30:00+00:00
2024-11-10 20:43:03,450 - Sell to close 717.00 shares at 109.74 on 2024-10-30 13:45:00+00:00 (Exit: Signal, Profit: 347.6200000000084, Duration: 1110.0 minutes)
2024-11-10 20:43:03,450 - Short Sell 183.00 shares at 109.93 on 2024-10-30 14:00:00+00:00
2024-11-10 20:43:03,450 - Buy to cover -183.00 shares at 109.52 on 2024-10-30 14:15:00+00:00 (Exit: Signal, Profit: 75.03000000000198, Duration: 15.0 minutes)
2024-11-10 20:43:03,450 - Long Buy 184.00 shares at 109.52 on 2024-10-30 14:45:00+00:00
2024-11-10 20:43:03,450 - Long Buy 181.00 shares at 109.22 on 2024-10-30 15:00:00+00:00
2024-11-10 20:43:03,450 - Long Buy 177.00 shares at 109.32 on 2024-10-30 15:15:00+00:00
2024-11-10 20:43:03,450 - Long Buy 173.00 shares at 109.44 on 2024-10-30 15:30:00+00:00
2024-11-10 20:43:03,450 - Long Buy 170.00 shares at 109.51 on 2024-10-30 15:45:00+00:00
2024-11-10 20:43:03,450 - Long Buy 167.00 shares at 109.35 on 2024-10-30 16:00:00+00:00
2024-11-10 20:43:03,450 - Long Buy 164.00 shares at 109.18 on 2024-10-30 16:15:00+00:00
2024-11-10 20:43:03,450 - Long Buy 161.00 shares at 108.95 on 2024-10-30 16:30:00+00:00
2024-11-10 20:43:03,450 - Long Buy 158.00 shares at 108.77 on 2024-10-30 16:45:00+00:00
2024-11-10 20:43:03,450 - Long Buy 154.00 shares at 108.95 on 2024-10-30 17:00:00+00:00
2024-11-10 20:43:03,450 - Long Buy 151.00 shares at 108.87 on 2024-10-30 17:15:00+00:00
2024-11-10 20:43:03,450 - Long Buy 148.00 shares at 108.78 on 2024-10-30 17:30:00+00:00
2024-11-10 20:43:03,450 - Long Buy 145.00 shares at 109.04 on 2024-10-30 17:45:00+00:00
2024-11-10 20:43:03,450 - Long Buy 142.00 shares at 109.19 on 2024-10-30 18:00:00+00:00
2024-11-10 20:43:03,450 - Long Buy 140.00 shares at 108.99 on 2024-10-30 18:15:00+00:00
2024-11-10 20:43:03,450 - Long Buy 137.00 shares at 108.97 on 2024-10-30 18:30:00+00:00
2024-11-10 20:43:03,450 - Long Buy 134.00 shares at 109.09 on 2024-10-30 18:45:00+00:00
2024-11-10 20:43:03,451 - Long Buy 131.00 shares at 109.09 on 2024-10-30 19:00:00+00:00
2024-11-10 20:43:03,451 - Long Buy 129.00 shares at 109.03 on 2024-10-30 19:15:00+00:00
2024-11-10 20:43:03,451 - Long Buy 126.00 shares at 109.02 on 2024-10-30 19:30:00+00:00
2024-11-10 20:43:03,451 - Long Buy 123.00 shares at 109.06 on 2024-10-30 19:45:00+00:00
2024-11-10 20:43:03,451 - Sell to close 3195.00 shares at 109.11 on 2024-10-31 13:30:00+00:00 (Exit: Signal, Profit: -52.08999999996955, Duration: 1365.0 minutes)
2024-11-10 20:43:03,451 - Long Buy 185.00 shares at 108.78 on 2024-10-31 14:00:00+00:00
2024-11-10 20:43:03,451 - Long Buy 182.00 shares at 108.62 on 2024-10-31 14:15:00+00:00
2024-11-10 20:43:03,451 - Long Buy 179.00 shares at 108.42 on 2024-10-31 14:30:00+00:00
2024-11-10 20:43:03,451 - Long Buy 175.00 shares at 108.34 on 2024-10-31 14:45:00+00:00
2024-11-10 20:43:03,451 - Long Buy 172.00 shares at 108.31 on 2024-10-31 15:00:00+00:00
2024-11-10 20:43:03,451 - Long Buy 169.00 shares at 108.08 on 2024-10-31 15:15:00+00:00
2024-11-10 20:43:03,451 - Long Buy 165.00 shares at 108.04 on 2024-10-31 15:30:00+00:00
2024-11-10 20:43:03,451 - Long Buy 162.00 shares at 108.11 on 2024-10-31 15:45:00+00:00
2024-11-10 20:43:03,451 - Long Buy 158.00 shares at 108.31 on 2024-10-31 16:00:00+00:00
2024-11-10 20:43:03,451 - Long Buy 155.00 shares at 108.51 on 2024-10-31 16:15:00+00:00
2024-11-10 20:43:03,451 - Long Buy 152.00 shares at 108.55 on 2024-10-31 16:30:00+00:00
2024-11-10 20:43:03,451 - Long Buy 149.00 shares at 108.6 on 2024-10-31 16:45:00+00:00
2024-11-10 20:43:03,451 - Long Buy 146.00 shares at 108.77 on 2024-10-31 17:00:00+00:00
2024-11-10 20:43:03,451 - Long Buy 143.00 shares at 108.52 on 2024-10-31 17:15:00+00:00
2024-11-10 20:43:03,451 - Long Buy 140.00 shares at 108.52 on 2024-10-31 17:30:00+00:00
2024-11-10 20:43:03,451 - Long Buy 137.00 shares at 108.55 on 2024-10-31 17:45:00+00:00
2024-11-10 20:43:03,451 - Long Buy 135.00 shares at 108.5 on 2024-10-31 18:00:00+00:00
2024-11-10 20:43:03,451 - Long Buy 132.00 shares at 108.4 on 2024-10-31 18:15:00+00:00
2024-11-10 20:43:03,451 - Long Buy 129.00 shares at 108.41 on 2024-10-31 18:30:00+00:00
2024-11-10 20:43:03,451 - Long Buy 127.00 shares at 108.48 on 2024-10-31 18:45:00+00:00
2024-11-10 20:43:03,451 - Long Buy 124.00 shares at 108.52 on 2024-10-31 19:00:00+00:00
2024-11-10 20:43:03,451 - Long Buy 122.00 shares at 108.48 on 2024-10-31 19:15:00+00:00
2024-11-10 20:43:03,451 - Long Buy 119.00 shares at 108.33 on 2024-10-31 19:30:00+00:00
2024-11-10 20:43:03,451 - Long Buy 117.00 shares at 108.25 on 2024-10-31 19:45:00+00:00
2024-11-10 20:43:03,451 - Long Buy 114.00 shares at 108.68 on 2024-11-01 13:30:00+00:00
2024-11-10 20:43:03,451 - Sell to close 3688.00 shares at 109.25 on 2024-11-01 14:00:00+00:00 (Exit: Signal, Profit: 2987.7299999999955, Duration: 1440.0 minutes)
2024-11-10 20:43:03,451 - Short Sell 185.00 shares at 109.34 on 2024-11-01 14:15:00+00:00
2024-11-10 20:43:03,451 - Buy to cover -185.00 shares at 108.89 on 2024-11-01 14:30:00+00:00 (Exit: Signal, Profit: 83.25000000000053, Duration: 15.0 minutes)
2024-11-10 20:43:03,451 - Long Buy 186.00 shares at 108.87 on 2024-11-01 14:45:00+00:00
2024-11-10 20:43:03,452 - Long Buy 182.00 shares at 108.72 on 2024-11-01 15:00:00+00:00
2024-11-10 20:43:03,452 - Long Buy 179.00 shares at 108.72 on 2024-11-01 15:15:00+00:00
2024-11-10 20:43:03,452 - Long Buy 175.00 shares at 108.51 on 2024-11-01 15:30:00+00:00
2024-11-10 20:43:03,452 - Long Buy 172.00 shares at 108.38 on 2024-11-01 15:45:00+00:00
2024-11-10 20:43:03,452 - Long Buy 169.00 shares at 108.42 on 2024-11-01 16:00:00+00:00
2024-11-10 20:43:03,452 - Long Buy 165.00 shares at 108.41 on 2024-11-01 16:15:00+00:00
2024-11-10 20:43:03,452 - Long Buy 162.00 shares at 108.29 on 2024-11-01 16:30:00+00:00
2024-11-10 20:43:03,452 - Long Buy 159.00 shares at 108.32 on 2024-11-01 16:45:00+00:00
2024-11-10 20:43:03,452 - Long Buy 156.00 shares at 108.43 on 2024-11-01 17:00:00+00:00
2024-11-10 20:43:03,452 - Long Buy 152.00 shares at 108.51 on 2024-11-01 17:15:00+00:00
2024-11-10 20:43:03,452 - Long Buy 150.00 shares at 108.19 on 2024-11-01 17:30:00+00:00
2024-11-10 20:43:03,452 - Long Buy 147.00 shares at 108.25 on 2024-11-01 17:45:00+00:00
2024-11-10 20:43:03,452 - Long Buy 144.00 shares at 108.23 on 2024-11-01 18:00:00+00:00
2024-11-10 20:43:03,452 - Sell to close 2298.00 shares at 108.27 on 2024-11-01 18:15:00+00:00 (Exit: Signal, Profit: -435.35000000004845, Duration: 210.0 minutes)
2024-11-10 20:43:03,452 - Short Sell 187.00 shares at 108.34 on 2024-11-01 18:30:00+00:00
2024-11-10 20:43:03,452 - Short Sell 186.00 shares at 108.46 on 2024-11-01 18:45:00+00:00
2024-11-10 20:43:03,452 - Short Sell 186.00 shares at 108.66 on 2024-11-01 19:00:00+00:00
2024-11-10 20:43:03,452 - Short Sell 186.00 shares at 108.57 on 2024-11-01 19:15:00+00:00
2024-11-10 20:43:03,452 - Short Sell 186.00 shares at 108.64 on 2024-11-01 19:30:00+00:00
2024-11-10 20:43:03,452 - Short Sell 187.00 shares at 108.44 on 2024-11-01 19:45:00+00:00
2024-11-10 20:43:03,452 - Short Sell 184.00 shares at 109.86 on 2024-11-04 14:30:00+00:00
2024-11-10 20:43:03,452 - Buy to cover -1302.00 shares at 110.7 on 2024-11-04 14:45:00+00:00 (Exit: Stop_loss, Profit: -2593.920000000028, Duration: 4095.0 minutes)
2024-11-10 20:43:03,452 - Short Sell 183.00 shares at 110.08 on 2024-11-04 15:00:00+00:00
2024-11-10 20:43:03,452 - Short Sell 184.00 shares at 109.71 on 2024-11-04 15:15:00+00:00
2024-11-10 20:43:03,452 - Short Sell 184.00 shares at 109.78 on 2024-11-04 15:30:00+00:00
2024-11-10 20:43:03,452 - Short Sell 184.00 shares at 109.57 on 2024-11-04 15:45:00+00:00
2024-11-10 20:43:03,452 - Short Sell 184.00 shares at 109.69 on 2024-11-04 16:00:00+00:00
2024-11-10 20:43:03,452 - Short Sell 185.00 shares at 109.29 on 2024-11-04 16:15:00+00:00
2024-11-10 20:43:03,452 - Buy to cover -1104.00 shares at 109.04 on 2024-11-04 16:30:00+00:00 (Exit: Signal, Profit: 713.1299999999769, Duration: 90.0 minutes)
2024-11-10 20:43:03,452 - Long Buy 185.00 shares at 109.12 on 2024-11-04 16:45:00+00:00
2024-11-10 20:43:03,452 - Long Buy 182.00 shares at 108.66 on 2024-11-04 17:00:00+00:00
2024-11-10 20:43:03,452 - Sell to close 367.00 shares at 109.37 on 2024-11-04 17:15:00+00:00 (Exit: Signal, Profit: 175.47000000000094, Duration: 30.0 minutes)
2024-11-10 20:43:03,452 - Short Sell 184.00 shares at 109.46 on 2024-11-04 17:30:00+00:00
2024-11-10 20:43:03,453 - Short Sell 184.00 shares at 109.54 on 2024-11-04 18:15:00+00:00
2024-11-10 20:43:03,453 - Short Sell 184.00 shares at 109.54 on 2024-11-04 18:30:00+00:00
2024-11-10 20:43:03,453 - Short Sell 184.00 shares at 109.43 on 2024-11-04 18:45:00+00:00
2024-11-10 20:43:03,453 - Short Sell 184.00 shares at 109.88 on 2024-11-04 19:00:00+00:00
2024-11-10 20:43:03,453 - Short Sell 184.00 shares at 109.74 on 2024-11-04 19:15:00+00:00
2024-11-10 20:43:03,453 - Short Sell 184.00 shares at 109.81 on 2024-11-04 19:30:00+00:00
2024-11-10 20:43:03,453 - Short Sell 184.00 shares at 109.78 on 2024-11-04 19:45:00+00:00
2024-11-10 20:43:03,453 - Short Sell 184.00 shares at 109.81 on 2024-11-04 20:00:00+00:00
2024-11-10 20:43:03,453 - Buy to cover -1656.00 shares at 109.78 on 2024-11-04 20:15:00+00:00 (Exit: Signal, Profit: -189.5200000000002, Duration: 165.0 minutes)
2024-11-10 20:43:03,453 - Long Buy 184.00 shares at 109.74 on 2024-11-04 20:30:00+00:00
2024-11-10 20:43:03,453 - Sell to close 184.00 shares at 119.04 on 2024-11-05 14:30:00+00:00 (Exit: Profit_take, Profit: 1711.200000000002, Duration: 1080.0 minutes)
2024-11-10 20:43:03,453 - Short Sell 171.00 shares at 118.26 on 2024-11-05 14:45:00+00:00
2024-11-10 20:43:03,453 - Short Sell 171.00 shares at 118.51 on 2024-11-05 15:00:00+00:00
2024-11-10 20:43:03,453 - Short Sell 170.00 shares at 119.09 on 2024-11-05 15:15:00+00:00
2024-11-10 20:43:03,453 - Short Sell 170.00 shares at 119.08 on 2024-11-05 15:30:00+00:00
2024-11-10 20:43:03,453 - Short Sell 171.00 shares at 117.95 on 2024-11-05 15:45:00+00:00
2024-11-10 20:43:03,453 - Short Sell 173.00 shares at 117.16 on 2024-11-05 16:00:00+00:00
2024-11-10 20:43:03,453 - Short Sell 173.00 shares at 117.06 on 2024-11-05 16:15:00+00:00
2024-11-10 20:43:03,453 - Short Sell 173.00 shares at 117.15 on 2024-11-05 16:30:00+00:00
2024-11-10 20:43:03,453 - Short Sell 173.00 shares at 117.23 on 2024-11-05 16:45:00+00:00
2024-11-10 20:43:03,453 - Short Sell 173.00 shares at 117.01 on 2024-11-05 17:00:00+00:00
2024-11-10 20:43:03,453 - Short Sell 172.00 shares at 117.59 on 2024-11-05 17:15:00+00:00
2024-11-10 20:43:03,453 - Buy to cover -1890.00 shares at 117.16 on 2024-11-05 17:30:00+00:00 (Exit: Signal, Profit: 1249.6300000000556, Duration: 165.0 minutes)
2024-11-10 20:43:03,453 - Long Buy 173.00 shares at 116.96 on 2024-11-05 17:45:00+00:00
2024-11-10 20:43:03,453 - Long Buy 170.00 shares at 116.82 on 2024-11-05 18:00:00+00:00
2024-11-10 20:43:03,453 - Long Buy 166.00 shares at 116.96 on 2024-11-05 18:15:00+00:00
2024-11-10 20:43:03,453 - Long Buy 162.00 shares at 117.27 on 2024-11-05 18:30:00+00:00
2024-11-10 20:43:03,453 - Long Buy 160.00 shares at 117.0 on 2024-11-05 18:45:00+00:00
2024-11-10 20:43:03,453 - Long Buy 156.00 shares at 117.31 on 2024-11-05 19:15:00+00:00
2024-11-10 20:43:03,453 - Long Buy 153.00 shares at 117.2 on 2024-11-05 19:30:00+00:00
2024-11-10 20:43:03,453 - Long Buy 150.00 shares at 117.04 on 2024-11-05 19:45:00+00:00
2024-11-10 20:43:03,453 - Long Buy 147.00 shares at 117.25 on 2024-11-05 20:00:00+00:00
2024-11-10 20:43:03,454 - Long Buy 144.00 shares at 117.44 on 2024-11-05 20:30:00+00:00
2024-11-10 20:43:03,454 - Sell to close 1581.00 shares at 125.38 on 2024-11-06 14:30:00+00:00 (Exit: Profit_take, Profit: 13064.130000000026, Duration: 1245.0 minutes)
2024-11-10 20:43:03,454 - Long Buy 164.00 shares at 125.25 on 2024-11-06 14:45:00+00:00
2024-11-10 20:43:03,454 - Sell to close 164.00 shares at 125.52 on 2024-11-06 15:00:00+00:00 (Exit: Signal, Profit: 44.27999999999935, Duration: 15.0 minutes)
2024-11-10 20:43:03,454 - Short Sell 163.00 shares at 126.14 on 2024-11-06 15:15:00+00:00
2024-11-10 20:43:03,454 - Short Sell 162.00 shares at 126.19 on 2024-11-06 15:30:00+00:00
2024-11-10 20:43:03,454 - Short Sell 162.00 shares at 126.39 on 2024-11-06 15:45:00+00:00
2024-11-10 20:43:03,454 - Short Sell 163.00 shares at 125.94 on 2024-11-06 16:00:00+00:00
2024-11-10 20:43:03,454 - Short Sell 163.00 shares at 125.92 on 2024-11-06 16:15:00+00:00
2024-11-10 20:43:03,454 - Short Sell 162.00 shares at 126.47 on 2024-11-06 16:30:00+00:00
2024-11-10 20:43:03,454 - Short Sell 163.00 shares at 125.9 on 2024-11-06 16:45:00+00:00
2024-11-10 20:43:03,454 - Short Sell 163.00 shares at 126.11 on 2024-11-06 17:00:00+00:00
2024-11-10 20:43:03,454 - Short Sell 163.00 shares at 125.95 on 2024-11-06 17:15:00+00:00
2024-11-10 20:43:03,454 - Short Sell 162.00 shares at 126.78 on 2024-11-06 17:30:00+00:00
2024-11-10 20:43:03,454 - Short Sell 162.00 shares at 126.64 on 2024-11-06 17:45:00+00:00
2024-11-10 20:43:03,454 - Short Sell 161.00 shares at 127.23 on 2024-11-06 18:00:00+00:00
2024-11-10 20:43:03,454 - Short Sell 161.00 shares at 127.31 on 2024-11-06 18:15:00+00:00
2024-11-10 20:43:03,454 - Short Sell 161.00 shares at 127.43 on 2024-11-06 18:30:00+00:00
2024-11-10 20:43:03,454 - Short Sell 161.00 shares at 127.43 on 2024-11-06 18:45:00+00:00
2024-11-10 20:43:03,454 - Buy to cover -2432.00 shares at 127.03 on 2024-11-06 19:15:00+00:00 (Exit: Signal, Profit: -1241.9400000000442, Duration: 240.0 minutes)
2024-11-10 20:43:03,454 - Long Buy 161.00 shares at 127.09 on 2024-11-06 19:30:00+00:00
2024-11-10 20:43:03,454 - Long Buy 158.00 shares at 127.1 on 2024-11-06 19:45:00+00:00
2024-11-10 20:43:03,454 - Long Buy 155.00 shares at 127.02 on 2024-11-06 20:00:00+00:00
2024-11-10 20:43:03,454 - Long Buy 152.00 shares at 127.08 on 2024-11-06 20:15:00+00:00
2024-11-10 20:43:03,454 - Long Buy 149.00 shares at 127.01 on 2024-11-06 20:30:00+00:00
2024-11-10 20:43:03,454 - Long Buy 146.00 shares at 126.86 on 2024-11-06 20:45:00+00:00
2024-11-10 20:43:03,454 - Long Buy 145.00 shares at 124.71 on 2024-11-07 14:30:00+00:00
2024-11-10 20:43:03,454 - Long Buy 141.00 shares at 125.63 on 2024-11-07 14:45:00+00:00
2024-11-10 20:43:03,454 - Long Buy 138.00 shares at 125.82 on 2024-11-07 15:00:00+00:00
2024-11-10 20:43:03,454 - Long Buy 136.00 shares at 125.55 on 2024-11-07 15:15:00+00:00
2024-11-10 20:43:03,454 - Long Buy 133.00 shares at 125.83 on 2024-11-07 15:30:00+00:00
2024-11-10 20:43:03,454 - Sell to close 1614.00 shares at 125.93 on 2024-11-07 15:45:00+00:00 (Exit: Signal, Profit: -712.7099999999775, Duration: 1215.0 minutes)
2024-11-10 20:43:03,455 - Long Buy 164.00 shares at 125.08 on 2024-11-07 16:00:00+00:00
2024-11-10 20:43:03,455 - Long Buy 160.00 shares at 125.27 on 2024-11-07 16:15:00+00:00
2024-11-10 20:43:03,455 - Sell to close 324.00 shares at 126.23 on 2024-11-07 16:45:00+00:00 (Exit: Signal, Profit: 342.20000000000067, Duration: 45.0 minutes)
2024-11-10 20:43:03,455 - Short Sell 162.00 shares at 126.31 on 2024-11-07 17:00:00+00:00
2024-11-10 20:43:03,455 - Short Sell 162.00 shares at 126.3 on 2024-11-07 17:15:00+00:00
2024-11-10 20:43:03,455 - Short Sell 162.00 shares at 126.45 on 2024-11-07 17:30:00+00:00
2024-11-10 20:43:03,455 - Short Sell 162.00 shares at 126.56 on 2024-11-07 17:45:00+00:00
2024-11-10 20:43:03,455 - Short Sell 162.00 shares at 126.48 on 2024-11-07 18:00:00+00:00
2024-11-10 20:43:03,455 - Short Sell 162.00 shares at 126.52 on 2024-11-07 18:15:00+00:00
2024-11-10 20:43:03,455 - Short Sell 162.00 shares at 126.64 on 2024-11-07 18:30:00+00:00
2024-11-10 20:43:03,455 - Short Sell 161.00 shares at 126.82 on 2024-11-07 18:45:00+00:00
2024-11-10 20:43:03,455 - Short Sell 161.00 shares at 126.79 on 2024-11-07 19:00:00+00:00
2024-11-10 20:43:03,455 - Short Sell 161.00 shares at 126.81 on 2024-11-07 19:15:00+00:00
2024-11-10 20:43:03,455 - Buy to cover -1617.00 shares at 126.77 on 2024-11-07 19:30:00+00:00 (Exit: Signal, Profit: -327.35000000001037, Duration: 150.0 minutes)
2024-11-10 20:43:03,455 - Short Sell 161.00 shares at 127.08 on 2024-11-07 19:45:00+00:00
2024-11-10 20:43:03,455 - Short Sell 161.00 shares at 127.18 on 2024-11-07 20:00:00+00:00
2024-11-10 20:43:03,455 - Short Sell 161.00 shares at 127.22 on 2024-11-07 20:15:00+00:00
2024-11-10 20:43:03,455 - Short Sell 161.00 shares at 127.21 on 2024-11-07 20:30:00+00:00
2024-11-10 20:43:03,455 - Short Sell 161.00 shares at 127.2 on 2024-11-07 20:45:00+00:00
2024-11-10 20:43:03,455 - Short Sell 161.00 shares at 127.26 on 2024-11-08 14:30:00+00:00
2024-11-10 20:43:03,455 - Short Sell 160.00 shares at 127.65 on 2024-11-08 14:45:00+00:00
2024-11-10 20:43:03,455 - Short Sell 160.00 shares at 127.53 on 2024-11-08 15:00:00+00:00
2024-11-10 20:43:03,455 - Short Sell 159.00 shares at 128.24 on 2024-11-08 15:15:00+00:00
2024-11-10 20:43:03,455 - Short Sell 159.00 shares at 128.32 on 2024-11-08 15:30:00+00:00
2024-11-10 20:43:03,455 - Short Sell 159.00 shares at 128.35 on 2024-11-08 15:45:00+00:00
2024-11-10 20:43:03,455 - Short Sell 160.00 shares at 127.95 on 2024-11-08 16:00:00+00:00
2024-11-10 20:43:03,455 - Short Sell 160.00 shares at 127.8 on 2024-11-08 16:15:00+00:00
2024-11-10 20:43:03,455 - Short Sell 160.00 shares at 127.62 on 2024-11-08 16:30:00+00:00
2024-11-10 20:43:03,455 - Short Sell 160.00 shares at 127.73 on 2024-11-08 16:45:00+00:00
2024-11-10 20:43:03,455 - Short Sell 160.00 shares at 127.81 on 2024-11-08 17:00:00+00:00
2024-11-10 20:43:03,455 - Short Sell 160.00 shares at 127.9 on 2024-11-08 17:15:00+00:00
2024-11-10 20:43:03,455 - Short Sell 160.00 shares at 127.88 on 2024-11-08 17:30:00+00:00
2024-11-10 20:43:03,456 - Buy to cover -2883.00 shares at 127.41 on 2024-11-08 18:00:00+00:00 (Exit: Signal, Profit: 724.0100000000062, Duration: 1335.0 minutes)
2024-11-10 20:43:03,456 - Long Buy 161.00 shares at 127.45 on 2024-11-08 18:15:00+00:00
2024-11-10 20:43:03,456 - Long Buy 158.00 shares at 127.38 on 2024-11-08 20:00:00+00:00
2024-11-10 20:43:03,456 - Long Buy 155.00 shares at 127.16 on 2024-11-08 20:15:00+00:00
2024-11-10 20:43:03,456 - Sell to close 474.00 shares at 127.38 on 2024-11-08 20:30:00+00:00 (Exit: Signal, Profit: 22.829999999991344, Duration: 135.0 minutes)
2024-11-10 20:43:03,456 - Short Sell 161.00 shares at 127.26 on 2024-11-08 20:45:00+00:00
2024-11-10 20:43:03,457 - Final statisticsStock: EMR, 
total_trades: 58, 
winning_trades: 45, 
losing_trades: 13, 
average_return: 0.0047025667077189425, 
average_duration: 584.4827586206897, 
final_balance: 1047354.7400000005, 
final_portfolio_value: 1026865.8800000005, 
sharpe_ratio: 10.467382978574097, 



