2024-11-11 23:30:43,149 - Starting GBMStrategy with initial capital: 1000000
2024-11-11 23:30:43,149 - Hyperparameters: {'threshold': 1.5, 'time_periods': 30, 'num_simulations': 150}
2024-11-11 23:35:26,029 - Short Sell 102.00 shares at 195.1 on 2024-10-11 14:30:00+00:00
2024-11-11 23:35:26,031 - Short Sell 102.00 shares at 195.09 on 2024-10-11 14:45:00+00:00
2024-11-11 23:35:26,031 - Short Sell 102.00 shares at 195.0 on 2024-10-11 15:00:00+00:00
2024-11-11 23:35:26,031 - Short Sell 102.00 shares at 195.03 on 2024-10-11 15:15:00+00:00
2024-11-11 23:35:26,031 - Short Sell 102.00 shares at 195.04 on 2024-10-11 15:30:00+00:00
2024-11-11 23:35:26,031 - Short Sell 102.00 shares at 194.88 on 2024-10-11 15:45:00+00:00
2024-11-11 23:35:26,031 - Short Sell 102.00 shares at 195.02 on 2024-10-11 16:30:00+00:00
2024-11-11 23:35:26,031 - Short Sell 102.00 shares at 195.69 on 2024-10-11 16:45:00+00:00
2024-11-11 23:35:26,031 - Short Sell 102.00 shares at 195.16 on 2024-10-11 17:00:00+00:00
2024-11-11 23:35:26,031 - Short Sell 102.00 shares at 194.8 on 2024-10-11 17:15:00+00:00
2024-11-11 23:35:26,031 - Short Sell 102.00 shares at 195.04 on 2024-10-11 17:30:00+00:00
2024-11-11 23:35:26,031 - Short Sell 102.00 shares at 195.03 on 2024-10-11 17:45:00+00:00
2024-11-11 23:35:26,031 - Short Sell 102.00 shares at 195.06 on 2024-10-11 18:00:00+00:00
2024-11-11 23:35:26,031 - Short Sell 102.00 shares at 195.0 on 2024-10-11 19:45:00+00:00
2024-11-11 23:35:26,031 - Short Sell 102.00 shares at 195.31 on 2024-10-14 13:30:00+00:00
2024-11-11 23:35:26,031 - Short Sell 102.00 shares at 195.3 on 2024-10-14 13:45:00+00:00
2024-11-11 23:35:26,031 - Short Sell 102.00 shares at 195.53 on 2024-10-14 14:00:00+00:00
2024-11-11 23:35:26,031 - Short Sell 102.00 shares at 195.25 on 2024-10-14 14:15:00+00:00
2024-11-11 23:35:26,031 - Short Sell 101.00 shares at 195.88 on 2024-10-14 14:30:00+00:00
2024-11-11 23:35:26,031 - Short Sell 102.00 shares at 195.05 on 2024-10-14 14:45:00+00:00
2024-11-11 23:35:26,031 - Short Sell 102.00 shares at 195.46 on 2024-10-14 15:15:00+00:00
2024-11-11 23:35:26,032 - Buy to cover -2141.00 shares at 195.11 on 2024-10-14 15:30:00+00:00 (Exit: Signal, Profit: 143.04999999990443, Duration: 4380.0 minutes)
2024-11-11 23:35:26,032 - Long Buy 102.00 shares at 195.16 on 2024-10-14 15:45:00+00:00
2024-11-11 23:35:26,032 - Sell to close 102.00 shares at 195.85 on 2024-10-14 16:00:00+00:00 (Exit: Signal, Profit: 70.37999999999977, Duration: 15.0 minutes)
2024-11-11 23:35:26,032 - Short Sell 102.00 shares at 195.97 on 2024-10-14 17:45:00+00:00
2024-11-11 23:35:26,032 - Short Sell 102.00 shares at 196.05 on 2024-10-14 18:00:00+00:00
2024-11-11 23:35:26,032 - Short Sell 101.00 shares at 197.07 on 2024-10-14 18:15:00+00:00
2024-11-11 23:35:26,032 - Short Sell 101.00 shares at 197.36 on 2024-10-14 18:30:00+00:00
2024-11-11 23:35:26,032 - Short Sell 101.00 shares at 197.28 on 2024-10-14 18:45:00+00:00
2024-11-11 23:35:26,032 - Short Sell 101.00 shares at 197.06 on 2024-10-14 19:00:00+00:00
2024-11-11 23:35:26,032 - Buy to cover -608.00 shares at 198.6 on 2024-10-14 19:15:00+00:00 (Exit: Stop_loss, Profit: -1096.9899999999934, Duration: 90.0 minutes)
2024-11-11 23:35:26,032 - Short Sell 100.00 shares at 198.53 on 2024-10-15 13:30:00+00:00
2024-11-11 23:35:26,033 - Short Sell 100.00 shares at 199.23 on 2024-10-15 13:45:00+00:00
2024-11-11 23:35:26,033 - Buy to cover -200.00 shares at 200.78 on 2024-10-15 14:00:00+00:00 (Exit: Stop_loss, Profit: -380.00000000000114, Duration: 30.0 minutes)
2024-11-11 23:35:26,033 - Short Sell 99.00 shares at 200.1 on 2024-10-16 13:30:00+00:00
2024-11-11 23:35:26,033 - Short Sell 99.00 shares at 201.61 on 2024-10-16 13:45:00+00:00
2024-11-11 23:35:26,033 - Buy to cover -198.00 shares at 202.93 on 2024-10-16 14:00:00+00:00 (Exit: Stop_loss, Profit: -410.84999999999775, Duration: 30.0 minutes)
2024-11-11 23:35:26,033 - Long Buy 100.00 shares at 199.56 on 2024-10-17 13:30:00+00:00
2024-11-11 23:35:26,033 - Long Buy 98.00 shares at 197.86 on 2024-10-17 13:45:00+00:00
2024-11-11 23:35:26,033 - Long Buy 96.00 shares at 198.79 on 2024-10-17 14:00:00+00:00
2024-11-11 23:35:26,033 - Long Buy 95.00 shares at 197.85 on 2024-10-17 14:15:00+00:00
2024-11-11 23:35:26,033 - Sell to close 389.00 shares at 197.02 on 2024-10-17 14:30:00+00:00 (Exit: Stop_loss, Profit: -585.089999999995, Duration: 60.0 minutes)
2024-11-11 23:35:26,033 - Short Sell 99.00 shares at 200.81 on 2024-10-18 13:30:00+00:00
2024-11-11 23:35:26,034 - Short Sell 99.00 shares at 200.83 on 2024-10-18 13:45:00+00:00
2024-11-11 23:35:26,034 - Short Sell 99.00 shares at 201.06 on 2024-10-18 14:00:00+00:00
2024-11-11 23:35:26,034 - Short Sell 99.00 shares at 201.52 on 2024-10-18 14:15:00+00:00
2024-11-11 23:35:26,034 - Short Sell 99.00 shares at 201.09 on 2024-10-18 14:30:00+00:00
2024-11-11 23:35:26,034 - Short Sell 99.00 shares at 201.35 on 2024-10-18 14:45:00+00:00
2024-11-11 23:35:26,034 - Short Sell 99.00 shares at 201.32 on 2024-10-18 15:00:00+00:00
2024-11-11 23:35:26,034 - Short Sell 99.00 shares at 200.69 on 2024-10-18 15:15:00+00:00
2024-11-11 23:35:26,034 - Short Sell 99.00 shares at 200.94 on 2024-10-18 15:30:00+00:00
2024-11-11 23:35:26,034 - Short Sell 99.00 shares at 200.49 on 2024-10-18 15:45:00+00:00
2024-11-11 23:35:26,034 - Short Sell 99.00 shares at 201.08 on 2024-10-18 16:00:00+00:00
2024-11-11 23:35:26,034 - Short Sell 98.00 shares at 201.67 on 2024-10-18 16:15:00+00:00
2024-11-11 23:35:26,034 - Short Sell 98.00 shares at 202.25 on 2024-10-18 16:30:00+00:00
2024-11-11 23:35:26,034 - Short Sell 98.00 shares at 201.87 on 2024-10-18 16:45:00+00:00
2024-11-11 23:35:26,034 - Short Sell 98.00 shares at 201.98 on 2024-10-18 17:00:00+00:00
2024-11-11 23:35:26,034 - Short Sell 98.00 shares at 201.99 on 2024-10-18 17:15:00+00:00
2024-11-11 23:35:26,034 - Short Sell 99.00 shares at 201.18 on 2024-10-18 17:30:00+00:00
2024-11-11 23:35:26,034 - Short Sell 99.00 shares at 200.52 on 2024-10-18 17:45:00+00:00
2024-11-11 23:35:26,034 - Short Sell 99.00 shares at 200.66 on 2024-10-18 18:00:00+00:00
2024-11-11 23:35:26,034 - Short Sell 99.00 shares at 200.73 on 2024-10-18 18:15:00+00:00
2024-11-11 23:35:26,034 - Short Sell 99.00 shares at 200.58 on 2024-10-18 18:30:00+00:00
2024-11-11 23:35:26,034 - Short Sell 99.00 shares at 200.34 on 2024-10-18 18:45:00+00:00
2024-11-11 23:35:26,034 - Short Sell 99.00 shares at 200.43 on 2024-10-18 19:00:00+00:00
2024-11-11 23:35:26,034 - Short Sell 99.00 shares at 200.59 on 2024-10-18 19:15:00+00:00
2024-11-11 23:35:26,034 - Short Sell 99.00 shares at 200.75 on 2024-10-18 19:30:00+00:00
2024-11-11 23:35:26,034 - Short Sell 98.00 shares at 201.42 on 2024-10-18 19:45:00+00:00
2024-11-11 23:35:26,034 - Short Sell 99.00 shares at 200.92 on 2024-10-21 13:30:00+00:00
2024-11-11 23:35:26,034 - Short Sell 99.00 shares at 201.16 on 2024-10-21 13:45:00+00:00
2024-11-11 23:35:26,034 - Short Sell 98.00 shares at 201.99 on 2024-10-21 14:00:00+00:00
2024-11-11 23:35:26,034 - Short Sell 99.00 shares at 201.34 on 2024-10-21 14:15:00+00:00
2024-11-11 23:35:26,034 - Buy to cover -2963.00 shares at 199.84 on 2024-10-21 14:45:00+00:00 (Exit: Profit_take, Profit: 3782.3599999999224, Duration: 4395.0 minutes)
2024-11-11 23:35:26,034 - Long Buy 100.00 shares at 199.75 on 2024-10-21 15:00:00+00:00
2024-11-11 23:35:26,034 - Long Buy 98.00 shares at 200.02 on 2024-10-21 15:15:00+00:00
2024-11-11 23:35:26,034 - Long Buy 96.00 shares at 200.05 on 2024-10-21 15:30:00+00:00
2024-11-11 23:35:26,035 - Long Buy 94.00 shares at 199.86 on 2024-10-21 17:30:00+00:00
2024-11-11 23:35:26,035 - Long Buy 92.00 shares at 199.95 on 2024-10-21 17:45:00+00:00
2024-11-11 23:35:26,035 - Long Buy 90.00 shares at 199.83 on 2024-10-21 18:00:00+00:00
2024-11-11 23:35:26,035 - Long Buy 88.00 shares at 199.9 on 2024-10-21 18:15:00+00:00
2024-11-11 23:35:26,035 - Long Buy 87.00 shares at 199.79 on 2024-10-21 18:30:00+00:00
2024-11-11 23:35:26,035 - Long Buy 85.00 shares at 198.8 on 2024-10-22 13:30:00+00:00
2024-11-11 23:35:26,035 - Long Buy 83.00 shares at 199.03 on 2024-10-22 13:45:00+00:00
2024-11-11 23:35:26,035 - Sell to close 913.00 shares at 197.79 on 2024-10-22 14:00:00+00:00 (Exit: Stop_loss, Profit: -1756.8500000000072, Duration: 1380.0 minutes)
2024-11-11 23:35:26,035 - Long Buy 101.00 shares at 197.95 on 2024-10-23 13:30:00+00:00
2024-11-11 23:35:26,035 - Long Buy 99.00 shares at 197.41 on 2024-10-23 14:00:00+00:00
2024-11-11 23:35:26,035 - Long Buy 97.00 shares at 197.42 on 2024-10-23 14:15:00+00:00
2024-11-11 23:35:26,035 - Long Buy 95.00 shares at 197.18 on 2024-10-23 14:30:00+00:00
2024-11-11 23:35:26,035 - Sell to close 392.00 shares at 196.19 on 2024-10-23 14:45:00+00:00 (Exit: Stop_loss, Profit: -511.8999999999917, Duration: 75.0 minutes)
2024-11-11 23:35:26,035 - Long Buy 102.00 shares at 194.45 on 2024-10-24 13:30:00+00:00
2024-11-11 23:35:26,035 - Long Buy 101.00 shares at 193.7 on 2024-10-24 13:45:00+00:00
2024-11-11 23:35:26,036 - Long Buy 98.00 shares at 194.23 on 2024-10-24 14:00:00+00:00
2024-11-11 23:35:26,036 - Long Buy 96.00 shares at 194.02 on 2024-10-24 14:15:00+00:00
2024-11-11 23:35:26,036 - Long Buy 95.00 shares at 193.4 on 2024-10-24 14:30:00+00:00
2024-11-11 23:35:26,036 - Long Buy 93.00 shares at 193.36 on 2024-10-24 14:45:00+00:00
2024-11-11 23:35:26,036 - Long Buy 91.00 shares at 193.54 on 2024-10-24 15:00:00+00:00
2024-11-11 23:35:26,036 - Long Buy 90.00 shares at 192.58 on 2024-10-24 15:15:00+00:00
2024-11-11 23:35:26,036 - Sell to close 766.00 shares at 192.02 on 2024-10-24 15:30:00+00:00 (Exit: Stop_loss, Profit: -1270.5600000000009, Duration: 120.0 minutes)
2024-11-11 23:35:26,036 - Short Sell 103.00 shares at 192.59 on 2024-10-25 13:45:00+00:00
2024-11-11 23:35:26,036 - Short Sell 102.00 shares at 194.02 on 2024-10-25 14:00:00+00:00
2024-11-11 23:35:26,036 - Buy to cover -205.00 shares at 194.65 on 2024-10-25 14:15:00+00:00 (Exit: Stop_loss, Profit: -276.4400000000026, Duration: 30.0 minutes)
2024-11-11 23:35:26,036 - Short Sell 102.00 shares at 194.55 on 2024-10-28 13:30:00+00:00
2024-11-11 23:35:26,036 - Short Sell 102.00 shares at 194.25 on 2024-10-28 13:45:00+00:00
2024-11-11 23:35:26,036 - Short Sell 102.00 shares at 193.95 on 2024-10-28 14:00:00+00:00
2024-11-11 23:35:26,036 - Short Sell 103.00 shares at 193.75 on 2024-10-28 14:15:00+00:00
2024-11-11 23:35:26,036 - Short Sell 103.00 shares at 193.31 on 2024-10-28 14:30:00+00:00
2024-11-11 23:35:26,036 - Buy to cover -512.00 shares at 192.97 on 2024-10-28 14:45:00+00:00 (Exit: Profit_take, Profit: 507.0399999999936, Duration: 75.0 minutes)
2024-11-11 23:35:26,036 - Short Sell 103.00 shares at 192.85 on 2024-10-28 15:00:00+00:00
2024-11-11 23:35:26,036 - Short Sell 103.00 shares at 192.66 on 2024-10-28 15:15:00+00:00
2024-11-11 23:35:26,037 - Buy to cover -206.00 shares at 191.53 on 2024-10-28 17:45:00+00:00 (Exit: Profit_take, Profit: 252.34999999999883, Duration: 165.0 minutes)
2024-11-11 23:35:26,037 - Long Buy 104.00 shares at 191.33 on 2024-10-28 18:00:00+00:00
2024-11-11 23:35:26,037 - Long Buy 102.00 shares at 191.14 on 2024-10-28 18:15:00+00:00
2024-11-11 23:35:26,037 - Sell to close 206.00 shares at 193.97 on 2024-10-29 13:30:00+00:00 (Exit: Profit_take, Profit: 563.2200000000007, Duration: 1170.0 minutes)
2024-11-11 23:35:26,037 - Short Sell 102.00 shares at 194.07 on 2024-10-29 13:45:00+00:00
2024-11-11 23:35:26,037 - Short Sell 102.00 shares at 194.09 on 2024-10-29 14:00:00+00:00
2024-11-11 23:35:26,037 - Short Sell 102.00 shares at 194.43 on 2024-10-29 14:15:00+00:00
2024-11-11 23:35:26,037 - Short Sell 102.00 shares at 195.09 on 2024-10-29 14:30:00+00:00
2024-11-11 23:35:26,037 - Short Sell 102.00 shares at 194.78 on 2024-10-29 14:45:00+00:00
2024-11-11 23:35:26,037 - Short Sell 102.00 shares at 195.32 on 2024-10-29 15:00:00+00:00
2024-11-11 23:35:26,037 - Short Sell 102.00 shares at 195.53 on 2024-10-29 15:15:00+00:00
2024-11-11 23:35:26,037 - Short Sell 102.00 shares at 195.19 on 2024-10-29 15:30:00+00:00
2024-11-11 23:35:26,037 - Short Sell 102.00 shares at 194.79 on 2024-10-29 15:45:00+00:00
2024-11-11 23:35:26,037 - Short Sell 102.00 shares at 194.66 on 2024-10-29 16:00:00+00:00
2024-11-11 23:35:26,038 - Short Sell 102.00 shares at 194.29 on 2024-10-29 16:15:00+00:00
2024-11-11 23:35:26,038 - Short Sell 103.00 shares at 194.06 on 2024-10-29 16:30:00+00:00
2024-11-11 23:35:26,038 - Short Sell 103.00 shares at 194.07 on 2024-10-29 16:45:00+00:00
2024-11-11 23:35:26,038 - Short Sell 102.00 shares at 194.76 on 2024-10-29 17:00:00+00:00
2024-11-11 23:35:26,038 - Short Sell 102.00 shares at 194.69 on 2024-10-29 17:15:00+00:00
2024-11-11 23:35:26,039 - Short Sell 102.00 shares at 194.28 on 2024-10-29 17:30:00+00:00
2024-11-11 23:35:26,039 - Short Sell 102.00 shares at 194.74 on 2024-10-29 17:45:00+00:00
2024-11-11 23:35:26,039 - Short Sell 103.00 shares at 194.11 on 2024-10-29 18:00:00+00:00
2024-11-11 23:35:26,039 - Short Sell 103.00 shares at 194.14 on 2024-10-29 18:15:00+00:00
2024-11-11 23:35:26,039 - Short Sell 102.00 shares at 194.46 on 2024-10-29 18:30:00+00:00
2024-11-11 23:35:26,039 - Short Sell 102.00 shares at 194.5 on 2024-10-29 18:45:00+00:00
2024-11-11 23:35:26,039 - Buy to cover -2146.00 shares at 194.17 on 2024-10-29 19:00:00+00:00 (Exit: Signal, Profit: 864.6599999999678, Duration: 315.0 minutes)
2024-11-11 23:35:26,039 - Long Buy 103.00 shares at 194.1 on 2024-10-29 19:30:00+00:00
2024-11-11 23:35:26,039 - Long Buy 101.00 shares at 193.76 on 2024-10-29 19:45:00+00:00
2024-11-11 23:35:26,039 - Long Buy 99.00 shares at 192.81 on 2024-10-30 13:30:00+00:00
2024-11-11 23:35:26,039 - Sell to close 303.00 shares at 194.72 on 2024-10-30 14:00:00+00:00 (Exit: Profit_take, Profit: 349.91000000000327, Duration: 1110.0 minutes)
2024-11-11 23:35:26,039 - Long Buy 103.00 shares at 193.94 on 2024-10-30 14:15:00+00:00
2024-11-11 23:35:26,039 - Long Buy 101.00 shares at 193.77 on 2024-10-30 14:30:00+00:00
2024-11-11 23:35:26,039 - Long Buy 99.00 shares at 193.07 on 2024-10-30 14:45:00+00:00
2024-11-11 23:35:26,039 - Long Buy 97.00 shares at 192.37 on 2024-10-30 15:00:00+00:00
2024-11-11 23:35:26,039 - Long Buy 95.00 shares at 193.05 on 2024-10-30 15:15:00+00:00
2024-11-11 23:35:26,039 - Long Buy 94.00 shares at 192.46 on 2024-10-30 15:30:00+00:00
2024-11-11 23:35:26,039 - Sell to close 589.00 shares at 191.06 on 2024-10-30 15:45:00+00:00 (Exit: Stop_loss, Profit: -1217.060000000004, Duration: 90.0 minutes)
2024-11-11 23:35:26,039 - Short Sell 104.00 shares at 190.53 on 2024-10-31 13:30:00+00:00
2024-11-11 23:35:26,039 - Short Sell 104.00 shares at 190.72 on 2024-10-31 13:45:00+00:00
2024-11-11 23:35:26,039 - Short Sell 105.00 shares at 189.74 on 2024-10-31 14:00:00+00:00
2024-11-11 23:35:26,039 - Short Sell 104.00 shares at 191.25 on 2024-10-31 14:15:00+00:00
2024-11-11 23:35:26,039 - Short Sell 104.00 shares at 190.97 on 2024-10-31 14:30:00+00:00
2024-11-11 23:35:26,039 - Short Sell 104.00 shares at 191.19 on 2024-10-31 14:45:00+00:00
2024-11-11 23:35:26,039 - Short Sell 104.00 shares at 190.44 on 2024-10-31 15:00:00+00:00
2024-11-11 23:35:26,039 - Short Sell 104.00 shares at 191.24 on 2024-10-31 15:15:00+00:00
2024-11-11 23:35:26,040 - Short Sell 104.00 shares at 190.58 on 2024-10-31 15:30:00+00:00
2024-11-11 23:35:26,040 - Short Sell 104.00 shares at 190.77 on 2024-10-31 15:45:00+00:00
2024-11-11 23:35:26,040 - Buy to cover -1041.00 shares at 189.46 on 2024-10-31 16:00:00+00:00 (Exit: Profit_take, Profit: 1334.5999999999685, Duration: 150.0 minutes)
2024-11-11 23:35:26,040 - Short Sell 105.00 shares at 189.96 on 2024-10-31 17:15:00+00:00
2024-11-11 23:35:26,040 - Short Sell 105.00 shares at 190.37 on 2024-10-31 17:45:00+00:00
2024-11-11 23:35:26,040 - Short Sell 105.00 shares at 190.22 on 2024-10-31 18:00:00+00:00
2024-11-11 23:35:26,040 - Short Sell 105.00 shares at 190.45 on 2024-10-31 18:15:00+00:00
2024-11-11 23:35:26,040 - Short Sell 105.00 shares at 190.01 on 2024-10-31 18:30:00+00:00
2024-11-11 23:35:26,040 - Short Sell 105.00 shares at 189.83 on 2024-10-31 18:45:00+00:00
2024-11-11 23:35:26,040 - Buy to cover -630.00 shares at 189.14 on 2024-10-31 19:30:00+00:00 (Exit: Profit_take, Profit: 630.000000000018, Duration: 135.0 minutes)
2024-11-11 23:35:26,040 - Short Sell 105.00 shares at 190.09 on 2024-11-01 13:30:00+00:00
2024-11-11 23:35:26,040 - Buy to cover -105.00 shares at 191.35 on 2024-11-01 14:00:00+00:00 (Exit: Stop_loss, Profit: -132.29999999999905, Duration: 30.0 minutes)
2024-11-11 23:35:26,040 - Long Buy 106.00 shares at 188.83 on 2024-11-04 14:30:00+00:00
2024-11-11 23:35:26,040 - Sell to close 106.00 shares at 190.41 on 2024-11-04 14:45:00+00:00 (Exit: Profit_take, Profit: 167.48000000000133, Duration: 15.0 minutes)
2024-11-11 23:35:26,040 - Long Buy 105.00 shares at 189.06 on 2024-11-04 16:00:00+00:00
2024-11-11 23:35:26,040 - Long Buy 103.00 shares at 189.49 on 2024-11-04 16:15:00+00:00
2024-11-11 23:35:26,040 - Long Buy 101.00 shares at 189.07 on 2024-11-04 16:30:00+00:00
2024-11-11 23:35:26,041 - Long Buy 99.00 shares at 188.82 on 2024-11-04 16:45:00+00:00
2024-11-11 23:35:26,041 - Long Buy 97.00 shares at 188.63 on 2024-11-04 17:00:00+00:00
2024-11-11 23:35:26,041 - Long Buy 95.00 shares at 189.06 on 2024-11-04 17:45:00+00:00
2024-11-11 23:35:26,041 - Long Buy 94.00 shares at 188.31 on 2024-11-04 18:00:00+00:00
2024-11-11 23:35:26,041 - Long Buy 92.00 shares at 188.66 on 2024-11-04 18:15:00+00:00
2024-11-11 23:35:26,041 - Long Buy 90.00 shares at 188.44 on 2024-11-04 18:30:00+00:00
2024-11-11 23:35:26,041 - Long Buy 88.00 shares at 188.31 on 2024-11-04 18:45:00+00:00
2024-11-11 23:35:26,041 - Long Buy 86.00 shares at 189.0 on 2024-11-04 19:00:00+00:00
2024-11-11 23:35:26,041 - Long Buy 85.00 shares at 188.39 on 2024-11-04 19:15:00+00:00
2024-11-11 23:35:26,041 - Long Buy 83.00 shares at 188.23 on 2024-11-04 19:30:00+00:00
2024-11-11 23:35:26,041 - Long Buy 81.00 shares at 188.16 on 2024-11-04 19:45:00+00:00
2024-11-11 23:35:26,041 - Sell to close 1299.00 shares at 187.73 on 2024-11-04 20:00:00+00:00 (Exit: Stop_loss, Profit: -1274.5000000000373, Duration: 240.0 minutes)
2024-11-11 23:35:26,041 - Short Sell 105.00 shares at 190.1 on 2024-11-05 15:00:00+00:00
2024-11-11 23:35:26,041 - Short Sell 105.00 shares at 190.35 on 2024-11-05 15:30:00+00:00
2024-11-11 23:35:26,041 - Short Sell 105.00 shares at 190.18 on 2024-11-05 16:15:00+00:00
2024-11-11 23:35:26,041 - Short Sell 105.00 shares at 190.31 on 2024-11-05 16:45:00+00:00
2024-11-11 23:35:26,041 - Short Sell 104.00 shares at 190.43 on 2024-11-05 17:00:00+00:00
2024-11-11 23:35:26,041 - Short Sell 104.00 shares at 190.61 on 2024-11-05 17:15:00+00:00
2024-11-11 23:35:26,041 - Short Sell 104.00 shares at 190.64 on 2024-11-05 17:30:00+00:00
2024-11-11 23:35:26,041 - Short Sell 104.00 shares at 190.77 on 2024-11-05 17:45:00+00:00
2024-11-11 23:35:26,041 - Short Sell 104.00 shares at 191.19 on 2024-11-05 18:30:00+00:00
2024-11-11 23:35:26,041 - Short Sell 104.00 shares at 191.08 on 2024-11-05 18:45:00+00:00
2024-11-11 23:35:26,041 - Short Sell 104.00 shares at 191.18 on 2024-11-05 20:30:00+00:00
2024-11-11 23:35:26,041 - Buy to cover -1148.00 shares at 192.16 on 2024-11-05 20:45:00+00:00 (Exit: Stop_loss, Profit: -1767.3799999999633, Duration: 345.0 minutes)
2024-11-11 23:35:26,042 - Short Sell 99.00 shares at 200.77 on 2024-11-06 14:30:00+00:00
2024-11-11 23:35:26,042 - Short Sell 99.00 shares at 199.88 on 2024-11-06 14:45:00+00:00
2024-11-11 23:35:26,042 - Short Sell 99.00 shares at 201.39 on 2024-11-06 15:00:00+00:00
2024-11-11 23:35:26,042 - Short Sell 99.00 shares at 200.08 on 2024-11-06 15:15:00+00:00
2024-11-11 23:35:26,042 - Short Sell 99.00 shares at 200.5 on 2024-11-06 15:30:00+00:00
2024-11-11 23:35:26,042 - Short Sell 99.00 shares at 200.32 on 2024-11-06 15:45:00+00:00
2024-11-11 23:35:26,042 - Short Sell 99.00 shares at 201.37 on 2024-11-06 16:00:00+00:00
2024-11-11 23:35:26,042 - Buy to cover -693.00 shares at 202.6 on 2024-11-06 16:15:00+00:00 (Exit: Stop_loss, Profit: -1375.109999999993, Duration: 105.0 minutes)
2024-11-11 23:35:26,042 - Short Sell 83.00 shares at 238.95 on 2024-11-07 14:30:00+00:00
2024-11-11 23:35:26,042 - Buy to cover -83.00 shares at 229.58 on 2024-11-07 14:45:00+00:00 (Exit: Profit_take, Profit: 777.709999999998, Duration: 15.0 minutes)
2024-11-11 23:35:26,042 - Short Sell 87.00 shares at 228.08 on 2024-11-07 15:00:00+00:00
2024-11-11 23:35:26,042 - Buy to cover -87.00 shares at 233.15 on 2024-11-07 15:15:00+00:00 (Exit: Stop_loss, Profit: -441.08999999999696, Duration: 15.0 minutes)
2024-11-11 23:35:26,042 - Short Sell 85.00 shares at 234.26 on 2024-11-08 14:30:00+00:00
2024-11-11 23:35:26,042 - Short Sell 84.00 shares at 235.24 on 2024-11-08 14:45:00+00:00
2024-11-11 23:35:26,042 - Short Sell 84.00 shares at 234.6 on 2024-11-08 15:00:00+00:00
2024-11-11 23:35:26,042 - Short Sell 84.00 shares at 236.5 on 2024-11-08 15:15:00+00:00
2024-11-11 23:35:26,042 - Short Sell 84.00 shares at 234.65 on 2024-11-08 15:30:00+00:00
2024-11-11 23:35:26,042 - Buy to cover -421.00 shares at 232.96 on 2024-11-08 15:45:00+00:00 (Exit: Profit_take, Profit: 879.09999999999, Duration: 75.0 minutes)
2024-11-11 23:35:26,043 - Short Sell 85.00 shares at 233.36 on 2024-11-08 20:30:00+00:00
2024-11-11 23:35:26,043 - Short Sell 85.00 shares at 233.58 on 2024-11-08 20:45:00+00:00
2024-11-11 23:35:26,045 - Final statisticsStock: EPAM, 
total_trades: 27, 
winning_trades: 13, 
losing_trades: 14, 
average_return: -0.0006916633111423219, 
average_duration: 542.7777777777778, 
final_balance: 1037515.6400000006, 
final_portfolio_value: 997807.0400000006, 
sharpe_ratio: 0.4704499555157232, 



