2024-11-11 23:35:26,966 - Starting GBMStrategy with initial capital: 1000000
2024-11-11 23:35:26,966 - Hyperparameters: {'threshold': 1.5, 'time_periods': 30, 'num_simulations': 150}
2024-11-11 23:40:20,044 - Short Sell 401.00 shares at 49.81 on 2024-10-11 14:30:00+00:00
2024-11-11 23:40:20,045 - Short Sell 400.00 shares at 49.95 on 2024-10-11 14:45:00+00:00
2024-11-11 23:40:20,045 - Short Sell 398.00 shares at 50.16 on 2024-10-11 15:00:00+00:00
2024-11-11 23:40:20,045 - Buy to cover -1199.00 shares at 50.34 on 2024-10-11 15:15:00+00:00 (Exit: Stop_loss, Profit: -440.17000000000405, Duration: 45.0 minutes)
2024-11-11 23:40:20,046 - Long Buy 415.00 shares at 48.16 on 2024-10-14 13:30:00+00:00
2024-11-11 23:40:20,046 - Sell to close 415.00 shares at 48.5 on 2024-10-14 13:45:00+00:00 (Exit: Profit_take, Profit: 141.10000000000142, Duration: 15.0 minutes)
2024-11-11 23:40:20,046 - Long Buy 407.00 shares at 49.04 on 2024-10-14 14:00:00+00:00
2024-11-11 23:40:20,046 - Long Buy 398.00 shares at 49.13 on 2024-10-14 14:15:00+00:00
2024-11-11 23:40:20,046 - Long Buy 390.00 shares at 49.17 on 2024-10-14 14:30:00+00:00
2024-11-11 23:40:20,046 - Long Buy 383.00 shares at 49.08 on 2024-10-14 14:45:00+00:00
2024-11-11 23:40:20,046 - Long Buy 375.00 shares at 49.14 on 2024-10-14 15:15:00+00:00
2024-11-11 23:40:20,046 - Sell to close 1953.00 shares at 49.16 on 2024-10-14 15:30:00+00:00 (Exit: Signal, Profit: 95.0199999999843, Duration: 90.0 minutes)
2024-11-11 23:40:20,046 - Short Sell 405.00 shares at 49.34 on 2024-10-14 16:00:00+00:00
2024-11-11 23:40:20,046 - Short Sell 404.00 shares at 49.42 on 2024-10-14 16:15:00+00:00
2024-11-11 23:40:20,046 - Buy to cover -809.00 shares at 49.1 on 2024-10-14 17:30:00+00:00 (Exit: Profit_take, Profit: 226.48000000000178, Duration: 90.0 minutes)
2024-11-11 23:40:20,047 - Short Sell 403.00 shares at 49.59 on 2024-10-14 19:45:00+00:00
2024-11-11 23:40:20,047 - Short Sell 403.00 shares at 49.55 on 2024-10-15 13:30:00+00:00
2024-11-11 23:40:20,047 - Buy to cover -806.00 shares at 50.65 on 2024-10-15 13:45:00+00:00 (Exit: Stop_loss, Profit: -870.4799999999987, Duration: 1080.0 minutes)
2024-11-11 23:40:20,047 - Short Sell 381.00 shares at 52.34 on 2024-10-16 13:30:00+00:00
2024-11-11 23:40:20,047 - Buy to cover -381.00 shares at 52.04 on 2024-10-16 13:45:00+00:00 (Exit: Profit_take, Profit: 114.30000000000163, Duration: 15.0 minutes)
2024-11-11 23:40:20,047 - Short Sell 381.00 shares at 52.38 on 2024-10-16 14:00:00+00:00
2024-11-11 23:40:20,047 - Short Sell 381.00 shares at 52.45 on 2024-10-16 14:15:00+00:00
2024-11-11 23:40:20,047 - Buy to cover -762.00 shares at 52.91 on 2024-10-16 14:30:00+00:00 (Exit: Stop_loss, Profit: -377.18999999999266, Duration: 30.0 minutes)
2024-11-11 23:40:20,047 - Long Buy 385.00 shares at 51.83 on 2024-10-17 13:30:00+00:00
2024-11-11 23:40:20,047 - Sell to close 385.00 shares at 51.27 on 2024-10-17 13:45:00+00:00 (Exit: Stop_loss, Profit: -215.59999999999815, Duration: 15.0 minutes)
2024-11-11 23:40:20,047 - Short Sell 391.00 shares at 51.07 on 2024-10-18 13:30:00+00:00
2024-11-11 23:40:20,048 - Short Sell 391.00 shares at 50.97 on 2024-10-18 13:45:00+00:00
2024-11-11 23:40:20,048 - Short Sell 391.00 shares at 51.0 on 2024-10-18 14:15:00+00:00
2024-11-11 23:40:20,048 - Short Sell 390.00 shares at 51.09 on 2024-10-18 16:15:00+00:00
2024-11-11 23:40:20,048 - Short Sell 389.00 shares at 51.26 on 2024-10-18 16:30:00+00:00
2024-11-11 23:40:20,048 - Short Sell 389.00 shares at 51.24 on 2024-10-18 16:45:00+00:00
2024-11-11 23:40:20,048 - Buy to cover -2341.00 shares at 51.3 on 2024-10-18 17:00:00+00:00 (Exit: Stop_loss, Profit: -457.05999999998284, Duration: 210.0 minutes)
2024-11-11 23:40:20,048 - Short Sell 380.00 shares at 52.48 on 2024-10-21 13:30:00+00:00
2024-11-11 23:40:20,048 - Short Sell 377.00 shares at 52.83 on 2024-10-21 13:45:00+00:00
2024-11-11 23:40:20,048 - Buy to cover -757.00 shares at 51.76 on 2024-10-21 14:00:00+00:00 (Exit: Profit_take, Profit: 676.9899999999992, Duration: 30.0 minutes)
2024-11-11 23:40:20,048 - Short Sell 385.00 shares at 51.81 on 2024-10-21 17:00:00+00:00
2024-11-11 23:40:20,048 - Short Sell 384.00 shares at 51.9 on 2024-10-21 17:15:00+00:00
2024-11-11 23:40:20,048 - Short Sell 384.00 shares at 51.95 on 2024-10-21 17:30:00+00:00
2024-11-11 23:40:20,048 - Buy to cover -1153.00 shares at 51.52 on 2024-10-21 18:15:00+00:00 (Exit: Profit_take, Profit: 422.68999999999465, Duration: 75.0 minutes)
2024-11-11 23:40:20,048 - Long Buy 392.00 shares at 50.89 on 2024-10-22 13:30:00+00:00
2024-11-11 23:40:20,049 - Long Buy 388.00 shares at 50.44 on 2024-10-22 13:45:00+00:00
2024-11-11 23:40:20,049 - Sell to close 780.00 shares at 50.21 on 2024-10-22 14:00:00+00:00 (Exit: Stop_loss, Profit: -355.79999999999995, Duration: 30.0 minutes)
2024-11-11 23:40:20,049 - Long Buy 399.00 shares at 50.0 on 2024-10-23 13:30:00+00:00
2024-11-11 23:40:20,049 - Long Buy 393.00 shares at 49.7 on 2024-10-23 13:45:00+00:00
2024-11-11 23:40:20,049 - Long Buy 384.00 shares at 49.86 on 2024-10-23 14:00:00+00:00
2024-11-11 23:40:20,049 - Sell to close 1176.00 shares at 50.25 on 2024-10-23 14:15:00+00:00 (Exit: Profit_take, Profit: 465.65999999999974, Duration: 45.0 minutes)
2024-11-11 23:40:20,049 - Long Buy 402.00 shares at 49.71 on 2024-10-23 14:45:00+00:00
2024-11-11 23:40:20,049 - Sell to close 402.00 shares at 49.84 on 2024-10-23 15:00:00+00:00 (Exit: Signal, Profit: 52.25999999999817, Duration: 15.0 minutes)
2024-11-11 23:40:20,049 - Short Sell 399.00 shares at 49.98 on 2024-10-23 15:15:00+00:00
2024-11-11 23:40:20,049 - Short Sell 398.00 shares at 50.13 on 2024-10-23 15:30:00+00:00
2024-11-11 23:40:20,049 - Short Sell 398.00 shares at 50.21 on 2024-10-23 15:45:00+00:00
2024-11-11 23:40:20,049 - Short Sell 400.00 shares at 49.9 on 2024-10-23 16:00:00+00:00
2024-11-11 23:40:20,049 - Short Sell 400.00 shares at 49.93 on 2024-10-23 16:15:00+00:00
2024-11-11 23:40:20,049 - Buy to cover -1995.00 shares at 49.72 on 2024-10-23 16:30:00+00:00 (Exit: Profit_take, Profit: 617.940000000004, Duration: 75.0 minutes)
2024-11-11 23:40:20,049 - Long Buy 405.00 shares at 49.38 on 2024-10-23 17:00:00+00:00
2024-11-11 23:40:20,049 - Long Buy 397.00 shares at 49.36 on 2024-10-23 17:15:00+00:00
2024-11-11 23:40:20,049 - Long Buy 389.00 shares at 49.36 on 2024-10-23 17:30:00+00:00
2024-11-11 23:40:20,049 - Long Buy 381.00 shares at 49.29 on 2024-10-23 17:45:00+00:00
2024-11-11 23:40:20,049 - Long Buy 374.00 shares at 49.32 on 2024-10-23 18:00:00+00:00
2024-11-11 23:40:20,049 - Long Buy 366.00 shares at 49.3 on 2024-10-23 18:15:00+00:00
2024-11-11 23:40:20,049 - Long Buy 358.00 shares at 49.37 on 2024-10-23 19:15:00+00:00
2024-11-11 23:40:20,050 - Sell to close 2670.00 shares at 49.63 on 2024-10-23 19:45:00+00:00 (Exit: Profit_take, Profit: 772.8099999999986, Duration: 165.0 minutes)
2024-11-11 23:40:20,050 - Short Sell 398.00 shares at 50.17 on 2024-10-24 13:30:00+00:00
2024-11-11 23:40:20,050 - Short Sell 400.00 shares at 50.03 on 2024-10-24 13:45:00+00:00
2024-11-11 23:40:20,050 - Buy to cover -798.00 shares at 49.73 on 2024-10-24 14:00:00+00:00 (Exit: Profit_take, Profit: 295.12000000000796, Duration: 30.0 minutes)
2024-11-11 23:40:20,050 - Long Buy 406.00 shares at 49.3 on 2024-10-24 14:45:00+00:00
2024-11-11 23:40:20,050 - Long Buy 399.00 shares at 49.15 on 2024-10-24 15:00:00+00:00
2024-11-11 23:40:20,050 - Long Buy 391.00 shares at 49.15 on 2024-10-24 15:15:00+00:00
2024-11-11 23:40:20,050 - Long Buy 383.00 shares at 49.09 on 2024-10-24 15:30:00+00:00
2024-11-11 23:40:20,050 - Long Buy 375.00 shares at 49.18 on 2024-10-24 15:45:00+00:00
2024-11-11 23:40:20,050 - Long Buy 369.00 shares at 48.94 on 2024-10-24 16:00:00+00:00
2024-11-11 23:40:20,050 - Sell to close 2323.00 shares at 48.8 on 2024-10-24 16:15:00+00:00 (Exit: Stop_loss, Profit: -784.730000000003, Duration: 90.0 minutes)
2024-11-11 23:40:20,050 - Long Buy 409.00 shares at 48.8 on 2024-10-25 13:30:00+00:00
2024-11-11 23:40:20,050 - Sell to close 409.00 shares at 49.07 on 2024-10-25 13:45:00+00:00 (Exit: Profit_take, Profit: 110.43000000000418, Duration: 15.0 minutes)
2024-11-11 23:40:20,050 - Long Buy 407.00 shares at 49.14 on 2024-10-25 17:00:00+00:00
2024-11-11 23:40:20,050 - Long Buy 399.00 shares at 49.06 on 2024-10-25 17:15:00+00:00
2024-11-11 23:40:20,050 - Long Buy 392.00 shares at 49.01 on 2024-10-25 17:30:00+00:00
2024-11-11 23:40:20,050 - Long Buy 385.00 shares at 48.91 on 2024-10-25 17:45:00+00:00
2024-11-11 23:40:20,051 - Long Buy 377.00 shares at 48.85 on 2024-10-25 18:00:00+00:00
2024-11-11 23:40:20,051 - Long Buy 370.00 shares at 48.85 on 2024-10-25 18:15:00+00:00
2024-11-11 23:40:20,051 - Long Buy 363.00 shares at 48.8 on 2024-10-25 18:30:00+00:00
2024-11-11 23:40:20,051 - Long Buy 356.00 shares at 48.7 on 2024-10-25 18:45:00+00:00
2024-11-11 23:40:20,051 - Sell to close 3049.00 shares at 48.57 on 2024-10-25 19:00:00+00:00 (Exit: Stop_loss, Profit: -1069.8099999999956, Duration: 120.0 minutes)
2024-11-11 23:40:20,051 - Short Sell 403.00 shares at 49.59 on 2024-10-28 14:00:00+00:00
2024-11-11 23:40:20,051 - Short Sell 401.00 shares at 49.83 on 2024-10-28 14:15:00+00:00
2024-11-11 23:40:20,051 - Short Sell 399.00 shares at 50.01 on 2024-10-28 14:30:00+00:00
2024-11-11 23:40:20,051 - Short Sell 400.00 shares at 49.95 on 2024-10-28 14:45:00+00:00
2024-11-11 23:40:20,051 - Short Sell 401.00 shares at 49.8 on 2024-10-28 15:00:00+00:00
2024-11-11 23:40:20,051 - Short Sell 401.00 shares at 49.76 on 2024-10-28 15:15:00+00:00
2024-11-11 23:40:20,051 - Buy to cover -2405.00 shares at 49.48 on 2024-10-28 15:30:00+00:00 (Exit: Profit_take, Profit: 824.7499999999944, Duration: 90.0 minutes)
2024-11-11 23:40:20,051 - Long Buy 409.00 shares at 48.89 on 2024-10-28 18:00:00+00:00
2024-11-11 23:40:20,051 - Long Buy 401.00 shares at 48.87 on 2024-10-28 18:15:00+00:00
2024-11-11 23:40:20,051 - Long Buy 393.00 shares at 48.79 on 2024-10-28 18:30:00+00:00
2024-11-11 23:40:20,051 - Long Buy 386.00 shares at 48.78 on 2024-10-28 18:45:00+00:00
2024-11-11 23:40:20,051 - Long Buy 377.00 shares at 48.84 on 2024-10-28 19:00:00+00:00
2024-11-11 23:40:20,051 - Long Buy 371.00 shares at 48.74 on 2024-10-28 19:45:00+00:00
2024-11-11 23:40:20,051 - Sell to close 2337.00 shares at 48.09 on 2024-10-29 13:30:00+00:00 (Exit: Stop_loss, Profit: -1705.320000000009, Duration: 1170.0 minutes)
2024-11-11 23:40:20,052 - Long Buy 418.00 shares at 47.75 on 2024-10-30 13:30:00+00:00
2024-11-11 23:40:20,052 - Sell to close 418.00 shares at 48.08 on 2024-10-30 13:45:00+00:00 (Exit: Profit_take, Profit: 137.9399999999993, Duration: 15.0 minutes)
2024-11-11 23:40:20,052 - Short Sell 412.00 shares at 48.44 on 2024-10-30 14:00:00+00:00
2024-11-11 23:40:20,052 - Short Sell 411.00 shares at 48.5 on 2024-10-30 14:15:00+00:00
2024-11-11 23:40:20,052 - Short Sell 413.00 shares at 48.3 on 2024-10-30 14:30:00+00:00
2024-11-11 23:40:20,052 - Short Sell 414.00 shares at 48.21 on 2024-10-30 14:45:00+00:00
2024-11-11 23:40:20,052 - Buy to cover -1650.00 shares at 47.82 on 2024-10-30 15:00:00+00:00 (Exit: Profit_take, Profit: 894.6200000000005, Duration: 60.0 minutes)
2024-11-11 23:40:20,052 - Short Sell 414.00 shares at 48.23 on 2024-10-30 15:45:00+00:00
2024-11-11 23:40:20,052 - Buy to cover -414.00 shares at 47.87 on 2024-10-30 16:30:00+00:00 (Exit: Profit_take, Profit: 149.03999999999976, Duration: 45.0 minutes)
2024-11-11 23:40:20,052 - Short Sell 377.00 shares at 53.03 on 2024-10-31 13:30:00+00:00
2024-11-11 23:40:20,052 - Short Sell 375.00 shares at 53.19 on 2024-10-31 13:45:00+00:00
2024-11-11 23:40:20,052 - Short Sell 374.00 shares at 53.35 on 2024-10-31 14:00:00+00:00
2024-11-11 23:40:20,052 - Buy to cover -1126.00 shares at 52.74 on 2024-10-31 14:15:00+00:00 (Exit: Profit_take, Profit: 506.21999999999696, Duration: 45.0 minutes)
2024-11-11 23:40:20,052 - Short Sell 381.00 shares at 52.48 on 2024-10-31 14:30:00+00:00
2024-11-11 23:40:20,052 - Buy to cover -381.00 shares at 53.06 on 2024-10-31 14:45:00+00:00 (Exit: Stop_loss, Profit: -220.98000000000476, Duration: 15.0 minutes)
2024-11-11 23:40:20,053 - Short Sell 387.00 shares at 51.56 on 2024-11-01 13:30:00+00:00
2024-11-11 23:40:20,053 - Buy to cover -387.00 shares at 52.09 on 2024-11-01 13:45:00+00:00 (Exit: Stop_loss, Profit: -205.11000000000044, Duration: 15.0 minutes)
2024-11-11 23:40:20,053 - Long Buy 385.00 shares at 51.91 on 2024-11-04 14:30:00+00:00
2024-11-11 23:40:20,053 - Long Buy 377.00 shares at 51.85 on 2024-11-04 14:45:00+00:00
2024-11-11 23:40:20,053 - Sell to close 762.00 shares at 52.33 on 2024-11-04 15:00:00+00:00 (Exit: Profit_take, Profit: 342.6599999999964, Duration: 30.0 minutes)
2024-11-11 23:40:20,053 - Long Buy 384.00 shares at 52.02 on 2024-11-04 16:30:00+00:00
2024-11-11 23:40:20,053 - Long Buy 376.00 shares at 52.07 on 2024-11-04 16:45:00+00:00
2024-11-11 23:40:20,053 - Long Buy 368.00 shares at 52.14 on 2024-11-04 17:00:00+00:00
2024-11-11 23:40:20,053 - Long Buy 361.00 shares at 52.09 on 2024-11-04 17:15:00+00:00
2024-11-11 23:40:20,053 - Sell to close 1489.00 shares at 52.36 on 2024-11-04 19:45:00+00:00 (Exit: Profit_take, Profit: 418.0299999999943, Duration: 195.0 minutes)
2024-11-11 23:40:20,053 - Long Buy 388.00 shares at 51.47 on 2024-11-05 14:30:00+00:00
2024-11-11 23:40:20,053 - Long Buy 383.00 shares at 51.14 on 2024-11-05 14:45:00+00:00
2024-11-11 23:40:20,053 - Long Buy 376.00 shares at 51.05 on 2024-11-05 15:00:00+00:00
2024-11-11 23:40:20,054 - Long Buy 368.00 shares at 51.08 on 2024-11-05 15:15:00+00:00
2024-11-11 23:40:20,054 - Sell to close 1515.00 shares at 51.53 on 2024-11-05 15:30:00+00:00 (Exit: Profit_take, Profit: 518.7300000000022, Duration: 60.0 minutes)
2024-11-11 23:40:20,054 - Short Sell 383.00 shares at 52.17 on 2024-11-05 17:30:00+00:00
2024-11-11 23:40:20,054 - Short Sell 382.00 shares at 52.33 on 2024-11-05 18:00:00+00:00
2024-11-11 23:40:20,054 - Short Sell 382.00 shares at 52.35 on 2024-11-05 18:45:00+00:00
2024-11-11 23:40:20,054 - Short Sell 382.00 shares at 52.39 on 2024-11-05 19:00:00+00:00
2024-11-11 23:40:20,054 - Short Sell 381.00 shares at 52.41 on 2024-11-05 19:15:00+00:00
2024-11-11 23:40:20,054 - Short Sell 381.00 shares at 52.46 on 2024-11-05 19:30:00+00:00
2024-11-11 23:40:20,054 - Short Sell 381.00 shares at 52.52 on 2024-11-05 19:45:00+00:00
2024-11-11 23:40:20,054 - Buy to cover -2672.00 shares at 52.7 on 2024-11-05 20:00:00+00:00 (Exit: Stop_loss, Profit: -866.9600000000011, Duration: 150.0 minutes)
2024-11-11 23:40:20,054 - Short Sell 371.00 shares at 53.78 on 2024-11-06 14:30:00+00:00
2024-11-11 23:40:20,054 - Short Sell 370.00 shares at 54.02 on 2024-11-06 14:45:00+00:00
2024-11-11 23:40:20,054 - Buy to cover -741.00 shares at 53.58 on 2024-11-06 15:00:00+00:00 (Exit: Profit_take, Profit: 236.99999999999986, Duration: 30.0 minutes)
2024-11-11 23:40:20,054 - Short Sell 373.00 shares at 53.56 on 2024-11-06 15:15:00+00:00
2024-11-11 23:40:20,054 - Short Sell 375.00 shares at 53.36 on 2024-11-06 15:30:00+00:00
2024-11-11 23:40:20,054 - Short Sell 375.00 shares at 53.3 on 2024-11-06 15:45:00+00:00
2024-11-11 23:40:20,054 - Buy to cover -1123.00 shares at 52.9 on 2024-11-06 16:00:00+00:00 (Exit: Profit_take, Profit: 568.6800000000082, Duration: 45.0 minutes)
2024-11-11 23:40:20,054 - Short Sell 379.00 shares at 52.78 on 2024-11-06 16:15:00+00:00
2024-11-11 23:40:20,054 - Short Sell 379.00 shares at 52.8 on 2024-11-06 16:45:00+00:00
2024-11-11 23:40:20,054 - Buy to cover -758.00 shares at 53.14 on 2024-11-06 17:00:00+00:00 (Exit: Stop_loss, Profit: -265.3000000000011, Duration: 45.0 minutes)
2024-11-11 23:40:20,055 - Short Sell 375.00 shares at 53.31 on 2024-11-07 15:00:00+00:00
2024-11-11 23:40:20,055 - Buy to cover -375.00 shares at 52.98 on 2024-11-07 15:30:00+00:00 (Exit: Profit_take, Profit: 123.75000000000202, Duration: 30.0 minutes)
2024-11-11 23:40:20,055 - Short Sell 374.00 shares at 53.5 on 2024-11-07 17:00:00+00:00
2024-11-11 23:40:20,055 - Short Sell 373.00 shares at 53.62 on 2024-11-07 17:15:00+00:00
2024-11-11 23:40:20,055 - Short Sell 372.00 shares at 53.68 on 2024-11-07 17:30:00+00:00
2024-11-11 23:40:20,055 - Short Sell 373.00 shares at 53.61 on 2024-11-07 17:45:00+00:00
2024-11-11 23:40:20,055 - Short Sell 373.00 shares at 53.53 on 2024-11-07 18:00:00+00:00
2024-11-11 23:40:20,055 - Short Sell 373.00 shares at 53.63 on 2024-11-07 18:15:00+00:00
2024-11-11 23:40:20,055 - Short Sell 375.00 shares at 53.39 on 2024-11-07 19:30:00+00:00
2024-11-11 23:40:20,055 - Short Sell 374.00 shares at 53.47 on 2024-11-07 19:45:00+00:00
2024-11-11 23:40:20,055 - Short Sell 372.00 shares at 53.69 on 2024-11-08 14:30:00+00:00
2024-11-11 23:40:20,055 - Buy to cover -3359.00 shares at 53.14 on 2024-11-08 15:00:00+00:00 (Exit: Profit_take, Profit: 1439.8799999999908, Duration: 1320.0 minutes)
2024-11-11 23:40:20,055 - Short Sell 373.00 shares at 53.71 on 2024-11-08 15:15:00+00:00
2024-11-11 23:40:20,055 - Buy to cover -373.00 shares at 53.19 on 2024-11-08 15:45:00+00:00 (Exit: Profit_take, Profit: 193.96000000000382, Duration: 30.0 minutes)
2024-11-11 23:40:20,055 - Long Buy 379.00 shares at 52.85 on 2024-11-08 17:45:00+00:00
2024-11-11 23:40:20,055 - Long Buy 372.00 shares at 52.82 on 2024-11-08 18:00:00+00:00
2024-11-11 23:40:20,056 - Long Buy 364.00 shares at 52.82 on 2024-11-08 18:15:00+00:00
2024-11-11 23:40:20,056 - Sell to close 1115.00 shares at 53.16 on 2024-11-08 19:15:00+00:00 (Exit: Profit_take, Profit: 367.729999999999, Duration: 90.0 minutes)
2024-11-11 23:40:20,056 - Long Buy 376.00 shares at 53.28 on 2024-11-08 20:30:00+00:00
2024-11-11 23:40:20,057 - Holding 376.0 shares as an open position at the end with unrealized return: -0.0007507507507506014, Duration: 15.0 minutes
2024-11-11 23:40:20,058 - Final statisticsStock: ETSY, 
total_trades: 40, 
winning_trades: 26, 
losing_trades: 14, 
average_return: 0.0015031616107395573, 
average_duration: 144.375, 
final_balance: 982845.9999999995, 
final_portfolio_value: 1002864.2399999995, 
sharpe_ratio: 2.509799261791107, 



