2024-11-11 19:54:23,304 - Starting GBMStrategy with initial capital: 1000000
2024-11-11 19:54:23,304 - Hyperparameters: {'threshold': 1.5, 'time_periods': 30, 'num_simulations': 150}
2024-11-11 19:59:33,722 - Short Sell 267.00 shares at 74.81 on 2024-10-11 14:30:00+00:00
2024-11-11 19:59:33,723 - Short Sell 266.00 shares at 75.0 on 2024-10-11 14:45:00+00:00
2024-11-11 19:59:33,723 - Short Sell 265.00 shares at 75.4 on 2024-10-11 15:00:00+00:00
2024-11-11 19:59:33,723 - Short Sell 264.00 shares at 75.47 on 2024-10-11 15:15:00+00:00
2024-11-11 19:59:33,723 - Buy to cover -1062.00 shares at 75.91 on 2024-10-11 15:30:00+00:00 (Exit: Stop_loss, Profit: -787.0699999999928, Duration: 60.0 minutes)
2024-11-11 19:59:33,723 - Short Sell 262.00 shares at 76.14 on 2024-10-14 13:30:00+00:00
2024-11-11 19:59:33,723 - Short Sell 263.00 shares at 75.84 on 2024-10-14 13:45:00+00:00
2024-11-11 19:59:33,723 - Short Sell 262.00 shares at 76.25 on 2024-10-14 14:00:00+00:00
2024-11-11 19:59:33,723 - Short Sell 262.00 shares at 76.1 on 2024-10-14 14:15:00+00:00
2024-11-11 19:59:33,723 - Short Sell 262.00 shares at 76.25 on 2024-10-14 14:30:00+00:00
2024-11-11 19:59:33,723 - Short Sell 260.00 shares at 76.59 on 2024-10-14 14:45:00+00:00
2024-11-11 19:59:33,723 - Short Sell 261.00 shares at 76.45 on 2024-10-14 15:00:00+00:00
2024-11-11 19:59:33,723 - Short Sell 261.00 shares at 76.45 on 2024-10-14 15:15:00+00:00
2024-11-11 19:59:33,724 - Buy to cover -2093.00 shares at 76.63 on 2024-10-14 15:30:00+00:00 (Exit: Stop_loss, Profit: -778.489999999946, Duration: 120.0 minutes)
2024-11-11 19:59:33,724 - Short Sell 258.00 shares at 77.36 on 2024-10-15 14:45:00+00:00
2024-11-11 19:59:33,724 - Buy to cover -258.00 shares at 77.34 on 2024-10-15 16:30:00+00:00 (Exit: Signal, Profit: 5.159999999998973, Duration: 105.0 minutes)
2024-11-11 19:59:33,724 - Long Buy 259.00 shares at 76.82 on 2024-10-15 17:45:00+00:00
2024-11-11 19:59:33,724 - Long Buy 254.00 shares at 77.0 on 2024-10-15 18:00:00+00:00
2024-11-11 19:59:33,724 - Long Buy 249.00 shares at 76.72 on 2024-10-15 18:15:00+00:00
2024-11-11 19:59:33,725 - Long Buy 245.00 shares at 76.72 on 2024-10-15 18:30:00+00:00
2024-11-11 19:59:33,725 - Long Buy 239.00 shares at 76.81 on 2024-10-15 18:45:00+00:00
2024-11-11 19:59:33,725 - Long Buy 235.00 shares at 76.67 on 2024-10-15 19:00:00+00:00
2024-11-11 19:59:33,725 - Long Buy 231.00 shares at 76.59 on 2024-10-15 19:15:00+00:00
2024-11-11 19:59:33,725 - Long Buy 225.00 shares at 76.77 on 2024-10-15 19:30:00+00:00
2024-11-11 19:59:33,725 - Long Buy 220.00 shares at 76.91 on 2024-10-15 19:45:00+00:00
2024-11-11 19:59:33,725 - Sell to close 2157.00 shares at 78.06 on 2024-10-16 13:30:00+00:00 (Exit: Profit_take, Profit: 2760.580000000017, Duration: 1185.0 minutes)
2024-11-11 19:59:33,725 - Short Sell 255.00 shares at 78.5 on 2024-10-16 13:45:00+00:00
2024-11-11 19:59:33,725 - Short Sell 255.00 shares at 78.49 on 2024-10-16 14:00:00+00:00
2024-11-11 19:59:33,725 - Short Sell 255.00 shares at 78.51 on 2024-10-16 14:15:00+00:00
2024-11-11 19:59:33,725 - Short Sell 256.00 shares at 78.2 on 2024-10-16 14:30:00+00:00
2024-11-11 19:59:33,725 - Short Sell 256.00 shares at 78.08 on 2024-10-16 14:45:00+00:00
2024-11-11 19:59:33,725 - Buy to cover -1277.00 shares at 77.93 on 2024-10-16 15:00:00+00:00 (Exit: Profit_take, Profit: 543.5699999999886, Duration: 75.0 minutes)
2024-11-11 19:59:33,725 - Long Buy 258.00 shares at 77.62 on 2024-10-16 17:30:00+00:00
2024-11-11 19:59:33,726 - Sell to close 258.00 shares at 77.58 on 2024-10-17 18:30:00+00:00 (Exit: Signal, Profit: -10.320000000001613, Duration: 1500.0 minutes)
2024-11-11 19:59:33,726 - Short Sell 258.00 shares at 77.59 on 2024-10-17 18:45:00+00:00
2024-11-11 19:59:33,726 - Buy to cover -258.00 shares at 77.29 on 2024-10-17 19:15:00+00:00 (Exit: Signal, Profit: 77.39999999999927, Duration: 30.0 minutes)
2024-11-11 19:59:33,726 - Long Buy 257.00 shares at 77.68 on 2024-10-18 19:30:00+00:00
2024-11-11 19:59:33,726 - Sell to close 257.00 shares at 77.87 on 2024-10-18 19:45:00+00:00 (Exit: Signal, Profit: 48.829999999999416, Duration: 15.0 minutes)
2024-11-11 19:59:33,727 - Long Buy 261.00 shares at 76.75 on 2024-10-22 13:30:00+00:00
2024-11-11 19:59:33,727 - Long Buy 255.00 shares at 76.84 on 2024-10-22 13:45:00+00:00
2024-11-11 19:59:33,727 - Long Buy 251.00 shares at 76.58 on 2024-10-22 14:00:00+00:00
2024-11-11 19:59:33,727 - Long Buy 247.00 shares at 76.24 on 2024-10-22 14:15:00+00:00
2024-11-11 19:59:33,727 - Long Buy 241.00 shares at 76.5 on 2024-10-22 14:30:00+00:00
2024-11-11 19:59:33,727 - Long Buy 236.00 shares at 76.55 on 2024-10-22 14:45:00+00:00
2024-11-11 19:59:33,727 - Long Buy 232.00 shares at 76.5 on 2024-10-22 15:00:00+00:00
2024-11-11 19:59:33,727 - Long Buy 227.00 shares at 76.48 on 2024-10-22 15:15:00+00:00
2024-11-11 19:59:33,727 - Long Buy 222.00 shares at 76.49 on 2024-10-22 15:30:00+00:00
2024-11-11 19:59:33,727 - Long Buy 218.00 shares at 76.55 on 2024-10-22 15:45:00+00:00
2024-11-11 19:59:33,727 - Long Buy 214.00 shares at 76.51 on 2024-10-22 16:00:00+00:00
2024-11-11 19:59:33,727 - Long Buy 209.00 shares at 76.6 on 2024-10-22 16:15:00+00:00
2024-11-11 19:59:33,727 - Sell to close 2813.00 shares at 76.98 on 2024-10-22 17:30:00+00:00 (Exit: Profit_take, Profit: 1203.4500000000523, Duration: 240.0 minutes)
2024-11-11 19:59:33,727 - Long Buy 265.00 shares at 75.58 on 2024-10-23 13:30:00+00:00
2024-11-11 19:59:33,727 - Long Buy 259.00 shares at 75.68 on 2024-10-23 13:45:00+00:00
2024-11-11 19:59:33,727 - Long Buy 253.00 shares at 75.94 on 2024-10-23 14:00:00+00:00
2024-11-11 19:59:33,727 - Sell to close 777.00 shares at 76.28 on 2024-10-23 14:15:00+00:00 (Exit: Profit_take, Profit: 426.9199999999996, Duration: 45.0 minutes)
2024-11-11 19:59:33,727 - Long Buy 263.00 shares at 76.05 on 2024-10-23 14:30:00+00:00
2024-11-11 19:59:33,727 - Long Buy 259.00 shares at 75.78 on 2024-10-23 14:45:00+00:00
2024-11-11 19:59:33,727 - Long Buy 254.00 shares at 75.61 on 2024-10-23 15:00:00+00:00
2024-11-11 19:59:33,727 - Long Buy 249.00 shares at 75.62 on 2024-10-23 15:15:00+00:00
2024-11-11 19:59:33,728 - Long Buy 245.00 shares at 75.48 on 2024-10-23 18:00:00+00:00
2024-11-11 19:59:33,728 - Long Buy 240.00 shares at 75.48 on 2024-10-23 18:15:00+00:00
2024-11-11 19:59:33,728 - Long Buy 235.00 shares at 75.64 on 2024-10-24 16:00:00+00:00
2024-11-11 19:59:33,728 - Sell to close 1745.00 shares at 76.0 on 2024-10-24 17:00:00+00:00 (Exit: Signal, Profit: 574.3099999999991, Duration: 1590.0 minutes)
2024-11-11 19:59:33,728 - Short Sell 264.00 shares at 76.03 on 2024-10-24 17:15:00+00:00
2024-11-11 19:59:33,728 - Short Sell 263.00 shares at 76.1 on 2024-10-24 17:30:00+00:00
2024-11-11 19:59:33,728 - Buy to cover -527.00 shares at 75.66 on 2024-10-24 19:30:00+00:00 (Exit: Profit_take, Profit: 213.40000000000063, Duration: 135.0 minutes)
2024-11-11 19:59:33,728 - Long Buy 264.00 shares at 75.8 on 2024-10-25 17:00:00+00:00
2024-11-11 19:59:33,728 - Long Buy 259.00 shares at 75.75 on 2024-10-25 17:15:00+00:00
2024-11-11 19:59:33,728 - Long Buy 255.00 shares at 75.51 on 2024-10-25 17:30:00+00:00
2024-11-11 19:59:33,728 - Long Buy 249.00 shares at 75.64 on 2024-10-25 17:45:00+00:00
2024-11-11 19:59:33,728 - Long Buy 245.00 shares at 75.62 on 2024-10-25 18:00:00+00:00
2024-11-11 19:59:33,728 - Long Buy 239.00 shares at 75.77 on 2024-10-25 18:15:00+00:00
2024-11-11 19:59:33,729 - Long Buy 234.00 shares at 75.76 on 2024-10-25 18:30:00+00:00
2024-11-11 19:59:33,729 - Long Buy 230.00 shares at 75.71 on 2024-10-25 19:30:00+00:00
2024-11-11 19:59:33,729 - Sell to close 1975.00 shares at 76.5 on 2024-10-28 13:30:00+00:00 (Exit: Profit_take, Profit: 1590.5700000000202, Duration: 4110.0 minutes)
2024-11-11 19:59:33,729 - Short Sell 262.00 shares at 76.51 on 2024-10-28 13:45:00+00:00
2024-11-11 19:59:33,729 - Buy to cover -262.00 shares at 76.11 on 2024-10-28 14:30:00+00:00 (Exit: Profit_take, Profit: 104.80000000000149, Duration: 45.0 minutes)
2024-11-11 19:59:33,729 - Short Sell 263.00 shares at 76.38 on 2024-10-28 15:00:00+00:00
2024-11-11 19:59:33,729 - Short Sell 263.00 shares at 76.38 on 2024-10-28 15:45:00+00:00
2024-11-11 19:59:33,729 - Short Sell 262.00 shares at 76.51 on 2024-10-28 16:00:00+00:00
2024-11-11 19:59:33,729 - Short Sell 263.00 shares at 76.47 on 2024-10-28 16:15:00+00:00
2024-11-11 19:59:33,729 - Short Sell 263.00 shares at 76.45 on 2024-10-28 16:30:00+00:00
2024-11-11 19:59:33,729 - Short Sell 263.00 shares at 76.39 on 2024-10-28 16:45:00+00:00
2024-11-11 19:59:33,729 - Short Sell 263.00 shares at 76.41 on 2024-10-28 17:15:00+00:00
2024-11-11 19:59:33,729 - Short Sell 263.00 shares at 76.46 on 2024-10-28 17:30:00+00:00
2024-11-11 19:59:33,729 - Short Sell 262.00 shares at 76.55 on 2024-10-28 17:45:00+00:00
2024-11-11 19:59:33,729 - Buy to cover -2365.00 shares at 76.53 on 2024-10-28 18:00:00+00:00 (Exit: Signal, Profit: -202.5099999999892, Duration: 180.0 minutes)
2024-11-11 19:59:33,729 - Short Sell 262.00 shares at 76.76 on 2024-10-28 19:15:00+00:00
2024-11-11 19:59:33,729 - Short Sell 261.00 shares at 76.8 on 2024-10-28 19:30:00+00:00
2024-11-11 19:59:33,729 - Buy to cover -523.00 shares at 76.06 on 2024-10-29 13:30:00+00:00 (Exit: Profit_take, Profit: 376.53999999999587, Duration: 1095.0 minutes)
2024-11-11 19:59:33,729 - Long Buy 263.00 shares at 76.28 on 2024-10-29 13:45:00+00:00
2024-11-11 19:59:33,730 - Sell to close 263.00 shares at 76.68 on 2024-10-29 14:15:00+00:00 (Exit: Profit_take, Profit: 105.2000000000015, Duration: 30.0 minutes)
2024-11-11 19:59:33,730 - Short Sell 261.00 shares at 77.08 on 2024-10-29 14:30:00+00:00
2024-11-11 19:59:33,730 - Short Sell 260.00 shares at 77.34 on 2024-10-29 14:45:00+00:00
2024-11-11 19:59:33,730 - Short Sell 260.00 shares at 77.16 on 2024-10-29 15:00:00+00:00
2024-11-11 19:59:33,730 - Short Sell 260.00 shares at 77.18 on 2024-10-29 15:15:00+00:00
2024-11-11 19:59:33,730 - Short Sell 259.00 shares at 77.4 on 2024-10-29 15:30:00+00:00
2024-11-11 19:59:33,730 - Short Sell 259.00 shares at 77.42 on 2024-10-29 15:45:00+00:00
2024-11-11 19:59:33,730 - Short Sell 259.00 shares at 77.54 on 2024-10-29 16:00:00+00:00
2024-11-11 19:59:33,730 - Short Sell 259.00 shares at 77.51 on 2024-10-29 16:15:00+00:00
2024-11-11 19:59:33,730 - Short Sell 258.00 shares at 77.76 on 2024-10-29 16:30:00+00:00
2024-11-11 19:59:33,730 - Short Sell 259.00 shares at 77.62 on 2024-10-29 16:45:00+00:00
2024-11-11 19:59:33,730 - Short Sell 258.00 shares at 77.78 on 2024-10-29 17:00:00+00:00
2024-11-11 19:59:33,730 - Short Sell 259.00 shares at 77.57 on 2024-10-29 17:15:00+00:00
2024-11-11 19:59:33,730 - Short Sell 259.00 shares at 77.64 on 2024-10-29 17:30:00+00:00
2024-11-11 19:59:33,730 - Short Sell 258.00 shares at 77.74 on 2024-10-29 17:45:00+00:00
2024-11-11 19:59:33,730 - Short Sell 258.00 shares at 77.73 on 2024-10-29 18:00:00+00:00
2024-11-11 19:59:33,730 - Short Sell 258.00 shares at 77.77 on 2024-10-29 18:15:00+00:00
2024-11-11 19:59:33,730 - Short Sell 258.00 shares at 77.8 on 2024-10-29 18:30:00+00:00
2024-11-11 19:59:33,730 - Short Sell 258.00 shares at 77.81 on 2024-10-29 18:45:00+00:00
2024-11-11 19:59:33,730 - Short Sell 258.00 shares at 77.83 on 2024-10-29 19:00:00+00:00
2024-11-11 19:59:33,730 - Buy to cover -4918.00 shares at 77.62 on 2024-10-29 19:30:00+00:00 (Exit: Signal, Profit: -288.42000000005663, Duration: 300.0 minutes)
2024-11-11 19:59:33,730 - Long Buy 259.00 shares at 77.64 on 2024-10-29 19:45:00+00:00
2024-11-11 19:59:33,730 - Sell to close 259.00 shares at 78.02 on 2024-10-30 13:45:00+00:00 (Exit: Signal, Profit: 98.41999999999882, Duration: 1080.0 minutes)
2024-11-11 19:59:33,730 - Short Sell 257.00 shares at 78.1 on 2024-10-30 14:00:00+00:00
2024-11-11 19:59:33,730 - Buy to cover -257.00 shares at 77.69 on 2024-10-30 14:15:00+00:00 (Exit: Profit_take, Profit: 105.36999999999912, Duration: 15.0 minutes)
2024-11-11 19:59:33,731 - Short Sell 257.00 shares at 78.22 on 2024-10-30 18:15:00+00:00
2024-11-11 19:59:33,731 - Short Sell 256.00 shares at 78.37 on 2024-10-30 18:30:00+00:00
2024-11-11 19:59:33,731 - Short Sell 257.00 shares at 78.24 on 2024-10-30 19:00:00+00:00
2024-11-11 19:59:33,731 - Short Sell 257.00 shares at 78.23 on 2024-10-30 19:15:00+00:00
2024-11-11 19:59:33,731 - Short Sell 257.00 shares at 78.21 on 2024-10-30 19:30:00+00:00
2024-11-11 19:59:33,731 - Short Sell 256.00 shares at 78.37 on 2024-10-30 19:45:00+00:00
2024-11-11 19:59:33,731 - Buy to cover -1540.00 shares at 78.37 on 2024-10-31 13:30:00+00:00 (Exit: Signal, Profit: -149.05999999999636, Duration: 1155.0 minutes)
2024-11-11 19:59:33,731 - Short Sell 256.00 shares at 78.55 on 2024-10-31 13:45:00+00:00
2024-11-11 19:59:33,731 - Buy to cover -256.00 shares at 78.2 on 2024-10-31 14:00:00+00:00 (Exit: Signal, Profit: 89.59999999999854, Duration: 15.0 minutes)
2024-11-11 19:59:33,731 - Long Buy 257.00 shares at 78.22 on 2024-10-31 14:15:00+00:00
2024-11-11 19:59:33,731 - Long Buy 252.00 shares at 78.03 on 2024-10-31 14:30:00+00:00
2024-11-11 19:59:33,731 - Long Buy 247.00 shares at 77.96 on 2024-10-31 14:45:00+00:00
2024-11-11 19:59:33,731 - Long Buy 244.00 shares at 77.54 on 2024-10-31 15:00:00+00:00
2024-11-11 19:59:33,731 - Long Buy 238.00 shares at 77.81 on 2024-10-31 15:15:00+00:00
2024-11-11 19:59:33,731 - Long Buy 233.00 shares at 77.93 on 2024-10-31 15:30:00+00:00
2024-11-11 19:59:33,731 - Long Buy 228.00 shares at 77.98 on 2024-10-31 15:45:00+00:00
2024-11-11 19:59:33,731 - Long Buy 224.00 shares at 77.94 on 2024-10-31 16:00:00+00:00
2024-11-11 19:59:33,731 - Long Buy 219.00 shares at 78.09 on 2024-10-31 16:15:00+00:00
2024-11-11 19:59:33,731 - Long Buy 214.00 shares at 78.08 on 2024-10-31 16:30:00+00:00
2024-11-11 19:59:33,731 - Sell to close 2356.00 shares at 78.4 on 2024-10-31 17:15:00+00:00 (Exit: Profit_take, Profit: 1043.120000000008, Duration: 180.0 minutes)
2024-11-11 19:59:33,732 - Long Buy 258.00 shares at 78.0 on 2024-11-01 13:30:00+00:00
2024-11-11 19:59:33,732 - Long Buy 253.00 shares at 77.95 on 2024-11-01 13:45:00+00:00
2024-11-11 19:59:33,732 - Sell to close 511.00 shares at 78.45 on 2024-11-01 14:00:00+00:00 (Exit: Profit_take, Profit: 242.59999999999891, Duration: 30.0 minutes)
2024-11-11 19:59:33,732 - Long Buy 257.00 shares at 78.22 on 2024-11-01 14:30:00+00:00
2024-11-11 19:59:33,732 - Long Buy 252.00 shares at 78.28 on 2024-11-01 14:45:00+00:00
2024-11-11 19:59:33,732 - Long Buy 247.00 shares at 78.31 on 2024-11-01 15:00:00+00:00
2024-11-11 19:59:33,732 - Long Buy 242.00 shares at 78.2 on 2024-11-01 15:15:00+00:00
2024-11-11 19:59:33,732 - Long Buy 238.00 shares at 78.09 on 2024-11-01 15:30:00+00:00
2024-11-11 19:59:33,732 - Long Buy 233.00 shares at 78.16 on 2024-11-01 15:45:00+00:00
2024-11-11 19:59:33,732 - Long Buy 228.00 shares at 78.23 on 2024-11-01 16:00:00+00:00
2024-11-11 19:59:33,732 - Long Buy 223.00 shares at 78.1 on 2024-11-01 16:15:00+00:00
2024-11-11 19:59:33,732 - Sell to close 1920.00 shares at 78.67 on 2024-11-04 14:30:00+00:00 (Exit: Profit_take, Profit: 900.8899999999903, Duration: 4320.0 minutes)
2024-11-11 19:59:33,732 - Long Buy 258.00 shares at 78.08 on 2024-11-04 16:15:00+00:00
2024-11-11 19:59:33,732 - Long Buy 253.00 shares at 77.92 on 2024-11-04 16:30:00+00:00
2024-11-11 19:59:33,732 - Long Buy 248.00 shares at 77.83 on 2024-11-04 16:45:00+00:00
2024-11-11 19:59:33,732 - Long Buy 243.00 shares at 77.84 on 2024-11-04 17:00:00+00:00
2024-11-11 19:59:33,732 - Long Buy 238.00 shares at 77.86 on 2024-11-04 17:30:00+00:00
2024-11-11 19:59:33,732 - Long Buy 234.00 shares at 77.82 on 2024-11-04 17:45:00+00:00
2024-11-11 19:59:33,732 - Long Buy 229.00 shares at 77.8 on 2024-11-04 18:00:00+00:00
2024-11-11 19:59:33,732 - Long Buy 224.00 shares at 77.87 on 2024-11-04 18:15:00+00:00
2024-11-11 19:59:33,733 - Long Buy 220.00 shares at 77.81 on 2024-11-04 18:45:00+00:00
2024-11-11 19:59:33,733 - Long Buy 216.00 shares at 77.82 on 2024-11-04 19:00:00+00:00
2024-11-11 19:59:33,733 - Long Buy 211.00 shares at 77.86 on 2024-11-04 19:15:00+00:00
2024-11-11 19:59:33,733 - Long Buy 207.00 shares at 77.83 on 2024-11-04 19:30:00+00:00
2024-11-11 19:59:33,733 - Long Buy 203.00 shares at 77.66 on 2024-11-04 19:45:00+00:00
2024-11-11 19:59:33,733 - Long Buy 200.00 shares at 77.56 on 2024-11-04 20:00:00+00:00
2024-11-11 19:59:33,733 - Long Buy 195.00 shares at 77.79 on 2024-11-04 20:15:00+00:00
2024-11-11 19:59:33,733 - Sell to close 3379.00 shares at 78.28 on 2024-11-05 15:30:00+00:00 (Exit: Profit_take, Profit: 1520.4999999999577, Duration: 1395.0 minutes)
2024-11-11 19:59:33,733 - Short Sell 259.00 shares at 77.95 on 2024-11-05 17:30:00+00:00
2024-11-11 19:59:33,733 - Short Sell 258.00 shares at 78.0 on 2024-11-05 17:45:00+00:00
2024-11-11 19:59:33,733 - Short Sell 258.00 shares at 78.0 on 2024-11-05 18:00:00+00:00
2024-11-11 19:59:33,733 - Short Sell 258.00 shares at 78.09 on 2024-11-05 18:30:00+00:00
2024-11-11 19:59:33,733 - Short Sell 258.00 shares at 78.19 on 2024-11-05 18:45:00+00:00
2024-11-11 19:59:33,733 - Short Sell 257.00 shares at 78.34 on 2024-11-05 19:00:00+00:00
2024-11-11 19:59:33,733 - Short Sell 257.00 shares at 78.27 on 2024-11-05 19:15:00+00:00
2024-11-11 19:59:33,733 - Short Sell 258.00 shares at 78.23 on 2024-11-05 19:30:00+00:00
2024-11-11 19:59:33,733 - Short Sell 258.00 shares at 78.15 on 2024-11-05 20:00:00+00:00
2024-11-11 19:59:33,733 - Buy to cover -2321.00 shares at 80.75 on 2024-11-06 14:30:00+00:00 (Exit: Stop_loss, Profit: -6068.649999999978, Duration: 1260.0 minutes)
2024-11-11 19:59:33,734 - Long Buy 241.00 shares at 83.03 on 2024-11-07 15:00:00+00:00
2024-11-11 19:59:33,734 - Long Buy 237.00 shares at 82.89 on 2024-11-07 15:15:00+00:00
2024-11-11 19:59:33,734 - Long Buy 232.00 shares at 82.97 on 2024-11-07 15:30:00+00:00
2024-11-11 19:59:33,734 - Long Buy 227.00 shares at 82.98 on 2024-11-07 16:45:00+00:00
2024-11-11 19:59:33,734 - Sell to close 937.00 shares at 83.4 on 2024-11-07 17:30:00+00:00 (Exit: Profit_take, Profit: 405.14000000000624, Duration: 150.0 minutes)
2024-11-11 19:59:33,734 - Short Sell 241.00 shares at 83.26 on 2024-11-07 19:30:00+00:00
2024-11-11 19:59:33,734 - Short Sell 240.00 shares at 83.42 on 2024-11-07 19:45:00+00:00
2024-11-11 19:59:33,734 - Short Sell 241.00 shares at 83.33 on 2024-11-07 20:00:00+00:00
2024-11-11 19:59:33,734 - Buy to cover -722.00 shares at 82.56 on 2024-11-08 14:30:00+00:00 (Exit: Profit_take, Profit: 560.6699999999988, Duration: 1140.0 minutes)
2024-11-11 19:59:33,734 - Long Buy 242.00 shares at 82.98 on 2024-11-08 14:45:00+00:00
2024-11-11 19:59:33,734 - Sell to close 242.00 shares at 83.53 on 2024-11-08 15:00:00+00:00 (Exit: Profit_take, Profit: 133.0999999999993, Duration: 15.0 minutes)
2024-11-11 19:59:33,734 - Short Sell 240.00 shares at 83.5 on 2024-11-08 15:15:00+00:00
2024-11-11 19:59:33,734 - Short Sell 240.00 shares at 83.48 on 2024-11-08 15:30:00+00:00
2024-11-11 19:59:33,734 - Short Sell 240.00 shares at 83.61 on 2024-11-08 16:30:00+00:00
2024-11-11 19:59:33,734 - Short Sell 240.00 shares at 83.65 on 2024-11-08 16:45:00+00:00
2024-11-11 19:59:33,734 - Short Sell 240.00 shares at 83.64 on 2024-11-08 17:00:00+00:00
2024-11-11 19:59:33,734 - Short Sell 239.00 shares at 83.83 on 2024-11-08 17:15:00+00:00
2024-11-11 19:59:33,734 - Short Sell 239.00 shares at 83.79 on 2024-11-08 17:30:00+00:00
2024-11-11 19:59:33,735 - Short Sell 239.00 shares at 83.97 on 2024-11-08 17:45:00+00:00
2024-11-11 19:59:33,735 - Short Sell 239.00 shares at 83.97 on 2024-11-08 18:00:00+00:00
2024-11-11 19:59:33,735 - Short Sell 239.00 shares at 83.94 on 2024-11-08 18:15:00+00:00
2024-11-11 19:59:33,735 - Short Sell 239.00 shares at 83.87 on 2024-11-08 18:30:00+00:00
2024-11-11 19:59:33,735 - Short Sell 239.00 shares at 83.95 on 2024-11-08 18:45:00+00:00
2024-11-11 19:59:33,735 - Short Sell 239.00 shares at 83.87 on 2024-11-08 19:00:00+00:00
2024-11-11 19:59:33,735 - Short Sell 239.00 shares at 83.87 on 2024-11-08 19:15:00+00:00
2024-11-11 19:59:33,735 - Short Sell 239.00 shares at 83.9 on 2024-11-08 19:30:00+00:00
2024-11-11 19:59:33,735 - Short Sell 239.00 shares at 83.77 on 2024-11-08 19:45:00+00:00
2024-11-11 19:59:33,735 - Short Sell 239.00 shares at 83.76 on 2024-11-08 20:00:00+00:00
2024-11-11 19:59:33,735 - Short Sell 240.00 shares at 83.7 on 2024-11-08 20:15:00+00:00
2024-11-11 19:59:33,735 - Short Sell 239.00 shares at 83.78 on 2024-11-08 20:30:00+00:00
2024-11-11 19:59:33,735 - Buy to cover -4547.00 shares at 83.33 on 2024-11-08 20:45:00+00:00 (Exit: Profit_take, Profit: 2052.2199999999475, Duration: 330.0 minutes)
2024-11-11 19:59:33,737 - Final statisticsStock: FAST, 
total_trades: 31, 
winning_trades: 24, 
losing_trades: 7, 
average_return: 0.0030497745539327286, 
average_duration: 707.9032258064516, 
final_balance: 1006897.840000001, 
final_portfolio_value: 1006897.840000001, 
sharpe_ratio: 8.494041638852917, 



