2024-11-11 20:37:27,305 - Starting GBMStrategy with initial capital: 1000000
2024-11-11 20:37:27,305 - Hyperparameters: {'threshold': 1.5, 'time_periods': 30, 'num_simulations': 150}
2024-11-11 20:41:57,865 - Long Buy 10.00 shares at 1998.9 on 2024-10-11 14:30:00+00:00
2024-11-11 20:41:57,866 - Sell to close 10.00 shares at 2010.27 on 2024-10-11 15:00:00+00:00 (Exit: Profit_take, Profit: 113.69999999999891, Duration: 30.0 minutes)
2024-11-11 20:41:57,866 - Short Sell 9.00 shares at 2009.49 on 2024-10-11 15:15:00+00:00
2024-11-11 20:41:57,866 - Short Sell 9.00 shares at 2016.56 on 2024-10-11 15:30:00+00:00
2024-11-11 20:41:57,867 - Short Sell 9.00 shares at 2014.35 on 2024-10-11 15:45:00+00:00
2024-11-11 20:41:57,867 - Short Sell 9.00 shares at 2012.6 on 2024-10-11 16:00:00+00:00
2024-11-11 20:41:57,867 - Short Sell 9.00 shares at 2013.68 on 2024-10-11 16:15:00+00:00
2024-11-11 20:41:57,867 - Short Sell 9.00 shares at 2006.74 on 2024-10-11 16:30:00+00:00
2024-11-11 20:41:57,867 - Buy to cover -54.00 shares at 2002.06 on 2024-10-11 17:15:00+00:00 (Exit: Profit_take, Profit: 549.5399999999913, Duration: 120.0 minutes)
2024-11-11 20:41:57,867 - Short Sell 9.00 shares at 2016.15 on 2024-10-11 19:00:00+00:00
2024-11-11 20:41:57,867 - Short Sell 9.00 shares at 2013.56 on 2024-10-11 19:30:00+00:00
2024-11-11 20:41:57,867 - Buy to cover -18.00 shares at 2028.65 on 2024-10-11 19:45:00+00:00 (Exit: Stop_loss, Profit: -248.3100000000013, Duration: 45.0 minutes)
2024-11-11 20:41:57,867 - Short Sell 9.00 shares at 2042.72 on 2024-10-14 13:30:00+00:00
2024-11-11 20:41:57,867 - Short Sell 9.00 shares at 2047.19 on 2024-10-14 13:45:00+00:00
2024-11-11 20:41:57,867 - Short Sell 9.00 shares at 2044.38 on 2024-10-14 14:00:00+00:00
2024-11-11 20:41:57,867 - Short Sell 9.00 shares at 2054.0 on 2024-10-14 14:15:00+00:00
2024-11-11 20:41:57,867 - Short Sell 9.00 shares at 2049.83 on 2024-10-14 14:30:00+00:00
2024-11-11 20:41:57,867 - Short Sell 9.00 shares at 2055.12 on 2024-10-14 14:45:00+00:00
2024-11-11 20:41:57,867 - Short Sell 9.00 shares at 2057.43 on 2024-10-14 15:00:00+00:00
2024-11-11 20:41:57,867 - Short Sell 9.00 shares at 2056.63 on 2024-10-14 15:15:00+00:00
2024-11-11 20:41:57,868 - Buy to cover -72.00 shares at 2055.59 on 2024-10-14 15:30:00+00:00 (Exit: Signal, Profit: -336.7799999999843, Duration: 120.0 minutes)
2024-11-11 20:41:57,868 - Long Buy 9.00 shares at 2053.15 on 2024-10-14 16:00:00+00:00
2024-11-11 20:41:57,868 - Sell to close 9.00 shares at 2066.37 on 2024-10-14 17:30:00+00:00 (Exit: Profit_take, Profit: 118.9799999999982, Duration: 90.0 minutes)
2024-11-11 20:41:57,868 - Short Sell 9.00 shares at 2066.43 on 2024-10-14 17:45:00+00:00
2024-11-11 20:41:57,868 - Short Sell 9.00 shares at 2070.92 on 2024-10-14 18:00:00+00:00
2024-11-11 20:41:57,868 - Short Sell 9.00 shares at 2075.77 on 2024-10-14 18:15:00+00:00
2024-11-11 20:41:57,868 - Short Sell 9.00 shares at 2076.76 on 2024-10-14 18:30:00+00:00
2024-11-11 20:41:57,868 - Short Sell 9.00 shares at 2080.07 on 2024-10-14 18:45:00+00:00
2024-11-11 20:41:57,868 - Short Sell 9.00 shares at 2085.19 on 2024-10-14 19:00:00+00:00
2024-11-11 20:41:57,868 - Short Sell 9.00 shares at 2081.3 on 2024-10-14 19:15:00+00:00
2024-11-11 20:41:57,868 - Short Sell 9.00 shares at 2075.22 on 2024-10-14 19:30:00+00:00
2024-11-11 20:41:57,868 - Short Sell 9.00 shares at 2069.83 on 2024-10-14 19:45:00+00:00
2024-11-11 20:41:57,868 - Short Sell 9.00 shares at 2086.85 on 2024-10-15 13:30:00+00:00
2024-11-11 20:41:57,868 - Short Sell 9.00 shares at 2080.84 on 2024-10-15 13:45:00+00:00
2024-11-11 20:41:57,868 - Short Sell 9.00 shares at 2080.29 on 2024-10-15 14:00:00+00:00
2024-11-11 20:41:57,868 - Short Sell 9.00 shares at 2081.24 on 2024-10-15 14:15:00+00:00
2024-11-11 20:41:57,868 - Short Sell 9.00 shares at 2081.24 on 2024-10-15 14:30:00+00:00
2024-11-11 20:41:57,868 - Short Sell 9.00 shares at 2080.67 on 2024-10-15 14:45:00+00:00
2024-11-11 20:41:57,868 - Short Sell 9.00 shares at 2076.13 on 2024-10-15 15:00:00+00:00
2024-11-11 20:41:57,868 - Short Sell 9.00 shares at 2075.82 on 2024-10-15 15:15:00+00:00
2024-11-11 20:41:57,869 - Buy to cover -153.00 shares at 2065.34 on 2024-10-15 15:30:00+00:00 (Exit: Profit_take, Profit: 1924.1099999999547, Duration: 1305.0 minutes)
2024-11-11 20:41:57,869 - Short Sell 9.00 shares at 2069.66 on 2024-10-15 15:45:00+00:00
2024-11-11 20:41:57,869 - Short Sell 9.00 shares at 2074.79 on 2024-10-15 16:15:00+00:00
2024-11-11 20:41:57,869 - Short Sell 9.00 shares at 2075.45 on 2024-10-15 16:30:00+00:00
2024-11-11 20:41:57,869 - Buy to cover -27.00 shares at 2069.9 on 2024-10-15 16:45:00+00:00 (Exit: Signal, Profit: 91.80000000000246, Duration: 60.0 minutes)
2024-11-11 20:41:57,869 - Long Buy 9.00 shares at 2065.14 on 2024-10-15 17:00:00+00:00
2024-11-11 20:41:57,869 - Sell to close 9.00 shares at 2080.0 on 2024-10-15 17:30:00+00:00 (Exit: Profit_take, Profit: 133.74000000000115, Duration: 30.0 minutes)
2024-11-11 20:41:57,869 - Short Sell 9.00 shares at 2081.92 on 2024-10-15 17:45:00+00:00
2024-11-11 20:41:57,869 - Short Sell 9.00 shares at 2081.13 on 2024-10-15 18:00:00+00:00
2024-11-11 20:41:57,869 - Buy to cover -18.00 shares at 2064.51 on 2024-10-15 19:00:00+00:00 (Exit: Profit_take, Profit: 306.2699999999895, Duration: 75.0 minutes)
2024-11-11 20:41:57,869 - Long Buy 9.00 shares at 2061.44 on 2024-10-15 19:15:00+00:00
2024-11-11 20:41:57,869 - Long Buy 9.00 shares at 2061.9 on 2024-10-15 19:30:00+00:00
2024-11-11 20:41:57,869 - Long Buy 9.00 shares at 2059.1 on 2024-10-15 19:45:00+00:00
2024-11-11 20:41:57,869 - Long Buy 9.00 shares at 2050.3 on 2024-10-16 13:30:00+00:00
2024-11-11 20:41:57,869 - Long Buy 9.00 shares at 2041.37 on 2024-10-16 13:45:00+00:00
2024-11-11 20:41:57,869 - Long Buy 8.00 shares at 2046.86 on 2024-10-16 14:00:00+00:00
2024-11-11 20:41:57,869 - Long Buy 8.00 shares at 2049.56 on 2024-10-16 14:15:00+00:00
2024-11-11 20:41:57,869 - Long Buy 8.00 shares at 2046.15 on 2024-10-16 14:30:00+00:00
2024-11-11 20:41:57,869 - Long Buy 8.00 shares at 2041.99 on 2024-10-16 14:45:00+00:00
2024-11-11 20:41:57,869 - Long Buy 8.00 shares at 2042.97 on 2024-10-16 15:00:00+00:00
2024-11-11 20:41:57,869 - Long Buy 8.00 shares at 2042.97 on 2024-10-16 15:15:00+00:00
2024-11-11 20:41:57,869 - Long Buy 7.00 shares at 2043.73 on 2024-10-16 15:30:00+00:00
2024-11-11 20:41:57,869 - Long Buy 7.00 shares at 2043.24 on 2024-10-16 15:45:00+00:00
2024-11-11 20:41:57,869 - Long Buy 7.00 shares at 2043.0 on 2024-10-16 16:00:00+00:00
2024-11-11 20:41:57,869 - Sell to close 114.00 shares at 2040.0 on 2024-10-16 16:15:00+00:00 (Exit: Stop_loss, Profit: -980.780000000067, Duration: 1260.0 minutes)
2024-11-11 20:41:57,870 - Short Sell 9.00 shares at 2053.39 on 2024-10-17 13:30:00+00:00
2024-11-11 20:41:57,870 - Buy to cover -9.00 shares at 2040.72 on 2024-10-17 13:45:00+00:00 (Exit: Profit_take, Profit: 114.02999999999861, Duration: 15.0 minutes)
2024-11-11 20:41:57,870 - Long Buy 9.00 shares at 2012.35 on 2024-10-17 14:30:00+00:00
2024-11-11 20:41:57,870 - Sell to close 9.00 shares at 2023.95 on 2024-10-17 14:45:00+00:00 (Exit: Profit_take, Profit: 104.40000000000327, Duration: 15.0 minutes)
2024-11-11 20:41:57,870 - Long Buy 9.00 shares at 2027.33 on 2024-10-17 15:00:00+00:00
2024-11-11 20:41:57,870 - Long Buy 9.00 shares at 2029.75 on 2024-10-17 15:15:00+00:00
2024-11-11 20:41:57,870 - Long Buy 9.00 shares at 2025.0 on 2024-10-17 15:30:00+00:00
2024-11-11 20:41:57,870 - Long Buy 9.00 shares at 2026.08 on 2024-10-17 15:45:00+00:00
2024-11-11 20:41:57,870 - Sell to close 36.00 shares at 2038.01 on 2024-10-17 16:15:00+00:00 (Exit: Profit_take, Profit: 394.920000000001, Duration: 75.0 minutes)
2024-11-11 20:41:57,870 - Long Buy 9.00 shares at 2029.87 on 2024-10-17 16:30:00+00:00
2024-11-11 20:41:57,870 - Sell to close 9.00 shares at 2047.92 on 2024-10-17 17:45:00+00:00 (Exit: Profit_take, Profit: 162.45000000000164, Duration: 75.0 minutes)
2024-11-11 20:41:57,870 - Short Sell 9.00 shares at 2047.92 on 2024-10-17 18:00:00+00:00
2024-11-11 20:41:57,870 - Short Sell 9.00 shares at 2039.6 on 2024-10-17 18:30:00+00:00
2024-11-11 20:41:57,870 - Short Sell 9.00 shares at 2042.19 on 2024-10-17 19:15:00+00:00
2024-11-11 20:41:57,870 - Buy to cover -27.00 shares at 2029.44 on 2024-10-18 13:30:00+00:00 (Exit: Profit_take, Profit: 372.5099999999927, Duration: 1170.0 minutes)
2024-11-11 20:41:57,870 - Long Buy 9.00 shares at 2031.23 on 2024-10-18 13:45:00+00:00
2024-11-11 20:41:57,870 - Long Buy 9.00 shares at 2032.17 on 2024-10-18 14:00:00+00:00
2024-11-11 20:41:57,871 - Long Buy 9.00 shares at 2029.72 on 2024-10-18 14:15:00+00:00
2024-11-11 20:41:57,871 - Long Buy 9.00 shares at 2028.78 on 2024-10-18 14:30:00+00:00
2024-11-11 20:41:57,871 - Long Buy 9.00 shares at 2026.68 on 2024-10-18 15:00:00+00:00
2024-11-11 20:41:57,871 - Long Buy 8.00 shares at 2026.78 on 2024-10-18 15:15:00+00:00
2024-11-11 20:41:57,871 - Long Buy 8.00 shares at 2023.05 on 2024-10-18 15:30:00+00:00
2024-11-11 20:41:57,871 - Long Buy 8.00 shares at 2024.81 on 2024-10-18 15:45:00+00:00
2024-11-11 20:41:57,871 - Long Buy 8.00 shares at 2024.99 on 2024-10-18 16:00:00+00:00
2024-11-11 20:41:57,871 - Long Buy 8.00 shares at 2022.6 on 2024-10-18 16:15:00+00:00
2024-11-11 20:41:57,871 - Long Buy 8.00 shares at 2017.84 on 2024-10-18 16:30:00+00:00
2024-11-11 20:41:57,871 - Long Buy 8.00 shares at 2022.24 on 2024-10-18 16:45:00+00:00
2024-11-11 20:41:57,871 - Long Buy 7.00 shares at 2020.57 on 2024-10-18 17:00:00+00:00
2024-11-11 20:41:57,871 - Long Buy 7.00 shares at 2021.44 on 2024-10-18 17:15:00+00:00
2024-11-11 20:41:57,871 - Long Buy 7.00 shares at 2017.76 on 2024-10-18 17:30:00+00:00
2024-11-11 20:41:57,871 - Long Buy 7.00 shares at 2019.97 on 2024-10-18 17:45:00+00:00
2024-11-11 20:41:57,871 - Long Buy 7.00 shares at 2021.03 on 2024-10-18 18:00:00+00:00
2024-11-11 20:41:57,871 - Long Buy 7.00 shares at 2018.84 on 2024-10-18 18:15:00+00:00
2024-11-11 20:41:57,871 - Sell to close 143.00 shares at 2000.19 on 2024-10-18 18:30:00+00:00 (Exit: Stop_loss, Profit: -3445.8000000000147, Duration: 285.0 minutes)
2024-11-11 20:41:57,871 - Long Buy 10.00 shares at 1969.5 on 2024-10-21 13:30:00+00:00
2024-11-11 20:41:57,871 - Long Buy 9.00 shares at 1972.88 on 2024-10-21 13:45:00+00:00
2024-11-11 20:41:57,871 - Long Buy 9.00 shares at 1975.25 on 2024-10-21 14:00:00+00:00
2024-11-11 20:41:57,871 - Long Buy 9.00 shares at 1966.58 on 2024-10-21 14:15:00+00:00
2024-11-11 20:41:57,871 - Long Buy 9.00 shares at 1970.08 on 2024-10-21 14:30:00+00:00
2024-11-11 20:41:57,871 - Long Buy 9.00 shares at 1972.92 on 2024-10-21 14:45:00+00:00
2024-11-11 20:41:57,871 - Long Buy 9.00 shares at 1964.0 on 2024-10-21 15:00:00+00:00
2024-11-11 20:41:57,871 - Long Buy 8.00 shares at 1971.14 on 2024-10-21 15:15:00+00:00
2024-11-11 20:41:57,871 - Long Buy 8.00 shares at 1965.28 on 2024-10-21 15:30:00+00:00
2024-11-11 20:41:57,871 - Long Buy 8.00 shares at 1970.06 on 2024-10-21 15:45:00+00:00
2024-11-11 20:41:57,871 - Long Buy 8.00 shares at 1970.4 on 2024-10-21 16:00:00+00:00
2024-11-11 20:41:57,871 - Long Buy 8.00 shares at 1971.9 on 2024-10-21 16:15:00+00:00
2024-11-11 20:41:57,871 - Long Buy 8.00 shares at 1972.09 on 2024-10-21 16:30:00+00:00
2024-11-11 20:41:57,871 - Long Buy 7.00 shares at 1972.09 on 2024-10-21 16:45:00+00:00
2024-11-11 20:41:57,871 - Long Buy 7.00 shares at 1974.08 on 2024-10-21 17:00:00+00:00
2024-11-11 20:41:57,872 - Long Buy 7.00 shares at 1965.46 on 2024-10-21 17:15:00+00:00
2024-11-11 20:41:57,872 - Long Buy 7.00 shares at 1978.48 on 2024-10-21 17:30:00+00:00
2024-11-11 20:41:57,872 - Sell to close 140.00 shares at 1981.09 on 2024-10-21 17:45:00+00:00 (Exit: Profit_take, Profit: 1464.479999999944, Duration: 255.0 minutes)
2024-11-11 20:41:57,872 - Long Buy 10.00 shares at 1978.88 on 2024-10-21 18:00:00+00:00
2024-11-11 20:41:57,872 - Sell to close 10.00 shares at 1992.64 on 2024-10-21 19:45:00+00:00 (Exit: Profit_take, Profit: 137.59999999999764, Duration: 105.0 minutes)
2024-11-11 20:41:57,872 - Short Sell 10.00 shares at 1999.63 on 2024-10-22 13:30:00+00:00
2024-11-11 20:41:57,872 - Short Sell 9.00 shares at 2008.11 on 2024-10-22 13:45:00+00:00
2024-11-11 20:41:57,872 - Short Sell 9.00 shares at 2015.71 on 2024-10-22 14:00:00+00:00
2024-11-11 20:41:57,872 - Short Sell 9.00 shares at 2012.58 on 2024-10-22 14:15:00+00:00
2024-11-11 20:41:57,872 - Buy to cover -37.00 shares at 2020.23 on 2024-10-22 15:30:00+00:00 (Exit: Stop_loss, Profit: -424.61000000000286, Duration: 120.0 minutes)
2024-11-11 20:41:57,872 - Short Sell 9.00 shares at 2018.61 on 2024-10-23 13:30:00+00:00
2024-11-11 20:41:57,872 - Buy to cover -9.00 shares at 2005.25 on 2024-10-23 14:00:00+00:00 (Exit: Profit_take, Profit: 120.23999999999705, Duration: 30.0 minutes)
2024-11-11 20:41:57,872 - Long Buy 9.00 shares at 2004.91 on 2024-10-23 15:15:00+00:00
2024-11-11 20:41:57,872 - Long Buy 9.00 shares at 2003.94 on 2024-10-23 15:30:00+00:00
2024-11-11 20:41:57,872 - Long Buy 9.00 shares at 2005.55 on 2024-10-23 16:00:00+00:00
2024-11-11 20:41:57,872 - Long Buy 9.00 shares at 2002.2 on 2024-10-23 16:15:00+00:00
2024-11-11 20:41:57,872 - Long Buy 9.00 shares at 2002.19 on 2024-10-23 16:30:00+00:00
2024-11-11 20:41:57,873 - Long Buy 9.00 shares at 2000.7 on 2024-10-23 16:45:00+00:00
2024-11-11 20:41:57,873 - Long Buy 8.00 shares at 1999.34 on 2024-10-23 17:00:00+00:00
2024-11-11 20:41:57,873 - Long Buy 8.00 shares at 2000.56 on 2024-10-23 17:15:00+00:00
2024-11-11 20:41:57,873 - Long Buy 8.00 shares at 2002.36 on 2024-10-23 17:30:00+00:00
2024-11-11 20:41:57,873 - Long Buy 8.00 shares at 1998.73 on 2024-10-23 17:45:00+00:00
2024-11-11 20:41:57,873 - Long Buy 8.00 shares at 1997.2 on 2024-10-23 18:00:00+00:00
2024-11-11 20:41:57,873 - Long Buy 8.00 shares at 1994.72 on 2024-10-23 18:15:00+00:00
2024-11-11 20:41:57,873 - Long Buy 7.00 shares at 1997.39 on 2024-10-23 18:30:00+00:00
2024-11-11 20:41:57,873 - Long Buy 7.00 shares at 1996.91 on 2024-10-23 18:45:00+00:00
2024-11-11 20:41:57,873 - Long Buy 7.00 shares at 1997.52 on 2024-10-23 19:00:00+00:00
2024-11-11 20:41:57,873 - Long Buy 7.00 shares at 1997.11 on 2024-10-23 19:15:00+00:00
2024-11-11 20:41:57,873 - Long Buy 7.00 shares at 1999.96 on 2024-10-23 19:30:00+00:00
2024-11-11 20:41:57,873 - Long Buy 7.00 shares at 1995.64 on 2024-10-23 19:45:00+00:00
2024-11-11 20:41:57,873 - Sell to close 144.00 shares at 2022.38 on 2024-10-24 13:45:00+00:00 (Exit: Profit_take, Profit: 3212.3200000000033, Duration: 1350.0 minutes)
2024-11-11 20:41:57,873 - Long Buy 10.00 shares at 1995.79 on 2024-10-24 16:00:00+00:00
2024-11-11 20:41:57,873 - Sell to close 10.00 shares at 2004.89 on 2024-10-24 16:15:00+00:00 (Exit: Signal, Profit: 90.99999999999909, Duration: 15.0 minutes)
2024-11-11 20:41:57,873 - Short Sell 9.00 shares at 2009.13 on 2024-10-24 16:30:00+00:00
2024-11-11 20:41:57,873 - Short Sell 9.00 shares at 2009.37 on 2024-10-24 17:00:00+00:00
2024-11-11 20:41:57,873 - Short Sell 9.00 shares at 2009.37 on 2024-10-24 17:15:00+00:00
2024-11-11 20:41:57,873 - Short Sell 9.00 shares at 2013.13 on 2024-10-24 18:00:00+00:00
2024-11-11 20:41:57,873 - Short Sell 9.00 shares at 2010.75 on 2024-10-24 18:15:00+00:00
2024-11-11 20:41:57,873 - Buy to cover -45.00 shares at 1995.72 on 2024-10-24 19:45:00+00:00 (Exit: Profit_take, Profit: 658.3499999999947, Duration: 195.0 minutes)
2024-11-11 20:41:57,874 - Short Sell 9.00 shares at 2015.08 on 2024-10-25 13:30:00+00:00
2024-11-11 20:41:57,874 - Short Sell 9.00 shares at 2014.0 on 2024-10-25 13:45:00+00:00
2024-11-11 20:41:57,874 - Short Sell 9.00 shares at 2014.18 on 2024-10-25 14:00:00+00:00
2024-11-11 20:41:57,874 - Short Sell 9.00 shares at 2022.05 on 2024-10-25 14:15:00+00:00
2024-11-11 20:41:57,874 - Short Sell 9.00 shares at 2017.27 on 2024-10-25 14:30:00+00:00
2024-11-11 20:41:57,874 - Short Sell 9.00 shares at 2015.42 on 2024-10-25 14:45:00+00:00
2024-11-11 20:41:57,874 - Buy to cover -54.00 shares at 2004.69 on 2024-10-25 15:15:00+00:00 (Exit: Profit_take, Profit: 628.739999999993, Duration: 105.0 minutes)
2024-11-11 20:41:57,874 - Long Buy 10.00 shares at 1999.93 on 2024-10-25 17:00:00+00:00
2024-11-11 20:41:57,874 - Long Buy 9.00 shares at 1989.09 on 2024-10-25 17:15:00+00:00
2024-11-11 20:41:57,874 - Long Buy 9.00 shares at 1990.75 on 2024-10-25 17:30:00+00:00
2024-11-11 20:41:57,874 - Long Buy 9.00 shares at 1996.17 on 2024-10-25 17:45:00+00:00
2024-11-11 20:41:57,874 - Long Buy 9.00 shares at 1994.1 on 2024-10-25 18:00:00+00:00
2024-11-11 20:41:57,874 - Long Buy 9.00 shares at 1993.42 on 2024-10-25 19:00:00+00:00
2024-11-11 20:41:57,874 - Long Buy 8.00 shares at 1994.52 on 2024-10-25 19:15:00+00:00
2024-11-11 20:41:57,874 - Sell to close 63.00 shares at 2014.41 on 2024-10-28 13:30:00+00:00 (Exit: Profit_take, Profit: 1280.6000000000154, Duration: 4110.0 minutes)
2024-11-11 20:41:57,874 - Short Sell 10.00 shares at 2012.13 on 2024-10-28 13:45:00+00:00
2024-11-11 20:41:57,874 - Short Sell 9.00 shares at 2016.16 on 2024-10-28 14:00:00+00:00
2024-11-11 20:41:57,874 - Short Sell 9.00 shares at 2013.15 on 2024-10-28 14:15:00+00:00
2024-11-11 20:41:57,874 - Short Sell 10.00 shares at 2008.9 on 2024-10-28 14:30:00+00:00
2024-11-11 20:41:57,875 - Short Sell 10.00 shares at 2012.97 on 2024-10-28 17:45:00+00:00
2024-11-11 20:41:57,875 - Short Sell 9.00 shares at 2017.17 on 2024-10-28 18:00:00+00:00
2024-11-11 20:41:57,875 - Short Sell 9.00 shares at 2017.17 on 2024-10-28 18:15:00+00:00
2024-11-11 20:41:57,875 - Buy to cover -66.00 shares at 2005.56 on 2024-10-28 18:30:00+00:00 (Exit: Signal, Profit: 545.8900000000062, Duration: 285.0 minutes)
2024-11-11 20:41:57,875 - Long Buy 10.00 shares at 2002.03 on 2024-10-28 18:45:00+00:00
2024-11-11 20:41:57,875 - Long Buy 9.00 shares at 2000.3 on 2024-10-28 19:00:00+00:00
2024-11-11 20:41:57,875 - Long Buy 9.00 shares at 1999.7 on 2024-10-28 19:15:00+00:00
2024-11-11 20:41:57,875 - Long Buy 9.00 shares at 2000.59 on 2024-10-28 19:30:00+00:00
2024-11-11 20:41:57,875 - Long Buy 9.00 shares at 1999.19 on 2024-10-28 19:45:00+00:00
2024-11-11 20:41:57,875 - Long Buy 9.00 shares at 2003.01 on 2024-10-29 13:30:00+00:00
2024-11-11 20:41:57,875 - Long Buy 8.00 shares at 2003.01 on 2024-10-29 13:45:00+00:00
2024-11-11 20:41:57,875 - Sell to close 63.00 shares at 2013.89 on 2024-10-29 14:00:00+00:00 (Exit: Profit_take, Profit: 805.5800000000033, Duration: 1155.0 minutes)
2024-11-11 20:41:57,875 - Short Sell 9.00 shares at 2019.56 on 2024-10-29 14:15:00+00:00
2024-11-11 20:41:57,875 - Short Sell 10.00 shares at 2014.03 on 2024-10-29 19:00:00+00:00
2024-11-11 20:41:57,875 - Short Sell 10.00 shares at 2015.37 on 2024-10-29 19:15:00+00:00
2024-11-11 20:41:57,875 - Short Sell 9.00 shares at 2021.83 on 2024-10-29 19:30:00+00:00
2024-11-11 20:41:57,875 - Short Sell 9.00 shares at 2020.01 on 2024-10-29 19:45:00+00:00
2024-11-11 20:41:57,875 - Buy to cover -47.00 shares at 2007.22 on 2024-10-30 13:30:00+00:00 (Exit: Profit_take, Profit: 507.25999999998976, Duration: 1395.0 minutes)
2024-11-11 20:41:57,875 - Short Sell 9.00 shares at 2020.95 on 2024-10-30 13:45:00+00:00
2024-11-11 20:41:57,875 - Short Sell 9.00 shares at 2029.18 on 2024-10-30 14:00:00+00:00
2024-11-11 20:41:57,876 - Short Sell 9.00 shares at 2030.44 on 2024-10-30 14:15:00+00:00
2024-11-11 20:41:57,876 - Short Sell 9.00 shares at 2026.64 on 2024-10-30 14:30:00+00:00
2024-11-11 20:41:57,876 - Short Sell 9.00 shares at 2020.57 on 2024-10-30 14:45:00+00:00
2024-11-11 20:41:57,876 - Short Sell 9.00 shares at 2022.69 on 2024-10-30 15:00:00+00:00
2024-11-11 20:41:57,876 - Short Sell 9.00 shares at 2027.88 on 2024-10-30 15:15:00+00:00
2024-11-11 20:41:57,876 - Short Sell 9.00 shares at 2027.88 on 2024-10-30 15:30:00+00:00
2024-11-11 20:41:57,876 - Short Sell 9.00 shares at 2027.88 on 2024-10-30 15:45:00+00:00
2024-11-11 20:41:57,876 - Short Sell 9.00 shares at 2028.0 on 2024-10-30 16:00:00+00:00
2024-11-11 20:41:57,876 - Short Sell 9.00 shares at 2021.81 on 2024-10-30 16:15:00+00:00
2024-11-11 20:41:57,876 - Buy to cover -99.00 shares at 2012.96 on 2024-10-30 17:30:00+00:00 (Exit: Profit_take, Profit: 1272.2400000000134, Duration: 225.0 minutes)
2024-11-11 20:41:57,876 - Short Sell 9.00 shares at 2019.35 on 2024-10-31 13:30:00+00:00
2024-11-11 20:41:57,876 - Short Sell 9.00 shares at 2023.78 on 2024-10-31 13:45:00+00:00
2024-11-11 20:41:57,876 - Buy to cover -18.00 shares at 2003.64 on 2024-10-31 14:00:00+00:00 (Exit: Profit_take, Profit: 322.6499999999951, Duration: 30.0 minutes)
2024-11-11 20:41:57,876 - Long Buy 10.00 shares at 1998.31 on 2024-10-31 14:15:00+00:00
2024-11-11 20:41:57,876 - Long Buy 9.00 shares at 1996.55 on 2024-10-31 14:45:00+00:00
2024-11-11 20:41:57,876 - Long Buy 9.00 shares at 1998.91 on 2024-10-31 15:00:00+00:00
2024-11-11 20:41:57,876 - Long Buy 9.00 shares at 2002.12 on 2024-10-31 15:15:00+00:00
2024-11-11 20:41:57,876 - Sell to close 37.00 shares at 2008.97 on 2024-10-31 16:45:00+00:00 (Exit: Profit_take, Profit: 370.56999999999675, Duration: 150.0 minutes)
2024-11-11 20:41:57,877 - Long Buy 10.00 shares at 1993.13 on 2024-10-31 19:45:00+00:00
2024-11-11 20:41:57,877 - Long Buy 9.00 shares at 1995.87 on 2024-11-01 13:30:00+00:00
2024-11-11 20:41:57,877 - Long Buy 9.00 shares at 1993.88 on 2024-11-01 13:45:00+00:00
2024-11-11 20:41:57,877 - Long Buy 9.00 shares at 1995.18 on 2024-11-01 14:00:00+00:00
2024-11-11 20:41:57,877 - Sell to close 37.00 shares at 2004.8 on 2024-11-01 14:15:00+00:00 (Exit: Profit_take, Profit: 381.929999999998, Duration: 1110.0 minutes)
2024-11-11 20:41:57,877 - Long Buy 10.00 shares at 2004.68 on 2024-11-01 14:30:00+00:00
2024-11-11 20:41:57,877 - Sell to close 10.00 shares at 2010.67 on 2024-11-01 14:45:00+00:00 (Exit: Signal, Profit: 59.900000000002365, Duration: 15.0 minutes)
2024-11-11 20:41:57,877 - Short Sell 10.00 shares at 2010.6 on 2024-11-01 15:15:00+00:00
2024-11-11 20:41:57,877 - Buy to cover -10.00 shares at 1997.79 on 2024-11-01 15:30:00+00:00 (Exit: Profit_take, Profit: 128.09999999999945, Duration: 15.0 minutes)
2024-11-11 20:41:57,877 - Long Buy 10.00 shares at 1998.16 on 2024-11-01 15:45:00+00:00
2024-11-11 20:41:57,877 - Long Buy 9.00 shares at 1998.49 on 2024-11-01 16:00:00+00:00
2024-11-11 20:41:57,877 - Long Buy 9.00 shares at 1998.49 on 2024-11-01 16:15:00+00:00
2024-11-11 20:41:57,877 - Long Buy 9.00 shares at 1994.56 on 2024-11-01 16:30:00+00:00
2024-11-11 20:41:57,877 - Long Buy 9.00 shares at 1997.62 on 2024-11-01 16:45:00+00:00
2024-11-11 20:41:57,877 - Long Buy 9.00 shares at 1997.62 on 2024-11-01 17:00:00+00:00
2024-11-11 20:41:57,877 - Long Buy 9.00 shares at 1992.24 on 2024-11-01 17:30:00+00:00
2024-11-11 20:41:57,877 - Long Buy 8.00 shares at 1992.86 on 2024-11-01 17:45:00+00:00
2024-11-11 20:41:57,877 - Long Buy 8.00 shares at 1992.21 on 2024-11-01 18:00:00+00:00
2024-11-11 20:41:57,877 - Long Buy 8.00 shares at 1985.38 on 2024-11-01 18:15:00+00:00
2024-11-11 20:41:57,877 - Long Buy 8.00 shares at 1990.17 on 2024-11-01 18:30:00+00:00
2024-11-11 20:41:57,877 - Long Buy 8.00 shares at 1990.18 on 2024-11-01 18:45:00+00:00
2024-11-11 20:41:57,877 - Long Buy 8.00 shares at 1990.49 on 2024-11-01 19:00:00+00:00
2024-11-11 20:41:57,877 - Long Buy 7.00 shares at 1997.66 on 2024-11-01 19:15:00+00:00
2024-11-11 20:41:57,877 - Long Buy 7.00 shares at 1987.51 on 2024-11-01 19:45:00+00:00
2024-11-11 20:41:57,877 - Long Buy 7.00 shares at 1986.47 on 2024-11-04 14:30:00+00:00
2024-11-11 20:41:57,877 - Long Buy 7.00 shares at 1992.17 on 2024-11-04 14:45:00+00:00
2024-11-11 20:41:57,877 - Long Buy 7.00 shares at 1994.52 on 2024-11-04 15:00:00+00:00
2024-11-11 20:41:57,877 - Long Buy 7.00 shares at 1995.82 on 2024-11-04 15:15:00+00:00
2024-11-11 20:41:57,878 - Long Buy 7.00 shares at 1984.52 on 2024-11-04 15:30:00+00:00
2024-11-11 20:41:57,878 - Long Buy 6.00 shares at 1985.0 on 2024-11-04 15:45:00+00:00
2024-11-11 20:41:57,878 - Long Buy 6.00 shares at 1987.21 on 2024-11-04 16:00:00+00:00
2024-11-11 20:41:57,878 - Long Buy 6.00 shares at 1985.48 on 2024-11-04 16:15:00+00:00
2024-11-11 20:41:57,878 - Sell to close 179.00 shares at 1978.39 on 2024-11-04 16:30:00+00:00 (Exit: Stop_loss, Profit: -2508.12000000002, Duration: 4365.0 minutes)
2024-11-11 20:41:57,878 - Short Sell 10.00 shares at 1994.36 on 2024-11-05 14:45:00+00:00
2024-11-11 20:41:57,878 - Short Sell 10.00 shares at 2000.09 on 2024-11-05 15:15:00+00:00
2024-11-11 20:41:57,878 - Short Sell 10.00 shares at 2000.39 on 2024-11-05 15:30:00+00:00
2024-11-11 20:41:57,878 - Short Sell 10.00 shares at 2002.21 on 2024-11-05 15:45:00+00:00
2024-11-11 20:41:57,878 - Short Sell 10.00 shares at 2001.36 on 2024-11-05 16:00:00+00:00
2024-11-11 20:41:57,878 - Short Sell 10.00 shares at 2004.67 on 2024-11-05 16:15:00+00:00
2024-11-11 20:41:57,878 - Short Sell 10.00 shares at 1995.99 on 2024-11-05 16:30:00+00:00
2024-11-11 20:41:57,878 - Short Sell 10.00 shares at 2000.03 on 2024-11-05 16:45:00+00:00
2024-11-11 20:41:57,878 - Short Sell 10.00 shares at 2002.47 on 2024-11-05 17:00:00+00:00
2024-11-11 20:41:57,878 - Short Sell 10.00 shares at 2000.76 on 2024-11-05 17:15:00+00:00
2024-11-11 20:41:57,878 - Short Sell 10.00 shares at 2002.32 on 2024-11-05 17:30:00+00:00
2024-11-11 20:41:57,878 - Short Sell 10.00 shares at 2002.32 on 2024-11-05 17:45:00+00:00
2024-11-11 20:41:57,878 - Short Sell 10.00 shares at 2011.58 on 2024-11-05 18:15:00+00:00
2024-11-11 20:41:57,878 - Buy to cover -130.00 shares at 2014.0 on 2024-11-05 18:30:00+00:00 (Exit: Stop_loss, Profit: -1634.49999999998, Duration: 225.0 minutes)
2024-11-11 20:41:57,878 - Short Sell 9.00 shares at 2045.29 on 2024-11-06 14:30:00+00:00
2024-11-11 20:41:57,878 - Short Sell 9.00 shares at 2052.26 on 2024-11-06 14:45:00+00:00
2024-11-11 20:41:57,878 - Buy to cover -18.00 shares at 2071.11 on 2024-11-06 15:00:00+00:00 (Exit: Stop_loss, Profit: -402.03000000000065, Duration: 30.0 minutes)
2024-11-11 20:41:57,879 - Short Sell 9.00 shares at 2109.34 on 2024-11-07 14:30:00+00:00
2024-11-11 20:41:57,879 - Buy to cover -9.00 shares at 2076.12 on 2024-11-07 14:45:00+00:00 (Exit: Profit_take, Profit: 298.9800000000023, Duration: 15.0 minutes)
2024-11-11 20:41:57,879 - Long Buy 9.00 shares at 2081.12 on 2024-11-07 15:00:00+00:00
2024-11-11 20:41:57,879 - Sell to close 9.00 shares at 2040.42 on 2024-11-07 15:15:00+00:00 (Exit: Stop_loss, Profit: -366.29999999999836, Duration: 15.0 minutes)
2024-11-11 20:41:57,879 - Short Sell 8.00 shares at 2237.04 on 2024-11-08 14:30:00+00:00
2024-11-11 20:41:57,879 - Short Sell 8.00 shares at 2256.49 on 2024-11-08 14:45:00+00:00
2024-11-11 20:41:57,879 - Buy to cover -16.00 shares at 2268.52 on 2024-11-08 15:00:00+00:00 (Exit: Stop_loss, Profit: -348.08000000000175, Duration: 30.0 minutes)
2024-11-11 20:41:57,881 - Final statisticsStock: FICO, 
total_trades: 40, 
winning_trades: 30, 
losing_trades: 10, 
average_return: 0.0028256615523515258, 
average_duration: 502.875, 
final_balance: 1005977.5700000002, 
final_portfolio_value: 1005977.5700000002, 
sharpe_ratio: 2.73422730431143, 



