2024-11-09 22:41:26,460 - Starting GBMStrategy with initial capital: 1000000
2024-11-09 22:41:26,460 - Hyperparameters: {'threshold': 2, 'time_periods': 15, 'num_simulations': 150}
2024-11-09 22:43:48,079 - Short Sell 336.00 shares at 59.35 on 2024-10-09 17:15:00+00:00
2024-11-09 22:43:48,080 - Buy to cover -336.00 shares at 58.75 on 2024-10-09 19:00:00+00:00 (Exit: Signal, Profit: 201.60000000000286, Duration: 105.0 minutes)
2024-11-09 22:43:48,080 - Long Buy 346.00 shares at 57.79 on 2024-10-10 13:30:00+00:00
2024-11-09 22:43:48,080 - Sell to close 346.00 shares at 57.72 on 2024-10-10 14:30:00+00:00 (Exit: Signal, Profit: -24.2200000000001, Duration: 60.0 minutes)
2024-11-09 22:43:48,080 - Long Buy 348.00 shares at 57.43 on 2024-10-10 15:15:00+00:00
2024-11-09 22:43:48,081 - Sell to close 348.00 shares at 57.47 on 2024-10-11 13:30:00+00:00 (Exit: Signal, Profit: 13.919999999999703, Duration: 1335.0 minutes)
2024-11-09 22:43:48,081 - Short Sell 348.00 shares at 57.32 on 2024-10-11 13:45:00+00:00
2024-11-09 22:43:48,081 - Buy to cover -348.00 shares at 59.56 on 2024-10-11 15:30:00+00:00 (Exit: Stop_loss, Profit: -779.5200000000007, Duration: 105.0 minutes)
2024-11-09 22:43:48,081 - Long Buy 342.00 shares at 58.43 on 2024-10-11 19:30:00+00:00
2024-11-09 22:43:48,081 - Sell to close 342.00 shares at 57.69 on 2024-10-15 13:45:00+00:00 (Exit: Signal, Profit: -253.0800000000031, Duration: 5415.0 minutes)
2024-11-09 22:43:48,081 - Short Sell 346.00 shares at 57.75 on 2024-10-15 14:00:00+00:00
2024-11-09 22:43:48,082 - Buy to cover -346.00 shares at 57.21 on 2024-10-15 14:30:00+00:00 (Exit: Signal, Profit: 186.8399999999997, Duration: 30.0 minutes)
2024-11-09 22:43:48,082 - Short Sell 345.00 shares at 57.78 on 2024-10-15 15:15:00+00:00
2024-11-09 22:43:48,082 - Buy to cover -345.00 shares at 57.42 on 2024-10-15 17:30:00+00:00 (Exit: Signal, Profit: 124.20000000000226, Duration: 135.0 minutes)
2024-11-09 22:43:48,082 - Short Sell 345.00 shares at 57.84 on 2024-10-16 14:00:00+00:00
2024-11-09 22:43:48,082 - Buy to cover -345.00 shares at 57.21 on 2024-10-16 18:30:00+00:00 (Exit: Signal, Profit: 217.35000000000332, Duration: 270.0 minutes)
2024-11-09 22:43:48,082 - Short Sell 348.00 shares at 57.45 on 2024-10-16 18:45:00+00:00
2024-11-09 22:43:48,082 - Buy to cover -348.00 shares at 56.84 on 2024-10-17 13:30:00+00:00 (Exit: Signal, Profit: 212.2799999999998, Duration: 1125.0 minutes)
2024-11-09 22:43:48,083 - Long Buy 360.00 shares at 55.51 on 2024-10-17 17:00:00+00:00
2024-11-09 22:43:48,083 - Sell to close 360.00 shares at 55.14 on 2024-10-17 19:30:00+00:00 (Exit: Signal, Profit: -133.19999999999908, Duration: 150.0 minutes)
2024-11-09 22:43:48,083 - Short Sell 367.00 shares at 54.34 on 2024-10-18 16:45:00+00:00
2024-11-09 22:43:48,083 - Buy to cover -367.00 shares at 53.67 on 2024-10-21 14:15:00+00:00 (Exit: Signal, Profit: 245.8900000000006, Duration: 4170.0 minutes)
2024-11-09 22:43:48,084 - Short Sell 371.00 shares at 53.81 on 2024-10-21 19:45:00+00:00
2024-11-09 22:43:48,084 - Buy to cover -371.00 shares at 53.34 on 2024-10-22 15:00:00+00:00 (Exit: Signal, Profit: 174.36999999999958, Duration: 1155.0 minutes)
2024-11-09 22:43:48,084 - Short Sell 375.00 shares at 53.28 on 2024-10-22 18:45:00+00:00
2024-11-09 22:43:48,084 - Buy to cover -375.00 shares at 54.6 on 2024-10-23 16:00:00+00:00 (Exit: Stop_loss, Profit: -495.0000000000001, Duration: 1275.0 minutes)
2024-11-09 22:43:48,084 - Long Buy 371.00 shares at 53.76 on 2024-10-23 16:30:00+00:00
2024-11-09 22:43:48,085 - Sell to close 371.00 shares at 53.39 on 2024-10-23 19:45:00+00:00 (Exit: Signal, Profit: -137.26999999999904, Duration: 195.0 minutes)
2024-11-09 22:43:48,085 - Short Sell 372.00 shares at 53.64 on 2024-10-24 13:30:00+00:00
2024-11-09 22:43:48,085 - Buy to cover -372.00 shares at 53.02 on 2024-10-24 14:00:00+00:00 (Exit: Signal, Profit: 230.6400000000017, Duration: 30.0 minutes)
2024-11-09 22:43:48,085 - Short Sell 373.00 shares at 53.52 on 2024-10-24 14:15:00+00:00
2024-11-09 22:43:48,085 - Buy to cover -373.00 shares at 53.12 on 2024-10-24 14:45:00+00:00 (Exit: Signal, Profit: 149.20000000000476, Duration: 30.0 minutes)
2024-11-09 22:43:48,085 - Long Buy 380.00 shares at 52.61 on 2024-10-24 15:15:00+00:00
2024-11-09 22:43:48,085 - Sell to close 380.00 shares at 52.8 on 2024-10-24 17:15:00+00:00 (Exit: Signal, Profit: 72.19999999999914, Duration: 120.0 minutes)
2024-11-09 22:43:48,085 - Long Buy 380.00 shares at 52.51 on 2024-10-24 18:15:00+00:00
2024-11-09 22:43:48,085 - Sell to close 380.00 shares at 53.36 on 2024-10-25 13:30:00+00:00 (Exit: Signal, Profit: 323.00000000000057, Duration: 1155.0 minutes)
2024-11-09 22:43:48,085 - Short Sell 372.00 shares at 53.65 on 2024-10-25 13:45:00+00:00
2024-11-09 22:43:48,086 - Buy to cover -372.00 shares at 53.3 on 2024-10-25 18:00:00+00:00 (Exit: Signal, Profit: 130.20000000000053, Duration: 255.0 minutes)
2024-11-09 22:43:48,086 - Short Sell 366.00 shares at 54.65 on 2024-10-28 13:30:00+00:00
2024-11-09 22:43:48,086 - Buy to cover -366.00 shares at 54.61 on 2024-10-28 15:15:00+00:00 (Exit: Signal, Profit: 14.639999999997087, Duration: 105.0 minutes)
2024-11-09 22:43:48,086 - Long Buy 365.00 shares at 54.76 on 2024-10-28 16:30:00+00:00
2024-11-09 22:43:48,086 - Sell to close 365.00 shares at 54.52 on 2024-10-28 19:00:00+00:00 (Exit: Signal, Profit: -87.59999999999553, Duration: 150.0 minutes)
2024-11-09 22:43:48,086 - Short Sell 364.00 shares at 54.82 on 2024-10-28 19:30:00+00:00
2024-11-09 22:43:48,086 - Buy to cover -364.00 shares at 56.64 on 2024-10-29 13:30:00+00:00 (Exit: Stop_loss, Profit: -662.4800000000001, Duration: 1080.0 minutes)
2024-11-09 22:43:48,087 - Long Buy 363.00 shares at 55.07 on 2024-10-29 16:15:00+00:00
2024-11-09 22:43:48,087 - Sell to close 363.00 shares at 53.81 on 2024-10-30 16:45:00+00:00 (Exit: Stop_loss, Profit: -457.37999999999926, Duration: 1470.0 minutes)
2024-11-09 22:43:48,087 - Short Sell 367.00 shares at 54.38 on 2024-10-30 18:00:00+00:00
2024-11-09 22:43:48,087 - Buy to cover -367.00 shares at 53.4 on 2024-10-31 13:30:00+00:00 (Exit: Signal, Profit: 359.65999999999883, Duration: 1170.0 minutes)
2024-11-09 22:43:48,087 - Long Buy 374.00 shares at 53.44 on 2024-10-31 14:30:00+00:00
2024-11-09 22:43:48,087 - Sell to close 374.00 shares at 53.79 on 2024-10-31 18:15:00+00:00 (Exit: Signal, Profit: 130.9000000000032, Duration: 225.0 minutes)
2024-11-09 22:43:48,087 - Short Sell 370.00 shares at 53.95 on 2024-10-31 18:45:00+00:00
2024-11-09 22:43:48,088 - Buy to cover -370.00 shares at 54.69 on 2024-11-01 19:15:00+00:00 (Exit: Signal, Profit: -273.79999999999814, Duration: 1470.0 minutes)
2024-11-09 22:43:48,088 - Short Sell 360.00 shares at 55.5 on 2024-11-04 15:15:00+00:00
2024-11-09 22:43:48,088 - Buy to cover -360.00 shares at 54.71 on 2024-11-04 16:00:00+00:00 (Exit: Signal, Profit: 284.3999999999997, Duration: 45.0 minutes)
2024-11-09 22:43:48,088 - Long Buy 372.00 shares at 53.71 on 2024-11-04 20:30:00+00:00
2024-11-09 22:43:48,088 - Sell to close 372.00 shares at 53.54 on 2024-11-05 15:30:00+00:00 (Exit: Signal, Profit: -63.23999999999799, Duration: 1140.0 minutes)
2024-11-09 22:43:48,089 - Short Sell 372.00 shares at 53.61 on 2024-11-05 16:00:00+00:00
2024-11-09 22:43:48,089 - Buy to cover -372.00 shares at 52.4 on 2024-11-05 17:00:00+00:00 (Exit: Signal, Profit: 450.1199999999977, Duration: 60.0 minutes)
2024-11-09 22:43:48,089 - Long Buy 379.00 shares at 52.76 on 2024-11-05 17:30:00+00:00
2024-11-09 22:43:48,089 - Sell to close 379.00 shares at 52.67 on 2024-11-05 18:30:00+00:00 (Exit: Signal, Profit: -34.11000000000129, Duration: 60.0 minutes)
2024-11-09 22:43:48,089 - Short Sell 379.00 shares at 52.66 on 2024-11-05 18:45:00+00:00
2024-11-09 22:43:48,089 - Buy to cover -379.00 shares at 50.46 on 2024-11-06 14:30:00+00:00 (Exit: Signal, Profit: 833.7999999999984, Duration: 1185.0 minutes)
2024-11-09 22:43:48,089 - Short Sell 386.00 shares at 51.82 on 2024-11-06 15:45:00+00:00
2024-11-09 22:43:48,089 - Buy to cover -386.00 shares at 51.73 on 2024-11-06 19:30:00+00:00 (Exit: Signal, Profit: 34.74000000000132, Duration: 225.0 minutes)
2024-11-09 22:43:48,089 - Short Sell 374.00 shares at 53.43 on 2024-11-07 14:30:00+00:00
2024-11-09 22:43:48,090 - Buy to cover -374.00 shares at 51.38 on 2024-11-07 17:30:00+00:00 (Exit: Signal, Profit: 766.6999999999989, Duration: 180.0 minutes)
