2024-11-07 18:46:39,241 - Starting GBMStrategy with initial capital: 1000000
2024-11-07 18:46:39,241 - Hyperparameters: {'threshold': 1, 'time_periods': 50, 'num_simulations': 150}
2024-11-07 20:03:32,147 - Buy 182.00 shares at 109.64 on 2023-08-03 17:30:00+00:00
2024-11-07 20:03:32,149 - Sell 182.00 shares at 108.05 on 2023-08-04 19:15:00+00:00 (Exit: Stop_loss, Profit: -289.3800000000006, Duration: 1545.0 minutes)
2024-11-07 20:03:32,149 - Buy 195.00 shares at 102.38 on 2023-08-07 14:15:00+00:00
2024-11-07 20:03:32,149 - Sell 195.00 shares at 98.8 on 2023-08-07 15:15:00+00:00 (Exit: Stop_loss, Profit: -698.0999999999997, Duration: 60.0 minutes)
2024-11-07 20:03:32,150 - Buy 206.00 shares at 96.73 on 2023-08-15 15:30:00+00:00
2024-11-07 20:03:32,151 - Sell 206.00 shares at 97.65 on 2023-08-16 16:15:00+00:00 (Exit: Signal, Profit: 189.52000000000035, Duration: 1485.0 minutes)
2024-11-07 20:03:32,152 - Buy 174.00 shares at 114.84 on 2023-08-23 14:00:00+00:00
2024-11-07 20:03:32,152 - Sell 174.00 shares at 112.65 on 2023-08-24 19:45:00+00:00 (Exit: Stop_loss, Profit: -381.0599999999996, Duration: 1785.0 minutes)
2024-11-07 20:03:32,153 - Buy 177.00 shares at 112.3 on 2023-08-25 13:30:00+00:00
2024-11-07 20:03:32,153 - Buy 176.00 shares at 111.17 on 2023-08-25 14:30:00+00:00
2024-11-07 20:03:32,153 - Buy 174.00 shares at 110.18 on 2023-08-25 15:45:00+00:00
2024-11-07 20:03:32,153 - Sell 527.00 shares at 116.4 on 2023-08-28 13:45:00+00:00 (Exit: Signal, Profit: 2728.4599999999973, Duration: 4200.0 minutes)
2024-11-07 20:03:32,154 - Buy 174.00 shares at 114.83 on 2023-08-31 13:45:00+00:00
2024-11-07 20:03:32,154 - Buy 172.00 shares at 113.7 on 2023-08-31 16:30:00+00:00
2024-11-07 20:03:32,154 - Buy 171.00 shares at 112.36 on 2023-09-01 18:30:00+00:00
2024-11-07 20:03:32,154 - Sell 517.00 shares at 109.15 on 2023-09-05 19:00:00+00:00 (Exit: Stop_loss, Profit: -2319.8300000000036, Duration: 5790.0 minutes)
2024-11-07 20:03:32,154 - Buy 185.00 shares at 107.76 on 2023-09-06 13:30:00+00:00
2024-11-07 20:03:32,155 - Sell 185.00 shares at 107.35 on 2023-09-06 18:00:00+00:00 (Exit: Signal, Profit: -75.850000000002, Duration: 270.0 minutes)
2024-11-07 20:03:32,155 - Buy 189.00 shares at 105.25 on 2023-09-11 13:45:00+00:00
2024-11-07 20:03:32,156 - Sell 189.00 shares at 104.88 on 2023-09-12 17:00:00+00:00 (Exit: Signal, Profit: -69.93000000000086, Duration: 1635.0 minutes)
2024-11-07 20:03:32,157 - Buy 187.00 shares at 106.73 on 2023-09-18 14:00:00+00:00
2024-11-07 20:03:32,157 - Sell 187.00 shares at 105.74 on 2023-09-18 16:00:00+00:00 (Exit: Signal, Profit: -185.1300000000017, Duration: 120.0 minutes)
2024-11-07 20:03:32,157 - Buy 190.00 shares at 104.95 on 2023-09-20 15:30:00+00:00
2024-11-07 20:03:32,157 - Buy 192.00 shares at 101.6 on 2023-09-21 13:45:00+00:00
2024-11-07 20:03:32,157 - Buy 188.00 shares at 101.83 on 2023-09-21 14:30:00+00:00
2024-11-07 20:03:32,158 - Buy 185.00 shares at 101.14 on 2023-09-21 15:45:00+00:00
2024-11-07 20:03:32,158 - Buy 183.00 shares at 100.63 on 2023-09-21 18:15:00+00:00
2024-11-07 20:03:32,158 - Buy 182.00 shares at 98.93 on 2023-09-22 13:45:00+00:00
2024-11-07 20:03:32,158 - Sell 1120.00 shares at 97.45 on 2023-09-25 17:15:00+00:00 (Exit: Stop_loss, Profit: -4579.189999999994, Duration: 4530.0 minutes)
2024-11-07 20:03:32,159 - Buy 193.00 shares at 102.68 on 2023-10-02 13:30:00+00:00
2024-11-07 20:03:32,160 - Sell 193.00 shares at 102.73 on 2023-10-03 19:30:00+00:00 (Exit: Signal, Profit: 9.649999999999451, Duration: 1800.0 minutes)
2024-11-07 20:03:32,160 - Buy 198.00 shares at 100.2 on 2023-10-04 13:30:00+00:00
2024-11-07 20:03:32,160 - Sell 198.00 shares at 101.11 on 2023-10-05 14:00:00+00:00 (Exit: Stop_loss, Profit: 180.1799999999965, Duration: 1470.0 minutes)
2024-11-07 20:03:32,160 - Buy 193.00 shares at 102.81 on 2023-10-05 19:00:00+00:00
2024-11-07 20:03:32,161 - Sell 193.00 shares at 101.36 on 2023-10-09 13:30:00+00:00 (Exit: Stop_loss, Profit: -279.85000000000053, Duration: 5430.0 minutes)
2024-11-07 20:03:32,161 - Buy 200.00 shares at 99.36 on 2023-10-09 14:00:00+00:00
2024-11-07 20:03:32,161 - Buy 196.00 shares at 98.93 on 2023-10-09 14:30:00+00:00
2024-11-07 20:03:32,161 - Buy 187.00 shares at 101.95 on 2023-10-09 18:30:00+00:00
2024-11-07 20:03:32,161 - Sell 583.00 shares at 104.53 on 2023-10-10 14:30:00+00:00 (Exit: Signal, Profit: 2614.0600000000036, Duration: 1200.0 minutes)
2024-11-07 20:03:32,162 - Buy 194.00 shares at 102.75 on 2023-10-11 18:00:00+00:00
2024-11-07 20:03:32,162 - Buy 193.00 shares at 101.12 on 2023-10-12 13:30:00+00:00
2024-11-07 20:03:32,162 - Buy 190.00 shares at 100.67 on 2023-10-12 14:30:00+00:00
2024-11-07 20:03:32,162 - Buy 189.00 shares at 99.25 on 2023-10-13 13:30:00+00:00
2024-11-07 20:03:32,162 - Buy 185.00 shares at 98.91 on 2023-10-13 14:45:00+00:00
2024-11-07 20:03:32,162 - Buy 182.00 shares at 98.69 on 2023-10-13 16:00:00+00:00
2024-11-07 20:03:32,162 - Sell 1133.00 shares at 98.54 on 2023-10-13 17:30:00+00:00 (Exit: Signal, Profit: -1949.3199999999865, Duration: 90.0 minutes)
2024-11-07 20:03:32,162 - Buy 210.00 shares at 94.37 on 2023-10-16 13:30:00+00:00
2024-11-07 20:03:32,162 - Sell 210.00 shares at 90.67 on 2023-10-16 13:45:00+00:00 (Exit: Stop_loss, Profit: -777.0000000000006, Duration: 15.0 minutes)
2024-11-07 20:03:32,163 - Buy 238.00 shares at 83.22 on 2023-10-19 14:30:00+00:00
2024-11-07 20:03:32,163 - Buy 239.00 shares at 81.4 on 2023-10-19 17:30:00+00:00
2024-11-07 20:03:32,164 - Buy 237.00 shares at 80.36 on 2023-10-20 14:30:00+00:00
2024-11-07 20:03:32,164 - Buy 233.00 shares at 80.21 on 2023-10-23 16:00:00+00:00
2024-11-07 20:03:32,164 - Buy 233.00 shares at 78.54 on 2023-10-23 17:45:00+00:00
2024-11-07 20:03:32,165 - Sell 1180.00 shares at 77.75 on 2023-10-25 13:30:00+00:00 (Exit: Stop_loss, Profit: -3550.0299999999975, Duration: 2625.0 minutes)
2024-11-07 20:03:32,165 - Buy 257.00 shares at 76.8 on 2023-10-25 15:30:00+00:00
2024-11-07 20:03:32,165 - Sell 257.00 shares at 74.15 on 2023-10-27 13:30:00+00:00 (Exit: Stop_loss, Profit: -681.0499999999978, Duration: 2760.0 minutes)
2024-11-07 20:03:32,166 - Buy 267.00 shares at 74.13 on 2023-10-31 14:30:00+00:00
2024-11-07 20:03:32,166 - Sell 267.00 shares at 75.73 on 2023-10-31 18:00:00+00:00 (Exit: Signal, Profit: 427.20000000000226, Duration: 210.0 minutes)
2024-11-07 20:03:32,166 - Buy 282.00 shares at 70.06 on 2023-11-02 14:00:00+00:00
2024-11-07 20:03:32,166 - Sell 282.00 shares at 75.33 on 2023-11-03 13:30:00+00:00 (Exit: Signal, Profit: 1486.139999999999, Duration: 1410.0 minutes)
2024-11-07 20:03:32,167 - Buy 261.00 shares at 75.85 on 2023-11-06 14:30:00+00:00
2024-11-07 20:03:32,167 - Sell 261.00 shares at 73.37 on 2023-11-06 15:30:00+00:00 (Exit: Stop_loss, Profit: -647.2799999999974, Duration: 60.0 minutes)
2024-11-07 20:03:32,168 - Buy 271.00 shares at 73.09 on 2023-11-07 19:30:00+00:00
2024-11-07 20:03:32,168 - Sell 271.00 shares at 73.57 on 2023-11-07 20:30:00+00:00 (Exit: Signal, Profit: 130.07999999999723, Duration: 60.0 minutes)
2024-11-07 20:03:32,168 - Buy 275.00 shares at 71.95 on 2023-11-08 15:15:00+00:00
2024-11-07 20:03:32,168 - Buy 279.00 shares at 69.55 on 2023-11-09 15:45:00+00:00
2024-11-07 20:03:32,169 - Buy 275.00 shares at 69.23 on 2023-11-09 20:00:00+00:00
2024-11-07 20:03:32,169 - Buy 273.00 shares at 68.16 on 2023-11-10 15:00:00+00:00
2024-11-07 20:03:32,169 - Buy 269.00 shares at 67.96 on 2023-11-10 15:45:00+00:00
2024-11-07 20:03:32,169 - Sell 1371.00 shares at 68.03 on 2023-11-13 15:15:00+00:00 (Exit: Stop_loss, Profit: -1848.7400000000014, Duration: 4290.0 minutes)
2024-11-07 20:03:32,170 - Buy 256.00 shares at 77.14 on 2023-11-15 19:00:00+00:00
2024-11-07 20:03:32,170 - Buy 257.00 shares at 75.39 on 2023-11-16 14:30:00+00:00
2024-11-07 20:03:32,170 - Buy 253.00 shares at 74.97 on 2023-11-16 15:30:00+00:00
2024-11-07 20:03:32,170 - Sell 766.00 shares at 76.48 on 2023-11-17 18:30:00+00:00 (Exit: Signal, Profit: 493.2000000000122, Duration: 1620.0 minutes)
2024-11-07 20:03:32,171 - Buy 258.00 shares at 76.7 on 2023-11-21 18:00:00+00:00
2024-11-07 20:03:32,171 - Sell 258.00 shares at 80.74 on 2023-11-24 15:00:00+00:00 (Exit: Signal, Profit: 1042.319999999998, Duration: 4140.0 minutes)
2024-11-07 20:03:32,171 - Buy 251.00 shares at 78.81 on 2023-11-24 17:30:00+00:00
2024-11-07 20:03:32,172 - Sell 251.00 shares at 76.08 on 2023-11-27 14:30:00+00:00 (Exit: Stop_loss, Profit: -685.230000000001, Duration: 4140.0 minutes)
2024-11-07 20:03:32,172 - Buy 260.00 shares at 76.06 on 2023-11-28 14:30:00+00:00
2024-11-07 20:03:32,172 - Sell 260.00 shares at 77.81 on 2023-11-28 20:00:00+00:00 (Exit: Signal, Profit: 455.0, Duration: 330.0 minutes)
2024-11-07 20:03:32,173 - Buy 264.00 shares at 75.0 on 2023-12-01 14:30:00+00:00
2024-11-07 20:03:32,173 - Sell 264.00 shares at 79.19 on 2023-12-01 16:15:00+00:00 (Exit: Profit_take, Profit: 1106.1599999999994, Duration: 105.0 minutes)
2024-11-07 20:03:32,173 - Buy 249.00 shares at 79.43 on 2023-12-04 19:15:00+00:00
2024-11-07 20:03:32,173 - Buy 248.00 shares at 78.16 on 2023-12-05 14:45:00+00:00
2024-11-07 20:03:32,174 - Sell 497.00 shares at 83.53 on 2023-12-06 16:00:00+00:00 (Exit: Signal, Profit: 2352.660000000002, Duration: 1515.0 minutes)
2024-11-07 20:03:32,174 - Buy 243.00 shares at 81.82 on 2023-12-06 18:30:00+00:00
2024-11-07 20:03:32,174 - Buy 248.00 shares at 78.27 on 2023-12-07 14:30:00+00:00
2024-11-07 20:03:32,174 - Sell 491.00 shares at 80.7 on 2023-12-08 18:00:00+00:00 (Exit: Signal, Profit: 330.48000000000116, Duration: 1650.0 minutes)
2024-11-07 20:03:32,175 - Buy 268.00 shares at 74.07 on 2023-12-13 14:30:00+00:00
2024-11-07 20:03:32,175 - Sell 268.00 shares at 78.29 on 2023-12-13 20:30:00+00:00 (Exit: Profit_take, Profit: 1130.9600000000034, Duration: 360.0 minutes)
2024-11-07 20:03:32,175 - Buy 223.00 shares at 89.07 on 2023-12-14 17:00:00+00:00
2024-11-07 20:03:32,176 - Sell 223.00 shares at 85.78 on 2023-12-14 18:15:00+00:00 (Exit: Stop_loss, Profit: -733.6699999999983, Duration: 75.0 minutes)
2024-11-07 20:03:32,176 - Buy 230.00 shares at 86.36 on 2023-12-15 15:15:00+00:00
2024-11-07 20:03:32,176 - Buy 232.00 shares at 83.91 on 2023-12-18 15:15:00+00:00
2024-11-07 20:03:32,176 - Sell 462.00 shares at 85.3 on 2023-12-18 17:30:00+00:00 (Exit: Signal, Profit: 78.68000000000066, Duration: 135.0 minutes)
2024-11-07 20:03:32,177 - Buy 223.00 shares at 89.17 on 2023-12-20 16:00:00+00:00
2024-11-07 20:03:32,177 - Sell 223.00 shares at 87.0 on 2023-12-20 20:00:00+00:00 (Exit: Stop_loss, Profit: -483.91000000000037, Duration: 240.0 minutes)
2024-11-07 20:03:32,178 - Buy 182.00 shares at 108.99 on 2024-01-03 14:30:00+00:00
2024-11-07 20:03:32,179 - Sell 182.00 shares at 108.48 on 2024-01-03 20:30:00+00:00 (Exit: Stop_loss, Profit: -92.81999999999834, Duration: 360.0 minutes)
2024-11-07 20:03:32,179 - Buy 185.00 shares at 107.0 on 2024-01-04 15:00:00+00:00
2024-11-07 20:03:32,179 - Sell 185.00 shares at 108.72 on 2024-01-04 20:00:00+00:00 (Exit: Signal, Profit: 318.1999999999998, Duration: 300.0 minutes)
2024-11-07 20:03:32,179 - Buy 177.00 shares at 112.12 on 2024-01-09 14:30:00+00:00
2024-11-07 20:03:32,180 - Sell 177.00 shares at 109.2 on 2024-01-09 19:15:00+00:00 (Exit: Stop_loss, Profit: -516.8400000000003, Duration: 285.0 minutes)
