2024-11-08 09:05:43,761 - Starting GBMStrategy with initial capital: 1000000
2024-11-08 09:05:43,761 - Hyperparameters: {'threshold': 1, 'time_periods': 30, 'num_simulations': 150}
2024-11-08 09:14:32,904 - Buy 141.00 shares at 141.64 on 2024-05-31 16:30:00+00:00
2024-11-08 09:14:32,905 - Sell 141.00 shares at 149.95 on 2024-06-03 13:45:00+00:00 (Exit: Signal, Profit: 1171.7100000000003, Duration: 4155.0 minutes)
2024-11-08 09:14:32,907 - Buy 132.00 shares at 151.06 on 2024-06-07 14:00:00+00:00
2024-11-08 09:14:32,907 - Buy 134.00 shares at 145.8 on 2024-06-10 13:30:00+00:00
2024-11-08 09:14:32,908 - Buy 131.00 shares at 146.35 on 2024-06-10 15:00:00+00:00
2024-11-08 09:14:32,908 - Buy 126.00 shares at 148.77 on 2024-06-11 16:00:00+00:00
2024-11-08 09:14:32,908 - Buy 128.00 shares at 143.28 on 2024-06-12 13:45:00+00:00
2024-11-08 09:14:32,909 - Buy 122.00 shares at 147.75 on 2024-06-12 17:00:00+00:00
2024-11-08 09:14:32,909 - Buy 121.00 shares at 145.75 on 2024-06-13 18:00:00+00:00
2024-11-08 09:14:32,910 - Buy 122.00 shares at 142.14 on 2024-06-14 13:30:00+00:00
2024-11-08 09:14:32,910 - Sell 1016.00 shares at 139.68 on 2024-06-14 19:00:00+00:00 (Exit: Signal, Profit: -6821.280000000011, Duration: 330.0 minutes)
2024-11-08 09:14:32,910 - Buy 145.00 shares at 136.4 on 2024-06-17 13:45:00+00:00
2024-11-08 09:14:32,911 - Buy 144.00 shares at 134.85 on 2024-06-18 13:30:00+00:00
2024-11-08 09:14:32,911 - Buy 143.00 shares at 133.58 on 2024-06-18 16:30:00+00:00
2024-11-08 09:14:32,911 - Buy 139.00 shares at 134.18 on 2024-06-20 14:30:00+00:00
2024-11-08 09:14:32,912 - Sell 571.00 shares at 136.11 on 2024-06-20 15:00:00+00:00 (Exit: Signal, Profit: 769.4500000000164, Duration: 30.0 minutes)
2024-11-08 09:14:32,912 - Buy 145.00 shares at 136.43 on 2024-06-24 16:30:00+00:00
2024-11-08 09:14:32,913 - Buy 143.00 shares at 136.38 on 2024-06-25 17:30:00+00:00
2024-11-08 09:14:32,913 - Buy 147.00 shares at 129.23 on 2024-06-26 13:30:00+00:00
2024-11-08 09:14:32,914 - Sell 435.00 shares at 123.89 on 2024-06-26 17:30:00+00:00 (Exit: Stop_loss, Profit: -4389.350000000002, Duration: 240.0 minutes)
2024-11-08 09:14:32,914 - Buy 161.00 shares at 122.45 on 2024-06-26 19:45:00+00:00
2024-11-08 09:14:32,915 - Sell 161.00 shares at 121.78 on 2024-06-27 19:30:00+00:00 (Exit: Signal, Profit: -107.87000000000027, Duration: 1425.0 minutes)
2024-11-08 09:14:32,915 - Buy 166.00 shares at 119.28 on 2024-07-01 14:00:00+00:00
2024-11-08 09:14:32,916 - Sell 166.00 shares at 116.38 on 2024-07-02 15:15:00+00:00 (Exit: Signal, Profit: -481.40000000000094, Duration: 1515.0 minutes)
2024-11-08 09:14:32,917 - Buy 167.00 shares at 118.0 on 2024-07-08 13:30:00+00:00
2024-11-08 09:14:32,917 - Sell 167.00 shares at 115.98 on 2024-07-09 14:30:00+00:00 (Exit: Signal, Profit: -337.33999999999935, Duration: 1500.0 minutes)
2024-11-08 09:14:32,919 - Buy 161.00 shares at 122.69 on 2024-07-12 17:30:00+00:00
2024-11-08 09:14:32,919 - Buy 162.00 shares at 119.31 on 2024-07-15 13:30:00+00:00
2024-11-08 09:14:32,919 - Buy 159.00 shares at 119.17 on 2024-07-15 14:30:00+00:00
2024-11-08 09:14:32,919 - Sell 482.00 shares at 121.13 on 2024-07-15 18:30:00+00:00 (Exit: Signal, Profit: 355.31999999999994, Duration: 240.0 minutes)
2024-11-08 09:14:32,920 - Buy 158.00 shares at 125.06 on 2024-07-16 19:30:00+00:00
2024-11-08 09:14:32,920 - Buy 156.00 shares at 124.28 on 2024-07-17 13:30:00+00:00
2024-11-08 09:14:32,920 - Buy 154.00 shares at 123.23 on 2024-07-17 14:15:00+00:00
2024-11-08 09:14:32,921 - Sell 468.00 shares at 125.03 on 2024-07-18 14:00:00+00:00 (Exit: Signal, Profit: 389.4600000000003, Duration: 1425.0 minutes)
2024-11-08 09:14:32,921 - Buy 161.00 shares at 122.65 on 2024-07-18 15:45:00+00:00
2024-11-08 09:14:32,921 - Buy 159.00 shares at 121.65 on 2024-07-18 18:00:00+00:00
2024-11-08 09:14:32,921 - Buy 159.00 shares at 119.5 on 2024-07-19 13:30:00+00:00
2024-11-08 09:14:32,922 - Sell 479.00 shares at 121.17 on 2024-07-22 16:00:00+00:00 (Exit: Signal, Profit: -49.07000000000218, Duration: 4470.0 minutes)
2024-11-08 09:14:32,922 - Buy 167.00 shares at 118.2 on 2024-07-24 13:30:00+00:00
2024-11-08 09:14:32,923 - Buy 163.00 shares at 118.98 on 2024-07-24 18:00:00+00:00
2024-11-08 09:14:32,923 - Sell 330.00 shares at 121.82 on 2024-07-25 14:15:00+00:00 (Exit: Signal, Profit: 1067.459999999999, Duration: 1215.0 minutes)
2024-11-08 09:14:32,924 - Buy 162.00 shares at 121.91 on 2024-07-29 13:30:00+00:00
2024-11-08 09:14:32,924 - Buy 161.00 shares at 119.99 on 2024-07-29 15:15:00+00:00
2024-11-08 09:14:32,924 - Buy 156.00 shares at 121.68 on 2024-07-30 14:30:00+00:00
2024-11-08 09:14:32,925 - Buy 155.00 shares at 120.12 on 2024-07-30 15:30:00+00:00
2024-11-08 09:14:32,925 - Buy 153.00 shares at 119.38 on 2024-07-30 16:45:00+00:00
2024-11-08 09:14:32,926 - Sell 787.00 shares at 121.51 on 2024-07-31 15:30:00+00:00 (Exit: Signal, Profit: 694.7399999999943, Duration: 1365.0 minutes)
2024-11-08 09:14:32,927 - Buy 202.00 shares at 98.07 on 2024-08-01 13:30:00+00:00
2024-11-08 09:14:32,927 - Sell 202.00 shares at 96.9 on 2024-08-01 14:45:00+00:00 (Exit: Stop_loss, Profit: -236.33999999999747, Duration: 75.0 minutes)
2024-11-08 09:14:32,927 - Buy 221.00 shares at 89.57 on 2024-08-02 13:30:00+00:00
2024-11-08 09:14:32,928 - Buy 227.00 shares at 85.42 on 2024-08-02 18:30:00+00:00
2024-11-08 09:14:32,928 - Buy 228.00 shares at 83.27 on 2024-08-05 13:30:00+00:00
2024-11-08 09:14:32,928 - Buy 225.00 shares at 82.75 on 2024-08-05 18:30:00+00:00
2024-11-08 09:14:32,929 - Sell 901.00 shares at 83.36 on 2024-08-06 19:30:00+00:00 (Exit: Signal, Profit: -1682.260000000002, Duration: 1500.0 minutes)
2024-11-08 09:14:32,929 - Buy 237.00 shares at 83.56 on 2024-08-08 14:00:00+00:00
2024-11-08 09:14:32,930 - Sell 237.00 shares at 84.48 on 2024-08-08 14:45:00+00:00 (Exit: Signal, Profit: 218.04000000000042, Duration: 45.0 minutes)
2024-11-08 09:14:32,930 - Buy 241.00 shares at 82.02 on 2024-08-12 16:00:00+00:00
2024-11-08 09:14:32,931 - Buy 236.00 shares at 82.19 on 2024-08-13 17:00:00+00:00
2024-11-08 09:14:32,932 - Sell 477.00 shares at 82.41 on 2024-08-14 18:00:00+00:00 (Exit: Signal, Profit: 145.9099999999945, Duration: 1500.0 minutes)
2024-11-08 09:14:32,932 - Buy 228.00 shares at 86.64 on 2024-08-15 19:00:00+00:00
2024-11-08 09:14:32,933 - Sell 228.00 shares at 87.67 on 2024-08-19 13:30:00+00:00 (Exit: Signal, Profit: 234.83999999999702, Duration: 5430.0 minutes)
2024-11-08 09:14:32,933 - Buy 225.00 shares at 87.88 on 2024-08-20 14:30:00+00:00
2024-11-08 09:14:32,934 - Buy 224.00 shares at 86.54 on 2024-08-21 15:30:00+00:00
2024-11-08 09:14:32,934 - Sell 449.00 shares at 82.98 on 2024-08-22 16:00:00+00:00 (Exit: Stop_loss, Profit: -1899.9400000000076, Duration: 1470.0 minutes)
2024-11-08 09:14:32,934 - Buy 238.00 shares at 82.81 on 2024-08-22 16:30:00+00:00
2024-11-08 09:14:32,935 - Sell 238.00 shares at 82.17 on 2024-08-23 17:30:00+00:00 (Exit: Signal, Profit: -152.31999999999675, Duration: 1500.0 minutes)
2024-11-08 09:14:32,936 - Buy 252.00 shares at 78.41 on 2024-08-27 19:30:00+00:00
2024-11-08 09:14:32,936 - Sell 252.00 shares at 79.83 on 2024-08-28 13:30:00+00:00 (Exit: Signal, Profit: 357.84000000000043, Duration: 1080.0 minutes)
2024-11-08 09:14:32,937 - Buy 263.00 shares at 75.12 on 2024-09-03 16:00:00+00:00
2024-11-08 09:14:32,938 - Buy 268.00 shares at 72.34 on 2024-09-04 13:30:00+00:00
2024-11-08 09:14:32,938 - Buy 259.00 shares at 73.21 on 2024-09-04 17:00:00+00:00
2024-11-08 09:14:32,938 - Buy 255.00 shares at 72.94 on 2024-09-05 18:00:00+00:00
2024-11-08 09:14:32,939 - Sell 1045.00 shares at 72.45 on 2024-09-06 19:00:00+00:00 (Exit: Signal, Profit: -994.5199999999971, Duration: 1500.0 minutes)
2024-11-08 09:14:32,940 - Buy 295.00 shares at 66.84 on 2024-09-12 13:30:00+00:00
2024-11-08 09:14:32,940 - Sell 295.00 shares at 66.79 on 2024-09-12 15:30:00+00:00 (Exit: Signal, Profit: -14.749999999999162, Duration: 120.0 minutes)
2024-11-08 09:14:32,941 - Buy 294.00 shares at 67.2 on 2024-09-13 16:30:00+00:00
2024-11-08 09:14:32,941 - Sell 294.00 shares at 70.21 on 2024-09-16 14:30:00+00:00 (Exit: Signal, Profit: 884.9399999999973, Duration: 4200.0 minutes)
2024-11-08 09:14:32,942 - Buy 274.00 shares at 72.0 on 2024-09-17 18:30:00+00:00
2024-11-08 09:14:32,942 - Buy 275.00 shares at 70.35 on 2024-09-18 19:30:00+00:00
2024-11-08 09:14:32,943 - Sell 549.00 shares at 67.08 on 2024-09-20 13:30:00+00:00 (Exit: Stop_loss, Profit: -2247.329999999998, Duration: 2520.0 minutes)
2024-11-08 09:14:32,943 - Buy 297.00 shares at 66.45 on 2024-09-20 13:45:00+00:00
2024-11-08 09:14:32,943 - Buy 296.00 shares at 65.33 on 2024-09-20 14:45:00+00:00
2024-11-08 09:14:32,943 - Buy 292.00 shares at 64.87 on 2024-09-20 15:45:00+00:00
2024-11-08 09:14:32,944 - Buy 286.00 shares at 64.94 on 2024-09-23 15:00:00+00:00
2024-11-08 09:14:32,944 - Buy 282.00 shares at 64.35 on 2024-09-24 16:00:00+00:00
2024-11-08 09:14:32,945 - Sell 1453.00 shares at 64.36 on 2024-09-25 17:00:00+00:00 (Exit: Signal, Profit: -1219.830000000003, Duration: 1500.0 minutes)
2024-11-08 09:14:32,946 - Buy 299.00 shares at 65.83 on 2024-10-01 13:30:00+00:00
2024-11-08 09:14:32,947 - Buy 300.00 shares at 64.31 on 2024-10-01 16:30:00+00:00
2024-11-08 09:14:32,947 - Buy 296.00 shares at 63.86 on 2024-10-01 17:00:00+00:00
2024-11-08 09:14:32,947 - Buy 295.00 shares at 62.8 on 2024-10-02 13:30:00+00:00
2024-11-08 09:14:32,947 - Sell 1190.00 shares at 63.58 on 2024-10-02 14:30:00+00:00 (Exit: Signal, Profit: -744.5300000000079, Duration: 60.0 minutes)
2024-11-08 09:14:32,949 - Buy 340.00 shares at 57.79 on 2024-10-10 13:30:00+00:00
2024-11-08 09:14:32,950 - Sell 340.00 shares at 57.52 on 2024-10-11 14:00:00+00:00 (Exit: Signal, Profit: -91.79999999999865, Duration: 1470.0 minutes)
2024-11-08 09:14:32,950 - Buy 337.00 shares at 58.35 on 2024-10-14 15:00:00+00:00
2024-11-08 09:14:32,951 - Sell 337.00 shares at 58.06 on 2024-10-15 16:00:00+00:00 (Exit: Signal, Profit: -97.7299999999997, Duration: 1500.0 minutes)
2024-11-08 09:14:32,952 - Buy 356.00 shares at 55.2 on 2024-10-17 18:00:00+00:00
2024-11-08 09:14:32,952 - Buy 357.00 shares at 53.98 on 2024-10-18 19:00:00+00:00
2024-11-08 09:14:32,953 - Buy 354.00 shares at 53.43 on 2024-10-22 13:30:00+00:00
2024-11-08 09:14:32,953 - Sell 1067.00 shares at 53.0 on 2024-10-23 14:30:00+00:00 (Exit: Signal, Profit: -1285.2799999999997, Duration: 1500.0 minutes)
2024-11-08 09:14:32,954 - Buy 365.00 shares at 53.82 on 2024-10-25 16:30:00+00:00
2024-11-08 09:14:32,955 - Buy 353.00 shares at 54.54 on 2024-10-28 17:30:00+00:00
2024-11-08 09:14:32,955 - Sell 718.00 shares at 56.64 on 2024-10-29 13:30:00+00:00 (Exit: Signal, Profit: 1770.600000000002, Duration: 1200.0 minutes)
2024-11-08 09:14:32,956 - Buy 365.00 shares at 53.91 on 2024-10-30 13:30:00+00:00
2024-11-08 09:14:32,956 - Buy 354.00 shares at 54.53 on 2024-10-30 19:30:00+00:00
2024-11-08 09:14:32,956 - Buy 354.00 shares at 53.4 on 2024-10-31 13:30:00+00:00
2024-11-08 09:14:32,956 - Buy 348.00 shares at 53.23 on 2024-10-31 14:45:00+00:00
2024-11-08 09:14:32,957 - Sell 1421.00 shares at 54.79 on 2024-11-01 14:00:00+00:00 (Exit: Signal, Profit: 1448.1800000000137, Duration: 1395.0 minutes)
2024-11-08 09:14:32,957 - Buy 360.00 shares at 54.71 on 2024-11-04 16:00:00+00:00
2024-11-08 09:14:32,958 - Buy 363.00 shares at 53.16 on 2024-11-05 14:30:00+00:00
2024-11-08 09:14:32,958 - Buy 361.00 shares at 52.4 on 2024-11-05 17:00:00+00:00
2024-11-08 09:14:32,958 - Buy 368.00 shares at 50.46 on 2024-11-06 14:30:00+00:00
2024-11-08 09:14:32,959 - Buy 353.00 shares at 51.52 on 2024-11-06 16:00:00+00:00
2024-11-08 09:14:35,044 - Holding 1805.0 shares as an open position at the end with unrealized return: -0.006596107618323512, Duration: 105.0 minutes
