2024-11-07 13:01:24,891 - Starting GBMStrategy with initial capital: 1000000
2024-11-07 13:01:24,892 - Hyperparameters: {'threshold': 0.5, 'time_periods': 30, 'num_simulations': 150}
2024-11-07 13:09:18,542 - Buy 144.00 shares at 138.4 on 2023-03-10 18:15:00+00:00
2024-11-07 13:09:18,545 - Sell 144.00 shares at 142.67 on 2023-03-13 13:30:00+00:00 (Exit: Signal, Profit: 614.8799999999974, Duration: 4035.0 minutes)
2024-11-07 13:09:18,545 - Buy 135.00 shares at 148.19 on 2023-03-13 18:00:00+00:00
2024-11-07 13:09:18,546 - Sell 135.00 shares at 151.46 on 2023-03-14 13:45:00+00:00 (Exit: Signal, Profit: 441.4500000000014, Duration: 1185.0 minutes)
2024-11-07 13:09:18,546 - Buy 133.00 shares at 150.39 on 2023-03-14 19:00:00+00:00
2024-11-07 13:09:18,546 - Buy 130.00 shares at 149.86 on 2023-03-15 13:45:00+00:00
2024-11-07 13:09:18,547 - Sell 263.00 shares at 150.39 on 2023-03-16 13:30:00+00:00 (Exit: Signal, Profit: 68.89999999999864, Duration: 1425.0 minutes)
2024-11-07 13:09:18,547 - Buy 134.00 shares at 148.69 on 2023-03-16 14:00:00+00:00
2024-11-07 13:09:18,547 - Buy 131.00 shares at 149.11 on 2023-03-17 14:15:00+00:00
2024-11-07 13:09:18,547 - Sell 265.00 shares at 150.78 on 2023-03-17 14:30:00+00:00 (Exit: Signal, Profit: 498.82999999999413, Duration: 15.0 minutes)
2024-11-07 13:09:18,548 - Buy 129.00 shares at 154.78 on 2023-03-20 15:30:00+00:00
2024-11-07 13:09:18,548 - Buy 126.00 shares at 154.61 on 2023-03-21 13:45:00+00:00
2024-11-07 13:09:18,549 - Sell 255.00 shares at 153.26 on 2023-03-21 16:30:00+00:00 (Exit: Signal, Profit: -366.18000000000177, Duration: 165.0 minutes)
2024-11-07 13:09:18,549 - Buy 131.00 shares at 152.79 on 2023-03-21 18:15:00+00:00
2024-11-07 13:09:18,549 - Sell 131.00 shares at 150.86 on 2023-03-22 17:30:00+00:00 (Exit: Signal, Profit: -252.82999999999717, Duration: 1395.0 minutes)
2024-11-07 13:09:18,550 - Buy 133.00 shares at 149.89 on 2023-03-22 19:30:00+00:00
2024-11-07 13:09:18,550 - Sell 133.00 shares at 153.09 on 2023-03-23 13:30:00+00:00 (Exit: Signal, Profit: 425.6000000000023, Duration: 1080.0 minutes)
2024-11-07 13:09:18,550 - Buy 133.00 shares at 149.5 on 2023-03-23 15:45:00+00:00
2024-11-07 13:09:18,550 - Sell 133.00 shares at 149.86 on 2023-03-24 13:30:00+00:00 (Exit: Signal, Profit: 47.880000000001814, Duration: 1305.0 minutes)
2024-11-07 13:09:18,551 - Buy 132.00 shares at 151.05 on 2023-03-24 19:30:00+00:00
2024-11-07 13:09:18,551 - Sell 132.00 shares at 145.92 on 2023-03-27 14:00:00+00:00 (Exit: Stop_loss, Profit: -677.1600000000032, Duration: 3990.0 minutes)
2024-11-07 13:09:18,552 - Buy 136.00 shares at 146.74 on 2023-03-28 17:30:00+00:00
2024-11-07 13:09:18,552 - Buy 133.00 shares at 146.55 on 2023-03-28 19:30:00+00:00
2024-11-07 13:09:18,552 - Sell 269.00 shares at 148.21 on 2023-03-29 15:00:00+00:00 (Exit: Signal, Profit: 420.6999999999997, Duration: 1170.0 minutes)
2024-11-07 13:09:18,553 - Buy 133.00 shares at 149.58 on 2023-03-30 16:00:00+00:00
2024-11-07 13:09:18,553 - Buy 131.00 shares at 149.19 on 2023-03-30 16:30:00+00:00
2024-11-07 13:09:18,553 - Buy 129.00 shares at 148.49 on 2023-03-30 17:30:00+00:00
2024-11-07 13:09:18,553 - Sell 393.00 shares at 152.87 on 2023-03-31 13:30:00+00:00 (Exit: Signal, Profit: 1484.6699999999994, Duration: 1200.0 minutes)
2024-11-07 13:09:18,553 - Buy 131.00 shares at 152.14 on 2023-03-31 17:00:00+00:00
2024-11-07 13:09:18,554 - Sell 131.00 shares at 153.44 on 2023-03-31 19:00:00+00:00 (Exit: Signal, Profit: 170.3000000000015, Duration: 120.0 minutes)
2024-11-07 13:09:18,554 - Buy 128.00 shares at 156.54 on 2023-04-04 19:45:00+00:00
2024-11-07 13:09:18,555 - Sell 128.00 shares at 155.65 on 2023-04-06 14:00:00+00:00 (Exit: Signal, Profit: -113.91999999999825, Duration: 2535.0 minutes)
2024-11-07 13:09:18,556 - Buy 128.00 shares at 156.09 on 2023-04-10 14:30:00+00:00
2024-11-07 13:09:18,556 - Sell 128.00 shares at 157.75 on 2023-04-10 15:15:00+00:00 (Exit: Signal, Profit: 212.47999999999956, Duration: 45.0 minutes)
2024-11-07 13:09:18,556 - Buy 133.00 shares at 150.77 on 2023-04-11 13:30:00+00:00
2024-11-07 13:09:18,556 - Sell 133.00 shares at 152.89 on 2023-04-11 15:30:00+00:00 (Exit: Signal, Profit: 281.95999999999685, Duration: 120.0 minutes)
2024-11-07 13:09:18,557 - Buy 128.00 shares at 156.42 on 2023-04-12 16:30:00+00:00
2024-11-07 13:09:18,557 - Sell 128.00 shares at 157.3 on 2023-04-12 17:00:00+00:00 (Exit: Signal, Profit: 112.64000000000306, Duration: 30.0 minutes)
2024-11-07 13:09:18,557 - Buy 124.00 shares at 160.55 on 2023-04-13 17:30:00+00:00
2024-11-07 13:09:18,557 - Sell 124.00 shares at 162.21 on 2023-04-14 13:30:00+00:00 (Exit: Signal, Profit: 205.83999999999958, Duration: 1200.0 minutes)
2024-11-07 13:09:18,558 - Buy 125.00 shares at 159.6 on 2023-04-14 14:15:00+00:00
2024-11-07 13:09:18,558 - Buy 123.00 shares at 159.0 on 2023-04-14 14:45:00+00:00
2024-11-07 13:09:18,558 - Buy 133.00 shares at 144.64 on 2023-04-17 13:30:00+00:00
2024-11-07 13:09:18,559 - Sell 381.00 shares at 141.99 on 2023-04-18 13:30:00+00:00 (Exit: Stop_loss, Profit: -4645.929999999997, Duration: 1440.0 minutes)
2024-11-07 13:09:18,559 - Buy 140.00 shares at 141.74 on 2023-04-19 13:30:00+00:00
2024-11-07 13:09:18,559 - Buy 137.00 shares at 142.06 on 2023-04-19 14:00:00+00:00
2024-11-07 13:09:18,560 - Sell 277.00 shares at 142.82 on 2023-04-19 15:00:00+00:00 (Exit: Signal, Profit: 255.31999999999024, Duration: 60.0 minutes)
2024-11-07 13:09:18,560 - Buy 139.00 shares at 143.44 on 2023-04-20 15:00:00+00:00
2024-11-07 13:09:18,560 - Buy 138.00 shares at 141.33 on 2023-04-20 19:15:00+00:00
2024-11-07 13:09:18,561 - Sell 277.00 shares at 142.25 on 2023-04-21 16:00:00+00:00 (Exit: Signal, Profit: -38.44999999999956, Duration: 1245.0 minutes)
2024-11-07 13:09:18,561 - Buy 143.00 shares at 139.21 on 2023-04-24 13:30:00+00:00
2024-11-07 13:09:18,561 - Sell 143.00 shares at 139.23 on 2023-04-24 17:00:00+00:00 (Exit: Signal, Profit: 2.859999999997399, Duration: 210.0 minutes)
2024-11-07 13:09:18,562 - Buy 146.00 shares at 136.65 on 2023-04-25 15:15:00+00:00
2024-11-07 13:09:18,562 - Buy 147.00 shares at 132.93 on 2023-04-26 14:00:00+00:00
2024-11-07 13:09:18,563 - Sell 293.00 shares at 131.62 on 2023-04-27 15:45:00+00:00 (Exit: Signal, Profit: -926.9499999999999, Duration: 1545.0 minutes)
2024-11-07 13:09:18,563 - Buy 153.00 shares at 129.87 on 2023-04-28 13:30:00+00:00
2024-11-07 13:09:18,563 - Sell 153.00 shares at 130.89 on 2023-04-28 14:15:00+00:00 (Exit: Signal, Profit: 156.05999999999722, Duration: 45.0 minutes)
2024-11-07 13:09:18,564 - Buy 152.00 shares at 131.16 on 2023-05-02 15:30:00+00:00
2024-11-07 13:09:18,565 - Buy 148.00 shares at 131.49 on 2023-05-03 16:30:00+00:00
2024-11-07 13:09:18,565 - Buy 147.00 shares at 130.28 on 2023-05-03 19:30:00+00:00
2024-11-07 13:09:18,565 - Sell 447.00 shares at 134.33 on 2023-05-04 13:45:00+00:00 (Exit: Signal, Profit: 1497.510000000003, Duration: 1095.0 minutes)
2024-11-07 13:09:18,565 - Buy 147.00 shares at 135.31 on 2023-05-04 17:30:00+00:00
2024-11-07 13:09:18,565 - Buy 144.00 shares at 135.49 on 2023-05-04 19:00:00+00:00
2024-11-07 13:09:18,566 - Buy 142.00 shares at 134.41 on 2023-05-05 16:00:00+00:00
2024-11-07 13:09:18,566 - Sell 433.00 shares at 136.93 on 2023-05-05 18:30:00+00:00 (Exit: Signal, Profit: 803.3399999999974, Duration: 150.0 minutes)
2024-11-07 13:09:18,566 - Buy 150.00 shares at 133.26 on 2023-05-08 13:30:00+00:00
2024-11-07 13:09:18,567 - Sell 150.00 shares at 131.58 on 2023-05-08 19:30:00+00:00 (Exit: Signal, Profit: -251.99999999999676, Duration: 360.0 minutes)
2024-11-07 13:09:18,567 - Buy 151.00 shares at 132.34 on 2023-05-10 14:00:00+00:00
2024-11-07 13:09:18,568 - Sell 151.00 shares at 128.22 on 2023-05-11 14:00:00+00:00 (Exit: Stop_loss, Profit: -622.1200000000007, Duration: 1440.0 minutes)
2024-11-07 13:09:18,568 - Buy 155.00 shares at 128.67 on 2023-05-12 16:00:00+00:00
2024-11-07 13:09:18,569 - Sell 155.00 shares at 130.41 on 2023-05-15 15:00:00+00:00 (Exit: Signal, Profit: 269.7000000000014, Duration: 4260.0 minutes)
2024-11-07 13:09:18,569 - Buy 155.00 shares at 128.63 on 2023-05-15 17:30:00+00:00
2024-11-07 13:09:18,569 - Buy 154.00 shares at 127.26 on 2023-05-16 13:45:00+00:00
2024-11-07 13:09:18,570 - Sell 309.00 shares at 125.26 on 2023-05-16 19:00:00+00:00 (Exit: Signal, Profit: -830.3500000000007, Duration: 315.0 minutes)
2024-11-07 13:09:18,570 - Buy 162.00 shares at 123.34 on 2023-05-17 13:45:00+00:00
2024-11-07 13:09:18,570 - Sell 162.00 shares at 126.21 on 2023-05-17 17:15:00+00:00 (Exit: Signal, Profit: 464.93999999999613, Duration: 210.0 minutes)
2024-11-07 13:09:18,571 - Buy 160.00 shares at 124.45 on 2023-05-18 13:30:00+00:00
2024-11-07 13:09:18,571 - Buy 157.00 shares at 124.05 on 2023-05-18 16:00:00+00:00
2024-11-07 13:09:18,571 - Sell 317.00 shares at 125.7 on 2023-05-19 13:30:00+00:00 (Exit: Signal, Profit: 459.0500000000022, Duration: 1290.0 minutes)
2024-11-07 13:09:18,572 - Buy 158.00 shares at 126.36 on 2023-05-22 14:30:00+00:00
2024-11-07 13:09:18,572 - Sell 158.00 shares at 129.39 on 2023-05-23 13:30:00+00:00 (Exit: Signal, Profit: 478.73999999999796, Duration: 1380.0 minutes)
2024-11-07 13:09:18,573 - Buy 148.00 shares at 134.32 on 2023-05-24 13:30:00+00:00
2024-11-07 13:09:18,573 - Sell 148.00 shares at 131.29 on 2023-05-24 16:30:00+00:00 (Exit: Signal, Profit: -448.44000000000017, Duration: 180.0 minutes)
2024-11-07 13:09:18,573 - Buy 157.00 shares at 127.19 on 2023-05-25 13:30:00+00:00
2024-11-07 13:09:18,573 - Buy 153.00 shares at 128.13 on 2023-05-25 16:00:00+00:00
2024-11-07 13:09:18,574 - Sell 310.00 shares at 128.03 on 2023-05-25 17:30:00+00:00 (Exit: Signal, Profit: 116.58000000000058, Duration: 90.0 minutes)
2024-11-07 13:09:18,574 - Buy 157.00 shares at 127.28 on 2023-05-25 18:00:00+00:00
2024-11-07 13:09:18,574 - Sell 157.00 shares at 125.29 on 2023-05-26 18:30:00+00:00 (Exit: Signal, Profit: -312.4299999999992, Duration: 1470.0 minutes)
2024-11-07 13:09:18,575 - Buy 158.00 shares at 126.28 on 2023-05-31 14:00:00+00:00
2024-11-07 13:09:18,576 - Buy 155.00 shares at 125.67 on 2023-06-01 13:45:00+00:00
2024-11-07 13:09:18,576 - Sell 313.00 shares at 127.24 on 2023-06-01 14:00:00+00:00 (Exit: Signal, Profit: 395.0300000000023, Duration: 15.0 minutes)
2024-11-07 13:09:18,576 - Buy 153.00 shares at 130.25 on 2023-06-02 15:30:00+00:00
2024-11-07 13:09:18,576 - Sell 153.00 shares at 133.69 on 2023-06-05 13:30:00+00:00 (Exit: Signal, Profit: 526.3199999999997, Duration: 4200.0 minutes)
2024-11-07 13:09:18,577 - Buy 152.00 shares at 131.21 on 2023-06-05 16:00:00+00:00
2024-11-07 13:09:18,577 - Buy 150.00 shares at 130.28 on 2023-06-05 17:00:00+00:00
2024-11-07 13:09:18,577 - Sell 302.00 shares at 126.36 on 2023-06-06 13:45:00+00:00 (Exit: Stop_loss, Profit: -1325.1999999999957, Duration: 1245.0 minutes)
2024-11-07 13:09:18,577 - Buy 158.00 shares at 126.52 on 2023-06-06 18:45:00+00:00
2024-11-07 13:09:18,578 - Buy 155.00 shares at 126.22 on 2023-06-07 13:30:00+00:00
2024-11-07 13:09:18,578 - Buy 152.00 shares at 125.83 on 2023-06-07 14:45:00+00:00
2024-11-07 13:09:18,578 - Buy 149.00 shares at 125.63 on 2023-06-07 15:45:00+00:00
2024-11-07 13:09:18,578 - Buy 147.00 shares at 125.46 on 2023-06-07 18:00:00+00:00
2024-11-07 13:09:18,578 - Buy 146.00 shares at 123.2 on 2023-06-08 13:30:00+00:00
2024-11-07 13:09:18,578 - Buy 142.00 shares at 123.93 on 2023-06-08 14:45:00+00:00
2024-11-07 13:09:18,579 - Buy 140.00 shares at 123.53 on 2023-06-08 16:45:00+00:00
2024-11-07 13:09:18,579 - Sell 1189.00 shares at 124.8 on 2023-06-08 19:00:00+00:00 (Exit: Signal, Profit: -334.1699999999938, Duration: 135.0 minutes)
2024-11-07 13:09:18,579 - Buy 162.00 shares at 123.13 on 2023-06-09 15:15:00+00:00
2024-11-07 13:09:18,579 - Buy 159.00 shares at 123.06 on 2023-06-09 16:00:00+00:00
2024-11-07 13:09:18,579 - Buy 157.00 shares at 121.68 on 2023-06-12 13:30:00+00:00
2024-11-07 13:09:18,580 - Buy 153.00 shares at 122.41 on 2023-06-12 14:30:00+00:00
2024-11-07 13:09:18,580 - Sell 631.00 shares at 126.6 on 2023-06-13 13:30:00+00:00 (Exit: Signal, Profit: 2538.5099999999993, Duration: 1380.0 minutes)
2024-11-07 13:09:18,580 - Buy 158.00 shares at 126.39 on 2023-06-13 15:00:00+00:00
2024-11-07 13:09:18,580 - Sell 158.00 shares at 128.14 on 2023-06-13 15:30:00+00:00 (Exit: Signal, Profit: 276.4999999999977, Duration: 30.0 minutes)
2024-11-07 13:09:18,581 - Buy 157.00 shares at 127.2 on 2023-06-14 15:30:00+00:00
2024-11-07 13:09:18,581 - Sell 157.00 shares at 128.42 on 2023-06-15 16:30:00+00:00 (Exit: Signal, Profit: 191.53999999999758, Duration: 1500.0 minutes)
2024-11-07 13:09:18,582 - Buy 157.00 shares at 127.44 on 2023-06-16 17:30:00+00:00
2024-11-07 13:09:18,582 - Sell 157.00 shares at 128.73 on 2023-06-16 19:45:00+00:00 (Exit: Signal, Profit: 202.530000000001, Duration: 135.0 minutes)
2024-11-07 13:09:18,584 - Buy 169.00 shares at 118.1 on 2023-06-23 13:30:00+00:00
2024-11-07 13:09:18,584 - Sell 169.00 shares at 120.94 on 2023-06-26 13:30:00+00:00 (Exit: Signal, Profit: 479.960000000003, Duration: 4320.0 minutes)
2024-11-07 13:09:18,584 - Buy 164.00 shares at 121.86 on 2023-06-26 15:00:00+00:00
2024-11-07 13:09:18,584 - Buy 162.00 shares at 121.35 on 2023-06-26 16:00:00+00:00
2024-11-07 13:09:18,585 - Buy 158.00 shares at 121.35 on 2023-06-26 16:45:00+00:00
2024-11-07 13:09:18,585 - Buy 156.00 shares at 120.56 on 2023-06-26 17:30:00+00:00
2024-11-07 13:09:18,585 - Buy 154.00 shares at 119.84 on 2023-06-27 13:30:00+00:00
2024-11-07 13:09:18,585 - Sell 794.00 shares at 119.44 on 2023-06-27 16:00:00+00:00 (Exit: Signal, Profit: -1244.4000000000083, Duration: 150.0 minutes)
2024-11-07 13:09:18,586 - Buy 164.00 shares at 121.73 on 2023-06-29 18:00:00+00:00
2024-11-07 13:09:18,586 - Sell 164.00 shares at 123.08 on 2023-06-30 13:30:00+00:00 (Exit: Signal, Profit: 221.39999999999907, Duration: 1170.0 minutes)
2024-11-07 13:09:18,587 - Buy 166.00 shares at 120.27 on 2023-07-03 14:45:00+00:00
2024-11-07 13:09:18,587 - Sell 166.00 shares at 127.12 on 2023-07-05 13:30:00+00:00 (Exit: Signal, Profit: 1137.1000000000015, Duration: 2805.0 minutes)
2024-11-07 13:09:18,587 - Buy 161.00 shares at 124.12 on 2023-07-05 16:30:00+00:00
2024-11-07 13:09:18,587 - Buy 158.00 shares at 123.92 on 2023-07-05 17:15:00+00:00
2024-11-07 13:09:18,587 - Buy 162.00 shares at 118.34 on 2023-07-06 13:30:00+00:00
2024-11-07 13:09:18,588 - Sell 481.00 shares at 118.33 on 2023-07-06 17:30:00+00:00 (Exit: Signal, Profit: -1817.0300000000036, Duration: 240.0 minutes)
2024-11-07 13:09:18,588 - Buy 167.00 shares at 119.67 on 2023-07-07 18:30:00+00:00
2024-11-07 13:09:18,589 - Sell 167.00 shares at 122.17 on 2023-07-10 13:45:00+00:00 (Exit: Signal, Profit: 417.5, Duration: 4035.0 minutes)
2024-11-07 13:09:18,589 - Buy 163.00 shares at 122.55 on 2023-07-10 19:30:00+00:00
2024-11-07 13:09:18,589 - Buy 160.00 shares at 122.01 on 2023-07-11 13:30:00+00:00
2024-11-07 13:09:18,589 - Buy 158.00 shares at 121.28 on 2023-07-11 14:00:00+00:00
2024-11-07 13:09:18,589 - Sell 481.00 shares at 123.46 on 2023-07-11 14:45:00+00:00 (Exit: Signal, Profit: 724.7699999999948, Duration: 45.0 minutes)
2024-11-07 13:09:18,590 - Buy 158.00 shares at 126.81 on 2023-07-13 15:00:00+00:00
2024-11-07 13:09:18,590 - Buy 161.00 shares at 121.94 on 2023-07-14 13:30:00+00:00
2024-11-07 13:09:18,591 - Sell 319.00 shares at 121.39 on 2023-07-14 16:30:00+00:00 (Exit: Signal, Profit: -944.9100000000001, Duration: 180.0 minutes)
2024-11-07 13:09:18,591 - Buy 164.00 shares at 121.89 on 2023-07-17 17:00:00+00:00
2024-11-07 13:09:18,591 - Sell 164.00 shares at 123.73 on 2023-07-18 13:30:00+00:00 (Exit: Signal, Profit: 301.76000000000056, Duration: 1230.0 minutes)
2024-11-07 13:09:18,592 - Buy 159.00 shares at 125.93 on 2023-07-19 19:00:00+00:00
2024-11-07 13:09:18,592 - Buy 157.00 shares at 124.87 on 2023-07-20 13:45:00+00:00
2024-11-07 13:09:18,593 - Buy 154.00 shares at 124.69 on 2023-07-21 13:30:00+00:00
2024-11-07 13:09:18,593 - Sell 470.00 shares at 125.87 on 2023-07-21 17:00:00+00:00 (Exit: Signal, Profit: 329.1800000000032, Duration: 210.0 minutes)
2024-11-07 13:09:18,593 - Buy 163.00 shares at 122.41 on 2023-07-24 13:45:00+00:00
2024-11-07 13:09:18,593 - Sell 163.00 shares at 122.78 on 2023-07-24 14:30:00+00:00 (Exit: Signal, Profit: 60.31000000000306, Duration: 45.0 minutes)
2024-11-07 13:09:18,594 - Buy 164.00 shares at 121.87 on 2023-07-25 19:45:00+00:00
2024-11-07 13:09:18,594 - Sell 164.00 shares at 120.42 on 2023-07-26 16:30:00+00:00 (Exit: Signal, Profit: -237.80000000000047, Duration: 1245.0 minutes)
2024-11-07 13:09:18,595 - Buy 167.00 shares at 119.56 on 2023-07-27 17:30:00+00:00
2024-11-07 13:09:18,595 - Buy 165.00 shares at 119.0 on 2023-07-27 18:00:00+00:00
2024-11-07 13:09:18,595 - Buy 162.00 shares at 118.76 on 2023-07-27 19:15:00+00:00
2024-11-07 13:09:18,596 - Sell 494.00 shares at 118.91 on 2023-07-28 18:30:00+00:00 (Exit: Signal, Profit: -99.10000000001108, Duration: 1395.0 minutes)
2024-11-07 13:09:18,596 - Buy 170.00 shares at 117.66 on 2023-07-31 14:15:00+00:00
2024-11-07 13:09:18,596 - Sell 170.00 shares at 117.46 on 2023-07-31 19:30:00+00:00 (Exit: Signal, Profit: -34.0000000000029, Duration: 315.0 minutes)
2024-11-07 13:09:18,596 - Buy 173.00 shares at 115.31 on 2023-08-01 13:30:00+00:00
2024-11-07 13:09:18,597 - Sell 173.00 shares at 112.04 on 2023-08-02 13:30:00+00:00 (Exit: Stop_loss, Profit: -565.7099999999994, Duration: 1440.0 minutes)
2024-11-07 13:09:18,597 - Buy 180.00 shares at 110.87 on 2023-08-02 16:45:00+00:00
2024-11-07 13:09:18,598 - Sell 180.00 shares at 111.73 on 2023-08-03 15:00:00+00:00 (Exit: Signal, Profit: 154.79999999999734, Duration: 1335.0 minutes)
2024-11-07 13:09:18,598 - Buy 180.00 shares at 111.05 on 2023-08-03 15:30:00+00:00
2024-11-07 13:09:18,598 - Buy 178.00 shares at 109.89 on 2023-08-04 14:00:00+00:00
2024-11-07 13:09:18,598 - Buy 173.00 shares at 110.73 on 2023-08-04 16:00:00+00:00
2024-11-07 13:09:18,599 - Buy 171.00 shares at 110.19 on 2023-08-04 17:45:00+00:00
2024-11-07 13:09:18,599 - Sell 702.00 shares at 104.22 on 2023-08-07 13:30:00+00:00 (Exit: Stop_loss, Profit: -4385.759999999993, Duration: 4065.0 minutes)
2024-11-07 13:09:18,600 - Buy 201.00 shares at 98.99 on 2023-08-08 18:00:00+00:00
2024-11-07 13:09:18,600 - Sell 201.00 shares at 99.73 on 2023-08-08 18:45:00+00:00 (Exit: Signal, Profit: 148.74000000000183, Duration: 45.0 minutes)
2024-11-07 13:09:18,600 - Buy 195.00 shares at 102.07 on 2023-08-09 19:30:00+00:00
2024-11-07 13:09:18,600 - Sell 195.00 shares at 103.68 on 2023-08-10 13:45:00+00:00 (Exit: Signal, Profit: 313.95000000000266, Duration: 1095.0 minutes)
2024-11-07 13:09:18,600 - Buy 196.00 shares at 101.64 on 2023-08-10 16:00:00+00:00
2024-11-07 13:09:18,601 - Sell 196.00 shares at 101.34 on 2023-08-11 14:00:00+00:00 (Exit: Signal, Profit: -58.79999999999666, Duration: 1320.0 minutes)
2024-11-07 13:09:18,601 - Buy 202.00 shares at 98.46 on 2023-08-14 14:45:00+00:00
2024-11-07 13:09:18,602 - Sell 202.00 shares at 99.9 on 2023-08-14 17:00:00+00:00 (Exit: Signal, Profit: 290.8800000000024, Duration: 135.0 minutes)
2024-11-07 13:09:18,602 - Buy 204.00 shares at 97.39 on 2023-08-15 13:45:00+00:00
2024-11-07 13:09:18,602 - Buy 205.00 shares at 95.39 on 2023-08-16 14:00:00+00:00
2024-11-07 13:09:18,603 - Sell 409.00 shares at 98.37 on 2023-08-16 16:30:00+00:00 (Exit: Signal, Profit: 810.819999999997, Duration: 150.0 minutes)
