2024-11-09 22:36:56,443 - Starting GBMStrategy with initial capital: 1000000
2024-11-09 22:36:56,443 - Hyperparameters: {'threshold': 0.5, 'time_periods': 15, 'num_simulations': 150}
2024-11-09 22:39:06,456 - Short Sell 336.00 shares at 59.35 on 2024-10-09 17:15:00+00:00
2024-11-09 22:39:06,458 - Buy to cover -336.00 shares at 58.94 on 2024-10-09 18:45:00+00:00 (Exit: Signal, Profit: 137.76000000000363, Duration: 90.0 minutes)
2024-11-09 22:39:06,459 - Short Sell 346.00 shares at 57.72 on 2024-10-10 14:30:00+00:00
2024-11-09 22:39:06,459 - Buy to cover -346.00 shares at 57.53 on 2024-10-10 15:00:00+00:00 (Exit: Signal, Profit: 65.73999999999921, Duration: 30.0 minutes)
2024-11-09 22:39:06,459 - Short Sell 348.00 shares at 57.47 on 2024-10-11 13:30:00+00:00
2024-11-09 22:39:06,459 - Buy to cover -348.00 shares at 59.56 on 2024-10-11 15:30:00+00:00 (Exit: Stop_loss, Profit: -727.3199999999987, Duration: 120.0 minutes)
2024-11-09 22:39:06,459 - Short Sell 338.00 shares at 59.02 on 2024-10-11 17:15:00+00:00
2024-11-09 22:39:06,459 - Buy to cover -338.00 shares at 58.59 on 2024-10-11 19:00:00+00:00 (Exit: Signal, Profit: 145.33999999999992, Duration: 105.0 minutes)
2024-11-09 22:39:06,460 - Long Buy 342.00 shares at 58.37 on 2024-10-14 14:30:00+00:00
2024-11-09 22:39:06,460 - Sell to close 342.00 shares at 58.73 on 2024-10-14 14:45:00+00:00 (Exit: Signal, Profit: 123.11999999999738, Duration: 15.0 minutes)
2024-11-09 22:39:06,460 - Long Buy 347.00 shares at 57.53 on 2024-10-15 13:30:00+00:00
2024-11-09 22:39:06,460 - Sell to close 347.00 shares at 57.69 on 2024-10-15 13:45:00+00:00 (Exit: Signal, Profit: 55.51999999999882, Duration: 15.0 minutes)
2024-11-09 22:39:06,460 - Short Sell 346.00 shares at 57.75 on 2024-10-15 14:00:00+00:00
2024-11-09 22:39:06,460 - Buy to cover -346.00 shares at 57.21 on 2024-10-15 14:30:00+00:00 (Exit: Signal, Profit: 186.8399999999997, Duration: 30.0 minutes)
2024-11-09 22:39:06,460 - Short Sell 347.00 shares at 57.63 on 2024-10-15 14:45:00+00:00
2024-11-09 22:39:06,460 - Buy to cover -347.00 shares at 57.3 on 2024-10-15 15:45:00+00:00 (Exit: Signal, Profit: 114.51000000000187, Duration: 60.0 minutes)
2024-11-09 22:39:06,460 - Short Sell 344.00 shares at 58.06 on 2024-10-15 16:00:00+00:00
2024-11-09 22:39:06,460 - Buy to cover -344.00 shares at 57.42 on 2024-10-15 17:30:00+00:00 (Exit: Signal, Profit: 220.15999999999775, Duration: 90.0 minutes)
2024-11-09 22:39:06,461 - Short Sell 347.00 shares at 57.5 on 2024-10-15 17:45:00+00:00
2024-11-09 22:39:06,461 - Buy to cover -347.00 shares at 57.34 on 2024-10-15 18:00:00+00:00 (Exit: Signal, Profit: 55.51999999999882, Duration: 15.0 minutes)
2024-11-09 22:39:06,461 - Long Buy 349.00 shares at 57.31 on 2024-10-15 18:45:00+00:00
2024-11-09 22:39:06,461 - Sell to close 349.00 shares at 57.53 on 2024-10-16 13:30:00+00:00 (Exit: Signal, Profit: 76.77999999999713, Duration: 1125.0 minutes)
2024-11-09 22:39:06,461 - Short Sell 346.00 shares at 57.68 on 2024-10-16 13:45:00+00:00
2024-11-09 22:39:06,461 - Buy to cover -346.00 shares at 57.35 on 2024-10-16 18:15:00+00:00 (Exit: Signal, Profit: 114.17999999999941, Duration: 270.0 minutes)
2024-11-09 22:39:06,461 - Short Sell 348.00 shares at 57.45 on 2024-10-16 18:45:00+00:00
2024-11-09 22:39:06,461 - Buy to cover -348.00 shares at 56.84 on 2024-10-17 13:30:00+00:00 (Exit: Signal, Profit: 212.2799999999998, Duration: 1125.0 minutes)
2024-11-09 22:39:06,462 - Short Sell 362.00 shares at 55.14 on 2024-10-17 19:30:00+00:00
2024-11-09 22:39:06,462 - Buy to cover -362.00 shares at 54.82 on 2024-10-17 19:45:00+00:00 (Exit: Signal, Profit: 115.8400000000001, Duration: 15.0 minutes)
2024-11-09 22:39:06,462 - Short Sell 368.00 shares at 54.34 on 2024-10-18 16:45:00+00:00
2024-11-09 22:39:06,462 - Buy to cover -368.00 shares at 53.98 on 2024-10-18 17:30:00+00:00 (Exit: Signal, Profit: 132.48000000000502, Duration: 45.0 minutes)
2024-11-09 22:39:06,462 - Short Sell 369.00 shares at 54.21 on 2024-10-18 19:30:00+00:00
2024-11-09 22:39:06,462 - Buy to cover -369.00 shares at 53.97 on 2024-10-21 13:45:00+00:00 (Exit: Signal, Profit: 88.56000000000074, Duration: 3975.0 minutes)
2024-11-09 22:39:06,462 - Short Sell 370.00 shares at 54.06 on 2024-10-21 14:00:00+00:00
2024-11-09 22:39:06,462 - Buy to cover -370.00 shares at 53.67 on 2024-10-21 14:15:00+00:00 (Exit: Signal, Profit: 144.3000000000002, Duration: 15.0 minutes)
2024-11-09 22:39:06,463 - Short Sell 375.00 shares at 53.4 on 2024-10-21 19:00:00+00:00
2024-11-09 22:39:06,463 - Buy to cover -375.00 shares at 53.15 on 2024-10-22 13:45:00+00:00 (Exit: Signal, Profit: 93.75, Duration: 1125.0 minutes)
2024-11-09 22:39:06,463 - Short Sell 374.00 shares at 53.45 on 2024-10-22 14:30:00+00:00
2024-11-09 22:39:06,463 - Buy to cover -374.00 shares at 53.34 on 2024-10-22 15:00:00+00:00 (Exit: Signal, Profit: 41.13999999999713, Duration: 30.0 minutes)
2024-11-09 22:39:06,463 - Short Sell 375.00 shares at 53.28 on 2024-10-22 18:45:00+00:00
2024-11-09 22:39:06,463 - Buy to cover -375.00 shares at 52.97 on 2024-10-23 14:00:00+00:00 (Exit: Signal, Profit: 116.25000000000085, Duration: 1155.0 minutes)
2024-11-09 22:39:06,463 - Short Sell 375.00 shares at 53.4 on 2024-10-23 15:30:00+00:00
2024-11-09 22:39:06,464 - Buy to cover -375.00 shares at 53.76 on 2024-10-23 16:30:00+00:00 (Exit: Signal, Profit: -134.99999999999977, Duration: 60.0 minutes)
2024-11-09 22:39:06,464 - Short Sell 375.00 shares at 53.39 on 2024-10-23 19:45:00+00:00
2024-11-09 22:39:06,464 - Buy to cover -375.00 shares at 53.02 on 2024-10-24 14:00:00+00:00 (Exit: Signal, Profit: 138.74999999999903, Duration: 1095.0 minutes)
2024-11-09 22:39:06,464 - Short Sell 374.00 shares at 53.52 on 2024-10-24 14:15:00+00:00
2024-11-09 22:39:06,464 - Buy to cover -374.00 shares at 53.12 on 2024-10-24 14:45:00+00:00 (Exit: Signal, Profit: 149.59999999999945, Duration: 30.0 minutes)
2024-11-09 22:39:06,464 - Short Sell 379.00 shares at 52.8 on 2024-10-24 17:15:00+00:00
2024-11-09 22:39:06,465 - Buy to cover -379.00 shares at 52.59 on 2024-10-24 18:00:00+00:00 (Exit: Signal, Profit: 79.59000000000032, Duration: 45.0 minutes)
2024-11-09 22:39:06,465 - Long Buy 381.00 shares at 52.51 on 2024-10-24 19:15:00+00:00
2024-11-09 22:39:06,465 - Sell to close 381.00 shares at 52.8 on 2024-10-24 19:45:00+00:00 (Exit: Signal, Profit: 110.49000000000238, Duration: 30.0 minutes)
2024-11-09 22:39:06,465 - Short Sell 375.00 shares at 53.36 on 2024-10-25 13:30:00+00:00
2024-11-09 22:39:06,465 - Buy to cover -375.00 shares at 53.57 on 2024-10-25 14:30:00+00:00 (Exit: Signal, Profit: -78.75000000000031, Duration: 60.0 minutes)
2024-11-09 22:39:06,465 - Short Sell 372.00 shares at 53.8 on 2024-10-25 14:45:00+00:00
2024-11-09 22:39:06,465 - Buy to cover -372.00 shares at 53.38 on 2024-10-25 17:30:00+00:00 (Exit: Signal, Profit: 156.239999999998, Duration: 165.0 minutes)
2024-11-09 22:39:06,465 - Long Buy 375.00 shares at 53.3 on 2024-10-25 18:00:00+00:00
2024-11-09 22:39:06,465 - Sell to close 375.00 shares at 54.65 on 2024-10-28 13:30:00+00:00 (Exit: Signal, Profit: 506.2500000000005, Duration: 4050.0 minutes)
2024-11-09 22:39:06,465 - Short Sell 366.00 shares at 54.66 on 2024-10-28 13:45:00+00:00
2024-11-09 22:39:06,466 - Buy to cover -366.00 shares at 54.61 on 2024-10-28 15:15:00+00:00 (Exit: Signal, Profit: 18.29999999999896, Duration: 90.0 minutes)
2024-11-09 22:39:06,466 - Short Sell 367.00 shares at 54.52 on 2024-10-28 19:00:00+00:00
2024-11-09 22:39:06,466 - Buy to cover -367.00 shares at 56.64 on 2024-10-29 13:30:00+00:00 (Exit: Stop_loss, Profit: -778.039999999999, Duration: 1110.0 minutes)
2024-11-09 22:39:06,466 - Long Buy 363.00 shares at 55.07 on 2024-10-29 16:15:00+00:00
2024-11-09 22:39:06,466 - Sell to close 363.00 shares at 55.49 on 2024-10-29 17:15:00+00:00 (Exit: Signal, Profit: 152.4600000000006, Duration: 60.0 minutes)
2024-11-09 22:39:06,466 - Long Buy 363.00 shares at 55.14 on 2024-10-29 18:45:00+00:00
2024-11-09 22:39:06,467 - Sell to close 363.00 shares at 53.64 on 2024-10-30 17:30:00+00:00 (Exit: Stop_loss, Profit: -544.5, Duration: 1365.0 minutes)
2024-11-09 22:39:06,467 - Short Sell 368.00 shares at 54.38 on 2024-10-30 18:00:00+00:00
2024-11-09 22:39:06,467 - Buy to cover -368.00 shares at 53.4 on 2024-10-31 13:30:00+00:00 (Exit: Signal, Profit: 360.64000000000146, Duration: 1170.0 minutes)
2024-11-09 22:39:06,467 - Short Sell 371.00 shares at 53.88 on 2024-10-31 16:15:00+00:00
2024-11-09 22:39:06,467 - Buy to cover -371.00 shares at 53.47 on 2024-10-31 17:30:00+00:00 (Exit: Signal, Profit: 152.10999999999873, Duration: 75.0 minutes)
2024-11-09 22:39:06,467 - Short Sell 372.00 shares at 53.79 on 2024-10-31 18:15:00+00:00
2024-11-09 22:39:06,467 - Buy to cover -372.00 shares at 54.69 on 2024-11-01 19:15:00+00:00 (Exit: Signal, Profit: -334.7999999999968, Duration: 1500.0 minutes)
2024-11-09 22:39:06,468 - Short Sell 360.00 shares at 55.5 on 2024-11-04 15:15:00+00:00
2024-11-09 22:39:06,468 - Buy to cover -360.00 shares at 54.71 on 2024-11-04 16:00:00+00:00 (Exit: Signal, Profit: 284.3999999999997, Duration: 45.0 minutes)
2024-11-09 22:39:06,468 - Short Sell 370.00 shares at 54.11 on 2024-11-04 18:00:00+00:00
2024-11-09 22:39:06,468 - Buy to cover -370.00 shares at 53.88 on 2024-11-04 20:00:00+00:00 (Exit: Signal, Profit: 85.09999999999884, Duration: 120.0 minutes)
2024-11-09 22:39:06,468 - Short Sell 376.00 shares at 53.27 on 2024-11-05 15:15:00+00:00
2024-11-09 22:39:06,468 - Buy to cover -376.00 shares at 52.4 on 2024-11-05 17:00:00+00:00 (Exit: Signal, Profit: 327.1200000000017, Duration: 105.0 minutes)
2024-11-09 22:39:06,468 - Short Sell 380.00 shares at 52.67 on 2024-11-05 18:30:00+00:00
2024-11-09 22:39:06,468 - Buy to cover -380.00 shares at 50.46 on 2024-11-06 14:30:00+00:00 (Exit: Signal, Profit: 839.800000000003, Duration: 1200.0 minutes)
2024-11-09 22:39:06,469 - Short Sell 387.00 shares at 51.82 on 2024-11-06 15:45:00+00:00
2024-11-09 22:39:06,469 - Buy to cover -387.00 shares at 51.73 on 2024-11-06 19:30:00+00:00 (Exit: Signal, Profit: 34.83000000000132, Duration: 225.0 minutes)
2024-11-09 22:39:06,469 - Short Sell 385.00 shares at 52.09 on 2024-11-06 20:30:00+00:00
2024-11-09 22:39:06,469 - Buy to cover -385.00 shares at 51.78 on 2024-11-06 20:45:00+00:00 (Exit: Signal, Profit: 119.35000000000088, Duration: 15.0 minutes)
2024-11-09 22:39:06,469 - Short Sell 375.00 shares at 53.43 on 2024-11-07 14:30:00+00:00
2024-11-09 22:39:06,469 - Buy to cover -375.00 shares at 51.65 on 2024-11-07 16:15:00+00:00 (Exit: Signal, Profit: 667.5000000000005, Duration: 105.0 minutes)
2024-11-09 22:39:06,469 - Short Sell 386.00 shares at 51.96 on 2024-11-07 16:45:00+00:00
2024-11-09 22:39:06,469 - Buy to cover -386.00 shares at 51.84 on 2024-11-07 17:15:00+00:00 (Exit: Signal, Profit: 46.31999999999901, Duration: 30.0 minutes)
