2024-11-09 22:34:47,268 - Starting GBMStrategy with initial capital: 1000000
2024-11-09 22:34:47,268 - Hyperparameters: {'threshold': 0.2, 'time_periods': 15, 'num_simulations': 150}
2024-11-09 22:36:56,132 - Short Sell 336.00 shares at 59.35 on 2024-10-09 17:15:00+00:00
2024-11-09 22:36:56,133 - Buy to cover -336.00 shares at 58.94 on 2024-10-09 18:45:00+00:00 (Exit: Signal, Profit: 137.76000000000363, Duration: 90.0 minutes)
2024-11-09 22:36:56,134 - Short Sell 346.00 shares at 57.72 on 2024-10-10 14:30:00+00:00
2024-11-09 22:36:56,134 - Buy to cover -346.00 shares at 57.53 on 2024-10-10 15:00:00+00:00 (Exit: Signal, Profit: 65.73999999999921, Duration: 30.0 minutes)
2024-11-09 22:36:56,134 - Short Sell 348.00 shares at 57.47 on 2024-10-11 13:30:00+00:00
2024-11-09 22:36:56,134 - Buy to cover -348.00 shares at 59.56 on 2024-10-11 15:30:00+00:00 (Exit: Stop_loss, Profit: -727.3199999999987, Duration: 120.0 minutes)
2024-11-09 22:36:56,134 - Short Sell 338.00 shares at 59.02 on 2024-10-11 17:15:00+00:00
2024-11-09 22:36:56,134 - Buy to cover -338.00 shares at 58.59 on 2024-10-11 19:00:00+00:00 (Exit: Signal, Profit: 145.33999999999992, Duration: 105.0 minutes)
2024-11-09 22:36:56,135 - Long Buy 342.00 shares at 58.37 on 2024-10-14 14:30:00+00:00
2024-11-09 22:36:56,135 - Sell to close 342.00 shares at 58.73 on 2024-10-14 14:45:00+00:00 (Exit: Signal, Profit: 123.11999999999738, Duration: 15.0 minutes)
2024-11-09 22:36:56,135 - Long Buy 347.00 shares at 57.53 on 2024-10-15 13:30:00+00:00
2024-11-09 22:36:56,135 - Sell to close 347.00 shares at 57.69 on 2024-10-15 13:45:00+00:00 (Exit: Signal, Profit: 55.51999999999882, Duration: 15.0 minutes)
2024-11-09 22:36:56,135 - Short Sell 346.00 shares at 57.75 on 2024-10-15 14:00:00+00:00
2024-11-09 22:36:56,135 - Buy to cover -346.00 shares at 57.21 on 2024-10-15 14:30:00+00:00 (Exit: Signal, Profit: 186.8399999999997, Duration: 30.0 minutes)
2024-11-09 22:36:56,135 - Short Sell 347.00 shares at 57.63 on 2024-10-15 14:45:00+00:00
2024-11-09 22:36:56,135 - Buy to cover -347.00 shares at 57.3 on 2024-10-15 15:45:00+00:00 (Exit: Signal, Profit: 114.51000000000187, Duration: 60.0 minutes)
2024-11-09 22:36:56,135 - Short Sell 344.00 shares at 58.06 on 2024-10-15 16:00:00+00:00
2024-11-09 22:36:56,135 - Buy to cover -344.00 shares at 57.43 on 2024-10-15 17:15:00+00:00 (Exit: Signal, Profit: 216.71999999999844, Duration: 75.0 minutes)
2024-11-09 22:36:56,135 - Short Sell 347.00 shares at 57.5 on 2024-10-15 17:45:00+00:00
2024-11-09 22:36:56,136 - Buy to cover -347.00 shares at 57.34 on 2024-10-15 18:00:00+00:00 (Exit: Signal, Profit: 55.51999999999882, Duration: 15.0 minutes)
2024-11-09 22:36:56,136 - Short Sell 347.00 shares at 57.53 on 2024-10-16 13:30:00+00:00
2024-11-09 22:36:56,136 - Buy to cover -347.00 shares at 57.35 on 2024-10-16 18:15:00+00:00 (Exit: Signal, Profit: 62.4599999999999, Duration: 285.0 minutes)
2024-11-09 22:36:56,136 - Short Sell 348.00 shares at 57.45 on 2024-10-16 18:45:00+00:00
2024-11-09 22:36:56,136 - Buy to cover -348.00 shares at 56.84 on 2024-10-17 13:30:00+00:00 (Exit: Signal, Profit: 212.2799999999998, Duration: 1125.0 minutes)
2024-11-09 22:36:56,136 - Short Sell 362.00 shares at 55.14 on 2024-10-17 19:30:00+00:00
2024-11-09 22:36:56,136 - Buy to cover -362.00 shares at 54.82 on 2024-10-17 19:45:00+00:00 (Exit: Signal, Profit: 115.8400000000001, Duration: 15.0 minutes)
2024-11-09 22:36:56,137 - Short Sell 368.00 shares at 54.34 on 2024-10-18 16:45:00+00:00
2024-11-09 22:36:56,137 - Buy to cover -368.00 shares at 53.98 on 2024-10-18 17:30:00+00:00 (Exit: Signal, Profit: 132.48000000000502, Duration: 45.0 minutes)
2024-11-09 22:36:56,137 - Short Sell 369.00 shares at 54.21 on 2024-10-18 19:30:00+00:00
2024-11-09 22:36:56,137 - Buy to cover -369.00 shares at 53.97 on 2024-10-21 13:45:00+00:00 (Exit: Signal, Profit: 88.56000000000074, Duration: 3975.0 minutes)
2024-11-09 22:36:56,137 - Short Sell 370.00 shares at 54.06 on 2024-10-21 14:00:00+00:00
2024-11-09 22:36:56,137 - Buy to cover -370.00 shares at 53.67 on 2024-10-21 14:15:00+00:00 (Exit: Signal, Profit: 144.3000000000002, Duration: 15.0 minutes)
2024-11-09 22:36:56,137 - Short Sell 374.00 shares at 53.4 on 2024-10-21 19:00:00+00:00
2024-11-09 22:36:56,137 - Buy to cover -374.00 shares at 53.15 on 2024-10-22 13:45:00+00:00 (Exit: Signal, Profit: 93.5, Duration: 1125.0 minutes)
2024-11-09 22:36:56,137 - Short Sell 374.00 shares at 53.45 on 2024-10-22 14:30:00+00:00
2024-11-09 22:36:56,138 - Buy to cover -374.00 shares at 53.34 on 2024-10-22 15:00:00+00:00 (Exit: Signal, Profit: 41.13999999999713, Duration: 30.0 minutes)
2024-11-09 22:36:56,138 - Short Sell 375.00 shares at 53.28 on 2024-10-22 18:45:00+00:00
2024-11-09 22:36:56,138 - Buy to cover -375.00 shares at 52.97 on 2024-10-23 14:00:00+00:00 (Exit: Signal, Profit: 116.25000000000085, Duration: 1155.0 minutes)
2024-11-09 22:36:56,138 - Short Sell 375.00 shares at 53.4 on 2024-10-23 15:30:00+00:00
2024-11-09 22:36:56,138 - Buy to cover -375.00 shares at 53.76 on 2024-10-23 16:30:00+00:00 (Exit: Signal, Profit: -134.99999999999977, Duration: 60.0 minutes)
2024-11-09 22:36:56,138 - Short Sell 375.00 shares at 53.39 on 2024-10-23 19:45:00+00:00
2024-11-09 22:36:56,138 - Buy to cover -375.00 shares at 53.02 on 2024-10-24 14:00:00+00:00 (Exit: Signal, Profit: 138.74999999999903, Duration: 1095.0 minutes)
2024-11-09 22:36:56,138 - Short Sell 374.00 shares at 53.52 on 2024-10-24 14:15:00+00:00
2024-11-09 22:36:56,138 - Buy to cover -374.00 shares at 53.12 on 2024-10-24 14:45:00+00:00 (Exit: Signal, Profit: 149.59999999999945, Duration: 30.0 minutes)
2024-11-09 22:36:56,139 - Short Sell 379.00 shares at 52.8 on 2024-10-24 17:15:00+00:00
2024-11-09 22:36:56,139 - Buy to cover -379.00 shares at 52.59 on 2024-10-24 18:00:00+00:00 (Exit: Signal, Profit: 79.59000000000032, Duration: 45.0 minutes)
2024-11-09 22:36:56,139 - Long Buy 381.00 shares at 52.51 on 2024-10-24 19:15:00+00:00
2024-11-09 22:36:56,139 - Sell to close 381.00 shares at 52.8 on 2024-10-24 19:45:00+00:00 (Exit: Signal, Profit: 110.49000000000238, Duration: 30.0 minutes)
2024-11-09 22:36:56,139 - Short Sell 375.00 shares at 53.36 on 2024-10-25 13:30:00+00:00
2024-11-09 22:36:56,139 - Buy to cover -375.00 shares at 53.57 on 2024-10-25 14:30:00+00:00 (Exit: Signal, Profit: -78.75000000000031, Duration: 60.0 minutes)
2024-11-09 22:36:56,139 - Short Sell 372.00 shares at 53.8 on 2024-10-25 14:45:00+00:00
2024-11-09 22:36:56,139 - Buy to cover -372.00 shares at 53.57 on 2024-10-25 17:15:00+00:00 (Exit: Signal, Profit: 85.55999999999884, Duration: 150.0 minutes)
2024-11-09 22:36:56,139 - Short Sell 366.00 shares at 54.65 on 2024-10-28 13:30:00+00:00
2024-11-09 22:36:56,140 - Buy to cover -366.00 shares at 54.61 on 2024-10-28 15:15:00+00:00 (Exit: Signal, Profit: 14.639999999997087, Duration: 105.0 minutes)
2024-11-09 22:36:56,140 - Short Sell 367.00 shares at 54.52 on 2024-10-28 19:00:00+00:00
2024-11-09 22:36:56,140 - Buy to cover -367.00 shares at 56.64 on 2024-10-29 13:30:00+00:00 (Exit: Stop_loss, Profit: -778.039999999999, Duration: 1110.0 minutes)
2024-11-09 22:36:56,140 - Long Buy 363.00 shares at 55.07 on 2024-10-29 16:15:00+00:00
2024-11-09 22:36:56,140 - Sell to close 363.00 shares at 55.49 on 2024-10-29 17:15:00+00:00 (Exit: Signal, Profit: 152.4600000000006, Duration: 60.0 minutes)
2024-11-09 22:36:56,140 - Long Buy 362.00 shares at 55.18 on 2024-10-29 19:30:00+00:00
2024-11-09 22:36:56,140 - Sell to close 362.00 shares at 54.38 on 2024-10-30 18:00:00+00:00 (Exit: Signal, Profit: -289.599999999999, Duration: 1350.0 minutes)
2024-11-09 22:36:56,140 - Short Sell 366.00 shares at 54.55 on 2024-10-30 18:15:00+00:00
2024-11-09 22:36:56,141 - Buy to cover -366.00 shares at 53.4 on 2024-10-31 13:30:00+00:00 (Exit: Signal, Profit: 420.89999999999947, Duration: 1155.0 minutes)
2024-11-09 22:36:56,141 - Short Sell 371.00 shares at 53.88 on 2024-10-31 16:15:00+00:00
2024-11-09 22:36:56,141 - Buy to cover -371.00 shares at 53.47 on 2024-10-31 17:30:00+00:00 (Exit: Signal, Profit: 152.10999999999873, Duration: 75.0 minutes)
2024-11-09 22:36:56,141 - Short Sell 372.00 shares at 53.78 on 2024-10-31 18:00:00+00:00
2024-11-09 22:36:56,141 - Buy to cover -372.00 shares at 54.69 on 2024-11-01 19:15:00+00:00 (Exit: Signal, Profit: -338.51999999999873, Duration: 1515.0 minutes)
2024-11-09 22:36:56,141 - Short Sell 360.00 shares at 55.5 on 2024-11-04 15:15:00+00:00
2024-11-09 22:36:56,141 - Buy to cover -360.00 shares at 54.71 on 2024-11-04 16:00:00+00:00 (Exit: Signal, Profit: 284.3999999999997, Duration: 45.0 minutes)
2024-11-09 22:36:56,142 - Short Sell 370.00 shares at 54.11 on 2024-11-04 18:00:00+00:00
2024-11-09 22:36:56,142 - Buy to cover -370.00 shares at 53.88 on 2024-11-04 20:00:00+00:00 (Exit: Signal, Profit: 85.09999999999884, Duration: 120.0 minutes)
2024-11-09 22:36:56,142 - Short Sell 375.00 shares at 53.27 on 2024-11-05 15:15:00+00:00
2024-11-09 22:36:56,142 - Buy to cover -375.00 shares at 52.4 on 2024-11-05 17:00:00+00:00 (Exit: Signal, Profit: 326.2500000000017, Duration: 105.0 minutes)
2024-11-09 22:36:56,142 - Short Sell 380.00 shares at 52.67 on 2024-11-05 18:30:00+00:00
2024-11-09 22:36:56,142 - Buy to cover -380.00 shares at 50.46 on 2024-11-06 14:30:00+00:00 (Exit: Signal, Profit: 839.800000000003, Duration: 1200.0 minutes)
2024-11-09 22:36:56,142 - Short Sell 386.00 shares at 51.82 on 2024-11-06 15:45:00+00:00
2024-11-09 22:36:56,142 - Buy to cover -386.00 shares at 51.73 on 2024-11-06 19:30:00+00:00 (Exit: Signal, Profit: 34.74000000000132, Duration: 225.0 minutes)
2024-11-09 22:36:56,142 - Short Sell 384.00 shares at 52.09 on 2024-11-06 20:30:00+00:00
2024-11-09 22:36:56,143 - Buy to cover -384.00 shares at 51.78 on 2024-11-06 20:45:00+00:00 (Exit: Signal, Profit: 119.04000000000087, Duration: 15.0 minutes)
2024-11-09 22:36:56,143 - Short Sell 375.00 shares at 53.43 on 2024-11-07 14:30:00+00:00
2024-11-09 22:36:56,143 - Buy to cover -375.00 shares at 51.65 on 2024-11-07 16:15:00+00:00 (Exit: Signal, Profit: 667.5000000000005, Duration: 105.0 minutes)
2024-11-09 22:36:56,143 - Short Sell 386.00 shares at 51.92 on 2024-11-07 16:30:00+00:00
2024-11-09 22:36:56,143 - Buy to cover -386.00 shares at 51.84 on 2024-11-07 17:15:00+00:00 (Exit: Signal, Profit: 30.8799999999966, Duration: 45.0 minutes)
