2024-11-11 10:50:15,645 - Starting GBMStrategy with initial capital: 1000000
2024-11-11 10:50:15,645 - Hyperparameters: {'threshold': 0.25, 'time_periods': 30, 'num_simulations': 150}
2024-11-11 10:53:39,676 - Short Sell 18.00 shares at 1075.87 on 2024-10-11 14:30:00+00:00
2024-11-11 10:53:39,677 - Short Sell 18.00 shares at 1080.37 on 2024-10-11 14:45:00+00:00
2024-11-11 10:53:39,677 - Short Sell 18.00 shares at 1081.03 on 2024-10-11 15:00:00+00:00
2024-11-11 10:53:39,677 - Short Sell 18.00 shares at 1077.76 on 2024-10-11 15:15:00+00:00
2024-11-11 10:53:39,677 - Short Sell 18.00 shares at 1077.99 on 2024-10-11 15:30:00+00:00
2024-11-11 10:53:39,677 - Short Sell 18.00 shares at 1082.17 on 2024-10-11 15:45:00+00:00
2024-11-11 10:53:39,677 - Short Sell 18.00 shares at 1087.19 on 2024-10-11 16:00:00+00:00
2024-11-11 10:53:39,677 - Short Sell 18.00 shares at 1081.74 on 2024-10-11 16:15:00+00:00
2024-11-11 10:53:39,677 - Short Sell 18.00 shares at 1083.33 on 2024-10-11 16:30:00+00:00
2024-11-11 10:53:39,677 - Short Sell 18.00 shares at 1083.88 on 2024-10-11 16:45:00+00:00
2024-11-11 10:53:39,678 - Short Sell 18.00 shares at 1083.32 on 2024-10-11 17:00:00+00:00
2024-11-11 10:53:39,678 - Short Sell 18.00 shares at 1081.58 on 2024-10-11 17:15:00+00:00
2024-11-11 10:53:39,678 - Short Sell 18.00 shares at 1083.56 on 2024-10-11 17:30:00+00:00
2024-11-11 10:53:39,678 - Short Sell 18.00 shares at 1082.88 on 2024-10-11 17:45:00+00:00
2024-11-11 10:53:39,678 - Short Sell 18.00 shares at 1083.57 on 2024-10-11 18:00:00+00:00
2024-11-11 10:53:39,678 - Short Sell 18.00 shares at 1083.44 on 2024-10-11 18:15:00+00:00
2024-11-11 10:53:39,678 - Short Sell 18.00 shares at 1083.23 on 2024-10-11 18:30:00+00:00
2024-11-11 10:53:39,678 - Short Sell 18.00 shares at 1083.34 on 2024-10-11 18:45:00+00:00
2024-11-11 10:53:39,678 - Short Sell 18.00 shares at 1086.17 on 2024-10-11 19:00:00+00:00
2024-11-11 10:53:39,678 - Short Sell 18.00 shares at 1085.41 on 2024-10-11 19:15:00+00:00
2024-11-11 10:53:39,678 - Short Sell 18.00 shares at 1084.8 on 2024-10-11 19:30:00+00:00
2024-11-11 10:53:39,678 - Short Sell 18.00 shares at 1085.52 on 2024-10-11 19:45:00+00:00
2024-11-11 10:53:39,678 - Short Sell 18.00 shares at 1093.41 on 2024-10-14 13:30:00+00:00
2024-11-11 10:53:39,678 - Short Sell 18.00 shares at 1085.42 on 2024-10-14 13:45:00+00:00
2024-11-11 10:53:39,678 - Short Sell 18.00 shares at 1087.1 on 2024-10-14 14:00:00+00:00
2024-11-11 10:53:39,678 - Short Sell 18.00 shares at 1087.0 on 2024-10-14 14:15:00+00:00
2024-11-11 10:53:39,678 - Short Sell 18.00 shares at 1093.22 on 2024-10-14 14:30:00+00:00
2024-11-11 10:53:39,678 - Short Sell 18.00 shares at 1095.04 on 2024-10-14 14:45:00+00:00
2024-11-11 10:53:39,678 - Short Sell 18.00 shares at 1093.39 on 2024-10-14 15:00:00+00:00
2024-11-11 10:53:39,678 - Short Sell 18.00 shares at 1093.39 on 2024-10-14 15:15:00+00:00
2024-11-11 10:53:39,678 - Short Sell 18.00 shares at 1098.04 on 2024-10-14 15:30:00+00:00
2024-11-11 10:53:39,678 - Short Sell 18.00 shares at 1098.75 on 2024-10-14 15:45:00+00:00
2024-11-11 10:53:39,678 - Short Sell 18.00 shares at 1100.4 on 2024-10-14 16:00:00+00:00
2024-11-11 10:53:39,678 - Short Sell 18.00 shares at 1101.18 on 2024-10-14 16:15:00+00:00
2024-11-11 10:53:39,678 - Short Sell 18.00 shares at 1098.14 on 2024-10-14 16:30:00+00:00
2024-11-11 10:53:39,678 - Short Sell 18.00 shares at 1095.94 on 2024-10-14 16:45:00+00:00
2024-11-11 10:53:39,678 - Short Sell 18.00 shares at 1097.08 on 2024-10-14 17:00:00+00:00
2024-11-11 10:53:39,678 - Short Sell 18.00 shares at 1096.19 on 2024-10-14 17:15:00+00:00
2024-11-11 10:53:39,679 - Short Sell 18.00 shares at 1096.27 on 2024-10-14 17:30:00+00:00
2024-11-11 10:53:39,679 - Short Sell 18.00 shares at 1096.27 on 2024-10-14 17:45:00+00:00
2024-11-11 10:53:39,679 - Short Sell 18.00 shares at 1100.21 on 2024-10-14 18:00:00+00:00
2024-11-11 10:53:39,679 - Short Sell 17.00 shares at 1101.4 on 2024-10-14 18:15:00+00:00
2024-11-11 10:53:39,679 - Short Sell 17.00 shares at 1101.92 on 2024-10-14 18:30:00+00:00
2024-11-11 10:53:39,679 - Short Sell 17.00 shares at 1102.59 on 2024-10-14 18:45:00+00:00
2024-11-11 10:53:39,679 - Short Sell 17.00 shares at 1103.13 on 2024-10-14 19:00:00+00:00
2024-11-11 10:53:39,679 - Short Sell 17.00 shares at 1102.16 on 2024-10-14 19:15:00+00:00
2024-11-11 10:53:39,679 - Short Sell 18.00 shares at 1100.29 on 2024-10-14 19:30:00+00:00
2024-11-11 10:53:39,679 - Short Sell 18.00 shares at 1098.94 on 2024-10-14 19:45:00+00:00
2024-11-11 10:53:39,679 - Short Sell 18.00 shares at 1098.37 on 2024-10-15 13:30:00+00:00
2024-11-11 10:53:39,679 - Short Sell 18.00 shares at 1099.33 on 2024-10-15 13:45:00+00:00
2024-11-11 10:53:39,679 - Short Sell 17.00 shares at 1101.87 on 2024-10-15 14:00:00+00:00
2024-11-11 10:53:39,679 - Short Sell 17.00 shares at 1104.78 on 2024-10-15 14:15:00+00:00
2024-11-11 10:53:39,679 - Short Sell 17.00 shares at 1104.28 on 2024-10-15 14:30:00+00:00
2024-11-11 10:53:39,679 - Short Sell 17.00 shares at 1102.2 on 2024-10-15 14:45:00+00:00
2024-11-11 10:53:39,679 - Short Sell 17.00 shares at 1102.33 on 2024-10-15 15:00:00+00:00
2024-11-11 10:53:39,679 - Short Sell 17.00 shares at 1101.53 on 2024-10-15 15:15:00+00:00
2024-11-11 10:53:39,679 - Short Sell 18.00 shares at 1099.99 on 2024-10-15 15:30:00+00:00
2024-11-11 10:53:39,679 - Short Sell 18.00 shares at 1100.45 on 2024-10-15 15:45:00+00:00
2024-11-11 10:53:39,679 - Short Sell 18.00 shares at 1097.02 on 2024-10-15 16:00:00+00:00
2024-11-11 10:53:39,679 - Short Sell 18.00 shares at 1097.63 on 2024-10-15 16:15:00+00:00
2024-11-11 10:53:39,680 - Buy to cover -1069.00 shares at 1097.12 on 2024-10-15 16:30:00+00:00 (Exit: Signal, Profit: -5143.069999998838, Duration: 5880.0 minutes)
2024-11-11 10:53:39,680 - Long Buy 18.00 shares at 1096.85 on 2024-10-15 16:45:00+00:00
2024-11-11 10:53:39,680 - Long Buy 17.00 shares at 1097.03 on 2024-10-15 17:15:00+00:00
2024-11-11 10:53:39,680 - Sell to close 35.00 shares at 1098.14 on 2024-10-15 17:30:00+00:00 (Exit: Signal, Profit: 42.09000000000856, Duration: 45.0 minutes)
2024-11-11 10:53:39,680 - Long Buy 18.00 shares at 1096.03 on 2024-10-15 17:45:00+00:00
2024-11-11 10:53:39,680 - Long Buy 17.00 shares at 1094.4 on 2024-10-15 18:00:00+00:00
2024-11-11 10:53:39,680 - Long Buy 17.00 shares at 1092.2 on 2024-10-15 18:15:00+00:00
2024-11-11 10:53:39,680 - Long Buy 17.00 shares at 1091.32 on 2024-10-15 18:30:00+00:00
2024-11-11 10:53:39,680 - Long Buy 16.00 shares at 1092.24 on 2024-10-15 18:45:00+00:00
2024-11-11 10:53:39,680 - Long Buy 16.00 shares at 1092.51 on 2024-10-15 19:00:00+00:00
2024-11-11 10:53:39,680 - Long Buy 16.00 shares at 1090.05 on 2024-10-15 19:15:00+00:00
2024-11-11 10:53:39,680 - Long Buy 15.00 shares at 1089.4 on 2024-10-15 19:30:00+00:00
2024-11-11 10:53:39,680 - Long Buy 15.00 shares at 1086.56 on 2024-10-15 19:45:00+00:00
2024-11-11 10:53:39,680 - Sell to close 147.00 shares at 1102.82 on 2024-10-16 13:30:00+00:00 (Exit: Signal, Profit: 1625.15999999997, Duration: 1185.0 minutes)
2024-11-11 10:53:39,680 - Short Sell 17.00 shares at 1108.76 on 2024-10-16 13:45:00+00:00
2024-11-11 10:53:39,680 - Short Sell 17.00 shares at 1112.92 on 2024-10-16 14:00:00+00:00
2024-11-11 10:53:39,680 - Short Sell 17.00 shares at 1112.49 on 2024-10-16 14:15:00+00:00
2024-11-11 10:53:39,680 - Short Sell 17.00 shares at 1113.82 on 2024-10-16 14:30:00+00:00
2024-11-11 10:53:39,680 - Short Sell 17.00 shares at 1112.65 on 2024-10-16 14:45:00+00:00
2024-11-11 10:53:39,681 - Short Sell 17.00 shares at 1108.67 on 2024-10-16 15:00:00+00:00
2024-11-11 10:53:39,681 - Short Sell 17.00 shares at 1111.44 on 2024-10-16 15:15:00+00:00
2024-11-11 10:53:39,681 - Short Sell 17.00 shares at 1112.98 on 2024-10-16 15:30:00+00:00
2024-11-11 10:53:39,681 - Short Sell 17.00 shares at 1112.68 on 2024-10-16 15:45:00+00:00
2024-11-11 10:53:39,681 - Short Sell 17.00 shares at 1113.14 on 2024-10-16 16:00:00+00:00
2024-11-11 10:53:39,681 - Short Sell 17.00 shares at 1113.91 on 2024-10-16 16:15:00+00:00
2024-11-11 10:53:39,681 - Short Sell 17.00 shares at 1113.17 on 2024-10-16 16:30:00+00:00
2024-11-11 10:53:39,681 - Short Sell 17.00 shares at 1112.4 on 2024-10-16 16:45:00+00:00
2024-11-11 10:53:39,681 - Short Sell 17.00 shares at 1112.46 on 2024-10-16 17:00:00+00:00
2024-11-11 10:53:39,681 - Short Sell 17.00 shares at 1111.93 on 2024-10-16 17:15:00+00:00
2024-11-11 10:53:39,681 - Buy to cover -255.00 shares at 1110.65 on 2024-10-16 17:30:00+00:00 (Exit: Signal, Profit: 402.3899999999935, Duration: 225.0 minutes)
2024-11-11 10:53:39,681 - Long Buy 17.00 shares at 1111.72 on 2024-10-16 18:00:00+00:00
2024-11-11 10:53:39,681 - Sell to close 17.00 shares at 1112.99 on 2024-10-16 18:15:00+00:00 (Exit: Signal, Profit: 21.58999999999969, Duration: 15.0 minutes)
2024-11-11 10:53:39,681 - Short Sell 17.00 shares at 1114.38 on 2024-10-16 19:30:00+00:00
2024-11-11 10:53:39,681 - Short Sell 17.00 shares at 1113.76 on 2024-10-16 19:45:00+00:00
2024-11-11 10:53:39,681 - Buy to cover -34.00 shares at 1111.37 on 2024-10-17 13:30:00+00:00 (Exit: Signal, Profit: 91.80000000000928, Duration: 1080.0 minutes)
2024-11-11 10:53:39,681 - Long Buy 18.00 shares at 1106.68 on 2024-10-17 13:45:00+00:00
2024-11-11 10:53:39,681 - Long Buy 17.00 shares at 1110.33 on 2024-10-17 15:00:00+00:00
2024-11-11 10:53:39,681 - Long Buy 17.00 shares at 1110.38 on 2024-10-17 15:15:00+00:00
2024-11-11 10:53:39,682 - Sell to close 52.00 shares at 1113.82 on 2024-10-17 15:45:00+00:00 (Exit: Signal, Profit: 246.329999999979, Duration: 120.0 minutes)
2024-11-11 10:53:39,682 - Short Sell 17.00 shares at 1114.04 on 2024-10-17 16:00:00+00:00
2024-11-11 10:53:39,682 - Short Sell 17.00 shares at 1114.58 on 2024-10-17 16:15:00+00:00
2024-11-11 10:53:39,682 - Short Sell 17.00 shares at 1115.68 on 2024-10-17 16:30:00+00:00
2024-11-11 10:53:39,682 - Short Sell 17.00 shares at 1116.97 on 2024-10-17 16:45:00+00:00
2024-11-11 10:53:39,682 - Short Sell 17.00 shares at 1116.97 on 2024-10-17 17:00:00+00:00
2024-11-11 10:53:39,682 - Short Sell 17.00 shares at 1117.29 on 2024-10-17 17:15:00+00:00
2024-11-11 10:53:39,682 - Short Sell 17.00 shares at 1115.86 on 2024-10-17 17:30:00+00:00
2024-11-11 10:53:39,682 - Short Sell 17.00 shares at 1115.86 on 2024-10-17 17:45:00+00:00
2024-11-11 10:53:39,682 - Short Sell 17.00 shares at 1114.26 on 2024-10-17 18:00:00+00:00
2024-11-11 10:53:39,682 - Short Sell 17.00 shares at 1115.15 on 2024-10-17 18:15:00+00:00
2024-11-11 10:53:39,682 - Short Sell 17.00 shares at 1115.78 on 2024-10-17 18:30:00+00:00
2024-11-11 10:53:39,682 - Short Sell 17.00 shares at 1118.12 on 2024-10-17 18:45:00+00:00
2024-11-11 10:53:39,682 - Short Sell 17.00 shares at 1119.25 on 2024-10-17 19:00:00+00:00
2024-11-11 10:53:39,682 - Short Sell 17.00 shares at 1117.65 on 2024-10-17 19:15:00+00:00
2024-11-11 10:53:39,682 - Short Sell 17.00 shares at 1116.28 on 2024-10-17 19:30:00+00:00
2024-11-11 10:53:39,682 - Short Sell 17.00 shares at 1119.96 on 2024-10-17 19:45:00+00:00
2024-11-11 10:53:39,682 - Short Sell 17.00 shares at 1122.96 on 2024-10-18 13:30:00+00:00
2024-11-11 10:53:39,682 - Short Sell 17.00 shares at 1120.07 on 2024-10-18 13:45:00+00:00
2024-11-11 10:53:39,682 - Short Sell 17.00 shares at 1120.57 on 2024-10-18 14:00:00+00:00
2024-11-11 10:53:39,682 - Short Sell 17.00 shares at 1118.25 on 2024-10-18 14:15:00+00:00
2024-11-11 10:53:39,682 - Short Sell 17.00 shares at 1121.59 on 2024-10-18 14:30:00+00:00
2024-11-11 10:53:39,682 - Short Sell 17.00 shares at 1123.26 on 2024-10-18 14:45:00+00:00
2024-11-11 10:53:39,682 - Short Sell 17.00 shares at 1122.58 on 2024-10-18 15:00:00+00:00
2024-11-11 10:53:39,682 - Short Sell 17.00 shares at 1123.73 on 2024-10-18 15:15:00+00:00
2024-11-11 10:53:39,682 - Short Sell 17.00 shares at 1122.59 on 2024-10-18 15:30:00+00:00
2024-11-11 10:53:39,682 - Short Sell 17.00 shares at 1121.28 on 2024-10-18 15:45:00+00:00
2024-11-11 10:53:39,682 - Short Sell 17.00 shares at 1119.45 on 2024-10-18 16:00:00+00:00
2024-11-11 10:53:39,682 - Short Sell 17.00 shares at 1123.24 on 2024-10-18 16:15:00+00:00
2024-11-11 10:53:39,683 - Short Sell 17.00 shares at 1123.1 on 2024-10-18 16:30:00+00:00
2024-11-11 10:53:39,683 - Short Sell 17.00 shares at 1124.49 on 2024-10-18 16:45:00+00:00
2024-11-11 10:53:39,683 - Short Sell 17.00 shares at 1125.3 on 2024-10-18 17:00:00+00:00
2024-11-11 10:53:39,683 - Short Sell 17.00 shares at 1122.91 on 2024-10-18 17:15:00+00:00
2024-11-11 10:53:39,683 - Short Sell 17.00 shares at 1124.87 on 2024-10-18 17:30:00+00:00
2024-11-11 10:53:39,683 - Short Sell 17.00 shares at 1122.88 on 2024-10-18 17:45:00+00:00
2024-11-11 10:53:39,683 - Short Sell 17.00 shares at 1123.74 on 2024-10-18 18:00:00+00:00
2024-11-11 10:53:39,683 - Short Sell 17.00 shares at 1126.2 on 2024-10-18 18:15:00+00:00
2024-11-11 10:53:39,683 - Short Sell 17.00 shares at 1125.26 on 2024-10-18 18:30:00+00:00
2024-11-11 10:53:39,683 - Short Sell 17.00 shares at 1127.53 on 2024-10-18 18:45:00+00:00
2024-11-11 10:53:39,683 - Short Sell 17.00 shares at 1127.26 on 2024-10-18 19:00:00+00:00
2024-11-11 10:53:39,683 - Short Sell 17.00 shares at 1126.11 on 2024-10-18 19:15:00+00:00
2024-11-11 10:53:39,683 - Short Sell 17.00 shares at 1126.52 on 2024-10-18 19:30:00+00:00
2024-11-11 10:53:39,683 - Buy to cover -697.00 shares at 1125.26 on 2024-10-18 19:45:00+00:00 (Exit: Signal, Profit: -3165.7399999996564, Duration: 1665.0 minutes)
2024-11-11 10:53:39,683 - Short Sell 17.00 shares at 1127.87 on 2024-10-21 13:30:00+00:00
2024-11-11 10:53:39,683 - Short Sell 17.00 shares at 1128.5 on 2024-10-21 13:45:00+00:00
2024-11-11 10:53:39,683 - Short Sell 17.00 shares at 1126.97 on 2024-10-21 14:00:00+00:00
2024-11-11 10:53:39,683 - Buy to cover -51.00 shares at 1125.67 on 2024-10-21 14:15:00+00:00 (Exit: Signal, Profit: 107.6099999999949, Duration: 45.0 minutes)
2024-11-11 10:53:39,683 - Long Buy 17.00 shares at 1124.86 on 2024-10-21 14:30:00+00:00
2024-11-11 10:53:39,683 - Long Buy 17.00 shares at 1119.82 on 2024-10-21 14:45:00+00:00
2024-11-11 10:53:39,683 - Long Buy 17.00 shares at 1116.43 on 2024-10-21 15:00:00+00:00
2024-11-11 10:53:39,683 - Long Buy 16.00 shares at 1113.83 on 2024-10-21 15:15:00+00:00
2024-11-11 10:53:39,683 - Long Buy 16.00 shares at 1114.66 on 2024-10-21 15:30:00+00:00
2024-11-11 10:53:39,683 - Long Buy 16.00 shares at 1116.23 on 2024-10-21 15:45:00+00:00
2024-11-11 10:53:39,683 - Long Buy 15.00 shares at 1115.52 on 2024-10-21 16:00:00+00:00
2024-11-11 10:53:39,683 - Long Buy 15.00 shares at 1117.56 on 2024-10-21 16:15:00+00:00
2024-11-11 10:53:39,684 - Long Buy 15.00 shares at 1119.25 on 2024-10-21 16:30:00+00:00
2024-11-11 10:53:39,684 - Long Buy 14.00 shares at 1121.5 on 2024-10-21 16:45:00+00:00
2024-11-11 10:53:39,684 - Long Buy 14.00 shares at 1121.56 on 2024-10-21 17:00:00+00:00
2024-11-11 10:53:39,684 - Long Buy 14.00 shares at 1121.36 on 2024-10-21 17:15:00+00:00
2024-11-11 10:53:39,684 - Long Buy 14.00 shares at 1120.91 on 2024-10-21 17:30:00+00:00
2024-11-11 10:53:39,684 - Long Buy 13.00 shares at 1122.91 on 2024-10-21 17:45:00+00:00
2024-11-11 10:53:39,684 - Long Buy 13.00 shares at 1121.69 on 2024-10-21 18:00:00+00:00
2024-11-11 10:53:39,684 - Long Buy 13.00 shares at 1121.03 on 2024-10-21 18:15:00+00:00
2024-11-11 10:53:39,684 - Long Buy 12.00 shares at 1120.66 on 2024-10-21 18:30:00+00:00
2024-11-11 10:53:39,684 - Long Buy 12.00 shares at 1121.5 on 2024-10-21 18:45:00+00:00
2024-11-11 10:53:39,684 - Long Buy 12.00 shares at 1121.43 on 2024-10-21 19:00:00+00:00
2024-11-11 10:53:39,684 - Long Buy 12.00 shares at 1119.41 on 2024-10-21 19:15:00+00:00
2024-11-11 10:53:39,684 - Long Buy 12.00 shares at 1119.24 on 2024-10-21 19:30:00+00:00
2024-11-11 10:53:39,684 - Long Buy 11.00 shares at 1120.66 on 2024-10-21 19:45:00+00:00
2024-11-11 10:53:39,684 - Long Buy 11.00 shares at 1107.13 on 2024-10-22 13:30:00+00:00
2024-11-11 10:53:39,684 - Long Buy 11.00 shares at 1107.87 on 2024-10-22 13:45:00+00:00
2024-11-11 10:53:39,684 - Long Buy 11.00 shares at 1107.06 on 2024-10-22 14:00:00+00:00
2024-11-11 10:53:39,684 - Long Buy 11.00 shares at 1097.87 on 2024-10-22 14:15:00+00:00
2024-11-11 10:53:39,684 - Long Buy 10.00 shares at 1095.11 on 2024-10-22 14:30:00+00:00
2024-11-11 10:53:39,684 - Long Buy 10.00 shares at 1098.25 on 2024-10-22 14:45:00+00:00
2024-11-11 10:53:39,684 - Long Buy 10.00 shares at 1098.32 on 2024-10-22 15:00:00+00:00
2024-11-11 10:53:39,684 - Long Buy 10.00 shares at 1098.55 on 2024-10-22 15:15:00+00:00
2024-11-11 10:53:39,684 - Long Buy 10.00 shares at 1100.76 on 2024-10-22 15:30:00+00:00
2024-11-11 10:53:39,684 - Long Buy 9.00 shares at 1101.12 on 2024-10-22 15:45:00+00:00
2024-11-11 10:53:39,684 - Long Buy 9.00 shares at 1101.18 on 2024-10-22 16:00:00+00:00
2024-11-11 10:53:39,684 - Long Buy 9.00 shares at 1101.3 on 2024-10-22 16:15:00+00:00
2024-11-11 10:53:39,684 - Long Buy 9.00 shares at 1103.45 on 2024-10-22 16:30:00+00:00
2024-11-11 10:53:39,684 - Long Buy 9.00 shares at 1104.67 on 2024-10-22 16:45:00+00:00
2024-11-11 10:53:39,684 - Long Buy 8.00 shares at 1104.21 on 2024-10-22 17:00:00+00:00
2024-11-11 10:53:39,684 - Long Buy 8.00 shares at 1102.32 on 2024-10-22 17:15:00+00:00
2024-11-11 10:53:39,684 - Long Buy 8.00 shares at 1103.86 on 2024-10-22 17:30:00+00:00
2024-11-11 10:53:39,685 - Long Buy 8.00 shares at 1104.7 on 2024-10-22 17:45:00+00:00
2024-11-11 10:53:39,685 - Long Buy 8.00 shares at 1104.71 on 2024-10-22 18:00:00+00:00
2024-11-11 10:53:39,685 - Long Buy 8.00 shares at 1104.71 on 2024-10-22 18:15:00+00:00
2024-11-11 10:53:39,685 - Long Buy 7.00 shares at 1104.74 on 2024-10-22 18:30:00+00:00
2024-11-11 10:53:39,685 - Long Buy 7.00 shares at 1103.82 on 2024-10-22 18:45:00+00:00
2024-11-11 10:53:39,685 - Long Buy 7.00 shares at 1102.49 on 2024-10-22 19:00:00+00:00
2024-11-11 10:53:39,685 - Long Buy 7.00 shares at 1103.97 on 2024-10-22 19:15:00+00:00
2024-11-11 10:53:39,685 - Long Buy 7.00 shares at 1102.91 on 2024-10-22 19:30:00+00:00
2024-11-11 10:53:39,685 - Long Buy 7.00 shares at 1099.57 on 2024-10-22 19:45:00+00:00
2024-11-11 10:53:39,685 - Long Buy 7.00 shares at 1097.16 on 2024-10-23 13:30:00+00:00
2024-11-11 10:53:39,685 - Long Buy 7.00 shares at 1096.3 on 2024-10-23 13:45:00+00:00
2024-11-11 10:53:39,685 - Long Buy 6.00 shares at 1094.79 on 2024-10-23 14:00:00+00:00
2024-11-11 10:53:39,685 - Long Buy 6.00 shares at 1096.65 on 2024-10-23 14:15:00+00:00
2024-11-11 10:53:39,685 - Long Buy 6.00 shares at 1094.93 on 2024-10-23 14:30:00+00:00
2024-11-11 10:53:39,685 - Long Buy 6.00 shares at 1094.85 on 2024-10-23 14:45:00+00:00
2024-11-11 10:53:39,685 - Long Buy 6.00 shares at 1094.85 on 2024-10-23 15:00:00+00:00
2024-11-11 10:53:39,685 - Sell to close 583.00 shares at 1089.62 on 2024-10-23 15:15:00+00:00 (Exit: Stop_loss, Profit: -12456.660000000058, Duration: 2925.0 minutes)
2024-11-11 10:53:39,685 - Long Buy 18.00 shares at 1085.77 on 2024-10-24 13:30:00+00:00
2024-11-11 10:53:39,685 - Long Buy 17.00 shares at 1087.65 on 2024-10-24 13:45:00+00:00
2024-11-11 10:53:39,685 - Long Buy 17.00 shares at 1089.79 on 2024-10-24 14:00:00+00:00
2024-11-11 10:53:39,685 - Long Buy 16.00 shares at 1090.36 on 2024-10-24 14:15:00+00:00
2024-11-11 10:53:39,685 - Long Buy 16.00 shares at 1091.11 on 2024-10-24 14:30:00+00:00
2024-11-11 10:53:39,685 - Long Buy 16.00 shares at 1089.03 on 2024-10-24 14:45:00+00:00
2024-11-11 10:53:39,685 - Long Buy 16.00 shares at 1088.56 on 2024-10-24 15:00:00+00:00
2024-11-11 10:53:39,686 - Long Buy 15.00 shares at 1087.57 on 2024-10-24 15:15:00+00:00
2024-11-11 10:53:39,686 - Long Buy 15.00 shares at 1087.55 on 2024-10-24 15:30:00+00:00
2024-11-11 10:53:39,686 - Long Buy 15.00 shares at 1089.45 on 2024-10-24 15:45:00+00:00
2024-11-11 10:53:39,686 - Long Buy 14.00 shares at 1086.87 on 2024-10-24 16:00:00+00:00
2024-11-11 10:53:39,686 - Long Buy 14.00 shares at 1087.77 on 2024-10-24 16:15:00+00:00
2024-11-11 10:53:39,686 - Long Buy 14.00 shares at 1089.07 on 2024-10-24 16:30:00+00:00
2024-11-11 10:53:39,686 - Long Buy 13.00 shares at 1088.67 on 2024-10-24 16:45:00+00:00
2024-11-11 10:53:39,686 - Long Buy 13.00 shares at 1088.67 on 2024-10-24 17:00:00+00:00
2024-11-11 10:53:39,686 - Sell to close 229.00 shares at 1092.25 on 2024-10-24 17:15:00+00:00 (Exit: Signal, Profit: 854.0400000000245, Duration: 225.0 minutes)
2024-11-11 10:53:39,686 - Short Sell 17.00 shares at 1092.17 on 2024-10-24 17:30:00+00:00
2024-11-11 10:53:39,686 - Short Sell 18.00 shares at 1091.63 on 2024-10-24 17:45:00+00:00
2024-11-11 10:53:39,686 - Buy to cover -35.00 shares at 1087.5 on 2024-10-24 18:30:00+00:00 (Exit: Signal, Profit: 153.73000000000616, Duration: 60.0 minutes)
2024-11-11 10:53:39,686 - Long Buy 18.00 shares at 1086.0 on 2024-10-24 18:45:00+00:00
2024-11-11 10:53:39,686 - Long Buy 17.00 shares at 1086.53 on 2024-10-24 19:00:00+00:00
2024-11-11 10:53:39,686 - Long Buy 17.00 shares at 1084.56 on 2024-10-24 19:15:00+00:00
2024-11-11 10:53:39,686 - Long Buy 17.00 shares at 1084.91 on 2024-10-24 19:30:00+00:00
2024-11-11 10:53:39,686 - Long Buy 16.00 shares at 1082.08 on 2024-10-24 19:45:00+00:00
2024-11-11 10:53:39,686 - Sell to close 85.00 shares at 1090.51 on 2024-10-25 13:45:00+00:00 (Exit: Signal, Profit: 480.07000000000403, Duration: 1140.0 minutes)
2024-11-11 10:53:39,686 - Short Sell 17.00 shares at 1095.12 on 2024-10-25 14:00:00+00:00
2024-11-11 10:53:39,686 - Short Sell 17.00 shares at 1097.53 on 2024-10-25 14:15:00+00:00
2024-11-11 10:53:39,686 - Short Sell 18.00 shares at 1090.85 on 2024-10-25 14:30:00+00:00
2024-11-11 10:53:39,687 - Buy to cover -52.00 shares at 1088.24 on 2024-10-25 14:45:00+00:00 (Exit: Signal, Profit: 321.8699999999935, Duration: 45.0 minutes)
2024-11-11 10:53:39,687 - Long Buy 18.00 shares at 1086.55 on 2024-10-25 15:00:00+00:00
2024-11-11 10:53:39,687 - Long Buy 17.00 shares at 1085.01 on 2024-10-25 15:15:00+00:00
2024-11-11 10:53:39,687 - Long Buy 17.00 shares at 1085.6 on 2024-10-25 15:30:00+00:00
2024-11-11 10:53:39,687 - Long Buy 17.00 shares at 1087.67 on 2024-10-25 15:45:00+00:00
2024-11-11 10:53:39,687 - Long Buy 16.00 shares at 1086.08 on 2024-10-25 16:00:00+00:00
2024-11-11 10:53:39,687 - Long Buy 16.00 shares at 1088.48 on 2024-10-25 16:15:00+00:00
2024-11-11 10:53:39,687 - Long Buy 16.00 shares at 1088.01 on 2024-10-25 16:30:00+00:00
2024-11-11 10:53:39,687 - Long Buy 15.00 shares at 1087.85 on 2024-10-25 16:45:00+00:00
2024-11-11 10:53:39,687 - Long Buy 15.00 shares at 1086.5 on 2024-10-25 17:00:00+00:00
2024-11-11 10:53:39,687 - Long Buy 15.00 shares at 1086.14 on 2024-10-25 17:15:00+00:00
2024-11-11 10:53:39,687 - Long Buy 14.00 shares at 1085.71 on 2024-10-25 17:30:00+00:00
2024-11-11 10:53:39,687 - Sell to close 176.00 shares at 1088.97 on 2024-10-25 17:45:00+00:00 (Exit: Signal, Profit: 401.65000000001237, Duration: 165.0 minutes)
2024-11-11 10:53:39,687 - Long Buy 18.00 shares at 1086.58 on 2024-10-25 18:00:00+00:00
2024-11-11 10:53:39,687 - Sell to close 18.00 shares at 1089.8 on 2024-10-25 18:30:00+00:00 (Exit: Signal, Profit: 57.96000000000049, Duration: 30.0 minutes)
2024-11-11 10:53:39,687 - Short Sell 18.00 shares at 1092.75 on 2024-10-25 18:45:00+00:00
2024-11-11 10:53:39,687 - Short Sell 18.00 shares at 1090.99 on 2024-10-25 19:00:00+00:00
2024-11-11 10:53:39,687 - Short Sell 18.00 shares at 1091.27 on 2024-10-25 19:15:00+00:00
2024-11-11 10:53:39,687 - Short Sell 18.00 shares at 1091.5 on 2024-10-25 19:30:00+00:00
2024-11-11 10:53:39,687 - Short Sell 18.00 shares at 1090.89 on 2024-10-25 19:45:00+00:00
2024-11-11 10:53:39,687 - Short Sell 17.00 shares at 1106.69 on 2024-10-28 13:30:00+00:00
2024-11-11 10:53:39,687 - Short Sell 17.00 shares at 1102.95 on 2024-10-28 13:45:00+00:00
2024-11-11 10:53:39,687 - Short Sell 17.00 shares at 1097.26 on 2024-10-28 14:00:00+00:00
2024-11-11 10:53:39,688 - Short Sell 17.00 shares at 1100.87 on 2024-10-28 14:15:00+00:00
2024-11-11 10:53:39,688 - Short Sell 17.00 shares at 1098.76 on 2024-10-28 14:30:00+00:00
2024-11-11 10:53:39,688 - Short Sell 17.00 shares at 1099.96 on 2024-10-28 14:45:00+00:00
2024-11-11 10:53:39,688 - Short Sell 17.00 shares at 1101.45 on 2024-10-28 15:00:00+00:00
2024-11-11 10:53:39,688 - Short Sell 17.00 shares at 1096.7 on 2024-10-28 15:15:00+00:00
2024-11-11 10:53:39,688 - Short Sell 17.00 shares at 1095.72 on 2024-10-28 15:30:00+00:00
2024-11-11 10:53:39,688 - Short Sell 17.00 shares at 1100.79 on 2024-10-28 15:45:00+00:00
2024-11-11 10:53:39,688 - Short Sell 17.00 shares at 1103.12 on 2024-10-28 16:00:00+00:00
2024-11-11 10:53:39,688 - Short Sell 17.00 shares at 1102.87 on 2024-10-28 16:15:00+00:00
2024-11-11 10:53:39,688 - Short Sell 17.00 shares at 1103.11 on 2024-10-28 16:30:00+00:00
2024-11-11 10:53:39,688 - Short Sell 17.00 shares at 1103.13 on 2024-10-28 16:45:00+00:00
2024-11-11 10:53:39,688 - Short Sell 17.00 shares at 1102.77 on 2024-10-28 17:00:00+00:00
2024-11-11 10:53:39,688 - Short Sell 17.00 shares at 1102.9 on 2024-10-28 17:15:00+00:00
2024-11-11 10:53:39,688 - Short Sell 17.00 shares at 1105.28 on 2024-10-28 17:30:00+00:00
2024-11-11 10:53:39,688 - Short Sell 17.00 shares at 1104.72 on 2024-10-28 17:45:00+00:00
2024-11-11 10:53:39,688 - Buy to cover -396.00 shares at 1102.34 on 2024-10-28 18:00:00+00:00 (Exit: Signal, Profit: -1199.589999999892, Duration: 4275.0 minutes)
2024-11-11 10:53:39,688 - Long Buy 17.00 shares at 1102.34 on 2024-10-28 18:15:00+00:00
2024-11-11 10:53:39,688 - Long Buy 17.00 shares at 1104.22 on 2024-10-28 18:30:00+00:00
2024-11-11 10:53:39,688 - Sell to close 34.00 shares at 1106.72 on 2024-10-28 18:45:00+00:00 (Exit: Signal, Profit: 116.95999999999412, Duration: 30.0 minutes)
2024-11-11 10:53:39,688 - Short Sell 17.00 shares at 1106.78 on 2024-10-28 19:15:00+00:00
2024-11-11 10:53:39,688 - Short Sell 17.00 shares at 1105.89 on 2024-10-28 19:30:00+00:00
2024-11-11 10:53:39,688 - Buy to cover -34.00 shares at 1098.39 on 2024-10-29 13:30:00+00:00 (Exit: Signal, Profit: 270.12999999999784, Duration: 1095.0 minutes)
2024-11-11 10:53:39,688 - Long Buy 17.00 shares at 1098.98 on 2024-10-29 13:45:00+00:00
2024-11-11 10:53:39,688 - Long Buy 17.00 shares at 1102.12 on 2024-10-29 14:00:00+00:00
2024-11-11 10:53:39,689 - Long Buy 17.00 shares at 1103.09 on 2024-10-29 14:15:00+00:00
2024-11-11 10:53:39,689 - Sell to close 51.00 shares at 1106.56 on 2024-10-29 14:30:00+00:00 (Exit: Signal, Profit: 263.330000000004, Duration: 45.0 minutes)
2024-11-11 10:53:39,689 - Short Sell 17.00 shares at 1105.95 on 2024-10-29 14:45:00+00:00
2024-11-11 10:53:39,689 - Buy to cover -17.00 shares at 1101.94 on 2024-10-29 15:00:00+00:00 (Exit: Signal, Profit: 68.16999999999985, Duration: 15.0 minutes)
2024-11-11 10:53:39,689 - Long Buy 17.00 shares at 1099.07 on 2024-10-29 15:15:00+00:00
2024-11-11 10:53:39,689 - Long Buy 17.00 shares at 1099.47 on 2024-10-29 15:30:00+00:00
2024-11-11 10:53:39,689 - Long Buy 17.00 shares at 1102.67 on 2024-10-29 15:45:00+00:00
2024-11-11 10:53:39,689 - Long Buy 16.00 shares at 1103.9 on 2024-10-29 16:00:00+00:00
2024-11-11 10:53:39,689 - Long Buy 16.00 shares at 1103.53 on 2024-10-29 16:15:00+00:00
2024-11-11 10:53:39,689 - Long Buy 16.00 shares at 1103.34 on 2024-10-29 16:30:00+00:00
2024-11-11 10:53:39,689 - Long Buy 15.00 shares at 1101.62 on 2024-10-29 16:45:00+00:00
2024-11-11 10:53:39,689 - Long Buy 15.00 shares at 1102.53 on 2024-10-29 17:00:00+00:00
2024-11-11 10:53:39,689 - Long Buy 15.00 shares at 1100.81 on 2024-10-29 17:15:00+00:00
2024-11-11 10:53:39,689 - Long Buy 15.00 shares at 1098.79 on 2024-10-29 17:30:00+00:00
2024-11-11 10:53:39,689 - Long Buy 14.00 shares at 1101.09 on 2024-10-29 17:45:00+00:00
2024-11-11 10:53:39,689 - Long Buy 14.00 shares at 1101.0 on 2024-10-29 18:00:00+00:00
2024-11-11 10:53:39,689 - Long Buy 14.00 shares at 1102.16 on 2024-10-29 18:15:00+00:00
2024-11-11 10:53:39,689 - Long Buy 13.00 shares at 1103.04 on 2024-10-29 19:00:00+00:00
2024-11-11 10:53:39,689 - Long Buy 13.00 shares at 1101.86 on 2024-10-29 19:15:00+00:00
2024-11-11 10:53:39,689 - Long Buy 13.00 shares at 1101.61 on 2024-10-29 19:30:00+00:00
2024-11-11 10:53:39,689 - Long Buy 13.00 shares at 1099.17 on 2024-10-29 19:45:00+00:00
2024-11-11 10:53:39,689 - Long Buy 12.00 shares at 1097.05 on 2024-10-30 13:30:00+00:00
2024-11-11 10:53:39,689 - Long Buy 12.00 shares at 1103.4 on 2024-10-30 13:45:00+00:00
2024-11-11 10:53:39,689 - Sell to close 277.00 shares at 1105.97 on 2024-10-30 14:00:00+00:00 (Exit: Signal, Profit: 1265.8100000000595, Duration: 1365.0 minutes)
2024-11-11 10:53:39,690 - Long Buy 17.00 shares at 1102.39 on 2024-10-30 14:15:00+00:00
2024-11-11 10:53:39,690 - Long Buy 17.00 shares at 1101.5 on 2024-10-30 14:30:00+00:00
2024-11-11 10:53:39,690 - Long Buy 17.00 shares at 1103.21 on 2024-10-30 15:00:00+00:00
2024-11-11 10:53:39,690 - Sell to close 51.00 shares at 1105.45 on 2024-10-30 15:15:00+00:00 (Exit: Signal, Profit: 157.24999999999613, Duration: 60.0 minutes)
2024-11-11 10:53:39,690 - Short Sell 17.00 shares at 1109.81 on 2024-10-30 15:30:00+00:00
2024-11-11 10:53:39,690 - Short Sell 17.00 shares at 1107.83 on 2024-10-30 15:45:00+00:00
2024-11-11 10:53:39,690 - Buy to cover -34.00 shares at 1103.47 on 2024-10-30 16:00:00+00:00 (Exit: Signal, Profit: 181.90000000000464, Duration: 30.0 minutes)
2024-11-11 10:53:39,690 - Short Sell 17.00 shares at 1106.31 on 2024-10-30 17:00:00+00:00
2024-11-11 10:53:39,690 - Short Sell 17.00 shares at 1105.78 on 2024-10-30 17:15:00+00:00
2024-11-11 10:53:39,690 - Short Sell 17.00 shares at 1107.4 on 2024-10-30 17:45:00+00:00
2024-11-11 10:53:39,690 - Short Sell 17.00 shares at 1110.06 on 2024-10-30 18:00:00+00:00
2024-11-11 10:53:39,690 - Short Sell 17.00 shares at 1108.38 on 2024-10-30 18:15:00+00:00
2024-11-11 10:53:39,690 - Short Sell 17.00 shares at 1110.43 on 2024-10-30 18:30:00+00:00
2024-11-11 10:53:39,690 - Short Sell 17.00 shares at 1107.47 on 2024-10-30 18:45:00+00:00
2024-11-11 10:53:39,690 - Short Sell 17.00 shares at 1107.28 on 2024-10-30 19:00:00+00:00
2024-11-11 10:53:39,690 - Short Sell 17.00 shares at 1106.95 on 2024-10-30 19:15:00+00:00
2024-11-11 10:53:39,690 - Buy to cover -153.00 shares at 1098.87 on 2024-10-30 19:45:00+00:00 (Exit: Signal, Profit: 1363.9100000000235, Duration: 165.0 minutes)
2024-11-11 10:53:39,690 - Short Sell 17.00 shares at 1120.0 on 2024-10-31 13:30:00+00:00
2024-11-11 10:53:39,690 - Short Sell 17.00 shares at 1115.0 on 2024-10-31 13:45:00+00:00
2024-11-11 10:53:39,690 - Short Sell 17.00 shares at 1111.0 on 2024-10-31 14:00:00+00:00
2024-11-11 10:53:39,690 - Short Sell 17.00 shares at 1112.1 on 2024-10-31 14:15:00+00:00
2024-11-11 10:53:39,691 - Short Sell 17.00 shares at 1112.96 on 2024-10-31 14:30:00+00:00
2024-11-11 10:53:39,691 - Short Sell 17.00 shares at 1107.02 on 2024-10-31 14:45:00+00:00
2024-11-11 10:53:39,691 - Buy to cover -102.00 shares at 1094.72 on 2024-10-31 15:00:00+00:00 (Exit: Signal, Profit: 1865.919999999996, Duration: 90.0 minutes)
2024-11-11 10:53:39,691 - Long Buy 18.00 shares at 1097.34 on 2024-10-31 15:15:00+00:00
2024-11-11 10:53:39,691 - Sell to close 18.00 shares at 1102.84 on 2024-10-31 15:30:00+00:00 (Exit: Signal, Profit: 99.0, Duration: 15.0 minutes)
2024-11-11 10:53:39,691 - Long Buy 18.00 shares at 1096.3 on 2024-10-31 16:00:00+00:00
2024-11-11 10:53:39,691 - Sell to close 18.00 shares at 1103.98 on 2024-10-31 16:15:00+00:00 (Exit: Signal, Profit: 138.24000000000115, Duration: 15.0 minutes)
2024-11-11 10:53:39,691 - Short Sell 17.00 shares at 1106.73 on 2024-10-31 16:30:00+00:00
2024-11-11 10:53:39,691 - Short Sell 17.00 shares at 1105.61 on 2024-10-31 16:45:00+00:00
2024-11-11 10:53:39,691 - Short Sell 17.00 shares at 1108.8 on 2024-10-31 17:00:00+00:00
2024-11-11 10:53:39,691 - Short Sell 17.00 shares at 1113.47 on 2024-10-31 17:15:00+00:00
2024-11-11 10:53:39,691 - Short Sell 17.00 shares at 1119.82 on 2024-10-31 17:30:00+00:00
2024-11-11 10:53:39,691 - Short Sell 17.00 shares at 1118.52 on 2024-10-31 17:45:00+00:00
2024-11-11 10:53:39,691 - Short Sell 17.00 shares at 1118.09 on 2024-10-31 18:00:00+00:00
2024-11-11 10:53:39,691 - Short Sell 17.00 shares at 1116.67 on 2024-10-31 18:15:00+00:00
2024-11-11 10:53:39,691 - Short Sell 17.00 shares at 1115.76 on 2024-10-31 18:30:00+00:00
2024-11-11 10:53:39,691 - Short Sell 17.00 shares at 1119.83 on 2024-10-31 18:45:00+00:00
2024-11-11 10:53:39,691 - Short Sell 17.00 shares at 1117.24 on 2024-10-31 19:00:00+00:00
2024-11-11 10:53:39,691 - Short Sell 17.00 shares at 1112.59 on 2024-10-31 19:15:00+00:00
2024-11-11 10:53:39,691 - Short Sell 17.00 shares at 1112.35 on 2024-10-31 19:30:00+00:00
2024-11-11 10:53:39,691 - Short Sell 17.00 shares at 1109.15 on 2024-10-31 19:45:00+00:00
2024-11-11 10:53:39,691 - Short Sell 17.00 shares at 1104.79 on 2024-11-01 13:30:00+00:00
2024-11-11 10:53:39,691 - Short Sell 17.00 shares at 1106.71 on 2024-11-01 13:45:00+00:00
2024-11-11 10:53:39,691 - Short Sell 17.00 shares at 1114.63 on 2024-11-01 14:00:00+00:00
2024-11-11 10:53:39,691 - Short Sell 17.00 shares at 1117.32 on 2024-11-01 14:15:00+00:00
2024-11-11 10:53:39,692 - Buy to cover -306.00 shares at 1112.48 on 2024-11-01 14:30:00+00:00 (Exit: Signal, Profit: 228.48000000000093, Duration: 1320.0 minutes)
2024-11-11 10:53:39,692 - Long Buy 17.00 shares at 1110.35 on 2024-11-01 14:45:00+00:00
2024-11-11 10:53:39,692 - Long Buy 17.00 shares at 1113.46 on 2024-11-01 15:00:00+00:00
2024-11-11 10:53:39,692 - Long Buy 17.00 shares at 1112.34 on 2024-11-01 15:15:00+00:00
2024-11-11 10:53:39,692 - Long Buy 16.00 shares at 1108.41 on 2024-11-01 15:30:00+00:00
2024-11-11 10:53:39,692 - Long Buy 16.00 shares at 1108.35 on 2024-11-01 15:45:00+00:00
2024-11-11 10:53:39,692 - Long Buy 16.00 shares at 1108.76 on 2024-11-01 16:00:00+00:00
2024-11-11 10:53:39,692 - Long Buy 15.00 shares at 1109.68 on 2024-11-01 16:15:00+00:00
2024-11-11 10:53:39,692 - Long Buy 15.00 shares at 1108.9 on 2024-11-01 16:30:00+00:00
2024-11-11 10:53:39,692 - Long Buy 15.00 shares at 1106.94 on 2024-11-01 16:45:00+00:00
2024-11-11 10:53:39,692 - Long Buy 14.00 shares at 1106.5 on 2024-11-01 17:00:00+00:00
2024-11-11 10:53:39,692 - Long Buy 14.00 shares at 1106.75 on 2024-11-01 17:15:00+00:00
2024-11-11 10:53:39,692 - Long Buy 14.00 shares at 1105.0 on 2024-11-01 17:30:00+00:00
2024-11-11 10:53:39,692 - Long Buy 14.00 shares at 1105.45 on 2024-11-01 17:45:00+00:00
2024-11-11 10:53:39,692 - Long Buy 13.00 shares at 1103.04 on 2024-11-01 18:00:00+00:00
2024-11-11 10:53:39,692 - Long Buy 13.00 shares at 1105.14 on 2024-11-01 18:15:00+00:00
2024-11-11 10:53:39,692 - Long Buy 13.00 shares at 1106.9 on 2024-11-01 18:30:00+00:00
2024-11-11 10:53:39,692 - Long Buy 13.00 shares at 1106.6 on 2024-11-01 18:45:00+00:00
2024-11-11 10:53:39,692 - Long Buy 12.00 shares at 1107.58 on 2024-11-01 19:00:00+00:00
2024-11-11 10:53:39,692 - Long Buy 12.00 shares at 1106.3 on 2024-11-01 19:15:00+00:00
2024-11-11 10:53:39,692 - Long Buy 12.00 shares at 1105.76 on 2024-11-01 19:30:00+00:00
2024-11-11 10:53:39,692 - Long Buy 12.00 shares at 1105.08 on 2024-11-01 19:45:00+00:00
2024-11-11 10:53:39,692 - Long Buy 11.00 shares at 1101.53 on 2024-11-04 14:30:00+00:00
2024-11-11 10:53:39,692 - Long Buy 11.00 shares at 1104.02 on 2024-11-04 14:45:00+00:00
2024-11-11 10:53:39,692 - Long Buy 11.00 shares at 1099.51 on 2024-11-04 15:00:00+00:00
2024-11-11 10:53:39,692 - Long Buy 11.00 shares at 1097.36 on 2024-11-04 15:15:00+00:00
2024-11-11 10:53:39,692 - Long Buy 11.00 shares at 1097.68 on 2024-11-04 15:30:00+00:00
2024-11-11 10:53:39,692 - Long Buy 10.00 shares at 1094.99 on 2024-11-04 15:45:00+00:00
2024-11-11 10:53:39,692 - Long Buy 10.00 shares at 1099.65 on 2024-11-04 16:00:00+00:00
2024-11-11 10:53:39,693 - Long Buy 10.00 shares at 1101.6 on 2024-11-04 16:15:00+00:00
2024-11-11 10:53:39,693 - Long Buy 10.00 shares at 1097.9 on 2024-11-04 16:30:00+00:00
2024-11-11 10:53:39,693 - Long Buy 10.00 shares at 1098.29 on 2024-11-04 16:45:00+00:00
2024-11-11 10:53:39,693 - Long Buy 9.00 shares at 1096.56 on 2024-11-04 17:00:00+00:00
2024-11-11 10:53:39,693 - Long Buy 9.00 shares at 1100.41 on 2024-11-04 17:15:00+00:00
2024-11-11 10:53:39,693 - Long Buy 9.00 shares at 1098.57 on 2024-11-04 17:30:00+00:00
2024-11-11 10:53:39,693 - Long Buy 9.00 shares at 1099.04 on 2024-11-04 17:45:00+00:00
2024-11-11 10:53:39,693 - Long Buy 9.00 shares at 1097.31 on 2024-11-04 18:00:00+00:00
2024-11-11 10:53:39,693 - Long Buy 8.00 shares at 1097.32 on 2024-11-04 18:15:00+00:00
2024-11-11 10:53:39,693 - Long Buy 8.00 shares at 1097.52 on 2024-11-04 18:30:00+00:00
2024-11-11 10:53:39,693 - Long Buy 8.00 shares at 1096.29 on 2024-11-04 18:45:00+00:00
2024-11-11 10:53:39,693 - Long Buy 8.00 shares at 1097.79 on 2024-11-04 19:00:00+00:00
2024-11-11 10:53:39,693 - Long Buy 8.00 shares at 1096.11 on 2024-11-04 19:15:00+00:00
2024-11-11 10:53:39,693 - Long Buy 8.00 shares at 1096.47 on 2024-11-04 19:30:00+00:00
2024-11-11 10:53:39,693 - Long Buy 8.00 shares at 1096.48 on 2024-11-04 19:45:00+00:00
2024-11-11 10:53:39,693 - Long Buy 7.00 shares at 1096.08 on 2024-11-04 20:00:00+00:00
2024-11-11 10:53:39,693 - Long Buy 7.00 shares at 1096.57 on 2024-11-04 20:15:00+00:00
2024-11-11 10:53:39,693 - Long Buy 7.00 shares at 1096.38 on 2024-11-04 20:30:00+00:00
2024-11-11 10:53:39,693 - Long Buy 7.00 shares at 1095.99 on 2024-11-04 20:45:00+00:00
2024-11-11 10:53:39,693 - Long Buy 7.00 shares at 1097.85 on 2024-11-05 14:30:00+00:00
2024-11-11 10:53:39,693 - Sell to close 541.00 shares at 1103.8 on 2024-11-05 15:00:00+00:00 (Exit: Signal, Profit: 183.50999999984606, Duration: 5775.0 minutes)
2024-11-11 10:53:39,693 - Short Sell 17.00 shares at 1110.34 on 2024-11-05 15:15:00+00:00
2024-11-11 10:53:39,693 - Short Sell 17.00 shares at 1110.89 on 2024-11-05 15:30:00+00:00
2024-11-11 10:53:39,693 - Short Sell 17.00 shares at 1111.97 on 2024-11-05 15:45:00+00:00
2024-11-11 10:53:39,693 - Short Sell 17.00 shares at 1111.94 on 2024-11-05 16:00:00+00:00
2024-11-11 10:53:39,693 - Short Sell 17.00 shares at 1112.77 on 2024-11-05 16:15:00+00:00
2024-11-11 10:53:39,693 - Short Sell 17.00 shares at 1113.5 on 2024-11-05 16:30:00+00:00
2024-11-11 10:53:39,694 - Short Sell 17.00 shares at 1113.14 on 2024-11-05 16:45:00+00:00
2024-11-11 10:53:39,694 - Short Sell 17.00 shares at 1113.82 on 2024-11-05 17:00:00+00:00
2024-11-11 10:53:39,694 - Short Sell 17.00 shares at 1115.28 on 2024-11-05 17:15:00+00:00
2024-11-11 10:53:39,694 - Buy to cover -153.00 shares at 1115.28 on 2024-11-05 17:30:00+00:00 (Exit: Signal, Profit: -405.7899999999672, Duration: 135.0 minutes)
2024-11-11 10:53:39,694 - Long Buy 17.00 shares at 1113.81 on 2024-11-05 17:45:00+00:00
2024-11-11 10:53:39,694 - Sell to close 17.00 shares at 1116.14 on 2024-11-05 18:00:00+00:00 (Exit: Signal, Profit: 39.61000000000263, Duration: 15.0 minutes)
2024-11-11 10:53:39,694 - Short Sell 17.00 shares at 1119.05 on 2024-11-05 18:45:00+00:00
2024-11-11 10:53:39,694 - Short Sell 17.00 shares at 1119.05 on 2024-11-05 19:00:00+00:00
2024-11-11 10:53:39,694 - Short Sell 17.00 shares at 1120.79 on 2024-11-05 19:15:00+00:00
2024-11-11 10:53:39,694 - Short Sell 17.00 shares at 1122.18 on 2024-11-05 19:30:00+00:00
2024-11-11 10:53:39,694 - Short Sell 17.00 shares at 1116.46 on 2024-11-05 19:45:00+00:00
2024-11-11 10:53:39,694 - Short Sell 17.00 shares at 1116.77 on 2024-11-05 20:00:00+00:00
2024-11-11 10:53:39,694 - Short Sell 17.00 shares at 1116.86 on 2024-11-05 20:15:00+00:00
2024-11-11 10:53:39,694 - Short Sell 17.00 shares at 1119.07 on 2024-11-05 20:30:00+00:00
2024-11-11 10:53:39,694 - Short Sell 17.00 shares at 1122.27 on 2024-11-05 20:45:00+00:00
2024-11-11 10:53:39,694 - Buy to cover -153.00 shares at 1171.93 on 2024-11-06 14:30:00+00:00 (Exit: Stop_loss, Profit: -8072.789999999998, Duration: 1185.0 minutes)
2024-11-11 10:53:39,694 - Short Sell 16.00 shares at 1186.52 on 2024-11-07 14:30:00+00:00
2024-11-11 10:53:39,694 - Short Sell 16.00 shares at 1190.33 on 2024-11-07 14:45:00+00:00
2024-11-11 10:53:39,695 - Short Sell 16.00 shares at 1189.31 on 2024-11-07 15:00:00+00:00
2024-11-11 10:53:39,695 - Short Sell 16.00 shares at 1188.23 on 2024-11-07 15:15:00+00:00
2024-11-11 10:53:39,695 - Short Sell 16.00 shares at 1191.18 on 2024-11-07 15:30:00+00:00
2024-11-11 10:53:39,695 - Short Sell 16.00 shares at 1190.73 on 2024-11-07 15:45:00+00:00
2024-11-11 10:53:39,695 - Short Sell 16.00 shares at 1188.39 on 2024-11-07 16:00:00+00:00
2024-11-11 10:53:39,695 - Short Sell 16.00 shares at 1190.29 on 2024-11-07 16:15:00+00:00
2024-11-11 10:53:39,695 - Buy to cover -128.00 shares at 1182.85 on 2024-11-07 16:45:00+00:00 (Exit: Signal, Profit: 834.8800000000047, Duration: 135.0 minutes)
2024-11-11 10:53:39,695 - Short Sell 16.00 shares at 1189.09 on 2024-11-07 17:00:00+00:00
2024-11-11 10:53:39,695 - Short Sell 16.00 shares at 1186.35 on 2024-11-07 17:15:00+00:00
2024-11-11 10:53:39,695 - Short Sell 16.00 shares at 1187.91 on 2024-11-07 17:30:00+00:00
2024-11-11 10:53:39,695 - Short Sell 16.00 shares at 1191.92 on 2024-11-07 17:45:00+00:00
2024-11-11 10:53:39,695 - Short Sell 16.00 shares at 1192.24 on 2024-11-07 18:00:00+00:00
2024-11-11 10:53:39,695 - Short Sell 16.00 shares at 1187.36 on 2024-11-07 18:15:00+00:00
2024-11-11 10:53:39,695 - Buy to cover -96.00 shares at 1183.16 on 2024-11-07 19:00:00+00:00 (Exit: Signal, Profit: 574.5599999999904, Duration: 120.0 minutes)
2024-11-11 10:53:39,695 - Long Buy 16.00 shares at 1181.9 on 2024-11-07 19:15:00+00:00
2024-11-11 10:53:39,695 - Long Buy 16.00 shares at 1179.93 on 2024-11-07 19:30:00+00:00
2024-11-11 10:53:39,695 - Sell to close 32.00 shares at 1183.2 on 2024-11-07 19:45:00+00:00 (Exit: Signal, Profit: 73.12000000000262, Duration: 30.0 minutes)
2024-11-11 10:53:39,695 - Short Sell 16.00 shares at 1186.46 on 2024-11-07 20:00:00+00:00
2024-11-11 10:53:39,695 - Short Sell 16.00 shares at 1188.05 on 2024-11-07 20:15:00+00:00
2024-11-11 10:53:39,695 - Short Sell 16.00 shares at 1185.1 on 2024-11-07 20:30:00+00:00
2024-11-11 10:53:39,695 - Short Sell 16.00 shares at 1189.14 on 2024-11-07 20:45:00+00:00
2024-11-11 10:53:39,695 - Short Sell 16.00 shares at 1190.43 on 2024-11-08 14:30:00+00:00
2024-11-11 10:53:39,695 - Short Sell 16.00 shares at 1192.1 on 2024-11-08 14:45:00+00:00
2024-11-11 10:53:39,696 - Short Sell 16.00 shares at 1195.74 on 2024-11-08 15:00:00+00:00
2024-11-11 10:53:39,696 - Short Sell 16.00 shares at 1199.74 on 2024-11-08 15:15:00+00:00
2024-11-11 10:53:39,696 - Short Sell 16.00 shares at 1198.96 on 2024-11-08 15:30:00+00:00
2024-11-11 10:53:39,696 - Short Sell 16.00 shares at 1197.9 on 2024-11-08 15:45:00+00:00
2024-11-11 10:53:39,696 - Short Sell 16.00 shares at 1195.71 on 2024-11-08 16:00:00+00:00
2024-11-11 10:53:39,696 - Short Sell 16.00 shares at 1196.58 on 2024-11-08 16:15:00+00:00
2024-11-11 10:53:39,696 - Short Sell 16.00 shares at 1197.2 on 2024-11-08 16:30:00+00:00
2024-11-11 10:53:39,696 - Short Sell 16.00 shares at 1200.2 on 2024-11-08 16:45:00+00:00
2024-11-11 10:53:39,696 - Short Sell 16.00 shares at 1197.54 on 2024-11-08 17:00:00+00:00
2024-11-11 10:53:39,696 - Short Sell 16.00 shares at 1199.82 on 2024-11-08 17:15:00+00:00
2024-11-11 10:53:39,696 - Short Sell 16.00 shares at 1200.02 on 2024-11-08 17:30:00+00:00
2024-11-11 10:53:39,696 - Short Sell 16.00 shares at 1200.88 on 2024-11-08 17:45:00+00:00
2024-11-11 10:53:39,696 - Short Sell 16.00 shares at 1200.97 on 2024-11-08 18:00:00+00:00
2024-11-11 10:53:39,696 - Short Sell 16.00 shares at 1203.55 on 2024-11-08 18:15:00+00:00
2024-11-11 10:53:39,696 - Short Sell 16.00 shares at 1203.19 on 2024-11-08 18:30:00+00:00
2024-11-11 10:53:39,696 - Short Sell 16.00 shares at 1205.32 on 2024-11-08 18:45:00+00:00
2024-11-11 10:53:39,696 - Short Sell 16.00 shares at 1205.43 on 2024-11-08 19:00:00+00:00
2024-11-11 10:53:39,696 - Short Sell 16.00 shares at 1205.88 on 2024-11-08 19:15:00+00:00
2024-11-11 10:53:39,696 - Short Sell 16.00 shares at 1208.58 on 2024-11-08 19:30:00+00:00
2024-11-11 10:53:39,696 - Short Sell 16.00 shares at 1207.39 on 2024-11-08 19:45:00+00:00
2024-11-11 10:53:39,696 - Short Sell 16.00 shares at 1206.88 on 2024-11-08 20:00:00+00:00
2024-11-11 10:53:39,696 - Short Sell 16.00 shares at 1206.4 on 2024-11-08 20:15:00+00:00
2024-11-11 10:53:39,696 - Buy to cover -448.00 shares at 1205.74 on 2024-11-08 20:30:00+00:00 (Exit: Signal, Profit: -3128.9599999998172, Duration: 1470.0 minutes)
2024-11-11 10:53:39,696 - Long Buy 16.00 shares at 1202.77 on 2024-11-08 20:45:00+00:00
2024-11-11 10:53:39,697 - Holding 16.0 shares as an open position at the end with unrealized return: 0.0, Duration: 0.0 minutes
2024-11-11 10:53:39,699 - Final statisticsStock: GWW, 
total_trades: 38, 
winning_trades: 30, 
losing_trades: 8, 
average_return: 0.0011139476926187834, 
average_duration: 848.2894736842105, 
final_balance: 959714.1500000005, 
final_portfolio_value: 978958.4700000004, 
sharpe_ratio: 10.128250072103027, 



