2024-11-11 10:55:06,058 - Starting GBMStrategy with initial capital: 1000000
2024-11-11 10:55:06,058 - Hyperparameters: {'threshold': 1, 'time_periods': 30, 'num_simulations': 150}
2024-11-11 10:56:43,414 - Short Sell 18.00 shares at 1075.87 on 2024-10-11 14:30:00+00:00
2024-11-11 10:56:43,415 - Short Sell 18.00 shares at 1080.37 on 2024-10-11 14:45:00+00:00
2024-11-11 10:56:43,415 - Short Sell 18.00 shares at 1081.03 on 2024-10-11 15:00:00+00:00
2024-11-11 10:56:43,415 - Short Sell 18.00 shares at 1077.76 on 2024-10-11 15:15:00+00:00
2024-11-11 10:56:43,416 - Short Sell 18.00 shares at 1077.99 on 2024-10-11 15:30:00+00:00
2024-11-11 10:56:43,416 - Short Sell 18.00 shares at 1082.17 on 2024-10-11 15:45:00+00:00
2024-11-11 10:56:43,416 - Short Sell 18.00 shares at 1087.19 on 2024-10-11 16:00:00+00:00
2024-11-11 10:56:43,416 - Short Sell 18.00 shares at 1081.74 on 2024-10-11 16:15:00+00:00
2024-11-11 10:56:43,416 - Short Sell 18.00 shares at 1083.33 on 2024-10-11 16:30:00+00:00
2024-11-11 10:56:43,416 - Short Sell 18.00 shares at 1083.88 on 2024-10-11 16:45:00+00:00
2024-11-11 10:56:43,416 - Short Sell 18.00 shares at 1083.32 on 2024-10-11 17:00:00+00:00
2024-11-11 10:56:43,416 - Short Sell 18.00 shares at 1081.58 on 2024-10-11 17:15:00+00:00
2024-11-11 10:56:43,416 - Short Sell 18.00 shares at 1083.56 on 2024-10-11 17:30:00+00:00
2024-11-11 10:56:43,416 - Short Sell 18.00 shares at 1082.88 on 2024-10-11 17:45:00+00:00
2024-11-11 10:56:43,416 - Short Sell 18.00 shares at 1083.57 on 2024-10-11 18:00:00+00:00
2024-11-11 10:56:43,416 - Short Sell 18.00 shares at 1083.44 on 2024-10-11 18:15:00+00:00
2024-11-11 10:56:43,416 - Short Sell 18.00 shares at 1083.23 on 2024-10-11 18:30:00+00:00
2024-11-11 10:56:43,416 - Short Sell 18.00 shares at 1083.34 on 2024-10-11 18:45:00+00:00
2024-11-11 10:56:43,416 - Short Sell 18.00 shares at 1086.17 on 2024-10-11 19:00:00+00:00
2024-11-11 10:56:43,416 - Short Sell 18.00 shares at 1085.41 on 2024-10-11 19:15:00+00:00
2024-11-11 10:56:43,416 - Short Sell 18.00 shares at 1084.8 on 2024-10-11 19:30:00+00:00
2024-11-11 10:56:43,416 - Short Sell 18.00 shares at 1085.52 on 2024-10-11 19:45:00+00:00
2024-11-11 10:56:43,416 - Short Sell 18.00 shares at 1093.41 on 2024-10-14 13:30:00+00:00
2024-11-11 10:56:43,416 - Short Sell 18.00 shares at 1085.42 on 2024-10-14 13:45:00+00:00
2024-11-11 10:56:43,416 - Short Sell 18.00 shares at 1087.1 on 2024-10-14 14:00:00+00:00
2024-11-11 10:56:43,416 - Short Sell 18.00 shares at 1087.0 on 2024-10-14 14:15:00+00:00
2024-11-11 10:56:43,416 - Short Sell 18.00 shares at 1093.22 on 2024-10-14 14:30:00+00:00
2024-11-11 10:56:43,416 - Short Sell 18.00 shares at 1095.04 on 2024-10-14 14:45:00+00:00
2024-11-11 10:56:43,417 - Short Sell 18.00 shares at 1093.39 on 2024-10-14 15:00:00+00:00
2024-11-11 10:56:43,417 - Short Sell 18.00 shares at 1093.39 on 2024-10-14 15:15:00+00:00
2024-11-11 10:56:43,417 - Short Sell 18.00 shares at 1098.04 on 2024-10-14 15:30:00+00:00
2024-11-11 10:56:43,417 - Short Sell 18.00 shares at 1098.75 on 2024-10-14 15:45:00+00:00
2024-11-11 10:56:43,417 - Short Sell 18.00 shares at 1100.4 on 2024-10-14 16:00:00+00:00
2024-11-11 10:56:43,417 - Short Sell 18.00 shares at 1101.18 on 2024-10-14 16:15:00+00:00
2024-11-11 10:56:43,417 - Short Sell 18.00 shares at 1098.14 on 2024-10-14 16:30:00+00:00
2024-11-11 10:56:43,417 - Short Sell 18.00 shares at 1095.94 on 2024-10-14 16:45:00+00:00
2024-11-11 10:56:43,417 - Short Sell 18.00 shares at 1097.08 on 2024-10-14 17:00:00+00:00
2024-11-11 10:56:43,417 - Short Sell 18.00 shares at 1100.21 on 2024-10-14 18:00:00+00:00
2024-11-11 10:56:43,417 - Short Sell 17.00 shares at 1101.4 on 2024-10-14 18:15:00+00:00
2024-11-11 10:56:43,417 - Short Sell 17.00 shares at 1101.92 on 2024-10-14 18:30:00+00:00
2024-11-11 10:56:43,417 - Short Sell 17.00 shares at 1102.59 on 2024-10-14 18:45:00+00:00
2024-11-11 10:56:43,417 - Short Sell 17.00 shares at 1103.13 on 2024-10-14 19:00:00+00:00
2024-11-11 10:56:43,417 - Short Sell 17.00 shares at 1102.16 on 2024-10-14 19:15:00+00:00
2024-11-11 10:56:43,417 - Short Sell 18.00 shares at 1100.29 on 2024-10-14 19:30:00+00:00
2024-11-11 10:56:43,417 - Short Sell 18.00 shares at 1098.94 on 2024-10-14 19:45:00+00:00
2024-11-11 10:56:43,417 - Short Sell 18.00 shares at 1098.37 on 2024-10-15 13:30:00+00:00
2024-11-11 10:56:43,417 - Short Sell 18.00 shares at 1099.33 on 2024-10-15 13:45:00+00:00
2024-11-11 10:56:43,417 - Short Sell 17.00 shares at 1101.87 on 2024-10-15 14:00:00+00:00
2024-11-11 10:56:43,417 - Short Sell 17.00 shares at 1104.78 on 2024-10-15 14:15:00+00:00
2024-11-11 10:56:43,417 - Short Sell 17.00 shares at 1104.28 on 2024-10-15 14:30:00+00:00
2024-11-11 10:56:43,417 - Short Sell 17.00 shares at 1102.2 on 2024-10-15 14:45:00+00:00
2024-11-11 10:56:43,418 - Short Sell 17.00 shares at 1102.33 on 2024-10-15 15:00:00+00:00
2024-11-11 10:56:43,418 - Short Sell 17.00 shares at 1101.53 on 2024-10-15 15:15:00+00:00
2024-11-11 10:56:43,418 - Short Sell 18.00 shares at 1099.99 on 2024-10-15 15:30:00+00:00
2024-11-11 10:56:43,418 - Short Sell 18.00 shares at 1100.45 on 2024-10-15 15:45:00+00:00
2024-11-11 10:56:43,418 - Buy to cover -979.00 shares at 1097.12 on 2024-10-15 16:30:00+00:00 (Exit: Signal, Profit: -5103.10999999971, Duration: 5880.0 minutes)
2024-11-11 10:56:43,418 - Long Buy 18.00 shares at 1096.03 on 2024-10-15 17:45:00+00:00
2024-11-11 10:56:43,418 - Long Buy 17.00 shares at 1094.4 on 2024-10-15 18:00:00+00:00
2024-11-11 10:56:43,418 - Long Buy 17.00 shares at 1092.2 on 2024-10-15 18:15:00+00:00
2024-11-11 10:56:43,418 - Long Buy 17.00 shares at 1091.32 on 2024-10-15 18:30:00+00:00
2024-11-11 10:56:43,419 - Long Buy 16.00 shares at 1092.24 on 2024-10-15 18:45:00+00:00
2024-11-11 10:56:43,419 - Long Buy 16.00 shares at 1092.51 on 2024-10-15 19:00:00+00:00
2024-11-11 10:56:43,419 - Long Buy 16.00 shares at 1090.05 on 2024-10-15 19:15:00+00:00
2024-11-11 10:56:43,419 - Long Buy 15.00 shares at 1089.4 on 2024-10-15 19:30:00+00:00
2024-11-11 10:56:43,419 - Long Buy 15.00 shares at 1086.56 on 2024-10-15 19:45:00+00:00
2024-11-11 10:56:43,419 - Sell to close 147.00 shares at 1102.82 on 2024-10-16 13:30:00+00:00 (Exit: Signal, Profit: 1625.15999999997, Duration: 1185.0 minutes)
2024-11-11 10:56:43,419 - Short Sell 17.00 shares at 1108.76 on 2024-10-16 13:45:00+00:00
2024-11-11 10:56:43,419 - Short Sell 17.00 shares at 1112.92 on 2024-10-16 14:00:00+00:00
2024-11-11 10:56:43,419 - Short Sell 17.00 shares at 1112.49 on 2024-10-16 14:15:00+00:00
2024-11-11 10:56:43,419 - Short Sell 17.00 shares at 1113.82 on 2024-10-16 14:30:00+00:00
2024-11-11 10:56:43,419 - Short Sell 17.00 shares at 1112.65 on 2024-10-16 14:45:00+00:00
2024-11-11 10:56:43,419 - Short Sell 17.00 shares at 1108.67 on 2024-10-16 15:00:00+00:00
2024-11-11 10:56:43,419 - Short Sell 17.00 shares at 1111.44 on 2024-10-16 15:15:00+00:00
2024-11-11 10:56:43,419 - Short Sell 17.00 shares at 1112.98 on 2024-10-16 15:30:00+00:00
2024-11-11 10:56:43,419 - Short Sell 17.00 shares at 1112.68 on 2024-10-16 15:45:00+00:00
2024-11-11 10:56:43,419 - Short Sell 17.00 shares at 1113.14 on 2024-10-16 16:00:00+00:00
2024-11-11 10:56:43,419 - Short Sell 17.00 shares at 1113.91 on 2024-10-16 16:15:00+00:00
2024-11-11 10:56:43,419 - Short Sell 17.00 shares at 1113.17 on 2024-10-16 16:30:00+00:00
2024-11-11 10:56:43,419 - Short Sell 17.00 shares at 1112.4 on 2024-10-16 16:45:00+00:00
2024-11-11 10:56:43,419 - Short Sell 17.00 shares at 1112.46 on 2024-10-16 17:00:00+00:00
2024-11-11 10:56:43,419 - Short Sell 17.00 shares at 1111.93 on 2024-10-16 17:15:00+00:00
2024-11-11 10:56:43,419 - Buy to cover -255.00 shares at 1110.65 on 2024-10-16 17:30:00+00:00 (Exit: Signal, Profit: 402.3899999999935, Duration: 225.0 minutes)
2024-11-11 10:56:43,420 - Long Buy 18.00 shares at 1106.68 on 2024-10-17 13:45:00+00:00
2024-11-11 10:56:43,420 - Sell to close 18.00 shares at 1117.29 on 2024-10-17 17:15:00+00:00 (Exit: Signal, Profit: 190.9799999999982, Duration: 210.0 minutes)
2024-11-11 10:56:43,420 - Short Sell 17.00 shares at 1115.78 on 2024-10-17 18:30:00+00:00
2024-11-11 10:56:43,420 - Short Sell 17.00 shares at 1118.12 on 2024-10-17 18:45:00+00:00
2024-11-11 10:56:43,420 - Short Sell 17.00 shares at 1119.25 on 2024-10-17 19:00:00+00:00
2024-11-11 10:56:43,420 - Short Sell 17.00 shares at 1117.65 on 2024-10-17 19:15:00+00:00
2024-11-11 10:56:43,420 - Short Sell 17.00 shares at 1119.96 on 2024-10-17 19:45:00+00:00
2024-11-11 10:56:43,420 - Short Sell 17.00 shares at 1122.96 on 2024-10-18 13:30:00+00:00
2024-11-11 10:56:43,420 - Short Sell 17.00 shares at 1120.07 on 2024-10-18 13:45:00+00:00
2024-11-11 10:56:43,421 - Short Sell 17.00 shares at 1120.57 on 2024-10-18 14:00:00+00:00
2024-11-11 10:56:43,421 - Short Sell 17.00 shares at 1118.25 on 2024-10-18 14:15:00+00:00
2024-11-11 10:56:43,421 - Short Sell 17.00 shares at 1121.59 on 2024-10-18 14:30:00+00:00
2024-11-11 10:56:43,421 - Short Sell 17.00 shares at 1123.26 on 2024-10-18 14:45:00+00:00
2024-11-11 10:56:43,421 - Short Sell 17.00 shares at 1122.58 on 2024-10-18 15:00:00+00:00
2024-11-11 10:56:43,421 - Short Sell 17.00 shares at 1123.73 on 2024-10-18 15:15:00+00:00
2024-11-11 10:56:43,421 - Short Sell 17.00 shares at 1122.59 on 2024-10-18 15:30:00+00:00
2024-11-11 10:56:43,421 - Short Sell 17.00 shares at 1121.28 on 2024-10-18 15:45:00+00:00
2024-11-11 10:56:43,421 - Short Sell 17.00 shares at 1119.45 on 2024-10-18 16:00:00+00:00
2024-11-11 10:56:43,421 - Short Sell 17.00 shares at 1123.24 on 2024-10-18 16:15:00+00:00
2024-11-11 10:56:43,421 - Short Sell 17.00 shares at 1123.1 on 2024-10-18 16:30:00+00:00
2024-11-11 10:56:43,421 - Short Sell 17.00 shares at 1124.49 on 2024-10-18 16:45:00+00:00
2024-11-11 10:56:43,421 - Short Sell 17.00 shares at 1125.3 on 2024-10-18 17:00:00+00:00
2024-11-11 10:56:43,421 - Short Sell 17.00 shares at 1122.91 on 2024-10-18 17:15:00+00:00
2024-11-11 10:56:43,421 - Short Sell 17.00 shares at 1124.87 on 2024-10-18 17:30:00+00:00
2024-11-11 10:56:43,421 - Short Sell 17.00 shares at 1122.88 on 2024-10-18 17:45:00+00:00
2024-11-11 10:56:43,421 - Short Sell 17.00 shares at 1123.74 on 2024-10-18 18:00:00+00:00
2024-11-11 10:56:43,421 - Short Sell 17.00 shares at 1126.2 on 2024-10-18 18:15:00+00:00
2024-11-11 10:56:43,421 - Short Sell 17.00 shares at 1125.26 on 2024-10-18 18:30:00+00:00
2024-11-11 10:56:43,421 - Short Sell 17.00 shares at 1127.53 on 2024-10-18 18:45:00+00:00
2024-11-11 10:56:43,421 - Short Sell 17.00 shares at 1127.26 on 2024-10-18 19:00:00+00:00
2024-11-11 10:56:43,421 - Short Sell 17.00 shares at 1126.11 on 2024-10-18 19:15:00+00:00
2024-11-11 10:56:43,421 - Short Sell 17.00 shares at 1126.52 on 2024-10-18 19:30:00+00:00
2024-11-11 10:56:43,421 - Buy to cover -510.00 shares at 1125.26 on 2024-10-18 19:45:00+00:00 (Exit: Signal, Profit: -1382.0999999997866, Duration: 1515.0 minutes)
2024-11-11 10:56:43,422 - Short Sell 17.00 shares at 1127.87 on 2024-10-21 13:30:00+00:00
2024-11-11 10:56:43,422 - Short Sell 17.00 shares at 1128.5 on 2024-10-21 13:45:00+00:00
2024-11-11 10:56:43,422 - Buy to cover -34.00 shares at 1119.82 on 2024-10-21 14:45:00+00:00 (Exit: Signal, Profit: 284.4099999999926, Duration: 75.0 minutes)
2024-11-11 10:56:43,422 - Long Buy 17.00 shares at 1116.43 on 2024-10-21 15:00:00+00:00
2024-11-11 10:56:43,422 - Long Buy 17.00 shares at 1113.83 on 2024-10-21 15:15:00+00:00
2024-11-11 10:56:43,422 - Long Buy 17.00 shares at 1114.66 on 2024-10-21 15:30:00+00:00
2024-11-11 10:56:43,422 - Long Buy 16.00 shares at 1116.23 on 2024-10-21 15:45:00+00:00
2024-11-11 10:56:43,422 - Long Buy 16.00 shares at 1115.52 on 2024-10-21 16:00:00+00:00
2024-11-11 10:56:43,422 - Long Buy 16.00 shares at 1117.56 on 2024-10-21 16:15:00+00:00
2024-11-11 10:56:43,422 - Long Buy 15.00 shares at 1119.25 on 2024-10-21 16:30:00+00:00
2024-11-11 10:56:43,422 - Long Buy 15.00 shares at 1121.5 on 2024-10-21 16:45:00+00:00
2024-11-11 10:56:43,422 - Long Buy 15.00 shares at 1121.56 on 2024-10-21 17:00:00+00:00
2024-11-11 10:56:43,422 - Long Buy 14.00 shares at 1121.36 on 2024-10-21 17:15:00+00:00
2024-11-11 10:56:43,422 - Long Buy 14.00 shares at 1120.91 on 2024-10-21 17:30:00+00:00
2024-11-11 10:56:43,422 - Long Buy 14.00 shares at 1122.91 on 2024-10-21 17:45:00+00:00
2024-11-11 10:56:43,422 - Long Buy 14.00 shares at 1121.69 on 2024-10-21 18:00:00+00:00
2024-11-11 10:56:43,422 - Long Buy 13.00 shares at 1121.03 on 2024-10-21 18:15:00+00:00
2024-11-11 10:56:43,422 - Long Buy 13.00 shares at 1120.66 on 2024-10-21 18:30:00+00:00
2024-11-11 10:56:43,422 - Long Buy 13.00 shares at 1121.5 on 2024-10-21 18:45:00+00:00
2024-11-11 10:56:43,422 - Long Buy 12.00 shares at 1121.43 on 2024-10-21 19:00:00+00:00
2024-11-11 10:56:43,422 - Long Buy 12.00 shares at 1119.41 on 2024-10-21 19:15:00+00:00
2024-11-11 10:56:43,422 - Long Buy 12.00 shares at 1119.24 on 2024-10-21 19:30:00+00:00
2024-11-11 10:56:43,423 - Long Buy 12.00 shares at 1120.66 on 2024-10-21 19:45:00+00:00
2024-11-11 10:56:43,423 - Long Buy 12.00 shares at 1107.13 on 2024-10-22 13:30:00+00:00
2024-11-11 10:56:43,423 - Long Buy 11.00 shares at 1107.87 on 2024-10-22 13:45:00+00:00
2024-11-11 10:56:43,423 - Long Buy 11.00 shares at 1107.06 on 2024-10-22 14:00:00+00:00
2024-11-11 10:56:43,423 - Long Buy 11.00 shares at 1097.87 on 2024-10-22 14:15:00+00:00
2024-11-11 10:56:43,423 - Long Buy 11.00 shares at 1095.11 on 2024-10-22 14:30:00+00:00
2024-11-11 10:56:43,423 - Long Buy 11.00 shares at 1098.25 on 2024-10-22 14:45:00+00:00
2024-11-11 10:56:43,423 - Long Buy 10.00 shares at 1098.32 on 2024-10-22 15:00:00+00:00
2024-11-11 10:56:43,423 - Long Buy 10.00 shares at 1098.55 on 2024-10-22 15:15:00+00:00
2024-11-11 10:56:43,423 - Long Buy 10.00 shares at 1100.76 on 2024-10-22 15:30:00+00:00
2024-11-11 10:56:43,423 - Long Buy 10.00 shares at 1101.12 on 2024-10-22 15:45:00+00:00
2024-11-11 10:56:43,423 - Long Buy 10.00 shares at 1101.18 on 2024-10-22 16:00:00+00:00
2024-11-11 10:56:43,423 - Long Buy 9.00 shares at 1101.3 on 2024-10-22 16:15:00+00:00
2024-11-11 10:56:43,423 - Long Buy 9.00 shares at 1103.45 on 2024-10-22 16:30:00+00:00
2024-11-11 10:56:43,423 - Long Buy 9.00 shares at 1104.67 on 2024-10-22 16:45:00+00:00
2024-11-11 10:56:43,423 - Long Buy 9.00 shares at 1104.21 on 2024-10-22 17:00:00+00:00
2024-11-11 10:56:43,423 - Long Buy 9.00 shares at 1102.32 on 2024-10-22 17:15:00+00:00
2024-11-11 10:56:43,423 - Long Buy 8.00 shares at 1103.86 on 2024-10-22 17:30:00+00:00
2024-11-11 10:56:43,423 - Long Buy 8.00 shares at 1104.7 on 2024-10-22 17:45:00+00:00
2024-11-11 10:56:43,423 - Long Buy 8.00 shares at 1104.71 on 2024-10-22 18:00:00+00:00
2024-11-11 10:56:43,423 - Long Buy 8.00 shares at 1104.71 on 2024-10-22 18:15:00+00:00
2024-11-11 10:56:43,423 - Long Buy 8.00 shares at 1103.82 on 2024-10-22 18:45:00+00:00
2024-11-11 10:56:43,423 - Long Buy 8.00 shares at 1102.49 on 2024-10-22 19:00:00+00:00
2024-11-11 10:56:43,423 - Long Buy 8.00 shares at 1103.97 on 2024-10-22 19:15:00+00:00
2024-11-11 10:56:43,423 - Long Buy 7.00 shares at 1102.91 on 2024-10-22 19:30:00+00:00
2024-11-11 10:56:43,423 - Long Buy 7.00 shares at 1099.57 on 2024-10-22 19:45:00+00:00
2024-11-11 10:56:43,424 - Long Buy 7.00 shares at 1097.16 on 2024-10-23 13:30:00+00:00
2024-11-11 10:56:43,424 - Long Buy 7.00 shares at 1096.3 on 2024-10-23 13:45:00+00:00
2024-11-11 10:56:43,424 - Long Buy 7.00 shares at 1094.79 on 2024-10-23 14:00:00+00:00
2024-11-11 10:56:43,424 - Long Buy 7.00 shares at 1096.65 on 2024-10-23 14:15:00+00:00
2024-11-11 10:56:43,424 - Long Buy 7.00 shares at 1094.93 on 2024-10-23 14:30:00+00:00
2024-11-11 10:56:43,424 - Long Buy 6.00 shares at 1094.85 on 2024-10-23 14:45:00+00:00
2024-11-11 10:56:43,424 - Long Buy 6.00 shares at 1094.85 on 2024-10-23 15:00:00+00:00
2024-11-11 10:56:43,424 - Long Buy 6.00 shares at 1089.62 on 2024-10-23 15:15:00+00:00
2024-11-11 10:56:43,424 - Long Buy 6.00 shares at 1090.86 on 2024-10-23 15:30:00+00:00
2024-11-11 10:56:43,424 - Long Buy 6.00 shares at 1092.37 on 2024-10-23 15:45:00+00:00
2024-11-11 10:56:43,424 - Sell to close 584.00 shares at 1089.06 on 2024-10-23 16:00:00+00:00 (Exit: Stop_loss, Profit: -12056.46000000055, Duration: 2940.0 minutes)
2024-11-11 10:56:43,424 - Long Buy 18.00 shares at 1085.77 on 2024-10-24 13:30:00+00:00
2024-11-11 10:56:43,424 - Long Buy 17.00 shares at 1087.65 on 2024-10-24 13:45:00+00:00
2024-11-11 10:56:43,424 - Long Buy 17.00 shares at 1089.79 on 2024-10-24 14:00:00+00:00
2024-11-11 10:56:43,424 - Long Buy 17.00 shares at 1090.36 on 2024-10-24 14:15:00+00:00
2024-11-11 10:56:43,424 - Long Buy 16.00 shares at 1091.11 on 2024-10-24 14:30:00+00:00
2024-11-11 10:56:43,424 - Long Buy 16.00 shares at 1089.03 on 2024-10-24 14:45:00+00:00
2024-11-11 10:56:43,424 - Long Buy 16.00 shares at 1088.56 on 2024-10-24 15:00:00+00:00
2024-11-11 10:56:43,424 - Long Buy 15.00 shares at 1087.57 on 2024-10-24 15:15:00+00:00
2024-11-11 10:56:43,425 - Long Buy 15.00 shares at 1087.55 on 2024-10-24 15:30:00+00:00
2024-11-11 10:56:43,425 - Long Buy 15.00 shares at 1089.45 on 2024-10-24 15:45:00+00:00
2024-11-11 10:56:43,425 - Long Buy 14.00 shares at 1086.87 on 2024-10-24 16:00:00+00:00
2024-11-11 10:56:43,425 - Long Buy 14.00 shares at 1087.77 on 2024-10-24 16:15:00+00:00
2024-11-11 10:56:43,425 - Sell to close 190.00 shares at 1092.25 on 2024-10-24 17:15:00+00:00 (Exit: Signal, Profit: 718.3300000000327, Duration: 225.0 minutes)
2024-11-11 10:56:43,425 - Short Sell 18.00 shares at 1092.17 on 2024-10-24 17:30:00+00:00
2024-11-11 10:56:43,425 - Short Sell 18.00 shares at 1091.63 on 2024-10-24 17:45:00+00:00
2024-11-11 10:56:43,425 - Buy to cover -36.00 shares at 1086.0 on 2024-10-24 18:45:00+00:00 (Exit: Signal, Profit: 212.40000000001146, Duration: 75.0 minutes)
2024-11-11 10:56:43,425 - Long Buy 18.00 shares at 1086.53 on 2024-10-24 19:00:00+00:00
2024-11-11 10:56:43,425 - Long Buy 17.00 shares at 1084.56 on 2024-10-24 19:15:00+00:00
2024-11-11 10:56:43,425 - Long Buy 17.00 shares at 1084.91 on 2024-10-24 19:30:00+00:00
2024-11-11 10:56:43,425 - Long Buy 17.00 shares at 1082.08 on 2024-10-24 19:45:00+00:00
2024-11-11 10:56:43,425 - Sell to close 69.00 shares at 1095.12 on 2024-10-25 14:00:00+00:00 (Exit: Signal, Profit: 729.3899999999874, Duration: 1140.0 minutes)
2024-11-11 10:56:43,425 - Short Sell 17.00 shares at 1097.53 on 2024-10-25 14:15:00+00:00
2024-11-11 10:56:43,426 - Buy to cover -17.00 shares at 1085.01 on 2024-10-25 15:15:00+00:00 (Exit: Signal, Profit: 212.8399999999997, Duration: 60.0 minutes)
2024-11-11 10:56:43,426 - Long Buy 18.00 shares at 1086.5 on 2024-10-25 17:00:00+00:00
2024-11-11 10:56:43,426 - Long Buy 17.00 shares at 1086.14 on 2024-10-25 17:15:00+00:00
2024-11-11 10:56:43,426 - Long Buy 17.00 shares at 1085.71 on 2024-10-25 17:30:00+00:00
2024-11-11 10:56:43,426 - Sell to close 52.00 shares at 1088.97 on 2024-10-25 17:45:00+00:00 (Exit: Signal, Profit: 147.9900000000007, Duration: 45.0 minutes)
2024-11-11 10:56:43,426 - Long Buy 18.00 shares at 1086.58 on 2024-10-25 18:00:00+00:00
2024-11-11 10:56:43,426 - Sell to close 18.00 shares at 1089.8 on 2024-10-25 18:30:00+00:00 (Exit: Signal, Profit: 57.96000000000049, Duration: 30.0 minutes)
2024-11-11 10:56:43,426 - Short Sell 18.00 shares at 1092.75 on 2024-10-25 18:45:00+00:00
2024-11-11 10:56:43,426 - Short Sell 18.00 shares at 1090.99 on 2024-10-25 19:00:00+00:00
2024-11-11 10:56:43,426 - Short Sell 18.00 shares at 1091.27 on 2024-10-25 19:15:00+00:00
2024-11-11 10:56:43,426 - Short Sell 18.00 shares at 1091.5 on 2024-10-25 19:30:00+00:00
2024-11-11 10:56:43,426 - Short Sell 18.00 shares at 1090.89 on 2024-10-25 19:45:00+00:00
2024-11-11 10:56:43,426 - Short Sell 17.00 shares at 1106.69 on 2024-10-28 13:30:00+00:00
2024-11-11 10:56:43,426 - Short Sell 17.00 shares at 1102.95 on 2024-10-28 13:45:00+00:00
2024-11-11 10:56:43,426 - Short Sell 17.00 shares at 1097.26 on 2024-10-28 14:00:00+00:00
2024-11-11 10:56:43,426 - Short Sell 17.00 shares at 1100.87 on 2024-10-28 14:15:00+00:00
2024-11-11 10:56:43,426 - Short Sell 17.00 shares at 1098.76 on 2024-10-28 14:30:00+00:00
2024-11-11 10:56:43,426 - Short Sell 17.00 shares at 1099.96 on 2024-10-28 14:45:00+00:00
2024-11-11 10:56:43,426 - Short Sell 17.00 shares at 1101.45 on 2024-10-28 15:00:00+00:00
2024-11-11 10:56:43,427 - Short Sell 17.00 shares at 1096.7 on 2024-10-28 15:15:00+00:00
2024-11-11 10:56:43,427 - Short Sell 18.00 shares at 1095.72 on 2024-10-28 15:30:00+00:00
2024-11-11 10:56:43,427 - Short Sell 17.00 shares at 1100.79 on 2024-10-28 15:45:00+00:00
2024-11-11 10:56:43,427 - Short Sell 17.00 shares at 1103.12 on 2024-10-28 16:00:00+00:00
2024-11-11 10:56:43,427 - Short Sell 17.00 shares at 1102.87 on 2024-10-28 16:15:00+00:00
2024-11-11 10:56:43,427 - Short Sell 17.00 shares at 1103.11 on 2024-10-28 16:30:00+00:00
2024-11-11 10:56:43,427 - Short Sell 17.00 shares at 1103.13 on 2024-10-28 16:45:00+00:00
2024-11-11 10:56:43,427 - Short Sell 17.00 shares at 1102.77 on 2024-10-28 17:00:00+00:00
2024-11-11 10:56:43,427 - Short Sell 17.00 shares at 1102.9 on 2024-10-28 17:15:00+00:00
2024-11-11 10:56:43,427 - Short Sell 17.00 shares at 1105.28 on 2024-10-28 17:30:00+00:00
2024-11-11 10:56:43,427 - Short Sell 17.00 shares at 1104.72 on 2024-10-28 17:45:00+00:00
2024-11-11 10:56:43,427 - Buy to cover -397.00 shares at 1102.34 on 2024-10-28 18:00:00+00:00 (Exit: Signal, Profit: -1206.2100000000905, Duration: 4275.0 minutes)
2024-11-11 10:56:43,427 - Long Buy 17.00 shares at 1102.34 on 2024-10-28 18:15:00+00:00
2024-11-11 10:56:43,427 - Sell to close 17.00 shares at 1106.72 on 2024-10-28 18:45:00+00:00 (Exit: Signal, Profit: 74.46000000000186, Duration: 30.0 minutes)
2024-11-11 10:56:43,427 - Short Sell 17.00 shares at 1106.78 on 2024-10-28 19:15:00+00:00
2024-11-11 10:56:43,427 - Buy to cover -17.00 shares at 1098.39 on 2024-10-29 13:30:00+00:00 (Exit: Signal, Profit: 142.62999999999784, Duration: 1095.0 minutes)
2024-11-11 10:56:43,427 - Long Buy 17.00 shares at 1098.98 on 2024-10-29 13:45:00+00:00
2024-11-11 10:56:43,427 - Long Buy 17.00 shares at 1102.12 on 2024-10-29 14:00:00+00:00
2024-11-11 10:56:43,428 - Long Buy 17.00 shares at 1101.94 on 2024-10-29 15:00:00+00:00
2024-11-11 10:56:43,428 - Long Buy 16.00 shares at 1099.07 on 2024-10-29 15:15:00+00:00
2024-11-11 10:56:43,428 - Long Buy 16.00 shares at 1099.47 on 2024-10-29 15:30:00+00:00
2024-11-11 10:56:43,428 - Long Buy 16.00 shares at 1100.81 on 2024-10-29 17:15:00+00:00
2024-11-11 10:56:43,428 - Long Buy 15.00 shares at 1098.79 on 2024-10-29 17:30:00+00:00
2024-11-11 10:56:43,428 - Long Buy 15.00 shares at 1101.09 on 2024-10-29 17:45:00+00:00
2024-11-11 10:56:43,428 - Long Buy 15.00 shares at 1101.0 on 2024-10-29 18:00:00+00:00
2024-11-11 10:56:43,428 - Long Buy 14.00 shares at 1103.04 on 2024-10-29 19:00:00+00:00
2024-11-11 10:56:43,428 - Long Buy 14.00 shares at 1101.86 on 2024-10-29 19:15:00+00:00
2024-11-11 10:56:43,428 - Long Buy 14.00 shares at 1101.61 on 2024-10-29 19:30:00+00:00
2024-11-11 10:56:43,428 - Long Buy 14.00 shares at 1099.17 on 2024-10-29 19:45:00+00:00
2024-11-11 10:56:43,428 - Long Buy 13.00 shares at 1097.05 on 2024-10-30 13:30:00+00:00
2024-11-11 10:56:43,428 - Long Buy 13.00 shares at 1102.39 on 2024-10-30 14:15:00+00:00
2024-11-11 10:56:43,428 - Long Buy 13.00 shares at 1101.5 on 2024-10-30 14:30:00+00:00
2024-11-11 10:56:43,428 - Sell to close 239.00 shares at 1109.81 on 2024-10-30 15:30:00+00:00 (Exit: Signal, Profit: 2198.370000000029, Duration: 1545.0 minutes)
2024-11-11 10:56:43,429 - Short Sell 17.00 shares at 1107.83 on 2024-10-30 15:45:00+00:00
2024-11-11 10:56:43,429 - Short Sell 17.00 shares at 1110.06 on 2024-10-30 18:00:00+00:00
2024-11-11 10:56:43,429 - Short Sell 17.00 shares at 1108.38 on 2024-10-30 18:15:00+00:00
2024-11-11 10:56:43,429 - Short Sell 17.00 shares at 1110.43 on 2024-10-30 18:30:00+00:00
2024-11-11 10:56:43,429 - Buy to cover -68.00 shares at 1098.87 on 2024-10-30 19:45:00+00:00 (Exit: Signal, Profit: 700.7400000000198, Duration: 240.0 minutes)
2024-11-11 10:56:43,429 - Short Sell 17.00 shares at 1120.0 on 2024-10-31 13:30:00+00:00
2024-11-11 10:56:43,429 - Short Sell 17.00 shares at 1115.0 on 2024-10-31 13:45:00+00:00
2024-11-11 10:56:43,429 - Short Sell 17.00 shares at 1111.0 on 2024-10-31 14:00:00+00:00
2024-11-11 10:56:43,429 - Short Sell 17.00 shares at 1112.1 on 2024-10-31 14:15:00+00:00
2024-11-11 10:56:43,429 - Short Sell 17.00 shares at 1112.96 on 2024-10-31 14:30:00+00:00
2024-11-11 10:56:43,429 - Short Sell 17.00 shares at 1107.02 on 2024-10-31 14:45:00+00:00
2024-11-11 10:56:43,429 - Buy to cover -102.00 shares at 1094.72 on 2024-10-31 15:00:00+00:00 (Exit: Signal, Profit: 1865.919999999996, Duration: 90.0 minutes)
2024-11-11 10:56:43,429 - Short Sell 17.00 shares at 1102.84 on 2024-10-31 15:30:00+00:00
2024-11-11 10:56:43,429 - Buy to cover -17.00 shares at 1096.3 on 2024-10-31 16:00:00+00:00 (Exit: Signal, Profit: 111.17999999999938, Duration: 30.0 minutes)
2024-11-11 10:56:43,430 - Short Sell 17.00 shares at 1103.98 on 2024-10-31 16:15:00+00:00
2024-11-11 10:56:43,430 - Short Sell 17.00 shares at 1106.73 on 2024-10-31 16:30:00+00:00
2024-11-11 10:56:43,430 - Short Sell 17.00 shares at 1105.61 on 2024-10-31 16:45:00+00:00
2024-11-11 10:56:43,430 - Short Sell 17.00 shares at 1108.8 on 2024-10-31 17:00:00+00:00
2024-11-11 10:56:43,430 - Short Sell 17.00 shares at 1113.47 on 2024-10-31 17:15:00+00:00
2024-11-11 10:56:43,430 - Short Sell 17.00 shares at 1119.82 on 2024-10-31 17:30:00+00:00
2024-11-11 10:56:43,430 - Short Sell 17.00 shares at 1118.52 on 2024-10-31 17:45:00+00:00
2024-11-11 10:56:43,430 - Short Sell 17.00 shares at 1118.09 on 2024-10-31 18:00:00+00:00
2024-11-11 10:56:43,430 - Short Sell 17.00 shares at 1116.67 on 2024-10-31 18:15:00+00:00
2024-11-11 10:56:43,430 - Short Sell 17.00 shares at 1115.76 on 2024-10-31 18:30:00+00:00
2024-11-11 10:56:43,430 - Short Sell 17.00 shares at 1119.83 on 2024-10-31 18:45:00+00:00
2024-11-11 10:56:43,430 - Short Sell 17.00 shares at 1117.24 on 2024-10-31 19:00:00+00:00
2024-11-11 10:56:43,430 - Short Sell 17.00 shares at 1112.59 on 2024-10-31 19:15:00+00:00
2024-11-11 10:56:43,430 - Short Sell 17.00 shares at 1112.35 on 2024-10-31 19:30:00+00:00
2024-11-11 10:56:43,430 - Short Sell 17.00 shares at 1109.15 on 2024-10-31 19:45:00+00:00
2024-11-11 10:56:43,430 - Short Sell 17.00 shares at 1104.79 on 2024-11-01 13:30:00+00:00
2024-11-11 10:56:43,430 - Short Sell 17.00 shares at 1106.71 on 2024-11-01 13:45:00+00:00
2024-11-11 10:56:43,430 - Short Sell 17.00 shares at 1114.63 on 2024-11-01 14:00:00+00:00
2024-11-11 10:56:43,430 - Short Sell 17.00 shares at 1117.32 on 2024-11-01 14:15:00+00:00
2024-11-11 10:56:43,430 - Buy to cover -323.00 shares at 1112.48 on 2024-11-01 14:30:00+00:00 (Exit: Signal, Profit: 83.9800000000705, Duration: 1335.0 minutes)
2024-11-11 10:56:43,430 - Long Buy 17.00 shares at 1110.35 on 2024-11-01 14:45:00+00:00
2024-11-11 10:56:43,430 - Long Buy 17.00 shares at 1113.46 on 2024-11-01 15:00:00+00:00
2024-11-11 10:56:43,430 - Long Buy 17.00 shares at 1112.34 on 2024-11-01 15:15:00+00:00
2024-11-11 10:56:43,430 - Long Buy 16.00 shares at 1108.41 on 2024-11-01 15:30:00+00:00
2024-11-11 10:56:43,430 - Long Buy 16.00 shares at 1108.35 on 2024-11-01 15:45:00+00:00
2024-11-11 10:56:43,431 - Long Buy 16.00 shares at 1108.76 on 2024-11-01 16:00:00+00:00
2024-11-11 10:56:43,431 - Long Buy 15.00 shares at 1109.68 on 2024-11-01 16:15:00+00:00
2024-11-11 10:56:43,431 - Long Buy 15.00 shares at 1108.9 on 2024-11-01 16:30:00+00:00
2024-11-11 10:56:43,431 - Long Buy 15.00 shares at 1106.94 on 2024-11-01 16:45:00+00:00
2024-11-11 10:56:43,431 - Long Buy 15.00 shares at 1106.5 on 2024-11-01 17:00:00+00:00
2024-11-11 10:56:43,431 - Long Buy 14.00 shares at 1106.75 on 2024-11-01 17:15:00+00:00
2024-11-11 10:56:43,431 - Long Buy 14.00 shares at 1105.0 on 2024-11-01 17:30:00+00:00
2024-11-11 10:56:43,431 - Long Buy 14.00 shares at 1105.45 on 2024-11-01 17:45:00+00:00
2024-11-11 10:56:43,431 - Long Buy 13.00 shares at 1103.04 on 2024-11-01 18:00:00+00:00
2024-11-11 10:56:43,431 - Long Buy 13.00 shares at 1105.14 on 2024-11-01 18:15:00+00:00
2024-11-11 10:56:43,431 - Long Buy 13.00 shares at 1106.9 on 2024-11-01 18:30:00+00:00
2024-11-11 10:56:43,431 - Long Buy 13.00 shares at 1106.6 on 2024-11-01 18:45:00+00:00
2024-11-11 10:56:43,431 - Long Buy 12.00 shares at 1107.58 on 2024-11-01 19:00:00+00:00
2024-11-11 10:56:43,431 - Long Buy 12.00 shares at 1106.3 on 2024-11-01 19:15:00+00:00
2024-11-11 10:56:43,431 - Long Buy 12.00 shares at 1105.76 on 2024-11-01 19:30:00+00:00
2024-11-11 10:56:43,431 - Long Buy 12.00 shares at 1105.08 on 2024-11-01 19:45:00+00:00
2024-11-11 10:56:43,431 - Long Buy 11.00 shares at 1101.53 on 2024-11-04 14:30:00+00:00
2024-11-11 10:56:43,431 - Long Buy 11.00 shares at 1104.02 on 2024-11-04 14:45:00+00:00
2024-11-11 10:56:43,431 - Long Buy 11.00 shares at 1099.51 on 2024-11-04 15:00:00+00:00
2024-11-11 10:56:43,431 - Long Buy 11.00 shares at 1097.36 on 2024-11-04 15:15:00+00:00
2024-11-11 10:56:43,431 - Long Buy 11.00 shares at 1097.68 on 2024-11-04 15:30:00+00:00
2024-11-11 10:56:43,431 - Long Buy 10.00 shares at 1094.99 on 2024-11-04 15:45:00+00:00
2024-11-11 10:56:43,431 - Long Buy 10.00 shares at 1099.65 on 2024-11-04 16:00:00+00:00
2024-11-11 10:56:43,431 - Long Buy 10.00 shares at 1101.6 on 2024-11-04 16:15:00+00:00
2024-11-11 10:56:43,431 - Long Buy 10.00 shares at 1097.9 on 2024-11-04 16:30:00+00:00
2024-11-11 10:56:43,431 - Long Buy 10.00 shares at 1098.29 on 2024-11-04 16:45:00+00:00
2024-11-11 10:56:43,432 - Long Buy 9.00 shares at 1096.56 on 2024-11-04 17:00:00+00:00
2024-11-11 10:56:43,432 - Long Buy 9.00 shares at 1098.57 on 2024-11-04 17:30:00+00:00
2024-11-11 10:56:43,432 - Long Buy 9.00 shares at 1099.04 on 2024-11-04 17:45:00+00:00
2024-11-11 10:56:43,432 - Long Buy 9.00 shares at 1097.31 on 2024-11-04 18:00:00+00:00
2024-11-11 10:56:43,432 - Long Buy 9.00 shares at 1097.32 on 2024-11-04 18:15:00+00:00
2024-11-11 10:56:43,432 - Long Buy 8.00 shares at 1097.52 on 2024-11-04 18:30:00+00:00
2024-11-11 10:56:43,432 - Long Buy 8.00 shares at 1096.29 on 2024-11-04 18:45:00+00:00
2024-11-11 10:56:43,432 - Long Buy 8.00 shares at 1097.79 on 2024-11-04 19:00:00+00:00
2024-11-11 10:56:43,432 - Long Buy 8.00 shares at 1096.11 on 2024-11-04 19:15:00+00:00
2024-11-11 10:56:43,432 - Long Buy 8.00 shares at 1096.47 on 2024-11-04 19:30:00+00:00
2024-11-11 10:56:43,432 - Long Buy 8.00 shares at 1096.48 on 2024-11-04 19:45:00+00:00
2024-11-11 10:56:43,432 - Long Buy 8.00 shares at 1096.08 on 2024-11-04 20:00:00+00:00
2024-11-11 10:56:43,432 - Long Buy 7.00 shares at 1096.57 on 2024-11-04 20:15:00+00:00
2024-11-11 10:56:43,432 - Long Buy 7.00 shares at 1096.38 on 2024-11-04 20:30:00+00:00
2024-11-11 10:56:43,432 - Long Buy 7.00 shares at 1095.99 on 2024-11-04 20:45:00+00:00
2024-11-11 10:56:43,432 - Long Buy 7.00 shares at 1097.85 on 2024-11-05 14:30:00+00:00
2024-11-11 10:56:43,432 - Sell to close 535.00 shares at 1110.34 on 2024-11-05 15:15:00+00:00 (Exit: Signal, Profit: 3663.3999999999287, Duration: 5790.0 minutes)
2024-11-11 10:56:43,432 - Short Sell 17.00 shares at 1110.89 on 2024-11-05 15:30:00+00:00
2024-11-11 10:56:43,432 - Short Sell 17.00 shares at 1111.97 on 2024-11-05 15:45:00+00:00
2024-11-11 10:56:43,432 - Short Sell 17.00 shares at 1111.94 on 2024-11-05 16:00:00+00:00
2024-11-11 10:56:43,432 - Short Sell 17.00 shares at 1112.77 on 2024-11-05 16:15:00+00:00
2024-11-11 10:56:43,432 - Short Sell 17.00 shares at 1113.5 on 2024-11-05 16:30:00+00:00
2024-11-11 10:56:43,432 - Short Sell 17.00 shares at 1113.14 on 2024-11-05 16:45:00+00:00
2024-11-11 10:56:43,433 - Short Sell 17.00 shares at 1113.82 on 2024-11-05 17:00:00+00:00
2024-11-11 10:56:43,433 - Short Sell 17.00 shares at 1115.28 on 2024-11-05 17:15:00+00:00
2024-11-11 10:56:43,433 - Buy to cover -136.00 shares at 1115.28 on 2024-11-05 17:30:00+00:00 (Exit: Signal, Profit: -321.809999999974, Duration: 120.0 minutes)
2024-11-11 10:56:43,433 - Long Buy 17.00 shares at 1113.81 on 2024-11-05 17:45:00+00:00
2024-11-11 10:56:43,433 - Sell to close 17.00 shares at 1119.05 on 2024-11-05 18:45:00+00:00 (Exit: Signal, Profit: 89.08000000000015, Duration: 60.0 minutes)
2024-11-11 10:56:43,433 - Short Sell 17.00 shares at 1119.05 on 2024-11-05 19:00:00+00:00
2024-11-11 10:56:43,433 - Short Sell 17.00 shares at 1120.79 on 2024-11-05 19:15:00+00:00
2024-11-11 10:56:43,433 - Short Sell 17.00 shares at 1122.18 on 2024-11-05 19:30:00+00:00
2024-11-11 10:56:43,433 - Short Sell 17.00 shares at 1119.07 on 2024-11-05 20:30:00+00:00
2024-11-11 10:56:43,433 - Short Sell 17.00 shares at 1122.27 on 2024-11-05 20:45:00+00:00
2024-11-11 10:56:43,433 - Buy to cover -85.00 shares at 1171.93 on 2024-11-06 14:30:00+00:00 (Exit: Stop_loss, Profit: -4356.930000000022, Duration: 1170.0 minutes)
2024-11-11 10:56:43,434 - Short Sell 16.00 shares at 1190.33 on 2024-11-07 14:45:00+00:00
2024-11-11 10:56:43,434 - Short Sell 16.00 shares at 1189.31 on 2024-11-07 15:00:00+00:00
2024-11-11 10:56:43,434 - Short Sell 16.00 shares at 1188.23 on 2024-11-07 15:15:00+00:00
2024-11-11 10:56:43,434 - Short Sell 16.00 shares at 1191.18 on 2024-11-07 15:30:00+00:00
2024-11-11 10:56:43,434 - Short Sell 16.00 shares at 1190.73 on 2024-11-07 15:45:00+00:00
2024-11-11 10:56:43,434 - Short Sell 16.00 shares at 1190.29 on 2024-11-07 16:15:00+00:00
2024-11-11 10:56:43,434 - Short Sell 16.00 shares at 1191.92 on 2024-11-07 17:45:00+00:00
2024-11-11 10:56:43,434 - Short Sell 16.00 shares at 1192.24 on 2024-11-07 18:00:00+00:00
2024-11-11 10:56:43,434 - Buy to cover -128.00 shares at 1179.93 on 2024-11-07 19:30:00+00:00 (Exit: Signal, Profit: 1356.640000000014, Duration: 285.0 minutes)
2024-11-11 10:56:43,434 - Short Sell 16.00 shares at 1183.2 on 2024-11-07 19:45:00+00:00
2024-11-11 10:56:43,434 - Short Sell 16.00 shares at 1186.46 on 2024-11-07 20:00:00+00:00
2024-11-11 10:56:43,434 - Short Sell 16.00 shares at 1188.05 on 2024-11-07 20:15:00+00:00
2024-11-11 10:56:43,434 - Short Sell 16.00 shares at 1185.1 on 2024-11-07 20:30:00+00:00
2024-11-11 10:56:43,434 - Short Sell 16.00 shares at 1189.14 on 2024-11-07 20:45:00+00:00
2024-11-11 10:56:43,434 - Short Sell 16.00 shares at 1190.43 on 2024-11-08 14:30:00+00:00
2024-11-11 10:56:43,434 - Short Sell 16.00 shares at 1192.1 on 2024-11-08 14:45:00+00:00
2024-11-11 10:56:43,434 - Short Sell 16.00 shares at 1195.74 on 2024-11-08 15:00:00+00:00
2024-11-11 10:56:43,434 - Short Sell 16.00 shares at 1199.74 on 2024-11-08 15:15:00+00:00
2024-11-11 10:56:43,434 - Short Sell 16.00 shares at 1198.96 on 2024-11-08 15:30:00+00:00
2024-11-11 10:56:43,435 - Short Sell 16.00 shares at 1197.9 on 2024-11-08 15:45:00+00:00
2024-11-11 10:56:43,435 - Short Sell 16.00 shares at 1195.71 on 2024-11-08 16:00:00+00:00
2024-11-11 10:56:43,435 - Short Sell 16.00 shares at 1196.58 on 2024-11-08 16:15:00+00:00
2024-11-11 10:56:43,435 - Short Sell 16.00 shares at 1197.2 on 2024-11-08 16:30:00+00:00
2024-11-11 10:56:43,435 - Short Sell 16.00 shares at 1200.2 on 2024-11-08 16:45:00+00:00
2024-11-11 10:56:43,435 - Short Sell 16.00 shares at 1197.54 on 2024-11-08 17:00:00+00:00
2024-11-11 10:56:43,435 - Short Sell 16.00 shares at 1199.82 on 2024-11-08 17:15:00+00:00
2024-11-11 10:56:43,435 - Short Sell 16.00 shares at 1200.02 on 2024-11-08 17:30:00+00:00
2024-11-11 10:56:43,435 - Short Sell 16.00 shares at 1200.88 on 2024-11-08 17:45:00+00:00
2024-11-11 10:56:43,435 - Short Sell 16.00 shares at 1200.97 on 2024-11-08 18:00:00+00:00
2024-11-11 10:56:43,435 - Short Sell 16.00 shares at 1203.55 on 2024-11-08 18:15:00+00:00
2024-11-11 10:56:43,435 - Short Sell 16.00 shares at 1203.19 on 2024-11-08 18:30:00+00:00
2024-11-11 10:56:43,435 - Short Sell 16.00 shares at 1205.32 on 2024-11-08 18:45:00+00:00
2024-11-11 10:56:43,435 - Short Sell 16.00 shares at 1205.43 on 2024-11-08 19:00:00+00:00
2024-11-11 10:56:43,435 - Short Sell 16.00 shares at 1205.88 on 2024-11-08 19:15:00+00:00
2024-11-11 10:56:43,435 - Short Sell 16.00 shares at 1208.58 on 2024-11-08 19:30:00+00:00
2024-11-11 10:56:43,435 - Short Sell 16.00 shares at 1207.39 on 2024-11-08 19:45:00+00:00
2024-11-11 10:56:43,435 - Short Sell 16.00 shares at 1206.88 on 2024-11-08 20:00:00+00:00
2024-11-11 10:56:43,435 - Short Sell 16.00 shares at 1206.4 on 2024-11-08 20:15:00+00:00
2024-11-11 10:56:43,435 - Buy to cover -464.00 shares at 1205.74 on 2024-11-08 20:30:00+00:00 (Exit: Signal, Profit: -3489.5999999998967, Duration: 1485.0 minutes)
2024-11-11 10:56:43,435 - Long Buy 16.00 shares at 1202.77 on 2024-11-08 20:45:00+00:00
2024-11-11 10:56:43,436 - Holding 16.0 shares as an open position at the end with unrealized return: 0.0, Duration: 0.0 minutes
2024-11-11 10:56:43,438 - Final statisticsStock: GWW, 
total_trades: 28, 
winning_trades: 20, 
losing_trades: 8, 
average_return: 0.001895669199598471, 
average_duration: 1112.6785714285713, 
final_balance: 967707.7100000007, 
final_portfolio_value: 986952.0300000006, 
sharpe_ratio: 10.743556481807088, 



