2024-11-11 21:40:36,548 - Starting GBMStrategy with initial capital: 1000000
2024-11-11 21:40:36,548 - Hyperparameters: {'threshold': 1.5, 'time_periods': 30, 'num_simulations': 150}
2024-11-11 21:45:11,708 - Long Buy 50.00 shares at 393.19 on 2024-10-11 14:30:00+00:00
2024-11-11 21:45:11,710 - Sell to close 50.00 shares at 395.63 on 2024-10-11 15:00:00+00:00 (Exit: Profit_take, Profit: 121.99999999999989, Duration: 30.0 minutes)
2024-11-11 21:45:11,710 - Long Buy 51.00 shares at 392.0 on 2024-10-11 17:00:00+00:00
2024-11-11 21:45:11,710 - Sell to close 51.00 shares at 394.38 on 2024-10-11 19:00:00+00:00 (Exit: Profit_take, Profit: 121.37999999999977, Duration: 120.0 minutes)
2024-11-11 21:45:11,710 - Short Sell 50.00 shares at 396.38 on 2024-10-14 14:00:00+00:00
2024-11-11 21:45:11,710 - Short Sell 50.00 shares at 396.99 on 2024-10-14 14:15:00+00:00
2024-11-11 21:45:11,710 - Short Sell 50.00 shares at 396.88 on 2024-10-14 14:30:00+00:00
2024-11-11 21:45:11,710 - Short Sell 50.00 shares at 396.64 on 2024-10-14 14:45:00+00:00
2024-11-11 21:45:11,710 - Short Sell 50.00 shares at 396.87 on 2024-10-14 15:00:00+00:00
2024-11-11 21:45:11,711 - Short Sell 50.00 shares at 397.26 on 2024-10-14 15:30:00+00:00
2024-11-11 21:45:11,711 - Short Sell 50.00 shares at 397.81 on 2024-10-14 18:30:00+00:00
2024-11-11 21:45:11,711 - Buy to cover -350.00 shares at 410.72 on 2024-10-15 13:30:00+00:00 (Exit: Stop_loss, Profit: -4810.500000000013, Duration: 1410.0 minutes)
2024-11-11 21:45:11,711 - Short Sell 48.00 shares at 411.38 on 2024-10-16 13:30:00+00:00
2024-11-11 21:45:11,711 - Short Sell 48.00 shares at 413.2 on 2024-10-16 13:45:00+00:00
2024-11-11 21:45:11,711 - Short Sell 48.00 shares at 413.36 on 2024-10-16 14:00:00+00:00
2024-11-11 21:45:11,711 - Short Sell 48.00 shares at 414.0 on 2024-10-16 14:15:00+00:00
2024-11-11 21:45:11,711 - Short Sell 48.00 shares at 414.17 on 2024-10-16 14:30:00+00:00
2024-11-11 21:45:11,711 - Short Sell 48.00 shares at 413.36 on 2024-10-16 14:45:00+00:00
2024-11-11 21:45:11,711 - Short Sell 48.00 shares at 413.55 on 2024-10-16 15:00:00+00:00
2024-11-11 21:45:11,711 - Short Sell 48.00 shares at 414.11 on 2024-10-16 15:15:00+00:00
2024-11-11 21:45:11,711 - Short Sell 47.00 shares at 415.33 on 2024-10-16 15:30:00+00:00
2024-11-11 21:45:11,711 - Short Sell 47.00 shares at 414.79 on 2024-10-16 15:45:00+00:00
2024-11-11 21:45:11,711 - Short Sell 47.00 shares at 415.25 on 2024-10-16 16:00:00+00:00
2024-11-11 21:45:11,711 - Buy to cover -525.00 shares at 415.69 on 2024-10-16 16:15:00+00:00 (Exit: Stop_loss, Profit: -962.619999999994, Duration: 165.0 minutes)
2024-11-11 21:45:11,712 - Long Buy 48.00 shares at 407.82 on 2024-10-17 13:30:00+00:00
2024-11-11 21:45:11,712 - Long Buy 47.00 shares at 407.77 on 2024-10-17 14:00:00+00:00
2024-11-11 21:45:11,712 - Long Buy 46.00 shares at 407.09 on 2024-10-17 14:15:00+00:00
2024-11-11 21:45:11,712 - Long Buy 45.00 shares at 407.98 on 2024-10-17 14:30:00+00:00
2024-11-11 21:45:11,712 - Long Buy 45.00 shares at 407.31 on 2024-10-17 14:45:00+00:00
2024-11-11 21:45:11,712 - Long Buy 44.00 shares at 406.93 on 2024-10-17 15:00:00+00:00
2024-11-11 21:45:11,712 - Long Buy 43.00 shares at 406.93 on 2024-10-17 15:15:00+00:00
2024-11-11 21:45:11,712 - Long Buy 42.00 shares at 406.57 on 2024-10-17 15:30:00+00:00
2024-11-11 21:45:11,712 - Long Buy 41.00 shares at 407.32 on 2024-10-17 15:45:00+00:00
2024-11-11 21:45:11,712 - Long Buy 40.00 shares at 406.51 on 2024-10-17 16:00:00+00:00
2024-11-11 21:45:11,712 - Long Buy 40.00 shares at 406.05 on 2024-10-17 16:15:00+00:00
2024-11-11 21:45:11,712 - Long Buy 39.00 shares at 406.68 on 2024-10-17 16:30:00+00:00
2024-11-11 21:45:11,712 - Long Buy 38.00 shares at 406.4 on 2024-10-17 16:45:00+00:00
2024-11-11 21:45:11,712 - Long Buy 37.00 shares at 405.83 on 2024-10-17 17:00:00+00:00
2024-11-11 21:45:11,712 - Long Buy 37.00 shares at 406.51 on 2024-10-17 17:15:00+00:00
2024-11-11 21:45:11,712 - Long Buy 36.00 shares at 405.9 on 2024-10-17 17:30:00+00:00
2024-11-11 21:45:11,712 - Long Buy 35.00 shares at 406.76 on 2024-10-17 17:45:00+00:00
2024-11-11 21:45:11,712 - Long Buy 34.00 shares at 405.81 on 2024-10-17 18:00:00+00:00
2024-11-11 21:45:11,712 - Sell to close 737.00 shares at 405.06 on 2024-10-17 18:15:00+00:00 (Exit: Stop_loss, Profit: -1313.7299999999614, Duration: 285.0 minutes)
2024-11-11 21:45:11,712 - Short Sell 48.00 shares at 406.82 on 2024-10-18 13:45:00+00:00
2024-11-11 21:45:11,712 - Short Sell 48.00 shares at 408.89 on 2024-10-18 14:00:00+00:00
2024-11-11 21:45:11,712 - Buy to cover -96.00 shares at 411.03 on 2024-10-18 14:15:00+00:00 (Exit: Stop_loss, Profit: -304.79999999999563, Duration: 30.0 minutes)
2024-11-11 21:45:11,713 - Long Buy 48.00 shares at 412.51 on 2024-10-21 13:45:00+00:00
2024-11-11 21:45:11,713 - Sell to close 48.00 shares at 415.45 on 2024-10-21 14:30:00+00:00 (Exit: Profit_take, Profit: 141.1199999999999, Duration: 45.0 minutes)
2024-11-11 21:45:11,713 - Long Buy 48.00 shares at 412.62 on 2024-10-21 15:45:00+00:00
2024-11-11 21:45:11,713 - Long Buy 47.00 shares at 412.25 on 2024-10-21 16:00:00+00:00
2024-11-11 21:45:11,713 - Long Buy 46.00 shares at 411.17 on 2024-10-21 19:30:00+00:00
2024-11-11 21:45:11,713 - Long Buy 45.00 shares at 411.09 on 2024-10-21 19:45:00+00:00
2024-11-11 21:45:11,713 - Sell to close 186.00 shares at 409.55 on 2024-10-22 13:30:00+00:00 (Exit: Stop_loss, Profit: -418.0800000000004, Duration: 1305.0 minutes)
2024-11-11 21:45:11,713 - Long Buy 48.00 shares at 407.92 on 2024-10-23 15:00:00+00:00
2024-11-11 21:45:11,713 - Long Buy 47.00 shares at 406.98 on 2024-10-23 15:15:00+00:00
2024-11-11 21:45:11,713 - Long Buy 46.00 shares at 407.13 on 2024-10-23 15:30:00+00:00
2024-11-11 21:45:11,713 - Long Buy 45.00 shares at 407.41 on 2024-10-23 15:45:00+00:00
2024-11-11 21:45:11,713 - Long Buy 45.00 shares at 407.25 on 2024-10-23 16:00:00+00:00
2024-11-11 21:45:11,714 - Long Buy 44.00 shares at 407.89 on 2024-10-23 16:15:00+00:00
2024-11-11 21:45:11,714 - Long Buy 43.00 shares at 407.97 on 2024-10-23 16:30:00+00:00
2024-11-11 21:45:11,714 - Long Buy 42.00 shares at 407.25 on 2024-10-23 16:45:00+00:00
2024-11-11 21:45:11,714 - Long Buy 41.00 shares at 407.19 on 2024-10-23 17:00:00+00:00
2024-11-11 21:45:11,714 - Long Buy 40.00 shares at 407.35 on 2024-10-23 17:15:00+00:00
2024-11-11 21:45:11,714 - Long Buy 39.00 shares at 407.19 on 2024-10-23 18:00:00+00:00
2024-11-11 21:45:11,714 - Long Buy 39.00 shares at 406.89 on 2024-10-23 18:15:00+00:00
2024-11-11 21:45:11,714 - Sell to close 519.00 shares at 409.98 on 2024-10-23 19:00:00+00:00 (Exit: Profit_take, Profit: 1351.4399999999944, Duration: 240.0 minutes)
2024-11-11 21:45:11,714 - Long Buy 49.00 shares at 401.95 on 2024-10-24 13:30:00+00:00
2024-11-11 21:45:11,714 - Sell to close 49.00 shares at 406.16 on 2024-10-24 13:45:00+00:00 (Exit: Profit_take, Profit: 206.29000000000178, Duration: 15.0 minutes)
2024-11-11 21:45:11,714 - Long Buy 49.00 shares at 404.58 on 2024-10-24 14:00:00+00:00
2024-11-11 21:45:11,714 - Long Buy 47.00 shares at 406.56 on 2024-10-24 14:15:00+00:00
2024-11-11 21:45:11,714 - Long Buy 47.00 shares at 405.35 on 2024-10-24 14:30:00+00:00
2024-11-11 21:45:11,714 - Long Buy 46.00 shares at 404.38 on 2024-10-24 14:45:00+00:00
2024-11-11 21:45:11,714 - Long Buy 45.00 shares at 403.06 on 2024-10-24 15:00:00+00:00
2024-11-11 21:45:11,714 - Long Buy 44.00 shares at 403.53 on 2024-10-24 15:15:00+00:00
2024-11-11 21:45:11,714 - Sell to close 278.00 shares at 397.45 on 2024-10-24 15:30:00+00:00 (Exit: Stop_loss, Profit: -1987.5900000000101, Duration: 90.0 minutes)
2024-11-11 21:45:11,714 - Long Buy 54.00 shares at 367.04 on 2024-10-25 13:30:00+00:00
2024-11-11 21:45:11,714 - Sell to close 54.00 shares at 362.32 on 2024-10-25 13:45:00+00:00 (Exit: Stop_loss, Profit: -254.88000000000147, Duration: 15.0 minutes)
2024-11-11 21:45:11,715 - Short Sell 54.00 shares at 364.95 on 2024-10-28 13:30:00+00:00
2024-11-11 21:45:11,715 - Short Sell 54.00 shares at 365.25 on 2024-10-28 13:45:00+00:00
2024-11-11 21:45:11,715 - Buy to cover -108.00 shares at 360.83 on 2024-10-28 14:00:00+00:00 (Exit: Profit_take, Profit: 461.1600000000042, Duration: 30.0 minutes)
2024-11-11 21:45:11,715 - Long Buy 55.00 shares at 358.61 on 2024-10-28 18:00:00+00:00
2024-11-11 21:45:11,715 - Long Buy 54.00 shares at 358.23 on 2024-10-28 18:15:00+00:00
2024-11-11 21:45:11,715 - Long Buy 53.00 shares at 356.58 on 2024-10-28 19:45:00+00:00
2024-11-11 21:45:11,715 - Sell to close 162.00 shares at 360.86 on 2024-10-29 13:45:00+00:00 (Exit: Profit_take, Profit: 492.6100000000039, Duration: 1185.0 minutes)
2024-11-11 21:45:11,715 - Short Sell 54.00 shares at 361.68 on 2024-10-29 14:30:00+00:00
2024-11-11 21:45:11,715 - Short Sell 54.00 shares at 361.46 on 2024-10-29 14:45:00+00:00
2024-11-11 21:45:11,715 - Buy to cover -108.00 shares at 358.29 on 2024-10-29 15:15:00+00:00 (Exit: Profit_take, Profit: 354.23999999999705, Duration: 45.0 minutes)
2024-11-11 21:45:11,716 - Short Sell 55.00 shares at 359.01 on 2024-10-29 19:00:00+00:00
2024-11-11 21:45:11,716 - Short Sell 55.00 shares at 359.68 on 2024-10-29 19:15:00+00:00
2024-11-11 21:45:11,716 - Short Sell 55.00 shares at 360.28 on 2024-10-29 19:30:00+00:00
2024-11-11 21:45:11,716 - Short Sell 55.00 shares at 360.79 on 2024-10-29 19:45:00+00:00
2024-11-11 21:45:11,716 - Short Sell 54.00 shares at 361.27 on 2024-10-30 13:30:00+00:00
2024-11-11 21:45:11,716 - Buy to cover -274.00 shares at 362.92 on 2024-10-30 13:45:00+00:00 (Exit: Stop_loss, Profit: -744.7000000000018, Duration: 1125.0 minutes)
2024-11-11 21:45:11,716 - Long Buy 55.00 shares at 359.26 on 2024-10-31 13:30:00+00:00
2024-11-11 21:45:11,716 - Sell to close 55.00 shares at 361.12 on 2024-10-31 14:00:00+00:00 (Exit: Profit_take, Profit: 102.30000000000075, Duration: 30.0 minutes)
2024-11-11 21:45:11,716 - Long Buy 55.00 shares at 359.85 on 2024-10-31 14:15:00+00:00
2024-11-11 21:45:11,716 - Long Buy 54.00 shares at 359.36 on 2024-10-31 14:30:00+00:00
2024-11-11 21:45:11,716 - Long Buy 53.00 shares at 358.99 on 2024-10-31 14:45:00+00:00
2024-11-11 21:45:11,716 - Long Buy 52.00 shares at 358.96 on 2024-10-31 15:00:00+00:00
2024-11-11 21:45:11,716 - Long Buy 51.00 shares at 357.6 on 2024-10-31 15:15:00+00:00
2024-11-11 21:45:11,716 - Long Buy 49.00 shares at 359.24 on 2024-10-31 15:45:00+00:00
2024-11-11 21:45:11,716 - Long Buy 48.00 shares at 359.23 on 2024-10-31 16:00:00+00:00
2024-11-11 21:45:11,716 - Long Buy 48.00 shares at 357.69 on 2024-11-01 13:45:00+00:00
2024-11-11 21:45:11,717 - Long Buy 47.00 shares at 357.25 on 2024-11-01 14:30:00+00:00
2024-11-11 21:45:11,717 - Long Buy 46.00 shares at 357.53 on 2024-11-01 14:45:00+00:00
2024-11-11 21:45:11,717 - Sell to close 503.00 shares at 355.64 on 2024-11-01 17:30:00+00:00 (Exit: Stop_loss, Profit: -1492.3100000000056, Duration: 1635.0 minutes)
2024-11-11 21:45:11,717 - Short Sell 54.00 shares at 362.27 on 2024-11-04 14:30:00+00:00
2024-11-11 21:45:11,717 - Short Sell 54.00 shares at 363.25 on 2024-11-04 14:45:00+00:00
2024-11-11 21:45:11,717 - Buy to cover -108.00 shares at 367.75 on 2024-11-04 15:00:00+00:00 (Exit: Stop_loss, Profit: -538.920000000001, Duration: 30.0 minutes)
2024-11-11 21:45:11,717 - Long Buy 54.00 shares at 365.08 on 2024-11-05 17:30:00+00:00
2024-11-11 21:45:11,717 - Sell to close 54.00 shares at 366.94 on 2024-11-05 20:30:00+00:00 (Exit: Profit_take, Profit: 100.44000000000074, Duration: 180.0 minutes)
2024-11-11 21:45:11,718 - Long Buy 56.00 shares at 351.16 on 2024-11-06 14:30:00+00:00
2024-11-11 21:45:11,718 - Long Buy 55.00 shares at 351.06 on 2024-11-06 14:45:00+00:00
2024-11-11 21:45:11,718 - Sell to close 111.00 shares at 354.38 on 2024-11-06 15:00:00+00:00 (Exit: Profit_take, Profit: 362.9199999999987, Duration: 30.0 minutes)
2024-11-11 21:45:11,718 - Long Buy 56.00 shares at 350.15 on 2024-11-06 15:15:00+00:00
2024-11-11 21:45:11,718 - Long Buy 55.00 shares at 349.0 on 2024-11-06 15:30:00+00:00
2024-11-11 21:45:11,718 - Long Buy 54.00 shares at 347.53 on 2024-11-06 15:45:00+00:00
2024-11-11 21:45:11,718 - Long Buy 53.00 shares at 349.75 on 2024-11-06 16:00:00+00:00
2024-11-11 21:45:11,718 - Sell to close 218.00 shares at 353.63 on 2024-11-06 16:15:00+00:00 (Exit: Profit_take, Profit: 984.570000000005, Duration: 60.0 minutes)
2024-11-11 21:45:11,718 - Long Buy 56.00 shares at 354.2 on 2024-11-06 16:30:00+00:00
2024-11-11 21:45:11,718 - Long Buy 55.00 shares at 353.41 on 2024-11-06 16:45:00+00:00
2024-11-11 21:45:11,718 - Long Buy 54.00 shares at 352.81 on 2024-11-06 17:00:00+00:00
2024-11-11 21:45:11,718 - Long Buy 53.00 shares at 352.15 on 2024-11-06 17:15:00+00:00
2024-11-11 21:45:11,718 - Long Buy 51.00 shares at 352.44 on 2024-11-06 17:30:00+00:00
2024-11-11 21:45:11,718 - Long Buy 51.00 shares at 351.67 on 2024-11-06 17:45:00+00:00
2024-11-11 21:45:11,718 - Sell to close 320.00 shares at 349.5 on 2024-11-06 18:00:00+00:00 (Exit: Stop_loss, Profit: -1058.050000000003, Duration: 90.0 minutes)
2024-11-11 21:45:11,718 - Long Buy 56.00 shares at 348.56 on 2024-11-07 14:30:00+00:00
2024-11-11 21:45:11,718 - Sell to close 56.00 shares at 350.46 on 2024-11-07 14:45:00+00:00 (Exit: Profit_take, Profit: 106.39999999999873, Duration: 15.0 minutes)
2024-11-11 21:45:11,718 - Short Sell 55.00 shares at 354.69 on 2024-11-07 15:45:00+00:00
2024-11-11 21:45:11,718 - Short Sell 55.00 shares at 354.38 on 2024-11-07 16:00:00+00:00
2024-11-11 21:45:11,718 - Short Sell 56.00 shares at 353.89 on 2024-11-07 16:15:00+00:00
2024-11-11 21:45:11,718 - Buy to cover -166.00 shares at 352.52 on 2024-11-07 16:30:00+00:00 (Exit: Profit_take, Profit: 298.3700000000066, Duration: 45.0 minutes)
2024-11-11 21:45:11,718 - Short Sell 56.00 shares at 354.04 on 2024-11-07 17:30:00+00:00
2024-11-11 21:45:11,719 - Short Sell 55.00 shares at 354.46 on 2024-11-07 18:00:00+00:00
2024-11-11 21:45:11,719 - Short Sell 55.00 shares at 354.51 on 2024-11-07 18:15:00+00:00
2024-11-11 21:45:11,719 - Short Sell 55.00 shares at 354.98 on 2024-11-07 18:45:00+00:00
2024-11-11 21:45:11,719 - Short Sell 55.00 shares at 355.11 on 2024-11-07 19:00:00+00:00
2024-11-11 21:45:11,719 - Short Sell 55.00 shares at 354.5 on 2024-11-07 19:15:00+00:00
2024-11-11 21:45:11,719 - Short Sell 55.00 shares at 354.74 on 2024-11-07 19:30:00+00:00
2024-11-11 21:45:11,719 - Short Sell 55.00 shares at 356.49 on 2024-11-07 20:00:00+00:00
2024-11-11 21:45:11,719 - Short Sell 55.00 shares at 356.38 on 2024-11-07 20:15:00+00:00
2024-11-11 21:45:11,719 - Short Sell 55.00 shares at 356.24 on 2024-11-07 20:30:00+00:00
2024-11-11 21:45:11,719 - Short Sell 55.00 shares at 356.05 on 2024-11-07 20:45:00+00:00
2024-11-11 21:45:11,719 - Buy to cover -606.00 shares at 357.34 on 2024-11-08 14:30:00+00:00 (Exit: Stop_loss, Profit: -1281.499999999975, Duration: 1260.0 minutes)
2024-11-11 21:45:11,721 - Final statisticsStock: HCA, 
total_trades: 26, 
winning_trades: 14, 
losing_trades: 12, 
average_return: -0.0009048826597295585, 
average_duration: 365.7692307692308, 
final_balance: 990037.5599999994, 
final_portfolio_value: 990037.5599999994, 
sharpe_ratio: 2.0644370187894365, 



