2024-11-11 23:11:33,203 - Starting GBMStrategy with initial capital: 1000000
2024-11-11 23:11:33,203 - Hyperparameters: {'threshold': 1.5, 'time_periods': 30, 'num_simulations': 150}
2024-11-11 23:16:19,655 - Long Buy 48.00 shares at 410.36 on 2024-10-11 14:30:00+00:00
2024-11-11 23:16:19,657 - Sell to close 48.00 shares at 411.05 on 2024-10-11 14:45:00+00:00 (Exit: Signal, Profit: 33.12000000000262, Duration: 15.0 minutes)
2024-11-11 23:16:19,657 - Short Sell 48.00 shares at 411.25 on 2024-10-11 15:00:00+00:00
2024-11-11 23:16:19,657 - Short Sell 48.00 shares at 411.92 on 2024-10-11 15:15:00+00:00
2024-11-11 23:16:19,657 - Short Sell 48.00 shares at 412.93 on 2024-10-11 15:30:00+00:00
2024-11-11 23:16:19,657 - Short Sell 48.00 shares at 412.06 on 2024-10-11 15:45:00+00:00
2024-11-11 23:16:19,657 - Short Sell 48.00 shares at 411.76 on 2024-10-11 16:00:00+00:00
2024-11-11 23:16:19,657 - Short Sell 48.00 shares at 411.75 on 2024-10-11 16:15:00+00:00
2024-11-11 23:16:19,657 - Short Sell 48.00 shares at 411.94 on 2024-10-11 16:30:00+00:00
2024-11-11 23:16:19,657 - Short Sell 48.00 shares at 411.93 on 2024-10-11 16:45:00+00:00
2024-11-11 23:16:19,657 - Short Sell 48.00 shares at 411.69 on 2024-10-11 17:00:00+00:00
2024-11-11 23:16:19,657 - Short Sell 48.00 shares at 411.66 on 2024-10-11 17:15:00+00:00
2024-11-11 23:16:19,657 - Short Sell 48.00 shares at 411.82 on 2024-10-11 17:30:00+00:00
2024-11-11 23:16:19,657 - Short Sell 48.00 shares at 412.25 on 2024-10-11 19:30:00+00:00
2024-11-11 23:16:19,657 - Short Sell 48.00 shares at 411.9 on 2024-10-11 19:45:00+00:00
2024-11-11 23:16:19,657 - Short Sell 48.00 shares at 412.37 on 2024-10-14 13:30:00+00:00
2024-11-11 23:16:19,657 - Short Sell 48.00 shares at 412.77 on 2024-10-14 13:45:00+00:00
2024-11-11 23:16:19,657 - Short Sell 48.00 shares at 413.71 on 2024-10-14 14:00:00+00:00
2024-11-11 23:16:19,657 - Short Sell 48.00 shares at 413.16 on 2024-10-14 14:15:00+00:00
2024-11-11 23:16:19,657 - Short Sell 48.00 shares at 414.37 on 2024-10-14 14:30:00+00:00
2024-11-11 23:16:19,657 - Short Sell 48.00 shares at 414.1 on 2024-10-14 14:45:00+00:00
2024-11-11 23:16:19,657 - Short Sell 48.00 shares at 414.56 on 2024-10-14 15:00:00+00:00
2024-11-11 23:16:19,657 - Short Sell 48.00 shares at 413.84 on 2024-10-14 15:15:00+00:00
2024-11-11 23:16:19,657 - Buy to cover -1008.00 shares at 414.77 on 2024-10-14 15:30:00+00:00 (Exit: Stop_loss, Profit: -2228.639999999954, Duration: 4350.0 minutes)
2024-11-11 23:16:19,658 - Short Sell 47.00 shares at 418.55 on 2024-10-15 13:30:00+00:00
2024-11-11 23:16:19,658 - Short Sell 47.00 shares at 417.96 on 2024-10-15 13:45:00+00:00
2024-11-11 23:16:19,658 - Short Sell 47.00 shares at 420.05 on 2024-10-15 14:00:00+00:00
2024-11-11 23:16:19,658 - Short Sell 47.00 shares at 420.17 on 2024-10-15 14:15:00+00:00
2024-11-11 23:16:19,658 - Short Sell 47.00 shares at 420.4 on 2024-10-15 14:30:00+00:00
2024-11-11 23:16:19,658 - Short Sell 47.00 shares at 419.29 on 2024-10-15 14:45:00+00:00
2024-11-11 23:16:19,658 - Short Sell 47.00 shares at 418.62 on 2024-10-15 15:00:00+00:00
2024-11-11 23:16:19,658 - Short Sell 47.00 shares at 420.73 on 2024-10-15 15:15:00+00:00
2024-11-11 23:16:19,658 - Short Sell 47.00 shares at 420.69 on 2024-10-15 15:30:00+00:00
2024-11-11 23:16:19,658 - Short Sell 47.00 shares at 419.44 on 2024-10-15 15:45:00+00:00
2024-11-11 23:16:19,658 - Short Sell 47.00 shares at 419.01 on 2024-10-15 16:00:00+00:00
2024-11-11 23:16:19,658 - Short Sell 47.00 shares at 418.34 on 2024-10-15 16:15:00+00:00
2024-11-11 23:16:19,658 - Buy to cover -564.00 shares at 418.1 on 2024-10-15 16:30:00+00:00 (Exit: Signal, Profit: 754.3499999999872, Duration: 180.0 minutes)
2024-11-11 23:16:19,658 - Long Buy 47.00 shares at 417.3 on 2024-10-15 17:00:00+00:00
2024-11-11 23:16:19,658 - Long Buy 46.00 shares at 417.55 on 2024-10-15 17:15:00+00:00
2024-11-11 23:16:19,658 - Long Buy 45.00 shares at 417.68 on 2024-10-15 17:30:00+00:00
2024-11-11 23:16:19,658 - Long Buy 45.00 shares at 416.48 on 2024-10-15 17:45:00+00:00
2024-11-11 23:16:19,658 - Long Buy 44.00 shares at 416.31 on 2024-10-15 18:00:00+00:00
2024-11-11 23:16:19,658 - Long Buy 43.00 shares at 415.51 on 2024-10-15 18:15:00+00:00
2024-11-11 23:16:19,658 - Long Buy 42.00 shares at 415.79 on 2024-10-15 18:30:00+00:00
2024-11-11 23:16:19,658 - Long Buy 41.00 shares at 416.36 on 2024-10-15 18:45:00+00:00
2024-11-11 23:16:19,658 - Long Buy 40.00 shares at 415.37 on 2024-10-15 19:00:00+00:00
2024-11-11 23:16:19,658 - Long Buy 40.00 shares at 415.88 on 2024-10-15 19:15:00+00:00
2024-11-11 23:16:19,658 - Long Buy 39.00 shares at 415.68 on 2024-10-15 19:30:00+00:00
2024-11-11 23:16:19,658 - Long Buy 38.00 shares at 415.83 on 2024-10-15 19:45:00+00:00
2024-11-11 23:16:19,658 - Long Buy 37.00 shares at 415.23 on 2024-10-16 13:30:00+00:00
2024-11-11 23:16:19,658 - Long Buy 37.00 shares at 416.18 on 2024-10-16 13:45:00+00:00
2024-11-11 23:16:19,659 - Long Buy 36.00 shares at 416.05 on 2024-10-16 14:00:00+00:00
2024-11-11 23:16:19,659 - Long Buy 35.00 shares at 415.65 on 2024-10-16 14:15:00+00:00
2024-11-11 23:16:19,659 - Long Buy 34.00 shares at 415.48 on 2024-10-16 14:30:00+00:00
2024-11-11 23:16:19,659 - Long Buy 34.00 shares at 416.0 on 2024-10-16 14:45:00+00:00
2024-11-11 23:16:19,659 - Long Buy 33.00 shares at 415.5 on 2024-10-16 15:00:00+00:00
2024-11-11 23:16:19,659 - Long Buy 32.00 shares at 415.88 on 2024-10-16 15:15:00+00:00
2024-11-11 23:16:19,659 - Long Buy 32.00 shares at 416.21 on 2024-10-16 15:30:00+00:00
2024-11-11 23:16:19,659 - Long Buy 31.00 shares at 416.32 on 2024-10-16 15:45:00+00:00
2024-11-11 23:16:19,659 - Long Buy 30.00 shares at 416.63 on 2024-10-16 16:00:00+00:00
2024-11-11 23:16:19,659 - Long Buy 30.00 shares at 416.82 on 2024-10-16 16:15:00+00:00
2024-11-11 23:16:19,659 - Long Buy 29.00 shares at 416.15 on 2024-10-16 16:30:00+00:00
2024-11-11 23:16:19,659 - Long Buy 29.00 shares at 416.1 on 2024-10-16 16:45:00+00:00
2024-11-11 23:16:19,659 - Long Buy 28.00 shares at 416.42 on 2024-10-16 17:00:00+00:00
2024-11-11 23:16:19,659 - Long Buy 28.00 shares at 416.36 on 2024-10-16 17:15:00+00:00
2024-11-11 23:16:19,659 - Sell to close 1025.00 shares at 416.42 on 2024-10-16 17:30:00+00:00 (Exit: Signal, Profit: 232.40000000005665, Duration: 1470.0 minutes)
2024-11-11 23:16:19,659 - Short Sell 47.00 shares at 417.12 on 2024-10-16 18:00:00+00:00
2024-11-11 23:16:19,659 - Short Sell 47.00 shares at 418.1 on 2024-10-16 18:15:00+00:00
2024-11-11 23:16:19,659 - Short Sell 47.00 shares at 417.79 on 2024-10-16 18:30:00+00:00
2024-11-11 23:16:19,659 - Short Sell 47.00 shares at 418.24 on 2024-10-16 18:45:00+00:00
2024-11-11 23:16:19,659 - Short Sell 47.00 shares at 417.54 on 2024-10-16 19:00:00+00:00
2024-11-11 23:16:19,659 - Short Sell 47.00 shares at 418.06 on 2024-10-16 19:15:00+00:00
2024-11-11 23:16:19,659 - Short Sell 47.00 shares at 418.32 on 2024-10-16 19:30:00+00:00
2024-11-11 23:16:19,659 - Short Sell 47.00 shares at 418.41 on 2024-10-16 19:45:00+00:00
2024-11-11 23:16:19,659 - Short Sell 47.00 shares at 417.67 on 2024-10-17 13:30:00+00:00
2024-11-11 23:16:19,659 - Short Sell 47.00 shares at 417.51 on 2024-10-17 13:45:00+00:00
2024-11-11 23:16:19,659 - Buy to cover -470.00 shares at 415.58 on 2024-10-17 15:00:00+00:00 (Exit: Profit_take, Profit: 1079.1199999999963, Duration: 1260.0 minutes)
2024-11-11 23:16:19,659 - Long Buy 48.00 shares at 415.39 on 2024-10-17 15:30:00+00:00
2024-11-11 23:16:19,659 - Long Buy 47.00 shares at 415.18 on 2024-10-17 16:00:00+00:00
2024-11-11 23:16:19,660 - Long Buy 46.00 shares at 415.04 on 2024-10-17 18:00:00+00:00
2024-11-11 23:16:19,660 - Long Buy 45.00 shares at 414.71 on 2024-10-17 18:15:00+00:00
2024-11-11 23:16:19,660 - Long Buy 44.00 shares at 414.7 on 2024-10-17 18:30:00+00:00
2024-11-11 23:16:19,660 - Sell to close 230.00 shares at 415.1 on 2024-10-17 18:45:00+00:00 (Exit: Signal, Profit: 20.22999999998035, Duration: 195.0 minutes)
2024-11-11 23:16:19,660 - Short Sell 48.00 shares at 415.28 on 2024-10-17 19:00:00+00:00
2024-11-11 23:16:19,660 - Short Sell 48.00 shares at 415.69 on 2024-10-17 19:30:00+00:00
2024-11-11 23:16:19,660 - Short Sell 48.00 shares at 415.61 on 2024-10-17 19:45:00+00:00
2024-11-11 23:16:19,660 - Short Sell 48.00 shares at 415.88 on 2024-10-18 13:30:00+00:00
2024-11-11 23:16:19,660 - Buy to cover -192.00 shares at 413.8 on 2024-10-18 13:45:00+00:00 (Exit: Signal, Profit: 348.47999999998865, Duration: 1125.0 minutes)
2024-11-11 23:16:19,660 - Long Buy 48.00 shares at 413.59 on 2024-10-18 14:00:00+00:00
2024-11-11 23:16:19,660 - Long Buy 47.00 shares at 413.81 on 2024-10-18 14:15:00+00:00
2024-11-11 23:16:19,660 - Long Buy 46.00 shares at 413.99 on 2024-10-18 15:00:00+00:00
2024-11-11 23:16:19,660 - Long Buy 45.00 shares at 413.63 on 2024-10-18 15:15:00+00:00
2024-11-11 23:16:19,660 - Long Buy 44.00 shares at 413.69 on 2024-10-18 15:30:00+00:00
2024-11-11 23:16:19,660 - Long Buy 43.00 shares at 413.88 on 2024-10-18 16:15:00+00:00
2024-11-11 23:16:19,660 - Sell to close 273.00 shares at 415.19 on 2024-10-18 19:30:00+00:00 (Exit: Signal, Profit: 389.3900000000009, Duration: 330.0 minutes)
2024-11-11 23:16:19,660 - Short Sell 48.00 shares at 415.5 on 2024-10-21 13:30:00+00:00
2024-11-11 23:16:19,660 - Buy to cover -48.00 shares at 414.38 on 2024-10-21 13:45:00+00:00 (Exit: Signal, Profit: 53.76000000000022, Duration: 15.0 minutes)
2024-11-11 23:16:19,661 - Long Buy 48.00 shares at 413.99 on 2024-10-21 14:00:00+00:00
2024-11-11 23:16:19,661 - Long Buy 47.00 shares at 412.11 on 2024-10-21 14:15:00+00:00
2024-11-11 23:16:19,661 - Long Buy 46.00 shares at 411.38 on 2024-10-21 14:30:00+00:00
2024-11-11 23:16:19,661 - Long Buy 45.00 shares at 410.43 on 2024-10-21 14:45:00+00:00
2024-11-11 23:16:19,661 - Sell to close 186.00 shares at 409.1 on 2024-10-21 15:00:00+00:00 (Exit: Stop_loss, Profit: -540.9199999999838, Duration: 60.0 minutes)
2024-11-11 23:16:19,661 - Long Buy 50.00 shares at 396.73 on 2024-10-22 13:30:00+00:00
2024-11-11 23:16:19,661 - Long Buy 49.00 shares at 397.73 on 2024-10-22 13:45:00+00:00
2024-11-11 23:16:19,661 - Sell to close 99.00 shares at 398.27 on 2024-10-22 14:00:00+00:00 (Exit: Signal, Profit: 103.45999999999219, Duration: 30.0 minutes)
2024-11-11 23:16:19,661 - Short Sell 50.00 shares at 399.45 on 2024-10-22 14:15:00+00:00
2024-11-11 23:16:19,661 - Short Sell 49.00 shares at 400.35 on 2024-10-22 14:30:00+00:00
2024-11-11 23:16:19,661 - Short Sell 50.00 shares at 399.33 on 2024-10-22 14:45:00+00:00
2024-11-11 23:16:19,661 - Short Sell 50.00 shares at 398.9 on 2024-10-22 15:00:00+00:00
2024-11-11 23:16:19,661 - Short Sell 50.00 shares at 399.38 on 2024-10-22 15:15:00+00:00
2024-11-11 23:16:19,661 - Short Sell 50.00 shares at 399.89 on 2024-10-22 15:30:00+00:00
2024-11-11 23:16:19,661 - Short Sell 50.00 shares at 399.31 on 2024-10-22 15:45:00+00:00
2024-11-11 23:16:19,661 - Short Sell 49.00 shares at 400.56 on 2024-10-22 16:00:00+00:00
2024-11-11 23:16:19,661 - Short Sell 49.00 shares at 400.69 on 2024-10-22 16:15:00+00:00
2024-11-11 23:16:19,661 - Short Sell 49.00 shares at 401.05 on 2024-10-22 16:30:00+00:00
2024-11-11 23:16:19,661 - Short Sell 49.00 shares at 400.79 on 2024-10-22 16:45:00+00:00
2024-11-11 23:16:19,661 - Short Sell 49.00 shares at 400.83 on 2024-10-22 17:00:00+00:00
2024-11-11 23:16:19,661 - Short Sell 49.00 shares at 401.29 on 2024-10-22 17:15:00+00:00
2024-11-11 23:16:19,661 - Short Sell 49.00 shares at 402.23 on 2024-10-22 17:30:00+00:00
2024-11-11 23:16:19,661 - Short Sell 49.00 shares at 402.26 on 2024-10-22 17:45:00+00:00
2024-11-11 23:16:19,661 - Short Sell 49.00 shares at 401.6 on 2024-10-22 18:00:00+00:00
2024-11-11 23:16:19,661 - Short Sell 49.00 shares at 402.64 on 2024-10-22 18:15:00+00:00
2024-11-11 23:16:19,661 - Short Sell 49.00 shares at 401.68 on 2024-10-22 18:30:00+00:00
2024-11-11 23:16:19,662 - Short Sell 49.00 shares at 401.39 on 2024-10-22 18:45:00+00:00
2024-11-11 23:16:19,662 - Short Sell 49.00 shares at 401.87 on 2024-10-22 19:00:00+00:00
2024-11-11 23:16:19,662 - Short Sell 49.00 shares at 402.08 on 2024-10-22 19:15:00+00:00
2024-11-11 23:16:19,662 - Short Sell 49.00 shares at 402.63 on 2024-10-22 19:30:00+00:00
2024-11-11 23:16:19,662 - Short Sell 49.00 shares at 401.93 on 2024-10-22 19:45:00+00:00
2024-11-11 23:16:19,662 - Short Sell 49.00 shares at 400.85 on 2024-10-23 13:30:00+00:00
2024-11-11 23:16:19,662 - Buy to cover -1182.00 shares at 402.89 on 2024-10-23 13:45:00+00:00 (Exit: Stop_loss, Profit: -2293.7000000000007, Duration: 1410.0 minutes)
2024-11-11 23:16:19,662 - Long Buy 50.00 shares at 398.6 on 2024-10-24 13:30:00+00:00
2024-11-11 23:16:19,662 - Sell to close 50.00 shares at 400.66 on 2024-10-24 13:45:00+00:00 (Exit: Profit_take, Profit: 103.00000000000011, Duration: 15.0 minutes)
2024-11-11 23:16:19,662 - Long Buy 50.00 shares at 399.03 on 2024-10-24 15:30:00+00:00
2024-11-11 23:16:19,662 - Long Buy 49.00 shares at 399.12 on 2024-10-24 15:45:00+00:00
2024-11-11 23:16:19,662 - Long Buy 48.00 shares at 398.97 on 2024-10-24 16:00:00+00:00
2024-11-11 23:16:19,662 - Sell to close 147.00 shares at 399.69 on 2024-10-24 16:15:00+00:00 (Exit: Signal, Profit: 95.48999999999467, Duration: 45.0 minutes)
2024-11-11 23:16:19,662 - Short Sell 49.00 shares at 400.03 on 2024-10-24 16:30:00+00:00
2024-11-11 23:16:19,662 - Short Sell 49.00 shares at 400.99 on 2024-10-24 16:45:00+00:00
2024-11-11 23:16:19,662 - Short Sell 49.00 shares at 400.96 on 2024-10-24 17:00:00+00:00
2024-11-11 23:16:19,662 - Short Sell 49.00 shares at 401.71 on 2024-10-24 17:15:00+00:00
2024-11-11 23:16:19,662 - Short Sell 49.00 shares at 402.16 on 2024-10-24 17:30:00+00:00
2024-11-11 23:16:19,662 - Short Sell 49.00 shares at 401.85 on 2024-10-24 17:45:00+00:00
2024-11-11 23:16:19,662 - Short Sell 49.00 shares at 402.39 on 2024-10-24 18:00:00+00:00
2024-11-11 23:16:19,662 - Short Sell 49.00 shares at 402.05 on 2024-10-24 18:15:00+00:00
2024-11-11 23:16:19,662 - Short Sell 49.00 shares at 402.29 on 2024-10-24 18:30:00+00:00
2024-11-11 23:16:19,663 - Short Sell 49.00 shares at 403.03 on 2024-10-24 18:45:00+00:00
2024-11-11 23:16:19,663 - Short Sell 49.00 shares at 403.13 on 2024-10-24 19:00:00+00:00
2024-11-11 23:16:19,663 - Short Sell 49.00 shares at 403.8 on 2024-10-24 19:15:00+00:00
2024-11-11 23:16:19,663 - Short Sell 49.00 shares at 404.0 on 2024-10-24 19:30:00+00:00
2024-11-11 23:16:19,663 - Short Sell 49.00 shares at 402.38 on 2024-10-24 19:45:00+00:00
2024-11-11 23:16:19,663 - Short Sell 49.00 shares at 401.79 on 2024-10-25 13:30:00+00:00
2024-11-11 23:16:19,663 - Short Sell 49.00 shares at 401.26 on 2024-10-25 13:45:00+00:00
2024-11-11 23:16:19,663 - Short Sell 49.00 shares at 401.8 on 2024-10-25 14:00:00+00:00
2024-11-11 23:16:19,663 - Short Sell 49.00 shares at 401.9 on 2024-10-25 14:15:00+00:00
2024-11-11 23:16:19,663 - Short Sell 49.00 shares at 400.78 on 2024-10-25 14:30:00+00:00
2024-11-11 23:16:19,663 - Short Sell 49.00 shares at 401.02 on 2024-10-25 14:45:00+00:00
2024-11-11 23:16:19,663 - Short Sell 49.00 shares at 401.31 on 2024-10-25 15:00:00+00:00
2024-11-11 23:16:19,663 - Short Sell 49.00 shares at 400.44 on 2024-10-25 15:30:00+00:00
2024-11-11 23:16:19,663 - Short Sell 49.00 shares at 400.87 on 2024-10-25 15:45:00+00:00
2024-11-11 23:16:19,663 - Short Sell 49.00 shares at 400.72 on 2024-10-25 16:00:00+00:00
2024-11-11 23:16:19,663 - Short Sell 49.00 shares at 401.71 on 2024-10-25 16:15:00+00:00
2024-11-11 23:16:19,663 - Short Sell 49.00 shares at 401.06 on 2024-10-25 16:30:00+00:00
2024-11-11 23:16:19,663 - Buy to cover -1274.00 shares at 399.76 on 2024-10-25 17:00:00+00:00 (Exit: Signal, Profit: 2531.8299999999313, Duration: 1470.0 minutes)
2024-11-11 23:16:19,663 - Long Buy 50.00 shares at 399.16 on 2024-10-25 17:15:00+00:00
2024-11-11 23:16:19,663 - Long Buy 49.00 shares at 398.11 on 2024-10-25 17:30:00+00:00
2024-11-11 23:16:19,663 - Long Buy 48.00 shares at 398.68 on 2024-10-25 17:45:00+00:00
2024-11-11 23:16:19,663 - Long Buy 47.00 shares at 398.34 on 2024-10-25 18:00:00+00:00
2024-11-11 23:16:19,663 - Long Buy 46.00 shares at 399.34 on 2024-10-25 18:15:00+00:00
2024-11-11 23:16:19,663 - Long Buy 45.00 shares at 399.35 on 2024-10-25 18:30:00+00:00
2024-11-11 23:16:19,663 - Long Buy 44.00 shares at 399.42 on 2024-10-25 18:45:00+00:00
2024-11-11 23:16:19,663 - Long Buy 43.00 shares at 398.64 on 2024-10-25 19:00:00+00:00
2024-11-11 23:16:19,663 - Long Buy 42.00 shares at 398.49 on 2024-10-25 19:15:00+00:00
2024-11-11 23:16:19,663 - Long Buy 41.00 shares at 398.5 on 2024-10-25 19:30:00+00:00
2024-11-11 23:16:19,663 - Long Buy 41.00 shares at 398.82 on 2024-10-25 19:45:00+00:00
2024-11-11 23:16:19,663 - Sell to close 496.00 shares at 404.97 on 2024-10-28 13:30:00+00:00 (Exit: Profit_take, Profit: 3058.020000000024, Duration: 4095.0 minutes)
2024-11-11 23:16:19,663 - Short Sell 49.00 shares at 404.16 on 2024-10-28 13:45:00+00:00
2024-11-11 23:16:19,663 - Short Sell 49.00 shares at 403.76 on 2024-10-28 14:00:00+00:00
2024-11-11 23:16:19,664 - Short Sell 49.00 shares at 404.93 on 2024-10-28 14:15:00+00:00
2024-11-11 23:16:19,664 - Short Sell 49.00 shares at 404.21 on 2024-10-28 14:30:00+00:00
2024-11-11 23:16:19,664 - Short Sell 49.00 shares at 404.69 on 2024-10-28 14:45:00+00:00
2024-11-11 23:16:19,664 - Short Sell 49.00 shares at 404.58 on 2024-10-28 15:00:00+00:00
2024-11-11 23:16:19,664 - Short Sell 49.00 shares at 403.98 on 2024-10-28 15:15:00+00:00
2024-11-11 23:16:19,664 - Short Sell 49.00 shares at 403.11 on 2024-10-28 15:30:00+00:00
2024-11-11 23:16:19,664 - Short Sell 49.00 shares at 402.65 on 2024-10-28 15:45:00+00:00
2024-11-11 23:16:19,664 - Short Sell 49.00 shares at 403.07 on 2024-10-28 16:00:00+00:00
2024-11-11 23:16:19,664 - Short Sell 49.00 shares at 402.67 on 2024-10-28 16:15:00+00:00
2024-11-11 23:16:19,664 - Short Sell 49.00 shares at 402.44 on 2024-10-28 16:30:00+00:00
2024-11-11 23:16:19,664 - Short Sell 49.00 shares at 402.29 on 2024-10-28 16:45:00+00:00
2024-11-11 23:16:19,664 - Short Sell 49.00 shares at 402.25 on 2024-10-28 17:00:00+00:00
2024-11-11 23:16:19,664 - Short Sell 49.00 shares at 402.58 on 2024-10-28 17:15:00+00:00
2024-11-11 23:16:19,664 - Short Sell 49.00 shares at 403.18 on 2024-10-28 17:30:00+00:00
2024-11-11 23:16:19,664 - Short Sell 49.00 shares at 403.31 on 2024-10-28 17:45:00+00:00
2024-11-11 23:16:19,664 - Buy to cover -833.00 shares at 403.2 on 2024-10-28 18:00:00+00:00 (Exit: Signal, Profit: 169.53999999998786, Duration: 255.0 minutes)
2024-11-11 23:16:19,664 - Long Buy 49.00 shares at 402.71 on 2024-10-28 19:00:00+00:00
2024-11-11 23:16:19,664 - Sell to close 49.00 shares at 392.89 on 2024-10-29 13:30:00+00:00 (Exit: Stop_loss, Profit: -481.1799999999969, Duration: 1110.0 minutes)
2024-11-11 23:16:19,665 - Long Buy 50.00 shares at 395.11 on 2024-10-30 15:15:00+00:00
2024-11-11 23:16:19,665 - Long Buy 49.00 shares at 394.73 on 2024-10-30 16:30:00+00:00
2024-11-11 23:16:19,665 - Long Buy 48.00 shares at 394.41 on 2024-10-30 16:45:00+00:00
2024-11-11 23:16:19,665 - Long Buy 47.00 shares at 394.64 on 2024-10-30 17:00:00+00:00
2024-11-11 23:16:19,665 - Long Buy 47.00 shares at 394.33 on 2024-10-30 17:15:00+00:00
2024-11-11 23:16:19,665 - Long Buy 46.00 shares at 393.6 on 2024-10-30 17:30:00+00:00
2024-11-11 23:16:19,665 - Long Buy 45.00 shares at 393.78 on 2024-10-30 17:45:00+00:00
2024-11-11 23:16:19,665 - Long Buy 44.00 shares at 394.33 on 2024-10-30 18:00:00+00:00
2024-11-11 23:16:19,665 - Long Buy 43.00 shares at 393.88 on 2024-10-30 18:15:00+00:00
2024-11-11 23:16:19,665 - Long Buy 42.00 shares at 393.38 on 2024-10-30 18:30:00+00:00
2024-11-11 23:16:19,665 - Long Buy 41.00 shares at 393.35 on 2024-10-30 18:45:00+00:00
2024-11-11 23:16:19,665 - Sell to close 502.00 shares at 392.55 on 2024-10-30 19:00:00+00:00 (Exit: Stop_loss, Profit: -812.8099999999814, Duration: 225.0 minutes)
2024-11-11 23:16:19,665 - Short Sell 51.00 shares at 393.03 on 2024-10-31 13:30:00+00:00
2024-11-11 23:16:19,665 - Short Sell 50.00 shares at 393.31 on 2024-10-31 13:45:00+00:00
2024-11-11 23:16:19,665 - Short Sell 50.00 shares at 393.89 on 2024-10-31 14:30:00+00:00
2024-11-11 23:16:19,665 - Short Sell 50.00 shares at 394.37 on 2024-10-31 17:00:00+00:00
2024-11-11 23:16:19,665 - Short Sell 50.00 shares at 394.15 on 2024-10-31 17:15:00+00:00
2024-11-11 23:16:19,665 - Short Sell 50.00 shares at 394.23 on 2024-10-31 18:15:00+00:00
2024-11-11 23:16:19,665 - Short Sell 50.00 shares at 394.25 on 2024-10-31 18:30:00+00:00
2024-11-11 23:16:19,665 - Short Sell 50.00 shares at 394.21 on 2024-10-31 18:45:00+00:00
2024-11-11 23:16:19,665 - Short Sell 50.00 shares at 394.47 on 2024-10-31 19:15:00+00:00
2024-11-11 23:16:19,665 - Short Sell 50.00 shares at 394.34 on 2024-10-31 19:30:00+00:00
2024-11-11 23:16:19,665 - Buy to cover -501.00 shares at 396.84 on 2024-11-01 13:30:00+00:00 (Exit: Stop_loss, Profit: -1411.3099999999924, Duration: 1440.0 minutes)
2024-11-11 23:16:19,666 - Long Buy 50.00 shares at 396.48 on 2024-11-04 14:30:00+00:00
2024-11-11 23:16:19,666 - Sell to close 50.00 shares at 399.77 on 2024-11-04 14:45:00+00:00 (Exit: Profit_take, Profit: 164.49999999999818, Duration: 15.0 minutes)
2024-11-11 23:16:19,666 - Long Buy 50.00 shares at 396.93 on 2024-11-04 15:45:00+00:00
2024-11-11 23:16:19,666 - Long Buy 49.00 shares at 396.42 on 2024-11-04 16:15:00+00:00
2024-11-11 23:16:19,666 - Long Buy 48.00 shares at 395.11 on 2024-11-04 16:30:00+00:00
2024-11-11 23:16:19,666 - Long Buy 47.00 shares at 394.61 on 2024-11-04 16:45:00+00:00
2024-11-11 23:16:19,666 - Long Buy 46.00 shares at 394.58 on 2024-11-04 17:00:00+00:00
2024-11-11 23:16:19,666 - Long Buy 45.00 shares at 395.7 on 2024-11-04 17:30:00+00:00
2024-11-11 23:16:19,666 - Long Buy 44.00 shares at 395.32 on 2024-11-04 18:30:00+00:00
2024-11-11 23:16:19,666 - Long Buy 44.00 shares at 394.84 on 2024-11-04 18:45:00+00:00
2024-11-11 23:16:19,666 - Long Buy 43.00 shares at 395.32 on 2024-11-04 19:00:00+00:00
2024-11-11 23:16:19,666 - Long Buy 42.00 shares at 395.04 on 2024-11-04 19:15:00+00:00
2024-11-11 23:16:19,666 - Sell to close 458.00 shares at 397.7 on 2024-11-05 14:45:00+00:00 (Exit: Profit_take, Profit: 1048.9099999999994, Duration: 1380.0 minutes)
2024-11-11 23:16:19,666 - Short Sell 50.00 shares at 398.05 on 2024-11-05 15:00:00+00:00
2024-11-11 23:16:19,666 - Short Sell 50.00 shares at 398.31 on 2024-11-05 15:30:00+00:00
2024-11-11 23:16:19,667 - Short Sell 50.00 shares at 398.16 on 2024-11-05 17:30:00+00:00
2024-11-11 23:16:19,667 - Short Sell 50.00 shares at 398.34 on 2024-11-05 17:45:00+00:00
2024-11-11 23:16:19,667 - Short Sell 50.00 shares at 398.31 on 2024-11-05 18:15:00+00:00
2024-11-11 23:16:19,667 - Short Sell 50.00 shares at 398.8 on 2024-11-05 19:00:00+00:00
2024-11-11 23:16:19,667 - Short Sell 50.00 shares at 398.68 on 2024-11-05 19:15:00+00:00
2024-11-11 23:16:19,667 - Short Sell 50.00 shares at 399.03 on 2024-11-05 19:30:00+00:00
2024-11-11 23:16:19,667 - Short Sell 50.00 shares at 399.0 on 2024-11-05 20:00:00+00:00
2024-11-11 23:16:19,667 - Short Sell 50.00 shares at 399.25 on 2024-11-05 20:15:00+00:00
2024-11-11 23:16:19,667 - Short Sell 50.00 shares at 398.81 on 2024-11-05 20:30:00+00:00
2024-11-11 23:16:19,667 - Short Sell 50.00 shares at 400.22 on 2024-11-05 20:45:00+00:00
2024-11-11 23:16:19,667 - Buy to cover -600.00 shares at 388.98 on 2024-11-06 14:30:00+00:00 (Exit: Profit_take, Profit: 5859.999999999991, Duration: 1410.0 minutes)
2024-11-11 23:16:19,667 - Long Buy 51.00 shares at 389.84 on 2024-11-06 14:45:00+00:00
2024-11-11 23:16:19,667 - Long Buy 50.00 shares at 389.36 on 2024-11-06 15:00:00+00:00
2024-11-11 23:16:19,667 - Long Buy 49.00 shares at 388.01 on 2024-11-06 15:15:00+00:00
2024-11-11 23:16:19,667 - Sell to close 150.00 shares at 385.1 on 2024-11-06 15:30:00+00:00 (Exit: Stop_loss, Profit: -597.3299999999881, Duration: 45.0 minutes)
2024-11-11 23:16:19,667 - Short Sell 51.00 shares at 394.14 on 2024-11-07 14:30:00+00:00
2024-11-11 23:16:19,667 - Short Sell 50.00 shares at 396.44 on 2024-11-07 14:45:00+00:00
2024-11-11 23:16:19,667 - Short Sell 51.00 shares at 395.07 on 2024-11-07 15:00:00+00:00
2024-11-11 23:16:19,667 - Short Sell 50.00 shares at 396.71 on 2024-11-07 15:15:00+00:00
2024-11-11 23:16:19,667 - Short Sell 50.00 shares at 397.74 on 2024-11-07 15:30:00+00:00
2024-11-11 23:16:19,667 - Short Sell 50.00 shares at 396.98 on 2024-11-07 15:45:00+00:00
2024-11-11 23:16:19,667 - Short Sell 50.00 shares at 396.25 on 2024-11-07 16:00:00+00:00
2024-11-11 23:16:19,667 - Short Sell 50.00 shares at 396.65 on 2024-11-07 16:15:00+00:00
2024-11-11 23:16:19,667 - Short Sell 50.00 shares at 396.33 on 2024-11-07 16:30:00+00:00
2024-11-11 23:16:19,667 - Short Sell 50.00 shares at 396.51 on 2024-11-07 16:45:00+00:00
2024-11-11 23:16:19,668 - Short Sell 50.00 shares at 397.45 on 2024-11-07 17:00:00+00:00
2024-11-11 23:16:19,668 - Short Sell 50.00 shares at 397.06 on 2024-11-07 17:15:00+00:00
2024-11-11 23:16:19,668 - Short Sell 50.00 shares at 397.32 on 2024-11-07 17:30:00+00:00
2024-11-11 23:16:19,668 - Short Sell 50.00 shares at 397.21 on 2024-11-07 17:45:00+00:00
2024-11-11 23:16:19,668 - Short Sell 50.00 shares at 396.69 on 2024-11-07 18:00:00+00:00
2024-11-11 23:16:19,668 - Short Sell 50.00 shares at 397.35 on 2024-11-07 18:15:00+00:00
2024-11-11 23:16:19,668 - Short Sell 50.00 shares at 397.43 on 2024-11-07 18:30:00+00:00
2024-11-11 23:16:19,668 - Short Sell 50.00 shares at 397.67 on 2024-11-07 18:45:00+00:00
2024-11-11 23:16:19,668 - Short Sell 50.00 shares at 397.24 on 2024-11-07 19:00:00+00:00
2024-11-11 23:16:19,668 - Short Sell 50.00 shares at 396.96 on 2024-11-07 19:15:00+00:00
2024-11-11 23:16:19,668 - Short Sell 50.00 shares at 397.69 on 2024-11-07 19:30:00+00:00
2024-11-11 23:16:19,668 - Buy to cover -1052.00 shares at 398.63 on 2024-11-07 19:45:00+00:00 (Exit: Stop_loss, Profit: -1925.0500000000384, Duration: 315.0 minutes)
2024-11-11 23:16:19,668 - Short Sell 49.00 shares at 403.34 on 2024-11-08 14:30:00+00:00
2024-11-11 23:16:19,668 - Short Sell 49.00 shares at 403.9 on 2024-11-08 14:45:00+00:00
2024-11-11 23:16:19,668 - Short Sell 49.00 shares at 403.43 on 2024-11-08 15:00:00+00:00
2024-11-11 23:16:19,668 - Short Sell 49.00 shares at 403.38 on 2024-11-08 15:15:00+00:00
2024-11-11 23:16:19,668 - Short Sell 49.00 shares at 403.33 on 2024-11-08 15:30:00+00:00
2024-11-11 23:16:19,668 - Short Sell 49.00 shares at 402.71 on 2024-11-08 15:45:00+00:00
2024-11-11 23:16:19,668 - Short Sell 49.00 shares at 402.99 on 2024-11-08 16:00:00+00:00
2024-11-11 23:16:19,668 - Short Sell 49.00 shares at 404.1 on 2024-11-08 16:15:00+00:00
2024-11-11 23:16:19,668 - Short Sell 49.00 shares at 405.5 on 2024-11-08 16:30:00+00:00
2024-11-11 23:16:19,668 - Short Sell 49.00 shares at 405.08 on 2024-11-08 16:45:00+00:00
2024-11-11 23:16:19,668 - Short Sell 49.00 shares at 404.38 on 2024-11-08 17:00:00+00:00
2024-11-11 23:16:19,668 - Short Sell 49.00 shares at 403.66 on 2024-11-08 17:15:00+00:00
2024-11-11 23:16:19,668 - Short Sell 49.00 shares at 405.07 on 2024-11-08 17:30:00+00:00
2024-11-11 23:16:19,668 - Short Sell 49.00 shares at 404.63 on 2024-11-08 17:45:00+00:00
2024-11-11 23:16:19,668 - Short Sell 49.00 shares at 405.28 on 2024-11-08 18:00:00+00:00
2024-11-11 23:16:19,668 - Short Sell 49.00 shares at 404.87 on 2024-11-08 18:15:00+00:00
2024-11-11 23:16:19,668 - Short Sell 49.00 shares at 404.9 on 2024-11-08 18:30:00+00:00
2024-11-11 23:16:19,668 - Short Sell 49.00 shares at 405.2 on 2024-11-08 18:45:00+00:00
2024-11-11 23:16:19,668 - Short Sell 49.00 shares at 405.86 on 2024-11-08 19:00:00+00:00
2024-11-11 23:16:19,668 - Short Sell 49.00 shares at 405.64 on 2024-11-08 19:15:00+00:00
2024-11-11 23:16:19,668 - Short Sell 49.00 shares at 406.0 on 2024-11-08 19:30:00+00:00
2024-11-11 23:16:19,669 - Short Sell 49.00 shares at 405.62 on 2024-11-08 19:45:00+00:00
2024-11-11 23:16:19,669 - Short Sell 49.00 shares at 405.9 on 2024-11-08 20:00:00+00:00
2024-11-11 23:16:19,669 - Short Sell 49.00 shares at 405.83 on 2024-11-08 20:15:00+00:00
2024-11-11 23:16:19,669 - Buy to cover -1176.00 shares at 405.15 on 2024-11-08 20:30:00+00:00 (Exit: Signal, Profit: -637.0000000000891, Duration: 360.0 minutes)
2024-11-11 23:16:19,670 - Final statisticsStock: HD, 
total_trades: 26, 
winning_trades: 17, 
losing_trades: 9, 
average_return: 0.0008256817330188465, 
average_duration: 870.0, 
final_balance: 1005117.6599999995, 
final_portfolio_value: 1005117.6599999995, 
sharpe_ratio: 4.1409419979280555, 



