2024-11-11 10:12:27,229 - Starting GBMStrategy with initial capital: 1000000
2024-11-11 10:12:27,229 - Hyperparameters: {'threshold': 1, 'time_periods': 30, 'num_simulations': 150}
2024-11-11 10:13:52,526 - Short Sell 92.00 shares at 216.55 on 2024-10-11 14:30:00+00:00
2024-11-11 10:13:52,527 - Short Sell 92.00 shares at 216.23 on 2024-10-11 15:00:00+00:00
2024-11-11 10:13:52,527 - Short Sell 92.00 shares at 216.33 on 2024-10-11 15:45:00+00:00
2024-11-11 10:13:52,528 - Buy to cover -276.00 shares at 215.74 on 2024-10-11 16:00:00+00:00 (Exit: Signal, Profit: 173.87999999999874, Duration: 90.0 minutes)
2024-11-11 10:13:52,528 - Long Buy 92.00 shares at 215.77 on 2024-10-11 16:15:00+00:00
2024-11-11 10:13:52,528 - Long Buy 91.00 shares at 215.23 on 2024-10-11 16:30:00+00:00
2024-11-11 10:13:52,528 - Long Buy 89.00 shares at 215.06 on 2024-10-11 16:45:00+00:00
2024-11-11 10:13:52,528 - Long Buy 87.00 shares at 214.13 on 2024-10-11 17:00:00+00:00
2024-11-11 10:13:52,528 - Long Buy 86.00 shares at 214.47 on 2024-10-11 17:15:00+00:00
2024-11-11 10:13:52,528 - Long Buy 84.00 shares at 214.55 on 2024-10-11 17:30:00+00:00
2024-11-11 10:13:52,528 - Long Buy 82.00 shares at 214.53 on 2024-10-11 17:45:00+00:00
2024-11-11 10:13:52,528 - Long Buy 80.00 shares at 214.97 on 2024-10-11 18:00:00+00:00
2024-11-11 10:13:52,528 - Long Buy 79.00 shares at 215.01 on 2024-10-11 18:15:00+00:00
2024-11-11 10:13:52,528 - Long Buy 77.00 shares at 215.03 on 2024-10-11 18:30:00+00:00
2024-11-11 10:13:52,528 - Long Buy 76.00 shares at 215.05 on 2024-10-11 18:45:00+00:00
2024-11-11 10:13:52,528 - Long Buy 74.00 shares at 215.54 on 2024-10-11 19:00:00+00:00
2024-11-11 10:13:52,528 - Long Buy 72.00 shares at 215.49 on 2024-10-11 19:15:00+00:00
2024-11-11 10:13:52,528 - Long Buy 71.00 shares at 215.81 on 2024-10-11 19:30:00+00:00
2024-11-11 10:13:52,528 - Long Buy 70.00 shares at 215.42 on 2024-10-14 13:30:00+00:00
2024-11-11 10:13:52,529 - Long Buy 68.00 shares at 215.81 on 2024-10-14 14:00:00+00:00
2024-11-11 10:13:52,529 - Long Buy 67.00 shares at 215.61 on 2024-10-14 14:15:00+00:00
2024-11-11 10:13:52,529 - Sell to close 1345.00 shares at 216.4 on 2024-10-14 15:30:00+00:00 (Exit: Signal, Profit: 1720.899999999958, Duration: 4275.0 minutes)
2024-11-11 10:13:52,529 - Short Sell 92.00 shares at 216.58 on 2024-10-14 15:45:00+00:00
2024-11-11 10:13:52,529 - Short Sell 92.00 shares at 216.84 on 2024-10-14 16:00:00+00:00
2024-11-11 10:13:52,529 - Short Sell 92.00 shares at 216.89 on 2024-10-14 16:15:00+00:00
2024-11-11 10:13:52,529 - Short Sell 92.00 shares at 216.87 on 2024-10-14 16:30:00+00:00
2024-11-11 10:13:52,529 - Short Sell 92.00 shares at 216.97 on 2024-10-14 16:45:00+00:00
2024-11-11 10:13:52,529 - Short Sell 92.00 shares at 216.96 on 2024-10-14 17:00:00+00:00
2024-11-11 10:13:52,529 - Short Sell 92.00 shares at 217.02 on 2024-10-14 17:15:00+00:00
2024-11-11 10:13:52,529 - Short Sell 92.00 shares at 216.78 on 2024-10-14 17:30:00+00:00
2024-11-11 10:13:52,529 - Short Sell 92.00 shares at 216.77 on 2024-10-14 17:45:00+00:00
2024-11-11 10:13:52,529 - Short Sell 92.00 shares at 216.97 on 2024-10-14 18:00:00+00:00
2024-11-11 10:13:52,529 - Short Sell 92.00 shares at 217.2 on 2024-10-14 18:15:00+00:00
2024-11-11 10:13:52,529 - Short Sell 92.00 shares at 217.26 on 2024-10-14 18:30:00+00:00
2024-11-11 10:13:52,529 - Short Sell 92.00 shares at 217.35 on 2024-10-14 18:45:00+00:00
2024-11-11 10:13:52,529 - Short Sell 92.00 shares at 217.4 on 2024-10-14 19:00:00+00:00
2024-11-11 10:13:52,529 - Short Sell 92.00 shares at 217.17 on 2024-10-14 19:15:00+00:00
2024-11-11 10:13:52,529 - Short Sell 92.00 shares at 217.1 on 2024-10-14 19:30:00+00:00
2024-11-11 10:13:52,529 - Short Sell 91.00 shares at 217.62 on 2024-10-14 19:45:00+00:00
2024-11-11 10:13:52,529 - Short Sell 91.00 shares at 217.96 on 2024-10-15 13:30:00+00:00
2024-11-11 10:13:52,529 - Short Sell 92.00 shares at 217.09 on 2024-10-15 13:45:00+00:00
2024-11-11 10:13:52,529 - Short Sell 91.00 shares at 217.79 on 2024-10-15 14:00:00+00:00
2024-11-11 10:13:52,530 - Short Sell 91.00 shares at 218.25 on 2024-10-15 14:15:00+00:00
2024-11-11 10:13:52,530 - Short Sell 91.00 shares at 218.58 on 2024-10-15 14:30:00+00:00
2024-11-11 10:13:52,530 - Short Sell 91.00 shares at 218.57 on 2024-10-15 14:45:00+00:00
2024-11-11 10:13:52,530 - Short Sell 91.00 shares at 217.96 on 2024-10-15 15:00:00+00:00
2024-11-11 10:13:52,530 - Short Sell 91.00 shares at 218.33 on 2024-10-15 15:15:00+00:00
2024-11-11 10:13:52,530 - Short Sell 91.00 shares at 218.47 on 2024-10-15 15:30:00+00:00
2024-11-11 10:13:52,530 - Short Sell 91.00 shares at 218.5 on 2024-10-15 15:45:00+00:00
2024-11-11 10:13:52,530 - Short Sell 91.00 shares at 218.9 on 2024-10-15 16:00:00+00:00
2024-11-11 10:13:52,530 - Short Sell 91.00 shares at 218.9 on 2024-10-15 16:15:00+00:00
2024-11-11 10:13:52,530 - Buy to cover -2656.00 shares at 218.73 on 2024-10-15 16:30:00+00:00 (Exit: Signal, Profit: -3134.1099999999906, Duration: 1485.0 minutes)
2024-11-11 10:13:52,530 - Long Buy 91.00 shares at 218.78 on 2024-10-15 17:00:00+00:00
2024-11-11 10:13:52,530 - Sell to close 91.00 shares at 219.04 on 2024-10-15 17:15:00+00:00 (Exit: Signal, Profit: 23.659999999999172, Duration: 15.0 minutes)
2024-11-11 10:13:52,530 - Short Sell 91.00 shares at 219.09 on 2024-10-15 17:30:00+00:00
2024-11-11 10:13:52,530 - Buy to cover -91.00 shares at 218.67 on 2024-10-15 18:00:00+00:00 (Exit: Signal, Profit: 38.21999999999886, Duration: 30.0 minutes)
2024-11-11 10:13:52,530 - Long Buy 91.00 shares at 218.33 on 2024-10-15 18:15:00+00:00
2024-11-11 10:13:52,530 - Long Buy 89.00 shares at 217.69 on 2024-10-15 18:30:00+00:00
2024-11-11 10:13:52,530 - Long Buy 88.00 shares at 217.54 on 2024-10-15 18:45:00+00:00
2024-11-11 10:13:52,530 - Long Buy 86.00 shares at 217.75 on 2024-10-15 19:00:00+00:00
2024-11-11 10:13:52,530 - Long Buy 85.00 shares at 216.74 on 2024-10-15 19:15:00+00:00
2024-11-11 10:13:52,530 - Long Buy 83.00 shares at 216.84 on 2024-10-15 19:30:00+00:00
2024-11-11 10:13:52,530 - Long Buy 81.00 shares at 217.31 on 2024-10-15 19:45:00+00:00
2024-11-11 10:13:52,530 - Long Buy 79.00 shares at 217.39 on 2024-10-16 13:30:00+00:00
2024-11-11 10:13:52,531 - Long Buy 78.00 shares at 217.8 on 2024-10-16 13:45:00+00:00
2024-11-11 10:13:52,531 - Long Buy 76.00 shares at 217.58 on 2024-10-16 14:00:00+00:00
2024-11-11 10:13:52,531 - Long Buy 75.00 shares at 217.62 on 2024-10-16 14:15:00+00:00
2024-11-11 10:13:52,531 - Long Buy 73.00 shares at 217.22 on 2024-10-16 14:30:00+00:00
2024-11-11 10:13:52,531 - Long Buy 72.00 shares at 217.85 on 2024-10-16 14:45:00+00:00
2024-11-11 10:13:52,531 - Long Buy 70.00 shares at 217.95 on 2024-10-16 15:00:00+00:00
2024-11-11 10:13:52,531 - Long Buy 69.00 shares at 218.06 on 2024-10-16 15:15:00+00:00
2024-11-11 10:13:52,531 - Long Buy 67.00 shares at 218.17 on 2024-10-16 15:30:00+00:00
2024-11-11 10:13:52,531 - Long Buy 66.00 shares at 217.92 on 2024-10-16 15:45:00+00:00
2024-11-11 10:13:52,531 - Long Buy 64.00 shares at 218.5 on 2024-10-16 16:00:00+00:00
2024-11-11 10:13:52,531 - Long Buy 63.00 shares at 218.54 on 2024-10-16 16:15:00+00:00
2024-11-11 10:13:52,531 - Sell to close 1455.00 shares at 218.75 on 2024-10-16 17:30:00+00:00 (Exit: Signal, Profit: 1529.2399999999798, Duration: 1395.0 minutes)
2024-11-11 10:13:52,531 - Short Sell 91.00 shares at 218.85 on 2024-10-16 17:45:00+00:00
2024-11-11 10:13:52,531 - Short Sell 91.00 shares at 218.97 on 2024-10-16 18:00:00+00:00
2024-11-11 10:13:52,531 - Short Sell 91.00 shares at 219.51 on 2024-10-16 18:15:00+00:00
2024-11-11 10:13:52,531 - Short Sell 91.00 shares at 219.45 on 2024-10-16 18:30:00+00:00
2024-11-11 10:13:52,531 - Short Sell 91.00 shares at 219.47 on 2024-10-16 18:45:00+00:00
2024-11-11 10:13:52,531 - Short Sell 91.00 shares at 219.45 on 2024-10-16 19:00:00+00:00
2024-11-11 10:13:52,531 - Short Sell 91.00 shares at 219.45 on 2024-10-16 19:15:00+00:00
2024-11-11 10:13:52,531 - Short Sell 91.00 shares at 219.3 on 2024-10-16 19:30:00+00:00
2024-11-11 10:13:52,531 - Short Sell 91.00 shares at 219.73 on 2024-10-17 13:30:00+00:00
2024-11-11 10:13:52,531 - Short Sell 91.00 shares at 219.14 on 2024-10-17 13:45:00+00:00
2024-11-11 10:13:52,531 - Short Sell 91.00 shares at 218.99 on 2024-10-17 14:00:00+00:00
2024-11-11 10:13:52,531 - Short Sell 91.00 shares at 219.24 on 2024-10-17 14:15:00+00:00
2024-11-11 10:13:52,531 - Short Sell 91.00 shares at 219.13 on 2024-10-17 14:30:00+00:00
2024-11-11 10:13:52,532 - Short Sell 91.00 shares at 219.08 on 2024-10-17 14:45:00+00:00
2024-11-11 10:13:52,532 - Short Sell 91.00 shares at 219.28 on 2024-10-17 15:00:00+00:00
2024-11-11 10:13:52,532 - Short Sell 91.00 shares at 219.54 on 2024-10-17 15:15:00+00:00
2024-11-11 10:13:52,532 - Short Sell 91.00 shares at 219.61 on 2024-10-17 15:30:00+00:00
2024-11-11 10:13:52,532 - Short Sell 91.00 shares at 219.16 on 2024-10-17 15:45:00+00:00
2024-11-11 10:13:52,532 - Short Sell 91.00 shares at 219.35 on 2024-10-17 16:15:00+00:00
2024-11-11 10:13:52,532 - Short Sell 91.00 shares at 219.53 on 2024-10-17 16:30:00+00:00
2024-11-11 10:13:52,532 - Short Sell 91.00 shares at 219.49 on 2024-10-17 16:45:00+00:00
2024-11-11 10:13:52,532 - Short Sell 91.00 shares at 219.5 on 2024-10-17 17:00:00+00:00
2024-11-11 10:13:52,532 - Short Sell 91.00 shares at 219.39 on 2024-10-17 17:15:00+00:00
2024-11-11 10:13:52,532 - Short Sell 91.00 shares at 219.45 on 2024-10-17 17:30:00+00:00
2024-11-11 10:13:52,532 - Short Sell 91.00 shares at 218.79 on 2024-10-17 18:30:00+00:00
2024-11-11 10:13:52,532 - Short Sell 91.00 shares at 218.9 on 2024-10-17 18:45:00+00:00
2024-11-11 10:13:52,532 - Short Sell 91.00 shares at 219.05 on 2024-10-17 19:00:00+00:00
2024-11-11 10:13:52,532 - Short Sell 91.00 shares at 218.98 on 2024-10-17 19:15:00+00:00
2024-11-11 10:13:52,532 - Short Sell 91.00 shares at 219.03 on 2024-10-17 19:30:00+00:00
2024-11-11 10:13:52,532 - Short Sell 91.00 shares at 219.56 on 2024-10-17 19:45:00+00:00
2024-11-11 10:13:52,532 - Short Sell 91.00 shares at 219.36 on 2024-10-18 13:30:00+00:00
2024-11-11 10:13:52,532 - Short Sell 91.00 shares at 219.34 on 2024-10-18 13:45:00+00:00
2024-11-11 10:13:52,532 - Short Sell 91.00 shares at 219.28 on 2024-10-18 14:00:00+00:00
2024-11-11 10:13:52,532 - Short Sell 91.00 shares at 219.38 on 2024-10-18 14:15:00+00:00
2024-11-11 10:13:52,532 - Short Sell 91.00 shares at 219.42 on 2024-10-18 14:30:00+00:00
2024-11-11 10:13:52,532 - Short Sell 90.00 shares at 219.75 on 2024-10-18 14:45:00+00:00
2024-11-11 10:13:52,532 - Short Sell 90.00 shares at 220.02 on 2024-10-18 15:00:00+00:00
2024-11-11 10:13:52,532 - Short Sell 89.00 shares at 221.19 on 2024-10-18 15:15:00+00:00
2024-11-11 10:13:52,532 - Short Sell 89.00 shares at 221.23 on 2024-10-18 15:30:00+00:00
2024-11-11 10:13:52,532 - Short Sell 89.00 shares at 221.16 on 2024-10-18 15:45:00+00:00
2024-11-11 10:13:52,532 - Short Sell 89.00 shares at 221.24 on 2024-10-18 16:00:00+00:00
2024-11-11 10:13:52,533 - Short Sell 89.00 shares at 221.36 on 2024-10-18 16:15:00+00:00
2024-11-11 10:13:52,533 - Short Sell 89.00 shares at 221.49 on 2024-10-18 16:30:00+00:00
2024-11-11 10:13:52,533 - Short Sell 89.00 shares at 221.58 on 2024-10-18 16:45:00+00:00
2024-11-11 10:13:52,533 - Short Sell 89.00 shares at 221.6 on 2024-10-18 17:00:00+00:00
2024-11-11 10:13:52,533 - Short Sell 89.00 shares at 221.36 on 2024-10-18 17:15:00+00:00
2024-11-11 10:13:52,533 - Short Sell 89.00 shares at 221.57 on 2024-10-18 17:30:00+00:00
2024-11-11 10:13:52,533 - Short Sell 89.00 shares at 221.31 on 2024-10-18 17:45:00+00:00
2024-11-11 10:13:52,533 - Short Sell 89.00 shares at 221.58 on 2024-10-18 18:00:00+00:00
2024-11-11 10:13:52,533 - Short Sell 89.00 shares at 221.65 on 2024-10-18 18:15:00+00:00
2024-11-11 10:13:52,533 - Short Sell 89.00 shares at 221.46 on 2024-10-18 18:30:00+00:00
2024-11-11 10:13:52,533 - Short Sell 89.00 shares at 221.34 on 2024-10-18 18:45:00+00:00
2024-11-11 10:13:52,533 - Short Sell 89.00 shares at 221.41 on 2024-10-18 19:00:00+00:00
2024-11-11 10:13:52,533 - Short Sell 89.00 shares at 221.43 on 2024-10-18 19:15:00+00:00
2024-11-11 10:13:52,533 - Short Sell 89.00 shares at 221.47 on 2024-10-18 19:30:00+00:00
2024-11-11 10:13:52,533 - Short Sell 89.00 shares at 222.03 on 2024-10-18 19:45:00+00:00
2024-11-11 10:13:52,533 - Short Sell 89.00 shares at 221.53 on 2024-10-21 13:30:00+00:00
2024-11-11 10:13:52,533 - Buy to cover -5145.00 shares at 220.75 on 2024-10-21 13:45:00+00:00 (Exit: Signal, Profit: -3560.690000000195, Duration: 6960.0 minutes)
2024-11-11 10:13:52,533 - Long Buy 90.00 shares at 221.19 on 2024-10-21 14:00:00+00:00
2024-11-11 10:13:52,533 - Long Buy 88.00 shares at 220.53 on 2024-10-21 14:15:00+00:00
2024-11-11 10:13:52,533 - Long Buy 86.00 shares at 220.78 on 2024-10-21 14:30:00+00:00
2024-11-11 10:13:52,533 - Long Buy 84.00 shares at 220.9 on 2024-10-21 14:45:00+00:00
2024-11-11 10:13:52,533 - Long Buy 83.00 shares at 220.47 on 2024-10-21 15:00:00+00:00
2024-11-11 10:13:52,533 - Long Buy 81.00 shares at 220.12 on 2024-10-21 15:15:00+00:00
2024-11-11 10:13:52,533 - Long Buy 80.00 shares at 220.41 on 2024-10-21 15:30:00+00:00
2024-11-11 10:13:52,533 - Long Buy 78.00 shares at 221.0 on 2024-10-21 15:45:00+00:00
2024-11-11 10:13:52,533 - Long Buy 76.00 shares at 220.83 on 2024-10-21 16:00:00+00:00
2024-11-11 10:13:52,533 - Long Buy 75.00 shares at 220.97 on 2024-10-21 16:15:00+00:00
2024-11-11 10:13:52,534 - Long Buy 73.00 shares at 221.03 on 2024-10-21 16:30:00+00:00
2024-11-11 10:13:52,534 - Long Buy 72.00 shares at 221.13 on 2024-10-21 16:45:00+00:00
2024-11-11 10:13:52,534 - Long Buy 71.00 shares at 220.6 on 2024-10-22 13:30:00+00:00
2024-11-11 10:13:52,534 - Long Buy 69.00 shares at 220.54 on 2024-10-22 13:45:00+00:00
2024-11-11 10:13:52,534 - Sell to close 1106.00 shares at 220.63 on 2024-10-22 14:00:00+00:00 (Exit: Signal, Profit: -131.4100000000288, Duration: 1440.0 minutes)
2024-11-11 10:13:52,534 - Long Buy 90.00 shares at 220.07 on 2024-10-22 14:15:00+00:00
2024-11-11 10:13:52,534 - Long Buy 88.00 shares at 220.34 on 2024-10-22 14:30:00+00:00
2024-11-11 10:13:52,534 - Sell to close 178.00 shares at 220.79 on 2024-10-22 15:00:00+00:00 (Exit: Signal, Profit: 104.39999999999912, Duration: 45.0 minutes)
2024-11-11 10:13:52,534 - Short Sell 90.00 shares at 220.99 on 2024-10-22 15:15:00+00:00
2024-11-11 10:13:52,534 - Short Sell 90.00 shares at 220.99 on 2024-10-22 15:30:00+00:00
2024-11-11 10:13:52,534 - Short Sell 90.00 shares at 221.1 on 2024-10-22 15:45:00+00:00
2024-11-11 10:13:52,534 - Short Sell 90.00 shares at 221.18 on 2024-10-22 16:00:00+00:00
2024-11-11 10:13:52,534 - Short Sell 89.00 shares at 221.53 on 2024-10-22 16:15:00+00:00
2024-11-11 10:13:52,534 - Short Sell 89.00 shares at 221.73 on 2024-10-22 16:30:00+00:00
2024-11-11 10:13:52,534 - Short Sell 89.00 shares at 221.65 on 2024-10-22 16:45:00+00:00
2024-11-11 10:13:52,534 - Short Sell 89.00 shares at 221.52 on 2024-10-22 17:00:00+00:00
2024-11-11 10:13:52,534 - Short Sell 90.00 shares at 221.48 on 2024-10-22 17:15:00+00:00
2024-11-11 10:13:52,534 - Short Sell 89.00 shares at 221.92 on 2024-10-22 17:30:00+00:00
2024-11-11 10:13:52,534 - Short Sell 89.00 shares at 222.42 on 2024-10-22 17:45:00+00:00
2024-11-11 10:13:52,534 - Short Sell 89.00 shares at 222.49 on 2024-10-22 18:00:00+00:00
2024-11-11 10:13:52,535 - Short Sell 89.00 shares at 222.34 on 2024-10-22 18:15:00+00:00
2024-11-11 10:13:52,535 - Short Sell 89.00 shares at 222.29 on 2024-10-22 18:30:00+00:00
2024-11-11 10:13:52,535 - Short Sell 89.00 shares at 222.32 on 2024-10-22 18:45:00+00:00
2024-11-11 10:13:52,535 - Short Sell 89.00 shares at 222.49 on 2024-10-22 19:00:00+00:00
2024-11-11 10:13:52,535 - Short Sell 89.00 shares at 222.63 on 2024-10-22 19:15:00+00:00
2024-11-11 10:13:52,535 - Short Sell 89.00 shares at 222.69 on 2024-10-22 19:30:00+00:00
2024-11-11 10:13:52,535 - Short Sell 89.00 shares at 222.35 on 2024-10-22 19:45:00+00:00
2024-11-11 10:13:52,535 - Short Sell 89.00 shares at 221.88 on 2024-10-23 13:30:00+00:00
2024-11-11 10:13:52,535 - Short Sell 89.00 shares at 222.31 on 2024-10-23 13:45:00+00:00
2024-11-11 10:13:52,535 - Short Sell 89.00 shares at 222.27 on 2024-10-23 14:00:00+00:00
2024-11-11 10:13:52,535 - Short Sell 89.00 shares at 222.37 on 2024-10-23 14:15:00+00:00
2024-11-11 10:13:52,535 - Short Sell 89.00 shares at 222.37 on 2024-10-23 14:30:00+00:00
2024-11-11 10:13:52,535 - Short Sell 89.00 shares at 222.35 on 2024-10-23 14:45:00+00:00
2024-11-11 10:13:52,535 - Buy to cover -2230.00 shares at 221.62 on 2024-10-23 15:00:00+00:00 (Exit: Signal, Profit: 812.8800000001158, Duration: 1425.0 minutes)
2024-11-11 10:13:52,535 - Long Buy 90.00 shares at 221.45 on 2024-10-23 15:15:00+00:00
2024-11-11 10:13:52,535 - Long Buy 88.00 shares at 221.11 on 2024-10-23 15:30:00+00:00
2024-11-11 10:13:52,535 - Long Buy 86.00 shares at 221.25 on 2024-10-23 15:45:00+00:00
2024-11-11 10:13:52,535 - Long Buy 85.00 shares at 220.52 on 2024-10-23 16:00:00+00:00
2024-11-11 10:13:52,535 - Long Buy 83.00 shares at 219.71 on 2024-10-23 16:15:00+00:00
2024-11-11 10:13:52,535 - Long Buy 82.00 shares at 219.77 on 2024-10-23 16:30:00+00:00
2024-11-11 10:13:52,535 - Long Buy 79.00 shares at 221.1 on 2024-10-23 16:45:00+00:00
2024-11-11 10:13:52,535 - Long Buy 78.00 shares at 219.8 on 2024-10-23 17:00:00+00:00
2024-11-11 10:13:52,535 - Long Buy 77.00 shares at 219.95 on 2024-10-23 17:15:00+00:00
2024-11-11 10:13:52,535 - Long Buy 75.00 shares at 219.78 on 2024-10-23 17:30:00+00:00
2024-11-11 10:13:52,535 - Long Buy 74.00 shares at 219.59 on 2024-10-23 17:45:00+00:00
2024-11-11 10:13:52,535 - Long Buy 72.00 shares at 219.39 on 2024-10-23 18:00:00+00:00
2024-11-11 10:13:52,535 - Long Buy 71.00 shares at 219.38 on 2024-10-23 18:15:00+00:00
2024-11-11 10:13:52,535 - Long Buy 69.00 shares at 220.15 on 2024-10-23 18:30:00+00:00
2024-11-11 10:13:52,536 - Long Buy 68.00 shares at 220.29 on 2024-10-23 18:45:00+00:00
2024-11-11 10:13:52,536 - Long Buy 67.00 shares at 220.12 on 2024-10-23 19:00:00+00:00
2024-11-11 10:13:52,536 - Long Buy 65.00 shares at 220.19 on 2024-10-23 19:15:00+00:00
2024-11-11 10:13:52,536 - Long Buy 64.00 shares at 219.89 on 2024-10-23 19:30:00+00:00
2024-11-11 10:13:52,536 - Long Buy 63.00 shares at 220.26 on 2024-10-23 19:45:00+00:00
2024-11-11 10:13:52,536 - Sell to close 1436.00 shares at 211.88 on 2024-10-24 13:30:00+00:00 (Exit: Stop_loss, Profit: -11989.740000000003, Duration: 1335.0 minutes)
2024-11-11 10:13:52,536 - Long Buy 94.00 shares at 208.5 on 2024-10-25 13:30:00+00:00
2024-11-11 10:13:52,536 - Long Buy 92.00 shares at 208.9 on 2024-10-25 13:45:00+00:00
2024-11-11 10:13:52,536 - Long Buy 90.00 shares at 209.42 on 2024-10-25 14:00:00+00:00
2024-11-11 10:13:52,536 - Long Buy 88.00 shares at 209.96 on 2024-10-25 14:15:00+00:00
2024-11-11 10:13:52,536 - Long Buy 86.00 shares at 209.88 on 2024-10-25 14:30:00+00:00
2024-11-11 10:13:52,536 - Long Buy 84.00 shares at 210.19 on 2024-10-25 14:45:00+00:00
2024-11-11 10:13:52,536 - Long Buy 83.00 shares at 209.9 on 2024-10-25 15:00:00+00:00
2024-11-11 10:13:52,536 - Long Buy 81.00 shares at 209.14 on 2024-10-25 15:15:00+00:00
2024-11-11 10:13:52,536 - Long Buy 80.00 shares at 208.5 on 2024-10-25 15:30:00+00:00
2024-11-11 10:13:52,536 - Long Buy 79.00 shares at 207.99 on 2024-10-25 15:45:00+00:00
2024-11-11 10:13:52,536 - Long Buy 77.00 shares at 207.5 on 2024-10-25 16:00:00+00:00
2024-11-11 10:13:52,536 - Long Buy 76.00 shares at 207.91 on 2024-10-25 16:15:00+00:00
2024-11-11 10:13:52,536 - Long Buy 74.00 shares at 207.92 on 2024-10-25 16:30:00+00:00
2024-11-11 10:13:52,536 - Long Buy 73.00 shares at 207.72 on 2024-10-25 16:45:00+00:00
2024-11-11 10:13:52,537 - Long Buy 71.00 shares at 207.6 on 2024-10-25 17:00:00+00:00
2024-11-11 10:13:52,537 - Long Buy 70.00 shares at 206.68 on 2024-10-25 17:30:00+00:00
2024-11-11 10:13:52,537 - Long Buy 68.00 shares at 207.21 on 2024-10-25 17:45:00+00:00
2024-11-11 10:13:52,537 - Long Buy 67.00 shares at 207.12 on 2024-10-25 18:00:00+00:00
2024-11-11 10:13:52,537 - Long Buy 66.00 shares at 207.44 on 2024-10-25 18:15:00+00:00
2024-11-11 10:13:52,537 - Sell to close 1499.00 shares at 208.36 on 2024-10-25 18:45:00+00:00 (Exit: Signal, Profit: -183.18999999994261, Duration: 315.0 minutes)
2024-11-11 10:13:52,537 - Short Sell 94.00 shares at 208.08 on 2024-10-25 19:15:00+00:00
2024-11-11 10:13:52,537 - Buy to cover -94.00 shares at 207.15 on 2024-10-28 13:30:00+00:00 (Exit: Signal, Profit: 87.42000000000064, Duration: 3975.0 minutes)
2024-11-11 10:13:52,537 - Long Buy 95.00 shares at 207.23 on 2024-10-28 13:45:00+00:00
2024-11-11 10:13:52,537 - Long Buy 94.00 shares at 204.93 on 2024-10-28 14:00:00+00:00
2024-11-11 10:13:52,537 - Long Buy 91.00 shares at 205.8 on 2024-10-28 14:15:00+00:00
2024-11-11 10:13:52,537 - Long Buy 90.00 shares at 205.88 on 2024-10-28 14:30:00+00:00
2024-11-11 10:13:52,537 - Long Buy 88.00 shares at 206.05 on 2024-10-28 14:45:00+00:00
2024-11-11 10:13:52,537 - Long Buy 86.00 shares at 206.41 on 2024-10-28 15:00:00+00:00
2024-11-11 10:13:52,537 - Long Buy 84.00 shares at 206.0 on 2024-10-28 15:15:00+00:00
2024-11-11 10:13:52,537 - Long Buy 83.00 shares at 205.94 on 2024-10-28 15:30:00+00:00
2024-11-11 10:13:52,537 - Long Buy 81.00 shares at 205.93 on 2024-10-28 15:45:00+00:00
2024-11-11 10:13:52,537 - Long Buy 79.00 shares at 206.41 on 2024-10-28 16:00:00+00:00
2024-11-11 10:13:52,537 - Long Buy 78.00 shares at 206.09 on 2024-10-28 16:15:00+00:00
2024-11-11 10:13:52,537 - Long Buy 76.00 shares at 206.64 on 2024-10-28 16:30:00+00:00
2024-11-11 10:13:52,537 - Long Buy 74.00 shares at 206.49 on 2024-10-28 16:45:00+00:00
2024-11-11 10:13:52,537 - Long Buy 73.00 shares at 206.69 on 2024-10-28 17:00:00+00:00
2024-11-11 10:13:52,537 - Long Buy 71.00 shares at 206.7 on 2024-10-28 17:15:00+00:00
2024-11-11 10:13:52,537 - Long Buy 70.00 shares at 206.75 on 2024-10-28 17:30:00+00:00
2024-11-11 10:13:52,538 - Long Buy 69.00 shares at 206.73 on 2024-10-28 17:45:00+00:00
2024-11-11 10:13:52,538 - Long Buy 67.00 shares at 206.66 on 2024-10-28 18:00:00+00:00
2024-11-11 10:13:52,538 - Sell to close 1449.00 shares at 207.0 on 2024-10-28 18:15:00+00:00 (Exit: Signal, Profit: 1061.2499999999898, Duration: 270.0 minutes)
2024-11-11 10:13:52,538 - Short Sell 95.00 shares at 206.92 on 2024-10-28 18:30:00+00:00
2024-11-11 10:13:52,538 - Short Sell 95.00 shares at 207.15 on 2024-10-28 18:45:00+00:00
2024-11-11 10:13:52,538 - Short Sell 95.00 shares at 207.01 on 2024-10-28 19:00:00+00:00
2024-11-11 10:13:52,538 - Short Sell 95.00 shares at 207.1 on 2024-10-28 19:15:00+00:00
2024-11-11 10:13:52,538 - Buy to cover -380.00 shares at 206.1 on 2024-10-28 19:45:00+00:00 (Exit: Signal, Profit: 359.0999999999974, Duration: 75.0 minutes)
2024-11-11 10:13:52,538 - Long Buy 96.00 shares at 204.48 on 2024-10-29 13:30:00+00:00
2024-11-11 10:13:52,538 - Long Buy 94.00 shares at 205.21 on 2024-10-29 13:45:00+00:00
2024-11-11 10:13:52,538 - Long Buy 92.00 shares at 205.92 on 2024-10-29 14:00:00+00:00
2024-11-11 10:13:52,538 - Long Buy 90.00 shares at 206.2 on 2024-10-29 15:15:00+00:00
2024-11-11 10:13:52,538 - Long Buy 88.00 shares at 206.2 on 2024-10-29 15:30:00+00:00
2024-11-11 10:13:52,538 - Long Buy 86.00 shares at 206.24 on 2024-10-29 15:45:00+00:00
2024-11-11 10:13:52,538 - Sell to close 546.00 shares at 207.37 on 2024-10-29 17:45:00+00:00 (Exit: Signal, Profit: 919.3200000000081, Duration: 255.0 minutes)
2024-11-11 10:13:52,538 - Short Sell 95.00 shares at 207.5 on 2024-10-29 18:00:00+00:00
2024-11-11 10:13:52,539 - Short Sell 95.00 shares at 207.51 on 2024-10-29 18:15:00+00:00
2024-11-11 10:13:52,539 - Short Sell 95.00 shares at 207.45 on 2024-10-29 18:30:00+00:00
2024-11-11 10:13:52,539 - Short Sell 95.00 shares at 207.5 on 2024-10-29 18:45:00+00:00
2024-11-11 10:13:52,539 - Short Sell 95.00 shares at 207.53 on 2024-10-29 19:00:00+00:00
2024-11-11 10:13:52,539 - Buy to cover -475.00 shares at 206.71 on 2024-10-29 19:15:00+00:00 (Exit: Signal, Profit: 374.2999999999782, Duration: 75.0 minutes)
2024-11-11 10:13:52,539 - Long Buy 95.00 shares at 206.07 on 2024-10-29 19:30:00+00:00
2024-11-11 10:13:52,539 - Long Buy 94.00 shares at 205.98 on 2024-10-29 19:45:00+00:00
2024-11-11 10:13:52,539 - Long Buy 92.00 shares at 204.45 on 2024-10-30 13:30:00+00:00
2024-11-11 10:13:52,539 - Long Buy 90.00 shares at 205.24 on 2024-10-30 13:45:00+00:00
2024-11-11 10:13:52,539 - Long Buy 88.00 shares at 206.25 on 2024-10-30 14:00:00+00:00
2024-11-11 10:13:52,539 - Long Buy 86.00 shares at 206.3 on 2024-10-30 14:15:00+00:00
2024-11-11 10:13:52,539 - Long Buy 84.00 shares at 206.26 on 2024-10-30 14:30:00+00:00
2024-11-11 10:13:52,539 - Long Buy 83.00 shares at 206.14 on 2024-10-30 14:45:00+00:00
2024-11-11 10:13:52,539 - Long Buy 81.00 shares at 205.61 on 2024-10-30 15:00:00+00:00
2024-11-11 10:13:52,539 - Long Buy 80.00 shares at 205.79 on 2024-10-30 15:15:00+00:00
2024-11-11 10:13:52,539 - Long Buy 78.00 shares at 205.95 on 2024-10-30 15:30:00+00:00
2024-11-11 10:13:52,539 - Long Buy 76.00 shares at 205.94 on 2024-10-30 15:45:00+00:00
2024-11-11 10:13:52,539 - Long Buy 75.00 shares at 206.08 on 2024-10-30 16:00:00+00:00
2024-11-11 10:13:52,539 - Long Buy 73.00 shares at 205.94 on 2024-10-30 16:15:00+00:00
2024-11-11 10:13:52,539 - Long Buy 72.00 shares at 204.97 on 2024-10-30 16:30:00+00:00
2024-11-11 10:13:52,539 - Long Buy 71.00 shares at 203.58 on 2024-10-30 16:45:00+00:00
2024-11-11 10:13:52,539 - Long Buy 70.00 shares at 203.94 on 2024-10-30 17:00:00+00:00
2024-11-11 10:13:52,539 - Long Buy 68.00 shares at 203.75 on 2024-10-30 17:15:00+00:00
2024-11-11 10:13:52,539 - Long Buy 67.00 shares at 203.77 on 2024-10-30 17:30:00+00:00
2024-11-11 10:13:52,539 - Long Buy 66.00 shares at 203.94 on 2024-10-30 17:45:00+00:00
2024-11-11 10:13:52,539 - Long Buy 64.00 shares at 203.99 on 2024-10-30 18:00:00+00:00
2024-11-11 10:13:52,539 - Long Buy 63.00 shares at 203.86 on 2024-10-30 18:15:00+00:00
2024-11-11 10:13:52,540 - Long Buy 62.00 shares at 203.94 on 2024-10-30 18:30:00+00:00
2024-11-11 10:13:52,540 - Long Buy 61.00 shares at 203.79 on 2024-10-30 18:45:00+00:00
2024-11-11 10:13:52,540 - Long Buy 59.00 shares at 203.96 on 2024-10-30 19:00:00+00:00
2024-11-11 10:13:52,540 - Long Buy 58.00 shares at 204.09 on 2024-10-30 19:15:00+00:00
2024-11-11 10:13:52,540 - Long Buy 57.00 shares at 204.27 on 2024-10-30 19:30:00+00:00
2024-11-11 10:13:52,540 - Long Buy 56.00 shares at 204.24 on 2024-10-30 19:45:00+00:00
2024-11-11 10:13:52,540 - Sell to close 2069.00 shares at 204.45 on 2024-10-31 13:30:00+00:00 (Exit: Signal, Profit: -1243.9000000000478, Duration: 2520.0 minutes)
2024-11-11 10:13:52,540 - Short Sell 96.00 shares at 204.93 on 2024-10-31 13:45:00+00:00
2024-11-11 10:13:52,540 - Short Sell 96.00 shares at 204.71 on 2024-10-31 14:15:00+00:00
2024-11-11 10:13:52,540 - Short Sell 96.00 shares at 204.89 on 2024-10-31 15:30:00+00:00
2024-11-11 10:13:52,540 - Short Sell 96.00 shares at 204.86 on 2024-10-31 15:45:00+00:00
2024-11-11 10:13:52,540 - Short Sell 96.00 shares at 205.18 on 2024-10-31 16:00:00+00:00
2024-11-11 10:13:52,540 - Short Sell 96.00 shares at 204.63 on 2024-10-31 16:15:00+00:00
2024-11-11 10:13:52,540 - Short Sell 96.00 shares at 205.03 on 2024-10-31 16:45:00+00:00
2024-11-11 10:13:52,540 - Short Sell 96.00 shares at 205.24 on 2024-10-31 17:00:00+00:00
2024-11-11 10:13:52,540 - Short Sell 96.00 shares at 205.39 on 2024-10-31 17:15:00+00:00
2024-11-11 10:13:52,540 - Short Sell 96.00 shares at 205.49 on 2024-10-31 17:30:00+00:00
2024-11-11 10:13:52,540 - Short Sell 95.00 shares at 205.62 on 2024-10-31 17:45:00+00:00
2024-11-11 10:13:52,540 - Short Sell 95.00 shares at 205.59 on 2024-10-31 18:00:00+00:00
2024-11-11 10:13:52,540 - Short Sell 95.00 shares at 205.99 on 2024-10-31 18:15:00+00:00
2024-11-11 10:13:52,540 - Short Sell 95.00 shares at 205.97 on 2024-10-31 18:30:00+00:00
2024-11-11 10:13:52,540 - Short Sell 95.00 shares at 206.09 on 2024-10-31 18:45:00+00:00
2024-11-11 10:13:52,540 - Short Sell 95.00 shares at 205.89 on 2024-10-31 19:00:00+00:00
2024-11-11 10:13:52,540 - Short Sell 95.00 shares at 205.83 on 2024-10-31 19:15:00+00:00
2024-11-11 10:13:52,540 - Short Sell 95.00 shares at 205.6 on 2024-10-31 19:30:00+00:00
2024-11-11 10:13:52,541 - Short Sell 95.00 shares at 205.62 on 2024-10-31 19:45:00+00:00
2024-11-11 10:13:52,541 - Short Sell 95.00 shares at 206.88 on 2024-11-01 13:30:00+00:00
2024-11-11 10:13:52,541 - Short Sell 95.00 shares at 206.99 on 2024-11-01 13:45:00+00:00
2024-11-11 10:13:52,541 - Short Sell 94.00 shares at 207.9 on 2024-11-01 14:00:00+00:00
2024-11-11 10:13:52,541 - Short Sell 94.00 shares at 208.01 on 2024-11-01 14:15:00+00:00
2024-11-11 10:13:52,541 - Short Sell 94.00 shares at 208.13 on 2024-11-01 14:30:00+00:00
2024-11-11 10:13:52,541 - Short Sell 94.00 shares at 208.24 on 2024-11-01 14:45:00+00:00
2024-11-11 10:13:52,541 - Short Sell 94.00 shares at 208.58 on 2024-11-01 15:00:00+00:00
2024-11-11 10:13:52,541 - Short Sell 93.00 shares at 208.66 on 2024-11-01 15:15:00+00:00
2024-11-11 10:13:52,541 - Short Sell 93.00 shares at 208.71 on 2024-11-01 15:30:00+00:00
2024-11-11 10:13:52,541 - Short Sell 93.00 shares at 208.93 on 2024-11-01 15:45:00+00:00
2024-11-11 10:13:52,541 - Short Sell 93.00 shares at 208.88 on 2024-11-01 16:00:00+00:00
2024-11-11 10:13:52,541 - Short Sell 93.00 shares at 208.88 on 2024-11-01 16:15:00+00:00
2024-11-11 10:13:52,541 - Short Sell 93.00 shares at 208.8 on 2024-11-01 16:30:00+00:00
2024-11-11 10:13:52,541 - Short Sell 93.00 shares at 208.89 on 2024-11-01 16:45:00+00:00
2024-11-11 10:13:52,541 - Short Sell 94.00 shares at 208.51 on 2024-11-01 17:00:00+00:00
2024-11-11 10:13:52,541 - Short Sell 93.00 shares at 208.74 on 2024-11-01 17:15:00+00:00
2024-11-11 10:13:52,541 - Short Sell 94.00 shares at 208.45 on 2024-11-01 17:30:00+00:00
2024-11-11 10:13:52,541 - Short Sell 94.00 shares at 208.54 on 2024-11-01 18:15:00+00:00
2024-11-11 10:13:52,541 - Short Sell 93.00 shares at 208.7 on 2024-11-01 18:30:00+00:00
2024-11-11 10:13:52,541 - Short Sell 93.00 shares at 208.74 on 2024-11-01 18:45:00+00:00
2024-11-11 10:13:52,541 - Short Sell 93.00 shares at 208.93 on 2024-11-01 19:00:00+00:00
2024-11-11 10:13:52,541 - Short Sell 93.00 shares at 208.89 on 2024-11-01 19:15:00+00:00
2024-11-11 10:13:52,541 - Short Sell 93.00 shares at 209.04 on 2024-11-01 19:30:00+00:00
2024-11-11 10:13:52,541 - Short Sell 93.00 shares at 209.28 on 2024-11-01 19:45:00+00:00
2024-11-11 10:13:52,542 - Buy to cover -4059.00 shares at 206.51 on 2024-11-04 16:30:00+00:00 (Exit: Signal, Profit: 2462.50999999976, Duration: 5925.0 minutes)
2024-11-11 10:13:52,542 - Long Buy 95.00 shares at 206.73 on 2024-11-04 16:45:00+00:00
2024-11-11 10:13:52,542 - Long Buy 93.00 shares at 207.0 on 2024-11-04 17:00:00+00:00
2024-11-11 10:13:52,542 - Long Buy 91.00 shares at 207.16 on 2024-11-04 18:45:00+00:00
2024-11-11 10:13:52,542 - Long Buy 89.00 shares at 207.1 on 2024-11-04 19:15:00+00:00
2024-11-11 10:13:52,542 - Sell to close 368.00 shares at 208.04 on 2024-11-05 14:30:00+00:00 (Exit: Signal, Profit: 384.90999999998394, Duration: 1305.0 minutes)
2024-11-11 10:13:52,542 - Short Sell 94.00 shares at 209.15 on 2024-11-05 14:45:00+00:00
2024-11-11 10:13:52,542 - Short Sell 94.00 shares at 209.59 on 2024-11-05 15:00:00+00:00
2024-11-11 10:13:52,542 - Short Sell 94.00 shares at 209.94 on 2024-11-05 15:15:00+00:00
2024-11-11 10:13:52,542 - Short Sell 94.00 shares at 210.12 on 2024-11-05 15:30:00+00:00
2024-11-11 10:13:52,542 - Short Sell 94.00 shares at 210.19 on 2024-11-05 15:45:00+00:00
2024-11-11 10:13:52,542 - Short Sell 94.00 shares at 210.45 on 2024-11-05 16:00:00+00:00
2024-11-11 10:13:52,542 - Short Sell 93.00 shares at 210.62 on 2024-11-05 16:15:00+00:00
2024-11-11 10:13:52,542 - Short Sell 93.00 shares at 211.11 on 2024-11-05 16:30:00+00:00
2024-11-11 10:13:52,542 - Short Sell 93.00 shares at 211.3 on 2024-11-05 16:45:00+00:00
2024-11-11 10:13:52,542 - Short Sell 93.00 shares at 211.46 on 2024-11-05 17:00:00+00:00
2024-11-11 10:13:52,542 - Short Sell 93.00 shares at 211.47 on 2024-11-05 17:15:00+00:00
2024-11-11 10:13:52,542 - Short Sell 93.00 shares at 211.59 on 2024-11-05 17:30:00+00:00
2024-11-11 10:13:52,543 - Buy to cover -1122.00 shares at 210.59 on 2024-11-05 18:00:00+00:00 (Exit: Signal, Profit: -12.470000000020548, Duration: 195.0 minutes)
2024-11-11 10:13:52,543 - Long Buy 93.00 shares at 210.65 on 2024-11-05 18:15:00+00:00
2024-11-11 10:13:52,543 - Long Buy 92.00 shares at 210.81 on 2024-11-05 18:30:00+00:00
2024-11-11 10:13:52,543 - Long Buy 90.00 shares at 210.53 on 2024-11-05 18:45:00+00:00
2024-11-11 10:13:52,543 - Long Buy 88.00 shares at 210.24 on 2024-11-05 19:00:00+00:00
2024-11-11 10:13:52,543 - Long Buy 87.00 shares at 209.54 on 2024-11-05 19:15:00+00:00
2024-11-11 10:13:52,543 - Long Buy 85.00 shares at 208.85 on 2024-11-05 19:30:00+00:00
2024-11-11 10:13:52,543 - Long Buy 83.00 shares at 208.96 on 2024-11-05 19:45:00+00:00
2024-11-11 10:13:52,543 - Long Buy 82.00 shares at 208.36 on 2024-11-05 20:00:00+00:00
2024-11-11 10:13:52,543 - Long Buy 80.00 shares at 208.44 on 2024-11-05 20:15:00+00:00
2024-11-11 10:13:52,543 - Long Buy 79.00 shares at 208.43 on 2024-11-05 20:30:00+00:00
2024-11-11 10:13:52,543 - Long Buy 77.00 shares at 208.85 on 2024-11-05 20:45:00+00:00
2024-11-11 10:13:52,543 - Sell to close 936.00 shares at 213.66 on 2024-11-06 14:30:00+00:00 (Exit: Signal, Profit: 3917.9200000000124, Duration: 1215.0 minutes)
2024-11-11 10:13:52,543 - Short Sell 93.00 shares at 213.27 on 2024-11-06 14:45:00+00:00
2024-11-11 10:13:52,543 - Short Sell 92.00 shares at 215.01 on 2024-11-06 15:00:00+00:00
2024-11-11 10:13:52,543 - Short Sell 92.00 shares at 214.11 on 2024-11-06 15:15:00+00:00
2024-11-11 10:13:52,543 - Short Sell 92.00 shares at 214.72 on 2024-11-06 15:30:00+00:00
2024-11-11 10:13:52,543 - Short Sell 92.00 shares at 214.87 on 2024-11-06 15:45:00+00:00
2024-11-11 10:13:52,543 - Short Sell 92.00 shares at 215.2 on 2024-11-06 16:00:00+00:00
2024-11-11 10:13:52,543 - Short Sell 92.00 shares at 215.31 on 2024-11-06 16:15:00+00:00
2024-11-11 10:13:52,543 - Short Sell 92.00 shares at 215.7 on 2024-11-06 16:30:00+00:00
2024-11-11 10:13:52,543 - Short Sell 92.00 shares at 215.79 on 2024-11-06 16:45:00+00:00
2024-11-11 10:13:52,543 - Short Sell 91.00 shares at 215.97 on 2024-11-06 17:00:00+00:00
2024-11-11 10:13:52,543 - Short Sell 92.00 shares at 215.76 on 2024-11-06 17:15:00+00:00
2024-11-11 10:13:52,543 - Short Sell 91.00 shares at 216.07 on 2024-11-06 17:30:00+00:00
2024-11-11 10:13:52,543 - Short Sell 92.00 shares at 215.59 on 2024-11-06 17:45:00+00:00
2024-11-11 10:13:52,543 - Short Sell 91.00 shares at 216.12 on 2024-11-06 18:00:00+00:00
2024-11-11 10:13:52,544 - Short Sell 91.00 shares at 216.36 on 2024-11-06 18:15:00+00:00
2024-11-11 10:13:52,544 - Short Sell 91.00 shares at 216.59 on 2024-11-06 18:30:00+00:00
2024-11-11 10:13:52,544 - Short Sell 91.00 shares at 216.61 on 2024-11-06 18:45:00+00:00
2024-11-11 10:13:52,544 - Short Sell 91.00 shares at 216.75 on 2024-11-06 19:00:00+00:00
2024-11-11 10:13:52,544 - Short Sell 91.00 shares at 216.78 on 2024-11-06 19:15:00+00:00
2024-11-11 10:13:52,544 - Buy to cover -1741.00 shares at 215.82 on 2024-11-06 19:45:00+00:00 (Exit: Signal, Profit: -375.2400000000538, Duration: 300.0 minutes)
2024-11-11 10:13:52,544 - Long Buy 92.00 shares at 215.7 on 2024-11-07 14:30:00+00:00
2024-11-11 10:13:52,544 - Sell to close 92.00 shares at 216.94 on 2024-11-07 15:30:00+00:00 (Exit: Signal, Profit: 114.08000000000084, Duration: 60.0 minutes)
2024-11-11 10:13:52,544 - Short Sell 91.00 shares at 217.01 on 2024-11-07 15:45:00+00:00
2024-11-11 10:13:52,544 - Short Sell 91.00 shares at 217.06 on 2024-11-07 16:00:00+00:00
2024-11-11 10:13:52,544 - Short Sell 91.00 shares at 217.31 on 2024-11-07 16:15:00+00:00
2024-11-11 10:13:52,544 - Short Sell 91.00 shares at 217.48 on 2024-11-07 16:30:00+00:00
2024-11-11 10:13:52,544 - Short Sell 91.00 shares at 217.77 on 2024-11-07 16:45:00+00:00
2024-11-11 10:13:52,544 - Short Sell 91.00 shares at 217.8 on 2024-11-07 17:00:00+00:00
2024-11-11 10:13:52,544 - Short Sell 91.00 shares at 217.87 on 2024-11-07 17:15:00+00:00
2024-11-11 10:13:52,544 - Short Sell 91.00 shares at 218.0 on 2024-11-07 17:30:00+00:00
2024-11-11 10:13:52,544 - Short Sell 91.00 shares at 218.06 on 2024-11-07 17:45:00+00:00
2024-11-11 10:13:52,544 - Short Sell 91.00 shares at 218.0 on 2024-11-07 18:00:00+00:00
2024-11-11 10:13:52,544 - Short Sell 91.00 shares at 218.11 on 2024-11-07 18:15:00+00:00
2024-11-11 10:13:52,544 - Short Sell 91.00 shares at 217.92 on 2024-11-07 18:30:00+00:00
2024-11-11 10:13:52,544 - Short Sell 91.00 shares at 218.11 on 2024-11-07 18:45:00+00:00
2024-11-11 10:13:52,544 - Short Sell 91.00 shares at 218.11 on 2024-11-07 19:00:00+00:00
2024-11-11 10:13:52,544 - Short Sell 91.00 shares at 218.16 on 2024-11-07 19:15:00+00:00
2024-11-11 10:13:52,545 - Buy to cover -1365.00 shares at 218.02 on 2024-11-07 19:30:00+00:00 (Exit: Signal, Profit: -321.2299999999949, Duration: 225.0 minutes)
2024-11-11 10:13:52,545 - Long Buy 91.00 shares at 217.96 on 2024-11-07 20:15:00+00:00
2024-11-11 10:13:52,545 - Long Buy 89.00 shares at 217.93 on 2024-11-07 20:30:00+00:00
2024-11-11 10:13:52,545 - Long Buy 87.00 shares at 217.52 on 2024-11-07 20:45:00+00:00
2024-11-11 10:13:52,545 - Long Buy 85.00 shares at 217.44 on 2024-11-08 14:30:00+00:00
2024-11-11 10:13:52,545 - Long Buy 84.00 shares at 217.78 on 2024-11-08 14:45:00+00:00
2024-11-11 10:13:52,545 - Sell to close 436.00 shares at 218.8 on 2024-11-08 15:30:00+00:00 (Exit: Signal, Profit: 466.50999999998726, Duration: 1155.0 minutes)
2024-11-11 10:13:52,545 - Short Sell 90.00 shares at 219.19 on 2024-11-08 15:45:00+00:00
2024-11-11 10:13:52,545 - Short Sell 90.00 shares at 218.86 on 2024-11-08 16:00:00+00:00
2024-11-11 10:13:52,545 - Short Sell 90.00 shares at 218.9 on 2024-11-08 16:15:00+00:00
2024-11-11 10:13:52,545 - Short Sell 90.00 shares at 218.83 on 2024-11-08 16:30:00+00:00
2024-11-11 10:13:52,545 - Short Sell 90.00 shares at 218.76 on 2024-11-08 16:45:00+00:00
2024-11-11 10:13:52,545 - Short Sell 90.00 shares at 218.88 on 2024-11-08 17:00:00+00:00
2024-11-11 10:13:52,545 - Short Sell 90.00 shares at 218.93 on 2024-11-08 17:15:00+00:00
2024-11-11 10:13:52,545 - Short Sell 90.00 shares at 219.08 on 2024-11-08 17:30:00+00:00
2024-11-11 10:13:52,545 - Short Sell 90.00 shares at 219.14 on 2024-11-08 17:45:00+00:00
2024-11-11 10:13:52,545 - Short Sell 90.00 shares at 219.15 on 2024-11-08 18:00:00+00:00
2024-11-11 10:13:52,545 - Short Sell 90.00 shares at 219.24 on 2024-11-08 18:15:00+00:00
2024-11-11 10:13:52,545 - Short Sell 90.00 shares at 219.28 on 2024-11-08 18:30:00+00:00
2024-11-11 10:13:52,545 - Short Sell 90.00 shares at 219.44 on 2024-11-08 18:45:00+00:00
2024-11-11 10:13:52,545 - Short Sell 90.00 shares at 219.41 on 2024-11-08 19:00:00+00:00
2024-11-11 10:13:52,545 - Short Sell 90.00 shares at 219.48 on 2024-11-08 19:15:00+00:00
2024-11-11 10:13:52,545 - Short Sell 90.00 shares at 219.61 on 2024-11-08 19:30:00+00:00
2024-11-11 10:13:52,545 - Short Sell 90.00 shares at 219.42 on 2024-11-08 19:45:00+00:00
2024-11-11 10:13:52,546 - Short Sell 90.00 shares at 219.51 on 2024-11-08 20:00:00+00:00
2024-11-11 10:13:52,546 - Short Sell 90.00 shares at 219.3 on 2024-11-08 20:15:00+00:00
2024-11-11 10:13:52,546 - Short Sell 90.00 shares at 219.42 on 2024-11-08 20:30:00+00:00
2024-11-11 10:13:52,546 - Short Sell 90.00 shares at 219.5 on 2024-11-08 20:45:00+00:00
2024-11-11 10:13:52,547 - Final statisticsStock: HON, 
total_trades: 26, 
winning_trades: 17, 
losing_trades: 9, 
average_return: 0.001216277198181535, 
average_duration: 1398.4615384615386, 
final_balance: 1407898.2200000004, 
final_portfolio_value: 993043.2200000004, 
sharpe_ratio: 9.351059028640474, 



