2024-11-11 10:09:46,116 - Starting GBMStrategy with initial capital: 1000000
2024-11-11 10:09:46,116 - Hyperparameters: {'threshold': 0.25, 'time_periods': 30, 'num_simulations': 150}
2024-11-11 10:11:03,982 - Short Sell 92.00 shares at 216.55 on 2024-10-11 14:30:00+00:00
2024-11-11 10:11:03,983 - Short Sell 92.00 shares at 216.17 on 2024-10-11 14:45:00+00:00
2024-11-11 10:11:03,983 - Short Sell 92.00 shares at 216.23 on 2024-10-11 15:00:00+00:00
2024-11-11 10:11:03,983 - Buy to cover -276.00 shares at 216.06 on 2024-10-11 15:15:00+00:00 (Exit: Signal, Profit: 70.84000000000617, Duration: 45.0 minutes)
2024-11-11 10:11:03,983 - Short Sell 92.00 shares at 216.25 on 2024-10-11 15:30:00+00:00
2024-11-11 10:11:03,983 - Short Sell 92.00 shares at 216.33 on 2024-10-11 15:45:00+00:00
2024-11-11 10:11:03,983 - Buy to cover -184.00 shares at 215.74 on 2024-10-11 16:00:00+00:00 (Exit: Signal, Profit: 101.19999999999686, Duration: 30.0 minutes)
2024-11-11 10:11:03,984 - Long Buy 92.00 shares at 215.77 on 2024-10-11 16:15:00+00:00
2024-11-11 10:11:03,984 - Long Buy 91.00 shares at 215.23 on 2024-10-11 16:30:00+00:00
2024-11-11 10:11:03,984 - Long Buy 89.00 shares at 215.06 on 2024-10-11 16:45:00+00:00
2024-11-11 10:11:03,984 - Long Buy 87.00 shares at 214.13 on 2024-10-11 17:00:00+00:00
2024-11-11 10:11:03,984 - Long Buy 86.00 shares at 214.47 on 2024-10-11 17:15:00+00:00
2024-11-11 10:11:03,984 - Long Buy 84.00 shares at 214.55 on 2024-10-11 17:30:00+00:00
2024-11-11 10:11:03,984 - Long Buy 82.00 shares at 214.53 on 2024-10-11 17:45:00+00:00
2024-11-11 10:11:03,984 - Long Buy 80.00 shares at 214.97 on 2024-10-11 18:00:00+00:00
2024-11-11 10:11:03,984 - Long Buy 79.00 shares at 215.01 on 2024-10-11 18:15:00+00:00
2024-11-11 10:11:03,984 - Long Buy 77.00 shares at 215.03 on 2024-10-11 18:30:00+00:00
2024-11-11 10:11:03,984 - Long Buy 76.00 shares at 215.05 on 2024-10-11 18:45:00+00:00
2024-11-11 10:11:03,984 - Long Buy 74.00 shares at 215.54 on 2024-10-11 19:00:00+00:00
2024-11-11 10:11:03,984 - Long Buy 72.00 shares at 215.49 on 2024-10-11 19:15:00+00:00
2024-11-11 10:11:03,984 - Long Buy 71.00 shares at 215.81 on 2024-10-11 19:30:00+00:00
2024-11-11 10:11:03,984 - Long Buy 69.00 shares at 216.01 on 2024-10-11 19:45:00+00:00
2024-11-11 10:11:03,984 - Long Buy 68.00 shares at 215.42 on 2024-10-14 13:30:00+00:00
2024-11-11 10:11:03,984 - Long Buy 67.00 shares at 216.0 on 2024-10-14 13:45:00+00:00
2024-11-11 10:11:03,984 - Long Buy 65.00 shares at 215.81 on 2024-10-14 14:00:00+00:00
2024-11-11 10:11:03,984 - Long Buy 64.00 shares at 215.61 on 2024-10-14 14:15:00+00:00
2024-11-11 10:11:03,984 - Long Buy 63.00 shares at 216.12 on 2024-10-14 14:30:00+00:00
2024-11-11 10:11:03,984 - Long Buy 61.00 shares at 216.09 on 2024-10-14 15:15:00+00:00
2024-11-11 10:11:03,984 - Sell to close 1597.00 shares at 216.4 on 2024-10-14 15:30:00+00:00 (Exit: Signal, Profit: 1805.0599999999795, Duration: 4275.0 minutes)
2024-11-11 10:11:03,985 - Short Sell 92.00 shares at 216.58 on 2024-10-14 15:45:00+00:00
2024-11-11 10:11:03,985 - Short Sell 92.00 shares at 216.84 on 2024-10-14 16:00:00+00:00
2024-11-11 10:11:03,985 - Short Sell 92.00 shares at 216.89 on 2024-10-14 16:15:00+00:00
2024-11-11 10:11:03,985 - Short Sell 92.00 shares at 216.87 on 2024-10-14 16:30:00+00:00
2024-11-11 10:11:03,985 - Short Sell 92.00 shares at 216.97 on 2024-10-14 16:45:00+00:00
2024-11-11 10:11:03,985 - Short Sell 92.00 shares at 216.96 on 2024-10-14 17:00:00+00:00
2024-11-11 10:11:03,985 - Short Sell 92.00 shares at 217.02 on 2024-10-14 17:15:00+00:00
2024-11-11 10:11:03,985 - Short Sell 92.00 shares at 216.78 on 2024-10-14 17:30:00+00:00
2024-11-11 10:11:03,985 - Short Sell 92.00 shares at 216.77 on 2024-10-14 17:45:00+00:00
2024-11-11 10:11:03,985 - Short Sell 92.00 shares at 216.97 on 2024-10-14 18:00:00+00:00
2024-11-11 10:11:03,985 - Short Sell 92.00 shares at 217.2 on 2024-10-14 18:15:00+00:00
2024-11-11 10:11:03,985 - Short Sell 92.00 shares at 217.26 on 2024-10-14 18:30:00+00:00
2024-11-11 10:11:03,985 - Short Sell 92.00 shares at 217.35 on 2024-10-14 18:45:00+00:00
2024-11-11 10:11:03,985 - Short Sell 92.00 shares at 217.4 on 2024-10-14 19:00:00+00:00
2024-11-11 10:11:03,985 - Short Sell 92.00 shares at 217.17 on 2024-10-14 19:15:00+00:00
2024-11-11 10:11:03,985 - Short Sell 92.00 shares at 217.1 on 2024-10-14 19:30:00+00:00
2024-11-11 10:11:03,985 - Short Sell 92.00 shares at 217.62 on 2024-10-14 19:45:00+00:00
2024-11-11 10:11:03,985 - Short Sell 91.00 shares at 217.96 on 2024-10-15 13:30:00+00:00
2024-11-11 10:11:03,985 - Short Sell 92.00 shares at 217.09 on 2024-10-15 13:45:00+00:00
2024-11-11 10:11:03,985 - Short Sell 91.00 shares at 217.79 on 2024-10-15 14:00:00+00:00
2024-11-11 10:11:03,985 - Short Sell 91.00 shares at 218.25 on 2024-10-15 14:15:00+00:00
2024-11-11 10:11:03,985 - Short Sell 91.00 shares at 218.58 on 2024-10-15 14:30:00+00:00
2024-11-11 10:11:03,985 - Short Sell 91.00 shares at 218.57 on 2024-10-15 14:45:00+00:00
2024-11-11 10:11:03,985 - Short Sell 91.00 shares at 217.96 on 2024-10-15 15:00:00+00:00
2024-11-11 10:11:03,985 - Short Sell 91.00 shares at 218.33 on 2024-10-15 15:15:00+00:00
2024-11-11 10:11:03,985 - Short Sell 91.00 shares at 218.47 on 2024-10-15 15:30:00+00:00
2024-11-11 10:11:03,985 - Short Sell 91.00 shares at 218.5 on 2024-10-15 15:45:00+00:00
2024-11-11 10:11:03,985 - Short Sell 91.00 shares at 218.9 on 2024-10-15 16:00:00+00:00
2024-11-11 10:11:03,986 - Short Sell 91.00 shares at 218.9 on 2024-10-15 16:15:00+00:00
2024-11-11 10:11:03,986 - Buy to cover -2657.00 shares at 218.73 on 2024-10-15 16:30:00+00:00 (Exit: Signal, Profit: -3135.220000000091, Duration: 1485.0 minutes)
2024-11-11 10:11:03,986 - Long Buy 91.00 shares at 218.86 on 2024-10-15 16:45:00+00:00
2024-11-11 10:11:03,986 - Long Buy 89.00 shares at 218.78 on 2024-10-15 17:00:00+00:00
2024-11-11 10:11:03,986 - Sell to close 180.00 shares at 219.04 on 2024-10-15 17:15:00+00:00 (Exit: Signal, Profit: 39.51999999999032, Duration: 30.0 minutes)
2024-11-11 10:11:03,986 - Short Sell 91.00 shares at 219.09 on 2024-10-15 17:30:00+00:00
2024-11-11 10:11:03,986 - Short Sell 91.00 shares at 218.96 on 2024-10-15 17:45:00+00:00
2024-11-11 10:11:03,986 - Buy to cover -182.00 shares at 218.67 on 2024-10-15 18:00:00+00:00 (Exit: Signal, Profit: 64.61000000000331, Duration: 30.0 minutes)
2024-11-11 10:11:03,986 - Long Buy 91.00 shares at 218.33 on 2024-10-15 18:15:00+00:00
2024-11-11 10:11:03,986 - Long Buy 89.00 shares at 217.69 on 2024-10-15 18:30:00+00:00
2024-11-11 10:11:03,986 - Long Buy 88.00 shares at 217.54 on 2024-10-15 18:45:00+00:00
2024-11-11 10:11:03,986 - Long Buy 86.00 shares at 217.75 on 2024-10-15 19:00:00+00:00
2024-11-11 10:11:03,986 - Long Buy 85.00 shares at 216.74 on 2024-10-15 19:15:00+00:00
2024-11-11 10:11:03,986 - Long Buy 83.00 shares at 216.84 on 2024-10-15 19:30:00+00:00
2024-11-11 10:11:03,986 - Long Buy 81.00 shares at 217.31 on 2024-10-15 19:45:00+00:00
2024-11-11 10:11:03,986 - Long Buy 79.00 shares at 217.39 on 2024-10-16 13:30:00+00:00
2024-11-11 10:11:03,986 - Long Buy 78.00 shares at 217.8 on 2024-10-16 13:45:00+00:00
2024-11-11 10:11:03,986 - Long Buy 76.00 shares at 217.58 on 2024-10-16 14:00:00+00:00
2024-11-11 10:11:03,986 - Long Buy 75.00 shares at 217.62 on 2024-10-16 14:15:00+00:00
2024-11-11 10:11:03,986 - Long Buy 73.00 shares at 217.22 on 2024-10-16 14:30:00+00:00
2024-11-11 10:11:03,986 - Long Buy 72.00 shares at 217.85 on 2024-10-16 14:45:00+00:00
2024-11-11 10:11:03,986 - Long Buy 70.00 shares at 217.95 on 2024-10-16 15:00:00+00:00
2024-11-11 10:11:03,986 - Long Buy 69.00 shares at 218.06 on 2024-10-16 15:15:00+00:00
2024-11-11 10:11:03,987 - Long Buy 67.00 shares at 218.17 on 2024-10-16 15:30:00+00:00
2024-11-11 10:11:03,987 - Long Buy 66.00 shares at 217.92 on 2024-10-16 15:45:00+00:00
2024-11-11 10:11:03,987 - Long Buy 64.00 shares at 218.5 on 2024-10-16 16:00:00+00:00
2024-11-11 10:11:03,987 - Long Buy 63.00 shares at 218.54 on 2024-10-16 16:15:00+00:00
2024-11-11 10:11:03,987 - Long Buy 62.00 shares at 218.8 on 2024-10-16 17:00:00+00:00
2024-11-11 10:11:03,987 - Long Buy 61.00 shares at 218.73 on 2024-10-16 17:15:00+00:00
2024-11-11 10:11:03,987 - Sell to close 1578.00 shares at 218.75 on 2024-10-16 17:30:00+00:00 (Exit: Signal, Profit: 1527.3599999999924, Duration: 1395.0 minutes)
2024-11-11 10:11:03,987 - Short Sell 91.00 shares at 218.85 on 2024-10-16 17:45:00+00:00
2024-11-11 10:11:03,987 - Short Sell 91.00 shares at 218.97 on 2024-10-16 18:00:00+00:00
2024-11-11 10:11:03,987 - Short Sell 91.00 shares at 219.51 on 2024-10-16 18:15:00+00:00
2024-11-11 10:11:03,987 - Short Sell 91.00 shares at 219.45 on 2024-10-16 18:30:00+00:00
2024-11-11 10:11:03,987 - Short Sell 91.00 shares at 219.47 on 2024-10-16 18:45:00+00:00
2024-11-11 10:11:03,987 - Short Sell 91.00 shares at 219.45 on 2024-10-16 19:00:00+00:00
2024-11-11 10:11:03,987 - Short Sell 91.00 shares at 219.45 on 2024-10-16 19:15:00+00:00
2024-11-11 10:11:03,987 - Short Sell 91.00 shares at 219.3 on 2024-10-16 19:30:00+00:00
2024-11-11 10:11:03,987 - Short Sell 91.00 shares at 218.96 on 2024-10-16 19:45:00+00:00
2024-11-11 10:11:03,987 - Short Sell 91.00 shares at 219.73 on 2024-10-17 13:30:00+00:00
2024-11-11 10:11:03,987 - Short Sell 91.00 shares at 219.14 on 2024-10-17 13:45:00+00:00
2024-11-11 10:11:03,987 - Short Sell 91.00 shares at 218.99 on 2024-10-17 14:00:00+00:00
2024-11-11 10:11:03,987 - Short Sell 91.00 shares at 219.24 on 2024-10-17 14:15:00+00:00
2024-11-11 10:11:03,987 - Short Sell 91.00 shares at 219.13 on 2024-10-17 14:30:00+00:00
2024-11-11 10:11:03,987 - Short Sell 91.00 shares at 219.08 on 2024-10-17 14:45:00+00:00
2024-11-11 10:11:03,987 - Short Sell 91.00 shares at 219.28 on 2024-10-17 15:00:00+00:00
2024-11-11 10:11:03,987 - Short Sell 91.00 shares at 219.54 on 2024-10-17 15:15:00+00:00
2024-11-11 10:11:03,987 - Short Sell 91.00 shares at 219.61 on 2024-10-17 15:30:00+00:00
2024-11-11 10:11:03,987 - Short Sell 91.00 shares at 219.16 on 2024-10-17 15:45:00+00:00
2024-11-11 10:11:03,988 - Short Sell 91.00 shares at 218.91 on 2024-10-17 16:00:00+00:00
2024-11-11 10:11:03,988 - Short Sell 91.00 shares at 219.35 on 2024-10-17 16:15:00+00:00
2024-11-11 10:11:03,988 - Short Sell 91.00 shares at 219.53 on 2024-10-17 16:30:00+00:00
2024-11-11 10:11:03,988 - Short Sell 91.00 shares at 219.49 on 2024-10-17 16:45:00+00:00
2024-11-11 10:11:03,988 - Short Sell 91.00 shares at 219.5 on 2024-10-17 17:00:00+00:00
2024-11-11 10:11:03,988 - Short Sell 91.00 shares at 219.39 on 2024-10-17 17:15:00+00:00
2024-11-11 10:11:03,988 - Short Sell 91.00 shares at 219.45 on 2024-10-17 17:30:00+00:00
2024-11-11 10:11:03,988 - Short Sell 91.00 shares at 219.11 on 2024-10-17 17:45:00+00:00
2024-11-11 10:11:03,988 - Short Sell 91.00 shares at 218.79 on 2024-10-17 18:30:00+00:00
2024-11-11 10:11:03,988 - Short Sell 91.00 shares at 218.9 on 2024-10-17 18:45:00+00:00
2024-11-11 10:11:03,988 - Short Sell 91.00 shares at 219.05 on 2024-10-17 19:00:00+00:00
2024-11-11 10:11:03,988 - Short Sell 91.00 shares at 218.98 on 2024-10-17 19:15:00+00:00
2024-11-11 10:11:03,988 - Short Sell 91.00 shares at 219.03 on 2024-10-17 19:30:00+00:00
2024-11-11 10:11:03,988 - Short Sell 91.00 shares at 219.56 on 2024-10-17 19:45:00+00:00
2024-11-11 10:11:03,988 - Short Sell 91.00 shares at 219.36 on 2024-10-18 13:30:00+00:00
2024-11-11 10:11:03,988 - Short Sell 91.00 shares at 219.34 on 2024-10-18 13:45:00+00:00
2024-11-11 10:11:03,988 - Short Sell 91.00 shares at 219.28 on 2024-10-18 14:00:00+00:00
2024-11-11 10:11:03,988 - Short Sell 91.00 shares at 219.38 on 2024-10-18 14:15:00+00:00
2024-11-11 10:11:03,988 - Short Sell 91.00 shares at 219.42 on 2024-10-18 14:30:00+00:00
2024-11-11 10:11:03,988 - Short Sell 90.00 shares at 219.75 on 2024-10-18 14:45:00+00:00
2024-11-11 10:11:03,988 - Short Sell 90.00 shares at 220.02 on 2024-10-18 15:00:00+00:00
2024-11-11 10:11:03,988 - Short Sell 89.00 shares at 221.19 on 2024-10-18 15:15:00+00:00
2024-11-11 10:11:03,988 - Short Sell 89.00 shares at 221.23 on 2024-10-18 15:30:00+00:00
2024-11-11 10:11:03,988 - Short Sell 89.00 shares at 221.16 on 2024-10-18 15:45:00+00:00
2024-11-11 10:11:03,988 - Short Sell 89.00 shares at 221.24 on 2024-10-18 16:00:00+00:00
2024-11-11 10:11:03,988 - Short Sell 89.00 shares at 221.36 on 2024-10-18 16:15:00+00:00
2024-11-11 10:11:03,988 - Short Sell 89.00 shares at 221.49 on 2024-10-18 16:30:00+00:00
2024-11-11 10:11:03,988 - Short Sell 89.00 shares at 221.58 on 2024-10-18 16:45:00+00:00
2024-11-11 10:11:03,988 - Short Sell 89.00 shares at 221.6 on 2024-10-18 17:00:00+00:00
2024-11-11 10:11:03,989 - Short Sell 89.00 shares at 221.36 on 2024-10-18 17:15:00+00:00
2024-11-11 10:11:03,989 - Short Sell 89.00 shares at 221.57 on 2024-10-18 17:30:00+00:00
2024-11-11 10:11:03,989 - Short Sell 89.00 shares at 221.31 on 2024-10-18 17:45:00+00:00
2024-11-11 10:11:03,989 - Short Sell 89.00 shares at 221.58 on 2024-10-18 18:00:00+00:00
2024-11-11 10:11:03,989 - Short Sell 89.00 shares at 221.65 on 2024-10-18 18:15:00+00:00
2024-11-11 10:11:03,989 - Short Sell 89.00 shares at 221.46 on 2024-10-18 18:30:00+00:00
2024-11-11 10:11:03,989 - Short Sell 89.00 shares at 221.34 on 2024-10-18 18:45:00+00:00
2024-11-11 10:11:03,989 - Short Sell 89.00 shares at 221.41 on 2024-10-18 19:00:00+00:00
2024-11-11 10:11:03,989 - Short Sell 89.00 shares at 221.43 on 2024-10-18 19:15:00+00:00
2024-11-11 10:11:03,989 - Short Sell 89.00 shares at 221.47 on 2024-10-18 19:30:00+00:00
2024-11-11 10:11:03,989 - Short Sell 89.00 shares at 222.03 on 2024-10-18 19:45:00+00:00
2024-11-11 10:11:03,989 - Short Sell 89.00 shares at 221.53 on 2024-10-21 13:30:00+00:00
2024-11-11 10:11:03,989 - Buy to cover -5418.00 shares at 220.75 on 2024-10-21 13:45:00+00:00 (Exit: Signal, Profit: -4040.2600000002085, Duration: 6960.0 minutes)
2024-11-11 10:11:03,989 - Long Buy 90.00 shares at 221.19 on 2024-10-21 14:00:00+00:00
2024-11-11 10:11:03,989 - Long Buy 88.00 shares at 220.53 on 2024-10-21 14:15:00+00:00
2024-11-11 10:11:03,989 - Long Buy 86.00 shares at 220.78 on 2024-10-21 14:30:00+00:00
2024-11-11 10:11:03,989 - Long Buy 84.00 shares at 220.9 on 2024-10-21 14:45:00+00:00
2024-11-11 10:11:03,989 - Long Buy 83.00 shares at 220.47 on 2024-10-21 15:00:00+00:00
2024-11-11 10:11:03,989 - Long Buy 81.00 shares at 220.12 on 2024-10-21 15:15:00+00:00
2024-11-11 10:11:03,989 - Long Buy 80.00 shares at 220.41 on 2024-10-21 15:30:00+00:00
2024-11-11 10:11:03,989 - Long Buy 78.00 shares at 221.0 on 2024-10-21 15:45:00+00:00
2024-11-11 10:11:03,989 - Long Buy 76.00 shares at 220.83 on 2024-10-21 16:00:00+00:00
2024-11-11 10:11:03,989 - Long Buy 75.00 shares at 220.97 on 2024-10-21 16:15:00+00:00
2024-11-11 10:11:03,989 - Long Buy 73.00 shares at 221.03 on 2024-10-21 16:30:00+00:00
2024-11-11 10:11:03,989 - Long Buy 72.00 shares at 221.13 on 2024-10-21 16:45:00+00:00
2024-11-11 10:11:03,989 - Long Buy 70.00 shares at 221.4 on 2024-10-21 17:00:00+00:00
2024-11-11 10:11:03,989 - Long Buy 69.00 shares at 221.28 on 2024-10-21 17:15:00+00:00
2024-11-11 10:11:03,990 - Long Buy 67.00 shares at 221.36 on 2024-10-21 18:00:00+00:00
2024-11-11 10:11:03,990 - Long Buy 66.00 shares at 221.24 on 2024-10-21 18:15:00+00:00
2024-11-11 10:11:03,990 - Long Buy 65.00 shares at 221.36 on 2024-10-21 18:45:00+00:00
2024-11-11 10:11:03,990 - Long Buy 64.00 shares at 220.6 on 2024-10-22 13:30:00+00:00
2024-11-11 10:11:03,990 - Long Buy 62.00 shares at 220.54 on 2024-10-22 13:45:00+00:00
2024-11-11 10:11:03,990 - Sell to close 1429.00 shares at 220.63 on 2024-10-22 14:00:00+00:00 (Exit: Signal, Profit: -367.6200000000755, Duration: 1440.0 minutes)
2024-11-11 10:11:03,990 - Long Buy 90.00 shares at 220.07 on 2024-10-22 14:15:00+00:00
2024-11-11 10:11:03,990 - Long Buy 88.00 shares at 220.34 on 2024-10-22 14:30:00+00:00
2024-11-11 10:11:03,990 - Sell to close 178.00 shares at 220.63 on 2024-10-22 14:45:00+00:00 (Exit: Signal, Profit: 75.91999999999973, Duration: 30.0 minutes)
2024-11-11 10:11:03,990 - Short Sell 90.00 shares at 220.79 on 2024-10-22 15:00:00+00:00
2024-11-11 10:11:03,990 - Short Sell 90.00 shares at 220.99 on 2024-10-22 15:15:00+00:00
2024-11-11 10:11:03,990 - Short Sell 90.00 shares at 220.99 on 2024-10-22 15:30:00+00:00
2024-11-11 10:11:03,990 - Short Sell 90.00 shares at 221.1 on 2024-10-22 15:45:00+00:00
2024-11-11 10:11:03,990 - Short Sell 90.00 shares at 221.18 on 2024-10-22 16:00:00+00:00
2024-11-11 10:11:03,990 - Short Sell 89.00 shares at 221.53 on 2024-10-22 16:15:00+00:00
2024-11-11 10:11:03,990 - Short Sell 89.00 shares at 221.73 on 2024-10-22 16:30:00+00:00
2024-11-11 10:11:03,990 - Short Sell 89.00 shares at 221.65 on 2024-10-22 16:45:00+00:00
2024-11-11 10:11:03,990 - Short Sell 89.00 shares at 221.52 on 2024-10-22 17:00:00+00:00
2024-11-11 10:11:03,990 - Short Sell 89.00 shares at 221.48 on 2024-10-22 17:15:00+00:00
2024-11-11 10:11:03,990 - Short Sell 89.00 shares at 221.92 on 2024-10-22 17:30:00+00:00
2024-11-11 10:11:03,990 - Short Sell 89.00 shares at 222.42 on 2024-10-22 17:45:00+00:00
2024-11-11 10:11:03,990 - Short Sell 89.00 shares at 222.49 on 2024-10-22 18:00:00+00:00
2024-11-11 10:11:03,990 - Short Sell 89.00 shares at 222.34 on 2024-10-22 18:15:00+00:00
2024-11-11 10:11:03,991 - Short Sell 89.00 shares at 222.29 on 2024-10-22 18:30:00+00:00
2024-11-11 10:11:03,991 - Short Sell 89.00 shares at 222.32 on 2024-10-22 18:45:00+00:00
2024-11-11 10:11:03,991 - Short Sell 89.00 shares at 222.49 on 2024-10-22 19:00:00+00:00
2024-11-11 10:11:03,991 - Short Sell 89.00 shares at 222.63 on 2024-10-22 19:15:00+00:00
2024-11-11 10:11:03,991 - Short Sell 89.00 shares at 222.69 on 2024-10-22 19:30:00+00:00
2024-11-11 10:11:03,991 - Short Sell 89.00 shares at 222.35 on 2024-10-22 19:45:00+00:00
2024-11-11 10:11:03,991 - Short Sell 89.00 shares at 221.88 on 2024-10-23 13:30:00+00:00
2024-11-11 10:11:03,991 - Short Sell 89.00 shares at 222.31 on 2024-10-23 13:45:00+00:00
2024-11-11 10:11:03,991 - Short Sell 89.00 shares at 222.27 on 2024-10-23 14:00:00+00:00
2024-11-11 10:11:03,991 - Short Sell 89.00 shares at 222.37 on 2024-10-23 14:15:00+00:00
2024-11-11 10:11:03,991 - Short Sell 89.00 shares at 222.37 on 2024-10-23 14:30:00+00:00
2024-11-11 10:11:03,991 - Short Sell 89.00 shares at 222.35 on 2024-10-23 14:45:00+00:00
2024-11-11 10:11:03,991 - Buy to cover -2319.00 shares at 221.62 on 2024-10-23 15:00:00+00:00 (Exit: Signal, Profit: 738.3200000000402, Duration: 1440.0 minutes)
2024-11-11 10:11:03,991 - Long Buy 90.00 shares at 221.45 on 2024-10-23 15:15:00+00:00
2024-11-11 10:11:03,991 - Long Buy 88.00 shares at 221.11 on 2024-10-23 15:30:00+00:00
2024-11-11 10:11:03,991 - Long Buy 86.00 shares at 221.25 on 2024-10-23 15:45:00+00:00
2024-11-11 10:11:03,991 - Long Buy 85.00 shares at 220.52 on 2024-10-23 16:00:00+00:00
2024-11-11 10:11:03,991 - Long Buy 83.00 shares at 219.71 on 2024-10-23 16:15:00+00:00
2024-11-11 10:11:03,991 - Long Buy 82.00 shares at 219.77 on 2024-10-23 16:30:00+00:00
2024-11-11 10:11:03,991 - Long Buy 79.00 shares at 221.1 on 2024-10-23 16:45:00+00:00
2024-11-11 10:11:03,991 - Long Buy 78.00 shares at 219.8 on 2024-10-23 17:00:00+00:00
2024-11-11 10:11:03,991 - Long Buy 77.00 shares at 219.95 on 2024-10-23 17:15:00+00:00
2024-11-11 10:11:03,991 - Long Buy 75.00 shares at 219.78 on 2024-10-23 17:30:00+00:00
2024-11-11 10:11:03,991 - Long Buy 74.00 shares at 219.59 on 2024-10-23 17:45:00+00:00
2024-11-11 10:11:03,991 - Long Buy 72.00 shares at 219.39 on 2024-10-23 18:00:00+00:00
2024-11-11 10:11:03,991 - Long Buy 71.00 shares at 219.38 on 2024-10-23 18:15:00+00:00
2024-11-11 10:11:03,991 - Long Buy 69.00 shares at 220.15 on 2024-10-23 18:30:00+00:00
2024-11-11 10:11:03,992 - Long Buy 68.00 shares at 220.29 on 2024-10-23 18:45:00+00:00
2024-11-11 10:11:03,992 - Long Buy 67.00 shares at 220.12 on 2024-10-23 19:00:00+00:00
2024-11-11 10:11:03,992 - Long Buy 65.00 shares at 220.19 on 2024-10-23 19:15:00+00:00
2024-11-11 10:11:03,992 - Long Buy 64.00 shares at 219.89 on 2024-10-23 19:30:00+00:00
2024-11-11 10:11:03,992 - Long Buy 63.00 shares at 220.26 on 2024-10-23 19:45:00+00:00
2024-11-11 10:11:03,992 - Sell to close 1436.00 shares at 211.88 on 2024-10-24 13:30:00+00:00 (Exit: Stop_loss, Profit: -11989.740000000003, Duration: 1335.0 minutes)
2024-11-11 10:11:03,992 - Long Buy 94.00 shares at 208.5 on 2024-10-25 13:30:00+00:00
2024-11-11 10:11:03,992 - Long Buy 92.00 shares at 208.9 on 2024-10-25 13:45:00+00:00
2024-11-11 10:11:03,992 - Long Buy 90.00 shares at 209.42 on 2024-10-25 14:00:00+00:00
2024-11-11 10:11:03,992 - Long Buy 88.00 shares at 209.96 on 2024-10-25 14:15:00+00:00
2024-11-11 10:11:03,992 - Long Buy 86.00 shares at 209.88 on 2024-10-25 14:30:00+00:00
2024-11-11 10:11:03,992 - Long Buy 84.00 shares at 210.19 on 2024-10-25 14:45:00+00:00
2024-11-11 10:11:03,992 - Long Buy 83.00 shares at 209.9 on 2024-10-25 15:00:00+00:00
2024-11-11 10:11:03,992 - Long Buy 81.00 shares at 209.14 on 2024-10-25 15:15:00+00:00
2024-11-11 10:11:03,992 - Long Buy 80.00 shares at 208.5 on 2024-10-25 15:30:00+00:00
2024-11-11 10:11:03,992 - Long Buy 79.00 shares at 207.99 on 2024-10-25 15:45:00+00:00
2024-11-11 10:11:03,992 - Long Buy 77.00 shares at 207.5 on 2024-10-25 16:00:00+00:00
2024-11-11 10:11:03,992 - Long Buy 75.00 shares at 207.91 on 2024-10-25 16:15:00+00:00
2024-11-11 10:11:03,992 - Long Buy 74.00 shares at 207.92 on 2024-10-25 16:30:00+00:00
2024-11-11 10:11:03,992 - Long Buy 73.00 shares at 207.72 on 2024-10-25 16:45:00+00:00
2024-11-11 10:11:03,992 - Long Buy 71.00 shares at 207.6 on 2024-10-25 17:00:00+00:00
2024-11-11 10:11:03,993 - Long Buy 70.00 shares at 207.62 on 2024-10-25 17:15:00+00:00
2024-11-11 10:11:03,993 - Long Buy 69.00 shares at 206.68 on 2024-10-25 17:30:00+00:00
2024-11-11 10:11:03,993 - Long Buy 67.00 shares at 207.21 on 2024-10-25 17:45:00+00:00
2024-11-11 10:11:03,993 - Long Buy 66.00 shares at 207.12 on 2024-10-25 18:00:00+00:00
2024-11-11 10:11:03,993 - Long Buy 64.00 shares at 207.44 on 2024-10-25 18:15:00+00:00
2024-11-11 10:11:03,993 - Sell to close 1563.00 shares at 208.36 on 2024-10-25 18:45:00+00:00 (Exit: Signal, Profit: -137.74999999991905, Duration: 315.0 minutes)
2024-11-11 10:11:03,993 - Short Sell 94.00 shares at 207.93 on 2024-10-25 19:00:00+00:00
2024-11-11 10:11:03,993 - Short Sell 94.00 shares at 208.08 on 2024-10-25 19:15:00+00:00
2024-11-11 10:11:03,993 - Short Sell 94.00 shares at 207.89 on 2024-10-25 19:30:00+00:00
2024-11-11 10:11:03,993 - Short Sell 94.00 shares at 207.97 on 2024-10-25 19:45:00+00:00
2024-11-11 10:11:03,993 - Buy to cover -376.00 shares at 207.15 on 2024-10-28 13:30:00+00:00 (Exit: Signal, Profit: 307.3799999999983, Duration: 3990.0 minutes)
2024-11-11 10:11:03,993 - Long Buy 95.00 shares at 207.23 on 2024-10-28 13:45:00+00:00
2024-11-11 10:11:03,993 - Long Buy 94.00 shares at 204.93 on 2024-10-28 14:00:00+00:00
2024-11-11 10:11:03,993 - Long Buy 91.00 shares at 205.8 on 2024-10-28 14:15:00+00:00
2024-11-11 10:11:03,993 - Long Buy 90.00 shares at 205.88 on 2024-10-28 14:30:00+00:00
2024-11-11 10:11:03,993 - Long Buy 88.00 shares at 206.05 on 2024-10-28 14:45:00+00:00
2024-11-11 10:11:03,993 - Long Buy 86.00 shares at 206.41 on 2024-10-28 15:00:00+00:00
2024-11-11 10:11:03,993 - Long Buy 84.00 shares at 206.0 on 2024-10-28 15:15:00+00:00
2024-11-11 10:11:03,993 - Long Buy 83.00 shares at 205.94 on 2024-10-28 15:30:00+00:00
2024-11-11 10:11:03,993 - Long Buy 81.00 shares at 205.93 on 2024-10-28 15:45:00+00:00
2024-11-11 10:11:03,993 - Long Buy 79.00 shares at 206.41 on 2024-10-28 16:00:00+00:00
2024-11-11 10:11:03,993 - Long Buy 78.00 shares at 206.09 on 2024-10-28 16:15:00+00:00
2024-11-11 10:11:03,993 - Long Buy 76.00 shares at 206.64 on 2024-10-28 16:30:00+00:00
2024-11-11 10:11:03,993 - Long Buy 74.00 shares at 206.49 on 2024-10-28 16:45:00+00:00
2024-11-11 10:11:03,993 - Long Buy 73.00 shares at 206.69 on 2024-10-28 17:00:00+00:00
2024-11-11 10:11:03,994 - Long Buy 71.00 shares at 206.7 on 2024-10-28 17:15:00+00:00
2024-11-11 10:11:03,994 - Long Buy 70.00 shares at 206.75 on 2024-10-28 17:30:00+00:00
2024-11-11 10:11:03,994 - Long Buy 69.00 shares at 206.73 on 2024-10-28 17:45:00+00:00
2024-11-11 10:11:03,994 - Long Buy 67.00 shares at 206.66 on 2024-10-28 18:00:00+00:00
2024-11-11 10:11:03,994 - Sell to close 1449.00 shares at 207.0 on 2024-10-28 18:15:00+00:00 (Exit: Signal, Profit: 1061.2499999999898, Duration: 270.0 minutes)
2024-11-11 10:11:03,994 - Short Sell 95.00 shares at 206.92 on 2024-10-28 18:30:00+00:00
2024-11-11 10:11:03,994 - Short Sell 95.00 shares at 207.15 on 2024-10-28 18:45:00+00:00
2024-11-11 10:11:03,994 - Short Sell 95.00 shares at 207.01 on 2024-10-28 19:00:00+00:00
2024-11-11 10:11:03,994 - Short Sell 95.00 shares at 207.1 on 2024-10-28 19:15:00+00:00
2024-11-11 10:11:03,994 - Short Sell 95.00 shares at 206.8 on 2024-10-28 19:30:00+00:00
2024-11-11 10:11:03,994 - Buy to cover -475.00 shares at 206.1 on 2024-10-28 19:45:00+00:00 (Exit: Signal, Profit: 425.59999999999366, Duration: 75.0 minutes)
2024-11-11 10:11:03,994 - Long Buy 96.00 shares at 204.48 on 2024-10-29 13:30:00+00:00
2024-11-11 10:11:03,994 - Long Buy 94.00 shares at 205.21 on 2024-10-29 13:45:00+00:00
2024-11-11 10:11:03,994 - Long Buy 92.00 shares at 205.92 on 2024-10-29 14:00:00+00:00
2024-11-11 10:11:03,994 - Sell to close 282.00 shares at 206.87 on 2024-10-29 14:30:00+00:00 (Exit: Signal, Profit: 472.8800000000056, Duration: 60.0 minutes)
2024-11-11 10:11:03,994 - Short Sell 95.00 shares at 206.86 on 2024-10-29 14:45:00+00:00
2024-11-11 10:11:03,994 - Buy to cover -95.00 shares at 206.37 on 2024-10-29 15:00:00+00:00 (Exit: Signal, Profit: 46.550000000000864, Duration: 15.0 minutes)
2024-11-11 10:11:03,994 - Long Buy 95.00 shares at 206.2 on 2024-10-29 15:15:00+00:00
2024-11-11 10:11:03,994 - Long Buy 93.00 shares at 206.2 on 2024-10-29 15:30:00+00:00
2024-11-11 10:11:03,994 - Long Buy 91.00 shares at 206.24 on 2024-10-29 15:45:00+00:00
2024-11-11 10:11:03,995 - Sell to close 279.00 shares at 207.13 on 2024-10-29 16:00:00+00:00 (Exit: Signal, Profit: 255.82999999999993, Duration: 45.0 minutes)
2024-11-11 10:11:03,995 - Short Sell 95.00 shares at 206.81 on 2024-10-29 16:15:00+00:00
2024-11-11 10:11:03,995 - Short Sell 95.00 shares at 206.89 on 2024-10-29 16:30:00+00:00
2024-11-11 10:11:03,995 - Short Sell 95.00 shares at 206.95 on 2024-10-29 16:45:00+00:00
2024-11-11 10:11:03,995 - Short Sell 95.00 shares at 206.93 on 2024-10-29 17:15:00+00:00
2024-11-11 10:11:03,995 - Short Sell 95.00 shares at 207.37 on 2024-10-29 17:45:00+00:00
2024-11-11 10:11:03,995 - Short Sell 95.00 shares at 207.5 on 2024-10-29 18:00:00+00:00
2024-11-11 10:11:03,995 - Short Sell 95.00 shares at 207.51 on 2024-10-29 18:15:00+00:00
2024-11-11 10:11:03,995 - Short Sell 95.00 shares at 207.45 on 2024-10-29 18:30:00+00:00
2024-11-11 10:11:03,995 - Short Sell 95.00 shares at 207.5 on 2024-10-29 18:45:00+00:00
2024-11-11 10:11:03,995 - Short Sell 95.00 shares at 207.53 on 2024-10-29 19:00:00+00:00
2024-11-11 10:11:03,995 - Buy to cover -950.00 shares at 206.71 on 2024-10-29 19:15:00+00:00 (Exit: Signal, Profit: 507.3000000000192, Duration: 180.0 minutes)
2024-11-11 10:11:03,995 - Long Buy 95.00 shares at 206.07 on 2024-10-29 19:30:00+00:00
2024-11-11 10:11:03,995 - Long Buy 94.00 shares at 205.98 on 2024-10-29 19:45:00+00:00
2024-11-11 10:11:03,995 - Long Buy 92.00 shares at 204.45 on 2024-10-30 13:30:00+00:00
2024-11-11 10:11:03,995 - Long Buy 90.00 shares at 205.24 on 2024-10-30 13:45:00+00:00
2024-11-11 10:11:03,995 - Long Buy 88.00 shares at 206.25 on 2024-10-30 14:00:00+00:00
2024-11-11 10:11:03,995 - Long Buy 86.00 shares at 206.3 on 2024-10-30 14:15:00+00:00
2024-11-11 10:11:03,995 - Long Buy 84.00 shares at 206.26 on 2024-10-30 14:30:00+00:00
2024-11-11 10:11:03,995 - Long Buy 83.00 shares at 206.14 on 2024-10-30 14:45:00+00:00
2024-11-11 10:11:03,995 - Long Buy 81.00 shares at 205.61 on 2024-10-30 15:00:00+00:00
2024-11-11 10:11:03,995 - Long Buy 80.00 shares at 205.79 on 2024-10-30 15:15:00+00:00
2024-11-11 10:11:03,995 - Long Buy 78.00 shares at 205.95 on 2024-10-30 15:30:00+00:00
2024-11-11 10:11:03,995 - Long Buy 76.00 shares at 205.94 on 2024-10-30 15:45:00+00:00
2024-11-11 10:11:03,995 - Long Buy 75.00 shares at 206.08 on 2024-10-30 16:00:00+00:00
2024-11-11 10:11:03,996 - Long Buy 73.00 shares at 205.94 on 2024-10-30 16:15:00+00:00
2024-11-11 10:11:03,996 - Long Buy 72.00 shares at 204.97 on 2024-10-30 16:30:00+00:00
2024-11-11 10:11:03,996 - Long Buy 71.00 shares at 203.58 on 2024-10-30 16:45:00+00:00
2024-11-11 10:11:03,996 - Long Buy 70.00 shares at 203.94 on 2024-10-30 17:00:00+00:00
2024-11-11 10:11:03,996 - Long Buy 68.00 shares at 203.75 on 2024-10-30 17:15:00+00:00
2024-11-11 10:11:03,996 - Long Buy 67.00 shares at 203.77 on 2024-10-30 17:30:00+00:00
2024-11-11 10:11:03,996 - Long Buy 66.00 shares at 203.94 on 2024-10-30 17:45:00+00:00
2024-11-11 10:11:03,996 - Long Buy 64.00 shares at 203.99 on 2024-10-30 18:00:00+00:00
2024-11-11 10:11:03,996 - Long Buy 63.00 shares at 203.86 on 2024-10-30 18:15:00+00:00
2024-11-11 10:11:03,996 - Long Buy 62.00 shares at 203.94 on 2024-10-30 18:30:00+00:00
2024-11-11 10:11:03,996 - Long Buy 61.00 shares at 203.79 on 2024-10-30 18:45:00+00:00
2024-11-11 10:11:03,996 - Long Buy 59.00 shares at 203.96 on 2024-10-30 19:00:00+00:00
2024-11-11 10:11:03,996 - Long Buy 58.00 shares at 204.09 on 2024-10-30 19:15:00+00:00
2024-11-11 10:11:03,996 - Long Buy 57.00 shares at 204.27 on 2024-10-30 19:30:00+00:00
2024-11-11 10:11:03,996 - Long Buy 56.00 shares at 204.24 on 2024-10-30 19:45:00+00:00
2024-11-11 10:11:03,996 - Sell to close 2069.00 shares at 204.45 on 2024-10-31 13:30:00+00:00 (Exit: Signal, Profit: -1243.9000000000478, Duration: 2520.0 minutes)
2024-11-11 10:11:03,996 - Short Sell 96.00 shares at 204.93 on 2024-10-31 13:45:00+00:00
2024-11-11 10:11:03,996 - Buy to cover -96.00 shares at 204.15 on 2024-10-31 14:00:00+00:00 (Exit: Signal, Profit: 74.87999999999738, Duration: 15.0 minutes)
2024-11-11 10:11:03,996 - Short Sell 96.00 shares at 204.71 on 2024-10-31 14:15:00+00:00
2024-11-11 10:11:03,996 - Buy to cover -96.00 shares at 204.01 on 2024-10-31 15:00:00+00:00 (Exit: Signal, Profit: 67.20000000000164, Duration: 45.0 minutes)
2024-11-11 10:11:03,996 - Short Sell 96.00 shares at 204.44 on 2024-10-31 15:15:00+00:00
2024-11-11 10:11:03,996 - Short Sell 96.00 shares at 204.89 on 2024-10-31 15:30:00+00:00
2024-11-11 10:11:03,996 - Short Sell 96.00 shares at 204.86 on 2024-10-31 15:45:00+00:00
2024-11-11 10:11:03,997 - Short Sell 96.00 shares at 205.18 on 2024-10-31 16:00:00+00:00
2024-11-11 10:11:03,997 - Short Sell 96.00 shares at 204.63 on 2024-10-31 16:15:00+00:00
2024-11-11 10:11:03,997 - Short Sell 96.00 shares at 204.4 on 2024-10-31 16:30:00+00:00
2024-11-11 10:11:03,997 - Short Sell 96.00 shares at 205.03 on 2024-10-31 16:45:00+00:00
2024-11-11 10:11:03,997 - Short Sell 96.00 shares at 205.24 on 2024-10-31 17:00:00+00:00
2024-11-11 10:11:03,997 - Short Sell 96.00 shares at 205.39 on 2024-10-31 17:15:00+00:00
2024-11-11 10:11:03,997 - Short Sell 95.00 shares at 205.49 on 2024-10-31 17:30:00+00:00
2024-11-11 10:11:03,997 - Short Sell 95.00 shares at 205.62 on 2024-10-31 17:45:00+00:00
2024-11-11 10:11:03,997 - Short Sell 95.00 shares at 205.59 on 2024-10-31 18:00:00+00:00
2024-11-11 10:11:03,997 - Short Sell 95.00 shares at 205.99 on 2024-10-31 18:15:00+00:00
2024-11-11 10:11:03,997 - Short Sell 95.00 shares at 205.97 on 2024-10-31 18:30:00+00:00
2024-11-11 10:11:03,997 - Short Sell 95.00 shares at 206.09 on 2024-10-31 18:45:00+00:00
2024-11-11 10:11:03,997 - Short Sell 95.00 shares at 205.89 on 2024-10-31 19:00:00+00:00
2024-11-11 10:11:03,997 - Short Sell 95.00 shares at 205.83 on 2024-10-31 19:15:00+00:00
2024-11-11 10:11:03,997 - Short Sell 95.00 shares at 205.6 on 2024-10-31 19:30:00+00:00
2024-11-11 10:11:03,997 - Short Sell 95.00 shares at 205.62 on 2024-10-31 19:45:00+00:00
2024-11-11 10:11:03,997 - Short Sell 95.00 shares at 206.88 on 2024-11-01 13:30:00+00:00
2024-11-11 10:11:03,997 - Short Sell 95.00 shares at 206.99 on 2024-11-01 13:45:00+00:00
2024-11-11 10:11:03,997 - Short Sell 94.00 shares at 207.9 on 2024-11-01 14:00:00+00:00
2024-11-11 10:11:03,997 - Short Sell 94.00 shares at 208.01 on 2024-11-01 14:15:00+00:00
2024-11-11 10:11:03,997 - Short Sell 94.00 shares at 208.13 on 2024-11-01 14:30:00+00:00
2024-11-11 10:11:03,997 - Short Sell 94.00 shares at 208.24 on 2024-11-01 14:45:00+00:00
2024-11-11 10:11:03,997 - Short Sell 94.00 shares at 208.58 on 2024-11-01 15:00:00+00:00
2024-11-11 10:11:03,997 - Short Sell 93.00 shares at 208.66 on 2024-11-01 15:15:00+00:00
2024-11-11 10:11:03,997 - Short Sell 93.00 shares at 208.71 on 2024-11-01 15:30:00+00:00
2024-11-11 10:11:03,997 - Short Sell 93.00 shares at 208.93 on 2024-11-01 15:45:00+00:00
2024-11-11 10:11:03,997 - Short Sell 93.00 shares at 208.88 on 2024-11-01 16:00:00+00:00
2024-11-11 10:11:03,997 - Short Sell 93.00 shares at 208.88 on 2024-11-01 16:15:00+00:00
2024-11-11 10:11:03,997 - Short Sell 93.00 shares at 208.8 on 2024-11-01 16:30:00+00:00
2024-11-11 10:11:03,998 - Short Sell 93.00 shares at 208.89 on 2024-11-01 16:45:00+00:00
2024-11-11 10:11:03,998 - Short Sell 94.00 shares at 208.51 on 2024-11-01 17:00:00+00:00
2024-11-11 10:11:03,998 - Short Sell 93.00 shares at 208.74 on 2024-11-01 17:15:00+00:00
2024-11-11 10:11:03,998 - Short Sell 94.00 shares at 208.45 on 2024-11-01 17:30:00+00:00
2024-11-11 10:11:03,998 - Short Sell 94.00 shares at 208.38 on 2024-11-01 17:45:00+00:00
2024-11-11 10:11:03,998 - Short Sell 94.00 shares at 208.33 on 2024-11-01 18:00:00+00:00
2024-11-11 10:11:03,998 - Short Sell 94.00 shares at 208.54 on 2024-11-01 18:15:00+00:00
2024-11-11 10:11:03,998 - Short Sell 93.00 shares at 208.7 on 2024-11-01 18:30:00+00:00
2024-11-11 10:11:03,998 - Short Sell 93.00 shares at 208.74 on 2024-11-01 18:45:00+00:00
2024-11-11 10:11:03,998 - Short Sell 93.00 shares at 208.93 on 2024-11-01 19:00:00+00:00
2024-11-11 10:11:03,998 - Short Sell 93.00 shares at 208.89 on 2024-11-01 19:15:00+00:00
2024-11-11 10:11:03,998 - Short Sell 93.00 shares at 209.04 on 2024-11-01 19:30:00+00:00
2024-11-11 10:11:03,998 - Short Sell 93.00 shares at 209.28 on 2024-11-01 19:45:00+00:00
2024-11-11 10:11:03,998 - Short Sell 94.00 shares at 208.24 on 2024-11-04 15:00:00+00:00
2024-11-11 10:11:03,998 - Short Sell 94.00 shares at 208.44 on 2024-11-04 15:15:00+00:00
2024-11-11 10:11:03,998 - Short Sell 94.00 shares at 208.26 on 2024-11-04 15:30:00+00:00
2024-11-11 10:11:03,998 - Short Sell 94.00 shares at 208.25 on 2024-11-04 16:00:00+00:00
2024-11-11 10:11:03,998 - Buy to cover -4622.00 shares at 207.54 on 2024-11-04 16:15:00+00:00 (Exit: Signal, Profit: -1354.9700000002001, Duration: 5820.0 minutes)
2024-11-11 10:11:03,998 - Long Buy 95.00 shares at 206.51 on 2024-11-04 16:30:00+00:00
2024-11-11 10:11:03,998 - Long Buy 93.00 shares at 206.73 on 2024-11-04 16:45:00+00:00
2024-11-11 10:11:03,998 - Long Buy 91.00 shares at 207.0 on 2024-11-04 17:00:00+00:00
2024-11-11 10:11:03,998 - Long Buy 89.00 shares at 207.47 on 2024-11-04 17:45:00+00:00
2024-11-11 10:11:03,998 - Long Buy 87.00 shares at 207.44 on 2024-11-04 18:15:00+00:00
2024-11-11 10:11:03,998 - Long Buy 86.00 shares at 207.16 on 2024-11-04 18:45:00+00:00
2024-11-11 10:11:03,998 - Long Buy 84.00 shares at 207.24 on 2024-11-04 19:00:00+00:00
2024-11-11 10:11:03,999 - Long Buy 82.00 shares at 207.1 on 2024-11-04 19:15:00+00:00
2024-11-11 10:11:03,999 - Long Buy 80.00 shares at 207.19 on 2024-11-04 19:30:00+00:00
2024-11-11 10:11:03,999 - Long Buy 79.00 shares at 207.11 on 2024-11-04 19:45:00+00:00
2024-11-11 10:11:03,999 - Long Buy 77.00 shares at 207.1 on 2024-11-04 20:00:00+00:00
2024-11-11 10:11:03,999 - Long Buy 76.00 shares at 207.07 on 2024-11-04 20:15:00+00:00
2024-11-11 10:11:03,999 - Long Buy 74.00 shares at 207.08 on 2024-11-04 20:30:00+00:00
2024-11-11 10:11:03,999 - Sell to close 1093.00 shares at 208.04 on 2024-11-05 14:30:00+00:00 (Exit: Signal, Profit: 1043.3199999999633, Duration: 1320.0 minutes)
2024-11-11 10:11:03,999 - Short Sell 94.00 shares at 209.15 on 2024-11-05 14:45:00+00:00
2024-11-11 10:11:03,999 - Short Sell 94.00 shares at 209.59 on 2024-11-05 15:00:00+00:00
2024-11-11 10:11:03,999 - Short Sell 93.00 shares at 209.94 on 2024-11-05 15:15:00+00:00
2024-11-11 10:11:03,999 - Short Sell 93.00 shares at 210.12 on 2024-11-05 15:30:00+00:00
2024-11-11 10:11:03,999 - Short Sell 93.00 shares at 210.19 on 2024-11-05 15:45:00+00:00
2024-11-11 10:11:03,999 - Short Sell 93.00 shares at 210.45 on 2024-11-05 16:00:00+00:00
2024-11-11 10:11:03,999 - Short Sell 93.00 shares at 210.62 on 2024-11-05 16:15:00+00:00
2024-11-11 10:11:03,999 - Short Sell 93.00 shares at 211.11 on 2024-11-05 16:30:00+00:00
2024-11-11 10:11:03,999 - Short Sell 93.00 shares at 211.3 on 2024-11-05 16:45:00+00:00
2024-11-11 10:11:03,999 - Short Sell 93.00 shares at 211.46 on 2024-11-05 17:00:00+00:00
2024-11-11 10:11:03,999 - Short Sell 93.00 shares at 211.47 on 2024-11-05 17:15:00+00:00
2024-11-11 10:11:03,999 - Short Sell 93.00 shares at 211.59 on 2024-11-05 17:30:00+00:00
2024-11-11 10:11:03,999 - Short Sell 93.00 shares at 211.52 on 2024-11-05 17:45:00+00:00
2024-11-11 10:11:03,999 - Buy to cover -1211.00 shares at 210.59 on 2024-11-05 18:00:00+00:00 (Exit: Signal, Profit: 75.67999999997588, Duration: 195.0 minutes)
2024-11-11 10:11:03,999 - Long Buy 93.00 shares at 210.65 on 2024-11-05 18:15:00+00:00
2024-11-11 10:11:03,999 - Long Buy 91.00 shares at 210.81 on 2024-11-05 18:30:00+00:00
2024-11-11 10:11:03,999 - Long Buy 90.00 shares at 210.53 on 2024-11-05 18:45:00+00:00
2024-11-11 10:11:03,999 - Long Buy 88.00 shares at 210.24 on 2024-11-05 19:00:00+00:00
2024-11-11 10:11:04,000 - Long Buy 86.00 shares at 209.54 on 2024-11-05 19:15:00+00:00
2024-11-11 10:11:04,000 - Long Buy 85.00 shares at 208.85 on 2024-11-05 19:30:00+00:00
2024-11-11 10:11:04,000 - Long Buy 83.00 shares at 208.96 on 2024-11-05 19:45:00+00:00
2024-11-11 10:11:04,000 - Long Buy 82.00 shares at 208.36 on 2024-11-05 20:00:00+00:00
2024-11-11 10:11:04,000 - Long Buy 80.00 shares at 208.44 on 2024-11-05 20:15:00+00:00
2024-11-11 10:11:04,000 - Long Buy 79.00 shares at 208.43 on 2024-11-05 20:30:00+00:00
2024-11-11 10:11:04,000 - Long Buy 77.00 shares at 208.85 on 2024-11-05 20:45:00+00:00
2024-11-11 10:11:04,000 - Sell to close 934.00 shares at 213.66 on 2024-11-06 14:30:00+00:00 (Exit: Signal, Profit: 3910.9499999999844, Duration: 1215.0 minutes)
2024-11-11 10:11:04,000 - Short Sell 92.00 shares at 213.27 on 2024-11-06 14:45:00+00:00
2024-11-11 10:11:04,000 - Short Sell 92.00 shares at 215.01 on 2024-11-06 15:00:00+00:00
2024-11-11 10:11:04,000 - Short Sell 92.00 shares at 214.11 on 2024-11-06 15:15:00+00:00
2024-11-11 10:11:04,000 - Short Sell 92.00 shares at 214.72 on 2024-11-06 15:30:00+00:00
2024-11-11 10:11:04,000 - Short Sell 92.00 shares at 214.87 on 2024-11-06 15:45:00+00:00
2024-11-11 10:11:04,000 - Short Sell 92.00 shares at 215.2 on 2024-11-06 16:00:00+00:00
2024-11-11 10:11:04,000 - Short Sell 91.00 shares at 215.31 on 2024-11-06 16:15:00+00:00
2024-11-11 10:11:04,000 - Short Sell 91.00 shares at 215.7 on 2024-11-06 16:30:00+00:00
2024-11-11 10:11:04,000 - Short Sell 91.00 shares at 215.79 on 2024-11-06 16:45:00+00:00
2024-11-11 10:11:04,000 - Short Sell 91.00 shares at 215.97 on 2024-11-06 17:00:00+00:00
2024-11-11 10:11:04,000 - Short Sell 91.00 shares at 215.76 on 2024-11-06 17:15:00+00:00
2024-11-11 10:11:04,000 - Short Sell 91.00 shares at 216.07 on 2024-11-06 17:30:00+00:00
2024-11-11 10:11:04,000 - Short Sell 91.00 shares at 215.59 on 2024-11-06 17:45:00+00:00
2024-11-11 10:11:04,000 - Short Sell 91.00 shares at 216.12 on 2024-11-06 18:00:00+00:00
2024-11-11 10:11:04,000 - Short Sell 91.00 shares at 216.36 on 2024-11-06 18:15:00+00:00
2024-11-11 10:11:04,000 - Short Sell 91.00 shares at 216.59 on 2024-11-06 18:30:00+00:00
2024-11-11 10:11:04,000 - Short Sell 91.00 shares at 216.61 on 2024-11-06 18:45:00+00:00
2024-11-11 10:11:04,000 - Short Sell 91.00 shares at 216.75 on 2024-11-06 19:00:00+00:00
2024-11-11 10:11:04,000 - Short Sell 91.00 shares at 216.78 on 2024-11-06 19:15:00+00:00
2024-11-11 10:11:04,000 - Buy to cover -1735.00 shares at 216.28 on 2024-11-06 19:30:00+00:00 (Exit: Signal, Profit: -1169.840000000041, Duration: 285.0 minutes)
2024-11-11 10:11:04,001 - Long Buy 91.00 shares at 215.82 on 2024-11-06 19:45:00+00:00
2024-11-11 10:11:04,001 - Long Buy 89.00 shares at 216.18 on 2024-11-06 20:00:00+00:00
2024-11-11 10:11:04,001 - Long Buy 87.00 shares at 216.09 on 2024-11-06 20:15:00+00:00
2024-11-11 10:11:04,001 - Long Buy 86.00 shares at 215.95 on 2024-11-06 20:30:00+00:00
2024-11-11 10:11:04,001 - Sell to close 353.00 shares at 216.52 on 2024-11-06 20:45:00+00:00 (Exit: Signal, Profit: 180.38999999998597, Duration: 60.0 minutes)
2024-11-11 10:11:04,001 - Long Buy 91.00 shares at 215.7 on 2024-11-07 14:30:00+00:00
2024-11-11 10:11:04,001 - Long Buy 89.00 shares at 216.17 on 2024-11-07 14:45:00+00:00
2024-11-11 10:11:04,001 - Long Buy 87.00 shares at 216.05 on 2024-11-07 15:00:00+00:00
2024-11-11 10:11:04,001 - Sell to close 267.00 shares at 216.58 on 2024-11-07 15:15:00+00:00 (Exit: Signal, Profit: 162.67999999999682, Duration: 45.0 minutes)
2024-11-11 10:11:04,001 - Short Sell 91.00 shares at 216.94 on 2024-11-07 15:30:00+00:00
2024-11-11 10:11:04,001 - Short Sell 91.00 shares at 217.01 on 2024-11-07 15:45:00+00:00
2024-11-11 10:11:04,001 - Short Sell 91.00 shares at 217.06 on 2024-11-07 16:00:00+00:00
2024-11-11 10:11:04,001 - Short Sell 91.00 shares at 217.31 on 2024-11-07 16:15:00+00:00
2024-11-11 10:11:04,001 - Short Sell 90.00 shares at 217.48 on 2024-11-07 16:30:00+00:00
2024-11-11 10:11:04,001 - Short Sell 90.00 shares at 217.77 on 2024-11-07 16:45:00+00:00
2024-11-11 10:11:04,001 - Short Sell 90.00 shares at 217.8 on 2024-11-07 17:00:00+00:00
2024-11-11 10:11:04,001 - Short Sell 90.00 shares at 217.87 on 2024-11-07 17:15:00+00:00
2024-11-11 10:11:04,001 - Short Sell 90.00 shares at 218.0 on 2024-11-07 17:30:00+00:00
2024-11-11 10:11:04,001 - Short Sell 90.00 shares at 218.06 on 2024-11-07 17:45:00+00:00
2024-11-11 10:11:04,001 - Short Sell 90.00 shares at 218.0 on 2024-11-07 18:00:00+00:00
2024-11-11 10:11:04,001 - Short Sell 90.00 shares at 218.11 on 2024-11-07 18:15:00+00:00
2024-11-11 10:11:04,001 - Short Sell 90.00 shares at 217.92 on 2024-11-07 18:30:00+00:00
2024-11-11 10:11:04,001 - Short Sell 90.00 shares at 218.11 on 2024-11-07 18:45:00+00:00
2024-11-11 10:11:04,001 - Short Sell 90.00 shares at 218.11 on 2024-11-07 19:00:00+00:00
2024-11-11 10:11:04,001 - Short Sell 90.00 shares at 218.16 on 2024-11-07 19:15:00+00:00
2024-11-11 10:11:04,002 - Buy to cover -1444.00 shares at 218.02 on 2024-11-07 19:30:00+00:00 (Exit: Signal, Profit: -418.6599999999835, Duration: 240.0 minutes)
2024-11-11 10:11:04,002 - Short Sell 90.00 shares at 218.25 on 2024-11-07 19:45:00+00:00
2024-11-11 10:11:04,002 - Short Sell 90.00 shares at 218.24 on 2024-11-07 20:00:00+00:00
2024-11-11 10:11:04,002 - Buy to cover -180.00 shares at 217.96 on 2024-11-07 20:15:00+00:00 (Exit: Signal, Profit: 51.3000000000045, Duration: 30.0 minutes)
2024-11-11 10:11:04,002 - Long Buy 90.00 shares at 217.93 on 2024-11-07 20:30:00+00:00
2024-11-11 10:11:04,002 - Long Buy 89.00 shares at 217.52 on 2024-11-07 20:45:00+00:00
2024-11-11 10:11:04,002 - Long Buy 87.00 shares at 217.44 on 2024-11-08 14:30:00+00:00
2024-11-11 10:11:04,002 - Long Buy 85.00 shares at 217.78 on 2024-11-08 14:45:00+00:00
2024-11-11 10:11:04,002 - Sell to close 351.00 shares at 218.25 on 2024-11-08 15:00:00+00:00 (Exit: Signal, Profit: 204.1900000000035, Duration: 1110.0 minutes)
2024-11-11 10:11:04,002 - Short Sell 90.00 shares at 218.8 on 2024-11-08 15:30:00+00:00
2024-11-11 10:11:04,002 - Short Sell 90.00 shares at 219.19 on 2024-11-08 15:45:00+00:00
2024-11-11 10:11:04,002 - Short Sell 90.00 shares at 218.86 on 2024-11-08 16:00:00+00:00
2024-11-11 10:11:04,002 - Short Sell 90.00 shares at 218.9 on 2024-11-08 16:15:00+00:00
2024-11-11 10:11:04,002 - Short Sell 90.00 shares at 218.83 on 2024-11-08 16:30:00+00:00
2024-11-11 10:11:04,002 - Short Sell 90.00 shares at 218.76 on 2024-11-08 16:45:00+00:00
2024-11-11 10:11:04,002 - Short Sell 90.00 shares at 218.88 on 2024-11-08 17:00:00+00:00
2024-11-11 10:11:04,002 - Short Sell 90.00 shares at 218.93 on 2024-11-08 17:15:00+00:00
2024-11-11 10:11:04,002 - Short Sell 90.00 shares at 219.08 on 2024-11-08 17:30:00+00:00
2024-11-11 10:11:04,002 - Short Sell 90.00 shares at 219.14 on 2024-11-08 17:45:00+00:00
2024-11-11 10:11:04,002 - Short Sell 90.00 shares at 219.15 on 2024-11-08 18:00:00+00:00
2024-11-11 10:11:04,002 - Short Sell 90.00 shares at 219.24 on 2024-11-08 18:15:00+00:00
2024-11-11 10:11:04,002 - Short Sell 90.00 shares at 219.28 on 2024-11-08 18:30:00+00:00
2024-11-11 10:11:04,002 - Short Sell 90.00 shares at 219.44 on 2024-11-08 18:45:00+00:00
2024-11-11 10:11:04,003 - Short Sell 90.00 shares at 219.41 on 2024-11-08 19:00:00+00:00
2024-11-11 10:11:04,003 - Short Sell 90.00 shares at 219.48 on 2024-11-08 19:15:00+00:00
2024-11-11 10:11:04,003 - Short Sell 90.00 shares at 219.61 on 2024-11-08 19:30:00+00:00
2024-11-11 10:11:04,003 - Short Sell 90.00 shares at 219.42 on 2024-11-08 19:45:00+00:00
2024-11-11 10:11:04,003 - Short Sell 90.00 shares at 219.51 on 2024-11-08 20:00:00+00:00
2024-11-11 10:11:04,003 - Short Sell 90.00 shares at 219.3 on 2024-11-08 20:15:00+00:00
2024-11-11 10:11:04,003 - Short Sell 90.00 shares at 219.42 on 2024-11-08 20:30:00+00:00
2024-11-11 10:11:04,003 - Short Sell 90.00 shares at 219.5 on 2024-11-08 20:45:00+00:00
2024-11-11 10:11:04,005 - Final statisticsStock: HON, 
total_trades: 33, 
winning_trades: 24, 
losing_trades: 9, 
average_return: 0.000998869786648409, 
average_duration: 1101.3636363636363, 
final_balance: 1423403.9499999997, 
final_portfolio_value: 988793.9499999997, 
sharpe_ratio: 9.860008992405042, 



