2024-11-11 10:35:00,257 - Starting GBMStrategy with initial capital: 1000000
2024-11-11 10:35:00,257 - Hyperparameters: {'threshold': 0.25, 'time_periods': 30, 'num_simulations': 150}
2024-11-11 10:38:42,650 - Long Buy 963.00 shares at 20.75 on 2024-10-11 14:30:00+00:00
2024-11-11 10:38:42,651 - Long Buy 946.00 shares at 20.71 on 2024-10-11 14:45:00+00:00
2024-11-11 10:38:42,651 - Long Buy 924.00 shares at 20.78 on 2024-10-11 15:00:00+00:00
2024-11-11 10:38:42,651 - Long Buy 908.00 shares at 20.71 on 2024-10-11 15:15:00+00:00
2024-11-11 10:38:42,652 - Long Buy 891.00 shares at 20.7 on 2024-10-11 15:30:00+00:00
2024-11-11 10:38:42,652 - Long Buy 873.00 shares at 20.69 on 2024-10-11 15:45:00+00:00
2024-11-11 10:38:42,652 - Long Buy 855.00 shares at 20.7 on 2024-10-11 16:00:00+00:00
2024-11-11 10:38:42,652 - Long Buy 838.00 shares at 20.7 on 2024-10-11 16:15:00+00:00
2024-11-11 10:38:42,652 - Long Buy 823.00 shares at 20.67 on 2024-10-11 16:30:00+00:00
2024-11-11 10:38:42,652 - Long Buy 806.00 shares at 20.68 on 2024-10-11 16:45:00+00:00
2024-11-11 10:38:42,652 - Long Buy 790.00 shares at 20.68 on 2024-10-11 17:00:00+00:00
2024-11-11 10:38:42,652 - Long Buy 773.00 shares at 20.72 on 2024-10-11 17:15:00+00:00
2024-11-11 10:38:42,652 - Long Buy 756.00 shares at 20.75 on 2024-10-11 17:30:00+00:00
2024-11-11 10:38:42,652 - Long Buy 740.00 shares at 20.77 on 2024-10-11 17:45:00+00:00
2024-11-11 10:38:42,652 - Long Buy 726.00 shares at 20.76 on 2024-10-11 18:00:00+00:00
2024-11-11 10:38:42,652 - Long Buy 711.00 shares at 20.76 on 2024-10-11 18:15:00+00:00
2024-11-11 10:38:42,652 - Long Buy 697.00 shares at 20.77 on 2024-10-11 18:30:00+00:00
2024-11-11 10:38:42,652 - Long Buy 683.00 shares at 20.77 on 2024-10-11 18:45:00+00:00
2024-11-11 10:38:42,652 - Long Buy 670.00 shares at 20.75 on 2024-10-11 19:30:00+00:00
2024-11-11 10:38:42,652 - Long Buy 658.00 shares at 20.68 on 2024-10-11 19:45:00+00:00
2024-11-11 10:38:42,653 - Sell to close 16031.00 shares at 20.87 on 2024-10-14 13:45:00+00:00 (Exit: Signal, Profit: 2341.7800000000716, Duration: 4275.0 minutes)
2024-11-11 10:38:42,653 - Long Buy 968.00 shares at 20.69 on 2024-10-14 14:00:00+00:00
2024-11-11 10:38:42,653 - Long Buy 950.00 shares at 20.68 on 2024-10-14 14:15:00+00:00
2024-11-11 10:38:42,653 - Long Buy 929.00 shares at 20.71 on 2024-10-14 14:30:00+00:00
2024-11-11 10:38:42,653 - Long Buy 911.00 shares at 20.7 on 2024-10-14 14:45:00+00:00
2024-11-11 10:38:42,653 - Sell to close 3758.00 shares at 20.85 on 2024-10-14 15:00:00+00:00 (Exit: Signal, Profit: 583.0900000000022, Duration: 60.0 minutes)
2024-11-11 10:38:42,653 - Long Buy 965.00 shares at 20.77 on 2024-10-14 15:15:00+00:00
2024-11-11 10:38:42,653 - Long Buy 950.00 shares at 20.68 on 2024-10-14 15:30:00+00:00
2024-11-11 10:38:42,653 - Long Buy 929.00 shares at 20.72 on 2024-10-14 15:45:00+00:00
2024-11-11 10:38:42,653 - Long Buy 912.00 shares at 20.69 on 2024-10-14 16:00:00+00:00
2024-11-11 10:38:42,653 - Long Buy 892.00 shares at 20.73 on 2024-10-14 16:15:00+00:00
2024-11-11 10:38:42,653 - Long Buy 875.00 shares at 20.72 on 2024-10-14 16:30:00+00:00
2024-11-11 10:38:42,653 - Long Buy 856.00 shares at 20.75 on 2024-10-14 16:45:00+00:00
2024-11-11 10:38:42,653 - Long Buy 840.00 shares at 20.73 on 2024-10-14 17:00:00+00:00
2024-11-11 10:38:42,653 - Long Buy 823.00 shares at 20.73 on 2024-10-14 17:15:00+00:00
2024-11-11 10:38:42,653 - Long Buy 807.00 shares at 20.7 on 2024-10-14 17:30:00+00:00
2024-11-11 10:38:42,653 - Long Buy 791.00 shares at 20.71 on 2024-10-14 17:45:00+00:00
2024-11-11 10:38:42,653 - Long Buy 775.00 shares at 20.72 on 2024-10-14 18:15:00+00:00
2024-11-11 10:38:42,653 - Long Buy 759.00 shares at 20.72 on 2024-10-14 18:30:00+00:00
2024-11-11 10:38:42,653 - Long Buy 743.00 shares at 20.74 on 2024-10-14 18:45:00+00:00
2024-11-11 10:38:42,653 - Long Buy 728.00 shares at 20.75 on 2024-10-14 19:00:00+00:00
2024-11-11 10:38:42,653 - Long Buy 715.00 shares at 20.71 on 2024-10-14 19:15:00+00:00
2024-11-11 10:38:42,653 - Long Buy 699.00 shares at 20.75 on 2024-10-14 19:30:00+00:00
2024-11-11 10:38:42,653 - Long Buy 686.00 shares at 20.73 on 2024-10-14 19:45:00+00:00
2024-11-11 10:38:42,654 - Sell to close 14745.00 shares at 20.89 on 2024-10-15 13:30:00+00:00 (Exit: Signal, Profit: 2439.1999999999102, Duration: 1335.0 minutes)
2024-11-11 10:38:42,654 - Short Sell 961.00 shares at 20.91 on 2024-10-15 13:45:00+00:00
2024-11-11 10:38:42,654 - Short Sell 959.00 shares at 20.96 on 2024-10-15 14:00:00+00:00
2024-11-11 10:38:42,654 - Short Sell 960.00 shares at 20.94 on 2024-10-15 14:15:00+00:00
2024-11-11 10:38:42,654 - Short Sell 963.00 shares at 20.88 on 2024-10-15 14:30:00+00:00
2024-11-11 10:38:42,654 - Short Sell 963.00 shares at 20.88 on 2024-10-15 14:45:00+00:00
2024-11-11 10:38:42,654 - Short Sell 966.00 shares at 20.82 on 2024-10-15 15:00:00+00:00
2024-11-11 10:38:42,654 - Buy to cover -5772.00 shares at 20.75 on 2024-10-15 15:15:00+00:00 (Exit: Signal, Profit: 855.5499999999975, Duration: 90.0 minutes)
2024-11-11 10:38:42,654 - Long Buy 970.00 shares at 20.73 on 2024-10-15 15:30:00+00:00
2024-11-11 10:38:42,654 - Sell to close 970.00 shares at 20.8 on 2024-10-15 16:00:00+00:00 (Exit: Signal, Profit: 67.89999999999682, Duration: 30.0 minutes)
2024-11-11 10:38:42,654 - Long Buy 970.00 shares at 20.74 on 2024-10-15 16:30:00+00:00
2024-11-11 10:38:42,654 - Long Buy 952.00 shares at 20.71 on 2024-10-15 16:45:00+00:00
2024-11-11 10:38:42,654 - Long Buy 933.00 shares at 20.71 on 2024-10-15 17:00:00+00:00
2024-11-11 10:38:42,654 - Long Buy 915.00 shares at 20.69 on 2024-10-15 17:15:00+00:00
2024-11-11 10:38:42,654 - Long Buy 895.00 shares at 20.72 on 2024-10-15 17:30:00+00:00
2024-11-11 10:38:42,654 - Long Buy 879.00 shares at 20.69 on 2024-10-15 17:45:00+00:00
2024-11-11 10:38:42,654 - Long Buy 862.00 shares at 20.68 on 2024-10-15 18:00:00+00:00
2024-11-11 10:38:42,654 - Long Buy 844.00 shares at 20.7 on 2024-10-15 18:15:00+00:00
2024-11-11 10:38:42,654 - Long Buy 826.00 shares at 20.73 on 2024-10-15 18:30:00+00:00
2024-11-11 10:38:42,654 - Long Buy 808.00 shares at 20.75 on 2024-10-15 18:45:00+00:00
2024-11-11 10:38:42,654 - Long Buy 793.00 shares at 20.73 on 2024-10-15 19:00:00+00:00
2024-11-11 10:38:42,654 - Sell to close 9677.00 shares at 20.8 on 2024-10-15 19:15:00+00:00 (Exit: Signal, Profit: 838.3600000000237, Duration: 165.0 minutes)
2024-11-11 10:38:42,654 - Short Sell 967.00 shares at 20.82 on 2024-10-15 19:30:00+00:00
2024-11-11 10:38:42,655 - Buy to cover -967.00 shares at 20.74 on 2024-10-15 19:45:00+00:00 (Exit: Signal, Profit: 77.36000000000179, Duration: 15.0 minutes)
2024-11-11 10:38:42,655 - Long Buy 970.00 shares at 20.76 on 2024-10-16 13:30:00+00:00
2024-11-11 10:38:42,655 - Sell to close 970.00 shares at 20.84 on 2024-10-16 14:00:00+00:00 (Exit: Signal, Profit: 77.59999999999835, Duration: 30.0 minutes)
2024-11-11 10:38:42,655 - Short Sell 964.00 shares at 20.89 on 2024-10-16 14:15:00+00:00
2024-11-11 10:38:42,655 - Short Sell 964.00 shares at 20.88 on 2024-10-16 14:30:00+00:00
2024-11-11 10:38:42,655 - Short Sell 962.00 shares at 20.92 on 2024-10-16 14:45:00+00:00
2024-11-11 10:38:42,655 - Short Sell 962.00 shares at 20.93 on 2024-10-16 15:00:00+00:00
2024-11-11 10:38:42,655 - Short Sell 965.00 shares at 20.86 on 2024-10-16 15:15:00+00:00
2024-11-11 10:38:42,655 - Short Sell 965.00 shares at 20.86 on 2024-10-16 15:30:00+00:00
2024-11-11 10:38:42,655 - Short Sell 965.00 shares at 20.87 on 2024-10-16 15:45:00+00:00
2024-11-11 10:38:42,655 - Buy to cover -6747.00 shares at 20.74 on 2024-10-16 16:15:00+00:00 (Exit: Signal, Profit: 992.55, Duration: 120.0 minutes)
2024-11-11 10:38:42,655 - Long Buy 971.00 shares at 20.75 on 2024-10-16 16:30:00+00:00
2024-11-11 10:38:42,655 - Sell to close 971.00 shares at 20.81 on 2024-10-16 17:00:00+00:00 (Exit: Signal, Profit: 58.259999999998755, Duration: 30.0 minutes)
2024-11-11 10:38:42,655 - Short Sell 967.00 shares at 20.84 on 2024-10-16 17:30:00+00:00
2024-11-11 10:38:42,655 - Short Sell 969.00 shares at 20.81 on 2024-10-16 17:45:00+00:00
2024-11-11 10:38:42,655 - Short Sell 967.00 shares at 20.85 on 2024-10-16 18:00:00+00:00
2024-11-11 10:38:42,655 - Short Sell 967.00 shares at 20.85 on 2024-10-16 18:15:00+00:00
2024-11-11 10:38:42,655 - Short Sell 967.00 shares at 20.85 on 2024-10-16 18:30:00+00:00
2024-11-11 10:38:42,655 - Short Sell 965.00 shares at 20.88 on 2024-10-16 18:45:00+00:00
2024-11-11 10:38:42,655 - Short Sell 964.00 shares at 20.91 on 2024-10-16 19:00:00+00:00
2024-11-11 10:38:42,655 - Short Sell 963.00 shares at 20.92 on 2024-10-16 19:15:00+00:00
2024-11-11 10:38:42,656 - Short Sell 965.00 shares at 20.88 on 2024-10-16 19:30:00+00:00
2024-11-11 10:38:42,656 - Short Sell 965.00 shares at 20.89 on 2024-10-16 19:45:00+00:00
2024-11-11 10:38:42,656 - Buy to cover -9659.00 shares at 20.76 on 2024-10-17 13:30:00+00:00 (Exit: Signal, Profit: 1042.6299999999462, Duration: 1200.0 minutes)
2024-11-11 10:38:42,656 - Long Buy 971.00 shares at 20.77 on 2024-10-17 13:45:00+00:00
2024-11-11 10:38:42,656 - Sell to close 971.00 shares at 20.8 on 2024-10-17 14:00:00+00:00 (Exit: Signal, Profit: 29.130000000001104, Duration: 15.0 minutes)
2024-11-11 10:38:42,656 - Short Sell 964.00 shares at 20.94 on 2024-10-17 14:15:00+00:00
2024-11-11 10:38:42,656 - Short Sell 966.00 shares at 20.88 on 2024-10-17 14:30:00+00:00
2024-11-11 10:38:42,656 - Short Sell 967.00 shares at 20.87 on 2024-10-17 14:45:00+00:00
2024-11-11 10:38:42,656 - Short Sell 962.00 shares at 20.98 on 2024-10-17 15:00:00+00:00
2024-11-11 10:38:42,656 - Short Sell 963.00 shares at 20.96 on 2024-10-17 15:15:00+00:00
2024-11-11 10:38:42,656 - Short Sell 965.00 shares at 20.92 on 2024-10-17 15:30:00+00:00
2024-11-11 10:38:42,656 - Short Sell 967.00 shares at 20.88 on 2024-10-17 15:45:00+00:00
2024-11-11 10:38:42,656 - Short Sell 967.00 shares at 20.88 on 2024-10-17 16:00:00+00:00
2024-11-11 10:38:42,656 - Short Sell 963.00 shares at 20.94 on 2024-10-17 16:15:00+00:00
2024-11-11 10:38:42,656 - Short Sell 963.00 shares at 20.95 on 2024-10-17 16:30:00+00:00
2024-11-11 10:38:42,656 - Short Sell 962.00 shares at 20.97 on 2024-10-17 16:45:00+00:00
2024-11-11 10:38:42,656 - Short Sell 962.00 shares at 20.96 on 2024-10-17 17:00:00+00:00
2024-11-11 10:38:42,656 - Short Sell 965.00 shares at 20.91 on 2024-10-17 17:15:00+00:00
2024-11-11 10:38:42,656 - Short Sell 967.00 shares at 20.88 on 2024-10-17 17:30:00+00:00
2024-11-11 10:38:42,656 - Short Sell 966.00 shares at 20.9 on 2024-10-17 17:45:00+00:00
2024-11-11 10:38:42,656 - Short Sell 968.00 shares at 20.87 on 2024-10-17 18:00:00+00:00
2024-11-11 10:38:42,656 - Short Sell 969.00 shares at 20.84 on 2024-10-17 18:15:00+00:00
2024-11-11 10:38:42,656 - Buy to cover -16406.00 shares at 20.83 on 2024-10-17 18:30:00+00:00 (Exit: Signal, Profit: 1368.8700000000306, Duration: 255.0 minutes)
2024-11-11 10:38:42,656 - Short Sell 968.00 shares at 20.87 on 2024-10-17 18:45:00+00:00
2024-11-11 10:38:42,656 - Short Sell 968.00 shares at 20.87 on 2024-10-17 19:00:00+00:00
2024-11-11 10:38:42,656 - Short Sell 968.00 shares at 20.88 on 2024-10-17 19:15:00+00:00
2024-11-11 10:38:42,657 - Short Sell 968.00 shares at 20.88 on 2024-10-17 19:30:00+00:00
2024-11-11 10:38:42,657 - Short Sell 965.00 shares at 20.93 on 2024-10-17 19:45:00+00:00
2024-11-11 10:38:42,657 - Short Sell 968.00 shares at 20.87 on 2024-10-18 13:30:00+00:00
2024-11-11 10:38:42,657 - Buy to cover -5805.00 shares at 20.61 on 2024-10-18 13:45:00+00:00 (Exit: Signal, Profit: 1586.5600000000077, Duration: 1140.0 minutes)
2024-11-11 10:38:42,657 - Long Buy 982.00 shares at 20.61 on 2024-10-18 14:00:00+00:00
2024-11-11 10:38:42,657 - Long Buy 963.00 shares at 20.59 on 2024-10-18 14:15:00+00:00
2024-11-11 10:38:42,657 - Long Buy 943.00 shares at 20.61 on 2024-10-18 14:30:00+00:00
2024-11-11 10:38:42,657 - Long Buy 929.00 shares at 20.5 on 2024-10-18 14:45:00+00:00
2024-11-11 10:38:42,657 - Long Buy 911.00 shares at 20.48 on 2024-10-18 15:00:00+00:00
2024-11-11 10:38:42,657 - Long Buy 895.00 shares at 20.45 on 2024-10-18 15:15:00+00:00
2024-11-11 10:38:42,657 - Long Buy 878.00 shares at 20.42 on 2024-10-18 15:30:00+00:00
2024-11-11 10:38:42,657 - Long Buy 861.00 shares at 20.41 on 2024-10-18 15:45:00+00:00
2024-11-11 10:38:42,657 - Long Buy 843.00 shares at 20.42 on 2024-10-18 16:00:00+00:00
2024-11-11 10:38:42,657 - Long Buy 821.00 shares at 20.55 on 2024-10-18 16:15:00+00:00
2024-11-11 10:38:42,657 - Long Buy 805.00 shares at 20.55 on 2024-10-18 16:30:00+00:00
2024-11-11 10:38:42,657 - Long Buy 785.00 shares at 20.63 on 2024-10-18 16:45:00+00:00
2024-11-11 10:38:42,657 - Long Buy 769.00 shares at 20.64 on 2024-10-18 17:00:00+00:00
2024-11-11 10:38:42,657 - Long Buy 754.00 shares at 20.63 on 2024-10-18 17:15:00+00:00
2024-11-11 10:38:42,657 - Long Buy 737.00 shares at 20.69 on 2024-10-18 17:30:00+00:00
2024-11-11 10:38:42,657 - Long Buy 722.00 shares at 20.7 on 2024-10-18 17:45:00+00:00
2024-11-11 10:38:42,657 - Long Buy 708.00 shares at 20.68 on 2024-10-18 18:00:00+00:00
2024-11-11 10:38:42,657 - Long Buy 694.00 shares at 20.68 on 2024-10-18 18:15:00+00:00
2024-11-11 10:38:42,657 - Long Buy 680.00 shares at 20.69 on 2024-10-18 18:30:00+00:00
2024-11-11 10:38:42,658 - Long Buy 664.00 shares at 20.75 on 2024-10-18 18:45:00+00:00
2024-11-11 10:38:42,658 - Long Buy 651.00 shares at 20.75 on 2024-10-18 19:00:00+00:00
2024-11-11 10:38:42,658 - Long Buy 639.00 shares at 20.73 on 2024-10-18 19:15:00+00:00
2024-11-11 10:38:42,658 - Long Buy 628.00 shares at 20.67 on 2024-10-18 19:30:00+00:00
2024-11-11 10:38:42,658 - Long Buy 615.00 shares at 20.69 on 2024-10-18 19:45:00+00:00
2024-11-11 10:38:42,658 - Long Buy 607.00 shares at 20.52 on 2024-10-21 13:30:00+00:00
2024-11-11 10:38:42,658 - Long Buy 597.00 shares at 20.44 on 2024-10-21 13:45:00+00:00
2024-11-11 10:38:42,658 - Long Buy 584.00 shares at 20.5 on 2024-10-21 14:00:00+00:00
2024-11-11 10:38:42,658 - Long Buy 576.00 shares at 20.36 on 2024-10-21 14:15:00+00:00
2024-11-11 10:38:42,658 - Long Buy 567.00 shares at 20.29 on 2024-10-21 14:30:00+00:00
2024-11-11 10:38:42,658 - Long Buy 556.00 shares at 20.26 on 2024-10-21 14:45:00+00:00
2024-11-11 10:38:42,658 - Long Buy 544.00 shares at 20.29 on 2024-10-21 15:00:00+00:00
2024-11-11 10:38:42,658 - Long Buy 535.00 shares at 20.21 on 2024-10-21 15:15:00+00:00
2024-11-11 10:38:42,658 - Long Buy 526.00 shares at 20.14 on 2024-10-21 15:30:00+00:00
2024-11-11 10:38:42,658 - Long Buy 514.00 shares at 20.21 on 2024-10-21 15:45:00+00:00
2024-11-11 10:38:42,658 - Long Buy 504.00 shares at 20.19 on 2024-10-21 16:00:00+00:00
2024-11-11 10:38:42,658 - Long Buy 496.00 shares at 20.13 on 2024-10-21 16:15:00+00:00
2024-11-11 10:38:42,658 - Sell to close 25483.00 shares at 20.07 on 2024-10-21 16:30:00+00:00 (Exit: Stop_loss, Profit: -11427.919999999987, Duration: 4470.0 minutes)
2024-11-11 10:38:42,659 - Long Buy 1015.00 shares at 19.71 on 2024-10-22 13:30:00+00:00
2024-11-11 10:38:42,659 - Long Buy 997.00 shares at 19.67 on 2024-10-22 13:45:00+00:00
2024-11-11 10:38:42,659 - Long Buy 977.00 shares at 19.66 on 2024-10-22 14:00:00+00:00
2024-11-11 10:38:42,659 - Long Buy 960.00 shares at 19.62 on 2024-10-22 14:15:00+00:00
2024-11-11 10:38:42,659 - Long Buy 940.00 shares at 19.63 on 2024-10-22 14:30:00+00:00
2024-11-11 10:38:42,659 - Long Buy 920.00 shares at 19.66 on 2024-10-22 14:45:00+00:00
2024-11-11 10:38:42,659 - Sell to close 5809.00 shares at 19.72 on 2024-10-22 15:00:00+00:00 (Exit: Signal, Profit: 354.4199999999952, Duration: 90.0 minutes)
2024-11-11 10:38:42,659 - Short Sell 1013.00 shares at 19.75 on 2024-10-22 15:15:00+00:00
2024-11-11 10:38:42,659 - Short Sell 1010.00 shares at 19.82 on 2024-10-22 15:30:00+00:00
2024-11-11 10:38:42,659 - Short Sell 1010.00 shares at 19.82 on 2024-10-22 15:45:00+00:00
2024-11-11 10:38:42,659 - Short Sell 1009.00 shares at 19.84 on 2024-10-22 16:00:00+00:00
2024-11-11 10:38:42,659 - Short Sell 1008.00 shares at 19.85 on 2024-10-22 16:15:00+00:00
2024-11-11 10:38:42,659 - Short Sell 1008.00 shares at 19.86 on 2024-10-22 16:30:00+00:00
2024-11-11 10:38:42,659 - Short Sell 1008.00 shares at 19.86 on 2024-10-22 16:45:00+00:00
2024-11-11 10:38:42,659 - Short Sell 1010.00 shares at 19.82 on 2024-10-22 17:00:00+00:00
2024-11-11 10:38:42,659 - Short Sell 1010.00 shares at 19.82 on 2024-10-22 17:15:00+00:00
2024-11-11 10:38:42,659 - Short Sell 1008.00 shares at 19.85 on 2024-10-22 17:30:00+00:00
2024-11-11 10:38:42,659 - Short Sell 1007.00 shares at 19.87 on 2024-10-22 17:45:00+00:00
2024-11-11 10:38:42,659 - Short Sell 1008.00 shares at 19.85 on 2024-10-22 18:00:00+00:00
2024-11-11 10:38:42,659 - Short Sell 1009.00 shares at 19.84 on 2024-10-22 18:15:00+00:00
2024-11-11 10:38:42,659 - Short Sell 1010.00 shares at 19.82 on 2024-10-22 18:30:00+00:00
2024-11-11 10:38:42,659 - Short Sell 1010.00 shares at 19.82 on 2024-10-22 18:45:00+00:00
2024-11-11 10:38:42,659 - Short Sell 1006.00 shares at 19.88 on 2024-10-22 19:00:00+00:00
2024-11-11 10:38:42,659 - Short Sell 1006.00 shares at 19.88 on 2024-10-22 19:15:00+00:00
2024-11-11 10:38:42,659 - Short Sell 1005.00 shares at 19.89 on 2024-10-22 19:30:00+00:00
2024-11-11 10:38:42,660 - Short Sell 1005.00 shares at 19.9 on 2024-10-22 19:45:00+00:00
2024-11-11 10:38:42,660 - Short Sell 1010.00 shares at 19.82 on 2024-10-23 13:30:00+00:00
2024-11-11 10:38:42,660 - Short Sell 1013.00 shares at 19.78 on 2024-10-23 13:45:00+00:00
2024-11-11 10:38:42,660 - Short Sell 1017.00 shares at 19.73 on 2024-10-23 14:00:00+00:00
2024-11-11 10:38:42,660 - Short Sell 1021.00 shares at 19.68 on 2024-10-23 14:30:00+00:00
2024-11-11 10:38:42,660 - Buy to cover -23221.00 shares at 19.63 on 2024-10-23 14:45:00+00:00 (Exit: Signal, Profit: 4599.630000000249, Duration: 1410.0 minutes)
2024-11-11 10:38:42,660 - Long Buy 1026.00 shares at 19.6 on 2024-10-23 15:00:00+00:00
2024-11-11 10:38:42,660 - Long Buy 1005.00 shares at 19.6 on 2024-10-23 15:15:00+00:00
2024-11-11 10:38:42,660 - Long Buy 987.00 shares at 19.57 on 2024-10-23 15:30:00+00:00
2024-11-11 10:38:42,660 - Long Buy 968.00 shares at 19.56 on 2024-10-23 15:45:00+00:00
2024-11-11 10:38:42,660 - Long Buy 952.00 shares at 19.48 on 2024-10-23 16:00:00+00:00
2024-11-11 10:38:42,660 - Long Buy 934.00 shares at 19.45 on 2024-10-23 16:15:00+00:00
2024-11-11 10:38:42,660 - Long Buy 915.00 shares at 19.46 on 2024-10-23 16:30:00+00:00
2024-11-11 10:38:42,660 - Long Buy 897.00 shares at 19.46 on 2024-10-23 16:45:00+00:00
2024-11-11 10:38:42,660 - Long Buy 883.00 shares at 19.38 on 2024-10-23 17:00:00+00:00
2024-11-11 10:38:42,660 - Long Buy 864.00 shares at 19.4 on 2024-10-23 17:15:00+00:00
2024-11-11 10:38:42,660 - Long Buy 850.00 shares at 19.34 on 2024-10-23 17:30:00+00:00
2024-11-11 10:38:42,660 - Long Buy 833.00 shares at 19.34 on 2024-10-23 17:45:00+00:00
2024-11-11 10:38:42,660 - Long Buy 818.00 shares at 19.28 on 2024-10-23 18:00:00+00:00
2024-11-11 10:38:42,660 - Long Buy 802.00 shares at 19.27 on 2024-10-23 18:15:00+00:00
2024-11-11 10:38:42,660 - Long Buy 786.00 shares at 19.29 on 2024-10-23 18:30:00+00:00
2024-11-11 10:38:42,660 - Long Buy 770.00 shares at 19.29 on 2024-10-23 18:45:00+00:00
2024-11-11 10:38:42,660 - Long Buy 754.00 shares at 19.3 on 2024-10-23 19:00:00+00:00
2024-11-11 10:38:42,660 - Long Buy 739.00 shares at 19.29 on 2024-10-23 19:15:00+00:00
2024-11-11 10:38:42,660 - Long Buy 724.00 shares at 19.3 on 2024-10-23 19:30:00+00:00
2024-11-11 10:38:42,660 - Long Buy 710.00 shares at 19.3 on 2024-10-23 19:45:00+00:00
2024-11-11 10:38:42,660 - Long Buy 694.00 shares at 19.35 on 2024-10-24 13:30:00+00:00
2024-11-11 10:38:42,660 - Long Buy 678.00 shares at 19.39 on 2024-10-24 13:45:00+00:00
2024-11-11 10:38:42,660 - Long Buy 667.00 shares at 19.33 on 2024-10-24 14:00:00+00:00
2024-11-11 10:38:42,661 - Long Buy 655.00 shares at 19.3 on 2024-10-24 14:15:00+00:00
2024-11-11 10:38:42,661 - Long Buy 641.00 shares at 19.33 on 2024-10-24 14:30:00+00:00
2024-11-11 10:38:42,661 - Long Buy 629.00 shares at 19.3 on 2024-10-24 14:45:00+00:00
2024-11-11 10:38:42,661 - Long Buy 614.00 shares at 19.36 on 2024-10-24 15:00:00+00:00
2024-11-11 10:38:42,661 - Long Buy 603.00 shares at 19.32 on 2024-10-24 15:15:00+00:00
2024-11-11 10:38:42,661 - Long Buy 591.00 shares at 19.32 on 2024-10-24 15:30:00+00:00
2024-11-11 10:38:42,661 - Long Buy 579.00 shares at 19.34 on 2024-10-24 15:45:00+00:00
2024-11-11 10:38:42,661 - Long Buy 568.00 shares at 19.3 on 2024-10-24 16:00:00+00:00
2024-11-11 10:38:42,661 - Long Buy 556.00 shares at 19.32 on 2024-10-24 16:30:00+00:00
2024-11-11 10:38:42,661 - Long Buy 545.00 shares at 19.32 on 2024-10-24 16:45:00+00:00
2024-11-11 10:38:42,661 - Long Buy 534.00 shares at 19.33 on 2024-10-24 17:00:00+00:00
2024-11-11 10:38:42,661 - Sell to close 25771.00 shares at 19.36 on 2024-10-24 17:15:00+00:00 (Exit: Signal, Profit: -600.4600000001165, Duration: 1575.0 minutes)
2024-11-11 10:38:42,661 - Short Sell 1036.00 shares at 19.39 on 2024-10-24 17:30:00+00:00
2024-11-11 10:38:42,661 - Short Sell 1038.00 shares at 19.36 on 2024-10-24 17:45:00+00:00
2024-11-11 10:38:42,661 - Short Sell 1037.00 shares at 19.37 on 2024-10-24 18:00:00+00:00
2024-11-11 10:38:42,661 - Buy to cover -3111.00 shares at 19.3 on 2024-10-24 18:15:00+00:00 (Exit: Signal, Profit: 228.10999999999927, Duration: 45.0 minutes)
2024-11-11 10:38:42,661 - Long Buy 1043.00 shares at 19.28 on 2024-10-24 18:30:00+00:00
2024-11-11 10:38:42,661 - Long Buy 1023.00 shares at 19.26 on 2024-10-24 18:45:00+00:00
2024-11-11 10:38:42,661 - Long Buy 1001.00 shares at 19.29 on 2024-10-24 19:00:00+00:00
2024-11-11 10:38:42,661 - Sell to close 3067.00 shares at 19.36 on 2024-10-24 19:30:00+00:00 (Exit: Signal, Profit: 255.80999999999614, Duration: 60.0 minutes)
2024-11-11 10:38:42,661 - Short Sell 1036.00 shares at 19.41 on 2024-10-24 19:45:00+00:00
2024-11-11 10:38:42,661 - Short Sell 1021.00 shares at 19.68 on 2024-10-25 13:30:00+00:00
2024-11-11 10:38:42,661 - Short Sell 1020.00 shares at 19.71 on 2024-10-25 13:45:00+00:00
2024-11-11 10:38:42,661 - Short Sell 1020.00 shares at 19.71 on 2024-10-25 14:00:00+00:00
2024-11-11 10:38:42,662 - Short Sell 1014.00 shares at 19.82 on 2024-10-25 14:15:00+00:00
2024-11-11 10:38:42,662 - Short Sell 1016.00 shares at 19.78 on 2024-10-25 14:30:00+00:00
2024-11-11 10:38:42,662 - Short Sell 1017.00 shares at 19.76 on 2024-10-25 14:45:00+00:00
2024-11-11 10:38:42,662 - Short Sell 1015.00 shares at 19.79 on 2024-10-25 15:00:00+00:00
2024-11-11 10:38:42,662 - Short Sell 1020.00 shares at 19.71 on 2024-10-25 15:15:00+00:00
2024-11-11 10:38:42,662 - Short Sell 1020.00 shares at 19.71 on 2024-10-25 15:30:00+00:00
2024-11-11 10:38:42,662 - Short Sell 1021.00 shares at 19.69 on 2024-10-25 15:45:00+00:00
2024-11-11 10:38:42,662 - Short Sell 1023.00 shares at 19.66 on 2024-10-25 16:00:00+00:00
2024-11-11 10:38:42,662 - Short Sell 1025.00 shares at 19.63 on 2024-10-25 16:15:00+00:00
2024-11-11 10:38:42,662 - Short Sell 1024.00 shares at 19.64 on 2024-10-25 16:30:00+00:00
2024-11-11 10:38:42,662 - Short Sell 1024.00 shares at 19.64 on 2024-10-25 16:45:00+00:00
2024-11-11 10:38:42,662 - Buy to cover -15316.00 shares at 19.61 on 2024-10-25 17:00:00+00:00 (Exit: Signal, Profit: 1207.950000000073, Duration: 1275.0 minutes)
2024-11-11 10:38:42,662 - Long Buy 1030.00 shares at 19.55 on 2024-10-25 17:15:00+00:00
2024-11-11 10:38:42,662 - Long Buy 1010.00 shares at 19.54 on 2024-10-25 17:30:00+00:00
2024-11-11 10:38:42,662 - Long Buy 989.00 shares at 19.55 on 2024-10-25 17:45:00+00:00
2024-11-11 10:38:42,662 - Long Buy 970.00 shares at 19.54 on 2024-10-25 18:00:00+00:00
2024-11-11 10:38:42,662 - Long Buy 950.00 shares at 19.55 on 2024-10-25 18:15:00+00:00
2024-11-11 10:38:42,662 - Long Buy 930.00 shares at 19.57 on 2024-10-25 18:30:00+00:00
2024-11-11 10:38:42,662 - Long Buy 911.00 shares at 19.57 on 2024-10-25 18:45:00+00:00
2024-11-11 10:38:42,662 - Long Buy 893.00 shares at 19.57 on 2024-10-25 19:00:00+00:00
2024-11-11 10:38:42,662 - Long Buy 876.00 shares at 19.54 on 2024-10-25 19:15:00+00:00
2024-11-11 10:38:42,662 - Long Buy 860.00 shares at 19.52 on 2024-10-25 19:30:00+00:00
2024-11-11 10:38:42,662 - Long Buy 846.00 shares at 19.45 on 2024-10-25 19:45:00+00:00
2024-11-11 10:38:42,662 - Long Buy 825.00 shares at 19.54 on 2024-10-28 13:30:00+00:00
2024-11-11 10:38:42,662 - Sell to close 11090.00 shares at 19.73 on 2024-10-28 13:45:00+00:00 (Exit: Signal, Profit: 2088.729999999964, Duration: 4110.0 minutes)
2024-11-11 10:38:42,662 - Short Sell 1021.00 shares at 19.75 on 2024-10-28 14:00:00+00:00
2024-11-11 10:38:42,662 - Short Sell 1022.00 shares at 19.73 on 2024-10-28 14:15:00+00:00
2024-11-11 10:38:42,663 - Short Sell 1020.00 shares at 19.78 on 2024-10-28 14:30:00+00:00
2024-11-11 10:38:42,663 - Short Sell 1020.00 shares at 19.77 on 2024-10-28 14:45:00+00:00
2024-11-11 10:38:42,663 - Short Sell 1017.00 shares at 19.82 on 2024-10-28 15:00:00+00:00
2024-11-11 10:38:42,663 - Short Sell 1019.00 shares at 19.8 on 2024-10-28 15:15:00+00:00
2024-11-11 10:38:42,663 - Short Sell 1020.00 shares at 19.77 on 2024-10-28 15:30:00+00:00
2024-11-11 10:38:42,663 - Short Sell 1017.00 shares at 19.82 on 2024-10-28 15:45:00+00:00
2024-11-11 10:38:42,663 - Short Sell 1016.00 shares at 19.85 on 2024-10-28 16:00:00+00:00
2024-11-11 10:38:42,663 - Short Sell 1015.00 shares at 19.86 on 2024-10-28 16:15:00+00:00
2024-11-11 10:38:42,663 - Short Sell 1016.00 shares at 19.85 on 2024-10-28 16:30:00+00:00
2024-11-11 10:38:42,663 - Short Sell 1016.00 shares at 19.84 on 2024-10-28 16:45:00+00:00
2024-11-11 10:38:42,663 - Short Sell 1019.00 shares at 19.79 on 2024-10-28 17:00:00+00:00
2024-11-11 10:38:42,663 - Short Sell 1017.00 shares at 19.82 on 2024-10-28 17:15:00+00:00
2024-11-11 10:38:42,663 - Short Sell 1016.00 shares at 19.85 on 2024-10-28 17:30:00+00:00
2024-11-11 10:38:42,664 - Short Sell 1014.00 shares at 19.88 on 2024-10-28 17:45:00+00:00
2024-11-11 10:38:42,664 - Buy to cover -16285.00 shares at 19.84 on 2024-10-28 18:00:00+00:00 (Exit: Signal, Profit: -469.70000000004046, Duration: 240.0 minutes)
2024-11-11 10:38:42,664 - Long Buy 1016.00 shares at 19.84 on 2024-10-28 18:15:00+00:00
2024-11-11 10:38:42,664 - Long Buy 996.00 shares at 19.83 on 2024-10-28 18:30:00+00:00
2024-11-11 10:38:42,664 - Long Buy 977.00 shares at 19.82 on 2024-10-28 18:45:00+00:00
2024-11-11 10:38:42,664 - Long Buy 957.00 shares at 19.82 on 2024-10-28 19:00:00+00:00
2024-11-11 10:38:42,664 - Long Buy 938.00 shares at 19.82 on 2024-10-28 19:15:00+00:00
2024-11-11 10:38:42,664 - Long Buy 921.00 shares at 19.79 on 2024-10-28 19:30:00+00:00
2024-11-11 10:38:42,665 - Long Buy 905.00 shares at 19.74 on 2024-10-28 19:45:00+00:00
2024-11-11 10:38:42,665 - Long Buy 886.00 shares at 19.76 on 2024-10-29 13:30:00+00:00
2024-11-11 10:38:42,665 - Long Buy 865.00 shares at 19.82 on 2024-10-29 13:45:00+00:00
2024-11-11 10:38:42,665 - Sell to close 8461.00 shares at 19.92 on 2024-10-29 14:15:00+00:00 (Exit: Signal, Profit: 969.010000000036, Duration: 1200.0 minutes)
2024-11-11 10:38:42,665 - Short Sell 1013.00 shares at 19.93 on 2024-10-29 14:30:00+00:00
2024-11-11 10:38:42,665 - Short Sell 1014.00 shares at 19.9 on 2024-10-29 14:45:00+00:00
2024-11-11 10:38:42,665 - Short Sell 1013.00 shares at 19.92 on 2024-10-29 15:00:00+00:00
2024-11-11 10:38:42,665 - Short Sell 1014.00 shares at 19.9 on 2024-10-29 15:15:00+00:00
2024-11-11 10:38:42,665 - Short Sell 1013.00 shares at 19.93 on 2024-10-29 15:30:00+00:00
2024-11-11 10:38:42,665 - Short Sell 1014.00 shares at 19.9 on 2024-10-29 15:45:00+00:00
2024-11-11 10:38:42,665 - Short Sell 1014.00 shares at 19.91 on 2024-10-29 16:00:00+00:00
2024-11-11 10:38:42,665 - Short Sell 1013.00 shares at 19.92 on 2024-10-29 16:15:00+00:00
2024-11-11 10:38:42,665 - Short Sell 1012.00 shares at 19.93 on 2024-10-29 16:30:00+00:00
2024-11-11 10:38:42,665 - Short Sell 1012.00 shares at 19.93 on 2024-10-29 16:45:00+00:00
2024-11-11 10:38:42,665 - Short Sell 1012.00 shares at 19.93 on 2024-10-29 17:00:00+00:00
2024-11-11 10:38:42,665 - Short Sell 1014.00 shares at 19.91 on 2024-10-29 17:15:00+00:00
2024-11-11 10:38:42,665 - Short Sell 1012.00 shares at 19.93 on 2024-10-29 17:45:00+00:00
2024-11-11 10:38:42,665 - Short Sell 1012.00 shares at 19.93 on 2024-10-29 18:00:00+00:00
2024-11-11 10:38:42,665 - Short Sell 1012.00 shares at 19.94 on 2024-10-29 18:15:00+00:00
2024-11-11 10:38:42,665 - Short Sell 1011.00 shares at 19.95 on 2024-10-29 18:30:00+00:00
2024-11-11 10:38:42,665 - Short Sell 1010.00 shares at 19.96 on 2024-10-29 18:45:00+00:00
2024-11-11 10:38:42,665 - Buy to cover -17215.00 shares at 19.96 on 2024-10-29 19:00:00+00:00 (Exit: Signal, Profit: -607.8900000000366, Duration: 270.0 minutes)
2024-11-11 10:38:42,665 - Long Buy 1011.00 shares at 19.94 on 2024-10-29 19:15:00+00:00
2024-11-11 10:38:42,665 - Long Buy 992.00 shares at 19.92 on 2024-10-29 19:30:00+00:00
2024-11-11 10:38:42,665 - Long Buy 975.00 shares at 19.87 on 2024-10-29 19:45:00+00:00
2024-11-11 10:38:42,666 - Sell to close 2978.00 shares at 20.27 on 2024-10-30 13:30:00+00:00 (Exit: Signal, Profit: 1070.8299999999915, Duration: 1095.0 minutes)
2024-11-11 10:38:42,666 - Short Sell 980.00 shares at 20.6 on 2024-10-30 13:45:00+00:00
2024-11-11 10:38:42,666 - Short Sell 972.00 shares at 20.77 on 2024-10-30 14:00:00+00:00
2024-11-11 10:38:42,666 - Short Sell 981.00 shares at 20.59 on 2024-10-30 14:15:00+00:00
2024-11-11 10:38:42,666 - Short Sell 991.00 shares at 20.38 on 2024-10-30 14:30:00+00:00
2024-11-11 10:38:42,666 - Short Sell 991.00 shares at 20.39 on 2024-10-30 14:45:00+00:00
2024-11-11 10:38:42,666 - Short Sell 992.00 shares at 20.37 on 2024-10-30 15:00:00+00:00
2024-11-11 10:38:42,666 - Short Sell 989.00 shares at 20.42 on 2024-10-30 15:15:00+00:00
2024-11-11 10:38:42,666 - Short Sell 988.00 shares at 20.44 on 2024-10-30 15:30:00+00:00
2024-11-11 10:38:42,666 - Short Sell 990.00 shares at 20.41 on 2024-10-30 15:45:00+00:00
2024-11-11 10:38:42,666 - Short Sell 987.00 shares at 20.46 on 2024-10-30 16:00:00+00:00
2024-11-11 10:38:42,666 - Short Sell 985.00 shares at 20.49 on 2024-10-30 16:15:00+00:00
2024-11-11 10:38:42,666 - Short Sell 978.00 shares at 20.61 on 2024-10-30 16:30:00+00:00
2024-11-11 10:38:42,666 - Short Sell 982.00 shares at 20.54 on 2024-10-30 16:45:00+00:00
2024-11-11 10:38:42,666 - Short Sell 982.00 shares at 20.55 on 2024-10-30 17:00:00+00:00
2024-11-11 10:38:42,666 - Short Sell 983.00 shares at 20.53 on 2024-10-30 17:15:00+00:00
2024-11-11 10:38:42,666 - Short Sell 989.00 shares at 20.43 on 2024-10-30 17:30:00+00:00
2024-11-11 10:38:42,666 - Short Sell 986.00 shares at 20.48 on 2024-10-30 17:45:00+00:00
2024-11-11 10:38:42,666 - Short Sell 986.00 shares at 20.48 on 2024-10-30 18:00:00+00:00
2024-11-11 10:38:42,666 - Short Sell 986.00 shares at 20.48 on 2024-10-30 18:15:00+00:00
2024-11-11 10:38:42,666 - Short Sell 987.00 shares at 20.46 on 2024-10-30 18:30:00+00:00
2024-11-11 10:38:42,666 - Short Sell 987.00 shares at 20.46 on 2024-10-30 18:45:00+00:00
2024-11-11 10:38:42,666 - Short Sell 989.00 shares at 20.44 on 2024-10-30 19:00:00+00:00
2024-11-11 10:38:42,666 - Short Sell 993.00 shares at 20.38 on 2024-10-30 19:15:00+00:00
2024-11-11 10:38:42,666 - Short Sell 995.00 shares at 20.35 on 2024-10-30 19:30:00+00:00
2024-11-11 10:38:42,666 - Short Sell 996.00 shares at 20.34 on 2024-10-30 19:45:00+00:00
2024-11-11 10:38:42,666 - Buy to cover -24665.00 shares at 20.02 on 2024-10-31 13:30:00+00:00 (Exit: Signal, Profit: 11185.20000000026, Duration: 1425.0 minutes)
2024-11-11 10:38:42,666 - Long Buy 1025.00 shares at 19.92 on 2024-10-31 13:45:00+00:00
2024-11-11 10:38:42,667 - Long Buy 1009.00 shares at 19.83 on 2024-10-31 14:00:00+00:00
2024-11-11 10:38:42,667 - Long Buy 989.00 shares at 19.82 on 2024-10-31 14:15:00+00:00
2024-11-11 10:38:42,667 - Long Buy 974.00 shares at 19.73 on 2024-10-31 14:30:00+00:00
2024-11-11 10:38:42,667 - Long Buy 955.00 shares at 19.71 on 2024-10-31 14:45:00+00:00
2024-11-11 10:38:42,667 - Long Buy 936.00 shares at 19.71 on 2024-10-31 15:00:00+00:00
2024-11-11 10:38:42,667 - Long Buy 917.00 shares at 19.73 on 2024-10-31 15:15:00+00:00
2024-11-11 10:38:42,667 - Long Buy 897.00 shares at 19.75 on 2024-10-31 15:30:00+00:00
2024-11-11 10:38:42,667 - Long Buy 880.00 shares at 19.73 on 2024-10-31 15:45:00+00:00
2024-11-11 10:38:42,667 - Long Buy 861.00 shares at 19.76 on 2024-10-31 16:00:00+00:00
2024-11-11 10:38:42,667 - Long Buy 843.00 shares at 19.79 on 2024-10-31 16:15:00+00:00
2024-11-11 10:38:42,667 - Long Buy 826.00 shares at 19.8 on 2024-10-31 16:30:00+00:00
2024-11-11 10:38:42,667 - Long Buy 810.00 shares at 19.77 on 2024-10-31 16:45:00+00:00
2024-11-11 10:38:42,667 - Long Buy 794.00 shares at 19.78 on 2024-10-31 17:00:00+00:00
2024-11-11 10:38:42,667 - Long Buy 777.00 shares at 19.79 on 2024-10-31 17:15:00+00:00
2024-11-11 10:38:42,667 - Long Buy 765.00 shares at 19.72 on 2024-10-31 17:30:00+00:00
2024-11-11 10:38:42,667 - Long Buy 752.00 shares at 19.66 on 2024-10-31 17:45:00+00:00
2024-11-11 10:38:42,667 - Long Buy 736.00 shares at 19.68 on 2024-10-31 18:00:00+00:00
2024-11-11 10:38:42,667 - Long Buy 722.00 shares at 19.66 on 2024-10-31 18:15:00+00:00
2024-11-11 10:38:42,667 - Long Buy 709.00 shares at 19.62 on 2024-10-31 18:30:00+00:00
2024-11-11 10:38:42,667 - Long Buy 693.00 shares at 19.66 on 2024-10-31 18:45:00+00:00
2024-11-11 10:38:42,667 - Long Buy 681.00 shares at 19.62 on 2024-10-31 19:00:00+00:00
2024-11-11 10:38:42,667 - Long Buy 666.00 shares at 19.64 on 2024-10-31 19:15:00+00:00
2024-11-11 10:38:42,667 - Long Buy 654.00 shares at 19.61 on 2024-10-31 19:30:00+00:00
2024-11-11 10:38:42,667 - Long Buy 645.00 shares at 19.49 on 2024-10-31 19:45:00+00:00
2024-11-11 10:38:42,667 - Long Buy 617.00 shares at 19.97 on 2024-11-01 13:30:00+00:00
2024-11-11 10:38:42,667 - Long Buy 604.00 shares at 20.0 on 2024-11-01 13:45:00+00:00
2024-11-11 10:38:42,667 - Long Buy 589.00 shares at 20.07 on 2024-11-01 14:00:00+00:00
2024-11-11 10:38:42,667 - Long Buy 577.00 shares at 20.1 on 2024-11-01 14:15:00+00:00
2024-11-11 10:38:42,667 - Long Buy 569.00 shares at 19.98 on 2024-11-01 14:30:00+00:00
2024-11-11 10:38:42,667 - Long Buy 555.00 shares at 20.07 on 2024-11-01 14:45:00+00:00
2024-11-11 10:38:42,667 - Sell to close 24027.00 shares at 20.21 on 2024-11-01 15:00:00+00:00 (Exit: Signal, Profit: 10501.630000000074, Duration: 1515.0 minutes)
2024-11-11 10:38:42,668 - Short Sell 1021.00 shares at 20.2 on 2024-11-01 15:15:00+00:00
2024-11-11 10:38:42,668 - Short Sell 1023.00 shares at 20.16 on 2024-11-01 15:30:00+00:00
2024-11-11 10:38:42,668 - Short Sell 1024.00 shares at 20.15 on 2024-11-01 16:00:00+00:00
2024-11-11 10:38:42,668 - Buy to cover -3068.00 shares at 20.07 on 2024-11-01 16:15:00+00:00 (Exit: Signal, Profit: 306.72000000000486, Duration: 60.0 minutes)
2024-11-11 10:38:42,668 - Long Buy 1030.00 shares at 20.02 on 2024-11-01 16:30:00+00:00
2024-11-11 10:38:42,668 - Long Buy 1008.00 shares at 20.05 on 2024-11-01 16:45:00+00:00
2024-11-11 10:38:42,668 - Long Buy 987.00 shares at 20.07 on 2024-11-01 17:00:00+00:00
2024-11-11 10:38:42,668 - Sell to close 3025.00 shares at 20.12 on 2024-11-01 17:15:00+00:00 (Exit: Signal, Profit: 222.91000000000736, Duration: 45.0 minutes)
2024-11-11 10:38:42,668 - Long Buy 1029.00 shares at 20.05 on 2024-11-01 17:30:00+00:00
2024-11-11 10:38:42,668 - Long Buy 1009.00 shares at 20.05 on 2024-11-01 17:45:00+00:00
2024-11-11 10:38:42,668 - Long Buy 989.00 shares at 20.03 on 2024-11-01 18:00:00+00:00
2024-11-11 10:38:42,668 - Long Buy 971.00 shares at 20.01 on 2024-11-01 18:15:00+00:00
2024-11-11 10:38:42,668 - Long Buy 950.00 shares at 20.04 on 2024-11-01 18:30:00+00:00
2024-11-11 10:38:42,668 - Long Buy 930.00 shares at 20.06 on 2024-11-01 18:45:00+00:00
2024-11-11 10:38:42,668 - Sell to close 5878.00 shares at 20.13 on 2024-11-01 19:00:00+00:00 (Exit: Signal, Profit: 529.0599999999863, Duration: 90.0 minutes)
2024-11-11 10:38:42,668 - Long Buy 1030.00 shares at 20.05 on 2024-11-01 19:45:00+00:00
2024-11-11 10:38:42,668 - Sell to close 1030.00 shares at 20.21 on 2024-11-04 14:30:00+00:00 (Exit: Signal, Profit: 164.80000000000015, Duration: 4005.0 minutes)
2024-11-11 10:38:42,668 - Short Sell 1024.00 shares at 20.17 on 2024-11-04 14:45:00+00:00
2024-11-11 10:38:42,668 - Short Sell 1026.00 shares at 20.13 on 2024-11-04 15:00:00+00:00
2024-11-11 10:38:42,668 - Short Sell 1019.00 shares at 20.26 on 2024-11-04 15:15:00+00:00
2024-11-11 10:38:42,668 - Short Sell 1012.00 shares at 20.39 on 2024-11-04 15:30:00+00:00
2024-11-11 10:38:42,669 - Short Sell 1016.00 shares at 20.32 on 2024-11-04 15:45:00+00:00
2024-11-11 10:38:42,669 - Short Sell 1016.00 shares at 20.32 on 2024-11-04 16:00:00+00:00
2024-11-11 10:38:42,669 - Short Sell 1022.00 shares at 20.21 on 2024-11-04 16:15:00+00:00
2024-11-11 10:38:42,669 - Buy to cover -7135.00 shares at 20.13 on 2024-11-04 16:30:00+00:00 (Exit: Signal, Profit: 904.3900000000068, Duration: 105.0 minutes)
2024-11-11 10:38:42,669 - Long Buy 1029.00 shares at 20.09 on 2024-11-04 16:45:00+00:00
2024-11-11 10:38:42,669 - Long Buy 1009.00 shares at 20.07 on 2024-11-04 17:00:00+00:00
2024-11-11 10:38:42,669 - Long Buy 986.00 shares at 20.13 on 2024-11-04 17:15:00+00:00
2024-11-11 10:38:42,669 - Long Buy 964.00 shares at 20.17 on 2024-11-04 17:30:00+00:00
2024-11-11 10:38:42,669 - Long Buy 945.00 shares at 20.17 on 2024-11-04 17:45:00+00:00
2024-11-11 10:38:42,669 - Long Buy 928.00 shares at 20.13 on 2024-11-04 18:00:00+00:00
2024-11-11 10:38:42,669 - Long Buy 909.00 shares at 20.14 on 2024-11-04 18:15:00+00:00
2024-11-11 10:38:42,669 - Long Buy 891.00 shares at 20.14 on 2024-11-04 18:30:00+00:00
2024-11-11 10:38:42,669 - Long Buy 873.00 shares at 20.13 on 2024-11-04 18:45:00+00:00
2024-11-11 10:38:42,669 - Long Buy 856.00 shares at 20.13 on 2024-11-04 19:00:00+00:00
2024-11-11 10:38:42,669 - Long Buy 841.00 shares at 20.08 on 2024-11-04 19:15:00+00:00
2024-11-11 10:38:42,669 - Long Buy 824.00 shares at 20.09 on 2024-11-04 19:30:00+00:00
2024-11-11 10:38:42,669 - Long Buy 807.00 shares at 20.1 on 2024-11-04 19:45:00+00:00
2024-11-11 10:38:42,669 - Long Buy 791.00 shares at 20.1 on 2024-11-04 20:00:00+00:00
2024-11-11 10:38:42,669 - Long Buy 776.00 shares at 20.07 on 2024-11-04 20:15:00+00:00
2024-11-11 10:38:42,669 - Long Buy 761.00 shares at 20.07 on 2024-11-04 20:30:00+00:00
2024-11-11 10:38:42,669 - Long Buy 747.00 shares at 20.02 on 2024-11-04 20:45:00+00:00
2024-11-11 10:38:42,669 - Long Buy 730.00 shares at 20.09 on 2024-11-05 14:30:00+00:00
2024-11-11 10:38:42,669 - Sell to close 15667.00 shares at 20.23 on 2024-11-05 14:45:00+00:00 (Exit: Signal, Profit: 1900.5799999999526, Duration: 1320.0 minutes)
2024-11-11 10:38:42,669 - Long Buy 1029.00 shares at 20.12 on 2024-11-05 15:00:00+00:00
2024-11-11 10:38:42,669 - Long Buy 1011.00 shares at 20.07 on 2024-11-05 15:15:00+00:00
2024-11-11 10:38:42,669 - Long Buy 987.00 shares at 20.14 on 2024-11-05 15:30:00+00:00
2024-11-11 10:38:42,669 - Long Buy 972.00 shares at 20.05 on 2024-11-05 15:45:00+00:00
2024-11-11 10:38:42,669 - Long Buy 953.00 shares at 20.04 on 2024-11-05 16:00:00+00:00
2024-11-11 10:38:42,670 - Long Buy 937.00 shares at 19.98 on 2024-11-05 16:15:00+00:00
2024-11-11 10:38:42,670 - Long Buy 918.00 shares at 19.98 on 2024-11-05 16:30:00+00:00
2024-11-11 10:38:42,670 - Long Buy 901.00 shares at 19.96 on 2024-11-05 16:45:00+00:00
2024-11-11 10:38:42,670 - Long Buy 882.00 shares at 19.98 on 2024-11-05 17:00:00+00:00
2024-11-11 10:38:42,670 - Long Buy 865.00 shares at 19.95 on 2024-11-05 17:15:00+00:00
2024-11-11 10:38:42,670 - Sell to close 9455.00 shares at 19.99 on 2024-11-05 17:30:00+00:00 (Exit: Signal, Profit: -379.67000000000957, Duration: 150.0 minutes)
2024-11-11 10:38:42,670 - Short Sell 1036.00 shares at 19.98 on 2024-11-05 17:45:00+00:00
2024-11-11 10:38:42,670 - Buy to cover -1036.00 shares at 19.94 on 2024-11-05 18:00:00+00:00 (Exit: Signal, Profit: 41.43999999999912, Duration: 15.0 minutes)
2024-11-11 10:38:42,670 - Long Buy 1039.00 shares at 19.93 on 2024-11-05 18:15:00+00:00
2024-11-11 10:38:42,670 - Long Buy 1018.00 shares at 19.92 on 2024-11-05 18:30:00+00:00
2024-11-11 10:38:42,670 - Long Buy 997.00 shares at 19.93 on 2024-11-05 18:45:00+00:00
2024-11-11 10:38:42,670 - Sell to close 3054.00 shares at 19.96 on 2024-11-05 19:00:00+00:00 (Exit: Signal, Profit: 101.80000000000507, Duration: 45.0 minutes)
2024-11-11 10:38:42,670 - Long Buy 1041.00 shares at 19.88 on 2024-11-05 19:45:00+00:00
2024-11-11 10:38:42,670 - Long Buy 1018.00 shares at 19.93 on 2024-11-05 20:00:00+00:00
2024-11-11 10:38:42,670 - Long Buy 998.00 shares at 19.92 on 2024-11-05 20:30:00+00:00
2024-11-11 10:38:42,670 - Sell to close 3057.00 shares at 20.0 on 2024-11-05 20:45:00+00:00 (Exit: Signal, Profit: 276.0200000000028, Duration: 60.0 minutes)
2024-11-11 10:38:42,670 - Short Sell 983.00 shares at 21.07 on 2024-11-06 14:30:00+00:00
2024-11-11 10:38:42,670 - Short Sell 987.00 shares at 20.97 on 2024-11-06 14:45:00+00:00
2024-11-11 10:38:42,670 - Short Sell 986.00 shares at 21.01 on 2024-11-06 15:00:00+00:00
2024-11-11 10:38:42,670 - Short Sell 985.00 shares at 21.03 on 2024-11-06 15:15:00+00:00
2024-11-11 10:38:42,670 - Short Sell 987.00 shares at 20.98 on 2024-11-06 15:30:00+00:00
2024-11-11 10:38:42,670 - Short Sell 984.00 shares at 21.04 on 2024-11-06 15:45:00+00:00
2024-11-11 10:38:42,670 - Short Sell 983.00 shares at 21.06 on 2024-11-06 16:00:00+00:00
2024-11-11 10:38:42,671 - Short Sell 981.00 shares at 21.09 on 2024-11-06 16:15:00+00:00
2024-11-11 10:38:42,671 - Short Sell 983.00 shares at 21.06 on 2024-11-06 16:30:00+00:00
2024-11-11 10:38:42,671 - Short Sell 983.00 shares at 21.05 on 2024-11-06 16:45:00+00:00
2024-11-11 10:38:42,671 - Short Sell 982.00 shares at 21.07 on 2024-11-06 17:00:00+00:00
2024-11-11 10:38:42,671 - Short Sell 985.00 shares at 21.02 on 2024-11-06 17:15:00+00:00
2024-11-11 10:38:42,671 - Short Sell 974.00 shares at 21.22 on 2024-11-06 17:30:00+00:00
2024-11-11 10:38:42,671 - Short Sell 969.00 shares at 21.3 on 2024-11-06 17:45:00+00:00
2024-11-11 10:38:42,671 - Short Sell 970.00 shares at 21.28 on 2024-11-06 18:00:00+00:00
2024-11-11 10:38:42,671 - Short Sell 969.00 shares at 21.3 on 2024-11-06 18:15:00+00:00
2024-11-11 10:38:42,671 - Short Sell 968.00 shares at 21.32 on 2024-11-06 18:30:00+00:00
2024-11-11 10:38:42,671 - Buy to cover -16659.00 shares at 21.28 on 2024-11-06 19:00:00+00:00 (Exit: Signal, Profit: -2845.410000000006, Duration: 270.0 minutes)
2024-11-11 10:38:42,671 - Long Buy 970.00 shares at 21.29 on 2024-11-06 19:15:00+00:00
2024-11-11 10:38:42,671 - Long Buy 951.00 shares at 21.27 on 2024-11-06 19:45:00+00:00
2024-11-11 10:38:42,671 - Long Buy 931.00 shares at 21.29 on 2024-11-06 20:00:00+00:00
2024-11-11 10:38:42,671 - Long Buy 914.00 shares at 21.26 on 2024-11-06 20:15:00+00:00
2024-11-11 10:38:42,671 - Sell to close 3766.00 shares at 21.34 on 2024-11-06 20:30:00+00:00 (Exit: Signal, Profit: 234.73999999999967, Duration: 75.0 minutes)
2024-11-11 10:38:42,671 - Short Sell 969.00 shares at 21.32 on 2024-11-06 20:45:00+00:00
2024-11-11 10:38:42,671 - Short Sell 965.00 shares at 21.39 on 2024-11-07 14:30:00+00:00
2024-11-11 10:38:42,671 - Short Sell 964.00 shares at 21.42 on 2024-11-07 14:45:00+00:00
2024-11-11 10:38:42,671 - Short Sell 966.00 shares at 21.37 on 2024-11-07 15:00:00+00:00
2024-11-11 10:38:42,671 - Short Sell 966.00 shares at 21.38 on 2024-11-07 15:15:00+00:00
2024-11-11 10:38:42,671 - Short Sell 963.00 shares at 21.44 on 2024-11-07 15:30:00+00:00
2024-11-11 10:38:42,671 - Short Sell 966.00 shares at 21.38 on 2024-11-07 15:45:00+00:00
2024-11-11 10:38:42,671 - Short Sell 967.00 shares at 21.36 on 2024-11-07 16:00:00+00:00
2024-11-11 10:38:42,671 - Short Sell 965.00 shares at 21.4 on 2024-11-07 16:15:00+00:00
2024-11-11 10:38:42,671 - Short Sell 966.00 shares at 21.38 on 2024-11-07 16:30:00+00:00
2024-11-11 10:38:42,672 - Short Sell 963.00 shares at 21.44 on 2024-11-07 16:45:00+00:00
2024-11-11 10:38:42,672 - Short Sell 961.00 shares at 21.48 on 2024-11-07 17:00:00+00:00
2024-11-11 10:38:42,672 - Short Sell 961.00 shares at 21.48 on 2024-11-07 17:15:00+00:00
2024-11-11 10:38:42,672 - Short Sell 958.00 shares at 21.53 on 2024-11-07 17:30:00+00:00
2024-11-11 10:38:42,672 - Short Sell 960.00 shares at 21.49 on 2024-11-07 17:45:00+00:00
2024-11-11 10:38:42,672 - Short Sell 962.00 shares at 21.45 on 2024-11-07 18:00:00+00:00
2024-11-11 10:38:42,672 - Short Sell 963.00 shares at 21.44 on 2024-11-07 18:15:00+00:00
2024-11-11 10:38:42,672 - Short Sell 962.00 shares at 21.45 on 2024-11-07 18:30:00+00:00
2024-11-11 10:38:42,672 - Short Sell 961.00 shares at 21.48 on 2024-11-07 18:45:00+00:00
2024-11-11 10:38:42,672 - Short Sell 957.00 shares at 21.54 on 2024-11-07 19:00:00+00:00
2024-11-11 10:38:42,672 - Short Sell 956.00 shares at 21.55 on 2024-11-07 19:15:00+00:00
2024-11-11 10:38:42,672 - Buy to cover -20221.00 shares at 21.53 on 2024-11-07 19:30:00+00:00 (Exit: Signal, Profit: -1891.5199999999504, Duration: 1365.0 minutes)
2024-11-11 10:38:42,672 - Short Sell 954.00 shares at 21.6 on 2024-11-07 19:45:00+00:00
2024-11-11 10:38:42,672 - Short Sell 953.00 shares at 21.63 on 2024-11-07 20:00:00+00:00
2024-11-11 10:38:42,672 - Short Sell 953.00 shares at 21.62 on 2024-11-07 20:15:00+00:00
2024-11-11 10:38:42,672 - Buy to cover -2860.00 shares at 21.54 on 2024-11-07 20:30:00+00:00 (Exit: Signal, Profit: 219.2500000000046, Duration: 45.0 minutes)
2024-11-11 10:38:42,672 - Long Buy 961.00 shares at 21.45 on 2024-11-07 20:45:00+00:00
2024-11-11 10:38:42,672 - Sell to close 961.00 shares at 21.66 on 2024-11-08 14:30:00+00:00 (Exit: Signal, Profit: 201.81000000000083, Duration: 1065.0 minutes)
2024-11-11 10:38:42,672 - Short Sell 949.00 shares at 21.74 on 2024-11-08 14:45:00+00:00
2024-11-11 10:38:42,672 - Short Sell 948.00 shares at 21.76 on 2024-11-08 15:00:00+00:00
2024-11-11 10:38:42,672 - Short Sell 951.00 shares at 21.68 on 2024-11-08 15:15:00+00:00
2024-11-11 10:38:42,672 - Short Sell 947.00 shares at 21.78 on 2024-11-08 15:30:00+00:00
2024-11-11 10:38:42,672 - Short Sell 942.00 shares at 21.89 on 2024-11-08 15:45:00+00:00
2024-11-11 10:38:42,672 - Short Sell 934.00 shares at 22.06 on 2024-11-08 16:00:00+00:00
2024-11-11 10:38:42,672 - Short Sell 930.00 shares at 22.14 on 2024-11-08 16:15:00+00:00
2024-11-11 10:38:42,672 - Short Sell 933.00 shares at 22.07 on 2024-11-08 16:30:00+00:00
2024-11-11 10:38:42,673 - Short Sell 931.00 shares at 22.12 on 2024-11-08 16:45:00+00:00
2024-11-11 10:38:42,673 - Short Sell 937.00 shares at 22.0 on 2024-11-08 17:00:00+00:00
2024-11-11 10:38:42,673 - Short Sell 932.00 shares at 22.09 on 2024-11-08 17:15:00+00:00
2024-11-11 10:38:42,673 - Short Sell 934.00 shares at 22.05 on 2024-11-08 17:30:00+00:00
2024-11-11 10:38:42,673 - Short Sell 931.00 shares at 22.11 on 2024-11-08 17:45:00+00:00
2024-11-11 10:38:42,673 - Short Sell 932.00 shares at 22.1 on 2024-11-08 18:00:00+00:00
2024-11-11 10:38:42,673 - Short Sell 934.00 shares at 22.05 on 2024-11-08 18:15:00+00:00
2024-11-11 10:38:42,673 - Short Sell 934.00 shares at 22.05 on 2024-11-08 18:30:00+00:00
2024-11-11 10:38:42,673 - Short Sell 933.00 shares at 22.07 on 2024-11-08 18:45:00+00:00
2024-11-11 10:38:42,673 - Short Sell 929.00 shares at 22.15 on 2024-11-08 19:00:00+00:00
2024-11-11 10:38:42,673 - Short Sell 932.00 shares at 22.1 on 2024-11-08 19:15:00+00:00
2024-11-11 10:38:42,673 - Short Sell 933.00 shares at 22.07 on 2024-11-08 19:30:00+00:00
2024-11-11 10:38:42,673 - Short Sell 933.00 shares at 22.07 on 2024-11-08 19:45:00+00:00
2024-11-11 10:38:42,673 - Short Sell 935.00 shares at 22.05 on 2024-11-08 20:00:00+00:00
2024-11-11 10:38:42,673 - Short Sell 934.00 shares at 22.06 on 2024-11-08 20:15:00+00:00
2024-11-11 10:38:42,673 - Short Sell 928.00 shares at 22.16 on 2024-11-08 20:30:00+00:00
2024-11-11 10:38:42,675 - Final statisticsStock: HPE, 
total_trades: 43, 
winning_trades: 36, 
losing_trades: 7, 
average_return: 0.004618022941756766, 
average_duration: 843.1395348837209, 
final_balance: 1526105.1799999985, 
final_portfolio_value: 1030725.8199999986, 
sharpe_ratio: 12.490040059663716, 



