2024-11-11 10:40:08,283 - Starting GBMStrategy with initial capital: 1000000
2024-11-11 10:40:08,283 - Hyperparameters: {'threshold': 1, 'time_periods': 30, 'num_simulations': 150}
2024-11-11 10:41:35,958 - Long Buy 963.00 shares at 20.75 on 2024-10-11 14:30:00+00:00
2024-11-11 10:41:35,959 - Long Buy 946.00 shares at 20.71 on 2024-10-11 14:45:00+00:00
2024-11-11 10:41:35,960 - Long Buy 927.00 shares at 20.71 on 2024-10-11 15:15:00+00:00
2024-11-11 10:41:35,960 - Long Buy 909.00 shares at 20.7 on 2024-10-11 15:30:00+00:00
2024-11-11 10:41:35,960 - Long Buy 891.00 shares at 20.69 on 2024-10-11 15:45:00+00:00
2024-11-11 10:41:35,960 - Long Buy 873.00 shares at 20.7 on 2024-10-11 16:00:00+00:00
2024-11-11 10:41:35,960 - Long Buy 855.00 shares at 20.7 on 2024-10-11 16:15:00+00:00
2024-11-11 10:41:35,960 - Long Buy 840.00 shares at 20.67 on 2024-10-11 16:30:00+00:00
2024-11-11 10:41:35,960 - Long Buy 822.00 shares at 20.68 on 2024-10-11 16:45:00+00:00
2024-11-11 10:41:35,960 - Long Buy 806.00 shares at 20.68 on 2024-10-11 17:00:00+00:00
2024-11-11 10:41:35,960 - Long Buy 788.00 shares at 20.72 on 2024-10-11 17:15:00+00:00
2024-11-11 10:41:35,960 - Long Buy 774.00 shares at 20.68 on 2024-10-11 19:45:00+00:00
2024-11-11 10:41:35,961 - Sell to close 10394.00 shares at 20.87 on 2024-10-14 13:45:00+00:00 (Exit: Signal, Profit: 1766.4899999999966, Duration: 4275.0 minutes)
2024-11-11 10:41:35,961 - Long Buy 968.00 shares at 20.69 on 2024-10-14 14:00:00+00:00
2024-11-11 10:41:35,961 - Long Buy 949.00 shares at 20.68 on 2024-10-14 14:15:00+00:00
2024-11-11 10:41:35,961 - Long Buy 929.00 shares at 20.71 on 2024-10-14 14:30:00+00:00
2024-11-11 10:41:35,961 - Long Buy 910.00 shares at 20.7 on 2024-10-14 14:45:00+00:00
2024-11-11 10:41:35,961 - Long Buy 893.00 shares at 20.68 on 2024-10-14 15:30:00+00:00
2024-11-11 10:41:35,961 - Long Buy 874.00 shares at 20.72 on 2024-10-14 15:45:00+00:00
2024-11-11 10:41:35,961 - Long Buy 857.00 shares at 20.69 on 2024-10-14 16:00:00+00:00
2024-11-11 10:41:35,961 - Long Buy 839.00 shares at 20.73 on 2024-10-14 16:15:00+00:00
2024-11-11 10:41:35,961 - Long Buy 822.00 shares at 20.72 on 2024-10-14 16:30:00+00:00
2024-11-11 10:41:35,961 - Long Buy 805.00 shares at 20.73 on 2024-10-14 17:00:00+00:00
2024-11-11 10:41:35,961 - Long Buy 789.00 shares at 20.73 on 2024-10-14 17:15:00+00:00
2024-11-11 10:41:35,961 - Long Buy 775.00 shares at 20.7 on 2024-10-14 17:30:00+00:00
2024-11-11 10:41:35,961 - Long Buy 759.00 shares at 20.71 on 2024-10-14 17:45:00+00:00
2024-11-11 10:41:35,961 - Long Buy 743.00 shares at 20.72 on 2024-10-14 18:15:00+00:00
2024-11-11 10:41:35,961 - Long Buy 728.00 shares at 20.72 on 2024-10-14 18:30:00+00:00
2024-11-11 10:41:35,961 - Long Buy 714.00 shares at 20.71 on 2024-10-14 19:15:00+00:00
2024-11-11 10:41:35,961 - Sell to close 13354.00 shares at 20.89 on 2024-10-15 13:30:00+00:00 (Exit: Signal, Profit: 2432.000000000062, Duration: 1410.0 minutes)
2024-11-11 10:41:35,961 - Short Sell 960.00 shares at 20.91 on 2024-10-15 13:45:00+00:00
2024-11-11 10:41:35,962 - Short Sell 958.00 shares at 20.96 on 2024-10-15 14:00:00+00:00
2024-11-11 10:41:35,962 - Short Sell 959.00 shares at 20.94 on 2024-10-15 14:15:00+00:00
2024-11-11 10:41:35,962 - Short Sell 962.00 shares at 20.88 on 2024-10-15 14:30:00+00:00
2024-11-11 10:41:35,962 - Short Sell 962.00 shares at 20.88 on 2024-10-15 14:45:00+00:00
2024-11-11 10:41:35,962 - Buy to cover -4801.00 shares at 20.74 on 2024-10-15 16:30:00+00:00 (Exit: Signal, Profit: 835.120000000011, Duration: 165.0 minutes)
2024-11-11 10:41:35,962 - Long Buy 970.00 shares at 20.71 on 2024-10-15 16:45:00+00:00
2024-11-11 10:41:35,962 - Long Buy 951.00 shares at 20.71 on 2024-10-15 17:00:00+00:00
2024-11-11 10:41:35,962 - Long Buy 933.00 shares at 20.69 on 2024-10-15 17:15:00+00:00
2024-11-11 10:41:35,962 - Long Buy 913.00 shares at 20.72 on 2024-10-15 17:30:00+00:00
2024-11-11 10:41:35,962 - Long Buy 896.00 shares at 20.69 on 2024-10-15 17:45:00+00:00
2024-11-11 10:41:35,962 - Long Buy 878.00 shares at 20.68 on 2024-10-15 18:00:00+00:00
2024-11-11 10:41:35,962 - Long Buy 860.00 shares at 20.7 on 2024-10-15 18:15:00+00:00
2024-11-11 10:41:35,962 - Long Buy 841.00 shares at 20.73 on 2024-10-15 18:30:00+00:00
2024-11-11 10:41:35,962 - Long Buy 824.00 shares at 20.73 on 2024-10-15 19:00:00+00:00
2024-11-11 10:41:35,962 - Sell to close 8066.00 shares at 20.82 on 2024-10-15 19:30:00+00:00 (Exit: Signal, Profit: 916.3500000000191, Duration: 165.0 minutes)
2024-11-11 10:41:35,962 - Short Sell 965.00 shares at 20.84 on 2024-10-16 14:00:00+00:00
2024-11-11 10:41:35,963 - Short Sell 963.00 shares at 20.89 on 2024-10-16 14:15:00+00:00
2024-11-11 10:41:35,963 - Short Sell 963.00 shares at 20.88 on 2024-10-16 14:30:00+00:00
2024-11-11 10:41:35,963 - Short Sell 961.00 shares at 20.92 on 2024-10-16 14:45:00+00:00
2024-11-11 10:41:35,963 - Short Sell 961.00 shares at 20.93 on 2024-10-16 15:00:00+00:00
2024-11-11 10:41:35,963 - Short Sell 964.00 shares at 20.86 on 2024-10-16 15:15:00+00:00
2024-11-11 10:41:35,963 - Short Sell 964.00 shares at 20.86 on 2024-10-16 15:30:00+00:00
2024-11-11 10:41:35,963 - Short Sell 964.00 shares at 20.87 on 2024-10-16 15:45:00+00:00
2024-11-11 10:41:35,963 - Short Sell 965.00 shares at 20.84 on 2024-10-16 17:30:00+00:00
2024-11-11 10:41:35,963 - Short Sell 967.00 shares at 20.81 on 2024-10-16 17:45:00+00:00
2024-11-11 10:41:35,963 - Short Sell 965.00 shares at 20.85 on 2024-10-16 18:00:00+00:00
2024-11-11 10:41:35,963 - Short Sell 965.00 shares at 20.85 on 2024-10-16 18:15:00+00:00
2024-11-11 10:41:35,963 - Short Sell 965.00 shares at 20.85 on 2024-10-16 18:30:00+00:00
2024-11-11 10:41:35,963 - Short Sell 963.00 shares at 20.88 on 2024-10-16 18:45:00+00:00
2024-11-11 10:41:35,963 - Short Sell 961.00 shares at 20.91 on 2024-10-16 19:00:00+00:00
2024-11-11 10:41:35,963 - Short Sell 961.00 shares at 20.92 on 2024-10-16 19:15:00+00:00
2024-11-11 10:41:35,963 - Short Sell 963.00 shares at 20.88 on 2024-10-16 19:30:00+00:00
2024-11-11 10:41:35,963 - Short Sell 962.00 shares at 20.89 on 2024-10-16 19:45:00+00:00
2024-11-11 10:41:35,963 - Buy to cover -17342.00 shares at 20.76 on 2024-10-17 13:30:00+00:00 (Exit: Signal, Profit: 1974.1099999999296, Duration: 1410.0 minutes)
2024-11-11 10:41:35,963 - Short Sell 962.00 shares at 20.94 on 2024-10-17 14:15:00+00:00
2024-11-11 10:41:35,963 - Short Sell 965.00 shares at 20.88 on 2024-10-17 14:30:00+00:00
2024-11-11 10:41:35,963 - Short Sell 965.00 shares at 20.87 on 2024-10-17 14:45:00+00:00
2024-11-11 10:41:35,963 - Short Sell 960.00 shares at 20.98 on 2024-10-17 15:00:00+00:00
2024-11-11 10:41:35,964 - Short Sell 961.00 shares at 20.96 on 2024-10-17 15:15:00+00:00
2024-11-11 10:41:35,964 - Short Sell 963.00 shares at 20.92 on 2024-10-17 15:30:00+00:00
2024-11-11 10:41:35,964 - Short Sell 965.00 shares at 20.88 on 2024-10-17 15:45:00+00:00
2024-11-11 10:41:35,964 - Short Sell 965.00 shares at 20.88 on 2024-10-17 16:00:00+00:00
2024-11-11 10:41:35,964 - Short Sell 962.00 shares at 20.94 on 2024-10-17 16:15:00+00:00
2024-11-11 10:41:35,964 - Short Sell 961.00 shares at 20.95 on 2024-10-17 16:30:00+00:00
2024-11-11 10:41:35,964 - Short Sell 960.00 shares at 20.97 on 2024-10-17 16:45:00+00:00
2024-11-11 10:41:35,964 - Short Sell 961.00 shares at 20.96 on 2024-10-17 17:00:00+00:00
2024-11-11 10:41:35,964 - Short Sell 964.00 shares at 20.91 on 2024-10-17 17:15:00+00:00
2024-11-11 10:41:35,964 - Short Sell 965.00 shares at 20.88 on 2024-10-17 17:30:00+00:00
2024-11-11 10:41:35,964 - Short Sell 964.00 shares at 20.9 on 2024-10-17 17:45:00+00:00
2024-11-11 10:41:35,964 - Short Sell 966.00 shares at 20.87 on 2024-10-17 18:00:00+00:00
2024-11-11 10:41:35,964 - Buy to cover -15409.00 shares at 20.83 on 2024-10-17 18:30:00+00:00 (Exit: Signal, Profit: 1356.7299999999607, Duration: 255.0 minutes)
2024-11-11 10:41:35,964 - Short Sell 967.00 shares at 20.87 on 2024-10-17 18:45:00+00:00
2024-11-11 10:41:35,964 - Short Sell 967.00 shares at 20.87 on 2024-10-17 19:00:00+00:00
2024-11-11 10:41:35,964 - Short Sell 966.00 shares at 20.88 on 2024-10-17 19:15:00+00:00
2024-11-11 10:41:35,964 - Short Sell 966.00 shares at 20.88 on 2024-10-17 19:30:00+00:00
2024-11-11 10:41:35,964 - Short Sell 964.00 shares at 20.93 on 2024-10-17 19:45:00+00:00
2024-11-11 10:41:35,964 - Short Sell 967.00 shares at 20.87 on 2024-10-18 13:30:00+00:00
2024-11-11 10:41:35,964 - Buy to cover -5797.00 shares at 20.61 on 2024-10-18 13:45:00+00:00 (Exit: Signal, Profit: 1584.3800000000213, Duration: 1140.0 minutes)
2024-11-11 10:41:35,964 - Long Buy 980.00 shares at 20.61 on 2024-10-18 14:00:00+00:00
2024-11-11 10:41:35,964 - Long Buy 962.00 shares at 20.59 on 2024-10-18 14:15:00+00:00
2024-11-11 10:41:35,965 - Long Buy 942.00 shares at 20.61 on 2024-10-18 14:30:00+00:00
2024-11-11 10:41:35,965 - Long Buy 928.00 shares at 20.5 on 2024-10-18 14:45:00+00:00
2024-11-11 10:41:35,965 - Long Buy 910.00 shares at 20.48 on 2024-10-18 15:00:00+00:00
2024-11-11 10:41:35,965 - Long Buy 893.00 shares at 20.45 on 2024-10-18 15:15:00+00:00
2024-11-11 10:41:35,965 - Long Buy 877.00 shares at 20.42 on 2024-10-18 15:30:00+00:00
2024-11-11 10:41:35,965 - Long Buy 859.00 shares at 20.41 on 2024-10-18 15:45:00+00:00
2024-11-11 10:41:35,965 - Long Buy 842.00 shares at 20.42 on 2024-10-18 16:00:00+00:00
2024-11-11 10:41:35,965 - Long Buy 820.00 shares at 20.55 on 2024-10-18 16:15:00+00:00
2024-11-11 10:41:35,965 - Long Buy 803.00 shares at 20.55 on 2024-10-18 16:30:00+00:00
2024-11-11 10:41:35,965 - Long Buy 784.00 shares at 20.63 on 2024-10-18 16:45:00+00:00
2024-11-11 10:41:35,965 - Long Buy 768.00 shares at 20.64 on 2024-10-18 17:00:00+00:00
2024-11-11 10:41:35,965 - Long Buy 753.00 shares at 20.63 on 2024-10-18 17:15:00+00:00
2024-11-11 10:41:35,965 - Long Buy 736.00 shares at 20.69 on 2024-10-18 17:30:00+00:00
2024-11-11 10:41:35,965 - Long Buy 721.00 shares at 20.7 on 2024-10-18 17:45:00+00:00
2024-11-11 10:41:35,965 - Long Buy 707.00 shares at 20.68 on 2024-10-18 18:00:00+00:00
2024-11-11 10:41:35,965 - Long Buy 693.00 shares at 20.68 on 2024-10-18 18:15:00+00:00
2024-11-11 10:41:35,965 - Long Buy 679.00 shares at 20.69 on 2024-10-18 18:30:00+00:00
2024-11-11 10:41:35,965 - Long Buy 663.00 shares at 20.75 on 2024-10-18 18:45:00+00:00
2024-11-11 10:41:35,965 - Long Buy 650.00 shares at 20.75 on 2024-10-18 19:00:00+00:00
2024-11-11 10:41:35,965 - Long Buy 638.00 shares at 20.73 on 2024-10-18 19:15:00+00:00
2024-11-11 10:41:35,965 - Long Buy 627.00 shares at 20.67 on 2024-10-18 19:30:00+00:00
2024-11-11 10:41:35,965 - Long Buy 614.00 shares at 20.69 on 2024-10-18 19:45:00+00:00
2024-11-11 10:41:35,965 - Long Buy 606.00 shares at 20.52 on 2024-10-21 13:30:00+00:00
2024-11-11 10:41:35,965 - Long Buy 597.00 shares at 20.44 on 2024-10-21 13:45:00+00:00
2024-11-11 10:41:35,965 - Long Buy 583.00 shares at 20.5 on 2024-10-21 14:00:00+00:00
2024-11-11 10:41:35,965 - Long Buy 575.00 shares at 20.36 on 2024-10-21 14:15:00+00:00
2024-11-11 10:41:35,965 - Long Buy 566.00 shares at 20.29 on 2024-10-21 14:30:00+00:00
2024-11-11 10:41:35,965 - Long Buy 555.00 shares at 20.26 on 2024-10-21 14:45:00+00:00
2024-11-11 10:41:35,965 - Long Buy 543.00 shares at 20.29 on 2024-10-21 15:00:00+00:00
2024-11-11 10:41:35,966 - Long Buy 535.00 shares at 20.21 on 2024-10-21 15:15:00+00:00
2024-11-11 10:41:35,966 - Long Buy 526.00 shares at 20.14 on 2024-10-21 15:30:00+00:00
2024-11-11 10:41:35,966 - Long Buy 513.00 shares at 20.21 on 2024-10-21 15:45:00+00:00
2024-11-11 10:41:35,966 - Long Buy 504.00 shares at 20.19 on 2024-10-21 16:00:00+00:00
2024-11-11 10:41:35,966 - Long Buy 495.00 shares at 20.13 on 2024-10-21 16:15:00+00:00
2024-11-11 10:41:35,966 - Sell to close 25447.00 shares at 20.07 on 2024-10-21 16:30:00+00:00 (Exit: Stop_loss, Profit: -11411.339999999835, Duration: 4470.0 minutes)
2024-11-11 10:41:35,966 - Long Buy 1014.00 shares at 19.71 on 2024-10-22 13:30:00+00:00
2024-11-11 10:41:35,966 - Long Buy 995.00 shares at 19.67 on 2024-10-22 13:45:00+00:00
2024-11-11 10:41:35,966 - Long Buy 976.00 shares at 19.66 on 2024-10-22 14:00:00+00:00
2024-11-11 10:41:35,966 - Long Buy 958.00 shares at 19.62 on 2024-10-22 14:15:00+00:00
2024-11-11 10:41:35,966 - Long Buy 939.00 shares at 19.63 on 2024-10-22 14:30:00+00:00
2024-11-11 10:41:35,966 - Sell to close 4882.00 shares at 19.72 on 2024-10-22 15:00:00+00:00 (Exit: Signal, Profit: 298.7599999999985, Duration: 90.0 minutes)
2024-11-11 10:41:35,966 - Short Sell 1012.00 shares at 19.75 on 2024-10-22 15:15:00+00:00
2024-11-11 10:41:35,966 - Short Sell 1008.00 shares at 19.82 on 2024-10-22 15:30:00+00:00
2024-11-11 10:41:35,966 - Short Sell 1008.00 shares at 19.82 on 2024-10-22 15:45:00+00:00
2024-11-11 10:41:35,966 - Short Sell 1007.00 shares at 19.84 on 2024-10-22 16:00:00+00:00
2024-11-11 10:41:35,966 - Short Sell 1007.00 shares at 19.85 on 2024-10-22 16:15:00+00:00
2024-11-11 10:41:35,966 - Short Sell 1006.00 shares at 19.86 on 2024-10-22 16:30:00+00:00
2024-11-11 10:41:35,966 - Short Sell 1006.00 shares at 19.86 on 2024-10-22 16:45:00+00:00
2024-11-11 10:41:35,966 - Short Sell 1008.00 shares at 19.82 on 2024-10-22 17:00:00+00:00
2024-11-11 10:41:35,967 - Short Sell 1008.00 shares at 19.82 on 2024-10-22 17:15:00+00:00
2024-11-11 10:41:35,967 - Short Sell 1007.00 shares at 19.85 on 2024-10-22 17:30:00+00:00
2024-11-11 10:41:35,967 - Short Sell 1005.00 shares at 19.87 on 2024-10-22 17:45:00+00:00
2024-11-11 10:41:35,967 - Short Sell 1007.00 shares at 19.85 on 2024-10-22 18:00:00+00:00
2024-11-11 10:41:35,967 - Short Sell 1007.00 shares at 19.84 on 2024-10-22 18:15:00+00:00
2024-11-11 10:41:35,967 - Short Sell 1009.00 shares at 19.82 on 2024-10-22 18:30:00+00:00
2024-11-11 10:41:35,967 - Short Sell 1009.00 shares at 19.82 on 2024-10-22 18:45:00+00:00
2024-11-11 10:41:35,967 - Short Sell 1005.00 shares at 19.88 on 2024-10-22 19:00:00+00:00
2024-11-11 10:41:35,967 - Short Sell 1005.00 shares at 19.88 on 2024-10-22 19:15:00+00:00
2024-11-11 10:41:35,967 - Short Sell 1004.00 shares at 19.89 on 2024-10-22 19:30:00+00:00
2024-11-11 10:41:35,967 - Short Sell 1003.00 shares at 19.9 on 2024-10-22 19:45:00+00:00
2024-11-11 10:41:35,967 - Short Sell 1009.00 shares at 19.82 on 2024-10-23 13:30:00+00:00
2024-11-11 10:41:35,967 - Short Sell 1012.00 shares at 19.78 on 2024-10-23 13:45:00+00:00
2024-11-11 10:41:35,967 - Short Sell 1015.00 shares at 19.73 on 2024-10-23 14:00:00+00:00
2024-11-11 10:41:35,967 - Buy to cover -22167.00 shares at 19.6 on 2024-10-23 15:00:00+00:00 (Exit: Signal, Profit: 5206.830000000122, Duration: 1425.0 minutes)
2024-11-11 10:41:35,967 - Long Buy 1025.00 shares at 19.6 on 2024-10-23 15:15:00+00:00
2024-11-11 10:41:35,967 - Long Buy 1006.00 shares at 19.57 on 2024-10-23 15:30:00+00:00
2024-11-11 10:41:35,967 - Long Buy 986.00 shares at 19.56 on 2024-10-23 15:45:00+00:00
2024-11-11 10:41:35,967 - Long Buy 971.00 shares at 19.48 on 2024-10-23 16:00:00+00:00
2024-11-11 10:41:35,967 - Long Buy 953.00 shares at 19.45 on 2024-10-23 16:15:00+00:00
2024-11-11 10:41:35,967 - Long Buy 933.00 shares at 19.46 on 2024-10-23 16:30:00+00:00
2024-11-11 10:41:35,967 - Long Buy 914.00 shares at 19.46 on 2024-10-23 16:45:00+00:00
2024-11-11 10:41:35,967 - Long Buy 900.00 shares at 19.38 on 2024-10-23 17:00:00+00:00
2024-11-11 10:41:35,967 - Long Buy 881.00 shares at 19.4 on 2024-10-23 17:15:00+00:00
2024-11-11 10:41:35,968 - Long Buy 866.00 shares at 19.34 on 2024-10-23 17:30:00+00:00
2024-11-11 10:41:35,968 - Long Buy 849.00 shares at 19.34 on 2024-10-23 17:45:00+00:00
2024-11-11 10:41:35,968 - Long Buy 834.00 shares at 19.28 on 2024-10-23 18:00:00+00:00
2024-11-11 10:41:35,968 - Long Buy 818.00 shares at 19.27 on 2024-10-23 18:15:00+00:00
2024-11-11 10:41:35,968 - Long Buy 801.00 shares at 19.29 on 2024-10-23 18:30:00+00:00
2024-11-11 10:41:35,968 - Long Buy 785.00 shares at 19.29 on 2024-10-23 18:45:00+00:00
2024-11-11 10:41:35,968 - Long Buy 769.00 shares at 19.3 on 2024-10-23 19:00:00+00:00
2024-11-11 10:41:35,968 - Long Buy 754.00 shares at 19.29 on 2024-10-23 19:15:00+00:00
2024-11-11 10:41:35,968 - Long Buy 738.00 shares at 19.3 on 2024-10-23 19:30:00+00:00
2024-11-11 10:41:35,968 - Long Buy 724.00 shares at 19.3 on 2024-10-23 19:45:00+00:00
2024-11-11 10:41:35,968 - Long Buy 707.00 shares at 19.35 on 2024-10-24 13:30:00+00:00
2024-11-11 10:41:35,968 - Long Buy 692.00 shares at 19.39 on 2024-10-24 13:45:00+00:00
2024-11-11 10:41:35,968 - Long Buy 680.00 shares at 19.33 on 2024-10-24 14:00:00+00:00
2024-11-11 10:41:35,968 - Long Buy 667.00 shares at 19.3 on 2024-10-24 14:15:00+00:00
2024-11-11 10:41:35,968 - Long Buy 653.00 shares at 19.33 on 2024-10-24 14:30:00+00:00
2024-11-11 10:41:35,968 - Long Buy 641.00 shares at 19.3 on 2024-10-24 14:45:00+00:00
2024-11-11 10:41:35,968 - Long Buy 626.00 shares at 19.36 on 2024-10-24 15:00:00+00:00
2024-11-11 10:41:35,968 - Long Buy 615.00 shares at 19.32 on 2024-10-24 15:15:00+00:00
2024-11-11 10:41:35,968 - Long Buy 603.00 shares at 19.32 on 2024-10-24 15:30:00+00:00
2024-11-11 10:41:35,968 - Long Buy 590.00 shares at 19.34 on 2024-10-24 15:45:00+00:00
2024-11-11 10:41:35,968 - Long Buy 579.00 shares at 19.3 on 2024-10-24 16:00:00+00:00
2024-11-11 10:41:35,968 - Long Buy 567.00 shares at 19.32 on 2024-10-24 16:30:00+00:00
2024-11-11 10:41:35,968 - Sell to close 24127.00 shares at 19.39 on 2024-10-24 17:30:00+00:00 (Exit: Signal, Profit: 324.1400000000901, Duration: 1575.0 minutes)
2024-11-11 10:41:35,968 - Short Sell 1037.00 shares at 19.37 on 2024-10-24 18:00:00+00:00
2024-11-11 10:41:35,969 - Buy to cover -1037.00 shares at 19.3 on 2024-10-24 18:15:00+00:00 (Exit: Signal, Profit: 72.59000000000029, Duration: 15.0 minutes)
2024-11-11 10:41:35,969 - Long Buy 1042.00 shares at 19.28 on 2024-10-24 18:30:00+00:00
2024-11-11 10:41:35,969 - Long Buy 1023.00 shares at 19.26 on 2024-10-24 18:45:00+00:00
2024-11-11 10:41:35,969 - Long Buy 1001.00 shares at 19.29 on 2024-10-24 19:00:00+00:00
2024-11-11 10:41:35,969 - Sell to close 3066.00 shares at 19.41 on 2024-10-24 19:45:00+00:00 (Exit: Signal, Profit: 409.02999999999736, Duration: 75.0 minutes)
2024-11-11 10:41:35,969 - Short Sell 1022.00 shares at 19.68 on 2024-10-25 13:30:00+00:00
2024-11-11 10:41:35,969 - Short Sell 1020.00 shares at 19.71 on 2024-10-25 13:45:00+00:00
2024-11-11 10:41:35,969 - Short Sell 1020.00 shares at 19.71 on 2024-10-25 14:00:00+00:00
2024-11-11 10:41:35,969 - Short Sell 1014.00 shares at 19.82 on 2024-10-25 14:15:00+00:00
2024-11-11 10:41:35,969 - Short Sell 1016.00 shares at 19.78 on 2024-10-25 14:30:00+00:00
2024-11-11 10:41:35,969 - Short Sell 1017.00 shares at 19.76 on 2024-10-25 14:45:00+00:00
2024-11-11 10:41:35,969 - Short Sell 1016.00 shares at 19.79 on 2024-10-25 15:00:00+00:00
2024-11-11 10:41:35,969 - Short Sell 1020.00 shares at 19.71 on 2024-10-25 15:15:00+00:00
2024-11-11 10:41:35,969 - Short Sell 1020.00 shares at 19.71 on 2024-10-25 15:30:00+00:00
2024-11-11 10:41:35,969 - Short Sell 1022.00 shares at 19.69 on 2024-10-25 15:45:00+00:00
2024-11-11 10:41:35,969 - Short Sell 1023.00 shares at 19.66 on 2024-10-25 16:00:00+00:00
2024-11-11 10:41:35,969 - Short Sell 1025.00 shares at 19.63 on 2024-10-25 16:15:00+00:00
2024-11-11 10:41:35,969 - Short Sell 1025.00 shares at 19.64 on 2024-10-25 16:30:00+00:00
2024-11-11 10:41:35,969 - Short Sell 1025.00 shares at 19.64 on 2024-10-25 16:45:00+00:00
2024-11-11 10:41:35,969 - Buy to cover -14285.00 shares at 19.61 on 2024-10-25 17:00:00+00:00 (Exit: Signal, Profit: 1415.5400000000338, Duration: 210.0 minutes)
2024-11-11 10:41:35,969 - Long Buy 1030.00 shares at 19.55 on 2024-10-25 17:15:00+00:00
2024-11-11 10:41:35,969 - Long Buy 1010.00 shares at 19.54 on 2024-10-25 17:30:00+00:00
2024-11-11 10:41:35,970 - Long Buy 989.00 shares at 19.55 on 2024-10-25 17:45:00+00:00
2024-11-11 10:41:35,970 - Long Buy 970.00 shares at 19.54 on 2024-10-25 18:00:00+00:00
2024-11-11 10:41:35,970 - Long Buy 950.00 shares at 19.55 on 2024-10-25 18:15:00+00:00
2024-11-11 10:41:35,970 - Long Buy 930.00 shares at 19.57 on 2024-10-25 18:30:00+00:00
2024-11-11 10:41:35,970 - Long Buy 911.00 shares at 19.57 on 2024-10-25 18:45:00+00:00
2024-11-11 10:41:35,970 - Long Buy 893.00 shares at 19.57 on 2024-10-25 19:00:00+00:00
2024-11-11 10:41:35,970 - Long Buy 877.00 shares at 19.54 on 2024-10-25 19:15:00+00:00
2024-11-11 10:41:35,970 - Long Buy 860.00 shares at 19.52 on 2024-10-25 19:30:00+00:00
2024-11-11 10:41:35,970 - Long Buy 846.00 shares at 19.45 on 2024-10-25 19:45:00+00:00
2024-11-11 10:41:35,970 - Long Buy 825.00 shares at 19.54 on 2024-10-28 13:30:00+00:00
2024-11-11 10:41:35,970 - Sell to close 11091.00 shares at 19.73 on 2024-10-28 13:45:00+00:00 (Exit: Signal, Profit: 2088.919999999996, Duration: 4110.0 minutes)
2024-11-11 10:41:35,970 - Short Sell 1022.00 shares at 19.75 on 2024-10-28 14:00:00+00:00
2024-11-11 10:41:35,970 - Short Sell 1023.00 shares at 19.73 on 2024-10-28 14:15:00+00:00
2024-11-11 10:41:35,970 - Short Sell 1020.00 shares at 19.78 on 2024-10-28 14:30:00+00:00
2024-11-11 10:41:35,970 - Short Sell 1020.00 shares at 19.77 on 2024-10-28 14:45:00+00:00
2024-11-11 10:41:35,970 - Short Sell 1018.00 shares at 19.82 on 2024-10-28 15:00:00+00:00
2024-11-11 10:41:35,970 - Short Sell 1019.00 shares at 19.8 on 2024-10-28 15:15:00+00:00
2024-11-11 10:41:35,970 - Short Sell 1021.00 shares at 19.77 on 2024-10-28 15:30:00+00:00
2024-11-11 10:41:35,970 - Short Sell 1018.00 shares at 19.82 on 2024-10-28 15:45:00+00:00
2024-11-11 10:41:35,970 - Short Sell 1016.00 shares at 19.85 on 2024-10-28 16:00:00+00:00
2024-11-11 10:41:35,970 - Short Sell 1015.00 shares at 19.86 on 2024-10-28 16:15:00+00:00
2024-11-11 10:41:35,970 - Short Sell 1016.00 shares at 19.85 on 2024-10-28 16:30:00+00:00
2024-11-11 10:41:35,970 - Short Sell 1016.00 shares at 19.84 on 2024-10-28 16:45:00+00:00
2024-11-11 10:41:35,970 - Short Sell 1020.00 shares at 19.79 on 2024-10-28 17:00:00+00:00
2024-11-11 10:41:35,970 - Short Sell 1018.00 shares at 19.82 on 2024-10-28 17:15:00+00:00
2024-11-11 10:41:35,970 - Short Sell 1016.00 shares at 19.85 on 2024-10-28 17:30:00+00:00
2024-11-11 10:41:35,971 - Short Sell 1014.00 shares at 19.88 on 2024-10-28 17:45:00+00:00
2024-11-11 10:41:35,971 - Buy to cover -16292.00 shares at 19.84 on 2024-10-28 18:00:00+00:00 (Exit: Signal, Profit: -470.08000000005956, Duration: 240.0 minutes)
2024-11-11 10:41:35,971 - Long Buy 1016.00 shares at 19.84 on 2024-10-28 18:15:00+00:00
2024-11-11 10:41:35,971 - Long Buy 997.00 shares at 19.83 on 2024-10-28 18:30:00+00:00
2024-11-11 10:41:35,971 - Long Buy 977.00 shares at 19.82 on 2024-10-28 18:45:00+00:00
2024-11-11 10:41:35,971 - Long Buy 958.00 shares at 19.82 on 2024-10-28 19:00:00+00:00
2024-11-11 10:41:35,971 - Long Buy 938.00 shares at 19.82 on 2024-10-28 19:15:00+00:00
2024-11-11 10:41:35,971 - Long Buy 921.00 shares at 19.79 on 2024-10-28 19:30:00+00:00
2024-11-11 10:41:35,971 - Long Buy 905.00 shares at 19.74 on 2024-10-28 19:45:00+00:00
2024-11-11 10:41:35,971 - Long Buy 886.00 shares at 19.76 on 2024-10-29 13:30:00+00:00
2024-11-11 10:41:35,971 - Long Buy 866.00 shares at 19.82 on 2024-10-29 13:45:00+00:00
2024-11-11 10:41:35,972 - Sell to close 8464.00 shares at 19.92 on 2024-10-29 14:15:00+00:00 (Exit: Signal, Profit: 969.3000000000659, Duration: 1200.0 minutes)
2024-11-11 10:41:35,972 - Short Sell 1013.00 shares at 19.93 on 2024-10-29 14:30:00+00:00
2024-11-11 10:41:35,972 - Short Sell 1013.00 shares at 19.92 on 2024-10-29 15:00:00+00:00
2024-11-11 10:41:35,972 - Short Sell 1013.00 shares at 19.93 on 2024-10-29 15:30:00+00:00
2024-11-11 10:41:35,972 - Short Sell 1013.00 shares at 19.92 on 2024-10-29 16:15:00+00:00
2024-11-11 10:41:35,972 - Short Sell 1013.00 shares at 19.93 on 2024-10-29 16:30:00+00:00
2024-11-11 10:41:35,972 - Short Sell 1013.00 shares at 19.93 on 2024-10-29 16:45:00+00:00
2024-11-11 10:41:35,972 - Short Sell 1013.00 shares at 19.93 on 2024-10-29 17:00:00+00:00
2024-11-11 10:41:35,973 - Short Sell 1013.00 shares at 19.93 on 2024-10-29 17:45:00+00:00
2024-11-11 10:41:35,973 - Short Sell 1013.00 shares at 19.93 on 2024-10-29 18:00:00+00:00
2024-11-11 10:41:35,973 - Short Sell 1012.00 shares at 19.94 on 2024-10-29 18:15:00+00:00
2024-11-11 10:41:35,973 - Short Sell 1012.00 shares at 19.95 on 2024-10-29 18:30:00+00:00
2024-11-11 10:41:35,973 - Short Sell 1011.00 shares at 19.96 on 2024-10-29 18:45:00+00:00
2024-11-11 10:41:35,973 - Buy to cover -12152.00 shares at 19.96 on 2024-10-29 19:00:00+00:00 (Exit: Signal, Profit: -324.1299999999933, Duration: 270.0 minutes)
2024-11-11 10:41:35,973 - Long Buy 1012.00 shares at 19.94 on 2024-10-29 19:15:00+00:00
2024-11-11 10:41:35,973 - Long Buy 993.00 shares at 19.92 on 2024-10-29 19:30:00+00:00
2024-11-11 10:41:35,973 - Long Buy 975.00 shares at 19.87 on 2024-10-29 19:45:00+00:00
2024-11-11 10:41:35,973 - Sell to close 2980.00 shares at 20.27 on 2024-10-30 13:30:00+00:00 (Exit: Signal, Profit: 1071.5099999999989, Duration: 1095.0 minutes)
2024-11-11 10:41:35,973 - Short Sell 981.00 shares at 20.6 on 2024-10-30 13:45:00+00:00
2024-11-11 10:41:35,973 - Short Sell 972.00 shares at 20.77 on 2024-10-30 14:00:00+00:00
2024-11-11 10:41:35,973 - Short Sell 981.00 shares at 20.59 on 2024-10-30 14:15:00+00:00
2024-11-11 10:41:35,973 - Short Sell 992.00 shares at 20.38 on 2024-10-30 14:30:00+00:00
2024-11-11 10:41:35,973 - Short Sell 991.00 shares at 20.39 on 2024-10-30 14:45:00+00:00
2024-11-11 10:41:35,973 - Short Sell 993.00 shares at 20.37 on 2024-10-30 15:00:00+00:00
2024-11-11 10:41:35,973 - Short Sell 990.00 shares at 20.42 on 2024-10-30 15:15:00+00:00
2024-11-11 10:41:35,973 - Short Sell 989.00 shares at 20.44 on 2024-10-30 15:30:00+00:00
2024-11-11 10:41:35,973 - Short Sell 990.00 shares at 20.41 on 2024-10-30 15:45:00+00:00
2024-11-11 10:41:35,973 - Short Sell 988.00 shares at 20.46 on 2024-10-30 16:00:00+00:00
2024-11-11 10:41:35,973 - Short Sell 986.00 shares at 20.49 on 2024-10-30 16:15:00+00:00
2024-11-11 10:41:35,973 - Short Sell 979.00 shares at 20.61 on 2024-10-30 16:30:00+00:00
2024-11-11 10:41:35,973 - Short Sell 983.00 shares at 20.54 on 2024-10-30 16:45:00+00:00
2024-11-11 10:41:35,974 - Short Sell 982.00 shares at 20.55 on 2024-10-30 17:00:00+00:00
2024-11-11 10:41:35,974 - Short Sell 984.00 shares at 20.53 on 2024-10-30 17:15:00+00:00
2024-11-11 10:41:35,974 - Short Sell 990.00 shares at 20.43 on 2024-10-30 17:30:00+00:00
2024-11-11 10:41:35,974 - Short Sell 987.00 shares at 20.48 on 2024-10-30 17:45:00+00:00
2024-11-11 10:41:35,974 - Short Sell 987.00 shares at 20.48 on 2024-10-30 18:00:00+00:00
2024-11-11 10:41:35,974 - Short Sell 987.00 shares at 20.48 on 2024-10-30 18:15:00+00:00
2024-11-11 10:41:35,974 - Short Sell 988.00 shares at 20.46 on 2024-10-30 18:30:00+00:00
2024-11-11 10:41:35,974 - Short Sell 988.00 shares at 20.46 on 2024-10-30 18:45:00+00:00
2024-11-11 10:41:35,974 - Short Sell 989.00 shares at 20.44 on 2024-10-30 19:00:00+00:00
2024-11-11 10:41:35,974 - Short Sell 994.00 shares at 20.38 on 2024-10-30 19:15:00+00:00
2024-11-11 10:41:35,974 - Short Sell 996.00 shares at 20.35 on 2024-10-30 19:30:00+00:00
2024-11-11 10:41:35,974 - Short Sell 996.00 shares at 20.34 on 2024-10-30 19:45:00+00:00
2024-11-11 10:41:35,974 - Buy to cover -24683.00 shares at 20.02 on 2024-10-31 13:30:00+00:00 (Exit: Signal, Profit: 11193.200000000083, Duration: 1425.0 minutes)
2024-11-11 10:41:35,974 - Long Buy 1025.00 shares at 19.92 on 2024-10-31 13:45:00+00:00
2024-11-11 10:41:35,974 - Long Buy 1009.00 shares at 19.83 on 2024-10-31 14:00:00+00:00
2024-11-11 10:41:35,974 - Long Buy 990.00 shares at 19.82 on 2024-10-31 14:15:00+00:00
2024-11-11 10:41:35,974 - Long Buy 974.00 shares at 19.73 on 2024-10-31 14:30:00+00:00
2024-11-11 10:41:35,974 - Long Buy 956.00 shares at 19.71 on 2024-10-31 14:45:00+00:00
2024-11-11 10:41:35,974 - Long Buy 937.00 shares at 19.71 on 2024-10-31 15:00:00+00:00
2024-11-11 10:41:35,974 - Long Buy 917.00 shares at 19.73 on 2024-10-31 15:15:00+00:00
2024-11-11 10:41:35,974 - Long Buy 898.00 shares at 19.75 on 2024-10-31 15:30:00+00:00
2024-11-11 10:41:35,974 - Long Buy 881.00 shares at 19.73 on 2024-10-31 15:45:00+00:00
2024-11-11 10:41:35,974 - Long Buy 862.00 shares at 19.76 on 2024-10-31 16:00:00+00:00
2024-11-11 10:41:35,974 - Long Buy 843.00 shares at 19.79 on 2024-10-31 16:15:00+00:00
2024-11-11 10:41:35,974 - Long Buy 826.00 shares at 19.8 on 2024-10-31 16:30:00+00:00
2024-11-11 10:41:35,974 - Long Buy 811.00 shares at 19.77 on 2024-10-31 16:45:00+00:00
2024-11-11 10:41:35,974 - Long Buy 794.00 shares at 19.78 on 2024-10-31 17:00:00+00:00
2024-11-11 10:41:35,975 - Long Buy 778.00 shares at 19.79 on 2024-10-31 17:15:00+00:00
2024-11-11 10:41:35,975 - Long Buy 765.00 shares at 19.72 on 2024-10-31 17:30:00+00:00
2024-11-11 10:41:35,975 - Long Buy 752.00 shares at 19.66 on 2024-10-31 17:45:00+00:00
2024-11-11 10:41:35,975 - Long Buy 736.00 shares at 19.68 on 2024-10-31 18:00:00+00:00
2024-11-11 10:41:35,975 - Long Buy 722.00 shares at 19.66 on 2024-10-31 18:15:00+00:00
2024-11-11 10:41:35,975 - Long Buy 709.00 shares at 19.62 on 2024-10-31 18:30:00+00:00
2024-11-11 10:41:35,975 - Long Buy 694.00 shares at 19.66 on 2024-10-31 18:45:00+00:00
2024-11-11 10:41:35,975 - Long Buy 681.00 shares at 19.62 on 2024-10-31 19:00:00+00:00
2024-11-11 10:41:35,975 - Long Buy 667.00 shares at 19.64 on 2024-10-31 19:15:00+00:00
2024-11-11 10:41:35,975 - Long Buy 654.00 shares at 19.61 on 2024-10-31 19:30:00+00:00
2024-11-11 10:41:35,975 - Long Buy 645.00 shares at 19.49 on 2024-10-31 19:45:00+00:00
2024-11-11 10:41:35,975 - Long Buy 617.00 shares at 19.97 on 2024-11-01 13:30:00+00:00
2024-11-11 10:41:35,975 - Long Buy 604.00 shares at 20.0 on 2024-11-01 13:45:00+00:00
2024-11-11 10:41:35,975 - Long Buy 590.00 shares at 20.07 on 2024-11-01 14:00:00+00:00
2024-11-11 10:41:35,975 - Long Buy 577.00 shares at 20.1 on 2024-11-01 14:15:00+00:00
2024-11-11 10:41:35,975 - Long Buy 569.00 shares at 19.98 on 2024-11-01 14:30:00+00:00
2024-11-11 10:41:35,975 - Long Buy 555.00 shares at 20.07 on 2024-11-01 14:45:00+00:00
2024-11-11 10:41:35,975 - Sell to close 24038.00 shares at 20.21 on 2024-11-01 15:00:00+00:00 (Exit: Signal, Profit: 10506.530000000083, Duration: 1515.0 minutes)
2024-11-11 10:41:35,975 - Short Sell 1021.00 shares at 20.2 on 2024-11-01 15:15:00+00:00
2024-11-11 10:41:35,975 - Short Sell 1024.00 shares at 20.16 on 2024-11-01 15:30:00+00:00
2024-11-11 10:41:35,975 - Short Sell 1024.00 shares at 20.15 on 2024-11-01 16:00:00+00:00
2024-11-11 10:41:35,975 - Buy to cover -3069.00 shares at 20.02 on 2024-11-01 16:30:00+00:00 (Exit: Signal, Profit: 460.2599999999957, Duration: 75.0 minutes)
2024-11-11 10:41:35,975 - Long Buy 1030.00 shares at 20.05 on 2024-11-01 16:45:00+00:00
2024-11-11 10:41:35,976 - Long Buy 1009.00 shares at 20.05 on 2024-11-01 17:30:00+00:00
2024-11-11 10:41:35,976 - Long Buy 989.00 shares at 20.05 on 2024-11-01 17:45:00+00:00
2024-11-11 10:41:35,976 - Long Buy 970.00 shares at 20.03 on 2024-11-01 18:00:00+00:00
2024-11-11 10:41:35,976 - Long Buy 952.00 shares at 20.01 on 2024-11-01 18:15:00+00:00
2024-11-11 10:41:35,976 - Long Buy 931.00 shares at 20.04 on 2024-11-01 18:30:00+00:00
2024-11-11 10:41:35,976 - Sell to close 5881.00 shares at 20.21 on 2024-11-04 14:30:00+00:00 (Exit: Signal, Profit: 1007.7500000000014, Duration: 4185.0 minutes)
2024-11-11 10:41:35,976 - Short Sell 1024.00 shares at 20.17 on 2024-11-04 14:45:00+00:00
2024-11-11 10:41:35,976 - Short Sell 1020.00 shares at 20.26 on 2024-11-04 15:15:00+00:00
2024-11-11 10:41:35,976 - Short Sell 1013.00 shares at 20.39 on 2024-11-04 15:30:00+00:00
2024-11-11 10:41:35,976 - Short Sell 1017.00 shares at 20.32 on 2024-11-04 15:45:00+00:00
2024-11-11 10:41:35,976 - Short Sell 1017.00 shares at 20.32 on 2024-11-04 16:00:00+00:00
2024-11-11 10:41:35,976 - Short Sell 1023.00 shares at 20.21 on 2024-11-04 16:15:00+00:00
2024-11-11 10:41:35,976 - Buy to cover -6114.00 shares at 20.13 on 2024-11-04 16:30:00+00:00 (Exit: Signal, Profit: 905.2400000000089, Duration: 105.0 minutes)
2024-11-11 10:41:35,976 - Long Buy 1029.00 shares at 20.09 on 2024-11-04 16:45:00+00:00
2024-11-11 10:41:35,976 - Long Buy 1010.00 shares at 20.07 on 2024-11-04 17:00:00+00:00
2024-11-11 10:41:35,976 - Long Buy 987.00 shares at 20.13 on 2024-11-04 17:15:00+00:00
2024-11-11 10:41:35,976 - Long Buy 965.00 shares at 20.17 on 2024-11-04 17:30:00+00:00
2024-11-11 10:41:35,976 - Long Buy 946.00 shares at 20.17 on 2024-11-04 17:45:00+00:00
2024-11-11 10:41:35,976 - Long Buy 929.00 shares at 20.13 on 2024-11-04 18:00:00+00:00
2024-11-11 10:41:35,976 - Long Buy 910.00 shares at 20.14 on 2024-11-04 18:15:00+00:00
2024-11-11 10:41:35,976 - Long Buy 891.00 shares at 20.14 on 2024-11-04 18:30:00+00:00
2024-11-11 10:41:35,977 - Long Buy 874.00 shares at 20.13 on 2024-11-04 18:45:00+00:00
2024-11-11 10:41:35,977 - Long Buy 857.00 shares at 20.13 on 2024-11-04 19:00:00+00:00
2024-11-11 10:41:35,977 - Long Buy 842.00 shares at 20.08 on 2024-11-04 19:15:00+00:00
2024-11-11 10:41:35,977 - Long Buy 824.00 shares at 20.09 on 2024-11-04 19:30:00+00:00
2024-11-11 10:41:35,977 - Long Buy 807.00 shares at 20.1 on 2024-11-04 19:45:00+00:00
2024-11-11 10:41:35,977 - Long Buy 791.00 shares at 20.1 on 2024-11-04 20:00:00+00:00
2024-11-11 10:41:35,977 - Long Buy 777.00 shares at 20.07 on 2024-11-04 20:15:00+00:00
2024-11-11 10:41:35,977 - Long Buy 761.00 shares at 20.07 on 2024-11-04 20:30:00+00:00
2024-11-11 10:41:35,977 - Long Buy 748.00 shares at 20.02 on 2024-11-04 20:45:00+00:00
2024-11-11 10:41:35,977 - Long Buy 730.00 shares at 20.09 on 2024-11-05 14:30:00+00:00
2024-11-11 10:41:35,977 - Long Buy 715.00 shares at 20.12 on 2024-11-05 15:00:00+00:00
2024-11-11 10:41:35,977 - Long Buy 702.00 shares at 20.07 on 2024-11-05 15:15:00+00:00
2024-11-11 10:41:35,977 - Long Buy 686.00 shares at 20.14 on 2024-11-05 15:30:00+00:00
2024-11-11 10:41:35,977 - Long Buy 675.00 shares at 20.05 on 2024-11-05 15:45:00+00:00
2024-11-11 10:41:35,977 - Long Buy 662.00 shares at 20.04 on 2024-11-05 16:00:00+00:00
2024-11-11 10:41:35,977 - Long Buy 650.00 shares at 19.98 on 2024-11-05 16:15:00+00:00
2024-11-11 10:41:35,977 - Long Buy 637.00 shares at 19.98 on 2024-11-05 16:30:00+00:00
2024-11-11 10:41:35,977 - Long Buy 625.00 shares at 19.96 on 2024-11-05 16:45:00+00:00
2024-11-11 10:41:35,977 - Long Buy 612.00 shares at 19.98 on 2024-11-05 17:00:00+00:00
2024-11-11 10:41:35,977 - Long Buy 601.00 shares at 19.95 on 2024-11-05 17:15:00+00:00
2024-11-11 10:41:35,977 - Sell to close 22243.00 shares at 19.99 on 2024-11-05 17:30:00+00:00 (Exit: Signal, Profit: -2124.6800000001217, Duration: 1485.0 minutes)
2024-11-11 10:41:35,977 - Short Sell 1033.00 shares at 19.98 on 2024-11-05 17:45:00+00:00
2024-11-11 10:41:35,977 - Buy to cover -1033.00 shares at 19.92 on 2024-11-05 18:30:00+00:00 (Exit: Signal, Profit: 61.97999999999868, Duration: 45.0 minutes)
2024-11-11 10:41:35,978 - Long Buy 1038.00 shares at 19.88 on 2024-11-05 19:45:00+00:00
2024-11-11 10:41:35,978 - Sell to close 1038.00 shares at 20.0 on 2024-11-05 20:45:00+00:00 (Exit: Signal, Profit: 124.56000000000103, Duration: 60.0 minutes)
2024-11-11 10:41:35,978 - Short Sell 980.00 shares at 21.07 on 2024-11-06 14:30:00+00:00
2024-11-11 10:41:35,978 - Short Sell 984.00 shares at 20.97 on 2024-11-06 14:45:00+00:00
2024-11-11 10:41:35,978 - Short Sell 983.00 shares at 21.01 on 2024-11-06 15:00:00+00:00
2024-11-11 10:41:35,978 - Short Sell 982.00 shares at 21.03 on 2024-11-06 15:15:00+00:00
2024-11-11 10:41:35,978 - Short Sell 984.00 shares at 20.98 on 2024-11-06 15:30:00+00:00
2024-11-11 10:41:35,978 - Short Sell 981.00 shares at 21.04 on 2024-11-06 15:45:00+00:00
2024-11-11 10:41:35,978 - Short Sell 980.00 shares at 21.06 on 2024-11-06 16:00:00+00:00
2024-11-11 10:41:35,978 - Short Sell 978.00 shares at 21.09 on 2024-11-06 16:15:00+00:00
2024-11-11 10:41:35,978 - Short Sell 980.00 shares at 21.06 on 2024-11-06 16:30:00+00:00
2024-11-11 10:41:35,978 - Short Sell 981.00 shares at 21.05 on 2024-11-06 16:45:00+00:00
2024-11-11 10:41:35,978 - Short Sell 979.00 shares at 21.07 on 2024-11-06 17:00:00+00:00
2024-11-11 10:41:35,978 - Short Sell 982.00 shares at 21.02 on 2024-11-06 17:15:00+00:00
2024-11-11 10:41:35,978 - Short Sell 971.00 shares at 21.22 on 2024-11-06 17:30:00+00:00
2024-11-11 10:41:35,978 - Short Sell 966.00 shares at 21.3 on 2024-11-06 17:45:00+00:00
2024-11-11 10:41:35,978 - Short Sell 967.00 shares at 21.28 on 2024-11-06 18:00:00+00:00
2024-11-11 10:41:35,978 - Short Sell 966.00 shares at 21.3 on 2024-11-06 18:15:00+00:00
2024-11-11 10:41:35,978 - Short Sell 965.00 shares at 21.32 on 2024-11-06 18:30:00+00:00
2024-11-11 10:41:35,979 - Short Sell 961.00 shares at 21.39 on 2024-11-07 14:30:00+00:00
2024-11-11 10:41:35,979 - Short Sell 959.00 shares at 21.42 on 2024-11-07 14:45:00+00:00
2024-11-11 10:41:35,979 - Short Sell 962.00 shares at 21.37 on 2024-11-07 15:00:00+00:00
2024-11-11 10:41:35,979 - Short Sell 961.00 shares at 21.38 on 2024-11-07 15:15:00+00:00
2024-11-11 10:41:35,979 - Short Sell 957.00 shares at 21.44 on 2024-11-07 15:30:00+00:00
2024-11-11 10:41:35,979 - Short Sell 961.00 shares at 21.38 on 2024-11-07 15:45:00+00:00
2024-11-11 10:41:35,979 - Short Sell 960.00 shares at 21.4 on 2024-11-07 16:15:00+00:00
2024-11-11 10:41:35,979 - Short Sell 961.00 shares at 21.38 on 2024-11-07 16:30:00+00:00
2024-11-11 10:41:35,979 - Short Sell 957.00 shares at 21.44 on 2024-11-07 16:45:00+00:00
2024-11-11 10:41:35,979 - Short Sell 955.00 shares at 21.48 on 2024-11-07 17:00:00+00:00
2024-11-11 10:41:35,979 - Short Sell 955.00 shares at 21.48 on 2024-11-07 17:15:00+00:00
2024-11-11 10:41:35,979 - Short Sell 951.00 shares at 21.53 on 2024-11-07 17:30:00+00:00
2024-11-11 10:41:35,979 - Short Sell 954.00 shares at 21.49 on 2024-11-07 17:45:00+00:00
2024-11-11 10:41:35,979 - Short Sell 957.00 shares at 21.45 on 2024-11-07 18:00:00+00:00
2024-11-11 10:41:35,979 - Short Sell 958.00 shares at 21.44 on 2024-11-07 18:15:00+00:00
2024-11-11 10:41:35,979 - Short Sell 957.00 shares at 21.45 on 2024-11-07 18:30:00+00:00
2024-11-11 10:41:35,979 - Short Sell 955.00 shares at 21.48 on 2024-11-07 18:45:00+00:00
2024-11-11 10:41:35,979 - Short Sell 950.00 shares at 21.54 on 2024-11-07 19:00:00+00:00
2024-11-11 10:41:35,979 - Short Sell 949.00 shares at 21.55 on 2024-11-07 19:15:00+00:00
2024-11-11 10:41:35,979 - Buy to cover -34789.00 shares at 21.53 on 2024-11-07 19:30:00+00:00 (Exit: Signal, Profit: -8504.949999999897, Duration: 1740.0 minutes)
2024-11-11 10:41:35,979 - Short Sell 948.00 shares at 21.6 on 2024-11-07 19:45:00+00:00
2024-11-11 10:41:35,979 - Short Sell 946.00 shares at 21.63 on 2024-11-07 20:00:00+00:00
2024-11-11 10:41:35,979 - Short Sell 947.00 shares at 21.62 on 2024-11-07 20:15:00+00:00
2024-11-11 10:41:35,979 - Buy to cover -2841.00 shares at 21.45 on 2024-11-07 20:45:00+00:00 (Exit: Signal, Profit: 473.47000000000423, Duration: 60.0 minutes)
2024-11-11 10:41:35,980 - Short Sell 946.00 shares at 21.66 on 2024-11-08 14:30:00+00:00
2024-11-11 10:41:35,980 - Short Sell 942.00 shares at 21.74 on 2024-11-08 14:45:00+00:00
2024-11-11 10:41:35,980 - Short Sell 941.00 shares at 21.76 on 2024-11-08 15:00:00+00:00
2024-11-11 10:41:35,980 - Short Sell 945.00 shares at 21.68 on 2024-11-08 15:15:00+00:00
2024-11-11 10:41:35,980 - Short Sell 940.00 shares at 21.78 on 2024-11-08 15:30:00+00:00
2024-11-11 10:41:35,980 - Short Sell 935.00 shares at 21.89 on 2024-11-08 15:45:00+00:00
2024-11-11 10:41:35,980 - Short Sell 927.00 shares at 22.06 on 2024-11-08 16:00:00+00:00
2024-11-11 10:41:35,980 - Short Sell 923.00 shares at 22.14 on 2024-11-08 16:15:00+00:00
2024-11-11 10:41:35,980 - Short Sell 926.00 shares at 22.07 on 2024-11-08 16:30:00+00:00
2024-11-11 10:41:35,980 - Short Sell 924.00 shares at 22.12 on 2024-11-08 16:45:00+00:00
2024-11-11 10:41:35,980 - Short Sell 930.00 shares at 22.0 on 2024-11-08 17:00:00+00:00
2024-11-11 10:41:35,980 - Short Sell 925.00 shares at 22.09 on 2024-11-08 17:15:00+00:00
2024-11-11 10:41:35,980 - Short Sell 927.00 shares at 22.05 on 2024-11-08 17:30:00+00:00
2024-11-11 10:41:35,980 - Short Sell 924.00 shares at 22.11 on 2024-11-08 17:45:00+00:00
2024-11-11 10:41:35,980 - Short Sell 925.00 shares at 22.1 on 2024-11-08 18:00:00+00:00
2024-11-11 10:41:35,980 - Short Sell 928.00 shares at 22.05 on 2024-11-08 18:15:00+00:00
2024-11-11 10:41:35,980 - Short Sell 928.00 shares at 22.05 on 2024-11-08 18:30:00+00:00
2024-11-11 10:41:35,980 - Short Sell 926.00 shares at 22.07 on 2024-11-08 18:45:00+00:00
2024-11-11 10:41:35,980 - Short Sell 922.00 shares at 22.15 on 2024-11-08 19:00:00+00:00
2024-11-11 10:41:35,980 - Short Sell 925.00 shares at 22.1 on 2024-11-08 19:15:00+00:00
2024-11-11 10:41:35,980 - Short Sell 927.00 shares at 22.07 on 2024-11-08 19:30:00+00:00
2024-11-11 10:41:35,980 - Short Sell 927.00 shares at 22.07 on 2024-11-08 19:45:00+00:00
2024-11-11 10:41:35,980 - Short Sell 928.00 shares at 22.05 on 2024-11-08 20:00:00+00:00
2024-11-11 10:41:35,980 - Short Sell 927.00 shares at 22.06 on 2024-11-08 20:15:00+00:00
2024-11-11 10:41:35,980 - Short Sell 921.00 shares at 22.16 on 2024-11-08 20:30:00+00:00
2024-11-11 10:41:35,982 - Final statisticsStock: HPE, 
total_trades: 29, 
winning_trades: 24, 
losing_trades: 5, 
average_return: 0.005574134969037246, 
average_duration: 1182.4137931034484, 
final_balance: 1535925.0199999998, 
final_portfolio_value: 1023272.6799999998, 
sharpe_ratio: 10.220481137327376, 



