2024-11-10 21:22:11,713 - Starting GBMStrategy with initial capital: 1000000
2024-11-10 21:22:11,713 - Hyperparameters: {'threshold': 0.5, 'time_periods': 15, 'num_simulations': 150}
2024-11-10 21:29:37,301 - Short Sell 45.00 shares at 442.32 on 2024-10-10 17:15:00+00:00
2024-11-10 21:29:37,301 - Short Sell 45.00 shares at 441.98 on 2024-10-10 17:30:00+00:00
2024-11-10 21:29:37,302 - Short Sell 45.00 shares at 441.66 on 2024-10-10 17:45:00+00:00
2024-11-10 21:29:37,302 - Short Sell 45.00 shares at 441.77 on 2024-10-10 18:00:00+00:00
2024-11-10 21:29:37,302 - Short Sell 45.00 shares at 442.89 on 2024-10-10 18:15:00+00:00
2024-11-10 21:29:37,302 - Short Sell 45.00 shares at 441.53 on 2024-10-10 18:30:00+00:00
2024-11-10 21:29:37,302 - Short Sell 45.00 shares at 442.35 on 2024-10-10 18:45:00+00:00
2024-11-10 21:29:37,302 - Short Sell 45.00 shares at 441.63 on 2024-10-10 19:00:00+00:00
2024-11-10 21:29:37,302 - Short Sell 45.00 shares at 441.59 on 2024-10-10 19:15:00+00:00
2024-11-10 21:29:37,302 - Short Sell 45.00 shares at 442.64 on 2024-10-10 19:30:00+00:00
2024-11-10 21:29:37,302 - Short Sell 45.00 shares at 443.39 on 2024-10-10 19:45:00+00:00
2024-11-10 21:29:37,302 - Short Sell 44.00 shares at 445.63 on 2024-10-11 13:30:00+00:00
2024-11-10 21:29:37,302 - Short Sell 44.00 shares at 446.71 on 2024-10-11 13:45:00+00:00
2024-11-10 21:29:37,302 - Short Sell 44.00 shares at 447.22 on 2024-10-11 14:00:00+00:00
2024-11-10 21:29:37,302 - Short Sell 44.00 shares at 449.21 on 2024-10-11 14:15:00+00:00
2024-11-10 21:29:37,302 - Short Sell 44.00 shares at 449.75 on 2024-10-11 14:30:00+00:00
2024-11-10 21:29:37,302 - Buy to cover -715.00 shares at 451.31 on 2024-10-11 14:45:00+00:00 (Exit: Stop_loss, Profit: -5323.020000000075, Duration: 1290.0 minutes)
2024-11-10 21:29:37,302 - Short Sell 43.00 shares at 452.36 on 2024-10-11 15:00:00+00:00
2024-11-10 21:29:37,302 - Short Sell 43.00 shares at 452.31 on 2024-10-11 15:15:00+00:00
2024-11-10 21:29:37,302 - Short Sell 43.00 shares at 453.45 on 2024-10-11 15:30:00+00:00
2024-11-10 21:29:37,302 - Short Sell 43.00 shares at 452.51 on 2024-10-11 15:45:00+00:00
2024-11-10 21:29:37,302 - Short Sell 43.00 shares at 453.09 on 2024-10-11 16:00:00+00:00
2024-11-10 21:29:37,302 - Short Sell 44.00 shares at 451.85 on 2024-10-11 16:15:00+00:00
2024-11-10 21:29:37,302 - Short Sell 44.00 shares at 451.85 on 2024-10-11 16:30:00+00:00
2024-11-10 21:29:37,303 - Short Sell 44.00 shares at 451.99 on 2024-10-11 16:45:00+00:00
2024-11-10 21:29:37,303 - Short Sell 44.00 shares at 452.05 on 2024-10-11 17:00:00+00:00
2024-11-10 21:29:37,303 - Short Sell 43.00 shares at 452.27 on 2024-10-11 17:15:00+00:00
2024-11-10 21:29:37,303 - Short Sell 43.00 shares at 453.36 on 2024-10-11 17:30:00+00:00
2024-11-10 21:29:37,303 - Short Sell 43.00 shares at 453.65 on 2024-10-11 17:45:00+00:00
2024-11-10 21:29:37,303 - Short Sell 43.00 shares at 453.84 on 2024-10-11 18:00:00+00:00
2024-11-10 21:29:37,303 - Buy to cover -563.00 shares at 453.68 on 2024-10-11 18:15:00+00:00 (Exit: Signal, Profit: -577.159999999993, Duration: 195.0 minutes)
2024-11-10 21:29:37,303 - Short Sell 43.00 shares at 453.98 on 2024-10-11 18:30:00+00:00
2024-11-10 21:29:37,303 - Short Sell 43.00 shares at 454.59 on 2024-10-11 18:45:00+00:00
2024-11-10 21:29:37,303 - Short Sell 43.00 shares at 455.39 on 2024-10-11 19:00:00+00:00
2024-11-10 21:29:37,303 - Short Sell 43.00 shares at 455.33 on 2024-10-11 19:15:00+00:00
2024-11-10 21:29:37,303 - Short Sell 43.00 shares at 455.84 on 2024-10-11 19:30:00+00:00
2024-11-10 21:29:37,303 - Short Sell 43.00 shares at 456.47 on 2024-10-11 19:45:00+00:00
2024-11-10 21:29:37,303 - Short Sell 43.00 shares at 457.56 on 2024-10-14 13:30:00+00:00
2024-11-10 21:29:37,303 - Short Sell 43.00 shares at 457.96 on 2024-10-14 13:45:00+00:00
2024-11-10 21:29:37,303 - Short Sell 43.00 shares at 456.25 on 2024-10-14 14:00:00+00:00
2024-11-10 21:29:37,304 - Short Sell 43.00 shares at 456.88 on 2024-10-14 14:15:00+00:00
2024-11-10 21:29:37,304 - Short Sell 43.00 shares at 457.16 on 2024-10-14 14:30:00+00:00
2024-11-10 21:29:37,304 - Short Sell 43.00 shares at 457.39 on 2024-10-14 14:45:00+00:00
2024-11-10 21:29:37,304 - Short Sell 43.00 shares at 458.62 on 2024-10-14 15:00:00+00:00
2024-11-10 21:29:37,304 - Short Sell 43.00 shares at 459.12 on 2024-10-14 15:15:00+00:00
2024-11-10 21:29:37,304 - Short Sell 43.00 shares at 460.22 on 2024-10-14 15:30:00+00:00
2024-11-10 21:29:37,304 - Short Sell 43.00 shares at 460.99 on 2024-10-14 15:45:00+00:00
2024-11-10 21:29:37,304 - Short Sell 43.00 shares at 461.06 on 2024-10-14 16:00:00+00:00
2024-11-10 21:29:37,304 - Short Sell 42.00 shares at 461.28 on 2024-10-14 16:15:00+00:00
2024-11-10 21:29:37,304 - Short Sell 43.00 shares at 460.47 on 2024-10-14 16:30:00+00:00
2024-11-10 21:29:37,304 - Short Sell 43.00 shares at 460.5 on 2024-10-14 16:45:00+00:00
2024-11-10 21:29:37,304 - Short Sell 43.00 shares at 460.19 on 2024-10-14 17:00:00+00:00
2024-11-10 21:29:37,304 - Short Sell 43.00 shares at 460.36 on 2024-10-14 17:15:00+00:00
2024-11-10 21:29:37,304 - Short Sell 43.00 shares at 459.72 on 2024-10-14 17:30:00+00:00
2024-11-10 21:29:37,304 - Short Sell 43.00 shares at 460.13 on 2024-10-14 17:45:00+00:00
2024-11-10 21:29:37,304 - Short Sell 43.00 shares at 459.89 on 2024-10-14 18:00:00+00:00
2024-11-10 21:29:37,304 - Short Sell 43.00 shares at 459.95 on 2024-10-14 18:15:00+00:00
2024-11-10 21:29:37,304 - Short Sell 43.00 shares at 460.42 on 2024-10-14 18:30:00+00:00
2024-11-10 21:29:37,304 - Short Sell 43.00 shares at 459.56 on 2024-10-14 18:45:00+00:00
2024-11-10 21:29:37,304 - Short Sell 43.00 shares at 460.76 on 2024-10-14 19:00:00+00:00
2024-11-10 21:29:37,304 - Buy to cover -1246.00 shares at 460.35 on 2024-10-14 19:15:00+00:00 (Exit: Signal, Profit: -2241.659999999943, Duration: 4365.0 minutes)
2024-11-10 21:29:37,304 - Long Buy 43.00 shares at 459.98 on 2024-10-14 19:30:00+00:00
2024-11-10 21:29:37,304 - Long Buy 42.00 shares at 459.35 on 2024-10-15 13:30:00+00:00
2024-11-10 21:29:37,304 - Long Buy 41.00 shares at 457.84 on 2024-10-15 13:45:00+00:00
2024-11-10 21:29:37,304 - Long Buy 40.00 shares at 459.76 on 2024-10-15 14:00:00+00:00
2024-11-10 21:29:37,304 - Long Buy 39.00 shares at 458.17 on 2024-10-15 14:15:00+00:00
2024-11-10 21:29:37,305 - Sell to close 205.00 shares at 451.15 on 2024-10-15 14:30:00+00:00 (Exit: Stop_loss, Profit: -1616.5600000000004, Duration: 1140.0 minutes)
2024-11-10 21:29:37,305 - Long Buy 43.00 shares at 452.25 on 2024-10-15 14:45:00+00:00
2024-11-10 21:29:37,305 - Long Buy 43.00 shares at 450.45 on 2024-10-15 15:00:00+00:00
2024-11-10 21:29:37,305 - Long Buy 42.00 shares at 452.07 on 2024-10-15 15:15:00+00:00
2024-11-10 21:29:37,305 - Long Buy 41.00 shares at 453.73 on 2024-10-15 15:30:00+00:00
2024-11-10 21:29:37,305 - Long Buy 40.00 shares at 453.25 on 2024-10-15 15:45:00+00:00
2024-11-10 21:29:37,305 - Long Buy 39.00 shares at 452.95 on 2024-10-15 16:00:00+00:00
2024-11-10 21:29:37,305 - Long Buy 38.00 shares at 452.35 on 2024-10-15 16:15:00+00:00
2024-11-10 21:29:37,305 - Long Buy 38.00 shares at 451.98 on 2024-10-15 16:30:00+00:00
2024-11-10 21:29:37,305 - Long Buy 37.00 shares at 451.04 on 2024-10-15 16:45:00+00:00
2024-11-10 21:29:37,305 - Long Buy 36.00 shares at 451.48 on 2024-10-15 17:00:00+00:00
2024-11-10 21:29:37,305 - Sell to close 397.00 shares at 452.65 on 2024-10-15 17:15:00+00:00 (Exit: Signal, Profit: 194.72999999998103, Duration: 150.0 minutes)
2024-11-10 21:29:37,305 - Long Buy 43.00 shares at 451.99 on 2024-10-15 17:30:00+00:00
2024-11-10 21:29:37,305 - Sell to close 43.00 shares at 452.74 on 2024-10-15 17:45:00+00:00 (Exit: Signal, Profit: 32.25, Duration: 15.0 minutes)
2024-11-10 21:29:37,305 - Long Buy 43.00 shares at 451.65 on 2024-10-15 18:15:00+00:00
2024-11-10 21:29:37,305 - Long Buy 42.00 shares at 451.7 on 2024-10-15 18:30:00+00:00
2024-11-10 21:29:37,305 - Long Buy 42.00 shares at 451.65 on 2024-10-15 18:45:00+00:00
2024-11-10 21:29:37,305 - Long Buy 41.00 shares at 450.6 on 2024-10-15 19:00:00+00:00
2024-11-10 21:29:37,305 - Long Buy 40.00 shares at 450.63 on 2024-10-15 19:15:00+00:00
2024-11-10 21:29:37,305 - Long Buy 39.00 shares at 451.55 on 2024-10-15 19:30:00+00:00
2024-11-10 21:29:37,305 - Long Buy 38.00 shares at 451.55 on 2024-10-15 19:45:00+00:00
2024-11-10 21:29:37,305 - Sell to close 285.00 shares at 456.8 on 2024-10-16 13:30:00+00:00 (Exit: Signal, Profit: 1557.200000000017, Duration: 1155.0 minutes)
2024-11-10 21:29:37,306 - Long Buy 43.00 shares at 455.57 on 2024-10-16 13:45:00+00:00
2024-11-10 21:29:37,306 - Long Buy 42.00 shares at 454.99 on 2024-10-16 14:15:00+00:00
2024-11-10 21:29:37,306 - Long Buy 42.00 shares at 453.36 on 2024-10-16 14:30:00+00:00
2024-11-10 21:29:37,306 - Long Buy 41.00 shares at 454.66 on 2024-10-16 14:45:00+00:00
2024-11-10 21:29:37,306 - Long Buy 40.00 shares at 454.64 on 2024-10-16 15:00:00+00:00
2024-11-10 21:29:37,306 - Long Buy 39.00 shares at 455.65 on 2024-10-16 15:15:00+00:00
2024-11-10 21:29:37,306 - Long Buy 38.00 shares at 455.81 on 2024-10-16 15:30:00+00:00
2024-11-10 21:29:37,306 - Long Buy 37.00 shares at 455.52 on 2024-10-16 15:45:00+00:00
2024-11-10 21:29:37,306 - Long Buy 37.00 shares at 456.26 on 2024-10-16 16:15:00+00:00
2024-11-10 21:29:37,306 - Long Buy 36.00 shares at 455.89 on 2024-10-16 16:30:00+00:00
2024-11-10 21:29:37,306 - Long Buy 35.00 shares at 454.46 on 2024-10-16 16:45:00+00:00
2024-11-10 21:29:37,306 - Long Buy 35.00 shares at 454.48 on 2024-10-16 17:00:00+00:00
2024-11-10 21:29:37,306 - Long Buy 34.00 shares at 454.37 on 2024-10-16 17:15:00+00:00
2024-11-10 21:29:37,306 - Long Buy 33.00 shares at 453.78 on 2024-10-16 17:30:00+00:00
2024-11-10 21:29:37,306 - Long Buy 33.00 shares at 454.0 on 2024-10-16 17:45:00+00:00
2024-11-10 21:29:37,306 - Long Buy 32.00 shares at 454.03 on 2024-10-16 18:00:00+00:00
2024-11-10 21:29:37,306 - Long Buy 31.00 shares at 454.04 on 2024-10-16 18:15:00+00:00
2024-11-10 21:29:37,306 - Long Buy 31.00 shares at 453.7 on 2024-10-16 18:30:00+00:00
2024-11-10 21:29:37,306 - Long Buy 30.00 shares at 452.74 on 2024-10-16 18:45:00+00:00
2024-11-10 21:29:37,306 - Long Buy 29.00 shares at 453.77 on 2024-10-16 19:00:00+00:00
2024-11-10 21:29:37,306 - Long Buy 29.00 shares at 453.4 on 2024-10-16 19:15:00+00:00
2024-11-10 21:29:37,306 - Long Buy 28.00 shares at 453.13 on 2024-10-16 19:30:00+00:00
2024-11-10 21:29:37,306 - Long Buy 28.00 shares at 454.09 on 2024-10-16 19:45:00+00:00
2024-11-10 21:29:37,306 - Sell to close 803.00 shares at 457.88 on 2024-10-17 13:30:00+00:00 (Exit: Signal, Profit: 2692.33000000002, Duration: 1425.0 minutes)
2024-11-10 21:29:37,306 - Short Sell 43.00 shares at 456.6 on 2024-10-17 13:45:00+00:00
2024-11-10 21:29:37,307 - Buy to cover -43.00 shares at 453.95 on 2024-10-17 14:00:00+00:00 (Exit: Signal, Profit: 113.94999999999902, Duration: 15.0 minutes)
2024-11-10 21:29:37,307 - Short Sell 43.00 shares at 455.09 on 2024-10-17 14:15:00+00:00
2024-11-10 21:29:37,307 - Short Sell 43.00 shares at 454.97 on 2024-10-17 14:30:00+00:00
2024-11-10 21:29:37,307 - Short Sell 43.00 shares at 455.33 on 2024-10-17 14:45:00+00:00
2024-11-10 21:29:37,307 - Buy to cover -129.00 shares at 454.5 on 2024-10-17 15:00:00+00:00 (Exit: Signal, Profit: 81.27000000000675, Duration: 45.0 minutes)
2024-11-10 21:29:37,307 - Short Sell 43.00 shares at 455.6 on 2024-10-17 15:15:00+00:00
2024-11-10 21:29:37,307 - Short Sell 43.00 shares at 455.53 on 2024-10-17 15:30:00+00:00
2024-11-10 21:29:37,307 - Short Sell 43.00 shares at 456.33 on 2024-10-17 15:45:00+00:00
2024-11-10 21:29:37,307 - Short Sell 43.00 shares at 456.4 on 2024-10-17 16:00:00+00:00
2024-11-10 21:29:37,307 - Short Sell 43.00 shares at 457.23 on 2024-10-17 16:15:00+00:00
2024-11-10 21:29:37,307 - Short Sell 43.00 shares at 458.17 on 2024-10-17 16:30:00+00:00
2024-11-10 21:29:37,307 - Short Sell 43.00 shares at 457.87 on 2024-10-17 16:45:00+00:00
2024-11-10 21:29:37,307 - Short Sell 43.00 shares at 457.7 on 2024-10-17 17:00:00+00:00
2024-11-10 21:29:37,307 - Short Sell 43.00 shares at 458.3 on 2024-10-17 17:15:00+00:00
2024-11-10 21:29:37,307 - Short Sell 43.00 shares at 458.98 on 2024-10-17 17:30:00+00:00
2024-11-10 21:29:37,307 - Short Sell 43.00 shares at 458.58 on 2024-10-17 17:45:00+00:00
2024-11-10 21:29:37,307 - Short Sell 43.00 shares at 457.17 on 2024-10-17 18:00:00+00:00
2024-11-10 21:29:37,307 - Short Sell 43.00 shares at 456.38 on 2024-10-17 18:15:00+00:00
2024-11-10 21:29:37,307 - Short Sell 43.00 shares at 456.85 on 2024-10-17 18:30:00+00:00
2024-11-10 21:29:37,307 - Short Sell 43.00 shares at 456.77 on 2024-10-17 18:45:00+00:00
2024-11-10 21:29:37,307 - Short Sell 43.00 shares at 457.24 on 2024-10-17 19:00:00+00:00
2024-11-10 21:29:37,307 - Short Sell 43.00 shares at 457.03 on 2024-10-17 19:30:00+00:00
2024-11-10 21:29:37,307 - Short Sell 43.00 shares at 457.35 on 2024-10-17 19:45:00+00:00
2024-11-10 21:29:37,307 - Short Sell 43.00 shares at 458.27 on 2024-10-18 13:30:00+00:00
2024-11-10 21:29:37,307 - Buy to cover -817.00 shares at 454.63 on 2024-10-18 13:45:00+00:00 (Exit: Signal, Profit: 2140.539999999957, Duration: 1350.0 minutes)
2024-11-10 21:29:37,308 - Long Buy 43.00 shares at 455.11 on 2024-10-18 14:00:00+00:00
2024-11-10 21:29:37,308 - Long Buy 42.00 shares at 455.38 on 2024-10-18 14:15:00+00:00
2024-11-10 21:29:37,308 - Sell to close 85.00 shares at 457.14 on 2024-10-18 14:30:00+00:00 (Exit: Signal, Profit: 161.2099999999964, Duration: 30.0 minutes)
2024-11-10 21:29:37,308 - Short Sell 43.00 shares at 456.98 on 2024-10-18 14:45:00+00:00
2024-11-10 21:29:37,308 - Short Sell 43.00 shares at 457.15 on 2024-10-18 15:15:00+00:00
2024-11-10 21:29:37,308 - Short Sell 43.00 shares at 457.15 on 2024-10-18 15:30:00+00:00
2024-11-10 21:29:37,308 - Buy to cover -129.00 shares at 457.02 on 2024-10-18 15:45:00+00:00 (Exit: Signal, Profit: 9.459999999998729, Duration: 60.0 minutes)
2024-11-10 21:29:37,308 - Short Sell 43.00 shares at 459.33 on 2024-10-18 16:15:00+00:00
2024-11-10 21:29:37,308 - Short Sell 43.00 shares at 459.6 on 2024-10-18 16:30:00+00:00
2024-11-10 21:29:37,308 - Short Sell 43.00 shares at 460.1 on 2024-10-18 16:45:00+00:00
2024-11-10 21:29:37,308 - Short Sell 43.00 shares at 459.91 on 2024-10-18 17:00:00+00:00
2024-11-10 21:29:37,308 - Short Sell 43.00 shares at 459.83 on 2024-10-18 17:15:00+00:00
2024-11-10 21:29:37,308 - Short Sell 43.00 shares at 459.38 on 2024-10-18 17:30:00+00:00
2024-11-10 21:29:37,308 - Short Sell 43.00 shares at 458.75 on 2024-10-18 17:45:00+00:00
2024-11-10 21:29:37,308 - Short Sell 43.00 shares at 458.9 on 2024-10-18 18:00:00+00:00
2024-11-10 21:29:37,308 - Short Sell 43.00 shares at 458.87 on 2024-10-18 18:15:00+00:00
2024-11-10 21:29:37,308 - Short Sell 43.00 shares at 458.44 on 2024-10-18 18:30:00+00:00
2024-11-10 21:29:37,308 - Short Sell 43.00 shares at 458.6 on 2024-10-18 18:45:00+00:00
2024-11-10 21:29:37,308 - Short Sell 43.00 shares at 459.51 on 2024-10-18 19:00:00+00:00
2024-11-10 21:29:37,308 - Short Sell 43.00 shares at 459.1 on 2024-10-18 19:15:00+00:00
2024-11-10 21:29:37,308 - Buy to cover -559.00 shares at 458.9 on 2024-10-18 19:30:00+00:00 (Exit: Signal, Profit: 198.66000000001975, Duration: 195.0 minutes)
2024-11-10 21:29:37,308 - Long Buy 43.00 shares at 456.94 on 2024-10-18 19:45:00+00:00
2024-11-10 21:29:37,308 - Long Buy 42.00 shares at 457.73 on 2024-10-21 13:30:00+00:00
2024-11-10 21:29:37,309 - Long Buy 41.00 shares at 457.57 on 2024-10-21 13:45:00+00:00
2024-11-10 21:29:37,309 - Long Buy 41.00 shares at 456.81 on 2024-10-21 14:00:00+00:00
2024-11-10 21:29:37,309 - Long Buy 40.00 shares at 456.1 on 2024-10-21 14:15:00+00:00
2024-11-10 21:29:37,309 - Long Buy 39.00 shares at 455.83 on 2024-10-21 14:30:00+00:00
2024-11-10 21:29:37,309 - Long Buy 38.00 shares at 456.26 on 2024-10-21 14:45:00+00:00
2024-11-10 21:29:37,309 - Long Buy 38.00 shares at 455.75 on 2024-10-21 15:00:00+00:00
2024-11-10 21:29:37,309 - Long Buy 37.00 shares at 454.69 on 2024-10-21 15:15:00+00:00
2024-11-10 21:29:37,309 - Long Buy 36.00 shares at 455.98 on 2024-10-21 15:30:00+00:00
2024-11-10 21:29:37,309 - Long Buy 35.00 shares at 456.48 on 2024-10-21 15:45:00+00:00
2024-11-10 21:29:37,309 - Long Buy 35.00 shares at 455.58 on 2024-10-21 16:00:00+00:00
2024-11-10 21:29:37,309 - Long Buy 34.00 shares at 455.65 on 2024-10-21 16:15:00+00:00
2024-11-10 21:29:37,309 - Long Buy 33.00 shares at 455.77 on 2024-10-21 16:30:00+00:00
2024-11-10 21:29:37,309 - Sell to close 532.00 shares at 456.11 on 2024-10-21 16:45:00+00:00 (Exit: Signal, Profit: -83.30999999997312, Duration: 4140.0 minutes)
2024-11-10 21:29:37,309 - Short Sell 43.00 shares at 456.67 on 2024-10-21 17:00:00+00:00
2024-11-10 21:29:37,309 - Short Sell 43.00 shares at 456.5 on 2024-10-21 17:15:00+00:00
2024-11-10 21:29:37,309 - Short Sell 43.00 shares at 456.59 on 2024-10-21 17:30:00+00:00
2024-11-10 21:29:37,309 - Short Sell 43.00 shares at 457.4 on 2024-10-21 17:45:00+00:00
2024-11-10 21:29:37,309 - Short Sell 43.00 shares at 456.27 on 2024-10-21 18:00:00+00:00
2024-11-10 21:29:37,309 - Short Sell 43.00 shares at 456.31 on 2024-10-21 19:00:00+00:00
2024-11-10 21:29:37,309 - Buy to cover -258.00 shares at 455.24 on 2024-10-21 19:30:00+00:00 (Exit: Signal, Profit: 356.8999999999834, Duration: 150.0 minutes)
2024-11-10 21:29:37,309 - Short Sell 43.00 shares at 456.91 on 2024-10-21 19:45:00+00:00
2024-11-10 21:29:37,309 - Buy to cover -43.00 shares at 452.79 on 2024-10-22 13:30:00+00:00 (Exit: Signal, Profit: 177.1600000000002, Duration: 1065.0 minutes)
2024-11-10 21:29:37,310 - Long Buy 44.00 shares at 451.11 on 2024-10-22 13:45:00+00:00
2024-11-10 21:29:37,310 - Long Buy 43.00 shares at 450.2 on 2024-10-22 14:00:00+00:00
2024-11-10 21:29:37,310 - Long Buy 42.00 shares at 447.71 on 2024-10-22 14:15:00+00:00
2024-11-10 21:29:37,310 - Long Buy 41.00 shares at 447.59 on 2024-10-22 14:30:00+00:00
2024-11-10 21:29:37,310 - Long Buy 40.00 shares at 449.92 on 2024-10-22 14:45:00+00:00
2024-11-10 21:29:37,310 - Long Buy 40.00 shares at 448.99 on 2024-10-22 15:00:00+00:00
2024-11-10 21:29:37,310 - Long Buy 39.00 shares at 449.3 on 2024-10-22 15:15:00+00:00
2024-11-10 21:29:37,310 - Long Buy 38.00 shares at 450.1 on 2024-10-22 15:30:00+00:00
2024-11-10 21:29:37,310 - Long Buy 37.00 shares at 449.58 on 2024-10-22 15:45:00+00:00
2024-11-10 21:29:37,310 - Long Buy 37.00 shares at 449.24 on 2024-10-22 16:00:00+00:00
2024-11-10 21:29:37,310 - Long Buy 36.00 shares at 449.68 on 2024-10-22 16:15:00+00:00
2024-11-10 21:29:37,310 - Long Buy 35.00 shares at 449.42 on 2024-10-22 16:30:00+00:00
2024-11-10 21:29:37,310 - Long Buy 34.00 shares at 449.3 on 2024-10-22 16:45:00+00:00
2024-11-10 21:29:37,310 - Long Buy 34.00 shares at 449.86 on 2024-10-22 17:00:00+00:00
2024-11-10 21:29:37,310 - Long Buy 33.00 shares at 449.86 on 2024-10-22 17:15:00+00:00
2024-11-10 21:29:37,310 - Long Buy 32.00 shares at 449.54 on 2024-10-22 17:30:00+00:00
2024-11-10 21:29:37,310 - Sell to close 605.00 shares at 450.22 on 2024-10-22 17:45:00+00:00 (Exit: Signal, Profit: 461.1299999999858, Duration: 240.0 minutes)
2024-11-10 21:29:37,310 - Long Buy 44.00 shares at 449.29 on 2024-10-22 18:00:00+00:00
2024-11-10 21:29:37,310 - Long Buy 43.00 shares at 448.7 on 2024-10-22 18:15:00+00:00
2024-11-10 21:29:37,310 - Long Buy 42.00 shares at 449.16 on 2024-10-22 18:30:00+00:00
2024-11-10 21:29:37,310 - Long Buy 41.00 shares at 449.09 on 2024-10-22 18:45:00+00:00
2024-11-10 21:29:37,310 - Sell to close 170.00 shares at 450.39 on 2024-10-22 19:15:00+00:00 (Exit: Signal, Profit: 226.02999999999156, Duration: 75.0 minutes)
2024-11-10 21:29:37,310 - Short Sell 44.00 shares at 450.24 on 2024-10-22 19:30:00+00:00
2024-11-10 21:29:37,310 - Buy to cover -44.00 shares at 448.4 on 2024-10-22 19:45:00+00:00 (Exit: Signal, Profit: 80.9600000000014, Duration: 15.0 minutes)
2024-11-10 21:29:37,311 - Long Buy 44.00 shares at 447.54 on 2024-10-23 13:30:00+00:00
2024-11-10 21:29:37,311 - Long Buy 43.00 shares at 448.02 on 2024-10-23 13:45:00+00:00
2024-11-10 21:29:37,311 - Long Buy 42.00 shares at 448.4 on 2024-10-23 14:00:00+00:00
2024-11-10 21:29:37,311 - Long Buy 41.00 shares at 448.94 on 2024-10-23 14:15:00+00:00
2024-11-10 21:29:37,311 - Long Buy 41.00 shares at 449.06 on 2024-10-23 14:30:00+00:00
2024-11-10 21:29:37,311 - Long Buy 40.00 shares at 448.59 on 2024-10-23 14:45:00+00:00
2024-11-10 21:29:37,311 - Long Buy 39.00 shares at 445.71 on 2024-10-23 15:00:00+00:00
2024-11-10 21:29:37,311 - Long Buy 39.00 shares at 445.11 on 2024-10-23 15:15:00+00:00
2024-11-10 21:29:37,311 - Long Buy 38.00 shares at 446.06 on 2024-10-23 15:30:00+00:00
2024-11-10 21:29:37,311 - Long Buy 37.00 shares at 445.72 on 2024-10-23 15:45:00+00:00
2024-11-10 21:29:37,311 - Long Buy 36.00 shares at 444.98 on 2024-10-23 16:00:00+00:00
2024-11-10 21:29:37,311 - Long Buy 36.00 shares at 444.84 on 2024-10-23 16:15:00+00:00
2024-11-10 21:29:37,311 - Long Buy 35.00 shares at 444.63 on 2024-10-23 16:30:00+00:00
2024-11-10 21:29:37,311 - Long Buy 34.00 shares at 445.04 on 2024-10-23 16:45:00+00:00
2024-11-10 21:29:37,311 - Long Buy 34.00 shares at 443.25 on 2024-10-23 17:00:00+00:00
2024-11-10 21:29:37,311 - Long Buy 33.00 shares at 443.04 on 2024-10-23 17:15:00+00:00
2024-11-10 21:29:37,311 - Long Buy 32.00 shares at 442.78 on 2024-10-23 17:30:00+00:00
2024-11-10 21:29:37,311 - Long Buy 32.00 shares at 442.49 on 2024-10-23 17:45:00+00:00
2024-11-10 21:29:37,311 - Long Buy 31.00 shares at 440.84 on 2024-10-23 18:00:00+00:00
2024-11-10 21:29:37,311 - Long Buy 30.00 shares at 441.78 on 2024-10-23 18:15:00+00:00
2024-11-10 21:29:37,311 - Long Buy 30.00 shares at 442.58 on 2024-10-23 18:30:00+00:00
2024-11-10 21:29:37,311 - Sell to close 767.00 shares at 443.31 on 2024-10-23 18:45:00+00:00 (Exit: Signal, Profit: -1659.38000000003, Duration: 315.0 minutes)
2024-11-10 21:29:37,311 - Short Sell 44.00 shares at 443.92 on 2024-10-23 19:00:00+00:00
2024-11-10 21:29:37,311 - Short Sell 44.00 shares at 444.83 on 2024-10-23 19:15:00+00:00
2024-11-10 21:29:37,311 - Short Sell 44.00 shares at 444.88 on 2024-10-23 19:30:00+00:00
2024-11-10 21:29:37,311 - Short Sell 44.00 shares at 444.35 on 2024-10-23 19:45:00+00:00
2024-11-10 21:29:37,311 - Short Sell 44.00 shares at 443.37 on 2024-10-24 13:30:00+00:00
2024-11-10 21:29:37,311 - Short Sell 44.00 shares at 446.32 on 2024-10-24 13:45:00+00:00
2024-11-10 21:29:37,312 - Short Sell 44.00 shares at 446.15 on 2024-10-24 14:00:00+00:00
2024-11-10 21:29:37,312 - Short Sell 44.00 shares at 446.56 on 2024-10-24 14:15:00+00:00
2024-11-10 21:29:37,312 - Short Sell 44.00 shares at 447.21 on 2024-10-24 14:30:00+00:00
2024-11-10 21:29:37,312 - Short Sell 44.00 shares at 446.21 on 2024-10-24 14:45:00+00:00
2024-11-10 21:29:37,312 - Short Sell 44.00 shares at 447.5 on 2024-10-24 15:00:00+00:00
2024-11-10 21:29:37,312 - Short Sell 44.00 shares at 447.35 on 2024-10-24 15:15:00+00:00
2024-11-10 21:29:37,312 - Short Sell 44.00 shares at 447.4 on 2024-10-24 15:30:00+00:00
2024-11-10 21:29:37,312 - Short Sell 44.00 shares at 446.83 on 2024-10-24 15:45:00+00:00
2024-11-10 21:29:37,312 - Buy to cover -616.00 shares at 446.34 on 2024-10-24 16:00:00+00:00 (Exit: Signal, Profit: -258.7199999999398, Duration: 1260.0 minutes)
2024-11-10 21:29:37,312 - Short Sell 44.00 shares at 447.14 on 2024-10-24 16:15:00+00:00
2024-11-10 21:29:37,312 - Short Sell 44.00 shares at 448.26 on 2024-10-24 16:30:00+00:00
2024-11-10 21:29:37,312 - Short Sell 44.00 shares at 448.31 on 2024-10-24 16:45:00+00:00
2024-11-10 21:29:37,312 - Short Sell 44.00 shares at 448.61 on 2024-10-24 17:00:00+00:00
2024-11-10 21:29:37,312 - Short Sell 44.00 shares at 448.97 on 2024-10-24 17:15:00+00:00
2024-11-10 21:29:37,312 - Short Sell 44.00 shares at 449.52 on 2024-10-24 17:30:00+00:00
2024-11-10 21:29:37,312 - Short Sell 44.00 shares at 448.74 on 2024-10-24 17:45:00+00:00
2024-11-10 21:29:37,312 - Short Sell 44.00 shares at 448.76 on 2024-10-24 18:00:00+00:00
2024-11-10 21:29:37,312 - Short Sell 44.00 shares at 448.56 on 2024-10-24 18:15:00+00:00
2024-11-10 21:29:37,312 - Short Sell 44.00 shares at 447.25 on 2024-10-24 18:30:00+00:00
2024-11-10 21:29:37,312 - Short Sell 44.00 shares at 447.51 on 2024-10-24 18:45:00+00:00
2024-11-10 21:29:37,312 - Short Sell 44.00 shares at 447.42 on 2024-10-24 19:00:00+00:00
2024-11-10 21:29:37,312 - Short Sell 44.00 shares at 447.63 on 2024-10-24 19:15:00+00:00
2024-11-10 21:29:37,312 - Short Sell 44.00 shares at 449.99 on 2024-10-24 19:30:00+00:00
2024-11-10 21:29:37,312 - Short Sell 44.00 shares at 450.09 on 2024-10-24 19:45:00+00:00
2024-11-10 21:29:37,312 - Short Sell 44.00 shares at 451.0 on 2024-10-25 13:45:00+00:00
2024-11-10 21:29:37,312 - Short Sell 44.00 shares at 450.9 on 2024-10-25 14:00:00+00:00
2024-11-10 21:29:37,312 - Short Sell 44.00 shares at 450.48 on 2024-10-25 14:15:00+00:00
2024-11-10 21:29:37,313 - Buy to cover -792.00 shares at 449.5 on 2024-10-25 14:30:00+00:00 (Exit: Signal, Profit: -521.8399999999606, Duration: 1335.0 minutes)
2024-11-10 21:29:37,313 - Long Buy 44.00 shares at 449.05 on 2024-10-25 14:45:00+00:00
2024-11-10 21:29:37,313 - Long Buy 43.00 shares at 447.37 on 2024-10-25 15:00:00+00:00
2024-11-10 21:29:37,313 - Long Buy 42.00 shares at 446.49 on 2024-10-25 15:15:00+00:00
2024-11-10 21:29:37,313 - Long Buy 42.00 shares at 446.25 on 2024-10-25 15:30:00+00:00
2024-11-10 21:29:37,313 - Long Buy 41.00 shares at 447.22 on 2024-10-25 15:45:00+00:00
2024-11-10 21:29:37,313 - Long Buy 40.00 shares at 446.69 on 2024-10-25 16:00:00+00:00
2024-11-10 21:29:37,313 - Long Buy 39.00 shares at 447.25 on 2024-10-25 16:15:00+00:00
2024-11-10 21:29:37,313 - Long Buy 38.00 shares at 447.5 on 2024-10-25 16:30:00+00:00
2024-11-10 21:29:37,313 - Long Buy 38.00 shares at 446.32 on 2024-10-25 16:45:00+00:00
2024-11-10 21:29:37,313 - Long Buy 37.00 shares at 445.55 on 2024-10-25 17:00:00+00:00
2024-11-10 21:29:37,313 - Long Buy 36.00 shares at 444.91 on 2024-10-25 17:15:00+00:00
2024-11-10 21:29:37,313 - Long Buy 36.00 shares at 443.55 on 2024-10-25 17:30:00+00:00
2024-11-10 21:29:37,313 - Long Buy 35.00 shares at 444.52 on 2024-10-25 17:45:00+00:00
2024-11-10 21:29:37,313 - Long Buy 34.00 shares at 444.03 on 2024-10-25 18:00:00+00:00
2024-11-10 21:29:37,313 - Long Buy 33.00 shares at 444.9 on 2024-10-25 18:15:00+00:00
2024-11-10 21:29:37,313 - Long Buy 33.00 shares at 444.86 on 2024-10-25 18:30:00+00:00
2024-11-10 21:29:37,313 - Long Buy 32.00 shares at 444.9 on 2024-10-25 18:45:00+00:00
2024-11-10 21:29:37,313 - Long Buy 31.00 shares at 443.84 on 2024-10-25 19:00:00+00:00
2024-11-10 21:29:37,313 - Long Buy 31.00 shares at 444.0 on 2024-10-25 19:15:00+00:00
2024-11-10 21:29:37,313 - Long Buy 30.00 shares at 444.21 on 2024-10-25 19:30:00+00:00
2024-11-10 21:29:37,313 - Long Buy 30.00 shares at 444.25 on 2024-10-25 19:45:00+00:00
2024-11-10 21:29:37,313 - Sell to close 765.00 shares at 449.69 on 2024-10-28 13:30:00+00:00 (Exit: Signal, Profit: 3010.2800000000393, Duration: 4245.0 minutes)
2024-11-10 21:29:37,313 - Short Sell 44.00 shares at 451.65 on 2024-10-28 13:45:00+00:00
2024-11-10 21:29:37,313 - Short Sell 44.00 shares at 450.72 on 2024-10-28 14:00:00+00:00
2024-11-10 21:29:37,313 - Short Sell 44.00 shares at 451.06 on 2024-10-28 14:15:00+00:00
2024-11-10 21:29:37,314 - Buy to cover -132.00 shares at 449.53 on 2024-10-28 14:30:00+00:00 (Exit: Signal, Profit: 212.9600000000014, Duration: 45.0 minutes)
2024-11-10 21:29:37,314 - Long Buy 44.00 shares at 450.01 on 2024-10-28 14:45:00+00:00
2024-11-10 21:29:37,314 - Sell to close 44.00 shares at 451.93 on 2024-10-28 15:00:00+00:00 (Exit: Signal, Profit: 84.4800000000007, Duration: 15.0 minutes)
2024-11-10 21:29:37,314 - Short Sell 44.00 shares at 451.79 on 2024-10-28 15:15:00+00:00
2024-11-10 21:29:37,314 - Short Sell 44.00 shares at 451.29 on 2024-10-28 15:30:00+00:00
2024-11-10 21:29:37,314 - Short Sell 44.00 shares at 452.46 on 2024-10-28 15:45:00+00:00
2024-11-10 21:29:37,314 - Short Sell 44.00 shares at 453.11 on 2024-10-28 16:00:00+00:00
2024-11-10 21:29:37,314 - Short Sell 44.00 shares at 453.13 on 2024-10-28 16:15:00+00:00
2024-11-10 21:29:37,314 - Short Sell 44.00 shares at 452.24 on 2024-10-28 16:30:00+00:00
2024-11-10 21:29:37,314 - Short Sell 44.00 shares at 452.7 on 2024-10-28 16:45:00+00:00
2024-11-10 21:29:37,314 - Short Sell 44.00 shares at 453.14 on 2024-10-28 17:00:00+00:00
2024-11-10 21:29:37,314 - Short Sell 44.00 shares at 452.53 on 2024-10-28 17:15:00+00:00
2024-11-10 21:29:37,314 - Short Sell 44.00 shares at 452.58 on 2024-10-28 17:30:00+00:00
2024-11-10 21:29:37,314 - Short Sell 44.00 shares at 452.31 on 2024-10-28 17:45:00+00:00
2024-11-10 21:29:37,314 - Buy to cover -484.00 shares at 452.17 on 2024-10-28 18:00:00+00:00 (Exit: Signal, Profit: 150.0400000000011, Duration: 165.0 minutes)
2024-11-10 21:29:37,314 - Long Buy 44.00 shares at 452.0 on 2024-10-28 18:15:00+00:00
2024-11-10 21:29:37,314 - Long Buy 43.00 shares at 451.58 on 2024-10-28 18:30:00+00:00
2024-11-10 21:29:37,314 - Sell to close 87.00 shares at 452.69 on 2024-10-28 19:15:00+00:00 (Exit: Signal, Profit: 78.089999999996, Duration: 60.0 minutes)
2024-11-10 21:29:37,314 - Long Buy 44.00 shares at 449.69 on 2024-10-28 19:45:00+00:00
2024-11-10 21:29:37,315 - Sell to close 44.00 shares at 433.76 on 2024-10-29 13:30:00+00:00 (Exit: Stop_loss, Profit: -700.9200000000003, Duration: 1065.0 minutes)
2024-11-10 21:29:37,315 - Long Buy 46.00 shares at 431.3 on 2024-10-29 13:45:00+00:00
2024-11-10 21:29:37,315 - Long Buy 44.00 shares at 435.43 on 2024-10-29 14:00:00+00:00
2024-11-10 21:29:37,315 - Sell to close 90.00 shares at 443.26 on 2024-10-29 14:15:00+00:00 (Exit: Profit_take, Profit: 894.679999999999, Duration: 30.0 minutes)
2024-11-10 21:29:37,315 - Long Buy 45.00 shares at 443.5 on 2024-10-29 14:30:00+00:00
2024-11-10 21:29:37,315 - Long Buy 44.00 shares at 442.78 on 2024-10-29 14:45:00+00:00
2024-11-10 21:29:37,315 - Long Buy 43.00 shares at 440.16 on 2024-10-29 15:00:00+00:00
2024-11-10 21:29:37,315 - Long Buy 42.00 shares at 439.07 on 2024-10-29 15:15:00+00:00
2024-11-10 21:29:37,315 - Long Buy 41.00 shares at 439.95 on 2024-10-29 15:30:00+00:00
2024-11-10 21:29:37,315 - Sell to close 215.00 shares at 440.42 on 2024-10-29 15:45:00+00:00 (Exit: Signal, Profit: -155.28999999999314, Duration: 75.0 minutes)
2024-11-10 21:29:37,315 - Long Buy 45.00 shares at 439.38 on 2024-10-29 16:00:00+00:00
2024-11-10 21:29:37,315 - Long Buy 44.00 shares at 435.57 on 2024-10-29 16:15:00+00:00
2024-11-10 21:29:37,315 - Long Buy 44.00 shares at 435.21 on 2024-10-29 16:30:00+00:00
2024-11-10 21:29:37,315 - Long Buy 43.00 shares at 437.19 on 2024-10-29 16:45:00+00:00
2024-11-10 21:29:37,315 - Long Buy 42.00 shares at 438.12 on 2024-10-29 17:00:00+00:00
2024-11-10 21:29:37,315 - Long Buy 41.00 shares at 437.71 on 2024-10-29 17:15:00+00:00
2024-11-10 21:29:37,315 - Long Buy 40.00 shares at 436.65 on 2024-10-29 17:30:00+00:00
2024-11-10 21:29:37,315 - Long Buy 39.00 shares at 438.42 on 2024-10-29 17:45:00+00:00
2024-11-10 21:29:37,315 - Sell to close 338.00 shares at 441.06 on 2024-10-29 18:00:00+00:00 (Exit: Signal, Profit: 1281.1600000000117, Duration: 120.0 minutes)
2024-11-10 21:29:37,315 - Short Sell 45.00 shares at 441.85 on 2024-10-29 18:15:00+00:00
2024-11-10 21:29:37,315 - Short Sell 45.00 shares at 442.74 on 2024-10-29 18:30:00+00:00
2024-11-10 21:29:37,315 - Short Sell 45.00 shares at 442.46 on 2024-10-29 18:45:00+00:00
2024-11-10 21:29:37,315 - Short Sell 45.00 shares at 442.97 on 2024-10-29 19:00:00+00:00
2024-11-10 21:29:37,316 - Buy to cover -180.00 shares at 442.13 on 2024-10-29 19:15:00+00:00 (Exit: Signal, Profit: 67.5, Duration: 60.0 minutes)
2024-11-10 21:29:37,316 - Long Buy 45.00 shares at 441.53 on 2024-10-29 19:30:00+00:00
2024-11-10 21:29:37,316 - Long Buy 44.00 shares at 439.82 on 2024-10-29 19:45:00+00:00
2024-11-10 21:29:37,316 - Long Buy 44.00 shares at 433.99 on 2024-10-30 13:30:00+00:00
2024-11-10 21:29:37,316 - Long Buy 42.00 shares at 439.07 on 2024-10-30 13:45:00+00:00
2024-11-10 21:29:37,316 - Long Buy 42.00 shares at 439.38 on 2024-10-30 14:00:00+00:00
2024-11-10 21:29:37,316 - Long Buy 41.00 shares at 438.46 on 2024-10-30 14:15:00+00:00
2024-11-10 21:29:37,316 - Long Buy 40.00 shares at 440.22 on 2024-10-30 14:30:00+00:00
2024-11-10 21:29:37,316 - Long Buy 39.00 shares at 440.99 on 2024-10-30 14:45:00+00:00
2024-11-10 21:29:37,316 - Long Buy 38.00 shares at 440.91 on 2024-10-30 15:00:00+00:00
2024-11-10 21:29:37,316 - Long Buy 37.00 shares at 440.96 on 2024-10-30 15:15:00+00:00
2024-11-10 21:29:37,316 - Long Buy 37.00 shares at 440.19 on 2024-10-30 15:30:00+00:00
2024-11-10 21:29:37,316 - Long Buy 36.00 shares at 438.49 on 2024-10-30 15:45:00+00:00
2024-11-10 21:29:37,316 - Long Buy 35.00 shares at 438.01 on 2024-10-30 16:00:00+00:00
2024-11-10 21:29:37,316 - Long Buy 35.00 shares at 437.04 on 2024-10-30 16:15:00+00:00
2024-11-10 21:29:37,316 - Long Buy 34.00 shares at 436.7 on 2024-10-30 16:30:00+00:00
2024-11-10 21:29:37,316 - Long Buy 34.00 shares at 436.02 on 2024-10-30 16:45:00+00:00
2024-11-10 21:29:37,316 - Long Buy 33.00 shares at 437.0 on 2024-10-30 17:00:00+00:00
2024-11-10 21:29:37,316 - Long Buy 32.00 shares at 435.47 on 2024-10-30 17:15:00+00:00
2024-11-10 21:29:37,316 - Long Buy 32.00 shares at 434.8 on 2024-10-30 17:30:00+00:00
2024-11-10 21:29:37,316 - Long Buy 31.00 shares at 434.3 on 2024-10-30 17:45:00+00:00
2024-11-10 21:29:37,316 - Long Buy 30.00 shares at 434.27 on 2024-10-30 18:00:00+00:00
2024-11-10 21:29:37,316 - Long Buy 30.00 shares at 433.91 on 2024-10-30 18:15:00+00:00
2024-11-10 21:29:37,316 - Sell to close 811.00 shares at 432.43 on 2024-10-30 18:30:00+00:00 (Exit: Stop_loss, Profit: -4515.269999999864, Duration: 1380.0 minutes)
2024-11-10 21:29:37,316 - Long Buy 46.00 shares at 431.08 on 2024-10-30 18:45:00+00:00
2024-11-10 21:29:37,316 - Long Buy 45.00 shares at 431.05 on 2024-10-30 19:00:00+00:00
2024-11-10 21:29:37,316 - Long Buy 44.00 shares at 430.43 on 2024-10-30 19:15:00+00:00
2024-11-10 21:29:37,317 - Long Buy 43.00 shares at 431.0 on 2024-10-30 19:30:00+00:00
2024-11-10 21:29:37,317 - Long Buy 42.00 shares at 431.56 on 2024-10-30 19:45:00+00:00
2024-11-10 21:29:37,317 - Long Buy 42.00 shares at 429.23 on 2024-10-31 13:30:00+00:00
2024-11-10 21:29:37,317 - Long Buy 41.00 shares at 429.92 on 2024-10-31 13:45:00+00:00
2024-11-10 21:29:37,317 - Long Buy 40.00 shares at 427.87 on 2024-10-31 14:00:00+00:00
2024-11-10 21:29:37,317 - Long Buy 39.00 shares at 427.51 on 2024-10-31 14:15:00+00:00
2024-11-10 21:29:37,317 - Long Buy 39.00 shares at 426.5 on 2024-10-31 14:30:00+00:00
2024-11-10 21:29:37,317 - Long Buy 38.00 shares at 425.06 on 2024-10-31 14:45:00+00:00
2024-11-10 21:29:37,317 - Long Buy 37.00 shares at 425.13 on 2024-10-31 15:00:00+00:00
2024-11-10 21:29:37,317 - Long Buy 36.00 shares at 424.99 on 2024-10-31 15:15:00+00:00
2024-11-10 21:29:37,317 - Long Buy 36.00 shares at 426.04 on 2024-10-31 15:30:00+00:00
2024-11-10 21:29:37,317 - Long Buy 35.00 shares at 425.91 on 2024-10-31 15:45:00+00:00
2024-11-10 21:29:37,317 - Long Buy 34.00 shares at 427.2 on 2024-10-31 16:00:00+00:00
2024-11-10 21:29:37,317 - Long Buy 33.00 shares at 428.02 on 2024-10-31 16:15:00+00:00
2024-11-10 21:29:37,317 - Long Buy 33.00 shares at 429.19 on 2024-10-31 16:30:00+00:00
2024-11-10 21:29:37,317 - Long Buy 32.00 shares at 428.17 on 2024-10-31 16:45:00+00:00
2024-11-10 21:29:37,317 - Long Buy 31.00 shares at 428.35 on 2024-10-31 17:00:00+00:00
2024-11-10 21:29:37,317 - Long Buy 31.00 shares at 428.32 on 2024-10-31 17:15:00+00:00
2024-11-10 21:29:37,317 - Long Buy 30.00 shares at 427.87 on 2024-10-31 18:00:00+00:00
2024-11-10 21:29:37,317 - Long Buy 30.00 shares at 427.81 on 2024-10-31 18:15:00+00:00
2024-11-10 21:29:37,317 - Long Buy 29.00 shares at 427.24 on 2024-10-31 18:30:00+00:00
2024-11-10 21:29:37,317 - Long Buy 28.00 shares at 427.09 on 2024-10-31 18:45:00+00:00
2024-11-10 21:29:37,317 - Long Buy 28.00 shares at 426.8 on 2024-10-31 19:00:00+00:00
2024-11-10 21:29:37,317 - Long Buy 27.00 shares at 427.57 on 2024-10-31 19:15:00+00:00
2024-11-10 21:29:37,317 - Long Buy 27.00 shares at 427.34 on 2024-10-31 19:30:00+00:00
2024-11-10 21:29:37,317 - Long Buy 26.00 shares at 426.81 on 2024-10-31 19:45:00+00:00
2024-11-10 21:29:37,317 - Sell to close 1022.00 shares at 422.64 on 2024-11-01 13:30:00+00:00 (Exit: Stop_loss, Profit: -5607.729999999938, Duration: 2565.0 minutes)
2024-11-10 21:29:37,318 - Long Buy 46.00 shares at 424.0 on 2024-11-01 13:45:00+00:00
2024-11-10 21:29:37,318 - Long Buy 45.00 shares at 427.61 on 2024-11-01 14:00:00+00:00
2024-11-10 21:29:37,318 - Long Buy 44.00 shares at 424.93 on 2024-11-01 14:30:00+00:00
2024-11-10 21:29:37,318 - Long Buy 43.00 shares at 426.0 on 2024-11-01 14:45:00+00:00
2024-11-10 21:29:37,318 - Long Buy 42.00 shares at 426.02 on 2024-11-01 15:00:00+00:00
2024-11-10 21:29:37,318 - Long Buy 42.00 shares at 425.5 on 2024-11-01 15:15:00+00:00
2024-11-10 21:29:37,318 - Long Buy 41.00 shares at 425.21 on 2024-11-01 15:30:00+00:00
2024-11-10 21:29:37,318 - Long Buy 40.00 shares at 426.36 on 2024-11-01 15:45:00+00:00
2024-11-10 21:29:37,318 - Long Buy 39.00 shares at 426.36 on 2024-11-01 16:00:00+00:00
2024-11-10 21:29:37,318 - Long Buy 38.00 shares at 425.16 on 2024-11-01 16:15:00+00:00
2024-11-10 21:29:37,318 - Long Buy 38.00 shares at 425.03 on 2024-11-01 16:30:00+00:00
2024-11-10 21:29:37,318 - Long Buy 37.00 shares at 424.6 on 2024-11-01 16:45:00+00:00
2024-11-10 21:29:37,318 - Long Buy 36.00 shares at 426.31 on 2024-11-01 17:00:00+00:00
2024-11-10 21:29:37,318 - Long Buy 35.00 shares at 425.07 on 2024-11-01 17:15:00+00:00
2024-11-10 21:29:37,318 - Long Buy 35.00 shares at 424.66 on 2024-11-01 17:30:00+00:00
2024-11-10 21:29:37,318 - Long Buy 34.00 shares at 426.64 on 2024-11-01 17:45:00+00:00
2024-11-10 21:29:37,318 - Long Buy 33.00 shares at 426.7 on 2024-11-01 18:15:00+00:00
2024-11-10 21:29:37,318 - Long Buy 33.00 shares at 427.15 on 2024-11-01 18:30:00+00:00
2024-11-10 21:29:37,318 - Long Buy 32.00 shares at 425.94 on 2024-11-01 18:45:00+00:00
2024-11-10 21:29:37,318 - Long Buy 31.00 shares at 426.38 on 2024-11-01 19:00:00+00:00
2024-11-10 21:29:37,318 - Long Buy 31.00 shares at 426.25 on 2024-11-01 19:15:00+00:00
2024-11-10 21:29:37,318 - Long Buy 30.00 shares at 426.76 on 2024-11-01 19:30:00+00:00
2024-11-10 21:29:37,318 - Long Buy 30.00 shares at 425.7 on 2024-11-01 19:45:00+00:00
2024-11-10 21:29:37,318 - Long Buy 29.00 shares at 426.96 on 2024-11-04 14:30:00+00:00
2024-11-10 21:29:37,318 - Sell to close 884.00 shares at 429.66 on 2024-11-04 14:45:00+00:00 (Exit: Signal, Profit: 3372.989999999874, Duration: 4380.0 minutes)
2024-11-10 21:29:37,319 - Short Sell 46.00 shares at 428.86 on 2024-11-04 15:00:00+00:00
2024-11-10 21:29:37,319 - Short Sell 46.00 shares at 428.98 on 2024-11-04 15:15:00+00:00
2024-11-10 21:29:37,319 - Short Sell 46.00 shares at 428.36 on 2024-11-04 15:30:00+00:00
2024-11-10 21:29:37,319 - Short Sell 46.00 shares at 428.43 on 2024-11-04 16:00:00+00:00
2024-11-10 21:29:37,319 - Buy to cover -184.00 shares at 426.73 on 2024-11-04 16:15:00+00:00 (Exit: Signal, Profit: 354.6599999999912, Duration: 75.0 minutes)
2024-11-10 21:29:37,319 - Long Buy 46.00 shares at 424.08 on 2024-11-04 16:30:00+00:00
2024-11-10 21:29:37,319 - Long Buy 46.00 shares at 423.39 on 2024-11-04 16:45:00+00:00
2024-11-10 21:29:37,319 - Long Buy 45.00 shares at 422.56 on 2024-11-04 17:00:00+00:00
2024-11-10 21:29:37,319 - Long Buy 44.00 shares at 424.66 on 2024-11-04 17:15:00+00:00
2024-11-10 21:29:37,319 - Long Buy 43.00 shares at 424.22 on 2024-11-04 17:30:00+00:00
2024-11-10 21:29:37,319 - Long Buy 42.00 shares at 424.3 on 2024-11-04 17:45:00+00:00
2024-11-10 21:29:37,319 - Long Buy 41.00 shares at 424.31 on 2024-11-04 18:00:00+00:00
2024-11-10 21:29:37,319 - Long Buy 40.00 shares at 424.18 on 2024-11-04 18:15:00+00:00
2024-11-10 21:29:37,319 - Long Buy 39.00 shares at 425.25 on 2024-11-04 18:30:00+00:00
2024-11-10 21:29:37,319 - Long Buy 39.00 shares at 425.07 on 2024-11-04 18:45:00+00:00
2024-11-10 21:29:37,319 - Long Buy 38.00 shares at 425.81 on 2024-11-04 19:00:00+00:00
2024-11-10 21:29:37,319 - Long Buy 37.00 shares at 424.69 on 2024-11-04 19:15:00+00:00
2024-11-10 21:29:37,319 - Long Buy 36.00 shares at 425.65 on 2024-11-04 19:30:00+00:00
2024-11-10 21:29:37,319 - Long Buy 36.00 shares at 424.44 on 2024-11-04 19:45:00+00:00
2024-11-10 21:29:37,319 - Long Buy 35.00 shares at 425.1 on 2024-11-04 20:00:00+00:00
2024-11-10 21:29:37,319 - Long Buy 34.00 shares at 424.73 on 2024-11-04 20:15:00+00:00
2024-11-10 21:29:37,319 - Sell to close 641.00 shares at 425.77 on 2024-11-04 20:30:00+00:00 (Exit: Signal, Profit: 829.3900000000122, Duration: 240.0 minutes)
2024-11-10 21:29:37,320 - Short Sell 46.00 shares at 431.15 on 2024-11-05 14:30:00+00:00
2024-11-10 21:29:37,320 - Short Sell 45.00 shares at 434.94 on 2024-11-05 14:45:00+00:00
2024-11-10 21:29:37,320 - Short Sell 45.00 shares at 434.97 on 2024-11-05 15:00:00+00:00
2024-11-10 21:29:37,320 - Short Sell 45.00 shares at 434.72 on 2024-11-05 15:15:00+00:00
2024-11-10 21:29:37,320 - Short Sell 45.00 shares at 436.67 on 2024-11-05 15:30:00+00:00
2024-11-10 21:29:37,320 - Short Sell 45.00 shares at 433.79 on 2024-11-05 15:45:00+00:00
2024-11-10 21:29:37,320 - Short Sell 45.00 shares at 435.31 on 2024-11-05 16:00:00+00:00
2024-11-10 21:29:37,320 - Short Sell 45.00 shares at 434.03 on 2024-11-05 16:15:00+00:00
2024-11-10 21:29:37,320 - Short Sell 45.00 shares at 434.88 on 2024-11-05 16:30:00+00:00
2024-11-10 21:29:37,320 - Short Sell 45.00 shares at 436.25 on 2024-11-05 16:45:00+00:00
2024-11-10 21:29:37,320 - Short Sell 45.00 shares at 434.42 on 2024-11-05 17:00:00+00:00
2024-11-10 21:29:37,320 - Short Sell 45.00 shares at 434.66 on 2024-11-05 17:15:00+00:00
2024-11-10 21:29:37,320 - Short Sell 45.00 shares at 435.15 on 2024-11-05 17:30:00+00:00
2024-11-10 21:29:37,320 - Buy to cover -586.00 shares at 433.69 on 2024-11-05 17:45:00+00:00 (Exit: Signal, Profit: 581.110000000015, Duration: 195.0 minutes)
2024-11-10 21:29:37,320 - Short Sell 45.00 shares at 435.67 on 2024-11-05 18:00:00+00:00
2024-11-10 21:29:37,320 - Short Sell 45.00 shares at 435.76 on 2024-11-05 18:15:00+00:00
2024-11-10 21:29:37,320 - Short Sell 45.00 shares at 435.69 on 2024-11-05 18:30:00+00:00
2024-11-10 21:29:37,320 - Short Sell 45.00 shares at 436.35 on 2024-11-05 19:00:00+00:00
2024-11-10 21:29:37,320 - Short Sell 45.00 shares at 437.13 on 2024-11-05 19:15:00+00:00
2024-11-10 21:29:37,320 - Short Sell 45.00 shares at 437.48 on 2024-11-05 19:30:00+00:00
2024-11-10 21:29:37,320 - Short Sell 45.00 shares at 436.46 on 2024-11-05 19:45:00+00:00
2024-11-10 21:29:37,321 - Short Sell 45.00 shares at 437.46 on 2024-11-05 20:00:00+00:00
2024-11-10 21:29:37,321 - Short Sell 45.00 shares at 438.84 on 2024-11-05 20:15:00+00:00
2024-11-10 21:29:37,321 - Short Sell 45.00 shares at 438.54 on 2024-11-05 20:30:00+00:00
2024-11-10 21:29:37,321 - Short Sell 45.00 shares at 439.92 on 2024-11-05 20:45:00+00:00
2024-11-10 21:29:37,321 - Buy to cover -495.00 shares at 468.88 on 2024-11-06 14:30:00+00:00 (Exit: Stop_loss, Profit: -15677.100000000008, Duration: 1230.0 minutes)
2024-11-10 21:29:37,321 - Long Buy 42.00 shares at 464.27 on 2024-11-06 14:45:00+00:00
2024-11-10 21:29:37,321 - Long Buy 41.00 shares at 465.99 on 2024-11-06 15:00:00+00:00
2024-11-10 21:29:37,321 - Long Buy 40.00 shares at 468.47 on 2024-11-06 15:15:00+00:00
2024-11-10 21:29:37,321 - Long Buy 39.00 shares at 467.04 on 2024-11-06 15:30:00+00:00
2024-11-10 21:29:37,321 - Sell to close 162.00 shares at 469.87 on 2024-11-06 15:45:00+00:00 (Exit: Signal, Profit: 560.649999999988, Duration: 60.0 minutes)
2024-11-10 21:29:37,321 - Short Sell 41.00 shares at 473.0 on 2024-11-06 16:00:00+00:00
2024-11-10 21:29:37,321 - Short Sell 41.00 shares at 475.3 on 2024-11-06 16:15:00+00:00
2024-11-10 21:29:37,321 - Short Sell 41.00 shares at 477.13 on 2024-11-06 16:30:00+00:00
2024-11-10 21:29:37,321 - Short Sell 40.00 shares at 479.53 on 2024-11-06 16:45:00+00:00
2024-11-10 21:29:37,321 - Short Sell 40.00 shares at 478.39 on 2024-11-06 17:00:00+00:00
2024-11-10 21:29:37,321 - Short Sell 40.00 shares at 478.62 on 2024-11-06 17:15:00+00:00
2024-11-10 21:29:37,321 - Short Sell 40.00 shares at 478.43 on 2024-11-06 17:30:00+00:00
2024-11-10 21:29:37,321 - Short Sell 40.00 shares at 478.84 on 2024-11-06 17:45:00+00:00
2024-11-10 21:29:37,321 - Short Sell 41.00 shares at 478.16 on 2024-11-06 18:00:00+00:00
2024-11-10 21:29:37,321 - Short Sell 41.00 shares at 475.93 on 2024-11-06 18:15:00+00:00
2024-11-10 21:29:37,321 - Buy to cover -405.00 shares at 473.6 on 2024-11-06 18:30:00+00:00 (Exit: Signal, Profit: 1504.719999999993, Duration: 150.0 minutes)
2024-11-10 21:29:37,321 - Long Buy 41.00 shares at 472.2 on 2024-11-06 18:45:00+00:00
2024-11-10 21:29:37,322 - Long Buy 40.00 shares at 471.65 on 2024-11-06 19:00:00+00:00
2024-11-10 21:29:37,322 - Long Buy 40.00 shares at 469.69 on 2024-11-06 19:15:00+00:00
2024-11-10 21:29:37,322 - Long Buy 39.00 shares at 468.77 on 2024-11-06 19:30:00+00:00
2024-11-10 21:29:37,322 - Long Buy 38.00 shares at 469.51 on 2024-11-06 19:45:00+00:00
2024-11-10 21:29:37,322 - Long Buy 37.00 shares at 471.43 on 2024-11-06 20:00:00+00:00
2024-11-10 21:29:37,322 - Long Buy 37.00 shares at 470.77 on 2024-11-06 20:15:00+00:00
2024-11-10 21:29:37,322 - Long Buy 36.00 shares at 470.37 on 2024-11-06 20:30:00+00:00
2024-11-10 21:29:37,322 - Long Buy 35.00 shares at 471.78 on 2024-11-06 20:45:00+00:00
2024-11-10 21:29:37,322 - Long Buy 34.00 shares at 470.13 on 2024-11-07 14:30:00+00:00
2024-11-10 21:29:37,322 - Long Buy 34.00 shares at 471.83 on 2024-11-07 14:45:00+00:00
2024-11-10 21:29:37,322 - Long Buy 33.00 shares at 470.53 on 2024-11-07 15:00:00+00:00
2024-11-10 21:29:37,322 - Long Buy 32.00 shares at 470.82 on 2024-11-07 15:15:00+00:00
2024-11-10 21:29:37,322 - Long Buy 31.00 shares at 475.09 on 2024-11-07 15:30:00+00:00
2024-11-10 21:29:37,322 - Long Buy 31.00 shares at 471.58 on 2024-11-07 15:45:00+00:00
2024-11-10 21:29:37,322 - Long Buy 30.00 shares at 470.98 on 2024-11-07 16:00:00+00:00
2024-11-10 21:29:37,322 - Long Buy 30.00 shares at 468.72 on 2024-11-07 16:15:00+00:00
2024-11-10 21:29:37,322 - Long Buy 29.00 shares at 470.03 on 2024-11-07 16:30:00+00:00
2024-11-10 21:29:37,322 - Long Buy 29.00 shares at 469.37 on 2024-11-07 16:45:00+00:00
2024-11-10 21:29:37,322 - Long Buy 28.00 shares at 468.49 on 2024-11-07 17:00:00+00:00
2024-11-10 21:29:37,322 - Long Buy 28.00 shares at 469.07 on 2024-11-07 17:15:00+00:00
2024-11-10 21:29:37,322 - Long Buy 27.00 shares at 470.74 on 2024-11-07 17:30:00+00:00
2024-11-10 21:29:37,322 - Long Buy 26.00 shares at 471.66 on 2024-11-07 17:45:00+00:00
2024-11-10 21:29:37,322 - Long Buy 26.00 shares at 470.05 on 2024-11-07 18:00:00+00:00
2024-11-10 21:29:37,322 - Long Buy 25.00 shares at 470.5 on 2024-11-07 18:15:00+00:00
2024-11-10 21:29:37,322 - Long Buy 25.00 shares at 470.54 on 2024-11-07 18:30:00+00:00
2024-11-10 21:29:37,322 - Long Buy 24.00 shares at 471.99 on 2024-11-07 18:45:00+00:00
2024-11-10 21:29:37,322 - Long Buy 24.00 shares at 468.7 on 2024-11-07 19:00:00+00:00
2024-11-10 21:29:37,322 - Long Buy 24.00 shares at 469.0 on 2024-11-07 19:15:00+00:00
2024-11-10 21:29:37,322 - Long Buy 23.00 shares at 467.74 on 2024-11-07 19:30:00+00:00
2024-11-10 21:29:37,322 - Long Buy 23.00 shares at 467.75 on 2024-11-07 19:45:00+00:00
2024-11-10 21:29:37,323 - Long Buy 22.00 shares at 467.31 on 2024-11-07 20:00:00+00:00
2024-11-10 21:29:37,323 - Long Buy 22.00 shares at 466.43 on 2024-11-07 20:15:00+00:00
2024-11-10 21:29:37,323 - Long Buy 21.00 shares at 466.41 on 2024-11-07 20:30:00+00:00
2024-11-10 21:29:37,323 - Long Buy 21.00 shares at 466.81 on 2024-11-07 20:45:00+00:00
2024-11-10 21:29:37,323 - Sell to close 1045.00 shares at 464.31 on 2024-11-08 14:30:00+00:00 (Exit: Stop_loss, Profit: -6101.869999999923, Duration: 2625.0 minutes)
2024-11-10 21:29:37,323 - Long Buy 42.00 shares at 464.86 on 2024-11-08 14:45:00+00:00
2024-11-10 21:29:37,323 - Long Buy 41.00 shares at 464.37 on 2024-11-08 15:00:00+00:00
2024-11-10 21:29:37,323 - Long Buy 40.00 shares at 464.77 on 2024-11-08 15:15:00+00:00
2024-11-10 21:29:37,323 - Long Buy 39.00 shares at 466.4 on 2024-11-08 15:30:00+00:00
2024-11-10 21:29:37,323 - Long Buy 38.00 shares at 467.77 on 2024-11-08 15:45:00+00:00
2024-11-10 21:29:37,323 - Long Buy 37.00 shares at 467.22 on 2024-11-08 16:00:00+00:00
2024-11-10 21:29:37,323 - Long Buy 37.00 shares at 467.45 on 2024-11-08 16:15:00+00:00
2024-11-10 21:29:37,323 - Long Buy 36.00 shares at 466.03 on 2024-11-08 16:30:00+00:00
2024-11-10 21:29:37,323 - Sell to close 310.00 shares at 467.02 on 2024-11-08 16:45:00+00:00 (Exit: Signal, Profit: 297.37999999999033, Duration: 120.0 minutes)
2024-11-10 21:29:37,323 - Short Sell 41.00 shares at 466.37 on 2024-11-08 17:00:00+00:00
2024-11-10 21:29:37,323 - Short Sell 41.00 shares at 467.21 on 2024-11-08 17:30:00+00:00
2024-11-10 21:29:37,323 - Short Sell 41.00 shares at 467.0 on 2024-11-08 17:45:00+00:00
2024-11-10 21:29:37,323 - Short Sell 41.00 shares at 467.24 on 2024-11-08 18:30:00+00:00
2024-11-10 21:29:37,323 - Short Sell 41.00 shares at 467.1 on 2024-11-08 19:00:00+00:00
2024-11-10 21:29:37,323 - Short Sell 41.00 shares at 467.74 on 2024-11-08 19:15:00+00:00
2024-11-10 21:29:37,323 - Short Sell 41.00 shares at 467.77 on 2024-11-08 19:30:00+00:00
2024-11-10 21:29:37,323 - Short Sell 41.00 shares at 467.11 on 2024-11-08 19:45:00+00:00
2024-11-10 21:29:37,323 - Short Sell 41.00 shares at 467.25 on 2024-11-08 20:00:00+00:00
2024-11-10 21:29:37,323 - Short Sell 41.00 shares at 467.09 on 2024-11-08 20:15:00+00:00
2024-11-10 21:29:37,324 - Buy to cover -410.00 shares at 465.65 on 2024-11-08 20:30:00+00:00 (Exit: Signal, Profit: 630.5800000000278, Duration: 210.0 minutes)
2024-11-10 21:29:37,324 - Short Sell 41.00 shares at 467.86 on 2024-11-08 20:45:00+00:00
2024-11-10 21:29:37,326 - Final statisticsStock: HUBB, 
total_trades: 45, 
winning_trades: 31, 
losing_trades: 14, 
average_return: -0.0009560523419627951, 
average_duration: 869.6666666666666, 
final_balance: 996536.8800000015, 
final_portfolio_value: 977354.6200000015, 
sharpe_ratio: 6.156399566415354, 



