2024-11-11 19:24:54,555 - Starting GBMStrategy with initial capital: 1000000
2024-11-11 19:24:54,555 - Hyperparameters: {'threshold': 1.5, 'time_periods': 30, 'num_simulations': 150}
2024-11-11 19:28:04,016 - Long Buy 192.00 shares at 104.05 on 2024-10-11 14:30:00+00:00
2024-11-11 19:28:04,017 - Long Buy 188.00 shares at 103.84 on 2024-10-11 16:15:00+00:00
2024-11-11 19:28:04,018 - Long Buy 185.00 shares at 103.76 on 2024-10-11 16:30:00+00:00
2024-11-11 19:28:04,018 - Long Buy 181.00 shares at 103.77 on 2024-10-11 16:45:00+00:00
2024-11-11 19:28:04,018 - Long Buy 178.00 shares at 103.59 on 2024-10-11 17:00:00+00:00
2024-11-11 19:28:04,018 - Long Buy 174.00 shares at 103.54 on 2024-10-11 17:15:00+00:00
2024-11-11 19:28:04,018 - Long Buy 170.00 shares at 103.69 on 2024-10-11 17:30:00+00:00
2024-11-11 19:28:04,018 - Long Buy 167.00 shares at 103.67 on 2024-10-11 17:45:00+00:00
2024-11-11 19:28:04,018 - Long Buy 164.00 shares at 103.52 on 2024-10-11 18:00:00+00:00
2024-11-11 19:28:04,018 - Long Buy 161.00 shares at 103.56 on 2024-10-11 18:15:00+00:00
2024-11-11 19:28:04,018 - Long Buy 157.00 shares at 103.5 on 2024-10-11 18:30:00+00:00
2024-11-11 19:28:04,018 - Long Buy 154.00 shares at 103.48 on 2024-10-11 18:45:00+00:00
2024-11-11 19:28:04,018 - Long Buy 151.00 shares at 103.56 on 2024-10-11 19:00:00+00:00
2024-11-11 19:28:04,018 - Long Buy 148.00 shares at 103.46 on 2024-10-11 19:15:00+00:00
2024-11-11 19:28:04,018 - Long Buy 145.00 shares at 103.4 on 2024-10-11 19:30:00+00:00
2024-11-11 19:28:04,018 - Sell to close 2515.00 shares at 102.79 on 2024-10-14 13:30:00+00:00 (Exit: Stop_loss, Profit: -2134.3100000000095, Duration: 4260.0 minutes)
2024-11-11 19:28:04,018 - Long Buy 195.00 shares at 102.31 on 2024-10-15 13:45:00+00:00
2024-11-11 19:28:04,018 - Long Buy 190.00 shares at 102.46 on 2024-10-15 14:00:00+00:00
2024-11-11 19:28:04,018 - Long Buy 186.00 shares at 102.57 on 2024-10-15 14:15:00+00:00
2024-11-11 19:28:04,018 - Sell to close 571.00 shares at 103.07 on 2024-10-15 15:30:00+00:00 (Exit: Profit_take, Profit: 357.1, Duration: 105.0 minutes)
2024-11-11 19:28:04,018 - Short Sell 192.00 shares at 103.57 on 2024-10-15 16:30:00+00:00
2024-11-11 19:28:04,019 - Short Sell 192.00 shares at 103.5 on 2024-10-15 16:45:00+00:00
2024-11-11 19:28:04,019 - Short Sell 192.00 shares at 103.7 on 2024-10-15 17:15:00+00:00
2024-11-11 19:28:04,019 - Short Sell 192.00 shares at 103.81 on 2024-10-15 17:30:00+00:00
2024-11-11 19:28:04,019 - Short Sell 191.00 shares at 104.17 on 2024-10-15 17:45:00+00:00
2024-11-11 19:28:04,019 - Short Sell 191.00 shares at 104.12 on 2024-10-15 18:00:00+00:00
2024-11-11 19:28:04,019 - Short Sell 192.00 shares at 103.96 on 2024-10-15 18:15:00+00:00
2024-11-11 19:28:04,019 - Short Sell 191.00 shares at 103.97 on 2024-10-15 18:30:00+00:00
2024-11-11 19:28:04,019 - Short Sell 192.00 shares at 103.81 on 2024-10-15 18:45:00+00:00
2024-11-11 19:28:04,019 - Short Sell 192.00 shares at 103.76 on 2024-10-15 19:00:00+00:00
2024-11-11 19:28:04,019 - Short Sell 192.00 shares at 103.81 on 2024-10-15 19:15:00+00:00
2024-11-11 19:28:04,019 - Short Sell 192.00 shares at 103.82 on 2024-10-15 19:30:00+00:00
2024-11-11 19:28:04,019 - Short Sell 192.00 shares at 103.92 on 2024-10-15 19:45:00+00:00
2024-11-11 19:28:04,019 - Buy to cover -2493.00 shares at 105.09 on 2024-10-16 13:30:00+00:00 (Exit: Stop_loss, Profit: -3116.9900000000066, Duration: 1260.0 minutes)
2024-11-11 19:28:04,019 - Short Sell 186.00 shares at 106.68 on 2024-10-17 13:30:00+00:00
2024-11-11 19:28:04,019 - Short Sell 187.00 shares at 106.18 on 2024-10-17 13:45:00+00:00
2024-11-11 19:28:04,019 - Short Sell 187.00 shares at 106.23 on 2024-10-17 14:00:00+00:00
2024-11-11 19:28:04,019 - Short Sell 187.00 shares at 106.0 on 2024-10-17 14:15:00+00:00
2024-11-11 19:28:04,019 - Short Sell 188.00 shares at 105.8 on 2024-10-17 14:30:00+00:00
2024-11-11 19:28:04,019 - Short Sell 188.00 shares at 105.86 on 2024-10-17 14:45:00+00:00
2024-11-11 19:28:04,019 - Short Sell 188.00 shares at 105.81 on 2024-10-17 15:00:00+00:00
2024-11-11 19:28:04,019 - Short Sell 187.00 shares at 105.93 on 2024-10-17 15:15:00+00:00
2024-11-11 19:28:04,019 - Short Sell 187.00 shares at 106.02 on 2024-10-17 15:30:00+00:00
2024-11-11 19:28:04,019 - Short Sell 187.00 shares at 105.95 on 2024-10-17 15:45:00+00:00
2024-11-11 19:28:04,019 - Short Sell 187.00 shares at 105.9 on 2024-10-17 16:00:00+00:00
2024-11-11 19:28:04,019 - Short Sell 188.00 shares at 105.87 on 2024-10-17 16:15:00+00:00
2024-11-11 19:28:04,019 - Short Sell 187.00 shares at 106.12 on 2024-10-17 16:30:00+00:00
2024-11-11 19:28:04,019 - Short Sell 187.00 shares at 106.22 on 2024-10-17 16:45:00+00:00
2024-11-11 19:28:04,020 - Short Sell 187.00 shares at 106.28 on 2024-10-17 17:00:00+00:00
2024-11-11 19:28:04,020 - Short Sell 186.00 shares at 106.42 on 2024-10-17 17:15:00+00:00
2024-11-11 19:28:04,020 - Short Sell 186.00 shares at 106.4 on 2024-10-17 17:30:00+00:00
2024-11-11 19:28:04,020 - Short Sell 187.00 shares at 106.3 on 2024-10-17 17:45:00+00:00
2024-11-11 19:28:04,020 - Short Sell 186.00 shares at 106.39 on 2024-10-17 18:00:00+00:00
2024-11-11 19:28:04,020 - Short Sell 187.00 shares at 106.34 on 2024-10-17 18:15:00+00:00
2024-11-11 19:28:04,020 - Short Sell 186.00 shares at 106.39 on 2024-10-17 18:30:00+00:00
2024-11-11 19:28:04,020 - Short Sell 186.00 shares at 106.43 on 2024-10-17 18:45:00+00:00
2024-11-11 19:28:04,020 - Short Sell 186.00 shares at 106.56 on 2024-10-17 19:00:00+00:00
2024-11-11 19:28:04,020 - Buy to cover -4298.00 shares at 106.11 on 2024-10-17 19:30:00+00:00 (Exit: Signal, Profit: 286.2499999998637, Duration: 360.0 minutes)
2024-11-11 19:28:04,020 - Long Buy 188.00 shares at 105.48 on 2024-10-18 13:30:00+00:00
2024-11-11 19:28:04,020 - Long Buy 185.00 shares at 105.15 on 2024-10-18 13:45:00+00:00
2024-11-11 19:28:04,020 - Long Buy 182.00 shares at 105.0 on 2024-10-18 14:00:00+00:00
2024-11-11 19:28:04,020 - Long Buy 177.00 shares at 105.44 on 2024-10-18 14:15:00+00:00
2024-11-11 19:28:04,020 - Long Buy 173.00 shares at 105.58 on 2024-10-18 14:30:00+00:00
2024-11-11 19:28:04,020 - Long Buy 170.00 shares at 105.34 on 2024-10-18 14:45:00+00:00
2024-11-11 19:28:04,020 - Long Buy 167.00 shares at 105.45 on 2024-10-18 15:00:00+00:00
2024-11-11 19:28:04,020 - Long Buy 164.00 shares at 105.36 on 2024-10-18 15:15:00+00:00
2024-11-11 19:28:04,020 - Long Buy 160.00 shares at 105.4 on 2024-10-18 15:30:00+00:00
2024-11-11 19:28:04,020 - Long Buy 157.00 shares at 105.34 on 2024-10-18 15:45:00+00:00
2024-11-11 19:28:04,020 - Long Buy 154.00 shares at 105.3 on 2024-10-18 16:00:00+00:00
2024-11-11 19:28:04,020 - Long Buy 151.00 shares at 105.35 on 2024-10-18 16:15:00+00:00
2024-11-11 19:28:04,020 - Long Buy 148.00 shares at 105.18 on 2024-10-18 16:30:00+00:00
2024-11-11 19:28:04,020 - Long Buy 145.00 shares at 105.2 on 2024-10-18 16:45:00+00:00
2024-11-11 19:28:04,020 - Long Buy 142.00 shares at 105.27 on 2024-10-18 17:00:00+00:00
2024-11-11 19:28:04,021 - Long Buy 140.00 shares at 104.92 on 2024-10-18 17:15:00+00:00
2024-11-11 19:28:04,021 - Long Buy 137.00 shares at 104.99 on 2024-10-18 17:30:00+00:00
2024-11-11 19:28:04,021 - Long Buy 134.00 shares at 104.91 on 2024-10-18 17:45:00+00:00
2024-11-11 19:28:04,021 - Long Buy 131.00 shares at 104.99 on 2024-10-18 18:00:00+00:00
2024-11-11 19:28:04,021 - Long Buy 129.00 shares at 104.92 on 2024-10-18 18:15:00+00:00
2024-11-11 19:28:04,021 - Long Buy 126.00 shares at 105.09 on 2024-10-18 18:30:00+00:00
2024-11-11 19:28:04,021 - Long Buy 123.00 shares at 105.27 on 2024-10-18 18:45:00+00:00
2024-11-11 19:28:04,021 - Long Buy 121.00 shares at 105.28 on 2024-10-18 19:00:00+00:00
2024-11-11 19:28:04,021 - Long Buy 118.00 shares at 105.45 on 2024-10-18 19:15:00+00:00
2024-11-11 19:28:04,021 - Long Buy 116.00 shares at 105.3 on 2024-10-18 19:30:00+00:00
2024-11-11 19:28:04,021 - Sell to close 3738.00 shares at 105.55 on 2024-10-18 19:45:00+00:00 (Exit: Signal, Profit: 1127.219999999945, Duration: 375.0 minutes)
2024-11-11 19:28:04,021 - Short Sell 187.00 shares at 106.14 on 2024-10-21 13:30:00+00:00
2024-11-11 19:28:04,021 - Short Sell 187.00 shares at 106.53 on 2024-10-21 13:45:00+00:00
2024-11-11 19:28:04,021 - Short Sell 186.00 shares at 106.8 on 2024-10-21 14:00:00+00:00
2024-11-11 19:28:04,021 - Short Sell 186.00 shares at 106.77 on 2024-10-21 14:15:00+00:00
2024-11-11 19:28:04,021 - Short Sell 186.00 shares at 106.59 on 2024-10-21 14:30:00+00:00
2024-11-11 19:28:04,021 - Short Sell 187.00 shares at 106.52 on 2024-10-21 14:45:00+00:00
2024-11-11 19:28:04,021 - Short Sell 187.00 shares at 106.11 on 2024-10-21 15:00:00+00:00
2024-11-11 19:28:04,021 - Buy to cover -1306.00 shares at 105.95 on 2024-10-21 15:15:00+00:00 (Exit: Profit_take, Profit: 710.1600000000202, Duration: 105.0 minutes)
2024-11-11 19:28:04,021 - Short Sell 188.00 shares at 105.95 on 2024-10-21 15:30:00+00:00
2024-11-11 19:28:04,021 - Short Sell 188.00 shares at 105.91 on 2024-10-21 15:45:00+00:00
2024-11-11 19:28:04,021 - Short Sell 188.00 shares at 105.77 on 2024-10-21 16:00:00+00:00
2024-11-11 19:28:04,021 - Short Sell 188.00 shares at 105.8 on 2024-10-21 16:15:00+00:00
2024-11-11 19:28:04,021 - Short Sell 188.00 shares at 105.91 on 2024-10-21 16:30:00+00:00
2024-11-11 19:28:04,021 - Short Sell 188.00 shares at 105.92 on 2024-10-21 16:45:00+00:00
2024-11-11 19:28:04,021 - Short Sell 188.00 shares at 105.85 on 2024-10-21 17:00:00+00:00
2024-11-11 19:28:04,021 - Short Sell 188.00 shares at 106.03 on 2024-10-21 17:15:00+00:00
2024-11-11 19:28:04,021 - Short Sell 188.00 shares at 105.99 on 2024-10-21 17:30:00+00:00
2024-11-11 19:28:04,021 - Short Sell 187.00 shares at 106.26 on 2024-10-21 17:45:00+00:00
2024-11-11 19:28:04,021 - Short Sell 188.00 shares at 105.89 on 2024-10-21 18:00:00+00:00
2024-11-11 19:28:04,021 - Short Sell 187.00 shares at 106.11 on 2024-10-21 18:15:00+00:00
2024-11-11 19:28:04,021 - Short Sell 188.00 shares at 105.98 on 2024-10-21 18:30:00+00:00
2024-11-11 19:28:04,021 - Short Sell 188.00 shares at 105.99 on 2024-10-21 18:45:00+00:00
2024-11-11 19:28:04,022 - Short Sell 188.00 shares at 106.01 on 2024-10-21 19:00:00+00:00
2024-11-11 19:28:04,022 - Short Sell 188.00 shares at 106.01 on 2024-10-21 19:15:00+00:00
2024-11-11 19:28:04,022 - Short Sell 188.00 shares at 105.89 on 2024-10-21 19:30:00+00:00
2024-11-11 19:28:04,022 - Short Sell 187.00 shares at 106.36 on 2024-10-21 19:45:00+00:00
2024-11-11 19:28:04,022 - Buy to cover -3381.00 shares at 104.43 on 2024-10-22 13:30:00+00:00 (Exit: Profit_take, Profit: 5237.879999999987, Duration: 1320.0 minutes)
2024-11-11 19:28:04,022 - Long Buy 192.00 shares at 104.0 on 2024-10-22 13:45:00+00:00
2024-11-11 19:28:04,022 - Sell to close 192.00 shares at 104.18 on 2024-10-22 14:00:00+00:00 (Exit: Signal, Profit: 34.56000000000131, Duration: 15.0 minutes)
2024-11-11 19:28:04,022 - Long Buy 193.00 shares at 103.62 on 2024-10-22 14:15:00+00:00
2024-11-11 19:28:04,022 - Long Buy 191.00 shares at 102.63 on 2024-10-22 14:30:00+00:00
2024-11-11 19:28:04,022 - Long Buy 187.00 shares at 102.94 on 2024-10-22 14:45:00+00:00
2024-11-11 19:28:04,022 - Long Buy 183.00 shares at 102.76 on 2024-10-22 15:00:00+00:00
2024-11-11 19:28:04,022 - Long Buy 179.00 shares at 102.78 on 2024-10-22 15:15:00+00:00
2024-11-11 19:28:04,022 - Long Buy 176.00 shares at 102.6 on 2024-10-22 15:30:00+00:00
2024-11-11 19:28:04,022 - Long Buy 173.00 shares at 102.6 on 2024-10-22 15:45:00+00:00
2024-11-11 19:28:04,022 - Sell to close 1282.00 shares at 102.38 on 2024-10-22 16:00:00+00:00 (Exit: Stop_loss, Profit: -609.709999999994, Duration: 105.0 minutes)
2024-11-11 19:28:04,022 - Long Buy 194.00 shares at 103.09 on 2024-10-23 13:30:00+00:00
2024-11-11 19:28:04,022 - Long Buy 190.00 shares at 103.09 on 2024-10-23 13:45:00+00:00
2024-11-11 19:28:04,022 - Long Buy 187.00 shares at 102.9 on 2024-10-23 14:00:00+00:00
2024-11-11 19:28:04,022 - Long Buy 182.00 shares at 103.49 on 2024-10-23 14:15:00+00:00
2024-11-11 19:28:04,022 - Sell to close 753.00 shares at 103.68 on 2024-10-23 14:30:00+00:00 (Exit: Profit_take, Profit: 406.99999999999363, Duration: 60.0 minutes)
2024-11-11 19:28:04,022 - Long Buy 193.00 shares at 103.56 on 2024-10-23 14:45:00+00:00
2024-11-11 19:28:04,022 - Long Buy 190.00 shares at 103.18 on 2024-10-23 15:00:00+00:00
2024-11-11 19:28:04,022 - Long Buy 186.00 shares at 103.11 on 2024-10-23 15:15:00+00:00
2024-11-11 19:28:04,022 - Long Buy 182.00 shares at 103.28 on 2024-10-23 15:30:00+00:00
2024-11-11 19:28:04,022 - Long Buy 179.00 shares at 103.26 on 2024-10-23 16:00:00+00:00
2024-11-11 19:28:04,023 - Long Buy 175.00 shares at 103.14 on 2024-10-23 16:15:00+00:00
2024-11-11 19:28:04,023 - Long Buy 172.00 shares at 103.11 on 2024-10-23 17:00:00+00:00
2024-11-11 19:28:04,023 - Long Buy 168.00 shares at 103.06 on 2024-10-23 17:15:00+00:00
2024-11-11 19:28:04,023 - Long Buy 165.00 shares at 103.05 on 2024-10-23 17:30:00+00:00
2024-11-11 19:28:04,023 - Long Buy 162.00 shares at 103.05 on 2024-10-23 17:45:00+00:00
2024-11-11 19:28:04,023 - Long Buy 159.00 shares at 102.82 on 2024-10-23 18:00:00+00:00
2024-11-11 19:28:04,023 - Long Buy 156.00 shares at 102.82 on 2024-10-23 18:15:00+00:00
2024-11-11 19:28:04,023 - Long Buy 152.00 shares at 103.06 on 2024-10-23 18:30:00+00:00
2024-11-11 19:28:04,023 - Long Buy 149.00 shares at 103.09 on 2024-10-23 18:45:00+00:00
2024-11-11 19:28:04,023 - Long Buy 146.00 shares at 103.01 on 2024-10-23 19:30:00+00:00
2024-11-11 19:28:04,023 - Long Buy 144.00 shares at 102.83 on 2024-10-23 19:45:00+00:00
2024-11-11 19:28:04,023 - Sell to close 2678.00 shares at 100.19 on 2024-10-24 13:30:00+00:00 (Exit: Stop_loss, Profit: -7798.080000000034, Duration: 1365.0 minutes)
2024-11-11 19:28:04,023 - Long Buy 197.00 shares at 100.96 on 2024-10-25 13:30:00+00:00
2024-11-11 19:28:04,023 - Long Buy 193.00 shares at 100.91 on 2024-10-25 13:45:00+00:00
2024-11-11 19:28:04,023 - Sell to close 390.00 shares at 101.76 on 2024-10-25 14:15:00+00:00 (Exit: Profit_take, Profit: 321.6500000000003, Duration: 45.0 minutes)
2024-11-11 19:28:04,023 - Long Buy 196.00 shares at 101.03 on 2024-10-25 17:00:00+00:00
2024-11-11 19:28:04,023 - Long Buy 193.00 shares at 101.0 on 2024-10-25 17:15:00+00:00
2024-11-11 19:28:04,023 - Long Buy 189.00 shares at 100.77 on 2024-10-25 17:30:00+00:00
2024-11-11 19:28:04,023 - Long Buy 185.00 shares at 100.83 on 2024-10-25 17:45:00+00:00
2024-11-11 19:28:04,023 - Long Buy 182.00 shares at 100.81 on 2024-10-25 18:00:00+00:00
2024-11-11 19:28:04,024 - Long Buy 178.00 shares at 100.94 on 2024-10-25 19:00:00+00:00
2024-11-11 19:28:04,024 - Sell to close 1123.00 shares at 101.42 on 2024-10-28 13:30:00+00:00 (Exit: Profit_take, Profit: 585.9599999999848, Duration: 4110.0 minutes)
2024-11-11 19:28:04,024 - Short Sell 195.00 shares at 101.72 on 2024-10-28 14:45:00+00:00
2024-11-11 19:28:04,024 - Short Sell 195.00 shares at 101.88 on 2024-10-28 15:00:00+00:00
2024-11-11 19:28:04,024 - Short Sell 195.00 shares at 101.92 on 2024-10-28 15:15:00+00:00
2024-11-11 19:28:04,024 - Short Sell 195.00 shares at 101.89 on 2024-10-28 15:30:00+00:00
2024-11-11 19:28:04,024 - Short Sell 195.00 shares at 101.97 on 2024-10-28 15:45:00+00:00
2024-11-11 19:28:04,024 - Short Sell 194.00 shares at 102.13 on 2024-10-28 16:00:00+00:00
2024-11-11 19:28:04,024 - Short Sell 194.00 shares at 102.17 on 2024-10-28 16:15:00+00:00
2024-11-11 19:28:04,024 - Short Sell 194.00 shares at 102.22 on 2024-10-28 16:30:00+00:00
2024-11-11 19:28:04,024 - Short Sell 194.00 shares at 102.16 on 2024-10-28 16:45:00+00:00
2024-11-11 19:28:04,024 - Short Sell 194.00 shares at 102.15 on 2024-10-28 17:00:00+00:00
2024-11-11 19:28:04,024 - Short Sell 194.00 shares at 102.28 on 2024-10-28 17:15:00+00:00
2024-11-11 19:28:04,024 - Short Sell 194.00 shares at 102.31 on 2024-10-28 17:30:00+00:00
2024-11-11 19:28:04,024 - Short Sell 194.00 shares at 102.35 on 2024-10-28 17:45:00+00:00
2024-11-11 19:28:04,024 - Buy to cover -2527.00 shares at 102.31 on 2024-10-28 18:00:00+00:00 (Exit: Signal, Profit: -560.8899999999894, Duration: 195.0 minutes)
2024-11-11 19:28:04,024 - Short Sell 194.00 shares at 102.45 on 2024-10-28 18:15:00+00:00
2024-11-11 19:28:04,024 - Buy to cover -194.00 shares at 102.18 on 2024-10-28 18:30:00+00:00 (Exit: Signal, Profit: 52.37999999999923, Duration: 15.0 minutes)
2024-11-11 19:28:04,024 - Long Buy 198.00 shares at 100.06 on 2024-10-29 13:30:00+00:00
2024-11-11 19:28:04,024 - Long Buy 195.00 shares at 99.57 on 2024-10-29 13:45:00+00:00
2024-11-11 19:28:04,024 - Long Buy 191.00 shares at 99.58 on 2024-10-29 14:00:00+00:00
2024-11-11 19:28:04,024 - Long Buy 187.00 shares at 99.69 on 2024-10-29 14:15:00+00:00
2024-11-11 19:28:04,024 - Long Buy 183.00 shares at 99.95 on 2024-10-29 14:30:00+00:00
2024-11-11 19:28:04,024 - Long Buy 179.00 shares at 100.21 on 2024-10-29 14:45:00+00:00
2024-11-11 19:28:04,025 - Long Buy 175.00 shares at 100.28 on 2024-10-29 15:00:00+00:00
2024-11-11 19:28:04,025 - Long Buy 172.00 shares at 100.26 on 2024-10-29 15:15:00+00:00
2024-11-11 19:28:04,025 - Long Buy 168.00 shares at 100.33 on 2024-10-29 15:30:00+00:00
2024-11-11 19:28:04,025 - Long Buy 165.00 shares at 100.47 on 2024-10-29 15:45:00+00:00
2024-11-11 19:28:04,025 - Long Buy 161.00 shares at 100.45 on 2024-10-29 16:00:00+00:00
2024-11-11 19:28:04,025 - Long Buy 159.00 shares at 100.25 on 2024-10-29 16:15:00+00:00
2024-11-11 19:28:04,025 - Long Buy 155.00 shares at 100.2 on 2024-10-29 16:30:00+00:00
2024-11-11 19:28:04,025 - Long Buy 152.00 shares at 100.37 on 2024-10-29 16:45:00+00:00
2024-11-11 19:28:04,025 - Long Buy 149.00 shares at 100.38 on 2024-10-29 17:00:00+00:00
2024-11-11 19:28:04,025 - Long Buy 146.00 shares at 100.36 on 2024-10-29 17:15:00+00:00
2024-11-11 19:28:04,025 - Long Buy 143.00 shares at 100.2 on 2024-10-29 17:30:00+00:00
2024-11-11 19:28:04,025 - Long Buy 140.00 shares at 100.35 on 2024-10-29 17:45:00+00:00
2024-11-11 19:28:04,025 - Long Buy 138.00 shares at 100.28 on 2024-10-29 18:00:00+00:00
2024-11-11 19:28:04,025 - Long Buy 135.00 shares at 100.35 on 2024-10-29 18:15:00+00:00
2024-11-11 19:28:04,025 - Long Buy 132.00 shares at 100.58 on 2024-10-29 18:30:00+00:00
2024-11-11 19:28:04,025 - Long Buy 129.00 shares at 100.52 on 2024-10-29 18:45:00+00:00
2024-11-11 19:28:04,025 - Long Buy 127.00 shares at 100.37 on 2024-10-29 19:00:00+00:00
2024-11-11 19:28:04,025 - Long Buy 124.00 shares at 100.36 on 2024-10-29 19:30:00+00:00
2024-11-11 19:28:04,025 - Long Buy 122.00 shares at 100.13 on 2024-10-29 19:45:00+00:00
2024-11-11 19:28:04,025 - Long Buy 120.00 shares at 100.17 on 2024-10-30 13:30:00+00:00
2024-11-11 19:28:04,025 - Sell to close 4045.00 shares at 100.95 on 2024-10-30 13:45:00+00:00 (Exit: Profit_take, Profit: 3054.120000000012, Duration: 1455.0 minutes)
2024-11-11 19:28:04,025 - Short Sell 197.00 shares at 100.95 on 2024-10-30 14:00:00+00:00
2024-11-11 19:28:04,025 - Short Sell 197.00 shares at 100.86 on 2024-10-30 15:45:00+00:00
2024-11-11 19:28:04,025 - Short Sell 197.00 shares at 100.89 on 2024-10-30 16:00:00+00:00
2024-11-11 19:28:04,025 - Short Sell 197.00 shares at 100.93 on 2024-10-30 17:00:00+00:00
2024-11-11 19:28:04,025 - Short Sell 197.00 shares at 101.12 on 2024-10-30 17:15:00+00:00
2024-11-11 19:28:04,025 - Short Sell 197.00 shares at 101.02 on 2024-10-30 17:30:00+00:00
2024-11-11 19:28:04,025 - Short Sell 197.00 shares at 101.11 on 2024-10-30 17:45:00+00:00
2024-11-11 19:28:04,025 - Short Sell 196.00 shares at 101.29 on 2024-10-30 18:00:00+00:00
2024-11-11 19:28:04,025 - Short Sell 197.00 shares at 101.15 on 2024-10-30 18:15:00+00:00
2024-11-11 19:28:04,025 - Short Sell 197.00 shares at 101.21 on 2024-10-30 18:30:00+00:00
2024-11-11 19:28:04,026 - Short Sell 197.00 shares at 101.24 on 2024-10-30 18:45:00+00:00
2024-11-11 19:28:04,026 - Short Sell 197.00 shares at 101.15 on 2024-10-30 19:00:00+00:00
2024-11-11 19:28:04,026 - Short Sell 197.00 shares at 101.16 on 2024-10-30 19:15:00+00:00
2024-11-11 19:28:04,026 - Short Sell 197.00 shares at 101.12 on 2024-10-30 19:30:00+00:00
2024-11-11 19:28:04,026 - Short Sell 197.00 shares at 101.23 on 2024-10-30 19:45:00+00:00
2024-11-11 19:28:04,026 - Buy to cover -2954.00 shares at 101.11 on 2024-10-31 13:30:00+00:00 (Exit: Signal, Profit: -43.51999999999475, Duration: 1410.0 minutes)
2024-11-11 19:28:04,026 - Long Buy 197.00 shares at 100.94 on 2024-10-31 13:45:00+00:00
2024-11-11 19:28:04,026 - Long Buy 195.00 shares at 100.3 on 2024-10-31 14:00:00+00:00
2024-11-11 19:28:04,026 - Long Buy 190.00 shares at 100.44 on 2024-10-31 14:15:00+00:00
2024-11-11 19:28:04,026 - Long Buy 187.00 shares at 100.25 on 2024-10-31 14:30:00+00:00
2024-11-11 19:28:04,026 - Sell to close 769.00 shares at 99.69 on 2024-10-31 14:45:00+00:00 (Exit: Stop_loss, Profit: -612.4200000000035, Duration: 60.0 minutes)
2024-11-11 19:28:04,026 - Long Buy 198.00 shares at 100.45 on 2024-11-01 13:30:00+00:00
2024-11-11 19:28:04,026 - Long Buy 194.00 shares at 100.53 on 2024-11-01 13:45:00+00:00
2024-11-11 19:28:04,026 - Long Buy 190.00 shares at 100.77 on 2024-11-01 14:00:00+00:00
2024-11-11 19:28:04,026 - Long Buy 186.00 shares at 100.49 on 2024-11-01 14:30:00+00:00
2024-11-11 19:28:04,026 - Long Buy 182.00 shares at 100.58 on 2024-11-01 14:45:00+00:00
2024-11-11 19:28:04,026 - Long Buy 179.00 shares at 100.64 on 2024-11-01 15:00:00+00:00
2024-11-11 19:28:04,026 - Long Buy 175.00 shares at 100.51 on 2024-11-01 15:15:00+00:00
2024-11-11 19:28:04,026 - Long Buy 172.00 shares at 100.26 on 2024-11-01 15:30:00+00:00
2024-11-11 19:28:04,026 - Long Buy 169.00 shares at 100.18 on 2024-11-01 15:45:00+00:00
2024-11-11 19:28:04,026 - Long Buy 165.00 shares at 100.29 on 2024-11-01 16:00:00+00:00
2024-11-11 19:28:04,026 - Long Buy 162.00 shares at 100.27 on 2024-11-01 16:15:00+00:00
2024-11-11 19:28:04,026 - Long Buy 159.00 shares at 100.2 on 2024-11-01 16:30:00+00:00
2024-11-11 19:28:04,026 - Long Buy 156.00 shares at 100.16 on 2024-11-01 16:45:00+00:00
2024-11-11 19:28:04,026 - Long Buy 153.00 shares at 100.17 on 2024-11-01 17:00:00+00:00
2024-11-11 19:28:04,026 - Long Buy 150.00 shares at 100.22 on 2024-11-01 17:15:00+00:00
2024-11-11 19:28:04,026 - Long Buy 147.00 shares at 99.95 on 2024-11-01 17:30:00+00:00
2024-11-11 19:28:04,026 - Long Buy 144.00 shares at 99.95 on 2024-11-01 17:45:00+00:00
2024-11-11 19:28:04,027 - Long Buy 141.00 shares at 99.96 on 2024-11-01 18:00:00+00:00
2024-11-11 19:28:04,027 - Sell to close 3022.00 shares at 99.84 on 2024-11-01 18:15:00+00:00 (Exit: Stop_loss, Profit: -1484.559999999958, Duration: 285.0 minutes)
2024-11-11 19:28:04,027 - Long Buy 198.00 shares at 100.31 on 2024-11-04 15:15:00+00:00
2024-11-11 19:28:04,027 - Sell to close 198.00 shares at 100.89 on 2024-11-04 16:00:00+00:00 (Exit: Profit_take, Profit: 114.83999999999966, Duration: 45.0 minutes)
2024-11-11 19:28:04,027 - Long Buy 198.00 shares at 100.42 on 2024-11-04 16:30:00+00:00
2024-11-11 19:28:04,027 - Long Buy 194.00 shares at 100.34 on 2024-11-04 16:45:00+00:00
2024-11-11 19:28:04,027 - Long Buy 190.00 shares at 100.21 on 2024-11-04 17:00:00+00:00
2024-11-11 19:28:04,027 - Sell to close 582.00 shares at 100.86 on 2024-11-04 19:00:00+00:00 (Exit: Profit_take, Profit: 311.5000000000098, Duration: 150.0 minutes)
2024-11-11 19:28:04,027 - Long Buy 198.00 shares at 100.32 on 2024-11-04 19:30:00+00:00
2024-11-11 19:28:04,027 - Long Buy 194.00 shares at 100.2 on 2024-11-04 19:45:00+00:00
2024-11-11 19:28:04,027 - Long Buy 190.00 shares at 100.27 on 2024-11-04 20:00:00+00:00
2024-11-11 19:28:04,027 - Long Buy 187.00 shares at 100.16 on 2024-11-04 20:15:00+00:00
2024-11-11 19:28:04,027 - Long Buy 183.00 shares at 100.18 on 2024-11-04 20:30:00+00:00
2024-11-11 19:28:04,027 - Long Buy 180.00 shares at 99.85 on 2024-11-04 20:45:00+00:00
2024-11-11 19:28:04,027 - Sell to close 1132.00 shares at 100.97 on 2024-11-05 14:30:00+00:00 (Exit: Profit_take, Profit: 908.7200000000037, Duration: 1140.0 minutes)
2024-11-11 19:28:04,027 - Short Sell 196.00 shares at 101.4 on 2024-11-05 14:45:00+00:00
2024-11-11 19:28:04,027 - Short Sell 196.00 shares at 101.62 on 2024-11-05 15:00:00+00:00
2024-11-11 19:28:04,027 - Short Sell 196.00 shares at 101.32 on 2024-11-05 15:15:00+00:00
2024-11-11 19:28:04,027 - Short Sell 196.00 shares at 101.49 on 2024-11-05 15:30:00+00:00
2024-11-11 19:28:04,027 - Short Sell 197.00 shares at 101.23 on 2024-11-05 15:45:00+00:00
2024-11-11 19:28:04,028 - Short Sell 197.00 shares at 101.2 on 2024-11-05 17:30:00+00:00
2024-11-11 19:28:04,028 - Short Sell 196.00 shares at 101.34 on 2024-11-05 17:45:00+00:00
2024-11-11 19:28:04,028 - Short Sell 197.00 shares at 101.25 on 2024-11-05 18:00:00+00:00
2024-11-11 19:28:04,028 - Short Sell 196.00 shares at 101.34 on 2024-11-05 18:15:00+00:00
2024-11-11 19:28:04,028 - Short Sell 196.00 shares at 101.31 on 2024-11-05 18:30:00+00:00
2024-11-11 19:28:04,028 - Short Sell 196.00 shares at 101.39 on 2024-11-05 18:45:00+00:00
2024-11-11 19:28:04,028 - Short Sell 196.00 shares at 101.38 on 2024-11-05 19:00:00+00:00
2024-11-11 19:28:04,028 - Short Sell 196.00 shares at 101.44 on 2024-11-05 19:15:00+00:00
2024-11-11 19:28:04,028 - Short Sell 196.00 shares at 101.43 on 2024-11-05 19:30:00+00:00
2024-11-11 19:28:04,028 - Short Sell 196.00 shares at 101.39 on 2024-11-05 20:15:00+00:00
2024-11-11 19:28:04,028 - Short Sell 196.00 shares at 101.5 on 2024-11-05 20:30:00+00:00
2024-11-11 19:28:04,028 - Buy to cover -3139.00 shares at 102.13 on 2024-11-05 20:45:00+00:00 (Exit: Stop_loss, Profit: -2364.509999999934, Duration: 360.0 minutes)
2024-11-11 19:28:04,028 - Short Sell 185.00 shares at 107.17 on 2024-11-06 14:30:00+00:00
2024-11-11 19:28:04,028 - Short Sell 184.00 shares at 107.58 on 2024-11-06 14:45:00+00:00
2024-11-11 19:28:04,028 - Buy to cover -369.00 shares at 108.87 on 2024-11-06 15:00:00+00:00 (Exit: Stop_loss, Profit: -551.860000000005, Duration: 30.0 minutes)
2024-11-11 19:28:04,028 - Long Buy 177.00 shares at 112.11 on 2024-11-07 14:30:00+00:00
2024-11-11 19:28:04,028 - Sell to close 177.00 shares at 113.53 on 2024-11-07 15:00:00+00:00 (Exit: Profit_take, Profit: 251.3399999999978, Duration: 30.0 minutes)
2024-11-11 19:28:04,028 - Long Buy 177.00 shares at 112.28 on 2024-11-07 16:00:00+00:00
2024-11-11 19:28:04,028 - Sell to close 177.00 shares at 113.03 on 2024-11-07 16:15:00+00:00 (Exit: Profit_take, Profit: 132.75, Duration: 15.0 minutes)
2024-11-11 19:28:04,029 - Long Buy 177.00 shares at 112.22 on 2024-11-07 19:00:00+00:00
2024-11-11 19:28:04,029 - Long Buy 174.00 shares at 112.0 on 2024-11-07 19:15:00+00:00
2024-11-11 19:28:04,029 - Long Buy 171.00 shares at 111.66 on 2024-11-07 19:30:00+00:00
2024-11-11 19:28:04,029 - Long Buy 167.00 shares at 111.7 on 2024-11-07 20:15:00+00:00
2024-11-11 19:28:04,029 - Long Buy 164.00 shares at 111.45 on 2024-11-07 20:30:00+00:00
2024-11-11 19:28:04,029 - Long Buy 161.00 shares at 111.23 on 2024-11-07 20:45:00+00:00
2024-11-11 19:28:04,029 - Sell to close 1014.00 shares at 112.62 on 2024-11-08 15:15:00+00:00 (Exit: Profit_take, Profit: 912.1499999999946, Duration: 1215.0 minutes)
2024-11-11 19:28:04,029 - Short Sell 175.00 shares at 113.23 on 2024-11-08 15:30:00+00:00
2024-11-11 19:28:04,029 - Short Sell 175.00 shares at 113.7 on 2024-11-08 15:45:00+00:00
2024-11-11 19:28:04,029 - Short Sell 175.00 shares at 113.59 on 2024-11-08 16:00:00+00:00
2024-11-11 19:28:04,029 - Short Sell 175.00 shares at 113.41 on 2024-11-08 16:15:00+00:00
2024-11-11 19:28:04,029 - Short Sell 176.00 shares at 113.06 on 2024-11-08 16:30:00+00:00
2024-11-11 19:28:04,029 - Short Sell 175.00 shares at 113.23 on 2024-11-08 16:45:00+00:00
2024-11-11 19:28:04,029 - Short Sell 176.00 shares at 112.91 on 2024-11-08 17:00:00+00:00
2024-11-11 19:28:04,029 - Short Sell 175.00 shares at 113.6 on 2024-11-08 17:15:00+00:00
2024-11-11 19:28:04,029 - Short Sell 175.00 shares at 113.61 on 2024-11-08 17:30:00+00:00
2024-11-11 19:28:04,029 - Short Sell 175.00 shares at 113.48 on 2024-11-08 17:45:00+00:00
2024-11-11 19:28:04,029 - Short Sell 175.00 shares at 113.58 on 2024-11-08 18:00:00+00:00
2024-11-11 19:28:04,029 - Short Sell 174.00 shares at 113.84 on 2024-11-08 18:15:00+00:00
2024-11-11 19:28:04,029 - Short Sell 174.00 shares at 113.79 on 2024-11-08 18:30:00+00:00
2024-11-11 19:28:04,029 - Short Sell 174.00 shares at 113.93 on 2024-11-08 18:45:00+00:00
2024-11-11 19:28:04,029 - Short Sell 174.00 shares at 114.0 on 2024-11-08 19:00:00+00:00
2024-11-11 19:28:04,029 - Short Sell 174.00 shares at 113.9 on 2024-11-08 19:15:00+00:00
2024-11-11 19:28:04,029 - Short Sell 174.00 shares at 113.83 on 2024-11-08 19:30:00+00:00
2024-11-11 19:28:04,029 - Short Sell 174.00 shares at 113.87 on 2024-11-08 19:45:00+00:00
2024-11-11 19:28:04,029 - Short Sell 175.00 shares at 113.61 on 2024-11-08 20:00:00+00:00
2024-11-11 19:28:04,029 - Short Sell 175.00 shares at 113.44 on 2024-11-08 20:15:00+00:00
2024-11-11 19:28:04,029 - Short Sell 175.00 shares at 113.47 on 2024-11-08 20:30:00+00:00
2024-11-11 19:28:04,029 - Short Sell 175.00 shares at 113.65 on 2024-11-08 20:45:00+00:00
2024-11-11 19:28:04,031 - Final statisticsStock: HWM, 
total_trades: 27, 
winning_trades: 17, 
losing_trades: 10, 
average_return: 0.0006199530582168623, 
average_duration: 736.6666666666666, 
final_balance: 1432235.2899999989, 
final_portfolio_value: 995251.0399999989, 
sharpe_ratio: 3.689699888519611, 



