2024-11-11 21:58:11,147 - Starting GBMStrategy with initial capital: 1000000
2024-11-11 21:58:11,147 - Hyperparameters: {'threshold': 1.5, 'time_periods': 30, 'num_simulations': 150}
2024-11-11 21:59:39,632 - Long Buy 41.00 shares at 482.65 on 2024-10-11 14:30:00+00:00
2024-11-11 21:59:39,634 - Sell to close 41.00 shares at 484.01 on 2024-10-11 14:45:00+00:00 (Exit: Signal, Profit: 55.76000000000289, Duration: 15.0 minutes)
2024-11-11 21:59:39,634 - Short Sell 41.00 shares at 483.83 on 2024-10-11 15:00:00+00:00
2024-11-11 21:59:39,634 - Buy to cover -41.00 shares at 481.43 on 2024-10-11 15:15:00+00:00 (Exit: Signal, Profit: 98.39999999999907, Duration: 15.0 minutes)
2024-11-11 21:59:39,634 - Long Buy 41.00 shares at 480.98 on 2024-10-11 15:30:00+00:00
2024-11-11 21:59:39,634 - Long Buy 40.00 shares at 480.6 on 2024-10-11 15:45:00+00:00
2024-11-11 21:59:39,634 - Long Buy 40.00 shares at 477.95 on 2024-10-11 16:00:00+00:00
2024-11-11 21:59:39,634 - Sell to close 121.00 shares at 475.99 on 2024-10-11 16:15:00+00:00 (Exit: Stop_loss, Profit: -467.39000000000135, Duration: 45.0 minutes)
2024-11-11 21:59:39,634 - Long Buy 41.00 shares at 476.4 on 2024-10-14 13:30:00+00:00
2024-11-11 21:59:39,634 - Long Buy 41.00 shares at 475.22 on 2024-10-14 13:45:00+00:00
2024-11-11 21:59:39,634 - Long Buy 40.00 shares at 476.06 on 2024-10-14 14:00:00+00:00
2024-11-11 21:59:39,635 - Long Buy 39.00 shares at 476.72 on 2024-10-14 14:15:00+00:00
2024-11-11 21:59:39,635 - Long Buy 38.00 shares at 475.88 on 2024-10-14 14:30:00+00:00
2024-11-11 21:59:39,635 - Long Buy 38.00 shares at 474.52 on 2024-10-14 14:45:00+00:00
2024-11-11 21:59:39,635 - Long Buy 37.00 shares at 475.59 on 2024-10-14 15:00:00+00:00
2024-11-11 21:59:39,635 - Long Buy 36.00 shares at 474.75 on 2024-10-14 15:15:00+00:00
2024-11-11 21:59:39,635 - Sell to close 310.00 shares at 476.76 on 2024-10-14 15:30:00+00:00 (Exit: Signal, Profit: 341.67000000000996, Duration: 120.0 minutes)
2024-11-11 21:59:39,635 - Short Sell 41.00 shares at 476.45 on 2024-10-14 15:45:00+00:00
2024-11-11 21:59:39,635 - Short Sell 41.00 shares at 476.35 on 2024-10-14 16:00:00+00:00
2024-11-11 21:59:39,635 - Short Sell 41.00 shares at 476.23 on 2024-10-14 16:15:00+00:00
2024-11-11 21:59:39,635 - Short Sell 41.00 shares at 476.29 on 2024-10-14 16:30:00+00:00
2024-11-11 21:59:39,635 - Short Sell 42.00 shares at 476.03 on 2024-10-14 16:45:00+00:00
2024-11-11 21:59:39,635 - Short Sell 41.00 shares at 476.67 on 2024-10-14 18:15:00+00:00
2024-11-11 21:59:39,635 - Short Sell 41.00 shares at 476.74 on 2024-10-14 18:30:00+00:00
2024-11-11 21:59:39,635 - Short Sell 41.00 shares at 478.01 on 2024-10-14 19:45:00+00:00
2024-11-11 21:59:39,635 - Buy to cover -329.00 shares at 479.73 on 2024-10-15 13:30:00+00:00 (Exit: Stop_loss, Profit: -1031.569999999993, Duration: 1305.0 minutes)
2024-11-11 21:59:39,635 - Long Buy 42.00 shares at 467.26 on 2024-10-16 13:30:00+00:00
2024-11-11 21:59:39,635 - Long Buy 41.00 shares at 468.18 on 2024-10-16 13:45:00+00:00
2024-11-11 21:59:39,635 - Long Buy 41.00 shares at 467.53 on 2024-10-16 14:00:00+00:00
2024-11-11 21:59:39,635 - Long Buy 40.00 shares at 469.62 on 2024-10-16 14:15:00+00:00
2024-11-11 21:59:39,636 - Long Buy 39.00 shares at 469.08 on 2024-10-16 14:30:00+00:00
2024-11-11 21:59:39,636 - Long Buy 38.00 shares at 468.56 on 2024-10-16 14:45:00+00:00
2024-11-11 21:59:39,636 - Long Buy 37.00 shares at 468.84 on 2024-10-16 15:00:00+00:00
2024-11-11 21:59:39,636 - Sell to close 278.00 shares at 470.89 on 2024-10-16 15:15:00+00:00 (Exit: Profit_take, Profit: 687.1099999999943, Duration: 105.0 minutes)
2024-11-11 21:59:39,636 - Long Buy 42.00 shares at 469.14 on 2024-10-16 15:30:00+00:00
2024-11-11 21:59:39,636 - Long Buy 41.00 shares at 467.0 on 2024-10-16 15:45:00+00:00
2024-11-11 21:59:39,636 - Long Buy 41.00 shares at 466.85 on 2024-10-16 16:00:00+00:00
2024-11-11 21:59:39,636 - Long Buy 40.00 shares at 465.65 on 2024-10-16 16:15:00+00:00
2024-11-11 21:59:39,636 - Long Buy 39.00 shares at 466.02 on 2024-10-16 16:30:00+00:00
2024-11-11 21:59:39,636 - Long Buy 38.00 shares at 466.35 on 2024-10-16 16:45:00+00:00
2024-11-11 21:59:39,636 - Sell to close 241.00 shares at 461.91 on 2024-10-16 17:00:00+00:00 (Exit: Stop_loss, Profit: -1193.5000000000107, Duration: 90.0 minutes)
2024-11-11 21:59:39,636 - Short Sell 42.00 shares at 464.98 on 2024-10-17 13:30:00+00:00
2024-11-11 21:59:39,636 - Short Sell 43.00 shares at 464.32 on 2024-10-17 13:45:00+00:00
2024-11-11 21:59:39,636 - Short Sell 43.00 shares at 463.94 on 2024-10-17 14:00:00+00:00
2024-11-11 21:59:39,636 - Buy to cover -128.00 shares at 461.03 on 2024-10-17 14:15:00+00:00 (Exit: Profit_take, Profit: 432.5, Duration: 45.0 minutes)
2024-11-11 21:59:39,636 - Long Buy 43.00 shares at 458.75 on 2024-10-17 18:15:00+00:00
2024-11-11 21:59:39,636 - Sell to close 43.00 shares at 458.81 on 2024-10-17 18:30:00+00:00 (Exit: Signal, Profit: 2.5800000000000978, Duration: 15.0 minutes)
2024-11-11 21:59:39,637 - Short Sell 43.00 shares at 459.9 on 2024-10-17 19:45:00+00:00
2024-11-11 21:59:39,637 - Buy to cover -43.00 shares at 457.24 on 2024-10-18 15:45:00+00:00 (Exit: Profit_take, Profit: 114.38000000000108, Duration: 1200.0 minutes)
2024-11-11 21:59:39,637 - Long Buy 43.00 shares at 457.02 on 2024-10-18 19:30:00+00:00
2024-11-11 21:59:39,637 - Long Buy 42.00 shares at 455.9 on 2024-10-21 13:30:00+00:00
2024-11-11 21:59:39,637 - Sell to close 85.00 shares at 450.89 on 2024-10-21 13:45:00+00:00 (Exit: Stop_loss, Profit: -474.01000000000664, Duration: 3975.0 minutes)
2024-11-11 21:59:39,637 - Long Buy 44.00 shares at 453.77 on 2024-10-22 13:30:00+00:00
2024-11-11 21:59:39,637 - Long Buy 43.00 shares at 452.34 on 2024-10-22 13:45:00+00:00
2024-11-11 21:59:39,637 - Long Buy 42.00 shares at 451.22 on 2024-10-22 14:00:00+00:00
2024-11-11 21:59:39,637 - Long Buy 41.00 shares at 451.8 on 2024-10-22 14:15:00+00:00
2024-11-11 21:59:39,637 - Long Buy 40.00 shares at 451.37 on 2024-10-22 14:45:00+00:00
2024-11-11 21:59:39,637 - Sell to close 210.00 shares at 454.47 on 2024-10-22 16:00:00+00:00 (Exit: Profit_take, Profit: 492.3599999999908, Duration: 150.0 minutes)
2024-11-11 21:59:39,638 - Short Sell 43.00 shares at 455.57 on 2024-10-22 16:15:00+00:00
2024-11-11 21:59:39,638 - Short Sell 43.00 shares at 455.54 on 2024-10-22 16:30:00+00:00
2024-11-11 21:59:39,638 - Short Sell 43.00 shares at 455.56 on 2024-10-22 16:45:00+00:00
2024-11-11 21:59:39,638 - Short Sell 43.00 shares at 456.65 on 2024-10-22 17:00:00+00:00
2024-11-11 21:59:39,638 - Short Sell 43.00 shares at 457.1 on 2024-10-22 17:15:00+00:00
2024-11-11 21:59:39,638 - Short Sell 43.00 shares at 458.9 on 2024-10-22 17:30:00+00:00
2024-11-11 21:59:39,638 - Short Sell 43.00 shares at 459.14 on 2024-10-22 17:45:00+00:00
2024-11-11 21:59:39,638 - Short Sell 43.00 shares at 458.71 on 2024-10-22 18:00:00+00:00
2024-11-11 21:59:39,638 - Short Sell 43.00 shares at 459.24 on 2024-10-22 18:15:00+00:00
2024-11-11 21:59:39,638 - Short Sell 43.00 shares at 459.58 on 2024-10-22 18:30:00+00:00
2024-11-11 21:59:39,638 - Short Sell 43.00 shares at 459.81 on 2024-10-22 18:45:00+00:00
2024-11-11 21:59:39,638 - Buy to cover -473.00 shares at 460.32 on 2024-10-22 19:00:00+00:00 (Exit: Stop_loss, Profit: -1191.9600000000182, Duration: 165.0 minutes)
2024-11-11 21:59:39,638 - Short Sell 43.00 shares at 459.04 on 2024-10-23 13:30:00+00:00
2024-11-11 21:59:39,638 - Short Sell 43.00 shares at 458.21 on 2024-10-23 13:45:00+00:00
2024-11-11 21:59:39,638 - Short Sell 43.00 shares at 457.72 on 2024-10-23 14:00:00+00:00
2024-11-11 21:59:39,638 - Short Sell 43.00 shares at 458.54 on 2024-10-23 14:15:00+00:00
2024-11-11 21:59:39,638 - Short Sell 43.00 shares at 458.9 on 2024-10-23 14:30:00+00:00
2024-11-11 21:59:39,638 - Short Sell 43.00 shares at 456.97 on 2024-10-23 14:45:00+00:00
2024-11-11 21:59:39,638 - Buy to cover -258.00 shares at 455.55 on 2024-10-23 15:00:00+00:00 (Exit: Profit_take, Profit: 691.4400000000018, Duration: 90.0 minutes)
2024-11-11 21:59:39,638 - Long Buy 43.00 shares at 455.74 on 2024-10-23 15:15:00+00:00
2024-11-11 21:59:39,638 - Long Buy 43.00 shares at 454.56 on 2024-10-23 15:30:00+00:00
2024-11-11 21:59:39,638 - Long Buy 42.00 shares at 454.64 on 2024-10-23 15:45:00+00:00
2024-11-11 21:59:39,638 - Long Buy 41.00 shares at 454.96 on 2024-10-23 16:00:00+00:00
2024-11-11 21:59:39,638 - Long Buy 40.00 shares at 455.8 on 2024-10-23 16:30:00+00:00
2024-11-11 21:59:39,638 - Long Buy 39.00 shares at 454.68 on 2024-10-23 16:45:00+00:00
2024-11-11 21:59:39,638 - Long Buy 39.00 shares at 453.37 on 2024-10-23 17:00:00+00:00
2024-11-11 21:59:39,638 - Long Buy 38.00 shares at 454.18 on 2024-10-23 17:15:00+00:00
2024-11-11 21:59:39,638 - Long Buy 37.00 shares at 454.34 on 2024-10-23 17:30:00+00:00
2024-11-11 21:59:39,639 - Long Buy 36.00 shares at 454.06 on 2024-10-23 17:45:00+00:00
2024-11-11 21:59:39,639 - Long Buy 36.00 shares at 453.31 on 2024-10-23 18:00:00+00:00
2024-11-11 21:59:39,639 - Long Buy 35.00 shares at 453.21 on 2024-10-23 18:15:00+00:00
2024-11-11 21:59:39,639 - Long Buy 34.00 shares at 454.39 on 2024-10-23 18:30:00+00:00
2024-11-11 21:59:39,639 - Long Buy 33.00 shares at 454.17 on 2024-10-23 18:45:00+00:00
2024-11-11 21:59:39,639 - Long Buy 33.00 shares at 454.46 on 2024-10-23 19:00:00+00:00
2024-11-11 21:59:39,639 - Long Buy 32.00 shares at 454.84 on 2024-10-23 19:15:00+00:00
2024-11-11 21:59:39,639 - Sell to close 601.00 shares at 457.73 on 2024-10-23 19:45:00+00:00 (Exit: Profit_take, Profit: 1972.6199999999671, Duration: 270.0 minutes)
2024-11-11 21:59:39,639 - Short Sell 43.00 shares at 459.5 on 2024-10-24 13:30:00+00:00
2024-11-11 21:59:39,639 - Short Sell 43.00 shares at 460.78 on 2024-10-24 13:45:00+00:00
2024-11-11 21:59:39,639 - Short Sell 43.00 shares at 459.05 on 2024-10-24 14:00:00+00:00
2024-11-11 21:59:39,639 - Short Sell 43.00 shares at 459.59 on 2024-10-24 14:15:00+00:00
2024-11-11 21:59:39,639 - Short Sell 43.00 shares at 459.69 on 2024-10-24 14:30:00+00:00
2024-11-11 21:59:39,639 - Short Sell 43.00 shares at 459.81 on 2024-10-24 14:45:00+00:00
2024-11-11 21:59:39,639 - Short Sell 43.00 shares at 459.25 on 2024-10-24 15:00:00+00:00
2024-11-11 21:59:39,639 - Buy to cover -301.00 shares at 456.49 on 2024-10-24 15:30:00+00:00 (Exit: Profit_take, Profit: 956.3199999999906, Duration: 120.0 minutes)
2024-11-11 21:59:39,639 - Long Buy 43.00 shares at 457.21 on 2024-10-24 16:00:00+00:00
2024-11-11 21:59:39,639 - Sell to close 43.00 shares at 459.19 on 2024-10-24 16:15:00+00:00 (Exit: Signal, Profit: 85.14000000000078, Duration: 15.0 minutes)
2024-11-11 21:59:39,639 - Short Sell 43.00 shares at 458.65 on 2024-10-24 16:30:00+00:00
2024-11-11 21:59:39,639 - Short Sell 43.00 shares at 458.9 on 2024-10-24 16:45:00+00:00
2024-11-11 21:59:39,639 - Short Sell 43.00 shares at 458.46 on 2024-10-24 17:00:00+00:00
2024-11-11 21:59:39,639 - Buy to cover -129.00 shares at 455.77 on 2024-10-24 18:15:00+00:00 (Exit: Profit_take, Profit: 374.1000000000044, Duration: 105.0 minutes)
2024-11-11 21:59:39,639 - Long Buy 44.00 shares at 455.35 on 2024-10-24 18:30:00+00:00
2024-11-11 21:59:39,639 - Long Buy 43.00 shares at 454.7 on 2024-10-24 18:45:00+00:00
2024-11-11 21:59:39,639 - Long Buy 42.00 shares at 453.63 on 2024-10-24 19:00:00+00:00
2024-11-11 21:59:39,639 - Long Buy 41.00 shares at 453.19 on 2024-10-24 19:15:00+00:00
2024-11-11 21:59:39,640 - Long Buy 40.00 shares at 452.7 on 2024-10-24 19:30:00+00:00
2024-11-11 21:59:39,640 - Long Buy 40.00 shares at 452.25 on 2024-10-24 19:45:00+00:00
2024-11-11 21:59:39,640 - Long Buy 39.00 shares at 454.18 on 2024-10-25 13:30:00+00:00
2024-11-11 21:59:39,640 - Long Buy 38.00 shares at 453.61 on 2024-10-25 13:45:00+00:00
2024-11-11 21:59:39,640 - Long Buy 37.00 shares at 453.54 on 2024-10-25 14:00:00+00:00
2024-11-11 21:59:39,640 - Long Buy 36.00 shares at 452.6 on 2024-10-25 14:15:00+00:00
2024-11-11 21:59:39,640 - Long Buy 36.00 shares at 452.36 on 2024-10-25 14:30:00+00:00
2024-11-11 21:59:39,640 - Long Buy 35.00 shares at 452.79 on 2024-10-25 14:45:00+00:00
2024-11-11 21:59:39,640 - Long Buy 34.00 shares at 452.3 on 2024-10-25 15:00:00+00:00
2024-11-11 21:59:39,640 - Long Buy 34.00 shares at 452.03 on 2024-10-25 15:15:00+00:00
2024-11-11 21:59:39,640 - Long Buy 33.00 shares at 450.98 on 2024-10-25 15:30:00+00:00
2024-11-11 21:59:39,640 - Long Buy 32.00 shares at 452.31 on 2024-10-25 15:45:00+00:00
2024-11-11 21:59:39,640 - Long Buy 32.00 shares at 452.01 on 2024-10-25 16:00:00+00:00
2024-11-11 21:59:39,640 - Long Buy 31.00 shares at 452.91 on 2024-10-25 16:15:00+00:00
2024-11-11 21:59:39,640 - Long Buy 30.00 shares at 453.62 on 2024-10-25 16:30:00+00:00
2024-11-11 21:59:39,640 - Long Buy 30.00 shares at 452.83 on 2024-10-25 16:45:00+00:00
2024-11-11 21:59:39,640 - Sell to close 727.00 shares at 453.5 on 2024-10-25 17:00:00+00:00 (Exit: Signal, Profit: 316.84999999996614, Duration: 1350.0 minutes)
2024-11-11 21:59:39,640 - Long Buy 44.00 shares at 451.9 on 2024-10-25 17:30:00+00:00
2024-11-11 21:59:39,640 - Long Buy 43.00 shares at 452.05 on 2024-10-25 17:45:00+00:00
2024-11-11 21:59:39,640 - Long Buy 42.00 shares at 451.01 on 2024-10-25 18:00:00+00:00
2024-11-11 21:59:39,640 - Long Buy 41.00 shares at 450.96 on 2024-10-25 18:30:00+00:00
2024-11-11 21:59:39,640 - Long Buy 41.00 shares at 451.45 on 2024-10-25 18:45:00+00:00
2024-11-11 21:59:39,640 - Long Buy 40.00 shares at 450.63 on 2024-10-25 19:00:00+00:00
2024-11-11 21:59:39,640 - Long Buy 39.00 shares at 451.21 on 2024-10-25 19:15:00+00:00
2024-11-11 21:59:39,640 - Sell to close 290.00 shares at 456.37 on 2024-10-28 13:30:00+00:00 (Exit: Profit_take, Profit: 1461.9300000000003, Duration: 4080.0 minutes)
2024-11-11 21:59:39,640 - Short Sell 44.00 shares at 455.5 on 2024-10-28 13:45:00+00:00
2024-11-11 21:59:39,640 - Short Sell 44.00 shares at 455.31 on 2024-10-28 14:00:00+00:00
2024-11-11 21:59:39,640 - Short Sell 44.00 shares at 454.83 on 2024-10-28 14:15:00+00:00
2024-11-11 21:59:39,640 - Buy to cover -132.00 shares at 452.88 on 2024-10-28 14:45:00+00:00 (Exit: Profit_take, Profit: 308.000000000005, Duration: 60.0 minutes)
2024-11-11 21:59:39,641 - Long Buy 44.00 shares at 450.6 on 2024-10-28 15:15:00+00:00
2024-11-11 21:59:39,641 - Long Buy 43.00 shares at 450.96 on 2024-10-28 15:45:00+00:00
2024-11-11 21:59:39,641 - Long Buy 42.00 shares at 450.93 on 2024-10-28 16:00:00+00:00
2024-11-11 21:59:39,641 - Long Buy 42.00 shares at 450.38 on 2024-10-28 16:15:00+00:00
2024-11-11 21:59:39,641 - Long Buy 41.00 shares at 450.78 on 2024-10-28 16:30:00+00:00
2024-11-11 21:59:39,641 - Long Buy 40.00 shares at 450.18 on 2024-10-28 16:45:00+00:00
2024-11-11 21:59:39,641 - Long Buy 39.00 shares at 448.58 on 2024-10-28 17:00:00+00:00
2024-11-11 21:59:39,641 - Long Buy 38.00 shares at 448.77 on 2024-10-28 17:15:00+00:00
2024-11-11 21:59:39,641 - Long Buy 38.00 shares at 449.39 on 2024-10-28 17:30:00+00:00
2024-11-11 21:59:39,641 - Long Buy 37.00 shares at 449.08 on 2024-10-28 17:45:00+00:00
2024-11-11 21:59:39,641 - Long Buy 36.00 shares at 449.05 on 2024-10-28 18:00:00+00:00
2024-11-11 21:59:39,641 - Long Buy 35.00 shares at 448.76 on 2024-10-28 18:15:00+00:00
2024-11-11 21:59:39,641 - Long Buy 35.00 shares at 448.36 on 2024-10-28 18:45:00+00:00
2024-11-11 21:59:39,641 - Long Buy 34.00 shares at 448.42 on 2024-10-28 19:00:00+00:00
2024-11-11 21:59:39,641 - Long Buy 33.00 shares at 447.76 on 2024-10-29 13:30:00+00:00
2024-11-11 21:59:39,641 - Sell to close 577.00 shares at 450.19 on 2024-10-29 13:45:00+00:00 (Exit: Signal, Profit: 369.7300000000181, Duration: 1350.0 minutes)
2024-11-11 21:59:39,641 - Short Sell 44.00 shares at 450.23 on 2024-10-29 14:00:00+00:00
2024-11-11 21:59:39,641 - Short Sell 44.00 shares at 450.68 on 2024-10-29 14:30:00+00:00
2024-11-11 21:59:39,641 - Short Sell 44.00 shares at 451.66 on 2024-10-29 14:45:00+00:00
2024-11-11 21:59:39,641 - Short Sell 44.00 shares at 451.62 on 2024-10-29 15:00:00+00:00
2024-11-11 21:59:39,641 - Short Sell 44.00 shares at 451.53 on 2024-10-29 15:15:00+00:00
2024-11-11 21:59:39,641 - Short Sell 44.00 shares at 451.41 on 2024-10-29 15:30:00+00:00
2024-11-11 21:59:39,641 - Short Sell 44.00 shares at 450.55 on 2024-10-29 15:45:00+00:00
2024-11-11 21:59:39,641 - Short Sell 44.00 shares at 450.4 on 2024-10-29 16:30:00+00:00
2024-11-11 21:59:39,641 - Short Sell 44.00 shares at 450.58 on 2024-10-29 17:15:00+00:00
2024-11-11 21:59:39,642 - Buy to cover -396.00 shares at 448.53 on 2024-10-29 19:00:00+00:00 (Exit: Profit_take, Profit: 963.1600000000394, Duration: 300.0 minutes)
2024-11-11 21:59:39,642 - Long Buy 44.00 shares at 448.29 on 2024-10-29 19:30:00+00:00
2024-11-11 21:59:39,642 - Long Buy 44.00 shares at 447.71 on 2024-10-29 19:45:00+00:00
2024-11-11 21:59:39,642 - Sell to close 88.00 shares at 453.53 on 2024-10-30 13:45:00+00:00 (Exit: Profit_take, Profit: 486.6399999999976, Duration: 1095.0 minutes)
2024-11-11 21:59:39,642 - Short Sell 44.00 shares at 456.3 on 2024-10-30 14:00:00+00:00
2024-11-11 21:59:39,642 - Short Sell 44.00 shares at 454.83 on 2024-10-30 14:15:00+00:00
2024-11-11 21:59:39,642 - Short Sell 44.00 shares at 453.9 on 2024-10-30 14:30:00+00:00
2024-11-11 21:59:39,642 - Short Sell 44.00 shares at 453.84 on 2024-10-30 14:45:00+00:00
2024-11-11 21:59:39,642 - Short Sell 44.00 shares at 454.99 on 2024-10-30 15:00:00+00:00
2024-11-11 21:59:39,642 - Short Sell 44.00 shares at 454.43 on 2024-10-30 15:15:00+00:00
2024-11-11 21:59:39,642 - Short Sell 44.00 shares at 454.5 on 2024-10-30 15:30:00+00:00
2024-11-11 21:59:39,642 - Short Sell 44.00 shares at 454.61 on 2024-10-30 15:45:00+00:00
2024-11-11 21:59:39,642 - Short Sell 44.00 shares at 453.97 on 2024-10-30 16:00:00+00:00
2024-11-11 21:59:39,642 - Short Sell 44.00 shares at 453.08 on 2024-10-30 16:15:00+00:00
2024-11-11 21:59:39,642 - Short Sell 44.00 shares at 452.38 on 2024-10-30 16:30:00+00:00
2024-11-11 21:59:39,642 - Buy to cover -484.00 shares at 451.91 on 2024-10-30 16:45:00+00:00 (Exit: Profit_take, Profit: 1136.0799999999847, Duration: 165.0 minutes)
2024-11-11 21:59:39,642 - Short Sell 44.00 shares at 450.83 on 2024-10-30 17:00:00+00:00
2024-11-11 21:59:39,642 - Short Sell 44.00 shares at 451.25 on 2024-10-30 17:15:00+00:00
2024-11-11 21:59:39,642 - Short Sell 44.00 shares at 451.18 on 2024-10-30 17:30:00+00:00
2024-11-11 21:59:39,642 - Short Sell 44.00 shares at 452.01 on 2024-10-30 17:45:00+00:00
2024-11-11 21:59:39,642 - Short Sell 44.00 shares at 452.09 on 2024-10-30 18:00:00+00:00
2024-11-11 21:59:39,642 - Short Sell 44.00 shares at 451.56 on 2024-10-30 18:15:00+00:00
2024-11-11 21:59:39,642 - Short Sell 44.00 shares at 451.49 on 2024-10-30 18:30:00+00:00
2024-11-11 21:59:39,642 - Short Sell 44.00 shares at 450.93 on 2024-10-30 18:45:00+00:00
2024-11-11 21:59:39,642 - Short Sell 44.00 shares at 451.27 on 2024-10-30 19:45:00+00:00
2024-11-11 21:59:39,643 - Buy to cover -396.00 shares at 411.06 on 2024-10-31 13:30:00+00:00 (Exit: Profit_take, Profit: 15975.08000000002, Duration: 1230.0 minutes)
2024-11-11 21:59:39,643 - Long Buy 49.00 shares at 415.02 on 2024-10-31 13:45:00+00:00
2024-11-11 21:59:39,643 - Long Buy 48.00 shares at 412.55 on 2024-10-31 14:00:00+00:00
2024-11-11 21:59:39,643 - Sell to close 97.00 shares at 417.44 on 2024-10-31 14:15:00+00:00 (Exit: Profit_take, Profit: 353.2999999999948, Duration: 30.0 minutes)
2024-11-11 21:59:39,643 - Long Buy 48.00 shares at 419.45 on 2024-10-31 14:30:00+00:00
2024-11-11 21:59:39,643 - Sell to close 48.00 shares at 421.9 on 2024-10-31 14:45:00+00:00 (Exit: Profit_take, Profit: 117.59999999999945, Duration: 15.0 minutes)
2024-11-11 21:59:39,643 - Long Buy 48.00 shares at 422.74 on 2024-10-31 15:00:00+00:00
2024-11-11 21:59:39,643 - Long Buy 47.00 shares at 419.27 on 2024-10-31 15:15:00+00:00
2024-11-11 21:59:39,643 - Sell to close 95.00 shares at 409.75 on 2024-10-31 15:30:00+00:00 (Exit: Stop_loss, Profit: -1070.960000000001, Duration: 30.0 minutes)
2024-11-11 21:59:39,643 - Long Buy 48.00 shares at 421.18 on 2024-11-01 13:30:00+00:00
2024-11-11 21:59:39,643 - Long Buy 47.00 shares at 419.52 on 2024-11-01 13:45:00+00:00
2024-11-11 21:59:39,643 - Long Buy 46.00 shares at 418.3 on 2024-11-01 14:00:00+00:00
2024-11-11 21:59:39,643 - Long Buy 45.00 shares at 420.75 on 2024-11-01 14:15:00+00:00
2024-11-11 21:59:39,643 - Long Buy 44.00 shares at 420.29 on 2024-11-01 14:30:00+00:00
2024-11-11 21:59:39,643 - Long Buy 44.00 shares at 419.54 on 2024-11-01 15:15:00+00:00
2024-11-11 21:59:39,643 - Long Buy 43.00 shares at 418.78 on 2024-11-01 16:30:00+00:00
2024-11-11 21:59:39,643 - Long Buy 42.00 shares at 417.6 on 2024-11-01 17:00:00+00:00
2024-11-11 21:59:39,643 - Long Buy 41.00 shares at 417.44 on 2024-11-01 17:15:00+00:00
2024-11-11 21:59:39,643 - Sell to close 400.00 shares at 416.76 on 2024-11-01 17:30:00+00:00 (Exit: Stop_loss, Profit: -1019.9300000000449, Duration: 240.0 minutes)
2024-11-11 21:59:39,644 - Long Buy 48.00 shares at 417.0 on 2024-11-04 16:30:00+00:00
2024-11-11 21:59:39,644 - Long Buy 48.00 shares at 416.56 on 2024-11-04 16:45:00+00:00
2024-11-11 21:59:39,644 - Long Buy 47.00 shares at 416.24 on 2024-11-04 17:00:00+00:00
2024-11-11 21:59:39,644 - Long Buy 46.00 shares at 415.19 on 2024-11-04 17:15:00+00:00
2024-11-11 21:59:39,644 - Long Buy 45.00 shares at 415.17 on 2024-11-04 17:30:00+00:00
2024-11-11 21:59:39,644 - Long Buy 44.00 shares at 415.07 on 2024-11-04 17:45:00+00:00
2024-11-11 21:59:39,644 - Long Buy 43.00 shares at 414.97 on 2024-11-04 18:00:00+00:00
2024-11-11 21:59:39,644 - Long Buy 42.00 shares at 414.57 on 2024-11-04 18:15:00+00:00
2024-11-11 21:59:39,644 - Long Buy 42.00 shares at 413.82 on 2024-11-04 18:30:00+00:00
2024-11-11 21:59:39,644 - Long Buy 41.00 shares at 415.52 on 2024-11-04 18:45:00+00:00
2024-11-11 21:59:39,644 - Long Buy 40.00 shares at 415.92 on 2024-11-04 19:00:00+00:00
2024-11-11 21:59:39,644 - Long Buy 39.00 shares at 414.55 on 2024-11-04 19:15:00+00:00
2024-11-11 21:59:39,644 - Long Buy 38.00 shares at 415.49 on 2024-11-04 19:30:00+00:00
2024-11-11 21:59:39,644 - Long Buy 37.00 shares at 415.15 on 2024-11-04 19:45:00+00:00
2024-11-11 21:59:39,644 - Long Buy 37.00 shares at 415.11 on 2024-11-04 20:15:00+00:00
2024-11-11 21:59:39,644 - Long Buy 36.00 shares at 415.12 on 2024-11-04 20:30:00+00:00
2024-11-11 21:59:39,644 - Long Buy 35.00 shares at 414.69 on 2024-11-04 20:45:00+00:00
2024-11-11 21:59:39,644 - Long Buy 35.00 shares at 414.14 on 2024-11-05 14:30:00+00:00
2024-11-11 21:59:39,644 - Sell to close 743.00 shares at 417.41 on 2024-11-05 14:45:00+00:00 (Exit: Profit_take, Profit: 1578.7299999999473, Duration: 1335.0 minutes)
2024-11-11 21:59:39,644 - Long Buy 49.00 shares at 414.82 on 2024-11-05 15:00:00+00:00
2024-11-11 21:59:39,644 - Long Buy 48.00 shares at 413.75 on 2024-11-05 15:15:00+00:00
2024-11-11 21:59:39,644 - Long Buy 47.00 shares at 413.64 on 2024-11-05 15:45:00+00:00
2024-11-11 21:59:39,644 - Long Buy 46.00 shares at 413.54 on 2024-11-05 16:00:00+00:00
2024-11-11 21:59:39,644 - Sell to close 190.00 shares at 417.0 on 2024-11-05 17:00:00+00:00 (Exit: Profit_take, Profit: 579.9000000000115, Duration: 120.0 minutes)
2024-11-11 21:59:39,644 - Short Sell 48.00 shares at 418.06 on 2024-11-05 17:30:00+00:00
2024-11-11 21:59:39,645 - Buy to cover -48.00 shares at 416.09 on 2024-11-05 18:00:00+00:00 (Exit: Signal, Profit: 94.56000000000131, Duration: 30.0 minutes)
2024-11-11 21:59:39,645 - Long Buy 49.00 shares at 414.74 on 2024-11-05 18:15:00+00:00
2024-11-11 21:59:39,645 - Long Buy 48.00 shares at 414.56 on 2024-11-05 18:30:00+00:00
2024-11-11 21:59:39,645 - Long Buy 47.00 shares at 413.79 on 2024-11-05 18:45:00+00:00
2024-11-11 21:59:39,645 - Long Buy 46.00 shares at 414.7 on 2024-11-05 19:00:00+00:00
2024-11-11 21:59:39,645 - Long Buy 45.00 shares at 414.99 on 2024-11-05 19:15:00+00:00
2024-11-11 21:59:39,645 - Long Buy 44.00 shares at 414.95 on 2024-11-05 19:30:00+00:00
2024-11-11 21:59:39,645 - Long Buy 43.00 shares at 415.36 on 2024-11-05 19:45:00+00:00
2024-11-11 21:59:39,645 - Long Buy 42.00 shares at 415.04 on 2024-11-05 20:00:00+00:00
2024-11-11 21:59:39,645 - Sell to close 364.00 shares at 427.4 on 2024-11-06 14:30:00+00:00 (Exit: Profit_take, Profit: 4603.61999999999, Duration: 1215.0 minutes)
2024-11-11 21:59:39,645 - Short Sell 48.00 shares at 425.69 on 2024-11-06 14:45:00+00:00
2024-11-11 21:59:39,645 - Short Sell 48.00 shares at 426.0 on 2024-11-06 15:00:00+00:00
2024-11-11 21:59:39,645 - Buy to cover -96.00 shares at 421.5 on 2024-11-06 15:15:00+00:00 (Exit: Profit_take, Profit: 417.11999999999716, Duration: 30.0 minutes)
2024-11-11 21:59:39,645 - Short Sell 48.00 shares at 420.0 on 2024-11-06 18:30:00+00:00
2024-11-11 21:59:39,645 - Short Sell 48.00 shares at 420.0 on 2024-11-06 18:45:00+00:00
2024-11-11 21:59:39,645 - Short Sell 48.00 shares at 420.42 on 2024-11-06 19:00:00+00:00
2024-11-11 21:59:39,645 - Short Sell 48.00 shares at 421.66 on 2024-11-06 19:15:00+00:00
2024-11-11 21:59:39,645 - Short Sell 48.00 shares at 420.28 on 2024-11-06 19:30:00+00:00
2024-11-11 21:59:39,645 - Short Sell 48.00 shares at 420.43 on 2024-11-06 19:45:00+00:00
2024-11-11 21:59:39,645 - Short Sell 48.00 shares at 421.46 on 2024-11-06 20:00:00+00:00
2024-11-11 21:59:39,645 - Short Sell 48.00 shares at 421.47 on 2024-11-06 20:15:00+00:00
2024-11-11 21:59:39,645 - Short Sell 48.00 shares at 421.62 on 2024-11-06 20:30:00+00:00
2024-11-11 21:59:39,645 - Short Sell 48.00 shares at 423.42 on 2024-11-06 20:45:00+00:00
2024-11-11 21:59:39,646 - Buy to cover -480.00 shares at 428.04 on 2024-11-07 14:30:00+00:00 (Exit: Stop_loss, Profit: -3342.7199999999993, Duration: 1200.0 minutes)
2024-11-11 21:59:39,646 - Short Sell 47.00 shares at 433.35 on 2024-11-08 17:30:00+00:00
2024-11-11 21:59:39,646 - Short Sell 47.00 shares at 433.47 on 2024-11-08 18:15:00+00:00
2024-11-11 21:59:39,646 - Short Sell 47.00 shares at 434.35 on 2024-11-08 18:45:00+00:00
2024-11-11 21:59:39,646 - Short Sell 47.00 shares at 433.81 on 2024-11-08 19:00:00+00:00
2024-11-11 21:59:39,646 - Short Sell 47.00 shares at 433.63 on 2024-11-08 20:30:00+00:00
2024-11-11 21:59:39,648 - Final statisticsStock: IDXX, 
total_trades: 36, 
winning_trades: 28, 
losing_trades: 8, 
average_return: 0.004875787936015977, 
average_duration: 603.3333333333334, 
final_balance: 1127199.31, 
final_portfolio_value: 1025336.2100000001, 
sharpe_ratio: 3.2959464484365575, 



