2024-11-11 22:55:19,045 - Starting GBMStrategy with initial capital: 1000000
2024-11-11 22:55:19,045 - Hyperparameters: {'threshold': 1.5, 'time_periods': 30, 'num_simulations': 150}
2024-11-11 23:00:03,698 - Long Buy 844.00 shares at 23.69 on 2024-10-11 14:30:00+00:00
2024-11-11 23:00:03,700 - Long Buy 827.00 shares at 23.7 on 2024-10-11 14:45:00+00:00
2024-11-11 23:00:03,700 - Long Buy 811.00 shares at 23.67 on 2024-10-11 15:00:00+00:00
2024-11-11 23:00:03,700 - Long Buy 797.00 shares at 23.61 on 2024-10-11 15:15:00+00:00
2024-11-11 23:00:03,700 - Long Buy 781.00 shares at 23.6 on 2024-10-11 15:30:00+00:00
2024-11-11 23:00:03,700 - Long Buy 764.00 shares at 23.64 on 2024-10-11 15:45:00+00:00
2024-11-11 23:00:03,700 - Long Buy 748.00 shares at 23.67 on 2024-10-11 16:00:00+00:00
2024-11-11 23:00:03,700 - Long Buy 734.00 shares at 23.65 on 2024-10-11 16:15:00+00:00
2024-11-11 23:00:03,700 - Long Buy 719.00 shares at 23.64 on 2024-10-11 16:30:00+00:00
2024-11-11 23:00:03,700 - Long Buy 705.00 shares at 23.63 on 2024-10-11 17:00:00+00:00
2024-11-11 23:00:03,700 - Sell to close 7730.00 shares at 23.78 on 2024-10-11 18:00:00+00:00 (Exit: Profit_take, Profit: 998.4700000000132, Duration: 210.0 minutes)
2024-11-11 23:00:03,700 - Long Buy 849.00 shares at 23.57 on 2024-10-11 19:45:00+00:00
2024-11-11 23:00:03,700 - Long Buy 833.00 shares at 23.53 on 2024-10-14 13:30:00+00:00
2024-11-11 23:00:03,700 - Long Buy 816.00 shares at 23.54 on 2024-10-14 13:45:00+00:00
2024-11-11 23:00:03,700 - Long Buy 802.00 shares at 23.48 on 2024-10-14 14:00:00+00:00
2024-11-11 23:00:03,700 - Long Buy 789.00 shares at 23.4 on 2024-10-14 14:15:00+00:00
2024-11-11 23:00:03,701 - Long Buy 772.00 shares at 23.44 on 2024-10-14 14:30:00+00:00
2024-11-11 23:00:03,701 - Long Buy 758.00 shares at 23.37 on 2024-10-14 14:45:00+00:00
2024-11-11 23:00:03,701 - Long Buy 742.00 shares at 23.41 on 2024-10-14 15:00:00+00:00
2024-11-11 23:00:03,701 - Sell to close 6361.00 shares at 23.33 on 2024-10-14 15:15:00+00:00 (Exit: Stop_loss, Profit: -891.8499999999905, Duration: 4050.0 minutes)
2024-11-11 23:00:03,701 - Long Buy 861.00 shares at 23.21 on 2024-10-15 14:00:00+00:00
2024-11-11 23:00:03,701 - Long Buy 851.00 shares at 23.02 on 2024-10-15 14:15:00+00:00
2024-11-11 23:00:03,701 - Sell to close 1712.00 shares at 22.71 on 2024-10-15 14:30:00+00:00 (Exit: Stop_loss, Profit: -694.310000000003, Duration: 30.0 minutes)
2024-11-11 23:00:03,701 - Long Buy 909.00 shares at 21.98 on 2024-10-16 13:30:00+00:00
2024-11-11 23:00:03,701 - Long Buy 896.00 shares at 21.86 on 2024-10-16 13:45:00+00:00
2024-11-11 23:00:03,701 - Long Buy 878.00 shares at 21.84 on 2024-10-16 14:00:00+00:00
2024-11-11 23:00:03,701 - Long Buy 855.00 shares at 21.99 on 2024-10-16 14:15:00+00:00
2024-11-11 23:00:03,701 - Long Buy 841.00 shares at 21.91 on 2024-10-16 14:30:00+00:00
2024-11-11 23:00:03,701 - Sell to close 4379.00 shares at 22.07 on 2024-10-16 14:45:00+00:00 (Exit: Profit_take, Profit: 674.8700000000035, Duration: 75.0 minutes)
2024-11-11 23:00:03,701 - Long Buy 902.00 shares at 22.16 on 2024-10-16 15:00:00+00:00
2024-11-11 23:00:03,701 - Long Buy 884.00 shares at 22.17 on 2024-10-16 15:15:00+00:00
2024-11-11 23:00:03,701 - Sell to close 1786.00 shares at 22.28 on 2024-10-16 15:30:00+00:00 (Exit: Profit_take, Profit: 205.47999999999647, Duration: 30.0 minutes)
2024-11-11 23:00:03,702 - Long Buy 898.00 shares at 22.27 on 2024-10-16 15:45:00+00:00
2024-11-11 23:00:03,702 - Long Buy 876.00 shares at 22.37 on 2024-10-16 16:00:00+00:00
2024-11-11 23:00:03,702 - Long Buy 858.00 shares at 22.39 on 2024-10-16 16:15:00+00:00
2024-11-11 23:00:03,702 - Long Buy 839.00 shares at 22.44 on 2024-10-16 16:30:00+00:00
2024-11-11 23:00:03,702 - Sell to close 3471.00 shares at 22.51 on 2024-10-16 16:45:00+00:00 (Exit: Profit_take, Profit: 499.8500000000086, Duration: 60.0 minutes)
2024-11-11 23:00:03,702 - Long Buy 892.00 shares at 22.42 on 2024-10-16 17:00:00+00:00
2024-11-11 23:00:03,702 - Long Buy 873.00 shares at 22.46 on 2024-10-16 17:15:00+00:00
2024-11-11 23:00:03,702 - Sell to close 1765.00 shares at 22.48 on 2024-10-16 17:30:00+00:00 (Exit: Signal, Profit: 70.97999999999712, Duration: 30.0 minutes)
2024-11-11 23:00:03,702 - Long Buy 892.00 shares at 22.42 on 2024-10-16 17:45:00+00:00
2024-11-11 23:00:03,702 - Long Buy 876.00 shares at 22.37 on 2024-10-16 18:00:00+00:00
2024-11-11 23:00:03,702 - Long Buy 858.00 shares at 22.4 on 2024-10-16 18:15:00+00:00
2024-11-11 23:00:03,702 - Long Buy 841.00 shares at 22.39 on 2024-10-16 18:30:00+00:00
2024-11-11 23:00:03,702 - Long Buy 826.00 shares at 22.33 on 2024-10-16 19:00:00+00:00
2024-11-11 23:00:03,702 - Long Buy 811.00 shares at 22.3 on 2024-10-16 19:15:00+00:00
2024-11-11 23:00:03,702 - Long Buy 795.00 shares at 22.3 on 2024-10-16 19:30:00+00:00
2024-11-11 23:00:03,702 - Long Buy 778.00 shares at 22.31 on 2024-10-16 19:45:00+00:00
2024-11-11 23:00:03,703 - Sell to close 6677.00 shares at 22.67 on 2024-10-17 13:30:00+00:00 (Exit: Profit_take, Profit: 2108.080000000011, Duration: 1185.0 minutes)
2024-11-11 23:00:03,703 - Short Sell 887.00 shares at 22.59 on 2024-10-17 15:30:00+00:00
2024-11-11 23:00:03,703 - Short Sell 886.00 shares at 22.62 on 2024-10-17 15:45:00+00:00
2024-11-11 23:00:03,703 - Short Sell 883.00 shares at 22.69 on 2024-10-17 16:00:00+00:00
2024-11-11 23:00:03,703 - Short Sell 883.00 shares at 22.69 on 2024-10-17 16:15:00+00:00
2024-11-11 23:00:03,703 - Short Sell 884.00 shares at 22.68 on 2024-10-17 16:30:00+00:00
2024-11-11 23:00:03,703 - Short Sell 884.00 shares at 22.68 on 2024-10-17 16:45:00+00:00
2024-11-11 23:00:03,703 - Short Sell 883.00 shares at 22.69 on 2024-10-17 17:00:00+00:00
2024-11-11 23:00:03,703 - Short Sell 883.00 shares at 22.7 on 2024-10-17 17:15:00+00:00
2024-11-11 23:00:03,703 - Short Sell 886.00 shares at 22.63 on 2024-10-17 17:30:00+00:00
2024-11-11 23:00:03,703 - Short Sell 887.00 shares at 22.62 on 2024-10-17 18:00:00+00:00
2024-11-11 23:00:03,703 - Buy to cover -8846.00 shares at 22.54 on 2024-10-17 18:15:00+00:00 (Exit: Profit_take, Profit: 1052.0799999999947, Duration: 165.0 minutes)
2024-11-11 23:00:03,703 - Long Buy 893.00 shares at 22.48 on 2024-10-17 18:30:00+00:00
2024-11-11 23:00:03,703 - Sell to close 893.00 shares at 22.59 on 2024-10-17 19:00:00+00:00 (Exit: Signal, Profit: 98.22999999999949, Duration: 30.0 minutes)
2024-11-11 23:00:03,703 - Long Buy 894.00 shares at 22.45 on 2024-10-17 19:45:00+00:00
2024-11-11 23:00:03,703 - Sell to close 894.00 shares at 22.69 on 2024-10-18 13:30:00+00:00 (Exit: Profit_take, Profit: 214.56000000000176, Duration: 1065.0 minutes)
2024-11-11 23:00:03,703 - Short Sell 887.00 shares at 22.64 on 2024-10-18 13:45:00+00:00
2024-11-11 23:00:03,703 - Short Sell 882.00 shares at 22.75 on 2024-10-18 14:00:00+00:00
2024-11-11 23:00:03,703 - Short Sell 881.00 shares at 22.78 on 2024-10-18 14:15:00+00:00
2024-11-11 23:00:03,703 - Short Sell 881.00 shares at 22.79 on 2024-10-18 14:30:00+00:00
2024-11-11 23:00:03,703 - Short Sell 887.00 shares at 22.64 on 2024-10-18 14:45:00+00:00
2024-11-11 23:00:03,703 - Short Sell 883.00 shares at 22.73 on 2024-10-18 15:00:00+00:00
2024-11-11 23:00:03,703 - Short Sell 884.00 shares at 22.7 on 2024-10-18 15:15:00+00:00
2024-11-11 23:00:03,704 - Short Sell 887.00 shares at 22.64 on 2024-10-18 15:30:00+00:00
2024-11-11 23:00:03,704 - Short Sell 884.00 shares at 22.7 on 2024-10-18 16:15:00+00:00
2024-11-11 23:00:03,704 - Short Sell 885.00 shares at 22.69 on 2024-10-18 16:30:00+00:00
2024-11-11 23:00:03,704 - Buy to cover -8841.00 shares at 22.58 on 2024-10-18 17:45:00+00:00 (Exit: Profit_take, Profit: 1112.7699999999745, Duration: 240.0 minutes)
2024-11-11 23:00:03,704 - Long Buy 888.00 shares at 22.63 on 2024-10-18 19:30:00+00:00
2024-11-11 23:00:03,704 - Sell to close 888.00 shares at 22.77 on 2024-10-18 19:45:00+00:00 (Exit: Profit_take, Profit: 124.3200000000005, Duration: 15.0 minutes)
2024-11-11 23:00:03,704 - Long Buy 893.00 shares at 22.52 on 2024-10-21 13:30:00+00:00
2024-11-11 23:00:03,704 - Long Buy 874.00 shares at 22.54 on 2024-10-21 13:45:00+00:00
2024-11-11 23:00:03,704 - Long Buy 856.00 shares at 22.56 on 2024-10-21 14:00:00+00:00
2024-11-11 23:00:03,704 - Long Buy 839.00 shares at 22.55 on 2024-10-21 14:15:00+00:00
2024-11-11 23:00:03,704 - Long Buy 829.00 shares at 22.36 on 2024-10-21 14:30:00+00:00
2024-11-11 23:00:03,704 - Long Buy 811.00 shares at 22.39 on 2024-10-21 14:45:00+00:00
2024-11-11 23:00:03,704 - Sell to close 5102.00 shares at 22.3 on 2024-10-21 15:00:00+00:00 (Exit: Stop_loss, Profit: -961.2600000000184, Duration: 90.0 minutes)
2024-11-11 23:00:03,704 - Long Buy 893.00 shares at 22.48 on 2024-10-22 13:30:00+00:00
2024-11-11 23:00:03,704 - Long Buy 876.00 shares at 22.47 on 2024-10-22 13:45:00+00:00
2024-11-11 23:00:03,704 - Sell to close 1769.00 shares at 22.57 on 2024-10-22 14:00:00+00:00 (Exit: Signal, Profit: 167.96999999999835, Duration: 30.0 minutes)
2024-11-11 23:00:03,704 - Short Sell 893.00 shares at 22.5 on 2024-10-22 14:15:00+00:00
2024-11-11 23:00:03,704 - Short Sell 892.00 shares at 22.52 on 2024-10-22 14:30:00+00:00
2024-11-11 23:00:03,705 - Buy to cover -1785.00 shares at 22.41 on 2024-10-22 15:00:00+00:00 (Exit: Signal, Profit: 178.48999999999512, Duration: 45.0 minutes)
2024-11-11 23:00:03,705 - Long Buy 897.00 shares at 22.39 on 2024-10-22 15:15:00+00:00
2024-11-11 23:00:03,705 - Long Buy 883.00 shares at 22.3 on 2024-10-22 15:30:00+00:00
2024-11-11 23:00:03,705 - Long Buy 865.00 shares at 22.3 on 2024-10-22 15:45:00+00:00
2024-11-11 23:00:03,705 - Long Buy 849.00 shares at 22.28 on 2024-10-22 16:00:00+00:00
2024-11-11 23:00:03,705 - Long Buy 832.00 shares at 22.26 on 2024-10-22 16:15:00+00:00
2024-11-11 23:00:03,705 - Long Buy 817.00 shares at 22.23 on 2024-10-22 16:30:00+00:00
2024-11-11 23:00:03,705 - Long Buy 799.00 shares at 22.26 on 2024-10-22 16:45:00+00:00
2024-11-11 23:00:03,705 - Long Buy 783.00 shares at 22.28 on 2024-10-22 17:00:00+00:00
2024-11-11 23:00:03,705 - Long Buy 769.00 shares at 22.23 on 2024-10-22 17:15:00+00:00
2024-11-11 23:00:03,705 - Long Buy 752.00 shares at 22.26 on 2024-10-22 17:30:00+00:00
2024-11-11 23:00:03,705 - Sell to close 8246.00 shares at 22.41 on 2024-10-22 18:00:00+00:00 (Exit: Profit_take, Profit: 1065.3100000000077, Duration: 165.0 minutes)
2024-11-11 23:00:03,705 - Long Buy 901.00 shares at 22.32 on 2024-10-22 18:15:00+00:00
2024-11-11 23:00:03,705 - Long Buy 883.00 shares at 22.31 on 2024-10-22 18:30:00+00:00
2024-11-11 23:00:03,705 - Long Buy 865.00 shares at 22.32 on 2024-10-22 18:45:00+00:00
2024-11-11 23:00:03,705 - Long Buy 848.00 shares at 22.32 on 2024-10-22 19:00:00+00:00
2024-11-11 23:00:03,705 - Long Buy 834.00 shares at 22.23 on 2024-10-23 13:45:00+00:00
2024-11-11 23:00:03,705 - Long Buy 818.00 shares at 22.21 on 2024-10-23 14:00:00+00:00
2024-11-11 23:00:03,705 - Long Buy 801.00 shares at 22.23 on 2024-10-23 14:15:00+00:00
2024-11-11 23:00:03,705 - Long Buy 785.00 shares at 22.23 on 2024-10-23 14:30:00+00:00
2024-11-11 23:00:03,705 - Long Buy 771.00 shares at 22.18 on 2024-10-23 14:45:00+00:00
2024-11-11 23:00:03,705 - Sell to close 7506.00 shares at 22.21 on 2024-10-23 15:00:00+00:00 (Exit: Signal, Profit: -401.10999999998745, Duration: 1245.0 minutes)
2024-11-11 23:00:03,705 - Short Sell 905.00 shares at 22.22 on 2024-10-23 15:30:00+00:00
2024-11-11 23:00:03,705 - Short Sell 904.00 shares at 22.23 on 2024-10-23 15:45:00+00:00
2024-11-11 23:00:03,705 - Buy to cover -1809.00 shares at 22.09 on 2024-10-23 16:15:00+00:00 (Exit: Profit_take, Profit: 244.21000000000447, Duration: 45.0 minutes)
2024-11-11 23:00:03,706 - Long Buy 910.00 shares at 22.09 on 2024-10-23 16:30:00+00:00
2024-11-11 23:00:03,706 - Long Buy 893.00 shares at 22.06 on 2024-10-23 16:45:00+00:00
2024-11-11 23:00:03,706 - Long Buy 882.00 shares at 21.9 on 2024-10-23 17:00:00+00:00
2024-11-11 23:00:03,706 - Long Buy 865.00 shares at 21.88 on 2024-10-23 17:15:00+00:00
2024-11-11 23:00:03,706 - Sell to close 3550.00 shares at 21.76 on 2024-10-23 17:30:00+00:00 (Exit: Stop_loss, Profit: -795.4799999999942, Duration: 60.0 minutes)
2024-11-11 23:00:03,706 - Long Buy 913.00 shares at 22.01 on 2024-10-24 16:00:00+00:00
2024-11-11 23:00:03,706 - Sell to close 913.00 shares at 22.09 on 2024-10-24 16:15:00+00:00 (Exit: Signal, Profit: 73.03999999999844, Duration: 15.0 minutes)
2024-11-11 23:00:03,706 - Short Sell 908.00 shares at 22.12 on 2024-10-24 16:30:00+00:00
2024-11-11 23:00:03,706 - Short Sell 909.00 shares at 22.11 on 2024-10-24 17:00:00+00:00
2024-11-11 23:00:03,706 - Short Sell 908.00 shares at 22.13 on 2024-10-24 17:15:00+00:00
2024-11-11 23:00:03,706 - Short Sell 905.00 shares at 22.2 on 2024-10-24 17:30:00+00:00
2024-11-11 23:00:03,706 - Short Sell 906.00 shares at 22.17 on 2024-10-24 17:45:00+00:00
2024-11-11 23:00:03,706 - Short Sell 905.00 shares at 22.2 on 2024-10-24 18:00:00+00:00
2024-11-11 23:00:03,706 - Short Sell 905.00 shares at 22.2 on 2024-10-24 18:15:00+00:00
2024-11-11 23:00:03,706 - Short Sell 906.00 shares at 22.18 on 2024-10-24 18:30:00+00:00
2024-11-11 23:00:03,706 - Short Sell 905.00 shares at 22.19 on 2024-10-24 18:45:00+00:00
2024-11-11 23:00:03,706 - Short Sell 905.00 shares at 22.19 on 2024-10-24 19:00:00+00:00
2024-11-11 23:00:03,706 - Short Sell 904.00 shares at 22.21 on 2024-10-24 19:15:00+00:00
2024-11-11 23:00:03,706 - Short Sell 905.00 shares at 22.2 on 2024-10-24 19:30:00+00:00
2024-11-11 23:00:03,706 - Buy to cover -10871.00 shares at 22.34 on 2024-10-24 19:45:00+00:00 (Exit: Stop_loss, Profit: -1794.3100000000113, Duration: 195.0 minutes)
2024-11-11 23:00:03,706 - Short Sell 884.00 shares at 22.69 on 2024-10-25 13:30:00+00:00
2024-11-11 23:00:03,707 - Buy to cover -884.00 shares at 22.95 on 2024-10-25 13:45:00+00:00 (Exit: Stop_loss, Profit: -229.8399999999951, Duration: 15.0 minutes)
2024-11-11 23:00:03,707 - Long Buy 874.00 shares at 22.95 on 2024-10-28 13:30:00+00:00
2024-11-11 23:00:03,707 - Long Buy 856.00 shares at 22.96 on 2024-10-28 13:45:00+00:00
2024-11-11 23:00:03,707 - Sell to close 1730.00 shares at 23.25 on 2024-10-28 14:15:00+00:00 (Exit: Profit_take, Profit: 510.4400000000036, Duration: 45.0 minutes)
2024-11-11 23:00:03,707 - Long Buy 868.00 shares at 23.11 on 2024-10-28 18:00:00+00:00
2024-11-11 23:00:03,707 - Long Buy 853.00 shares at 23.05 on 2024-10-28 18:15:00+00:00
2024-11-11 23:00:03,707 - Long Buy 837.00 shares at 23.03 on 2024-10-28 18:30:00+00:00
2024-11-11 23:00:03,707 - Long Buy 820.00 shares at 23.03 on 2024-10-28 18:45:00+00:00
2024-11-11 23:00:03,707 - Long Buy 804.00 shares at 23.0 on 2024-10-28 19:00:00+00:00
2024-11-11 23:00:03,707 - Long Buy 789.00 shares at 22.98 on 2024-10-28 19:15:00+00:00
2024-11-11 23:00:03,707 - Long Buy 775.00 shares at 22.94 on 2024-10-28 19:30:00+00:00
2024-11-11 23:00:03,707 - Long Buy 759.00 shares at 22.94 on 2024-10-28 19:45:00+00:00
2024-11-11 23:00:03,707 - Long Buy 741.00 shares at 23.04 on 2024-10-29 13:30:00+00:00
2024-11-11 23:00:03,707 - Long Buy 727.00 shares at 23.01 on 2024-10-29 13:45:00+00:00
2024-11-11 23:00:03,707 - Long Buy 712.00 shares at 23.03 on 2024-10-29 14:15:00+00:00
2024-11-11 23:00:03,707 - Long Buy 699.00 shares at 22.99 on 2024-10-29 14:30:00+00:00
2024-11-11 23:00:03,707 - Long Buy 687.00 shares at 22.9 on 2024-10-29 14:45:00+00:00
2024-11-11 23:00:03,708 - Sell to close 10071.00 shares at 22.86 on 2024-10-29 15:00:00+00:00 (Exit: Stop_loss, Profit: -1472.5399999999647, Duration: 1260.0 minutes)
2024-11-11 23:00:03,708 - Long Buy 886.00 shares at 22.6 on 2024-10-30 13:30:00+00:00
2024-11-11 23:00:03,708 - Sell to close 886.00 shares at 22.78 on 2024-10-30 13:45:00+00:00 (Exit: Profit_take, Profit: 159.47999999999973, Duration: 15.0 minutes)
2024-11-11 23:00:03,708 - Long Buy 881.00 shares at 22.75 on 2024-10-30 14:45:00+00:00
2024-11-11 23:00:03,708 - Long Buy 871.00 shares at 22.53 on 2024-10-30 15:00:00+00:00
2024-11-11 23:00:03,708 - Long Buy 853.00 shares at 22.56 on 2024-10-30 15:15:00+00:00
2024-11-11 23:00:03,708 - Sell to close 2605.00 shares at 22.49 on 2024-10-30 15:30:00+00:00 (Exit: Stop_loss, Profit: -323.61000000000615, Duration: 45.0 minutes)
2024-11-11 23:00:03,708 - Long Buy 907.00 shares at 22.09 on 2024-10-31 13:30:00+00:00
2024-11-11 23:00:03,708 - Sell to close 907.00 shares at 21.76 on 2024-10-31 13:45:00+00:00 (Exit: Stop_loss, Profit: -299.30999999999847, Duration: 15.0 minutes)
2024-11-11 23:00:03,708 - Short Sell 877.00 shares at 22.82 on 2024-11-01 13:30:00+00:00
2024-11-11 23:00:03,708 - Short Sell 879.00 shares at 22.79 on 2024-11-01 13:45:00+00:00
2024-11-11 23:00:03,709 - Buy to cover -1756.00 shares at 22.64 on 2024-11-01 14:00:00+00:00 (Exit: Profit_take, Profit: 289.71000000000214, Duration: 30.0 minutes)
2024-11-11 23:00:03,709 - Short Sell 870.00 shares at 23.03 on 2024-11-01 14:15:00+00:00
2024-11-11 23:00:03,709 - Buy to cover -870.00 shares at 22.7 on 2024-11-01 14:30:00+00:00 (Exit: Profit_take, Profit: 287.1000000000016, Duration: 15.0 minutes)
2024-11-11 23:00:03,709 - Long Buy 873.00 shares at 22.96 on 2024-11-01 14:45:00+00:00
2024-11-11 23:00:03,709 - Sell to close 873.00 shares at 23.14 on 2024-11-01 15:00:00+00:00 (Exit: Profit_take, Profit: 157.13999999999976, Duration: 15.0 minutes)
2024-11-11 23:00:03,709 - Short Sell 859.00 shares at 23.32 on 2024-11-01 15:15:00+00:00
2024-11-11 23:00:03,709 - Short Sell 856.00 shares at 23.4 on 2024-11-01 15:30:00+00:00
2024-11-11 23:00:03,709 - Buy to cover -1715.00 shares at 23.21 on 2024-11-01 15:45:00+00:00 (Exit: Profit_take, Profit: 257.1299999999988, Duration: 30.0 minutes)
2024-11-11 23:00:03,709 - Short Sell 865.00 shares at 23.16 on 2024-11-01 16:00:00+00:00
2024-11-11 23:00:03,709 - Buy to cover -865.00 shares at 22.91 on 2024-11-01 16:15:00+00:00 (Exit: Profit_take, Profit: 216.25, Duration: 15.0 minutes)
2024-11-11 23:00:03,709 - Long Buy 880.00 shares at 22.78 on 2024-11-01 16:30:00+00:00
2024-11-11 23:00:03,709 - Long Buy 864.00 shares at 22.73 on 2024-11-01 16:45:00+00:00
2024-11-11 23:00:03,709 - Long Buy 847.00 shares at 22.72 on 2024-11-01 17:00:00+00:00
2024-11-11 23:00:03,709 - Sell to close 2591.00 shares at 23.05 on 2024-11-01 17:15:00+00:00 (Exit: Profit_take, Profit: 793.589999999993, Duration: 45.0 minutes)
2024-11-11 23:00:03,709 - Long Buy 876.00 shares at 22.89 on 2024-11-01 17:30:00+00:00
2024-11-11 23:00:03,709 - Sell to close 876.00 shares at 23.04 on 2024-11-01 18:00:00+00:00 (Exit: Profit_take, Profit: 131.39999999999876, Duration: 30.0 minutes)
2024-11-11 23:00:03,709 - Short Sell 865.00 shares at 23.19 on 2024-11-01 18:15:00+00:00
2024-11-11 23:00:03,709 - Short Sell 860.00 shares at 23.32 on 2024-11-01 18:30:00+00:00
2024-11-11 23:00:03,709 - Short Sell 859.00 shares at 23.35 on 2024-11-01 18:45:00+00:00
2024-11-11 23:00:03,709 - Short Sell 858.00 shares at 23.37 on 2024-11-01 19:00:00+00:00
2024-11-11 23:00:03,709 - Short Sell 864.00 shares at 23.24 on 2024-11-01 19:15:00+00:00
2024-11-11 23:00:03,709 - Short Sell 863.00 shares at 23.25 on 2024-11-01 19:30:00+00:00
2024-11-11 23:00:03,709 - Short Sell 865.00 shares at 23.21 on 2024-11-01 19:45:00+00:00
2024-11-11 23:00:03,709 - Buy to cover -6034.00 shares at 22.54 on 2024-11-04 14:30:00+00:00 (Exit: Profit_take, Profit: 4438.060000000012, Duration: 4095.0 minutes)
2024-11-11 23:00:03,710 - Long Buy 894.00 shares at 22.55 on 2024-11-04 14:45:00+00:00
2024-11-11 23:00:03,710 - Long Buy 885.00 shares at 22.33 on 2024-11-04 15:00:00+00:00
2024-11-11 23:00:03,710 - Sell to close 1779.00 shares at 22.64 on 2024-11-04 15:15:00+00:00 (Exit: Profit_take, Profit: 354.810000000001, Duration: 30.0 minutes)
2024-11-11 23:00:03,710 - Long Buy 891.00 shares at 22.64 on 2024-11-04 15:30:00+00:00
2024-11-11 23:00:03,710 - Long Buy 879.00 shares at 22.47 on 2024-11-04 15:45:00+00:00
2024-11-11 23:00:03,710 - Long Buy 857.00 shares at 22.6 on 2024-11-04 16:00:00+00:00
2024-11-11 23:00:03,710 - Sell to close 2627.00 shares at 22.41 on 2024-11-04 16:15:00+00:00 (Exit: Stop_loss, Profit: -420.49999999999585, Duration: 45.0 minutes)
2024-11-11 23:00:03,710 - Short Sell 883.00 shares at 22.82 on 2024-11-05 14:30:00+00:00
2024-11-11 23:00:03,710 - Buy to cover -883.00 shares at 23.2 on 2024-11-05 14:45:00+00:00 (Exit: Stop_loss, Profit: -335.5399999999991, Duration: 15.0 minutes)
2024-11-11 23:00:03,710 - Short Sell 817.00 shares at 24.65 on 2024-11-06 14:30:00+00:00
2024-11-11 23:00:03,710 - Buy to cover -817.00 shares at 24.4 on 2024-11-06 14:45:00+00:00 (Exit: Profit_take, Profit: 204.25, Duration: 15.0 minutes)
2024-11-11 23:00:03,710 - Short Sell 812.00 shares at 24.8 on 2024-11-06 15:00:00+00:00
2024-11-11 23:00:03,710 - Buy to cover -812.00 shares at 24.56 on 2024-11-06 15:15:00+00:00 (Exit: Profit_take, Profit: 194.8800000000045, Duration: 15.0 minutes)
2024-11-11 23:00:03,710 - Short Sell 824.00 shares at 24.47 on 2024-11-06 15:30:00+00:00
2024-11-11 23:00:03,710 - Short Sell 826.00 shares at 24.39 on 2024-11-06 15:45:00+00:00
2024-11-11 23:00:03,710 - Short Sell 823.00 shares at 24.48 on 2024-11-06 16:00:00+00:00
2024-11-11 23:00:03,710 - Short Sell 828.00 shares at 24.35 on 2024-11-06 16:15:00+00:00
2024-11-11 23:00:03,711 - Short Sell 828.00 shares at 24.35 on 2024-11-06 16:30:00+00:00
2024-11-11 23:00:03,711 - Short Sell 824.00 shares at 24.44 on 2024-11-06 16:45:00+00:00
2024-11-11 23:00:03,711 - Short Sell 825.00 shares at 24.43 on 2024-11-06 17:00:00+00:00
2024-11-11 23:00:03,711 - Buy to cover -5778.00 shares at 24.26 on 2024-11-06 17:15:00+00:00 (Exit: Profit_take, Profit: 899.0900000000236, Duration: 105.0 minutes)
2024-11-11 23:00:03,711 - Short Sell 828.00 shares at 24.36 on 2024-11-06 17:30:00+00:00
2024-11-11 23:00:03,711 - Short Sell 827.00 shares at 24.39 on 2024-11-06 17:45:00+00:00
2024-11-11 23:00:03,711 - Short Sell 828.00 shares at 24.35 on 2024-11-06 18:00:00+00:00
2024-11-11 23:00:03,711 - Short Sell 825.00 shares at 24.45 on 2024-11-06 18:15:00+00:00
2024-11-11 23:00:03,711 - Buy to cover -3308.00 shares at 24.64 on 2024-11-06 18:30:00+00:00 (Exit: Stop_loss, Profit: -835.4600000000041, Duration: 60.0 minutes)
2024-11-11 23:00:03,711 - Short Sell 793.00 shares at 25.43 on 2024-11-07 14:30:00+00:00
2024-11-11 23:00:03,711 - Buy to cover -793.00 shares at 25.71 on 2024-11-07 14:45:00+00:00 (Exit: Stop_loss, Profit: -222.04000000000372, Duration: 15.0 minutes)
2024-11-11 23:00:03,711 - Long Buy 774.00 shares at 26.04 on 2024-11-08 14:30:00+00:00
2024-11-11 23:00:03,711 - Sell to close 774.00 shares at 26.23 on 2024-11-08 14:45:00+00:00 (Exit: Profit_take, Profit: 147.060000000001, Duration: 15.0 minutes)
2024-11-11 23:00:03,712 - Long Buy 777.00 shares at 25.95 on 2024-11-08 19:30:00+00:00
2024-11-11 23:00:03,712 - Long Buy 763.00 shares at 25.89 on 2024-11-08 19:45:00+00:00
2024-11-11 23:00:03,712 - Long Buy 746.00 shares at 25.94 on 2024-11-08 20:00:00+00:00
2024-11-11 23:00:03,712 - Sell to close 2286.00 shares at 26.08 on 2024-11-08 20:30:00+00:00 (Exit: Profit_take, Profit: 350.4199999999915, Duration: 60.0 minutes)
2024-11-11 23:00:03,712 - Short Sell 769.00 shares at 26.23 on 2024-11-08 20:45:00+00:00
2024-11-11 23:00:03,714 - Final statisticsStock: INTC, 
total_trades: 46, 
winning_trades: 32, 
losing_trades: 14, 
average_return: 0.0028006166917116334, 
average_duration: 328.69565217391306, 
final_balance: 1028773.2300000001, 
final_portfolio_value: 1008602.3600000001, 
sharpe_ratio: 2.601089870362733, 



