2024-11-10 20:43:04,134 - Starting GBMStrategy with initial capital: 1000000
2024-11-10 20:43:04,134 - Hyperparameters: {'threshold': 0.5, 'time_periods': 15, 'num_simulations': 150}
2024-11-10 20:48:39,987 - Short Sell 163.00 shares at 122.56 on 2024-10-10 17:15:00+00:00
2024-11-10 20:48:39,989 - Short Sell 162.00 shares at 122.75 on 2024-10-10 17:30:00+00:00
2024-11-10 20:48:39,989 - Short Sell 163.00 shares at 122.38 on 2024-10-10 17:45:00+00:00
2024-11-10 20:48:39,989 - Buy to cover -488.00 shares at 121.95 on 2024-10-10 18:00:00+00:00 (Exit: Signal, Profit: 299.1200000000024, Duration: 45.0 minutes)
2024-11-10 20:48:39,989 - Short Sell 163.00 shares at 122.37 on 2024-10-10 18:15:00+00:00
2024-11-10 20:48:39,989 - Short Sell 163.00 shares at 122.37 on 2024-10-10 19:00:00+00:00
2024-11-10 20:48:39,989 - Short Sell 163.00 shares at 122.5 on 2024-10-10 19:15:00+00:00
2024-11-10 20:48:39,989 - Short Sell 163.00 shares at 122.52 on 2024-10-10 19:30:00+00:00
2024-11-10 20:48:39,989 - Short Sell 162.00 shares at 122.92 on 2024-10-10 19:45:00+00:00
2024-11-10 20:48:39,989 - Short Sell 161.00 shares at 123.78 on 2024-10-11 13:30:00+00:00
2024-11-10 20:48:39,989 - Short Sell 161.00 shares at 123.76 on 2024-10-11 13:45:00+00:00
2024-11-10 20:48:39,989 - Short Sell 161.00 shares at 124.09 on 2024-10-11 14:00:00+00:00
2024-11-10 20:48:39,989 - Short Sell 160.00 shares at 124.39 on 2024-10-11 14:15:00+00:00
2024-11-10 20:48:39,989 - Buy to cover -1457.00 shares at 124.1 on 2024-10-11 14:30:00+00:00 (Exit: Signal, Profit: -1334.949999999996, Duration: 1215.0 minutes)
2024-11-10 20:48:39,989 - Long Buy 160.00 shares at 124.13 on 2024-10-11 14:45:00+00:00
2024-11-10 20:48:39,989 - Long Buy 157.00 shares at 124.08 on 2024-10-11 15:00:00+00:00
2024-11-10 20:48:39,990 - Sell to close 317.00 shares at 124.5 on 2024-10-11 15:45:00+00:00 (Exit: Signal, Profit: 125.13999999999834, Duration: 60.0 minutes)
2024-11-10 20:48:39,990 - Long Buy 160.00 shares at 124.24 on 2024-10-11 16:15:00+00:00
2024-11-10 20:48:39,990 - Long Buy 157.00 shares at 124.24 on 2024-10-11 16:30:00+00:00
2024-11-10 20:48:39,990 - Long Buy 154.00 shares at 124.27 on 2024-10-11 16:45:00+00:00
2024-11-10 20:48:39,990 - Sell to close 471.00 shares at 124.81 on 2024-10-11 17:30:00+00:00 (Exit: Signal, Profit: 263.8499999999995, Duration: 75.0 minutes)
2024-11-10 20:48:39,990 - Short Sell 159.00 shares at 124.98 on 2024-10-11 17:45:00+00:00
2024-11-10 20:48:39,990 - Short Sell 160.00 shares at 124.81 on 2024-10-11 18:00:00+00:00
2024-11-10 20:48:39,990 - Buy to cover -319.00 shares at 124.69 on 2024-10-11 18:15:00+00:00 (Exit: Signal, Profit: 65.30999999999828, Duration: 30.0 minutes)
2024-11-10 20:48:39,990 - Long Buy 160.00 shares at 124.69 on 2024-10-11 18:30:00+00:00
2024-11-10 20:48:39,990 - Long Buy 157.00 shares at 124.61 on 2024-10-11 18:45:00+00:00
2024-11-10 20:48:39,990 - Long Buy 154.00 shares at 124.65 on 2024-10-11 19:00:00+00:00
2024-11-10 20:48:39,990 - Long Buy 151.00 shares at 124.51 on 2024-10-11 19:15:00+00:00
2024-11-10 20:48:39,990 - Long Buy 148.00 shares at 124.34 on 2024-10-11 19:30:00+00:00
2024-11-10 20:48:39,990 - Long Buy 145.00 shares at 124.23 on 2024-10-11 19:45:00+00:00
2024-11-10 20:48:39,990 - Sell to close 915.00 shares at 125.29 on 2024-10-14 13:30:00+00:00 (Exit: Signal, Profit: 713.3999999999947, Duration: 4020.0 minutes)
2024-11-10 20:48:39,990 - Short Sell 157.00 shares at 126.76 on 2024-10-14 13:45:00+00:00
2024-11-10 20:48:39,990 - Short Sell 158.00 shares at 126.3 on 2024-10-14 14:00:00+00:00
2024-11-10 20:48:39,990 - Short Sell 157.00 shares at 126.67 on 2024-10-14 14:15:00+00:00
2024-11-10 20:48:39,990 - Short Sell 158.00 shares at 126.58 on 2024-10-14 14:30:00+00:00
2024-11-10 20:48:39,990 - Short Sell 157.00 shares at 126.71 on 2024-10-14 14:45:00+00:00
2024-11-10 20:48:39,990 - Short Sell 157.00 shares at 126.9 on 2024-10-14 15:00:00+00:00
2024-11-10 20:48:39,990 - Short Sell 158.00 shares at 126.09 on 2024-10-14 15:15:00+00:00
2024-11-10 20:48:39,990 - Short Sell 158.00 shares at 126.35 on 2024-10-14 15:30:00+00:00
2024-11-10 20:48:39,990 - Short Sell 158.00 shares at 126.44 on 2024-10-14 15:45:00+00:00
2024-11-10 20:48:39,990 - Short Sell 158.00 shares at 126.18 on 2024-10-14 16:15:00+00:00
2024-11-10 20:48:39,990 - Short Sell 158.00 shares at 126.25 on 2024-10-14 16:30:00+00:00
2024-11-10 20:48:39,991 - Buy to cover -1734.00 shares at 125.93 on 2024-10-14 17:30:00+00:00 (Exit: Signal, Profit: 944.6799999999656, Duration: 225.0 minutes)
2024-11-10 20:48:39,991 - Long Buy 159.00 shares at 125.8 on 2024-10-14 17:45:00+00:00
2024-11-10 20:48:39,991 - Long Buy 155.00 shares at 125.94 on 2024-10-14 18:00:00+00:00
2024-11-10 20:48:39,991 - Long Buy 152.00 shares at 125.76 on 2024-10-14 18:15:00+00:00
2024-11-10 20:48:39,991 - Long Buy 149.00 shares at 125.81 on 2024-10-14 18:45:00+00:00
2024-11-10 20:48:39,991 - Long Buy 146.00 shares at 125.87 on 2024-10-14 19:00:00+00:00
2024-11-10 20:48:39,991 - Long Buy 144.00 shares at 125.65 on 2024-10-14 19:15:00+00:00
2024-11-10 20:48:39,991 - Long Buy 141.00 shares at 125.66 on 2024-10-14 19:30:00+00:00
2024-11-10 20:48:39,991 - Long Buy 138.00 shares at 125.77 on 2024-10-14 19:45:00+00:00
2024-11-10 20:48:39,991 - Sell to close 1184.00 shares at 126.15 on 2024-10-15 13:30:00+00:00 (Exit: Signal, Profit: 432.54999999998154, Duration: 1185.0 minutes)
2024-11-10 20:48:39,991 - Long Buy 159.00 shares at 125.38 on 2024-10-15 13:45:00+00:00
2024-11-10 20:48:39,991 - Long Buy 156.00 shares at 125.46 on 2024-10-15 14:00:00+00:00
2024-11-10 20:48:39,991 - Long Buy 153.00 shares at 125.19 on 2024-10-15 14:15:00+00:00
2024-11-10 20:48:39,991 - Long Buy 150.00 shares at 125.0 on 2024-10-15 14:30:00+00:00
2024-11-10 20:48:39,991 - Long Buy 147.00 shares at 125.12 on 2024-10-15 14:45:00+00:00
2024-11-10 20:48:39,991 - Long Buy 144.00 shares at 125.14 on 2024-10-15 15:00:00+00:00
2024-11-10 20:48:39,991 - Long Buy 142.00 shares at 124.66 on 2024-10-15 15:15:00+00:00
2024-11-10 20:48:39,991 - Long Buy 139.00 shares at 124.67 on 2024-10-15 15:30:00+00:00
2024-11-10 20:48:39,991 - Long Buy 136.00 shares at 124.75 on 2024-10-15 15:45:00+00:00
2024-11-10 20:48:39,991 - Long Buy 133.00 shares at 124.92 on 2024-10-15 16:00:00+00:00
2024-11-10 20:48:39,991 - Long Buy 131.00 shares at 124.71 on 2024-10-15 16:15:00+00:00
2024-11-10 20:48:39,991 - Long Buy 128.00 shares at 124.48 on 2024-10-15 16:30:00+00:00
2024-11-10 20:48:39,991 - Long Buy 126.00 shares at 124.2 on 2024-10-15 16:45:00+00:00
2024-11-10 20:48:39,991 - Long Buy 124.00 shares at 124.1 on 2024-10-15 17:00:00+00:00
2024-11-10 20:48:39,991 - Long Buy 121.00 shares at 124.3 on 2024-10-15 17:15:00+00:00
2024-11-10 20:48:39,991 - Long Buy 118.00 shares at 124.62 on 2024-10-15 17:30:00+00:00
2024-11-10 20:48:39,991 - Long Buy 116.00 shares at 124.63 on 2024-10-15 17:45:00+00:00
2024-11-10 20:48:39,991 - Long Buy 114.00 shares at 124.62 on 2024-10-15 18:00:00+00:00
2024-11-10 20:48:39,991 - Long Buy 111.00 shares at 124.57 on 2024-10-15 18:15:00+00:00
2024-11-10 20:48:39,991 - Long Buy 109.00 shares at 124.47 on 2024-10-15 18:30:00+00:00
2024-11-10 20:48:39,991 - Long Buy 107.00 shares at 124.16 on 2024-10-15 18:45:00+00:00
2024-11-10 20:48:39,991 - Long Buy 106.00 shares at 123.72 on 2024-10-15 19:00:00+00:00
2024-11-10 20:48:39,991 - Long Buy 103.00 shares at 124.05 on 2024-10-15 19:15:00+00:00
2024-11-10 20:48:39,991 - Long Buy 101.00 shares at 124.16 on 2024-10-15 19:30:00+00:00
2024-11-10 20:48:39,992 - Long Buy 99.00 shares at 124.32 on 2024-10-15 19:45:00+00:00
2024-11-10 20:48:39,992 - Sell to close 3173.00 shares at 124.91 on 2024-10-16 13:30:00+00:00 (Exit: Signal, Profit: 767.9699999999739, Duration: 1425.0 minutes)
2024-11-10 20:48:39,992 - Long Buy 160.00 shares at 124.63 on 2024-10-16 13:45:00+00:00
2024-11-10 20:48:39,992 - Sell to close 160.00 shares at 124.96 on 2024-10-16 14:00:00+00:00 (Exit: Signal, Profit: 52.79999999999973, Duration: 15.0 minutes)
2024-11-10 20:48:39,992 - Short Sell 160.00 shares at 124.98 on 2024-10-16 14:15:00+00:00
2024-11-10 20:48:39,992 - Buy to cover -160.00 shares at 124.5 on 2024-10-16 14:30:00+00:00 (Exit: Signal, Profit: 76.79999999999836, Duration: 15.0 minutes)
2024-11-10 20:48:39,992 - Long Buy 160.00 shares at 124.82 on 2024-10-16 14:45:00+00:00
2024-11-10 20:48:39,992 - Long Buy 157.00 shares at 124.77 on 2024-10-16 15:00:00+00:00
2024-11-10 20:48:39,992 - Sell to close 317.00 shares at 125.03 on 2024-10-16 15:30:00+00:00 (Exit: Signal, Profit: 74.42000000000392, Duration: 45.0 minutes)
2024-11-10 20:48:39,992 - Short Sell 160.00 shares at 125.12 on 2024-10-16 15:45:00+00:00
2024-11-10 20:48:39,992 - Buy to cover -160.00 shares at 124.49 on 2024-10-16 16:00:00+00:00 (Exit: Signal, Profit: 100.80000000000155, Duration: 15.0 minutes)
2024-11-10 20:48:39,992 - Long Buy 160.00 shares at 124.64 on 2024-10-16 16:15:00+00:00
2024-11-10 20:48:39,992 - Long Buy 157.00 shares at 124.53 on 2024-10-16 16:30:00+00:00
2024-11-10 20:48:39,992 - Long Buy 154.00 shares at 124.63 on 2024-10-16 16:45:00+00:00
2024-11-10 20:48:39,992 - Long Buy 151.00 shares at 124.63 on 2024-10-16 17:00:00+00:00
2024-11-10 20:48:39,992 - Long Buy 148.00 shares at 124.54 on 2024-10-16 17:15:00+00:00
2024-11-10 20:48:39,992 - Sell to close 770.00 shares at 124.83 on 2024-10-16 17:30:00+00:00 (Exit: Signal, Profit: 181.41999999998632, Duration: 75.0 minutes)
2024-11-10 20:48:39,992 - Short Sell 160.00 shares at 124.65 on 2024-10-16 17:45:00+00:00
2024-11-10 20:48:39,992 - Short Sell 160.00 shares at 124.79 on 2024-10-16 18:15:00+00:00
2024-11-10 20:48:39,992 - Short Sell 160.00 shares at 124.85 on 2024-10-16 18:30:00+00:00
2024-11-10 20:48:39,992 - Short Sell 160.00 shares at 124.78 on 2024-10-16 18:45:00+00:00
2024-11-10 20:48:39,992 - Short Sell 160.00 shares at 124.66 on 2024-10-16 19:00:00+00:00
2024-11-10 20:48:39,992 - Short Sell 160.00 shares at 124.68 on 2024-10-16 19:15:00+00:00
2024-11-10 20:48:39,992 - Buy to cover -960.00 shares at 124.08 on 2024-10-16 19:30:00+00:00 (Exit: Signal, Profit: 628.7999999999874, Duration: 105.0 minutes)
2024-11-10 20:48:39,992 - Long Buy 162.00 shares at 123.87 on 2024-10-16 19:45:00+00:00
2024-11-10 20:48:39,993 - Sell to close 162.00 shares at 124.85 on 2024-10-17 13:30:00+00:00 (Exit: Signal, Profit: 158.75999999999604, Duration: 1065.0 minutes)
2024-11-10 20:48:39,993 - Short Sell 160.00 shares at 124.86 on 2024-10-17 14:00:00+00:00
2024-11-10 20:48:39,993 - Short Sell 159.00 shares at 125.73 on 2024-10-17 14:15:00+00:00
2024-11-10 20:48:39,993 - Short Sell 159.00 shares at 125.67 on 2024-10-17 14:30:00+00:00
2024-11-10 20:48:39,993 - Buy to cover -478.00 shares at 125.41 on 2024-10-17 14:45:00+00:00 (Exit: Signal, Profit: 4.220000000001704, Duration: 45.0 minutes)
2024-11-10 20:48:39,993 - Long Buy 159.00 shares at 125.6 on 2024-10-17 15:00:00+00:00
2024-11-10 20:48:39,993 - Long Buy 156.00 shares at 125.46 on 2024-10-17 15:15:00+00:00
2024-11-10 20:48:39,993 - Long Buy 154.00 shares at 125.18 on 2024-10-17 15:30:00+00:00
2024-11-10 20:48:39,993 - Long Buy 150.00 shares at 125.5 on 2024-10-17 15:45:00+00:00
2024-11-10 20:48:39,993 - Long Buy 147.00 shares at 125.39 on 2024-10-17 16:00:00+00:00
2024-11-10 20:48:39,993 - Long Buy 144.00 shares at 125.38 on 2024-10-17 16:15:00+00:00
2024-11-10 20:48:39,993 - Long Buy 141.00 shares at 125.56 on 2024-10-17 16:30:00+00:00
2024-11-10 20:48:39,993 - Long Buy 138.00 shares at 125.53 on 2024-10-17 17:15:00+00:00
2024-11-10 20:48:39,993 - Sell to close 1189.00 shares at 125.82 on 2024-10-17 17:30:00+00:00 (Exit: Signal, Profit: 440.9499999999713, Duration: 150.0 minutes)
2024-11-10 20:48:39,993 - Long Buy 160.00 shares at 125.25 on 2024-10-17 18:00:00+00:00
2024-11-10 20:48:39,993 - Long Buy 157.00 shares at 125.19 on 2024-10-17 18:15:00+00:00
2024-11-10 20:48:39,993 - Long Buy 154.00 shares at 125.08 on 2024-10-17 18:30:00+00:00
2024-11-10 20:48:39,993 - Long Buy 151.00 shares at 125.11 on 2024-10-17 18:45:00+00:00
2024-11-10 20:48:39,993 - Sell to close 622.00 shares at 125.57 on 2024-10-17 19:00:00+00:00 (Exit: Signal, Profit: 255.7799999999833, Duration: 60.0 minutes)
2024-11-10 20:48:39,993 - Short Sell 160.00 shares at 125.43 on 2024-10-17 19:15:00+00:00
2024-11-10 20:48:39,993 - Short Sell 160.00 shares at 125.3 on 2024-10-17 19:30:00+00:00
2024-11-10 20:48:39,993 - Short Sell 159.00 shares at 125.84 on 2024-10-17 19:45:00+00:00
2024-11-10 20:48:39,993 - Short Sell 158.00 shares at 126.44 on 2024-10-18 13:30:00+00:00
2024-11-10 20:48:39,993 - Short Sell 159.00 shares at 126.27 on 2024-10-18 13:45:00+00:00
2024-11-10 20:48:39,993 - Short Sell 158.00 shares at 126.74 on 2024-10-18 14:00:00+00:00
2024-11-10 20:48:39,993 - Short Sell 158.00 shares at 126.39 on 2024-10-18 14:15:00+00:00
2024-11-10 20:48:39,993 - Short Sell 158.00 shares at 126.35 on 2024-10-18 14:30:00+00:00
2024-11-10 20:48:39,993 - Short Sell 159.00 shares at 125.99 on 2024-10-18 14:45:00+00:00
2024-11-10 20:48:39,993 - Short Sell 159.00 shares at 125.78 on 2024-10-18 15:00:00+00:00
2024-11-10 20:48:39,993 - Short Sell 160.00 shares at 125.51 on 2024-10-18 15:15:00+00:00
2024-11-10 20:48:39,994 - Short Sell 159.00 shares at 125.62 on 2024-10-18 15:30:00+00:00
2024-11-10 20:48:39,994 - Buy to cover -1907.00 shares at 125.42 on 2024-10-18 15:45:00+00:00 (Exit: Signal, Profit: 1048.320000000005, Duration: 1230.0 minutes)
2024-11-10 20:48:39,994 - Short Sell 159.00 shares at 125.78 on 2024-10-18 16:00:00+00:00
2024-11-10 20:48:39,994 - Short Sell 159.00 shares at 126.06 on 2024-10-18 16:15:00+00:00
2024-11-10 20:48:39,994 - Short Sell 159.00 shares at 126.31 on 2024-10-18 16:30:00+00:00
2024-11-10 20:48:39,994 - Short Sell 159.00 shares at 126.35 on 2024-10-18 16:45:00+00:00
2024-11-10 20:48:39,994 - Short Sell 158.00 shares at 126.44 on 2024-10-18 17:00:00+00:00
2024-11-10 20:48:39,994 - Short Sell 159.00 shares at 126.39 on 2024-10-18 17:15:00+00:00
2024-11-10 20:48:39,994 - Short Sell 159.00 shares at 126.4 on 2024-10-18 17:30:00+00:00
2024-11-10 20:48:39,994 - Short Sell 159.00 shares at 126.28 on 2024-10-18 17:45:00+00:00
2024-11-10 20:48:39,994 - Short Sell 159.00 shares at 126.34 on 2024-10-18 18:00:00+00:00
2024-11-10 20:48:39,994 - Short Sell 159.00 shares at 126.18 on 2024-10-18 18:15:00+00:00
2024-11-10 20:48:39,994 - Short Sell 159.00 shares at 126.32 on 2024-10-18 18:30:00+00:00
2024-11-10 20:48:39,994 - Short Sell 159.00 shares at 126.21 on 2024-10-18 18:45:00+00:00
2024-11-10 20:48:39,994 - Short Sell 159.00 shares at 126.1 on 2024-10-18 19:00:00+00:00
2024-11-10 20:48:39,994 - Short Sell 159.00 shares at 126.17 on 2024-10-18 19:15:00+00:00
2024-11-10 20:48:39,994 - Buy to cover -2225.00 shares at 125.91 on 2024-10-18 19:30:00+00:00 (Exit: Signal, Profit: 729.2799999999861, Duration: 210.0 minutes)
2024-11-10 20:48:39,994 - Short Sell 159.00 shares at 126.33 on 2024-10-18 19:45:00+00:00
2024-11-10 20:48:39,994 - Buy to cover -159.00 shares at 125.52 on 2024-10-21 13:30:00+00:00 (Exit: Signal, Profit: 128.79000000000264, Duration: 3945.0 minutes)
2024-11-10 20:48:39,994 - Long Buy 159.00 shares at 125.87 on 2024-10-21 13:45:00+00:00
2024-11-10 20:48:39,994 - Long Buy 156.00 shares at 125.91 on 2024-10-21 14:00:00+00:00
2024-11-10 20:48:39,994 - Long Buy 154.00 shares at 125.34 on 2024-10-21 14:15:00+00:00
2024-11-10 20:48:39,994 - Long Buy 151.00 shares at 124.8 on 2024-10-21 14:30:00+00:00
2024-11-10 20:48:39,994 - Long Buy 148.00 shares at 124.73 on 2024-10-21 14:45:00+00:00
2024-11-10 20:48:39,994 - Long Buy 145.00 shares at 124.7 on 2024-10-21 15:00:00+00:00
2024-11-10 20:48:39,994 - Long Buy 143.00 shares at 124.7 on 2024-10-21 15:15:00+00:00
2024-11-10 20:48:39,994 - Long Buy 139.00 shares at 125.04 on 2024-10-21 15:30:00+00:00
2024-11-10 20:48:39,994 - Long Buy 136.00 shares at 125.22 on 2024-10-21 15:45:00+00:00
2024-11-10 20:48:39,994 - Long Buy 134.00 shares at 124.93 on 2024-10-21 16:00:00+00:00
2024-11-10 20:48:39,994 - Long Buy 131.00 shares at 125.07 on 2024-10-21 16:15:00+00:00
2024-11-10 20:48:39,994 - Long Buy 129.00 shares at 124.66 on 2024-10-21 16:30:00+00:00
2024-11-10 20:48:39,994 - Sell to close 1725.00 shares at 124.87 on 2024-10-21 16:45:00+00:00 (Exit: Signal, Profit: -391.7499999999826, Duration: 180.0 minutes)
2024-11-10 20:48:39,995 - Short Sell 160.00 shares at 124.98 on 2024-10-21 17:00:00+00:00
2024-11-10 20:48:39,995 - Short Sell 160.00 shares at 124.96 on 2024-10-21 17:15:00+00:00
2024-11-10 20:48:39,995 - Short Sell 161.00 shares at 124.94 on 2024-10-21 17:30:00+00:00
2024-11-10 20:48:39,995 - Short Sell 161.00 shares at 124.92 on 2024-10-21 17:45:00+00:00
2024-11-10 20:48:39,995 - Buy to cover -642.00 shares at 124.55 on 2024-10-21 18:15:00+00:00 (Exit: Signal, Profit: 256.7599999999911, Duration: 75.0 minutes)
2024-11-10 20:48:39,995 - Long Buy 161.00 shares at 124.53 on 2024-10-21 18:30:00+00:00
2024-11-10 20:48:39,995 - Long Buy 158.00 shares at 124.5 on 2024-10-21 18:45:00+00:00
2024-11-10 20:48:39,995 - Long Buy 155.00 shares at 124.38 on 2024-10-21 19:15:00+00:00
2024-11-10 20:48:39,995 - Long Buy 152.00 shares at 124.23 on 2024-10-21 19:30:00+00:00
2024-11-10 20:48:39,995 - Long Buy 149.00 shares at 124.39 on 2024-10-21 19:45:00+00:00
2024-11-10 20:48:39,995 - Long Buy 147.00 shares at 123.34 on 2024-10-22 13:30:00+00:00
2024-11-10 20:48:39,995 - Long Buy 144.00 shares at 123.21 on 2024-10-22 13:45:00+00:00
2024-11-10 20:48:39,995 - Sell to close 1066.00 shares at 123.64 on 2024-10-22 14:00:00+00:00 (Exit: Signal, Profit: -489.27999999998735, Duration: 1170.0 minutes)
2024-11-10 20:48:39,995 - Short Sell 162.00 shares at 123.64 on 2024-10-22 14:15:00+00:00
2024-11-10 20:48:39,995 - Short Sell 162.00 shares at 123.6 on 2024-10-22 14:30:00+00:00
2024-11-10 20:48:39,995 - Short Sell 162.00 shares at 123.62 on 2024-10-22 14:45:00+00:00
2024-11-10 20:48:39,995 - Short Sell 162.00 shares at 123.64 on 2024-10-22 15:00:00+00:00
2024-11-10 20:48:39,995 - Short Sell 162.00 shares at 124.09 on 2024-10-22 15:15:00+00:00
2024-11-10 20:48:39,995 - Short Sell 162.00 shares at 123.81 on 2024-10-22 15:30:00+00:00
2024-11-10 20:48:39,995 - Short Sell 162.00 shares at 123.93 on 2024-10-22 15:45:00+00:00
2024-11-10 20:48:39,995 - Short Sell 163.00 shares at 123.4 on 2024-10-22 16:00:00+00:00
2024-11-10 20:48:39,995 - Short Sell 162.00 shares at 123.5 on 2024-10-22 16:15:00+00:00
2024-11-10 20:48:39,995 - Short Sell 162.00 shares at 123.97 on 2024-10-22 16:30:00+00:00
2024-11-10 20:48:39,995 - Short Sell 162.00 shares at 123.98 on 2024-10-22 16:45:00+00:00
2024-11-10 20:48:39,995 - Short Sell 161.00 shares at 124.14 on 2024-10-22 17:00:00+00:00
2024-11-10 20:48:39,995 - Short Sell 161.00 shares at 124.52 on 2024-10-22 17:15:00+00:00
2024-11-10 20:48:39,995 - Short Sell 160.00 shares at 124.77 on 2024-10-22 17:30:00+00:00
2024-11-10 20:48:39,995 - Buy to cover -2265.00 shares at 124.68 on 2024-10-22 17:45:00+00:00 (Exit: Signal, Profit: -1768.1800000000117, Duration: 210.0 minutes)
2024-11-10 20:48:39,995 - Long Buy 161.00 shares at 124.6 on 2024-10-22 18:00:00+00:00
2024-11-10 20:48:39,995 - Long Buy 158.00 shares at 124.4 on 2024-10-22 18:15:00+00:00
2024-11-10 20:48:39,995 - Long Buy 154.00 shares at 124.47 on 2024-10-22 18:30:00+00:00
2024-11-10 20:48:39,995 - Long Buy 151.00 shares at 124.67 on 2024-10-22 18:45:00+00:00
2024-11-10 20:48:39,995 - Long Buy 149.00 shares at 124.28 on 2024-10-22 19:00:00+00:00
2024-11-10 20:48:39,995 - Long Buy 145.00 shares at 124.33 on 2024-10-22 19:15:00+00:00
2024-11-10 20:48:39,996 - Long Buy 143.00 shares at 124.38 on 2024-10-22 19:30:00+00:00
2024-11-10 20:48:39,996 - Long Buy 140.00 shares at 124.01 on 2024-10-22 19:45:00+00:00
2024-11-10 20:48:39,996 - Long Buy 137.00 shares at 124.23 on 2024-10-23 13:30:00+00:00
2024-11-10 20:48:39,996 - Long Buy 135.00 shares at 124.02 on 2024-10-23 13:45:00+00:00
2024-11-10 20:48:39,996 - Long Buy 132.00 shares at 123.44 on 2024-10-23 14:00:00+00:00
2024-11-10 20:48:39,996 - Long Buy 129.00 shares at 123.91 on 2024-10-23 14:15:00+00:00
2024-11-10 20:48:39,996 - Long Buy 127.00 shares at 123.7 on 2024-10-23 14:30:00+00:00
2024-11-10 20:48:39,996 - Long Buy 125.00 shares at 123.59 on 2024-10-23 14:45:00+00:00
2024-11-10 20:48:39,996 - Long Buy 122.00 shares at 123.36 on 2024-10-23 15:00:00+00:00
2024-11-10 20:48:39,996 - Long Buy 120.00 shares at 123.28 on 2024-10-23 15:15:00+00:00
2024-11-10 20:48:39,996 - Sell to close 2228.00 shares at 123.79 on 2024-10-23 15:30:00+00:00 (Exit: Signal, Profit: -641.3899999999896, Duration: 1290.0 minutes)
2024-11-10 20:48:39,996 - Short Sell 162.00 shares at 123.7 on 2024-10-23 15:45:00+00:00
2024-11-10 20:48:39,996 - Buy to cover -162.00 shares at 123.21 on 2024-10-23 16:00:00+00:00 (Exit: Signal, Profit: 79.38000000000147, Duration: 15.0 minutes)
2024-11-10 20:48:39,996 - Long Buy 163.00 shares at 123.07 on 2024-10-23 16:15:00+00:00
2024-11-10 20:48:39,996 - Long Buy 159.00 shares at 123.13 on 2024-10-23 16:30:00+00:00
2024-11-10 20:48:39,996 - Long Buy 157.00 shares at 122.62 on 2024-10-23 16:45:00+00:00
2024-11-10 20:48:39,996 - Long Buy 154.00 shares at 122.04 on 2024-10-23 17:00:00+00:00
2024-11-10 20:48:39,996 - Long Buy 151.00 shares at 122.06 on 2024-10-23 17:15:00+00:00
2024-11-10 20:48:39,996 - Long Buy 148.00 shares at 121.96 on 2024-10-23 17:30:00+00:00
2024-11-10 20:48:39,996 - Long Buy 146.00 shares at 121.55 on 2024-10-23 17:45:00+00:00
2024-11-10 20:48:39,996 - Long Buy 143.00 shares at 121.2 on 2024-10-23 18:00:00+00:00
2024-11-10 20:48:39,996 - Long Buy 140.00 shares at 121.91 on 2024-10-23 18:15:00+00:00
2024-11-10 20:48:39,996 - Long Buy 137.00 shares at 122.04 on 2024-10-23 18:30:00+00:00
2024-11-10 20:48:39,996 - Sell to close 1498.00 shares at 122.6 on 2024-10-23 18:45:00+00:00 (Exit: Signal, Profit: 625.2999999999811, Duration: 150.0 minutes)
2024-11-10 20:48:39,996 - Short Sell 163.00 shares at 122.61 on 2024-10-23 19:00:00+00:00
2024-11-10 20:48:39,996 - Short Sell 163.00 shares at 122.77 on 2024-10-23 19:15:00+00:00
2024-11-10 20:48:39,996 - Short Sell 163.00 shares at 123.03 on 2024-10-23 19:30:00+00:00
2024-11-10 20:48:39,996 - Short Sell 163.00 shares at 122.95 on 2024-10-23 19:45:00+00:00
2024-11-10 20:48:39,996 - Short Sell 160.00 shares at 124.74 on 2024-10-24 13:30:00+00:00
2024-11-10 20:48:39,996 - Short Sell 160.00 shares at 124.57 on 2024-10-24 13:45:00+00:00
2024-11-10 20:48:39,996 - Short Sell 161.00 shares at 124.54 on 2024-10-24 14:00:00+00:00
2024-11-10 20:48:39,996 - Short Sell 161.00 shares at 124.4 on 2024-10-24 14:15:00+00:00
2024-11-10 20:48:39,996 - Buy to cover -1294.00 shares at 125.11 on 2024-10-24 14:30:00+00:00 (Exit: Stop_loss, Profit: -1831.7200000000046, Duration: 1170.0 minutes)
2024-11-10 20:48:39,997 - Short Sell 160.00 shares at 124.82 on 2024-10-24 14:45:00+00:00
2024-11-10 20:48:39,997 - Short Sell 160.00 shares at 125.19 on 2024-10-24 15:00:00+00:00
2024-11-10 20:48:39,997 - Short Sell 160.00 shares at 124.74 on 2024-10-24 15:15:00+00:00
2024-11-10 20:48:39,997 - Short Sell 160.00 shares at 124.58 on 2024-10-24 15:30:00+00:00
2024-11-10 20:48:39,997 - Short Sell 160.00 shares at 124.65 on 2024-10-24 15:45:00+00:00
2024-11-10 20:48:39,997 - Buy to cover -800.00 shares at 124.32 on 2024-10-24 16:00:00+00:00 (Exit: Signal, Profit: 380.80000000001064, Duration: 75.0 minutes)
2024-11-10 20:48:39,997 - Short Sell 160.00 shares at 124.73 on 2024-10-24 16:15:00+00:00
2024-11-10 20:48:39,997 - Short Sell 159.00 shares at 125.3 on 2024-10-24 16:30:00+00:00
2024-11-10 20:48:39,997 - Short Sell 160.00 shares at 125.0 on 2024-10-24 16:45:00+00:00
2024-11-10 20:48:39,997 - Short Sell 160.00 shares at 124.9 on 2024-10-24 17:00:00+00:00
2024-11-10 20:48:39,997 - Short Sell 160.00 shares at 124.97 on 2024-10-24 17:15:00+00:00
2024-11-10 20:48:39,997 - Short Sell 160.00 shares at 124.91 on 2024-10-24 17:30:00+00:00
2024-11-10 20:48:39,997 - Buy to cover -959.00 shares at 124.39 on 2024-10-24 17:45:00+00:00 (Exit: Signal, Profit: 554.2899999999938, Duration: 90.0 minutes)
2024-11-10 20:48:39,997 - Long Buy 161.00 shares at 124.48 on 2024-10-24 18:15:00+00:00
2024-11-10 20:48:39,997 - Sell to close 161.00 shares at 124.81 on 2024-10-24 18:45:00+00:00 (Exit: Signal, Profit: 53.13000000000201, Duration: 30.0 minutes)
2024-11-10 20:48:39,997 - Short Sell 160.00 shares at 125.12 on 2024-10-24 19:00:00+00:00
2024-11-10 20:48:39,997 - Short Sell 160.00 shares at 124.82 on 2024-10-24 19:30:00+00:00
2024-11-10 20:48:39,997 - Short Sell 160.00 shares at 125.06 on 2024-10-24 19:45:00+00:00
2024-11-10 20:48:39,997 - Short Sell 159.00 shares at 125.99 on 2024-10-25 13:30:00+00:00
2024-11-10 20:48:39,997 - Short Sell 159.00 shares at 125.95 on 2024-10-25 13:45:00+00:00
2024-11-10 20:48:39,997 - Short Sell 159.00 shares at 125.66 on 2024-10-25 14:00:00+00:00
2024-11-10 20:48:39,997 - Short Sell 158.00 shares at 126.57 on 2024-10-25 14:15:00+00:00
2024-11-10 20:48:39,997 - Short Sell 159.00 shares at 126.09 on 2024-10-25 14:30:00+00:00
2024-11-10 20:48:39,997 - Short Sell 159.00 shares at 126.04 on 2024-10-25 14:45:00+00:00
2024-11-10 20:48:39,997 - Short Sell 159.00 shares at 125.58 on 2024-10-25 15:00:00+00:00
2024-11-10 20:48:39,997 - Short Sell 160.00 shares at 125.2 on 2024-10-25 15:15:00+00:00
2024-11-10 20:48:39,997 - Short Sell 160.00 shares at 125.38 on 2024-10-25 15:30:00+00:00
2024-11-10 20:48:39,997 - Short Sell 159.00 shares at 125.44 on 2024-10-25 15:45:00+00:00
2024-11-10 20:48:39,997 - Short Sell 160.00 shares at 125.41 on 2024-10-25 16:00:00+00:00
2024-11-10 20:48:39,997 - Short Sell 159.00 shares at 125.57 on 2024-10-25 16:15:00+00:00
2024-11-10 20:48:39,997 - Short Sell 159.00 shares at 125.48 on 2024-10-25 16:30:00+00:00
2024-11-10 20:48:39,997 - Short Sell 160.00 shares at 125.42 on 2024-10-25 16:45:00+00:00
2024-11-10 20:48:39,998 - Buy to cover -2709.00 shares at 125.34 on 2024-10-25 17:00:00+00:00 (Exit: Signal, Profit: 633.7999999999868, Duration: 1320.0 minutes)
2024-11-10 20:48:39,998 - Long Buy 160.00 shares at 125.21 on 2024-10-25 17:15:00+00:00
2024-11-10 20:48:39,998 - Long Buy 157.00 shares at 124.68 on 2024-10-25 17:30:00+00:00
2024-11-10 20:48:39,998 - Long Buy 154.00 shares at 124.62 on 2024-10-25 17:45:00+00:00
2024-11-10 20:48:39,998 - Long Buy 151.00 shares at 124.62 on 2024-10-25 18:00:00+00:00
2024-11-10 20:48:39,998 - Long Buy 148.00 shares at 124.9 on 2024-10-25 18:15:00+00:00
2024-11-10 20:48:39,998 - Long Buy 145.00 shares at 124.92 on 2024-10-25 18:30:00+00:00
2024-11-10 20:48:39,998 - Long Buy 142.00 shares at 125.06 on 2024-10-25 18:45:00+00:00
2024-11-10 20:48:39,998 - Long Buy 139.00 shares at 124.73 on 2024-10-25 19:00:00+00:00
2024-11-10 20:48:39,998 - Long Buy 136.00 shares at 124.79 on 2024-10-25 19:15:00+00:00
2024-11-10 20:48:39,998 - Long Buy 134.00 shares at 124.5 on 2024-10-25 19:30:00+00:00
2024-11-10 20:48:39,998 - Long Buy 131.00 shares at 124.72 on 2024-10-25 19:45:00+00:00
2024-11-10 20:48:39,998 - Sell to close 1597.00 shares at 125.64 on 2024-10-28 13:30:00+00:00 (Exit: Signal, Profit: 1342.2700000000054, Duration: 4095.0 minutes)
2024-11-10 20:48:39,998 - Long Buy 160.00 shares at 125.22 on 2024-10-28 14:00:00+00:00
2024-11-10 20:48:39,998 - Sell to close 160.00 shares at 125.54 on 2024-10-28 14:15:00+00:00 (Exit: Signal, Profit: 51.20000000000118, Duration: 15.0 minutes)
2024-11-10 20:48:39,998 - Short Sell 159.00 shares at 125.71 on 2024-10-28 14:30:00+00:00
2024-11-10 20:48:39,998 - Short Sell 160.00 shares at 125.49 on 2024-10-28 14:45:00+00:00
2024-11-10 20:48:39,998 - Short Sell 160.00 shares at 125.35 on 2024-10-28 15:00:00+00:00
2024-11-10 20:48:39,998 - Buy to cover -479.00 shares at 125.11 on 2024-10-28 15:15:00+00:00 (Exit: Signal, Profit: 194.5999999999912, Duration: 45.0 minutes)
2024-11-10 20:48:39,998 - Long Buy 160.00 shares at 125.02 on 2024-10-28 15:30:00+00:00
2024-11-10 20:48:39,998 - Long Buy 157.00 shares at 124.92 on 2024-10-28 15:45:00+00:00
2024-11-10 20:48:39,998 - Sell to close 317.00 shares at 125.48 on 2024-10-28 16:00:00+00:00 (Exit: Signal, Profit: 161.52000000000083, Duration: 30.0 minutes)
2024-11-10 20:48:39,998 - Long Buy 160.00 shares at 124.93 on 2024-10-28 16:45:00+00:00
2024-11-10 20:48:39,998 - Long Buy 157.00 shares at 124.82 on 2024-10-28 17:00:00+00:00
2024-11-10 20:48:39,999 - Sell to close 317.00 shares at 125.18 on 2024-10-28 18:00:00+00:00 (Exit: Signal, Profit: 96.52000000000038, Duration: 75.0 minutes)
2024-11-10 20:48:39,999 - Long Buy 160.00 shares at 124.96 on 2024-10-28 18:15:00+00:00
2024-11-10 20:48:39,999 - Long Buy 157.00 shares at 124.83 on 2024-10-28 18:30:00+00:00
2024-11-10 20:48:39,999 - Long Buy 154.00 shares at 125.04 on 2024-10-28 18:45:00+00:00
2024-11-10 20:48:39,999 - Long Buy 151.00 shares at 125.04 on 2024-10-28 19:00:00+00:00
2024-11-10 20:48:39,999 - Long Buy 148.00 shares at 124.95 on 2024-10-28 19:15:00+00:00
2024-11-10 20:48:39,999 - Long Buy 145.00 shares at 124.72 on 2024-10-28 19:30:00+00:00
2024-11-10 20:48:39,999 - Long Buy 142.00 shares at 124.8 on 2024-10-28 19:45:00+00:00
2024-11-10 20:48:39,999 - Long Buy 141.00 shares at 123.46 on 2024-10-29 13:30:00+00:00
2024-11-10 20:48:39,999 - Long Buy 137.00 shares at 124.13 on 2024-10-29 13:45:00+00:00
2024-11-10 20:48:39,999 - Long Buy 134.00 shares at 124.8 on 2024-10-29 14:00:00+00:00
2024-11-10 20:48:39,999 - Long Buy 131.00 shares at 124.98 on 2024-10-29 14:15:00+00:00
2024-11-10 20:48:39,999 - Sell to close 1600.00 shares at 125.28 on 2024-10-29 14:45:00+00:00 (Exit: Signal, Profit: 911.03999999998, Duration: 1230.0 minutes)
2024-11-10 20:48:39,999 - Short Sell 160.00 shares at 125.29 on 2024-10-29 15:15:00+00:00
2024-11-10 20:48:39,999 - Short Sell 160.00 shares at 125.47 on 2024-10-29 15:30:00+00:00
2024-11-10 20:48:39,999 - Short Sell 160.00 shares at 125.32 on 2024-10-29 15:45:00+00:00
2024-11-10 20:48:39,999 - Buy to cover -480.00 shares at 125.02 on 2024-10-29 16:15:00+00:00 (Exit: Signal, Profit: 163.20000000000164, Duration: 60.0 minutes)
2024-11-10 20:48:39,999 - Long Buy 161.00 shares at 124.78 on 2024-10-29 16:30:00+00:00
2024-11-10 20:48:39,999 - Long Buy 157.00 shares at 124.94 on 2024-10-29 16:45:00+00:00
2024-11-10 20:48:39,999 - Long Buy 154.00 shares at 124.92 on 2024-10-29 17:00:00+00:00
2024-11-10 20:48:39,999 - Long Buy 152.00 shares at 124.65 on 2024-10-29 17:15:00+00:00
2024-11-10 20:48:39,999 - Long Buy 148.00 shares at 125.01 on 2024-10-29 17:30:00+00:00
2024-11-10 20:48:39,999 - Long Buy 145.00 shares at 124.95 on 2024-10-29 17:45:00+00:00
2024-11-10 20:48:39,999 - Sell to close 917.00 shares at 125.08 on 2024-10-29 19:00:00+00:00 (Exit: Signal, Profit: 189.49000000000962, Duration: 150.0 minutes)
2024-11-10 20:48:39,999 - Short Sell 160.00 shares at 125.21 on 2024-10-29 19:15:00+00:00
2024-11-10 20:48:39,999 - Short Sell 160.00 shares at 125.12 on 2024-10-29 19:30:00+00:00
2024-11-10 20:48:39,999 - Buy to cover -320.00 shares at 124.95 on 2024-10-29 19:45:00+00:00 (Exit: Signal, Profit: 68.80000000000109, Duration: 30.0 minutes)
2024-11-10 20:48:39,999 - Long Buy 163.00 shares at 123.05 on 2024-10-30 13:30:00+00:00
2024-11-10 20:48:39,999 - Long Buy 158.00 shares at 124.63 on 2024-10-30 13:45:00+00:00
2024-11-10 20:48:40,000 - Sell to close 321.00 shares at 125.27 on 2024-10-30 14:00:00+00:00 (Exit: Signal, Profit: 462.97999999999786, Duration: 30.0 minutes)
2024-11-10 20:48:40,000 - Short Sell 160.00 shares at 125.16 on 2024-10-30 14:15:00+00:00
2024-11-10 20:48:40,000 - Buy to cover -160.00 shares at 124.6 on 2024-10-30 15:15:00+00:00 (Exit: Signal, Profit: 89.60000000000036, Duration: 60.0 minutes)
2024-11-10 20:48:40,000 - Long Buy 161.00 shares at 124.62 on 2024-10-30 15:30:00+00:00
2024-11-10 20:48:40,000 - Long Buy 158.00 shares at 124.32 on 2024-10-30 15:45:00+00:00
2024-11-10 20:48:40,000 - Long Buy 155.00 shares at 124.73 on 2024-10-30 16:00:00+00:00
2024-11-10 20:48:40,000 - Long Buy 152.00 shares at 124.7 on 2024-10-30 16:15:00+00:00
2024-11-10 20:48:40,000 - Sell to close 626.00 shares at 124.92 on 2024-10-30 16:30:00+00:00 (Exit: Signal, Profit: 205.99000000000584, Duration: 60.0 minutes)
2024-11-10 20:48:40,000 - Short Sell 161.00 shares at 124.93 on 2024-10-30 17:00:00+00:00
2024-11-10 20:48:40,000 - Buy to cover -161.00 shares at 124.55 on 2024-10-30 17:15:00+00:00 (Exit: Signal, Profit: 61.17999999999927, Duration: 15.0 minutes)
2024-11-10 20:48:40,000 - Long Buy 162.00 shares at 124.39 on 2024-10-30 17:30:00+00:00
2024-11-10 20:48:40,000 - Long Buy 158.00 shares at 124.37 on 2024-10-30 17:45:00+00:00
2024-11-10 20:48:40,000 - Long Buy 155.00 shares at 124.6 on 2024-10-30 18:00:00+00:00
2024-11-10 20:48:40,000 - Long Buy 152.00 shares at 124.57 on 2024-10-30 18:30:00+00:00
2024-11-10 20:48:40,000 - Long Buy 149.00 shares at 124.32 on 2024-10-30 18:45:00+00:00
2024-11-10 20:48:40,000 - Long Buy 146.00 shares at 124.26 on 2024-10-30 19:00:00+00:00
2024-11-10 20:48:40,000 - Long Buy 143.00 shares at 124.16 on 2024-10-30 19:15:00+00:00
2024-11-10 20:48:40,000 - Long Buy 140.00 shares at 124.28 on 2024-10-30 19:30:00+00:00
2024-11-10 20:48:40,000 - Long Buy 138.00 shares at 124.03 on 2024-10-30 19:45:00+00:00
2024-11-10 20:48:40,000 - Long Buy 136.00 shares at 123.36 on 2024-10-31 13:30:00+00:00
2024-11-10 20:48:40,000 - Long Buy 134.00 shares at 122.79 on 2024-10-31 13:45:00+00:00
2024-11-10 20:48:40,000 - Long Buy 132.00 shares at 122.33 on 2024-10-31 14:00:00+00:00
2024-11-10 20:48:40,000 - Long Buy 129.00 shares at 122.28 on 2024-10-31 14:15:00+00:00
2024-11-10 20:48:40,000 - Long Buy 126.00 shares at 122.54 on 2024-10-31 14:30:00+00:00
2024-11-10 20:48:40,000 - Sell to close 2000.00 shares at 121.66 on 2024-10-31 14:45:00+00:00 (Exit: Stop_loss, Profit: -4257.680000000022, Duration: 1275.0 minutes)
2024-11-10 20:48:40,000 - Long Buy 164.00 shares at 121.8 on 2024-10-31 15:00:00+00:00
2024-11-10 20:48:40,000 - Long Buy 162.00 shares at 121.32 on 2024-10-31 15:15:00+00:00
2024-11-10 20:48:40,000 - Long Buy 158.00 shares at 121.43 on 2024-10-31 15:30:00+00:00
2024-11-10 20:48:40,001 - Long Buy 155.00 shares at 121.34 on 2024-10-31 15:45:00+00:00
2024-11-10 20:48:40,001 - Long Buy 151.00 shares at 121.87 on 2024-10-31 16:00:00+00:00
2024-11-10 20:48:40,001 - Long Buy 148.00 shares at 121.81 on 2024-10-31 16:15:00+00:00
2024-11-10 20:48:40,001 - Long Buy 145.00 shares at 121.83 on 2024-10-31 16:30:00+00:00
2024-11-10 20:48:40,001 - Long Buy 142.00 shares at 122.1 on 2024-10-31 16:45:00+00:00
2024-11-10 20:48:40,001 - Long Buy 139.00 shares at 122.3 on 2024-10-31 17:00:00+00:00
2024-11-10 20:48:40,001 - Sell to close 1364.00 shares at 122.48 on 2024-10-31 17:15:00+00:00 (Exit: Signal, Profit: 1006.5399999999762, Duration: 135.0 minutes)
2024-11-10 20:48:40,001 - Long Buy 164.00 shares at 121.88 on 2024-10-31 17:30:00+00:00
2024-11-10 20:48:40,001 - Sell to close 164.00 shares at 122.45 on 2024-10-31 17:45:00+00:00 (Exit: Signal, Profit: 93.48000000000121, Duration: 15.0 minutes)
2024-11-10 20:48:40,001 - Short Sell 163.00 shares at 123.04 on 2024-10-31 18:00:00+00:00
2024-11-10 20:48:40,001 - Short Sell 163.00 shares at 122.69 on 2024-10-31 18:15:00+00:00
2024-11-10 20:48:40,001 - Short Sell 163.00 shares at 122.79 on 2024-10-31 18:30:00+00:00
2024-11-10 20:48:40,001 - Short Sell 162.00 shares at 123.25 on 2024-10-31 18:45:00+00:00
2024-11-10 20:48:40,001 - Short Sell 163.00 shares at 122.75 on 2024-10-31 19:00:00+00:00
2024-11-10 20:48:40,001 - Short Sell 163.00 shares at 123.03 on 2024-10-31 19:15:00+00:00
2024-11-10 20:48:40,001 - Short Sell 163.00 shares at 123.13 on 2024-10-31 19:30:00+00:00
2024-11-10 20:48:40,001 - Short Sell 163.00 shares at 123.1 on 2024-10-31 19:45:00+00:00
2024-11-10 20:48:40,001 - Buy to cover -1303.00 shares at 126.55 on 2024-11-01 13:30:00+00:00 (Exit: Stop_loss, Profit: -4661.760000000019, Duration: 1170.0 minutes)
2024-11-10 20:48:40,001 - Short Sell 157.00 shares at 126.8 on 2024-11-01 13:45:00+00:00
2024-11-10 20:48:40,001 - Short Sell 157.00 shares at 127.34 on 2024-11-01 14:00:00+00:00
2024-11-10 20:48:40,001 - Short Sell 157.00 shares at 127.21 on 2024-11-01 14:15:00+00:00
2024-11-10 20:48:40,001 - Buy to cover -471.00 shares at 126.77 on 2024-11-01 14:30:00+00:00 (Exit: Signal, Profit: 163.27999999999875, Duration: 45.0 minutes)
2024-11-10 20:48:40,001 - Long Buy 157.00 shares at 127.1 on 2024-11-01 14:45:00+00:00
2024-11-10 20:48:40,001 - Sell to close 157.00 shares at 127.39 on 2024-11-01 15:00:00+00:00 (Exit: Signal, Profit: 45.52999999999875, Duration: 15.0 minutes)
2024-11-10 20:48:40,001 - Short Sell 156.00 shares at 127.5 on 2024-11-01 15:15:00+00:00
2024-11-10 20:48:40,001 - Short Sell 156.00 shares at 127.49 on 2024-11-01 16:00:00+00:00
2024-11-10 20:48:40,001 - Short Sell 157.00 shares at 127.37 on 2024-11-01 16:15:00+00:00
2024-11-10 20:48:40,001 - Short Sell 157.00 shares at 127.37 on 2024-11-01 16:30:00+00:00
2024-11-10 20:48:40,002 - Short Sell 157.00 shares at 127.33 on 2024-11-01 16:45:00+00:00
2024-11-10 20:48:40,002 - Short Sell 156.00 shares at 127.83 on 2024-11-01 17:00:00+00:00
2024-11-10 20:48:40,002 - Short Sell 156.00 shares at 127.89 on 2024-11-01 17:15:00+00:00
2024-11-10 20:48:40,002 - Buy to cover -1095.00 shares at 126.98 on 2024-11-01 17:45:00+00:00 (Exit: Signal, Profit: 612.6499999999887, Duration: 150.0 minutes)
2024-11-10 20:48:40,002 - Long Buy 157.00 shares at 127.14 on 2024-11-01 18:15:00+00:00
2024-11-10 20:48:40,002 - Sell to close 157.00 shares at 127.67 on 2024-11-01 18:30:00+00:00 (Exit: Signal, Profit: 83.21000000000018, Duration: 15.0 minutes)
2024-11-10 20:48:40,002 - Short Sell 156.00 shares at 127.88 on 2024-11-01 18:45:00+00:00
2024-11-10 20:48:40,002 - Short Sell 156.00 shares at 127.9 on 2024-11-01 19:00:00+00:00
2024-11-10 20:48:40,002 - Short Sell 156.00 shares at 127.98 on 2024-11-01 19:15:00+00:00
2024-11-10 20:48:40,002 - Short Sell 156.00 shares at 128.23 on 2024-11-01 19:30:00+00:00
2024-11-10 20:48:40,002 - Short Sell 156.00 shares at 127.64 on 2024-11-01 19:45:00+00:00
2024-11-10 20:48:40,002 - Short Sell 154.00 shares at 129.56 on 2024-11-04 14:30:00+00:00
2024-11-10 20:48:40,002 - Short Sell 154.00 shares at 129.22 on 2024-11-04 14:45:00+00:00
2024-11-10 20:48:40,002 - Short Sell 154.00 shares at 129.45 on 2024-11-04 15:00:00+00:00
2024-11-10 20:48:40,002 - Short Sell 154.00 shares at 129.7 on 2024-11-04 15:15:00+00:00
2024-11-10 20:48:40,002 - Short Sell 154.00 shares at 129.73 on 2024-11-04 15:30:00+00:00
2024-11-10 20:48:40,002 - Short Sell 154.00 shares at 129.41 on 2024-11-04 15:45:00+00:00
2024-11-10 20:48:40,002 - Short Sell 153.00 shares at 129.9 on 2024-11-04 16:00:00+00:00
2024-11-10 20:48:40,002 - Short Sell 154.00 shares at 129.26 on 2024-11-04 16:15:00+00:00
2024-11-10 20:48:40,002 - Buy to cover -2011.00 shares at 128.78 on 2024-11-04 16:30:00+00:00 (Exit: Signal, Profit: 255.21999999993244, Duration: 4185.0 minutes)
2024-11-10 20:48:40,002 - Long Buy 155.00 shares at 128.78 on 2024-11-04 16:45:00+00:00
2024-11-10 20:48:40,002 - Long Buy 152.00 shares at 128.3 on 2024-11-04 17:00:00+00:00
2024-11-10 20:48:40,002 - Long Buy 149.00 shares at 128.51 on 2024-11-04 17:15:00+00:00
2024-11-10 20:48:40,002 - Long Buy 146.00 shares at 128.38 on 2024-11-04 17:30:00+00:00
2024-11-10 20:48:40,002 - Long Buy 144.00 shares at 128.19 on 2024-11-04 17:45:00+00:00
2024-11-10 20:48:40,002 - Long Buy 141.00 shares at 128.15 on 2024-11-04 18:00:00+00:00
2024-11-10 20:48:40,002 - Long Buy 138.00 shares at 128.11 on 2024-11-04 18:15:00+00:00
2024-11-10 20:48:40,002 - Long Buy 135.00 shares at 128.44 on 2024-11-04 18:30:00+00:00
2024-11-10 20:48:40,002 - Long Buy 132.00 shares at 128.17 on 2024-11-04 18:45:00+00:00
2024-11-10 20:48:40,002 - Long Buy 130.00 shares at 128.39 on 2024-11-04 19:00:00+00:00
2024-11-10 20:48:40,002 - Long Buy 127.00 shares at 128.04 on 2024-11-04 19:15:00+00:00
2024-11-10 20:48:40,002 - Long Buy 125.00 shares at 128.1 on 2024-11-04 19:30:00+00:00
2024-11-10 20:48:40,002 - Long Buy 122.00 shares at 128.21 on 2024-11-04 19:45:00+00:00
2024-11-10 20:48:40,002 - Long Buy 120.00 shares at 127.79 on 2024-11-04 20:00:00+00:00
2024-11-10 20:48:40,003 - Long Buy 118.00 shares at 127.78 on 2024-11-04 20:15:00+00:00
2024-11-10 20:48:40,003 - Long Buy 116.00 shares at 127.55 on 2024-11-04 20:30:00+00:00
2024-11-10 20:48:40,003 - Long Buy 113.00 shares at 127.29 on 2024-11-04 20:45:00+00:00
2024-11-10 20:48:40,003 - Long Buy 111.00 shares at 127.36 on 2024-11-05 14:30:00+00:00
2024-11-10 20:48:40,003 - Sell to close 2374.00 shares at 128.24 on 2024-11-05 14:45:00+00:00 (Exit: Signal, Profit: 286.98999999997227, Duration: 1320.0 minutes)
2024-11-10 20:48:40,003 - Short Sell 156.00 shares at 128.0 on 2024-11-05 15:00:00+00:00
2024-11-10 20:48:40,003 - Short Sell 156.00 shares at 128.09 on 2024-11-05 15:15:00+00:00
2024-11-10 20:48:40,003 - Short Sell 155.00 shares at 128.87 on 2024-11-05 15:30:00+00:00
2024-11-10 20:48:40,003 - Short Sell 155.00 shares at 128.44 on 2024-11-05 16:00:00+00:00
2024-11-10 20:48:40,003 - Short Sell 156.00 shares at 128.24 on 2024-11-05 16:15:00+00:00
2024-11-10 20:48:40,003 - Short Sell 156.00 shares at 128.08 on 2024-11-05 16:30:00+00:00
2024-11-10 20:48:40,003 - Short Sell 156.00 shares at 128.15 on 2024-11-05 16:45:00+00:00
2024-11-10 20:48:40,003 - Short Sell 155.00 shares at 128.5 on 2024-11-05 17:00:00+00:00
2024-11-10 20:48:40,003 - Short Sell 155.00 shares at 128.46 on 2024-11-05 17:15:00+00:00
2024-11-10 20:48:40,003 - Buy to cover -1400.00 shares at 128.28 on 2024-11-05 17:30:00+00:00 (Exit: Signal, Profit: 47.21000000003528, Duration: 150.0 minutes)
2024-11-10 20:48:40,003 - Long Buy 156.00 shares at 128.22 on 2024-11-05 17:45:00+00:00
2024-11-10 20:48:40,003 - Long Buy 153.00 shares at 127.95 on 2024-11-05 18:00:00+00:00
2024-11-10 20:48:40,003 - Long Buy 150.00 shares at 128.0 on 2024-11-05 18:15:00+00:00
2024-11-10 20:48:40,003 - Long Buy 147.00 shares at 128.18 on 2024-11-05 18:30:00+00:00
2024-11-10 20:48:40,003 - Long Buy 144.00 shares at 128.0 on 2024-11-05 18:45:00+00:00
2024-11-10 20:48:40,003 - Long Buy 141.00 shares at 128.16 on 2024-11-05 19:00:00+00:00
2024-11-10 20:48:40,003 - Long Buy 138.00 shares at 128.27 on 2024-11-05 19:15:00+00:00
2024-11-10 20:48:40,003 - Long Buy 135.00 shares at 128.16 on 2024-11-05 19:30:00+00:00
2024-11-10 20:48:40,003 - Long Buy 133.00 shares at 127.78 on 2024-11-05 19:45:00+00:00
2024-11-10 20:48:40,003 - Long Buy 130.00 shares at 128.05 on 2024-11-05 20:00:00+00:00
2024-11-10 20:48:40,003 - Long Buy 127.00 shares at 128.24 on 2024-11-05 20:15:00+00:00
2024-11-10 20:48:40,003 - Long Buy 125.00 shares at 128.12 on 2024-11-05 20:30:00+00:00
2024-11-10 20:48:40,003 - Sell to close 1679.00 shares at 128.69 on 2024-11-05 20:45:00+00:00 (Exit: Signal, Profit: 1001.2400000000539, Duration: 180.0 minutes)
2024-11-10 20:48:40,003 - Short Sell 147.00 shares at 135.91 on 2024-11-06 14:30:00+00:00
2024-11-10 20:48:40,003 - Buy to cover -147.00 shares at 135.48 on 2024-11-06 14:45:00+00:00 (Exit: Signal, Profit: 63.210000000001, Duration: 15.0 minutes)
2024-11-10 20:48:40,003 - Long Buy 147.00 shares at 135.69 on 2024-11-06 15:00:00+00:00
2024-11-10 20:48:40,003 - Sell to close 147.00 shares at 136.63 on 2024-11-06 15:15:00+00:00 (Exit: Signal, Profit: 138.17999999999967, Duration: 15.0 minutes)
2024-11-10 20:48:40,004 - Short Sell 146.00 shares at 136.95 on 2024-11-06 15:30:00+00:00
2024-11-10 20:48:40,004 - Short Sell 146.00 shares at 136.87 on 2024-11-06 15:45:00+00:00
2024-11-10 20:48:40,004 - Short Sell 147.00 shares at 136.31 on 2024-11-06 16:00:00+00:00
2024-11-10 20:48:40,004 - Short Sell 146.00 shares at 136.84 on 2024-11-06 16:15:00+00:00
2024-11-10 20:48:40,004 - Short Sell 146.00 shares at 137.17 on 2024-11-06 16:30:00+00:00
2024-11-10 20:48:40,004 - Short Sell 146.00 shares at 136.75 on 2024-11-06 16:45:00+00:00
2024-11-10 20:48:40,004 - Short Sell 146.00 shares at 136.99 on 2024-11-06 17:00:00+00:00
2024-11-10 20:48:40,004 - Short Sell 146.00 shares at 136.81 on 2024-11-06 17:15:00+00:00
2024-11-10 20:48:40,004 - Short Sell 145.00 shares at 137.4 on 2024-11-06 17:30:00+00:00
2024-11-10 20:48:40,004 - Short Sell 146.00 shares at 137.13 on 2024-11-06 17:45:00+00:00
2024-11-10 20:48:40,004 - Short Sell 146.00 shares at 137.0 on 2024-11-06 18:00:00+00:00
2024-11-10 20:48:40,004 - Short Sell 146.00 shares at 137.17 on 2024-11-06 18:15:00+00:00
2024-11-10 20:48:40,004 - Short Sell 145.00 shares at 137.57 on 2024-11-06 18:30:00+00:00
2024-11-10 20:48:40,004 - Short Sell 145.00 shares at 137.41 on 2024-11-06 18:45:00+00:00
2024-11-10 20:48:40,004 - Short Sell 145.00 shares at 137.91 on 2024-11-06 19:00:00+00:00
2024-11-10 20:48:40,004 - Short Sell 143.00 shares at 138.96 on 2024-11-06 19:15:00+00:00
2024-11-10 20:48:40,004 - Buy to cover -2330.00 shares at 139.06 on 2024-11-06 19:30:00+00:00 (Exit: Stop_loss, Profit: -4335.619999999941, Duration: 240.0 minutes)
2024-11-10 20:48:40,004 - Short Sell 143.00 shares at 138.74 on 2024-11-06 19:45:00+00:00
2024-11-10 20:48:40,004 - Short Sell 143.00 shares at 139.06 on 2024-11-06 20:00:00+00:00
2024-11-10 20:48:40,004 - Short Sell 143.00 shares at 139.14 on 2024-11-06 20:15:00+00:00
2024-11-10 20:48:40,004 - Short Sell 144.00 shares at 138.29 on 2024-11-06 20:30:00+00:00
2024-11-10 20:48:40,004 - Short Sell 144.00 shares at 137.8 on 2024-11-06 20:45:00+00:00
2024-11-10 20:48:40,004 - Short Sell 144.00 shares at 137.98 on 2024-11-07 14:30:00+00:00
2024-11-10 20:48:40,004 - Short Sell 145.00 shares at 137.63 on 2024-11-07 14:45:00+00:00
2024-11-10 20:48:40,004 - Short Sell 144.00 shares at 137.84 on 2024-11-07 15:00:00+00:00
2024-11-10 20:48:40,004 - Short Sell 144.00 shares at 138.31 on 2024-11-07 15:15:00+00:00
2024-11-10 20:48:40,004 - Short Sell 144.00 shares at 138.2 on 2024-11-07 15:30:00+00:00
2024-11-10 20:48:40,004 - Buy to cover -1438.00 shares at 138.03 on 2024-11-07 15:45:00+00:00 (Exit: Signal, Profit: 384.1099999999046, Duration: 1200.0 minutes)
2024-11-10 20:48:40,004 - Long Buy 145.00 shares at 137.64 on 2024-11-07 16:00:00+00:00
2024-11-10 20:48:40,004 - Long Buy 141.00 shares at 137.88 on 2024-11-07 16:15:00+00:00
2024-11-10 20:48:40,004 - Long Buy 139.00 shares at 137.86 on 2024-11-07 16:30:00+00:00
2024-11-10 20:48:40,004 - Sell to close 425.00 shares at 138.52 on 2024-11-07 17:00:00+00:00 (Exit: Signal, Profit: 309.58000000000254, Duration: 60.0 minutes)
2024-11-10 20:48:40,004 - Short Sell 144.00 shares at 138.69 on 2024-11-07 17:15:00+00:00
2024-11-10 20:48:40,005 - Short Sell 144.00 shares at 138.58 on 2024-11-07 17:30:00+00:00
2024-11-10 20:48:40,005 - Short Sell 144.00 shares at 138.49 on 2024-11-07 17:45:00+00:00
2024-11-10 20:48:40,005 - Buy to cover -432.00 shares at 138.0 on 2024-11-07 19:00:00+00:00 (Exit: Signal, Profit: 253.44000000000278, Duration: 105.0 minutes)
2024-11-10 20:48:40,005 - Long Buy 144.00 shares at 137.84 on 2024-11-07 19:30:00+00:00
2024-11-10 20:48:40,005 - Long Buy 142.00 shares at 137.89 on 2024-11-07 19:45:00+00:00
2024-11-10 20:48:40,005 - Long Buy 139.00 shares at 137.81 on 2024-11-07 20:00:00+00:00
2024-11-10 20:48:40,005 - Long Buy 136.00 shares at 137.65 on 2024-11-07 20:15:00+00:00
2024-11-10 20:48:40,005 - Long Buy 134.00 shares at 137.56 on 2024-11-07 20:30:00+00:00
2024-11-10 20:48:40,005 - Long Buy 131.00 shares at 137.33 on 2024-11-07 20:45:00+00:00
2024-11-10 20:48:40,005 - Long Buy 130.00 shares at 135.8 on 2024-11-08 14:30:00+00:00
2024-11-10 20:48:40,005 - Long Buy 127.00 shares at 136.08 on 2024-11-08 14:45:00+00:00
2024-11-10 20:48:40,005 - Long Buy 124.00 shares at 136.35 on 2024-11-08 15:00:00+00:00
2024-11-10 20:48:40,005 - Long Buy 121.00 shares at 136.71 on 2024-11-08 15:15:00+00:00
2024-11-10 20:48:40,005 - Long Buy 119.00 shares at 137.15 on 2024-11-08 15:30:00+00:00
2024-11-10 20:48:40,005 - Long Buy 116.00 shares at 137.09 on 2024-11-08 15:45:00+00:00
2024-11-10 20:48:40,005 - Long Buy 114.00 shares at 137.1 on 2024-11-08 16:00:00+00:00
2024-11-10 20:48:40,005 - Long Buy 112.00 shares at 136.75 on 2024-11-08 16:15:00+00:00
2024-11-10 20:48:40,005 - Long Buy 110.00 shares at 136.21 on 2024-11-08 16:30:00+00:00
2024-11-10 20:48:40,005 - Sell to close 1899.00 shares at 136.31 on 2024-11-08 16:45:00+00:00 (Exit: Signal, Profit: -1413.1700000000194, Duration: 1275.0 minutes)
2024-11-10 20:48:40,005 - Short Sell 146.00 shares at 136.61 on 2024-11-08 17:15:00+00:00
2024-11-10 20:48:40,005 - Short Sell 146.00 shares at 136.37 on 2024-11-08 17:30:00+00:00
2024-11-10 20:48:40,005 - Short Sell 146.00 shares at 136.44 on 2024-11-08 17:45:00+00:00
2024-11-10 20:48:40,005 - Buy to cover -438.00 shares at 135.92 on 2024-11-08 19:30:00+00:00 (Exit: Signal, Profit: 242.36000000000365, Duration: 135.0 minutes)
2024-11-10 20:48:40,005 - Long Buy 146.00 shares at 135.95 on 2024-11-08 19:45:00+00:00
2024-11-10 20:48:40,005 - Long Buy 144.00 shares at 135.78 on 2024-11-08 20:00:00+00:00
2024-11-10 20:48:40,005 - Long Buy 141.00 shares at 135.68 on 2024-11-08 20:15:00+00:00
2024-11-10 20:48:40,005 - Sell to close 431.00 shares at 135.87 on 2024-11-08 20:30:00+00:00 (Exit: Signal, Profit: 28.0700000000071, Duration: 45.0 minutes)
2024-11-10 20:48:40,006 - Short Sell 147.00 shares at 135.77 on 2024-11-08 20:45:00+00:00
2024-11-10 20:48:40,007 - Final statisticsStock: JBL, 
total_trades: 68, 
winning_trades: 58, 
losing_trades: 10, 
average_return: 0.0016447484420010678, 
average_duration: 568.6764705882352, 
final_balance: 1017922.0000000002, 
final_portfolio_value: 997963.8100000003, 
sharpe_ratio: 10.267468899787682, 



