2024-11-11 10:07:09,999 - Starting GBMStrategy with initial capital: 1000000
2024-11-11 10:07:09,999 - Hyperparameters: {'threshold': 0.5, 'time_periods': 30, 'num_simulations': 150}
2024-11-11 10:08:26,112 - Short Sell 515.00 shares at 38.8 on 2024-10-11 14:30:00+00:00
2024-11-11 10:08:26,114 - Short Sell 515.00 shares at 38.82 on 2024-10-11 14:45:00+00:00
2024-11-11 10:08:26,114 - Short Sell 515.00 shares at 38.8 on 2024-10-11 15:00:00+00:00
2024-11-11 10:08:26,114 - Buy to cover -1545.00 shares at 38.77 on 2024-10-11 15:15:00+00:00 (Exit: Signal, Profit: 56.65000000000337, Duration: 45.0 minutes)
2024-11-11 10:08:26,114 - Long Buy 515.00 shares at 38.77 on 2024-10-11 15:30:00+00:00
2024-11-11 10:08:26,114 - Long Buy 505.00 shares at 38.77 on 2024-10-11 15:45:00+00:00
2024-11-11 10:08:26,114 - Long Buy 495.00 shares at 38.77 on 2024-10-11 16:00:00+00:00
2024-11-11 10:08:26,114 - Long Buy 485.00 shares at 38.75 on 2024-10-11 16:15:00+00:00
2024-11-11 10:08:26,114 - Long Buy 476.00 shares at 38.76 on 2024-10-11 16:30:00+00:00
2024-11-11 10:08:26,114 - Long Buy 466.00 shares at 38.76 on 2024-10-11 16:45:00+00:00
2024-11-11 10:08:26,114 - Long Buy 457.00 shares at 38.76 on 2024-10-11 17:00:00+00:00
2024-11-11 10:08:26,114 - Long Buy 447.00 shares at 38.77 on 2024-10-11 17:15:00+00:00
2024-11-11 10:08:26,114 - Long Buy 438.00 shares at 38.77 on 2024-10-11 17:30:00+00:00
2024-11-11 10:08:26,114 - Long Buy 430.00 shares at 38.77 on 2024-10-11 17:45:00+00:00
2024-11-11 10:08:26,114 - Long Buy 421.00 shares at 38.77 on 2024-10-11 18:00:00+00:00
2024-11-11 10:08:26,115 - Long Buy 413.00 shares at 38.75 on 2024-10-11 18:15:00+00:00
2024-11-11 10:08:26,115 - Long Buy 405.00 shares at 38.75 on 2024-10-11 18:30:00+00:00
2024-11-11 10:08:26,115 - Long Buy 396.00 shares at 38.76 on 2024-10-11 18:45:00+00:00
2024-11-11 10:08:26,115 - Long Buy 389.00 shares at 38.75 on 2024-10-11 19:00:00+00:00
2024-11-11 10:08:26,115 - Long Buy 381.00 shares at 38.75 on 2024-10-11 19:15:00+00:00
2024-11-11 10:08:26,115 - Long Buy 373.00 shares at 38.76 on 2024-10-11 19:30:00+00:00
2024-11-11 10:08:26,115 - Long Buy 366.00 shares at 38.75 on 2024-10-11 19:45:00+00:00
2024-11-11 10:08:26,115 - Long Buy 359.00 shares at 38.73 on 2024-10-14 13:30:00+00:00
2024-11-11 10:08:26,115 - Long Buy 351.00 shares at 38.74 on 2024-10-14 13:45:00+00:00
2024-11-11 10:08:26,115 - Long Buy 344.00 shares at 38.73 on 2024-10-14 14:00:00+00:00
2024-11-11 10:08:26,115 - Long Buy 337.00 shares at 38.75 on 2024-10-14 14:15:00+00:00
2024-11-11 10:08:26,115 - Long Buy 331.00 shares at 38.75 on 2024-10-14 14:30:00+00:00
2024-11-11 10:08:26,115 - Long Buy 324.00 shares at 38.75 on 2024-10-14 14:45:00+00:00
2024-11-11 10:08:26,115 - Long Buy 318.00 shares at 38.75 on 2024-10-14 15:00:00+00:00
2024-11-11 10:08:26,115 - Long Buy 311.00 shares at 38.73 on 2024-10-14 15:15:00+00:00
2024-11-11 10:08:26,115 - Long Buy 305.00 shares at 38.73 on 2024-10-14 15:30:00+00:00
2024-11-11 10:08:26,115 - Sell to close 10838.00 shares at 38.76 on 2024-10-14 16:15:00+00:00 (Exit: Signal, Profit: 51.56999999995439, Duration: 4365.0 minutes)
2024-11-11 10:08:26,115 - Short Sell 516.00 shares at 38.75 on 2024-10-14 16:30:00+00:00
2024-11-11 10:08:26,115 - Short Sell 516.00 shares at 38.76 on 2024-10-14 16:45:00+00:00
2024-11-11 10:08:26,115 - Short Sell 516.00 shares at 38.75 on 2024-10-14 17:00:00+00:00
2024-11-11 10:08:26,115 - Short Sell 516.00 shares at 38.75 on 2024-10-14 17:15:00+00:00
2024-11-11 10:08:26,115 - Short Sell 516.00 shares at 38.75 on 2024-10-14 17:30:00+00:00
2024-11-11 10:08:26,115 - Short Sell 516.00 shares at 38.76 on 2024-10-14 17:45:00+00:00
2024-11-11 10:08:26,115 - Short Sell 516.00 shares at 38.76 on 2024-10-14 18:00:00+00:00
2024-11-11 10:08:26,115 - Short Sell 516.00 shares at 38.75 on 2024-10-14 18:15:00+00:00
2024-11-11 10:08:26,115 - Short Sell 516.00 shares at 38.75 on 2024-10-14 18:30:00+00:00
2024-11-11 10:08:26,116 - Short Sell 515.00 shares at 38.77 on 2024-10-14 18:45:00+00:00
2024-11-11 10:08:26,116 - Short Sell 515.00 shares at 38.79 on 2024-10-14 19:00:00+00:00
2024-11-11 10:08:26,116 - Short Sell 515.00 shares at 38.78 on 2024-10-14 19:15:00+00:00
2024-11-11 10:08:26,116 - Short Sell 515.00 shares at 38.77 on 2024-10-14 19:30:00+00:00
2024-11-11 10:08:26,116 - Short Sell 515.00 shares at 38.77 on 2024-10-14 19:45:00+00:00
2024-11-11 10:08:26,116 - Short Sell 511.00 shares at 39.01 on 2024-10-15 13:30:00+00:00
2024-11-11 10:08:26,116 - Short Sell 511.00 shares at 39.02 on 2024-10-15 13:45:00+00:00
2024-11-11 10:08:26,116 - Short Sell 511.00 shares at 39.01 on 2024-10-15 14:00:00+00:00
2024-11-11 10:08:26,116 - Short Sell 510.00 shares at 39.09 on 2024-10-15 14:15:00+00:00
2024-11-11 10:08:26,116 - Short Sell 509.00 shares at 39.12 on 2024-10-15 14:30:00+00:00
2024-11-11 10:08:26,116 - Short Sell 510.00 shares at 39.09 on 2024-10-15 14:45:00+00:00
2024-11-11 10:08:26,116 - Short Sell 510.00 shares at 39.07 on 2024-10-15 15:00:00+00:00
2024-11-11 10:08:26,116 - Short Sell 510.00 shares at 39.06 on 2024-10-15 15:15:00+00:00
2024-11-11 10:08:26,116 - Short Sell 511.00 shares at 39.05 on 2024-10-15 15:30:00+00:00
2024-11-11 10:08:26,116 - Short Sell 510.00 shares at 39.06 on 2024-10-15 15:45:00+00:00
2024-11-11 10:08:26,116 - Short Sell 511.00 shares at 39.05 on 2024-10-15 16:00:00+00:00
2024-11-11 10:08:26,116 - Short Sell 511.00 shares at 39.05 on 2024-10-15 16:15:00+00:00
2024-11-11 10:08:26,116 - Buy to cover -13344.00 shares at 39.04 on 2024-10-15 16:30:00+00:00 (Exit: Signal, Profit: -1909.2099999999484, Duration: 1440.0 minutes)
2024-11-11 10:08:26,116 - Short Sell 510.00 shares at 39.07 on 2024-10-15 16:45:00+00:00
2024-11-11 10:08:26,116 - Buy to cover -510.00 shares at 39.02 on 2024-10-15 17:00:00+00:00 (Exit: Signal, Profit: 25.49999999999855, Duration: 15.0 minutes)
2024-11-11 10:08:26,116 - Long Buy 511.00 shares at 39.0 on 2024-10-15 17:15:00+00:00
2024-11-11 10:08:26,116 - Long Buy 501.00 shares at 39.01 on 2024-10-15 17:30:00+00:00
2024-11-11 10:08:26,116 - Long Buy 491.00 shares at 39.0 on 2024-10-15 17:45:00+00:00
2024-11-11 10:08:26,116 - Long Buy 481.00 shares at 39.0 on 2024-10-15 18:00:00+00:00
2024-11-11 10:08:26,116 - Long Buy 472.00 shares at 38.98 on 2024-10-15 18:15:00+00:00
2024-11-11 10:08:26,116 - Long Buy 463.00 shares at 38.97 on 2024-10-15 18:30:00+00:00
2024-11-11 10:08:26,117 - Long Buy 453.00 shares at 38.97 on 2024-10-15 18:45:00+00:00
2024-11-11 10:08:26,117 - Long Buy 444.00 shares at 38.98 on 2024-10-15 19:00:00+00:00
2024-11-11 10:08:26,117 - Long Buy 435.00 shares at 38.98 on 2024-10-15 19:15:00+00:00
2024-11-11 10:08:26,117 - Long Buy 426.00 shares at 39.02 on 2024-10-15 19:30:00+00:00
2024-11-11 10:08:26,117 - Long Buy 418.00 shares at 38.98 on 2024-10-15 19:45:00+00:00
2024-11-11 10:08:26,117 - Long Buy 409.00 shares at 39.04 on 2024-10-16 13:30:00+00:00
2024-11-11 10:08:26,117 - Long Buy 401.00 shares at 39.04 on 2024-10-16 14:45:00+00:00
2024-11-11 10:08:26,117 - Sell to close 5905.00 shares at 39.09 on 2024-10-16 15:00:00+00:00 (Exit: Signal, Profit: 548.380000000075, Duration: 1305.0 minutes)
2024-11-11 10:08:26,117 - Short Sell 511.00 shares at 39.08 on 2024-10-16 15:15:00+00:00
2024-11-11 10:08:26,117 - Short Sell 511.00 shares at 39.09 on 2024-10-16 15:30:00+00:00
2024-11-11 10:08:26,117 - Short Sell 511.00 shares at 39.08 on 2024-10-16 15:45:00+00:00
2024-11-11 10:08:26,117 - Short Sell 511.00 shares at 39.09 on 2024-10-16 16:00:00+00:00
2024-11-11 10:08:26,117 - Short Sell 511.00 shares at 39.08 on 2024-10-16 16:15:00+00:00
2024-11-11 10:08:26,117 - Short Sell 511.00 shares at 39.08 on 2024-10-16 16:30:00+00:00
2024-11-11 10:08:26,117 - Short Sell 511.00 shares at 39.09 on 2024-10-16 16:45:00+00:00
2024-11-11 10:08:26,117 - Short Sell 511.00 shares at 39.09 on 2024-10-16 17:00:00+00:00
2024-11-11 10:08:26,117 - Short Sell 511.00 shares at 39.09 on 2024-10-16 17:15:00+00:00
2024-11-11 10:08:26,117 - Buy to cover -4599.00 shares at 39.08 on 2024-10-16 17:30:00+00:00 (Exit: Signal, Profit: 25.549999999987655, Duration: 135.0 minutes)
2024-11-11 10:08:26,117 - Short Sell 510.00 shares at 39.1 on 2024-10-16 18:00:00+00:00
2024-11-11 10:08:26,117 - Short Sell 510.00 shares at 39.1 on 2024-10-16 19:15:00+00:00
2024-11-11 10:08:26,117 - Short Sell 510.00 shares at 39.15 on 2024-10-16 19:30:00+00:00
2024-11-11 10:08:26,117 - Short Sell 510.00 shares at 39.14 on 2024-10-16 19:45:00+00:00
2024-11-11 10:08:26,117 - Short Sell 509.00 shares at 39.19 on 2024-10-17 13:30:00+00:00
2024-11-11 10:08:26,118 - Short Sell 510.00 shares at 39.15 on 2024-10-17 13:45:00+00:00
2024-11-11 10:08:26,118 - Short Sell 509.00 shares at 39.18 on 2024-10-17 14:00:00+00:00
2024-11-11 10:08:26,118 - Short Sell 509.00 shares at 39.19 on 2024-10-17 14:15:00+00:00
2024-11-11 10:08:26,118 - Short Sell 509.00 shares at 39.19 on 2024-10-17 14:30:00+00:00
2024-11-11 10:08:26,118 - Short Sell 509.00 shares at 39.18 on 2024-10-17 14:45:00+00:00
2024-11-11 10:08:26,118 - Short Sell 509.00 shares at 39.2 on 2024-10-17 15:00:00+00:00
2024-11-11 10:08:26,118 - Short Sell 509.00 shares at 39.2 on 2024-10-17 15:15:00+00:00
2024-11-11 10:08:26,118 - Short Sell 509.00 shares at 39.2 on 2024-10-17 15:30:00+00:00
2024-11-11 10:08:26,118 - Short Sell 509.00 shares at 39.19 on 2024-10-17 15:45:00+00:00
2024-11-11 10:08:26,118 - Short Sell 508.00 shares at 39.23 on 2024-10-17 16:00:00+00:00
2024-11-11 10:08:26,118 - Short Sell 509.00 shares at 39.22 on 2024-10-17 16:15:00+00:00
2024-11-11 10:08:26,118 - Short Sell 509.00 shares at 39.22 on 2024-10-17 16:30:00+00:00
2024-11-11 10:08:26,118 - Short Sell 509.00 shares at 39.22 on 2024-10-17 16:45:00+00:00
2024-11-11 10:08:26,118 - Short Sell 508.00 shares at 39.23 on 2024-10-17 17:00:00+00:00
2024-11-11 10:08:26,118 - Short Sell 509.00 shares at 39.21 on 2024-10-17 17:15:00+00:00
2024-11-11 10:08:26,118 - Short Sell 509.00 shares at 39.21 on 2024-10-17 17:30:00+00:00
2024-11-11 10:08:26,118 - Short Sell 509.00 shares at 39.22 on 2024-10-17 17:45:00+00:00
2024-11-11 10:08:26,118 - Short Sell 509.00 shares at 39.21 on 2024-10-17 18:00:00+00:00
2024-11-11 10:08:26,118 - Short Sell 509.00 shares at 39.21 on 2024-10-17 18:15:00+00:00
2024-11-11 10:08:26,118 - Buy to cover -12219.00 shares at 39.21 on 2024-10-17 18:30:00+00:00 (Exit: Signal, Profit: -254.95000000010222, Duration: 1470.0 minutes)
2024-11-11 10:08:26,118 - Short Sell 509.00 shares at 39.22 on 2024-10-17 18:45:00+00:00
2024-11-11 10:08:26,118 - Buy to cover -509.00 shares at 39.09 on 2024-10-18 13:30:00+00:00 (Exit: Signal, Profit: 66.16999999999769, Duration: 1125.0 minutes)
2024-11-11 10:08:26,118 - Long Buy 511.00 shares at 39.01 on 2024-10-18 13:45:00+00:00
2024-11-11 10:08:26,118 - Long Buy 502.00 shares at 38.98 on 2024-10-18 14:00:00+00:00
2024-11-11 10:08:26,118 - Long Buy 491.00 shares at 39.01 on 2024-10-18 14:15:00+00:00
2024-11-11 10:08:26,118 - Long Buy 481.00 shares at 39.08 on 2024-10-18 14:30:00+00:00
2024-11-11 10:08:26,119 - Long Buy 471.00 shares at 39.07 on 2024-10-18 14:45:00+00:00
2024-11-11 10:08:26,119 - Long Buy 462.00 shares at 39.07 on 2024-10-18 15:00:00+00:00
2024-11-11 10:08:26,119 - Long Buy 452.00 shares at 39.07 on 2024-10-18 15:15:00+00:00
2024-11-11 10:08:26,119 - Long Buy 443.00 shares at 39.07 on 2024-10-18 15:30:00+00:00
2024-11-11 10:08:26,119 - Long Buy 434.00 shares at 39.08 on 2024-10-18 15:45:00+00:00
2024-11-11 10:08:26,119 - Long Buy 426.00 shares at 39.08 on 2024-10-18 16:00:00+00:00
2024-11-11 10:08:26,119 - Long Buy 417.00 shares at 39.09 on 2024-10-18 16:15:00+00:00
2024-11-11 10:08:26,119 - Long Buy 409.00 shares at 39.09 on 2024-10-18 16:30:00+00:00
2024-11-11 10:08:26,119 - Long Buy 400.00 shares at 39.13 on 2024-10-18 16:45:00+00:00
2024-11-11 10:08:26,119 - Long Buy 392.00 shares at 39.12 on 2024-10-18 17:00:00+00:00
2024-11-11 10:08:26,119 - Long Buy 384.00 shares at 39.11 on 2024-10-18 17:15:00+00:00
2024-11-11 10:08:26,119 - Long Buy 377.00 shares at 39.09 on 2024-10-18 17:30:00+00:00
2024-11-11 10:08:26,119 - Long Buy 369.00 shares at 39.09 on 2024-10-18 17:45:00+00:00
2024-11-11 10:08:26,119 - Long Buy 362.00 shares at 39.09 on 2024-10-18 18:00:00+00:00
2024-11-11 10:08:26,119 - Long Buy 355.00 shares at 39.11 on 2024-10-18 18:15:00+00:00
2024-11-11 10:08:26,119 - Long Buy 348.00 shares at 39.09 on 2024-10-18 18:30:00+00:00
2024-11-11 10:08:26,119 - Long Buy 341.00 shares at 39.11 on 2024-10-18 18:45:00+00:00
2024-11-11 10:08:26,119 - Long Buy 334.00 shares at 39.14 on 2024-10-18 19:00:00+00:00
2024-11-11 10:08:26,119 - Long Buy 327.00 shares at 39.13 on 2024-10-18 19:15:00+00:00
2024-11-11 10:08:26,119 - Sell to close 9488.00 shares at 39.14 on 2024-10-18 19:30:00+00:00 (Exit: Signal, Profit: 580.6099999999539, Duration: 345.0 minutes)
2024-11-11 10:08:26,119 - Short Sell 509.00 shares at 39.21 on 2024-10-18 19:45:00+00:00
2024-11-11 10:08:26,119 - Short Sell 510.00 shares at 39.18 on 2024-10-21 13:30:00+00:00
2024-11-11 10:08:26,119 - Short Sell 509.00 shares at 39.21 on 2024-10-21 13:45:00+00:00
2024-11-11 10:08:26,119 - Short Sell 509.00 shares at 39.19 on 2024-10-21 14:00:00+00:00
2024-11-11 10:08:26,119 - Short Sell 510.00 shares at 39.18 on 2024-10-21 14:15:00+00:00
2024-11-11 10:08:26,119 - Short Sell 510.00 shares at 39.16 on 2024-10-21 14:30:00+00:00
2024-11-11 10:08:26,119 - Short Sell 510.00 shares at 39.18 on 2024-10-21 14:45:00+00:00
2024-11-11 10:08:26,119 - Short Sell 510.00 shares at 39.18 on 2024-10-21 15:00:00+00:00
2024-11-11 10:08:26,119 - Short Sell 509.00 shares at 39.19 on 2024-10-21 15:15:00+00:00
2024-11-11 10:08:26,120 - Short Sell 508.00 shares at 39.25 on 2024-10-21 15:30:00+00:00
2024-11-11 10:08:26,120 - Short Sell 509.00 shares at 39.23 on 2024-10-21 15:45:00+00:00
2024-11-11 10:08:26,120 - Short Sell 509.00 shares at 39.19 on 2024-10-21 16:00:00+00:00
2024-11-11 10:08:26,120 - Short Sell 510.00 shares at 39.17 on 2024-10-21 16:15:00+00:00
2024-11-11 10:08:26,120 - Short Sell 508.00 shares at 39.27 on 2024-10-21 16:30:00+00:00
2024-11-11 10:08:26,120 - Short Sell 508.00 shares at 39.25 on 2024-10-21 16:45:00+00:00
2024-11-11 10:08:26,120 - Short Sell 508.00 shares at 39.25 on 2024-10-21 17:00:00+00:00
2024-11-11 10:08:26,120 - Short Sell 508.00 shares at 39.25 on 2024-10-21 17:15:00+00:00
2024-11-11 10:08:26,120 - Short Sell 508.00 shares at 39.25 on 2024-10-21 17:30:00+00:00
2024-11-11 10:08:26,120 - Short Sell 508.00 shares at 39.25 on 2024-10-21 17:45:00+00:00
2024-11-11 10:08:26,120 - Short Sell 509.00 shares at 39.23 on 2024-10-21 18:00:00+00:00
2024-11-11 10:08:26,120 - Short Sell 509.00 shares at 39.23 on 2024-10-21 18:15:00+00:00
2024-11-11 10:08:26,120 - Short Sell 510.00 shares at 39.19 on 2024-10-21 18:30:00+00:00
2024-11-11 10:08:26,120 - Short Sell 510.00 shares at 39.19 on 2024-10-21 18:45:00+00:00
2024-11-11 10:08:26,120 - Short Sell 509.00 shares at 39.22 on 2024-10-21 19:00:00+00:00
2024-11-11 10:08:26,120 - Short Sell 509.00 shares at 39.22 on 2024-10-21 19:15:00+00:00
2024-11-11 10:08:26,120 - Short Sell 509.00 shares at 39.22 on 2024-10-21 19:30:00+00:00
2024-11-11 10:08:26,120 - Short Sell 508.00 shares at 39.26 on 2024-10-21 19:45:00+00:00
2024-11-11 10:08:26,120 - Short Sell 510.00 shares at 39.19 on 2024-10-22 13:30:00+00:00
2024-11-11 10:08:26,120 - Short Sell 510.00 shares at 39.19 on 2024-10-22 13:45:00+00:00
2024-11-11 10:08:26,120 - Buy to cover -14763.00 shares at 39.17 on 2024-10-22 14:00:00+00:00 (Exit: Signal, Profit: 635.6900000000434, Duration: 5415.0 minutes)
2024-11-11 10:08:26,120 - Long Buy 510.00 shares at 39.18 on 2024-10-22 14:15:00+00:00
2024-11-11 10:08:26,120 - Long Buy 500.00 shares at 39.18 on 2024-10-22 14:30:00+00:00
2024-11-11 10:08:26,120 - Sell to close 1010.00 shares at 39.2 on 2024-10-22 14:45:00+00:00 (Exit: Signal, Profit: 20.200000000003158, Duration: 30.0 minutes)
2024-11-11 10:08:26,120 - Short Sell 509.00 shares at 39.21 on 2024-10-22 15:00:00+00:00
2024-11-11 10:08:26,120 - Short Sell 509.00 shares at 39.21 on 2024-10-22 15:15:00+00:00
2024-11-11 10:08:26,120 - Short Sell 509.00 shares at 39.21 on 2024-10-22 15:30:00+00:00
2024-11-11 10:08:26,120 - Short Sell 509.00 shares at 39.21 on 2024-10-22 15:45:00+00:00
2024-11-11 10:08:26,121 - Short Sell 509.00 shares at 39.21 on 2024-10-22 16:00:00+00:00
2024-11-11 10:08:26,121 - Short Sell 509.00 shares at 39.22 on 2024-10-22 16:15:00+00:00
2024-11-11 10:08:26,121 - Short Sell 509.00 shares at 39.22 on 2024-10-22 16:30:00+00:00
2024-11-11 10:08:26,121 - Short Sell 509.00 shares at 39.23 on 2024-10-22 16:45:00+00:00
2024-11-11 10:08:26,121 - Short Sell 509.00 shares at 39.23 on 2024-10-22 17:00:00+00:00
2024-11-11 10:08:26,121 - Short Sell 509.00 shares at 39.22 on 2024-10-22 17:30:00+00:00
2024-11-11 10:08:26,121 - Short Sell 509.00 shares at 39.22 on 2024-10-22 17:45:00+00:00
2024-11-11 10:08:26,121 - Short Sell 509.00 shares at 39.22 on 2024-10-22 18:00:00+00:00
2024-11-11 10:08:26,121 - Short Sell 509.00 shares at 39.23 on 2024-10-22 18:15:00+00:00
2024-11-11 10:08:26,121 - Short Sell 509.00 shares at 39.23 on 2024-10-22 18:30:00+00:00
2024-11-11 10:08:26,121 - Short Sell 509.00 shares at 39.22 on 2024-10-22 18:45:00+00:00
2024-11-11 10:08:26,121 - Short Sell 509.00 shares at 39.22 on 2024-10-22 19:00:00+00:00
2024-11-11 10:08:26,121 - Short Sell 510.00 shares at 39.21 on 2024-10-22 19:15:00+00:00
2024-11-11 10:08:26,121 - Buy to cover -8654.00 shares at 39.17 on 2024-10-22 19:45:00+00:00 (Exit: Signal, Profit: 422.5099999999808, Duration: 285.0 minutes)
2024-11-11 10:08:26,121 - Long Buy 510.00 shares at 39.16 on 2024-10-23 14:15:00+00:00
2024-11-11 10:08:26,121 - Long Buy 500.00 shares at 39.16 on 2024-10-23 14:30:00+00:00
2024-11-11 10:08:26,121 - Long Buy 490.00 shares at 39.16 on 2024-10-23 14:45:00+00:00
2024-11-11 10:08:26,121 - Sell to close 1500.00 shares at 39.16 on 2024-10-23 15:00:00+00:00 (Exit: Signal, Profit: 0.0, Duration: 45.0 minutes)
2024-11-11 10:08:26,121 - Short Sell 510.00 shares at 39.18 on 2024-10-23 15:45:00+00:00
2024-11-11 10:08:26,121 - Short Sell 510.00 shares at 39.19 on 2024-10-23 16:00:00+00:00
2024-11-11 10:08:26,121 - Short Sell 510.00 shares at 39.2 on 2024-10-23 16:15:00+00:00
2024-11-11 10:08:26,121 - Short Sell 510.00 shares at 39.2 on 2024-10-23 16:30:00+00:00
2024-11-11 10:08:26,121 - Short Sell 510.00 shares at 39.19 on 2024-10-23 16:45:00+00:00
2024-11-11 10:08:26,121 - Short Sell 510.00 shares at 39.19 on 2024-10-23 17:00:00+00:00
2024-11-11 10:08:26,122 - Short Sell 510.00 shares at 39.19 on 2024-10-23 17:15:00+00:00
2024-11-11 10:08:26,122 - Short Sell 510.00 shares at 39.17 on 2024-10-23 17:45:00+00:00
2024-11-11 10:08:26,122 - Short Sell 510.00 shares at 39.17 on 2024-10-23 18:15:00+00:00
2024-11-11 10:08:26,122 - Short Sell 510.00 shares at 39.18 on 2024-10-23 18:30:00+00:00
2024-11-11 10:08:26,122 - Short Sell 510.00 shares at 39.18 on 2024-10-23 18:45:00+00:00
2024-11-11 10:08:26,122 - Short Sell 510.00 shares at 39.17 on 2024-10-23 19:00:00+00:00
2024-11-11 10:08:26,122 - Short Sell 510.00 shares at 39.18 on 2024-10-23 19:30:00+00:00
2024-11-11 10:08:26,122 - Short Sell 509.00 shares at 39.22 on 2024-10-24 14:15:00+00:00
2024-11-11 10:08:26,122 - Short Sell 509.00 shares at 39.22 on 2024-10-24 14:30:00+00:00
2024-11-11 10:08:26,122 - Short Sell 510.00 shares at 39.21 on 2024-10-24 14:45:00+00:00
2024-11-11 10:08:26,122 - Short Sell 510.00 shares at 39.21 on 2024-10-24 15:00:00+00:00
2024-11-11 10:08:26,122 - Short Sell 509.00 shares at 39.22 on 2024-10-24 15:15:00+00:00
2024-11-11 10:08:26,122 - Short Sell 509.00 shares at 39.22 on 2024-10-24 15:30:00+00:00
2024-11-11 10:08:26,122 - Short Sell 510.00 shares at 39.2 on 2024-10-24 15:45:00+00:00
2024-11-11 10:08:26,122 - Short Sell 510.00 shares at 39.2 on 2024-10-24 16:00:00+00:00
2024-11-11 10:08:26,122 - Buy to cover -10706.00 shares at 39.19 on 2024-10-24 16:15:00+00:00 (Exit: Signal, Profit: 50.87999999996201, Duration: 1470.0 minutes)
2024-11-11 10:08:26,122 - Long Buy 510.00 shares at 39.18 on 2024-10-24 16:30:00+00:00
2024-11-11 10:08:26,122 - Sell to close 510.00 shares at 39.21 on 2024-10-24 18:15:00+00:00 (Exit: Signal, Profit: 15.30000000000058, Duration: 105.0 minutes)
2024-11-11 10:08:26,122 - Short Sell 510.00 shares at 39.21 on 2024-10-24 18:30:00+00:00
2024-11-11 10:08:26,122 - Short Sell 510.00 shares at 39.21 on 2024-10-24 18:45:00+00:00
2024-11-11 10:08:26,123 - Buy to cover -1020.00 shares at 39.19 on 2024-10-24 19:30:00+00:00 (Exit: Signal, Profit: 20.40000000000319, Duration: 60.0 minutes)
2024-11-11 10:08:26,123 - Long Buy 510.00 shares at 39.16 on 2024-10-24 19:45:00+00:00
2024-11-11 10:08:26,123 - Long Buy 500.00 shares at 39.15 on 2024-10-25 13:30:00+00:00
2024-11-11 10:08:26,123 - Long Buy 490.00 shares at 39.15 on 2024-10-25 13:45:00+00:00
2024-11-11 10:08:26,123 - Long Buy 480.00 shares at 39.18 on 2024-10-25 14:00:00+00:00
2024-11-11 10:08:26,123 - Sell to close 1980.00 shares at 39.22 on 2024-10-25 14:15:00+00:00 (Exit: Signal, Profit: 119.10000000000423, Duration: 1110.0 minutes)
2024-11-11 10:08:26,123 - Short Sell 510.00 shares at 39.22 on 2024-10-25 14:30:00+00:00
2024-11-11 10:08:26,123 - Short Sell 510.00 shares at 39.23 on 2024-10-25 14:45:00+00:00
2024-11-11 10:08:26,123 - Short Sell 509.00 shares at 39.24 on 2024-10-25 15:00:00+00:00
2024-11-11 10:08:26,123 - Short Sell 510.00 shares at 39.22 on 2024-10-25 15:15:00+00:00
2024-11-11 10:08:26,123 - Short Sell 509.00 shares at 39.26 on 2024-10-25 15:30:00+00:00
2024-11-11 10:08:26,123 - Short Sell 510.00 shares at 39.23 on 2024-10-25 15:45:00+00:00
2024-11-11 10:08:26,123 - Short Sell 510.00 shares at 39.23 on 2024-10-25 16:00:00+00:00
2024-11-11 10:08:26,123 - Short Sell 510.00 shares at 39.23 on 2024-10-25 16:15:00+00:00
2024-11-11 10:08:26,123 - Short Sell 510.00 shares at 39.23 on 2024-10-25 16:30:00+00:00
2024-11-11 10:08:26,123 - Buy to cover -4588.00 shares at 39.16 on 2024-10-25 17:00:00+00:00 (Exit: Signal, Profit: 331.319999999978, Duration: 150.0 minutes)
2024-11-11 10:08:26,123 - Short Sell 510.00 shares at 39.2 on 2024-10-25 17:15:00+00:00
2024-11-11 10:08:26,123 - Buy to cover -510.00 shares at 39.18 on 2024-10-25 17:30:00+00:00 (Exit: Signal, Profit: 10.200000000001594, Duration: 15.0 minutes)
2024-11-11 10:08:26,123 - Long Buy 511.00 shares at 39.16 on 2024-10-25 17:45:00+00:00
2024-11-11 10:08:26,123 - Long Buy 500.00 shares at 39.16 on 2024-10-25 18:00:00+00:00
2024-11-11 10:08:26,123 - Long Buy 490.00 shares at 39.16 on 2024-10-25 18:15:00+00:00
2024-11-11 10:08:26,123 - Long Buy 481.00 shares at 39.14 on 2024-10-25 18:30:00+00:00
2024-11-11 10:08:26,123 - Long Buy 471.00 shares at 39.15 on 2024-10-25 18:45:00+00:00
2024-11-11 10:08:26,123 - Long Buy 462.00 shares at 39.15 on 2024-10-25 19:00:00+00:00
2024-11-11 10:08:26,123 - Long Buy 453.00 shares at 39.12 on 2024-10-25 19:15:00+00:00
2024-11-11 10:08:26,124 - Long Buy 444.00 shares at 39.07 on 2024-10-25 19:30:00+00:00
2024-11-11 10:08:26,124 - Long Buy 435.00 shares at 39.07 on 2024-10-25 19:45:00+00:00
2024-11-11 10:08:26,124 - Long Buy 427.00 shares at 39.09 on 2024-10-28 13:30:00+00:00
2024-11-11 10:08:26,124 - Long Buy 418.00 shares at 39.13 on 2024-10-28 13:45:00+00:00
2024-11-11 10:08:26,124 - Long Buy 409.00 shares at 39.12 on 2024-10-28 14:00:00+00:00
2024-11-11 10:08:26,124 - Long Buy 401.00 shares at 39.12 on 2024-10-28 14:15:00+00:00
2024-11-11 10:08:26,124 - Long Buy 393.00 shares at 39.11 on 2024-10-28 14:30:00+00:00
2024-11-11 10:08:26,124 - Long Buy 385.00 shares at 39.1 on 2024-10-28 14:45:00+00:00
2024-11-11 10:08:26,124 - Long Buy 378.00 shares at 39.1 on 2024-10-28 15:00:00+00:00
2024-11-11 10:08:26,124 - Long Buy 370.00 shares at 39.1 on 2024-10-28 15:15:00+00:00
2024-11-11 10:08:26,124 - Long Buy 363.00 shares at 39.09 on 2024-10-28 15:30:00+00:00
2024-11-11 10:08:26,124 - Long Buy 356.00 shares at 39.09 on 2024-10-28 15:45:00+00:00
2024-11-11 10:08:26,124 - Long Buy 348.00 shares at 39.09 on 2024-10-28 16:00:00+00:00
2024-11-11 10:08:26,124 - Long Buy 342.00 shares at 39.09 on 2024-10-28 16:15:00+00:00
2024-11-11 10:08:26,124 - Long Buy 335.00 shares at 39.07 on 2024-10-28 16:30:00+00:00
2024-11-11 10:08:26,124 - Long Buy 328.00 shares at 39.05 on 2024-10-28 16:45:00+00:00
2024-11-11 10:08:26,124 - Long Buy 322.00 shares at 39.04 on 2024-10-28 17:00:00+00:00
2024-11-11 10:08:26,124 - Long Buy 315.00 shares at 39.05 on 2024-10-28 17:15:00+00:00
2024-11-11 10:08:26,124 - Long Buy 309.00 shares at 39.11 on 2024-10-28 17:30:00+00:00
2024-11-11 10:08:26,124 - Long Buy 302.00 shares at 39.12 on 2024-10-28 17:45:00+00:00
2024-11-11 10:08:26,124 - Long Buy 296.00 shares at 39.09 on 2024-10-28 18:00:00+00:00
2024-11-11 10:08:26,124 - Long Buy 291.00 shares at 39.07 on 2024-10-28 18:15:00+00:00
2024-11-11 10:08:26,124 - Long Buy 285.00 shares at 39.07 on 2024-10-28 18:30:00+00:00
2024-11-11 10:08:26,124 - Long Buy 279.00 shares at 39.04 on 2024-10-28 18:45:00+00:00
2024-11-11 10:08:26,124 - Long Buy 274.00 shares at 39.05 on 2024-10-28 19:00:00+00:00
2024-11-11 10:08:26,124 - Long Buy 268.00 shares at 39.03 on 2024-10-28 19:15:00+00:00
2024-11-11 10:08:26,124 - Long Buy 263.00 shares at 39.04 on 2024-10-28 19:30:00+00:00
2024-11-11 10:08:26,124 - Long Buy 258.00 shares at 39.03 on 2024-10-28 19:45:00+00:00
2024-11-11 10:08:26,124 - Long Buy 252.00 shares at 39.11 on 2024-10-29 14:00:00+00:00
2024-11-11 10:08:26,125 - Long Buy 247.00 shares at 39.11 on 2024-10-29 14:15:00+00:00
2024-11-11 10:08:26,125 - Long Buy 242.00 shares at 39.09 on 2024-10-29 14:30:00+00:00
2024-11-11 10:08:26,125 - Long Buy 237.00 shares at 39.09 on 2024-10-29 14:45:00+00:00
2024-11-11 10:08:26,125 - Long Buy 233.00 shares at 39.09 on 2024-10-29 15:00:00+00:00
2024-11-11 10:08:26,125 - Long Buy 228.00 shares at 39.08 on 2024-10-29 15:15:00+00:00
2024-11-11 10:08:26,125 - Long Buy 224.00 shares at 39.05 on 2024-10-29 15:30:00+00:00
2024-11-11 10:08:26,125 - Long Buy 219.00 shares at 39.05 on 2024-10-29 15:45:00+00:00
2024-11-11 10:08:26,125 - Long Buy 215.00 shares at 39.05 on 2024-10-29 16:00:00+00:00
2024-11-11 10:08:26,125 - Long Buy 210.00 shares at 39.07 on 2024-10-29 16:15:00+00:00
2024-11-11 10:08:26,125 - Long Buy 206.00 shares at 39.05 on 2024-10-29 16:30:00+00:00
2024-11-11 10:08:26,125 - Long Buy 202.00 shares at 39.05 on 2024-10-29 16:45:00+00:00
2024-11-11 10:08:26,125 - Long Buy 198.00 shares at 39.05 on 2024-10-29 17:00:00+00:00
2024-11-11 10:08:26,125 - Long Buy 194.00 shares at 39.04 on 2024-10-29 17:15:00+00:00
2024-11-11 10:08:26,125 - Long Buy 190.00 shares at 39.04 on 2024-10-29 17:30:00+00:00
2024-11-11 10:08:26,125 - Long Buy 187.00 shares at 39.04 on 2024-10-29 17:45:00+00:00
2024-11-11 10:08:26,125 - Long Buy 183.00 shares at 39.04 on 2024-10-29 18:00:00+00:00
2024-11-11 10:08:26,125 - Long Buy 179.00 shares at 39.09 on 2024-10-29 18:15:00+00:00
2024-11-11 10:08:26,125 - Long Buy 175.00 shares at 39.08 on 2024-10-29 18:30:00+00:00
2024-11-11 10:08:26,125 - Long Buy 172.00 shares at 39.09 on 2024-10-29 18:45:00+00:00
2024-11-11 10:08:26,125 - Long Buy 168.00 shares at 39.08 on 2024-10-29 19:00:00+00:00
2024-11-11 10:08:26,125 - Long Buy 165.00 shares at 39.05 on 2024-10-29 19:15:00+00:00
2024-11-11 10:08:26,125 - Long Buy 162.00 shares at 39.05 on 2024-10-29 19:30:00+00:00
2024-11-11 10:08:26,125 - Long Buy 159.00 shares at 39.04 on 2024-10-29 19:45:00+00:00
2024-11-11 10:08:26,125 - Long Buy 156.00 shares at 39.01 on 2024-10-30 13:30:00+00:00
2024-11-11 10:08:26,125 - Long Buy 153.00 shares at 39.02 on 2024-10-30 13:45:00+00:00
2024-11-11 10:08:26,125 - Long Buy 150.00 shares at 38.98 on 2024-10-30 14:00:00+00:00
2024-11-11 10:08:26,125 - Long Buy 147.00 shares at 38.97 on 2024-10-30 14:15:00+00:00
2024-11-11 10:08:26,125 - Long Buy 144.00 shares at 38.97 on 2024-10-30 14:30:00+00:00
2024-11-11 10:08:26,125 - Long Buy 141.00 shares at 38.98 on 2024-10-30 14:45:00+00:00
2024-11-11 10:08:26,125 - Long Buy 138.00 shares at 38.97 on 2024-10-30 15:00:00+00:00
2024-11-11 10:08:26,125 - Long Buy 135.00 shares at 38.97 on 2024-10-30 15:15:00+00:00
2024-11-11 10:08:26,125 - Long Buy 133.00 shares at 38.95 on 2024-10-30 15:30:00+00:00
2024-11-11 10:08:26,125 - Long Buy 130.00 shares at 38.95 on 2024-10-30 15:45:00+00:00
2024-11-11 10:08:26,126 - Long Buy 127.00 shares at 38.95 on 2024-10-30 16:00:00+00:00
2024-11-11 10:08:26,126 - Long Buy 125.00 shares at 38.95 on 2024-10-30 16:15:00+00:00
2024-11-11 10:08:26,126 - Long Buy 122.00 shares at 38.97 on 2024-10-30 16:30:00+00:00
2024-11-11 10:08:26,126 - Long Buy 120.00 shares at 38.98 on 2024-10-30 16:45:00+00:00
2024-11-11 10:08:26,126 - Long Buy 117.00 shares at 38.98 on 2024-10-30 17:00:00+00:00
2024-11-11 10:08:26,126 - Long Buy 115.00 shares at 38.97 on 2024-10-30 17:15:00+00:00
2024-11-11 10:08:26,126 - Long Buy 113.00 shares at 38.98 on 2024-10-30 17:30:00+00:00
2024-11-11 10:08:26,126 - Long Buy 110.00 shares at 38.98 on 2024-10-30 17:45:00+00:00
2024-11-11 10:08:26,126 - Long Buy 108.00 shares at 38.98 on 2024-10-30 18:00:00+00:00
2024-11-11 10:08:26,126 - Long Buy 106.00 shares at 38.98 on 2024-10-30 18:15:00+00:00
2024-11-11 10:08:26,126 - Long Buy 104.00 shares at 38.98 on 2024-10-30 18:30:00+00:00
2024-11-11 10:08:26,126 - Long Buy 102.00 shares at 38.98 on 2024-10-30 18:45:00+00:00
2024-11-11 10:08:26,126 - Long Buy 100.00 shares at 38.98 on 2024-10-30 19:00:00+00:00
2024-11-11 10:08:26,126 - Long Buy 98.00 shares at 38.96 on 2024-10-30 19:15:00+00:00
2024-11-11 10:08:26,126 - Long Buy 96.00 shares at 38.96 on 2024-10-30 19:30:00+00:00
2024-11-11 10:08:26,126 - Long Buy 94.00 shares at 38.96 on 2024-10-30 19:45:00+00:00
2024-11-11 10:08:26,126 - Sell to close 20993.00 shares at 38.98 on 2024-10-31 13:30:00+00:00 (Exit: Signal, Profit: -1958.2499999999459, Duration: 8385.0 minutes)
2024-11-11 10:08:26,126 - Short Sell 512.00 shares at 38.99 on 2024-10-31 13:45:00+00:00
2024-11-11 10:08:26,126 - Buy to cover -512.00 shares at 38.95 on 2024-10-31 14:15:00+00:00 (Exit: Signal, Profit: 20.479999999999563, Duration: 30.0 minutes)
2024-11-11 10:08:26,126 - Long Buy 512.00 shares at 38.95 on 2024-10-31 14:30:00+00:00
2024-11-11 10:08:26,126 - Sell to close 512.00 shares at 38.98 on 2024-10-31 14:45:00+00:00 (Exit: Signal, Profit: 15.359999999996944, Duration: 15.0 minutes)
2024-11-11 10:08:26,126 - Long Buy 513.00 shares at 38.94 on 2024-10-31 15:15:00+00:00
2024-11-11 10:08:26,126 - Long Buy 502.00 shares at 38.95 on 2024-10-31 15:30:00+00:00
2024-11-11 10:08:26,126 - Long Buy 492.00 shares at 38.95 on 2024-10-31 15:45:00+00:00
2024-11-11 10:08:26,126 - Long Buy 482.00 shares at 38.95 on 2024-10-31 16:00:00+00:00
2024-11-11 10:08:26,127 - Long Buy 473.00 shares at 38.94 on 2024-10-31 16:15:00+00:00
2024-11-11 10:08:26,127 - Long Buy 463.00 shares at 38.93 on 2024-10-31 16:30:00+00:00
2024-11-11 10:08:26,127 - Long Buy 454.00 shares at 38.94 on 2024-10-31 16:45:00+00:00
2024-11-11 10:08:26,127 - Long Buy 445.00 shares at 38.94 on 2024-10-31 17:00:00+00:00
2024-11-11 10:08:26,127 - Long Buy 436.00 shares at 38.93 on 2024-10-31 17:15:00+00:00
2024-11-11 10:08:26,127 - Long Buy 427.00 shares at 38.93 on 2024-10-31 17:30:00+00:00
2024-11-11 10:08:26,127 - Long Buy 419.00 shares at 38.93 on 2024-10-31 17:45:00+00:00
2024-11-11 10:08:26,127 - Long Buy 411.00 shares at 38.91 on 2024-10-31 18:00:00+00:00
2024-11-11 10:08:26,127 - Long Buy 403.00 shares at 38.91 on 2024-10-31 18:15:00+00:00
2024-11-11 10:08:26,127 - Long Buy 395.00 shares at 38.9 on 2024-10-31 18:30:00+00:00
2024-11-11 10:08:26,127 - Long Buy 387.00 shares at 38.9 on 2024-10-31 18:45:00+00:00
2024-11-11 10:08:26,127 - Long Buy 379.00 shares at 38.9 on 2024-10-31 19:00:00+00:00
2024-11-11 10:08:26,127 - Long Buy 371.00 shares at 38.89 on 2024-10-31 19:15:00+00:00
2024-11-11 10:08:26,127 - Long Buy 364.00 shares at 38.88 on 2024-10-31 19:30:00+00:00
2024-11-11 10:08:26,127 - Long Buy 357.00 shares at 38.89 on 2024-10-31 19:45:00+00:00
2024-11-11 10:08:26,127 - Long Buy 350.00 shares at 38.84 on 2024-11-01 13:30:00+00:00
2024-11-11 10:08:26,127 - Long Buy 343.00 shares at 38.9 on 2024-11-01 13:45:00+00:00
2024-11-11 10:08:26,127 - Long Buy 335.00 shares at 38.92 on 2024-11-01 14:00:00+00:00
2024-11-11 10:08:26,127 - Long Buy 329.00 shares at 38.91 on 2024-11-01 14:15:00+00:00
2024-11-11 10:08:26,127 - Sell to close 9530.00 shares at 38.93 on 2024-11-01 14:30:00+00:00 (Exit: Signal, Profit: 101.77999999999798, Duration: 1395.0 minutes)
2024-11-11 10:08:26,127 - Short Sell 513.00 shares at 38.93 on 2024-11-01 14:45:00+00:00
2024-11-11 10:08:26,127 - Short Sell 512.00 shares at 38.95 on 2024-11-01 15:00:00+00:00
2024-11-11 10:08:26,127 - Short Sell 512.00 shares at 38.96 on 2024-11-01 15:15:00+00:00
2024-11-11 10:08:26,127 - Short Sell 512.00 shares at 38.99 on 2024-11-01 15:30:00+00:00
2024-11-11 10:08:26,127 - Short Sell 513.00 shares at 38.94 on 2024-11-01 15:45:00+00:00
2024-11-11 10:08:26,127 - Short Sell 512.00 shares at 38.95 on 2024-11-01 16:00:00+00:00
2024-11-11 10:08:26,127 - Short Sell 512.00 shares at 38.96 on 2024-11-01 16:15:00+00:00
2024-11-11 10:08:26,127 - Short Sell 512.00 shares at 38.96 on 2024-11-01 16:30:00+00:00
2024-11-11 10:08:26,127 - Short Sell 512.00 shares at 38.96 on 2024-11-01 16:45:00+00:00
2024-11-11 10:08:26,127 - Short Sell 512.00 shares at 38.97 on 2024-11-01 17:00:00+00:00
2024-11-11 10:08:26,128 - Short Sell 512.00 shares at 38.95 on 2024-11-01 17:15:00+00:00
2024-11-11 10:08:26,128 - Short Sell 512.00 shares at 38.95 on 2024-11-01 17:30:00+00:00
2024-11-11 10:08:26,128 - Short Sell 512.00 shares at 38.96 on 2024-11-01 17:45:00+00:00
2024-11-11 10:08:26,128 - Short Sell 513.00 shares at 38.94 on 2024-11-01 18:00:00+00:00
2024-11-11 10:08:26,128 - Short Sell 513.00 shares at 38.93 on 2024-11-01 18:15:00+00:00
2024-11-11 10:08:26,128 - Short Sell 513.00 shares at 38.94 on 2024-11-01 18:30:00+00:00
2024-11-11 10:08:26,128 - Short Sell 512.00 shares at 38.95 on 2024-11-01 18:45:00+00:00
2024-11-11 10:08:26,128 - Short Sell 512.00 shares at 38.95 on 2024-11-01 19:00:00+00:00
2024-11-11 10:08:26,128 - Short Sell 512.00 shares at 38.99 on 2024-11-01 19:15:00+00:00
2024-11-11 10:08:26,128 - Short Sell 511.00 shares at 39.01 on 2024-11-01 19:30:00+00:00
2024-11-11 10:08:26,128 - Short Sell 512.00 shares at 39.0 on 2024-11-01 19:45:00+00:00
2024-11-11 10:08:26,128 - Short Sell 512.00 shares at 38.98 on 2024-11-04 14:30:00+00:00
2024-11-11 10:08:26,128 - Short Sell 511.00 shares at 39.02 on 2024-11-04 14:45:00+00:00
2024-11-11 10:08:26,128 - Short Sell 512.00 shares at 38.98 on 2024-11-04 15:00:00+00:00
2024-11-11 10:08:26,128 - Short Sell 512.00 shares at 38.96 on 2024-11-04 15:15:00+00:00
2024-11-11 10:08:26,128 - Short Sell 512.00 shares at 38.98 on 2024-11-04 15:30:00+00:00
2024-11-11 10:08:26,128 - Short Sell 512.00 shares at 38.98 on 2024-11-04 15:45:00+00:00
2024-11-11 10:08:26,128 - Short Sell 512.00 shares at 38.99 on 2024-11-04 16:00:00+00:00
2024-11-11 10:08:26,128 - Short Sell 512.00 shares at 39.0 on 2024-11-04 16:15:00+00:00
2024-11-11 10:08:26,128 - Buy to cover -14851.00 shares at 39.0 on 2024-11-04 16:30:00+00:00 (Exit: Signal, Profit: -496.9899999999508, Duration: 4425.0 minutes)
2024-11-11 10:08:26,128 - Short Sell 511.00 shares at 39.02 on 2024-11-04 17:00:00+00:00
2024-11-11 10:08:26,128 - Short Sell 511.00 shares at 39.01 on 2024-11-04 17:45:00+00:00
2024-11-11 10:08:26,128 - Short Sell 511.00 shares at 39.01 on 2024-11-04 18:00:00+00:00
2024-11-11 10:08:26,128 - Short Sell 511.00 shares at 39.01 on 2024-11-04 18:15:00+00:00
2024-11-11 10:08:26,128 - Short Sell 511.00 shares at 39.01 on 2024-11-04 18:30:00+00:00
2024-11-11 10:08:26,128 - Short Sell 511.00 shares at 39.01 on 2024-11-04 19:00:00+00:00
2024-11-11 10:08:26,128 - Short Sell 511.00 shares at 39.01 on 2024-11-04 19:15:00+00:00
2024-11-11 10:08:26,128 - Short Sell 511.00 shares at 39.01 on 2024-11-04 19:30:00+00:00
2024-11-11 10:08:26,129 - Buy to cover -4088.00 shares at 38.98 on 2024-11-04 20:45:00+00:00 (Exit: Signal, Profit: 127.75, Duration: 225.0 minutes)
2024-11-11 10:08:26,129 - Long Buy 512.00 shares at 38.98 on 2024-11-05 14:30:00+00:00
2024-11-11 10:08:26,129 - Long Buy 502.00 shares at 38.98 on 2024-11-05 15:00:00+00:00
2024-11-11 10:08:26,129 - Long Buy 492.00 shares at 38.98 on 2024-11-05 15:15:00+00:00
2024-11-11 10:08:26,129 - Long Buy 482.00 shares at 38.98 on 2024-11-05 15:30:00+00:00
2024-11-11 10:08:26,129 - Long Buy 472.00 shares at 38.98 on 2024-11-05 15:45:00+00:00
2024-11-11 10:08:26,129 - Sell to close 2460.00 shares at 39.02 on 2024-11-05 17:30:00+00:00 (Exit: Signal, Profit: 98.3999999999979, Duration: 180.0 minutes)
2024-11-11 10:08:26,129 - Short Sell 511.00 shares at 39.04 on 2024-11-05 17:45:00+00:00
2024-11-11 10:08:26,129 - Short Sell 511.00 shares at 39.04 on 2024-11-05 18:00:00+00:00
2024-11-11 10:08:26,129 - Short Sell 511.00 shares at 39.04 on 2024-11-05 18:15:00+00:00
2024-11-11 10:08:26,129 - Short Sell 511.00 shares at 39.06 on 2024-11-05 18:30:00+00:00
2024-11-11 10:08:26,129 - Short Sell 511.00 shares at 39.06 on 2024-11-05 18:45:00+00:00
2024-11-11 10:08:26,129 - Short Sell 511.00 shares at 39.07 on 2024-11-05 19:00:00+00:00
2024-11-11 10:08:26,129 - Short Sell 510.00 shares at 39.09 on 2024-11-05 19:15:00+00:00
2024-11-11 10:08:26,129 - Short Sell 510.00 shares at 39.09 on 2024-11-05 19:30:00+00:00
2024-11-11 10:08:26,129 - Short Sell 510.00 shares at 39.12 on 2024-11-05 19:45:00+00:00
2024-11-11 10:08:26,129 - Short Sell 510.00 shares at 39.09 on 2024-11-05 20:00:00+00:00
2024-11-11 10:08:26,129 - Short Sell 510.00 shares at 39.1 on 2024-11-05 20:15:00+00:00
2024-11-11 10:08:26,129 - Short Sell 510.00 shares at 39.09 on 2024-11-05 20:30:00+00:00
2024-11-11 10:08:26,129 - Short Sell 509.00 shares at 39.16 on 2024-11-05 20:45:00+00:00
2024-11-11 10:08:26,129 - Short Sell 506.00 shares at 39.35 on 2024-11-06 14:30:00+00:00
2024-11-11 10:08:26,129 - Short Sell 508.00 shares at 39.23 on 2024-11-06 14:45:00+00:00
2024-11-11 10:08:26,130 - Short Sell 509.00 shares at 39.2 on 2024-11-06 15:00:00+00:00
2024-11-11 10:08:26,130 - Short Sell 510.00 shares at 39.13 on 2024-11-06 15:15:00+00:00
2024-11-11 10:08:26,130 - Short Sell 510.00 shares at 39.15 on 2024-11-06 15:30:00+00:00
2024-11-11 10:08:26,130 - Short Sell 511.00 shares at 39.05 on 2024-11-06 15:45:00+00:00
2024-11-11 10:08:26,130 - Short Sell 510.00 shares at 39.11 on 2024-11-06 16:00:00+00:00
2024-11-11 10:08:26,130 - Short Sell 510.00 shares at 39.11 on 2024-11-06 16:15:00+00:00
2024-11-11 10:08:26,130 - Short Sell 511.00 shares at 39.08 on 2024-11-06 16:30:00+00:00
2024-11-11 10:08:26,130 - Short Sell 511.00 shares at 39.06 on 2024-11-06 16:45:00+00:00
2024-11-11 10:08:26,130 - Short Sell 511.00 shares at 39.09 on 2024-11-06 17:00:00+00:00
2024-11-11 10:08:26,130 - Short Sell 510.00 shares at 39.11 on 2024-11-06 17:15:00+00:00
2024-11-11 10:08:26,130 - Short Sell 510.00 shares at 39.11 on 2024-11-06 17:30:00+00:00
2024-11-11 10:08:26,130 - Short Sell 510.00 shares at 39.12 on 2024-11-06 17:45:00+00:00
2024-11-11 10:08:26,130 - Short Sell 509.00 shares at 39.15 on 2024-11-06 18:00:00+00:00
2024-11-11 10:08:26,130 - Short Sell 509.00 shares at 39.16 on 2024-11-06 18:15:00+00:00
2024-11-11 10:08:26,130 - Short Sell 508.00 shares at 39.2 on 2024-11-06 18:30:00+00:00
2024-11-11 10:08:26,130 - Short Sell 509.00 shares at 39.18 on 2024-11-06 18:45:00+00:00
2024-11-11 10:08:26,130 - Short Sell 509.00 shares at 39.18 on 2024-11-06 19:00:00+00:00
2024-11-11 10:08:26,130 - Buy to cover -16316.00 shares at 39.15 on 2024-11-06 19:15:00+00:00 (Exit: Signal, Profit: -501.90000000028505, Duration: 1530.0 minutes)
2024-11-11 10:08:26,130 - Long Buy 510.00 shares at 39.13 on 2024-11-06 19:30:00+00:00
2024-11-11 10:08:26,130 - Long Buy 500.00 shares at 39.11 on 2024-11-06 19:45:00+00:00
2024-11-11 10:08:26,130 - Long Buy 490.00 shares at 39.11 on 2024-11-06 20:00:00+00:00
2024-11-11 10:08:26,130 - Long Buy 480.00 shares at 39.11 on 2024-11-06 20:15:00+00:00
2024-11-11 10:08:26,130 - Long Buy 471.00 shares at 39.09 on 2024-11-06 20:30:00+00:00
2024-11-11 10:08:26,130 - Long Buy 462.00 shares at 39.01 on 2024-11-06 20:45:00+00:00
2024-11-11 10:08:26,130 - Long Buy 453.00 shares at 39.04 on 2024-11-07 14:30:00+00:00
2024-11-11 10:08:26,130 - Long Buy 443.00 shares at 39.07 on 2024-11-07 14:45:00+00:00
2024-11-11 10:08:26,130 - Long Buy 435.00 shares at 39.02 on 2024-11-07 15:00:00+00:00
2024-11-11 10:08:26,130 - Long Buy 426.00 shares at 39.05 on 2024-11-07 15:15:00+00:00
2024-11-11 10:08:26,130 - Long Buy 417.00 shares at 39.04 on 2024-11-07 15:30:00+00:00
2024-11-11 10:08:26,130 - Long Buy 409.00 shares at 39.02 on 2024-11-07 15:45:00+00:00
2024-11-11 10:08:26,131 - Long Buy 401.00 shares at 39.0 on 2024-11-07 16:00:00+00:00
2024-11-11 10:08:26,131 - Long Buy 393.00 shares at 39.0 on 2024-11-07 16:15:00+00:00
2024-11-11 10:08:26,131 - Long Buy 386.00 shares at 38.98 on 2024-11-07 16:30:00+00:00
2024-11-11 10:08:26,131 - Long Buy 378.00 shares at 39.02 on 2024-11-07 16:45:00+00:00
2024-11-11 10:08:26,131 - Long Buy 369.00 shares at 39.07 on 2024-11-07 17:00:00+00:00
2024-11-11 10:08:26,131 - Long Buy 362.00 shares at 39.07 on 2024-11-07 17:15:00+00:00
2024-11-11 10:08:26,131 - Long Buy 355.00 shares at 39.09 on 2024-11-07 17:30:00+00:00
2024-11-11 10:08:26,131 - Long Buy 348.00 shares at 39.05 on 2024-11-07 17:45:00+00:00
2024-11-11 10:08:26,131 - Long Buy 341.00 shares at 39.05 on 2024-11-07 18:00:00+00:00
2024-11-11 10:08:26,131 - Long Buy 334.00 shares at 39.02 on 2024-11-07 18:15:00+00:00
2024-11-11 10:08:26,131 - Long Buy 328.00 shares at 39.04 on 2024-11-07 18:30:00+00:00
2024-11-11 10:08:26,131 - Long Buy 321.00 shares at 39.01 on 2024-11-07 18:45:00+00:00
2024-11-11 10:08:26,131 - Long Buy 315.00 shares at 39.02 on 2024-11-07 19:00:00+00:00
2024-11-11 10:08:26,131 - Long Buy 308.00 shares at 39.02 on 2024-11-07 19:15:00+00:00
2024-11-11 10:08:26,131 - Long Buy 302.00 shares at 39.02 on 2024-11-07 19:30:00+00:00
2024-11-11 10:08:26,131 - Long Buy 296.00 shares at 39.0 on 2024-11-07 19:45:00+00:00
2024-11-11 10:08:26,131 - Long Buy 290.00 shares at 39.01 on 2024-11-07 20:00:00+00:00
2024-11-11 10:08:26,131 - Long Buy 285.00 shares at 39.01 on 2024-11-07 20:15:00+00:00
2024-11-11 10:08:26,131 - Long Buy 279.00 shares at 39.0 on 2024-11-07 20:30:00+00:00
2024-11-11 10:08:26,131 - Long Buy 273.00 shares at 38.99 on 2024-11-07 20:45:00+00:00
2024-11-11 10:08:26,131 - Long Buy 268.00 shares at 39.0 on 2024-11-08 14:30:00+00:00
2024-11-11 10:08:26,131 - Long Buy 263.00 shares at 38.98 on 2024-11-08 14:45:00+00:00
2024-11-11 10:08:26,131 - Long Buy 257.00 shares at 38.98 on 2024-11-08 15:00:00+00:00
2024-11-11 10:08:26,131 - Long Buy 252.00 shares at 38.98 on 2024-11-08 15:15:00+00:00
2024-11-11 10:08:26,131 - Long Buy 247.00 shares at 38.95 on 2024-11-08 15:30:00+00:00
2024-11-11 10:08:26,131 - Long Buy 242.00 shares at 38.97 on 2024-11-08 15:45:00+00:00
2024-11-11 10:08:26,131 - Long Buy 238.00 shares at 38.97 on 2024-11-08 16:00:00+00:00
2024-11-11 10:08:26,131 - Long Buy 233.00 shares at 38.96 on 2024-11-08 16:15:00+00:00
2024-11-11 10:08:26,131 - Long Buy 228.00 shares at 38.97 on 2024-11-08 16:30:00+00:00
2024-11-11 10:08:26,131 - Long Buy 224.00 shares at 38.97 on 2024-11-08 16:45:00+00:00
2024-11-11 10:08:26,131 - Long Buy 219.00 shares at 38.97 on 2024-11-08 17:00:00+00:00
2024-11-11 10:08:26,131 - Long Buy 215.00 shares at 38.95 on 2024-11-08 17:15:00+00:00
2024-11-11 10:08:26,132 - Long Buy 210.00 shares at 38.96 on 2024-11-08 17:30:00+00:00
2024-11-11 10:08:26,132 - Long Buy 206.00 shares at 38.95 on 2024-11-08 17:45:00+00:00
2024-11-11 10:08:26,132 - Long Buy 202.00 shares at 38.95 on 2024-11-08 18:00:00+00:00
2024-11-11 10:08:26,132 - Long Buy 198.00 shares at 38.95 on 2024-11-08 18:15:00+00:00
2024-11-11 10:08:26,132 - Long Buy 194.00 shares at 38.95 on 2024-11-08 18:30:00+00:00
2024-11-11 10:08:26,132 - Long Buy 190.00 shares at 38.95 on 2024-11-08 18:45:00+00:00
2024-11-11 10:08:26,132 - Long Buy 187.00 shares at 38.95 on 2024-11-08 19:00:00+00:00
2024-11-11 10:08:26,132 - Long Buy 183.00 shares at 38.96 on 2024-11-08 19:15:00+00:00
2024-11-11 10:08:26,132 - Long Buy 179.00 shares at 38.96 on 2024-11-08 19:30:00+00:00
2024-11-11 10:08:26,132 - Long Buy 176.00 shares at 38.95 on 2024-11-08 19:45:00+00:00
2024-11-11 10:08:26,132 - Long Buy 172.00 shares at 38.93 on 2024-11-08 20:00:00+00:00
2024-11-11 10:08:26,132 - Long Buy 169.00 shares at 38.91 on 2024-11-08 20:15:00+00:00
2024-11-11 10:08:26,132 - Sell to close 17312.00 shares at 38.91 on 2024-11-08 20:30:00+00:00 (Exit: Signal, Profit: -1898.8500000000513, Duration: 2940.0 minutes)
2024-11-11 10:08:26,132 - Short Sell 511.00 shares at 38.93 on 2024-11-08 20:45:00+00:00
2024-11-11 10:08:26,133 - Final statisticsStock: JNPR, 
total_trades: 28, 
winning_trades: 21, 
losing_trades: 7, 
average_return: 0.0003832986819631571, 
average_duration: 1359.107142857143, 
final_balance: 1016216.879999999, 
final_portfolio_value: 996323.649999999, 
sharpe_ratio: 8.470348250561061, 



