2024-11-11 20:07:56,210 - Starting GBMStrategy with initial capital: 1000000
2024-11-11 20:07:56,210 - Hyperparameters: {'threshold': 1.5, 'time_periods': 30, 'num_simulations': 150}
2024-11-11 20:09:41,551 - Short Sell 92.00 shares at 216.59 on 2024-10-11 14:30:00+00:00
2024-11-11 20:09:41,553 - Buy to cover -92.00 shares at 215.76 on 2024-10-11 16:00:00+00:00 (Exit: Signal, Profit: 76.35999999999854, Duration: 90.0 minutes)
2024-11-11 20:09:41,553 - Long Buy 92.00 shares at 215.83 on 2024-10-11 16:15:00+00:00
2024-11-11 20:09:41,553 - Long Buy 90.00 shares at 215.72 on 2024-10-11 16:30:00+00:00
2024-11-11 20:09:41,553 - Long Buy 89.00 shares at 215.51 on 2024-10-11 16:45:00+00:00
2024-11-11 20:09:41,553 - Long Buy 87.00 shares at 215.8 on 2024-10-11 17:00:00+00:00
2024-11-11 20:09:41,553 - Long Buy 85.00 shares at 215.8 on 2024-10-11 17:15:00+00:00
2024-11-11 20:09:41,554 - Sell to close 443.00 shares at 217.51 on 2024-10-14 15:00:00+00:00 (Exit: Profit_take, Profit: 787.779999999983, Duration: 4245.0 minutes)
2024-11-11 20:09:41,554 - Short Sell 92.00 shares at 217.56 on 2024-10-14 15:15:00+00:00
2024-11-11 20:09:41,554 - Buy to cover -92.00 shares at 217.47 on 2024-10-14 15:30:00+00:00 (Exit: Signal, Profit: 8.280000000000314, Duration: 15.0 minutes)
2024-11-11 20:09:41,554 - Long Buy 92.00 shares at 217.35 on 2024-10-14 15:45:00+00:00
2024-11-11 20:09:41,554 - Long Buy 90.00 shares at 217.01 on 2024-10-14 16:00:00+00:00
2024-11-11 20:09:41,554 - Long Buy 88.00 shares at 217.13 on 2024-10-14 16:15:00+00:00
2024-11-11 20:09:41,554 - Long Buy 86.00 shares at 216.93 on 2024-10-14 17:00:00+00:00
2024-11-11 20:09:41,554 - Long Buy 85.00 shares at 217.0 on 2024-10-14 17:15:00+00:00
2024-11-11 20:09:41,554 - Long Buy 83.00 shares at 216.78 on 2024-10-14 17:30:00+00:00
2024-11-11 20:09:41,554 - Long Buy 82.00 shares at 216.27 on 2024-10-14 17:45:00+00:00
2024-11-11 20:09:41,554 - Long Buy 80.00 shares at 216.27 on 2024-10-14 18:00:00+00:00
2024-11-11 20:09:41,554 - Long Buy 78.00 shares at 216.56 on 2024-10-14 18:15:00+00:00
2024-11-11 20:09:41,554 - Long Buy 77.00 shares at 216.59 on 2024-10-14 18:30:00+00:00
2024-11-11 20:09:41,554 - Long Buy 75.00 shares at 216.72 on 2024-10-14 18:45:00+00:00
2024-11-11 20:09:41,555 - Long Buy 74.00 shares at 216.6 on 2024-10-14 19:00:00+00:00
2024-11-11 20:09:41,555 - Long Buy 72.00 shares at 216.92 on 2024-10-14 19:15:00+00:00
2024-11-11 20:09:41,555 - Long Buy 71.00 shares at 216.85 on 2024-10-14 19:45:00+00:00
2024-11-11 20:09:41,555 - Sell to close 1133.00 shares at 219.3 on 2024-10-15 14:00:00+00:00 (Exit: Profit_take, Profit: 2836.8000000000457, Duration: 1335.0 minutes)
2024-11-11 20:09:41,555 - Short Sell 91.00 shares at 219.62 on 2024-10-15 14:15:00+00:00
2024-11-11 20:09:41,555 - Short Sell 91.00 shares at 219.76 on 2024-10-15 14:30:00+00:00
2024-11-11 20:09:41,555 - Short Sell 91.00 shares at 219.48 on 2024-10-15 14:45:00+00:00
2024-11-11 20:09:41,555 - Short Sell 91.00 shares at 219.79 on 2024-10-15 15:00:00+00:00
2024-11-11 20:09:41,555 - Short Sell 91.00 shares at 219.66 on 2024-10-15 15:15:00+00:00
2024-11-11 20:09:41,555 - Short Sell 91.00 shares at 219.88 on 2024-10-15 15:30:00+00:00
2024-11-11 20:09:41,555 - Short Sell 91.00 shares at 219.47 on 2024-10-15 15:45:00+00:00
2024-11-11 20:09:41,555 - Short Sell 91.00 shares at 219.64 on 2024-10-15 16:00:00+00:00
2024-11-11 20:09:41,555 - Short Sell 91.00 shares at 219.94 on 2024-10-15 16:15:00+00:00
2024-11-11 20:09:41,555 - Buy to cover -819.00 shares at 219.46 on 2024-10-15 16:30:00+00:00 (Exit: Signal, Profit: 191.09999999998914, Duration: 135.0 minutes)
2024-11-11 20:09:41,555 - Long Buy 91.00 shares at 219.19 on 2024-10-15 16:45:00+00:00
2024-11-11 20:09:41,555 - Long Buy 89.00 shares at 219.11 on 2024-10-15 17:00:00+00:00
2024-11-11 20:09:41,555 - Long Buy 88.00 shares at 219.09 on 2024-10-15 17:15:00+00:00
2024-11-11 20:09:41,555 - Long Buy 86.00 shares at 219.08 on 2024-10-15 17:30:00+00:00
2024-11-11 20:09:41,556 - Long Buy 84.00 shares at 218.09 on 2024-10-15 17:45:00+00:00
2024-11-11 20:09:41,556 - Long Buy 83.00 shares at 217.98 on 2024-10-15 18:00:00+00:00
2024-11-11 20:09:41,556 - Long Buy 81.00 shares at 217.97 on 2024-10-15 18:15:00+00:00
2024-11-11 20:09:41,556 - Long Buy 80.00 shares at 217.49 on 2024-10-15 18:30:00+00:00
2024-11-11 20:09:41,556 - Long Buy 78.00 shares at 217.52 on 2024-10-15 18:45:00+00:00
2024-11-11 20:09:41,556 - Long Buy 76.00 shares at 217.7 on 2024-10-15 19:00:00+00:00
2024-11-11 20:09:41,556 - Long Buy 75.00 shares at 217.3 on 2024-10-15 19:15:00+00:00
2024-11-11 20:09:41,556 - Long Buy 74.00 shares at 217.46 on 2024-10-15 19:30:00+00:00
2024-11-11 20:09:41,556 - Sell to close 985.00 shares at 216.62 on 2024-10-15 19:45:00+00:00 (Exit: Stop_loss, Profit: -1565.1500000000167, Duration: 180.0 minutes)
2024-11-11 20:09:41,556 - Long Buy 92.00 shares at 216.6 on 2024-10-16 13:30:00+00:00
2024-11-11 20:09:41,556 - Sell to close 92.00 shares at 217.83 on 2024-10-16 13:45:00+00:00 (Exit: Profit_take, Profit: 113.16000000000167, Duration: 15.0 minutes)
2024-11-11 20:09:41,556 - Long Buy 91.00 shares at 217.97 on 2024-10-16 14:00:00+00:00
2024-11-11 20:09:41,556 - Long Buy 90.00 shares at 217.45 on 2024-10-16 14:15:00+00:00
2024-11-11 20:09:41,556 - Long Buy 88.00 shares at 217.39 on 2024-10-16 14:30:00+00:00
2024-11-11 20:09:41,556 - Long Buy 87.00 shares at 216.82 on 2024-10-16 14:45:00+00:00
2024-11-11 20:09:41,556 - Long Buy 85.00 shares at 216.56 on 2024-10-16 15:00:00+00:00
2024-11-11 20:09:41,556 - Long Buy 84.00 shares at 215.86 on 2024-10-16 15:15:00+00:00
2024-11-11 20:09:41,556 - Long Buy 82.00 shares at 215.93 on 2024-10-16 15:30:00+00:00
2024-11-11 20:09:41,556 - Sell to close 607.00 shares at 215.72 on 2024-10-16 15:45:00+00:00 (Exit: Stop_loss, Profit: -703.4899999999952, Duration: 105.0 minutes)
2024-11-11 20:09:41,557 - Short Sell 92.00 shares at 216.58 on 2024-10-17 13:30:00+00:00
2024-11-11 20:09:41,557 - Buy to cover -92.00 shares at 215.15 on 2024-10-17 14:15:00+00:00 (Exit: Profit_take, Profit: 131.56000000000063, Duration: 45.0 minutes)
2024-11-11 20:09:41,557 - Long Buy 93.00 shares at 214.89 on 2024-10-17 14:30:00+00:00
2024-11-11 20:09:41,557 - Long Buy 91.00 shares at 214.99 on 2024-10-17 15:45:00+00:00
2024-11-11 20:09:41,557 - Long Buy 89.00 shares at 214.82 on 2024-10-17 16:00:00+00:00
2024-11-11 20:09:41,557 - Long Buy 87.00 shares at 214.92 on 2024-10-17 16:30:00+00:00
2024-11-11 20:09:41,557 - Long Buy 86.00 shares at 214.92 on 2024-10-17 17:15:00+00:00
2024-11-11 20:09:41,557 - Long Buy 84.00 shares at 214.57 on 2024-10-17 17:30:00+00:00
2024-11-11 20:09:41,557 - Long Buy 82.00 shares at 214.75 on 2024-10-17 17:45:00+00:00
2024-11-11 20:09:41,557 - Long Buy 81.00 shares at 214.34 on 2024-10-17 18:00:00+00:00
2024-11-11 20:09:41,557 - Long Buy 79.00 shares at 214.13 on 2024-10-17 18:15:00+00:00
2024-11-11 20:09:41,557 - Sell to close 772.00 shares at 214.2 on 2024-10-17 18:30:00+00:00 (Exit: Signal, Profit: -397.7900000000126, Duration: 240.0 minutes)
2024-11-11 20:09:41,558 - Short Sell 93.00 shares at 214.77 on 2024-10-17 19:00:00+00:00
2024-11-11 20:09:41,558 - Short Sell 93.00 shares at 215.09 on 2024-10-17 19:15:00+00:00
2024-11-11 20:09:41,558 - Short Sell 93.00 shares at 215.11 on 2024-10-17 19:30:00+00:00
2024-11-11 20:09:41,558 - Short Sell 93.00 shares at 215.13 on 2024-10-17 19:45:00+00:00
2024-11-11 20:09:41,558 - Buy to cover -372.00 shares at 213.43 on 2024-10-18 13:30:00+00:00 (Exit: Profit_take, Profit: 593.339999999989, Duration: 1110.0 minutes)
2024-11-11 20:09:41,558 - Short Sell 93.00 shares at 214.66 on 2024-10-18 13:45:00+00:00
2024-11-11 20:09:41,558 - Short Sell 93.00 shares at 214.7 on 2024-10-18 14:00:00+00:00
2024-11-11 20:09:41,558 - Short Sell 93.00 shares at 214.75 on 2024-10-18 14:15:00+00:00
2024-11-11 20:09:41,558 - Short Sell 93.00 shares at 214.67 on 2024-10-18 14:45:00+00:00
2024-11-11 20:09:41,558 - Short Sell 93.00 shares at 214.8 on 2024-10-18 15:00:00+00:00
2024-11-11 20:09:41,558 - Short Sell 93.00 shares at 214.56 on 2024-10-18 15:15:00+00:00
2024-11-11 20:09:41,558 - Short Sell 93.00 shares at 214.81 on 2024-10-18 15:30:00+00:00
2024-11-11 20:09:41,558 - Short Sell 93.00 shares at 214.81 on 2024-10-18 15:45:00+00:00
2024-11-11 20:09:41,558 - Short Sell 92.00 shares at 215.62 on 2024-10-18 16:00:00+00:00
2024-11-11 20:09:41,558 - Short Sell 92.00 shares at 216.03 on 2024-10-18 16:15:00+00:00
2024-11-11 20:09:41,558 - Short Sell 92.00 shares at 215.71 on 2024-10-18 16:30:00+00:00
2024-11-11 20:09:41,558 - Short Sell 92.00 shares at 215.78 on 2024-10-18 16:45:00+00:00
2024-11-11 20:09:41,558 - Short Sell 92.00 shares at 215.86 on 2024-10-18 17:00:00+00:00
2024-11-11 20:09:41,558 - Short Sell 92.00 shares at 216.03 on 2024-10-18 17:15:00+00:00
2024-11-11 20:09:41,558 - Short Sell 92.00 shares at 215.94 on 2024-10-18 17:30:00+00:00
2024-11-11 20:09:41,559 - Short Sell 92.00 shares at 215.68 on 2024-10-18 17:45:00+00:00
2024-11-11 20:09:41,559 - Short Sell 92.00 shares at 215.95 on 2024-10-18 18:00:00+00:00
2024-11-11 20:09:41,559 - Short Sell 92.00 shares at 216.11 on 2024-10-18 18:15:00+00:00
2024-11-11 20:09:41,559 - Short Sell 92.00 shares at 216.14 on 2024-10-18 18:30:00+00:00
2024-11-11 20:09:41,559 - Short Sell 92.00 shares at 215.8 on 2024-10-18 18:45:00+00:00
2024-11-11 20:09:41,559 - Short Sell 93.00 shares at 215.31 on 2024-10-18 19:00:00+00:00
2024-11-11 20:09:41,559 - Short Sell 93.00 shares at 215.2 on 2024-10-18 19:15:00+00:00
2024-11-11 20:09:41,559 - Buy to cover -2034.00 shares at 215.07 on 2024-10-18 19:30:00+00:00 (Exit: Signal, Profit: 676.529999999992, Duration: 345.0 minutes)
2024-11-11 20:09:41,559 - Short Sell 92.00 shares at 215.75 on 2024-10-18 19:45:00+00:00
2024-11-11 20:09:41,559 - Short Sell 93.00 shares at 215.42 on 2024-10-21 13:30:00+00:00
2024-11-11 20:09:41,559 - Buy to cover -185.00 shares at 214.9 on 2024-10-21 13:45:00+00:00 (Exit: Signal, Profit: 126.55999999999693, Duration: 3960.0 minutes)
2024-11-11 20:09:41,559 - Long Buy 93.00 shares at 214.39 on 2024-10-21 14:00:00+00:00
2024-11-11 20:09:41,559 - Long Buy 91.00 shares at 214.01 on 2024-10-21 14:15:00+00:00
2024-11-11 20:09:41,559 - Long Buy 89.00 shares at 214.48 on 2024-10-21 14:30:00+00:00
2024-11-11 20:09:41,559 - Long Buy 88.00 shares at 214.18 on 2024-10-21 14:45:00+00:00
2024-11-11 20:09:41,559 - Long Buy 86.00 shares at 214.11 on 2024-10-21 15:00:00+00:00
2024-11-11 20:09:41,559 - Long Buy 84.00 shares at 213.58 on 2024-10-21 15:15:00+00:00
2024-11-11 20:09:41,559 - Long Buy 83.00 shares at 213.5 on 2024-10-21 15:30:00+00:00
2024-11-11 20:09:41,559 - Long Buy 81.00 shares at 213.93 on 2024-10-21 15:45:00+00:00
2024-11-11 20:09:41,559 - Long Buy 79.00 shares at 214.17 on 2024-10-21 16:00:00+00:00
2024-11-11 20:09:41,560 - Long Buy 78.00 shares at 214.15 on 2024-10-21 16:15:00+00:00
2024-11-11 20:09:41,560 - Long Buy 76.00 shares at 214.56 on 2024-10-21 16:30:00+00:00
2024-11-11 20:09:41,560 - Long Buy 74.00 shares at 214.63 on 2024-10-21 16:45:00+00:00
2024-11-11 20:09:41,560 - Long Buy 73.00 shares at 214.45 on 2024-10-21 17:00:00+00:00
2024-11-11 20:09:41,560 - Sell to close 1075.00 shares at 215.57 on 2024-10-21 17:15:00+00:00 (Exit: Profit_take, Profit: 1517.8399999999847, Duration: 195.0 minutes)
2024-11-11 20:09:41,560 - Long Buy 93.00 shares at 214.36 on 2024-10-21 18:15:00+00:00
2024-11-11 20:09:41,560 - Long Buy 92.00 shares at 213.96 on 2024-10-21 18:30:00+00:00
2024-11-11 20:09:41,560 - Long Buy 90.00 shares at 213.34 on 2024-10-21 18:45:00+00:00
2024-11-11 20:09:41,560 - Long Buy 88.00 shares at 213.83 on 2024-10-21 19:00:00+00:00
2024-11-11 20:09:41,560 - Long Buy 86.00 shares at 213.63 on 2024-10-21 19:15:00+00:00
2024-11-11 20:09:41,560 - Long Buy 84.00 shares at 214.28 on 2024-10-21 19:30:00+00:00
2024-11-11 20:09:41,560 - Long Buy 83.00 shares at 214.04 on 2024-10-21 19:45:00+00:00
2024-11-11 20:09:41,560 - Sell to close 616.00 shares at 220.99 on 2024-10-22 13:30:00+00:00 (Exit: Profit_take, Profit: 4355.380000000016, Duration: 1155.0 minutes)
2024-11-11 20:09:41,560 - Short Sell 91.00 shares at 219.56 on 2024-10-22 13:45:00+00:00
2024-11-11 20:09:41,560 - Buy to cover -91.00 shares at 219.21 on 2024-10-22 14:00:00+00:00 (Exit: Signal, Profit: 31.849999999999483, Duration: 15.0 minutes)
2024-11-11 20:09:41,560 - Long Buy 92.00 shares at 217.92 on 2024-10-22 14:15:00+00:00
2024-11-11 20:09:41,560 - Long Buy 91.00 shares at 217.18 on 2024-10-22 14:30:00+00:00
2024-11-11 20:09:41,561 - Sell to close 183.00 shares at 218.64 on 2024-10-22 14:45:00+00:00 (Exit: Profit_take, Profit: 199.09999999999584, Duration: 30.0 minutes)
2024-11-11 20:09:41,561 - Long Buy 92.00 shares at 219.15 on 2024-10-22 15:00:00+00:00
2024-11-11 20:09:41,561 - Sell to close 92.00 shares at 220.49 on 2024-10-22 16:15:00+00:00 (Exit: Profit_take, Profit: 123.28000000000031, Duration: 75.0 minutes)
2024-11-11 20:09:41,561 - Short Sell 91.00 shares at 220.53 on 2024-10-22 16:30:00+00:00
2024-11-11 20:09:41,561 - Short Sell 91.00 shares at 220.78 on 2024-10-22 16:45:00+00:00
2024-11-11 20:09:41,561 - Short Sell 91.00 shares at 220.52 on 2024-10-22 17:00:00+00:00
2024-11-11 20:09:41,561 - Short Sell 91.00 shares at 220.87 on 2024-10-22 17:15:00+00:00
2024-11-11 20:09:41,561 - Short Sell 91.00 shares at 220.63 on 2024-10-22 18:00:00+00:00
2024-11-11 20:09:41,561 - Short Sell 91.00 shares at 220.48 on 2024-10-22 18:15:00+00:00
2024-11-11 20:09:41,561 - Short Sell 91.00 shares at 220.68 on 2024-10-22 18:45:00+00:00
2024-11-11 20:09:41,561 - Short Sell 91.00 shares at 220.72 on 2024-10-22 19:00:00+00:00
2024-11-11 20:09:41,561 - Buy to cover -728.00 shares at 224.49 on 2024-10-23 13:30:00+00:00 (Exit: Stop_loss, Profit: -2794.6100000000242, Duration: 1260.0 minutes)
2024-11-11 20:09:41,562 - Short Sell 87.00 shares at 230.69 on 2024-10-24 13:30:00+00:00
2024-11-11 20:09:41,562 - Buy to cover -87.00 shares at 234.29 on 2024-10-24 13:45:00+00:00 (Exit: Stop_loss, Profit: -313.1999999999995, Duration: 15.0 minutes)
2024-11-11 20:09:41,562 - Long Buy 87.00 shares at 230.22 on 2024-10-25 13:30:00+00:00
2024-11-11 20:09:41,562 - Long Buy 85.00 shares at 230.97 on 2024-10-25 13:45:00+00:00
2024-11-11 20:09:41,562 - Long Buy 83.00 shares at 231.09 on 2024-10-25 14:00:00+00:00
2024-11-11 20:09:41,562 - Long Buy 82.00 shares at 231.01 on 2024-10-25 14:15:00+00:00
2024-11-11 20:09:41,562 - Long Buy 80.00 shares at 230.94 on 2024-10-25 14:30:00+00:00
2024-11-11 20:09:41,562 - Long Buy 78.00 shares at 230.74 on 2024-10-25 14:45:00+00:00
2024-11-11 20:09:41,562 - Long Buy 77.00 shares at 230.56 on 2024-10-25 15:00:00+00:00
2024-11-11 20:09:41,562 - Long Buy 75.00 shares at 230.26 on 2024-10-25 15:15:00+00:00
2024-11-11 20:09:41,562 - Long Buy 74.00 shares at 230.77 on 2024-10-25 15:30:00+00:00
2024-11-11 20:09:41,562 - Long Buy 72.00 shares at 231.05 on 2024-10-25 15:45:00+00:00
2024-11-11 20:09:41,563 - Long Buy 71.00 shares at 230.76 on 2024-10-25 16:00:00+00:00
2024-11-11 20:09:41,563 - Long Buy 69.00 shares at 230.56 on 2024-10-25 16:15:00+00:00
2024-11-11 20:09:41,563 - Long Buy 68.00 shares at 230.73 on 2024-10-25 16:30:00+00:00
2024-11-11 20:09:41,563 - Long Buy 67.00 shares at 230.23 on 2024-10-25 16:45:00+00:00
2024-11-11 20:09:41,563 - Long Buy 66.00 shares at 229.86 on 2024-10-25 17:00:00+00:00
2024-11-11 20:09:41,563 - Long Buy 64.00 shares at 229.27 on 2024-10-25 17:30:00+00:00
2024-11-11 20:09:41,563 - Long Buy 63.00 shares at 229.03 on 2024-10-25 17:45:00+00:00
2024-11-11 20:09:41,563 - Sell to close 1261.00 shares at 228.51 on 2024-10-25 18:00:00+00:00 (Exit: Stop_loss, Profit: -2522.470000000104, Duration: 270.0 minutes)
2024-11-11 20:09:41,563 - Long Buy 87.00 shares at 228.59 on 2024-10-28 13:45:00+00:00
2024-11-11 20:09:41,563 - Long Buy 86.00 shares at 227.39 on 2024-10-28 14:00:00+00:00
2024-11-11 20:09:41,563 - Long Buy 84.00 shares at 228.5 on 2024-10-28 14:15:00+00:00
2024-11-11 20:09:41,563 - Long Buy 83.00 shares at 227.57 on 2024-10-28 14:30:00+00:00
2024-11-11 20:09:41,563 - Long Buy 81.00 shares at 227.72 on 2024-10-28 14:45:00+00:00
2024-11-11 20:09:41,563 - Long Buy 79.00 shares at 228.16 on 2024-10-28 15:00:00+00:00
2024-11-11 20:09:41,563 - Long Buy 78.00 shares at 227.89 on 2024-10-28 15:15:00+00:00
2024-11-11 20:09:41,563 - Long Buy 77.00 shares at 226.41 on 2024-10-28 15:30:00+00:00
2024-11-11 20:09:41,563 - Sell to close 655.00 shares at 226.07 on 2024-10-28 15:45:00+00:00 (Exit: Stop_loss, Profit: -1128.28, Duration: 120.0 minutes)
2024-11-11 20:09:41,564 - Short Sell 88.00 shares at 227.25 on 2024-10-29 13:45:00+00:00
2024-11-11 20:09:41,564 - Short Sell 87.00 shares at 228.17 on 2024-10-29 14:00:00+00:00
2024-11-11 20:09:41,564 - Short Sell 87.00 shares at 228.27 on 2024-10-29 14:15:00+00:00
2024-11-11 20:09:41,564 - Short Sell 87.00 shares at 229.0 on 2024-10-29 14:30:00+00:00
2024-11-11 20:09:41,564 - Short Sell 87.00 shares at 228.34 on 2024-10-29 14:45:00+00:00
2024-11-11 20:09:41,564 - Short Sell 87.00 shares at 228.51 on 2024-10-29 15:00:00+00:00
2024-11-11 20:09:41,564 - Short Sell 87.00 shares at 228.42 on 2024-10-29 15:15:00+00:00
2024-11-11 20:09:41,564 - Short Sell 87.00 shares at 228.79 on 2024-10-29 15:30:00+00:00
2024-11-11 20:09:41,564 - Short Sell 87.00 shares at 228.8 on 2024-10-29 15:45:00+00:00
2024-11-11 20:09:41,564 - Short Sell 87.00 shares at 229.45 on 2024-10-29 16:00:00+00:00
2024-11-11 20:09:41,564 - Short Sell 87.00 shares at 229.26 on 2024-10-29 16:15:00+00:00
2024-11-11 20:09:41,564 - Buy to cover -958.00 shares at 229.8 on 2024-10-29 16:30:00+00:00 (Exit: Stop_loss, Profit: -1180.5300000000202, Duration: 165.0 minutes)
2024-11-11 20:09:41,564 - Short Sell 87.00 shares at 229.02 on 2024-10-30 13:30:00+00:00
2024-11-11 20:09:41,565 - Short Sell 86.00 shares at 230.4 on 2024-10-30 13:45:00+00:00
2024-11-11 20:09:41,565 - Short Sell 86.00 shares at 230.4 on 2024-10-30 14:00:00+00:00
2024-11-11 20:09:41,565 - Short Sell 87.00 shares at 229.78 on 2024-10-30 14:15:00+00:00
2024-11-11 20:09:41,565 - Short Sell 87.00 shares at 229.18 on 2024-10-30 14:30:00+00:00
2024-11-11 20:09:41,565 - Short Sell 87.00 shares at 229.82 on 2024-10-30 14:45:00+00:00
2024-11-11 20:09:41,565 - Short Sell 87.00 shares at 229.56 on 2024-10-30 15:00:00+00:00
2024-11-11 20:09:41,565 - Short Sell 87.00 shares at 229.84 on 2024-10-30 15:15:00+00:00
2024-11-11 20:09:41,565 - Short Sell 86.00 shares at 230.23 on 2024-10-30 15:45:00+00:00
2024-11-11 20:09:41,565 - Short Sell 87.00 shares at 229.9 on 2024-10-30 16:00:00+00:00
2024-11-11 20:09:41,565 - Short Sell 87.00 shares at 229.48 on 2024-10-30 16:15:00+00:00
2024-11-11 20:09:41,565 - Short Sell 86.00 shares at 230.25 on 2024-10-30 16:30:00+00:00
2024-11-11 20:09:41,565 - Short Sell 87.00 shares at 229.68 on 2024-10-30 16:45:00+00:00
2024-11-11 20:09:41,565 - Short Sell 87.00 shares at 229.81 on 2024-10-30 17:00:00+00:00
2024-11-11 20:09:41,565 - Short Sell 86.00 shares at 230.2 on 2024-10-30 17:15:00+00:00
2024-11-11 20:09:41,565 - Short Sell 86.00 shares at 230.53 on 2024-10-30 17:30:00+00:00
2024-11-11 20:09:41,565 - Short Sell 86.00 shares at 230.24 on 2024-10-30 17:45:00+00:00
2024-11-11 20:09:41,565 - Buy to cover -1472.00 shares at 231.71 on 2024-10-30 18:00:00+00:00 (Exit: Stop_loss, Profit: -2665.529999999926, Duration: 270.0 minutes)
2024-11-11 20:09:41,565 - Long Buy 86.00 shares at 229.77 on 2024-10-31 13:30:00+00:00
2024-11-11 20:09:41,565 - Sell to close 86.00 shares at 230.97 on 2024-10-31 13:45:00+00:00 (Exit: Profit_take, Profit: 103.19999999999902, Duration: 15.0 minutes)
2024-11-11 20:09:41,566 - Long Buy 86.00 shares at 229.81 on 2024-10-31 15:00:00+00:00
2024-11-11 20:09:41,566 - Long Buy 85.00 shares at 228.37 on 2024-10-31 15:15:00+00:00
2024-11-11 20:09:41,566 - Long Buy 83.00 shares at 228.52 on 2024-10-31 15:30:00+00:00
2024-11-11 20:09:41,566 - Long Buy 82.00 shares at 229.22 on 2024-10-31 15:45:00+00:00
2024-11-11 20:09:41,566 - Long Buy 80.00 shares at 229.11 on 2024-10-31 16:00:00+00:00
2024-11-11 20:09:41,566 - Long Buy 78.00 shares at 228.83 on 2024-10-31 16:15:00+00:00
2024-11-11 20:09:41,566 - Long Buy 77.00 shares at 228.69 on 2024-10-31 16:30:00+00:00
2024-11-11 20:09:41,566 - Long Buy 75.00 shares at 228.84 on 2024-10-31 16:45:00+00:00
2024-11-11 20:09:41,566 - Long Buy 74.00 shares at 228.71 on 2024-10-31 17:00:00+00:00
2024-11-11 20:09:41,566 - Long Buy 73.00 shares at 228.41 on 2024-10-31 17:15:00+00:00
2024-11-11 20:09:41,566 - Long Buy 71.00 shares at 227.73 on 2024-10-31 17:30:00+00:00
2024-11-11 20:09:41,566 - Long Buy 70.00 shares at 228.02 on 2024-10-31 17:45:00+00:00
2024-11-11 20:09:41,566 - Long Buy 68.00 shares at 228.2 on 2024-10-31 18:00:00+00:00
2024-11-11 20:09:41,566 - Long Buy 67.00 shares at 228.21 on 2024-10-31 18:15:00+00:00
2024-11-11 20:09:41,566 - Long Buy 66.00 shares at 227.98 on 2024-10-31 18:30:00+00:00
2024-11-11 20:09:41,566 - Long Buy 64.00 shares at 228.13 on 2024-10-31 18:45:00+00:00
2024-11-11 20:09:41,566 - Long Buy 63.00 shares at 228.48 on 2024-10-31 19:00:00+00:00
2024-11-11 20:09:41,566 - Long Buy 62.00 shares at 228.91 on 2024-10-31 19:15:00+00:00
2024-11-11 20:09:41,566 - Long Buy 60.00 shares at 228.73 on 2024-10-31 19:30:00+00:00
2024-11-11 20:09:41,566 - Long Buy 59.00 shares at 228.27 on 2024-10-31 19:45:00+00:00
2024-11-11 20:09:41,566 - Sell to close 1443.00 shares at 230.77 on 2024-11-01 13:30:00+00:00 (Exit: Profit_take, Profit: 3151.3700000000836, Duration: 1350.0 minutes)
2024-11-11 20:09:41,567 - Long Buy 87.00 shares at 230.08 on 2024-11-01 14:30:00+00:00
2024-11-11 20:09:41,567 - Long Buy 85.00 shares at 229.55 on 2024-11-01 14:45:00+00:00
2024-11-11 20:09:41,567 - Long Buy 84.00 shares at 228.94 on 2024-11-01 15:00:00+00:00
2024-11-11 20:09:41,567 - Long Buy 82.00 shares at 229.55 on 2024-11-01 15:15:00+00:00
2024-11-11 20:09:41,567 - Long Buy 80.00 shares at 229.5 on 2024-11-01 15:45:00+00:00
2024-11-11 20:09:41,567 - Long Buy 78.00 shares at 229.46 on 2024-11-01 16:00:00+00:00
2024-11-11 20:09:41,567 - Long Buy 77.00 shares at 229.11 on 2024-11-01 16:15:00+00:00
2024-11-11 20:09:41,567 - Long Buy 75.00 shares at 229.23 on 2024-11-01 16:30:00+00:00
2024-11-11 20:09:41,567 - Long Buy 74.00 shares at 228.74 on 2024-11-01 16:45:00+00:00
2024-11-11 20:09:41,567 - Long Buy 73.00 shares at 228.46 on 2024-11-01 17:00:00+00:00
2024-11-11 20:09:41,567 - Long Buy 71.00 shares at 228.3 on 2024-11-01 17:15:00+00:00
2024-11-11 20:09:41,567 - Long Buy 70.00 shares at 228.17 on 2024-11-01 17:30:00+00:00
2024-11-11 20:09:41,567 - Long Buy 68.00 shares at 228.24 on 2024-11-01 17:45:00+00:00
2024-11-11 20:09:41,567 - Long Buy 67.00 shares at 227.79 on 2024-11-01 18:00:00+00:00
2024-11-11 20:09:41,567 - Long Buy 66.00 shares at 228.37 on 2024-11-01 18:15:00+00:00
2024-11-11 20:09:41,567 - Long Buy 64.00 shares at 228.61 on 2024-11-01 18:30:00+00:00
2024-11-11 20:09:41,567 - Long Buy 63.00 shares at 228.37 on 2024-11-01 18:45:00+00:00
2024-11-11 20:09:41,567 - Long Buy 62.00 shares at 228.43 on 2024-11-01 19:00:00+00:00
2024-11-11 20:09:41,567 - Sell to close 1326.00 shares at 227.45 on 2024-11-01 19:15:00+00:00 (Exit: Stop_loss, Profit: -1896.8899999999824, Duration: 285.0 minutes)
2024-11-11 20:09:41,567 - Long Buy 88.00 shares at 226.9 on 2024-11-04 14:30:00+00:00
2024-11-11 20:09:41,568 - Sell to close 88.00 shares at 228.59 on 2024-11-04 14:45:00+00:00 (Exit: Profit_take, Profit: 148.7199999999998, Duration: 15.0 minutes)
2024-11-11 20:09:41,568 - Long Buy 87.00 shares at 228.17 on 2024-11-04 15:45:00+00:00
2024-11-11 20:09:41,568 - Long Buy 86.00 shares at 227.54 on 2024-11-04 16:00:00+00:00
2024-11-11 20:09:41,568 - Long Buy 84.00 shares at 227.07 on 2024-11-04 16:15:00+00:00
2024-11-11 20:09:41,568 - Long Buy 83.00 shares at 226.1 on 2024-11-04 16:30:00+00:00
2024-11-11 20:09:41,568 - Long Buy 81.00 shares at 225.9 on 2024-11-04 16:45:00+00:00
2024-11-11 20:09:41,568 - Long Buy 79.00 shares at 226.18 on 2024-11-04 17:00:00+00:00
2024-11-11 20:09:41,568 - Long Buy 78.00 shares at 226.56 on 2024-11-04 17:15:00+00:00
2024-11-11 20:09:41,568 - Sell to close 578.00 shares at 225.31 on 2024-11-05 14:30:00+00:00 (Exit: Stop_loss, Profit: -868.0299999999875, Duration: 1365.0 minutes)
2024-11-11 20:09:41,569 - Short Sell 86.00 shares at 231.74 on 2024-11-06 14:30:00+00:00
2024-11-11 20:09:41,569 - Buy to cover -86.00 shares at 229.26 on 2024-11-06 14:45:00+00:00 (Exit: Profit_take, Profit: 213.27999999999912, Duration: 15.0 minutes)
2024-11-11 20:09:41,569 - Short Sell 87.00 shares at 229.34 on 2024-11-06 15:00:00+00:00
2024-11-11 20:09:41,569 - Short Sell 87.00 shares at 229.61 on 2024-11-06 15:15:00+00:00
2024-11-11 20:09:41,569 - Short Sell 86.00 shares at 229.78 on 2024-11-06 15:30:00+00:00
2024-11-11 20:09:41,569 - Short Sell 86.00 shares at 230.02 on 2024-11-06 15:45:00+00:00
2024-11-11 20:09:41,569 - Buy to cover -346.00 shares at 231.66 on 2024-11-06 16:00:00+00:00 (Exit: Stop_loss, Profit: -682.909999999989, Duration: 60.0 minutes)
2024-11-11 20:09:41,569 - Short Sell 85.00 shares at 234.15 on 2024-11-07 14:30:00+00:00
2024-11-11 20:09:41,569 - Short Sell 85.00 shares at 234.1 on 2024-11-07 14:45:00+00:00
2024-11-11 20:09:41,569 - Short Sell 85.00 shares at 234.21 on 2024-11-07 15:15:00+00:00
2024-11-11 20:09:41,569 - Short Sell 85.00 shares at 234.86 on 2024-11-07 15:30:00+00:00
2024-11-11 20:09:41,569 - Short Sell 84.00 shares at 235.09 on 2024-11-07 15:45:00+00:00
2024-11-11 20:09:41,570 - Short Sell 84.00 shares at 235.23 on 2024-11-07 16:00:00+00:00
2024-11-11 20:09:41,570 - Short Sell 85.00 shares at 234.82 on 2024-11-07 16:15:00+00:00
2024-11-11 20:09:41,570 - Short Sell 85.00 shares at 234.63 on 2024-11-07 16:30:00+00:00
2024-11-11 20:09:41,570 - Short Sell 85.00 shares at 234.69 on 2024-11-07 16:45:00+00:00
2024-11-11 20:09:41,570 - Short Sell 84.00 shares at 236.08 on 2024-11-07 17:00:00+00:00
2024-11-11 20:09:41,570 - Short Sell 84.00 shares at 235.56 on 2024-11-07 17:15:00+00:00
2024-11-11 20:09:41,570 - Short Sell 84.00 shares at 236.09 on 2024-11-07 17:30:00+00:00
2024-11-11 20:09:41,570 - Short Sell 84.00 shares at 236.17 on 2024-11-07 17:45:00+00:00
2024-11-11 20:09:41,570 - Short Sell 84.00 shares at 235.83 on 2024-11-07 18:00:00+00:00
2024-11-11 20:09:41,570 - Short Sell 84.00 shares at 235.66 on 2024-11-07 18:15:00+00:00
2024-11-11 20:09:41,570 - Buy to cover -1267.00 shares at 236.99 on 2024-11-07 18:30:00+00:00 (Exit: Stop_loss, Profit: -2342.5899999999488, Duration: 240.0 minutes)
2024-11-11 20:09:41,570 - Short Sell 82.00 shares at 240.56 on 2024-11-08 14:30:00+00:00
2024-11-11 20:09:41,570 - Short Sell 83.00 shares at 239.74 on 2024-11-08 14:45:00+00:00
2024-11-11 20:09:41,570 - Short Sell 82.00 shares at 240.92 on 2024-11-08 15:00:00+00:00
2024-11-11 20:09:41,570 - Short Sell 82.00 shares at 240.55 on 2024-11-08 15:15:00+00:00
2024-11-11 20:09:41,570 - Short Sell 82.00 shares at 241.83 on 2024-11-08 15:30:00+00:00
2024-11-11 20:09:41,570 - Short Sell 82.00 shares at 240.89 on 2024-11-08 15:45:00+00:00
2024-11-11 20:09:41,570 - Short Sell 82.00 shares at 240.83 on 2024-11-08 16:00:00+00:00
2024-11-11 20:09:41,570 - Short Sell 82.00 shares at 241.15 on 2024-11-08 16:15:00+00:00
2024-11-11 20:09:41,570 - Short Sell 82.00 shares at 241.23 on 2024-11-08 16:30:00+00:00
2024-11-11 20:09:41,571 - Short Sell 82.00 shares at 241.73 on 2024-11-08 16:45:00+00:00
2024-11-11 20:09:41,571 - Short Sell 82.00 shares at 242.05 on 2024-11-08 17:00:00+00:00
2024-11-11 20:09:41,571 - Short Sell 82.00 shares at 241.71 on 2024-11-08 17:15:00+00:00
2024-11-11 20:09:41,571 - Short Sell 82.00 shares at 241.06 on 2024-11-08 17:30:00+00:00
2024-11-11 20:09:41,571 - Short Sell 82.00 shares at 241.52 on 2024-11-08 17:45:00+00:00
2024-11-11 20:09:41,571 - Short Sell 82.00 shares at 241.02 on 2024-11-08 18:00:00+00:00
2024-11-11 20:09:41,571 - Short Sell 82.00 shares at 241.42 on 2024-11-08 18:15:00+00:00
2024-11-11 20:09:41,571 - Short Sell 82.00 shares at 241.63 on 2024-11-08 18:30:00+00:00
2024-11-11 20:09:41,571 - Short Sell 82.00 shares at 241.89 on 2024-11-08 18:45:00+00:00
2024-11-11 20:09:41,571 - Buy to cover -1477.00 shares at 242.31 on 2024-11-08 19:00:00+00:00 (Exit: Stop_loss, Profit: -1630.2700000000293, Duration: 270.0 minutes)
2024-11-11 20:09:41,573 - Final statisticsStock: LH, 
total_trades: 33, 
winning_trades: 19, 
losing_trades: 14, 
average_return: 0.0007078012424330694, 
average_duration: 575.9090909090909, 
final_balance: 994693.750000001, 
final_portfolio_value: 994693.750000001, 
sharpe_ratio: 1.9858537622009633, 



