2024-11-11 09:49:29,453 - Starting GBMStrategy with initial capital: 1000000
2024-11-11 09:49:29,453 - Hyperparameters: {'threshold': 0.5, 'time_periods': 30, 'num_simulations': 150}
2024-11-11 09:50:32,983 - Short Sell 92.00 shares at 216.59 on 2024-10-11 14:30:00+00:00
2024-11-11 09:50:32,984 - Buy to cover -92.00 shares at 216.44 on 2024-10-11 15:00:00+00:00 (Exit: Signal, Profit: 13.799999999997908, Duration: 30.0 minutes)
2024-11-11 09:50:32,984 - Long Buy 92.00 shares at 216.24 on 2024-10-11 15:30:00+00:00
2024-11-11 09:50:32,984 - Long Buy 90.00 shares at 216.36 on 2024-10-11 15:45:00+00:00
2024-11-11 09:50:32,984 - Long Buy 89.00 shares at 215.76 on 2024-10-11 16:00:00+00:00
2024-11-11 09:50:32,985 - Long Buy 87.00 shares at 215.83 on 2024-10-11 16:15:00+00:00
2024-11-11 09:50:32,985 - Long Buy 85.00 shares at 215.72 on 2024-10-11 16:30:00+00:00
2024-11-11 09:50:32,985 - Long Buy 83.00 shares at 215.51 on 2024-10-11 16:45:00+00:00
2024-11-11 09:50:32,985 - Long Buy 82.00 shares at 215.8 on 2024-10-11 17:00:00+00:00
2024-11-11 09:50:32,985 - Long Buy 80.00 shares at 215.8 on 2024-10-11 17:15:00+00:00
2024-11-11 09:50:32,985 - Long Buy 78.00 shares at 216.01 on 2024-10-11 17:30:00+00:00
2024-11-11 09:50:32,985 - Long Buy 77.00 shares at 216.36 on 2024-10-11 17:45:00+00:00
2024-11-11 09:50:32,985 - Long Buy 75.00 shares at 216.38 on 2024-10-11 18:00:00+00:00
2024-11-11 09:50:32,985 - Long Buy 74.00 shares at 216.1 on 2024-10-11 18:15:00+00:00
2024-11-11 09:50:32,985 - Long Buy 72.00 shares at 216.36 on 2024-10-11 18:30:00+00:00
2024-11-11 09:50:32,985 - Long Buy 71.00 shares at 216.34 on 2024-10-11 19:00:00+00:00
2024-11-11 09:50:32,985 - Long Buy 69.00 shares at 216.27 on 2024-10-11 19:15:00+00:00
2024-11-11 09:50:32,985 - Long Buy 68.00 shares at 215.84 on 2024-10-14 13:30:00+00:00
2024-11-11 09:50:32,985 - Long Buy 67.00 shares at 215.86 on 2024-10-14 13:45:00+00:00
2024-11-11 09:50:32,985 - Sell to close 1339.00 shares at 217.51 on 2024-10-14 15:00:00+00:00 (Exit: Signal, Profit: 1987.6000000000151, Duration: 4290.0 minutes)
2024-11-11 09:50:32,985 - Short Sell 92.00 shares at 217.56 on 2024-10-14 15:15:00+00:00
2024-11-11 09:50:32,985 - Buy to cover -92.00 shares at 217.47 on 2024-10-14 15:30:00+00:00 (Exit: Signal, Profit: 8.280000000000314, Duration: 15.0 minutes)
2024-11-11 09:50:32,985 - Long Buy 92.00 shares at 217.35 on 2024-10-14 15:45:00+00:00
2024-11-11 09:50:32,985 - Long Buy 90.00 shares at 217.01 on 2024-10-14 16:00:00+00:00
2024-11-11 09:50:32,985 - Long Buy 88.00 shares at 217.13 on 2024-10-14 16:15:00+00:00
2024-11-11 09:50:32,985 - Long Buy 86.00 shares at 216.93 on 2024-10-14 17:00:00+00:00
2024-11-11 09:50:32,985 - Long Buy 85.00 shares at 217.0 on 2024-10-14 17:15:00+00:00
2024-11-11 09:50:32,985 - Long Buy 83.00 shares at 216.78 on 2024-10-14 17:30:00+00:00
2024-11-11 09:50:32,986 - Long Buy 82.00 shares at 216.27 on 2024-10-14 17:45:00+00:00
2024-11-11 09:50:32,986 - Long Buy 80.00 shares at 216.27 on 2024-10-14 18:00:00+00:00
2024-11-11 09:50:32,986 - Long Buy 78.00 shares at 216.56 on 2024-10-14 18:15:00+00:00
2024-11-11 09:50:32,986 - Long Buy 77.00 shares at 216.59 on 2024-10-14 18:30:00+00:00
2024-11-11 09:50:32,986 - Long Buy 75.00 shares at 216.72 on 2024-10-14 18:45:00+00:00
2024-11-11 09:50:32,986 - Long Buy 74.00 shares at 216.6 on 2024-10-14 19:00:00+00:00
2024-11-11 09:50:32,986 - Long Buy 72.00 shares at 216.92 on 2024-10-14 19:15:00+00:00
2024-11-11 09:50:32,986 - Long Buy 71.00 shares at 216.96 on 2024-10-14 19:30:00+00:00
2024-11-11 09:50:32,986 - Long Buy 69.00 shares at 216.85 on 2024-10-14 19:45:00+00:00
2024-11-11 09:50:32,986 - Long Buy 68.00 shares at 217.34 on 2024-10-15 13:30:00+00:00
2024-11-11 09:50:32,986 - Sell to close 1270.00 shares at 217.77 on 2024-10-15 13:45:00+00:00 (Exit: Signal, Profit: 1188.2200000000307, Duration: 1320.0 minutes)
2024-11-11 09:50:32,986 - Short Sell 91.00 shares at 219.3 on 2024-10-15 14:00:00+00:00
2024-11-11 09:50:32,986 - Short Sell 91.00 shares at 219.62 on 2024-10-15 14:15:00+00:00
2024-11-11 09:50:32,986 - Short Sell 91.00 shares at 219.76 on 2024-10-15 14:30:00+00:00
2024-11-11 09:50:32,986 - Short Sell 91.00 shares at 219.48 on 2024-10-15 14:45:00+00:00
2024-11-11 09:50:32,986 - Short Sell 91.00 shares at 219.79 on 2024-10-15 15:00:00+00:00
2024-11-11 09:50:32,986 - Short Sell 91.00 shares at 219.66 on 2024-10-15 15:15:00+00:00
2024-11-11 09:50:32,986 - Short Sell 91.00 shares at 219.88 on 2024-10-15 15:30:00+00:00
2024-11-11 09:50:32,986 - Short Sell 91.00 shares at 219.47 on 2024-10-15 15:45:00+00:00
2024-11-11 09:50:32,986 - Short Sell 91.00 shares at 219.64 on 2024-10-15 16:00:00+00:00
2024-11-11 09:50:32,986 - Short Sell 91.00 shares at 219.94 on 2024-10-15 16:15:00+00:00
2024-11-11 09:50:32,986 - Buy to cover -910.00 shares at 219.46 on 2024-10-15 16:30:00+00:00 (Exit: Signal, Profit: 176.53999999998945, Duration: 150.0 minutes)
2024-11-11 09:50:32,986 - Long Buy 91.00 shares at 219.19 on 2024-10-15 16:45:00+00:00
2024-11-11 09:50:32,986 - Long Buy 89.00 shares at 219.11 on 2024-10-15 17:00:00+00:00
2024-11-11 09:50:32,986 - Long Buy 87.00 shares at 219.09 on 2024-10-15 17:15:00+00:00
2024-11-11 09:50:32,986 - Long Buy 86.00 shares at 219.08 on 2024-10-15 17:30:00+00:00
2024-11-11 09:50:32,986 - Long Buy 84.00 shares at 218.09 on 2024-10-15 17:45:00+00:00
2024-11-11 09:50:32,986 - Long Buy 83.00 shares at 217.98 on 2024-10-15 18:00:00+00:00
2024-11-11 09:50:32,987 - Long Buy 81.00 shares at 217.97 on 2024-10-15 18:15:00+00:00
2024-11-11 09:50:32,987 - Long Buy 80.00 shares at 217.49 on 2024-10-15 18:30:00+00:00
2024-11-11 09:50:32,987 - Long Buy 78.00 shares at 217.52 on 2024-10-15 18:45:00+00:00
2024-11-11 09:50:32,987 - Long Buy 76.00 shares at 217.7 on 2024-10-15 19:00:00+00:00
2024-11-11 09:50:32,987 - Long Buy 75.00 shares at 217.3 on 2024-10-15 19:15:00+00:00
2024-11-11 09:50:32,987 - Long Buy 74.00 shares at 217.46 on 2024-10-15 19:30:00+00:00
2024-11-11 09:50:32,987 - Long Buy 72.00 shares at 216.62 on 2024-10-15 19:45:00+00:00
2024-11-11 09:50:32,987 - Long Buy 71.00 shares at 216.6 on 2024-10-16 13:30:00+00:00
2024-11-11 09:50:32,987 - Long Buy 69.00 shares at 217.83 on 2024-10-16 13:45:00+00:00
2024-11-11 09:50:32,987 - Long Buy 68.00 shares at 217.97 on 2024-10-16 14:00:00+00:00
2024-11-11 09:50:32,987 - Long Buy 66.00 shares at 217.45 on 2024-10-16 14:15:00+00:00
2024-11-11 09:50:32,987 - Long Buy 65.00 shares at 217.39 on 2024-10-16 14:30:00+00:00
2024-11-11 09:50:32,987 - Long Buy 64.00 shares at 216.82 on 2024-10-16 14:45:00+00:00
2024-11-11 09:50:32,987 - Long Buy 63.00 shares at 216.56 on 2024-10-16 15:00:00+00:00
2024-11-11 09:50:32,987 - Long Buy 62.00 shares at 215.86 on 2024-10-16 15:15:00+00:00
2024-11-11 09:50:32,987 - Long Buy 60.00 shares at 215.93 on 2024-10-16 15:30:00+00:00
2024-11-11 09:50:32,987 - Long Buy 59.00 shares at 215.72 on 2024-10-16 15:45:00+00:00
2024-11-11 09:50:32,987 - Long Buy 58.00 shares at 215.59 on 2024-10-16 16:00:00+00:00
2024-11-11 09:50:32,987 - Long Buy 57.00 shares at 216.21 on 2024-10-16 16:15:00+00:00
2024-11-11 09:50:32,987 - Long Buy 56.00 shares at 216.22 on 2024-10-16 16:30:00+00:00
2024-11-11 09:50:32,987 - Long Buy 55.00 shares at 215.61 on 2024-10-16 16:45:00+00:00
2024-11-11 09:50:32,987 - Long Buy 54.00 shares at 215.92 on 2024-10-16 17:00:00+00:00
2024-11-11 09:50:32,987 - Long Buy 53.00 shares at 215.57 on 2024-10-16 17:15:00+00:00
2024-11-11 09:50:32,987 - Sell to close 2036.00 shares at 215.83 on 2024-10-16 17:30:00+00:00 (Exit: Signal, Profit: -3062.709999999941, Duration: 1485.0 minutes)
2024-11-11 09:50:32,987 - Short Sell 92.00 shares at 215.92 on 2024-10-16 17:45:00+00:00
2024-11-11 09:50:32,987 - Short Sell 92.00 shares at 216.33 on 2024-10-16 18:00:00+00:00
2024-11-11 09:50:32,987 - Short Sell 92.00 shares at 216.28 on 2024-10-16 18:15:00+00:00
2024-11-11 09:50:32,987 - Short Sell 92.00 shares at 215.94 on 2024-10-16 18:30:00+00:00
2024-11-11 09:50:32,987 - Short Sell 92.00 shares at 215.91 on 2024-10-16 18:45:00+00:00
2024-11-11 09:50:32,987 - Short Sell 92.00 shares at 215.92 on 2024-10-16 19:00:00+00:00
2024-11-11 09:50:32,987 - Short Sell 92.00 shares at 215.84 on 2024-10-16 19:15:00+00:00
2024-11-11 09:50:32,988 - Short Sell 92.00 shares at 216.94 on 2024-10-16 19:30:00+00:00
2024-11-11 09:50:32,988 - Short Sell 92.00 shares at 216.83 on 2024-10-16 19:45:00+00:00
2024-11-11 09:50:32,988 - Short Sell 92.00 shares at 216.58 on 2024-10-17 13:30:00+00:00
2024-11-11 09:50:32,988 - Buy to cover -920.00 shares at 215.15 on 2024-10-17 14:15:00+00:00 (Exit: Signal, Profit: 1011.0800000000165, Duration: 1230.0 minutes)
2024-11-11 09:50:32,988 - Long Buy 93.00 shares at 214.89 on 2024-10-17 14:30:00+00:00
2024-11-11 09:50:32,988 - Long Buy 91.00 shares at 215.36 on 2024-10-17 15:00:00+00:00
2024-11-11 09:50:32,988 - Long Buy 89.00 shares at 215.32 on 2024-10-17 15:15:00+00:00
2024-11-11 09:50:32,988 - Long Buy 87.00 shares at 215.2 on 2024-10-17 15:30:00+00:00
2024-11-11 09:50:32,988 - Long Buy 85.00 shares at 214.99 on 2024-10-17 15:45:00+00:00
2024-11-11 09:50:32,988 - Long Buy 84.00 shares at 214.82 on 2024-10-17 16:00:00+00:00
2024-11-11 09:50:32,988 - Long Buy 82.00 shares at 215.04 on 2024-10-17 16:15:00+00:00
2024-11-11 09:50:32,988 - Long Buy 80.00 shares at 214.92 on 2024-10-17 16:30:00+00:00
2024-11-11 09:50:32,988 - Long Buy 79.00 shares at 215.09 on 2024-10-17 16:45:00+00:00
2024-11-11 09:50:32,988 - Long Buy 77.00 shares at 215.1 on 2024-10-17 17:00:00+00:00
2024-11-11 09:50:32,988 - Long Buy 76.00 shares at 214.92 on 2024-10-17 17:15:00+00:00
2024-11-11 09:50:32,988 - Long Buy 74.00 shares at 214.57 on 2024-10-17 17:30:00+00:00
2024-11-11 09:50:32,988 - Long Buy 73.00 shares at 214.75 on 2024-10-17 17:45:00+00:00
2024-11-11 09:50:32,988 - Long Buy 71.00 shares at 214.34 on 2024-10-17 18:00:00+00:00
2024-11-11 09:50:32,988 - Long Buy 70.00 shares at 214.13 on 2024-10-17 18:15:00+00:00
2024-11-11 09:50:32,988 - Sell to close 1211.00 shares at 214.2 on 2024-10-17 18:30:00+00:00 (Exit: Signal, Profit: -869.0199999999984, Duration: 240.0 minutes)
2024-11-11 09:50:32,988 - Short Sell 93.00 shares at 214.24 on 2024-10-17 18:45:00+00:00
2024-11-11 09:50:32,988 - Short Sell 93.00 shares at 214.77 on 2024-10-17 19:00:00+00:00
2024-11-11 09:50:32,988 - Short Sell 93.00 shares at 215.09 on 2024-10-17 19:15:00+00:00
2024-11-11 09:50:32,988 - Short Sell 93.00 shares at 215.11 on 2024-10-17 19:30:00+00:00
2024-11-11 09:50:32,988 - Short Sell 92.00 shares at 215.13 on 2024-10-17 19:45:00+00:00
2024-11-11 09:50:32,988 - Buy to cover -464.00 shares at 213.43 on 2024-10-18 13:30:00+00:00 (Exit: Signal, Profit: 666.9699999999825, Duration: 1125.0 minutes)
2024-11-11 09:50:32,988 - Short Sell 93.00 shares at 214.66 on 2024-10-18 13:45:00+00:00
2024-11-11 09:50:32,988 - Short Sell 93.00 shares at 214.7 on 2024-10-18 14:00:00+00:00
2024-11-11 09:50:32,988 - Short Sell 93.00 shares at 214.75 on 2024-10-18 14:15:00+00:00
2024-11-11 09:50:32,989 - Short Sell 93.00 shares at 214.32 on 2024-10-18 14:30:00+00:00
2024-11-11 09:50:32,989 - Short Sell 93.00 shares at 214.67 on 2024-10-18 14:45:00+00:00
2024-11-11 09:50:32,989 - Short Sell 93.00 shares at 214.8 on 2024-10-18 15:00:00+00:00
2024-11-11 09:50:32,989 - Short Sell 93.00 shares at 214.56 on 2024-10-18 15:15:00+00:00
2024-11-11 09:50:32,989 - Short Sell 93.00 shares at 214.81 on 2024-10-18 15:30:00+00:00
2024-11-11 09:50:32,989 - Short Sell 93.00 shares at 214.81 on 2024-10-18 15:45:00+00:00
2024-11-11 09:50:32,989 - Short Sell 92.00 shares at 215.62 on 2024-10-18 16:00:00+00:00
2024-11-11 09:50:32,989 - Short Sell 92.00 shares at 216.03 on 2024-10-18 16:15:00+00:00
2024-11-11 09:50:32,989 - Short Sell 92.00 shares at 215.71 on 2024-10-18 16:30:00+00:00
2024-11-11 09:50:32,989 - Short Sell 92.00 shares at 215.78 on 2024-10-18 16:45:00+00:00
2024-11-11 09:50:32,989 - Short Sell 92.00 shares at 215.86 on 2024-10-18 17:00:00+00:00
2024-11-11 09:50:32,989 - Short Sell 92.00 shares at 216.03 on 2024-10-18 17:15:00+00:00
2024-11-11 09:50:32,989 - Short Sell 92.00 shares at 215.94 on 2024-10-18 17:30:00+00:00
2024-11-11 09:50:32,989 - Short Sell 92.00 shares at 215.68 on 2024-10-18 17:45:00+00:00
2024-11-11 09:50:32,989 - Short Sell 92.00 shares at 215.95 on 2024-10-18 18:00:00+00:00
2024-11-11 09:50:32,989 - Short Sell 92.00 shares at 216.11 on 2024-10-18 18:15:00+00:00
2024-11-11 09:50:32,989 - Short Sell 92.00 shares at 216.14 on 2024-10-18 18:30:00+00:00
2024-11-11 09:50:32,989 - Short Sell 92.00 shares at 215.8 on 2024-10-18 18:45:00+00:00
2024-11-11 09:50:32,989 - Short Sell 93.00 shares at 215.31 on 2024-10-18 19:00:00+00:00
2024-11-11 09:50:32,989 - Short Sell 93.00 shares at 215.2 on 2024-10-18 19:15:00+00:00
2024-11-11 09:50:32,989 - Buy to cover -2127.00 shares at 215.07 on 2024-10-18 19:30:00+00:00 (Exit: Signal, Profit: 606.7800000000447, Duration: 345.0 minutes)
2024-11-11 09:50:32,989 - Short Sell 92.00 shares at 215.75 on 2024-10-18 19:45:00+00:00
2024-11-11 09:50:32,989 - Short Sell 93.00 shares at 215.42 on 2024-10-21 13:30:00+00:00
2024-11-11 09:50:32,989 - Buy to cover -185.00 shares at 214.9 on 2024-10-21 13:45:00+00:00 (Exit: Signal, Profit: 126.55999999999693, Duration: 3960.0 minutes)
2024-11-11 09:50:32,989 - Long Buy 93.00 shares at 214.39 on 2024-10-21 14:00:00+00:00
2024-11-11 09:50:32,989 - Long Buy 91.00 shares at 214.01 on 2024-10-21 14:15:00+00:00
2024-11-11 09:50:32,989 - Long Buy 89.00 shares at 214.48 on 2024-10-21 14:30:00+00:00
2024-11-11 09:50:32,989 - Long Buy 88.00 shares at 214.18 on 2024-10-21 14:45:00+00:00
2024-11-11 09:50:32,989 - Long Buy 86.00 shares at 214.11 on 2024-10-21 15:00:00+00:00
2024-11-11 09:50:32,989 - Long Buy 84.00 shares at 213.58 on 2024-10-21 15:15:00+00:00
2024-11-11 09:50:32,989 - Long Buy 83.00 shares at 213.5 on 2024-10-21 15:30:00+00:00
2024-11-11 09:50:32,989 - Long Buy 81.00 shares at 213.93 on 2024-10-21 15:45:00+00:00
2024-11-11 09:50:32,989 - Long Buy 79.00 shares at 214.17 on 2024-10-21 16:00:00+00:00
2024-11-11 09:50:32,990 - Long Buy 78.00 shares at 214.15 on 2024-10-21 16:15:00+00:00
2024-11-11 09:50:32,990 - Long Buy 76.00 shares at 214.56 on 2024-10-21 16:30:00+00:00
2024-11-11 09:50:32,990 - Long Buy 74.00 shares at 214.63 on 2024-10-21 16:45:00+00:00
2024-11-11 09:50:32,990 - Long Buy 73.00 shares at 214.45 on 2024-10-21 17:00:00+00:00
2024-11-11 09:50:32,990 - Sell to close 1075.00 shares at 215.57 on 2024-10-21 17:15:00+00:00 (Exit: Signal, Profit: 1517.8399999999847, Duration: 195.0 minutes)
2024-11-11 09:50:32,990 - Short Sell 93.00 shares at 215.58 on 2024-10-21 17:30:00+00:00
2024-11-11 09:50:32,990 - Short Sell 93.00 shares at 215.42 on 2024-10-21 17:45:00+00:00
2024-11-11 09:50:32,990 - Buy to cover -186.00 shares at 214.87 on 2024-10-21 18:00:00+00:00 (Exit: Signal, Profit: 117.17999999999915, Duration: 30.0 minutes)
2024-11-11 09:50:32,990 - Long Buy 93.00 shares at 214.36 on 2024-10-21 18:15:00+00:00
2024-11-11 09:50:32,990 - Long Buy 91.00 shares at 213.96 on 2024-10-21 18:30:00+00:00
2024-11-11 09:50:32,990 - Long Buy 90.00 shares at 213.34 on 2024-10-21 18:45:00+00:00
2024-11-11 09:50:32,990 - Long Buy 88.00 shares at 213.83 on 2024-10-21 19:00:00+00:00
2024-11-11 09:50:32,990 - Long Buy 86.00 shares at 213.63 on 2024-10-21 19:15:00+00:00
2024-11-11 09:50:32,990 - Long Buy 84.00 shares at 214.28 on 2024-10-21 19:30:00+00:00
2024-11-11 09:50:32,990 - Long Buy 83.00 shares at 214.04 on 2024-10-21 19:45:00+00:00
2024-11-11 09:50:32,990 - Sell to close 615.00 shares at 220.99 on 2024-10-22 13:30:00+00:00 (Exit: Profit_take, Profit: 4348.350000000013, Duration: 1155.0 minutes)
2024-11-11 09:50:32,990 - Short Sell 91.00 shares at 219.56 on 2024-10-22 13:45:00+00:00
2024-11-11 09:50:32,990 - Buy to cover -91.00 shares at 219.21 on 2024-10-22 14:00:00+00:00 (Exit: Signal, Profit: 31.849999999999483, Duration: 15.0 minutes)
2024-11-11 09:50:32,990 - Long Buy 92.00 shares at 217.92 on 2024-10-22 14:15:00+00:00
2024-11-11 09:50:32,990 - Long Buy 90.00 shares at 217.18 on 2024-10-22 14:30:00+00:00
2024-11-11 09:50:32,990 - Long Buy 88.00 shares at 218.64 on 2024-10-22 14:45:00+00:00
2024-11-11 09:50:32,990 - Long Buy 86.00 shares at 219.15 on 2024-10-22 15:00:00+00:00
2024-11-11 09:50:32,990 - Sell to close 356.00 shares at 219.7 on 2024-10-22 15:15:00+00:00 (Exit: Signal, Profit: 531.1400000000007, Duration: 60.0 minutes)
2024-11-11 09:50:32,990 - Short Sell 91.00 shares at 219.8 on 2024-10-22 15:30:00+00:00
2024-11-11 09:50:32,990 - Short Sell 91.00 shares at 219.88 on 2024-10-22 15:45:00+00:00
2024-11-11 09:50:32,990 - Short Sell 91.00 shares at 220.0 on 2024-10-22 16:00:00+00:00
2024-11-11 09:50:32,990 - Short Sell 91.00 shares at 220.49 on 2024-10-22 16:15:00+00:00
2024-11-11 09:50:32,990 - Short Sell 91.00 shares at 220.53 on 2024-10-22 16:30:00+00:00
2024-11-11 09:50:32,991 - Short Sell 91.00 shares at 220.78 on 2024-10-22 16:45:00+00:00
2024-11-11 09:50:32,991 - Short Sell 91.00 shares at 220.52 on 2024-10-22 17:00:00+00:00
2024-11-11 09:50:32,991 - Short Sell 91.00 shares at 220.87 on 2024-10-22 17:15:00+00:00
2024-11-11 09:50:32,991 - Short Sell 91.00 shares at 220.23 on 2024-10-22 17:30:00+00:00
2024-11-11 09:50:32,991 - Short Sell 91.00 shares at 220.05 on 2024-10-22 17:45:00+00:00
2024-11-11 09:50:32,991 - Short Sell 91.00 shares at 220.63 on 2024-10-22 18:00:00+00:00
2024-11-11 09:50:32,991 - Short Sell 91.00 shares at 220.48 on 2024-10-22 18:15:00+00:00
2024-11-11 09:50:32,991 - Short Sell 91.00 shares at 220.34 on 2024-10-22 18:30:00+00:00
2024-11-11 09:50:32,991 - Short Sell 91.00 shares at 220.68 on 2024-10-22 18:45:00+00:00
2024-11-11 09:50:32,991 - Short Sell 91.00 shares at 220.72 on 2024-10-22 19:00:00+00:00
2024-11-11 09:50:32,991 - Short Sell 91.00 shares at 220.44 on 2024-10-22 19:15:00+00:00
2024-11-11 09:50:32,991 - Short Sell 91.00 shares at 220.62 on 2024-10-22 19:30:00+00:00
2024-11-11 09:50:32,991 - Short Sell 91.00 shares at 220.52 on 2024-10-22 19:45:00+00:00
2024-11-11 09:50:32,991 - Short Sell 89.00 shares at 224.49 on 2024-10-23 13:30:00+00:00
2024-11-11 09:50:32,991 - Short Sell 89.00 shares at 224.31 on 2024-10-23 13:45:00+00:00
2024-11-11 09:50:32,991 - Short Sell 89.00 shares at 224.56 on 2024-10-23 14:00:00+00:00
2024-11-11 09:50:32,991 - Short Sell 89.00 shares at 223.74 on 2024-10-23 14:15:00+00:00
2024-11-11 09:50:32,991 - Short Sell 90.00 shares at 221.86 on 2024-10-23 14:30:00+00:00
2024-11-11 09:50:32,991 - Short Sell 91.00 shares at 220.97 on 2024-10-23 14:45:00+00:00
2024-11-11 09:50:32,991 - Buy to cover -2175.00 shares at 220.78 on 2024-10-23 15:00:00+00:00 (Exit: Signal, Profit: 770.8499999999972, Duration: 1410.0 minutes)
2024-11-11 09:50:32,991 - Short Sell 91.00 shares at 221.52 on 2024-10-23 15:15:00+00:00
2024-11-11 09:50:32,991 - Short Sell 90.00 shares at 221.85 on 2024-10-23 15:30:00+00:00
2024-11-11 09:50:32,991 - Short Sell 91.00 shares at 221.55 on 2024-10-23 15:45:00+00:00
2024-11-11 09:50:32,991 - Short Sell 90.00 shares at 221.89 on 2024-10-23 16:00:00+00:00
2024-11-11 09:50:32,991 - Short Sell 91.00 shares at 221.58 on 2024-10-23 16:15:00+00:00
2024-11-11 09:50:32,991 - Short Sell 91.00 shares at 221.52 on 2024-10-23 16:30:00+00:00
2024-11-11 09:50:32,991 - Short Sell 91.00 shares at 221.64 on 2024-10-23 16:45:00+00:00
2024-11-11 09:50:32,991 - Short Sell 91.00 shares at 221.2 on 2024-10-23 17:00:00+00:00
2024-11-11 09:50:32,991 - Short Sell 91.00 shares at 221.31 on 2024-10-23 17:15:00+00:00
2024-11-11 09:50:32,991 - Short Sell 91.00 shares at 221.38 on 2024-10-23 17:30:00+00:00
2024-11-11 09:50:32,991 - Short Sell 91.00 shares at 221.59 on 2024-10-23 17:45:00+00:00
2024-11-11 09:50:32,991 - Short Sell 91.00 shares at 221.43 on 2024-10-23 18:15:00+00:00
2024-11-11 09:50:32,991 - Short Sell 91.00 shares at 221.55 on 2024-10-23 18:30:00+00:00
2024-11-11 09:50:32,991 - Short Sell 91.00 shares at 221.67 on 2024-10-23 18:45:00+00:00
2024-11-11 09:50:32,991 - Short Sell 91.00 shares at 221.7 on 2024-10-23 19:00:00+00:00
2024-11-11 09:50:32,992 - Short Sell 90.00 shares at 222.16 on 2024-10-23 19:15:00+00:00
2024-11-11 09:50:32,992 - Short Sell 91.00 shares at 221.51 on 2024-10-23 19:30:00+00:00
2024-11-11 09:50:32,992 - Buy to cover -1544.00 shares at 219.2 on 2024-10-23 19:45:00+00:00 (Exit: Signal, Profit: 3690.849999999964, Duration: 270.0 minutes)
2024-11-11 09:50:32,992 - Short Sell 87.00 shares at 230.69 on 2024-10-24 13:30:00+00:00
2024-11-11 09:50:32,992 - Short Sell 86.00 shares at 234.29 on 2024-10-24 13:45:00+00:00
2024-11-11 09:50:32,992 - Short Sell 86.00 shares at 234.06 on 2024-10-24 14:00:00+00:00
2024-11-11 09:50:32,992 - Short Sell 85.00 shares at 236.57 on 2024-10-24 14:15:00+00:00
2024-11-11 09:50:32,992 - Short Sell 85.00 shares at 237.25 on 2024-10-24 14:30:00+00:00
2024-11-11 09:50:32,992 - Buy to cover -429.00 shares at 239.19 on 2024-10-24 14:45:00+00:00 (Exit: Stop_loss, Profit: -1989.6799999999996, Duration: 75.0 minutes)
2024-11-11 09:50:32,992 - Long Buy 87.00 shares at 230.22 on 2024-10-25 13:30:00+00:00
2024-11-11 09:50:32,992 - Long Buy 85.00 shares at 230.97 on 2024-10-25 13:45:00+00:00
2024-11-11 09:50:32,992 - Long Buy 84.00 shares at 231.09 on 2024-10-25 14:00:00+00:00
2024-11-11 09:50:32,992 - Long Buy 82.00 shares at 231.01 on 2024-10-25 14:15:00+00:00
2024-11-11 09:50:32,992 - Long Buy 80.00 shares at 230.94 on 2024-10-25 14:30:00+00:00
2024-11-11 09:50:32,992 - Long Buy 79.00 shares at 230.74 on 2024-10-25 14:45:00+00:00
2024-11-11 09:50:32,992 - Long Buy 77.00 shares at 230.56 on 2024-10-25 15:00:00+00:00
2024-11-11 09:50:32,992 - Long Buy 76.00 shares at 230.26 on 2024-10-25 15:15:00+00:00
2024-11-11 09:50:32,992 - Long Buy 74.00 shares at 230.77 on 2024-10-25 15:30:00+00:00
2024-11-11 09:50:32,992 - Long Buy 73.00 shares at 231.05 on 2024-10-25 15:45:00+00:00
2024-11-11 09:50:32,992 - Long Buy 71.00 shares at 230.76 on 2024-10-25 16:00:00+00:00
2024-11-11 09:50:32,992 - Long Buy 70.00 shares at 230.56 on 2024-10-25 16:15:00+00:00
2024-11-11 09:50:32,992 - Long Buy 68.00 shares at 230.73 on 2024-10-25 16:30:00+00:00
2024-11-11 09:50:32,992 - Long Buy 67.00 shares at 230.23 on 2024-10-25 16:45:00+00:00
2024-11-11 09:50:32,992 - Long Buy 66.00 shares at 229.86 on 2024-10-25 17:00:00+00:00
2024-11-11 09:50:32,992 - Long Buy 65.00 shares at 229.97 on 2024-10-25 17:15:00+00:00
2024-11-11 09:50:32,992 - Long Buy 63.00 shares at 229.27 on 2024-10-25 17:30:00+00:00
2024-11-11 09:50:32,992 - Long Buy 62.00 shares at 229.03 on 2024-10-25 17:45:00+00:00
2024-11-11 09:50:32,993 - Long Buy 61.00 shares at 228.51 on 2024-10-25 18:00:00+00:00
2024-11-11 09:50:32,993 - Long Buy 60.00 shares at 228.38 on 2024-10-25 18:15:00+00:00
2024-11-11 09:50:32,993 - Long Buy 59.00 shares at 228.21 on 2024-10-25 18:30:00+00:00
2024-11-11 09:50:32,993 - Long Buy 58.00 shares at 228.5 on 2024-10-25 18:45:00+00:00
2024-11-11 09:50:32,993 - Long Buy 57.00 shares at 227.29 on 2024-10-25 19:00:00+00:00
2024-11-11 09:50:32,993 - Long Buy 55.00 shares at 228.24 on 2024-10-25 19:15:00+00:00
2024-11-11 09:50:32,993 - Long Buy 54.00 shares at 229.42 on 2024-10-25 19:30:00+00:00
2024-11-11 09:50:32,993 - Long Buy 53.00 shares at 228.85 on 2024-10-25 19:45:00+00:00
2024-11-11 09:50:32,993 - Long Buy 52.00 shares at 229.95 on 2024-10-28 13:30:00+00:00
2024-11-11 09:50:32,993 - Long Buy 51.00 shares at 228.59 on 2024-10-28 13:45:00+00:00
2024-11-11 09:50:32,993 - Long Buy 50.00 shares at 227.39 on 2024-10-28 14:00:00+00:00
2024-11-11 09:50:32,993 - Long Buy 49.00 shares at 228.5 on 2024-10-28 14:15:00+00:00
2024-11-11 09:50:32,993 - Long Buy 48.00 shares at 227.57 on 2024-10-28 14:30:00+00:00
2024-11-11 09:50:32,993 - Long Buy 47.00 shares at 227.72 on 2024-10-28 14:45:00+00:00
2024-11-11 09:50:32,993 - Long Buy 46.00 shares at 228.16 on 2024-10-28 15:00:00+00:00
2024-11-11 09:50:32,993 - Long Buy 45.00 shares at 227.89 on 2024-10-28 15:15:00+00:00
2024-11-11 09:50:32,993 - Long Buy 45.00 shares at 226.41 on 2024-10-28 15:30:00+00:00
2024-11-11 09:50:32,993 - Long Buy 44.00 shares at 226.07 on 2024-10-28 15:45:00+00:00
2024-11-11 09:50:32,993 - Long Buy 43.00 shares at 226.49 on 2024-10-28 16:00:00+00:00
2024-11-11 09:50:32,993 - Long Buy 42.00 shares at 226.12 on 2024-10-28 16:15:00+00:00
2024-11-11 09:50:32,993 - Long Buy 41.00 shares at 226.66 on 2024-10-28 16:30:00+00:00
2024-11-11 09:50:32,993 - Long Buy 40.00 shares at 226.13 on 2024-10-28 16:45:00+00:00
2024-11-11 09:50:32,993 - Long Buy 40.00 shares at 226.23 on 2024-10-28 17:00:00+00:00
2024-11-11 09:50:32,993 - Long Buy 39.00 shares at 226.59 on 2024-10-28 17:15:00+00:00
2024-11-11 09:50:32,993 - Long Buy 38.00 shares at 226.13 on 2024-10-28 17:30:00+00:00
2024-11-11 09:50:32,993 - Long Buy 37.00 shares at 225.79 on 2024-10-28 17:45:00+00:00
2024-11-11 09:50:32,993 - Sell to close 2583.00 shares at 226.04 on 2024-10-28 18:00:00+00:00 (Exit: Signal, Profit: -7942.850000000188, Duration: 4590.0 minutes)
2024-11-11 09:50:32,993 - Short Sell 88.00 shares at 226.02 on 2024-10-28 18:15:00+00:00
2024-11-11 09:50:32,993 - Short Sell 88.00 shares at 226.67 on 2024-10-28 18:30:00+00:00
2024-11-11 09:50:32,993 - Short Sell 88.00 shares at 226.93 on 2024-10-28 18:45:00+00:00
2024-11-11 09:50:32,993 - Short Sell 88.00 shares at 226.75 on 2024-10-28 19:00:00+00:00
2024-11-11 09:50:32,993 - Short Sell 88.00 shares at 226.95 on 2024-10-28 19:15:00+00:00
2024-11-11 09:50:32,993 - Short Sell 88.00 shares at 226.98 on 2024-10-28 19:30:00+00:00
2024-11-11 09:50:32,993 - Short Sell 88.00 shares at 227.4 on 2024-10-28 19:45:00+00:00
2024-11-11 09:50:32,994 - Short Sell 88.00 shares at 226.64 on 2024-10-29 13:30:00+00:00
2024-11-11 09:50:32,994 - Short Sell 88.00 shares at 227.25 on 2024-10-29 13:45:00+00:00
2024-11-11 09:50:32,994 - Short Sell 87.00 shares at 228.17 on 2024-10-29 14:00:00+00:00
2024-11-11 09:50:32,994 - Short Sell 87.00 shares at 228.27 on 2024-10-29 14:15:00+00:00
2024-11-11 09:50:32,994 - Short Sell 87.00 shares at 229.0 on 2024-10-29 14:30:00+00:00
2024-11-11 09:50:32,994 - Short Sell 87.00 shares at 228.34 on 2024-10-29 14:45:00+00:00
2024-11-11 09:50:32,994 - Short Sell 87.00 shares at 228.51 on 2024-10-29 15:00:00+00:00
2024-11-11 09:50:32,994 - Short Sell 87.00 shares at 228.42 on 2024-10-29 15:15:00+00:00
2024-11-11 09:50:32,994 - Short Sell 87.00 shares at 228.79 on 2024-10-29 15:30:00+00:00
2024-11-11 09:50:32,994 - Short Sell 87.00 shares at 228.8 on 2024-10-29 15:45:00+00:00
2024-11-11 09:50:32,994 - Short Sell 87.00 shares at 229.45 on 2024-10-29 16:00:00+00:00
2024-11-11 09:50:32,994 - Short Sell 87.00 shares at 229.26 on 2024-10-29 16:15:00+00:00
2024-11-11 09:50:32,994 - Short Sell 87.00 shares at 229.8 on 2024-10-29 16:30:00+00:00
2024-11-11 09:50:32,994 - Short Sell 87.00 shares at 229.8 on 2024-10-29 16:45:00+00:00
2024-11-11 09:50:32,994 - Short Sell 86.00 shares at 230.19 on 2024-10-29 17:00:00+00:00
2024-11-11 09:50:32,994 - Short Sell 87.00 shares at 229.31 on 2024-10-29 17:15:00+00:00
2024-11-11 09:50:32,994 - Short Sell 87.00 shares at 228.98 on 2024-10-29 17:30:00+00:00
2024-11-11 09:50:32,994 - Short Sell 87.00 shares at 229.0 on 2024-10-29 17:45:00+00:00
2024-11-11 09:50:32,994 - Short Sell 87.00 shares at 228.05 on 2024-10-29 18:00:00+00:00
2024-11-11 09:50:32,994 - Short Sell 87.00 shares at 228.19 on 2024-10-29 18:15:00+00:00
2024-11-11 09:50:32,994 - Short Sell 87.00 shares at 228.43 on 2024-10-29 18:30:00+00:00
2024-11-11 09:50:32,994 - Short Sell 87.00 shares at 228.22 on 2024-10-29 18:45:00+00:00
2024-11-11 09:50:32,994 - Buy to cover -2531.00 shares at 227.77 on 2024-10-29 19:00:00+00:00 (Exit: Signal, Profit: 1141.1199999999683, Duration: 1485.0 minutes)
2024-11-11 09:50:32,994 - Long Buy 88.00 shares at 228.09 on 2024-10-29 19:15:00+00:00
2024-11-11 09:50:32,994 - Sell to close 88.00 shares at 229.02 on 2024-10-30 13:30:00+00:00 (Exit: Signal, Profit: 81.8399999999981, Duration: 1095.0 minutes)
2024-11-11 09:50:32,994 - Short Sell 87.00 shares at 230.4 on 2024-10-30 13:45:00+00:00
2024-11-11 09:50:32,994 - Short Sell 87.00 shares at 230.4 on 2024-10-30 14:00:00+00:00
2024-11-11 09:50:32,994 - Short Sell 87.00 shares at 229.78 on 2024-10-30 14:15:00+00:00
2024-11-11 09:50:32,994 - Short Sell 87.00 shares at 229.18 on 2024-10-30 14:30:00+00:00
2024-11-11 09:50:32,994 - Short Sell 87.00 shares at 229.82 on 2024-10-30 14:45:00+00:00
2024-11-11 09:50:32,994 - Short Sell 87.00 shares at 229.56 on 2024-10-30 15:00:00+00:00
2024-11-11 09:50:32,994 - Short Sell 87.00 shares at 229.84 on 2024-10-30 15:15:00+00:00
2024-11-11 09:50:32,995 - Short Sell 87.00 shares at 229.14 on 2024-10-30 15:30:00+00:00
2024-11-11 09:50:32,995 - Short Sell 87.00 shares at 230.23 on 2024-10-30 15:45:00+00:00
2024-11-11 09:50:32,995 - Short Sell 87.00 shares at 229.9 on 2024-10-30 16:00:00+00:00
2024-11-11 09:50:32,995 - Short Sell 87.00 shares at 229.48 on 2024-10-30 16:15:00+00:00
2024-11-11 09:50:32,995 - Short Sell 87.00 shares at 230.25 on 2024-10-30 16:30:00+00:00
2024-11-11 09:50:32,995 - Short Sell 87.00 shares at 229.68 on 2024-10-30 16:45:00+00:00
2024-11-11 09:50:32,995 - Short Sell 87.00 shares at 229.81 on 2024-10-30 17:00:00+00:00
2024-11-11 09:50:32,995 - Short Sell 87.00 shares at 230.2 on 2024-10-30 17:15:00+00:00
2024-11-11 09:50:32,995 - Short Sell 87.00 shares at 230.53 on 2024-10-30 17:30:00+00:00
2024-11-11 09:50:32,995 - Short Sell 87.00 shares at 230.24 on 2024-10-30 17:45:00+00:00
2024-11-11 09:50:32,995 - Short Sell 86.00 shares at 231.71 on 2024-10-30 18:00:00+00:00
2024-11-11 09:50:32,995 - Short Sell 86.00 shares at 231.14 on 2024-10-30 18:15:00+00:00
2024-11-11 09:50:32,995 - Short Sell 87.00 shares at 230.56 on 2024-10-30 18:30:00+00:00
2024-11-11 09:50:32,995 - Short Sell 86.00 shares at 230.75 on 2024-10-30 18:45:00+00:00
2024-11-11 09:50:32,995 - Short Sell 87.00 shares at 230.37 on 2024-10-30 19:00:00+00:00
2024-11-11 09:50:32,995 - Short Sell 87.00 shares at 230.49 on 2024-10-30 19:15:00+00:00
2024-11-11 09:50:32,995 - Short Sell 86.00 shares at 230.97 on 2024-10-30 19:30:00+00:00
2024-11-11 09:50:32,995 - Short Sell 87.00 shares at 230.59 on 2024-10-30 19:45:00+00:00
2024-11-11 09:50:32,995 - Buy to cover -2171.00 shares at 229.77 on 2024-10-31 13:30:00+00:00 (Exit: Signal, Profit: 931.4999999999387, Duration: 1425.0 minutes)
2024-11-11 09:50:32,995 - Short Sell 87.00 shares at 230.97 on 2024-10-31 13:45:00+00:00
2024-11-11 09:50:32,995 - Short Sell 87.00 shares at 230.91 on 2024-10-31 14:00:00+00:00
2024-11-11 09:50:32,995 - Short Sell 87.00 shares at 230.88 on 2024-10-31 14:15:00+00:00
2024-11-11 09:50:32,995 - Buy to cover -261.00 shares at 229.81 on 2024-10-31 15:00:00+00:00 (Exit: Signal, Profit: 289.70999999999617, Duration: 75.0 minutes)
2024-11-11 09:50:32,995 - Long Buy 88.00 shares at 228.37 on 2024-10-31 15:15:00+00:00
2024-11-11 09:50:32,995 - Long Buy 86.00 shares at 228.52 on 2024-10-31 15:30:00+00:00
2024-11-11 09:50:32,995 - Long Buy 84.00 shares at 229.22 on 2024-10-31 15:45:00+00:00
2024-11-11 09:50:32,995 - Long Buy 82.00 shares at 229.11 on 2024-10-31 16:00:00+00:00
2024-11-11 09:50:32,995 - Long Buy 81.00 shares at 228.83 on 2024-10-31 16:15:00+00:00
2024-11-11 09:50:32,995 - Long Buy 79.00 shares at 228.69 on 2024-10-31 16:30:00+00:00
2024-11-11 09:50:32,995 - Long Buy 77.00 shares at 228.84 on 2024-10-31 16:45:00+00:00
2024-11-11 09:50:32,995 - Long Buy 76.00 shares at 228.71 on 2024-10-31 17:00:00+00:00
2024-11-11 09:50:32,995 - Long Buy 74.00 shares at 228.41 on 2024-10-31 17:15:00+00:00
2024-11-11 09:50:32,995 - Long Buy 73.00 shares at 227.73 on 2024-10-31 17:30:00+00:00
2024-11-11 09:50:32,996 - Long Buy 72.00 shares at 228.02 on 2024-10-31 17:45:00+00:00
2024-11-11 09:50:32,996 - Long Buy 70.00 shares at 228.2 on 2024-10-31 18:00:00+00:00
2024-11-11 09:50:32,996 - Long Buy 69.00 shares at 228.21 on 2024-10-31 18:15:00+00:00
2024-11-11 09:50:32,996 - Long Buy 67.00 shares at 227.98 on 2024-10-31 18:30:00+00:00
2024-11-11 09:50:32,996 - Long Buy 66.00 shares at 228.13 on 2024-10-31 18:45:00+00:00
2024-11-11 09:50:32,996 - Long Buy 65.00 shares at 228.48 on 2024-10-31 19:00:00+00:00
2024-11-11 09:50:32,996 - Long Buy 63.00 shares at 228.91 on 2024-10-31 19:15:00+00:00
2024-11-11 09:50:32,996 - Long Buy 62.00 shares at 228.73 on 2024-10-31 19:30:00+00:00
2024-11-11 09:50:32,996 - Long Buy 61.00 shares at 228.27 on 2024-10-31 19:45:00+00:00
2024-11-11 09:50:32,996 - Long Buy 59.00 shares at 229.86 on 2024-11-01 13:45:00+00:00
2024-11-11 09:50:32,996 - Long Buy 58.00 shares at 230.08 on 2024-11-01 14:30:00+00:00
2024-11-11 09:50:32,996 - Long Buy 57.00 shares at 229.55 on 2024-11-01 14:45:00+00:00
2024-11-11 09:50:32,996 - Long Buy 56.00 shares at 228.94 on 2024-11-01 15:00:00+00:00
2024-11-11 09:50:32,996 - Long Buy 55.00 shares at 229.55 on 2024-11-01 15:15:00+00:00
2024-11-11 09:50:32,996 - Long Buy 54.00 shares at 230.04 on 2024-11-01 15:30:00+00:00
2024-11-11 09:50:32,996 - Long Buy 53.00 shares at 229.5 on 2024-11-01 15:45:00+00:00
2024-11-11 09:50:32,996 - Long Buy 51.00 shares at 229.46 on 2024-11-01 16:00:00+00:00
2024-11-11 09:50:32,996 - Long Buy 51.00 shares at 229.11 on 2024-11-01 16:15:00+00:00
2024-11-11 09:50:32,996 - Long Buy 50.00 shares at 229.23 on 2024-11-01 16:30:00+00:00
2024-11-11 09:50:32,996 - Long Buy 49.00 shares at 228.74 on 2024-11-01 16:45:00+00:00
2024-11-11 09:50:32,996 - Long Buy 48.00 shares at 228.46 on 2024-11-01 17:00:00+00:00
2024-11-11 09:50:32,996 - Long Buy 47.00 shares at 228.3 on 2024-11-01 17:15:00+00:00
2024-11-11 09:50:32,996 - Long Buy 46.00 shares at 228.17 on 2024-11-01 17:30:00+00:00
2024-11-11 09:50:32,996 - Long Buy 45.00 shares at 228.24 on 2024-11-01 17:45:00+00:00
2024-11-11 09:50:32,996 - Long Buy 44.00 shares at 227.79 on 2024-11-01 18:00:00+00:00
2024-11-11 09:50:32,996 - Long Buy 43.00 shares at 228.37 on 2024-11-01 18:15:00+00:00
2024-11-11 09:50:32,996 - Long Buy 42.00 shares at 228.61 on 2024-11-01 18:30:00+00:00
2024-11-11 09:50:32,996 - Long Buy 41.00 shares at 228.37 on 2024-11-01 18:45:00+00:00
2024-11-11 09:50:32,996 - Long Buy 41.00 shares at 228.43 on 2024-11-01 19:00:00+00:00
2024-11-11 09:50:32,996 - Long Buy 40.00 shares at 227.45 on 2024-11-01 19:15:00+00:00
2024-11-11 09:50:32,996 - Long Buy 39.00 shares at 227.76 on 2024-11-01 19:30:00+00:00
2024-11-11 09:50:32,996 - Long Buy 38.00 shares at 227.12 on 2024-11-01 19:45:00+00:00
2024-11-11 09:50:32,996 - Long Buy 38.00 shares at 226.9 on 2024-11-04 14:30:00+00:00
2024-11-11 09:50:32,996 - Long Buy 37.00 shares at 228.59 on 2024-11-04 14:45:00+00:00
2024-11-11 09:50:32,996 - Long Buy 36.00 shares at 229.57 on 2024-11-04 15:00:00+00:00
2024-11-11 09:50:32,996 - Long Buy 35.00 shares at 229.08 on 2024-11-04 15:15:00+00:00
2024-11-11 09:50:32,997 - Long Buy 34.00 shares at 229.42 on 2024-11-04 15:30:00+00:00
2024-11-11 09:50:32,997 - Long Buy 34.00 shares at 228.17 on 2024-11-04 15:45:00+00:00
2024-11-11 09:50:32,997 - Long Buy 33.00 shares at 227.54 on 2024-11-04 16:00:00+00:00
2024-11-11 09:50:32,997 - Long Buy 33.00 shares at 227.07 on 2024-11-04 16:15:00+00:00
2024-11-11 09:50:32,997 - Long Buy 32.00 shares at 226.1 on 2024-11-04 16:30:00+00:00
2024-11-11 09:50:32,997 - Long Buy 32.00 shares at 225.9 on 2024-11-04 16:45:00+00:00
2024-11-11 09:50:32,997 - Long Buy 31.00 shares at 226.18 on 2024-11-04 17:00:00+00:00
2024-11-11 09:50:32,997 - Long Buy 30.00 shares at 226.56 on 2024-11-04 17:15:00+00:00
2024-11-11 09:50:32,997 - Long Buy 30.00 shares at 226.66 on 2024-11-04 17:30:00+00:00
2024-11-11 09:50:32,997 - Long Buy 29.00 shares at 226.76 on 2024-11-04 17:45:00+00:00
2024-11-11 09:50:32,997 - Long Buy 28.00 shares at 226.63 on 2024-11-04 18:00:00+00:00
2024-11-11 09:50:32,997 - Long Buy 28.00 shares at 226.44 on 2024-11-04 18:15:00+00:00
2024-11-11 09:50:32,997 - Long Buy 27.00 shares at 226.49 on 2024-11-04 18:45:00+00:00
2024-11-11 09:50:32,997 - Sell to close 3049.00 shares at 227.64 on 2024-11-04 19:30:00+00:00 (Exit: Signal, Profit: -2393.010000000148, Duration: 6015.0 minutes)
2024-11-11 09:50:32,997 - Short Sell 88.00 shares at 227.67 on 2024-11-04 19:45:00+00:00
2024-11-11 09:50:32,997 - Buy to cover -88.00 shares at 225.31 on 2024-11-05 14:30:00+00:00 (Exit: Signal, Profit: 207.6799999999987, Duration: 1125.0 minutes)
2024-11-11 09:50:32,997 - Long Buy 88.00 shares at 226.3 on 2024-11-05 14:45:00+00:00
2024-11-11 09:50:32,997 - Long Buy 86.00 shares at 226.52 on 2024-11-05 15:15:00+00:00
2024-11-11 09:50:32,997 - Sell to close 174.00 shares at 227.73 on 2024-11-05 16:30:00+00:00 (Exit: Signal, Profit: 229.89999999999623, Duration: 105.0 minutes)
2024-11-11 09:50:32,997 - Short Sell 88.00 shares at 227.8 on 2024-11-05 16:45:00+00:00
2024-11-11 09:50:32,997 - Short Sell 88.00 shares at 227.98 on 2024-11-05 17:00:00+00:00
2024-11-11 09:50:32,997 - Short Sell 87.00 shares at 228.14 on 2024-11-05 17:15:00+00:00
2024-11-11 09:50:32,997 - Short Sell 87.00 shares at 228.26 on 2024-11-05 17:30:00+00:00
2024-11-11 09:50:32,997 - Short Sell 87.00 shares at 228.89 on 2024-11-05 17:45:00+00:00
2024-11-11 09:50:32,997 - Short Sell 87.00 shares at 228.91 on 2024-11-05 18:00:00+00:00
2024-11-11 09:50:32,998 - Short Sell 87.00 shares at 229.01 on 2024-11-05 18:15:00+00:00
2024-11-11 09:50:32,998 - Short Sell 87.00 shares at 229.67 on 2024-11-05 18:30:00+00:00
2024-11-11 09:50:32,998 - Short Sell 87.00 shares at 229.41 on 2024-11-05 18:45:00+00:00
2024-11-11 09:50:32,998 - Short Sell 87.00 shares at 229.18 on 2024-11-05 19:00:00+00:00
2024-11-11 09:50:32,998 - Short Sell 87.00 shares at 228.86 on 2024-11-05 19:15:00+00:00
2024-11-11 09:50:32,998 - Short Sell 87.00 shares at 228.67 on 2024-11-05 19:30:00+00:00
2024-11-11 09:50:32,998 - Short Sell 87.00 shares at 228.84 on 2024-11-05 20:00:00+00:00
2024-11-11 09:50:32,998 - Short Sell 87.00 shares at 229.16 on 2024-11-05 20:15:00+00:00
2024-11-11 09:50:32,998 - Short Sell 87.00 shares at 228.69 on 2024-11-05 20:30:00+00:00
2024-11-11 09:50:32,998 - Short Sell 87.00 shares at 229.23 on 2024-11-05 20:45:00+00:00
2024-11-11 09:50:32,998 - Short Sell 86.00 shares at 231.74 on 2024-11-06 14:30:00+00:00
2024-11-11 09:50:32,998 - Short Sell 87.00 shares at 229.26 on 2024-11-06 14:45:00+00:00
2024-11-11 09:50:32,998 - Short Sell 87.00 shares at 229.34 on 2024-11-06 15:00:00+00:00
2024-11-11 09:50:32,998 - Short Sell 87.00 shares at 229.61 on 2024-11-06 15:15:00+00:00
2024-11-11 09:50:32,998 - Short Sell 87.00 shares at 229.78 on 2024-11-06 15:30:00+00:00
2024-11-11 09:50:32,998 - Short Sell 87.00 shares at 230.02 on 2024-11-06 15:45:00+00:00
2024-11-11 09:50:32,998 - Short Sell 86.00 shares at 231.66 on 2024-11-06 16:00:00+00:00
2024-11-11 09:50:32,998 - Short Sell 85.00 shares at 232.7 on 2024-11-06 16:15:00+00:00
2024-11-11 09:50:32,998 - Short Sell 85.00 shares at 232.26 on 2024-11-06 16:30:00+00:00
2024-11-11 09:50:32,998 - Short Sell 86.00 shares at 231.74 on 2024-11-06 16:45:00+00:00
2024-11-11 09:50:32,998 - Short Sell 86.00 shares at 231.43 on 2024-11-06 17:00:00+00:00
2024-11-11 09:50:32,998 - Short Sell 86.00 shares at 231.71 on 2024-11-06 17:15:00+00:00
2024-11-11 09:50:32,998 - Short Sell 85.00 shares at 232.08 on 2024-11-06 17:30:00+00:00
2024-11-11 09:50:32,998 - Short Sell 85.00 shares at 232.22 on 2024-11-06 17:45:00+00:00
2024-11-11 09:50:32,998 - Short Sell 85.00 shares at 232.74 on 2024-11-06 18:00:00+00:00
2024-11-11 09:50:32,998 - Short Sell 85.00 shares at 233.16 on 2024-11-06 18:15:00+00:00
2024-11-11 09:50:32,998 - Short Sell 85.00 shares at 233.24 on 2024-11-06 18:30:00+00:00
2024-11-11 09:50:32,998 - Short Sell 85.00 shares at 233.36 on 2024-11-06 18:45:00+00:00
2024-11-11 09:50:32,998 - Short Sell 85.00 shares at 233.42 on 2024-11-06 19:15:00+00:00
2024-11-11 09:50:32,998 - Short Sell 85.00 shares at 233.53 on 2024-11-06 19:30:00+00:00
2024-11-11 09:50:32,998 - Short Sell 85.00 shares at 233.46 on 2024-11-06 19:45:00+00:00
2024-11-11 09:50:32,998 - Short Sell 84.00 shares at 234.18 on 2024-11-06 20:00:00+00:00
2024-11-11 09:50:32,998 - Short Sell 84.00 shares at 234.0 on 2024-11-06 20:15:00+00:00
2024-11-11 09:50:32,998 - Short Sell 84.00 shares at 234.07 on 2024-11-06 20:30:00+00:00
2024-11-11 09:50:32,998 - Short Sell 84.00 shares at 234.45 on 2024-11-06 20:45:00+00:00
2024-11-11 09:50:32,998 - Short Sell 84.00 shares at 234.15 on 2024-11-07 14:30:00+00:00
2024-11-11 09:50:32,999 - Short Sell 84.00 shares at 234.1 on 2024-11-07 14:45:00+00:00
2024-11-11 09:50:32,999 - Short Sell 84.00 shares at 234.11 on 2024-11-07 15:00:00+00:00
2024-11-11 09:50:32,999 - Short Sell 84.00 shares at 234.21 on 2024-11-07 15:15:00+00:00
2024-11-11 09:50:32,999 - Buy to cover -3866.00 shares at 234.86 on 2024-11-07 15:30:00+00:00 (Exit: Stop_loss, Profit: -14403.999999999913, Duration: 2805.0 minutes)
2024-11-11 09:50:32,999 - Short Sell 82.00 shares at 240.56 on 2024-11-08 14:30:00+00:00
2024-11-11 09:50:32,999 - Short Sell 82.00 shares at 239.74 on 2024-11-08 14:45:00+00:00
2024-11-11 09:50:32,999 - Short Sell 82.00 shares at 240.92 on 2024-11-08 15:00:00+00:00
2024-11-11 09:50:32,999 - Short Sell 82.00 shares at 240.55 on 2024-11-08 15:15:00+00:00
2024-11-11 09:50:32,999 - Short Sell 81.00 shares at 241.83 on 2024-11-08 15:30:00+00:00
2024-11-11 09:50:32,999 - Short Sell 82.00 shares at 240.89 on 2024-11-08 15:45:00+00:00
2024-11-11 09:50:32,999 - Short Sell 82.00 shares at 240.83 on 2024-11-08 16:00:00+00:00
2024-11-11 09:50:32,999 - Short Sell 82.00 shares at 241.15 on 2024-11-08 16:15:00+00:00
2024-11-11 09:50:32,999 - Short Sell 81.00 shares at 241.23 on 2024-11-08 16:30:00+00:00
2024-11-11 09:50:32,999 - Short Sell 81.00 shares at 241.73 on 2024-11-08 16:45:00+00:00
2024-11-11 09:50:32,999 - Short Sell 81.00 shares at 242.05 on 2024-11-08 17:00:00+00:00
2024-11-11 09:50:32,999 - Short Sell 81.00 shares at 241.71 on 2024-11-08 17:15:00+00:00
2024-11-11 09:50:32,999 - Short Sell 82.00 shares at 241.06 on 2024-11-08 17:30:00+00:00
2024-11-11 09:50:32,999 - Short Sell 81.00 shares at 241.52 on 2024-11-08 17:45:00+00:00
2024-11-11 09:50:32,999 - Short Sell 82.00 shares at 241.02 on 2024-11-08 18:00:00+00:00
2024-11-11 09:50:32,999 - Short Sell 81.00 shares at 241.42 on 2024-11-08 18:15:00+00:00
2024-11-11 09:50:32,999 - Short Sell 81.00 shares at 241.63 on 2024-11-08 18:30:00+00:00
2024-11-11 09:50:32,999 - Short Sell 81.00 shares at 241.89 on 2024-11-08 18:45:00+00:00
2024-11-11 09:50:32,999 - Short Sell 81.00 shares at 242.31 on 2024-11-08 19:00:00+00:00
2024-11-11 09:50:32,999 - Short Sell 81.00 shares at 242.78 on 2024-11-08 19:15:00+00:00
2024-11-11 09:50:32,999 - Short Sell 81.00 shares at 242.84 on 2024-11-08 19:30:00+00:00
2024-11-11 09:50:32,999 - Short Sell 81.00 shares at 242.89 on 2024-11-08 19:45:00+00:00
2024-11-11 09:50:32,999 - Short Sell 81.00 shares at 243.07 on 2024-11-08 20:00:00+00:00
2024-11-11 09:50:32,999 - Short Sell 81.00 shares at 242.93 on 2024-11-08 20:15:00+00:00
2024-11-11 09:50:32,999 - Short Sell 80.00 shares at 243.56 on 2024-11-08 20:30:00+00:00
2024-11-11 09:50:33,000 - Buy to cover -2033.00 shares at 242.43 on 2024-11-08 20:45:00+00:00 (Exit: Signal, Profit: -1526.1199999999878, Duration: 375.0 minutes)
2024-11-11 09:50:33,001 - Final statisticsStock: LH, 
total_trades: 29, 
winning_trades: 22, 
losing_trades: 7, 
average_return: 0.0019187569015328345, 
average_duration: 1258.448275862069, 
final_balance: 987488.2500000016, 
final_portfolio_value: 987488.2500000016, 
sharpe_ratio: 2.8799512172370454, 



