2024-11-10 20:09:07,690 - Starting GBMStrategy with initial capital: 1000000
2024-11-10 20:09:07,690 - Hyperparameters: {'threshold': 0.5, 'time_periods': 15, 'num_simulations': 150}
2024-11-10 20:14:51,262 - Short Sell 93.00 shares at 213.88 on 2024-10-10 17:15:00+00:00
2024-11-10 20:14:51,263 - Short Sell 93.00 shares at 214.55 on 2024-10-10 17:30:00+00:00
2024-11-10 20:14:51,263 - Short Sell 93.00 shares at 214.57 on 2024-10-10 17:45:00+00:00
2024-11-10 20:14:51,263 - Short Sell 93.00 shares at 214.68 on 2024-10-10 18:00:00+00:00
2024-11-10 20:14:51,263 - Short Sell 92.00 shares at 215.15 on 2024-10-10 18:15:00+00:00
2024-11-10 20:14:51,263 - Short Sell 92.00 shares at 215.06 on 2024-10-10 18:30:00+00:00
2024-11-10 20:14:51,264 - Short Sell 92.00 shares at 215.22 on 2024-10-10 18:45:00+00:00
2024-11-10 20:14:51,264 - Short Sell 93.00 shares at 214.71 on 2024-10-10 19:00:00+00:00
2024-11-10 20:14:51,264 - Short Sell 92.00 shares at 215.03 on 2024-10-10 19:15:00+00:00
2024-11-10 20:14:51,264 - Short Sell 92.00 shares at 215.21 on 2024-10-10 19:30:00+00:00
2024-11-10 20:14:51,264 - Short Sell 93.00 shares at 214.9 on 2024-10-10 19:45:00+00:00
2024-11-10 20:14:51,264 - Short Sell 92.00 shares at 216.87 on 2024-10-11 13:30:00+00:00
2024-11-10 20:14:51,264 - Short Sell 92.00 shares at 216.89 on 2024-10-11 13:45:00+00:00
2024-11-10 20:14:51,264 - Short Sell 92.00 shares at 216.41 on 2024-10-11 14:00:00+00:00
2024-11-10 20:14:51,264 - Short Sell 92.00 shares at 216.55 on 2024-10-11 14:15:00+00:00
2024-11-10 20:14:51,264 - Short Sell 92.00 shares at 216.59 on 2024-10-11 14:30:00+00:00
2024-11-10 20:14:51,264 - Buy to cover -1478.00 shares at 216.44 on 2024-10-11 15:00:00+00:00 (Exit: Signal, Profit: -1554.189999999881, Duration: 1305.0 minutes)
2024-11-10 20:14:51,264 - Long Buy 92.00 shares at 216.48 on 2024-10-11 15:15:00+00:00
2024-11-10 20:14:51,264 - Long Buy 90.00 shares at 216.24 on 2024-10-11 15:30:00+00:00
2024-11-10 20:14:51,264 - Long Buy 88.00 shares at 216.36 on 2024-10-11 15:45:00+00:00
2024-11-10 20:14:51,264 - Long Buy 87.00 shares at 215.76 on 2024-10-11 16:00:00+00:00
2024-11-10 20:14:51,264 - Long Buy 85.00 shares at 215.83 on 2024-10-11 16:15:00+00:00
2024-11-10 20:14:51,264 - Long Buy 83.00 shares at 215.72 on 2024-10-11 16:30:00+00:00
2024-11-10 20:14:51,264 - Long Buy 82.00 shares at 215.51 on 2024-10-11 16:45:00+00:00
2024-11-10 20:14:51,264 - Long Buy 80.00 shares at 215.8 on 2024-10-11 17:00:00+00:00
2024-11-10 20:14:51,264 - Long Buy 78.00 shares at 215.8 on 2024-10-11 17:15:00+00:00
2024-11-10 20:14:51,264 - Long Buy 77.00 shares at 216.01 on 2024-10-11 17:30:00+00:00
2024-11-10 20:14:51,264 - Long Buy 75.00 shares at 216.36 on 2024-10-11 17:45:00+00:00
2024-11-10 20:14:51,264 - Long Buy 74.00 shares at 216.1 on 2024-10-11 18:15:00+00:00
2024-11-10 20:14:51,265 - Sell to close 991.00 shares at 216.66 on 2024-10-11 18:45:00+00:00 (Exit: Signal, Profit: 651.8000000000053, Duration: 210.0 minutes)
2024-11-10 20:14:51,265 - Long Buy 92.00 shares at 216.27 on 2024-10-11 19:15:00+00:00
2024-11-10 20:14:51,265 - Long Buy 90.00 shares at 215.84 on 2024-10-14 13:30:00+00:00
2024-11-10 20:14:51,265 - Long Buy 88.00 shares at 215.86 on 2024-10-14 13:45:00+00:00
2024-11-10 20:14:51,265 - Sell to close 270.00 shares at 216.63 on 2024-10-14 14:15:00+00:00 (Exit: Signal, Profit: 171.97999999999382, Duration: 4020.0 minutes)
2024-11-10 20:14:51,265 - Short Sell 92.00 shares at 216.58 on 2024-10-14 14:30:00+00:00
2024-11-10 20:14:51,265 - Short Sell 92.00 shares at 216.73 on 2024-10-14 14:45:00+00:00
2024-11-10 20:14:51,265 - Short Sell 91.00 shares at 217.51 on 2024-10-14 15:00:00+00:00
2024-11-10 20:14:51,265 - Short Sell 91.00 shares at 217.56 on 2024-10-14 15:15:00+00:00
2024-11-10 20:14:51,265 - Buy to cover -366.00 shares at 217.47 on 2024-10-14 15:30:00+00:00 (Exit: Signal, Profit: -138.12999999998044, Duration: 60.0 minutes)
2024-11-10 20:14:51,265 - Long Buy 91.00 shares at 217.35 on 2024-10-14 15:45:00+00:00
2024-11-10 20:14:51,265 - Long Buy 90.00 shares at 217.01 on 2024-10-14 16:00:00+00:00
2024-11-10 20:14:51,265 - Long Buy 88.00 shares at 217.13 on 2024-10-14 16:15:00+00:00
2024-11-10 20:14:51,265 - Long Buy 86.00 shares at 216.93 on 2024-10-14 17:00:00+00:00
2024-11-10 20:14:51,265 - Long Buy 84.00 shares at 217.0 on 2024-10-14 17:15:00+00:00
2024-11-10 20:14:51,265 - Long Buy 83.00 shares at 216.78 on 2024-10-14 17:30:00+00:00
2024-11-10 20:14:51,265 - Long Buy 81.00 shares at 216.27 on 2024-10-14 17:45:00+00:00
2024-11-10 20:14:51,265 - Long Buy 80.00 shares at 216.27 on 2024-10-14 18:00:00+00:00
2024-11-10 20:14:51,265 - Long Buy 78.00 shares at 216.56 on 2024-10-14 18:15:00+00:00
2024-11-10 20:14:51,265 - Long Buy 77.00 shares at 216.59 on 2024-10-14 18:30:00+00:00
2024-11-10 20:14:51,265 - Long Buy 75.00 shares at 216.72 on 2024-10-14 18:45:00+00:00
2024-11-10 20:14:51,265 - Long Buy 73.00 shares at 216.6 on 2024-10-14 19:00:00+00:00
2024-11-10 20:14:51,265 - Sell to close 986.00 shares at 216.92 on 2024-10-14 19:15:00+00:00 (Exit: Signal, Profit: 134.83000000001846, Duration: 210.0 minutes)
2024-11-10 20:14:51,265 - Short Sell 92.00 shares at 216.96 on 2024-10-14 19:30:00+00:00
2024-11-10 20:14:51,265 - Short Sell 92.00 shares at 216.85 on 2024-10-14 19:45:00+00:00
2024-11-10 20:14:51,265 - Short Sell 91.00 shares at 217.34 on 2024-10-15 13:30:00+00:00
2024-11-10 20:14:51,265 - Short Sell 91.00 shares at 217.77 on 2024-10-15 13:45:00+00:00
2024-11-10 20:14:51,265 - Short Sell 91.00 shares at 219.3 on 2024-10-15 14:00:00+00:00
2024-11-10 20:14:51,266 - Short Sell 90.00 shares at 219.62 on 2024-10-15 14:15:00+00:00
2024-11-10 20:14:51,266 - Short Sell 90.00 shares at 219.76 on 2024-10-15 14:30:00+00:00
2024-11-10 20:14:51,266 - Short Sell 90.00 shares at 219.48 on 2024-10-15 14:45:00+00:00
2024-11-10 20:14:51,266 - Short Sell 90.00 shares at 219.79 on 2024-10-15 15:00:00+00:00
2024-11-10 20:14:51,266 - Short Sell 90.00 shares at 219.66 on 2024-10-15 15:15:00+00:00
2024-11-10 20:14:51,266 - Short Sell 90.00 shares at 219.88 on 2024-10-15 15:30:00+00:00
2024-11-10 20:14:51,266 - Short Sell 90.00 shares at 219.47 on 2024-10-15 15:45:00+00:00
2024-11-10 20:14:51,266 - Short Sell 90.00 shares at 219.64 on 2024-10-15 16:00:00+00:00
2024-11-10 20:14:51,266 - Short Sell 90.00 shares at 219.94 on 2024-10-15 16:15:00+00:00
2024-11-10 20:14:51,266 - Buy to cover -1267.00 shares at 219.46 on 2024-10-15 16:30:00+00:00 (Exit: Signal, Profit: -642.3900000000347, Duration: 1260.0 minutes)
2024-11-10 20:14:51,266 - Long Buy 91.00 shares at 219.19 on 2024-10-15 16:45:00+00:00
2024-11-10 20:14:51,266 - Long Buy 89.00 shares at 219.11 on 2024-10-15 17:00:00+00:00
2024-11-10 20:14:51,266 - Long Buy 87.00 shares at 219.09 on 2024-10-15 17:15:00+00:00
2024-11-10 20:14:51,266 - Long Buy 85.00 shares at 219.08 on 2024-10-15 17:30:00+00:00
2024-11-10 20:14:51,266 - Long Buy 84.00 shares at 218.09 on 2024-10-15 17:45:00+00:00
2024-11-10 20:14:51,266 - Long Buy 82.00 shares at 217.98 on 2024-10-15 18:00:00+00:00
2024-11-10 20:14:51,266 - Long Buy 81.00 shares at 217.97 on 2024-10-15 18:15:00+00:00
2024-11-10 20:14:51,266 - Long Buy 79.00 shares at 217.49 on 2024-10-15 18:30:00+00:00
2024-11-10 20:14:51,266 - Long Buy 78.00 shares at 217.52 on 2024-10-15 18:45:00+00:00
2024-11-10 20:14:51,266 - Long Buy 76.00 shares at 217.7 on 2024-10-15 19:00:00+00:00
2024-11-10 20:14:51,266 - Long Buy 75.00 shares at 217.3 on 2024-10-15 19:15:00+00:00
2024-11-10 20:14:51,266 - Long Buy 73.00 shares at 217.46 on 2024-10-15 19:30:00+00:00
2024-11-10 20:14:51,266 - Long Buy 72.00 shares at 216.62 on 2024-10-15 19:45:00+00:00
2024-11-10 20:14:51,266 - Long Buy 71.00 shares at 216.6 on 2024-10-16 13:30:00+00:00
2024-11-10 20:14:51,266 - Sell to close 1123.00 shares at 217.83 on 2024-10-16 13:45:00+00:00 (Exit: Signal, Profit: -196.8999999999948, Duration: 1260.0 minutes)
2024-11-10 20:14:51,266 - Short Sell 91.00 shares at 217.97 on 2024-10-16 14:00:00+00:00
2024-11-10 20:14:51,266 - Short Sell 91.00 shares at 217.45 on 2024-10-16 14:15:00+00:00
2024-11-10 20:14:51,266 - Short Sell 91.00 shares at 217.39 on 2024-10-16 14:30:00+00:00
2024-11-10 20:14:51,266 - Short Sell 92.00 shares at 216.82 on 2024-10-16 14:45:00+00:00
2024-11-10 20:14:51,266 - Buy to cover -365.00 shares at 215.86 on 2024-10-16 15:15:00+00:00 (Exit: Signal, Profit: 564.2499999999845, Duration: 75.0 minutes)
2024-11-10 20:14:51,266 - Long Buy 92.00 shares at 215.93 on 2024-10-16 15:30:00+00:00
2024-11-10 20:14:51,266 - Long Buy 90.00 shares at 215.72 on 2024-10-16 15:45:00+00:00
2024-11-10 20:14:51,266 - Long Buy 89.00 shares at 215.59 on 2024-10-16 16:00:00+00:00
2024-11-10 20:14:51,266 - Long Buy 87.00 shares at 216.21 on 2024-10-16 16:15:00+00:00
2024-11-10 20:14:51,267 - Long Buy 85.00 shares at 216.22 on 2024-10-16 16:30:00+00:00
2024-11-10 20:14:51,267 - Long Buy 83.00 shares at 215.61 on 2024-10-16 16:45:00+00:00
2024-11-10 20:14:51,267 - Long Buy 82.00 shares at 215.92 on 2024-10-16 17:00:00+00:00
2024-11-10 20:14:51,267 - Long Buy 80.00 shares at 215.57 on 2024-10-16 17:15:00+00:00
2024-11-10 20:14:51,267 - Sell to close 688.00 shares at 215.83 on 2024-10-16 17:30:00+00:00 (Exit: Signal, Profit: -12.469999999978882, Duration: 120.0 minutes)
2024-11-10 20:14:51,267 - Short Sell 92.00 shares at 215.92 on 2024-10-16 17:45:00+00:00
2024-11-10 20:14:51,267 - Short Sell 92.00 shares at 216.33 on 2024-10-16 18:00:00+00:00
2024-11-10 20:14:51,267 - Short Sell 92.00 shares at 216.28 on 2024-10-16 18:15:00+00:00
2024-11-10 20:14:51,267 - Short Sell 92.00 shares at 215.94 on 2024-10-16 18:30:00+00:00
2024-11-10 20:14:51,267 - Short Sell 92.00 shares at 215.91 on 2024-10-16 18:45:00+00:00
2024-11-10 20:14:51,267 - Short Sell 92.00 shares at 215.92 on 2024-10-16 19:00:00+00:00
2024-11-10 20:14:51,267 - Short Sell 92.00 shares at 215.84 on 2024-10-16 19:15:00+00:00
2024-11-10 20:14:51,267 - Short Sell 92.00 shares at 216.94 on 2024-10-16 19:30:00+00:00
2024-11-10 20:14:51,267 - Short Sell 92.00 shares at 216.83 on 2024-10-16 19:45:00+00:00
2024-11-10 20:14:51,267 - Short Sell 92.00 shares at 216.58 on 2024-10-17 13:30:00+00:00
2024-11-10 20:14:51,267 - Buy to cover -920.00 shares at 215.15 on 2024-10-17 14:15:00+00:00 (Exit: Signal, Profit: 1011.0800000000165, Duration: 1230.0 minutes)
2024-11-10 20:14:51,267 - Long Buy 93.00 shares at 214.89 on 2024-10-17 14:30:00+00:00
2024-11-10 20:14:51,267 - Sell to close 93.00 shares at 215.47 on 2024-10-17 14:45:00+00:00 (Exit: Signal, Profit: 53.93999999999852, Duration: 15.0 minutes)
2024-11-10 20:14:51,267 - Short Sell 92.00 shares at 215.36 on 2024-10-17 15:00:00+00:00
2024-11-10 20:14:51,267 - Short Sell 92.00 shares at 215.32 on 2024-10-17 15:15:00+00:00
2024-11-10 20:14:51,267 - Short Sell 92.00 shares at 215.2 on 2024-10-17 15:30:00+00:00
2024-11-10 20:14:51,267 - Short Sell 93.00 shares at 214.99 on 2024-10-17 15:45:00+00:00
2024-11-10 20:14:51,267 - Short Sell 93.00 shares at 215.04 on 2024-10-17 16:15:00+00:00
2024-11-10 20:14:51,267 - Short Sell 92.00 shares at 215.09 on 2024-10-17 16:45:00+00:00
2024-11-10 20:14:51,267 - Short Sell 92.00 shares at 215.1 on 2024-10-17 17:00:00+00:00
2024-11-10 20:14:51,267 - Buy to cover -646.00 shares at 214.57 on 2024-10-17 17:30:00+00:00 (Exit: Signal, Profit: 379.01000000002153, Duration: 150.0 minutes)
2024-11-10 20:14:51,267 - Long Buy 93.00 shares at 214.34 on 2024-10-17 18:00:00+00:00
2024-11-10 20:14:51,267 - Long Buy 91.00 shares at 214.13 on 2024-10-17 18:15:00+00:00
2024-11-10 20:14:51,267 - Sell to close 184.00 shares at 214.2 on 2024-10-17 18:30:00+00:00 (Exit: Signal, Profit: -6.64999999999668, Duration: 30.0 minutes)
2024-11-10 20:14:51,268 - Short Sell 93.00 shares at 214.24 on 2024-10-17 18:45:00+00:00
2024-11-10 20:14:51,268 - Short Sell 93.00 shares at 214.77 on 2024-10-17 19:00:00+00:00
2024-11-10 20:14:51,268 - Short Sell 93.00 shares at 215.09 on 2024-10-17 19:15:00+00:00
2024-11-10 20:14:51,268 - Short Sell 93.00 shares at 215.11 on 2024-10-17 19:30:00+00:00
2024-11-10 20:14:51,268 - Short Sell 92.00 shares at 215.13 on 2024-10-17 19:45:00+00:00
2024-11-10 20:14:51,268 - Buy to cover -464.00 shares at 213.43 on 2024-10-18 13:30:00+00:00 (Exit: Signal, Profit: 666.9699999999825, Duration: 1125.0 minutes)
2024-11-10 20:14:51,268 - Short Sell 93.00 shares at 214.66 on 2024-10-18 13:45:00+00:00
2024-11-10 20:14:51,268 - Short Sell 93.00 shares at 214.7 on 2024-10-18 14:00:00+00:00
2024-11-10 20:14:51,268 - Short Sell 93.00 shares at 214.75 on 2024-10-18 14:15:00+00:00
2024-11-10 20:14:51,268 - Short Sell 93.00 shares at 214.32 on 2024-10-18 14:30:00+00:00
2024-11-10 20:14:51,268 - Short Sell 93.00 shares at 214.67 on 2024-10-18 14:45:00+00:00
2024-11-10 20:14:51,268 - Short Sell 93.00 shares at 214.8 on 2024-10-18 15:00:00+00:00
2024-11-10 20:14:51,268 - Short Sell 93.00 shares at 214.56 on 2024-10-18 15:15:00+00:00
2024-11-10 20:14:51,268 - Short Sell 93.00 shares at 214.81 on 2024-10-18 15:30:00+00:00
2024-11-10 20:14:51,268 - Short Sell 93.00 shares at 214.81 on 2024-10-18 15:45:00+00:00
2024-11-10 20:14:51,268 - Short Sell 92.00 shares at 215.62 on 2024-10-18 16:00:00+00:00
2024-11-10 20:14:51,268 - Short Sell 92.00 shares at 216.03 on 2024-10-18 16:15:00+00:00
2024-11-10 20:14:51,268 - Short Sell 92.00 shares at 215.71 on 2024-10-18 16:30:00+00:00
2024-11-10 20:14:51,268 - Short Sell 92.00 shares at 215.78 on 2024-10-18 16:45:00+00:00
2024-11-10 20:14:51,268 - Short Sell 92.00 shares at 215.86 on 2024-10-18 17:00:00+00:00
2024-11-10 20:14:51,268 - Short Sell 92.00 shares at 216.03 on 2024-10-18 17:15:00+00:00
2024-11-10 20:14:51,268 - Short Sell 92.00 shares at 215.94 on 2024-10-18 17:30:00+00:00
2024-11-10 20:14:51,268 - Short Sell 92.00 shares at 215.68 on 2024-10-18 17:45:00+00:00
2024-11-10 20:14:51,268 - Short Sell 92.00 shares at 215.95 on 2024-10-18 18:00:00+00:00
2024-11-10 20:14:51,268 - Short Sell 92.00 shares at 216.11 on 2024-10-18 18:15:00+00:00
2024-11-10 20:14:51,268 - Short Sell 92.00 shares at 216.14 on 2024-10-18 18:30:00+00:00
2024-11-10 20:14:51,268 - Short Sell 92.00 shares at 215.8 on 2024-10-18 18:45:00+00:00
2024-11-10 20:14:51,268 - Short Sell 92.00 shares at 215.31 on 2024-10-18 19:00:00+00:00
2024-11-10 20:14:51,268 - Short Sell 93.00 shares at 215.2 on 2024-10-18 19:15:00+00:00
2024-11-10 20:14:51,268 - Buy to cover -2126.00 shares at 215.07 on 2024-10-18 19:30:00+00:00 (Exit: Signal, Profit: 606.5400000000516, Duration: 345.0 minutes)
2024-11-10 20:14:51,268 - Short Sell 92.00 shares at 215.75 on 2024-10-18 19:45:00+00:00
2024-11-10 20:14:51,268 - Short Sell 93.00 shares at 215.42 on 2024-10-21 13:30:00+00:00
2024-11-10 20:14:51,268 - Buy to cover -185.00 shares at 214.9 on 2024-10-21 13:45:00+00:00 (Exit: Signal, Profit: 126.55999999999693, Duration: 3960.0 minutes)
2024-11-10 20:14:51,268 - Long Buy 93.00 shares at 214.39 on 2024-10-21 14:00:00+00:00
2024-11-10 20:14:51,269 - Long Buy 91.00 shares at 214.01 on 2024-10-21 14:15:00+00:00
2024-11-10 20:14:51,269 - Long Buy 89.00 shares at 214.48 on 2024-10-21 14:30:00+00:00
2024-11-10 20:14:51,269 - Long Buy 88.00 shares at 214.18 on 2024-10-21 14:45:00+00:00
2024-11-10 20:14:51,269 - Long Buy 86.00 shares at 214.11 on 2024-10-21 15:00:00+00:00
2024-11-10 20:14:51,269 - Long Buy 84.00 shares at 213.58 on 2024-10-21 15:15:00+00:00
2024-11-10 20:14:51,269 - Long Buy 83.00 shares at 213.5 on 2024-10-21 15:30:00+00:00
2024-11-10 20:14:51,269 - Long Buy 81.00 shares at 213.93 on 2024-10-21 15:45:00+00:00
2024-11-10 20:14:51,269 - Long Buy 79.00 shares at 214.17 on 2024-10-21 16:00:00+00:00
2024-11-10 20:14:51,269 - Long Buy 78.00 shares at 214.15 on 2024-10-21 16:15:00+00:00
2024-11-10 20:14:51,269 - Long Buy 76.00 shares at 214.56 on 2024-10-21 16:30:00+00:00
2024-11-10 20:14:51,269 - Sell to close 928.00 shares at 214.63 on 2024-10-21 16:45:00+00:00 (Exit: Signal, Profit: 494.1999999999871, Duration: 165.0 minutes)
2024-11-10 20:14:51,269 - Long Buy 93.00 shares at 214.45 on 2024-10-21 17:00:00+00:00
2024-11-10 20:14:51,269 - Sell to close 93.00 shares at 215.57 on 2024-10-21 17:15:00+00:00 (Exit: Signal, Profit: 104.16000000000042, Duration: 15.0 minutes)
2024-11-10 20:14:51,269 - Short Sell 92.00 shares at 215.58 on 2024-10-21 17:30:00+00:00
2024-11-10 20:14:51,269 - Short Sell 93.00 shares at 215.42 on 2024-10-21 17:45:00+00:00
2024-11-10 20:14:51,269 - Short Sell 93.00 shares at 214.87 on 2024-10-21 18:00:00+00:00
2024-11-10 20:14:51,269 - Buy to cover -278.00 shares at 214.36 on 2024-10-21 18:15:00+00:00 (Exit: Signal, Profit: 258.24999999999534, Duration: 45.0 minutes)
2024-11-10 20:14:51,269 - Long Buy 93.00 shares at 213.96 on 2024-10-21 18:30:00+00:00
2024-11-10 20:14:51,269 - Long Buy 92.00 shares at 213.34 on 2024-10-21 18:45:00+00:00
2024-11-10 20:14:51,269 - Long Buy 90.00 shares at 213.83 on 2024-10-21 19:00:00+00:00
2024-11-10 20:14:51,269 - Long Buy 88.00 shares at 213.63 on 2024-10-21 19:15:00+00:00
2024-11-10 20:14:51,269 - Long Buy 86.00 shares at 214.28 on 2024-10-21 19:30:00+00:00
2024-11-10 20:14:51,269 - Long Buy 84.00 shares at 214.04 on 2024-10-21 19:45:00+00:00
2024-11-10 20:14:51,269 - Sell to close 533.00 shares at 220.99 on 2024-10-22 13:30:00+00:00 (Exit: Profit_take, Profit: 3810.5300000000057, Duration: 1140.0 minutes)
2024-11-10 20:14:51,269 - Short Sell 91.00 shares at 219.56 on 2024-10-22 13:45:00+00:00
2024-11-10 20:14:51,269 - Buy to cover -91.00 shares at 219.21 on 2024-10-22 14:00:00+00:00 (Exit: Signal, Profit: 31.849999999999483, Duration: 15.0 minutes)
2024-11-10 20:14:51,269 - Long Buy 92.00 shares at 217.92 on 2024-10-22 14:15:00+00:00
2024-11-10 20:14:51,269 - Long Buy 90.00 shares at 217.18 on 2024-10-22 14:30:00+00:00
2024-11-10 20:14:51,269 - Long Buy 88.00 shares at 218.64 on 2024-10-22 14:45:00+00:00
2024-11-10 20:14:51,269 - Long Buy 86.00 shares at 219.15 on 2024-10-22 15:00:00+00:00
2024-11-10 20:14:51,270 - Sell to close 356.00 shares at 219.8 on 2024-10-22 15:30:00+00:00 (Exit: Signal, Profit: 566.7400000000088, Duration: 75.0 minutes)
2024-11-10 20:14:51,270 - Short Sell 91.00 shares at 219.88 on 2024-10-22 15:45:00+00:00
2024-11-10 20:14:51,270 - Short Sell 91.00 shares at 220.0 on 2024-10-22 16:00:00+00:00
2024-11-10 20:14:51,270 - Short Sell 91.00 shares at 220.49 on 2024-10-22 16:15:00+00:00
2024-11-10 20:14:51,270 - Short Sell 91.00 shares at 220.53 on 2024-10-22 16:30:00+00:00
2024-11-10 20:14:51,270 - Short Sell 91.00 shares at 220.78 on 2024-10-22 16:45:00+00:00
2024-11-10 20:14:51,270 - Short Sell 91.00 shares at 220.52 on 2024-10-22 17:00:00+00:00
2024-11-10 20:14:51,270 - Short Sell 91.00 shares at 220.87 on 2024-10-22 17:15:00+00:00
2024-11-10 20:14:51,270 - Short Sell 91.00 shares at 220.23 on 2024-10-22 17:30:00+00:00
2024-11-10 20:14:51,270 - Buy to cover -728.00 shares at 220.05 on 2024-10-22 17:45:00+00:00 (Exit: Signal, Profit: 263.8999999999876, Duration: 120.0 minutes)
2024-11-10 20:14:51,270 - Short Sell 91.00 shares at 220.63 on 2024-10-22 18:00:00+00:00
2024-11-10 20:14:51,270 - Short Sell 91.00 shares at 220.48 on 2024-10-22 18:15:00+00:00
2024-11-10 20:14:51,270 - Short Sell 91.00 shares at 220.34 on 2024-10-22 18:30:00+00:00
2024-11-10 20:14:51,270 - Short Sell 91.00 shares at 220.68 on 2024-10-22 18:45:00+00:00
2024-11-10 20:14:51,270 - Short Sell 91.00 shares at 220.72 on 2024-10-22 19:00:00+00:00
2024-11-10 20:14:51,270 - Short Sell 91.00 shares at 220.44 on 2024-10-22 19:15:00+00:00
2024-11-10 20:14:51,270 - Short Sell 91.00 shares at 220.62 on 2024-10-22 19:30:00+00:00
2024-11-10 20:14:51,270 - Short Sell 91.00 shares at 220.52 on 2024-10-22 19:45:00+00:00
2024-11-10 20:14:51,270 - Short Sell 89.00 shares at 224.49 on 2024-10-23 13:30:00+00:00
2024-11-10 20:14:51,270 - Short Sell 89.00 shares at 224.31 on 2024-10-23 13:45:00+00:00
2024-11-10 20:14:51,270 - Short Sell 89.00 shares at 224.56 on 2024-10-23 14:00:00+00:00
2024-11-10 20:14:51,270 - Short Sell 89.00 shares at 223.74 on 2024-10-23 14:15:00+00:00
2024-11-10 20:14:51,270 - Short Sell 90.00 shares at 221.86 on 2024-10-23 14:30:00+00:00
2024-11-10 20:14:51,270 - Short Sell 91.00 shares at 220.97 on 2024-10-23 14:45:00+00:00
2024-11-10 20:14:51,270 - Buy to cover -1265.00 shares at 220.78 on 2024-10-23 15:00:00+00:00 (Exit: Signal, Profit: 1193.9999999999943, Duration: 1260.0 minutes)
2024-11-10 20:14:51,270 - Short Sell 91.00 shares at 221.52 on 2024-10-23 15:15:00+00:00
2024-11-10 20:14:51,270 - Short Sell 90.00 shares at 221.85 on 2024-10-23 15:30:00+00:00
2024-11-10 20:14:51,270 - Short Sell 91.00 shares at 221.55 on 2024-10-23 15:45:00+00:00
2024-11-10 20:14:51,270 - Short Sell 90.00 shares at 221.89 on 2024-10-23 16:00:00+00:00
2024-11-10 20:14:51,270 - Short Sell 91.00 shares at 221.58 on 2024-10-23 16:15:00+00:00
2024-11-10 20:14:51,270 - Short Sell 91.00 shares at 221.52 on 2024-10-23 16:30:00+00:00
2024-11-10 20:14:51,270 - Short Sell 91.00 shares at 221.64 on 2024-10-23 16:45:00+00:00
2024-11-10 20:14:51,270 - Short Sell 91.00 shares at 221.2 on 2024-10-23 17:00:00+00:00
2024-11-10 20:14:51,270 - Short Sell 91.00 shares at 221.31 on 2024-10-23 17:15:00+00:00
2024-11-10 20:14:51,270 - Short Sell 91.00 shares at 221.38 on 2024-10-23 17:30:00+00:00
2024-11-10 20:14:51,270 - Short Sell 91.00 shares at 221.59 on 2024-10-23 17:45:00+00:00
2024-11-10 20:14:51,271 - Short Sell 91.00 shares at 221.43 on 2024-10-23 18:15:00+00:00
2024-11-10 20:14:51,271 - Short Sell 91.00 shares at 221.55 on 2024-10-23 18:30:00+00:00
2024-11-10 20:14:51,271 - Short Sell 90.00 shares at 221.67 on 2024-10-23 18:45:00+00:00
2024-11-10 20:14:51,271 - Short Sell 90.00 shares at 221.7 on 2024-10-23 19:00:00+00:00
2024-11-10 20:14:51,271 - Short Sell 90.00 shares at 222.16 on 2024-10-23 19:15:00+00:00
2024-11-10 20:14:51,271 - Buy to cover -1451.00 shares at 219.2 on 2024-10-23 19:45:00+00:00 (Exit: Signal, Profit: 3475.6699999999933, Duration: 270.0 minutes)
2024-11-10 20:14:51,271 - Short Sell 87.00 shares at 230.69 on 2024-10-24 13:30:00+00:00
2024-11-10 20:14:51,271 - Short Sell 86.00 shares at 234.29 on 2024-10-24 13:45:00+00:00
2024-11-10 20:14:51,271 - Short Sell 86.00 shares at 234.06 on 2024-10-24 14:00:00+00:00
2024-11-10 20:14:51,271 - Buy to cover -259.00 shares at 236.57 on 2024-10-24 14:15:00+00:00 (Exit: Stop_loss, Profit: -923.4999999999956, Duration: 45.0 minutes)
2024-11-10 20:14:51,271 - Short Sell 85.00 shares at 237.25 on 2024-10-24 14:30:00+00:00
2024-11-10 20:14:51,271 - Short Sell 84.00 shares at 239.19 on 2024-10-24 14:45:00+00:00
2024-11-10 20:14:51,271 - Short Sell 85.00 shares at 236.59 on 2024-10-24 15:00:00+00:00
2024-11-10 20:14:51,271 - Short Sell 86.00 shares at 234.41 on 2024-10-24 15:15:00+00:00
2024-11-10 20:14:51,271 - Short Sell 86.00 shares at 233.56 on 2024-10-24 15:30:00+00:00
2024-11-10 20:14:51,271 - Short Sell 86.00 shares at 234.61 on 2024-10-24 15:45:00+00:00
2024-11-10 20:14:51,271 - Short Sell 86.00 shares at 234.75 on 2024-10-24 16:00:00+00:00
2024-11-10 20:14:51,271 - Buy to cover -598.00 shares at 233.49 on 2024-10-24 16:15:00+00:00 (Exit: Signal, Profit: 1351.7199999999839, Duration: 105.0 minutes)
2024-11-10 20:14:51,271 - Long Buy 86.00 shares at 234.08 on 2024-10-24 16:30:00+00:00
2024-11-10 20:14:51,271 - Long Buy 84.00 shares at 234.09 on 2024-10-24 16:45:00+00:00
2024-11-10 20:14:51,271 - Long Buy 83.00 shares at 232.87 on 2024-10-24 17:00:00+00:00
2024-11-10 20:14:51,271 - Long Buy 82.00 shares at 231.94 on 2024-10-24 17:15:00+00:00
2024-11-10 20:14:51,271 - Sell to close 335.00 shares at 229.03 on 2024-10-24 17:30:00+00:00 (Exit: Stop_loss, Profit: -1416.6799999999994, Duration: 60.0 minutes)
2024-11-10 20:14:51,271 - Long Buy 88.00 shares at 227.79 on 2024-10-24 17:45:00+00:00
2024-11-10 20:14:51,271 - Long Buy 86.00 shares at 228.07 on 2024-10-24 18:00:00+00:00
2024-11-10 20:14:51,271 - Long Buy 84.00 shares at 228.81 on 2024-10-24 18:15:00+00:00
2024-11-10 20:14:51,271 - Long Buy 83.00 shares at 228.18 on 2024-10-24 18:30:00+00:00
2024-11-10 20:14:51,271 - Long Buy 81.00 shares at 229.47 on 2024-10-24 18:45:00+00:00
2024-11-10 20:14:51,271 - Long Buy 79.00 shares at 230.47 on 2024-10-24 19:00:00+00:00
2024-11-10 20:14:51,271 - Long Buy 78.00 shares at 229.24 on 2024-10-24 19:15:00+00:00
2024-11-10 20:14:51,271 - Long Buy 76.00 shares at 229.97 on 2024-10-24 19:30:00+00:00
2024-11-10 20:14:51,272 - Sell to close 655.00 shares at 230.14 on 2024-10-24 19:45:00+00:00 (Exit: Signal, Profit: 770.5399999999861, Duration: 120.0 minutes)
2024-11-10 20:14:51,272 - Short Sell 87.00 shares at 230.22 on 2024-10-25 13:30:00+00:00
2024-11-10 20:14:51,272 - Short Sell 87.00 shares at 230.97 on 2024-10-25 13:45:00+00:00
2024-11-10 20:14:51,272 - Short Sell 87.00 shares at 231.09 on 2024-10-25 14:00:00+00:00
2024-11-10 20:14:51,272 - Short Sell 87.00 shares at 231.01 on 2024-10-25 14:15:00+00:00
2024-11-10 20:14:51,272 - Short Sell 87.00 shares at 230.94 on 2024-10-25 14:30:00+00:00
2024-11-10 20:14:51,272 - Short Sell 87.00 shares at 230.74 on 2024-10-25 14:45:00+00:00
2024-11-10 20:14:51,272 - Short Sell 87.00 shares at 230.56 on 2024-10-25 15:00:00+00:00
2024-11-10 20:14:51,272 - Short Sell 87.00 shares at 230.77 on 2024-10-25 15:30:00+00:00
2024-11-10 20:14:51,272 - Short Sell 87.00 shares at 231.05 on 2024-10-25 15:45:00+00:00
2024-11-10 20:14:51,272 - Short Sell 87.00 shares at 230.76 on 2024-10-25 16:00:00+00:00
2024-11-10 20:14:51,272 - Short Sell 87.00 shares at 230.56 on 2024-10-25 16:15:00+00:00
2024-11-10 20:14:51,272 - Short Sell 87.00 shares at 230.73 on 2024-10-25 16:30:00+00:00
2024-11-10 20:14:51,272 - Buy to cover -1044.00 shares at 229.86 on 2024-10-25 17:00:00+00:00 (Exit: Signal, Profit: 963.9599999999838, Duration: 210.0 minutes)
2024-11-10 20:14:51,272 - Long Buy 88.00 shares at 229.97 on 2024-10-25 17:15:00+00:00
2024-11-10 20:14:51,272 - Long Buy 86.00 shares at 229.27 on 2024-10-25 17:30:00+00:00
2024-11-10 20:14:51,272 - Long Buy 84.00 shares at 229.03 on 2024-10-25 17:45:00+00:00
2024-11-10 20:14:51,272 - Long Buy 83.00 shares at 228.51 on 2024-10-25 18:00:00+00:00
2024-11-10 20:14:51,272 - Long Buy 81.00 shares at 228.38 on 2024-10-25 18:15:00+00:00
2024-11-10 20:14:51,272 - Long Buy 80.00 shares at 228.21 on 2024-10-25 18:30:00+00:00
2024-11-10 20:14:51,272 - Long Buy 78.00 shares at 228.5 on 2024-10-25 18:45:00+00:00
2024-11-10 20:14:51,272 - Long Buy 77.00 shares at 227.29 on 2024-10-25 19:00:00+00:00
2024-11-10 20:14:51,272 - Long Buy 75.00 shares at 228.24 on 2024-10-25 19:15:00+00:00
2024-11-10 20:14:51,272 - Long Buy 73.00 shares at 229.42 on 2024-10-25 19:30:00+00:00
2024-11-10 20:14:51,272 - Long Buy 72.00 shares at 228.85 on 2024-10-25 19:45:00+00:00
2024-11-10 20:14:51,272 - Long Buy 71.00 shares at 228.59 on 2024-10-28 13:45:00+00:00
2024-11-10 20:14:51,272 - Long Buy 70.00 shares at 227.39 on 2024-10-28 14:00:00+00:00
2024-11-10 20:14:51,272 - Sell to close 1018.00 shares at 228.5 on 2024-10-28 14:15:00+00:00 (Exit: Signal, Profit: -116.390000000018, Duration: 4140.0 minutes)
2024-11-10 20:14:51,272 - Short Sell 88.00 shares at 227.57 on 2024-10-28 14:30:00+00:00
2024-11-10 20:14:51,272 - Short Sell 88.00 shares at 227.72 on 2024-10-28 14:45:00+00:00
2024-11-10 20:14:51,272 - Short Sell 88.00 shares at 228.16 on 2024-10-28 15:00:00+00:00
2024-11-10 20:14:51,272 - Short Sell 88.00 shares at 227.89 on 2024-10-28 15:15:00+00:00
2024-11-10 20:14:51,273 - Buy to cover -352.00 shares at 226.41 on 2024-10-28 15:30:00+00:00 (Exit: Signal, Profit: 501.600000000014, Duration: 60.0 minutes)
2024-11-10 20:14:51,273 - Long Buy 89.00 shares at 226.07 on 2024-10-28 15:45:00+00:00
2024-11-10 20:14:51,273 - Long Buy 87.00 shares at 226.49 on 2024-10-28 16:00:00+00:00
2024-11-10 20:14:51,273 - Long Buy 86.00 shares at 226.12 on 2024-10-28 16:15:00+00:00
2024-11-10 20:14:51,273 - Long Buy 84.00 shares at 226.66 on 2024-10-28 16:30:00+00:00
2024-11-10 20:14:51,273 - Long Buy 82.00 shares at 226.13 on 2024-10-28 16:45:00+00:00
2024-11-10 20:14:51,273 - Long Buy 81.00 shares at 226.23 on 2024-10-28 17:00:00+00:00
2024-11-10 20:14:51,273 - Long Buy 79.00 shares at 226.59 on 2024-10-28 17:15:00+00:00
2024-11-10 20:14:51,273 - Long Buy 77.00 shares at 226.13 on 2024-10-28 17:30:00+00:00
2024-11-10 20:14:51,273 - Long Buy 76.00 shares at 225.79 on 2024-10-28 17:45:00+00:00
2024-11-10 20:14:51,273 - Sell to close 741.00 shares at 226.04 on 2024-10-28 18:00:00+00:00 (Exit: Signal, Profit: -154.9300000000495, Duration: 135.0 minutes)
2024-11-10 20:14:51,273 - Short Sell 89.00 shares at 226.02 on 2024-10-28 18:15:00+00:00
2024-11-10 20:14:51,273 - Short Sell 89.00 shares at 226.67 on 2024-10-28 18:30:00+00:00
2024-11-10 20:14:51,273 - Short Sell 89.00 shares at 226.93 on 2024-10-28 18:45:00+00:00
2024-11-10 20:14:51,273 - Short Sell 89.00 shares at 226.75 on 2024-10-28 19:00:00+00:00
2024-11-10 20:14:51,273 - Short Sell 89.00 shares at 226.95 on 2024-10-28 19:15:00+00:00
2024-11-10 20:14:51,273 - Short Sell 89.00 shares at 226.98 on 2024-10-28 19:30:00+00:00
2024-11-10 20:14:51,273 - Short Sell 89.00 shares at 227.4 on 2024-10-28 19:45:00+00:00
2024-11-10 20:14:51,273 - Short Sell 89.00 shares at 226.64 on 2024-10-29 13:30:00+00:00
2024-11-10 20:14:51,273 - Short Sell 89.00 shares at 227.25 on 2024-10-29 13:45:00+00:00
2024-11-10 20:14:51,273 - Short Sell 88.00 shares at 228.17 on 2024-10-29 14:00:00+00:00
2024-11-10 20:14:51,273 - Short Sell 88.00 shares at 228.27 on 2024-10-29 14:15:00+00:00
2024-11-10 20:14:51,273 - Short Sell 88.00 shares at 229.0 on 2024-10-29 14:30:00+00:00
2024-11-10 20:14:51,273 - Short Sell 88.00 shares at 228.34 on 2024-10-29 14:45:00+00:00
2024-11-10 20:14:51,273 - Short Sell 88.00 shares at 228.51 on 2024-10-29 15:00:00+00:00
2024-11-10 20:14:51,273 - Buy to cover -1241.00 shares at 228.42 on 2024-10-29 15:15:00+00:00 (Exit: Signal, Profit: -1246.1899999999523, Duration: 1260.0 minutes)
2024-11-10 20:14:51,273 - Short Sell 88.00 shares at 228.79 on 2024-10-29 15:30:00+00:00
2024-11-10 20:14:51,273 - Short Sell 88.00 shares at 228.8 on 2024-10-29 15:45:00+00:00
2024-11-10 20:14:51,273 - Short Sell 88.00 shares at 229.45 on 2024-10-29 16:00:00+00:00
2024-11-10 20:14:51,273 - Short Sell 88.00 shares at 229.26 on 2024-10-29 16:15:00+00:00
2024-11-10 20:14:51,273 - Short Sell 88.00 shares at 229.8 on 2024-10-29 16:30:00+00:00
2024-11-10 20:14:51,273 - Short Sell 88.00 shares at 229.8 on 2024-10-29 16:45:00+00:00
2024-11-10 20:14:51,273 - Short Sell 87.00 shares at 230.19 on 2024-10-29 17:00:00+00:00
2024-11-10 20:14:51,273 - Short Sell 88.00 shares at 229.31 on 2024-10-29 17:15:00+00:00
2024-11-10 20:14:51,274 - Short Sell 88.00 shares at 228.98 on 2024-10-29 17:30:00+00:00
2024-11-10 20:14:51,274 - Short Sell 88.00 shares at 229.0 on 2024-10-29 17:45:00+00:00
2024-11-10 20:14:51,274 - Buy to cover -879.00 shares at 228.05 on 2024-10-29 18:00:00+00:00 (Exit: Signal, Profit: 1131.2999999999624, Duration: 150.0 minutes)
2024-11-10 20:14:51,274 - Long Buy 88.00 shares at 227.77 on 2024-10-29 19:00:00+00:00
2024-11-10 20:14:51,274 - Long Buy 87.00 shares at 228.09 on 2024-10-29 19:15:00+00:00
2024-11-10 20:14:51,274 - Sell to close 175.00 shares at 229.02 on 2024-10-30 13:30:00+00:00 (Exit: Signal, Profit: 190.90999999999596, Duration: 1110.0 minutes)
2024-11-10 20:14:51,274 - Short Sell 87.00 shares at 230.4 on 2024-10-30 13:45:00+00:00
2024-11-10 20:14:51,274 - Short Sell 87.00 shares at 230.4 on 2024-10-30 14:00:00+00:00
2024-11-10 20:14:51,274 - Short Sell 88.00 shares at 229.78 on 2024-10-30 14:15:00+00:00
2024-11-10 20:14:51,274 - Short Sell 88.00 shares at 229.18 on 2024-10-30 14:30:00+00:00
2024-11-10 20:14:51,274 - Short Sell 88.00 shares at 229.82 on 2024-10-30 14:45:00+00:00
2024-11-10 20:14:51,274 - Short Sell 88.00 shares at 229.56 on 2024-10-30 15:00:00+00:00
2024-11-10 20:14:51,274 - Short Sell 88.00 shares at 229.84 on 2024-10-30 15:15:00+00:00
2024-11-10 20:14:51,274 - Short Sell 88.00 shares at 229.14 on 2024-10-30 15:30:00+00:00
2024-11-10 20:14:51,274 - Short Sell 87.00 shares at 230.23 on 2024-10-30 15:45:00+00:00
2024-11-10 20:14:51,274 - Short Sell 88.00 shares at 229.9 on 2024-10-30 16:00:00+00:00
2024-11-10 20:14:51,274 - Buy to cover -877.00 shares at 229.48 on 2024-10-30 16:15:00+00:00 (Exit: Signal, Profit: 301.0100000000318, Duration: 150.0 minutes)
2024-11-10 20:14:51,274 - Short Sell 88.00 shares at 230.25 on 2024-10-30 16:30:00+00:00
2024-11-10 20:14:51,274 - Buy to cover -88.00 shares at 229.68 on 2024-10-30 16:45:00+00:00 (Exit: Signal, Profit: 50.1599999999994, Duration: 15.0 minutes)
2024-11-10 20:14:51,274 - Short Sell 88.00 shares at 230.2 on 2024-10-30 17:15:00+00:00
2024-11-10 20:14:51,274 - Short Sell 87.00 shares at 230.53 on 2024-10-30 17:30:00+00:00
2024-11-10 20:14:51,274 - Short Sell 88.00 shares at 230.24 on 2024-10-30 17:45:00+00:00
2024-11-10 20:14:51,274 - Short Sell 87.00 shares at 231.71 on 2024-10-30 18:00:00+00:00
2024-11-10 20:14:51,274 - Short Sell 87.00 shares at 231.14 on 2024-10-30 18:15:00+00:00
2024-11-10 20:14:51,274 - Short Sell 87.00 shares at 230.56 on 2024-10-30 18:30:00+00:00
2024-11-10 20:14:51,274 - Short Sell 87.00 shares at 230.75 on 2024-10-30 18:45:00+00:00
2024-11-10 20:14:51,274 - Short Sell 88.00 shares at 230.37 on 2024-10-30 19:00:00+00:00
2024-11-10 20:14:51,274 - Short Sell 87.00 shares at 230.49 on 2024-10-30 19:15:00+00:00
2024-11-10 20:14:51,274 - Short Sell 87.00 shares at 230.97 on 2024-10-30 19:30:00+00:00
2024-11-10 20:14:51,274 - Short Sell 87.00 shares at 230.59 on 2024-10-30 19:45:00+00:00
2024-11-10 20:14:51,275 - Buy to cover -960.00 shares at 229.77 on 2024-10-31 13:30:00+00:00 (Exit: Signal, Profit: 878.4600000000319, Duration: 1215.0 minutes)
2024-11-10 20:14:51,275 - Short Sell 87.00 shares at 230.97 on 2024-10-31 13:45:00+00:00
2024-11-10 20:14:51,275 - Short Sell 87.00 shares at 230.91 on 2024-10-31 14:00:00+00:00
2024-11-10 20:14:51,275 - Short Sell 87.00 shares at 230.88 on 2024-10-31 14:15:00+00:00
2024-11-10 20:14:51,275 - Buy to cover -261.00 shares at 229.81 on 2024-10-31 15:00:00+00:00 (Exit: Signal, Profit: 289.70999999999617, Duration: 75.0 minutes)
2024-11-10 20:14:51,275 - Long Buy 88.00 shares at 228.37 on 2024-10-31 15:15:00+00:00
2024-11-10 20:14:51,275 - Long Buy 87.00 shares at 228.52 on 2024-10-31 15:30:00+00:00
2024-11-10 20:14:51,275 - Long Buy 85.00 shares at 229.22 on 2024-10-31 15:45:00+00:00
2024-11-10 20:14:51,275 - Long Buy 83.00 shares at 229.11 on 2024-10-31 16:00:00+00:00
2024-11-10 20:14:51,275 - Long Buy 81.00 shares at 228.83 on 2024-10-31 16:15:00+00:00
2024-11-10 20:14:51,275 - Long Buy 80.00 shares at 228.69 on 2024-10-31 16:30:00+00:00
2024-11-10 20:14:51,275 - Long Buy 78.00 shares at 228.84 on 2024-10-31 16:45:00+00:00
2024-11-10 20:14:51,275 - Long Buy 77.00 shares at 228.71 on 2024-10-31 17:00:00+00:00
2024-11-10 20:14:51,275 - Long Buy 75.00 shares at 228.41 on 2024-10-31 17:15:00+00:00
2024-11-10 20:14:51,275 - Long Buy 74.00 shares at 227.73 on 2024-10-31 17:30:00+00:00
2024-11-10 20:14:51,275 - Long Buy 72.00 shares at 228.02 on 2024-10-31 17:45:00+00:00
2024-11-10 20:14:51,275 - Long Buy 71.00 shares at 228.2 on 2024-10-31 18:00:00+00:00
2024-11-10 20:14:51,275 - Long Buy 69.00 shares at 228.21 on 2024-10-31 18:15:00+00:00
2024-11-10 20:14:51,275 - Long Buy 68.00 shares at 227.98 on 2024-10-31 18:30:00+00:00
2024-11-10 20:14:51,275 - Long Buy 67.00 shares at 228.13 on 2024-10-31 18:45:00+00:00
2024-11-10 20:14:51,275 - Long Buy 65.00 shares at 228.27 on 2024-10-31 19:45:00+00:00
2024-11-10 20:14:51,275 - Sell to close 1220.00 shares at 230.77 on 2024-11-01 13:30:00+00:00 (Exit: Signal, Profit: 2797.350000000037, Duration: 1335.0 minutes)
2024-11-10 20:14:51,275 - Short Sell 88.00 shares at 229.86 on 2024-11-01 13:45:00+00:00
2024-11-10 20:14:51,275 - Short Sell 88.00 shares at 230.45 on 2024-11-01 14:00:00+00:00
2024-11-10 20:14:51,275 - Short Sell 88.00 shares at 230.4 on 2024-11-01 14:15:00+00:00
2024-11-10 20:14:51,275 - Buy to cover -264.00 shares at 230.08 on 2024-11-01 14:30:00+00:00 (Exit: Signal, Profit: 41.3599999999924, Duration: 45.0 minutes)
2024-11-10 20:14:51,275 - Long Buy 88.00 shares at 229.55 on 2024-11-01 14:45:00+00:00
2024-11-10 20:14:51,275 - Long Buy 87.00 shares at 228.94 on 2024-11-01 15:00:00+00:00
2024-11-10 20:14:51,275 - Long Buy 85.00 shares at 229.55 on 2024-11-01 15:15:00+00:00
2024-11-10 20:14:51,275 - Long Buy 83.00 shares at 230.04 on 2024-11-01 15:30:00+00:00
2024-11-10 20:14:51,275 - Long Buy 81.00 shares at 229.5 on 2024-11-01 15:45:00+00:00
2024-11-10 20:14:51,275 - Long Buy 80.00 shares at 229.46 on 2024-11-01 16:00:00+00:00
2024-11-10 20:14:51,276 - Long Buy 78.00 shares at 229.11 on 2024-11-01 16:15:00+00:00
2024-11-10 20:14:51,276 - Long Buy 77.00 shares at 229.23 on 2024-11-01 16:30:00+00:00
2024-11-10 20:14:51,276 - Long Buy 75.00 shares at 228.74 on 2024-11-01 16:45:00+00:00
2024-11-10 20:14:51,276 - Long Buy 74.00 shares at 228.46 on 2024-11-01 17:00:00+00:00
2024-11-10 20:14:51,276 - Long Buy 72.00 shares at 228.3 on 2024-11-01 17:15:00+00:00
2024-11-10 20:14:51,276 - Long Buy 71.00 shares at 228.17 on 2024-11-01 17:30:00+00:00
2024-11-10 20:14:51,276 - Long Buy 70.00 shares at 228.24 on 2024-11-01 17:45:00+00:00
2024-11-10 20:14:51,276 - Long Buy 68.00 shares at 227.79 on 2024-11-01 18:00:00+00:00
2024-11-10 20:14:51,276 - Sell to close 1089.00 shares at 228.37 on 2024-11-01 18:15:00+00:00 (Exit: Signal, Profit: -661.6399999999938, Duration: 210.0 minutes)
2024-11-10 20:14:51,276 - Short Sell 88.00 shares at 228.61 on 2024-11-01 18:30:00+00:00
2024-11-10 20:14:51,276 - Short Sell 89.00 shares at 228.37 on 2024-11-01 18:45:00+00:00
2024-11-10 20:14:51,276 - Short Sell 89.00 shares at 228.43 on 2024-11-01 19:00:00+00:00
2024-11-10 20:14:51,276 - Buy to cover -266.00 shares at 227.45 on 2024-11-01 19:15:00+00:00 (Exit: Signal, Profit: 271.1800000000108, Duration: 45.0 minutes)
2024-11-10 20:14:51,276 - Long Buy 89.00 shares at 227.12 on 2024-11-01 19:45:00+00:00
2024-11-10 20:14:51,276 - Long Buy 87.00 shares at 226.9 on 2024-11-04 14:30:00+00:00
2024-11-10 20:14:51,276 - Sell to close 176.00 shares at 228.59 on 2024-11-04 14:45:00+00:00 (Exit: Signal, Profit: 277.8600000000024, Duration: 4020.0 minutes)
2024-11-10 20:14:51,276 - Short Sell 88.00 shares at 229.57 on 2024-11-04 15:00:00+00:00
2024-11-10 20:14:51,276 - Short Sell 88.00 shares at 229.08 on 2024-11-04 15:15:00+00:00
2024-11-10 20:14:51,276 - Short Sell 88.00 shares at 229.42 on 2024-11-04 15:30:00+00:00
2024-11-10 20:14:51,276 - Short Sell 89.00 shares at 228.17 on 2024-11-04 15:45:00+00:00
2024-11-10 20:14:51,276 - Buy to cover -353.00 shares at 227.07 on 2024-11-04 16:15:00+00:00 (Exit: Signal, Profit: 701.5799999999973, Duration: 75.0 minutes)
2024-11-10 20:14:51,276 - Long Buy 90.00 shares at 226.1 on 2024-11-04 16:30:00+00:00
2024-11-10 20:14:51,276 - Long Buy 88.00 shares at 225.9 on 2024-11-04 16:45:00+00:00
2024-11-10 20:14:51,276 - Long Buy 86.00 shares at 226.18 on 2024-11-04 17:00:00+00:00
2024-11-10 20:14:51,276 - Long Buy 84.00 shares at 226.56 on 2024-11-04 17:15:00+00:00
2024-11-10 20:14:51,276 - Long Buy 82.00 shares at 226.66 on 2024-11-04 17:30:00+00:00
2024-11-10 20:14:51,276 - Long Buy 81.00 shares at 226.76 on 2024-11-04 17:45:00+00:00
2024-11-10 20:14:51,276 - Long Buy 79.00 shares at 226.63 on 2024-11-04 18:00:00+00:00
2024-11-10 20:14:51,276 - Long Buy 78.00 shares at 226.44 on 2024-11-04 18:15:00+00:00
2024-11-10 20:14:51,276 - Long Buy 76.00 shares at 226.8 on 2024-11-04 18:30:00+00:00
2024-11-10 20:14:51,276 - Long Buy 75.00 shares at 226.49 on 2024-11-04 18:45:00+00:00
2024-11-10 20:14:51,277 - Sell to close 819.00 shares at 227.64 on 2024-11-04 19:30:00+00:00 (Exit: Signal, Profit: 983.1200000000186, Duration: 180.0 minutes)
2024-11-10 20:14:51,277 - Short Sell 89.00 shares at 227.67 on 2024-11-04 19:45:00+00:00
2024-11-10 20:14:51,277 - Short Sell 89.00 shares at 227.27 on 2024-11-04 20:15:00+00:00
2024-11-10 20:14:51,277 - Short Sell 89.00 shares at 227.28 on 2024-11-04 20:30:00+00:00
2024-11-10 20:14:51,277 - Short Sell 89.00 shares at 227.21 on 2024-11-04 20:45:00+00:00
2024-11-10 20:14:51,277 - Buy to cover -356.00 shares at 225.31 on 2024-11-05 14:30:00+00:00 (Exit: Signal, Profit: 728.9100000000049, Duration: 1125.0 minutes)
2024-11-10 20:14:51,277 - Long Buy 90.00 shares at 226.3 on 2024-11-05 14:45:00+00:00
2024-11-10 20:14:51,277 - Long Buy 88.00 shares at 226.63 on 2024-11-05 15:00:00+00:00
2024-11-10 20:14:51,277 - Long Buy 86.00 shares at 226.52 on 2024-11-05 15:15:00+00:00
2024-11-10 20:14:51,277 - Sell to close 264.00 shares at 227.73 on 2024-11-05 16:30:00+00:00 (Exit: Signal, Profit: 329.5599999999929, Duration: 105.0 minutes)
2024-11-10 20:14:51,277 - Short Sell 89.00 shares at 227.8 on 2024-11-05 16:45:00+00:00
2024-11-10 20:14:51,277 - Short Sell 89.00 shares at 227.98 on 2024-11-05 17:00:00+00:00
2024-11-10 20:14:51,277 - Short Sell 89.00 shares at 228.14 on 2024-11-05 17:15:00+00:00
2024-11-10 20:14:51,277 - Short Sell 89.00 shares at 228.26 on 2024-11-05 17:30:00+00:00
2024-11-10 20:14:51,277 - Short Sell 89.00 shares at 228.89 on 2024-11-05 17:45:00+00:00
2024-11-10 20:14:51,277 - Short Sell 89.00 shares at 228.91 on 2024-11-05 18:00:00+00:00
2024-11-10 20:14:51,277 - Short Sell 89.00 shares at 229.01 on 2024-11-05 18:15:00+00:00
2024-11-10 20:14:51,277 - Short Sell 88.00 shares at 229.67 on 2024-11-05 18:30:00+00:00
2024-11-10 20:14:51,277 - Short Sell 88.00 shares at 229.41 on 2024-11-05 18:45:00+00:00
2024-11-10 20:14:51,277 - Short Sell 88.00 shares at 229.18 on 2024-11-05 19:00:00+00:00
2024-11-10 20:14:51,277 - Short Sell 89.00 shares at 228.86 on 2024-11-05 19:15:00+00:00
2024-11-10 20:14:51,277 - Short Sell 89.00 shares at 228.67 on 2024-11-05 19:30:00+00:00
2024-11-10 20:14:51,277 - Short Sell 89.00 shares at 228.84 on 2024-11-05 20:00:00+00:00
2024-11-10 20:14:51,277 - Short Sell 88.00 shares at 229.16 on 2024-11-05 20:15:00+00:00
2024-11-10 20:14:51,277 - Short Sell 89.00 shares at 228.69 on 2024-11-05 20:30:00+00:00
2024-11-10 20:14:51,277 - Short Sell 88.00 shares at 229.23 on 2024-11-05 20:45:00+00:00
2024-11-10 20:14:51,277 - Short Sell 87.00 shares at 231.74 on 2024-11-06 14:30:00+00:00
2024-11-10 20:14:51,277 - Buy to cover -1506.00 shares at 229.26 on 2024-11-06 14:45:00+00:00 (Exit: Signal, Profit: -448.5299999999988, Duration: 1320.0 minutes)
2024-11-10 20:14:51,277 - Long Buy 88.00 shares at 229.34 on 2024-11-06 15:00:00+00:00
2024-11-10 20:14:51,277 - Long Buy 87.00 shares at 229.61 on 2024-11-06 15:15:00+00:00
2024-11-10 20:14:51,277 - Long Buy 85.00 shares at 229.78 on 2024-11-06 15:30:00+00:00
2024-11-10 20:14:51,278 - Long Buy 83.00 shares at 230.02 on 2024-11-06 15:45:00+00:00
2024-11-10 20:14:51,278 - Sell to close 343.00 shares at 232.7 on 2024-11-06 16:15:00+00:00 (Exit: Signal, Profit: 1035.1499999999883, Duration: 75.0 minutes)
2024-11-10 20:14:51,278 - Short Sell 87.00 shares at 232.26 on 2024-11-06 16:30:00+00:00
2024-11-10 20:14:51,278 - Buy to cover -87.00 shares at 231.43 on 2024-11-06 17:00:00+00:00 (Exit: Signal, Profit: 72.20999999999862, Duration: 30.0 minutes)
2024-11-10 20:14:51,278 - Short Sell 87.00 shares at 232.08 on 2024-11-06 17:30:00+00:00
2024-11-10 20:14:51,278 - Short Sell 87.00 shares at 232.22 on 2024-11-06 17:45:00+00:00
2024-11-10 20:14:51,278 - Short Sell 87.00 shares at 232.74 on 2024-11-06 18:00:00+00:00
2024-11-10 20:14:51,278 - Short Sell 87.00 shares at 233.16 on 2024-11-06 18:15:00+00:00
2024-11-10 20:14:51,278 - Short Sell 87.00 shares at 233.24 on 2024-11-06 18:30:00+00:00
2024-11-10 20:14:51,278 - Short Sell 87.00 shares at 233.36 on 2024-11-06 18:45:00+00:00
2024-11-10 20:14:51,278 - Short Sell 87.00 shares at 233.42 on 2024-11-06 19:15:00+00:00
2024-11-10 20:14:51,278 - Short Sell 87.00 shares at 233.53 on 2024-11-06 19:30:00+00:00
2024-11-10 20:14:51,278 - Short Sell 87.00 shares at 233.46 on 2024-11-06 19:45:00+00:00
2024-11-10 20:14:51,278 - Short Sell 87.00 shares at 234.18 on 2024-11-06 20:00:00+00:00
2024-11-10 20:14:51,278 - Short Sell 87.00 shares at 234.0 on 2024-11-06 20:15:00+00:00
2024-11-10 20:14:51,278 - Short Sell 87.00 shares at 234.07 on 2024-11-06 20:30:00+00:00
2024-11-10 20:14:51,278 - Short Sell 86.00 shares at 234.45 on 2024-11-06 20:45:00+00:00
2024-11-10 20:14:51,278 - Short Sell 87.00 shares at 234.15 on 2024-11-07 14:30:00+00:00
2024-11-10 20:14:51,278 - Short Sell 87.00 shares at 234.1 on 2024-11-07 14:45:00+00:00
2024-11-10 20:14:51,278 - Short Sell 87.00 shares at 234.11 on 2024-11-07 15:00:00+00:00
2024-11-10 20:14:51,278 - Short Sell 87.00 shares at 234.21 on 2024-11-07 15:15:00+00:00
2024-11-10 20:14:51,278 - Short Sell 86.00 shares at 234.86 on 2024-11-07 15:30:00+00:00
2024-11-10 20:14:51,278 - Short Sell 86.00 shares at 235.09 on 2024-11-07 15:45:00+00:00
2024-11-10 20:14:51,278 - Short Sell 86.00 shares at 235.23 on 2024-11-07 16:00:00+00:00
2024-11-10 20:14:51,278 - Buy to cover -1736.00 shares at 234.63 on 2024-11-07 16:30:00+00:00 (Exit: Signal, Profit: -1474.8899999999626, Duration: 1380.0 minutes)
2024-11-10 20:14:51,278 - Short Sell 86.00 shares at 236.08 on 2024-11-07 17:00:00+00:00
2024-11-10 20:14:51,278 - Short Sell 86.00 shares at 235.56 on 2024-11-07 17:15:00+00:00
2024-11-10 20:14:51,278 - Short Sell 86.00 shares at 236.09 on 2024-11-07 17:30:00+00:00
2024-11-10 20:14:51,278 - Short Sell 86.00 shares at 236.17 on 2024-11-07 17:45:00+00:00
2024-11-10 20:14:51,278 - Short Sell 86.00 shares at 235.83 on 2024-11-07 18:00:00+00:00
2024-11-10 20:14:51,278 - Short Sell 86.00 shares at 235.66 on 2024-11-07 18:15:00+00:00
2024-11-10 20:14:51,279 - Short Sell 85.00 shares at 236.99 on 2024-11-07 18:30:00+00:00
2024-11-10 20:14:51,279 - Short Sell 85.00 shares at 237.08 on 2024-11-07 18:45:00+00:00
2024-11-10 20:14:51,279 - Short Sell 85.00 shares at 237.42 on 2024-11-07 19:00:00+00:00
2024-11-10 20:14:51,279 - Short Sell 85.00 shares at 237.9 on 2024-11-07 19:15:00+00:00
2024-11-10 20:14:51,279 - Short Sell 85.00 shares at 238.31 on 2024-11-07 19:30:00+00:00
2024-11-10 20:14:51,279 - Short Sell 85.00 shares at 239.15 on 2024-11-07 19:45:00+00:00
2024-11-10 20:14:51,279 - Short Sell 85.00 shares at 239.11 on 2024-11-07 20:00:00+00:00
2024-11-10 20:14:51,279 - Short Sell 84.00 shares at 239.27 on 2024-11-07 20:15:00+00:00
2024-11-10 20:14:51,279 - Short Sell 84.00 shares at 239.94 on 2024-11-07 20:30:00+00:00
2024-11-10 20:14:51,279 - Short Sell 85.00 shares at 239.16 on 2024-11-07 20:45:00+00:00
2024-11-10 20:14:51,279 - Buy to cover -1364.00 shares at 240.56 on 2024-11-08 14:30:00+00:00 (Exit: Stop_loss, Profit: -4211.460000000007, Duration: 1290.0 minutes)
2024-11-10 20:14:51,279 - Short Sell 84.00 shares at 239.74 on 2024-11-08 14:45:00+00:00
2024-11-10 20:14:51,279 - Short Sell 84.00 shares at 240.92 on 2024-11-08 15:00:00+00:00
2024-11-10 20:14:51,279 - Short Sell 84.00 shares at 240.55 on 2024-11-08 15:15:00+00:00
2024-11-10 20:14:51,279 - Short Sell 83.00 shares at 241.83 on 2024-11-08 15:30:00+00:00
2024-11-10 20:14:51,279 - Short Sell 84.00 shares at 240.89 on 2024-11-08 15:45:00+00:00
2024-11-10 20:14:51,279 - Short Sell 84.00 shares at 240.83 on 2024-11-08 16:00:00+00:00
2024-11-10 20:14:51,279 - Short Sell 84.00 shares at 241.15 on 2024-11-08 16:15:00+00:00
2024-11-10 20:14:51,279 - Short Sell 84.00 shares at 241.23 on 2024-11-08 16:30:00+00:00
2024-11-10 20:14:51,279 - Short Sell 83.00 shares at 241.73 on 2024-11-08 16:45:00+00:00
2024-11-10 20:14:51,279 - Short Sell 83.00 shares at 242.05 on 2024-11-08 17:00:00+00:00
2024-11-10 20:14:51,279 - Short Sell 83.00 shares at 241.71 on 2024-11-08 17:15:00+00:00
2024-11-10 20:14:51,279 - Buy to cover -920.00 shares at 241.06 on 2024-11-08 17:30:00+00:00 (Exit: Signal, Profit: 78.39999999997985, Duration: 165.0 minutes)
2024-11-10 20:14:51,279 - Short Sell 84.00 shares at 241.52 on 2024-11-08 17:45:00+00:00
2024-11-10 20:14:51,279 - Buy to cover -84.00 shares at 241.02 on 2024-11-08 18:00:00+00:00 (Exit: Signal, Profit: 42.0, Duration: 15.0 minutes)
2024-11-10 20:14:51,279 - Short Sell 84.00 shares at 241.63 on 2024-11-08 18:30:00+00:00
2024-11-10 20:14:51,279 - Short Sell 83.00 shares at 241.89 on 2024-11-08 18:45:00+00:00
2024-11-10 20:14:51,279 - Short Sell 83.00 shares at 242.31 on 2024-11-08 19:00:00+00:00
2024-11-10 20:14:51,279 - Short Sell 83.00 shares at 242.78 on 2024-11-08 19:15:00+00:00
2024-11-10 20:14:51,279 - Short Sell 83.00 shares at 242.84 on 2024-11-08 19:30:00+00:00
2024-11-10 20:14:51,279 - Short Sell 83.00 shares at 242.89 on 2024-11-08 19:45:00+00:00
2024-11-10 20:14:51,280 - Short Sell 83.00 shares at 243.07 on 2024-11-08 20:00:00+00:00
2024-11-10 20:14:51,280 - Short Sell 83.00 shares at 242.93 on 2024-11-08 20:15:00+00:00
2024-11-10 20:14:51,280 - Short Sell 83.00 shares at 243.56 on 2024-11-08 20:30:00+00:00
2024-11-10 20:14:51,280 - Buy to cover -748.00 shares at 242.43 on 2024-11-08 20:45:00+00:00 (Exit: Signal, Profit: 167.68999999997504, Duration: 135.0 minutes)
2024-11-10 20:14:51,281 - Final statisticsStock: LH, 
total_trades: 57, 
winning_trades: 42, 
losing_trades: 15, 
average_return: 0.0027271063332102922, 
average_duration: 682.1052631578947, 
final_balance: 1015317.0600000002, 
final_portfolio_value: 1015317.0600000002, 
sharpe_ratio: 4.907041097831756, 



