2024-11-11 20:56:20,574 - Starting GBMStrategy with initial capital: 1000000
2024-11-11 20:56:20,574 - Hyperparameters: {'threshold': 1.5, 'time_periods': 30, 'num_simulations': 150}
2024-11-11 21:00:49,667 - Long Buy 33.00 shares at 601.75 on 2024-10-11 14:30:00+00:00
2024-11-11 21:00:49,669 - Long Buy 32.00 shares at 601.77 on 2024-10-11 15:00:00+00:00
2024-11-11 21:00:49,669 - Long Buy 31.00 shares at 601.54 on 2024-10-11 15:15:00+00:00
2024-11-11 21:00:49,669 - Long Buy 31.00 shares at 601.28 on 2024-10-11 15:30:00+00:00
2024-11-11 21:00:49,669 - Long Buy 30.00 shares at 601.42 on 2024-10-11 15:45:00+00:00
2024-11-11 21:00:49,669 - Long Buy 30.00 shares at 600.84 on 2024-10-11 16:15:00+00:00
2024-11-11 21:00:49,669 - Long Buy 29.00 shares at 601.08 on 2024-10-11 16:30:00+00:00
2024-11-11 21:00:49,669 - Long Buy 28.00 shares at 600.49 on 2024-10-11 16:45:00+00:00
2024-11-11 21:00:49,669 - Long Buy 28.00 shares at 600.67 on 2024-10-11 17:00:00+00:00
2024-11-11 21:00:49,669 - Long Buy 27.00 shares at 600.55 on 2024-10-11 17:15:00+00:00
2024-11-11 21:00:49,669 - Long Buy 27.00 shares at 600.97 on 2024-10-11 17:45:00+00:00
2024-11-11 21:00:49,670 - Sell to close 326.00 shares at 604.7 on 2024-10-14 13:30:00+00:00 (Exit: Profit_take, Profit: 1157.749999999974, Duration: 4260.0 minutes)
2024-11-11 21:00:49,670 - Short Sell 33.00 shares at 606.0 on 2024-10-14 13:45:00+00:00
2024-11-11 21:00:49,670 - Short Sell 33.00 shares at 606.65 on 2024-10-14 14:00:00+00:00
2024-11-11 21:00:49,670 - Short Sell 33.00 shares at 605.67 on 2024-10-14 14:15:00+00:00
2024-11-11 21:00:49,670 - Short Sell 33.00 shares at 605.36 on 2024-10-14 14:30:00+00:00
2024-11-11 21:00:49,670 - Short Sell 32.00 shares at 607.0 on 2024-10-14 14:45:00+00:00
2024-11-11 21:00:49,670 - Short Sell 33.00 shares at 605.98 on 2024-10-14 15:00:00+00:00
2024-11-11 21:00:49,670 - Short Sell 33.00 shares at 606.05 on 2024-10-14 15:15:00+00:00
2024-11-11 21:00:49,670 - Short Sell 32.00 shares at 606.84 on 2024-10-14 15:30:00+00:00
2024-11-11 21:00:49,670 - Short Sell 32.00 shares at 606.89 on 2024-10-14 15:45:00+00:00
2024-11-11 21:00:49,670 - Short Sell 32.00 shares at 606.99 on 2024-10-14 16:00:00+00:00
2024-11-11 21:00:49,670 - Short Sell 33.00 shares at 606.66 on 2024-10-14 16:15:00+00:00
2024-11-11 21:00:49,670 - Short Sell 32.00 shares at 607.19 on 2024-10-14 16:30:00+00:00
2024-11-11 21:00:49,670 - Short Sell 32.00 shares at 607.93 on 2024-10-14 16:45:00+00:00
2024-11-11 21:00:49,670 - Short Sell 32.00 shares at 608.14 on 2024-10-14 17:00:00+00:00
2024-11-11 21:00:49,670 - Short Sell 32.00 shares at 609.39 on 2024-10-14 17:15:00+00:00
2024-11-11 21:00:49,670 - Short Sell 32.00 shares at 609.11 on 2024-10-14 17:30:00+00:00
2024-11-11 21:00:49,670 - Short Sell 32.00 shares at 608.78 on 2024-10-14 17:45:00+00:00
2024-11-11 21:00:49,670 - Short Sell 32.00 shares at 609.28 on 2024-10-14 18:00:00+00:00
2024-11-11 21:00:49,670 - Short Sell 32.00 shares at 610.03 on 2024-10-14 18:15:00+00:00
2024-11-11 21:00:49,670 - Short Sell 32.00 shares at 610.0 on 2024-10-14 18:30:00+00:00
2024-11-11 21:00:49,670 - Short Sell 32.00 shares at 609.69 on 2024-10-14 18:45:00+00:00
2024-11-11 21:00:49,670 - Short Sell 32.00 shares at 610.75 on 2024-10-14 19:00:00+00:00
2024-11-11 21:00:49,670 - Short Sell 32.00 shares at 610.81 on 2024-10-14 19:15:00+00:00
2024-11-11 21:00:49,670 - Short Sell 32.00 shares at 610.65 on 2024-10-14 19:30:00+00:00
2024-11-11 21:00:49,670 - Buy to cover -775.00 shares at 611.56 on 2024-10-14 19:45:00+00:00 (Exit: Stop_loss, Profit: -2777.7500000000286, Duration: 360.0 minutes)
2024-11-11 21:00:49,671 - Short Sell 32.00 shares at 610.13 on 2024-10-15 13:30:00+00:00
2024-11-11 21:00:49,671 - Buy to cover -32.00 shares at 605.85 on 2024-10-15 13:45:00+00:00 (Exit: Profit_take, Profit: 136.95999999999913, Duration: 15.0 minutes)
2024-11-11 21:00:49,671 - Short Sell 32.00 shares at 607.77 on 2024-10-15 14:15:00+00:00
2024-11-11 21:00:49,671 - Short Sell 32.00 shares at 608.77 on 2024-10-15 14:30:00+00:00
2024-11-11 21:00:49,671 - Buy to cover -64.00 shares at 606.52 on 2024-10-15 16:30:00+00:00 (Exit: Signal, Profit: 112.0, Duration: 135.0 minutes)
2024-11-11 21:00:49,671 - Long Buy 32.00 shares at 606.82 on 2024-10-15 17:00:00+00:00
2024-11-11 21:00:49,671 - Long Buy 32.00 shares at 606.55 on 2024-10-15 17:45:00+00:00
2024-11-11 21:00:49,671 - Long Buy 31.00 shares at 605.58 on 2024-10-15 18:00:00+00:00
2024-11-11 21:00:49,671 - Long Buy 31.00 shares at 604.76 on 2024-10-15 18:15:00+00:00
2024-11-11 21:00:49,671 - Long Buy 30.00 shares at 604.12 on 2024-10-15 18:30:00+00:00
2024-11-11 21:00:49,671 - Long Buy 29.00 shares at 605.06 on 2024-10-15 18:45:00+00:00
2024-11-11 21:00:49,671 - Long Buy 29.00 shares at 604.62 on 2024-10-15 19:00:00+00:00
2024-11-11 21:00:49,671 - Long Buy 28.00 shares at 605.05 on 2024-10-15 19:15:00+00:00
2024-11-11 21:00:49,671 - Long Buy 28.00 shares at 605.23 on 2024-10-15 19:30:00+00:00
2024-11-11 21:00:49,672 - Long Buy 27.00 shares at 605.31 on 2024-10-15 19:45:00+00:00
2024-11-11 21:00:49,672 - Sell to close 297.00 shares at 609.83 on 2024-10-16 15:30:00+00:00 (Exit: Profit_take, Profit: 1335.6000000000683, Duration: 1350.0 minutes)
2024-11-11 21:00:49,672 - Short Sell 32.00 shares at 608.81 on 2024-10-16 15:45:00+00:00
2024-11-11 21:00:49,672 - Short Sell 32.00 shares at 609.69 on 2024-10-16 16:00:00+00:00
2024-11-11 21:00:49,672 - Short Sell 32.00 shares at 610.82 on 2024-10-16 16:15:00+00:00
2024-11-11 21:00:49,672 - Short Sell 32.00 shares at 611.35 on 2024-10-16 16:30:00+00:00
2024-11-11 21:00:49,672 - Short Sell 32.00 shares at 610.36 on 2024-10-16 16:45:00+00:00
2024-11-11 21:00:49,672 - Short Sell 32.00 shares at 610.65 on 2024-10-16 17:00:00+00:00
2024-11-11 21:00:49,672 - Short Sell 32.00 shares at 610.54 on 2024-10-16 17:15:00+00:00
2024-11-11 21:00:49,672 - Buy to cover -224.00 shares at 610.24 on 2024-10-16 17:30:00+00:00 (Exit: Signal, Profit: 17.280000000013388, Duration: 105.0 minutes)
2024-11-11 21:00:49,672 - Short Sell 32.00 shares at 612.08 on 2024-10-16 18:15:00+00:00
2024-11-11 21:00:49,672 - Short Sell 32.00 shares at 612.08 on 2024-10-16 18:30:00+00:00
2024-11-11 21:00:49,672 - Short Sell 32.00 shares at 611.94 on 2024-10-16 18:45:00+00:00
2024-11-11 21:00:49,672 - Short Sell 32.00 shares at 612.11 on 2024-10-16 19:00:00+00:00
2024-11-11 21:00:49,672 - Short Sell 32.00 shares at 611.59 on 2024-10-16 19:15:00+00:00
2024-11-11 21:00:49,672 - Short Sell 32.00 shares at 612.0 on 2024-10-16 19:30:00+00:00
2024-11-11 21:00:49,672 - Short Sell 32.00 shares at 612.95 on 2024-10-16 19:45:00+00:00
2024-11-11 21:00:49,672 - Short Sell 32.00 shares at 612.69 on 2024-10-17 13:45:00+00:00
2024-11-11 21:00:49,672 - Short Sell 32.00 shares at 613.62 on 2024-10-17 14:00:00+00:00
2024-11-11 21:00:49,672 - Buy to cover -288.00 shares at 609.15 on 2024-10-17 16:00:00+00:00 (Exit: Profit_take, Profit: 918.7200000000157, Duration: 1305.0 minutes)
2024-11-11 21:00:49,673 - Long Buy 32.00 shares at 609.02 on 2024-10-17 16:15:00+00:00
2024-11-11 21:00:49,673 - Long Buy 32.00 shares at 608.75 on 2024-10-17 17:15:00+00:00
2024-11-11 21:00:49,673 - Long Buy 31.00 shares at 608.21 on 2024-10-17 17:45:00+00:00
2024-11-11 21:00:49,673 - Long Buy 31.00 shares at 607.86 on 2024-10-17 18:00:00+00:00
2024-11-11 21:00:49,673 - Long Buy 30.00 shares at 608.77 on 2024-10-17 18:15:00+00:00
2024-11-11 21:00:49,673 - Long Buy 29.00 shares at 608.0 on 2024-10-17 18:30:00+00:00
2024-11-11 21:00:49,673 - Long Buy 29.00 shares at 608.3 on 2024-10-17 18:45:00+00:00
2024-11-11 21:00:49,673 - Long Buy 28.00 shares at 608.16 on 2024-10-17 19:00:00+00:00
2024-11-11 21:00:49,673 - Sell to close 242.00 shares at 609.8 on 2024-10-17 19:45:00+00:00 (Exit: Signal, Profit: 340.51000000000295, Duration: 210.0 minutes)
2024-11-11 21:00:49,673 - Short Sell 32.00 shares at 610.4 on 2024-10-18 13:30:00+00:00
2024-11-11 21:00:49,673 - Short Sell 32.00 shares at 610.23 on 2024-10-18 14:00:00+00:00
2024-11-11 21:00:49,673 - Short Sell 32.00 shares at 610.18 on 2024-10-18 14:30:00+00:00
2024-11-11 21:00:49,673 - Short Sell 32.00 shares at 611.35 on 2024-10-18 14:45:00+00:00
2024-11-11 21:00:49,673 - Short Sell 32.00 shares at 610.36 on 2024-10-18 15:00:00+00:00
2024-11-11 21:00:49,673 - Short Sell 32.00 shares at 609.78 on 2024-10-18 15:15:00+00:00
2024-11-11 21:00:49,673 - Short Sell 32.00 shares at 610.5 on 2024-10-18 15:30:00+00:00
2024-11-11 21:00:49,673 - Short Sell 32.00 shares at 609.86 on 2024-10-18 15:45:00+00:00
2024-11-11 21:00:49,673 - Short Sell 32.00 shares at 609.95 on 2024-10-18 16:00:00+00:00
2024-11-11 21:00:49,673 - Short Sell 32.00 shares at 610.26 on 2024-10-18 16:15:00+00:00
2024-11-11 21:00:49,673 - Short Sell 32.00 shares at 610.41 on 2024-10-18 16:30:00+00:00
2024-11-11 21:00:49,673 - Short Sell 32.00 shares at 610.03 on 2024-10-18 16:45:00+00:00
2024-11-11 21:00:49,673 - Short Sell 32.00 shares at 610.69 on 2024-10-18 17:00:00+00:00
2024-11-11 21:00:49,673 - Short Sell 32.00 shares at 610.63 on 2024-10-18 17:15:00+00:00
2024-11-11 21:00:49,673 - Short Sell 32.00 shares at 610.88 on 2024-10-18 17:30:00+00:00
2024-11-11 21:00:49,673 - Short Sell 32.00 shares at 610.43 on 2024-10-18 17:45:00+00:00
2024-11-11 21:00:49,673 - Short Sell 32.00 shares at 610.55 on 2024-10-18 18:00:00+00:00
2024-11-11 21:00:49,673 - Short Sell 32.00 shares at 612.62 on 2024-10-18 18:15:00+00:00
2024-11-11 21:00:49,673 - Short Sell 32.00 shares at 612.89 on 2024-10-18 18:30:00+00:00
2024-11-11 21:00:49,673 - Short Sell 32.00 shares at 612.0 on 2024-10-18 18:45:00+00:00
2024-11-11 21:00:49,674 - Short Sell 32.00 shares at 611.79 on 2024-10-18 19:00:00+00:00
2024-11-11 21:00:49,674 - Short Sell 32.00 shares at 611.45 on 2024-10-18 19:15:00+00:00
2024-11-11 21:00:49,674 - Short Sell 32.00 shares at 612.15 on 2024-10-18 19:30:00+00:00
2024-11-11 21:00:49,674 - Short Sell 32.00 shares at 611.84 on 2024-10-18 19:45:00+00:00
2024-11-11 21:00:49,674 - Buy to cover -768.00 shares at 615.73 on 2024-10-21 13:30:00+00:00 (Exit: Stop_loss, Profit: -3721.2800000001735, Duration: 4320.0 minutes)
2024-11-11 21:00:49,674 - Long Buy 34.00 shares at 586.48 on 2024-10-22 13:30:00+00:00
2024-11-11 21:00:49,674 - Long Buy 33.00 shares at 585.43 on 2024-10-22 13:45:00+00:00
2024-11-11 21:00:49,674 - Long Buy 32.00 shares at 583.25 on 2024-10-22 14:00:00+00:00
2024-11-11 21:00:49,674 - Long Buy 32.00 shares at 582.82 on 2024-10-22 14:15:00+00:00
2024-11-11 21:00:49,674 - Long Buy 31.00 shares at 581.0 on 2024-10-22 14:30:00+00:00
2024-11-11 21:00:49,674 - Long Buy 31.00 shares at 581.21 on 2024-10-22 14:45:00+00:00
2024-11-11 21:00:49,674 - Long Buy 30.00 shares at 582.51 on 2024-10-22 15:00:00+00:00
2024-11-11 21:00:49,674 - Long Buy 29.00 shares at 581.47 on 2024-10-22 15:30:00+00:00
2024-11-11 21:00:49,674 - Long Buy 29.00 shares at 582.31 on 2024-10-22 15:45:00+00:00
2024-11-11 21:00:49,674 - Long Buy 28.00 shares at 581.5 on 2024-10-22 16:00:00+00:00
2024-11-11 21:00:49,674 - Long Buy 28.00 shares at 581.13 on 2024-10-22 16:15:00+00:00
2024-11-11 21:00:49,674 - Sell to close 337.00 shares at 579.68 on 2024-10-22 16:30:00+00:00 (Exit: Stop_loss, Profit: -1028.6600000000312, Duration: 180.0 minutes)
2024-11-11 21:00:49,674 - Long Buy 34.00 shares at 580.53 on 2024-10-23 13:30:00+00:00
2024-11-11 21:00:49,674 - Long Buy 33.00 shares at 579.57 on 2024-10-23 13:45:00+00:00
2024-11-11 21:00:49,674 - Long Buy 33.00 shares at 580.1 on 2024-10-23 14:00:00+00:00
2024-11-11 21:00:49,674 - Long Buy 32.00 shares at 577.34 on 2024-10-23 14:15:00+00:00
2024-11-11 21:00:49,674 - Long Buy 32.00 shares at 574.85 on 2024-10-23 14:30:00+00:00
2024-11-11 21:00:49,675 - Long Buy 31.00 shares at 575.09 on 2024-10-23 14:45:00+00:00
2024-11-11 21:00:49,675 - Sell to close 195.00 shares at 574.1 on 2024-10-23 15:00:00+00:00 (Exit: Stop_loss, Profit: -755.5000000000018, Duration: 90.0 minutes)
2024-11-11 21:00:49,675 - Long Buy 35.00 shares at 568.63 on 2024-10-24 13:30:00+00:00
2024-11-11 21:00:49,675 - Sell to close 35.00 shares at 572.75 on 2024-10-24 13:45:00+00:00 (Exit: Profit_take, Profit: 144.20000000000016, Duration: 15.0 minutes)
2024-11-11 21:00:49,675 - Long Buy 34.00 shares at 571.77 on 2024-10-24 14:30:00+00:00
2024-11-11 21:00:49,675 - Long Buy 34.00 shares at 570.92 on 2024-10-24 15:00:00+00:00
2024-11-11 21:00:49,675 - Long Buy 33.00 shares at 570.35 on 2024-10-24 15:15:00+00:00
2024-11-11 21:00:49,675 - Long Buy 32.00 shares at 570.25 on 2024-10-24 15:30:00+00:00
2024-11-11 21:00:49,675 - Long Buy 32.00 shares at 569.38 on 2024-10-24 15:45:00+00:00
2024-11-11 21:00:49,675 - Sell to close 165.00 shares at 569.53 on 2024-10-24 16:00:00+00:00 (Exit: Signal, Profit: -168.71999999998536, Duration: 90.0 minutes)
2024-11-11 21:00:49,675 - Long Buy 35.00 shares at 567.4 on 2024-10-24 17:45:00+00:00
2024-11-11 21:00:49,675 - Long Buy 34.00 shares at 566.89 on 2024-10-24 18:15:00+00:00
2024-11-11 21:00:49,675 - Long Buy 33.00 shares at 566.75 on 2024-10-24 18:30:00+00:00
2024-11-11 21:00:49,675 - Long Buy 33.00 shares at 566.34 on 2024-10-24 18:45:00+00:00
2024-11-11 21:00:49,675 - Long Buy 32.00 shares at 566.27 on 2024-10-24 19:00:00+00:00
2024-11-11 21:00:49,675 - Long Buy 31.00 shares at 566.8 on 2024-10-24 19:15:00+00:00
2024-11-11 21:00:49,675 - Long Buy 31.00 shares at 566.16 on 2024-10-24 19:30:00+00:00
2024-11-11 21:00:49,675 - Long Buy 30.00 shares at 564.21 on 2024-10-24 19:45:00+00:00
2024-11-11 21:00:49,675 - Long Buy 29.00 shares at 566.39 on 2024-10-25 13:30:00+00:00
2024-11-11 21:00:49,675 - Long Buy 29.00 shares at 566.18 on 2024-10-25 13:45:00+00:00
2024-11-11 21:00:49,676 - Long Buy 28.00 shares at 566.67 on 2024-10-25 14:00:00+00:00
2024-11-11 21:00:49,676 - Long Buy 28.00 shares at 565.81 on 2024-10-25 14:15:00+00:00
2024-11-11 21:00:49,676 - Long Buy 27.00 shares at 564.37 on 2024-10-25 14:30:00+00:00
2024-11-11 21:00:49,676 - Long Buy 27.00 shares at 564.69 on 2024-10-25 14:45:00+00:00
2024-11-11 21:00:49,676 - Long Buy 26.00 shares at 564.6 on 2024-10-25 15:00:00+00:00
2024-11-11 21:00:49,676 - Long Buy 26.00 shares at 563.65 on 2024-10-25 15:15:00+00:00
2024-11-11 21:00:49,676 - Sell to close 479.00 shares at 561.95 on 2024-10-25 15:30:00+00:00 (Exit: Stop_loss, Profit: -1892.9699999999698, Duration: 1305.0 minutes)
2024-11-11 21:00:49,676 - Long Buy 35.00 shares at 559.29 on 2024-10-28 13:30:00+00:00
2024-11-11 21:00:49,676 - Long Buy 34.00 shares at 558.15 on 2024-10-28 14:00:00+00:00
2024-11-11 21:00:49,676 - Long Buy 34.00 shares at 558.83 on 2024-10-28 14:15:00+00:00
2024-11-11 21:00:49,676 - Long Buy 33.00 shares at 556.68 on 2024-10-28 14:30:00+00:00
2024-11-11 21:00:49,676 - Long Buy 32.00 shares at 556.5 on 2024-10-28 14:45:00+00:00
2024-11-11 21:00:49,676 - Long Buy 32.00 shares at 557.44 on 2024-10-28 15:00:00+00:00
2024-11-11 21:00:49,676 - Long Buy 31.00 shares at 557.31 on 2024-10-28 15:15:00+00:00
2024-11-11 21:00:49,676 - Long Buy 31.00 shares at 556.24 on 2024-10-28 15:30:00+00:00
2024-11-11 21:00:49,676 - Long Buy 30.00 shares at 556.79 on 2024-10-28 15:45:00+00:00
2024-11-11 21:00:49,676 - Long Buy 29.00 shares at 556.51 on 2024-10-28 16:00:00+00:00
2024-11-11 21:00:49,676 - Long Buy 29.00 shares at 556.28 on 2024-10-28 16:15:00+00:00
2024-11-11 21:00:49,676 - Long Buy 28.00 shares at 557.04 on 2024-10-28 16:30:00+00:00
2024-11-11 21:00:49,676 - Long Buy 28.00 shares at 556.76 on 2024-10-28 16:45:00+00:00
2024-11-11 21:00:49,676 - Long Buy 27.00 shares at 557.05 on 2024-10-28 17:00:00+00:00
2024-11-11 21:00:49,676 - Long Buy 27.00 shares at 557.42 on 2024-10-28 17:15:00+00:00
2024-11-11 21:00:49,676 - Long Buy 26.00 shares at 557.63 on 2024-10-28 17:30:00+00:00
2024-11-11 21:00:49,676 - Long Buy 25.00 shares at 557.72 on 2024-10-28 17:45:00+00:00
2024-11-11 21:00:49,676 - Long Buy 25.00 shares at 557.11 on 2024-10-28 18:00:00+00:00
2024-11-11 21:00:49,676 - Long Buy 24.00 shares at 557.0 on 2024-10-28 18:15:00+00:00
2024-11-11 21:00:49,676 - Long Buy 24.00 shares at 556.53 on 2024-10-28 18:30:00+00:00
2024-11-11 21:00:49,676 - Sell to close 584.00 shares at 558.36 on 2024-10-28 18:45:00+00:00 (Exit: Signal, Profit: 647.6500000000697, Duration: 315.0 minutes)
2024-11-11 21:00:49,677 - Long Buy 35.00 shares at 554.98 on 2024-10-28 19:45:00+00:00
2024-11-11 21:00:49,677 - Long Buy 35.00 shares at 551.04 on 2024-10-29 13:30:00+00:00
2024-11-11 21:00:49,677 - Long Buy 34.00 shares at 551.21 on 2024-10-29 13:45:00+00:00
2024-11-11 21:00:49,677 - Long Buy 33.00 shares at 551.7 on 2024-10-29 14:00:00+00:00
2024-11-11 21:00:49,677 - Long Buy 33.00 shares at 551.42 on 2024-10-29 14:15:00+00:00
2024-11-11 21:00:49,677 - Long Buy 32.00 shares at 551.95 on 2024-10-29 14:30:00+00:00
2024-11-11 21:00:49,677 - Long Buy 32.00 shares at 551.34 on 2024-10-29 14:45:00+00:00
2024-11-11 21:00:49,677 - Long Buy 31.00 shares at 550.56 on 2024-10-29 15:00:00+00:00
2024-11-11 21:00:49,677 - Long Buy 30.00 shares at 550.8 on 2024-10-29 15:15:00+00:00
2024-11-11 21:00:49,677 - Long Buy 30.00 shares at 550.63 on 2024-10-29 15:30:00+00:00
2024-11-11 21:00:49,677 - Long Buy 29.00 shares at 550.0 on 2024-10-29 15:45:00+00:00
2024-11-11 21:00:49,677 - Long Buy 29.00 shares at 550.8 on 2024-10-29 16:00:00+00:00
2024-11-11 21:00:49,677 - Long Buy 28.00 shares at 549.76 on 2024-10-29 16:15:00+00:00
2024-11-11 21:00:49,677 - Sell to close 411.00 shares at 548.94 on 2024-10-29 16:30:00+00:00 (Exit: Stop_loss, Profit: -972.4799999999467, Duration: 1245.0 minutes)
2024-11-11 21:00:49,677 - Long Buy 36.00 shares at 547.42 on 2024-10-30 13:30:00+00:00
2024-11-11 21:00:49,677 - Long Buy 35.00 shares at 547.05 on 2024-10-30 13:45:00+00:00
2024-11-11 21:00:49,677 - Long Buy 35.00 shares at 545.27 on 2024-10-30 14:00:00+00:00
2024-11-11 21:00:49,677 - Long Buy 34.00 shares at 543.37 on 2024-10-30 14:15:00+00:00
2024-11-11 21:00:49,677 - Long Buy 33.00 shares at 544.07 on 2024-10-30 14:30:00+00:00
2024-11-11 21:00:49,677 - Long Buy 33.00 shares at 544.89 on 2024-10-30 14:45:00+00:00
2024-11-11 21:00:49,677 - Long Buy 32.00 shares at 545.46 on 2024-10-30 15:00:00+00:00
2024-11-11 21:00:49,677 - Long Buy 31.00 shares at 545.83 on 2024-10-30 15:15:00+00:00
2024-11-11 21:00:49,677 - Long Buy 30.00 shares at 546.99 on 2024-10-30 15:30:00+00:00
2024-11-11 21:00:49,677 - Sell to close 299.00 shares at 548.49 on 2024-10-30 16:45:00+00:00 (Exit: Profit_take, Profit: 864.7800000000007, Duration: 195.0 minutes)
2024-11-11 21:00:49,678 - Short Sell 36.00 shares at 550.99 on 2024-10-30 17:15:00+00:00
2024-11-11 21:00:49,678 - Buy to cover -36.00 shares at 547.96 on 2024-10-30 18:00:00+00:00 (Exit: Profit_take, Profit: 109.07999999999902, Duration: 45.0 minutes)
2024-11-11 21:00:49,678 - Long Buy 36.00 shares at 546.58 on 2024-10-30 18:15:00+00:00
2024-11-11 21:00:49,678 - Long Buy 35.00 shares at 545.83 on 2024-10-30 18:30:00+00:00
2024-11-11 21:00:49,678 - Long Buy 34.00 shares at 546.6 on 2024-10-30 18:45:00+00:00
2024-11-11 21:00:49,678 - Long Buy 34.00 shares at 546.23 on 2024-10-30 19:45:00+00:00
2024-11-11 21:00:49,678 - Long Buy 33.00 shares at 543.21 on 2024-10-31 13:30:00+00:00
2024-11-11 21:00:49,678 - Sell to close 172.00 shares at 548.05 on 2024-10-31 13:45:00+00:00 (Exit: Signal, Profit: 401.51999999996815, Duration: 1170.0 minutes)
2024-11-11 21:00:49,678 - Short Sell 36.00 shares at 548.61 on 2024-10-31 14:00:00+00:00
2024-11-11 21:00:49,678 - Short Sell 36.00 shares at 547.29 on 2024-10-31 14:15:00+00:00
2024-11-11 21:00:49,678 - Short Sell 36.00 shares at 547.69 on 2024-10-31 15:00:00+00:00
2024-11-11 21:00:49,678 - Short Sell 36.00 shares at 547.82 on 2024-10-31 16:45:00+00:00
2024-11-11 21:00:49,678 - Short Sell 36.00 shares at 548.02 on 2024-10-31 17:00:00+00:00
2024-11-11 21:00:49,678 - Short Sell 36.00 shares at 548.27 on 2024-10-31 17:15:00+00:00
2024-11-11 21:00:49,678 - Short Sell 36.00 shares at 549.95 on 2024-10-31 18:30:00+00:00
2024-11-11 21:00:49,678 - Short Sell 36.00 shares at 550.54 on 2024-10-31 18:45:00+00:00
2024-11-11 21:00:49,678 - Short Sell 36.00 shares at 549.4 on 2024-10-31 19:00:00+00:00
2024-11-11 21:00:49,678 - Short Sell 36.00 shares at 549.26 on 2024-11-01 14:00:00+00:00
2024-11-11 21:00:49,679 - Buy to cover -360.00 shares at 547.97 on 2024-11-01 14:30:00+00:00 (Exit: Signal, Profit: 257.39999999997053, Duration: 1470.0 minutes)
2024-11-11 21:00:49,679 - Long Buy 36.00 shares at 547.66 on 2024-11-01 15:00:00+00:00
2024-11-11 21:00:49,679 - Long Buy 35.00 shares at 547.0 on 2024-11-01 15:15:00+00:00
2024-11-11 21:00:49,679 - Long Buy 35.00 shares at 546.26 on 2024-11-01 15:30:00+00:00
2024-11-11 21:00:49,679 - Long Buy 34.00 shares at 545.24 on 2024-11-01 15:45:00+00:00
2024-11-11 21:00:49,679 - Long Buy 33.00 shares at 544.72 on 2024-11-01 16:00:00+00:00
2024-11-11 21:00:49,679 - Long Buy 32.00 shares at 545.85 on 2024-11-01 16:15:00+00:00
2024-11-11 21:00:49,679 - Long Buy 32.00 shares at 545.8 on 2024-11-01 16:30:00+00:00
2024-11-11 21:00:49,679 - Long Buy 31.00 shares at 546.09 on 2024-11-01 16:45:00+00:00
2024-11-11 21:00:49,679 - Long Buy 31.00 shares at 545.35 on 2024-11-01 17:00:00+00:00
2024-11-11 21:00:49,679 - Long Buy 30.00 shares at 545.42 on 2024-11-01 17:15:00+00:00
2024-11-11 21:00:49,679 - Long Buy 29.00 shares at 544.81 on 2024-11-01 17:30:00+00:00
2024-11-11 21:00:49,679 - Long Buy 29.00 shares at 545.28 on 2024-11-01 17:45:00+00:00
2024-11-11 21:00:49,679 - Long Buy 28.00 shares at 544.97 on 2024-11-01 18:00:00+00:00
2024-11-11 21:00:49,679 - Long Buy 28.00 shares at 545.22 on 2024-11-01 18:15:00+00:00
2024-11-11 21:00:49,679 - Long Buy 27.00 shares at 546.18 on 2024-11-01 18:30:00+00:00
2024-11-11 21:00:49,679 - Long Buy 27.00 shares at 545.9 on 2024-11-01 18:45:00+00:00
2024-11-11 21:00:49,679 - Long Buy 26.00 shares at 546.39 on 2024-11-01 19:15:00+00:00
2024-11-11 21:00:49,679 - Long Buy 26.00 shares at 545.77 on 2024-11-01 19:30:00+00:00
2024-11-11 21:00:49,679 - Long Buy 25.00 shares at 545.51 on 2024-11-01 19:45:00+00:00
2024-11-11 21:00:49,679 - Long Buy 25.00 shares at 544.72 on 2024-11-04 15:15:00+00:00
2024-11-11 21:00:49,679 - Long Buy 24.00 shares at 543.25 on 2024-11-04 15:30:00+00:00
2024-11-11 21:00:49,679 - Long Buy 24.00 shares at 542.48 on 2024-11-04 15:45:00+00:00
2024-11-11 21:00:49,679 - Sell to close 647.00 shares at 542.05 on 2024-11-04 16:00:00+00:00 (Exit: Stop_loss, Profit: -2250.990000000172, Duration: 4380.0 minutes)
2024-11-11 21:00:49,679 - Short Sell 36.00 shares at 544.11 on 2024-11-05 14:45:00+00:00
2024-11-11 21:00:49,680 - Short Sell 36.00 shares at 545.26 on 2024-11-05 15:00:00+00:00
2024-11-11 21:00:49,680 - Short Sell 36.00 shares at 545.11 on 2024-11-05 15:15:00+00:00
2024-11-11 21:00:49,680 - Short Sell 36.00 shares at 545.08 on 2024-11-05 15:30:00+00:00
2024-11-11 21:00:49,680 - Short Sell 36.00 shares at 544.89 on 2024-11-05 15:45:00+00:00
2024-11-11 21:00:49,680 - Short Sell 36.00 shares at 544.25 on 2024-11-05 16:00:00+00:00
2024-11-11 21:00:49,680 - Short Sell 36.00 shares at 544.63 on 2024-11-05 16:15:00+00:00
2024-11-11 21:00:49,680 - Short Sell 36.00 shares at 544.2 on 2024-11-05 16:30:00+00:00
2024-11-11 21:00:49,680 - Short Sell 36.00 shares at 544.11 on 2024-11-05 16:45:00+00:00
2024-11-11 21:00:49,680 - Short Sell 36.00 shares at 544.41 on 2024-11-05 17:00:00+00:00
2024-11-11 21:00:49,680 - Short Sell 36.00 shares at 544.47 on 2024-11-05 17:15:00+00:00
2024-11-11 21:00:49,680 - Buy to cover -396.00 shares at 544.35 on 2024-11-05 17:30:00+00:00 (Exit: Signal, Profit: 96.12000000000262, Duration: 165.0 minutes)
2024-11-11 21:00:49,680 - Short Sell 36.00 shares at 546.14 on 2024-11-05 20:30:00+00:00
2024-11-11 21:00:49,680 - Short Sell 36.00 shares at 546.96 on 2024-11-05 20:45:00+00:00
2024-11-11 21:00:49,680 - Short Sell 36.00 shares at 546.84 on 2024-11-06 14:30:00+00:00
2024-11-11 21:00:49,680 - Short Sell 36.00 shares at 547.83 on 2024-11-06 14:45:00+00:00
2024-11-11 21:00:49,680 - Short Sell 36.00 shares at 551.1 on 2024-11-06 15:00:00+00:00
2024-11-11 21:00:49,680 - Short Sell 35.00 shares at 551.52 on 2024-11-06 15:15:00+00:00
2024-11-11 21:00:49,680 - Short Sell 36.00 shares at 549.14 on 2024-11-06 15:30:00+00:00
2024-11-11 21:00:49,680 - Short Sell 36.00 shares at 548.84 on 2024-11-06 15:45:00+00:00
2024-11-11 21:00:49,680 - Short Sell 36.00 shares at 549.99 on 2024-11-06 16:00:00+00:00
2024-11-11 21:00:49,680 - Buy to cover -323.00 shares at 551.85 on 2024-11-06 16:15:00+00:00 (Exit: Stop_loss, Profit: -1018.1100000000172, Duration: 1185.0 minutes)
2024-11-11 21:00:49,680 - Short Sell 35.00 shares at 552.0 on 2024-11-07 14:30:00+00:00
2024-11-11 21:00:49,681 - Short Sell 35.00 shares at 552.85 on 2024-11-07 14:45:00+00:00
2024-11-11 21:00:49,681 - Short Sell 35.00 shares at 553.15 on 2024-11-07 15:00:00+00:00
2024-11-11 21:00:49,681 - Short Sell 35.00 shares at 551.85 on 2024-11-07 15:15:00+00:00
2024-11-11 21:00:49,681 - Short Sell 35.00 shares at 552.72 on 2024-11-07 15:30:00+00:00
2024-11-11 21:00:49,681 - Short Sell 35.00 shares at 552.45 on 2024-11-07 15:45:00+00:00
2024-11-11 21:00:49,681 - Short Sell 35.00 shares at 552.27 on 2024-11-07 17:45:00+00:00
2024-11-11 21:00:49,681 - Short Sell 35.00 shares at 551.43 on 2024-11-07 19:30:00+00:00
2024-11-11 21:00:49,681 - Short Sell 35.00 shares at 551.28 on 2024-11-07 19:45:00+00:00
2024-11-11 21:00:49,681 - Short Sell 35.00 shares at 552.5 on 2024-11-07 20:00:00+00:00
2024-11-11 21:00:49,681 - Short Sell 35.00 shares at 551.79 on 2024-11-07 20:15:00+00:00
2024-11-11 21:00:49,681 - Short Sell 35.00 shares at 551.96 on 2024-11-07 20:30:00+00:00
2024-11-11 21:00:49,681 - Short Sell 35.00 shares at 551.95 on 2024-11-07 20:45:00+00:00
2024-11-11 21:00:49,681 - Buy to cover -455.00 shares at 561.62 on 2024-11-08 14:30:00+00:00 (Exit: Stop_loss, Profit: -4300.100000000037, Duration: 1440.0 minutes)
2024-11-11 21:00:49,683 - Final statisticsStock: LMT, 
total_trades: 24, 
winning_trades: 14, 
losing_trades: 10, 
average_return: -0.00046392751561507797, 
average_duration: 1056.25, 
final_balance: 987653.0099999994, 
final_portfolio_value: 987653.0099999994, 
sharpe_ratio: 4.759113343399185, 



