2024-11-11 10:25:47,921 - Starting GBMStrategy with initial capital: 1000000
2024-11-11 10:25:47,921 - Hyperparameters: {'threshold': 0.5, 'time_periods': 30, 'num_simulations': 150}
2024-11-11 10:27:13,546 - Long Buy 72.00 shares at 275.48 on 2024-10-11 14:30:00+00:00
2024-11-11 10:27:13,547 - Sell to close 72.00 shares at 275.8 on 2024-10-11 14:45:00+00:00 (Exit: Signal, Profit: 23.03999999999951, Duration: 15.0 minutes)
2024-11-11 10:27:13,547 - Short Sell 72.00 shares at 275.74 on 2024-10-11 15:00:00+00:00
2024-11-11 10:27:13,547 - Short Sell 72.00 shares at 275.87 on 2024-10-11 15:15:00+00:00
2024-11-11 10:27:13,548 - Short Sell 72.00 shares at 276.44 on 2024-10-11 15:30:00+00:00
2024-11-11 10:27:13,548 - Short Sell 72.00 shares at 276.19 on 2024-10-11 15:45:00+00:00
2024-11-11 10:27:13,548 - Buy to cover -288.00 shares at 275.33 on 2024-10-11 16:30:00+00:00 (Exit: Signal, Profit: 210.24000000000524, Duration: 90.0 minutes)
2024-11-11 10:27:13,548 - Long Buy 72.00 shares at 275.29 on 2024-10-11 17:00:00+00:00
2024-11-11 10:27:13,548 - Long Buy 71.00 shares at 275.08 on 2024-10-11 17:45:00+00:00
2024-11-11 10:27:13,548 - Long Buy 69.00 shares at 275.32 on 2024-10-11 18:00:00+00:00
2024-11-11 10:27:13,548 - Long Buy 68.00 shares at 275.24 on 2024-10-11 18:30:00+00:00
2024-11-11 10:27:13,548 - Sell to close 280.00 shares at 276.0 on 2024-10-11 19:30:00+00:00 (Exit: Signal, Profit: 215.04000000000815, Duration: 150.0 minutes)
2024-11-11 10:27:13,548 - Short Sell 72.00 shares at 276.96 on 2024-10-14 13:30:00+00:00
2024-11-11 10:27:13,548 - Short Sell 72.00 shares at 277.5 on 2024-10-14 13:45:00+00:00
2024-11-11 10:27:13,548 - Short Sell 71.00 shares at 278.29 on 2024-10-14 14:00:00+00:00
2024-11-11 10:27:13,548 - Short Sell 71.00 shares at 278.24 on 2024-10-14 14:15:00+00:00
2024-11-11 10:27:13,548 - Short Sell 71.00 shares at 279.02 on 2024-10-14 14:30:00+00:00
2024-11-11 10:27:13,548 - Short Sell 71.00 shares at 278.65 on 2024-10-14 14:45:00+00:00
2024-11-11 10:27:13,548 - Short Sell 71.00 shares at 279.22 on 2024-10-14 15:00:00+00:00
2024-11-11 10:27:13,548 - Short Sell 71.00 shares at 278.52 on 2024-10-14 15:15:00+00:00
2024-11-11 10:27:13,549 - Short Sell 71.00 shares at 279.14 on 2024-10-14 15:30:00+00:00
2024-11-11 10:27:13,549 - Short Sell 71.00 shares at 279.08 on 2024-10-14 15:45:00+00:00
2024-11-11 10:27:13,549 - Short Sell 71.00 shares at 279.36 on 2024-10-14 16:00:00+00:00
2024-11-11 10:27:13,549 - Short Sell 71.00 shares at 279.51 on 2024-10-14 16:15:00+00:00
2024-11-11 10:27:13,549 - Short Sell 71.00 shares at 279.03 on 2024-10-14 16:30:00+00:00
2024-11-11 10:27:13,549 - Short Sell 71.00 shares at 279.1 on 2024-10-14 16:45:00+00:00
2024-11-11 10:27:13,549 - Short Sell 71.00 shares at 279.37 on 2024-10-14 17:00:00+00:00
2024-11-11 10:27:13,549 - Short Sell 71.00 shares at 279.76 on 2024-10-14 17:15:00+00:00
2024-11-11 10:27:13,549 - Short Sell 71.00 shares at 279.64 on 2024-10-14 17:30:00+00:00
2024-11-11 10:27:13,549 - Short Sell 71.00 shares at 279.53 on 2024-10-14 17:45:00+00:00
2024-11-11 10:27:13,549 - Short Sell 71.00 shares at 280.1 on 2024-10-14 18:00:00+00:00
2024-11-11 10:27:13,549 - Short Sell 71.00 shares at 280.16 on 2024-10-14 18:15:00+00:00
2024-11-11 10:27:13,549 - Short Sell 71.00 shares at 280.38 on 2024-10-14 18:30:00+00:00
2024-11-11 10:27:13,549 - Short Sell 71.00 shares at 280.47 on 2024-10-14 18:45:00+00:00
2024-11-11 10:27:13,549 - Short Sell 71.00 shares at 280.71 on 2024-10-14 19:00:00+00:00
2024-11-11 10:27:13,549 - Short Sell 70.00 shares at 281.2 on 2024-10-14 19:15:00+00:00
2024-11-11 10:27:13,549 - Short Sell 71.00 shares at 280.76 on 2024-10-14 19:30:00+00:00
2024-11-11 10:27:13,549 - Short Sell 71.00 shares at 280.75 on 2024-10-14 19:45:00+00:00
2024-11-11 10:27:13,549 - Short Sell 69.00 shares at 283.81 on 2024-10-15 13:30:00+00:00
2024-11-11 10:27:13,549 - Short Sell 70.00 shares at 283.53 on 2024-10-15 13:45:00+00:00
2024-11-11 10:27:13,549 - Short Sell 69.00 shares at 285.25 on 2024-10-15 14:00:00+00:00
2024-11-11 10:27:13,549 - Buy to cover -2055.00 shares at 285.82 on 2024-10-15 14:15:00+00:00 (Exit: Stop_loss, Profit: -12198.649999999885, Duration: 1485.0 minutes)
2024-11-11 10:27:13,550 - Long Buy 69.00 shares at 282.42 on 2024-10-16 13:30:00+00:00
2024-11-11 10:27:13,550 - Long Buy 68.00 shares at 283.29 on 2024-10-16 13:45:00+00:00
2024-11-11 10:27:13,550 - Long Buy 67.00 shares at 282.78 on 2024-10-16 14:00:00+00:00
2024-11-11 10:27:13,550 - Long Buy 65.00 shares at 282.3 on 2024-10-16 14:15:00+00:00
2024-11-11 10:27:13,550 - Long Buy 64.00 shares at 281.68 on 2024-10-16 14:30:00+00:00
2024-11-11 10:27:13,550 - Long Buy 63.00 shares at 281.48 on 2024-10-16 14:45:00+00:00
2024-11-11 10:27:13,550 - Long Buy 62.00 shares at 281.17 on 2024-10-16 15:00:00+00:00
2024-11-11 10:27:13,550 - Long Buy 60.00 shares at 281.71 on 2024-10-16 15:15:00+00:00
2024-11-11 10:27:13,550 - Long Buy 59.00 shares at 282.0 on 2024-10-16 15:30:00+00:00
2024-11-11 10:27:13,550 - Long Buy 58.00 shares at 282.0 on 2024-10-16 15:45:00+00:00
2024-11-11 10:27:13,550 - Long Buy 57.00 shares at 282.18 on 2024-10-16 16:00:00+00:00
2024-11-11 10:27:13,550 - Long Buy 56.00 shares at 282.21 on 2024-10-16 16:15:00+00:00
2024-11-11 10:27:13,550 - Long Buy 55.00 shares at 282.07 on 2024-10-16 16:30:00+00:00
2024-11-11 10:27:13,550 - Long Buy 54.00 shares at 282.03 on 2024-10-16 16:45:00+00:00
2024-11-11 10:27:13,550 - Long Buy 52.00 shares at 281.93 on 2024-10-16 17:00:00+00:00
2024-11-11 10:27:13,550 - Long Buy 51.00 shares at 282.41 on 2024-10-16 17:15:00+00:00
2024-11-11 10:27:13,550 - Sell to close 960.00 shares at 282.65 on 2024-10-16 17:30:00+00:00 (Exit: Signal, Profit: 512.8799999999865, Duration: 240.0 minutes)
2024-11-11 10:27:13,550 - Short Sell 69.00 shares at 282.74 on 2024-10-16 17:45:00+00:00
2024-11-11 10:27:13,550 - Short Sell 69.00 shares at 283.31 on 2024-10-16 18:00:00+00:00
2024-11-11 10:27:13,550 - Short Sell 69.00 shares at 283.5 on 2024-10-16 18:15:00+00:00
2024-11-11 10:27:13,550 - Short Sell 69.00 shares at 283.29 on 2024-10-16 18:30:00+00:00
2024-11-11 10:27:13,550 - Short Sell 69.00 shares at 283.38 on 2024-10-16 18:45:00+00:00
2024-11-11 10:27:13,551 - Short Sell 69.00 shares at 283.36 on 2024-10-16 19:00:00+00:00
2024-11-11 10:27:13,551 - Short Sell 69.00 shares at 283.66 on 2024-10-16 19:15:00+00:00
2024-11-11 10:27:13,551 - Short Sell 69.00 shares at 283.82 on 2024-10-16 19:30:00+00:00
2024-11-11 10:27:13,551 - Short Sell 69.00 shares at 284.15 on 2024-10-16 19:45:00+00:00
2024-11-11 10:27:13,551 - Short Sell 69.00 shares at 284.25 on 2024-10-17 13:30:00+00:00
2024-11-11 10:27:13,551 - Short Sell 69.00 shares at 283.51 on 2024-10-17 13:45:00+00:00
2024-11-11 10:27:13,551 - Short Sell 69.00 shares at 283.18 on 2024-10-17 14:00:00+00:00
2024-11-11 10:27:13,551 - Short Sell 69.00 shares at 282.83 on 2024-10-17 14:15:00+00:00
2024-11-11 10:27:13,551 - Buy to cover -897.00 shares at 282.26 on 2024-10-17 14:45:00+00:00 (Exit: Signal, Profit: 1076.4000000000408, Duration: 1260.0 minutes)
2024-11-11 10:27:13,551 - Long Buy 70.00 shares at 281.81 on 2024-10-17 15:00:00+00:00
2024-11-11 10:27:13,551 - Long Buy 68.00 shares at 282.24 on 2024-10-17 15:15:00+00:00
2024-11-11 10:27:13,551 - Long Buy 67.00 shares at 282.09 on 2024-10-17 15:30:00+00:00
2024-11-11 10:27:13,551 - Long Buy 66.00 shares at 282.17 on 2024-10-17 15:45:00+00:00
2024-11-11 10:27:13,551 - Long Buy 64.00 shares at 281.79 on 2024-10-17 16:00:00+00:00
2024-11-11 10:27:13,551 - Long Buy 63.00 shares at 282.17 on 2024-10-17 16:15:00+00:00
2024-11-11 10:27:13,551 - Long Buy 62.00 shares at 282.12 on 2024-10-17 17:15:00+00:00
2024-11-11 10:27:13,551 - Long Buy 60.00 shares at 282.19 on 2024-10-17 17:45:00+00:00
2024-11-11 10:27:13,551 - Long Buy 59.00 shares at 281.61 on 2024-10-17 18:00:00+00:00
2024-11-11 10:27:13,551 - Long Buy 58.00 shares at 281.38 on 2024-10-17 18:15:00+00:00
2024-11-11 10:27:13,551 - Long Buy 57.00 shares at 281.27 on 2024-10-17 18:30:00+00:00
2024-11-11 10:27:13,551 - Sell to close 694.00 shares at 281.49 on 2024-10-17 18:45:00+00:00 (Exit: Signal, Profit: -289.73999999998216, Duration: 225.0 minutes)
2024-11-11 10:27:13,552 - Short Sell 70.00 shares at 281.58 on 2024-10-17 19:00:00+00:00
2024-11-11 10:27:13,552 - Buy to cover -70.00 shares at 281.17 on 2024-10-17 19:15:00+00:00 (Exit: Signal, Profit: 28.69999999999777, Duration: 15.0 minutes)
2024-11-11 10:27:13,552 - Long Buy 70.00 shares at 281.16 on 2024-10-18 13:30:00+00:00
2024-11-11 10:27:13,552 - Long Buy 69.00 shares at 280.35 on 2024-10-18 13:45:00+00:00
2024-11-11 10:27:13,552 - Long Buy 68.00 shares at 279.24 on 2024-10-18 14:00:00+00:00
2024-11-11 10:27:13,552 - Long Buy 66.00 shares at 279.98 on 2024-10-18 14:15:00+00:00
2024-11-11 10:27:13,552 - Long Buy 64.00 shares at 281.0 on 2024-10-18 14:30:00+00:00
2024-11-11 10:27:13,552 - Long Buy 63.00 shares at 280.86 on 2024-10-18 14:45:00+00:00
2024-11-11 10:27:13,552 - Long Buy 62.00 shares at 280.71 on 2024-10-18 15:00:00+00:00
2024-11-11 10:27:13,552 - Long Buy 61.00 shares at 281.18 on 2024-10-18 15:30:00+00:00
2024-11-11 10:27:13,552 - Sell to close 523.00 shares at 282.23 on 2024-10-18 15:45:00+00:00 (Exit: Signal, Profit: 879.7599999999942, Duration: 135.0 minutes)
2024-11-11 10:27:13,552 - Short Sell 70.00 shares at 282.13 on 2024-10-18 16:30:00+00:00
2024-11-11 10:27:13,552 - Short Sell 70.00 shares at 282.03 on 2024-10-18 16:45:00+00:00
2024-11-11 10:27:13,552 - Short Sell 70.00 shares at 281.9 on 2024-10-18 17:00:00+00:00
2024-11-11 10:27:13,552 - Short Sell 70.00 shares at 281.8 on 2024-10-18 17:15:00+00:00
2024-11-11 10:27:13,552 - Short Sell 70.00 shares at 282.26 on 2024-10-18 17:30:00+00:00
2024-11-11 10:27:13,552 - Short Sell 70.00 shares at 281.97 on 2024-10-18 17:45:00+00:00
2024-11-11 10:27:13,552 - Short Sell 70.00 shares at 281.99 on 2024-10-18 18:00:00+00:00
2024-11-11 10:27:13,552 - Short Sell 70.00 shares at 282.17 on 2024-10-18 18:15:00+00:00
2024-11-11 10:27:13,552 - Short Sell 70.00 shares at 281.88 on 2024-10-18 18:30:00+00:00
2024-11-11 10:27:13,553 - Buy to cover -630.00 shares at 281.13 on 2024-10-18 19:00:00+00:00 (Exit: Signal, Profit: 557.1999999999707, Duration: 150.0 minutes)
2024-11-11 10:27:13,553 - Long Buy 70.00 shares at 280.98 on 2024-10-18 19:15:00+00:00
2024-11-11 10:27:13,553 - Sell to close 70.00 shares at 281.19 on 2024-10-18 19:30:00+00:00 (Exit: Signal, Profit: 14.699999999998568, Duration: 15.0 minutes)
2024-11-11 10:27:13,553 - Short Sell 70.00 shares at 281.65 on 2024-10-18 19:45:00+00:00
2024-11-11 10:27:13,553 - Short Sell 70.00 shares at 282.14 on 2024-10-21 13:30:00+00:00
2024-11-11 10:27:13,553 - Short Sell 70.00 shares at 282.01 on 2024-10-21 13:45:00+00:00
2024-11-11 10:27:13,553 - Short Sell 70.00 shares at 281.22 on 2024-10-21 14:00:00+00:00
2024-11-11 10:27:13,553 - Buy to cover -280.00 shares at 279.93 on 2024-10-21 14:15:00+00:00 (Exit: Signal, Profit: 510.9999999999968, Duration: 3990.0 minutes)
2024-11-11 10:27:13,553 - Long Buy 70.00 shares at 279.98 on 2024-10-21 14:30:00+00:00
2024-11-11 10:27:13,553 - Long Buy 69.00 shares at 279.01 on 2024-10-21 14:45:00+00:00
2024-11-11 10:27:13,553 - Long Buy 68.00 shares at 278.18 on 2024-10-21 15:00:00+00:00
2024-11-11 10:27:13,553 - Long Buy 67.00 shares at 277.89 on 2024-10-21 15:15:00+00:00
2024-11-11 10:27:13,553 - Long Buy 65.00 shares at 278.07 on 2024-10-21 15:30:00+00:00
2024-11-11 10:27:13,553 - Long Buy 64.00 shares at 278.0 on 2024-10-21 15:45:00+00:00
2024-11-11 10:27:13,553 - Long Buy 63.00 shares at 277.46 on 2024-10-21 16:00:00+00:00
2024-11-11 10:27:13,553 - Long Buy 62.00 shares at 277.28 on 2024-10-21 16:15:00+00:00
2024-11-11 10:27:13,553 - Long Buy 60.00 shares at 276.99 on 2024-10-21 16:30:00+00:00
2024-11-11 10:27:13,553 - Long Buy 59.00 shares at 277.46 on 2024-10-21 16:45:00+00:00
2024-11-11 10:27:13,553 - Long Buy 58.00 shares at 277.29 on 2024-10-21 17:00:00+00:00
2024-11-11 10:27:13,553 - Long Buy 57.00 shares at 277.0 on 2024-10-21 17:15:00+00:00
2024-11-11 10:27:13,553 - Long Buy 56.00 shares at 276.44 on 2024-10-21 17:30:00+00:00
2024-11-11 10:27:13,553 - Long Buy 55.00 shares at 276.41 on 2024-10-21 17:45:00+00:00
2024-11-11 10:27:13,553 - Long Buy 54.00 shares at 275.72 on 2024-10-21 18:00:00+00:00
2024-11-11 10:27:13,554 - Long Buy 53.00 shares at 275.98 on 2024-10-21 18:15:00+00:00
2024-11-11 10:27:13,554 - Long Buy 52.00 shares at 275.81 on 2024-10-21 18:30:00+00:00
2024-11-11 10:27:13,554 - Long Buy 51.00 shares at 275.99 on 2024-10-21 18:45:00+00:00
2024-11-11 10:27:13,554 - Long Buy 50.00 shares at 276.36 on 2024-10-21 19:00:00+00:00
2024-11-11 10:27:13,554 - Long Buy 49.00 shares at 276.13 on 2024-10-21 19:15:00+00:00
2024-11-11 10:27:13,554 - Long Buy 48.00 shares at 276.25 on 2024-10-21 19:30:00+00:00
2024-11-11 10:27:13,554 - Long Buy 46.00 shares at 276.93 on 2024-10-21 19:45:00+00:00
2024-11-11 10:27:13,554 - Sell to close 1276.00 shares at 268.33 on 2024-10-22 13:30:00+00:00 (Exit: Stop_loss, Profit: -11359.10000000002, Duration: 1380.0 minutes)
2024-11-11 10:27:13,554 - Short Sell 72.00 shares at 271.22 on 2024-10-23 13:30:00+00:00
2024-11-11 10:27:13,554 - Short Sell 72.00 shares at 271.55 on 2024-10-23 13:45:00+00:00
2024-11-11 10:27:13,554 - Short Sell 72.00 shares at 271.07 on 2024-10-23 14:00:00+00:00
2024-11-11 10:27:13,554 - Short Sell 72.00 shares at 271.48 on 2024-10-23 14:15:00+00:00
2024-11-11 10:27:13,554 - Short Sell 72.00 shares at 270.78 on 2024-10-23 14:30:00+00:00
2024-11-11 10:27:13,554 - Short Sell 72.00 shares at 271.06 on 2024-10-23 14:45:00+00:00
2024-11-11 10:27:13,554 - Short Sell 72.00 shares at 271.3 on 2024-10-23 15:00:00+00:00
2024-11-11 10:27:13,554 - Buy to cover -504.00 shares at 270.75 on 2024-10-23 15:15:00+00:00 (Exit: Signal, Profit: 231.12000000002308, Duration: 105.0 minutes)
2024-11-11 10:27:13,554 - Short Sell 72.00 shares at 271.43 on 2024-10-23 15:30:00+00:00
2024-11-11 10:27:13,555 - Short Sell 72.00 shares at 271.4 on 2024-10-23 15:45:00+00:00
2024-11-11 10:27:13,555 - Buy to cover -144.00 shares at 270.74 on 2024-10-23 16:00:00+00:00 (Exit: Signal, Profit: 97.19999999999345, Duration: 30.0 minutes)
2024-11-11 10:27:13,555 - Short Sell 72.00 shares at 271.31 on 2024-10-23 16:45:00+00:00
2024-11-11 10:27:13,555 - Buy to cover -72.00 shares at 270.66 on 2024-10-23 17:00:00+00:00 (Exit: Signal, Profit: 46.79999999999836, Duration: 15.0 minutes)
2024-11-11 10:27:13,555 - Long Buy 72.00 shares at 270.44 on 2024-10-23 17:15:00+00:00
2024-11-11 10:27:13,555 - Long Buy 71.00 shares at 270.45 on 2024-10-23 17:30:00+00:00
2024-11-11 10:27:13,555 - Long Buy 69.00 shares at 269.69 on 2024-10-23 18:00:00+00:00
2024-11-11 10:27:13,555 - Long Buy 68.00 shares at 269.65 on 2024-10-23 18:15:00+00:00
2024-11-11 10:27:13,555 - Long Buy 67.00 shares at 270.09 on 2024-10-23 18:30:00+00:00
2024-11-11 10:27:13,555 - Long Buy 65.00 shares at 269.97 on 2024-10-23 18:45:00+00:00
2024-11-11 10:27:13,555 - Long Buy 64.00 shares at 269.45 on 2024-10-23 19:00:00+00:00
2024-11-11 10:27:13,555 - Long Buy 63.00 shares at 269.6 on 2024-10-23 19:15:00+00:00
2024-11-11 10:27:13,555 - Long Buy 61.00 shares at 269.76 on 2024-10-23 19:30:00+00:00
2024-11-11 10:27:13,555 - Long Buy 60.00 shares at 270.03 on 2024-10-23 19:45:00+00:00
2024-11-11 10:27:13,555 - Long Buy 59.00 shares at 270.43 on 2024-10-24 13:30:00+00:00
2024-11-11 10:27:13,555 - Long Buy 58.00 shares at 270.62 on 2024-10-24 13:45:00+00:00
2024-11-11 10:27:13,555 - Sell to close 777.00 shares at 271.89 on 2024-10-24 14:00:00+00:00 (Exit: Signal, Profit: 1457.9199999999582, Duration: 1245.0 minutes)
2024-11-11 10:27:13,555 - Short Sell 72.00 shares at 272.03 on 2024-10-24 14:15:00+00:00
2024-11-11 10:27:13,555 - Short Sell 72.00 shares at 271.48 on 2024-10-24 14:30:00+00:00
2024-11-11 10:27:13,555 - Short Sell 72.00 shares at 271.72 on 2024-10-24 14:45:00+00:00
2024-11-11 10:27:13,555 - Short Sell 72.00 shares at 271.44 on 2024-10-24 15:00:00+00:00
2024-11-11 10:27:13,556 - Buy to cover -288.00 shares at 270.48 on 2024-10-24 15:30:00+00:00 (Exit: Signal, Profit: 341.99999999998363, Duration: 75.0 minutes)
2024-11-11 10:27:13,556 - Long Buy 72.00 shares at 270.44 on 2024-10-24 15:45:00+00:00
2024-11-11 10:27:13,556 - Long Buy 71.00 shares at 270.15 on 2024-10-24 16:00:00+00:00
2024-11-11 10:27:13,556 - Sell to close 143.00 shares at 270.57 on 2024-10-24 16:15:00+00:00 (Exit: Signal, Profit: 39.18000000000063, Duration: 30.0 minutes)
2024-11-11 10:27:13,556 - Short Sell 72.00 shares at 270.75 on 2024-10-24 16:30:00+00:00
2024-11-11 10:27:13,556 - Short Sell 72.00 shares at 271.17 on 2024-10-24 16:45:00+00:00
2024-11-11 10:27:13,556 - Short Sell 72.00 shares at 271.21 on 2024-10-24 17:00:00+00:00
2024-11-11 10:27:13,556 - Short Sell 72.00 shares at 271.47 on 2024-10-24 17:15:00+00:00
2024-11-11 10:27:13,556 - Short Sell 72.00 shares at 271.76 on 2024-10-24 17:30:00+00:00
2024-11-11 10:27:13,556 - Short Sell 72.00 shares at 271.4 on 2024-10-24 17:45:00+00:00
2024-11-11 10:27:13,556 - Short Sell 72.00 shares at 271.63 on 2024-10-24 18:00:00+00:00
2024-11-11 10:27:13,556 - Short Sell 72.00 shares at 271.41 on 2024-10-24 18:15:00+00:00
2024-11-11 10:27:13,556 - Short Sell 72.00 shares at 271.28 on 2024-10-24 18:30:00+00:00
2024-11-11 10:27:13,556 - Short Sell 72.00 shares at 271.67 on 2024-10-24 18:45:00+00:00
2024-11-11 10:27:13,556 - Short Sell 72.00 shares at 271.67 on 2024-10-24 19:00:00+00:00
2024-11-11 10:27:13,556 - Short Sell 72.00 shares at 271.98 on 2024-10-24 19:15:00+00:00
2024-11-11 10:27:13,556 - Short Sell 72.00 shares at 272.12 on 2024-10-24 19:30:00+00:00
2024-11-11 10:27:13,556 - Short Sell 72.00 shares at 271.37 on 2024-10-24 19:45:00+00:00
2024-11-11 10:27:13,556 - Buy to cover -1008.00 shares at 269.93 on 2024-10-25 13:45:00+00:00 (Exit: Signal, Profit: 1574.6400000000167, Duration: 1275.0 minutes)
2024-11-11 10:27:13,556 - Long Buy 72.00 shares at 269.61 on 2024-10-25 14:30:00+00:00
2024-11-11 10:27:13,556 - Long Buy 71.00 shares at 269.08 on 2024-10-25 14:45:00+00:00
2024-11-11 10:27:13,557 - Long Buy 70.00 shares at 269.01 on 2024-10-25 15:00:00+00:00
2024-11-11 10:27:13,557 - Long Buy 69.00 shares at 268.46 on 2024-10-25 15:15:00+00:00
2024-11-11 10:27:13,557 - Long Buy 67.00 shares at 268.4 on 2024-10-25 15:30:00+00:00
2024-11-11 10:27:13,557 - Long Buy 66.00 shares at 268.67 on 2024-10-25 15:45:00+00:00
2024-11-11 10:27:13,557 - Long Buy 64.00 shares at 268.44 on 2024-10-25 16:00:00+00:00
2024-11-11 10:27:13,557 - Long Buy 63.00 shares at 269.07 on 2024-10-25 16:15:00+00:00
2024-11-11 10:27:13,557 - Long Buy 62.00 shares at 268.99 on 2024-10-25 16:30:00+00:00
2024-11-11 10:27:13,557 - Long Buy 61.00 shares at 268.09 on 2024-10-25 16:45:00+00:00
2024-11-11 10:27:13,557 - Long Buy 60.00 shares at 267.69 on 2024-10-25 17:00:00+00:00
2024-11-11 10:27:13,557 - Long Buy 59.00 shares at 267.31 on 2024-10-25 17:15:00+00:00
2024-11-11 10:27:13,557 - Long Buy 58.00 shares at 266.39 on 2024-10-25 17:30:00+00:00
2024-11-11 10:27:13,557 - Long Buy 56.00 shares at 266.8 on 2024-10-25 17:45:00+00:00
2024-11-11 10:27:13,557 - Long Buy 55.00 shares at 266.72 on 2024-10-25 18:00:00+00:00
2024-11-11 10:27:13,557 - Long Buy 54.00 shares at 267.44 on 2024-10-25 18:15:00+00:00
2024-11-11 10:27:13,557 - Long Buy 53.00 shares at 267.47 on 2024-10-25 18:30:00+00:00
2024-11-11 10:27:13,557 - Long Buy 52.00 shares at 267.46 on 2024-10-25 18:45:00+00:00
2024-11-11 10:27:13,557 - Long Buy 51.00 shares at 266.89 on 2024-10-25 19:00:00+00:00
2024-11-11 10:27:13,557 - Long Buy 50.00 shares at 267.01 on 2024-10-25 19:15:00+00:00
2024-11-11 10:27:13,557 - Long Buy 49.00 shares at 266.8 on 2024-10-25 19:30:00+00:00
2024-11-11 10:27:13,557 - Long Buy 48.00 shares at 267.61 on 2024-10-25 19:45:00+00:00
2024-11-11 10:27:13,557 - Sell to close 1310.00 shares at 270.84 on 2024-10-28 13:30:00+00:00 (Exit: Signal, Profit: 3752.2300000000155, Duration: 4260.0 minutes)
2024-11-11 10:27:13,557 - Short Sell 73.00 shares at 269.72 on 2024-10-28 13:45:00+00:00
2024-11-11 10:27:13,557 - Short Sell 73.00 shares at 269.54 on 2024-10-28 14:00:00+00:00
2024-11-11 10:27:13,557 - Short Sell 73.00 shares at 270.44 on 2024-10-28 14:15:00+00:00
2024-11-11 10:27:13,557 - Short Sell 73.00 shares at 269.46 on 2024-10-28 14:30:00+00:00
2024-11-11 10:27:13,557 - Short Sell 73.00 shares at 269.63 on 2024-10-28 14:45:00+00:00
2024-11-11 10:27:13,558 - Short Sell 73.00 shares at 269.88 on 2024-10-28 15:00:00+00:00
2024-11-11 10:27:13,558 - Short Sell 73.00 shares at 269.31 on 2024-10-28 15:15:00+00:00
2024-11-11 10:27:13,558 - Short Sell 73.00 shares at 268.74 on 2024-10-28 15:30:00+00:00
2024-11-11 10:27:13,558 - Buy to cover -584.00 shares at 267.73 on 2024-10-28 17:00:00+00:00 (Exit: Signal, Profit: 1086.2399999999748, Duration: 195.0 minutes)
2024-11-11 10:27:13,558 - Long Buy 73.00 shares at 268.06 on 2024-10-28 18:00:00+00:00
2024-11-11 10:27:13,558 - Long Buy 72.00 shares at 268.03 on 2024-10-28 18:15:00+00:00
2024-11-11 10:27:13,558 - Long Buy 70.00 shares at 268.11 on 2024-10-28 18:30:00+00:00
2024-11-11 10:27:13,558 - Long Buy 69.00 shares at 268.04 on 2024-10-28 18:45:00+00:00
2024-11-11 10:27:13,558 - Long Buy 68.00 shares at 267.95 on 2024-10-28 19:00:00+00:00
2024-11-11 10:27:13,558 - Long Buy 66.00 shares at 268.06 on 2024-10-28 19:15:00+00:00
2024-11-11 10:27:13,558 - Long Buy 66.00 shares at 262.31 on 2024-10-29 13:30:00+00:00
2024-11-11 10:27:13,558 - Long Buy 65.00 shares at 262.99 on 2024-10-29 13:45:00+00:00
2024-11-11 10:27:13,558 - Long Buy 63.00 shares at 263.75 on 2024-10-29 14:00:00+00:00
2024-11-11 10:27:13,558 - Long Buy 62.00 shares at 263.67 on 2024-10-29 14:15:00+00:00
2024-11-11 10:27:13,558 - Long Buy 61.00 shares at 263.99 on 2024-10-29 14:30:00+00:00
2024-11-11 10:27:13,558 - Long Buy 60.00 shares at 263.62 on 2024-10-29 14:45:00+00:00
2024-11-11 10:27:13,558 - Long Buy 58.00 shares at 263.68 on 2024-10-29 15:00:00+00:00
2024-11-11 10:27:13,558 - Long Buy 57.00 shares at 263.81 on 2024-10-29 15:15:00+00:00
2024-11-11 10:27:13,558 - Long Buy 56.00 shares at 264.3 on 2024-10-29 15:30:00+00:00
2024-11-11 10:27:13,559 - Long Buy 55.00 shares at 263.65 on 2024-10-29 15:45:00+00:00
2024-11-11 10:27:13,559 - Long Buy 54.00 shares at 264.82 on 2024-10-29 16:00:00+00:00
2024-11-11 10:27:13,559 - Long Buy 53.00 shares at 264.25 on 2024-10-29 16:15:00+00:00
2024-11-11 10:27:13,559 - Long Buy 52.00 shares at 264.22 on 2024-10-29 16:30:00+00:00
2024-11-11 10:27:13,559 - Long Buy 51.00 shares at 264.44 on 2024-10-29 16:45:00+00:00
2024-11-11 10:27:13,559 - Long Buy 50.00 shares at 264.6 on 2024-10-29 17:00:00+00:00
2024-11-11 10:27:13,559 - Long Buy 49.00 shares at 264.08 on 2024-10-29 17:15:00+00:00
2024-11-11 10:27:13,559 - Long Buy 48.00 shares at 263.74 on 2024-10-29 17:30:00+00:00
2024-11-11 10:27:13,559 - Long Buy 47.00 shares at 263.99 on 2024-10-29 17:45:00+00:00
2024-11-11 10:27:13,559 - Long Buy 46.00 shares at 263.41 on 2024-10-29 18:00:00+00:00
2024-11-11 10:27:13,559 - Long Buy 45.00 shares at 263.57 on 2024-10-29 18:15:00+00:00
2024-11-11 10:27:13,559 - Long Buy 44.00 shares at 263.6 on 2024-10-29 18:30:00+00:00
2024-11-11 10:27:13,559 - Long Buy 43.00 shares at 263.38 on 2024-10-29 18:45:00+00:00
2024-11-11 10:27:13,559 - Sell to close 1603.00 shares at 263.44 on 2024-10-29 19:00:00+00:00 (Exit: Signal, Profit: -2340.219999999943, Duration: 1500.0 minutes)
2024-11-11 10:27:13,559 - Short Sell 74.00 shares at 263.74 on 2024-10-29 19:15:00+00:00
2024-11-11 10:27:13,559 - Buy to cover -74.00 shares at 262.98 on 2024-10-29 19:45:00+00:00 (Exit: Signal, Profit: 56.23999999999933, Duration: 30.0 minutes)
2024-11-11 10:27:13,559 - Short Sell 74.00 shares at 263.71 on 2024-10-30 13:30:00+00:00
2024-11-11 10:27:13,559 - Short Sell 74.00 shares at 264.91 on 2024-10-30 13:45:00+00:00
2024-11-11 10:27:13,559 - Short Sell 74.00 shares at 264.84 on 2024-10-30 14:00:00+00:00
2024-11-11 10:27:13,559 - Short Sell 74.00 shares at 264.84 on 2024-10-30 14:15:00+00:00
2024-11-11 10:27:13,559 - Short Sell 74.00 shares at 264.5 on 2024-10-30 14:30:00+00:00
2024-11-11 10:27:13,559 - Short Sell 74.00 shares at 264.44 on 2024-10-30 14:45:00+00:00
2024-11-11 10:27:13,559 - Short Sell 74.00 shares at 263.97 on 2024-10-30 15:00:00+00:00
2024-11-11 10:27:13,559 - Short Sell 74.00 shares at 264.13 on 2024-10-30 15:30:00+00:00
2024-11-11 10:27:13,560 - Short Sell 74.00 shares at 263.85 on 2024-10-30 15:45:00+00:00
2024-11-11 10:27:13,560 - Buy to cover -666.00 shares at 262.94 on 2024-10-30 16:30:00+00:00 (Exit: Signal, Profit: 942.0199999999887, Duration: 180.0 minutes)
2024-11-11 10:27:13,560 - Long Buy 75.00 shares at 262.73 on 2024-10-30 16:45:00+00:00
2024-11-11 10:27:13,560 - Long Buy 73.00 shares at 262.97 on 2024-10-30 17:00:00+00:00
2024-11-11 10:27:13,560 - Long Buy 72.00 shares at 262.58 on 2024-10-30 17:15:00+00:00
2024-11-11 10:27:13,560 - Long Buy 70.00 shares at 262.04 on 2024-10-30 17:30:00+00:00
2024-11-11 10:27:13,560 - Long Buy 69.00 shares at 262.02 on 2024-10-30 17:45:00+00:00
2024-11-11 10:27:13,560 - Long Buy 68.00 shares at 262.62 on 2024-10-30 18:00:00+00:00
2024-11-11 10:27:13,560 - Long Buy 66.00 shares at 262.14 on 2024-10-30 18:15:00+00:00
2024-11-11 10:27:13,560 - Long Buy 65.00 shares at 261.88 on 2024-10-30 18:30:00+00:00
2024-11-11 10:27:13,560 - Long Buy 64.00 shares at 261.73 on 2024-10-30 18:45:00+00:00
2024-11-11 10:27:13,560 - Long Buy 63.00 shares at 261.35 on 2024-10-30 19:00:00+00:00
2024-11-11 10:27:13,560 - Long Buy 61.00 shares at 261.32 on 2024-10-30 19:15:00+00:00
2024-11-11 10:27:13,560 - Long Buy 60.00 shares at 261.49 on 2024-10-30 19:30:00+00:00
2024-11-11 10:27:13,560 - Long Buy 59.00 shares at 261.49 on 2024-10-30 19:45:00+00:00
2024-11-11 10:27:13,560 - Sell to close 865.00 shares at 262.3 on 2024-10-31 13:30:00+00:00 (Exit: Signal, Profit: 204.80000000004907, Duration: 1245.0 minutes)
2024-11-11 10:27:13,560 - Short Sell 75.00 shares at 263.25 on 2024-10-31 13:45:00+00:00
2024-11-11 10:27:13,560 - Short Sell 75.00 shares at 262.42 on 2024-10-31 14:00:00+00:00
2024-11-11 10:27:13,560 - Short Sell 75.00 shares at 261.94 on 2024-10-31 14:15:00+00:00
2024-11-11 10:27:13,560 - Short Sell 75.00 shares at 262.04 on 2024-10-31 14:30:00+00:00
2024-11-11 10:27:13,560 - Short Sell 75.00 shares at 261.69 on 2024-10-31 14:45:00+00:00
2024-11-11 10:27:13,560 - Short Sell 75.00 shares at 261.87 on 2024-10-31 16:00:00+00:00
2024-11-11 10:27:13,561 - Short Sell 75.00 shares at 261.84 on 2024-10-31 16:15:00+00:00
2024-11-11 10:27:13,561 - Short Sell 75.00 shares at 261.79 on 2024-10-31 16:30:00+00:00
2024-11-11 10:27:13,561 - Short Sell 75.00 shares at 261.9 on 2024-10-31 16:45:00+00:00
2024-11-11 10:27:13,561 - Short Sell 75.00 shares at 262.36 on 2024-10-31 17:00:00+00:00
2024-11-11 10:27:13,561 - Short Sell 75.00 shares at 262.14 on 2024-10-31 17:15:00+00:00
2024-11-11 10:27:13,561 - Short Sell 75.00 shares at 262.33 on 2024-10-31 17:30:00+00:00
2024-11-11 10:27:13,561 - Short Sell 75.00 shares at 262.43 on 2024-10-31 17:45:00+00:00
2024-11-11 10:27:13,561 - Short Sell 75.00 shares at 262.4 on 2024-10-31 18:00:00+00:00
2024-11-11 10:27:13,561 - Short Sell 75.00 shares at 262.78 on 2024-10-31 18:15:00+00:00
2024-11-11 10:27:13,561 - Short Sell 75.00 shares at 262.69 on 2024-10-31 18:30:00+00:00
2024-11-11 10:27:13,561 - Short Sell 75.00 shares at 262.46 on 2024-10-31 18:45:00+00:00
2024-11-11 10:27:13,561 - Short Sell 75.00 shares at 262.37 on 2024-10-31 19:00:00+00:00
2024-11-11 10:27:13,561 - Short Sell 75.00 shares at 262.92 on 2024-10-31 19:15:00+00:00
2024-11-11 10:27:13,561 - Short Sell 74.00 shares at 263.16 on 2024-10-31 19:30:00+00:00
2024-11-11 10:27:13,561 - Short Sell 75.00 shares at 261.95 on 2024-10-31 19:45:00+00:00
2024-11-11 10:27:13,561 - Short Sell 73.00 shares at 266.0 on 2024-11-01 13:30:00+00:00
2024-11-11 10:27:13,561 - Short Sell 74.00 shares at 264.29 on 2024-11-01 13:45:00+00:00
2024-11-11 10:27:13,561 - Short Sell 74.00 shares at 265.2 on 2024-11-01 14:00:00+00:00
2024-11-11 10:27:13,561 - Short Sell 73.00 shares at 265.59 on 2024-11-01 14:15:00+00:00
2024-11-11 10:27:13,561 - Buy to cover -1868.00 shares at 265.03 on 2024-11-01 14:30:00+00:00 (Exit: Signal, Profit: -4196.120000000033, Duration: 1485.0 minutes)
2024-11-11 10:27:13,561 - Long Buy 74.00 shares at 264.75 on 2024-11-01 14:45:00+00:00
2024-11-11 10:27:13,561 - Long Buy 72.00 shares at 264.5 on 2024-11-01 15:00:00+00:00
2024-11-11 10:27:13,561 - Long Buy 71.00 shares at 264.26 on 2024-11-01 15:15:00+00:00
2024-11-11 10:27:13,561 - Long Buy 70.00 shares at 263.66 on 2024-11-01 15:30:00+00:00
2024-11-11 10:27:13,561 - Long Buy 68.00 shares at 263.22 on 2024-11-01 15:45:00+00:00
2024-11-11 10:27:13,561 - Long Buy 67.00 shares at 263.39 on 2024-11-01 16:00:00+00:00
2024-11-11 10:27:13,561 - Long Buy 66.00 shares at 263.19 on 2024-11-01 16:15:00+00:00
2024-11-11 10:27:13,561 - Long Buy 65.00 shares at 262.84 on 2024-11-01 16:30:00+00:00
2024-11-11 10:27:13,562 - Long Buy 63.00 shares at 263.29 on 2024-11-01 16:45:00+00:00
2024-11-11 10:27:13,562 - Long Buy 62.00 shares at 263.1 on 2024-11-01 17:00:00+00:00
2024-11-11 10:27:13,562 - Long Buy 61.00 shares at 263.01 on 2024-11-01 17:15:00+00:00
2024-11-11 10:27:13,562 - Long Buy 60.00 shares at 262.03 on 2024-11-01 17:30:00+00:00
2024-11-11 10:27:13,562 - Long Buy 58.00 shares at 262.26 on 2024-11-01 17:45:00+00:00
2024-11-11 10:27:13,562 - Long Buy 57.00 shares at 262.05 on 2024-11-01 18:00:00+00:00
2024-11-11 10:27:13,562 - Long Buy 56.00 shares at 262.38 on 2024-11-01 18:15:00+00:00
2024-11-11 10:27:13,562 - Long Buy 55.00 shares at 262.49 on 2024-11-01 18:30:00+00:00
2024-11-11 10:27:13,562 - Long Buy 54.00 shares at 262.69 on 2024-11-01 18:45:00+00:00
2024-11-11 10:27:13,562 - Long Buy 53.00 shares at 262.78 on 2024-11-01 19:00:00+00:00
2024-11-11 10:27:13,562 - Long Buy 52.00 shares at 262.36 on 2024-11-01 19:15:00+00:00
2024-11-11 10:27:13,562 - Long Buy 51.00 shares at 261.89 on 2024-11-01 19:30:00+00:00
2024-11-11 10:27:13,562 - Long Buy 50.00 shares at 261.93 on 2024-11-01 19:45:00+00:00
2024-11-11 10:27:13,562 - Long Buy 48.00 shares at 264.02 on 2024-11-04 14:30:00+00:00
2024-11-11 10:27:13,562 - Sell to close 1333.00 shares at 267.24 on 2024-11-04 14:45:00+00:00 (Exit: Signal, Profit: 5551.319999999962, Duration: 4320.0 minutes)
2024-11-11 10:27:13,562 - Short Sell 74.00 shares at 266.5 on 2024-11-04 15:00:00+00:00
2024-11-11 10:27:13,562 - Short Sell 74.00 shares at 267.25 on 2024-11-04 15:15:00+00:00
2024-11-11 10:27:13,562 - Short Sell 74.00 shares at 266.62 on 2024-11-04 15:30:00+00:00
2024-11-11 10:27:13,562 - Short Sell 74.00 shares at 266.43 on 2024-11-04 15:45:00+00:00
2024-11-11 10:27:13,562 - Short Sell 74.00 shares at 266.98 on 2024-11-04 16:00:00+00:00
2024-11-11 10:27:13,562 - Short Sell 74.00 shares at 266.08 on 2024-11-04 16:15:00+00:00
2024-11-11 10:27:13,562 - Buy to cover -444.00 shares at 265.19 on 2024-11-04 16:30:00+00:00 (Exit: Signal, Profit: 645.2800000000188, Duration: 90.0 minutes)
2024-11-11 10:27:13,562 - Long Buy 74.00 shares at 265.18 on 2024-11-04 16:45:00+00:00
2024-11-11 10:27:13,562 - Long Buy 73.00 shares at 264.9 on 2024-11-04 17:00:00+00:00
2024-11-11 10:27:13,562 - Long Buy 71.00 shares at 265.76 on 2024-11-04 17:15:00+00:00
2024-11-11 10:27:13,562 - Long Buy 70.00 shares at 265.66 on 2024-11-04 17:30:00+00:00
2024-11-11 10:27:13,563 - Long Buy 68.00 shares at 265.82 on 2024-11-04 17:45:00+00:00
2024-11-11 10:27:13,563 - Long Buy 67.00 shares at 265.73 on 2024-11-04 18:00:00+00:00
2024-11-11 10:27:13,563 - Long Buy 66.00 shares at 265.74 on 2024-11-04 18:15:00+00:00
2024-11-11 10:27:13,563 - Long Buy 64.00 shares at 265.74 on 2024-11-04 18:30:00+00:00
2024-11-11 10:27:13,563 - Long Buy 63.00 shares at 265.21 on 2024-11-04 18:45:00+00:00
2024-11-11 10:27:13,563 - Long Buy 62.00 shares at 265.19 on 2024-11-04 19:00:00+00:00
2024-11-11 10:27:13,563 - Long Buy 61.00 shares at 265.08 on 2024-11-04 19:15:00+00:00
2024-11-11 10:27:13,563 - Long Buy 59.00 shares at 265.42 on 2024-11-04 19:30:00+00:00
2024-11-11 10:27:13,563 - Long Buy 58.00 shares at 265.11 on 2024-11-04 19:45:00+00:00
2024-11-11 10:27:13,563 - Long Buy 57.00 shares at 264.91 on 2024-11-04 20:00:00+00:00
2024-11-11 10:27:13,563 - Long Buy 56.00 shares at 265.0 on 2024-11-04 20:15:00+00:00
2024-11-11 10:27:13,563 - Long Buy 55.00 shares at 265.15 on 2024-11-04 20:30:00+00:00
2024-11-11 10:27:13,563 - Long Buy 54.00 shares at 265.13 on 2024-11-04 20:45:00+00:00
2024-11-11 10:27:13,563 - Sell to close 1078.00 shares at 266.86 on 2024-11-05 14:30:00+00:00 (Exit: Signal, Profit: 1626.8400000000036, Duration: 1305.0 minutes)
2024-11-11 10:27:13,563 - Short Sell 74.00 shares at 266.6 on 2024-11-05 14:45:00+00:00
2024-11-11 10:27:13,563 - Short Sell 74.00 shares at 267.69 on 2024-11-05 15:00:00+00:00
2024-11-11 10:27:13,563 - Short Sell 74.00 shares at 267.35 on 2024-11-05 15:15:00+00:00
2024-11-11 10:27:13,563 - Short Sell 74.00 shares at 267.53 on 2024-11-05 15:30:00+00:00
2024-11-11 10:27:13,563 - Short Sell 74.00 shares at 266.84 on 2024-11-05 15:45:00+00:00
2024-11-11 10:27:13,563 - Short Sell 74.00 shares at 267.03 on 2024-11-05 16:00:00+00:00
2024-11-11 10:27:13,563 - Short Sell 74.00 shares at 266.89 on 2024-11-05 16:15:00+00:00
2024-11-11 10:27:13,563 - Short Sell 74.00 shares at 267.21 on 2024-11-05 16:30:00+00:00
2024-11-11 10:27:13,563 - Short Sell 74.00 shares at 267.24 on 2024-11-05 16:45:00+00:00
2024-11-11 10:27:13,563 - Short Sell 74.00 shares at 266.99 on 2024-11-05 17:00:00+00:00
2024-11-11 10:27:13,563 - Short Sell 74.00 shares at 267.26 on 2024-11-05 17:15:00+00:00
2024-11-11 10:27:13,563 - Short Sell 74.00 shares at 267.75 on 2024-11-05 17:30:00+00:00
2024-11-11 10:27:13,563 - Short Sell 74.00 shares at 267.75 on 2024-11-05 17:45:00+00:00
2024-11-11 10:27:13,563 - Short Sell 73.00 shares at 267.8 on 2024-11-05 18:00:00+00:00
2024-11-11 10:27:13,564 - Short Sell 73.00 shares at 267.8 on 2024-11-05 18:15:00+00:00
2024-11-11 10:27:13,564 - Short Sell 73.00 shares at 267.98 on 2024-11-05 18:30:00+00:00
2024-11-11 10:27:13,564 - Short Sell 73.00 shares at 267.91 on 2024-11-05 18:45:00+00:00
2024-11-11 10:27:13,564 - Short Sell 73.00 shares at 268.05 on 2024-11-05 19:00:00+00:00
2024-11-11 10:27:13,564 - Short Sell 73.00 shares at 268.04 on 2024-11-05 19:15:00+00:00
2024-11-11 10:27:13,564 - Short Sell 73.00 shares at 268.31 on 2024-11-05 19:30:00+00:00
2024-11-11 10:27:13,564 - Short Sell 73.00 shares at 268.03 on 2024-11-05 19:45:00+00:00
2024-11-11 10:27:13,564 - Short Sell 73.00 shares at 268.44 on 2024-11-05 20:00:00+00:00
2024-11-11 10:27:13,564 - Short Sell 73.00 shares at 268.39 on 2024-11-05 20:15:00+00:00
2024-11-11 10:27:13,564 - Short Sell 73.00 shares at 268.49 on 2024-11-05 20:30:00+00:00
2024-11-11 10:27:13,564 - Short Sell 73.00 shares at 269.24 on 2024-11-05 20:45:00+00:00
2024-11-11 10:27:13,564 - Buy to cover -1838.00 shares at 260.67 on 2024-11-06 14:30:00+00:00 (Exit: Signal, Profit: 12923.200000000075, Duration: 1425.0 minutes)
2024-11-11 10:27:13,564 - Long Buy 76.00 shares at 261.14 on 2024-11-06 14:45:00+00:00
2024-11-11 10:27:13,564 - Long Buy 75.00 shares at 260.4 on 2024-11-06 15:00:00+00:00
2024-11-11 10:27:13,564 - Long Buy 74.00 shares at 260.46 on 2024-11-06 15:15:00+00:00
2024-11-11 10:27:13,564 - Long Buy 73.00 shares at 258.68 on 2024-11-06 15:30:00+00:00
2024-11-11 10:27:13,564 - Long Buy 71.00 shares at 257.55 on 2024-11-06 15:45:00+00:00
2024-11-11 10:27:13,564 - Long Buy 70.00 shares at 258.84 on 2024-11-06 16:00:00+00:00
2024-11-11 10:27:13,564 - Long Buy 68.00 shares at 259.37 on 2024-11-06 16:15:00+00:00
2024-11-11 10:27:13,564 - Long Buy 67.00 shares at 259.87 on 2024-11-06 16:30:00+00:00
2024-11-11 10:27:13,564 - Long Buy 65.00 shares at 259.58 on 2024-11-06 16:45:00+00:00
2024-11-11 10:27:13,564 - Long Buy 64.00 shares at 259.2 on 2024-11-06 17:00:00+00:00
2024-11-11 10:27:13,564 - Long Buy 63.00 shares at 258.68 on 2024-11-06 17:15:00+00:00
2024-11-11 10:27:13,564 - Long Buy 62.00 shares at 258.73 on 2024-11-06 17:30:00+00:00
2024-11-11 10:27:13,564 - Long Buy 60.00 shares at 258.88 on 2024-11-06 17:45:00+00:00
2024-11-11 10:27:13,564 - Long Buy 59.00 shares at 258.6 on 2024-11-06 18:00:00+00:00
2024-11-11 10:27:13,564 - Long Buy 58.00 shares at 259.31 on 2024-11-06 18:15:00+00:00
2024-11-11 10:27:13,564 - Long Buy 57.00 shares at 258.98 on 2024-11-06 18:30:00+00:00
2024-11-11 10:27:13,565 - Sell to close 1062.00 shares at 259.77 on 2024-11-06 18:45:00+00:00 (Exit: Signal, Profit: 496.47999999995125, Duration: 240.0 minutes)
2024-11-11 10:27:13,565 - Short Sell 77.00 shares at 259.95 on 2024-11-06 19:00:00+00:00
2024-11-11 10:27:13,565 - Short Sell 77.00 shares at 259.87 on 2024-11-06 19:15:00+00:00
2024-11-11 10:27:13,565 - Short Sell 76.00 shares at 261.0 on 2024-11-06 19:30:00+00:00
2024-11-11 10:27:13,565 - Short Sell 77.00 shares at 260.57 on 2024-11-06 19:45:00+00:00
2024-11-11 10:27:13,565 - Short Sell 76.00 shares at 261.13 on 2024-11-06 20:00:00+00:00
2024-11-11 10:27:13,565 - Short Sell 76.00 shares at 262.08 on 2024-11-06 20:15:00+00:00
2024-11-11 10:27:13,565 - Short Sell 76.00 shares at 262.35 on 2024-11-06 20:30:00+00:00
2024-11-11 10:27:13,565 - Short Sell 76.00 shares at 261.67 on 2024-11-06 20:45:00+00:00
2024-11-11 10:27:13,565 - Short Sell 75.00 shares at 264.77 on 2024-11-07 14:30:00+00:00
2024-11-11 10:27:13,565 - Short Sell 75.00 shares at 265.99 on 2024-11-07 14:45:00+00:00
2024-11-11 10:27:13,565 - Short Sell 75.00 shares at 265.49 on 2024-11-07 15:00:00+00:00
2024-11-11 10:27:13,565 - Short Sell 75.00 shares at 266.28 on 2024-11-07 15:15:00+00:00
2024-11-11 10:27:13,565 - Short Sell 75.00 shares at 266.66 on 2024-11-07 15:30:00+00:00
2024-11-11 10:27:13,565 - Short Sell 75.00 shares at 265.26 on 2024-11-07 15:45:00+00:00
2024-11-11 10:27:13,565 - Short Sell 75.00 shares at 264.61 on 2024-11-07 16:00:00+00:00
2024-11-11 10:27:13,565 - Short Sell 75.00 shares at 264.19 on 2024-11-07 16:15:00+00:00
2024-11-11 10:27:13,565 - Short Sell 75.00 shares at 264.41 on 2024-11-07 16:30:00+00:00
2024-11-11 10:27:13,565 - Short Sell 75.00 shares at 264.17 on 2024-11-07 16:45:00+00:00
2024-11-11 10:27:13,565 - Short Sell 75.00 shares at 265.13 on 2024-11-07 17:00:00+00:00
2024-11-11 10:27:13,565 - Short Sell 75.00 shares at 264.96 on 2024-11-07 17:15:00+00:00
2024-11-11 10:27:13,565 - Short Sell 75.00 shares at 264.98 on 2024-11-07 17:30:00+00:00
2024-11-11 10:27:13,565 - Short Sell 75.00 shares at 264.95 on 2024-11-07 17:45:00+00:00
2024-11-11 10:27:13,565 - Short Sell 75.00 shares at 264.97 on 2024-11-07 18:00:00+00:00
2024-11-11 10:27:13,565 - Short Sell 75.00 shares at 265.01 on 2024-11-07 18:15:00+00:00
2024-11-11 10:27:13,565 - Short Sell 75.00 shares at 264.99 on 2024-11-07 18:30:00+00:00
2024-11-11 10:27:13,565 - Short Sell 75.00 shares at 264.78 on 2024-11-07 18:45:00+00:00
2024-11-11 10:27:13,566 - Short Sell 76.00 shares at 264.0 on 2024-11-07 19:00:00+00:00
2024-11-11 10:27:13,566 - Short Sell 75.00 shares at 264.42 on 2024-11-07 19:15:00+00:00
2024-11-11 10:27:13,566 - Short Sell 75.00 shares at 264.84 on 2024-11-07 19:30:00+00:00
2024-11-11 10:27:13,566 - Short Sell 75.00 shares at 265.64 on 2024-11-07 19:45:00+00:00
2024-11-11 10:27:13,566 - Short Sell 75.00 shares at 266.28 on 2024-11-07 20:00:00+00:00
2024-11-11 10:27:13,566 - Short Sell 75.00 shares at 266.17 on 2024-11-07 20:15:00+00:00
2024-11-11 10:27:13,566 - Short Sell 74.00 shares at 266.46 on 2024-11-07 20:30:00+00:00
2024-11-11 10:27:13,566 - Short Sell 75.00 shares at 266.31 on 2024-11-07 20:45:00+00:00
2024-11-11 10:27:13,566 - Buy to cover -2561.00 shares at 269.06 on 2024-11-08 14:30:00+00:00 (Exit: Stop_loss, Profit: -12370.610000000124, Duration: 2610.0 minutes)
2024-11-11 10:27:13,568 - Final statisticsStock: LOW, 
total_trades: 33, 
winning_trades: 27, 
losing_trades: 6, 
average_return: 0.0015095732472442656, 
average_duration: 933.6363636363636, 
final_balance: 992348.0299999987, 
final_portfolio_value: 992348.0299999987, 
sharpe_ratio: 11.060554769815855, 



