2024-11-10 21:29:38,207 - Starting GBMStrategy with initial capital: 1000000
2024-11-10 21:29:38,207 - Hyperparameters: {'threshold': 0.5, 'time_periods': 15, 'num_simulations': 150}
2024-11-10 21:36:52,860 - Short Sell 211.00 shares at 94.6 on 2024-10-10 17:15:00+00:00
2024-11-10 21:36:52,861 - Short Sell 211.00 shares at 94.59 on 2024-10-10 17:30:00+00:00
2024-11-10 21:36:52,862 - Short Sell 211.00 shares at 94.59 on 2024-10-10 17:45:00+00:00
2024-11-10 21:36:52,862 - Short Sell 211.00 shares at 94.53 on 2024-10-10 18:15:00+00:00
2024-11-10 21:36:52,862 - Short Sell 211.00 shares at 94.69 on 2024-10-10 18:45:00+00:00
2024-11-10 21:36:52,862 - Short Sell 211.00 shares at 94.62 on 2024-10-10 19:00:00+00:00
2024-11-10 21:36:52,862 - Short Sell 211.00 shares at 94.59 on 2024-10-10 19:30:00+00:00
2024-11-10 21:36:52,862 - Short Sell 211.00 shares at 94.64 on 2024-10-10 19:45:00+00:00
2024-11-10 21:36:52,862 - Short Sell 211.00 shares at 94.57 on 2024-10-11 13:30:00+00:00
2024-11-10 21:36:52,862 - Short Sell 210.00 shares at 94.77 on 2024-10-11 13:45:00+00:00
2024-11-10 21:36:52,862 - Short Sell 210.00 shares at 94.88 on 2024-10-11 14:00:00+00:00
2024-11-10 21:36:52,862 - Short Sell 210.00 shares at 94.77 on 2024-10-11 14:15:00+00:00
2024-11-10 21:36:52,862 - Buy to cover -2529.00 shares at 94.7 on 2024-10-11 14:30:00+00:00 (Exit: Signal, Profit: -118.47999999999422, Duration: 1275.0 minutes)
2024-11-10 21:36:52,862 - Long Buy 211.00 shares at 94.65 on 2024-10-11 14:45:00+00:00
2024-11-10 21:36:52,862 - Long Buy 207.00 shares at 94.49 on 2024-10-11 15:15:00+00:00
2024-11-10 21:36:52,862 - Long Buy 203.00 shares at 94.53 on 2024-10-11 15:30:00+00:00
2024-11-10 21:36:52,862 - Long Buy 199.00 shares at 94.34 on 2024-10-11 15:45:00+00:00
2024-11-10 21:36:52,862 - Long Buy 195.00 shares at 94.15 on 2024-10-11 16:00:00+00:00
2024-11-10 21:36:52,862 - Long Buy 191.00 shares at 94.32 on 2024-10-11 16:15:00+00:00
2024-11-10 21:36:52,862 - Long Buy 188.00 shares at 94.18 on 2024-10-11 16:30:00+00:00
2024-11-10 21:36:52,862 - Long Buy 184.00 shares at 94.25 on 2024-10-11 16:45:00+00:00
2024-11-10 21:36:52,863 - Long Buy 180.00 shares at 94.25 on 2024-10-11 17:00:00+00:00
2024-11-10 21:36:52,863 - Long Buy 176.00 shares at 94.3 on 2024-10-11 17:15:00+00:00
2024-11-10 21:36:52,863 - Long Buy 173.00 shares at 94.27 on 2024-10-11 17:30:00+00:00
2024-11-10 21:36:52,863 - Long Buy 170.00 shares at 94.2 on 2024-10-11 17:45:00+00:00
2024-11-10 21:36:52,863 - Long Buy 166.00 shares at 94.04 on 2024-10-11 18:00:00+00:00
2024-11-10 21:36:52,863 - Long Buy 163.00 shares at 93.99 on 2024-10-11 18:15:00+00:00
2024-11-10 21:36:52,863 - Long Buy 160.00 shares at 94.0 on 2024-10-11 18:30:00+00:00
2024-11-10 21:36:52,863 - Sell to close 2766.00 shares at 94.08 on 2024-10-11 18:45:00+00:00 (Exit: Signal, Profit: -546.2799999999977, Duration: 240.0 minutes)
2024-11-10 21:36:52,863 - Short Sell 212.00 shares at 94.12 on 2024-10-11 19:00:00+00:00
2024-11-10 21:36:52,863 - Buy to cover -212.00 shares at 93.8 on 2024-10-11 19:45:00+00:00 (Exit: Signal, Profit: 67.84000000000157, Duration: 45.0 minutes)
2024-11-10 21:36:52,863 - Long Buy 213.00 shares at 93.56 on 2024-10-14 13:30:00+00:00
2024-11-10 21:36:52,863 - Long Buy 209.00 shares at 93.47 on 2024-10-14 13:45:00+00:00
2024-11-10 21:36:52,863 - Long Buy 205.00 shares at 93.62 on 2024-10-14 14:00:00+00:00
2024-11-10 21:36:52,863 - Long Buy 201.00 shares at 93.15 on 2024-10-14 14:15:00+00:00
2024-11-10 21:36:52,863 - Long Buy 197.00 shares at 93.44 on 2024-10-14 14:30:00+00:00
2024-11-10 21:36:52,863 - Long Buy 193.00 shares at 93.34 on 2024-10-14 14:45:00+00:00
2024-11-10 21:36:52,863 - Long Buy 189.00 shares at 93.31 on 2024-10-14 15:00:00+00:00
2024-11-10 21:36:52,863 - Long Buy 186.00 shares at 93.31 on 2024-10-14 15:15:00+00:00
2024-11-10 21:36:52,863 - Sell to close 1593.00 shares at 93.36 on 2024-10-14 15:30:00+00:00 (Exit: Signal, Profit: -69.83000000000769, Duration: 120.0 minutes)
2024-11-10 21:36:52,863 - Long Buy 214.00 shares at 93.14 on 2024-10-14 15:45:00+00:00
2024-11-10 21:36:52,863 - Long Buy 210.00 shares at 93.12 on 2024-10-14 16:00:00+00:00
2024-11-10 21:36:52,863 - Long Buy 206.00 shares at 93.03 on 2024-10-14 16:15:00+00:00
2024-11-10 21:36:52,863 - Long Buy 202.00 shares at 93.02 on 2024-10-14 16:30:00+00:00
2024-11-10 21:36:52,863 - Long Buy 198.00 shares at 93.07 on 2024-10-14 16:45:00+00:00
2024-11-10 21:36:52,863 - Long Buy 194.00 shares at 93.04 on 2024-10-14 17:00:00+00:00
2024-11-10 21:36:52,863 - Long Buy 190.00 shares at 93.11 on 2024-10-14 17:15:00+00:00
2024-11-10 21:36:52,863 - Long Buy 186.00 shares at 93.22 on 2024-10-14 17:30:00+00:00
2024-11-10 21:36:52,863 - Long Buy 182.00 shares at 93.0 on 2024-10-14 17:45:00+00:00
2024-11-10 21:36:52,863 - Long Buy 178.00 shares at 93.16 on 2024-10-14 18:00:00+00:00
2024-11-10 21:36:52,863 - Long Buy 175.00 shares at 93.14 on 2024-10-14 18:15:00+00:00
2024-11-10 21:36:52,864 - Long Buy 171.00 shares at 93.13 on 2024-10-14 18:30:00+00:00
2024-11-10 21:36:52,864 - Long Buy 168.00 shares at 93.09 on 2024-10-14 18:45:00+00:00
2024-11-10 21:36:52,864 - Long Buy 165.00 shares at 93.01 on 2024-10-14 19:00:00+00:00
2024-11-10 21:36:52,864 - Sell to close 2639.00 shares at 93.12 on 2024-10-14 19:15:00+00:00 (Exit: Signal, Profit: 75.87999999999475, Duration: 210.0 minutes)
2024-11-10 21:36:52,864 - Short Sell 214.00 shares at 93.16 on 2024-10-14 19:30:00+00:00
2024-11-10 21:36:52,864 - Short Sell 213.00 shares at 93.46 on 2024-10-14 19:45:00+00:00
2024-11-10 21:36:52,864 - Buy to cover -427.00 shares at 92.45 on 2024-10-15 13:30:00+00:00 (Exit: Signal, Profit: 367.06999999999874, Duration: 1080.0 minutes)
2024-11-10 21:36:52,864 - Long Buy 216.00 shares at 92.3 on 2024-10-15 13:45:00+00:00
2024-11-10 21:36:52,864 - Long Buy 211.00 shares at 92.77 on 2024-10-15 14:00:00+00:00
2024-11-10 21:36:52,864 - Long Buy 207.00 shares at 92.74 on 2024-10-15 14:15:00+00:00
2024-11-10 21:36:52,864 - Long Buy 202.00 shares at 92.74 on 2024-10-15 14:30:00+00:00
2024-11-10 21:36:52,864 - Long Buy 198.00 shares at 92.84 on 2024-10-15 14:45:00+00:00
2024-11-10 21:36:52,864 - Long Buy 195.00 shares at 92.68 on 2024-10-15 15:00:00+00:00
2024-11-10 21:36:52,864 - Long Buy 191.00 shares at 92.62 on 2024-10-15 15:15:00+00:00
2024-11-10 21:36:52,864 - Long Buy 187.00 shares at 92.69 on 2024-10-15 15:30:00+00:00
2024-11-10 21:36:52,864 - Long Buy 183.00 shares at 92.52 on 2024-10-15 15:45:00+00:00
2024-11-10 21:36:52,864 - Long Buy 180.00 shares at 92.56 on 2024-10-15 16:00:00+00:00
2024-11-10 21:36:52,864 - Long Buy 176.00 shares at 92.59 on 2024-10-15 16:15:00+00:00
2024-11-10 21:36:52,864 - Sell to close 2146.00 shares at 92.62 on 2024-10-15 16:30:00+00:00 (Exit: Signal, Profit: -45.57999999999734, Duration: 165.0 minutes)
2024-11-10 21:36:52,864 - Long Buy 216.00 shares at 92.56 on 2024-10-15 16:45:00+00:00
2024-11-10 21:36:52,864 - Long Buy 211.00 shares at 92.54 on 2024-10-15 17:00:00+00:00
2024-11-10 21:36:52,864 - Long Buy 207.00 shares at 92.47 on 2024-10-15 17:15:00+00:00
2024-11-10 21:36:52,864 - Sell to close 634.00 shares at 92.64 on 2024-10-15 17:30:00+00:00 (Exit: Signal, Profit: 73.56999999999488, Duration: 45.0 minutes)
2024-11-10 21:36:52,864 - Long Buy 216.00 shares at 92.5 on 2024-10-15 18:00:00+00:00
2024-11-10 21:36:52,864 - Long Buy 212.00 shares at 92.38 on 2024-10-15 18:15:00+00:00
2024-11-10 21:36:52,864 - Long Buy 207.00 shares at 92.38 on 2024-10-15 18:30:00+00:00
2024-11-10 21:36:52,864 - Long Buy 203.00 shares at 92.44 on 2024-10-15 18:45:00+00:00
2024-11-10 21:36:52,864 - Long Buy 199.00 shares at 92.29 on 2024-10-15 19:00:00+00:00
2024-11-10 21:36:52,864 - Long Buy 196.00 shares at 92.05 on 2024-10-15 19:15:00+00:00
2024-11-10 21:36:52,864 - Long Buy 192.00 shares at 92.15 on 2024-10-15 19:30:00+00:00
2024-11-10 21:36:52,864 - Long Buy 188.00 shares at 92.07 on 2024-10-15 19:45:00+00:00
2024-11-10 21:36:52,865 - Long Buy 184.00 shares at 92.49 on 2024-10-16 13:30:00+00:00
2024-11-10 21:36:52,865 - Sell to close 1797.00 shares at 92.7 on 2024-10-16 13:45:00+00:00 (Exit: Signal, Profit: 701.7299999999625, Duration: 1185.0 minutes)
2024-11-10 21:36:52,865 - Short Sell 216.00 shares at 92.61 on 2024-10-16 14:00:00+00:00
2024-11-10 21:36:52,865 - Short Sell 216.00 shares at 92.56 on 2024-10-16 14:15:00+00:00
2024-11-10 21:36:52,865 - Buy to cover -432.00 shares at 92.3 on 2024-10-16 14:30:00+00:00 (Exit: Signal, Profit: 123.12000000000467, Duration: 30.0 minutes)
2024-11-10 21:36:52,865 - Long Buy 217.00 shares at 92.17 on 2024-10-16 15:00:00+00:00
2024-11-10 21:36:52,865 - Long Buy 212.00 shares at 92.16 on 2024-10-16 15:15:00+00:00
2024-11-10 21:36:52,865 - Long Buy 208.00 shares at 92.24 on 2024-10-16 15:30:00+00:00
2024-11-10 21:36:52,865 - Long Buy 204.00 shares at 92.0 on 2024-10-16 15:45:00+00:00
2024-11-10 21:36:52,865 - Long Buy 200.00 shares at 91.98 on 2024-10-16 16:00:00+00:00
2024-11-10 21:36:52,865 - Long Buy 196.00 shares at 91.94 on 2024-10-16 16:15:00+00:00
2024-11-10 21:36:52,865 - Long Buy 192.00 shares at 91.95 on 2024-10-16 16:30:00+00:00
2024-11-10 21:36:52,865 - Long Buy 189.00 shares at 91.87 on 2024-10-16 16:45:00+00:00
2024-11-10 21:36:52,865 - Long Buy 185.00 shares at 92.06 on 2024-10-16 17:00:00+00:00
2024-11-10 21:36:52,865 - Long Buy 181.00 shares at 92.03 on 2024-10-16 17:15:00+00:00
2024-11-10 21:36:52,865 - Sell to close 1984.00 shares at 92.15 on 2024-10-16 17:30:00+00:00 (Exit: Signal, Profit: 210.27000000001317, Duration: 150.0 minutes)
2024-11-10 21:36:52,865 - Short Sell 217.00 shares at 92.1 on 2024-10-16 17:45:00+00:00
2024-11-10 21:36:52,865 - Short Sell 217.00 shares at 92.12 on 2024-10-16 18:00:00+00:00
2024-11-10 21:36:52,865 - Buy to cover -434.00 shares at 91.93 on 2024-10-16 18:15:00+00:00 (Exit: Signal, Profit: 78.11999999999679, Duration: 30.0 minutes)
2024-11-10 21:36:52,865 - Long Buy 218.00 shares at 91.81 on 2024-10-16 18:30:00+00:00
2024-11-10 21:36:52,865 - Long Buy 213.00 shares at 91.76 on 2024-10-16 18:45:00+00:00
2024-11-10 21:36:52,865 - Long Buy 209.00 shares at 91.7 on 2024-10-16 19:00:00+00:00
2024-11-10 21:36:52,865 - Long Buy 205.00 shares at 91.76 on 2024-10-16 19:15:00+00:00
2024-11-10 21:36:52,865 - Long Buy 201.00 shares at 91.79 on 2024-10-16 19:30:00+00:00
2024-11-10 21:36:52,865 - Long Buy 196.00 shares at 91.91 on 2024-10-16 19:45:00+00:00
2024-11-10 21:36:52,865 - Sell to close 1242.00 shares at 92.15 on 2024-10-17 13:30:00+00:00 (Exit: Signal, Profit: 450.5899999999993, Duration: 1140.0 minutes)
2024-11-10 21:36:52,865 - Long Buy 218.00 shares at 91.66 on 2024-10-17 14:15:00+00:00
2024-11-10 21:36:52,865 - Long Buy 214.00 shares at 91.58 on 2024-10-17 14:30:00+00:00
2024-11-10 21:36:52,865 - Long Buy 210.00 shares at 91.51 on 2024-10-17 14:45:00+00:00
2024-11-10 21:36:52,866 - Long Buy 206.00 shares at 91.35 on 2024-10-17 15:00:00+00:00
2024-11-10 21:36:52,866 - Long Buy 202.00 shares at 91.23 on 2024-10-17 15:15:00+00:00
2024-11-10 21:36:52,866 - Long Buy 198.00 shares at 91.41 on 2024-10-17 15:30:00+00:00
2024-11-10 21:36:52,866 - Long Buy 194.00 shares at 91.19 on 2024-10-17 15:45:00+00:00
2024-11-10 21:36:52,866 - Long Buy 190.00 shares at 91.22 on 2024-10-17 16:00:00+00:00
2024-11-10 21:36:52,866 - Long Buy 186.00 shares at 91.23 on 2024-10-17 16:15:00+00:00
2024-11-10 21:36:52,866 - Long Buy 182.00 shares at 91.34 on 2024-10-17 16:30:00+00:00
2024-11-10 21:36:52,866 - Long Buy 178.00 shares at 91.48 on 2024-10-17 16:45:00+00:00
2024-11-10 21:36:52,866 - Long Buy 175.00 shares at 91.34 on 2024-10-17 17:00:00+00:00
2024-11-10 21:36:52,866 - Long Buy 172.00 shares at 91.25 on 2024-10-17 17:15:00+00:00
2024-11-10 21:36:52,866 - Long Buy 169.00 shares at 91.2 on 2024-10-17 17:30:00+00:00
2024-11-10 21:36:52,866 - Long Buy 165.00 shares at 91.29 on 2024-10-17 17:45:00+00:00
2024-11-10 21:36:52,866 - Long Buy 162.00 shares at 91.21 on 2024-10-17 18:00:00+00:00
2024-11-10 21:36:52,866 - Long Buy 159.00 shares at 91.23 on 2024-10-17 18:15:00+00:00
2024-11-10 21:36:52,866 - Long Buy 155.00 shares at 91.21 on 2024-10-17 18:30:00+00:00
2024-11-10 21:36:52,866 - Sell to close 3335.00 shares at 91.26 on 2024-10-17 19:00:00+00:00 (Exit: Signal, Profit: -263.79000000005306, Duration: 285.0 minutes)
2024-11-10 21:36:52,866 - Short Sell 219.00 shares at 91.36 on 2024-10-17 19:15:00+00:00
2024-11-10 21:36:52,866 - Short Sell 219.00 shares at 91.37 on 2024-10-17 19:30:00+00:00
2024-11-10 21:36:52,866 - Short Sell 218.00 shares at 91.55 on 2024-10-17 19:45:00+00:00
2024-11-10 21:36:52,866 - Short Sell 218.00 shares at 91.73 on 2024-10-18 13:30:00+00:00
2024-11-10 21:36:52,866 - Short Sell 219.00 shares at 91.33 on 2024-10-18 13:45:00+00:00
2024-11-10 21:36:52,866 - Buy to cover -1093.00 shares at 90.95 on 2024-10-18 14:00:00+00:00 (Exit: Signal, Profit: 565.8300000000004, Duration: 1125.0 minutes)
2024-11-10 21:36:52,866 - Long Buy 220.00 shares at 90.83 on 2024-10-18 14:15:00+00:00
2024-11-10 21:36:52,866 - Long Buy 215.00 shares at 90.93 on 2024-10-18 14:30:00+00:00
2024-11-10 21:36:52,866 - Long Buy 211.00 shares at 90.98 on 2024-10-18 14:45:00+00:00
2024-11-10 21:36:52,866 - Sell to close 646.00 shares at 91.4 on 2024-10-18 15:30:00+00:00 (Exit: Signal, Profit: 315.0700000000038, Duration: 75.0 minutes)
2024-11-10 21:36:52,866 - Long Buy 219.00 shares at 91.31 on 2024-10-18 15:45:00+00:00
2024-11-10 21:36:52,866 - Sell to close 219.00 shares at 91.42 on 2024-10-18 16:00:00+00:00 (Exit: Signal, Profit: 24.089999999999876, Duration: 15.0 minutes)
2024-11-10 21:36:52,866 - Short Sell 218.00 shares at 91.56 on 2024-10-18 16:15:00+00:00
2024-11-10 21:36:52,866 - Short Sell 218.00 shares at 91.61 on 2024-10-18 17:00:00+00:00
2024-11-10 21:36:52,867 - Short Sell 219.00 shares at 91.51 on 2024-10-18 17:15:00+00:00
2024-11-10 21:36:52,867 - Short Sell 218.00 shares at 91.55 on 2024-10-18 17:30:00+00:00
2024-11-10 21:36:52,867 - Short Sell 219.00 shares at 91.46 on 2024-10-18 17:45:00+00:00
2024-11-10 21:36:52,867 - Short Sell 218.00 shares at 91.71 on 2024-10-18 18:00:00+00:00
2024-11-10 21:36:52,867 - Short Sell 218.00 shares at 91.61 on 2024-10-18 18:15:00+00:00
2024-11-10 21:36:52,867 - Short Sell 219.00 shares at 91.48 on 2024-10-18 18:30:00+00:00
2024-11-10 21:36:52,867 - Short Sell 218.00 shares at 91.55 on 2024-10-18 18:45:00+00:00
2024-11-10 21:36:52,867 - Short Sell 219.00 shares at 91.48 on 2024-10-18 19:00:00+00:00
2024-11-10 21:36:52,867 - Short Sell 219.00 shares at 91.51 on 2024-10-18 19:15:00+00:00
2024-11-10 21:36:52,867 - Short Sell 218.00 shares at 91.55 on 2024-10-18 19:30:00+00:00
2024-11-10 21:36:52,867 - Buy to cover -2621.00 shares at 91.48 on 2024-10-18 19:45:00+00:00 (Exit: Signal, Profit: 178.79999999991807, Duration: 210.0 minutes)
2024-11-10 21:36:52,867 - Long Buy 219.00 shares at 91.39 on 2024-10-21 13:30:00+00:00
2024-11-10 21:36:52,867 - Long Buy 215.00 shares at 90.99 on 2024-10-21 13:45:00+00:00
2024-11-10 21:36:52,867 - Long Buy 212.00 shares at 90.74 on 2024-10-21 14:00:00+00:00
2024-11-10 21:36:52,867 - Long Buy 208.00 shares at 90.42 on 2024-10-21 14:15:00+00:00
2024-11-10 21:36:52,867 - Long Buy 204.00 shares at 90.49 on 2024-10-21 14:30:00+00:00
2024-11-10 21:36:52,867 - Long Buy 200.00 shares at 90.27 on 2024-10-21 14:45:00+00:00
2024-11-10 21:36:52,867 - Long Buy 197.00 shares at 90.13 on 2024-10-21 15:00:00+00:00
2024-11-10 21:36:52,867 - Long Buy 193.00 shares at 90.08 on 2024-10-21 15:15:00+00:00
2024-11-10 21:36:52,867 - Long Buy 189.00 shares at 90.11 on 2024-10-21 15:30:00+00:00
2024-11-10 21:36:52,867 - Long Buy 185.00 shares at 90.07 on 2024-10-21 15:45:00+00:00
2024-11-10 21:36:52,867 - Long Buy 182.00 shares at 89.97 on 2024-10-21 16:00:00+00:00
2024-11-10 21:36:52,867 - Long Buy 178.00 shares at 90.03 on 2024-10-21 16:15:00+00:00
2024-11-10 21:36:52,867 - Long Buy 175.00 shares at 89.8 on 2024-10-21 16:30:00+00:00
2024-11-10 21:36:52,867 - Sell to close 2557.00 shares at 89.91 on 2024-10-21 16:45:00+00:00 (Exit: Signal, Profit: -1185.2600000000207, Duration: 195.0 minutes)
2024-11-10 21:36:52,867 - Short Sell 222.00 shares at 89.97 on 2024-10-21 17:00:00+00:00
2024-11-10 21:36:52,867 - Short Sell 222.00 shares at 89.83 on 2024-10-21 17:15:00+00:00
2024-11-10 21:36:52,867 - Buy to cover -444.00 shares at 89.67 on 2024-10-21 17:45:00+00:00 (Exit: Signal, Profit: 102.11999999999546, Duration: 45.0 minutes)
2024-11-10 21:36:52,867 - Short Sell 222.00 shares at 89.85 on 2024-10-21 18:15:00+00:00
2024-11-10 21:36:52,867 - Short Sell 222.00 shares at 89.87 on 2024-10-21 19:15:00+00:00
2024-11-10 21:36:52,867 - Buy to cover -444.00 shares at 89.73 on 2024-10-21 19:45:00+00:00 (Exit: Signal, Profit: 57.71999999999167, Duration: 90.0 minutes)
2024-11-10 21:36:52,868 - Long Buy 225.00 shares at 88.87 on 2024-10-22 13:30:00+00:00
2024-11-10 21:36:52,868 - Long Buy 220.00 shares at 89.07 on 2024-10-22 13:45:00+00:00
2024-11-10 21:36:52,868 - Long Buy 216.00 shares at 88.98 on 2024-10-22 14:00:00+00:00
2024-11-10 21:36:52,868 - Long Buy 212.00 shares at 88.71 on 2024-10-22 14:15:00+00:00
2024-11-10 21:36:52,868 - Long Buy 207.00 shares at 88.83 on 2024-10-22 14:30:00+00:00
2024-11-10 21:36:52,868 - Long Buy 203.00 shares at 88.91 on 2024-10-22 14:45:00+00:00
2024-11-10 21:36:52,868 - Long Buy 199.00 shares at 88.88 on 2024-10-22 15:00:00+00:00
2024-11-10 21:36:52,868 - Sell to close 1482.00 shares at 89.14 on 2024-10-22 15:15:00+00:00 (Exit: Signal, Profit: 364.4699999999951, Duration: 105.0 minutes)
2024-11-10 21:36:52,868 - Short Sell 224.00 shares at 89.25 on 2024-10-22 16:15:00+00:00
2024-11-10 21:36:52,868 - Short Sell 224.00 shares at 89.37 on 2024-10-22 16:30:00+00:00
2024-11-10 21:36:52,868 - Short Sell 224.00 shares at 89.28 on 2024-10-22 16:45:00+00:00
2024-11-10 21:36:52,868 - Short Sell 224.00 shares at 89.19 on 2024-10-22 17:00:00+00:00
2024-11-10 21:36:52,868 - Short Sell 224.00 shares at 89.14 on 2024-10-22 17:15:00+00:00
2024-11-10 21:36:52,868 - Short Sell 224.00 shares at 89.34 on 2024-10-22 17:30:00+00:00
2024-11-10 21:36:52,868 - Short Sell 224.00 shares at 89.39 on 2024-10-22 17:45:00+00:00
2024-11-10 21:36:52,868 - Short Sell 223.00 shares at 89.42 on 2024-10-22 18:00:00+00:00
2024-11-10 21:36:52,868 - Short Sell 223.00 shares at 89.42 on 2024-10-22 18:15:00+00:00
2024-11-10 21:36:52,868 - Short Sell 223.00 shares at 89.41 on 2024-10-22 19:00:00+00:00
2024-11-10 21:36:52,868 - Short Sell 223.00 shares at 89.45 on 2024-10-22 19:15:00+00:00
2024-11-10 21:36:52,868 - Short Sell 223.00 shares at 89.52 on 2024-10-22 19:30:00+00:00
2024-11-10 21:36:52,868 - Short Sell 223.00 shares at 89.51 on 2024-10-22 19:45:00+00:00
2024-11-10 21:36:52,868 - Buy to cover -2906.00 shares at 88.94 on 2024-10-23 13:30:00+00:00 (Exit: Signal, Profit: 1222.1899999999994, Duration: 1275.0 minutes)
2024-11-10 21:36:52,868 - Long Buy 225.00 shares at 88.84 on 2024-10-23 13:45:00+00:00
2024-11-10 21:36:52,868 - Long Buy 221.00 shares at 88.77 on 2024-10-23 14:00:00+00:00
2024-11-10 21:36:52,868 - Long Buy 216.00 shares at 88.87 on 2024-10-23 14:15:00+00:00
2024-11-10 21:36:52,868 - Long Buy 212.00 shares at 88.89 on 2024-10-23 14:30:00+00:00
2024-11-10 21:36:52,868 - Long Buy 208.00 shares at 88.9 on 2024-10-23 14:45:00+00:00
2024-11-10 21:36:52,869 - Long Buy 204.00 shares at 88.72 on 2024-10-23 15:00:00+00:00
2024-11-10 21:36:52,869 - Long Buy 200.00 shares at 88.56 on 2024-10-23 15:15:00+00:00
2024-11-10 21:36:52,869 - Long Buy 196.00 shares at 88.84 on 2024-10-23 15:30:00+00:00
2024-11-10 21:36:52,869 - Sell to close 1682.00 shares at 88.99 on 2024-10-23 15:45:00+00:00 (Exit: Signal, Profit: 318.6899999999996, Duration: 120.0 minutes)
2024-11-10 21:36:52,869 - Long Buy 225.00 shares at 88.83 on 2024-10-23 16:00:00+00:00
2024-11-10 21:36:52,869 - Long Buy 221.00 shares at 88.84 on 2024-10-23 16:15:00+00:00
2024-11-10 21:36:52,869 - Long Buy 217.00 shares at 88.73 on 2024-10-23 16:30:00+00:00
2024-11-10 21:36:52,869 - Long Buy 212.00 shares at 88.7 on 2024-10-23 16:45:00+00:00
2024-11-10 21:36:52,869 - Long Buy 208.00 shares at 88.59 on 2024-10-23 17:00:00+00:00
2024-11-10 21:36:52,869 - Long Buy 204.00 shares at 88.5 on 2024-10-23 17:15:00+00:00
2024-11-10 21:36:52,869 - Long Buy 200.00 shares at 88.58 on 2024-10-23 17:30:00+00:00
2024-11-10 21:36:52,869 - Long Buy 196.00 shares at 88.5 on 2024-10-23 17:45:00+00:00
2024-11-10 21:36:52,869 - Long Buy 193.00 shares at 88.25 on 2024-10-23 18:00:00+00:00
2024-11-10 21:36:52,869 - Long Buy 189.00 shares at 88.34 on 2024-10-23 18:15:00+00:00
2024-11-10 21:36:52,869 - Long Buy 185.00 shares at 88.46 on 2024-10-23 18:30:00+00:00
2024-11-10 21:36:52,869 - Long Buy 181.00 shares at 88.45 on 2024-10-23 18:45:00+00:00
2024-11-10 21:36:52,869 - Sell to close 2431.00 shares at 88.57 on 2024-10-23 19:00:00+00:00 (Exit: Signal, Profit: -11.31000000002426, Duration: 180.0 minutes)
2024-11-10 21:36:52,869 - Short Sell 226.00 shares at 88.7 on 2024-10-23 19:15:00+00:00
2024-11-10 21:36:52,869 - Short Sell 225.00 shares at 88.78 on 2024-10-23 19:30:00+00:00
2024-11-10 21:36:52,869 - Short Sell 225.00 shares at 88.87 on 2024-10-23 19:45:00+00:00
2024-11-10 21:36:52,869 - Short Sell 226.00 shares at 88.55 on 2024-10-24 13:30:00+00:00
2024-11-10 21:36:52,869 - Buy to cover -902.00 shares at 88.4 on 2024-10-24 13:45:00+00:00 (Exit: Signal, Profit: 292.9499999999899, Duration: 1110.0 minutes)
2024-11-10 21:36:52,869 - Long Buy 227.00 shares at 88.28 on 2024-10-24 14:00:00+00:00
2024-11-10 21:36:52,869 - Long Buy 223.00 shares at 88.18 on 2024-10-24 14:30:00+00:00
2024-11-10 21:36:52,869 - Long Buy 218.00 shares at 88.3 on 2024-10-24 14:45:00+00:00
2024-11-10 21:36:52,869 - Long Buy 213.00 shares at 88.38 on 2024-10-24 15:00:00+00:00
2024-11-10 21:36:52,869 - Long Buy 209.00 shares at 88.19 on 2024-10-24 15:15:00+00:00
2024-11-10 21:36:52,869 - Long Buy 205.00 shares at 88.12 on 2024-10-24 15:30:00+00:00
2024-11-10 21:36:52,869 - Long Buy 201.00 shares at 88.07 on 2024-10-24 15:45:00+00:00
2024-11-10 21:36:52,869 - Long Buy 198.00 shares at 87.87 on 2024-10-24 16:00:00+00:00
2024-11-10 21:36:52,869 - Sell to close 1694.00 shares at 88.25 on 2024-10-24 16:15:00+00:00 (Exit: Signal, Profit: 120.81999999996671, Duration: 135.0 minutes)
2024-11-10 21:36:52,869 - Short Sell 227.00 shares at 88.25 on 2024-10-24 16:30:00+00:00
2024-11-10 21:36:52,870 - Short Sell 227.00 shares at 88.24 on 2024-10-24 16:45:00+00:00
2024-11-10 21:36:52,870 - Short Sell 227.00 shares at 88.19 on 2024-10-24 17:00:00+00:00
2024-11-10 21:36:52,870 - Short Sell 227.00 shares at 88.26 on 2024-10-24 17:15:00+00:00
2024-11-10 21:36:52,870 - Short Sell 227.00 shares at 88.34 on 2024-10-24 17:30:00+00:00
2024-11-10 21:36:52,870 - Short Sell 227.00 shares at 88.16 on 2024-10-24 18:00:00+00:00
2024-11-10 21:36:52,870 - Short Sell 227.00 shares at 88.21 on 2024-10-24 18:15:00+00:00
2024-11-10 21:36:52,870 - Short Sell 227.00 shares at 88.16 on 2024-10-24 18:30:00+00:00
2024-11-10 21:36:52,870 - Short Sell 227.00 shares at 88.23 on 2024-10-24 19:00:00+00:00
2024-11-10 21:36:52,870 - Short Sell 226.00 shares at 88.4 on 2024-10-24 19:15:00+00:00
2024-11-10 21:36:52,870 - Short Sell 226.00 shares at 88.42 on 2024-10-24 19:30:00+00:00
2024-11-10 21:36:52,870 - Short Sell 226.00 shares at 88.47 on 2024-10-24 19:45:00+00:00
2024-11-10 21:36:52,870 - Buy to cover -2721.00 shares at 88.36 on 2024-10-25 13:30:00+00:00 (Exit: Signal, Profit: -224.93999999996876, Duration: 1260.0 minutes)
2024-11-10 21:36:52,870 - Long Buy 227.00 shares at 88.17 on 2024-10-25 13:45:00+00:00
2024-11-10 21:36:52,870 - Long Buy 222.00 shares at 88.29 on 2024-10-25 14:45:00+00:00
2024-11-10 21:36:52,870 - Long Buy 218.00 shares at 88.13 on 2024-10-25 15:15:00+00:00
2024-11-10 21:36:52,870 - Long Buy 214.00 shares at 88.17 on 2024-10-25 15:30:00+00:00
2024-11-10 21:36:52,870 - Long Buy 210.00 shares at 88.11 on 2024-10-25 15:45:00+00:00
2024-11-10 21:36:52,870 - Long Buy 206.00 shares at 87.78 on 2024-10-25 16:00:00+00:00
2024-11-10 21:36:52,870 - Long Buy 202.00 shares at 87.86 on 2024-10-25 16:15:00+00:00
2024-11-10 21:36:52,870 - Long Buy 197.00 shares at 88.06 on 2024-10-25 16:30:00+00:00
2024-11-10 21:36:52,870 - Long Buy 194.00 shares at 87.95 on 2024-10-25 16:45:00+00:00
2024-11-10 21:36:52,870 - Sell to close 1890.00 shares at 87.98 on 2024-10-25 17:00:00+00:00 (Exit: Signal, Profit: -157.10999999998705, Duration: 195.0 minutes)
2024-11-10 21:36:52,870 - Long Buy 228.00 shares at 87.9 on 2024-10-25 17:15:00+00:00
2024-11-10 21:36:52,870 - Long Buy 224.00 shares at 87.68 on 2024-10-25 17:30:00+00:00
2024-11-10 21:36:52,870 - Long Buy 219.00 shares at 87.76 on 2024-10-25 17:45:00+00:00
2024-11-10 21:36:52,870 - Long Buy 215.00 shares at 87.62 on 2024-10-25 18:00:00+00:00
2024-11-10 21:36:52,870 - Long Buy 210.00 shares at 87.75 on 2024-10-25 18:15:00+00:00
2024-11-10 21:36:52,870 - Long Buy 206.00 shares at 87.77 on 2024-10-25 18:30:00+00:00
2024-11-10 21:36:52,870 - Long Buy 202.00 shares at 87.86 on 2024-10-25 18:45:00+00:00
2024-11-10 21:36:52,870 - Long Buy 198.00 shares at 87.72 on 2024-10-25 19:00:00+00:00
2024-11-10 21:36:52,870 - Long Buy 194.00 shares at 87.64 on 2024-10-25 19:15:00+00:00
2024-11-10 21:36:52,870 - Long Buy 190.00 shares at 87.62 on 2024-10-25 19:30:00+00:00
2024-11-10 21:36:52,870 - Long Buy 187.00 shares at 87.48 on 2024-10-25 19:45:00+00:00
2024-11-10 21:36:52,870 - Long Buy 184.00 shares at 87.23 on 2024-10-28 13:30:00+00:00
2024-11-10 21:36:52,871 - Long Buy 180.00 shares at 87.23 on 2024-10-28 13:45:00+00:00
2024-11-10 21:36:52,871 - Long Buy 177.00 shares at 87.16 on 2024-10-28 14:00:00+00:00
2024-11-10 21:36:52,871 - Sell to close 2814.00 shares at 87.53 on 2024-10-28 14:15:00+00:00 (Exit: Signal, Profit: -242.00000000008285, Duration: 4140.0 minutes)
2024-11-10 21:36:52,871 - Short Sell 229.00 shares at 87.45 on 2024-10-28 14:30:00+00:00
2024-11-10 21:36:52,871 - Short Sell 229.00 shares at 87.47 on 2024-10-28 14:45:00+00:00
2024-11-10 21:36:52,871 - Short Sell 229.00 shares at 87.52 on 2024-10-28 15:00:00+00:00
2024-11-10 21:36:52,871 - Short Sell 229.00 shares at 87.39 on 2024-10-28 15:15:00+00:00
2024-11-10 21:36:52,871 - Short Sell 229.00 shares at 87.26 on 2024-10-28 15:30:00+00:00
2024-11-10 21:36:52,871 - Short Sell 230.00 shares at 87.22 on 2024-10-28 15:45:00+00:00
2024-11-10 21:36:52,871 - Short Sell 229.00 shares at 87.37 on 2024-10-28 16:00:00+00:00
2024-11-10 21:36:52,871 - Short Sell 229.00 shares at 87.42 on 2024-10-28 16:15:00+00:00
2024-11-10 21:36:52,871 - Short Sell 229.00 shares at 87.47 on 2024-10-28 16:30:00+00:00
2024-11-10 21:36:52,871 - Short Sell 229.00 shares at 87.35 on 2024-10-28 16:45:00+00:00
2024-11-10 21:36:52,871 - Short Sell 229.00 shares at 87.31 on 2024-10-28 17:00:00+00:00
2024-11-10 21:36:52,871 - Short Sell 229.00 shares at 87.37 on 2024-10-28 17:15:00+00:00
2024-11-10 21:36:52,871 - Short Sell 229.00 shares at 87.42 on 2024-10-28 17:30:00+00:00
2024-11-10 21:36:52,871 - Short Sell 229.00 shares at 87.34 on 2024-10-28 17:45:00+00:00
2024-11-10 21:36:52,871 - Short Sell 229.00 shares at 87.35 on 2024-10-28 18:00:00+00:00
2024-11-10 21:36:52,871 - Short Sell 229.00 shares at 87.41 on 2024-10-28 18:15:00+00:00
2024-11-10 21:36:52,871 - Short Sell 229.00 shares at 87.4 on 2024-10-28 18:30:00+00:00
2024-11-10 21:36:52,871 - Short Sell 229.00 shares at 87.47 on 2024-10-28 18:45:00+00:00
2024-11-10 21:36:52,871 - Short Sell 229.00 shares at 87.53 on 2024-10-28 19:00:00+00:00
2024-11-10 21:36:52,871 - Short Sell 228.00 shares at 87.66 on 2024-10-28 19:15:00+00:00
2024-11-10 21:36:52,871 - Short Sell 228.00 shares at 87.8 on 2024-10-28 19:30:00+00:00
2024-11-10 21:36:52,871 - Short Sell 228.00 shares at 87.73 on 2024-10-28 19:45:00+00:00
2024-11-10 21:36:52,871 - Buy to cover -5036.00 shares at 87.18 on 2024-10-29 13:45:00+00:00 (Exit: Signal, Profit: 1315.139999999947, Duration: 1395.0 minutes)
2024-11-10 21:36:52,871 - Long Buy 230.00 shares at 87.24 on 2024-10-29 14:00:00+00:00
2024-11-10 21:36:52,871 - Sell to close 230.00 shares at 87.48 on 2024-10-29 14:30:00+00:00 (Exit: Signal, Profit: 55.20000000000536, Duration: 30.0 minutes)
2024-11-10 21:36:52,871 - Short Sell 229.00 shares at 87.43 on 2024-10-29 14:45:00+00:00
2024-11-10 21:36:52,871 - Buy to cover -229.00 shares at 87.23 on 2024-10-29 15:00:00+00:00 (Exit: Signal, Profit: 45.80000000000065, Duration: 15.0 minutes)
2024-11-10 21:36:52,872 - Long Buy 230.00 shares at 87.16 on 2024-10-29 15:15:00+00:00
2024-11-10 21:36:52,872 - Long Buy 226.00 shares at 86.99 on 2024-10-29 15:45:00+00:00
2024-11-10 21:36:52,872 - Long Buy 221.00 shares at 87.06 on 2024-10-29 16:00:00+00:00
2024-11-10 21:36:52,872 - Long Buy 216.00 shares at 87.17 on 2024-10-29 16:30:00+00:00
2024-11-10 21:36:52,872 - Long Buy 212.00 shares at 87.1 on 2024-10-29 16:45:00+00:00
2024-11-10 21:36:52,872 - Long Buy 208.00 shares at 87.12 on 2024-10-29 17:00:00+00:00
2024-11-10 21:36:52,872 - Long Buy 204.00 shares at 87.11 on 2024-10-29 17:15:00+00:00
2024-11-10 21:36:52,872 - Long Buy 200.00 shares at 87.0 on 2024-10-29 17:30:00+00:00
2024-11-10 21:36:52,872 - Long Buy 196.00 shares at 87.07 on 2024-10-29 17:45:00+00:00
2024-11-10 21:36:52,872 - Long Buy 192.00 shares at 87.04 on 2024-10-29 18:00:00+00:00
2024-11-10 21:36:52,872 - Long Buy 188.00 shares at 86.98 on 2024-10-29 18:15:00+00:00
2024-11-10 21:36:52,872 - Long Buy 184.00 shares at 87.12 on 2024-10-29 18:30:00+00:00
2024-11-10 21:36:52,872 - Long Buy 180.00 shares at 87.15 on 2024-10-29 18:45:00+00:00
2024-11-10 21:36:52,872 - Long Buy 177.00 shares at 87.03 on 2024-10-29 19:00:00+00:00
2024-11-10 21:36:52,872 - Long Buy 174.00 shares at 87.03 on 2024-10-29 19:30:00+00:00
2024-11-10 21:36:52,872 - Sell to close 3008.00 shares at 87.2 on 2024-10-29 19:45:00+00:00 (Exit: Signal, Profit: 371.2300000000878, Duration: 270.0 minutes)
2024-11-10 21:36:52,872 - Short Sell 228.00 shares at 87.77 on 2024-10-30 13:30:00+00:00
2024-11-10 21:36:52,872 - Short Sell 227.00 shares at 88.12 on 2024-10-30 13:45:00+00:00
2024-11-10 21:36:52,872 - Short Sell 228.00 shares at 88.06 on 2024-10-30 14:00:00+00:00
2024-11-10 21:36:52,872 - Short Sell 229.00 shares at 87.64 on 2024-10-30 14:15:00+00:00
2024-11-10 21:36:52,872 - Short Sell 230.00 shares at 87.39 on 2024-10-30 14:30:00+00:00
2024-11-10 21:36:52,872 - Short Sell 229.00 shares at 87.46 on 2024-10-30 14:45:00+00:00
2024-11-10 21:36:52,872 - Short Sell 230.00 shares at 87.23 on 2024-10-30 15:00:00+00:00
2024-11-10 21:36:52,872 - Short Sell 230.00 shares at 87.21 on 2024-10-30 15:15:00+00:00
2024-11-10 21:36:52,872 - Buy to cover -1831.00 shares at 87.04 on 2024-10-30 16:00:00+00:00 (Exit: Signal, Profit: 1041.0399999999756, Duration: 150.0 minutes)
2024-11-10 21:36:52,872 - Long Buy 231.00 shares at 86.94 on 2024-10-30 16:15:00+00:00
2024-11-10 21:36:52,872 - Long Buy 226.00 shares at 86.97 on 2024-10-30 16:30:00+00:00
2024-11-10 21:36:52,872 - Long Buy 222.00 shares at 86.91 on 2024-10-30 16:45:00+00:00
2024-11-10 21:36:52,872 - Long Buy 217.00 shares at 86.98 on 2024-10-30 17:00:00+00:00
2024-11-10 21:36:52,872 - Long Buy 213.00 shares at 86.96 on 2024-10-30 17:15:00+00:00
2024-11-10 21:36:52,872 - Long Buy 209.00 shares at 86.89 on 2024-10-30 17:30:00+00:00
2024-11-10 21:36:52,872 - Long Buy 204.00 shares at 86.98 on 2024-10-30 17:45:00+00:00
2024-11-10 21:36:52,872 - Sell to close 1522.00 shares at 87.18 on 2024-10-30 18:00:00+00:00 (Exit: Signal, Profit: 354.51000000000585, Duration: 105.0 minutes)
2024-11-10 21:36:52,873 - Short Sell 230.00 shares at 87.14 on 2024-10-30 18:15:00+00:00
2024-11-10 21:36:52,873 - Buy to cover -230.00 shares at 86.92 on 2024-10-30 18:30:00+00:00 (Exit: Signal, Profit: 50.59999999999974, Duration: 15.0 minutes)
2024-11-10 21:36:52,873 - Long Buy 231.00 shares at 86.95 on 2024-10-30 19:00:00+00:00
2024-11-10 21:36:52,873 - Long Buy 226.00 shares at 86.92 on 2024-10-30 19:15:00+00:00
2024-11-10 21:36:52,873 - Sell to close 457.00 shares at 87.16 on 2024-10-30 19:45:00+00:00 (Exit: Signal, Profit: 102.74999999999713, Duration: 45.0 minutes)
2024-11-10 21:36:52,873 - Long Buy 230.00 shares at 87.12 on 2024-10-31 13:30:00+00:00
2024-11-10 21:36:52,873 - Sell to close 230.00 shares at 87.37 on 2024-10-31 13:45:00+00:00 (Exit: Signal, Profit: 57.5, Duration: 15.0 minutes)
2024-11-10 21:36:52,873 - Short Sell 230.00 shares at 87.29 on 2024-10-31 14:00:00+00:00
2024-11-10 21:36:52,873 - Short Sell 230.00 shares at 87.48 on 2024-10-31 14:15:00+00:00
2024-11-10 21:36:52,873 - Short Sell 230.00 shares at 87.23 on 2024-10-31 14:30:00+00:00
2024-11-10 21:36:52,873 - Buy to cover -690.00 shares at 87.11 on 2024-10-31 14:45:00+00:00 (Exit: Signal, Profit: 154.10000000000693, Duration: 45.0 minutes)
2024-11-10 21:36:52,873 - Long Buy 231.00 shares at 87.04 on 2024-10-31 15:15:00+00:00
2024-11-10 21:36:52,873 - Long Buy 226.00 shares at 86.97 on 2024-10-31 15:30:00+00:00
2024-11-10 21:36:52,873 - Long Buy 222.00 shares at 86.95 on 2024-10-31 15:45:00+00:00
2024-11-10 21:36:52,873 - Long Buy 217.00 shares at 87.03 on 2024-10-31 16:00:00+00:00
2024-11-10 21:36:52,873 - Long Buy 213.00 shares at 87.09 on 2024-10-31 16:15:00+00:00
2024-11-10 21:36:52,873 - Long Buy 209.00 shares at 87.03 on 2024-10-31 16:30:00+00:00
2024-11-10 21:36:52,873 - Long Buy 204.00 shares at 87.08 on 2024-10-31 16:45:00+00:00
2024-11-10 21:36:52,873 - Long Buy 200.00 shares at 87.06 on 2024-10-31 17:00:00+00:00
2024-11-10 21:36:52,873 - Sell to close 1722.00 shares at 87.2 on 2024-10-31 17:15:00+00:00 (Exit: Signal, Profit: 292.769999999961, Duration: 120.0 minutes)
2024-11-10 21:36:52,873 - Long Buy 231.00 shares at 87.01 on 2024-10-31 17:30:00+00:00
2024-11-10 21:36:52,873 - Sell to close 231.00 shares at 87.08 on 2024-10-31 17:45:00+00:00 (Exit: Signal, Profit: 16.169999999998424, Duration: 15.0 minutes)
2024-11-10 21:36:52,873 - Short Sell 231.00 shares at 87.1 on 2024-10-31 18:15:00+00:00
2024-11-10 21:36:52,873 - Short Sell 230.00 shares at 87.18 on 2024-10-31 18:45:00+00:00
2024-11-10 21:36:52,873 - Short Sell 230.00 shares at 87.22 on 2024-10-31 19:00:00+00:00
2024-11-10 21:36:52,873 - Short Sell 230.00 shares at 87.28 on 2024-10-31 19:15:00+00:00
2024-11-10 21:36:52,874 - Short Sell 230.00 shares at 87.33 on 2024-10-31 19:30:00+00:00
2024-11-10 21:36:52,874 - Buy to cover -1151.00 shares at 86.85 on 2024-10-31 19:45:00+00:00 (Exit: Signal, Profit: 428.0500000000086, Duration: 90.0 minutes)
2024-11-10 21:36:52,874 - Long Buy 232.00 shares at 86.73 on 2024-11-01 13:30:00+00:00
2024-11-10 21:36:52,874 - Sell to close 232.00 shares at 87.46 on 2024-11-01 13:45:00+00:00 (Exit: Signal, Profit: 169.35999999999763, Duration: 15.0 minutes)
2024-11-10 21:36:52,874 - Short Sell 230.00 shares at 87.27 on 2024-11-01 14:00:00+00:00
2024-11-10 21:36:52,874 - Short Sell 229.00 shares at 87.62 on 2024-11-01 14:15:00+00:00
2024-11-10 21:36:52,874 - Buy to cover -459.00 shares at 86.99 on 2024-11-01 14:30:00+00:00 (Exit: Signal, Profit: 208.67000000000445, Duration: 30.0 minutes)
2024-11-10 21:36:52,874 - Long Buy 232.00 shares at 86.78 on 2024-11-01 14:45:00+00:00
2024-11-10 21:36:52,874 - Long Buy 226.00 shares at 87.09 on 2024-11-01 15:00:00+00:00
2024-11-10 21:36:52,874 - Long Buy 221.00 shares at 87.33 on 2024-11-01 15:15:00+00:00
2024-11-10 21:36:52,874 - Long Buy 217.00 shares at 87.03 on 2024-11-01 15:30:00+00:00
2024-11-10 21:36:52,874 - Long Buy 214.00 shares at 86.81 on 2024-11-01 15:45:00+00:00
2024-11-10 21:36:52,874 - Long Buy 209.00 shares at 87.06 on 2024-11-01 16:00:00+00:00
2024-11-10 21:36:52,874 - Long Buy 205.00 shares at 86.93 on 2024-11-01 16:15:00+00:00
2024-11-10 21:36:52,874 - Long Buy 201.00 shares at 86.74 on 2024-11-01 16:30:00+00:00
2024-11-10 21:36:52,874 - Long Buy 197.00 shares at 86.84 on 2024-11-01 16:45:00+00:00
2024-11-10 21:36:52,874 - Long Buy 194.00 shares at 86.63 on 2024-11-01 17:00:00+00:00
2024-11-10 21:36:52,874 - Long Buy 190.00 shares at 86.63 on 2024-11-01 17:15:00+00:00
2024-11-10 21:36:52,874 - Long Buy 186.00 shares at 86.53 on 2024-11-01 17:30:00+00:00
2024-11-10 21:36:52,874 - Long Buy 182.00 shares at 86.54 on 2024-11-01 17:45:00+00:00
2024-11-10 21:36:52,874 - Long Buy 179.00 shares at 86.55 on 2024-11-01 18:00:00+00:00
2024-11-10 21:36:52,874 - Sell to close 2853.00 shares at 86.75 on 2024-11-01 18:15:00+00:00 (Exit: Signal, Profit: -241.97000000001623, Duration: 210.0 minutes)
2024-11-10 21:36:52,874 - Short Sell 232.00 shares at 86.72 on 2024-11-01 18:30:00+00:00
2024-11-10 21:36:52,874 - Short Sell 232.00 shares at 86.78 on 2024-11-01 18:45:00+00:00
2024-11-10 21:36:52,874 - Short Sell 231.00 shares at 86.87 on 2024-11-01 19:00:00+00:00
2024-11-10 21:36:52,874 - Short Sell 232.00 shares at 86.63 on 2024-11-01 19:15:00+00:00
2024-11-10 21:36:52,874 - Buy to cover -927.00 shares at 86.41 on 2024-11-01 19:30:00+00:00 (Exit: Signal, Profit: 315.0600000000067, Duration: 60.0 minutes)
2024-11-10 21:36:52,874 - Long Buy 235.00 shares at 85.62 on 2024-11-04 14:30:00+00:00
2024-11-10 21:36:52,875 - Long Buy 230.00 shares at 85.54 on 2024-11-04 14:45:00+00:00
2024-11-10 21:36:52,875 - Long Buy 227.00 shares at 84.9 on 2024-11-04 15:00:00+00:00
2024-11-10 21:36:52,875 - Long Buy 223.00 shares at 84.91 on 2024-11-04 15:15:00+00:00
2024-11-10 21:36:52,875 - Long Buy 219.00 shares at 84.83 on 2024-11-04 15:30:00+00:00
2024-11-10 21:36:52,875 - Long Buy 214.00 shares at 84.8 on 2024-11-04 15:45:00+00:00
2024-11-10 21:36:52,875 - Long Buy 210.00 shares at 84.92 on 2024-11-04 16:00:00+00:00
2024-11-10 21:36:52,875 - Long Buy 206.00 shares at 84.78 on 2024-11-04 16:15:00+00:00
2024-11-10 21:36:52,875 - Long Buy 203.00 shares at 84.42 on 2024-11-04 16:30:00+00:00
2024-11-10 21:36:52,875 - Long Buy 199.00 shares at 84.34 on 2024-11-04 16:45:00+00:00
2024-11-10 21:36:52,875 - Long Buy 195.00 shares at 84.33 on 2024-11-04 17:00:00+00:00
2024-11-10 21:36:52,875 - Long Buy 191.00 shares at 84.48 on 2024-11-04 17:15:00+00:00
2024-11-10 21:36:52,875 - Long Buy 187.00 shares at 84.48 on 2024-11-04 17:30:00+00:00
2024-11-10 21:36:52,875 - Long Buy 183.00 shares at 84.41 on 2024-11-04 17:45:00+00:00
2024-11-10 21:36:52,875 - Long Buy 180.00 shares at 84.26 on 2024-11-04 18:00:00+00:00
2024-11-10 21:36:52,875 - Long Buy 176.00 shares at 84.42 on 2024-11-04 18:15:00+00:00
2024-11-10 21:36:52,875 - Long Buy 172.00 shares at 84.47 on 2024-11-04 18:30:00+00:00
2024-11-10 21:36:52,875 - Long Buy 169.00 shares at 84.43 on 2024-11-04 18:45:00+00:00
2024-11-10 21:36:52,875 - Long Buy 166.00 shares at 84.34 on 2024-11-04 19:00:00+00:00
2024-11-10 21:36:52,875 - Long Buy 163.00 shares at 84.25 on 2024-11-04 19:15:00+00:00
2024-11-10 21:36:52,875 - Long Buy 159.00 shares at 84.25 on 2024-11-04 19:30:00+00:00
2024-11-10 21:36:52,875 - Long Buy 156.00 shares at 84.35 on 2024-11-04 19:45:00+00:00
2024-11-10 21:36:52,875 - Long Buy 153.00 shares at 84.39 on 2024-11-04 20:00:00+00:00
2024-11-10 21:36:52,875 - Long Buy 150.00 shares at 84.27 on 2024-11-04 20:15:00+00:00
2024-11-10 21:36:52,875 - Long Buy 147.00 shares at 84.15 on 2024-11-04 20:30:00+00:00
2024-11-10 21:36:52,875 - Long Buy 144.00 shares at 84.22 on 2024-11-04 20:45:00+00:00
2024-11-10 21:36:52,875 - Long Buy 141.00 shares at 84.11 on 2024-11-05 14:30:00+00:00
2024-11-10 21:36:52,875 - Sell to close 4998.00 shares at 83.76 on 2024-11-05 14:45:00+00:00 (Exit: Stop_loss, Profit: -4157.419999999996, Duration: 1455.0 minutes)
2024-11-10 21:36:52,875 - Long Buy 239.00 shares at 83.73 on 2024-11-05 15:00:00+00:00
2024-11-10 21:36:52,875 - Long Buy 235.00 shares at 83.62 on 2024-11-05 15:15:00+00:00
2024-11-10 21:36:52,875 - Long Buy 229.00 shares at 83.87 on 2024-11-05 15:30:00+00:00
2024-11-10 21:36:52,875 - Long Buy 226.00 shares at 83.55 on 2024-11-05 15:45:00+00:00
2024-11-10 21:36:52,875 - Long Buy 220.00 shares at 83.92 on 2024-11-05 16:00:00+00:00
2024-11-10 21:36:52,875 - Long Buy 216.00 shares at 83.72 on 2024-11-05 16:15:00+00:00
2024-11-10 21:36:52,875 - Long Buy 211.00 shares at 83.96 on 2024-11-05 16:30:00+00:00
2024-11-10 21:36:52,875 - Long Buy 207.00 shares at 84.02 on 2024-11-05 16:45:00+00:00
2024-11-10 21:36:52,876 - Long Buy 203.00 shares at 84.03 on 2024-11-05 17:00:00+00:00
2024-11-10 21:36:52,876 - Long Buy 198.00 shares at 84.19 on 2024-11-05 17:15:00+00:00
2024-11-10 21:36:52,876 - Sell to close 2184.00 shares at 84.4 on 2024-11-05 17:30:00+00:00 (Exit: Signal, Profit: 1197.5700000000093, Duration: 150.0 minutes)
2024-11-10 21:36:52,876 - Short Sell 237.00 shares at 84.54 on 2024-11-05 17:45:00+00:00
2024-11-10 21:36:52,876 - Short Sell 237.00 shares at 84.6 on 2024-11-05 18:00:00+00:00
2024-11-10 21:36:52,876 - Short Sell 237.00 shares at 84.68 on 2024-11-05 18:15:00+00:00
2024-11-10 21:36:52,876 - Short Sell 237.00 shares at 84.65 on 2024-11-05 18:30:00+00:00
2024-11-10 21:36:52,876 - Short Sell 237.00 shares at 84.73 on 2024-11-05 18:45:00+00:00
2024-11-10 21:36:52,876 - Short Sell 236.00 shares at 84.83 on 2024-11-05 19:00:00+00:00
2024-11-10 21:36:52,876 - Short Sell 236.00 shares at 84.82 on 2024-11-05 19:15:00+00:00
2024-11-10 21:36:52,876 - Short Sell 236.00 shares at 84.99 on 2024-11-05 19:30:00+00:00
2024-11-10 21:36:52,876 - Short Sell 236.00 shares at 84.99 on 2024-11-05 19:45:00+00:00
2024-11-10 21:36:52,876 - Short Sell 235.00 shares at 85.16 on 2024-11-05 20:00:00+00:00
2024-11-10 21:36:52,876 - Short Sell 236.00 shares at 85.08 on 2024-11-05 20:15:00+00:00
2024-11-10 21:36:52,876 - Short Sell 235.00 shares at 85.16 on 2024-11-05 20:30:00+00:00
2024-11-10 21:36:52,876 - Short Sell 235.00 shares at 85.37 on 2024-11-05 20:45:00+00:00
2024-11-10 21:36:52,876 - Buy to cover -3070.00 shares at 86.63 on 2024-11-06 14:30:00+00:00 (Exit: Stop_loss, Profit: -5336.989999999942, Duration: 1245.0 minutes)
2024-11-10 21:36:52,876 - Long Buy 232.00 shares at 85.89 on 2024-11-06 14:45:00+00:00
2024-11-10 21:36:52,876 - Long Buy 228.00 shares at 85.87 on 2024-11-06 15:00:00+00:00
2024-11-10 21:36:52,876 - Long Buy 222.00 shares at 86.28 on 2024-11-06 15:15:00+00:00
2024-11-10 21:36:52,876 - Long Buy 218.00 shares at 86.0 on 2024-11-06 15:30:00+00:00
2024-11-10 21:36:52,876 - Long Buy 214.00 shares at 85.8 on 2024-11-06 15:45:00+00:00
2024-11-10 21:36:52,876 - Long Buy 210.00 shares at 86.01 on 2024-11-06 16:00:00+00:00
2024-11-10 21:36:52,876 - Long Buy 206.00 shares at 85.85 on 2024-11-06 16:15:00+00:00
2024-11-10 21:36:52,876 - Long Buy 201.00 shares at 86.11 on 2024-11-06 16:30:00+00:00
2024-11-10 21:36:52,876 - Long Buy 198.00 shares at 85.84 on 2024-11-06 16:45:00+00:00
2024-11-10 21:36:52,876 - Long Buy 194.00 shares at 85.63 on 2024-11-06 17:00:00+00:00
2024-11-10 21:36:52,876 - Long Buy 190.00 shares at 85.62 on 2024-11-06 17:15:00+00:00
2024-11-10 21:36:52,876 - Long Buy 186.00 shares at 85.65 on 2024-11-06 17:30:00+00:00
2024-11-10 21:36:52,876 - Long Buy 183.00 shares at 85.67 on 2024-11-06 17:45:00+00:00
2024-11-10 21:36:52,876 - Long Buy 179.00 shares at 85.86 on 2024-11-06 18:00:00+00:00
2024-11-10 21:36:52,876 - Long Buy 175.00 shares at 85.9 on 2024-11-06 18:15:00+00:00
2024-11-10 21:36:52,876 - Sell to close 3036.00 shares at 85.97 on 2024-11-06 18:30:00+00:00 (Exit: Signal, Profit: 295.12000000003735, Duration: 225.0 minutes)
2024-11-10 21:36:52,877 - Long Buy 233.00 shares at 85.74 on 2024-11-06 19:00:00+00:00
2024-11-10 21:36:52,877 - Long Buy 228.00 shares at 85.81 on 2024-11-06 19:15:00+00:00
2024-11-10 21:36:52,877 - Long Buy 223.00 shares at 85.79 on 2024-11-06 19:45:00+00:00
2024-11-10 21:36:52,877 - Long Buy 219.00 shares at 85.8 on 2024-11-06 20:00:00+00:00
2024-11-10 21:36:52,877 - Sell to close 903.00 shares at 86.14 on 2024-11-06 20:15:00+00:00 (Exit: Signal, Profit: 320.95000000000147, Duration: 75.0 minutes)
2024-11-10 21:36:52,877 - Short Sell 231.00 shares at 86.31 on 2024-11-06 20:30:00+00:00
2024-11-10 21:36:52,877 - Short Sell 231.00 shares at 86.43 on 2024-11-06 20:45:00+00:00
2024-11-10 21:36:52,877 - Short Sell 230.00 shares at 86.63 on 2024-11-07 14:30:00+00:00
2024-11-10 21:36:52,877 - Short Sell 230.00 shares at 86.8 on 2024-11-07 14:45:00+00:00
2024-11-10 21:36:52,877 - Short Sell 230.00 shares at 86.84 on 2024-11-07 15:00:00+00:00
2024-11-10 21:36:52,877 - Short Sell 229.00 shares at 86.94 on 2024-11-07 15:15:00+00:00
2024-11-10 21:36:52,877 - Short Sell 229.00 shares at 87.02 on 2024-11-07 15:30:00+00:00
2024-11-10 21:36:52,877 - Buy to cover -1610.00 shares at 86.81 on 2024-11-07 15:45:00+00:00 (Exit: Signal, Profit: -162.2200000000194, Duration: 1155.0 minutes)
2024-11-10 21:36:52,877 - Long Buy 230.00 shares at 86.73 on 2024-11-07 16:00:00+00:00
2024-11-10 21:36:52,877 - Long Buy 226.00 shares at 86.64 on 2024-11-07 16:15:00+00:00
2024-11-10 21:36:52,877 - Long Buy 221.00 shares at 86.64 on 2024-11-07 16:30:00+00:00
2024-11-10 21:36:52,877 - Long Buy 217.00 shares at 86.62 on 2024-11-07 16:45:00+00:00
2024-11-10 21:36:52,877 - Long Buy 212.00 shares at 86.76 on 2024-11-07 17:00:00+00:00
2024-11-10 21:36:52,877 - Long Buy 208.00 shares at 86.76 on 2024-11-07 17:15:00+00:00
2024-11-10 21:36:52,877 - Long Buy 204.00 shares at 86.77 on 2024-11-07 17:30:00+00:00
2024-11-10 21:36:52,877 - Long Buy 200.00 shares at 86.77 on 2024-11-07 17:45:00+00:00
2024-11-10 21:36:52,877 - Long Buy 196.00 shares at 86.67 on 2024-11-07 18:00:00+00:00
2024-11-10 21:36:52,877 - Long Buy 192.00 shares at 86.71 on 2024-11-07 18:15:00+00:00
2024-11-10 21:36:52,877 - Long Buy 188.00 shares at 86.59 on 2024-11-07 18:30:00+00:00
2024-11-10 21:36:52,877 - Long Buy 184.00 shares at 86.66 on 2024-11-07 18:45:00+00:00
2024-11-10 21:36:52,877 - Long Buy 180.00 shares at 86.8 on 2024-11-07 19:00:00+00:00
2024-11-10 21:36:52,877 - Long Buy 176.00 shares at 86.95 on 2024-11-07 19:15:00+00:00
2024-11-10 21:36:52,877 - Long Buy 173.00 shares at 86.9 on 2024-11-07 19:30:00+00:00
2024-11-10 21:36:52,877 - Sell to close 3007.00 shares at 87.2 on 2024-11-07 19:45:00+00:00 (Exit: Signal, Profit: 1422.69999999997, Duration: 225.0 minutes)
2024-11-10 21:36:52,877 - Short Sell 228.00 shares at 87.44 on 2024-11-07 20:00:00+00:00
2024-11-10 21:36:52,877 - Short Sell 229.00 shares at 87.41 on 2024-11-07 20:15:00+00:00
2024-11-10 21:36:52,878 - Short Sell 229.00 shares at 87.16 on 2024-11-07 20:30:00+00:00
2024-11-10 21:36:52,878 - Short Sell 229.00 shares at 87.36 on 2024-11-07 20:45:00+00:00
2024-11-10 21:36:52,878 - Buy to cover -915.00 shares at 85.74 on 2024-11-08 14:30:00+00:00 (Exit: Signal, Profit: 1466.1900000000032, Duration: 1110.0 minutes)
2024-11-10 21:36:52,878 - Long Buy 234.00 shares at 85.69 on 2024-11-08 14:45:00+00:00
2024-11-10 21:36:52,878 - Long Buy 227.00 shares at 86.39 on 2024-11-08 15:00:00+00:00
2024-11-10 21:36:52,878 - Long Buy 223.00 shares at 86.0 on 2024-11-08 15:15:00+00:00
2024-11-10 21:36:52,878 - Long Buy 219.00 shares at 86.06 on 2024-11-08 15:30:00+00:00
2024-11-10 21:36:52,878 - Long Buy 215.00 shares at 86.01 on 2024-11-08 15:45:00+00:00
2024-11-10 21:36:52,878 - Long Buy 210.00 shares at 86.15 on 2024-11-08 16:00:00+00:00
2024-11-10 21:36:52,878 - Long Buy 208.00 shares at 85.38 on 2024-11-08 16:15:00+00:00
2024-11-10 21:36:52,878 - Long Buy 204.00 shares at 85.16 on 2024-11-08 16:30:00+00:00
2024-11-10 21:36:52,878 - Long Buy 200.00 shares at 85.02 on 2024-11-08 16:45:00+00:00
2024-11-10 21:36:52,878 - Long Buy 197.00 shares at 84.88 on 2024-11-08 17:00:00+00:00
2024-11-10 21:36:52,878 - Long Buy 193.00 shares at 84.89 on 2024-11-08 17:15:00+00:00
2024-11-10 21:36:52,878 - Long Buy 189.00 shares at 84.74 on 2024-11-08 17:30:00+00:00
2024-11-10 21:36:52,878 - Long Buy 185.00 shares at 84.7 on 2024-11-08 17:45:00+00:00
2024-11-10 21:36:52,878 - Sell to close 2704.00 shares at 84.62 on 2024-11-08 18:00:00+00:00 (Exit: Stop_loss, Profit: -2384.469999999957, Duration: 195.0 minutes)
2024-11-10 21:36:52,878 - Long Buy 236.00 shares at 84.54 on 2024-11-08 18:15:00+00:00
2024-11-10 21:36:52,878 - Long Buy 231.00 shares at 84.82 on 2024-11-08 18:30:00+00:00
2024-11-10 21:36:52,878 - Long Buy 225.00 shares at 85.05 on 2024-11-08 18:45:00+00:00
2024-11-10 21:36:52,878 - Sell to close 692.00 shares at 85.44 on 2024-11-08 19:15:00+00:00 (Exit: Signal, Profit: 443.3699999999932, Duration: 60.0 minutes)
2024-11-10 21:36:52,878 - Short Sell 234.00 shares at 85.46 on 2024-11-08 19:30:00+00:00
2024-11-10 21:36:52,878 - Short Sell 233.00 shares at 85.53 on 2024-11-08 19:45:00+00:00
2024-11-10 21:36:52,878 - Short Sell 234.00 shares at 85.3 on 2024-11-08 20:00:00+00:00
2024-11-10 21:36:52,878 - Buy to cover -701.00 shares at 85.0 on 2024-11-08 20:15:00+00:00 (Exit: Signal, Profit: 301.33000000000345, Duration: 45.0 minutes)
2024-11-10 21:36:52,878 - Short Sell 235.00 shares at 85.09 on 2024-11-08 20:30:00+00:00
2024-11-10 21:36:52,878 - Short Sell 234.00 shares at 85.32 on 2024-11-08 20:45:00+00:00
2024-11-10 21:36:52,880 - Final statisticsStock: LYB, 
total_trades: 58, 
winning_trades: 43, 
losing_trades: 15, 
average_return: 0.001836968390808575, 
average_duration: 428.2758620689655, 
final_balance: 1040949.4999999979, 
final_portfolio_value: 1000934.419999998, 
sharpe_ratio: 8.087247558017866, 



