2024-11-11 10:33:31,126 - Starting GBMStrategy with initial capital: 1000000
2024-11-11 10:33:31,126 - Hyperparameters: {'threshold': 1, 'time_periods': 30, 'num_simulations': 150}
2024-11-11 10:34:59,242 - Long Buy 239.00 shares at 83.39 on 2024-10-11 14:30:00+00:00
2024-11-11 10:34:59,244 - Sell to close 239.00 shares at 83.63 on 2024-10-11 14:45:00+00:00 (Exit: Signal, Profit: 57.35999999999878, Duration: 15.0 minutes)
2024-11-11 10:34:59,244 - Short Sell 238.00 shares at 83.73 on 2024-10-11 15:00:00+00:00
2024-11-11 10:34:59,244 - Short Sell 238.00 shares at 83.69 on 2024-10-11 15:15:00+00:00
2024-11-11 10:34:59,244 - Short Sell 239.00 shares at 83.67 on 2024-10-11 15:30:00+00:00
2024-11-11 10:34:59,244 - Short Sell 239.00 shares at 83.59 on 2024-10-11 15:45:00+00:00
2024-11-11 10:34:59,244 - Buy to cover -954.00 shares at 83.32 on 2024-10-11 16:15:00+00:00 (Exit: Signal, Profit: 333.8200000000079, Duration: 75.0 minutes)
2024-11-11 10:34:59,244 - Short Sell 239.00 shares at 83.55 on 2024-10-11 17:45:00+00:00
2024-11-11 10:34:59,245 - Short Sell 239.00 shares at 83.57 on 2024-10-11 18:00:00+00:00
2024-11-11 10:34:59,245 - Short Sell 239.00 shares at 83.63 on 2024-10-11 19:30:00+00:00
2024-11-11 10:34:59,245 - Short Sell 239.00 shares at 83.64 on 2024-10-14 13:45:00+00:00
2024-11-11 10:34:59,245 - Short Sell 238.00 shares at 83.84 on 2024-10-14 14:00:00+00:00
2024-11-11 10:34:59,245 - Short Sell 238.00 shares at 83.82 on 2024-10-14 14:15:00+00:00
2024-11-11 10:34:59,245 - Short Sell 237.00 shares at 84.24 on 2024-10-14 14:30:00+00:00
2024-11-11 10:34:59,245 - Short Sell 237.00 shares at 84.24 on 2024-10-14 14:45:00+00:00
2024-11-11 10:34:59,245 - Short Sell 236.00 shares at 84.46 on 2024-10-14 15:00:00+00:00
2024-11-11 10:34:59,245 - Short Sell 236.00 shares at 84.34 on 2024-10-14 15:15:00+00:00
2024-11-11 10:34:59,245 - Short Sell 236.00 shares at 84.56 on 2024-10-14 15:30:00+00:00
2024-11-11 10:34:59,245 - Short Sell 236.00 shares at 84.52 on 2024-10-14 15:45:00+00:00
2024-11-11 10:34:59,245 - Short Sell 235.00 shares at 84.68 on 2024-10-14 16:00:00+00:00
2024-11-11 10:34:59,245 - Short Sell 235.00 shares at 84.7 on 2024-10-14 16:15:00+00:00
2024-11-11 10:34:59,245 - Short Sell 236.00 shares at 84.61 on 2024-10-14 16:30:00+00:00
2024-11-11 10:34:59,245 - Short Sell 235.00 shares at 84.68 on 2024-10-14 16:45:00+00:00
2024-11-11 10:34:59,245 - Short Sell 235.00 shares at 84.75 on 2024-10-14 17:00:00+00:00
2024-11-11 10:34:59,245 - Short Sell 235.00 shares at 84.76 on 2024-10-14 17:15:00+00:00
2024-11-11 10:34:59,245 - Short Sell 235.00 shares at 84.78 on 2024-10-14 17:30:00+00:00
2024-11-11 10:34:59,245 - Short Sell 235.00 shares at 84.8 on 2024-10-14 17:45:00+00:00
2024-11-11 10:34:59,245 - Short Sell 235.00 shares at 84.89 on 2024-10-14 18:00:00+00:00
2024-11-11 10:34:59,245 - Short Sell 235.00 shares at 84.9 on 2024-10-14 18:15:00+00:00
2024-11-11 10:34:59,245 - Short Sell 234.00 shares at 84.97 on 2024-10-14 18:30:00+00:00
2024-11-11 10:34:59,245 - Short Sell 235.00 shares at 84.88 on 2024-10-14 18:45:00+00:00
2024-11-11 10:34:59,245 - Short Sell 234.00 shares at 85.0 on 2024-10-14 19:00:00+00:00
2024-11-11 10:34:59,246 - Short Sell 234.00 shares at 85.01 on 2024-10-14 19:15:00+00:00
2024-11-11 10:34:59,246 - Short Sell 235.00 shares at 84.81 on 2024-10-14 19:30:00+00:00
2024-11-11 10:34:59,246 - Short Sell 235.00 shares at 84.81 on 2024-10-14 19:45:00+00:00
2024-11-11 10:34:59,246 - Short Sell 231.00 shares at 85.61 on 2024-10-15 13:30:00+00:00
2024-11-11 10:34:59,246 - Short Sell 233.00 shares at 85.36 on 2024-10-15 13:45:00+00:00
2024-11-11 10:34:59,246 - Short Sell 230.00 shares at 85.86 on 2024-10-15 14:00:00+00:00
2024-11-11 10:34:59,246 - Buy to cover -7302.00 shares at 86.04 on 2024-10-15 14:15:00+00:00 (Exit: Stop_loss, Profit: -10628.079999999674, Duration: 5550.0 minutes)
2024-11-11 10:34:59,246 - Long Buy 231.00 shares at 85.6 on 2024-10-16 13:30:00+00:00
2024-11-11 10:34:59,246 - Long Buy 226.00 shares at 85.8 on 2024-10-16 13:45:00+00:00
2024-11-11 10:34:59,246 - Long Buy 221.00 shares at 85.7 on 2024-10-16 14:00:00+00:00
2024-11-11 10:34:59,246 - Long Buy 217.00 shares at 85.56 on 2024-10-16 14:15:00+00:00
2024-11-11 10:34:59,246 - Long Buy 213.00 shares at 85.43 on 2024-10-16 14:30:00+00:00
2024-11-11 10:34:59,246 - Long Buy 209.00 shares at 85.43 on 2024-10-16 14:45:00+00:00
2024-11-11 10:34:59,246 - Long Buy 205.00 shares at 85.4 on 2024-10-16 15:00:00+00:00
2024-11-11 10:34:59,246 - Long Buy 200.00 shares at 85.65 on 2024-10-16 15:15:00+00:00
2024-11-11 10:34:59,246 - Long Buy 196.00 shares at 85.56 on 2024-10-16 15:30:00+00:00
2024-11-11 10:34:59,246 - Long Buy 192.00 shares at 85.59 on 2024-10-16 15:45:00+00:00
2024-11-11 10:34:59,246 - Long Buy 189.00 shares at 85.51 on 2024-10-16 16:00:00+00:00
2024-11-11 10:34:59,246 - Long Buy 185.00 shares at 85.51 on 2024-10-16 16:15:00+00:00
2024-11-11 10:34:59,246 - Long Buy 181.00 shares at 85.59 on 2024-10-16 16:30:00+00:00
2024-11-11 10:34:59,246 - Long Buy 178.00 shares at 85.51 on 2024-10-16 16:45:00+00:00
2024-11-11 10:34:59,247 - Long Buy 174.00 shares at 85.45 on 2024-10-16 17:00:00+00:00
2024-11-11 10:34:59,247 - Long Buy 171.00 shares at 85.57 on 2024-10-16 17:15:00+00:00
2024-11-11 10:34:59,247 - Sell to close 3188.00 shares at 85.66 on 2024-10-16 17:30:00+00:00 (Exit: Signal, Profit: 327.8799999999985, Duration: 240.0 minutes)
2024-11-11 10:34:59,247 - Short Sell 231.00 shares at 85.66 on 2024-10-16 17:45:00+00:00
2024-11-11 10:34:59,247 - Short Sell 231.00 shares at 85.7 on 2024-10-16 18:00:00+00:00
2024-11-11 10:34:59,247 - Buy to cover -462.00 shares at 85.5 on 2024-10-16 18:30:00+00:00 (Exit: Signal, Profit: 83.16000000000315, Duration: 45.0 minutes)
2024-11-11 10:34:59,247 - Long Buy 231.00 shares at 85.45 on 2024-10-16 18:45:00+00:00
2024-11-11 10:34:59,247 - Long Buy 227.00 shares at 85.43 on 2024-10-16 19:00:00+00:00
2024-11-11 10:34:59,247 - Long Buy 222.00 shares at 85.45 on 2024-10-16 19:15:00+00:00
2024-11-11 10:34:59,247 - Long Buy 218.00 shares at 85.4 on 2024-10-17 14:00:00+00:00
2024-11-11 10:34:59,247 - Long Buy 214.00 shares at 85.33 on 2024-10-17 14:15:00+00:00
2024-11-11 10:34:59,247 - Long Buy 209.00 shares at 85.32 on 2024-10-17 14:30:00+00:00
2024-11-11 10:34:59,247 - Long Buy 205.00 shares at 85.46 on 2024-10-17 14:45:00+00:00
2024-11-11 10:34:59,247 - Long Buy 201.00 shares at 85.29 on 2024-10-17 15:00:00+00:00
2024-11-11 10:34:59,247 - Long Buy 197.00 shares at 85.19 on 2024-10-17 15:15:00+00:00
2024-11-11 10:34:59,247 - Long Buy 193.00 shares at 85.24 on 2024-10-17 15:30:00+00:00
2024-11-11 10:34:59,247 - Long Buy 189.00 shares at 85.4 on 2024-10-17 15:45:00+00:00
2024-11-11 10:34:59,247 - Long Buy 185.00 shares at 85.45 on 2024-10-17 16:00:00+00:00
2024-11-11 10:34:59,247 - Long Buy 182.00 shares at 85.37 on 2024-10-17 18:00:00+00:00
2024-11-11 10:34:59,248 - Long Buy 178.00 shares at 85.33 on 2024-10-17 18:15:00+00:00
2024-11-11 10:34:59,248 - Long Buy 175.00 shares at 85.25 on 2024-10-17 18:30:00+00:00
2024-11-11 10:34:59,248 - Long Buy 171.00 shares at 85.2 on 2024-10-17 18:45:00+00:00
2024-11-11 10:34:59,248 - Long Buy 168.00 shares at 85.18 on 2024-10-17 19:15:00+00:00
2024-11-11 10:34:59,248 - Long Buy 164.00 shares at 85.24 on 2024-10-17 19:30:00+00:00
2024-11-11 10:34:59,248 - Sell to close 3529.00 shares at 85.46 on 2024-10-17 19:45:00+00:00 (Exit: Signal, Profit: 428.3600000000447, Duration: 1500.0 minutes)
2024-11-11 10:34:59,248 - Short Sell 230.00 shares at 85.87 on 2024-10-18 13:30:00+00:00
2024-11-11 10:34:59,248 - Short Sell 231.00 shares at 85.62 on 2024-10-18 13:45:00+00:00
2024-11-11 10:34:59,248 - Short Sell 231.00 shares at 85.56 on 2024-10-18 14:30:00+00:00
2024-11-11 10:34:59,248 - Short Sell 231.00 shares at 85.54 on 2024-10-18 14:45:00+00:00
2024-11-11 10:34:59,248 - Short Sell 231.00 shares at 85.49 on 2024-10-18 15:15:00+00:00
2024-11-11 10:34:59,248 - Short Sell 231.00 shares at 85.52 on 2024-10-18 15:30:00+00:00
2024-11-11 10:34:59,248 - Short Sell 231.00 shares at 85.57 on 2024-10-18 15:45:00+00:00
2024-11-11 10:34:59,248 - Short Sell 231.00 shares at 85.72 on 2024-10-18 16:00:00+00:00
2024-11-11 10:34:59,248 - Short Sell 231.00 shares at 85.68 on 2024-10-18 16:15:00+00:00
2024-11-11 10:34:59,248 - Short Sell 231.00 shares at 85.74 on 2024-10-18 16:30:00+00:00
2024-11-11 10:34:59,248 - Short Sell 230.00 shares at 85.75 on 2024-10-18 16:45:00+00:00
2024-11-11 10:34:59,248 - Short Sell 230.00 shares at 85.92 on 2024-10-18 17:00:00+00:00
2024-11-11 10:34:59,248 - Short Sell 230.00 shares at 85.85 on 2024-10-18 17:15:00+00:00
2024-11-11 10:34:59,248 - Short Sell 229.00 shares at 86.06 on 2024-10-18 17:30:00+00:00
2024-11-11 10:34:59,248 - Short Sell 230.00 shares at 85.93 on 2024-10-18 17:45:00+00:00
2024-11-11 10:34:59,248 - Short Sell 229.00 shares at 86.07 on 2024-10-18 18:00:00+00:00
2024-11-11 10:34:59,248 - Short Sell 229.00 shares at 86.09 on 2024-10-18 18:15:00+00:00
2024-11-11 10:34:59,248 - Short Sell 229.00 shares at 86.09 on 2024-10-18 18:30:00+00:00
2024-11-11 10:34:59,248 - Short Sell 230.00 shares at 85.86 on 2024-10-18 18:45:00+00:00
2024-11-11 10:34:59,249 - Short Sell 230.00 shares at 85.84 on 2024-10-18 19:00:00+00:00
2024-11-11 10:34:59,249 - Short Sell 231.00 shares at 85.77 on 2024-10-18 19:15:00+00:00
2024-11-11 10:34:59,249 - Buy to cover -4836.00 shares at 85.73 on 2024-10-18 19:30:00+00:00 (Exit: Signal, Profit: 275.8200000000769, Duration: 360.0 minutes)
2024-11-11 10:34:59,249 - Long Buy 231.00 shares at 85.7 on 2024-10-18 19:45:00+00:00
2024-11-11 10:34:59,249 - Long Buy 227.00 shares at 85.36 on 2024-10-21 13:30:00+00:00
2024-11-11 10:34:59,249 - Long Buy 222.00 shares at 85.45 on 2024-10-21 13:45:00+00:00
2024-11-11 10:34:59,249 - Long Buy 218.00 shares at 85.49 on 2024-10-21 14:00:00+00:00
2024-11-11 10:34:59,249 - Long Buy 214.00 shares at 85.11 on 2024-10-21 14:15:00+00:00
2024-11-11 10:34:59,249 - Long Buy 210.00 shares at 85.06 on 2024-10-21 14:30:00+00:00
2024-11-11 10:34:59,249 - Long Buy 206.00 shares at 85.0 on 2024-10-21 14:45:00+00:00
2024-11-11 10:34:59,249 - Long Buy 202.00 shares at 84.79 on 2024-10-21 15:00:00+00:00
2024-11-11 10:34:59,249 - Long Buy 199.00 shares at 84.66 on 2024-10-21 15:15:00+00:00
2024-11-11 10:34:59,249 - Long Buy 195.00 shares at 84.55 on 2024-10-21 15:30:00+00:00
2024-11-11 10:34:59,249 - Long Buy 191.00 shares at 84.64 on 2024-10-21 15:45:00+00:00
2024-11-11 10:34:59,249 - Long Buy 188.00 shares at 84.36 on 2024-10-21 16:00:00+00:00
2024-11-11 10:34:59,249 - Long Buy 184.00 shares at 84.55 on 2024-10-21 16:15:00+00:00
2024-11-11 10:34:59,249 - Long Buy 180.00 shares at 84.61 on 2024-10-21 16:30:00+00:00
2024-11-11 10:34:59,249 - Long Buy 176.00 shares at 84.64 on 2024-10-21 16:45:00+00:00
2024-11-11 10:34:59,249 - Long Buy 173.00 shares at 84.64 on 2024-10-21 17:00:00+00:00
2024-11-11 10:34:59,249 - Long Buy 169.00 shares at 84.54 on 2024-10-21 17:15:00+00:00
2024-11-11 10:34:59,249 - Long Buy 166.00 shares at 84.45 on 2024-10-21 17:30:00+00:00
2024-11-11 10:34:59,249 - Long Buy 163.00 shares at 84.56 on 2024-10-21 17:45:00+00:00
2024-11-11 10:34:59,249 - Long Buy 160.00 shares at 84.25 on 2024-10-21 18:00:00+00:00
2024-11-11 10:34:59,249 - Long Buy 157.00 shares at 84.25 on 2024-10-21 18:15:00+00:00
2024-11-11 10:34:59,249 - Long Buy 154.00 shares at 84.11 on 2024-10-21 18:30:00+00:00
2024-11-11 10:34:59,249 - Long Buy 151.00 shares at 84.11 on 2024-10-21 18:45:00+00:00
2024-11-11 10:34:59,249 - Long Buy 147.00 shares at 84.24 on 2024-10-21 19:00:00+00:00
2024-11-11 10:34:59,249 - Long Buy 145.00 shares at 84.17 on 2024-10-21 19:15:00+00:00
2024-11-11 10:34:59,250 - Long Buy 142.00 shares at 84.12 on 2024-10-21 19:30:00+00:00
2024-11-11 10:34:59,250 - Long Buy 139.00 shares at 84.19 on 2024-10-21 19:45:00+00:00
2024-11-11 10:34:59,250 - Sell to close 4909.00 shares at 82.26 on 2024-10-22 13:30:00+00:00 (Exit: Stop_loss, Profit: -12051.809999999845, Duration: 5385.0 minutes)
2024-11-11 10:34:59,250 - Short Sell 237.00 shares at 82.36 on 2024-10-23 15:00:00+00:00
2024-11-11 10:34:59,250 - Short Sell 237.00 shares at 82.53 on 2024-10-23 15:15:00+00:00
2024-11-11 10:34:59,250 - Short Sell 236.00 shares at 82.74 on 2024-10-23 15:30:00+00:00
2024-11-11 10:34:59,250 - Short Sell 236.00 shares at 82.77 on 2024-10-23 15:45:00+00:00
2024-11-11 10:34:59,250 - Short Sell 237.00 shares at 82.51 on 2024-10-23 16:00:00+00:00
2024-11-11 10:34:59,250 - Short Sell 237.00 shares at 82.47 on 2024-10-23 16:15:00+00:00
2024-11-11 10:34:59,250 - Buy to cover -1420.00 shares at 82.2 on 2024-10-23 17:30:00+00:00 (Exit: Signal, Profit: 515.5499999999759, Duration: 150.0 minutes)
2024-11-11 10:34:59,250 - Long Buy 238.00 shares at 82.08 on 2024-10-23 17:45:00+00:00
2024-11-11 10:34:59,250 - Long Buy 234.00 shares at 81.79 on 2024-10-23 18:00:00+00:00
2024-11-11 10:34:59,250 - Long Buy 229.00 shares at 81.98 on 2024-10-23 18:15:00+00:00
2024-11-11 10:34:59,250 - Long Buy 224.00 shares at 82.02 on 2024-10-23 18:30:00+00:00
2024-11-11 10:34:59,250 - Long Buy 220.00 shares at 81.95 on 2024-10-23 18:45:00+00:00
2024-11-11 10:34:59,251 - Long Buy 215.00 shares at 82.03 on 2024-10-23 19:00:00+00:00
2024-11-11 10:34:59,251 - Long Buy 211.00 shares at 82.04 on 2024-10-23 19:15:00+00:00
2024-11-11 10:34:59,251 - Long Buy 207.00 shares at 81.97 on 2024-10-23 19:30:00+00:00
2024-11-11 10:34:59,251 - Long Buy 203.00 shares at 81.98 on 2024-10-23 19:45:00+00:00
2024-11-11 10:34:59,251 - Long Buy 199.00 shares at 81.77 on 2024-10-24 13:30:00+00:00
2024-11-11 10:34:59,251 - Sell to close 2180.00 shares at 82.74 on 2024-10-24 14:15:00+00:00 (Exit: Signal, Profit: 1695.5499999999738, Duration: 1230.0 minutes)
2024-11-11 10:34:59,251 - Short Sell 236.00 shares at 82.8 on 2024-10-24 14:30:00+00:00
2024-11-11 10:34:59,251 - Short Sell 236.00 shares at 82.8 on 2024-10-24 14:45:00+00:00
2024-11-11 10:34:59,251 - Short Sell 236.00 shares at 82.86 on 2024-10-24 15:00:00+00:00
2024-11-11 10:34:59,251 - Short Sell 237.00 shares at 82.76 on 2024-10-24 15:15:00+00:00
2024-11-11 10:34:59,251 - Short Sell 237.00 shares at 82.56 on 2024-10-24 15:30:00+00:00
2024-11-11 10:34:59,251 - Short Sell 237.00 shares at 82.61 on 2024-10-24 15:45:00+00:00
2024-11-11 10:34:59,251 - Buy to cover -1419.00 shares at 82.6 on 2024-10-24 16:00:00+00:00 (Exit: Signal, Profit: 186.57000000001835, Duration: 90.0 minutes)
2024-11-11 10:34:59,251 - Short Sell 237.00 shares at 82.72 on 2024-10-24 16:15:00+00:00
2024-11-11 10:34:59,251 - Short Sell 237.00 shares at 82.76 on 2024-10-24 16:30:00+00:00
2024-11-11 10:34:59,251 - Short Sell 236.00 shares at 82.86 on 2024-10-24 16:45:00+00:00
2024-11-11 10:34:59,251 - Short Sell 236.00 shares at 82.94 on 2024-10-24 17:00:00+00:00
2024-11-11 10:34:59,251 - Short Sell 236.00 shares at 83.03 on 2024-10-24 17:15:00+00:00
2024-11-11 10:34:59,251 - Short Sell 236.00 shares at 83.06 on 2024-10-24 17:30:00+00:00
2024-11-11 10:34:59,251 - Short Sell 236.00 shares at 82.87 on 2024-10-24 17:45:00+00:00
2024-11-11 10:34:59,251 - Short Sell 237.00 shares at 82.81 on 2024-10-24 18:00:00+00:00
2024-11-11 10:34:59,251 - Short Sell 237.00 shares at 82.71 on 2024-10-24 18:45:00+00:00
2024-11-11 10:34:59,251 - Short Sell 237.00 shares at 82.72 on 2024-10-24 19:00:00+00:00
2024-11-11 10:34:59,251 - Short Sell 237.00 shares at 82.81 on 2024-10-24 19:15:00+00:00
2024-11-11 10:34:59,252 - Short Sell 236.00 shares at 82.9 on 2024-10-24 19:30:00+00:00
2024-11-11 10:34:59,252 - Short Sell 236.00 shares at 82.88 on 2024-10-24 19:45:00+00:00
2024-11-11 10:34:59,252 - Buy to cover -3074.00 shares at 82.34 on 2024-10-25 14:45:00+00:00 (Exit: Signal, Profit: 1571.8899999999837, Duration: 1350.0 minutes)
2024-11-11 10:34:59,252 - Long Buy 239.00 shares at 82.13 on 2024-10-25 15:00:00+00:00
2024-11-11 10:34:59,252 - Long Buy 234.00 shares at 82.02 on 2024-10-25 15:15:00+00:00
2024-11-11 10:34:59,252 - Long Buy 230.00 shares at 81.99 on 2024-10-25 15:30:00+00:00
2024-11-11 10:34:59,252 - Long Buy 225.00 shares at 82.14 on 2024-10-25 15:45:00+00:00
2024-11-11 10:34:59,252 - Long Buy 221.00 shares at 82.03 on 2024-10-25 16:00:00+00:00
2024-11-11 10:34:59,252 - Long Buy 216.00 shares at 82.16 on 2024-10-25 16:15:00+00:00
2024-11-11 10:34:59,252 - Long Buy 212.00 shares at 82.02 on 2024-10-25 16:30:00+00:00
2024-11-11 10:34:59,252 - Long Buy 208.00 shares at 82.03 on 2024-10-25 16:45:00+00:00
2024-11-11 10:34:59,252 - Long Buy 204.00 shares at 81.82 on 2024-10-25 17:00:00+00:00
2024-11-11 10:34:59,252 - Long Buy 200.00 shares at 81.73 on 2024-10-25 17:15:00+00:00
2024-11-11 10:34:59,252 - Long Buy 197.00 shares at 81.52 on 2024-10-25 17:30:00+00:00
2024-11-11 10:34:59,252 - Long Buy 192.00 shares at 81.59 on 2024-10-25 17:45:00+00:00
2024-11-11 10:34:59,252 - Long Buy 189.00 shares at 81.62 on 2024-10-25 18:00:00+00:00
2024-11-11 10:34:59,252 - Long Buy 185.00 shares at 81.7 on 2024-10-25 18:15:00+00:00
2024-11-11 10:34:59,252 - Long Buy 181.00 shares at 81.71 on 2024-10-25 18:30:00+00:00
2024-11-11 10:34:59,252 - Long Buy 177.00 shares at 81.74 on 2024-10-25 18:45:00+00:00
2024-11-11 10:34:59,252 - Long Buy 174.00 shares at 81.54 on 2024-10-25 19:00:00+00:00
2024-11-11 10:34:59,252 - Long Buy 170.00 shares at 81.62 on 2024-10-25 19:15:00+00:00
2024-11-11 10:34:59,252 - Long Buy 167.00 shares at 81.41 on 2024-10-25 19:30:00+00:00
2024-11-11 10:34:59,252 - Long Buy 165.00 shares at 81.22 on 2024-10-25 19:45:00+00:00
2024-11-11 10:34:59,252 - Sell to close 3986.00 shares at 82.37 on 2024-10-28 13:30:00+00:00 (Exit: Signal, Profit: 2219.900000000119, Duration: 4230.0 minutes)
2024-11-11 10:34:59,253 - Short Sell 239.00 shares at 82.24 on 2024-10-28 13:45:00+00:00
2024-11-11 10:34:59,253 - Short Sell 239.00 shares at 82.18 on 2024-10-28 14:00:00+00:00
2024-11-11 10:34:59,253 - Short Sell 239.00 shares at 82.41 on 2024-10-28 14:15:00+00:00
2024-11-11 10:34:59,253 - Short Sell 239.00 shares at 82.37 on 2024-10-28 14:45:00+00:00
2024-11-11 10:34:59,253 - Short Sell 238.00 shares at 82.44 on 2024-10-28 15:00:00+00:00
2024-11-11 10:34:59,253 - Short Sell 239.00 shares at 82.23 on 2024-10-28 15:15:00+00:00
2024-11-11 10:34:59,253 - Buy to cover -1433.00 shares at 81.7 on 2024-10-28 16:30:00+00:00 (Exit: Signal, Profit: 876.3899999999969, Duration: 165.0 minutes)
2024-11-11 10:34:59,253 - Long Buy 241.00 shares at 81.63 on 2024-10-28 16:45:00+00:00
2024-11-11 10:34:59,253 - Long Buy 237.00 shares at 81.49 on 2024-10-28 17:00:00+00:00
2024-11-11 10:34:59,253 - Long Buy 231.00 shares at 81.71 on 2024-10-28 17:15:00+00:00
2024-11-11 10:34:59,253 - Long Buy 226.00 shares at 81.77 on 2024-10-28 17:30:00+00:00
2024-11-11 10:34:59,253 - Long Buy 222.00 shares at 81.81 on 2024-10-28 17:45:00+00:00
2024-11-11 10:34:59,253 - Long Buy 218.00 shares at 81.71 on 2024-10-28 18:00:00+00:00
2024-11-11 10:34:59,253 - Long Buy 214.00 shares at 81.58 on 2024-10-28 18:15:00+00:00
2024-11-11 10:34:59,253 - Long Buy 209.00 shares at 81.55 on 2024-10-28 18:30:00+00:00
2024-11-11 10:34:59,253 - Long Buy 205.00 shares at 81.55 on 2024-10-28 18:45:00+00:00
2024-11-11 10:34:59,253 - Long Buy 202.00 shares at 81.35 on 2024-10-28 19:00:00+00:00
2024-11-11 10:34:59,253 - Long Buy 197.00 shares at 81.55 on 2024-10-28 19:15:00+00:00
2024-11-11 10:34:59,253 - Long Buy 193.00 shares at 81.67 on 2024-10-28 19:45:00+00:00
2024-11-11 10:34:59,253 - Long Buy 193.00 shares at 80.12 on 2024-10-29 13:30:00+00:00
2024-11-11 10:34:59,253 - Long Buy 187.00 shares at 80.82 on 2024-10-29 13:45:00+00:00
2024-11-11 10:34:59,253 - Long Buy 183.00 shares at 81.14 on 2024-10-29 14:00:00+00:00
2024-11-11 10:34:59,253 - Long Buy 179.00 shares at 81.15 on 2024-10-29 14:15:00+00:00
2024-11-11 10:34:59,253 - Long Buy 175.00 shares at 81.39 on 2024-10-29 14:45:00+00:00
2024-11-11 10:34:59,253 - Long Buy 172.00 shares at 81.28 on 2024-10-29 15:00:00+00:00
2024-11-11 10:34:59,254 - Long Buy 168.00 shares at 81.39 on 2024-10-29 15:15:00+00:00
2024-11-11 10:34:59,254 - Long Buy 165.00 shares at 81.45 on 2024-10-29 15:30:00+00:00
2024-11-11 10:34:59,254 - Sell to close 4017.00 shares at 82.23 on 2024-10-29 16:00:00+00:00 (Exit: Signal, Profit: 3234.990000000112, Duration: 1395.0 minutes)
2024-11-11 10:34:59,254 - Short Sell 240.00 shares at 82.17 on 2024-10-29 16:15:00+00:00
2024-11-11 10:34:59,254 - Buy to cover -240.00 shares at 81.44 on 2024-10-29 17:15:00+00:00 (Exit: Signal, Profit: 175.20000000000095, Duration: 60.0 minutes)
2024-11-11 10:34:59,254 - Long Buy 243.00 shares at 81.29 on 2024-10-29 17:30:00+00:00
2024-11-11 10:34:59,254 - Long Buy 238.00 shares at 81.45 on 2024-10-29 17:45:00+00:00
2024-11-11 10:34:59,254 - Long Buy 233.00 shares at 81.4 on 2024-10-29 18:00:00+00:00
2024-11-11 10:34:59,254 - Long Buy 228.00 shares at 81.54 on 2024-10-29 18:15:00+00:00
2024-11-11 10:34:59,254 - Long Buy 223.00 shares at 81.57 on 2024-10-29 18:45:00+00:00
2024-11-11 10:34:59,254 - Long Buy 219.00 shares at 81.36 on 2024-10-29 19:00:00+00:00
2024-11-11 10:34:59,254 - Long Buy 215.00 shares at 81.3 on 2024-10-29 19:15:00+00:00
2024-11-11 10:34:59,254 - Long Buy 210.00 shares at 81.45 on 2024-10-29 19:30:00+00:00
2024-11-11 10:34:59,254 - Long Buy 207.00 shares at 81.32 on 2024-10-29 19:45:00+00:00
2024-11-11 10:34:59,254 - Long Buy 204.00 shares at 80.63 on 2024-10-30 13:30:00+00:00
2024-11-11 10:34:59,254 - Long Buy 199.00 shares at 81.01 on 2024-10-30 13:45:00+00:00
2024-11-11 10:34:59,254 - Long Buy 196.00 shares at 80.86 on 2024-10-30 14:00:00+00:00
2024-11-11 10:34:59,254 - Long Buy 193.00 shares at 80.45 on 2024-10-30 14:15:00+00:00
2024-11-11 10:34:59,254 - Long Buy 189.00 shares at 80.48 on 2024-10-30 14:30:00+00:00
2024-11-11 10:34:59,254 - Long Buy 185.00 shares at 80.54 on 2024-10-30 14:45:00+00:00
2024-11-11 10:34:59,254 - Long Buy 181.00 shares at 80.6 on 2024-10-30 15:00:00+00:00
2024-11-11 10:34:59,254 - Long Buy 177.00 shares at 80.56 on 2024-10-30 15:15:00+00:00
2024-11-11 10:34:59,255 - Long Buy 174.00 shares at 80.66 on 2024-10-30 15:30:00+00:00
2024-11-11 10:34:59,255 - Long Buy 170.00 shares at 80.66 on 2024-10-30 15:45:00+00:00
2024-11-11 10:34:59,255 - Long Buy 167.00 shares at 80.57 on 2024-10-30 16:00:00+00:00
2024-11-11 10:34:59,255 - Long Buy 164.00 shares at 80.54 on 2024-10-30 16:15:00+00:00
2024-11-11 10:34:59,255 - Long Buy 160.00 shares at 80.65 on 2024-10-30 16:30:00+00:00
2024-11-11 10:34:59,255 - Long Buy 157.00 shares at 80.58 on 2024-10-30 16:45:00+00:00
2024-11-11 10:34:59,255 - Long Buy 154.00 shares at 80.66 on 2024-10-30 17:00:00+00:00
2024-11-11 10:34:59,255 - Long Buy 151.00 shares at 80.63 on 2024-10-30 17:15:00+00:00
2024-11-11 10:34:59,255 - Long Buy 148.00 shares at 80.61 on 2024-10-30 17:30:00+00:00
2024-11-11 10:34:59,255 - Long Buy 145.00 shares at 80.62 on 2024-10-30 17:45:00+00:00
2024-11-11 10:34:59,255 - Long Buy 142.00 shares at 80.75 on 2024-10-30 18:00:00+00:00
2024-11-11 10:34:59,255 - Long Buy 139.00 shares at 80.67 on 2024-10-30 18:15:00+00:00
2024-11-11 10:34:59,255 - Long Buy 137.00 shares at 80.46 on 2024-10-30 18:30:00+00:00
2024-11-11 10:34:59,255 - Long Buy 134.00 shares at 80.44 on 2024-10-30 18:45:00+00:00
2024-11-11 10:34:59,255 - Long Buy 131.00 shares at 80.35 on 2024-10-30 19:00:00+00:00
2024-11-11 10:34:59,255 - Long Buy 129.00 shares at 80.38 on 2024-10-30 19:15:00+00:00
2024-11-11 10:34:59,255 - Long Buy 126.00 shares at 80.42 on 2024-10-30 19:30:00+00:00
2024-11-11 10:34:59,255 - Long Buy 124.00 shares at 80.35 on 2024-10-30 19:45:00+00:00
2024-11-11 10:34:59,255 - Sell to close 6192.00 shares at 80.76 on 2024-10-31 13:30:00+00:00 (Exit: Signal, Profit: -614.0200000000029, Duration: 2640.0 minutes)
2024-11-11 10:34:59,255 - Short Sell 245.00 shares at 80.45 on 2024-10-31 13:45:00+00:00
2024-11-11 10:34:59,255 - Buy to cover -245.00 shares at 79.98 on 2024-10-31 14:00:00+00:00 (Exit: Signal, Profit: 115.14999999999972, Duration: 15.0 minutes)
2024-11-11 10:34:59,255 - Long Buy 248.00 shares at 79.71 on 2024-10-31 14:15:00+00:00
2024-11-11 10:34:59,255 - Long Buy 242.00 shares at 79.98 on 2024-10-31 14:30:00+00:00
2024-11-11 10:34:59,255 - Long Buy 238.00 shares at 79.74 on 2024-10-31 14:45:00+00:00
2024-11-11 10:34:59,255 - Long Buy 233.00 shares at 79.86 on 2024-10-31 15:00:00+00:00
2024-11-11 10:34:59,255 - Long Buy 228.00 shares at 79.97 on 2024-10-31 15:15:00+00:00
2024-11-11 10:34:59,255 - Long Buy 223.00 shares at 80.06 on 2024-10-31 15:30:00+00:00
2024-11-11 10:34:59,256 - Long Buy 218.00 shares at 80.17 on 2024-10-31 15:45:00+00:00
2024-11-11 10:34:59,256 - Long Buy 214.00 shares at 80.09 on 2024-10-31 16:00:00+00:00
2024-11-11 10:34:59,256 - Long Buy 209.00 shares at 80.16 on 2024-10-31 16:30:00+00:00
2024-11-11 10:34:59,256 - Long Buy 205.00 shares at 80.17 on 2024-10-31 16:45:00+00:00
2024-11-11 10:34:59,256 - Long Buy 201.00 shares at 80.18 on 2024-10-31 17:00:00+00:00
2024-11-11 10:34:59,256 - Long Buy 197.00 shares at 80.12 on 2024-10-31 17:30:00+00:00
2024-11-11 10:34:59,256 - Long Buy 193.00 shares at 80.1 on 2024-10-31 18:00:00+00:00
2024-11-11 10:34:59,256 - Long Buy 189.00 shares at 80.11 on 2024-10-31 18:15:00+00:00
2024-11-11 10:34:59,256 - Long Buy 186.00 shares at 80.1 on 2024-10-31 18:30:00+00:00
2024-11-11 10:34:59,256 - Long Buy 182.00 shares at 80.09 on 2024-10-31 19:00:00+00:00
2024-11-11 10:34:59,256 - Long Buy 179.00 shares at 79.9 on 2024-10-31 19:45:00+00:00
2024-11-11 10:34:59,256 - Sell to close 3585.00 shares at 80.77 on 2024-11-01 13:30:00+00:00 (Exit: Signal, Profit: 2683.57000000002, Duration: 1395.0 minutes)
2024-11-11 10:34:59,256 - Short Sell 245.00 shares at 80.75 on 2024-11-01 13:45:00+00:00
2024-11-11 10:34:59,256 - Short Sell 245.00 shares at 80.8 on 2024-11-01 14:00:00+00:00
2024-11-11 10:34:59,256 - Short Sell 245.00 shares at 80.92 on 2024-11-01 14:15:00+00:00
2024-11-11 10:34:59,256 - Buy to cover -735.00 shares at 80.78 on 2024-11-01 14:30:00+00:00 (Exit: Signal, Profit: 31.850000000002368, Duration: 45.0 minutes)
2024-11-11 10:34:59,256 - Long Buy 245.00 shares at 80.68 on 2024-11-01 14:45:00+00:00
2024-11-11 10:34:59,256 - Long Buy 240.00 shares at 80.65 on 2024-11-01 15:00:00+00:00
2024-11-11 10:34:59,256 - Long Buy 236.00 shares at 80.62 on 2024-11-01 15:15:00+00:00
2024-11-11 10:34:59,256 - Long Buy 232.00 shares at 80.33 on 2024-11-01 15:30:00+00:00
2024-11-11 10:34:59,256 - Long Buy 227.00 shares at 80.28 on 2024-11-01 15:45:00+00:00
2024-11-11 10:34:59,256 - Long Buy 223.00 shares at 80.38 on 2024-11-01 16:00:00+00:00
2024-11-11 10:34:59,256 - Long Buy 219.00 shares at 80.22 on 2024-11-01 16:15:00+00:00
2024-11-11 10:34:59,256 - Long Buy 214.00 shares at 80.17 on 2024-11-01 16:30:00+00:00
2024-11-11 10:34:59,257 - Long Buy 210.00 shares at 80.17 on 2024-11-01 16:45:00+00:00
2024-11-11 10:34:59,257 - Long Buy 206.00 shares at 80.26 on 2024-11-01 17:00:00+00:00
2024-11-11 10:34:59,257 - Long Buy 202.00 shares at 80.24 on 2024-11-01 17:15:00+00:00
2024-11-11 10:34:59,257 - Long Buy 198.00 shares at 80.0 on 2024-11-01 17:30:00+00:00
2024-11-11 10:34:59,257 - Long Buy 194.00 shares at 80.07 on 2024-11-01 17:45:00+00:00
2024-11-11 10:34:59,257 - Long Buy 190.00 shares at 80.07 on 2024-11-01 18:00:00+00:00
2024-11-11 10:34:59,257 - Long Buy 186.00 shares at 80.06 on 2024-11-01 18:15:00+00:00
2024-11-11 10:34:59,257 - Long Buy 182.00 shares at 80.12 on 2024-11-01 18:30:00+00:00
2024-11-11 10:34:59,257 - Long Buy 179.00 shares at 80.17 on 2024-11-01 18:45:00+00:00
2024-11-11 10:34:59,257 - Long Buy 175.00 shares at 80.29 on 2024-11-01 19:00:00+00:00
2024-11-11 10:34:59,257 - Long Buy 172.00 shares at 80.21 on 2024-11-01 19:15:00+00:00
2024-11-11 10:34:59,257 - Long Buy 168.00 shares at 80.16 on 2024-11-01 19:30:00+00:00
2024-11-11 10:34:59,257 - Long Buy 165.00 shares at 80.16 on 2024-11-01 19:45:00+00:00
2024-11-11 10:34:59,257 - Sell to close 4263.00 shares at 81.45 on 2024-11-04 14:30:00+00:00 (Exit: Signal, Profit: 5034.810000000056, Duration: 4305.0 minutes)
2024-11-11 10:34:59,257 - Short Sell 244.00 shares at 81.52 on 2024-11-04 14:45:00+00:00
2024-11-11 10:34:59,257 - Short Sell 245.00 shares at 81.27 on 2024-11-04 15:00:00+00:00
2024-11-11 10:34:59,257 - Short Sell 245.00 shares at 81.3 on 2024-11-04 15:15:00+00:00
2024-11-11 10:34:59,257 - Short Sell 245.00 shares at 81.31 on 2024-11-04 15:30:00+00:00
2024-11-11 10:34:59,257 - Short Sell 245.00 shares at 81.2 on 2024-11-04 16:00:00+00:00
2024-11-11 10:34:59,257 - Buy to cover -1224.00 shares at 80.73 on 2024-11-04 16:30:00+00:00 (Exit: Signal, Profit: 721.9599999999928, Duration: 105.0 minutes)
2024-11-11 10:34:59,257 - Long Buy 247.00 shares at 80.71 on 2024-11-04 16:45:00+00:00
2024-11-11 10:34:59,257 - Long Buy 242.00 shares at 80.53 on 2024-11-04 17:00:00+00:00
2024-11-11 10:34:59,257 - Long Buy 237.00 shares at 80.72 on 2024-11-04 17:15:00+00:00
2024-11-11 10:34:59,257 - Long Buy 232.00 shares at 80.65 on 2024-11-04 17:30:00+00:00
2024-11-11 10:34:59,257 - Long Buy 228.00 shares at 80.69 on 2024-11-04 17:45:00+00:00
2024-11-11 10:34:59,257 - Long Buy 223.00 shares at 80.66 on 2024-11-04 18:00:00+00:00
2024-11-11 10:34:59,258 - Long Buy 219.00 shares at 80.65 on 2024-11-04 18:15:00+00:00
2024-11-11 10:34:59,258 - Long Buy 214.00 shares at 80.69 on 2024-11-04 18:30:00+00:00
2024-11-11 10:34:59,258 - Long Buy 210.00 shares at 80.53 on 2024-11-04 18:45:00+00:00
2024-11-11 10:34:59,258 - Long Buy 206.00 shares at 80.51 on 2024-11-04 19:00:00+00:00
2024-11-11 10:34:59,258 - Long Buy 202.00 shares at 80.53 on 2024-11-04 19:15:00+00:00
2024-11-11 10:34:59,258 - Long Buy 198.00 shares at 80.66 on 2024-11-04 19:30:00+00:00
2024-11-11 10:34:59,258 - Long Buy 194.00 shares at 80.59 on 2024-11-04 19:45:00+00:00
2024-11-11 10:34:59,258 - Long Buy 190.00 shares at 80.56 on 2024-11-04 20:00:00+00:00
2024-11-11 10:34:59,258 - Long Buy 186.00 shares at 80.77 on 2024-11-04 20:15:00+00:00
2024-11-11 10:34:59,258 - Long Buy 182.00 shares at 80.68 on 2024-11-04 20:30:00+00:00
2024-11-11 10:34:59,258 - Long Buy 178.00 shares at 80.78 on 2024-11-04 20:45:00+00:00
2024-11-11 10:34:59,258 - Long Buy 175.00 shares at 80.78 on 2024-11-05 14:30:00+00:00
2024-11-11 10:34:59,258 - Sell to close 3763.00 shares at 81.31 on 2024-11-05 15:15:00+00:00 (Exit: Signal, Profit: 2492.6700000000296, Duration: 1350.0 minutes)
2024-11-11 10:34:59,258 - Short Sell 245.00 shares at 81.39 on 2024-11-05 15:30:00+00:00
2024-11-11 10:34:59,258 - Short Sell 245.00 shares at 81.32 on 2024-11-05 15:45:00+00:00
2024-11-11 10:34:59,258 - Short Sell 245.00 shares at 81.45 on 2024-11-05 16:00:00+00:00
2024-11-11 10:34:59,258 - Short Sell 246.00 shares at 81.27 on 2024-11-05 16:15:00+00:00
2024-11-11 10:34:59,258 - Short Sell 245.00 shares at 81.35 on 2024-11-05 16:30:00+00:00
2024-11-11 10:34:59,258 - Short Sell 245.00 shares at 81.37 on 2024-11-05 16:45:00+00:00
2024-11-11 10:34:59,258 - Short Sell 246.00 shares at 81.25 on 2024-11-05 17:00:00+00:00
2024-11-11 10:34:59,258 - Short Sell 245.00 shares at 81.31 on 2024-11-05 17:30:00+00:00
2024-11-11 10:34:59,258 - Short Sell 245.00 shares at 81.35 on 2024-11-05 17:45:00+00:00
2024-11-11 10:34:59,258 - Short Sell 245.00 shares at 81.39 on 2024-11-05 18:00:00+00:00
2024-11-11 10:34:59,258 - Short Sell 245.00 shares at 81.45 on 2024-11-05 18:15:00+00:00
2024-11-11 10:34:59,258 - Short Sell 244.00 shares at 81.61 on 2024-11-05 18:30:00+00:00
2024-11-11 10:34:59,258 - Short Sell 244.00 shares at 81.61 on 2024-11-05 18:45:00+00:00
2024-11-11 10:34:59,259 - Short Sell 244.00 shares at 81.61 on 2024-11-05 19:00:00+00:00
2024-11-11 10:34:59,259 - Short Sell 245.00 shares at 81.5 on 2024-11-05 19:15:00+00:00
2024-11-11 10:34:59,259 - Short Sell 245.00 shares at 81.56 on 2024-11-05 19:30:00+00:00
2024-11-11 10:34:59,259 - Short Sell 245.00 shares at 81.45 on 2024-11-05 19:45:00+00:00
2024-11-11 10:34:59,259 - Short Sell 245.00 shares at 81.56 on 2024-11-05 20:00:00+00:00
2024-11-11 10:34:59,259 - Short Sell 245.00 shares at 81.56 on 2024-11-05 20:15:00+00:00
2024-11-11 10:34:59,259 - Short Sell 244.00 shares at 81.64 on 2024-11-05 20:30:00+00:00
2024-11-11 10:34:59,259 - Short Sell 244.00 shares at 81.78 on 2024-11-05 20:45:00+00:00
2024-11-11 10:34:59,259 - Buy to cover -5142.00 shares at 79.02 on 2024-11-06 14:30:00+00:00 (Exit: Profit_take, Profit: 12574.529999999906, Duration: 1380.0 minutes)
2024-11-11 10:34:59,259 - Long Buy 253.00 shares at 79.79 on 2024-11-06 14:45:00+00:00
2024-11-11 10:34:59,259 - Long Buy 246.00 shares at 80.43 on 2024-11-06 15:00:00+00:00
2024-11-11 10:34:59,259 - Long Buy 240.00 shares at 80.79 on 2024-11-06 15:15:00+00:00
2024-11-11 10:34:59,259 - Long Buy 237.00 shares at 80.22 on 2024-11-06 15:30:00+00:00
2024-11-11 10:34:59,259 - Long Buy 232.00 shares at 80.17 on 2024-11-06 15:45:00+00:00
2024-11-11 10:34:59,259 - Long Buy 228.00 shares at 80.1 on 2024-11-06 16:00:00+00:00
2024-11-11 10:34:59,259 - Long Buy 225.00 shares at 79.7 on 2024-11-06 16:15:00+00:00
2024-11-11 10:34:59,259 - Long Buy 219.00 shares at 80.23 on 2024-11-06 16:30:00+00:00
2024-11-11 10:34:59,259 - Long Buy 213.00 shares at 80.54 on 2024-11-06 16:45:00+00:00
2024-11-11 10:34:59,259 - Long Buy 210.00 shares at 80.4 on 2024-11-06 17:00:00+00:00
2024-11-11 10:34:59,259 - Long Buy 206.00 shares at 80.3 on 2024-11-06 17:15:00+00:00
2024-11-11 10:34:59,259 - Long Buy 201.00 shares at 80.44 on 2024-11-06 17:30:00+00:00
2024-11-11 10:34:59,259 - Long Buy 197.00 shares at 80.69 on 2024-11-06 17:45:00+00:00
2024-11-11 10:34:59,259 - Long Buy 192.00 shares at 80.94 on 2024-11-06 18:00:00+00:00
2024-11-11 10:34:59,259 - Long Buy 188.00 shares at 81.11 on 2024-11-06 18:30:00+00:00
2024-11-11 10:34:59,259 - Long Buy 184.00 shares at 80.91 on 2024-11-06 18:45:00+00:00
2024-11-11 10:34:59,259 - Long Buy 181.00 shares at 80.83 on 2024-11-06 19:00:00+00:00
2024-11-11 10:34:59,259 - Long Buy 178.00 shares at 80.7 on 2024-11-06 19:15:00+00:00
2024-11-11 10:34:59,259 - Long Buy 174.00 shares at 80.68 on 2024-11-06 19:30:00+00:00
2024-11-11 10:34:59,260 - Long Buy 171.00 shares at 80.47 on 2024-11-06 19:45:00+00:00
2024-11-11 10:34:59,260 - Long Buy 167.00 shares at 80.6 on 2024-11-06 20:00:00+00:00
2024-11-11 10:34:59,260 - Long Buy 164.00 shares at 80.6 on 2024-11-06 20:15:00+00:00
2024-11-11 10:34:59,260 - Long Buy 161.00 shares at 80.42 on 2024-11-06 20:30:00+00:00
2024-11-11 10:34:59,260 - Long Buy 158.00 shares at 80.22 on 2024-11-06 20:45:00+00:00
2024-11-11 10:34:59,260 - Long Buy 156.00 shares at 79.98 on 2024-11-07 14:30:00+00:00
2024-11-11 10:34:59,260 - Long Buy 152.00 shares at 80.37 on 2024-11-07 14:45:00+00:00
2024-11-11 10:34:59,260 - Long Buy 149.00 shares at 80.32 on 2024-11-07 15:00:00+00:00
2024-11-11 10:34:59,260 - Long Buy 146.00 shares at 80.48 on 2024-11-07 15:15:00+00:00
2024-11-11 10:34:59,260 - Long Buy 142.00 shares at 80.84 on 2024-11-07 15:30:00+00:00
2024-11-11 10:34:59,260 - Long Buy 140.00 shares at 80.42 on 2024-11-07 15:45:00+00:00
2024-11-11 10:34:59,260 - Long Buy 137.00 shares at 80.27 on 2024-11-07 16:00:00+00:00
2024-11-11 10:34:59,260 - Long Buy 135.00 shares at 80.27 on 2024-11-07 16:15:00+00:00
2024-11-11 10:34:59,260 - Long Buy 132.00 shares at 80.14 on 2024-11-07 16:30:00+00:00
2024-11-11 10:34:59,260 - Long Buy 130.00 shares at 80.03 on 2024-11-07 16:45:00+00:00
2024-11-11 10:34:59,260 - Long Buy 127.00 shares at 80.21 on 2024-11-07 17:00:00+00:00
2024-11-11 10:34:59,260 - Long Buy 124.00 shares at 80.22 on 2024-11-07 17:15:00+00:00
2024-11-11 10:34:59,260 - Long Buy 122.00 shares at 80.22 on 2024-11-07 17:30:00+00:00
2024-11-11 10:34:59,260 - Long Buy 119.00 shares at 80.36 on 2024-11-07 17:45:00+00:00
2024-11-11 10:34:59,260 - Long Buy 117.00 shares at 80.28 on 2024-11-07 18:00:00+00:00
2024-11-11 10:34:59,260 - Long Buy 115.00 shares at 80.19 on 2024-11-07 18:15:00+00:00
2024-11-11 10:34:59,260 - Long Buy 113.00 shares at 79.99 on 2024-11-07 18:30:00+00:00
2024-11-11 10:34:59,260 - Long Buy 110.00 shares at 79.99 on 2024-11-07 18:45:00+00:00
2024-11-11 10:34:59,260 - Long Buy 108.00 shares at 79.84 on 2024-11-07 19:00:00+00:00
2024-11-11 10:34:59,260 - Long Buy 106.00 shares at 79.81 on 2024-11-07 19:15:00+00:00
2024-11-11 10:34:59,260 - Long Buy 104.00 shares at 79.72 on 2024-11-07 19:30:00+00:00
2024-11-11 10:34:59,260 - Sell to close 7509.00 shares at 79.91 on 2024-11-07 19:45:00+00:00 (Exit: Signal, Profit: -3385.850000000263, Duration: 1740.0 minutes)
2024-11-11 10:34:59,260 - Short Sell 251.00 shares at 80.21 on 2024-11-07 20:00:00+00:00
2024-11-11 10:34:59,260 - Short Sell 251.00 shares at 80.15 on 2024-11-07 20:15:00+00:00
2024-11-11 10:34:59,261 - Short Sell 251.00 shares at 80.16 on 2024-11-07 20:30:00+00:00
2024-11-11 10:34:59,261 - Short Sell 251.00 shares at 80.24 on 2024-11-07 20:45:00+00:00
2024-11-11 10:34:59,261 - Short Sell 247.00 shares at 81.33 on 2024-11-08 14:30:00+00:00
2024-11-11 10:34:59,261 - Short Sell 247.00 shares at 81.29 on 2024-11-08 14:45:00+00:00
2024-11-11 10:34:59,261 - Short Sell 246.00 shares at 81.69 on 2024-11-08 15:00:00+00:00
2024-11-11 10:34:59,261 - Short Sell 246.00 shares at 81.77 on 2024-11-08 15:15:00+00:00
2024-11-11 10:34:59,261 - Short Sell 246.00 shares at 81.82 on 2024-11-08 15:30:00+00:00
2024-11-11 10:34:59,261 - Short Sell 246.00 shares at 81.59 on 2024-11-08 15:45:00+00:00
2024-11-11 10:34:59,261 - Short Sell 246.00 shares at 81.72 on 2024-11-08 16:00:00+00:00
2024-11-11 10:34:59,261 - Short Sell 246.00 shares at 81.64 on 2024-11-08 16:15:00+00:00
2024-11-11 10:34:59,261 - Short Sell 247.00 shares at 81.45 on 2024-11-08 16:30:00+00:00
2024-11-11 10:34:59,261 - Short Sell 247.00 shares at 81.5 on 2024-11-08 16:45:00+00:00
2024-11-11 10:34:59,261 - Short Sell 247.00 shares at 81.43 on 2024-11-08 17:00:00+00:00
2024-11-11 10:34:59,261 - Short Sell 247.00 shares at 81.37 on 2024-11-08 17:15:00+00:00
2024-11-11 10:34:59,261 - Short Sell 247.00 shares at 81.41 on 2024-11-08 17:30:00+00:00
2024-11-11 10:34:59,261 - Short Sell 247.00 shares at 81.37 on 2024-11-08 17:45:00+00:00
2024-11-11 10:34:59,261 - Short Sell 248.00 shares at 81.19 on 2024-11-08 18:00:00+00:00
2024-11-11 10:34:59,261 - Short Sell 247.00 shares at 81.34 on 2024-11-08 18:15:00+00:00
2024-11-11 10:34:59,261 - Short Sell 248.00 shares at 81.2 on 2024-11-08 18:30:00+00:00
2024-11-11 10:34:59,261 - Short Sell 248.00 shares at 81.24 on 2024-11-08 18:45:00+00:00
2024-11-11 10:34:59,261 - Short Sell 247.00 shares at 81.36 on 2024-11-08 19:00:00+00:00
2024-11-11 10:34:59,261 - Short Sell 247.00 shares at 81.39 on 2024-11-08 19:15:00+00:00
2024-11-11 10:34:59,261 - Short Sell 247.00 shares at 81.37 on 2024-11-08 19:30:00+00:00
2024-11-11 10:34:59,261 - Short Sell 247.00 shares at 81.44 on 2024-11-08 19:45:00+00:00
2024-11-11 10:34:59,261 - Short Sell 248.00 shares at 81.18 on 2024-11-08 20:00:00+00:00
2024-11-11 10:34:59,261 - Short Sell 249.00 shares at 81.09 on 2024-11-08 20:15:00+00:00
2024-11-11 10:34:59,261 - Buy to cover -6932.00 shares at 80.86 on 2024-11-08 20:30:00+00:00 (Exit: Signal, Profit: 2668.4600000000896, Duration: 1470.0 minutes)
2024-11-11 10:34:59,261 - Long Buy 249.00 shares at 80.96 on 2024-11-08 20:45:00+00:00
2024-11-11 10:34:59,262 - Holding 249.0 shares as an open position at the end with unrealized return: 0.0, Duration: 0.0 minutes
2024-11-11 10:34:59,264 - Final statisticsStock: MAS, 
total_trades: 27, 
winning_trades: 22, 
losing_trades: 5, 
average_return: 0.0035094343317380572, 
average_duration: 1343.888888888889, 
final_balance: 991466.6399999987, 
final_portfolio_value: 1011625.6799999988, 
sharpe_ratio: 7.621257970808465, 



