2024-11-11 20:28:02,212 - Starting GBMStrategy with initial capital: 1000000
2024-11-11 20:28:02,213 - Hyperparameters: {'threshold': 1.5, 'time_periods': 30, 'num_simulations': 150}
2024-11-11 20:32:37,950 - Short Sell 39.00 shares at 509.09 on 2024-10-11 14:30:00+00:00
2024-11-11 20:32:37,952 - Buy to cover -39.00 shares at 508.67 on 2024-10-11 14:45:00+00:00 (Exit: Signal, Profit: 16.379999999998404, Duration: 15.0 minutes)
2024-11-11 20:32:37,952 - Long Buy 39.00 shares at 508.16 on 2024-10-11 15:00:00+00:00
2024-11-11 20:32:37,952 - Long Buy 38.00 shares at 507.38 on 2024-10-11 15:15:00+00:00
2024-11-11 20:32:37,952 - Long Buy 37.00 shares at 507.31 on 2024-10-11 15:30:00+00:00
2024-11-11 20:32:37,952 - Long Buy 37.00 shares at 507.76 on 2024-10-11 15:45:00+00:00
2024-11-11 20:32:37,952 - Long Buy 36.00 shares at 507.15 on 2024-10-11 16:00:00+00:00
2024-11-11 20:32:37,952 - Long Buy 35.00 shares at 507.4 on 2024-10-11 16:15:00+00:00
2024-11-11 20:32:37,952 - Long Buy 34.00 shares at 507.32 on 2024-10-11 16:30:00+00:00
2024-11-11 20:32:37,952 - Long Buy 34.00 shares at 507.13 on 2024-10-11 16:45:00+00:00
2024-11-11 20:32:37,952 - Long Buy 33.00 shares at 507.31 on 2024-10-11 17:00:00+00:00
2024-11-11 20:32:37,952 - Long Buy 32.00 shares at 507.29 on 2024-10-11 17:15:00+00:00
2024-11-11 20:32:37,952 - Long Buy 32.00 shares at 505.84 on 2024-10-11 19:45:00+00:00
2024-11-11 20:32:37,953 - Long Buy 31.00 shares at 504.59 on 2024-10-14 13:30:00+00:00
2024-11-11 20:32:37,953 - Long Buy 31.00 shares at 504.93 on 2024-10-14 13:45:00+00:00
2024-11-11 20:32:37,953 - Sell to close 449.00 shares at 510.08 on 2024-10-14 14:15:00+00:00 (Exit: Profit_take, Profit: 1405.439999999971, Duration: 4275.0 minutes)
2024-11-11 20:32:37,953 - Long Buy 39.00 shares at 509.18 on 2024-10-14 15:30:00+00:00
2024-11-11 20:32:37,953 - Long Buy 38.00 shares at 508.89 on 2024-10-14 15:45:00+00:00
2024-11-11 20:32:37,953 - Long Buy 37.00 shares at 508.87 on 2024-10-14 16:00:00+00:00
2024-11-11 20:32:37,953 - Long Buy 37.00 shares at 509.26 on 2024-10-14 16:15:00+00:00
2024-11-11 20:32:37,953 - Long Buy 36.00 shares at 509.03 on 2024-10-14 17:30:00+00:00
2024-11-11 20:32:37,953 - Long Buy 35.00 shares at 508.57 on 2024-10-14 17:45:00+00:00
2024-11-11 20:32:37,953 - Long Buy 34.00 shares at 508.52 on 2024-10-14 19:15:00+00:00
2024-11-11 20:32:37,953 - Sell to close 256.00 shares at 511.67 on 2024-10-15 13:30:00+00:00 (Exit: Profit_take, Profit: 706.160000000018, Duration: 1320.0 minutes)
2024-11-11 20:32:37,953 - Short Sell 39.00 shares at 512.58 on 2024-10-15 13:45:00+00:00
2024-11-11 20:32:37,953 - Short Sell 38.00 shares at 514.49 on 2024-10-15 14:00:00+00:00
2024-11-11 20:32:37,953 - Buy to cover -77.00 shares at 518.17 on 2024-10-15 14:15:00+00:00 (Exit: Stop_loss, Profit: -357.8499999999884, Duration: 30.0 minutes)
2024-11-11 20:32:37,953 - Long Buy 39.00 shares at 510.73 on 2024-10-16 13:30:00+00:00
2024-11-11 20:32:37,954 - Long Buy 38.00 shares at 512.76 on 2024-10-16 13:45:00+00:00
2024-11-11 20:32:37,954 - Long Buy 37.00 shares at 510.95 on 2024-10-16 14:00:00+00:00
2024-11-11 20:32:37,954 - Long Buy 36.00 shares at 512.23 on 2024-10-16 14:15:00+00:00
2024-11-11 20:32:37,954 - Long Buy 36.00 shares at 511.6 on 2024-10-16 14:30:00+00:00
2024-11-11 20:32:37,954 - Long Buy 35.00 shares at 511.77 on 2024-10-16 14:45:00+00:00
2024-11-11 20:32:37,954 - Long Buy 34.00 shares at 510.66 on 2024-10-16 15:00:00+00:00
2024-11-11 20:32:37,954 - Long Buy 34.00 shares at 511.24 on 2024-10-16 15:15:00+00:00
2024-11-11 20:32:37,954 - Long Buy 33.00 shares at 511.44 on 2024-10-16 15:30:00+00:00
2024-11-11 20:32:37,954 - Long Buy 32.00 shares at 511.34 on 2024-10-16 15:45:00+00:00
2024-11-11 20:32:37,954 - Long Buy 32.00 shares at 512.07 on 2024-10-16 16:00:00+00:00
2024-11-11 20:32:37,954 - Long Buy 31.00 shares at 511.5 on 2024-10-16 16:15:00+00:00
2024-11-11 20:32:37,954 - Long Buy 30.00 shares at 511.65 on 2024-10-16 16:30:00+00:00
2024-11-11 20:32:37,954 - Long Buy 30.00 shares at 511.86 on 2024-10-16 16:45:00+00:00
2024-11-11 20:32:37,954 - Long Buy 29.00 shares at 511.82 on 2024-10-16 17:00:00+00:00
2024-11-11 20:32:37,954 - Long Buy 29.00 shares at 511.27 on 2024-10-16 17:15:00+00:00
2024-11-11 20:32:37,954 - Sell to close 535.00 shares at 511.91 on 2024-10-16 17:30:00+00:00 (Exit: Signal, Profit: 190.8700000000195, Duration: 240.0 minutes)
2024-11-11 20:32:37,954 - Short Sell 39.00 shares at 512.51 on 2024-10-16 17:45:00+00:00
2024-11-11 20:32:37,954 - Short Sell 39.00 shares at 513.07 on 2024-10-16 18:00:00+00:00
2024-11-11 20:32:37,954 - Short Sell 39.00 shares at 512.67 on 2024-10-16 18:15:00+00:00
2024-11-11 20:32:37,954 - Short Sell 39.00 shares at 511.99 on 2024-10-16 18:30:00+00:00
2024-11-11 20:32:37,954 - Buy to cover -156.00 shares at 509.15 on 2024-10-17 13:45:00+00:00 (Exit: Profit_take, Profit: 531.9600000000128, Duration: 1200.0 minutes)
2024-11-11 20:32:37,954 - Long Buy 39.00 shares at 509.62 on 2024-10-17 14:30:00+00:00
2024-11-11 20:32:37,954 - Long Buy 38.00 shares at 508.37 on 2024-10-17 14:45:00+00:00
2024-11-11 20:32:37,954 - Long Buy 37.00 shares at 508.51 on 2024-10-17 15:00:00+00:00
2024-11-11 20:32:37,954 - Long Buy 37.00 shares at 509.85 on 2024-10-17 15:45:00+00:00
2024-11-11 20:32:37,955 - Long Buy 36.00 shares at 509.5 on 2024-10-17 16:00:00+00:00
2024-11-11 20:32:37,955 - Long Buy 35.00 shares at 509.72 on 2024-10-17 16:15:00+00:00
2024-11-11 20:32:37,955 - Long Buy 34.00 shares at 509.27 on 2024-10-17 18:00:00+00:00
2024-11-11 20:32:37,955 - Long Buy 34.00 shares at 509.11 on 2024-10-17 18:15:00+00:00
2024-11-11 20:32:37,955 - Long Buy 33.00 shares at 508.51 on 2024-10-17 18:30:00+00:00
2024-11-11 20:32:37,955 - Long Buy 32.00 shares at 508.43 on 2024-10-17 19:15:00+00:00
2024-11-11 20:32:37,955 - Long Buy 32.00 shares at 507.64 on 2024-10-17 19:30:00+00:00
2024-11-11 20:32:37,955 - Sell to close 387.00 shares at 504.85 on 2024-10-18 13:30:00+00:00 (Exit: Stop_loss, Profit: -1597.7999999999931, Duration: 1380.0 minutes)
2024-11-11 20:32:37,955 - Long Buy 39.00 shares at 507.76 on 2024-10-21 13:45:00+00:00
2024-11-11 20:32:37,955 - Sell to close 39.00 shares at 511.06 on 2024-10-21 14:30:00+00:00 (Exit: Profit_take, Profit: 128.70000000000044, Duration: 45.0 minutes)
2024-11-11 20:32:37,955 - Long Buy 39.00 shares at 508.47 on 2024-10-21 15:00:00+00:00
2024-11-11 20:32:37,955 - Long Buy 38.00 shares at 508.07 on 2024-10-21 15:15:00+00:00
2024-11-11 20:32:37,955 - Long Buy 37.00 shares at 507.74 on 2024-10-21 15:30:00+00:00
2024-11-11 20:32:37,955 - Long Buy 37.00 shares at 507.44 on 2024-10-21 15:45:00+00:00
2024-11-11 20:32:37,955 - Long Buy 36.00 shares at 508.15 on 2024-10-21 16:00:00+00:00
2024-11-11 20:32:37,955 - Long Buy 35.00 shares at 508.05 on 2024-10-21 18:30:00+00:00
2024-11-11 20:32:37,956 - Long Buy 35.00 shares at 507.01 on 2024-10-22 13:30:00+00:00
2024-11-11 20:32:37,956 - Long Buy 34.00 shares at 507.61 on 2024-10-22 13:45:00+00:00
2024-11-11 20:32:37,956 - Long Buy 33.00 shares at 506.26 on 2024-10-22 14:00:00+00:00
2024-11-11 20:32:37,956 - Sell to close 324.00 shares at 504.91 on 2024-10-22 14:15:00+00:00 (Exit: Stop_loss, Profit: -893.6299999999703, Duration: 1395.0 minutes)
2024-11-11 20:32:37,956 - Long Buy 39.00 shares at 505.39 on 2024-10-23 13:30:00+00:00
2024-11-11 20:32:37,956 - Long Buy 38.00 shares at 503.96 on 2024-10-23 13:45:00+00:00
2024-11-11 20:32:37,956 - Long Buy 38.00 shares at 504.73 on 2024-10-23 14:15:00+00:00
2024-11-11 20:32:37,956 - Long Buy 37.00 shares at 504.84 on 2024-10-23 14:30:00+00:00
2024-11-11 20:32:37,956 - Long Buy 36.00 shares at 503.97 on 2024-10-23 14:45:00+00:00
2024-11-11 20:32:37,956 - Sell to close 188.00 shares at 504.02 on 2024-10-23 15:00:00+00:00 (Exit: Signal, Profit: -106.67000000000621, Duration: 90.0 minutes)
2024-11-11 20:32:37,956 - Long Buy 39.00 shares at 503.18 on 2024-10-23 15:45:00+00:00
2024-11-11 20:32:37,956 - Long Buy 39.00 shares at 502.58 on 2024-10-23 16:00:00+00:00
2024-11-11 20:32:37,956 - Long Buy 38.00 shares at 502.8 on 2024-10-23 16:15:00+00:00
2024-11-11 20:32:37,956 - Long Buy 37.00 shares at 502.52 on 2024-10-23 16:30:00+00:00
2024-11-11 20:32:37,956 - Long Buy 36.00 shares at 501.39 on 2024-10-23 16:45:00+00:00
2024-11-11 20:32:37,956 - Long Buy 36.00 shares at 501.1 on 2024-10-23 17:00:00+00:00
2024-11-11 20:32:37,956 - Long Buy 35.00 shares at 500.77 on 2024-10-23 17:15:00+00:00
2024-11-11 20:32:37,956 - Long Buy 34.00 shares at 500.8 on 2024-10-23 17:30:00+00:00
2024-11-11 20:32:37,956 - Long Buy 33.00 shares at 502.25 on 2024-10-23 17:45:00+00:00
2024-11-11 20:32:37,956 - Long Buy 33.00 shares at 502.37 on 2024-10-23 18:00:00+00:00
2024-11-11 20:32:37,956 - Long Buy 32.00 shares at 500.35 on 2024-10-23 18:15:00+00:00
2024-11-11 20:32:37,956 - Long Buy 32.00 shares at 501.21 on 2024-10-23 18:30:00+00:00
2024-11-11 20:32:37,957 - Long Buy 31.00 shares at 501.8 on 2024-10-23 18:45:00+00:00
2024-11-11 20:32:37,957 - Long Buy 30.00 shares at 501.36 on 2024-10-23 19:00:00+00:00
2024-11-11 20:32:37,957 - Long Buy 30.00 shares at 501.15 on 2024-10-23 19:15:00+00:00
2024-11-11 20:32:37,957 - Long Buy 29.00 shares at 502.32 on 2024-10-23 19:30:00+00:00
2024-11-11 20:32:37,957 - Long Buy 28.00 shares at 502.22 on 2024-10-23 19:45:00+00:00
2024-11-11 20:32:37,957 - Sell to close 572.00 shares at 506.14 on 2024-10-24 14:15:00+00:00 (Exit: Profit_take, Profit: 2481.0900000000092, Duration: 1350.0 minutes)
2024-11-11 20:32:37,957 - Short Sell 39.00 shares at 507.94 on 2024-10-24 14:45:00+00:00
2024-11-11 20:32:37,957 - Short Sell 39.00 shares at 507.53 on 2024-10-24 15:00:00+00:00
2024-11-11 20:32:37,957 - Short Sell 39.00 shares at 507.69 on 2024-10-24 15:15:00+00:00
2024-11-11 20:32:37,957 - Short Sell 39.00 shares at 506.88 on 2024-10-24 15:30:00+00:00
2024-11-11 20:32:37,957 - Short Sell 39.00 shares at 507.12 on 2024-10-24 15:45:00+00:00
2024-11-11 20:32:37,957 - Short Sell 39.00 shares at 507.27 on 2024-10-24 16:00:00+00:00
2024-11-11 20:32:37,957 - Short Sell 39.00 shares at 507.92 on 2024-10-24 16:15:00+00:00
2024-11-11 20:32:37,957 - Short Sell 39.00 shares at 508.81 on 2024-10-24 16:30:00+00:00
2024-11-11 20:32:37,957 - Short Sell 39.00 shares at 509.25 on 2024-10-24 16:45:00+00:00
2024-11-11 20:32:37,957 - Short Sell 39.00 shares at 508.35 on 2024-10-24 17:00:00+00:00
2024-11-11 20:32:37,957 - Short Sell 39.00 shares at 508.36 on 2024-10-24 17:15:00+00:00
2024-11-11 20:32:37,957 - Short Sell 39.00 shares at 508.14 on 2024-10-24 18:15:00+00:00
2024-11-11 20:32:37,957 - Short Sell 39.00 shares at 508.42 on 2024-10-24 19:00:00+00:00
2024-11-11 20:32:37,957 - Buy to cover -507.00 shares at 504.96 on 2024-10-24 19:45:00+00:00 (Exit: Profit_take, Profit: 1528.8000000000018, Duration: 300.0 minutes)
2024-11-11 20:32:37,957 - Long Buy 39.00 shares at 504.8 on 2024-10-25 13:45:00+00:00
2024-11-11 20:32:37,957 - Long Buy 38.00 shares at 505.27 on 2024-10-25 14:00:00+00:00
2024-11-11 20:32:37,957 - Long Buy 38.00 shares at 505.24 on 2024-10-25 15:30:00+00:00
2024-11-11 20:32:37,958 - Long Buy 37.00 shares at 505.23 on 2024-10-25 16:30:00+00:00
2024-11-11 20:32:37,958 - Long Buy 36.00 shares at 504.59 on 2024-10-25 16:45:00+00:00
2024-11-11 20:32:37,958 - Sell to close 188.00 shares at 507.47 on 2024-10-25 17:00:00+00:00 (Exit: Signal, Profit: 459.03000000001293, Duration: 195.0 minutes)
2024-11-11 20:32:37,958 - Short Sell 39.00 shares at 507.83 on 2024-10-25 17:15:00+00:00
2024-11-11 20:32:37,958 - Short Sell 39.00 shares at 506.65 on 2024-10-25 17:30:00+00:00
2024-11-11 20:32:37,958 - Short Sell 39.00 shares at 506.75 on 2024-10-25 17:45:00+00:00
2024-11-11 20:32:37,958 - Short Sell 39.00 shares at 506.14 on 2024-10-25 18:00:00+00:00
2024-11-11 20:32:37,958 - Short Sell 39.00 shares at 506.44 on 2024-10-25 18:15:00+00:00
2024-11-11 20:32:37,958 - Short Sell 39.00 shares at 507.27 on 2024-10-25 18:30:00+00:00
2024-11-11 20:32:37,958 - Short Sell 39.00 shares at 507.55 on 2024-10-25 18:45:00+00:00
2024-11-11 20:32:37,958 - Short Sell 39.00 shares at 507.22 on 2024-10-25 19:00:00+00:00
2024-11-11 20:32:37,958 - Short Sell 39.00 shares at 507.74 on 2024-10-25 19:15:00+00:00
2024-11-11 20:32:37,958 - Short Sell 39.00 shares at 507.89 on 2024-10-25 19:30:00+00:00
2024-11-11 20:32:37,958 - Short Sell 39.00 shares at 507.71 on 2024-10-25 19:45:00+00:00
2024-11-11 20:32:37,958 - Short Sell 39.00 shares at 507.93 on 2024-10-28 13:45:00+00:00
2024-11-11 20:32:37,958 - Short Sell 39.00 shares at 509.66 on 2024-10-28 14:00:00+00:00
2024-11-11 20:32:37,958 - Short Sell 39.00 shares at 509.07 on 2024-10-28 14:15:00+00:00
2024-11-11 20:32:37,958 - Short Sell 39.00 shares at 508.09 on 2024-10-28 14:30:00+00:00
2024-11-11 20:32:37,958 - Short Sell 39.00 shares at 508.52 on 2024-10-28 14:45:00+00:00
2024-11-11 20:32:37,958 - Short Sell 39.00 shares at 508.83 on 2024-10-28 15:00:00+00:00
2024-11-11 20:32:37,958 - Short Sell 39.00 shares at 508.61 on 2024-10-28 15:15:00+00:00
2024-11-11 20:32:37,958 - Short Sell 39.00 shares at 508.19 on 2024-10-28 15:30:00+00:00
2024-11-11 20:32:37,958 - Short Sell 39.00 shares at 508.55 on 2024-10-28 15:45:00+00:00
2024-11-11 20:32:37,958 - Short Sell 39.00 shares at 508.46 on 2024-10-28 16:00:00+00:00
2024-11-11 20:32:37,958 - Short Sell 39.00 shares at 508.65 on 2024-10-28 16:15:00+00:00
2024-11-11 20:32:37,958 - Short Sell 39.00 shares at 509.37 on 2024-10-28 16:30:00+00:00
2024-11-11 20:32:37,958 - Short Sell 39.00 shares at 509.27 on 2024-10-28 16:45:00+00:00
2024-11-11 20:32:37,958 - Short Sell 39.00 shares at 509.91 on 2024-10-28 17:00:00+00:00
2024-11-11 20:32:37,958 - Short Sell 39.00 shares at 510.05 on 2024-10-28 17:15:00+00:00
2024-11-11 20:32:37,958 - Buy to cover -1014.00 shares at 511.04 on 2024-10-28 17:30:00+00:00 (Exit: Stop_loss, Profit: -2912.910000000184, Duration: 4335.0 minutes)
2024-11-11 20:32:37,959 - Long Buy 39.00 shares at 508.33 on 2024-10-29 13:30:00+00:00
2024-11-11 20:32:37,959 - Long Buy 38.00 shares at 506.22 on 2024-10-29 13:45:00+00:00
2024-11-11 20:32:37,959 - Long Buy 37.00 shares at 507.24 on 2024-10-29 14:00:00+00:00
2024-11-11 20:32:37,959 - Long Buy 37.00 shares at 508.11 on 2024-10-29 14:15:00+00:00
2024-11-11 20:32:37,959 - Long Buy 36.00 shares at 507.72 on 2024-10-29 15:00:00+00:00
2024-11-11 20:32:37,959 - Long Buy 35.00 shares at 507.79 on 2024-10-29 15:15:00+00:00
2024-11-11 20:32:37,959 - Long Buy 35.00 shares at 506.9 on 2024-10-29 15:30:00+00:00
2024-11-11 20:32:37,959 - Long Buy 34.00 shares at 505.42 on 2024-10-29 15:45:00+00:00
2024-11-11 20:32:37,959 - Long Buy 33.00 shares at 505.2 on 2024-10-29 16:00:00+00:00
2024-11-11 20:32:37,959 - Long Buy 33.00 shares at 504.6 on 2024-10-29 16:15:00+00:00
2024-11-11 20:32:37,959 - Sell to close 357.00 shares at 502.26 on 2024-10-29 16:30:00+00:00 (Exit: Stop_loss, Profit: -1622.110000000006, Duration: 180.0 minutes)
2024-11-11 20:32:37,959 - Long Buy 40.00 shares at 494.16 on 2024-10-30 13:30:00+00:00
2024-11-11 20:32:37,959 - Long Buy 39.00 shares at 495.78 on 2024-10-30 13:45:00+00:00
2024-11-11 20:32:37,959 - Long Buy 38.00 shares at 495.48 on 2024-10-30 14:00:00+00:00
2024-11-11 20:32:37,959 - Long Buy 38.00 shares at 494.62 on 2024-10-30 14:15:00+00:00
2024-11-11 20:32:37,959 - Long Buy 37.00 shares at 493.54 on 2024-10-30 14:30:00+00:00
2024-11-11 20:32:37,959 - Long Buy 36.00 shares at 495.37 on 2024-10-30 14:45:00+00:00
2024-11-11 20:32:37,959 - Long Buy 35.00 shares at 496.81 on 2024-10-30 15:00:00+00:00
2024-11-11 20:32:37,959 - Long Buy 35.00 shares at 496.89 on 2024-10-30 15:15:00+00:00
2024-11-11 20:32:37,959 - Long Buy 34.00 shares at 496.05 on 2024-10-30 15:30:00+00:00
2024-11-11 20:32:37,959 - Sell to close 332.00 shares at 499.33 on 2024-10-30 15:45:00+00:00 (Exit: Profit_take, Profit: 1312.4399999999914, Duration: 135.0 minutes)
2024-11-11 20:32:37,959 - Long Buy 40.00 shares at 498.3 on 2024-10-30 16:00:00+00:00
2024-11-11 20:32:37,959 - Long Buy 39.00 shares at 498.91 on 2024-10-30 16:15:00+00:00
2024-11-11 20:32:37,959 - Long Buy 38.00 shares at 499.1 on 2024-10-30 16:30:00+00:00
2024-11-11 20:32:37,960 - Long Buy 37.00 shares at 498.47 on 2024-10-30 16:45:00+00:00
2024-11-11 20:32:37,960 - Long Buy 37.00 shares at 498.63 on 2024-10-30 17:00:00+00:00
2024-11-11 20:32:37,960 - Long Buy 36.00 shares at 498.49 on 2024-10-30 17:15:00+00:00
2024-11-11 20:32:37,960 - Long Buy 35.00 shares at 499.92 on 2024-10-30 17:30:00+00:00
2024-11-11 20:32:37,960 - Sell to close 262.00 shares at 501.42 on 2024-10-30 18:15:00+00:00 (Exit: Profit_take, Profit: 681.2099999999969, Duration: 135.0 minutes)
2024-11-11 20:32:37,960 - Long Buy 40.00 shares at 499.39 on 2024-10-30 19:45:00+00:00
2024-11-11 20:32:37,960 - Sell to close 40.00 shares at 506.24 on 2024-10-31 13:30:00+00:00 (Exit: Profit_take, Profit: 274.0000000000009, Duration: 1065.0 minutes)
2024-11-11 20:32:37,960 - Short Sell 39.00 shares at 507.78 on 2024-10-31 13:45:00+00:00
2024-11-11 20:32:37,960 - Short Sell 39.00 shares at 506.34 on 2024-10-31 14:00:00+00:00
2024-11-11 20:32:37,960 - Short Sell 39.00 shares at 505.3 on 2024-10-31 14:15:00+00:00
2024-11-11 20:32:37,960 - Short Sell 39.00 shares at 506.12 on 2024-10-31 14:30:00+00:00
2024-11-11 20:32:37,960 - Short Sell 39.00 shares at 507.92 on 2024-10-31 14:45:00+00:00
2024-11-11 20:32:37,960 - Short Sell 39.00 shares at 507.53 on 2024-10-31 15:00:00+00:00
2024-11-11 20:32:37,960 - Short Sell 39.00 shares at 508.33 on 2024-10-31 15:15:00+00:00
2024-11-11 20:32:37,960 - Short Sell 39.00 shares at 508.28 on 2024-10-31 15:30:00+00:00
2024-11-11 20:32:37,960 - Short Sell 39.00 shares at 508.69 on 2024-10-31 15:45:00+00:00
2024-11-11 20:32:37,960 - Short Sell 39.00 shares at 508.61 on 2024-10-31 16:00:00+00:00
2024-11-11 20:32:37,960 - Short Sell 39.00 shares at 507.49 on 2024-10-31 16:15:00+00:00
2024-11-11 20:32:37,960 - Short Sell 39.00 shares at 507.52 on 2024-10-31 16:30:00+00:00
2024-11-11 20:32:37,960 - Short Sell 39.00 shares at 506.27 on 2024-10-31 16:45:00+00:00
2024-11-11 20:32:37,960 - Short Sell 39.00 shares at 506.83 on 2024-10-31 17:00:00+00:00
2024-11-11 20:32:37,960 - Short Sell 39.00 shares at 507.22 on 2024-10-31 17:15:00+00:00
2024-11-11 20:32:37,960 - Short Sell 39.00 shares at 506.33 on 2024-10-31 17:30:00+00:00
2024-11-11 20:32:37,960 - Short Sell 39.00 shares at 507.09 on 2024-10-31 17:45:00+00:00
2024-11-11 20:32:37,960 - Short Sell 39.00 shares at 507.41 on 2024-10-31 18:00:00+00:00
2024-11-11 20:32:37,960 - Short Sell 39.00 shares at 506.95 on 2024-10-31 18:15:00+00:00
2024-11-11 20:32:37,960 - Short Sell 39.00 shares at 506.99 on 2024-10-31 18:30:00+00:00
2024-11-11 20:32:37,960 - Short Sell 39.00 shares at 505.64 on 2024-10-31 18:45:00+00:00
2024-11-11 20:32:37,960 - Short Sell 39.00 shares at 505.05 on 2024-10-31 19:00:00+00:00
2024-11-11 20:32:37,961 - Buy to cover -858.00 shares at 504.48 on 2024-10-31 19:15:00+00:00 (Exit: Profit_take, Profit: 2228.070000000022, Duration: 330.0 minutes)
2024-11-11 20:32:37,961 - Short Sell 39.00 shares at 502.84 on 2024-10-31 19:30:00+00:00
2024-11-11 20:32:37,961 - Buy to cover -39.00 shares at 523.32 on 2024-11-01 13:30:00+00:00 (Exit: Stop_loss, Profit: -798.720000000003, Duration: 1080.0 minutes)
2024-11-11 20:32:37,961 - Short Sell 38.00 shares at 525.63 on 2024-11-04 14:30:00+00:00
2024-11-11 20:32:37,961 - Short Sell 38.00 shares at 527.58 on 2024-11-04 14:45:00+00:00
2024-11-11 20:32:37,961 - Buy to cover -76.00 shares at 523.86 on 2024-11-04 15:00:00+00:00 (Exit: Profit_take, Profit: 208.6199999999917, Duration: 30.0 minutes)
2024-11-11 20:32:37,961 - Long Buy 38.00 shares at 523.34 on 2024-11-04 16:30:00+00:00
2024-11-11 20:32:37,961 - Long Buy 37.00 shares at 523.52 on 2024-11-04 16:45:00+00:00
2024-11-11 20:32:37,961 - Sell to close 75.00 shares at 525.13 on 2024-11-04 17:00:00+00:00 (Exit: Signal, Profit: 127.58999999999787, Duration: 30.0 minutes)
2024-11-11 20:32:37,961 - Short Sell 38.00 shares at 525.65 on 2024-11-04 17:15:00+00:00
2024-11-11 20:32:37,961 - Short Sell 38.00 shares at 526.18 on 2024-11-04 17:30:00+00:00
2024-11-11 20:32:37,961 - Short Sell 38.00 shares at 526.31 on 2024-11-04 17:45:00+00:00
2024-11-11 20:32:37,961 - Short Sell 38.00 shares at 525.47 on 2024-11-04 18:00:00+00:00
2024-11-11 20:32:37,961 - Short Sell 38.00 shares at 525.77 on 2024-11-04 18:15:00+00:00
2024-11-11 20:32:37,961 - Short Sell 38.00 shares at 526.22 on 2024-11-04 18:30:00+00:00
2024-11-11 20:32:37,961 - Short Sell 38.00 shares at 525.9 on 2024-11-04 18:45:00+00:00
2024-11-11 20:32:37,961 - Short Sell 38.00 shares at 526.4 on 2024-11-04 19:00:00+00:00
2024-11-11 20:32:37,961 - Short Sell 38.00 shares at 526.21 on 2024-11-04 19:45:00+00:00
2024-11-11 20:32:37,961 - Short Sell 38.00 shares at 526.27 on 2024-11-04 20:00:00+00:00
2024-11-11 20:32:37,962 - Short Sell 38.00 shares at 526.21 on 2024-11-04 20:30:00+00:00
2024-11-11 20:32:37,962 - Buy to cover -418.00 shares at 522.65 on 2024-11-05 14:30:00+00:00 (Exit: Profit_take, Profit: 1422.7200000001317, Duration: 1275.0 minutes)
2024-11-11 20:32:37,962 - Short Sell 38.00 shares at 526.95 on 2024-11-05 15:00:00+00:00
2024-11-11 20:32:37,962 - Short Sell 38.00 shares at 527.57 on 2024-11-05 15:15:00+00:00
2024-11-11 20:32:37,962 - Short Sell 38.00 shares at 527.63 on 2024-11-05 15:30:00+00:00
2024-11-11 20:32:37,962 - Short Sell 38.00 shares at 527.31 on 2024-11-05 15:45:00+00:00
2024-11-11 20:32:37,962 - Short Sell 38.00 shares at 527.33 on 2024-11-05 16:30:00+00:00
2024-11-11 20:32:37,962 - Short Sell 38.00 shares at 527.33 on 2024-11-05 16:45:00+00:00
2024-11-11 20:32:37,962 - Short Sell 38.00 shares at 528.2 on 2024-11-05 17:00:00+00:00
2024-11-11 20:32:37,962 - Short Sell 38.00 shares at 527.77 on 2024-11-05 17:15:00+00:00
2024-11-11 20:32:37,962 - Short Sell 38.00 shares at 528.13 on 2024-11-05 17:30:00+00:00
2024-11-11 20:32:37,962 - Short Sell 38.00 shares at 528.56 on 2024-11-05 17:45:00+00:00
2024-11-11 20:32:37,962 - Short Sell 37.00 shares at 529.36 on 2024-11-05 18:00:00+00:00
2024-11-11 20:32:37,962 - Buy to cover -417.00 shares at 525.44 on 2024-11-05 20:15:00+00:00 (Exit: Signal, Profit: 995.480000000037, Duration: 315.0 minutes)
2024-11-11 20:32:37,962 - Long Buy 38.00 shares at 524.45 on 2024-11-05 20:30:00+00:00
2024-11-11 20:32:37,962 - Long Buy 37.00 shares at 525.28 on 2024-11-05 20:45:00+00:00
2024-11-11 20:32:37,962 - Sell to close 75.00 shares at 540.97 on 2024-11-06 14:30:00+00:00 (Exit: Profit_take, Profit: 1208.2899999999938, Duration: 1080.0 minutes)
2024-11-11 20:32:37,962 - Short Sell 37.00 shares at 539.32 on 2024-11-06 14:45:00+00:00
2024-11-11 20:32:37,962 - Short Sell 37.00 shares at 539.31 on 2024-11-06 15:00:00+00:00
2024-11-11 20:32:37,962 - Short Sell 37.00 shares at 540.01 on 2024-11-06 15:15:00+00:00
2024-11-11 20:32:37,962 - Short Sell 37.00 shares at 543.1 on 2024-11-06 15:30:00+00:00
2024-11-11 20:32:37,962 - Short Sell 37.00 shares at 539.23 on 2024-11-06 15:45:00+00:00
2024-11-11 20:32:37,962 - Short Sell 37.00 shares at 544.17 on 2024-11-06 16:00:00+00:00
2024-11-11 20:32:37,962 - Short Sell 37.00 shares at 541.73 on 2024-11-06 16:15:00+00:00
2024-11-11 20:32:37,963 - Short Sell 37.00 shares at 542.53 on 2024-11-06 16:30:00+00:00
2024-11-11 20:32:37,963 - Short Sell 37.00 shares at 542.12 on 2024-11-06 16:45:00+00:00
2024-11-11 20:32:37,963 - Short Sell 37.00 shares at 542.66 on 2024-11-06 17:00:00+00:00
2024-11-11 20:32:37,963 - Buy to cover -370.00 shares at 545.0 on 2024-11-06 17:15:00+00:00 (Exit: Stop_loss, Profit: -1325.3399999999135, Duration: 150.0 minutes)
2024-11-11 20:32:37,963 - Short Sell 34.00 shares at 590.26 on 2024-11-07 14:30:00+00:00
2024-11-11 20:32:37,963 - Short Sell 33.00 shares at 595.05 on 2024-11-07 14:45:00+00:00
2024-11-11 20:32:37,963 - Buy to cover -67.00 shares at 598.98 on 2024-11-07 15:00:00+00:00 (Exit: Stop_loss, Profit: -426.17000000000064, Duration: 30.0 minutes)
2024-11-11 20:32:37,963 - Short Sell 32.00 shares at 613.82 on 2024-11-08 14:30:00+00:00
2024-11-11 20:32:37,963 - Short Sell 32.00 shares at 614.52 on 2024-11-08 15:00:00+00:00
2024-11-11 20:32:37,963 - Short Sell 32.00 shares at 616.01 on 2024-11-08 15:15:00+00:00
2024-11-11 20:32:37,963 - Short Sell 32.00 shares at 616.06 on 2024-11-08 15:30:00+00:00
2024-11-11 20:32:37,963 - Short Sell 32.00 shares at 616.51 on 2024-11-08 15:45:00+00:00
2024-11-11 20:32:37,963 - Short Sell 32.00 shares at 616.4 on 2024-11-08 16:00:00+00:00
2024-11-11 20:32:37,963 - Short Sell 32.00 shares at 614.87 on 2024-11-08 16:15:00+00:00
2024-11-11 20:32:37,963 - Short Sell 32.00 shares at 615.98 on 2024-11-08 17:30:00+00:00
2024-11-11 20:32:37,963 - Short Sell 32.00 shares at 615.97 on 2024-11-08 17:45:00+00:00
2024-11-11 20:32:37,963 - Short Sell 32.00 shares at 617.27 on 2024-11-08 18:00:00+00:00
2024-11-11 20:32:37,963 - Short Sell 32.00 shares at 616.26 on 2024-11-08 19:30:00+00:00
2024-11-11 20:32:37,964 - Buy to cover -352.00 shares at 612.89 on 2024-11-08 20:30:00+00:00 (Exit: Signal, Profit: 1020.1599999999926, Duration: 360.0 minutes)
2024-11-11 20:32:37,964 - Long Buy 32.00 shares at 613.0 on 2024-11-08 20:45:00+00:00
2024-11-11 20:32:37,965 - Holding 32.0 shares as an open position at the end with unrealized return: 0.0, Duration: 0.0 minutes
2024-11-11 20:32:37,966 - Final statisticsStock: MCK, 
total_trades: 29, 
winning_trades: 19, 
losing_trades: 10, 
average_return: 0.0012467508306018096, 
average_duration: 771.2068965517242, 
final_balance: 987269.8100000005, 
final_portfolio_value: 1006885.8100000005, 
sharpe_ratio: -0.43736946798928, 



