2024-11-11 22:43:08,014 - Starting GBMStrategy with initial capital: 1000000
2024-11-11 22:43:08,014 - Hyperparameters: {'threshold': 1.5, 'time_periods': 30, 'num_simulations': 150}
2024-11-11 22:47:50,918 - Short Sell 500.00 shares at 39.97 on 2024-10-11 14:30:00+00:00
2024-11-11 22:47:50,919 - Short Sell 499.00 shares at 40.06 on 2024-10-11 14:45:00+00:00
2024-11-11 22:47:50,920 - Short Sell 497.00 shares at 40.16 on 2024-10-11 15:00:00+00:00
2024-11-11 22:47:50,920 - Short Sell 498.00 shares at 40.08 on 2024-10-11 15:15:00+00:00
2024-11-11 22:47:50,920 - Short Sell 498.00 shares at 40.13 on 2024-10-11 15:30:00+00:00
2024-11-11 22:47:50,920 - Short Sell 497.00 shares at 40.16 on 2024-10-11 15:45:00+00:00
2024-11-11 22:47:50,920 - Short Sell 498.00 shares at 40.09 on 2024-10-11 16:00:00+00:00
2024-11-11 22:47:50,920 - Short Sell 499.00 shares at 40.08 on 2024-10-11 16:15:00+00:00
2024-11-11 22:47:50,920 - Short Sell 499.00 shares at 40.08 on 2024-10-11 16:30:00+00:00
2024-11-11 22:47:50,920 - Buy to cover -4485.00 shares at 39.79 on 2024-10-11 17:30:00+00:00 (Exit: Profit_take, Profit: 1345.0699999999654, Duration: 180.0 minutes)
2024-11-11 22:47:50,920 - Long Buy 503.00 shares at 39.8 on 2024-10-11 17:45:00+00:00
2024-11-11 22:47:50,920 - Long Buy 493.00 shares at 39.8 on 2024-10-11 18:00:00+00:00
2024-11-11 22:47:50,920 - Long Buy 483.00 shares at 39.77 on 2024-10-11 18:15:00+00:00
2024-11-11 22:47:50,920 - Long Buy 474.00 shares at 39.71 on 2024-10-11 18:30:00+00:00
2024-11-11 22:47:50,920 - Long Buy 464.00 shares at 39.76 on 2024-10-11 18:45:00+00:00
2024-11-11 22:47:50,920 - Long Buy 455.00 shares at 39.75 on 2024-10-11 19:00:00+00:00
2024-11-11 22:47:50,920 - Long Buy 446.00 shares at 39.73 on 2024-10-11 19:15:00+00:00
2024-11-11 22:47:50,920 - Long Buy 438.00 shares at 39.64 on 2024-10-11 19:30:00+00:00
2024-11-11 22:47:50,920 - Long Buy 429.00 shares at 39.66 on 2024-10-11 19:45:00+00:00
2024-11-11 22:47:50,920 - Long Buy 422.00 shares at 39.52 on 2024-10-14 13:30:00+00:00
2024-11-11 22:47:50,920 - Long Buy 414.00 shares at 39.51 on 2024-10-14 13:45:00+00:00
2024-11-11 22:47:50,920 - Long Buy 403.00 shares at 39.73 on 2024-10-14 14:00:00+00:00
2024-11-11 22:47:50,920 - Long Buy 395.00 shares at 39.76 on 2024-10-14 14:15:00+00:00
2024-11-11 22:47:50,920 - Sell to close 5819.00 shares at 39.91 on 2024-10-14 15:00:00+00:00 (Exit: Profit_take, Profit: 1182.139999999924, Duration: 4155.0 minutes)
2024-11-11 22:47:50,921 - Short Sell 502.00 shares at 39.92 on 2024-10-14 15:30:00+00:00
2024-11-11 22:47:50,921 - Short Sell 502.00 shares at 39.93 on 2024-10-14 16:00:00+00:00
2024-11-11 22:47:50,921 - Short Sell 502.00 shares at 39.93 on 2024-10-14 16:15:00+00:00
2024-11-11 22:47:50,921 - Short Sell 502.00 shares at 39.93 on 2024-10-14 16:30:00+00:00
2024-11-11 22:47:50,921 - Short Sell 501.00 shares at 39.99 on 2024-10-14 16:45:00+00:00
2024-11-11 22:47:50,921 - Short Sell 502.00 shares at 39.94 on 2024-10-14 17:00:00+00:00
2024-11-11 22:47:50,921 - Short Sell 500.00 shares at 40.08 on 2024-10-14 17:15:00+00:00
2024-11-11 22:47:50,921 - Short Sell 499.00 shares at 40.15 on 2024-10-14 17:30:00+00:00
2024-11-11 22:47:50,921 - Short Sell 498.00 shares at 40.16 on 2024-10-14 17:45:00+00:00
2024-11-11 22:47:50,921 - Buy to cover -4508.00 shares at 40.23 on 2024-10-14 18:00:00+00:00 (Exit: Stop_loss, Profit: -1023.0199999999993, Duration: 150.0 minutes)
2024-11-11 22:47:50,921 - Short Sell 501.00 shares at 39.98 on 2024-10-15 13:30:00+00:00
2024-11-11 22:47:50,921 - Short Sell 500.00 shares at 40.02 on 2024-10-15 14:00:00+00:00
2024-11-11 22:47:50,921 - Short Sell 498.00 shares at 40.19 on 2024-10-15 14:15:00+00:00
2024-11-11 22:47:50,921 - Short Sell 498.00 shares at 40.17 on 2024-10-15 14:45:00+00:00
2024-11-11 22:47:50,921 - Short Sell 498.00 shares at 40.18 on 2024-10-15 15:00:00+00:00
2024-11-11 22:47:50,921 - Short Sell 498.00 shares at 40.19 on 2024-10-15 15:15:00+00:00
2024-11-11 22:47:50,921 - Short Sell 496.00 shares at 40.29 on 2024-10-15 15:30:00+00:00
2024-11-11 22:47:50,921 - Short Sell 497.00 shares at 40.22 on 2024-10-15 15:45:00+00:00
2024-11-11 22:47:50,921 - Short Sell 498.00 shares at 40.2 on 2024-10-15 16:00:00+00:00
2024-11-11 22:47:50,921 - Short Sell 498.00 shares at 40.2 on 2024-10-15 16:15:00+00:00
2024-11-11 22:47:50,922 - Buy to cover -4982.00 shares at 40.1 on 2024-10-15 16:30:00+00:00 (Exit: Signal, Profit: 317.6999999999839, Duration: 180.0 minutes)
2024-11-11 22:47:50,922 - Long Buy 500.00 shares at 40.05 on 2024-10-15 16:45:00+00:00
2024-11-11 22:47:50,922 - Long Buy 492.00 shares at 39.91 on 2024-10-15 17:00:00+00:00
2024-11-11 22:47:50,922 - Long Buy 482.00 shares at 39.92 on 2024-10-15 17:15:00+00:00
2024-11-11 22:47:50,922 - Long Buy 472.00 shares at 39.95 on 2024-10-15 17:30:00+00:00
2024-11-11 22:47:50,922 - Long Buy 462.00 shares at 39.94 on 2024-10-15 17:45:00+00:00
2024-11-11 22:47:50,922 - Long Buy 454.00 shares at 39.87 on 2024-10-15 18:00:00+00:00
2024-11-11 22:47:50,922 - Long Buy 445.00 shares at 39.83 on 2024-10-15 18:15:00+00:00
2024-11-11 22:47:50,922 - Long Buy 435.00 shares at 39.91 on 2024-10-15 18:30:00+00:00
2024-11-11 22:47:50,922 - Long Buy 427.00 shares at 39.91 on 2024-10-15 18:45:00+00:00
2024-11-11 22:47:50,922 - Sell to close 4169.00 shares at 39.56 on 2024-10-15 19:00:00+00:00 (Exit: Stop_loss, Profit: -1512.9499999999784, Duration: 135.0 minutes)
2024-11-11 22:47:50,922 - Long Buy 503.00 shares at 39.74 on 2024-10-16 13:30:00+00:00
2024-11-11 22:47:50,922 - Long Buy 493.00 shares at 39.7 on 2024-10-16 13:45:00+00:00
2024-11-11 22:47:50,922 - Long Buy 482.00 shares at 39.8 on 2024-10-16 14:00:00+00:00
2024-11-11 22:47:50,922 - Long Buy 472.00 shares at 39.83 on 2024-10-16 14:15:00+00:00
2024-11-11 22:47:50,922 - Long Buy 463.00 shares at 39.8 on 2024-10-16 14:30:00+00:00
2024-11-11 22:47:50,922 - Long Buy 452.00 shares at 39.97 on 2024-10-16 14:45:00+00:00
2024-11-11 22:47:50,922 - Long Buy 445.00 shares at 39.78 on 2024-10-16 15:00:00+00:00
2024-11-11 22:47:50,922 - Long Buy 437.00 shares at 39.67 on 2024-10-16 15:15:00+00:00
2024-11-11 22:47:50,922 - Long Buy 430.00 shares at 39.58 on 2024-10-16 15:30:00+00:00
2024-11-11 22:47:50,922 - Sell to close 4177.00 shares at 39.52 on 2024-10-16 15:45:00+00:00 (Exit: Stop_loss, Profit: -1020.769999999973, Duration: 135.0 minutes)
2024-11-11 22:47:50,923 - Short Sell 496.00 shares at 40.25 on 2024-10-17 13:30:00+00:00
2024-11-11 22:47:50,923 - Short Sell 497.00 shares at 40.16 on 2024-10-17 13:45:00+00:00
2024-11-11 22:47:50,923 - Short Sell 498.00 shares at 40.08 on 2024-10-17 14:00:00+00:00
2024-11-11 22:47:50,923 - Buy to cover -1491.00 shares at 39.84 on 2024-10-17 14:15:00+00:00 (Exit: Profit_take, Profit: 481.9199999999997, Duration: 45.0 minutes)
2024-11-11 22:47:50,923 - Short Sell 501.00 shares at 39.86 on 2024-10-17 14:30:00+00:00
2024-11-11 22:47:50,923 - Short Sell 499.00 shares at 40.04 on 2024-10-17 14:45:00+00:00
2024-11-11 22:47:50,923 - Short Sell 499.00 shares at 40.05 on 2024-10-17 15:00:00+00:00
2024-11-11 22:47:50,923 - Short Sell 497.00 shares at 40.18 on 2024-10-17 15:15:00+00:00
2024-11-11 22:47:50,923 - Short Sell 497.00 shares at 40.18 on 2024-10-17 15:30:00+00:00
2024-11-11 22:47:50,923 - Short Sell 497.00 shares at 40.2 on 2024-10-17 15:45:00+00:00
2024-11-11 22:47:50,923 - Short Sell 496.00 shares at 40.22 on 2024-10-17 16:00:00+00:00
2024-11-11 22:47:50,923 - Buy to cover -3486.00 shares at 40.27 on 2024-10-17 16:15:00+00:00 (Exit: Stop_loss, Profit: -579.0099999999871, Duration: 105.0 minutes)
2024-11-11 22:47:50,923 - Short Sell 484.00 shares at 41.28 on 2024-10-18 13:30:00+00:00
2024-11-11 22:47:50,923 - Buy to cover -484.00 shares at 40.98 on 2024-10-18 13:45:00+00:00 (Exit: Profit_take, Profit: 145.20000000000206, Duration: 15.0 minutes)
2024-11-11 22:47:50,923 - Short Sell 487.00 shares at 41.03 on 2024-10-18 14:00:00+00:00
2024-11-11 22:47:50,923 - Short Sell 489.00 shares at 40.86 on 2024-10-18 14:15:00+00:00
2024-11-11 22:47:50,923 - Short Sell 488.00 shares at 40.89 on 2024-10-18 14:30:00+00:00
2024-11-11 22:47:50,923 - Short Sell 487.00 shares at 41.0 on 2024-10-18 14:45:00+00:00
2024-11-11 22:47:50,923 - Short Sell 487.00 shares at 41.01 on 2024-10-18 15:00:00+00:00
2024-11-11 22:47:50,923 - Short Sell 487.00 shares at 40.96 on 2024-10-18 15:15:00+00:00
2024-11-11 22:47:50,923 - Short Sell 487.00 shares at 40.96 on 2024-10-18 15:30:00+00:00
2024-11-11 22:47:50,923 - Short Sell 487.00 shares at 40.98 on 2024-10-18 15:45:00+00:00
2024-11-11 22:47:50,924 - Short Sell 486.00 shares at 41.08 on 2024-10-18 16:00:00+00:00
2024-11-11 22:47:50,924 - Short Sell 484.00 shares at 41.22 on 2024-10-18 16:15:00+00:00
2024-11-11 22:47:50,924 - Buy to cover -4869.00 shares at 41.27 on 2024-10-18 16:30:00+00:00 (Exit: Stop_loss, Profit: -1320.6299999999712, Duration: 150.0 minutes)
2024-11-11 22:47:50,924 - Long Buy 487.00 shares at 40.98 on 2024-10-21 13:30:00+00:00
2024-11-11 22:47:50,924 - Long Buy 478.00 shares at 40.87 on 2024-10-21 13:45:00+00:00
2024-11-11 22:47:50,924 - Long Buy 470.00 shares at 40.74 on 2024-10-21 14:00:00+00:00
2024-11-11 22:47:50,924 - Long Buy 462.00 shares at 40.63 on 2024-10-21 14:15:00+00:00
2024-11-11 22:47:50,924 - Sell to close 1897.00 shares at 40.56 on 2024-10-21 14:30:00+00:00 (Exit: Stop_loss, Profit: -469.660000000003, Duration: 60.0 minutes)
2024-11-11 22:47:50,924 - Long Buy 496.00 shares at 40.16 on 2024-10-22 13:30:00+00:00
2024-11-11 22:47:50,924 - Long Buy 486.00 shares at 40.15 on 2024-10-22 13:45:00+00:00
2024-11-11 22:47:50,924 - Sell to close 982.00 shares at 40.33 on 2024-10-22 14:00:00+00:00 (Exit: Signal, Profit: 171.80000000000342, Duration: 30.0 minutes)
2024-11-11 22:47:50,924 - Short Sell 494.00 shares at 40.35 on 2024-10-22 14:15:00+00:00
2024-11-11 22:47:50,924 - Short Sell 493.00 shares at 40.44 on 2024-10-22 14:30:00+00:00
2024-11-11 22:47:50,924 - Short Sell 493.00 shares at 40.44 on 2024-10-22 14:45:00+00:00
2024-11-11 22:47:50,924 - Short Sell 492.00 shares at 40.48 on 2024-10-22 15:00:00+00:00
2024-11-11 22:47:50,924 - Short Sell 492.00 shares at 40.51 on 2024-10-22 15:15:00+00:00
2024-11-11 22:47:50,924 - Short Sell 492.00 shares at 40.53 on 2024-10-22 15:30:00+00:00
2024-11-11 22:47:50,924 - Short Sell 492.00 shares at 40.49 on 2024-10-22 15:45:00+00:00
2024-11-11 22:47:50,924 - Short Sell 493.00 shares at 40.44 on 2024-10-22 16:00:00+00:00
2024-11-11 22:47:50,924 - Short Sell 491.00 shares at 40.58 on 2024-10-22 16:15:00+00:00
2024-11-11 22:47:50,924 - Short Sell 492.00 shares at 40.52 on 2024-10-22 16:30:00+00:00
2024-11-11 22:47:50,925 - Short Sell 492.00 shares at 40.48 on 2024-10-22 16:45:00+00:00
2024-11-11 22:47:50,925 - Short Sell 493.00 shares at 40.47 on 2024-10-22 17:00:00+00:00
2024-11-11 22:47:50,925 - Short Sell 493.00 shares at 40.45 on 2024-10-22 17:15:00+00:00
2024-11-11 22:47:50,925 - Short Sell 492.00 shares at 40.54 on 2024-10-22 17:30:00+00:00
2024-11-11 22:47:50,925 - Short Sell 492.00 shares at 40.51 on 2024-10-22 17:45:00+00:00
2024-11-11 22:47:50,925 - Short Sell 492.00 shares at 40.48 on 2024-10-22 18:00:00+00:00
2024-11-11 22:47:50,925 - Short Sell 494.00 shares at 40.38 on 2024-10-22 18:15:00+00:00
2024-11-11 22:47:50,925 - Short Sell 493.00 shares at 40.44 on 2024-10-22 18:30:00+00:00
2024-11-11 22:47:50,925 - Short Sell 494.00 shares at 40.4 on 2024-10-22 18:45:00+00:00
2024-11-11 22:47:50,925 - Short Sell 494.00 shares at 40.4 on 2024-10-22 19:00:00+00:00
2024-11-11 22:47:50,925 - Short Sell 492.00 shares at 40.48 on 2024-10-22 19:15:00+00:00
2024-11-11 22:47:50,925 - Short Sell 493.00 shares at 40.43 on 2024-10-22 19:30:00+00:00
2024-11-11 22:47:50,925 - Short Sell 491.00 shares at 40.53 on 2024-10-22 19:45:00+00:00
2024-11-11 22:47:50,925 - Buy to cover -11329.00 shares at 40.08 on 2024-10-23 13:30:00+00:00 (Exit: Profit_take, Profit: 4397.57999999982, Duration: 1395.0 minutes)
2024-11-11 22:47:50,925 - Long Buy 501.00 shares at 39.95 on 2024-10-23 13:45:00+00:00
2024-11-11 22:47:50,925 - Long Buy 494.00 shares at 39.75 on 2024-10-23 14:00:00+00:00
2024-11-11 22:47:50,925 - Long Buy 482.00 shares at 39.87 on 2024-10-23 14:15:00+00:00
2024-11-11 22:47:50,925 - Long Buy 473.00 shares at 39.83 on 2024-10-23 14:30:00+00:00
2024-11-11 22:47:50,925 - Long Buy 464.00 shares at 39.8 on 2024-10-23 14:45:00+00:00
2024-11-11 22:47:50,925 - Sell to close 2414.00 shares at 39.89 on 2024-10-23 15:00:00+00:00 (Exit: Signal, Profit: 118.88000000002161, Duration: 75.0 minutes)
2024-11-11 22:47:50,925 - Short Sell 502.00 shares at 39.88 on 2024-10-23 15:15:00+00:00
2024-11-11 22:47:50,925 - Short Sell 499.00 shares at 40.1 on 2024-10-23 15:30:00+00:00
2024-11-11 22:47:50,925 - Short Sell 498.00 shares at 40.17 on 2024-10-23 15:45:00+00:00
2024-11-11 22:47:50,925 - Short Sell 499.00 shares at 40.11 on 2024-10-23 16:00:00+00:00
2024-11-11 22:47:50,925 - Short Sell 500.00 shares at 40.03 on 2024-10-23 16:15:00+00:00
2024-11-11 22:47:50,925 - Short Sell 501.00 shares at 39.97 on 2024-10-23 16:30:00+00:00
2024-11-11 22:47:50,925 - Short Sell 502.00 shares at 39.94 on 2024-10-23 16:45:00+00:00
2024-11-11 22:47:50,925 - Buy to cover -3501.00 shares at 39.8 on 2024-10-23 17:00:00+00:00 (Exit: Profit_take, Profit: 799.2600000000408, Duration: 105.0 minutes)
2024-11-11 22:47:50,926 - Long Buy 506.00 shares at 39.63 on 2024-10-23 19:45:00+00:00
2024-11-11 22:47:50,926 - Sell to close 506.00 shares at 39.89 on 2024-10-24 14:15:00+00:00 (Exit: Profit_take, Profit: 131.55999999999898, Duration: 1110.0 minutes)
2024-11-11 22:47:50,926 - Short Sell 500.00 shares at 40.06 on 2024-10-24 14:30:00+00:00
2024-11-11 22:47:50,926 - Buy to cover -500.00 shares at 39.8 on 2024-10-24 14:45:00+00:00 (Exit: Profit_take, Profit: 130.00000000000256, Duration: 15.0 minutes)
2024-11-11 22:47:50,926 - Long Buy 507.00 shares at 39.53 on 2024-10-24 16:00:00+00:00
2024-11-11 22:47:50,926 - Sell to close 507.00 shares at 39.69 on 2024-10-24 16:30:00+00:00 (Exit: Signal, Profit: 81.11999999999827, Duration: 30.0 minutes)
2024-11-11 22:47:50,926 - Short Sell 503.00 shares at 39.84 on 2024-10-24 16:45:00+00:00
2024-11-11 22:47:50,926 - Short Sell 503.00 shares at 39.88 on 2024-10-24 17:00:00+00:00
2024-11-11 22:47:50,926 - Short Sell 503.00 shares at 39.89 on 2024-10-24 17:15:00+00:00
2024-11-11 22:47:50,926 - Short Sell 501.00 shares at 39.97 on 2024-10-24 17:30:00+00:00
2024-11-11 22:47:50,926 - Short Sell 501.00 shares at 40.02 on 2024-10-24 17:45:00+00:00
2024-11-11 22:47:50,926 - Short Sell 501.00 shares at 40.02 on 2024-10-24 18:00:00+00:00
2024-11-11 22:47:50,926 - Short Sell 500.00 shares at 40.11 on 2024-10-24 18:15:00+00:00
2024-11-11 22:47:50,926 - Short Sell 500.00 shares at 40.06 on 2024-10-24 18:30:00+00:00
2024-11-11 22:47:50,926 - Short Sell 499.00 shares at 40.12 on 2024-10-24 18:45:00+00:00
2024-11-11 22:47:50,926 - Short Sell 498.00 shares at 40.19 on 2024-10-24 19:00:00+00:00
2024-11-11 22:47:50,926 - Short Sell 499.00 shares at 40.18 on 2024-10-24 19:15:00+00:00
2024-11-11 22:47:50,926 - Short Sell 498.00 shares at 40.23 on 2024-10-24 19:30:00+00:00
2024-11-11 22:47:50,926 - Short Sell 500.00 shares at 40.09 on 2024-10-24 19:45:00+00:00
2024-11-11 22:47:50,926 - Buy to cover -6506.00 shares at 40.6 on 2024-10-25 13:30:00+00:00 (Exit: Stop_loss, Profit: -3605.899999999979, Duration: 1245.0 minutes)
2024-11-11 22:47:50,927 - Short Sell 487.00 shares at 41.04 on 2024-10-28 13:30:00+00:00
2024-11-11 22:47:50,927 - Buy to cover -487.00 shares at 41.5 on 2024-10-28 13:45:00+00:00 (Exit: Stop_loss, Profit: -224.0200000000004, Duration: 15.0 minutes)
2024-11-11 22:47:50,927 - Short Sell 475.00 shares at 42.0 on 2024-10-29 13:30:00+00:00
2024-11-11 22:47:50,927 - Short Sell 474.00 shares at 42.1 on 2024-10-29 13:45:00+00:00
2024-11-11 22:47:50,927 - Short Sell 474.00 shares at 42.11 on 2024-10-29 14:00:00+00:00
2024-11-11 22:47:50,927 - Short Sell 473.00 shares at 42.18 on 2024-10-29 14:15:00+00:00
2024-11-11 22:47:50,927 - Short Sell 472.00 shares at 42.31 on 2024-10-29 14:30:00+00:00
2024-11-11 22:47:50,927 - Short Sell 472.00 shares at 42.32 on 2024-10-29 14:45:00+00:00
2024-11-11 22:47:50,927 - Buy to cover -2840.00 shares at 42.46 on 2024-10-29 15:00:00+00:00 (Exit: Stop_loss, Profit: -824.3599999999947, Duration: 90.0 minutes)
2024-11-11 22:47:50,927 - Long Buy 477.00 shares at 41.79 on 2024-10-30 13:30:00+00:00
2024-11-11 22:47:50,927 - Long Buy 467.00 shares at 41.91 on 2024-10-30 13:45:00+00:00
2024-11-11 22:47:50,927 - Long Buy 460.00 shares at 41.65 on 2024-10-30 14:00:00+00:00
2024-11-11 22:47:50,927 - Long Buy 450.00 shares at 41.76 on 2024-10-30 14:15:00+00:00
2024-11-11 22:47:50,927 - Long Buy 441.00 shares at 41.77 on 2024-10-30 14:30:00+00:00
2024-11-11 22:47:50,928 - Long Buy 431.00 shares at 41.87 on 2024-10-30 14:45:00+00:00
2024-11-11 22:47:50,928 - Long Buy 424.00 shares at 41.7 on 2024-10-30 15:00:00+00:00
2024-11-11 22:47:50,928 - Long Buy 417.00 shares at 41.51 on 2024-10-30 15:15:00+00:00
2024-11-11 22:47:50,928 - Sell to close 3567.00 shares at 41.43 on 2024-10-30 15:30:00+00:00 (Exit: Stop_loss, Profit: -1133.0000000000052, Duration: 120.0 minutes)
2024-11-11 22:47:50,928 - Long Buy 530.00 shares at 37.63 on 2024-10-31 13:30:00+00:00
2024-11-11 22:47:50,928 - Sell to close 530.00 shares at 38.12 on 2024-10-31 13:45:00+00:00 (Exit: Profit_take, Profit: 259.6999999999973, Duration: 15.0 minutes)
2024-11-11 22:47:50,928 - Long Buy 532.00 shares at 37.48 on 2024-10-31 14:00:00+00:00
2024-11-11 22:47:50,928 - Long Buy 524.00 shares at 37.3 on 2024-10-31 14:15:00+00:00
2024-11-11 22:47:50,928 - Long Buy 515.00 shares at 37.19 on 2024-10-31 14:30:00+00:00
2024-11-11 22:47:50,928 - Sell to close 1571.00 shares at 36.83 on 2024-10-31 14:45:00+00:00 (Exit: Stop_loss, Profit: -777.4800000000032, Duration: 45.0 minutes)
2024-11-11 22:47:50,928 - Long Buy 531.00 shares at 37.52 on 2024-11-01 13:30:00+00:00
2024-11-11 22:47:50,928 - Long Buy 525.00 shares at 37.16 on 2024-11-01 13:45:00+00:00
2024-11-11 22:47:50,928 - Sell to close 1056.00 shares at 37.04 on 2024-11-01 14:00:00+00:00 (Exit: Stop_loss, Profit: -317.8800000000035, Duration: 30.0 minutes)
2024-11-11 22:47:50,929 - Long Buy 546.00 shares at 36.51 on 2024-11-04 14:30:00+00:00
2024-11-11 22:47:50,929 - Long Buy 532.00 shares at 36.66 on 2024-11-04 14:45:00+00:00
2024-11-11 22:47:50,929 - Sell to close 1078.00 shares at 36.83 on 2024-11-04 15:00:00+00:00 (Exit: Profit_take, Profit: 265.1599999999952, Duration: 30.0 minutes)
2024-11-11 22:47:50,929 - Long Buy 542.00 shares at 36.74 on 2024-11-04 16:30:00+00:00
2024-11-11 22:47:50,929 - Long Buy 532.00 shares at 36.67 on 2024-11-04 16:45:00+00:00
2024-11-11 22:47:50,929 - Long Buy 520.00 shares at 36.77 on 2024-11-04 17:00:00+00:00
2024-11-11 22:47:50,929 - Sell to close 1594.00 shares at 36.93 on 2024-11-04 17:15:00+00:00 (Exit: Profit_take, Profit: 324.4999999999931, Duration: 45.0 minutes)
2024-11-11 22:47:50,929 - Long Buy 542.00 shares at 36.8 on 2024-11-04 19:00:00+00:00
2024-11-11 22:47:50,929 - Long Buy 532.00 shares at 36.73 on 2024-11-04 19:15:00+00:00
2024-11-11 22:47:50,929 - Long Buy 520.00 shares at 36.78 on 2024-11-04 19:30:00+00:00
2024-11-11 22:47:50,929 - Long Buy 511.00 shares at 36.71 on 2024-11-04 19:45:00+00:00
2024-11-11 22:47:50,929 - Long Buy 502.00 shares at 36.61 on 2024-11-04 20:00:00+00:00
2024-11-11 22:47:50,929 - Long Buy 493.00 shares at 36.55 on 2024-11-04 20:15:00+00:00
2024-11-11 22:47:50,929 - Long Buy 484.00 shares at 36.5 on 2024-11-04 20:30:00+00:00
2024-11-11 22:47:50,929 - Sell to close 3584.00 shares at 36.39 on 2024-11-04 20:45:00+00:00 (Exit: Stop_loss, Profit: -1011.9799999999777, Duration: 105.0 minutes)
2024-11-11 22:47:50,929 - Long Buy 556.00 shares at 35.83 on 2024-11-05 14:30:00+00:00
2024-11-11 22:47:50,929 - Sell to close 556.00 shares at 36.19 on 2024-11-05 14:45:00+00:00 (Exit: Profit_take, Profit: 200.15999999999968, Duration: 15.0 minutes)
2024-11-11 22:47:50,929 - Long Buy 553.00 shares at 36.04 on 2024-11-05 15:00:00+00:00
2024-11-11 22:47:50,929 - Sell to close 553.00 shares at 36.25 on 2024-11-05 15:15:00+00:00 (Exit: Profit_take, Profit: 116.13000000000048, Duration: 15.0 minutes)
2024-11-11 22:47:50,929 - Long Buy 549.00 shares at 36.25 on 2024-11-05 15:30:00+00:00
2024-11-11 22:47:50,929 - Long Buy 537.00 shares at 36.33 on 2024-11-05 15:45:00+00:00
2024-11-11 22:47:50,929 - Sell to close 1086.00 shares at 36.48 on 2024-11-05 16:00:00+00:00 (Exit: Profit_take, Profit: 206.81999999999994, Duration: 30.0 minutes)
2024-11-11 22:47:50,930 - Long Buy 550.00 shares at 36.23 on 2024-11-05 16:15:00+00:00
2024-11-11 22:47:50,930 - Long Buy 541.00 shares at 36.1 on 2024-11-05 16:30:00+00:00
2024-11-11 22:47:50,930 - Long Buy 527.00 shares at 36.28 on 2024-11-05 16:45:00+00:00
2024-11-11 22:47:50,930 - Long Buy 516.00 shares at 36.34 on 2024-11-05 17:00:00+00:00
2024-11-11 22:47:50,930 - Long Buy 505.00 shares at 36.36 on 2024-11-05 17:15:00+00:00
2024-11-11 22:47:50,930 - Sell to close 2639.00 shares at 36.37 on 2024-11-05 17:30:00+00:00 (Exit: Signal, Profit: 291.02999999999275, Duration: 75.0 minutes)
2024-11-11 22:47:50,930 - Short Sell 547.00 shares at 36.44 on 2024-11-05 17:45:00+00:00
2024-11-11 22:47:50,930 - Buy to cover -547.00 shares at 36.2 on 2024-11-05 18:30:00+00:00 (Exit: Profit_take, Profit: 131.2799999999972, Duration: 45.0 minutes)
2024-11-11 22:47:50,930 - Long Buy 552.00 shares at 36.09 on 2024-11-05 18:45:00+00:00
2024-11-11 22:47:50,930 - Long Buy 540.00 shares at 36.15 on 2024-11-05 19:00:00+00:00
2024-11-11 22:47:50,930 - Long Buy 530.00 shares at 36.09 on 2024-11-05 19:15:00+00:00
2024-11-11 22:47:50,930 - Long Buy 519.00 shares at 36.11 on 2024-11-05 19:30:00+00:00
2024-11-11 22:47:50,930 - Long Buy 510.00 shares at 36.05 on 2024-11-05 19:45:00+00:00
2024-11-11 22:47:50,930 - Long Buy 500.00 shares at 36.06 on 2024-11-05 20:00:00+00:00
2024-11-11 22:47:50,930 - Long Buy 490.00 shares at 36.04 on 2024-11-05 20:15:00+00:00
2024-11-11 22:47:50,930 - Long Buy 481.00 shares at 35.98 on 2024-11-05 20:30:00+00:00
2024-11-11 22:47:50,930 - Sell to close 4122.00 shares at 38.21 on 2024-11-06 14:30:00+00:00 (Exit: Profit_take, Profit: 8808.670000000006, Duration: 1185.0 minutes)
2024-11-11 22:47:50,930 - Short Sell 531.00 shares at 37.83 on 2024-11-06 14:45:00+00:00
2024-11-11 22:47:50,930 - Short Sell 529.00 shares at 38.0 on 2024-11-06 15:00:00+00:00
2024-11-11 22:47:50,930 - Short Sell 532.00 shares at 37.8 on 2024-11-06 15:15:00+00:00
2024-11-11 22:47:50,930 - Short Sell 532.00 shares at 37.78 on 2024-11-06 15:30:00+00:00
2024-11-11 22:47:50,930 - Short Sell 533.00 shares at 37.71 on 2024-11-06 15:45:00+00:00
2024-11-11 22:47:50,930 - Short Sell 533.00 shares at 37.71 on 2024-11-06 16:00:00+00:00
2024-11-11 22:47:50,930 - Short Sell 534.00 shares at 37.67 on 2024-11-06 16:15:00+00:00
2024-11-11 22:47:50,930 - Short Sell 533.00 shares at 37.72 on 2024-11-06 16:30:00+00:00
2024-11-11 22:47:50,930 - Short Sell 533.00 shares at 37.73 on 2024-11-06 16:45:00+00:00
2024-11-11 22:47:50,930 - Short Sell 534.00 shares at 37.64 on 2024-11-06 17:00:00+00:00
2024-11-11 22:47:50,930 - Short Sell 535.00 shares at 37.59 on 2024-11-06 17:15:00+00:00
2024-11-11 22:47:50,930 - Short Sell 535.00 shares at 37.59 on 2024-11-06 17:30:00+00:00
2024-11-11 22:47:50,931 - Short Sell 535.00 shares at 37.63 on 2024-11-06 17:45:00+00:00
2024-11-11 22:47:50,931 - Short Sell 533.00 shares at 37.71 on 2024-11-06 18:00:00+00:00
2024-11-11 22:47:50,931 - Short Sell 533.00 shares at 37.7 on 2024-11-06 18:15:00+00:00
2024-11-11 22:47:50,931 - Buy to cover -7995.00 shares at 37.49 on 2024-11-06 20:00:00+00:00 (Exit: Profit_take, Profit: 1841.8699999999435, Duration: 315.0 minutes)
2024-11-11 22:47:50,931 - Long Buy 538.00 shares at 37.45 on 2024-11-06 20:15:00+00:00
2024-11-11 22:47:50,931 - Long Buy 527.00 shares at 37.44 on 2024-11-06 20:45:00+00:00
2024-11-11 22:47:50,931 - Sell to close 1065.00 shares at 37.74 on 2024-11-07 14:30:00+00:00 (Exit: Profit_take, Profit: 314.12000000000523, Duration: 1095.0 minutes)
2024-11-11 22:47:50,931 - Short Sell 528.00 shares at 38.13 on 2024-11-07 14:45:00+00:00
2024-11-11 22:47:50,931 - Short Sell 527.00 shares at 38.22 on 2024-11-07 15:00:00+00:00
2024-11-11 22:47:50,931 - Short Sell 527.00 shares at 38.21 on 2024-11-07 15:15:00+00:00
2024-11-11 22:47:50,931 - Short Sell 528.00 shares at 38.18 on 2024-11-07 15:30:00+00:00
2024-11-11 22:47:50,931 - Short Sell 529.00 shares at 38.11 on 2024-11-07 15:45:00+00:00
2024-11-11 22:47:50,931 - Buy to cover -2639.00 shares at 37.89 on 2024-11-07 16:00:00+00:00 (Exit: Profit_take, Profit: 738.770000000011, Duration: 75.0 minutes)
2024-11-11 22:47:50,931 - Long Buy 538.00 shares at 37.48 on 2024-11-07 19:30:00+00:00
2024-11-11 22:47:50,931 - Sell to close 538.00 shares at 37.65 on 2024-11-07 20:00:00+00:00 (Exit: Signal, Profit: 91.46000000000092, Duration: 30.0 minutes)
2024-11-11 22:47:50,931 - Short Sell 535.00 shares at 37.7 on 2024-11-07 20:15:00+00:00
2024-11-11 22:47:50,931 - Short Sell 535.00 shares at 37.68 on 2024-11-07 20:30:00+00:00
2024-11-11 22:47:50,931 - Buy to cover -1070.00 shares at 37.08 on 2024-11-08 14:30:00+00:00 (Exit: Profit_take, Profit: 652.700000000007, Duration: 1095.0 minutes)
2024-11-11 22:47:50,932 - Long Buy 543.00 shares at 37.16 on 2024-11-08 14:45:00+00:00
2024-11-11 22:47:50,932 - Long Buy 534.00 shares at 37.0 on 2024-11-08 15:00:00+00:00
2024-11-11 22:47:50,932 - Long Buy 526.00 shares at 36.84 on 2024-11-08 15:15:00+00:00
2024-11-11 22:47:50,932 - Long Buy 516.00 shares at 36.8 on 2024-11-08 15:30:00+00:00
2024-11-11 22:47:50,932 - Long Buy 506.00 shares at 36.8 on 2024-11-08 15:45:00+00:00
2024-11-11 22:47:50,932 - Long Buy 495.00 shares at 36.84 on 2024-11-08 16:00:00+00:00
2024-11-11 22:47:50,932 - Sell to close 3120.00 shares at 36.78 on 2024-11-08 16:15:00+00:00 (Exit: Stop_loss, Profit: -405.5199999999985, Duration: 90.0 minutes)
2024-11-11 22:47:50,934 - Final statisticsStock: MGM, 
total_trades: 40, 
winning_trades: 26, 
losing_trades: 14, 
average_return: 0.002874724439481737, 
average_duration: 346.875, 
final_balance: 1009318.4200000004, 
final_portfolio_value: 1009318.4200000004, 
sharpe_ratio: 3.965218150874456, 



