2024-11-11 21:47:58,978 - Starting GBMStrategy with initial capital: 1000000
2024-11-11 21:47:58,978 - Hyperparameters: {'threshold': 1.5, 'time_periods': 30, 'num_simulations': 150}
2024-11-11 21:52:37,967 - Short Sell 36.00 shares at 542.24 on 2024-10-11 14:30:00+00:00
2024-11-11 21:52:37,968 - Short Sell 36.00 shares at 543.75 on 2024-10-11 14:45:00+00:00
2024-11-11 21:52:37,968 - Short Sell 36.00 shares at 545.5 on 2024-10-11 15:00:00+00:00
2024-11-11 21:52:37,968 - Short Sell 36.00 shares at 544.34 on 2024-10-11 15:15:00+00:00
2024-11-11 21:52:37,968 - Short Sell 36.00 shares at 544.92 on 2024-10-11 15:30:00+00:00
2024-11-11 21:52:37,968 - Short Sell 36.00 shares at 544.89 on 2024-10-11 15:45:00+00:00
2024-11-11 21:52:37,968 - Short Sell 36.00 shares at 544.48 on 2024-10-11 16:00:00+00:00
2024-11-11 21:52:37,968 - Short Sell 36.00 shares at 543.63 on 2024-10-11 16:15:00+00:00
2024-11-11 21:52:37,968 - Short Sell 36.00 shares at 542.96 on 2024-10-11 16:30:00+00:00
2024-11-11 21:52:37,968 - Short Sell 36.00 shares at 543.11 on 2024-10-11 16:45:00+00:00
2024-11-11 21:52:37,969 - Short Sell 36.00 shares at 542.47 on 2024-10-11 17:00:00+00:00
2024-11-11 21:52:37,969 - Short Sell 36.00 shares at 544.12 on 2024-10-11 17:15:00+00:00
2024-11-11 21:52:37,969 - Short Sell 36.00 shares at 543.4 on 2024-10-11 17:30:00+00:00
2024-11-11 21:52:37,969 - Short Sell 36.00 shares at 543.57 on 2024-10-11 17:45:00+00:00
2024-11-11 21:52:37,969 - Short Sell 36.00 shares at 542.36 on 2024-10-11 18:00:00+00:00
2024-11-11 21:52:37,969 - Short Sell 36.00 shares at 542.45 on 2024-10-11 18:15:00+00:00
2024-11-11 21:52:37,969 - Short Sell 36.00 shares at 541.39 on 2024-10-11 18:30:00+00:00
2024-11-11 21:52:37,969 - Short Sell 36.00 shares at 543.51 on 2024-10-11 18:45:00+00:00
2024-11-11 21:52:37,969 - Short Sell 36.00 shares at 543.25 on 2024-10-11 19:00:00+00:00
2024-11-11 21:52:37,969 - Short Sell 36.00 shares at 542.81 on 2024-10-11 19:15:00+00:00
2024-11-11 21:52:37,969 - Short Sell 36.00 shares at 542.75 on 2024-10-11 19:30:00+00:00
2024-11-11 21:52:37,969 - Short Sell 36.00 shares at 545.03 on 2024-10-11 19:45:00+00:00
2024-11-11 21:52:37,969 - Short Sell 36.00 shares at 543.21 on 2024-10-14 13:30:00+00:00
2024-11-11 21:52:37,969 - Short Sell 36.00 shares at 545.89 on 2024-10-14 13:45:00+00:00
2024-11-11 21:52:37,969 - Short Sell 36.00 shares at 543.62 on 2024-10-14 14:00:00+00:00
2024-11-11 21:52:37,969 - Short Sell 36.00 shares at 543.56 on 2024-10-14 14:15:00+00:00
2024-11-11 21:52:37,969 - Short Sell 36.00 shares at 544.84 on 2024-10-14 14:30:00+00:00
2024-11-11 21:52:37,969 - Buy to cover -972.00 shares at 547.26 on 2024-10-14 14:45:00+00:00 (Exit: Stop_loss, Profit: -3526.9199999999723, Duration: 4335.0 minutes)
2024-11-11 21:52:37,969 - Short Sell 35.00 shares at 555.9 on 2024-10-15 13:30:00+00:00
2024-11-11 21:52:37,969 - Short Sell 35.00 shares at 557.48 on 2024-10-15 13:45:00+00:00
2024-11-11 21:52:37,969 - Buy to cover -70.00 shares at 563.28 on 2024-10-15 14:00:00+00:00 (Exit: Stop_loss, Profit: -461.29999999999427, Duration: 30.0 minutes)
2024-11-11 21:52:37,970 - Long Buy 35.00 shares at 559.33 on 2024-10-16 13:30:00+00:00
2024-11-11 21:52:37,970 - Sell to close 35.00 shares at 562.82 on 2024-10-16 13:45:00+00:00 (Exit: Profit_take, Profit: 122.15000000000032, Duration: 15.0 minutes)
2024-11-11 21:52:37,970 - Long Buy 35.00 shares at 562.12 on 2024-10-16 14:00:00+00:00
2024-11-11 21:52:37,970 - Long Buy 34.00 shares at 562.47 on 2024-10-16 14:15:00+00:00
2024-11-11 21:52:37,970 - Long Buy 34.00 shares at 561.82 on 2024-10-16 14:30:00+00:00
2024-11-11 21:52:37,970 - Long Buy 33.00 shares at 564.15 on 2024-10-16 14:45:00+00:00
2024-11-11 21:52:37,970 - Long Buy 32.00 shares at 564.42 on 2024-10-16 15:00:00+00:00
2024-11-11 21:52:37,970 - Sell to close 168.00 shares at 567.19 on 2024-10-16 15:15:00+00:00 (Exit: Profit_take, Profit: 709.4700000000048, Duration: 75.0 minutes)
2024-11-11 21:52:37,970 - Long Buy 35.00 shares at 566.86 on 2024-10-16 15:30:00+00:00
2024-11-11 21:52:37,970 - Long Buy 34.00 shares at 566.7 on 2024-10-16 15:45:00+00:00
2024-11-11 21:52:37,970 - Long Buy 33.00 shares at 566.18 on 2024-10-16 16:00:00+00:00
2024-11-11 21:52:37,970 - Long Buy 33.00 shares at 566.95 on 2024-10-16 16:15:00+00:00
2024-11-11 21:52:37,970 - Long Buy 32.00 shares at 565.81 on 2024-10-16 16:30:00+00:00
2024-11-11 21:52:37,970 - Long Buy 31.00 shares at 565.2 on 2024-10-16 16:45:00+00:00
2024-11-11 21:52:37,970 - Long Buy 31.00 shares at 565.16 on 2024-10-16 17:00:00+00:00
2024-11-11 21:52:37,970 - Long Buy 30.00 shares at 565.68 on 2024-10-16 17:15:00+00:00
2024-11-11 21:52:37,971 - Sell to close 259.00 shares at 565.89 on 2024-10-16 17:30:00+00:00 (Exit: Signal, Profit: -53.16000000001554, Duration: 120.0 minutes)
2024-11-11 21:52:37,971 - Short Sell 35.00 shares at 566.34 on 2024-10-16 17:45:00+00:00
2024-11-11 21:52:37,971 - Short Sell 35.00 shares at 567.62 on 2024-10-16 18:00:00+00:00
2024-11-11 21:52:37,971 - Short Sell 35.00 shares at 568.86 on 2024-10-16 18:15:00+00:00
2024-11-11 21:52:37,971 - Short Sell 34.00 shares at 569.98 on 2024-10-16 18:30:00+00:00
2024-11-11 21:52:37,971 - Short Sell 34.00 shares at 569.9 on 2024-10-16 18:45:00+00:00
2024-11-11 21:52:37,971 - Short Sell 34.00 shares at 570.1 on 2024-10-16 19:00:00+00:00
2024-11-11 21:52:37,971 - Short Sell 34.00 shares at 570.23 on 2024-10-16 19:15:00+00:00
2024-11-11 21:52:37,971 - Short Sell 34.00 shares at 570.06 on 2024-10-16 19:30:00+00:00
2024-11-11 21:52:37,971 - Short Sell 34.00 shares at 570.59 on 2024-10-16 19:45:00+00:00
2024-11-11 21:52:37,971 - Buy to cover -309.00 shares at 573.47 on 2024-10-17 13:30:00+00:00 (Exit: Stop_loss, Profit: -1294.289999999992, Duration: 1185.0 minutes)
2024-11-11 21:52:37,971 - Long Buy 34.00 shares at 572.47 on 2024-10-18 13:30:00+00:00
2024-11-11 21:52:37,971 - Long Buy 34.00 shares at 574.07 on 2024-10-18 13:45:00+00:00
2024-11-11 21:52:37,971 - Long Buy 33.00 shares at 573.43 on 2024-10-18 14:00:00+00:00
2024-11-11 21:52:37,971 - Long Buy 32.00 shares at 574.84 on 2024-10-18 14:15:00+00:00
2024-11-11 21:52:37,971 - Sell to close 133.00 shares at 577.69 on 2024-10-18 15:00:00+00:00 (Exit: Profit_take, Profit: 532.3400000000041, Duration: 90.0 minutes)
2024-11-11 21:52:37,971 - Short Sell 34.00 shares at 581.24 on 2024-10-18 16:00:00+00:00
2024-11-11 21:52:37,971 - Short Sell 34.00 shares at 582.13 on 2024-10-18 16:15:00+00:00
2024-11-11 21:52:37,971 - Short Sell 34.00 shares at 581.51 on 2024-10-18 16:30:00+00:00
2024-11-11 21:52:37,971 - Short Sell 34.00 shares at 581.94 on 2024-10-18 16:45:00+00:00
2024-11-11 21:52:37,971 - Short Sell 34.00 shares at 582.09 on 2024-10-18 17:00:00+00:00
2024-11-11 21:52:37,972 - Short Sell 34.00 shares at 580.75 on 2024-10-18 17:15:00+00:00
2024-11-11 21:52:37,972 - Short Sell 34.00 shares at 580.85 on 2024-10-18 17:30:00+00:00
2024-11-11 21:52:37,972 - Short Sell 34.00 shares at 581.5 on 2024-10-18 17:45:00+00:00
2024-11-11 21:52:37,972 - Short Sell 34.00 shares at 580.74 on 2024-10-18 18:00:00+00:00
2024-11-11 21:52:37,972 - Short Sell 34.00 shares at 581.37 on 2024-10-18 18:15:00+00:00
2024-11-11 21:52:37,972 - Short Sell 34.00 shares at 581.73 on 2024-10-18 18:30:00+00:00
2024-11-11 21:52:37,972 - Short Sell 34.00 shares at 581.54 on 2024-10-18 18:45:00+00:00
2024-11-11 21:52:37,972 - Short Sell 34.00 shares at 581.88 on 2024-10-18 19:00:00+00:00
2024-11-11 21:52:37,972 - Short Sell 34.00 shares at 581.33 on 2024-10-18 19:15:00+00:00
2024-11-11 21:52:37,972 - Short Sell 34.00 shares at 581.43 on 2024-10-18 19:30:00+00:00
2024-11-11 21:52:37,972 - Buy to cover -510.00 shares at 578.57 on 2024-10-21 13:30:00+00:00 (Exit: Signal, Profit: 1478.3199999999658, Duration: 4170.0 minutes)
2024-11-11 21:52:37,972 - Long Buy 34.00 shares at 577.58 on 2024-10-21 13:45:00+00:00
2024-11-11 21:52:37,972 - Long Buy 33.00 shares at 576.48 on 2024-10-21 14:00:00+00:00
2024-11-11 21:52:37,972 - Long Buy 33.00 shares at 575.02 on 2024-10-21 14:15:00+00:00
2024-11-11 21:52:37,972 - Long Buy 32.00 shares at 574.62 on 2024-10-21 14:30:00+00:00
2024-11-11 21:52:37,972 - Long Buy 32.00 shares at 574.81 on 2024-10-21 14:45:00+00:00
2024-11-11 21:52:37,972 - Long Buy 31.00 shares at 573.9 on 2024-10-21 15:00:00+00:00
2024-11-11 21:52:37,972 - Long Buy 30.00 shares at 574.06 on 2024-10-21 15:15:00+00:00
2024-11-11 21:52:37,972 - Long Buy 30.00 shares at 575.91 on 2024-10-21 15:30:00+00:00
2024-11-11 21:52:37,972 - Long Buy 29.00 shares at 577.18 on 2024-10-21 15:45:00+00:00
2024-11-11 21:52:37,972 - Long Buy 28.00 shares at 576.97 on 2024-10-21 16:00:00+00:00
2024-11-11 21:52:37,972 - Long Buy 28.00 shares at 576.67 on 2024-10-21 16:15:00+00:00
2024-11-11 21:52:37,972 - Long Buy 27.00 shares at 576.76 on 2024-10-21 16:30:00+00:00
2024-11-11 21:52:37,972 - Long Buy 27.00 shares at 577.13 on 2024-10-21 16:45:00+00:00
2024-11-11 21:52:37,972 - Long Buy 26.00 shares at 577.37 on 2024-10-21 17:00:00+00:00
2024-11-11 21:52:37,972 - Long Buy 26.00 shares at 577.0 on 2024-10-21 17:15:00+00:00
2024-11-11 21:52:37,972 - Long Buy 25.00 shares at 576.29 on 2024-10-21 17:30:00+00:00
2024-11-11 21:52:37,972 - Long Buy 25.00 shares at 577.04 on 2024-10-21 17:45:00+00:00
2024-11-11 21:52:37,972 - Long Buy 24.00 shares at 575.47 on 2024-10-21 18:00:00+00:00
2024-11-11 21:52:37,972 - Long Buy 24.00 shares at 575.43 on 2024-10-21 18:15:00+00:00
2024-11-11 21:52:37,972 - Long Buy 23.00 shares at 574.75 on 2024-10-21 18:30:00+00:00
2024-11-11 21:52:37,972 - Long Buy 23.00 shares at 574.83 on 2024-10-21 18:45:00+00:00
2024-11-11 21:52:37,972 - Long Buy 22.00 shares at 576.93 on 2024-10-21 19:00:00+00:00
2024-11-11 21:52:37,972 - Long Buy 22.00 shares at 576.59 on 2024-10-21 19:15:00+00:00
2024-11-11 21:52:37,973 - Long Buy 21.00 shares at 576.05 on 2024-10-21 19:30:00+00:00
2024-11-11 21:52:37,973 - Long Buy 21.00 shares at 577.08 on 2024-10-21 19:45:00+00:00
2024-11-11 21:52:37,973 - Sell to close 676.00 shares at 569.37 on 2024-10-22 13:30:00+00:00 (Exit: Stop_loss, Profit: -4512.010000000095, Duration: 1425.0 minutes)
2024-11-11 21:52:37,973 - Long Buy 35.00 shares at 559.21 on 2024-10-23 13:30:00+00:00
2024-11-11 21:52:37,973 - Sell to close 35.00 shares at 562.62 on 2024-10-23 13:45:00+00:00 (Exit: Profit_take, Profit: 119.34999999999889, Duration: 15.0 minutes)
2024-11-11 21:52:37,973 - Long Buy 35.00 shares at 560.12 on 2024-10-23 14:00:00+00:00
2024-11-11 21:52:37,973 - Long Buy 34.00 shares at 559.3 on 2024-10-23 14:15:00+00:00
2024-11-11 21:52:37,973 - Long Buy 34.00 shares at 560.95 on 2024-10-23 14:30:00+00:00
2024-11-11 21:52:37,973 - Long Buy 33.00 shares at 559.92 on 2024-10-23 14:45:00+00:00
2024-11-11 21:52:37,973 - Long Buy 32.00 shares at 559.49 on 2024-10-23 15:00:00+00:00
2024-11-11 21:52:37,973 - Long Buy 32.00 shares at 557.87 on 2024-10-23 15:15:00+00:00
2024-11-11 21:52:37,973 - Long Buy 31.00 shares at 557.72 on 2024-10-23 15:30:00+00:00
2024-11-11 21:52:37,973 - Long Buy 30.00 shares at 558.75 on 2024-10-23 16:15:00+00:00
2024-11-11 21:52:37,973 - Sell to close 261.00 shares at 561.4 on 2024-10-23 16:45:00+00:00 (Exit: Signal, Profit: 548.0000000000422, Duration: 165.0 minutes)
2024-11-11 21:52:37,973 - Long Buy 35.00 shares at 558.02 on 2024-10-23 17:30:00+00:00
2024-11-11 21:52:37,973 - Long Buy 35.00 shares at 556.55 on 2024-10-23 18:00:00+00:00
2024-11-11 21:52:37,973 - Long Buy 34.00 shares at 557.09 on 2024-10-23 18:15:00+00:00
2024-11-11 21:52:37,973 - Sell to close 104.00 shares at 561.68 on 2024-10-23 19:15:00+00:00 (Exit: Profit_take, Profit: 463.71000000000095, Duration: 105.0 minutes)
2024-11-11 21:52:37,974 - Short Sell 35.00 shares at 562.83 on 2024-10-23 19:30:00+00:00
2024-11-11 21:52:37,974 - Short Sell 35.00 shares at 562.71 on 2024-10-23 19:45:00+00:00
2024-11-11 21:52:37,974 - Short Sell 35.00 shares at 565.67 on 2024-10-24 13:45:00+00:00
2024-11-11 21:52:37,974 - Short Sell 35.00 shares at 565.83 on 2024-10-24 14:00:00+00:00
2024-11-11 21:52:37,974 - Buy to cover -140.00 shares at 568.9 on 2024-10-24 14:15:00+00:00 (Exit: Stop_loss, Profit: -649.5999999999981, Duration: 1125.0 minutes)
2024-11-11 21:52:37,974 - Short Sell 34.00 shares at 577.35 on 2024-10-25 13:30:00+00:00
2024-11-11 21:52:37,974 - Short Sell 34.00 shares at 576.71 on 2024-10-25 13:45:00+00:00
2024-11-11 21:52:37,974 - Short Sell 34.00 shares at 580.16 on 2024-10-25 14:00:00+00:00
2024-11-11 21:52:37,974 - Short Sell 34.00 shares at 578.91 on 2024-10-25 14:15:00+00:00
2024-11-11 21:52:37,974 - Short Sell 34.00 shares at 579.19 on 2024-10-25 14:30:00+00:00
2024-11-11 21:52:37,974 - Short Sell 34.00 shares at 575.85 on 2024-10-25 14:45:00+00:00
2024-11-11 21:52:37,974 - Buy to cover -204.00 shares at 574.93 on 2024-10-25 15:00:00+00:00 (Exit: Profit_take, Profit: 632.060000000005, Duration: 90.0 minutes)
2024-11-11 21:52:37,974 - Short Sell 34.00 shares at 575.83 on 2024-10-25 15:15:00+00:00
2024-11-11 21:52:37,974 - Buy to cover -34.00 shares at 572.58 on 2024-10-25 15:30:00+00:00 (Exit: Profit_take, Profit: 110.5, Duration: 15.0 minutes)
2024-11-11 21:52:37,974 - Short Sell 34.00 shares at 572.29 on 2024-10-25 15:45:00+00:00
2024-11-11 21:52:37,974 - Short Sell 34.00 shares at 571.44 on 2024-10-25 16:00:00+00:00
2024-11-11 21:52:37,974 - Short Sell 34.00 shares at 572.16 on 2024-10-25 16:15:00+00:00
2024-11-11 21:52:37,974 - Short Sell 34.00 shares at 571.99 on 2024-10-25 16:30:00+00:00
2024-11-11 21:52:37,974 - Short Sell 34.00 shares at 570.12 on 2024-10-25 16:45:00+00:00
2024-11-11 21:52:37,974 - Short Sell 34.00 shares at 570.56 on 2024-10-25 17:00:00+00:00
2024-11-11 21:52:37,974 - Buy to cover -204.00 shares at 569.42 on 2024-10-25 17:15:00+00:00 (Exit: Signal, Profit: 409.36000000002196, Duration: 90.0 minutes)
2024-11-11 21:52:37,974 - Long Buy 35.00 shares at 568.23 on 2024-10-25 17:30:00+00:00
2024-11-11 21:52:37,974 - Long Buy 34.00 shares at 569.03 on 2024-10-25 18:00:00+00:00
2024-11-11 21:52:37,975 - Long Buy 33.00 shares at 568.35 on 2024-10-25 19:30:00+00:00
2024-11-11 21:52:37,975 - Sell to close 102.00 shares at 576.42 on 2024-10-28 13:30:00+00:00 (Exit: Profit_take, Profit: 804.2199999999991, Duration: 4080.0 minutes)
2024-11-11 21:52:37,975 - Short Sell 34.00 shares at 576.47 on 2024-10-28 13:45:00+00:00
2024-11-11 21:52:37,975 - Short Sell 34.00 shares at 574.09 on 2024-10-28 14:00:00+00:00
2024-11-11 21:52:37,975 - Short Sell 34.00 shares at 575.49 on 2024-10-28 14:15:00+00:00
2024-11-11 21:52:37,975 - Short Sell 34.00 shares at 576.35 on 2024-10-28 14:30:00+00:00
2024-11-11 21:52:37,975 - Short Sell 34.00 shares at 577.74 on 2024-10-28 14:45:00+00:00
2024-11-11 21:52:37,975 - Short Sell 34.00 shares at 578.46 on 2024-10-28 15:00:00+00:00
2024-11-11 21:52:37,975 - Short Sell 34.00 shares at 579.04 on 2024-10-28 15:15:00+00:00
2024-11-11 21:52:37,975 - Short Sell 34.00 shares at 576.81 on 2024-10-28 15:30:00+00:00
2024-11-11 21:52:37,975 - Short Sell 34.00 shares at 575.29 on 2024-10-28 15:45:00+00:00
2024-11-11 21:52:37,975 - Short Sell 34.00 shares at 576.92 on 2024-10-28 16:00:00+00:00
2024-11-11 21:52:37,975 - Short Sell 34.00 shares at 577.76 on 2024-10-28 16:15:00+00:00
2024-11-11 21:52:37,975 - Short Sell 34.00 shares at 577.54 on 2024-10-28 16:30:00+00:00
2024-11-11 21:52:37,975 - Short Sell 34.00 shares at 578.42 on 2024-10-28 16:45:00+00:00
2024-11-11 21:52:37,975 - Short Sell 34.00 shares at 578.31 on 2024-10-28 17:00:00+00:00
2024-11-11 21:52:37,975 - Short Sell 34.00 shares at 578.46 on 2024-10-28 17:15:00+00:00
2024-11-11 21:52:37,975 - Short Sell 34.00 shares at 578.09 on 2024-10-28 17:30:00+00:00
2024-11-11 21:52:37,975 - Short Sell 34.00 shares at 577.71 on 2024-10-28 17:45:00+00:00
2024-11-11 21:52:37,975 - Short Sell 34.00 shares at 578.28 on 2024-10-28 18:00:00+00:00
2024-11-11 21:52:37,975 - Short Sell 34.00 shares at 578.24 on 2024-10-28 18:15:00+00:00
2024-11-11 21:52:37,975 - Short Sell 34.00 shares at 578.71 on 2024-10-28 18:30:00+00:00
2024-11-11 21:52:37,975 - Buy to cover -680.00 shares at 571.8 on 2024-10-29 13:30:00+00:00 (Exit: Profit_take, Profit: 3814.12000000018, Duration: 1425.0 minutes)
2024-11-11 21:52:37,975 - Long Buy 34.00 shares at 572.37 on 2024-10-29 13:45:00+00:00
2024-11-11 21:52:37,976 - Long Buy 34.00 shares at 575.0 on 2024-10-29 14:00:00+00:00
2024-11-11 21:52:37,976 - Long Buy 33.00 shares at 575.8 on 2024-10-29 14:15:00+00:00
2024-11-11 21:52:37,976 - Sell to close 101.00 shares at 577.27 on 2024-10-29 14:30:00+00:00 (Exit: Profit_take, Profit: 292.289999999997, Duration: 45.0 minutes)
2024-11-11 21:52:37,976 - Short Sell 34.00 shares at 580.41 on 2024-10-29 17:45:00+00:00
2024-11-11 21:52:37,976 - Short Sell 34.00 shares at 580.3 on 2024-10-29 18:00:00+00:00
2024-11-11 21:52:37,976 - Short Sell 34.00 shares at 581.83 on 2024-10-29 18:15:00+00:00
2024-11-11 21:52:37,976 - Short Sell 34.00 shares at 583.68 on 2024-10-29 18:30:00+00:00
2024-11-11 21:52:37,976 - Short Sell 34.00 shares at 582.7 on 2024-10-29 18:45:00+00:00
2024-11-11 21:52:37,976 - Short Sell 34.00 shares at 582.87 on 2024-10-29 19:00:00+00:00
2024-11-11 21:52:37,976 - Buy to cover -204.00 shares at 581.5 on 2024-10-29 19:15:00+00:00 (Exit: Signal, Profit: 94.8600000000065, Duration: 90.0 minutes)
2024-11-11 21:52:37,976 - Short Sell 34.00 shares at 583.89 on 2024-10-29 19:45:00+00:00
2024-11-11 21:52:37,976 - Buy to cover -34.00 shares at 599.1 on 2024-10-30 13:30:00+00:00 (Exit: Stop_loss, Profit: -517.1400000000012, Duration: 1065.0 minutes)
2024-11-11 21:52:37,976 - Long Buy 33.00 shares at 597.47 on 2024-10-31 13:30:00+00:00
2024-11-11 21:52:37,976 - Long Buy 32.00 shares at 599.22 on 2024-10-31 13:45:00+00:00
2024-11-11 21:52:37,976 - Long Buy 32.00 shares at 596.22 on 2024-10-31 14:00:00+00:00
2024-11-11 21:52:37,976 - Long Buy 31.00 shares at 598.09 on 2024-10-31 14:15:00+00:00
2024-11-11 21:52:37,976 - Long Buy 30.00 shares at 596.18 on 2024-10-31 14:30:00+00:00
2024-11-11 21:52:37,976 - Long Buy 30.00 shares at 595.24 on 2024-10-31 14:45:00+00:00
2024-11-11 21:52:37,976 - Long Buy 29.00 shares at 594.58 on 2024-10-31 15:00:00+00:00
2024-11-11 21:52:37,977 - Long Buy 29.00 shares at 594.63 on 2024-10-31 15:15:00+00:00
2024-11-11 21:52:37,977 - Long Buy 28.00 shares at 597.41 on 2024-10-31 15:30:00+00:00
2024-11-11 21:52:37,977 - Long Buy 28.00 shares at 596.2 on 2024-10-31 15:45:00+00:00
2024-11-11 21:52:37,977 - Long Buy 27.00 shares at 597.58 on 2024-10-31 16:00:00+00:00
2024-11-11 21:52:37,977 - Long Buy 26.00 shares at 597.66 on 2024-10-31 16:15:00+00:00
2024-11-11 21:52:37,977 - Long Buy 26.00 shares at 597.3 on 2024-10-31 16:30:00+00:00
2024-11-11 21:52:37,977 - Long Buy 25.00 shares at 597.19 on 2024-10-31 16:45:00+00:00
2024-11-11 21:52:37,977 - Long Buy 25.00 shares at 598.0 on 2024-10-31 17:00:00+00:00
2024-11-11 21:52:37,977 - Long Buy 24.00 shares at 597.38 on 2024-10-31 17:15:00+00:00
2024-11-11 21:52:37,977 - Long Buy 24.00 shares at 597.15 on 2024-10-31 17:30:00+00:00
2024-11-11 21:52:37,977 - Long Buy 23.00 shares at 597.4 on 2024-10-31 17:45:00+00:00
2024-11-11 21:52:37,977 - Long Buy 23.00 shares at 596.13 on 2024-10-31 18:00:00+00:00
2024-11-11 21:52:37,977 - Long Buy 22.00 shares at 597.02 on 2024-10-31 18:15:00+00:00
2024-11-11 21:52:37,977 - Long Buy 22.00 shares at 596.03 on 2024-10-31 18:30:00+00:00
2024-11-11 21:52:37,977 - Long Buy 22.00 shares at 596.51 on 2024-10-31 18:45:00+00:00
2024-11-11 21:52:37,977 - Long Buy 21.00 shares at 596.13 on 2024-10-31 19:00:00+00:00
2024-11-11 21:52:37,977 - Long Buy 21.00 shares at 596.03 on 2024-10-31 19:15:00+00:00
2024-11-11 21:52:37,977 - Long Buy 20.00 shares at 595.59 on 2024-10-31 19:30:00+00:00
2024-11-11 21:52:37,977 - Sell to close 653.00 shares at 592.34 on 2024-10-31 19:45:00+00:00 (Exit: Stop_loss, Profit: -2884.8899999999935, Duration: 375.0 minutes)
2024-11-11 21:52:37,977 - Long Buy 33.00 shares at 591.42 on 2024-11-01 13:30:00+00:00
2024-11-11 21:52:37,977 - Long Buy 33.00 shares at 589.06 on 2024-11-01 13:45:00+00:00
2024-11-11 21:52:37,977 - Long Buy 32.00 shares at 590.09 on 2024-11-01 14:00:00+00:00
2024-11-11 21:52:37,977 - Long Buy 31.00 shares at 591.12 on 2024-11-01 14:15:00+00:00
2024-11-11 21:52:37,977 - Long Buy 31.00 shares at 587.73 on 2024-11-01 14:30:00+00:00
2024-11-11 21:52:37,977 - Long Buy 30.00 shares at 588.32 on 2024-11-01 14:45:00+00:00
2024-11-11 21:52:37,977 - Long Buy 30.00 shares at 587.66 on 2024-11-01 15:00:00+00:00
2024-11-11 21:52:37,977 - Long Buy 29.00 shares at 587.14 on 2024-11-01 15:15:00+00:00
2024-11-11 21:52:37,977 - Long Buy 28.00 shares at 586.31 on 2024-11-01 15:30:00+00:00
2024-11-11 21:52:37,977 - Long Buy 28.00 shares at 587.7 on 2024-11-01 15:45:00+00:00
2024-11-11 21:52:37,977 - Long Buy 27.00 shares at 588.5 on 2024-11-01 16:00:00+00:00
2024-11-11 21:52:37,977 - Long Buy 27.00 shares at 586.69 on 2024-11-01 16:15:00+00:00
2024-11-11 21:52:37,977 - Long Buy 26.00 shares at 585.67 on 2024-11-01 16:30:00+00:00
2024-11-11 21:52:37,977 - Sell to close 385.00 shares at 584.51 on 2024-11-01 16:45:00+00:00 (Exit: Stop_loss, Profit: -1483.0099999999743, Duration: 195.0 minutes)
2024-11-11 21:52:37,978 - Long Buy 34.00 shares at 580.92 on 2024-11-04 14:30:00+00:00
2024-11-11 21:52:37,978 - Long Buy 33.00 shares at 580.08 on 2024-11-04 14:45:00+00:00
2024-11-11 21:52:37,978 - Long Buy 32.00 shares at 580.13 on 2024-11-04 15:00:00+00:00
2024-11-11 21:52:37,978 - Long Buy 32.00 shares at 580.78 on 2024-11-04 15:15:00+00:00
2024-11-11 21:52:37,978 - Long Buy 31.00 shares at 581.5 on 2024-11-04 15:30:00+00:00
2024-11-11 21:52:37,978 - Long Buy 30.00 shares at 581.7 on 2024-11-04 15:45:00+00:00
2024-11-11 21:52:37,978 - Long Buy 30.00 shares at 581.64 on 2024-11-04 16:00:00+00:00
2024-11-11 21:52:37,978 - Long Buy 29.00 shares at 579.81 on 2024-11-04 16:15:00+00:00
2024-11-11 21:52:37,978 - Long Buy 29.00 shares at 578.98 on 2024-11-04 16:30:00+00:00
2024-11-11 21:52:37,978 - Sell to close 280.00 shares at 581.24 on 2024-11-04 17:45:00+00:00 (Exit: Signal, Profit: 172.54999999997835, Duration: 195.0 minutes)
2024-11-11 21:52:37,978 - Short Sell 34.00 shares at 582.82 on 2024-11-04 20:15:00+00:00
2024-11-11 21:52:37,978 - Short Sell 34.00 shares at 583.13 on 2024-11-05 14:30:00+00:00
2024-11-11 21:52:37,978 - Short Sell 33.00 shares at 585.99 on 2024-11-05 14:45:00+00:00
2024-11-11 21:52:37,978 - Short Sell 34.00 shares at 583.7 on 2024-11-05 15:00:00+00:00
2024-11-11 21:52:37,978 - Short Sell 34.00 shares at 583.7 on 2024-11-05 15:15:00+00:00
2024-11-11 21:52:37,978 - Short Sell 33.00 shares at 585.17 on 2024-11-05 15:30:00+00:00
2024-11-11 21:52:37,978 - Short Sell 33.00 shares at 585.17 on 2024-11-05 15:45:00+00:00
2024-11-11 21:52:37,978 - Short Sell 33.00 shares at 585.49 on 2024-11-05 16:00:00+00:00
2024-11-11 21:52:37,978 - Short Sell 33.00 shares at 586.02 on 2024-11-05 16:15:00+00:00
2024-11-11 21:52:37,978 - Short Sell 33.00 shares at 585.45 on 2024-11-05 16:30:00+00:00
2024-11-11 21:52:37,978 - Short Sell 34.00 shares at 583.23 on 2024-11-05 16:45:00+00:00
2024-11-11 21:52:37,978 - Short Sell 34.00 shares at 582.91 on 2024-11-05 17:30:00+00:00
2024-11-11 21:52:37,979 - Short Sell 34.00 shares at 583.87 on 2024-11-05 18:00:00+00:00
2024-11-11 21:52:37,979 - Short Sell 34.00 shares at 584.11 on 2024-11-05 18:15:00+00:00
2024-11-11 21:52:37,979 - Short Sell 34.00 shares at 584.0 on 2024-11-05 18:30:00+00:00
2024-11-11 21:52:37,979 - Short Sell 34.00 shares at 584.08 on 2024-11-05 18:45:00+00:00
2024-11-11 21:52:37,979 - Short Sell 34.00 shares at 584.2 on 2024-11-05 19:00:00+00:00
2024-11-11 21:52:37,979 - Buy to cover -572.00 shares at 625.93 on 2024-11-06 14:30:00+00:00 (Exit: Stop_loss, Profit: -23821.889999999818, Duration: 2535.0 minutes)
2024-11-11 21:52:37,979 - Long Buy 31.00 shares at 615.23 on 2024-11-07 14:30:00+00:00
2024-11-11 21:52:37,979 - Long Buy 30.00 shares at 617.58 on 2024-11-07 14:45:00+00:00
2024-11-11 21:52:37,979 - Long Buy 30.00 shares at 616.68 on 2024-11-07 15:00:00+00:00
2024-11-11 21:52:37,979 - Long Buy 29.00 shares at 616.23 on 2024-11-07 15:15:00+00:00
2024-11-11 21:52:37,979 - Long Buy 29.00 shares at 617.65 on 2024-11-07 15:30:00+00:00
2024-11-11 21:52:37,979 - Long Buy 28.00 shares at 615.51 on 2024-11-07 15:45:00+00:00
2024-11-11 21:52:37,979 - Long Buy 27.00 shares at 616.72 on 2024-11-07 16:00:00+00:00
2024-11-11 21:52:37,979 - Long Buy 27.00 shares at 617.35 on 2024-11-07 16:15:00+00:00
2024-11-11 21:52:37,979 - Long Buy 26.00 shares at 617.41 on 2024-11-07 16:30:00+00:00
2024-11-11 21:52:37,979 - Long Buy 26.00 shares at 617.24 on 2024-11-07 16:45:00+00:00
2024-11-11 21:52:37,979 - Long Buy 25.00 shares at 618.24 on 2024-11-07 17:00:00+00:00
2024-11-11 21:52:37,979 - Long Buy 25.00 shares at 618.83 on 2024-11-07 17:15:00+00:00
2024-11-11 21:52:37,979 - Sell to close 333.00 shares at 620.5 on 2024-11-07 17:45:00+00:00 (Exit: Profit_take, Profit: 1162.2299999999796, Duration: 195.0 minutes)
2024-11-11 21:52:37,979 - Long Buy 31.00 shares at 617.25 on 2024-11-07 18:30:00+00:00
2024-11-11 21:52:37,979 - Long Buy 30.00 shares at 618.7 on 2024-11-07 18:45:00+00:00
2024-11-11 21:52:37,979 - Long Buy 30.00 shares at 617.47 on 2024-11-07 19:00:00+00:00
2024-11-11 21:52:37,980 - Sell to close 91.00 shares at 619.38 on 2024-11-07 19:30:00+00:00 (Exit: Signal, Profit: 143.7299999999941, Duration: 60.0 minutes)
2024-11-11 21:52:37,980 - Short Sell 31.00 shares at 621.36 on 2024-11-07 19:45:00+00:00
2024-11-11 21:52:37,980 - Short Sell 31.00 shares at 621.36 on 2024-11-07 20:00:00+00:00
2024-11-11 21:52:37,980 - Short Sell 31.00 shares at 621.15 on 2024-11-07 20:15:00+00:00
2024-11-11 21:52:37,980 - Buy to cover -93.00 shares at 617.36 on 2024-11-07 20:45:00+00:00 (Exit: Profit_take, Profit: 365.48999999999535, Duration: 60.0 minutes)
2024-11-11 21:52:37,980 - Short Sell 31.00 shares at 622.01 on 2024-11-08 15:00:00+00:00
2024-11-11 21:52:37,980 - Short Sell 31.00 shares at 621.51 on 2024-11-08 15:15:00+00:00
2024-11-11 21:52:37,980 - Buy to cover -62.00 shares at 618.38 on 2024-11-08 16:15:00+00:00 (Exit: Profit_take, Profit: 209.55999999999972, Duration: 75.0 minutes)
2024-11-11 21:52:37,980 - Short Sell 31.00 shares at 620.21 on 2024-11-08 20:30:00+00:00
2024-11-11 21:52:37,982 - Final statisticsStock: MLM, 
total_trades: 29, 
winning_trades: 19, 
losing_trades: 10, 
average_return: -0.001682487746149391, 
average_duration: 808.448275862069, 
final_balance: 992206.6100000013, 
final_portfolio_value: 972991.5700000012, 
sharpe_ratio: 5.247601987007006, 



