2024-11-11 22:47:54,164 - Starting GBMStrategy with initial capital: 1000000
2024-11-11 22:47:54,164 - Hyperparameters: {'threshold': 1.5, 'time_periods': 30, 'num_simulations': 150}
2024-11-11 22:52:36,273 - Short Sell 368.00 shares at 54.31 on 2024-10-11 14:30:00+00:00
2024-11-11 22:52:36,274 - Buy to cover -368.00 shares at 54.07 on 2024-10-11 17:00:00+00:00 (Exit: Signal, Profit: 88.32000000000073, Duration: 150.0 minutes)
2024-11-11 22:52:36,275 - Long Buy 368.00 shares at 54.26 on 2024-10-14 15:30:00+00:00
2024-11-11 22:52:36,275 - Sell to close 368.00 shares at 54.44 on 2024-10-14 16:30:00+00:00 (Exit: Signal, Profit: 66.2399999999999, Duration: 60.0 minutes)
2024-11-11 22:52:36,275 - Short Sell 366.00 shares at 54.53 on 2024-10-14 18:30:00+00:00
2024-11-11 22:52:36,275 - Short Sell 366.00 shares at 54.53 on 2024-10-14 18:45:00+00:00
2024-11-11 22:52:36,275 - Short Sell 365.00 shares at 54.66 on 2024-10-14 19:00:00+00:00
2024-11-11 22:52:36,275 - Short Sell 365.00 shares at 54.65 on 2024-10-14 19:15:00+00:00
2024-11-11 22:52:36,275 - Short Sell 365.00 shares at 54.75 on 2024-10-14 19:30:00+00:00
2024-11-11 22:52:36,275 - Short Sell 364.00 shares at 54.83 on 2024-10-14 19:45:00+00:00
2024-11-11 22:52:36,275 - Short Sell 363.00 shares at 55.0 on 2024-10-15 13:30:00+00:00
2024-11-11 22:52:36,275 - Short Sell 364.00 shares at 54.87 on 2024-10-15 13:45:00+00:00
2024-11-11 22:52:36,275 - Short Sell 362.00 shares at 55.07 on 2024-10-15 14:00:00+00:00
2024-11-11 22:52:36,275 - Buy to cover -3280.00 shares at 55.29 on 2024-10-15 14:15:00+00:00 (Exit: Stop_loss, Profit: -1722.2000000000185, Duration: 1185.0 minutes)
2024-11-11 22:52:36,276 - Short Sell 350.00 shares at 56.92 on 2024-10-16 13:30:00+00:00
2024-11-11 22:52:36,276 - Buy to cover -350.00 shares at 56.59 on 2024-10-16 13:45:00+00:00 (Exit: Profit_take, Profit: 115.4999999999994, Duration: 15.0 minutes)
2024-11-11 22:52:36,276 - Short Sell 352.00 shares at 56.7 on 2024-10-16 14:00:00+00:00
2024-11-11 22:52:36,276 - Short Sell 353.00 shares at 56.53 on 2024-10-16 14:15:00+00:00
2024-11-11 22:52:36,276 - Short Sell 353.00 shares at 56.45 on 2024-10-16 14:30:00+00:00
2024-11-11 22:52:36,276 - Short Sell 353.00 shares at 56.46 on 2024-10-16 14:45:00+00:00
2024-11-11 22:52:36,276 - Short Sell 355.00 shares at 56.26 on 2024-10-16 15:00:00+00:00
2024-11-11 22:52:36,276 - Short Sell 354.00 shares at 56.34 on 2024-10-16 15:15:00+00:00
2024-11-11 22:52:36,276 - Short Sell 354.00 shares at 56.37 on 2024-10-16 15:30:00+00:00
2024-11-11 22:52:36,276 - Short Sell 354.00 shares at 56.3 on 2024-10-16 15:45:00+00:00
2024-11-11 22:52:36,276 - Short Sell 354.00 shares at 56.39 on 2024-10-16 16:00:00+00:00
2024-11-11 22:52:36,276 - Short Sell 354.00 shares at 56.33 on 2024-10-16 16:15:00+00:00
2024-11-11 22:52:36,276 - Short Sell 354.00 shares at 56.39 on 2024-10-16 16:30:00+00:00
2024-11-11 22:52:36,276 - Short Sell 352.00 shares at 56.55 on 2024-10-16 16:45:00+00:00
2024-11-11 22:52:36,276 - Short Sell 352.00 shares at 56.64 on 2024-10-16 17:00:00+00:00
2024-11-11 22:52:36,276 - Short Sell 352.00 shares at 56.63 on 2024-10-16 17:15:00+00:00
2024-11-11 22:52:36,276 - Short Sell 351.00 shares at 56.72 on 2024-10-16 17:30:00+00:00
2024-11-11 22:52:36,276 - Short Sell 351.00 shares at 56.71 on 2024-10-16 17:45:00+00:00
2024-11-11 22:52:36,276 - Buy to cover -5648.00 shares at 56.48 on 2024-10-16 19:30:00+00:00 (Exit: Signal, Profit: 29.030000000008272, Duration: 330.0 minutes)
2024-11-11 22:52:36,276 - Long Buy 354.00 shares at 56.27 on 2024-10-16 19:45:00+00:00
2024-11-11 22:52:36,276 - Sell to close 354.00 shares at 56.67 on 2024-10-17 13:30:00+00:00 (Exit: Profit_take, Profit: 141.5999999999995, Duration: 1065.0 minutes)
2024-11-11 22:52:36,276 - Short Sell 351.00 shares at 56.88 on 2024-10-17 13:45:00+00:00
2024-11-11 22:52:36,276 - Short Sell 351.00 shares at 56.9 on 2024-10-17 14:30:00+00:00
2024-11-11 22:52:36,276 - Short Sell 350.00 shares at 56.97 on 2024-10-17 14:45:00+00:00
2024-11-11 22:52:36,277 - Buy to cover -1052.00 shares at 56.64 on 2024-10-17 18:30:00+00:00 (Exit: Signal, Profit: 290.99999999999875, Duration: 285.0 minutes)
2024-11-11 22:52:36,277 - Long Buy 352.00 shares at 56.61 on 2024-10-17 18:45:00+00:00
2024-11-11 22:52:36,277 - Long Buy 346.00 shares at 56.49 on 2024-10-17 19:30:00+00:00
2024-11-11 22:52:36,277 - Long Buy 339.00 shares at 56.5 on 2024-10-17 19:45:00+00:00
2024-11-11 22:52:36,277 - Sell to close 1037.00 shares at 56.95 on 2024-10-18 13:45:00+00:00 (Exit: Profit_take, Profit: 431.39000000000385, Duration: 1140.0 minutes)
2024-11-11 22:52:36,277 - Short Sell 350.00 shares at 57.01 on 2024-10-18 14:00:00+00:00
2024-11-11 22:52:36,277 - Short Sell 350.00 shares at 57.05 on 2024-10-18 14:15:00+00:00
2024-11-11 22:52:36,277 - Short Sell 348.00 shares at 57.35 on 2024-10-18 14:30:00+00:00
2024-11-11 22:52:36,277 - Short Sell 348.00 shares at 57.33 on 2024-10-18 14:45:00+00:00
2024-11-11 22:52:36,277 - Buy to cover -1396.00 shares at 57.61 on 2024-10-18 15:00:00+00:00 (Exit: Stop_loss, Profit: -593.9199999999956, Duration: 60.0 minutes)
2024-11-11 22:52:36,277 - Short Sell 341.00 shares at 58.5 on 2024-10-21 13:30:00+00:00
2024-11-11 22:52:36,277 - Short Sell 342.00 shares at 58.37 on 2024-10-21 13:45:00+00:00
2024-11-11 22:52:36,277 - Short Sell 343.00 shares at 58.17 on 2024-10-21 14:00:00+00:00
2024-11-11 22:52:36,277 - Buy to cover -1026.00 shares at 57.86 on 2024-10-21 14:15:00+00:00 (Exit: Profit_take, Profit: 498.9900000000056, Duration: 45.0 minutes)
2024-11-11 22:52:36,278 - Long Buy 346.00 shares at 57.73 on 2024-10-21 15:15:00+00:00
2024-11-11 22:52:36,278 - Long Buy 339.00 shares at 57.7 on 2024-10-21 16:00:00+00:00
2024-11-11 22:52:36,278 - Long Buy 332.00 shares at 57.66 on 2024-10-21 17:30:00+00:00
2024-11-11 22:52:36,278 - Long Buy 326.00 shares at 57.68 on 2024-10-21 17:45:00+00:00
2024-11-11 22:52:36,278 - Long Buy 320.00 shares at 57.57 on 2024-10-21 18:00:00+00:00
2024-11-11 22:52:36,278 - Long Buy 313.00 shares at 57.6 on 2024-10-21 18:15:00+00:00
2024-11-11 22:52:36,278 - Long Buy 308.00 shares at 57.45 on 2024-10-21 18:30:00+00:00
2024-11-11 22:52:36,278 - Long Buy 301.00 shares at 57.48 on 2024-10-21 18:45:00+00:00
2024-11-11 22:52:36,278 - Long Buy 295.00 shares at 57.49 on 2024-10-21 19:00:00+00:00
2024-11-11 22:52:36,278 - Long Buy 290.00 shares at 57.41 on 2024-10-21 19:15:00+00:00
2024-11-11 22:52:36,278 - Long Buy 284.00 shares at 57.52 on 2024-10-21 19:30:00+00:00
2024-11-11 22:52:36,278 - Long Buy 277.00 shares at 57.59 on 2024-10-21 19:45:00+00:00
2024-11-11 22:52:36,278 - Long Buy 272.00 shares at 57.61 on 2024-10-22 13:45:00+00:00
2024-11-11 22:52:36,278 - Sell to close 4003.00 shares at 57.86 on 2024-10-22 14:00:00+00:00 (Exit: Signal, Profit: 1118.1400000000212, Duration: 1365.0 minutes)
2024-11-11 22:52:36,278 - Short Sell 345.00 shares at 57.86 on 2024-10-22 14:15:00+00:00
2024-11-11 22:52:36,278 - Short Sell 344.00 shares at 58.0 on 2024-10-22 14:30:00+00:00
2024-11-11 22:52:36,278 - Short Sell 344.00 shares at 58.14 on 2024-10-22 14:45:00+00:00
2024-11-11 22:52:36,278 - Short Sell 343.00 shares at 58.18 on 2024-10-22 15:00:00+00:00
2024-11-11 22:52:36,278 - Short Sell 344.00 shares at 58.08 on 2024-10-22 15:15:00+00:00
2024-11-11 22:52:36,278 - Short Sell 343.00 shares at 58.19 on 2024-10-22 15:30:00+00:00
2024-11-11 22:52:36,278 - Short Sell 344.00 shares at 58.1 on 2024-10-22 15:45:00+00:00
2024-11-11 22:52:36,278 - Short Sell 343.00 shares at 58.23 on 2024-10-22 16:00:00+00:00
2024-11-11 22:52:36,278 - Short Sell 342.00 shares at 58.36 on 2024-10-22 16:15:00+00:00
2024-11-11 22:52:36,278 - Short Sell 342.00 shares at 58.42 on 2024-10-22 16:30:00+00:00
2024-11-11 22:52:36,278 - Buy to cover -3434.00 shares at 58.5 on 2024-10-22 16:45:00+00:00 (Exit: Stop_loss, Profit: -1182.659999999965, Duration: 150.0 minutes)
2024-11-11 22:52:36,279 - Short Sell 341.00 shares at 58.53 on 2024-10-23 13:30:00+00:00
2024-11-11 22:52:36,279 - Short Sell 342.00 shares at 58.35 on 2024-10-23 13:45:00+00:00
2024-11-11 22:52:36,279 - Buy to cover -683.00 shares at 58.03 on 2024-10-23 14:00:00+00:00 (Exit: Profit_take, Profit: 279.94000000000057, Duration: 30.0 minutes)
2024-11-11 22:52:36,279 - Short Sell 343.00 shares at 58.15 on 2024-10-23 14:15:00+00:00
2024-11-11 22:52:36,279 - Short Sell 344.00 shares at 58.06 on 2024-10-23 14:30:00+00:00
2024-11-11 22:52:36,279 - Short Sell 344.00 shares at 58.05 on 2024-10-23 14:45:00+00:00
2024-11-11 22:52:36,279 - Buy to cover -1031.00 shares at 57.78 on 2024-10-23 15:00:00+00:00 (Exit: Profit_take, Profit: 316.10999999998995, Duration: 45.0 minutes)
2024-11-11 22:52:36,279 - Long Buy 345.00 shares at 57.82 on 2024-10-23 15:15:00+00:00
2024-11-11 22:52:36,279 - Sell to close 345.00 shares at 58.2 on 2024-10-23 16:30:00+00:00 (Exit: Profit_take, Profit: 131.09999999999843, Duration: 75.0 minutes)
2024-11-11 22:52:36,279 - Long Buy 345.00 shares at 57.84 on 2024-10-23 18:00:00+00:00
2024-11-11 22:52:36,279 - Long Buy 339.00 shares at 57.81 on 2024-10-23 18:15:00+00:00
2024-11-11 22:52:36,279 - Long Buy 332.00 shares at 57.75 on 2024-10-23 19:00:00+00:00
2024-11-11 22:52:36,279 - Long Buy 326.00 shares at 57.74 on 2024-10-23 19:15:00+00:00
2024-11-11 22:52:36,279 - Long Buy 318.00 shares at 57.84 on 2024-10-23 19:30:00+00:00
2024-11-11 22:52:36,279 - Long Buy 313.00 shares at 57.76 on 2024-10-23 19:45:00+00:00
2024-11-11 22:52:36,279 - Sell to close 1973.00 shares at 53.98 on 2024-10-24 13:30:00+00:00 (Exit: Stop_loss, Profit: -7518.090000000015, Duration: 1170.0 minutes)
2024-11-11 22:52:36,279 - Long Buy 422.00 shares at 47.0 on 2024-10-25 13:30:00+00:00
2024-11-11 22:52:36,280 - Sell to close 422.00 shares at 47.52 on 2024-10-25 13:45:00+00:00 (Exit: Profit_take, Profit: 219.4400000000013, Duration: 15.0 minutes)
2024-11-11 22:52:36,280 - Long Buy 415.00 shares at 47.78 on 2024-10-25 14:00:00+00:00
2024-11-11 22:52:36,280 - Long Buy 406.00 shares at 47.88 on 2024-10-25 14:15:00+00:00
2024-11-11 22:52:36,280 - Long Buy 396.00 shares at 48.04 on 2024-10-25 14:30:00+00:00
2024-11-11 22:52:36,280 - Sell to close 1217.00 shares at 48.26 on 2024-10-25 14:45:00+00:00 (Exit: Profit_take, Profit: 440.5999999999926, Duration: 45.0 minutes)
2024-11-11 22:52:36,280 - Long Buy 407.00 shares at 48.8 on 2024-10-25 15:00:00+00:00
2024-11-11 22:52:36,280 - Long Buy 398.00 shares at 48.84 on 2024-10-25 15:15:00+00:00
2024-11-11 22:52:36,280 - Long Buy 392.00 shares at 48.66 on 2024-10-25 15:30:00+00:00
2024-11-11 22:52:36,280 - Long Buy 383.00 shares at 48.72 on 2024-10-25 15:45:00+00:00
2024-11-11 22:52:36,280 - Long Buy 376.00 shares at 48.68 on 2024-10-25 16:00:00+00:00
2024-11-11 22:52:36,280 - Long Buy 368.00 shares at 48.73 on 2024-10-25 16:15:00+00:00
2024-11-11 22:52:36,280 - Long Buy 360.00 shares at 48.75 on 2024-10-25 16:30:00+00:00
2024-11-11 22:52:36,280 - Long Buy 353.00 shares at 48.79 on 2024-10-25 16:45:00+00:00
2024-11-11 22:52:36,280 - Long Buy 347.00 shares at 48.7 on 2024-10-25 17:00:00+00:00
2024-11-11 22:52:36,280 - Long Buy 341.00 shares at 48.45 on 2024-10-25 18:00:00+00:00
2024-11-11 22:52:36,280 - Long Buy 334.00 shares at 48.51 on 2024-10-25 18:15:00+00:00
2024-11-11 22:52:36,280 - Long Buy 328.00 shares at 48.5 on 2024-10-25 18:30:00+00:00
2024-11-11 22:52:36,280 - Long Buy 321.00 shares at 48.55 on 2024-10-25 18:45:00+00:00
2024-11-11 22:52:36,280 - Sell to close 4708.00 shares at 48.34 on 2024-10-25 19:00:00+00:00 (Exit: Stop_loss, Profit: -1574.1099999999428, Duration: 240.0 minutes)
2024-11-11 22:52:36,280 - Long Buy 410.00 shares at 48.33 on 2024-10-28 14:45:00+00:00
2024-11-11 22:52:36,280 - Long Buy 402.00 shares at 48.31 on 2024-10-28 15:00:00+00:00
2024-11-11 22:52:36,280 - Sell to close 812.00 shares at 48.59 on 2024-10-28 15:15:00+00:00 (Exit: Profit_take, Profit: 219.16000000000565, Duration: 30.0 minutes)
2024-11-11 22:52:36,281 - Long Buy 410.00 shares at 48.33 on 2024-10-28 18:00:00+00:00
2024-11-11 22:52:36,281 - Sell to close 410.00 shares at 48.59 on 2024-10-29 13:30:00+00:00 (Exit: Profit_take, Profit: 106.6000000000021, Duration: 1170.0 minutes)
2024-11-11 22:52:36,281 - Short Sell 407.00 shares at 48.74 on 2024-10-29 13:45:00+00:00
2024-11-11 22:52:36,281 - Short Sell 404.00 shares at 49.03 on 2024-10-29 14:00:00+00:00
2024-11-11 22:52:36,281 - Short Sell 406.00 shares at 48.84 on 2024-10-29 14:15:00+00:00
2024-11-11 22:52:36,281 - Buy to cover -1217.00 shares at 48.5 on 2024-10-29 15:00:00+00:00 (Exit: Profit_take, Profit: 449.84000000000236, Duration: 75.0 minutes)
2024-11-11 22:52:36,281 - Long Buy 412.00 shares at 48.09 on 2024-10-29 15:45:00+00:00
2024-11-11 22:52:36,281 - Long Buy 404.00 shares at 48.03 on 2024-10-29 16:00:00+00:00
2024-11-11 22:52:36,281 - Long Buy 398.00 shares at 47.88 on 2024-10-29 16:15:00+00:00
2024-11-11 22:52:36,281 - Long Buy 390.00 shares at 47.79 on 2024-10-29 16:30:00+00:00
2024-11-11 22:52:36,281 - Long Buy 382.00 shares at 47.88 on 2024-10-29 16:45:00+00:00
2024-11-11 22:52:36,281 - Long Buy 374.00 shares at 47.91 on 2024-10-29 17:15:00+00:00
2024-11-11 22:52:36,281 - Long Buy 367.00 shares at 47.83 on 2024-10-29 17:30:00+00:00
2024-11-11 22:52:36,281 - Long Buy 360.00 shares at 47.84 on 2024-10-29 17:45:00+00:00
2024-11-11 22:52:36,281 - Long Buy 353.00 shares at 47.79 on 2024-10-29 18:00:00+00:00
2024-11-11 22:52:36,281 - Long Buy 344.00 shares at 48.0 on 2024-10-29 19:00:00+00:00
2024-11-11 22:52:36,281 - Long Buy 338.00 shares at 47.92 on 2024-10-29 19:15:00+00:00
2024-11-11 22:52:36,281 - Long Buy 332.00 shares at 47.82 on 2024-10-29 19:45:00+00:00
2024-11-11 22:52:36,281 - Sell to close 4454.00 shares at 47.35 on 2024-10-30 13:30:00+00:00 (Exit: Stop_loss, Profit: -2454.219999999977, Duration: 1305.0 minutes)
2024-11-11 22:52:36,282 - Long Buy 430.00 shares at 46.0 on 2024-10-31 13:30:00+00:00
2024-11-11 22:52:36,282 - Long Buy 424.00 shares at 45.68 on 2024-10-31 13:45:00+00:00
2024-11-11 22:52:36,282 - Long Buy 415.00 shares at 45.79 on 2024-10-31 14:00:00+00:00
2024-11-11 22:52:36,282 - Long Buy 407.00 shares at 45.7 on 2024-10-31 14:15:00+00:00
2024-11-11 22:52:36,282 - Sell to close 1676.00 shares at 45.46 on 2024-10-31 14:30:00+00:00 (Exit: Stop_loss, Profit: -560.1100000000104, Duration: 60.0 minutes)
2024-11-11 22:52:36,282 - Long Buy 431.00 shares at 45.87 on 2024-11-01 13:30:00+00:00
2024-11-11 22:52:36,282 - Long Buy 425.00 shares at 45.59 on 2024-11-01 13:45:00+00:00
2024-11-11 22:52:36,282 - Long Buy 416.00 shares at 45.66 on 2024-11-01 14:00:00+00:00
2024-11-11 22:52:36,282 - Long Buy 407.00 shares at 45.68 on 2024-11-01 14:15:00+00:00
2024-11-11 22:52:36,282 - Long Buy 401.00 shares at 45.47 on 2024-11-01 14:30:00+00:00
2024-11-11 22:52:36,282 - Long Buy 392.00 shares at 45.55 on 2024-11-01 15:15:00+00:00
2024-11-11 22:52:36,282 - Sell to close 2472.00 shares at 45.41 on 2024-11-01 15:30:00+00:00 (Exit: Stop_loss, Profit: -567.5899999999892, Duration: 120.0 minutes)
2024-11-11 22:52:36,283 - Long Buy 435.00 shares at 45.39 on 2024-11-04 16:30:00+00:00
2024-11-11 22:52:36,283 - Long Buy 427.00 shares at 45.34 on 2024-11-04 16:45:00+00:00
2024-11-11 22:52:36,283 - Sell to close 862.00 shares at 45.65 on 2024-11-04 17:15:00+00:00 (Exit: Profit_take, Profit: 245.46999999999832, Duration: 45.0 minutes)
2024-11-11 22:52:36,283 - Short Sell 432.00 shares at 45.75 on 2024-11-04 17:30:00+00:00
2024-11-11 22:52:36,283 - Short Sell 431.00 shares at 45.84 on 2024-11-04 17:45:00+00:00
2024-11-11 22:52:36,283 - Buy to cover -863.00 shares at 45.55 on 2024-11-04 19:15:00+00:00 (Exit: Profit_take, Profit: 211.39000000000524, Duration: 105.0 minutes)
2024-11-11 22:52:36,283 - Short Sell 431.00 shares at 45.9 on 2024-11-05 14:30:00+00:00
2024-11-11 22:52:36,283 - Short Sell 429.00 shares at 46.02 on 2024-11-05 14:45:00+00:00
2024-11-11 22:52:36,283 - Short Sell 429.00 shares at 46.03 on 2024-11-05 15:30:00+00:00
2024-11-11 22:52:36,283 - Short Sell 429.00 shares at 46.07 on 2024-11-05 15:45:00+00:00
2024-11-11 22:52:36,283 - Short Sell 429.00 shares at 46.04 on 2024-11-05 16:00:00+00:00
2024-11-11 22:52:36,283 - Short Sell 430.00 shares at 45.98 on 2024-11-05 16:15:00+00:00
2024-11-11 22:52:36,283 - Short Sell 430.00 shares at 45.96 on 2024-11-05 16:30:00+00:00
2024-11-11 22:52:36,283 - Short Sell 430.00 shares at 45.96 on 2024-11-05 16:45:00+00:00
2024-11-11 22:52:36,283 - Short Sell 429.00 shares at 46.02 on 2024-11-05 17:00:00+00:00
2024-11-11 22:52:36,283 - Short Sell 430.00 shares at 46.0 on 2024-11-05 17:15:00+00:00
2024-11-11 22:52:36,283 - Buy to cover -4296.00 shares at 46.0 on 2024-11-05 17:30:00+00:00 (Exit: Signal, Profit: -8.880000000057237, Duration: 180.0 minutes)
2024-11-11 22:52:36,284 - Long Buy 450.00 shares at 43.89 on 2024-11-06 14:30:00+00:00
2024-11-11 22:52:36,284 - Long Buy 442.00 shares at 43.86 on 2024-11-06 14:45:00+00:00
2024-11-11 22:52:36,284 - Long Buy 431.00 shares at 44.07 on 2024-11-06 15:00:00+00:00
2024-11-11 22:52:36,284 - Sell to close 1323.00 shares at 44.43 on 2024-11-06 15:15:00+00:00 (Exit: Profit_take, Profit: 650.1000000000101, Duration: 45.0 minutes)
2024-11-11 22:52:36,284 - Long Buy 447.00 shares at 44.25 on 2024-11-06 15:30:00+00:00
2024-11-11 22:52:36,284 - Long Buy 437.00 shares at 44.36 on 2024-11-06 15:45:00+00:00
2024-11-11 22:52:36,284 - Long Buy 430.00 shares at 44.19 on 2024-11-06 16:00:00+00:00
2024-11-11 22:52:36,284 - Long Buy 421.00 shares at 44.22 on 2024-11-06 16:15:00+00:00
2024-11-11 22:52:36,284 - Long Buy 413.00 shares at 44.12 on 2024-11-06 16:30:00+00:00
2024-11-11 22:52:36,284 - Long Buy 406.00 shares at 43.98 on 2024-11-06 16:45:00+00:00
2024-11-11 22:52:36,284 - Long Buy 397.00 shares at 44.08 on 2024-11-06 17:00:00+00:00
2024-11-11 22:52:36,284 - Long Buy 388.00 shares at 44.26 on 2024-11-06 17:15:00+00:00
2024-11-11 22:52:36,284 - Long Buy 380.00 shares at 44.24 on 2024-11-06 17:30:00+00:00
2024-11-11 22:52:36,284 - Long Buy 372.00 shares at 44.3 on 2024-11-06 17:45:00+00:00
2024-11-11 22:52:36,284 - Sell to close 4091.00 shares at 44.46 on 2024-11-06 18:00:00+00:00 (Exit: Profit_take, Profit: 1061.5899999999945, Duration: 150.0 minutes)
2024-11-11 22:52:36,284 - Long Buy 446.00 shares at 44.39 on 2024-11-06 18:15:00+00:00
2024-11-11 22:52:36,284 - Sell to close 446.00 shares at 44.45 on 2024-11-06 18:30:00+00:00 (Exit: Signal, Profit: 26.760000000001014, Duration: 15.0 minutes)
2024-11-11 22:52:36,284 - Short Sell 444.00 shares at 44.6 on 2024-11-06 19:00:00+00:00
2024-11-11 22:52:36,284 - Short Sell 444.00 shares at 44.57 on 2024-11-06 19:15:00+00:00
2024-11-11 22:52:36,284 - Short Sell 444.00 shares at 44.58 on 2024-11-06 19:30:00+00:00
2024-11-11 22:52:36,284 - Buy to cover -1332.00 shares at 44.29 on 2024-11-06 20:00:00+00:00 (Exit: Profit_take, Profit: 390.7200000000043, Duration: 60.0 minutes)
2024-11-11 22:52:36,284 - Short Sell 442.00 shares at 44.78 on 2024-11-07 15:00:00+00:00
2024-11-11 22:52:36,284 - Short Sell 442.00 shares at 44.84 on 2024-11-07 15:15:00+00:00
2024-11-11 22:52:36,284 - Short Sell 442.00 shares at 44.77 on 2024-11-07 15:30:00+00:00
2024-11-11 22:52:36,284 - Short Sell 442.00 shares at 44.81 on 2024-11-07 15:45:00+00:00
2024-11-11 22:52:36,285 - Short Sell 443.00 shares at 44.73 on 2024-11-07 16:00:00+00:00
2024-11-11 22:52:36,285 - Short Sell 442.00 shares at 44.84 on 2024-11-07 16:30:00+00:00
2024-11-11 22:52:36,285 - Short Sell 441.00 shares at 44.87 on 2024-11-07 17:15:00+00:00
2024-11-11 22:52:36,285 - Short Sell 441.00 shares at 44.91 on 2024-11-07 17:30:00+00:00
2024-11-11 22:52:36,285 - Short Sell 440.00 shares at 44.96 on 2024-11-07 17:45:00+00:00
2024-11-11 22:52:36,285 - Short Sell 441.00 shares at 44.87 on 2024-11-07 18:00:00+00:00
2024-11-11 22:52:36,285 - Short Sell 442.00 shares at 44.78 on 2024-11-07 18:15:00+00:00
2024-11-11 22:52:36,285 - Short Sell 443.00 shares at 44.69 on 2024-11-07 18:30:00+00:00
2024-11-11 22:52:36,285 - Short Sell 443.00 shares at 44.73 on 2024-11-07 18:45:00+00:00
2024-11-11 22:52:36,285 - Short Sell 443.00 shares at 44.73 on 2024-11-07 19:00:00+00:00
2024-11-11 22:52:36,285 - Short Sell 443.00 shares at 44.72 on 2024-11-07 19:15:00+00:00
2024-11-11 22:52:36,285 - Short Sell 443.00 shares at 44.74 on 2024-11-07 19:30:00+00:00
2024-11-11 22:52:36,285 - Buy to cover -7073.00 shares at 45.16 on 2024-11-07 20:00:00+00:00 (Exit: Stop_loss, Profit: -2560.569999999942, Duration: 300.0 minutes)
2024-11-11 22:52:36,285 - Short Sell 439.00 shares at 45.03 on 2024-11-08 14:30:00+00:00
2024-11-11 22:52:36,285 - Short Sell 438.00 shares at 45.08 on 2024-11-08 14:45:00+00:00
2024-11-11 22:52:36,285 - Buy to cover -877.00 shares at 44.79 on 2024-11-08 15:00:00+00:00 (Exit: Profit_take, Profit: 232.38000000000895, Duration: 30.0 minutes)
2024-11-11 22:52:36,285 - Long Buy 440.00 shares at 44.92 on 2024-11-08 20:30:00+00:00
2024-11-11 22:52:36,285 - Sell to close 440.00 shares at 45.05 on 2024-11-08 20:45:00+00:00 (Exit: Signal, Profit: 57.199999999998, Duration: 15.0 minutes)
2024-11-11 22:52:36,288 - Final statisticsStock: NEM, 
total_trades: 35, 
winning_trades: 25, 
losing_trades: 10, 
average_return: 0.00056650682974267, 
average_duration: 319.2857142857143, 
final_balance: 989076.26, 
final_portfolio_value: 989076.26, 
sharpe_ratio: 8.404430028528054, 



