2024-11-11 09:54:59,715 - Starting GBMStrategy with initial capital: 1000000
2024-11-11 09:54:59,715 - Hyperparameters: {'threshold': 0.5, 'time_periods': 30, 'num_simulations': 150}
2024-11-11 09:56:18,040 - Long Buy 209.00 shares at 95.29 on 2024-10-11 14:30:00+00:00
2024-11-11 09:56:18,042 - Long Buy 205.00 shares at 95.52 on 2024-10-11 14:45:00+00:00
2024-11-11 09:56:18,042 - Long Buy 201.00 shares at 95.28 on 2024-10-11 15:00:00+00:00
2024-11-11 09:56:18,042 - Long Buy 197.00 shares at 95.5 on 2024-10-11 15:15:00+00:00
2024-11-11 09:56:18,042 - Long Buy 193.00 shares at 95.52 on 2024-10-11 15:30:00+00:00
2024-11-11 09:56:18,042 - Long Buy 189.00 shares at 95.65 on 2024-10-11 15:45:00+00:00
2024-11-11 09:56:18,043 - Sell to close 1194.00 shares at 95.95 on 2024-10-11 16:30:00+00:00 (Exit: Signal, Profit: 589.1000000000095, Duration: 120.0 minutes)
2024-11-11 09:56:18,043 - Short Sell 208.00 shares at 95.99 on 2024-10-11 16:45:00+00:00
2024-11-11 09:56:18,043 - Short Sell 208.00 shares at 95.93 on 2024-10-11 17:00:00+00:00
2024-11-11 09:56:18,043 - Short Sell 208.00 shares at 95.99 on 2024-10-11 17:15:00+00:00
2024-11-11 09:56:18,043 - Short Sell 208.00 shares at 96.18 on 2024-10-11 17:30:00+00:00
2024-11-11 09:56:18,043 - Short Sell 208.00 shares at 96.19 on 2024-10-11 17:45:00+00:00
2024-11-11 09:56:18,043 - Short Sell 208.00 shares at 96.19 on 2024-10-11 18:00:00+00:00
2024-11-11 09:56:18,043 - Short Sell 208.00 shares at 96.01 on 2024-10-11 18:15:00+00:00
2024-11-11 09:56:18,043 - Short Sell 208.00 shares at 95.94 on 2024-10-11 18:30:00+00:00
2024-11-11 09:56:18,043 - Short Sell 208.00 shares at 96.11 on 2024-10-11 18:45:00+00:00
2024-11-11 09:56:18,043 - Short Sell 208.00 shares at 96.17 on 2024-10-11 19:00:00+00:00
2024-11-11 09:56:18,043 - Short Sell 207.00 shares at 96.3 on 2024-10-11 19:15:00+00:00
2024-11-11 09:56:18,043 - Short Sell 207.00 shares at 96.25 on 2024-10-11 19:30:00+00:00
2024-11-11 09:56:18,043 - Short Sell 206.00 shares at 96.6 on 2024-10-11 19:45:00+00:00
2024-11-11 09:56:18,043 - Short Sell 205.00 shares at 97.09 on 2024-10-14 13:30:00+00:00
2024-11-11 09:56:18,043 - Short Sell 206.00 shares at 96.92 on 2024-10-14 13:45:00+00:00
2024-11-11 09:56:18,043 - Short Sell 204.00 shares at 97.32 on 2024-10-14 14:00:00+00:00
2024-11-11 09:56:18,043 - Short Sell 204.00 shares at 97.35 on 2024-10-14 14:15:00+00:00
2024-11-11 09:56:18,043 - Short Sell 203.00 shares at 97.74 on 2024-10-14 14:30:00+00:00
2024-11-11 09:56:18,043 - Short Sell 203.00 shares at 97.95 on 2024-10-14 14:45:00+00:00
2024-11-11 09:56:18,043 - Short Sell 203.00 shares at 97.76 on 2024-10-14 15:00:00+00:00
2024-11-11 09:56:18,043 - Short Sell 203.00 shares at 97.76 on 2024-10-14 15:15:00+00:00
2024-11-11 09:56:18,044 - Buy to cover -4331.00 shares at 97.69 on 2024-10-14 15:30:00+00:00 (Exit: Signal, Profit: -4515.059999999888, Duration: 4245.0 minutes)
2024-11-11 09:56:18,044 - Long Buy 204.00 shares at 97.59 on 2024-10-14 15:45:00+00:00
2024-11-11 09:56:18,044 - Long Buy 199.00 shares at 97.62 on 2024-10-14 16:00:00+00:00
2024-11-11 09:56:18,044 - Long Buy 196.00 shares at 97.54 on 2024-10-14 16:15:00+00:00
2024-11-11 09:56:18,044 - Long Buy 192.00 shares at 97.56 on 2024-10-14 16:30:00+00:00
2024-11-11 09:56:18,044 - Long Buy 188.00 shares at 97.67 on 2024-10-14 16:45:00+00:00
2024-11-11 09:56:18,044 - Long Buy 184.00 shares at 97.67 on 2024-10-14 17:00:00+00:00
2024-11-11 09:56:18,044 - Long Buy 180.00 shares at 97.64 on 2024-10-14 17:15:00+00:00
2024-11-11 09:56:18,044 - Long Buy 177.00 shares at 97.52 on 2024-10-14 17:30:00+00:00
2024-11-11 09:56:18,044 - Long Buy 174.00 shares at 97.42 on 2024-10-14 17:45:00+00:00
2024-11-11 09:56:18,044 - Long Buy 170.00 shares at 97.48 on 2024-10-14 18:00:00+00:00
2024-11-11 09:56:18,044 - Long Buy 167.00 shares at 97.36 on 2024-10-14 18:15:00+00:00
2024-11-11 09:56:18,044 - Long Buy 163.00 shares at 97.56 on 2024-10-14 18:30:00+00:00
2024-11-11 09:56:18,044 - Long Buy 160.00 shares at 97.5 on 2024-10-14 18:45:00+00:00
2024-11-11 09:56:18,044 - Long Buy 157.00 shares at 97.51 on 2024-10-14 19:00:00+00:00
2024-11-11 09:56:18,044 - Long Buy 154.00 shares at 97.47 on 2024-10-14 19:15:00+00:00
2024-11-11 09:56:18,044 - Long Buy 150.00 shares at 97.54 on 2024-10-14 19:30:00+00:00
2024-11-11 09:56:18,044 - Long Buy 147.00 shares at 97.51 on 2024-10-14 19:45:00+00:00
2024-11-11 09:56:18,044 - Long Buy 148.00 shares at 95.16 on 2024-10-15 13:30:00+00:00
2024-11-11 09:56:18,044 - Long Buy 146.00 shares at 94.79 on 2024-10-15 13:45:00+00:00
2024-11-11 09:56:18,044 - Long Buy 142.00 shares at 95.2 on 2024-10-15 14:00:00+00:00
2024-11-11 09:56:18,044 - Long Buy 140.00 shares at 95.0 on 2024-10-15 14:15:00+00:00
2024-11-11 09:56:18,044 - Long Buy 136.00 shares at 95.66 on 2024-10-15 14:30:00+00:00
2024-11-11 09:56:18,044 - Long Buy 133.00 shares at 95.94 on 2024-10-15 14:45:00+00:00
2024-11-11 09:56:18,044 - Long Buy 131.00 shares at 95.55 on 2024-10-15 15:00:00+00:00
2024-11-11 09:56:18,044 - Long Buy 128.00 shares at 95.79 on 2024-10-15 15:15:00+00:00
2024-11-11 09:56:18,044 - Long Buy 125.00 shares at 96.01 on 2024-10-15 15:30:00+00:00
2024-11-11 09:56:18,044 - Long Buy 123.00 shares at 95.88 on 2024-10-15 15:45:00+00:00
2024-11-11 09:56:18,044 - Long Buy 120.00 shares at 95.81 on 2024-10-15 16:00:00+00:00
2024-11-11 09:56:18,044 - Long Buy 118.00 shares at 95.94 on 2024-10-15 16:15:00+00:00
2024-11-11 09:56:18,045 - Long Buy 115.00 shares at 95.78 on 2024-10-15 16:30:00+00:00
2024-11-11 09:56:18,045 - Long Buy 113.00 shares at 95.81 on 2024-10-15 16:45:00+00:00
2024-11-11 09:56:18,045 - Long Buy 111.00 shares at 95.64 on 2024-10-15 17:00:00+00:00
2024-11-11 09:56:18,045 - Long Buy 109.00 shares at 95.6 on 2024-10-15 17:15:00+00:00
2024-11-11 09:56:18,045 - Long Buy 107.00 shares at 95.53 on 2024-10-15 17:30:00+00:00
2024-11-11 09:56:18,045 - Long Buy 105.00 shares at 95.36 on 2024-10-15 17:45:00+00:00
2024-11-11 09:56:18,045 - Long Buy 103.00 shares at 95.34 on 2024-10-15 18:00:00+00:00
2024-11-11 09:56:18,045 - Long Buy 101.00 shares at 95.41 on 2024-10-15 18:15:00+00:00
2024-11-11 09:56:18,045 - Long Buy 99.00 shares at 95.47 on 2024-10-15 18:30:00+00:00
2024-11-11 09:56:18,045 - Long Buy 97.00 shares at 95.28 on 2024-10-15 18:45:00+00:00
2024-11-11 09:56:18,045 - Long Buy 95.00 shares at 95.19 on 2024-10-15 19:00:00+00:00
2024-11-11 09:56:18,045 - Long Buy 93.00 shares at 95.09 on 2024-10-15 19:15:00+00:00
2024-11-11 09:56:18,045 - Long Buy 91.00 shares at 94.98 on 2024-10-15 19:30:00+00:00
2024-11-11 09:56:18,045 - Long Buy 89.00 shares at 95.0 on 2024-10-15 19:45:00+00:00
2024-11-11 09:56:18,045 - Long Buy 87.00 shares at 95.44 on 2024-10-16 13:30:00+00:00
2024-11-11 09:56:18,045 - Long Buy 86.00 shares at 95.24 on 2024-10-16 13:45:00+00:00
2024-11-11 09:56:18,045 - Long Buy 84.00 shares at 95.22 on 2024-10-16 14:00:00+00:00
2024-11-11 09:56:18,045 - Long Buy 82.00 shares at 95.14 on 2024-10-16 14:15:00+00:00
2024-11-11 09:56:18,045 - Long Buy 81.00 shares at 95.03 on 2024-10-16 14:30:00+00:00
2024-11-11 09:56:18,045 - Long Buy 79.00 shares at 95.38 on 2024-10-16 14:45:00+00:00
2024-11-11 09:56:18,045 - Long Buy 77.00 shares at 95.27 on 2024-10-16 15:00:00+00:00
2024-11-11 09:56:18,045 - Long Buy 76.00 shares at 95.42 on 2024-10-16 15:15:00+00:00
2024-11-11 09:56:18,045 - Long Buy 74.00 shares at 95.58 on 2024-10-16 15:30:00+00:00
2024-11-11 09:56:18,045 - Long Buy 73.00 shares at 95.65 on 2024-10-16 16:15:00+00:00
2024-11-11 09:56:18,045 - Long Buy 71.00 shares at 95.71 on 2024-10-16 16:30:00+00:00
2024-11-11 09:56:18,045 - Long Buy 70.00 shares at 95.63 on 2024-10-16 16:45:00+00:00
2024-11-11 09:56:18,045 - Long Buy 68.00 shares at 95.73 on 2024-10-16 17:30:00+00:00
2024-11-11 09:56:18,045 - Long Buy 67.00 shares at 95.66 on 2024-10-16 17:45:00+00:00
2024-11-11 09:56:18,045 - Sell to close 7055.00 shares at 95.83 on 2024-10-16 18:00:00+00:00 (Exit: Signal, Profit: -3568.0900000004276, Duration: 3015.0 minutes)
2024-11-11 09:56:18,046 - Short Sell 206.00 shares at 95.96 on 2024-10-16 18:15:00+00:00
2024-11-11 09:56:18,046 - Short Sell 206.00 shares at 95.92 on 2024-10-16 18:30:00+00:00
2024-11-11 09:56:18,046 - Short Sell 207.00 shares at 95.85 on 2024-10-16 18:45:00+00:00
2024-11-11 09:56:18,046 - Buy to cover -619.00 shares at 95.65 on 2024-10-16 19:45:00+00:00 (Exit: Signal, Profit: 160.8799999999942, Duration: 90.0 minutes)
2024-11-11 09:56:18,046 - Short Sell 205.00 shares at 96.7 on 2024-10-17 13:30:00+00:00
2024-11-11 09:56:18,046 - Short Sell 205.00 shares at 96.84 on 2024-10-17 13:45:00+00:00
2024-11-11 09:56:18,046 - Short Sell 205.00 shares at 96.75 on 2024-10-17 14:00:00+00:00
2024-11-11 09:56:18,046 - Short Sell 205.00 shares at 96.55 on 2024-10-17 14:15:00+00:00
2024-11-11 09:56:18,046 - Short Sell 205.00 shares at 96.76 on 2024-10-17 14:30:00+00:00
2024-11-11 09:56:18,046 - Short Sell 205.00 shares at 96.56 on 2024-10-17 14:45:00+00:00
2024-11-11 09:56:18,046 - Short Sell 206.00 shares at 96.23 on 2024-10-17 15:00:00+00:00
2024-11-11 09:56:18,046 - Short Sell 206.00 shares at 96.07 on 2024-10-17 15:15:00+00:00
2024-11-11 09:56:18,046 - Short Sell 206.00 shares at 96.2 on 2024-10-17 15:30:00+00:00
2024-11-11 09:56:18,046 - Short Sell 206.00 shares at 96.19 on 2024-10-17 15:45:00+00:00
2024-11-11 09:56:18,046 - Short Sell 206.00 shares at 96.06 on 2024-10-17 16:00:00+00:00
2024-11-11 09:56:18,046 - Short Sell 206.00 shares at 96.12 on 2024-10-17 16:15:00+00:00
2024-11-11 09:56:18,046 - Short Sell 206.00 shares at 96.07 on 2024-10-17 16:30:00+00:00
2024-11-11 09:56:18,046 - Short Sell 206.00 shares at 96.21 on 2024-10-17 16:45:00+00:00
2024-11-11 09:56:18,046 - Short Sell 206.00 shares at 96.31 on 2024-10-17 17:00:00+00:00
2024-11-11 09:56:18,046 - Short Sell 206.00 shares at 96.18 on 2024-10-17 17:15:00+00:00
2024-11-11 09:56:18,046 - Short Sell 206.00 shares at 96.21 on 2024-10-17 17:30:00+00:00
2024-11-11 09:56:18,046 - Short Sell 206.00 shares at 96.22 on 2024-10-17 17:45:00+00:00
2024-11-11 09:56:18,046 - Short Sell 206.00 shares at 96.22 on 2024-10-17 18:00:00+00:00
2024-11-11 09:56:18,046 - Short Sell 206.00 shares at 96.28 on 2024-10-17 18:15:00+00:00
2024-11-11 09:56:18,046 - Short Sell 205.00 shares at 96.38 on 2024-10-17 18:30:00+00:00
2024-11-11 09:56:18,046 - Short Sell 205.00 shares at 96.51 on 2024-10-17 18:45:00+00:00
2024-11-11 09:56:18,046 - Short Sell 205.00 shares at 96.5 on 2024-10-17 19:00:00+00:00
2024-11-11 09:56:18,047 - Short Sell 205.00 shares at 96.51 on 2024-10-17 19:15:00+00:00
2024-11-11 09:56:18,047 - Short Sell 205.00 shares at 96.5 on 2024-10-17 19:30:00+00:00
2024-11-11 09:56:18,047 - Short Sell 205.00 shares at 96.45 on 2024-10-17 19:45:00+00:00
2024-11-11 09:56:18,047 - Short Sell 206.00 shares at 96.35 on 2024-10-18 13:45:00+00:00
2024-11-11 09:56:18,047 - Buy to cover -5550.00 shares at 96.07 on 2024-10-18 14:00:00+00:00 (Exit: Signal, Profit: 1650.070000000254, Duration: 1470.0 minutes)
2024-11-11 09:56:18,047 - Long Buy 206.00 shares at 96.17 on 2024-10-18 14:15:00+00:00
2024-11-11 09:56:18,047 - Sell to close 206.00 shares at 96.5 on 2024-10-18 14:45:00+00:00 (Exit: Signal, Profit: 67.97999999999965, Duration: 30.0 minutes)
2024-11-11 09:56:18,047 - Short Sell 205.00 shares at 96.55 on 2024-10-18 15:00:00+00:00
2024-11-11 09:56:18,047 - Short Sell 206.00 shares at 96.4 on 2024-10-18 15:15:00+00:00
2024-11-11 09:56:18,047 - Short Sell 205.00 shares at 96.58 on 2024-10-18 15:30:00+00:00
2024-11-11 09:56:18,047 - Short Sell 205.00 shares at 96.66 on 2024-10-18 15:45:00+00:00
2024-11-11 09:56:18,047 - Short Sell 205.00 shares at 96.95 on 2024-10-18 16:00:00+00:00
2024-11-11 09:56:18,047 - Short Sell 204.00 shares at 97.21 on 2024-10-18 16:15:00+00:00
2024-11-11 09:56:18,047 - Short Sell 204.00 shares at 96.99 on 2024-10-18 16:30:00+00:00
2024-11-11 09:56:18,047 - Short Sell 205.00 shares at 96.79 on 2024-10-18 16:45:00+00:00
2024-11-11 09:56:18,047 - Short Sell 205.00 shares at 96.95 on 2024-10-18 17:00:00+00:00
2024-11-11 09:56:18,047 - Short Sell 204.00 shares at 96.98 on 2024-10-18 17:15:00+00:00
2024-11-11 09:56:18,047 - Short Sell 205.00 shares at 96.95 on 2024-10-18 17:30:00+00:00
2024-11-11 09:56:18,047 - Short Sell 205.00 shares at 96.96 on 2024-10-18 17:45:00+00:00
2024-11-11 09:56:18,047 - Short Sell 204.00 shares at 97.03 on 2024-10-18 18:00:00+00:00
2024-11-11 09:56:18,047 - Short Sell 204.00 shares at 97.05 on 2024-10-18 18:15:00+00:00
2024-11-11 09:56:18,047 - Short Sell 204.00 shares at 97.02 on 2024-10-18 18:30:00+00:00
2024-11-11 09:56:18,047 - Short Sell 204.00 shares at 97.11 on 2024-10-18 18:45:00+00:00
2024-11-11 09:56:18,047 - Short Sell 204.00 shares at 97.06 on 2024-10-18 19:00:00+00:00
2024-11-11 09:56:18,047 - Short Sell 205.00 shares at 96.83 on 2024-10-18 19:15:00+00:00
2024-11-11 09:56:18,047 - Short Sell 205.00 shares at 96.95 on 2024-10-18 19:30:00+00:00
2024-11-11 09:56:18,047 - Short Sell 204.00 shares at 97.23 on 2024-10-18 19:45:00+00:00
2024-11-11 09:56:18,047 - Short Sell 201.00 shares at 98.16 on 2024-10-21 13:30:00+00:00
2024-11-11 09:56:18,048 - Short Sell 202.00 shares at 97.78 on 2024-10-21 13:45:00+00:00
2024-11-11 09:56:18,048 - Short Sell 204.00 shares at 97.3 on 2024-10-21 14:00:00+00:00
2024-11-11 09:56:18,048 - Short Sell 204.00 shares at 97.18 on 2024-10-21 14:15:00+00:00
2024-11-11 09:56:18,048 - Short Sell 205.00 shares at 96.92 on 2024-10-21 14:30:00+00:00
2024-11-11 09:56:18,048 - Buy to cover -5108.00 shares at 96.53 on 2024-10-21 15:00:00+00:00 (Exit: Signal, Profit: 2512.9699999999457, Duration: 4320.0 minutes)
2024-11-11 09:56:18,048 - Long Buy 206.00 shares at 96.34 on 2024-10-21 15:15:00+00:00
2024-11-11 09:56:18,048 - Long Buy 202.00 shares at 96.44 on 2024-10-21 15:30:00+00:00
2024-11-11 09:56:18,048 - Long Buy 198.00 shares at 96.55 on 2024-10-21 15:45:00+00:00
2024-11-11 09:56:18,048 - Long Buy 194.00 shares at 96.5 on 2024-10-21 16:00:00+00:00
2024-11-11 09:56:18,048 - Long Buy 190.00 shares at 96.7 on 2024-10-21 16:15:00+00:00
2024-11-11 09:56:18,048 - Long Buy 186.00 shares at 96.56 on 2024-10-21 16:30:00+00:00
2024-11-11 09:56:18,048 - Long Buy 182.00 shares at 96.63 on 2024-10-21 16:45:00+00:00
2024-11-11 09:56:18,048 - Sell to close 1358.00 shares at 96.99 on 2024-10-22 13:30:00+00:00 (Exit: Signal, Profit: 627.7800000000168, Duration: 1335.0 minutes)
2024-11-11 09:56:18,048 - Short Sell 205.00 shares at 97.28 on 2024-10-22 13:45:00+00:00
2024-11-11 09:56:18,048 - Short Sell 204.00 shares at 97.36 on 2024-10-22 14:00:00+00:00
2024-11-11 09:56:18,048 - Buy to cover -409.00 shares at 97.07 on 2024-10-22 14:15:00+00:00 (Exit: Signal, Profit: 102.2099999999967, Duration: 30.0 minutes)
2024-11-11 09:56:18,048 - Long Buy 205.00 shares at 97.18 on 2024-10-22 14:30:00+00:00
2024-11-11 09:56:18,048 - Sell to close 205.00 shares at 97.41 on 2024-10-22 14:45:00+00:00 (Exit: Signal, Profit: 47.1499999999979, Duration: 15.0 minutes)
2024-11-11 09:56:18,048 - Short Sell 204.00 shares at 97.67 on 2024-10-22 15:00:00+00:00
2024-11-11 09:56:18,048 - Short Sell 204.00 shares at 97.7 on 2024-10-22 15:15:00+00:00
2024-11-11 09:56:18,049 - Short Sell 204.00 shares at 97.61 on 2024-10-22 15:30:00+00:00
2024-11-11 09:56:18,049 - Short Sell 204.00 shares at 97.55 on 2024-10-22 15:45:00+00:00
2024-11-11 09:56:18,049 - Short Sell 204.00 shares at 97.45 on 2024-10-22 16:00:00+00:00
2024-11-11 09:56:18,049 - Short Sell 204.00 shares at 97.61 on 2024-10-22 16:15:00+00:00
2024-11-11 09:56:18,049 - Short Sell 204.00 shares at 97.63 on 2024-10-22 16:30:00+00:00
2024-11-11 09:56:18,049 - Short Sell 204.00 shares at 97.44 on 2024-10-22 16:45:00+00:00
2024-11-11 09:56:18,049 - Short Sell 204.00 shares at 97.51 on 2024-10-22 17:15:00+00:00
2024-11-11 09:56:18,049 - Short Sell 204.00 shares at 97.57 on 2024-10-22 17:30:00+00:00
2024-11-11 09:56:18,049 - Short Sell 204.00 shares at 97.43 on 2024-10-22 17:45:00+00:00
2024-11-11 09:56:18,049 - Short Sell 204.00 shares at 97.48 on 2024-10-22 18:15:00+00:00
2024-11-11 09:56:18,049 - Short Sell 204.00 shares at 97.47 on 2024-10-22 18:30:00+00:00
2024-11-11 09:56:18,049 - Short Sell 204.00 shares at 97.44 on 2024-10-23 13:30:00+00:00
2024-11-11 09:56:18,049 - Short Sell 203.00 shares at 97.86 on 2024-10-23 13:45:00+00:00
2024-11-11 09:56:18,049 - Short Sell 204.00 shares at 97.58 on 2024-10-23 14:00:00+00:00
2024-11-11 09:56:18,049 - Short Sell 204.00 shares at 97.66 on 2024-10-23 14:15:00+00:00
2024-11-11 09:56:18,049 - Buy to cover -3467.00 shares at 97.12 on 2024-10-23 14:45:00+00:00 (Exit: Signal, Profit: 1553.7400000000355, Duration: 1425.0 minutes)
2024-11-11 09:56:18,049 - Long Buy 206.00 shares at 96.84 on 2024-10-23 15:00:00+00:00
2024-11-11 09:56:18,049 - Long Buy 201.00 shares at 96.97 on 2024-10-23 15:15:00+00:00
2024-11-11 09:56:18,049 - Long Buy 197.00 shares at 96.99 on 2024-10-23 15:30:00+00:00
2024-11-11 09:56:18,049 - Long Buy 194.00 shares at 96.86 on 2024-10-23 15:45:00+00:00
2024-11-11 09:56:18,049 - Long Buy 190.00 shares at 96.74 on 2024-10-23 16:00:00+00:00
2024-11-11 09:56:18,049 - Long Buy 186.00 shares at 96.84 on 2024-10-23 16:15:00+00:00
2024-11-11 09:56:18,049 - Long Buy 183.00 shares at 96.71 on 2024-10-23 16:30:00+00:00
2024-11-11 09:56:18,049 - Long Buy 179.00 shares at 96.78 on 2024-10-23 16:45:00+00:00
2024-11-11 09:56:18,049 - Long Buy 175.00 shares at 96.8 on 2024-10-23 17:00:00+00:00
2024-11-11 09:56:18,049 - Long Buy 172.00 shares at 96.77 on 2024-10-23 17:15:00+00:00
2024-11-11 09:56:18,049 - Long Buy 168.00 shares at 96.69 on 2024-10-23 17:30:00+00:00
2024-11-11 09:56:18,049 - Long Buy 165.00 shares at 96.8 on 2024-10-23 17:45:00+00:00
2024-11-11 09:56:18,050 - Long Buy 162.00 shares at 96.51 on 2024-10-23 18:00:00+00:00
2024-11-11 09:56:18,050 - Long Buy 159.00 shares at 96.58 on 2024-10-23 18:15:00+00:00
2024-11-11 09:56:18,050 - Long Buy 155.00 shares at 96.74 on 2024-10-23 18:30:00+00:00
2024-11-11 09:56:18,050 - Long Buy 152.00 shares at 96.79 on 2024-10-23 18:45:00+00:00
2024-11-11 09:56:18,050 - Long Buy 149.00 shares at 96.67 on 2024-10-23 19:00:00+00:00
2024-11-11 09:56:18,050 - Long Buy 147.00 shares at 96.54 on 2024-10-23 19:15:00+00:00
2024-11-11 09:56:18,050 - Long Buy 143.00 shares at 96.63 on 2024-10-23 19:30:00+00:00
2024-11-11 09:56:18,050 - Long Buy 140.00 shares at 96.77 on 2024-10-23 19:45:00+00:00
2024-11-11 09:56:18,050 - Sell to close 3423.00 shares at 97.38 on 2024-10-24 13:30:00+00:00 (Exit: Signal, Profit: 2120.389999999936, Duration: 1350.0 minutes)
2024-11-11 09:56:18,050 - Long Buy 206.00 shares at 96.91 on 2024-10-24 14:30:00+00:00
2024-11-11 09:56:18,050 - Long Buy 202.00 shares at 96.93 on 2024-10-24 15:00:00+00:00
2024-11-11 09:56:18,050 - Long Buy 198.00 shares at 96.86 on 2024-10-24 16:00:00+00:00
2024-11-11 09:56:18,050 - Sell to close 606.00 shares at 97.04 on 2024-10-24 16:15:00+00:00 (Exit: Signal, Profit: 84.64000000000402, Duration: 105.0 minutes)
2024-11-11 09:56:18,050 - Short Sell 206.00 shares at 97.07 on 2024-10-24 16:45:00+00:00
2024-11-11 09:56:18,050 - Short Sell 206.00 shares at 97.09 on 2024-10-24 17:00:00+00:00
2024-11-11 09:56:18,050 - Short Sell 206.00 shares at 97.08 on 2024-10-24 17:15:00+00:00
2024-11-11 09:56:18,050 - Short Sell 205.00 shares at 97.24 on 2024-10-24 17:30:00+00:00
2024-11-11 09:56:18,050 - Short Sell 206.00 shares at 97.13 on 2024-10-24 18:00:00+00:00
2024-11-11 09:56:18,050 - Short Sell 205.00 shares at 97.26 on 2024-10-24 18:15:00+00:00
2024-11-11 09:56:18,050 - Short Sell 206.00 shares at 97.19 on 2024-10-24 18:30:00+00:00
2024-11-11 09:56:18,050 - Short Sell 206.00 shares at 97.2 on 2024-10-24 18:45:00+00:00
2024-11-11 09:56:18,050 - Short Sell 205.00 shares at 97.31 on 2024-10-24 19:00:00+00:00
2024-11-11 09:56:18,050 - Short Sell 205.00 shares at 97.38 on 2024-10-24 19:15:00+00:00
2024-11-11 09:56:18,050 - Short Sell 205.00 shares at 97.35 on 2024-10-24 19:30:00+00:00
2024-11-11 09:56:18,050 - Short Sell 205.00 shares at 97.45 on 2024-10-24 19:45:00+00:00
2024-11-11 09:56:18,051 - Short Sell 205.00 shares at 97.4 on 2024-10-25 13:30:00+00:00
2024-11-11 09:56:18,051 - Short Sell 205.00 shares at 97.37 on 2024-10-25 13:45:00+00:00
2024-11-11 09:56:18,051 - Short Sell 205.00 shares at 97.41 on 2024-10-25 14:00:00+00:00
2024-11-11 09:56:18,051 - Short Sell 205.00 shares at 97.32 on 2024-10-25 14:15:00+00:00
2024-11-11 09:56:18,051 - Short Sell 205.00 shares at 97.29 on 2024-10-25 14:30:00+00:00
2024-11-11 09:56:18,051 - Short Sell 205.00 shares at 97.26 on 2024-10-25 15:00:00+00:00
2024-11-11 09:56:18,051 - Short Sell 205.00 shares at 97.29 on 2024-10-25 15:15:00+00:00
2024-11-11 09:56:18,051 - Buy to cover -3901.00 shares at 96.75 on 2024-10-25 15:45:00+00:00 (Exit: Signal, Profit: 2019.4599999999316, Duration: 1380.0 minutes)
2024-11-11 09:56:18,051 - Long Buy 208.00 shares at 96.45 on 2024-10-25 16:00:00+00:00
2024-11-11 09:56:18,051 - Long Buy 203.00 shares at 96.48 on 2024-10-25 16:15:00+00:00
2024-11-11 09:56:18,051 - Long Buy 199.00 shares at 96.47 on 2024-10-25 16:30:00+00:00
2024-11-11 09:56:18,051 - Long Buy 195.00 shares at 96.42 on 2024-10-25 16:45:00+00:00
2024-11-11 09:56:18,051 - Long Buy 192.00 shares at 96.23 on 2024-10-25 17:00:00+00:00
2024-11-11 09:56:18,051 - Long Buy 188.00 shares at 96.25 on 2024-10-25 17:15:00+00:00
2024-11-11 09:56:18,051 - Long Buy 184.00 shares at 96.29 on 2024-10-25 17:30:00+00:00
2024-11-11 09:56:18,051 - Long Buy 180.00 shares at 96.38 on 2024-10-25 17:45:00+00:00
2024-11-11 09:56:18,051 - Sell to close 1549.00 shares at 96.54 on 2024-10-25 18:15:00+00:00 (Exit: Signal, Profit: 257.0700000000181, Duration: 135.0 minutes)
2024-11-11 09:56:18,051 - Short Sell 207.00 shares at 96.62 on 2024-10-25 18:30:00+00:00
2024-11-11 09:56:18,051 - Short Sell 207.00 shares at 96.65 on 2024-10-25 18:45:00+00:00
2024-11-11 09:56:18,051 - Short Sell 207.00 shares at 96.53 on 2024-10-25 19:00:00+00:00
2024-11-11 09:56:18,051 - Short Sell 207.00 shares at 96.65 on 2024-10-25 19:15:00+00:00
2024-11-11 09:56:18,051 - Short Sell 207.00 shares at 96.68 on 2024-10-25 19:30:00+00:00
2024-11-11 09:56:18,051 - Short Sell 207.00 shares at 96.67 on 2024-10-25 19:45:00+00:00
2024-11-11 09:56:18,051 - Buy to cover -1242.00 shares at 95.63 on 2024-10-28 13:30:00+00:00 (Exit: Signal, Profit: 1246.140000000014, Duration: 4020.0 minutes)
2024-11-11 09:56:18,051 - Long Buy 209.00 shares at 95.8 on 2024-10-28 13:45:00+00:00
2024-11-11 09:56:18,051 - Long Buy 205.00 shares at 95.85 on 2024-10-28 14:00:00+00:00
2024-11-11 09:56:18,051 - Long Buy 202.00 shares at 95.38 on 2024-10-28 14:15:00+00:00
2024-11-11 09:56:18,052 - Long Buy 198.00 shares at 95.27 on 2024-10-28 14:30:00+00:00
2024-11-11 09:56:18,052 - Long Buy 194.00 shares at 95.55 on 2024-10-28 14:45:00+00:00
2024-11-11 09:56:18,052 - Long Buy 190.00 shares at 95.62 on 2024-10-28 15:00:00+00:00
2024-11-11 09:56:18,052 - Long Buy 186.00 shares at 95.67 on 2024-10-28 15:15:00+00:00
2024-11-11 09:56:18,052 - Long Buy 182.00 shares at 95.57 on 2024-10-28 15:30:00+00:00
2024-11-11 09:56:18,052 - Long Buy 178.00 shares at 95.63 on 2024-10-28 15:45:00+00:00
2024-11-11 09:56:18,052 - Long Buy 175.00 shares at 95.75 on 2024-10-28 16:00:00+00:00
2024-11-11 09:56:18,052 - Long Buy 171.00 shares at 95.72 on 2024-10-28 16:15:00+00:00
2024-11-11 09:56:18,052 - Long Buy 168.00 shares at 95.82 on 2024-10-28 16:30:00+00:00
2024-11-11 09:56:18,052 - Long Buy 164.00 shares at 95.79 on 2024-10-28 16:45:00+00:00
2024-11-11 09:56:18,052 - Long Buy 161.00 shares at 95.72 on 2024-10-28 17:00:00+00:00
2024-11-11 09:56:18,052 - Long Buy 158.00 shares at 95.77 on 2024-10-28 17:15:00+00:00
2024-11-11 09:56:18,052 - Long Buy 155.00 shares at 95.84 on 2024-10-28 17:30:00+00:00
2024-11-11 09:56:18,052 - Long Buy 151.00 shares at 95.84 on 2024-10-28 17:45:00+00:00
2024-11-11 09:56:18,052 - Long Buy 148.00 shares at 95.81 on 2024-10-28 18:00:00+00:00
2024-11-11 09:56:18,052 - Long Buy 146.00 shares at 95.73 on 2024-10-28 18:15:00+00:00
2024-11-11 09:56:18,052 - Sell to close 3341.00 shares at 95.88 on 2024-10-28 18:45:00+00:00 (Exit: Signal, Profit: 660.6399999999122, Duration: 300.0 minutes)
2024-11-11 09:56:18,052 - Long Buy 209.00 shares at 95.79 on 2024-10-28 19:00:00+00:00
2024-11-11 09:56:18,052 - Sell to close 209.00 shares at 96.0 on 2024-10-28 19:30:00+00:00 (Exit: Signal, Profit: 43.88999999999869, Duration: 30.0 minutes)
2024-11-11 09:56:18,052 - Short Sell 209.00 shares at 96.02 on 2024-10-28 19:45:00+00:00
2024-11-11 09:56:18,052 - Buy to cover -209.00 shares at 95.6 on 2024-10-29 13:30:00+00:00 (Exit: Signal, Profit: 87.78000000000036, Duration: 1065.0 minutes)
2024-11-11 09:56:18,052 - Long Buy 210.00 shares at 95.77 on 2024-10-29 13:45:00+00:00
2024-11-11 09:56:18,052 - Long Buy 205.00 shares at 95.79 on 2024-10-29 14:00:00+00:00
2024-11-11 09:56:18,052 - Long Buy 202.00 shares at 95.59 on 2024-10-29 14:15:00+00:00
2024-11-11 09:56:18,052 - Long Buy 198.00 shares at 95.6 on 2024-10-29 14:30:00+00:00
2024-11-11 09:56:18,052 - Long Buy 194.00 shares at 95.55 on 2024-10-29 14:45:00+00:00
2024-11-11 09:56:18,053 - Long Buy 190.00 shares at 95.36 on 2024-10-29 15:00:00+00:00
2024-11-11 09:56:18,053 - Long Buy 187.00 shares at 95.17 on 2024-10-29 15:15:00+00:00
2024-11-11 09:56:18,053 - Long Buy 183.00 shares at 95.13 on 2024-10-29 15:30:00+00:00
2024-11-11 09:56:18,053 - Long Buy 180.00 shares at 95.1 on 2024-10-29 15:45:00+00:00
2024-11-11 09:56:18,053 - Long Buy 176.00 shares at 95.17 on 2024-10-29 16:00:00+00:00
2024-11-11 09:56:18,053 - Long Buy 172.00 shares at 95.12 on 2024-10-29 16:15:00+00:00
2024-11-11 09:56:18,053 - Long Buy 169.00 shares at 95.29 on 2024-10-29 16:30:00+00:00
2024-11-11 09:56:18,053 - Long Buy 165.00 shares at 95.49 on 2024-10-29 16:45:00+00:00
2024-11-11 09:56:18,053 - Long Buy 162.00 shares at 95.53 on 2024-10-29 17:00:00+00:00
2024-11-11 09:56:18,053 - Long Buy 159.00 shares at 95.37 on 2024-10-29 17:15:00+00:00
2024-11-11 09:56:18,053 - Long Buy 156.00 shares at 95.27 on 2024-10-29 17:30:00+00:00
2024-11-11 09:56:18,053 - Long Buy 152.00 shares at 95.5 on 2024-10-29 17:45:00+00:00
2024-11-11 09:56:18,053 - Long Buy 149.00 shares at 95.58 on 2024-10-29 18:00:00+00:00
2024-11-11 09:56:18,053 - Long Buy 146.00 shares at 95.69 on 2024-10-29 18:15:00+00:00
2024-11-11 09:56:18,053 - Long Buy 143.00 shares at 95.72 on 2024-10-29 18:30:00+00:00
2024-11-11 09:56:18,053 - Long Buy 140.00 shares at 95.7 on 2024-10-29 19:00:00+00:00
2024-11-11 09:56:18,053 - Long Buy 137.00 shares at 95.61 on 2024-10-29 19:15:00+00:00
2024-11-11 09:56:18,053 - Long Buy 135.00 shares at 95.59 on 2024-10-29 19:30:00+00:00
2024-11-11 09:56:18,053 - Long Buy 132.00 shares at 95.62 on 2024-10-29 19:45:00+00:00
2024-11-11 09:56:18,053 - Sell to close 4042.00 shares at 95.9 on 2024-10-30 13:30:00+00:00 (Exit: Signal, Profit: 1751.079999999886, Duration: 1425.0 minutes)
2024-11-11 09:56:18,053 - Short Sell 207.00 shares at 96.94 on 2024-10-30 13:45:00+00:00
2024-11-11 09:56:18,053 - Short Sell 208.00 shares at 96.73 on 2024-10-30 14:00:00+00:00
2024-11-11 09:56:18,053 - Short Sell 209.00 shares at 96.05 on 2024-10-30 14:15:00+00:00
2024-11-11 09:56:18,053 - Short Sell 209.00 shares at 96.09 on 2024-10-30 14:30:00+00:00
2024-11-11 09:56:18,053 - Short Sell 208.00 shares at 96.59 on 2024-10-30 14:45:00+00:00
2024-11-11 09:56:18,053 - Short Sell 207.00 shares at 96.86 on 2024-10-30 15:00:00+00:00
2024-11-11 09:56:18,053 - Short Sell 207.00 shares at 97.17 on 2024-10-30 15:15:00+00:00
2024-11-11 09:56:18,053 - Short Sell 206.00 shares at 97.37 on 2024-10-30 15:30:00+00:00
2024-11-11 09:56:18,053 - Short Sell 206.00 shares at 97.27 on 2024-10-30 15:45:00+00:00
2024-11-11 09:56:18,053 - Short Sell 207.00 shares at 97.15 on 2024-10-30 16:00:00+00:00
2024-11-11 09:56:18,053 - Short Sell 207.00 shares at 96.89 on 2024-10-30 16:15:00+00:00
2024-11-11 09:56:18,053 - Short Sell 208.00 shares at 96.52 on 2024-10-30 16:30:00+00:00
2024-11-11 09:56:18,054 - Short Sell 210.00 shares at 96.08 on 2024-10-30 16:45:00+00:00
2024-11-11 09:56:18,054 - Short Sell 209.00 shares at 96.25 on 2024-10-30 17:00:00+00:00
2024-11-11 09:56:18,054 - Short Sell 209.00 shares at 96.25 on 2024-10-30 17:15:00+00:00
2024-11-11 09:56:18,054 - Short Sell 209.00 shares at 96.3 on 2024-10-30 17:30:00+00:00
2024-11-11 09:56:18,054 - Short Sell 210.00 shares at 96.08 on 2024-10-30 17:45:00+00:00
2024-11-11 09:56:18,054 - Short Sell 209.00 shares at 96.34 on 2024-10-30 18:00:00+00:00
2024-11-11 09:56:18,054 - Short Sell 209.00 shares at 96.19 on 2024-10-30 18:15:00+00:00
2024-11-11 09:56:18,054 - Short Sell 209.00 shares at 96.17 on 2024-10-30 18:30:00+00:00
2024-11-11 09:56:18,054 - Short Sell 209.00 shares at 96.31 on 2024-10-30 18:45:00+00:00
2024-11-11 09:56:18,054 - Short Sell 209.00 shares at 96.17 on 2024-10-30 19:00:00+00:00
2024-11-11 09:56:18,054 - Short Sell 209.00 shares at 96.42 on 2024-10-30 19:15:00+00:00
2024-11-11 09:56:18,054 - Short Sell 208.00 shares at 96.48 on 2024-10-30 19:30:00+00:00
2024-11-11 09:56:18,054 - Short Sell 209.00 shares at 96.2 on 2024-10-30 19:45:00+00:00
2024-11-11 09:56:18,054 - Short Sell 206.00 shares at 97.21 on 2024-10-31 13:30:00+00:00
2024-11-11 09:56:18,054 - Short Sell 204.00 shares at 97.72 on 2024-10-31 13:45:00+00:00
2024-11-11 09:56:18,054 - Short Sell 204.00 shares at 97.83 on 2024-10-31 14:00:00+00:00
2024-11-11 09:56:18,054 - Short Sell 205.00 shares at 97.65 on 2024-10-31 14:15:00+00:00
2024-11-11 09:56:18,054 - Short Sell 205.00 shares at 97.52 on 2024-10-31 14:30:00+00:00
2024-11-11 09:56:18,054 - Short Sell 206.00 shares at 97.16 on 2024-10-31 14:45:00+00:00
2024-11-11 09:56:18,054 - Short Sell 206.00 shares at 97.11 on 2024-10-31 15:00:00+00:00
2024-11-11 09:56:18,054 - Short Sell 206.00 shares at 97.28 on 2024-10-31 15:15:00+00:00
2024-11-11 09:56:18,054 - Short Sell 206.00 shares at 97.36 on 2024-10-31 15:30:00+00:00
2024-11-11 09:56:18,054 - Short Sell 206.00 shares at 97.11 on 2024-10-31 15:45:00+00:00
2024-11-11 09:56:18,054 - Short Sell 206.00 shares at 97.33 on 2024-10-31 16:00:00+00:00
2024-11-11 09:56:18,054 - Short Sell 206.00 shares at 97.31 on 2024-10-31 16:15:00+00:00
2024-11-11 09:56:18,054 - Short Sell 206.00 shares at 97.37 on 2024-10-31 16:30:00+00:00
2024-11-11 09:56:18,054 - Short Sell 206.00 shares at 97.3 on 2024-10-31 16:45:00+00:00
2024-11-11 09:56:18,054 - Short Sell 206.00 shares at 97.25 on 2024-10-31 17:00:00+00:00
2024-11-11 09:56:18,054 - Short Sell 206.00 shares at 97.35 on 2024-10-31 17:15:00+00:00
2024-11-11 09:56:18,054 - Short Sell 206.00 shares at 97.2 on 2024-10-31 17:30:00+00:00
2024-11-11 09:56:18,054 - Short Sell 205.00 shares at 97.43 on 2024-10-31 17:45:00+00:00
2024-11-11 09:56:18,054 - Short Sell 206.00 shares at 97.3 on 2024-10-31 18:00:00+00:00
2024-11-11 09:56:18,054 - Short Sell 206.00 shares at 97.34 on 2024-10-31 18:15:00+00:00
2024-11-11 09:56:18,054 - Short Sell 205.00 shares at 97.41 on 2024-10-31 18:30:00+00:00
2024-11-11 09:56:18,054 - Short Sell 204.00 shares at 97.72 on 2024-10-31 18:45:00+00:00
2024-11-11 09:56:18,055 - Short Sell 204.00 shares at 97.76 on 2024-10-31 19:00:00+00:00
2024-11-11 09:56:18,055 - Short Sell 204.00 shares at 97.71 on 2024-10-31 19:15:00+00:00
2024-11-11 09:56:18,055 - Short Sell 205.00 shares at 97.41 on 2024-10-31 19:30:00+00:00
2024-11-11 09:56:18,055 - Short Sell 208.00 shares at 96.88 on 2024-10-31 19:45:00+00:00
2024-11-11 09:56:18,055 - Buy to cover -10550.00 shares at 95.76 on 2024-11-01 13:30:00+00:00 (Exit: Signal, Profit: 12598.71000000017, Duration: 2865.0 minutes)
2024-11-11 09:56:18,055 - Long Buy 212.00 shares at 96.04 on 2024-11-01 14:00:00+00:00
2024-11-11 09:56:18,055 - Long Buy 208.00 shares at 95.88 on 2024-11-01 14:15:00+00:00
2024-11-11 09:56:18,055 - Long Buy 204.00 shares at 95.65 on 2024-11-01 14:30:00+00:00
2024-11-11 09:56:18,055 - Long Buy 201.00 shares at 95.52 on 2024-11-01 14:45:00+00:00
2024-11-11 09:56:18,055 - Long Buy 197.00 shares at 95.36 on 2024-11-01 15:00:00+00:00
2024-11-11 09:56:18,055 - Long Buy 193.00 shares at 95.22 on 2024-11-01 15:15:00+00:00
2024-11-11 09:56:18,055 - Long Buy 189.00 shares at 95.24 on 2024-11-01 15:30:00+00:00
2024-11-11 09:56:18,055 - Long Buy 186.00 shares at 95.11 on 2024-11-01 15:45:00+00:00
2024-11-11 09:56:18,055 - Long Buy 183.00 shares at 94.86 on 2024-11-01 16:00:00+00:00
2024-11-11 09:56:18,055 - Long Buy 179.00 shares at 94.81 on 2024-11-01 16:15:00+00:00
2024-11-11 09:56:18,055 - Long Buy 176.00 shares at 94.63 on 2024-11-01 16:30:00+00:00
2024-11-11 09:56:18,055 - Long Buy 173.00 shares at 94.42 on 2024-11-01 16:45:00+00:00
2024-11-11 09:56:18,055 - Long Buy 169.00 shares at 94.45 on 2024-11-01 17:00:00+00:00
2024-11-11 09:56:18,055 - Long Buy 166.00 shares at 94.21 on 2024-11-01 17:15:00+00:00
2024-11-11 09:56:18,055 - Long Buy 163.00 shares at 93.84 on 2024-11-01 17:30:00+00:00
2024-11-11 09:56:18,055 - Long Buy 160.00 shares at 93.9 on 2024-11-01 17:45:00+00:00
2024-11-11 09:56:18,055 - Long Buy 157.00 shares at 93.6 on 2024-11-01 18:00:00+00:00
2024-11-11 09:56:18,055 - Long Buy 155.00 shares at 93.37 on 2024-11-01 18:15:00+00:00
2024-11-11 09:56:18,055 - Long Buy 152.00 shares at 93.26 on 2024-11-01 18:30:00+00:00
2024-11-11 09:56:18,055 - Long Buy 149.00 shares at 93.23 on 2024-11-01 18:45:00+00:00
2024-11-11 09:56:18,055 - Sell to close 3572.00 shares at 93.1 on 2024-11-01 19:00:00+00:00 (Exit: Stop_loss, Profit: -5791.720000000017, Duration: 300.0 minutes)
2024-11-11 09:56:18,055 - Long Buy 214.00 shares at 94.68 on 2024-11-04 14:30:00+00:00
2024-11-11 09:56:18,055 - Long Buy 209.00 shares at 94.93 on 2024-11-04 14:45:00+00:00
2024-11-11 09:56:18,055 - Long Buy 204.00 shares at 95.18 on 2024-11-04 15:00:00+00:00
2024-11-11 09:56:18,056 - Long Buy 200.00 shares at 95.2 on 2024-11-04 15:15:00+00:00
2024-11-11 09:56:18,056 - Long Buy 196.00 shares at 95.0 on 2024-11-04 15:30:00+00:00
2024-11-11 09:56:18,056 - Long Buy 193.00 shares at 94.83 on 2024-11-04 15:45:00+00:00
2024-11-11 09:56:18,056 - Long Buy 189.00 shares at 94.98 on 2024-11-04 16:00:00+00:00
2024-11-11 09:56:18,056 - Long Buy 185.00 shares at 94.81 on 2024-11-04 16:15:00+00:00
2024-11-11 09:56:18,056 - Long Buy 182.00 shares at 94.64 on 2024-11-04 16:30:00+00:00
2024-11-11 09:56:18,056 - Long Buy 178.00 shares at 94.61 on 2024-11-04 16:45:00+00:00
2024-11-11 09:56:18,056 - Long Buy 175.00 shares at 94.38 on 2024-11-04 17:00:00+00:00
2024-11-11 09:56:18,056 - Sell to close 2125.00 shares at 94.87 on 2024-11-04 17:45:00+00:00 (Exit: Signal, Profit: 45.320000000002025, Duration: 195.0 minutes)
2024-11-11 09:56:18,056 - Long Buy 214.00 shares at 94.66 on 2024-11-04 18:15:00+00:00
2024-11-11 09:56:18,056 - Sell to close 214.00 shares at 95.04 on 2024-11-04 18:45:00+00:00 (Exit: Signal, Profit: 81.32000000000207, Duration: 30.0 minutes)
2024-11-11 09:56:18,056 - Short Sell 212.00 shares at 95.27 on 2024-11-04 19:00:00+00:00
2024-11-11 09:56:18,056 - Short Sell 213.00 shares at 95.16 on 2024-11-04 19:15:00+00:00
2024-11-11 09:56:18,056 - Short Sell 212.00 shares at 95.27 on 2024-11-04 19:30:00+00:00
2024-11-11 09:56:18,056 - Short Sell 213.00 shares at 95.25 on 2024-11-04 19:45:00+00:00
2024-11-11 09:56:18,056 - Short Sell 212.00 shares at 95.44 on 2024-11-04 20:00:00+00:00
2024-11-11 09:56:18,056 - Short Sell 212.00 shares at 95.66 on 2024-11-04 20:15:00+00:00
2024-11-11 09:56:18,056 - Short Sell 212.00 shares at 95.49 on 2024-11-04 20:30:00+00:00
2024-11-11 09:56:18,056 - Short Sell 211.00 shares at 95.68 on 2024-11-04 20:45:00+00:00
2024-11-11 09:56:18,056 - Short Sell 208.00 shares at 96.98 on 2024-11-05 14:30:00+00:00
2024-11-11 09:56:18,056 - Short Sell 207.00 shares at 97.36 on 2024-11-05 14:45:00+00:00
2024-11-11 09:56:18,056 - Short Sell 207.00 shares at 97.48 on 2024-11-05 15:00:00+00:00
2024-11-11 09:56:18,056 - Short Sell 207.00 shares at 97.54 on 2024-11-05 15:15:00+00:00
2024-11-11 09:56:18,056 - Buy to cover -2526.00 shares at 98.05 on 2024-11-05 15:30:00+00:00 (Exit: Stop_loss, Profit: -5082.4300000000185, Duration: 1230.0 minutes)
2024-11-11 09:56:18,057 - Short Sell 197.00 shares at 102.45 on 2024-11-06 14:30:00+00:00
2024-11-11 09:56:18,057 - Short Sell 198.00 shares at 101.96 on 2024-11-06 14:45:00+00:00
2024-11-11 09:56:18,057 - Short Sell 198.00 shares at 101.81 on 2024-11-06 15:00:00+00:00
2024-11-11 09:56:18,057 - Short Sell 197.00 shares at 102.34 on 2024-11-06 15:15:00+00:00
2024-11-11 09:56:18,057 - Short Sell 197.00 shares at 102.13 on 2024-11-06 15:30:00+00:00
2024-11-11 09:56:18,057 - Short Sell 198.00 shares at 101.85 on 2024-11-06 15:45:00+00:00
2024-11-11 09:56:18,057 - Short Sell 198.00 shares at 101.78 on 2024-11-06 16:00:00+00:00
2024-11-11 09:56:18,057 - Short Sell 198.00 shares at 101.78 on 2024-11-06 16:15:00+00:00
2024-11-11 09:56:18,057 - Short Sell 197.00 shares at 102.07 on 2024-11-06 16:30:00+00:00
2024-11-11 09:56:18,057 - Short Sell 196.00 shares at 102.42 on 2024-11-06 16:45:00+00:00
2024-11-11 09:56:18,057 - Short Sell 196.00 shares at 102.58 on 2024-11-06 17:00:00+00:00
2024-11-11 09:56:18,057 - Short Sell 196.00 shares at 102.42 on 2024-11-06 17:15:00+00:00
2024-11-11 09:56:18,057 - Short Sell 196.00 shares at 102.44 on 2024-11-06 17:30:00+00:00
2024-11-11 09:56:18,057 - Short Sell 197.00 shares at 102.35 on 2024-11-06 17:45:00+00:00
2024-11-11 09:56:18,057 - Short Sell 196.00 shares at 102.47 on 2024-11-06 18:00:00+00:00
2024-11-11 09:56:18,057 - Short Sell 196.00 shares at 102.54 on 2024-11-06 18:15:00+00:00
2024-11-11 09:56:18,057 - Buy to cover -3151.00 shares at 102.52 on 2024-11-06 18:30:00+00:00 (Exit: Signal, Profit: -974.3799999999833, Duration: 240.0 minutes)
2024-11-11 09:56:18,057 - Short Sell 196.00 shares at 102.75 on 2024-11-06 18:45:00+00:00
2024-11-11 09:56:18,057 - Short Sell 196.00 shares at 102.82 on 2024-11-06 19:00:00+00:00
2024-11-11 09:56:18,057 - Short Sell 196.00 shares at 102.77 on 2024-11-06 19:15:00+00:00
2024-11-11 09:56:18,057 - Short Sell 195.00 shares at 102.95 on 2024-11-06 19:30:00+00:00
2024-11-11 09:56:18,057 - Short Sell 195.00 shares at 102.93 on 2024-11-06 19:45:00+00:00
2024-11-11 09:56:18,057 - Short Sell 195.00 shares at 103.07 on 2024-11-06 20:00:00+00:00
2024-11-11 09:56:18,057 - Short Sell 196.00 shares at 102.83 on 2024-11-06 20:15:00+00:00
2024-11-11 09:56:18,057 - Short Sell 196.00 shares at 102.81 on 2024-11-06 20:30:00+00:00
2024-11-11 09:56:18,057 - Buy to cover -1565.00 shares at 102.2 on 2024-11-06 20:45:00+00:00 (Exit: Signal, Profit: 1042.330000000006, Duration: 120.0 minutes)
2024-11-11 09:56:18,058 - Long Buy 198.00 shares at 101.72 on 2024-11-07 14:30:00+00:00
2024-11-11 09:56:18,058 - Long Buy 193.00 shares at 102.02 on 2024-11-07 14:45:00+00:00
2024-11-11 09:56:18,058 - Long Buy 189.00 shares at 102.4 on 2024-11-07 15:00:00+00:00
2024-11-11 09:56:18,058 - Sell to close 580.00 shares at 102.95 on 2024-11-07 15:15:00+00:00 (Exit: Signal, Profit: 526.9799999999955, Duration: 45.0 minutes)
2024-11-11 09:56:18,058 - Short Sell 195.00 shares at 103.16 on 2024-11-07 15:30:00+00:00
2024-11-11 09:56:18,058 - Short Sell 195.00 shares at 103.08 on 2024-11-07 15:45:00+00:00
2024-11-11 09:56:18,058 - Short Sell 195.00 shares at 103.32 on 2024-11-07 16:00:00+00:00
2024-11-11 09:56:18,058 - Short Sell 195.00 shares at 103.2 on 2024-11-07 16:15:00+00:00
2024-11-11 09:56:18,058 - Short Sell 195.00 shares at 103.45 on 2024-11-07 16:30:00+00:00
2024-11-11 09:56:18,058 - Short Sell 194.00 shares at 103.67 on 2024-11-07 16:45:00+00:00
2024-11-11 09:56:18,058 - Short Sell 194.00 shares at 103.79 on 2024-11-07 17:00:00+00:00
2024-11-11 09:56:18,058 - Short Sell 194.00 shares at 103.84 on 2024-11-07 17:15:00+00:00
2024-11-11 09:56:18,058 - Short Sell 194.00 shares at 103.94 on 2024-11-07 17:30:00+00:00
2024-11-11 09:56:18,058 - Short Sell 193.00 shares at 104.05 on 2024-11-07 17:45:00+00:00
2024-11-11 09:56:18,058 - Short Sell 194.00 shares at 103.73 on 2024-11-07 18:00:00+00:00
2024-11-11 09:56:18,058 - Short Sell 194.00 shares at 103.81 on 2024-11-07 18:15:00+00:00
2024-11-11 09:56:18,058 - Short Sell 195.00 shares at 103.48 on 2024-11-07 18:30:00+00:00
2024-11-11 09:56:18,058 - Short Sell 194.00 shares at 103.77 on 2024-11-07 18:45:00+00:00
2024-11-11 09:56:18,058 - Short Sell 194.00 shares at 103.77 on 2024-11-07 19:00:00+00:00
2024-11-11 09:56:18,058 - Short Sell 194.00 shares at 103.68 on 2024-11-07 19:15:00+00:00
2024-11-11 09:56:18,058 - Short Sell 194.00 shares at 103.72 on 2024-11-07 19:30:00+00:00
2024-11-11 09:56:18,058 - Short Sell 193.00 shares at 104.08 on 2024-11-07 19:45:00+00:00
2024-11-11 09:56:18,058 - Short Sell 193.00 shares at 104.23 on 2024-11-07 20:00:00+00:00
2024-11-11 09:56:18,058 - Short Sell 192.00 shares at 104.39 on 2024-11-07 20:15:00+00:00
2024-11-11 09:56:18,058 - Short Sell 193.00 shares at 104.37 on 2024-11-07 20:30:00+00:00
2024-11-11 09:56:18,058 - Short Sell 193.00 shares at 104.13 on 2024-11-07 20:45:00+00:00
2024-11-11 09:56:18,058 - Short Sell 190.00 shares at 105.18 on 2024-11-08 14:30:00+00:00
2024-11-11 09:56:18,058 - Short Sell 189.00 shares at 105.59 on 2024-11-08 14:45:00+00:00
2024-11-11 09:56:18,058 - Short Sell 189.00 shares at 105.75 on 2024-11-08 15:00:00+00:00
2024-11-11 09:56:18,058 - Short Sell 188.00 shares at 106.11 on 2024-11-08 15:15:00+00:00
2024-11-11 09:56:18,058 - Short Sell 188.00 shares at 106.0 on 2024-11-08 15:30:00+00:00
2024-11-11 09:56:18,058 - Short Sell 188.00 shares at 106.05 on 2024-11-08 15:45:00+00:00
2024-11-11 09:56:18,059 - Short Sell 188.00 shares at 105.98 on 2024-11-08 16:00:00+00:00
2024-11-11 09:56:18,059 - Short Sell 188.00 shares at 105.94 on 2024-11-08 16:15:00+00:00
2024-11-11 09:56:18,059 - Short Sell 188.00 shares at 105.9 on 2024-11-08 16:30:00+00:00
2024-11-11 09:56:18,059 - Short Sell 188.00 shares at 106.13 on 2024-11-08 16:45:00+00:00
2024-11-11 09:56:18,059 - Short Sell 188.00 shares at 105.93 on 2024-11-08 17:00:00+00:00
2024-11-11 09:56:18,059 - Short Sell 188.00 shares at 106.04 on 2024-11-08 17:15:00+00:00
2024-11-11 09:56:18,059 - Buy to cover -6527.00 shares at 106.22 on 2024-11-08 17:30:00+00:00 (Exit: Stop_loss, Profit: -11277.35000000014, Duration: 1560.0 minutes)
2024-11-11 09:56:18,060 - Final statisticsStock: OKE, 
total_trades: 29, 
winning_trades: 23, 
losing_trades: 6, 
average_return: 0.0010515058360924588, 
average_duration: 1120.344827586207, 
final_balance: 998668.6000000003, 
final_portfolio_value: 998668.6000000003, 
sharpe_ratio: 8.147776016461131, 



