2024-11-10 21:14:42,832 - Starting GBMStrategy with initial capital: 1000000
2024-11-10 21:14:42,832 - Hyperparameters: {'threshold': 0.5, 'time_periods': 15, 'num_simulations': 150}
2024-11-10 21:22:10,815 - Short Sell 113.00 shares at 175.65 on 2024-10-10 17:15:00+00:00
2024-11-10 21:22:10,816 - Buy to cover -113.00 shares at 175.49 on 2024-10-10 17:30:00+00:00 (Exit: Signal, Profit: 18.079999999999615, Duration: 15.0 minutes)
2024-11-10 21:22:10,816 - Long Buy 114.00 shares at 175.34 on 2024-10-10 18:00:00+00:00
2024-11-10 21:22:10,816 - Long Buy 111.00 shares at 175.17 on 2024-10-10 18:15:00+00:00
2024-11-10 21:22:10,816 - Long Buy 109.00 shares at 174.8 on 2024-10-10 18:30:00+00:00
2024-11-10 21:22:10,816 - Long Buy 107.00 shares at 174.7 on 2024-10-10 18:45:00+00:00
2024-11-10 21:22:10,816 - Long Buy 105.00 shares at 174.46 on 2024-10-10 19:00:00+00:00
2024-11-10 21:22:10,816 - Long Buy 103.00 shares at 174.57 on 2024-10-10 19:15:00+00:00
2024-11-10 21:22:10,816 - Long Buy 101.00 shares at 175.04 on 2024-10-10 19:30:00+00:00
2024-11-10 21:22:10,817 - Sell to close 750.00 shares at 176.7 on 2024-10-11 13:30:00+00:00 (Exit: Signal, Profit: 1368.2199999999866, Duration: 1170.0 minutes)
2024-11-10 21:22:10,817 - Short Sell 113.00 shares at 176.5 on 2024-10-11 13:45:00+00:00
2024-11-10 21:22:10,817 - Short Sell 113.00 shares at 176.35 on 2024-10-11 14:00:00+00:00
2024-11-10 21:22:10,817 - Short Sell 113.00 shares at 176.65 on 2024-10-11 14:15:00+00:00
2024-11-10 21:22:10,817 - Buy to cover -339.00 shares at 175.8 on 2024-10-11 14:30:00+00:00 (Exit: Signal, Profit: 237.29999999999615, Duration: 45.0 minutes)
2024-11-10 21:22:10,817 - Long Buy 114.00 shares at 175.71 on 2024-10-11 14:45:00+00:00
2024-11-10 21:22:10,817 - Long Buy 111.00 shares at 176.27 on 2024-10-11 15:00:00+00:00
2024-11-10 21:22:10,817 - Long Buy 109.00 shares at 175.92 on 2024-10-11 15:15:00+00:00
2024-11-10 21:22:10,817 - Long Buy 107.00 shares at 176.21 on 2024-10-11 15:30:00+00:00
2024-11-10 21:22:10,817 - Long Buy 105.00 shares at 175.64 on 2024-10-11 15:45:00+00:00
2024-11-10 21:22:10,817 - Long Buy 103.00 shares at 175.14 on 2024-10-11 16:00:00+00:00
2024-11-10 21:22:10,817 - Long Buy 101.00 shares at 174.76 on 2024-10-11 16:15:00+00:00
2024-11-10 21:22:10,817 - Long Buy 99.00 shares at 174.72 on 2024-10-11 16:30:00+00:00
2024-11-10 21:22:10,817 - Long Buy 97.00 shares at 174.82 on 2024-10-11 16:45:00+00:00
2024-11-10 21:22:10,817 - Long Buy 95.00 shares at 174.74 on 2024-10-11 17:00:00+00:00
2024-11-10 21:22:10,817 - Long Buy 93.00 shares at 174.68 on 2024-10-11 17:15:00+00:00
2024-11-10 21:22:10,817 - Long Buy 91.00 shares at 175.15 on 2024-10-11 17:30:00+00:00
2024-11-10 21:22:10,817 - Long Buy 89.00 shares at 175.13 on 2024-10-11 17:45:00+00:00
2024-11-10 21:22:10,817 - Long Buy 88.00 shares at 175.15 on 2024-10-11 18:00:00+00:00
2024-11-10 21:22:10,817 - Sell to close 1402.00 shares at 175.2 on 2024-10-11 18:15:00+00:00 (Exit: Signal, Profit: -167.42000000003156, Duration: 210.0 minutes)
2024-11-10 21:22:10,818 - Short Sell 114.00 shares at 175.56 on 2024-10-11 18:45:00+00:00
2024-11-10 21:22:10,818 - Short Sell 113.00 shares at 175.9 on 2024-10-11 19:00:00+00:00
2024-11-10 21:22:10,818 - Short Sell 113.00 shares at 175.93 on 2024-10-11 19:15:00+00:00
2024-11-10 21:22:10,818 - Short Sell 113.00 shares at 175.85 on 2024-10-11 19:30:00+00:00
2024-11-10 21:22:10,818 - Short Sell 113.00 shares at 175.75 on 2024-10-11 19:45:00+00:00
2024-11-10 21:22:10,818 - Short Sell 113.00 shares at 176.59 on 2024-10-14 13:30:00+00:00
2024-11-10 21:22:10,818 - Short Sell 113.00 shares at 176.84 on 2024-10-14 13:45:00+00:00
2024-11-10 21:22:10,818 - Short Sell 113.00 shares at 176.14 on 2024-10-14 14:00:00+00:00
2024-11-10 21:22:10,818 - Short Sell 113.00 shares at 175.91 on 2024-10-14 14:15:00+00:00
2024-11-10 21:22:10,818 - Short Sell 113.00 shares at 176.18 on 2024-10-14 14:30:00+00:00
2024-11-10 21:22:10,818 - Short Sell 113.00 shares at 175.84 on 2024-10-14 14:45:00+00:00
2024-11-10 21:22:10,818 - Short Sell 113.00 shares at 176.17 on 2024-10-14 15:00:00+00:00
2024-11-10 21:22:10,818 - Short Sell 113.00 shares at 176.2 on 2024-10-14 15:15:00+00:00
2024-11-10 21:22:10,818 - Buy to cover -1470.00 shares at 176.19 on 2024-10-14 15:30:00+00:00 (Exit: Signal, Profit: -182.5599999999605, Duration: 4125.0 minutes)
2024-11-10 21:22:10,818 - Long Buy 113.00 shares at 176.15 on 2024-10-14 15:45:00+00:00
2024-11-10 21:22:10,818 - Sell to close 113.00 shares at 176.29 on 2024-10-14 16:15:00+00:00 (Exit: Signal, Profit: 15.819999999998458, Duration: 30.0 minutes)
2024-11-10 21:22:10,818 - Short Sell 113.00 shares at 176.31 on 2024-10-14 16:30:00+00:00
2024-11-10 21:22:10,818 - Short Sell 113.00 shares at 176.28 on 2024-10-14 16:45:00+00:00
2024-11-10 21:22:10,818 - Short Sell 113.00 shares at 176.35 on 2024-10-14 17:15:00+00:00
2024-11-10 21:22:10,818 - Short Sell 113.00 shares at 176.34 on 2024-10-14 17:30:00+00:00
2024-11-10 21:22:10,818 - Buy to cover -452.00 shares at 176.05 on 2024-10-14 18:00:00+00:00 (Exit: Signal, Profit: 122.03999999999178, Duration: 90.0 minutes)
2024-11-10 21:22:10,819 - Long Buy 113.00 shares at 176.3 on 2024-10-14 19:15:00+00:00
2024-11-10 21:22:10,819 - Sell to close 113.00 shares at 176.41 on 2024-10-14 19:30:00+00:00 (Exit: Signal, Profit: 12.42999999999833, Duration: 15.0 minutes)
2024-11-10 21:22:10,819 - Long Buy 113.00 shares at 176.23 on 2024-10-14 19:45:00+00:00
2024-11-10 21:22:10,819 - Sell to close 113.00 shares at 177.2 on 2024-10-15 13:30:00+00:00 (Exit: Signal, Profit: 109.60999999999987, Duration: 1065.0 minutes)
2024-11-10 21:22:10,819 - Short Sell 113.00 shares at 176.4 on 2024-10-15 13:45:00+00:00
2024-11-10 21:22:10,819 - Buy to cover -113.00 shares at 175.43 on 2024-10-15 14:00:00+00:00 (Exit: Signal, Profit: 109.60999999999987, Duration: 15.0 minutes)
2024-11-10 21:22:10,819 - Long Buy 114.00 shares at 174.94 on 2024-10-15 14:15:00+00:00
2024-11-10 21:22:10,819 - Long Buy 112.00 shares at 174.72 on 2024-10-15 14:30:00+00:00
2024-11-10 21:22:10,819 - Long Buy 110.00 shares at 174.33 on 2024-10-15 14:45:00+00:00
2024-11-10 21:22:10,819 - Long Buy 108.00 shares at 174.56 on 2024-10-15 15:00:00+00:00
2024-11-10 21:22:10,819 - Long Buy 106.00 shares at 174.25 on 2024-10-15 15:15:00+00:00
2024-11-10 21:22:10,819 - Long Buy 103.00 shares at 174.39 on 2024-10-15 15:30:00+00:00
2024-11-10 21:22:10,819 - Long Buy 101.00 shares at 174.46 on 2024-10-15 15:45:00+00:00
2024-11-10 21:22:10,819 - Long Buy 99.00 shares at 174.82 on 2024-10-15 16:00:00+00:00
2024-11-10 21:22:10,819 - Long Buy 97.00 shares at 174.6 on 2024-10-15 16:15:00+00:00
2024-11-10 21:22:10,819 - Long Buy 95.00 shares at 174.44 on 2024-10-15 16:30:00+00:00
2024-11-10 21:22:10,819 - Long Buy 93.00 shares at 174.55 on 2024-10-15 16:45:00+00:00
2024-11-10 21:22:10,819 - Long Buy 92.00 shares at 174.53 on 2024-10-15 17:00:00+00:00
2024-11-10 21:22:10,819 - Sell to close 1230.00 shares at 175.17 on 2024-10-15 17:30:00+00:00 (Exit: Signal, Profit: 760.3000000000427, Duration: 195.0 minutes)
2024-11-10 21:22:10,819 - Short Sell 114.00 shares at 175.14 on 2024-10-15 17:45:00+00:00
2024-11-10 21:22:10,819 - Short Sell 114.00 shares at 174.85 on 2024-10-15 18:00:00+00:00
2024-11-10 21:22:10,820 - Short Sell 114.00 shares at 175.06 on 2024-10-15 18:15:00+00:00
2024-11-10 21:22:10,820 - Short Sell 114.00 shares at 175.0 on 2024-10-15 18:30:00+00:00
2024-11-10 21:22:10,820 - Short Sell 114.00 shares at 174.83 on 2024-10-15 18:45:00+00:00
2024-11-10 21:22:10,820 - Buy to cover -570.00 shares at 174.46 on 2024-10-15 19:00:00+00:00 (Exit: Signal, Profit: 294.11999999999495, Duration: 75.0 minutes)
2024-11-10 21:22:10,820 - Long Buy 115.00 shares at 174.13 on 2024-10-15 19:15:00+00:00
2024-11-10 21:22:10,820 - Long Buy 112.00 shares at 174.03 on 2024-10-15 19:30:00+00:00
2024-11-10 21:22:10,820 - Long Buy 110.00 shares at 174.1 on 2024-10-15 19:45:00+00:00
2024-11-10 21:22:10,820 - Long Buy 109.00 shares at 172.89 on 2024-10-16 13:30:00+00:00
2024-11-10 21:22:10,820 - Long Buy 107.00 shares at 172.18 on 2024-10-16 13:45:00+00:00
2024-11-10 21:22:10,820 - Long Buy 105.00 shares at 172.03 on 2024-10-16 14:00:00+00:00
2024-11-10 21:22:10,820 - Long Buy 103.00 shares at 172.44 on 2024-10-16 14:15:00+00:00
2024-11-10 21:22:10,820 - Long Buy 101.00 shares at 171.71 on 2024-10-16 14:30:00+00:00
2024-11-10 21:22:10,820 - Long Buy 99.00 shares at 171.89 on 2024-10-16 14:45:00+00:00
2024-11-10 21:22:10,820 - Long Buy 97.00 shares at 172.37 on 2024-10-16 15:00:00+00:00
2024-11-10 21:22:10,820 - Long Buy 95.00 shares at 172.45 on 2024-10-16 15:15:00+00:00
2024-11-10 21:22:10,820 - Long Buy 93.00 shares at 172.39 on 2024-10-16 15:30:00+00:00
2024-11-10 21:22:10,820 - Long Buy 91.00 shares at 172.22 on 2024-10-16 15:45:00+00:00
2024-11-10 21:22:10,820 - Long Buy 89.00 shares at 172.46 on 2024-10-16 16:00:00+00:00
2024-11-10 21:22:10,820 - Long Buy 87.00 shares at 172.52 on 2024-10-16 16:15:00+00:00
2024-11-10 21:22:10,820 - Long Buy 85.00 shares at 172.66 on 2024-10-16 16:30:00+00:00
2024-11-10 21:22:10,820 - Sell to close 1598.00 shares at 173.2 on 2024-10-16 17:00:00+00:00 (Exit: Signal, Profit: 812.5199999999597, Duration: 1305.0 minutes)
2024-11-10 21:22:10,820 - Short Sell 115.00 shares at 173.42 on 2024-10-16 17:15:00+00:00
2024-11-10 21:22:10,820 - Short Sell 115.00 shares at 174.15 on 2024-10-16 17:30:00+00:00
2024-11-10 21:22:10,820 - Short Sell 115.00 shares at 174.13 on 2024-10-16 17:45:00+00:00
2024-11-10 21:22:10,820 - Short Sell 115.00 shares at 174.05 on 2024-10-16 18:00:00+00:00
2024-11-10 21:22:10,820 - Short Sell 115.00 shares at 174.43 on 2024-10-16 18:15:00+00:00
2024-11-10 21:22:10,821 - Short Sell 114.00 shares at 174.53 on 2024-10-16 18:30:00+00:00
2024-11-10 21:22:10,821 - Short Sell 114.00 shares at 174.58 on 2024-10-16 18:45:00+00:00
2024-11-10 21:22:10,821 - Short Sell 114.00 shares at 174.66 on 2024-10-16 19:00:00+00:00
2024-11-10 21:22:10,821 - Short Sell 114.00 shares at 174.53 on 2024-10-16 19:15:00+00:00
2024-11-10 21:22:10,821 - Short Sell 114.00 shares at 174.59 on 2024-10-16 19:30:00+00:00
2024-11-10 21:22:10,821 - Short Sell 114.00 shares at 174.76 on 2024-10-16 19:45:00+00:00
2024-11-10 21:22:10,821 - Short Sell 113.00 shares at 176.57 on 2024-10-17 13:30:00+00:00
2024-11-10 21:22:10,821 - Short Sell 113.00 shares at 176.14 on 2024-10-17 13:45:00+00:00
2024-11-10 21:22:10,821 - Short Sell 113.00 shares at 176.59 on 2024-10-17 14:00:00+00:00
2024-11-10 21:22:10,821 - Buy to cover -1598.00 shares at 176.95 on 2024-10-17 14:15:00+00:00 (Exit: Stop_loss, Profit: -3452.3999999999833, Duration: 1260.0 minutes)
2024-11-10 21:22:10,821 - Short Sell 112.00 shares at 177.02 on 2024-10-17 14:30:00+00:00
2024-11-10 21:22:10,821 - Buy to cover -112.00 shares at 176.81 on 2024-10-17 14:45:00+00:00 (Exit: Signal, Profit: 23.52000000000089, Duration: 15.0 minutes)
2024-11-10 21:22:10,821 - Short Sell 112.00 shares at 177.19 on 2024-10-17 15:00:00+00:00
2024-11-10 21:22:10,821 - Short Sell 112.00 shares at 177.58 on 2024-10-17 15:15:00+00:00
2024-11-10 21:22:10,821 - Short Sell 112.00 shares at 177.08 on 2024-10-17 15:30:00+00:00
2024-11-10 21:22:10,821 - Short Sell 112.00 shares at 177.53 on 2024-10-17 15:45:00+00:00
2024-11-10 21:22:10,821 - Short Sell 112.00 shares at 177.41 on 2024-10-17 16:00:00+00:00
2024-11-10 21:22:10,821 - Short Sell 112.00 shares at 177.43 on 2024-10-17 16:15:00+00:00
2024-11-10 21:22:10,821 - Short Sell 112.00 shares at 177.23 on 2024-10-17 16:30:00+00:00
2024-11-10 21:22:10,821 - Short Sell 112.00 shares at 177.37 on 2024-10-17 16:45:00+00:00
2024-11-10 21:22:10,821 - Short Sell 112.00 shares at 177.16 on 2024-10-17 17:00:00+00:00
2024-11-10 21:22:10,821 - Buy to cover -1008.00 shares at 176.78 on 2024-10-17 17:45:00+00:00 (Exit: Signal, Profit: 555.5200000000009, Duration: 165.0 minutes)
2024-11-10 21:22:10,821 - Long Buy 113.00 shares at 176.06 on 2024-10-17 18:00:00+00:00
2024-11-10 21:22:10,821 - Long Buy 111.00 shares at 175.67 on 2024-10-17 18:15:00+00:00
2024-11-10 21:22:10,822 - Sell to close 224.00 shares at 175.69 on 2024-10-17 18:30:00+00:00 (Exit: Signal, Profit: -39.5899999999956, Duration: 30.0 minutes)
2024-11-10 21:22:10,822 - Short Sell 113.00 shares at 175.78 on 2024-10-17 18:45:00+00:00
2024-11-10 21:22:10,822 - Short Sell 113.00 shares at 175.72 on 2024-10-17 19:00:00+00:00
2024-11-10 21:22:10,822 - Buy to cover -226.00 shares at 175.37 on 2024-10-17 19:15:00+00:00 (Exit: Signal, Profit: 85.87999999999897, Duration: 30.0 minutes)
2024-11-10 21:22:10,822 - Long Buy 114.00 shares at 175.48 on 2024-10-17 19:30:00+00:00
2024-11-10 21:22:10,822 - Long Buy 111.00 shares at 175.57 on 2024-10-18 13:30:00+00:00
2024-11-10 21:22:10,822 - Long Buy 109.00 shares at 175.5 on 2024-10-18 14:45:00+00:00
2024-11-10 21:22:10,822 - Sell to close 334.00 shares at 176.3 on 2024-10-18 15:00:00+00:00 (Exit: Signal, Profit: 261.7100000000062, Duration: 1170.0 minutes)
2024-11-10 21:22:10,822 - Short Sell 113.00 shares at 176.84 on 2024-10-18 15:15:00+00:00
2024-11-10 21:22:10,822 - Short Sell 113.00 shares at 176.53 on 2024-10-18 15:30:00+00:00
2024-11-10 21:22:10,822 - Buy to cover -226.00 shares at 176.06 on 2024-10-18 15:45:00+00:00 (Exit: Signal, Profit: 141.25, Duration: 30.0 minutes)
2024-11-10 21:22:10,822 - Long Buy 113.00 shares at 175.69 on 2024-10-18 16:00:00+00:00
2024-11-10 21:22:10,822 - Long Buy 112.00 shares at 175.21 on 2024-10-18 16:15:00+00:00
2024-11-10 21:22:10,822 - Long Buy 109.00 shares at 175.36 on 2024-10-18 16:30:00+00:00
2024-11-10 21:22:10,822 - Long Buy 107.00 shares at 175.03 on 2024-10-18 16:45:00+00:00
2024-11-10 21:22:10,822 - Long Buy 105.00 shares at 175.11 on 2024-10-18 17:00:00+00:00
2024-11-10 21:22:10,822 - Long Buy 103.00 shares at 175.38 on 2024-10-18 17:15:00+00:00
2024-11-10 21:22:10,822 - Long Buy 101.00 shares at 175.35 on 2024-10-18 17:30:00+00:00
2024-11-10 21:22:10,822 - Long Buy 99.00 shares at 175.17 on 2024-10-18 17:45:00+00:00
2024-11-10 21:22:10,822 - Long Buy 97.00 shares at 175.26 on 2024-10-18 18:00:00+00:00
2024-11-10 21:22:10,823 - Long Buy 95.00 shares at 175.27 on 2024-10-18 18:15:00+00:00
2024-11-10 21:22:10,823 - Long Buy 93.00 shares at 175.19 on 2024-10-18 18:30:00+00:00
2024-11-10 21:22:10,823 - Long Buy 91.00 shares at 175.15 on 2024-10-18 18:45:00+00:00
2024-11-10 21:22:10,823 - Long Buy 89.00 shares at 175.11 on 2024-10-18 19:00:00+00:00
2024-11-10 21:22:10,823 - Long Buy 88.00 shares at 174.99 on 2024-10-18 19:15:00+00:00
2024-11-10 21:22:10,823 - Long Buy 86.00 shares at 174.81 on 2024-10-18 19:30:00+00:00
2024-11-10 21:22:10,823 - Long Buy 84.00 shares at 174.75 on 2024-10-18 19:45:00+00:00
2024-11-10 21:22:10,823 - Long Buy 83.00 shares at 174.01 on 2024-10-21 13:30:00+00:00
2024-11-10 21:22:10,823 - Long Buy 81.00 shares at 174.65 on 2024-10-21 13:45:00+00:00
2024-11-10 21:22:10,823 - Long Buy 79.00 shares at 174.46 on 2024-10-21 14:15:00+00:00
2024-11-10 21:22:10,823 - Long Buy 78.00 shares at 174.38 on 2024-10-21 14:30:00+00:00
2024-11-10 21:22:10,823 - Long Buy 76.00 shares at 174.4 on 2024-10-21 14:45:00+00:00
2024-11-10 21:22:10,823 - Long Buy 75.00 shares at 173.91 on 2024-10-21 15:00:00+00:00
2024-11-10 21:22:10,823 - Long Buy 74.00 shares at 173.75 on 2024-10-21 15:15:00+00:00
2024-11-10 21:22:10,823 - Long Buy 72.00 shares at 173.87 on 2024-10-21 15:30:00+00:00
2024-11-10 21:22:10,823 - Long Buy 71.00 shares at 173.87 on 2024-10-21 15:45:00+00:00
2024-11-10 21:22:10,823 - Long Buy 69.00 shares at 173.72 on 2024-10-21 16:00:00+00:00
2024-11-10 21:22:10,823 - Long Buy 68.00 shares at 173.85 on 2024-10-21 16:15:00+00:00
2024-11-10 21:22:10,823 - Long Buy 66.00 shares at 173.83 on 2024-10-21 16:30:00+00:00
2024-11-10 21:22:10,823 - Sell to close 2464.00 shares at 174.02 on 2024-10-21 16:45:00+00:00 (Exit: Signal, Profit: -1888.5700000000807, Duration: 4365.0 minutes)
2024-11-10 21:22:10,823 - Short Sell 114.00 shares at 173.86 on 2024-10-21 17:00:00+00:00
2024-11-10 21:22:10,823 - Short Sell 114.00 shares at 173.91 on 2024-10-21 17:15:00+00:00
2024-11-10 21:22:10,823 - Short Sell 114.00 shares at 173.95 on 2024-10-21 17:45:00+00:00
2024-11-10 21:22:10,823 - Buy to cover -342.00 shares at 173.62 on 2024-10-21 18:15:00+00:00 (Exit: Signal, Profit: 98.03999999999832, Duration: 75.0 minutes)
2024-11-10 21:22:10,823 - Long Buy 115.00 shares at 173.49 on 2024-10-21 18:30:00+00:00
2024-11-10 21:22:10,823 - Long Buy 112.00 shares at 173.56 on 2024-10-21 18:45:00+00:00
2024-11-10 21:22:10,824 - Long Buy 110.00 shares at 173.5 on 2024-10-21 19:15:00+00:00
2024-11-10 21:22:10,824 - Long Buy 108.00 shares at 173.35 on 2024-10-21 19:30:00+00:00
2024-11-10 21:22:10,824 - Sell to close 445.00 shares at 174.91 on 2024-10-22 13:30:00+00:00 (Exit: Signal, Profit: 638.0799999999824, Duration: 1140.0 minutes)
2024-11-10 21:22:10,824 - Short Sell 114.00 shares at 174.9 on 2024-10-22 13:45:00+00:00
2024-11-10 21:22:10,824 - Short Sell 113.00 shares at 175.55 on 2024-10-22 14:00:00+00:00
2024-11-10 21:22:10,824 - Short Sell 114.00 shares at 175.36 on 2024-10-22 14:15:00+00:00
2024-11-10 21:22:10,824 - Buy to cover -341.00 shares at 174.31 on 2024-10-22 15:00:00+00:00 (Exit: Signal, Profit: 327.080000000003, Duration: 75.0 minutes)
2024-11-10 21:22:10,824 - Long Buy 114.00 shares at 174.49 on 2024-10-22 15:15:00+00:00
2024-11-10 21:22:10,824 - Long Buy 112.00 shares at 174.6 on 2024-10-22 15:30:00+00:00
2024-11-10 21:22:10,824 - Long Buy 109.00 shares at 174.74 on 2024-10-22 15:45:00+00:00
2024-11-10 21:22:10,824 - Sell to close 335.00 shares at 175.14 on 2024-10-22 16:00:00+00:00 (Exit: Signal, Profit: 178.1799999999977, Duration: 45.0 minutes)
2024-11-10 21:22:10,824 - Short Sell 114.00 shares at 175.1 on 2024-10-22 16:15:00+00:00
2024-11-10 21:22:10,824 - Short Sell 114.00 shares at 175.09 on 2024-10-22 17:30:00+00:00
2024-11-10 21:22:10,824 - Short Sell 114.00 shares at 175.15 on 2024-10-22 17:45:00+00:00
2024-11-10 21:22:10,824 - Buy to cover -342.00 shares at 174.88 on 2024-10-22 18:00:00+00:00 (Exit: Signal, Profit: 79.8000000000149, Duration: 105.0 minutes)
2024-11-10 21:22:10,824 - Long Buy 114.00 shares at 174.99 on 2024-10-22 18:15:00+00:00
2024-11-10 21:22:10,824 - Long Buy 112.00 shares at 175.01 on 2024-10-22 18:30:00+00:00
2024-11-10 21:22:10,824 - Long Buy 109.00 shares at 174.87 on 2024-10-22 18:45:00+00:00
2024-11-10 21:22:10,824 - Long Buy 107.00 shares at 174.98 on 2024-10-22 19:00:00+00:00
2024-11-10 21:22:10,825 - Long Buy 105.00 shares at 174.99 on 2024-10-22 19:15:00+00:00
2024-11-10 21:22:10,825 - Long Buy 103.00 shares at 174.99 on 2024-10-22 19:30:00+00:00
2024-11-10 21:22:10,825 - Sell to close 650.00 shares at 175.27 on 2024-10-22 19:45:00+00:00 (Exit: Signal, Profit: 193.9100000000039, Duration: 90.0 minutes)
2024-11-10 21:22:10,825 - Short Sell 113.00 shares at 175.64 on 2024-10-23 13:45:00+00:00
2024-11-10 21:22:10,825 - Short Sell 113.00 shares at 175.72 on 2024-10-23 14:00:00+00:00
2024-11-10 21:22:10,825 - Short Sell 113.00 shares at 175.59 on 2024-10-23 14:15:00+00:00
2024-11-10 21:22:10,825 - Short Sell 113.00 shares at 175.57 on 2024-10-23 14:30:00+00:00
2024-11-10 21:22:10,825 - Short Sell 114.00 shares at 175.23 on 2024-10-23 14:45:00+00:00
2024-11-10 21:22:10,825 - Buy to cover -566.00 shares at 175.0 on 2024-10-23 15:00:00+00:00 (Exit: Signal, Profit: 310.9799999999987, Duration: 75.0 minutes)
2024-11-10 21:22:10,825 - Long Buy 114.00 shares at 174.86 on 2024-10-23 15:15:00+00:00
2024-11-10 21:22:10,825 - Long Buy 112.00 shares at 175.03 on 2024-10-23 15:30:00+00:00
2024-11-10 21:22:10,825 - Long Buy 109.00 shares at 175.02 on 2024-10-23 16:00:00+00:00
2024-11-10 21:22:10,825 - Long Buy 108.00 shares at 174.49 on 2024-10-23 16:15:00+00:00
2024-11-10 21:22:10,825 - Long Buy 105.00 shares at 174.62 on 2024-10-23 16:30:00+00:00
2024-11-10 21:22:10,825 - Long Buy 103.00 shares at 174.53 on 2024-10-23 16:45:00+00:00
2024-11-10 21:22:10,825 - Long Buy 102.00 shares at 173.97 on 2024-10-23 17:00:00+00:00
2024-11-10 21:22:10,825 - Long Buy 99.00 shares at 174.05 on 2024-10-23 17:15:00+00:00
2024-11-10 21:22:10,825 - Long Buy 98.00 shares at 173.9 on 2024-10-23 17:30:00+00:00
2024-11-10 21:22:10,825 - Long Buy 96.00 shares at 173.67 on 2024-10-23 17:45:00+00:00
2024-11-10 21:22:10,825 - Long Buy 94.00 shares at 173.16 on 2024-10-23 18:00:00+00:00
2024-11-10 21:22:10,825 - Long Buy 92.00 shares at 173.07 on 2024-10-23 18:15:00+00:00
2024-11-10 21:22:10,825 - Long Buy 90.00 shares at 173.71 on 2024-10-23 18:30:00+00:00
2024-11-10 21:22:10,825 - Sell to close 1322.00 shares at 173.8 on 2024-10-23 18:45:00+00:00 (Exit: Signal, Profit: -531.3800000000402, Duration: 210.0 minutes)
2024-11-10 21:22:10,825 - Long Buy 115.00 shares at 173.66 on 2024-10-23 19:00:00+00:00
2024-11-10 21:22:10,826 - Sell to close 115.00 shares at 173.77 on 2024-10-23 19:15:00+00:00 (Exit: Signal, Profit: 12.650000000004837, Duration: 15.0 minutes)
2024-11-10 21:22:10,826 - Long Buy 115.00 shares at 173.51 on 2024-10-23 19:30:00+00:00
2024-11-10 21:22:10,826 - Long Buy 113.00 shares at 173.09 on 2024-10-23 19:45:00+00:00
2024-11-10 21:22:10,826 - Sell to close 228.00 shares at 174.27 on 2024-10-24 13:45:00+00:00 (Exit: Signal, Profit: 220.74000000000456, Duration: 1095.0 minutes)
2024-11-10 21:22:10,826 - Short Sell 114.00 shares at 174.57 on 2024-10-24 14:00:00+00:00
2024-11-10 21:22:10,826 - Short Sell 114.00 shares at 174.55 on 2024-10-24 14:15:00+00:00
2024-11-10 21:22:10,826 - Short Sell 114.00 shares at 174.86 on 2024-10-24 14:30:00+00:00
2024-11-10 21:22:10,826 - Short Sell 114.00 shares at 174.23 on 2024-10-24 14:45:00+00:00
2024-11-10 21:22:10,826 - Short Sell 114.00 shares at 174.31 on 2024-10-24 15:00:00+00:00
2024-11-10 21:22:10,826 - Short Sell 114.00 shares at 174.22 on 2024-10-24 15:15:00+00:00
2024-11-10 21:22:10,826 - Short Sell 115.00 shares at 174.08 on 2024-10-24 15:30:00+00:00
2024-11-10 21:22:10,826 - Short Sell 114.00 shares at 174.23 on 2024-10-24 15:45:00+00:00
2024-11-10 21:22:10,826 - Buy to cover -913.00 shares at 173.78 on 2024-10-24 16:00:00+00:00 (Exit: Signal, Profit: 548.6400000000021, Duration: 120.0 minutes)
2024-11-10 21:22:10,826 - Long Buy 115.00 shares at 174.09 on 2024-10-24 16:15:00+00:00
2024-11-10 21:22:10,826 - Sell to close 115.00 shares at 174.39 on 2024-10-24 16:30:00+00:00 (Exit: Signal, Profit: 34.49999999999477, Duration: 15.0 minutes)
2024-11-10 21:22:10,826 - Short Sell 114.00 shares at 174.38 on 2024-10-24 16:45:00+00:00
2024-11-10 21:22:10,826 - Short Sell 114.00 shares at 174.62 on 2024-10-24 17:00:00+00:00
2024-11-10 21:22:10,826 - Short Sell 114.00 shares at 174.51 on 2024-10-24 17:30:00+00:00
2024-11-10 21:22:10,826 - Short Sell 114.00 shares at 174.4 on 2024-10-24 18:00:00+00:00
2024-11-10 21:22:10,826 - Short Sell 114.00 shares at 174.32 on 2024-10-24 18:15:00+00:00
2024-11-10 21:22:10,827 - Short Sell 114.00 shares at 174.39 on 2024-10-24 19:00:00+00:00
2024-11-10 21:22:10,827 - Short Sell 114.00 shares at 174.33 on 2024-10-24 19:45:00+00:00
2024-11-10 21:22:10,827 - Short Sell 113.00 shares at 175.7 on 2024-10-25 13:30:00+00:00
2024-11-10 21:22:10,827 - Short Sell 113.00 shares at 176.06 on 2024-10-25 13:45:00+00:00
2024-11-10 21:22:10,827 - Short Sell 113.00 shares at 175.93 on 2024-10-25 14:00:00+00:00
2024-11-10 21:22:10,827 - Short Sell 113.00 shares at 175.75 on 2024-10-25 14:15:00+00:00
2024-11-10 21:22:10,827 - Short Sell 114.00 shares at 175.34 on 2024-10-25 14:30:00+00:00
2024-11-10 21:22:10,827 - Short Sell 114.00 shares at 175.36 on 2024-10-25 14:45:00+00:00
2024-11-10 21:22:10,827 - Short Sell 114.00 shares at 175.24 on 2024-10-25 15:00:00+00:00
2024-11-10 21:22:10,827 - Short Sell 114.00 shares at 174.97 on 2024-10-25 15:15:00+00:00
2024-11-10 21:22:10,827 - Short Sell 114.00 shares at 174.71 on 2024-10-25 15:30:00+00:00
2024-11-10 21:22:10,827 - Short Sell 114.00 shares at 174.85 on 2024-10-25 15:45:00+00:00
2024-11-10 21:22:10,827 - Short Sell 114.00 shares at 174.88 on 2024-10-25 16:00:00+00:00
2024-11-10 21:22:10,827 - Short Sell 114.00 shares at 174.85 on 2024-10-25 16:15:00+00:00
2024-11-10 21:22:10,827 - Short Sell 114.00 shares at 174.48 on 2024-10-25 16:30:00+00:00
2024-11-10 21:22:10,827 - Buy to cover -2276.00 shares at 174.06 on 2024-10-25 17:00:00+00:00 (Exit: Signal, Profit: 2029.9800000001046, Duration: 1455.0 minutes)
2024-11-10 21:22:10,827 - Long Buy 115.00 shares at 173.87 on 2024-10-25 17:15:00+00:00
2024-11-10 21:22:10,827 - Long Buy 113.00 shares at 173.27 on 2024-10-25 17:30:00+00:00
2024-11-10 21:22:10,827 - Long Buy 111.00 shares at 173.33 on 2024-10-25 17:45:00+00:00
2024-11-10 21:22:10,827 - Long Buy 108.00 shares at 173.35 on 2024-10-25 18:00:00+00:00
2024-11-10 21:22:10,827 - Long Buy 106.00 shares at 173.43 on 2024-10-25 18:15:00+00:00
2024-11-10 21:22:10,827 - Long Buy 104.00 shares at 173.44 on 2024-10-25 18:30:00+00:00
2024-11-10 21:22:10,827 - Long Buy 102.00 shares at 173.84 on 2024-10-25 18:45:00+00:00
2024-11-10 21:22:10,827 - Long Buy 100.00 shares at 173.6 on 2024-10-25 19:00:00+00:00
2024-11-10 21:22:10,827 - Long Buy 98.00 shares at 173.47 on 2024-10-25 19:15:00+00:00
2024-11-10 21:22:10,828 - Long Buy 96.00 shares at 173.38 on 2024-10-25 19:30:00+00:00
2024-11-10 21:22:10,828 - Long Buy 94.00 shares at 173.55 on 2024-10-25 19:45:00+00:00
2024-11-10 21:22:10,828 - Long Buy 92.00 shares at 173.53 on 2024-10-28 13:30:00+00:00
2024-11-10 21:22:10,828 - Long Buy 91.00 shares at 172.64 on 2024-10-28 13:45:00+00:00
2024-11-10 21:22:10,828 - Long Buy 89.00 shares at 172.71 on 2024-10-28 14:00:00+00:00
2024-11-10 21:22:10,828 - Sell to close 1419.00 shares at 172.81 on 2024-10-28 14:15:00+00:00 (Exit: Signal, Profit: -836.0500000000453, Duration: 4140.0 minutes)
2024-11-10 21:22:10,828 - Short Sell 115.00 shares at 173.12 on 2024-10-28 14:30:00+00:00
2024-11-10 21:22:10,828 - Short Sell 115.00 shares at 172.88 on 2024-10-28 14:45:00+00:00
2024-11-10 21:22:10,828 - Short Sell 115.00 shares at 172.97 on 2024-10-28 15:00:00+00:00
2024-11-10 21:22:10,828 - Short Sell 116.00 shares at 172.82 on 2024-10-28 15:15:00+00:00
2024-11-10 21:22:10,828 - Buy to cover -461.00 shares at 172.48 on 2024-10-28 15:30:00+00:00 (Exit: Signal, Profit: 215.39000000000684, Duration: 60.0 minutes)
2024-11-10 21:22:10,828 - Long Buy 116.00 shares at 172.33 on 2024-10-28 15:45:00+00:00
2024-11-10 21:22:10,828 - Long Buy 114.00 shares at 172.25 on 2024-10-28 16:00:00+00:00
2024-11-10 21:22:10,828 - Long Buy 111.00 shares at 172.28 on 2024-10-28 16:15:00+00:00
2024-11-10 21:22:10,828 - Long Buy 109.00 shares at 172.57 on 2024-10-28 16:45:00+00:00
2024-11-10 21:22:10,828 - Long Buy 107.00 shares at 172.42 on 2024-10-28 17:00:00+00:00
2024-11-10 21:22:10,828 - Long Buy 105.00 shares at 172.55 on 2024-10-28 17:15:00+00:00
2024-11-10 21:22:10,828 - Sell to close 662.00 shares at 172.93 on 2024-10-28 18:00:00+00:00 (Exit: Signal, Profit: 352.9799999999899, Duration: 135.0 minutes)
2024-11-10 21:22:10,828 - Long Buy 116.00 shares at 172.6 on 2024-10-28 18:30:00+00:00
2024-11-10 21:22:10,828 - Long Buy 113.00 shares at 172.75 on 2024-10-28 18:45:00+00:00
2024-11-10 21:22:10,828 - Sell to close 229.00 shares at 172.96 on 2024-10-28 19:00:00+00:00 (Exit: Signal, Profit: 65.49000000000004, Duration: 30.0 minutes)
2024-11-10 21:22:10,829 - Short Sell 115.00 shares at 173.01 on 2024-10-28 19:15:00+00:00
2024-11-10 21:22:10,829 - Buy to cover -115.00 shares at 172.49 on 2024-10-28 19:45:00+00:00 (Exit: Signal, Profit: 59.79999999999791, Duration: 30.0 minutes)
2024-11-10 21:22:10,829 - Short Sell 115.00 shares at 173.13 on 2024-10-29 13:30:00+00:00
2024-11-10 21:22:10,829 - Short Sell 115.00 shares at 173.31 on 2024-10-29 13:45:00+00:00
2024-11-10 21:22:10,829 - Short Sell 115.00 shares at 172.99 on 2024-10-29 14:00:00+00:00
2024-11-10 21:22:10,829 - Buy to cover -345.00 shares at 172.52 on 2024-10-29 14:30:00+00:00 (Exit: Signal, Profit: 215.05000000001033, Duration: 60.0 minutes)
2024-11-10 21:22:10,829 - Short Sell 115.00 shares at 173.3 on 2024-10-29 15:00:00+00:00
2024-11-10 21:22:10,829 - Buy to cover -115.00 shares at 173.21 on 2024-10-29 15:15:00+00:00 (Exit: Signal, Profit: 10.350000000000392, Duration: 15.0 minutes)
2024-11-10 21:22:10,829 - Long Buy 115.00 shares at 173.14 on 2024-10-29 15:30:00+00:00
2024-11-10 21:22:10,829 - Sell to close 115.00 shares at 173.46 on 2024-10-29 16:00:00+00:00 (Exit: Signal, Profit: 36.800000000002484, Duration: 30.0 minutes)
2024-11-10 21:22:10,829 - Short Sell 115.00 shares at 173.66 on 2024-10-29 16:30:00+00:00
2024-11-10 21:22:10,829 - Short Sell 115.00 shares at 173.82 on 2024-10-29 16:45:00+00:00
2024-11-10 21:22:10,829 - Short Sell 115.00 shares at 173.58 on 2024-10-29 17:00:00+00:00
2024-11-10 21:22:10,829 - Short Sell 115.00 shares at 173.53 on 2024-10-29 17:15:00+00:00
2024-11-10 21:22:10,829 - Short Sell 115.00 shares at 173.45 on 2024-10-29 17:45:00+00:00
2024-11-10 21:22:10,829 - Short Sell 115.00 shares at 173.56 on 2024-10-29 18:15:00+00:00
2024-11-10 21:22:10,829 - Short Sell 115.00 shares at 173.55 on 2024-10-29 18:30:00+00:00
2024-11-10 21:22:10,829 - Short Sell 115.00 shares at 173.59 on 2024-10-29 18:45:00+00:00
2024-11-10 21:22:10,829 - Short Sell 115.00 shares at 173.72 on 2024-10-29 19:00:00+00:00
2024-11-10 21:22:10,830 - Short Sell 115.00 shares at 173.72 on 2024-10-29 19:15:00+00:00
2024-11-10 21:22:10,830 - Short Sell 115.00 shares at 173.73 on 2024-10-29 19:30:00+00:00
2024-11-10 21:22:10,830 - Buy to cover -1265.00 shares at 173.49 on 2024-10-29 19:45:00+00:00 (Exit: Signal, Profit: 174.79999999994888, Duration: 195.0 minutes)
2024-11-10 21:22:10,830 - Long Buy 115.00 shares at 173.38 on 2024-10-30 13:30:00+00:00
2024-11-10 21:22:10,830 - Sell to close 115.00 shares at 174.22 on 2024-10-30 13:45:00+00:00 (Exit: Signal, Profit: 96.60000000000039, Duration: 15.0 minutes)
2024-11-10 21:22:10,830 - Short Sell 114.00 shares at 174.61 on 2024-10-30 14:00:00+00:00
2024-11-10 21:22:10,830 - Short Sell 114.00 shares at 175.02 on 2024-10-30 14:15:00+00:00
2024-11-10 21:22:10,830 - Short Sell 114.00 shares at 175.29 on 2024-10-30 14:30:00+00:00
2024-11-10 21:22:10,830 - Short Sell 114.00 shares at 175.03 on 2024-10-30 14:45:00+00:00
2024-11-10 21:22:10,830 - Short Sell 114.00 shares at 174.93 on 2024-10-30 15:00:00+00:00
2024-11-10 21:22:10,830 - Short Sell 114.00 shares at 174.89 on 2024-10-30 15:15:00+00:00
2024-11-10 21:22:10,830 - Short Sell 114.00 shares at 175.02 on 2024-10-30 15:30:00+00:00
2024-11-10 21:22:10,830 - Short Sell 114.00 shares at 175.13 on 2024-10-30 15:45:00+00:00
2024-11-10 21:22:10,830 - Short Sell 114.00 shares at 175.58 on 2024-10-30 16:00:00+00:00
2024-11-10 21:22:10,830 - Short Sell 114.00 shares at 175.81 on 2024-10-30 16:15:00+00:00
2024-11-10 21:22:10,830 - Short Sell 113.00 shares at 175.97 on 2024-10-30 16:30:00+00:00
2024-11-10 21:22:10,830 - Short Sell 114.00 shares at 175.68 on 2024-10-30 17:00:00+00:00
2024-11-10 21:22:10,830 - Short Sell 114.00 shares at 175.7 on 2024-10-30 17:15:00+00:00
2024-11-10 21:22:10,830 - Short Sell 114.00 shares at 175.7 on 2024-10-30 17:30:00+00:00
2024-11-10 21:22:10,830 - Short Sell 114.00 shares at 175.81 on 2024-10-30 18:00:00+00:00
2024-11-10 21:22:10,830 - Short Sell 113.00 shares at 175.94 on 2024-10-30 18:30:00+00:00
2024-11-10 21:22:10,830 - Short Sell 114.00 shares at 175.87 on 2024-10-30 18:45:00+00:00
2024-11-10 21:22:10,830 - Buy to cover -1936.00 shares at 175.33 on 2024-10-30 19:00:00+00:00 (Exit: Signal, Profit: 154.92999999998665, Duration: 300.0 minutes)
2024-11-10 21:22:10,831 - Long Buy 114.00 shares at 175.08 on 2024-10-30 19:15:00+00:00
2024-11-10 21:22:10,831 - Long Buy 112.00 shares at 174.97 on 2024-10-30 19:30:00+00:00
2024-11-10 21:22:10,831 - Long Buy 110.00 shares at 174.58 on 2024-10-30 19:45:00+00:00
2024-11-10 21:22:10,831 - Sell to close 336.00 shares at 170.26 on 2024-10-31 13:30:00+00:00 (Exit: Stop_loss, Profit: -1552.200000000007, Duration: 1095.0 minutes)
2024-11-10 21:22:10,831 - Long Buy 118.00 shares at 169.82 on 2024-10-31 13:45:00+00:00
2024-11-10 21:22:10,831 - Long Buy 116.00 shares at 168.77 on 2024-10-31 14:00:00+00:00
2024-11-10 21:22:10,831 - Long Buy 114.00 shares at 168.88 on 2024-10-31 14:15:00+00:00
2024-11-10 21:22:10,831 - Long Buy 111.00 shares at 168.92 on 2024-10-31 14:30:00+00:00
2024-11-10 21:22:10,831 - Long Buy 109.00 shares at 168.55 on 2024-10-31 14:45:00+00:00
2024-11-10 21:22:10,831 - Long Buy 107.00 shares at 167.95 on 2024-10-31 15:00:00+00:00
2024-11-10 21:22:10,831 - Long Buy 105.00 shares at 168.36 on 2024-10-31 15:15:00+00:00
2024-11-10 21:22:10,831 - Long Buy 103.00 shares at 168.11 on 2024-10-31 15:30:00+00:00
2024-11-10 21:22:10,831 - Long Buy 101.00 shares at 168.07 on 2024-10-31 15:45:00+00:00
2024-11-10 21:22:10,831 - Long Buy 99.00 shares at 168.43 on 2024-10-31 16:00:00+00:00
2024-11-10 21:22:10,831 - Long Buy 97.00 shares at 168.51 on 2024-10-31 16:15:00+00:00
2024-11-10 21:22:10,831 - Long Buy 95.00 shares at 168.67 on 2024-10-31 16:30:00+00:00
2024-11-10 21:22:10,831 - Long Buy 93.00 shares at 168.72 on 2024-10-31 16:45:00+00:00
2024-11-10 21:22:10,831 - Long Buy 91.00 shares at 168.68 on 2024-10-31 17:00:00+00:00
2024-11-10 21:22:10,831 - Long Buy 89.00 shares at 168.5 on 2024-10-31 17:15:00+00:00
2024-11-10 21:22:10,831 - Long Buy 88.00 shares at 168.22 on 2024-10-31 17:30:00+00:00
2024-11-10 21:22:10,831 - Long Buy 86.00 shares at 167.97 on 2024-10-31 17:45:00+00:00
2024-11-10 21:22:10,831 - Long Buy 84.00 shares at 167.87 on 2024-10-31 18:00:00+00:00
2024-11-10 21:22:10,831 - Long Buy 83.00 shares at 167.84 on 2024-10-31 18:15:00+00:00
2024-11-10 21:22:10,831 - Long Buy 81.00 shares at 167.73 on 2024-10-31 18:30:00+00:00
2024-11-10 21:22:10,831 - Long Buy 79.00 shares at 167.83 on 2024-10-31 18:45:00+00:00
2024-11-10 21:22:10,831 - Long Buy 78.00 shares at 168.4 on 2024-10-31 19:00:00+00:00
2024-11-10 21:22:10,831 - Long Buy 76.00 shares at 168.36 on 2024-10-31 19:15:00+00:00
2024-11-10 21:22:10,831 - Long Buy 75.00 shares at 168.32 on 2024-10-31 19:30:00+00:00
2024-11-10 21:22:10,831 - Long Buy 73.00 shares at 167.82 on 2024-10-31 19:45:00+00:00
2024-11-10 21:22:10,832 - Sell to close 2351.00 shares at 169.38 on 2024-11-01 13:30:00+00:00 (Exit: Signal, Profit: 2271.3299999998935, Duration: 1425.0 minutes)
2024-11-10 21:22:10,832 - Short Sell 117.00 shares at 170.31 on 2024-11-01 13:45:00+00:00
2024-11-10 21:22:10,832 - Short Sell 117.00 shares at 170.54 on 2024-11-01 14:00:00+00:00
2024-11-10 21:22:10,832 - Short Sell 117.00 shares at 171.24 on 2024-11-01 14:15:00+00:00
2024-11-10 21:22:10,832 - Buy to cover -351.00 shares at 171.21 on 2024-11-01 14:30:00+00:00 (Exit: Signal, Profit: -180.18000000000572, Duration: 45.0 minutes)
2024-11-10 21:22:10,832 - Short Sell 117.00 shares at 171.4 on 2024-11-01 14:45:00+00:00
2024-11-10 21:22:10,832 - Short Sell 117.00 shares at 171.53 on 2024-11-01 15:00:00+00:00
2024-11-10 21:22:10,832 - Short Sell 116.00 shares at 172.09 on 2024-11-01 15:15:00+00:00
2024-11-10 21:22:10,832 - Short Sell 116.00 shares at 171.84 on 2024-11-01 15:30:00+00:00
2024-11-10 21:22:10,832 - Short Sell 117.00 shares at 171.5 on 2024-11-01 15:45:00+00:00
2024-11-10 21:22:10,832 - Short Sell 117.00 shares at 171.56 on 2024-11-01 16:00:00+00:00
2024-11-10 21:22:10,832 - Short Sell 117.00 shares at 171.36 on 2024-11-01 16:15:00+00:00
2024-11-10 21:22:10,832 - Buy to cover -817.00 shares at 171.04 on 2024-11-01 16:45:00+00:00 (Exit: Signal, Profit: 466.1500000000294, Duration: 120.0 minutes)
2024-11-10 21:22:10,832 - Short Sell 117.00 shares at 171.55 on 2024-11-01 17:00:00+00:00
2024-11-10 21:22:10,832 - Short Sell 117.00 shares at 171.5 on 2024-11-01 17:15:00+00:00
2024-11-10 21:22:10,832 - Buy to cover -234.00 shares at 170.76 on 2024-11-01 17:30:00+00:00 (Exit: Signal, Profit: 179.0100000000101, Duration: 30.0 minutes)
2024-11-10 21:22:10,832 - Long Buy 117.00 shares at 170.72 on 2024-11-01 17:45:00+00:00
2024-11-10 21:22:10,832 - Long Buy 115.00 shares at 170.57 on 2024-11-01 18:00:00+00:00
2024-11-10 21:22:10,832 - Long Buy 113.00 shares at 170.2 on 2024-11-01 18:15:00+00:00
2024-11-10 21:22:10,832 - Long Buy 111.00 shares at 170.41 on 2024-11-01 18:30:00+00:00
2024-11-10 21:22:10,832 - Long Buy 108.00 shares at 170.45 on 2024-11-01 18:45:00+00:00
2024-11-10 21:22:10,833 - Sell to close 564.00 shares at 170.98 on 2024-11-01 19:00:00+00:00 (Exit: Signal, Profit: 286.219999999989, Duration: 75.0 minutes)
2024-11-10 21:22:10,833 - Long Buy 117.00 shares at 170.41 on 2024-11-01 19:30:00+00:00
2024-11-10 21:22:10,833 - Long Buy 115.00 shares at 170.0 on 2024-11-01 19:45:00+00:00
2024-11-10 21:22:10,833 - Long Buy 113.00 shares at 169.59 on 2024-11-04 14:30:00+00:00
2024-11-10 21:22:10,833 - Long Buy 111.00 shares at 170.16 on 2024-11-04 14:45:00+00:00
2024-11-10 21:22:10,833 - Long Buy 109.00 shares at 169.32 on 2024-11-04 15:00:00+00:00
2024-11-10 21:22:10,833 - Long Buy 107.00 shares at 169.26 on 2024-11-04 15:15:00+00:00
2024-11-10 21:22:10,833 - Long Buy 105.00 shares at 169.0 on 2024-11-04 15:30:00+00:00
2024-11-10 21:22:10,833 - Long Buy 103.00 shares at 169.55 on 2024-11-04 15:45:00+00:00
2024-11-10 21:22:10,833 - Long Buy 100.00 shares at 169.93 on 2024-11-04 16:00:00+00:00
2024-11-10 21:22:10,833 - Long Buy 98.00 shares at 169.59 on 2024-11-04 16:15:00+00:00
2024-11-10 21:22:10,833 - Long Buy 97.00 shares at 169.27 on 2024-11-04 16:30:00+00:00
2024-11-10 21:22:10,833 - Long Buy 95.00 shares at 169.18 on 2024-11-04 16:45:00+00:00
2024-11-10 21:22:10,833 - Long Buy 93.00 shares at 169.09 on 2024-11-04 17:00:00+00:00
2024-11-10 21:22:10,833 - Long Buy 91.00 shares at 169.48 on 2024-11-04 17:15:00+00:00
2024-11-10 21:22:10,833 - Sell to close 1454.00 shares at 169.74 on 2024-11-04 17:30:00+00:00 (Exit: Signal, Profit: 235.04999999997074, Duration: 4200.0 minutes)
2024-11-10 21:22:10,833 - Short Sell 118.00 shares at 169.78 on 2024-11-04 17:45:00+00:00
2024-11-10 21:22:10,833 - Short Sell 118.00 shares at 169.69 on 2024-11-04 18:00:00+00:00
2024-11-10 21:22:10,833 - Short Sell 118.00 shares at 169.69 on 2024-11-04 19:00:00+00:00
2024-11-10 21:22:10,833 - Short Sell 118.00 shares at 169.94 on 2024-11-04 19:15:00+00:00
2024-11-10 21:22:10,833 - Short Sell 118.00 shares at 169.92 on 2024-11-04 19:30:00+00:00
2024-11-10 21:22:10,833 - Short Sell 118.00 shares at 169.93 on 2024-11-04 19:45:00+00:00
2024-11-10 21:22:10,833 - Short Sell 118.00 shares at 169.79 on 2024-11-04 20:00:00+00:00
2024-11-10 21:22:10,833 - Buy to cover -826.00 shares at 169.6 on 2024-11-04 20:15:00+00:00 (Exit: Signal, Profit: 181.71999999997558, Duration: 150.0 minutes)
2024-11-10 21:22:10,834 - Long Buy 118.00 shares at 169.56 on 2024-11-04 20:30:00+00:00
2024-11-10 21:22:10,834 - Long Buy 116.00 shares at 169.57 on 2024-11-04 20:45:00+00:00
2024-11-10 21:22:10,834 - Sell to close 234.00 shares at 170.68 on 2024-11-05 14:30:00+00:00 (Exit: Signal, Profit: 260.9200000000033, Duration: 1080.0 minutes)
2024-11-10 21:22:10,834 - Short Sell 117.00 shares at 171.0 on 2024-11-05 14:45:00+00:00
2024-11-10 21:22:10,834 - Short Sell 117.00 shares at 171.09 on 2024-11-05 15:00:00+00:00
2024-11-10 21:22:10,834 - Short Sell 117.00 shares at 170.84 on 2024-11-05 15:15:00+00:00
2024-11-10 21:22:10,834 - Short Sell 117.00 shares at 171.11 on 2024-11-05 15:30:00+00:00
2024-11-10 21:22:10,834 - Short Sell 117.00 shares at 170.71 on 2024-11-05 15:45:00+00:00
2024-11-10 21:22:10,834 - Short Sell 117.00 shares at 170.81 on 2024-11-05 16:00:00+00:00
2024-11-10 21:22:10,834 - Short Sell 117.00 shares at 170.85 on 2024-11-05 16:15:00+00:00
2024-11-10 21:22:10,834 - Short Sell 117.00 shares at 170.6 on 2024-11-05 16:30:00+00:00
2024-11-10 21:22:10,834 - Short Sell 117.00 shares at 170.74 on 2024-11-05 16:45:00+00:00
2024-11-10 21:22:10,834 - Short Sell 117.00 shares at 171.22 on 2024-11-05 17:00:00+00:00
2024-11-10 21:22:10,834 - Short Sell 117.00 shares at 171.28 on 2024-11-05 17:15:00+00:00
2024-11-10 21:22:10,834 - Buy to cover -1287.00 shares at 171.18 on 2024-11-05 17:30:00+00:00 (Exit: Signal, Profit: -319.4100000000021, Duration: 165.0 minutes)
2024-11-10 21:22:10,834 - Long Buy 117.00 shares at 171.24 on 2024-11-05 17:45:00+00:00
2024-11-10 21:22:10,834 - Sell to close 117.00 shares at 171.4 on 2024-11-05 18:30:00+00:00 (Exit: Signal, Profit: 18.7199999999996, Duration: 45.0 minutes)
2024-11-10 21:22:10,834 - Short Sell 117.00 shares at 171.4 on 2024-11-05 19:30:00+00:00
2024-11-10 21:22:10,834 - Short Sell 117.00 shares at 171.51 on 2024-11-05 20:15:00+00:00
2024-11-10 21:22:10,835 - Short Sell 117.00 shares at 171.4 on 2024-11-05 20:30:00+00:00
2024-11-10 21:22:10,835 - Short Sell 117.00 shares at 171.8 on 2024-11-05 20:45:00+00:00
2024-11-10 21:22:10,835 - Buy to cover -468.00 shares at 179.1 on 2024-11-06 14:30:00+00:00 (Exit: Stop_loss, Profit: -3543.9299999999957, Duration: 1140.0 minutes)
2024-11-10 21:22:10,835 - Short Sell 111.00 shares at 179.14 on 2024-11-06 14:45:00+00:00
2024-11-10 21:22:10,835 - Short Sell 111.00 shares at 180.07 on 2024-11-06 15:00:00+00:00
2024-11-10 21:22:10,835 - Short Sell 110.00 shares at 181.04 on 2024-11-06 15:15:00+00:00
2024-11-10 21:22:10,835 - Short Sell 110.00 shares at 180.86 on 2024-11-06 15:30:00+00:00
2024-11-10 21:22:10,835 - Short Sell 111.00 shares at 179.97 on 2024-11-06 15:45:00+00:00
2024-11-10 21:22:10,835 - Short Sell 110.00 shares at 180.61 on 2024-11-06 16:00:00+00:00
2024-11-10 21:22:10,835 - Short Sell 111.00 shares at 180.43 on 2024-11-06 16:15:00+00:00
2024-11-10 21:22:10,835 - Short Sell 110.00 shares at 180.92 on 2024-11-06 16:30:00+00:00
2024-11-10 21:22:10,835 - Short Sell 110.00 shares at 181.78 on 2024-11-06 16:45:00+00:00
2024-11-10 21:22:10,835 - Short Sell 110.00 shares at 181.18 on 2024-11-06 17:00:00+00:00
2024-11-10 21:22:10,835 - Short Sell 110.00 shares at 181.32 on 2024-11-06 17:15:00+00:00
2024-11-10 21:22:10,835 - Short Sell 110.00 shares at 181.39 on 2024-11-06 17:30:00+00:00
2024-11-10 21:22:10,835 - Short Sell 110.00 shares at 181.58 on 2024-11-06 17:45:00+00:00
2024-11-10 21:22:10,835 - Short Sell 110.00 shares at 180.72 on 2024-11-06 18:00:00+00:00
2024-11-10 21:22:10,835 - Short Sell 110.00 shares at 180.81 on 2024-11-06 18:15:00+00:00
2024-11-10 21:22:10,835 - Buy to cover -1654.00 shares at 180.34 on 2024-11-06 18:30:00+00:00 (Exit: Signal, Profit: 737.4499999999293, Duration: 225.0 minutes)
2024-11-10 21:22:10,835 - Long Buy 111.00 shares at 179.97 on 2024-11-06 18:45:00+00:00
2024-11-10 21:22:10,835 - Long Buy 109.00 shares at 180.19 on 2024-11-06 19:00:00+00:00
2024-11-10 21:22:10,835 - Long Buy 106.00 shares at 180.62 on 2024-11-06 19:15:00+00:00
2024-11-10 21:22:10,836 - Sell to close 326.00 shares at 181.02 on 2024-11-06 20:00:00+00:00 (Exit: Signal, Profit: 249.4200000000016, Duration: 75.0 minutes)
2024-11-10 21:22:10,836 - Short Sell 110.00 shares at 181.23 on 2024-11-06 20:45:00+00:00
2024-11-10 21:22:10,836 - Short Sell 110.00 shares at 181.27 on 2024-11-07 14:30:00+00:00
2024-11-10 21:22:10,836 - Short Sell 110.00 shares at 181.7 on 2024-11-07 14:45:00+00:00
2024-11-10 21:22:10,836 - Short Sell 110.00 shares at 181.22 on 2024-11-07 15:00:00+00:00
2024-11-10 21:22:10,836 - Short Sell 110.00 shares at 181.62 on 2024-11-07 15:15:00+00:00
2024-11-10 21:22:10,836 - Short Sell 110.00 shares at 181.64 on 2024-11-07 15:30:00+00:00
2024-11-10 21:22:10,836 - Short Sell 110.00 shares at 181.93 on 2024-11-07 15:45:00+00:00
2024-11-10 21:22:10,836 - Short Sell 110.00 shares at 181.86 on 2024-11-07 16:00:00+00:00
2024-11-10 21:22:10,836 - Short Sell 109.00 shares at 182.34 on 2024-11-07 16:15:00+00:00
2024-11-10 21:22:10,836 - Short Sell 109.00 shares at 182.93 on 2024-11-07 16:30:00+00:00
2024-11-10 21:22:10,836 - Short Sell 109.00 shares at 182.89 on 2024-11-07 16:45:00+00:00
2024-11-10 21:22:10,836 - Short Sell 109.00 shares at 183.23 on 2024-11-07 17:00:00+00:00
2024-11-10 21:22:10,836 - Short Sell 109.00 shares at 183.31 on 2024-11-07 17:15:00+00:00
2024-11-10 21:22:10,836 - Short Sell 109.00 shares at 183.62 on 2024-11-07 17:30:00+00:00
2024-11-10 21:22:10,836 - Short Sell 108.00 shares at 183.75 on 2024-11-07 17:45:00+00:00
2024-11-10 21:22:10,836 - Short Sell 108.00 shares at 183.9 on 2024-11-07 18:00:00+00:00
2024-11-10 21:22:10,836 - Short Sell 108.00 shares at 183.69 on 2024-11-07 18:15:00+00:00
2024-11-10 21:22:10,836 - Short Sell 108.00 shares at 183.78 on 2024-11-07 18:30:00+00:00
2024-11-10 21:22:10,836 - Short Sell 108.00 shares at 183.84 on 2024-11-07 18:45:00+00:00
2024-11-10 21:22:10,836 - Short Sell 108.00 shares at 184.26 on 2024-11-07 19:00:00+00:00
2024-11-10 21:22:10,836 - Short Sell 108.00 shares at 184.59 on 2024-11-07 19:15:00+00:00
2024-11-10 21:22:10,836 - Short Sell 108.00 shares at 184.66 on 2024-11-07 19:30:00+00:00
2024-11-10 21:22:10,836 - Buy to cover -2398.00 shares at 185.11 on 2024-11-07 19:45:00+00:00 (Exit: Stop_loss, Profit: -5378.439999999922, Duration: 1380.0 minutes)
2024-11-10 21:22:10,836 - Short Sell 107.00 shares at 185.06 on 2024-11-07 20:00:00+00:00
2024-11-10 21:22:10,837 - Short Sell 107.00 shares at 185.67 on 2024-11-07 20:15:00+00:00
2024-11-10 21:22:10,837 - Short Sell 107.00 shares at 186.29 on 2024-11-07 20:30:00+00:00
2024-11-10 21:22:10,837 - Short Sell 107.00 shares at 186.25 on 2024-11-07 20:45:00+00:00
2024-11-10 21:22:10,837 - Short Sell 106.00 shares at 187.46 on 2024-11-08 14:30:00+00:00
2024-11-10 21:22:10,837 - Short Sell 105.00 shares at 188.28 on 2024-11-08 14:45:00+00:00
2024-11-10 21:22:10,837 - Short Sell 105.00 shares at 188.49 on 2024-11-08 15:00:00+00:00
2024-11-10 21:22:10,837 - Buy to cover -744.00 shares at 188.89 on 2024-11-08 15:15:00+00:00 (Exit: Stop_loss, Profit: -1572.6599999999864, Duration: 1155.0 minutes)
2024-11-10 21:22:10,837 - Short Sell 105.00 shares at 188.75 on 2024-11-08 15:30:00+00:00
2024-11-10 21:22:10,837 - Short Sell 105.00 shares at 188.78 on 2024-11-08 15:45:00+00:00
2024-11-10 21:22:10,837 - Short Sell 104.00 shares at 189.91 on 2024-11-08 16:00:00+00:00
2024-11-10 21:22:10,837 - Short Sell 105.00 shares at 189.64 on 2024-11-08 16:15:00+00:00
2024-11-10 21:22:10,837 - Short Sell 105.00 shares at 188.67 on 2024-11-08 16:30:00+00:00
2024-11-10 21:22:10,837 - Buy to cover -524.00 shares at 188.45 on 2024-11-08 16:45:00+00:00 (Exit: Signal, Profit: 366.0400000000009, Duration: 75.0 minutes)
2024-11-10 21:22:10,837 - Short Sell 105.00 shares at 189.37 on 2024-11-08 17:00:00+00:00
2024-11-10 21:22:10,837 - Buy to cover -105.00 shares at 188.57 on 2024-11-08 17:15:00+00:00 (Exit: Signal, Profit: 84.00000000000418, Duration: 15.0 minutes)
2024-11-10 21:22:10,837 - Long Buy 105.00 shares at 188.51 on 2024-11-08 17:30:00+00:00
2024-11-10 21:22:10,837 - Sell to close 105.00 shares at 188.89 on 2024-11-08 18:00:00+00:00 (Exit: Signal, Profit: 39.89999999999952, Duration: 30.0 minutes)
2024-11-10 21:22:10,837 - Short Sell 105.00 shares at 189.37 on 2024-11-08 18:30:00+00:00
2024-11-10 21:22:10,837 - Short Sell 105.00 shares at 189.44 on 2024-11-08 18:45:00+00:00
2024-11-10 21:22:10,837 - Short Sell 105.00 shares at 189.74 on 2024-11-08 19:00:00+00:00
2024-11-10 21:22:10,837 - Short Sell 105.00 shares at 189.66 on 2024-11-08 19:15:00+00:00
2024-11-10 21:22:10,838 - Short Sell 104.00 shares at 189.98 on 2024-11-08 19:30:00+00:00
2024-11-10 21:22:10,838 - Short Sell 105.00 shares at 189.78 on 2024-11-08 19:45:00+00:00
2024-11-10 21:22:10,838 - Short Sell 105.00 shares at 189.63 on 2024-11-08 20:00:00+00:00
2024-11-10 21:22:10,838 - Short Sell 105.00 shares at 189.06 on 2024-11-08 20:15:00+00:00
2024-11-10 21:22:10,838 - Short Sell 105.00 shares at 189.3 on 2024-11-08 20:30:00+00:00
2024-11-10 21:22:10,838 - Short Sell 105.00 shares at 189.28 on 2024-11-08 20:45:00+00:00
2024-11-10 21:22:10,840 - Final statisticsStock: ORCL, 
total_trades: 64, 
winning_trades: 51, 
losing_trades: 13, 
average_return: 0.0005658847588379456, 
average_duration: 585.46875, 
final_balance: 1195524.060000002, 
final_portfolio_value: 996969.340000002, 
sharpe_ratio: 8.718342811215974, 



