2024-11-10 20:31:50,741 - Starting GBMStrategy with initial capital: 1000000
2024-11-10 20:31:50,741 - Hyperparameters: {'threshold': 0.5, 'time_periods': 15, 'num_simulations': 150}
2024-11-10 20:37:22,041 - Short Sell 31.00 shares at 631.12 on 2024-10-10 17:15:00+00:00
2024-11-10 20:37:22,043 - Short Sell 31.00 shares at 630.38 on 2024-10-10 17:30:00+00:00
2024-11-10 20:37:22,043 - Short Sell 31.00 shares at 630.76 on 2024-10-10 17:45:00+00:00
2024-11-10 20:37:22,043 - Short Sell 31.00 shares at 630.62 on 2024-10-10 18:00:00+00:00
2024-11-10 20:37:22,043 - Short Sell 31.00 shares at 630.85 on 2024-10-10 18:15:00+00:00
2024-11-10 20:37:22,043 - Short Sell 31.00 shares at 629.97 on 2024-10-10 18:30:00+00:00
2024-11-10 20:37:22,043 - Short Sell 31.00 shares at 629.96 on 2024-10-10 18:45:00+00:00
2024-11-10 20:37:22,043 - Short Sell 31.00 shares at 630.22 on 2024-10-10 19:00:00+00:00
2024-11-10 20:37:22,043 - Short Sell 31.00 shares at 630.69 on 2024-10-10 19:30:00+00:00
2024-11-10 20:37:22,043 - Short Sell 31.00 shares at 631.27 on 2024-10-10 19:45:00+00:00
2024-11-10 20:37:22,043 - Short Sell 31.00 shares at 634.49 on 2024-10-11 13:30:00+00:00
2024-11-10 20:37:22,043 - Short Sell 31.00 shares at 636.57 on 2024-10-11 13:45:00+00:00
2024-11-10 20:37:22,043 - Short Sell 31.00 shares at 638.43 on 2024-10-11 14:00:00+00:00
2024-11-10 20:37:22,043 - Short Sell 31.00 shares at 638.88 on 2024-10-11 14:15:00+00:00
2024-11-10 20:37:22,044 - Buy to cover -434.00 shares at 637.31 on 2024-10-11 14:30:00+00:00 (Exit: Signal, Profit: -2112.029999999975, Duration: 1275.0 minutes)
2024-11-10 20:37:22,044 - Long Buy 31.00 shares at 637.38 on 2024-10-11 14:45:00+00:00
2024-11-10 20:37:22,044 - Long Buy 30.00 shares at 637.72 on 2024-10-11 15:00:00+00:00
2024-11-10 20:37:22,044 - Long Buy 30.00 shares at 637.67 on 2024-10-11 15:15:00+00:00
2024-11-10 20:37:22,044 - Long Buy 29.00 shares at 638.74 on 2024-10-11 15:30:00+00:00
2024-11-10 20:37:22,044 - Long Buy 28.00 shares at 637.81 on 2024-10-11 15:45:00+00:00
2024-11-10 20:37:22,044 - Long Buy 28.00 shares at 637.67 on 2024-10-11 16:00:00+00:00
2024-11-10 20:37:22,044 - Long Buy 27.00 shares at 636.62 on 2024-10-11 16:15:00+00:00
2024-11-10 20:37:22,044 - Long Buy 27.00 shares at 636.72 on 2024-10-11 16:30:00+00:00
2024-11-10 20:37:22,044 - Long Buy 26.00 shares at 636.29 on 2024-10-11 16:45:00+00:00
2024-11-10 20:37:22,044 - Long Buy 26.00 shares at 635.77 on 2024-10-11 17:00:00+00:00
2024-11-10 20:37:22,044 - Long Buy 25.00 shares at 637.01 on 2024-10-11 17:15:00+00:00
2024-11-10 20:37:22,044 - Long Buy 25.00 shares at 637.55 on 2024-10-11 17:30:00+00:00
2024-11-10 20:37:22,044 - Long Buy 24.00 shares at 636.45 on 2024-10-11 17:45:00+00:00
2024-11-10 20:37:22,044 - Long Buy 24.00 shares at 636.77 on 2024-10-11 18:00:00+00:00
2024-11-10 20:37:22,044 - Long Buy 23.00 shares at 636.22 on 2024-10-11 18:15:00+00:00
2024-11-10 20:37:22,044 - Long Buy 23.00 shares at 635.73 on 2024-10-11 18:30:00+00:00
2024-11-10 20:37:22,044 - Long Buy 22.00 shares at 635.95 on 2024-10-11 18:45:00+00:00
2024-11-10 20:37:22,044 - Sell to close 448.00 shares at 637.37 on 2024-10-11 19:00:00+00:00 (Exit: Signal, Profit: 163.60999999995693, Duration: 255.0 minutes)
2024-11-10 20:37:22,044 - Short Sell 31.00 shares at 637.2 on 2024-10-11 19:15:00+00:00
2024-11-10 20:37:22,044 - Short Sell 31.00 shares at 637.33 on 2024-10-11 19:30:00+00:00
2024-11-10 20:37:22,044 - Short Sell 31.00 shares at 637.46 on 2024-10-11 19:45:00+00:00
2024-11-10 20:37:22,044 - Short Sell 31.00 shares at 639.07 on 2024-10-14 13:30:00+00:00
2024-11-10 20:37:22,044 - Short Sell 31.00 shares at 639.55 on 2024-10-14 13:45:00+00:00
2024-11-10 20:37:22,044 - Short Sell 31.00 shares at 640.45 on 2024-10-14 14:00:00+00:00
2024-11-10 20:37:22,044 - Short Sell 31.00 shares at 640.54 on 2024-10-14 14:15:00+00:00
2024-11-10 20:37:22,044 - Short Sell 31.00 shares at 642.68 on 2024-10-14 14:30:00+00:00
2024-11-10 20:37:22,044 - Short Sell 31.00 shares at 642.36 on 2024-10-14 14:45:00+00:00
2024-11-10 20:37:22,044 - Short Sell 30.00 shares at 644.85 on 2024-10-14 15:00:00+00:00
2024-11-10 20:37:22,044 - Short Sell 30.00 shares at 644.18 on 2024-10-14 15:15:00+00:00
2024-11-10 20:37:22,045 - Short Sell 30.00 shares at 644.19 on 2024-10-14 15:30:00+00:00
2024-11-10 20:37:22,045 - Buy to cover -369.00 shares at 642.75 on 2024-10-14 15:45:00+00:00 (Exit: Signal, Profit: -722.3100000000143, Duration: 4110.0 minutes)
2024-11-10 20:37:22,045 - Long Buy 30.00 shares at 644.08 on 2024-10-14 16:00:00+00:00
2024-11-10 20:37:22,045 - Long Buy 30.00 shares at 643.67 on 2024-10-14 16:15:00+00:00
2024-11-10 20:37:22,045 - Long Buy 29.00 shares at 643.67 on 2024-10-14 16:30:00+00:00
2024-11-10 20:37:22,045 - Sell to close 89.00 shares at 645.05 on 2024-10-14 17:15:00+00:00 (Exit: Signal, Profit: 110.5199999999927, Duration: 75.0 minutes)
2024-11-10 20:37:22,045 - Short Sell 30.00 shares at 645.06 on 2024-10-14 17:30:00+00:00
2024-11-10 20:37:22,045 - Buy to cover -30.00 shares at 643.13 on 2024-10-14 17:45:00+00:00 (Exit: Signal, Profit: 57.8999999999985, Duration: 15.0 minutes)
2024-11-10 20:37:22,045 - Short Sell 30.00 shares at 645.21 on 2024-10-14 18:00:00+00:00
2024-11-10 20:37:22,045 - Short Sell 30.00 shares at 645.59 on 2024-10-14 18:15:00+00:00
2024-11-10 20:37:22,045 - Short Sell 30.00 shares at 645.6 on 2024-10-14 18:30:00+00:00
2024-11-10 20:37:22,045 - Short Sell 30.00 shares at 644.87 on 2024-10-14 19:00:00+00:00
2024-11-10 20:37:22,045 - Buy to cover -120.00 shares at 644.74 on 2024-10-14 19:15:00+00:00 (Exit: Signal, Profit: 69.29999999999836, Duration: 75.0 minutes)
2024-11-10 20:37:22,045 - Long Buy 30.00 shares at 644.59 on 2024-10-14 19:30:00+00:00
2024-11-10 20:37:22,045 - Long Buy 30.00 shares at 643.67 on 2024-10-14 19:45:00+00:00
2024-11-10 20:37:22,045 - Long Buy 29.00 shares at 644.33 on 2024-10-15 13:30:00+00:00
2024-11-10 20:37:22,045 - Long Buy 29.00 shares at 642.57 on 2024-10-15 13:45:00+00:00
2024-11-10 20:37:22,045 - Sell to close 118.00 shares at 645.68 on 2024-10-15 14:00:00+00:00 (Exit: Signal, Profit: 222.33999999999173, Duration: 1110.0 minutes)
2024-11-10 20:37:22,045 - Long Buy 31.00 shares at 642.13 on 2024-10-15 14:30:00+00:00
2024-11-10 20:37:22,045 - Long Buy 30.00 shares at 644.27 on 2024-10-15 14:45:00+00:00
2024-11-10 20:37:22,045 - Long Buy 29.00 shares at 642.64 on 2024-10-15 15:00:00+00:00
2024-11-10 20:37:22,045 - Long Buy 29.00 shares at 643.14 on 2024-10-15 15:15:00+00:00
2024-11-10 20:37:22,045 - Long Buy 28.00 shares at 642.28 on 2024-10-15 15:30:00+00:00
2024-11-10 20:37:22,045 - Long Buy 28.00 shares at 642.31 on 2024-10-15 15:45:00+00:00
2024-11-10 20:37:22,045 - Long Buy 27.00 shares at 642.47 on 2024-10-15 16:00:00+00:00
2024-11-10 20:37:22,045 - Long Buy 27.00 shares at 642.64 on 2024-10-15 16:15:00+00:00
2024-11-10 20:37:22,046 - Sell to close 229.00 shares at 643.69 on 2024-10-15 16:30:00+00:00 (Exit: Signal, Profit: 216.7700000000284, Duration: 120.0 minutes)
2024-11-10 20:37:22,046 - Short Sell 30.00 shares at 644.27 on 2024-10-15 16:45:00+00:00
2024-11-10 20:37:22,046 - Short Sell 30.00 shares at 644.35 on 2024-10-15 17:00:00+00:00
2024-11-10 20:37:22,046 - Short Sell 30.00 shares at 644.34 on 2024-10-15 17:15:00+00:00
2024-11-10 20:37:22,046 - Short Sell 30.00 shares at 644.43 on 2024-10-15 17:30:00+00:00
2024-11-10 20:37:22,046 - Short Sell 31.00 shares at 643.07 on 2024-10-15 17:45:00+00:00
2024-11-10 20:37:22,046 - Short Sell 31.00 shares at 643.66 on 2024-10-15 18:00:00+00:00
2024-11-10 20:37:22,046 - Buy to cover -182.00 shares at 642.09 on 2024-10-15 18:15:00+00:00 (Exit: Signal, Profit: 349.94999999997685, Duration: 90.0 minutes)
2024-11-10 20:37:22,046 - Long Buy 31.00 shares at 641.4 on 2024-10-15 18:30:00+00:00
2024-11-10 20:37:22,046 - Long Buy 30.00 shares at 641.5 on 2024-10-15 18:45:00+00:00
2024-11-10 20:37:22,046 - Long Buy 29.00 shares at 640.84 on 2024-10-15 19:00:00+00:00
2024-11-10 20:37:22,046 - Long Buy 29.00 shares at 640.0 on 2024-10-15 19:15:00+00:00
2024-11-10 20:37:22,046 - Long Buy 28.00 shares at 639.62 on 2024-10-15 19:30:00+00:00
2024-11-10 20:37:22,046 - Long Buy 28.00 shares at 638.03 on 2024-10-15 19:45:00+00:00
2024-11-10 20:37:22,046 - Long Buy 27.00 shares at 641.14 on 2024-10-16 13:30:00+00:00
2024-11-10 20:37:22,046 - Long Buy 27.00 shares at 640.88 on 2024-10-16 13:45:00+00:00
2024-11-10 20:37:22,046 - Sell to close 229.00 shares at 641.38 on 2024-10-16 14:00:00+00:00 (Exit: Signal, Profit: 214.51999999999418, Duration: 1170.0 minutes)
2024-11-10 20:37:22,046 - Long Buy 31.00 shares at 639.69 on 2024-10-16 14:15:00+00:00
2024-11-10 20:37:22,046 - Long Buy 30.00 shares at 639.46 on 2024-10-16 14:30:00+00:00
2024-11-10 20:37:22,046 - Long Buy 29.00 shares at 640.27 on 2024-10-16 14:45:00+00:00
2024-11-10 20:37:22,046 - Long Buy 29.00 shares at 637.94 on 2024-10-16 15:00:00+00:00
2024-11-10 20:37:22,046 - Long Buy 28.00 shares at 639.18 on 2024-10-16 15:15:00+00:00
2024-11-10 20:37:22,046 - Long Buy 28.00 shares at 638.66 on 2024-10-16 15:30:00+00:00
2024-11-10 20:37:22,046 - Long Buy 27.00 shares at 638.49 on 2024-10-16 15:45:00+00:00
2024-11-10 20:37:22,046 - Long Buy 27.00 shares at 640.51 on 2024-10-16 16:15:00+00:00
2024-11-10 20:37:22,046 - Long Buy 26.00 shares at 640.14 on 2024-10-16 16:30:00+00:00
2024-11-10 20:37:22,046 - Long Buy 26.00 shares at 639.5 on 2024-10-16 16:45:00+00:00
2024-11-10 20:37:22,046 - Long Buy 25.00 shares at 638.84 on 2024-10-16 17:00:00+00:00
2024-11-10 20:37:22,046 - Long Buy 25.00 shares at 639.26 on 2024-10-16 17:15:00+00:00
2024-11-10 20:37:22,046 - Long Buy 24.00 shares at 637.76 on 2024-10-16 17:30:00+00:00
2024-11-10 20:37:22,046 - Long Buy 24.00 shares at 638.48 on 2024-10-16 17:45:00+00:00
2024-11-10 20:37:22,047 - Long Buy 23.00 shares at 638.62 on 2024-10-16 18:30:00+00:00
2024-11-10 20:37:22,047 - Long Buy 23.00 shares at 638.12 on 2024-10-16 18:45:00+00:00
2024-11-10 20:37:22,047 - Long Buy 22.00 shares at 638.36 on 2024-10-16 19:00:00+00:00
2024-11-10 20:37:22,047 - Long Buy 22.00 shares at 637.5 on 2024-10-16 19:15:00+00:00
2024-11-10 20:37:22,047 - Long Buy 21.00 shares at 637.17 on 2024-10-16 19:30:00+00:00
2024-11-10 20:37:22,047 - Long Buy 21.00 shares at 637.48 on 2024-10-16 19:45:00+00:00
2024-11-10 20:37:22,047 - Long Buy 21.00 shares at 637.48 on 2024-10-17 13:45:00+00:00
2024-11-10 20:37:22,047 - Long Buy 20.00 shares at 635.55 on 2024-10-17 14:00:00+00:00
2024-11-10 20:37:22,047 - Long Buy 20.00 shares at 634.21 on 2024-10-17 14:15:00+00:00
2024-11-10 20:37:22,047 - Long Buy 19.00 shares at 634.99 on 2024-10-17 14:30:00+00:00
2024-11-10 20:37:22,047 - Sell to close 591.00 shares at 636.13 on 2024-10-17 14:45:00+00:00 (Exit: Signal, Profit: -1343.5500000000352, Duration: 1470.0 minutes)
2024-11-10 20:37:22,047 - Short Sell 31.00 shares at 636.12 on 2024-10-17 15:00:00+00:00
2024-11-10 20:37:22,047 - Short Sell 31.00 shares at 637.08 on 2024-10-17 15:15:00+00:00
2024-11-10 20:37:22,047 - Short Sell 31.00 shares at 636.19 on 2024-10-17 15:30:00+00:00
2024-11-10 20:37:22,047 - Short Sell 31.00 shares at 637.31 on 2024-10-17 15:45:00+00:00
2024-11-10 20:37:22,047 - Short Sell 31.00 shares at 639.56 on 2024-10-17 16:00:00+00:00
2024-11-10 20:37:22,047 - Short Sell 31.00 shares at 639.42 on 2024-10-17 16:15:00+00:00
2024-11-10 20:37:22,047 - Short Sell 31.00 shares at 640.75 on 2024-10-17 16:30:00+00:00
2024-11-10 20:37:22,047 - Short Sell 31.00 shares at 640.89 on 2024-10-17 16:45:00+00:00
2024-11-10 20:37:22,047 - Short Sell 31.00 shares at 640.87 on 2024-10-17 17:00:00+00:00
2024-11-10 20:37:22,047 - Short Sell 31.00 shares at 640.64 on 2024-10-17 17:15:00+00:00
2024-11-10 20:37:22,047 - Short Sell 31.00 shares at 640.71 on 2024-10-17 17:30:00+00:00
2024-11-10 20:37:22,047 - Short Sell 31.00 shares at 639.98 on 2024-10-17 17:45:00+00:00
2024-11-10 20:37:22,047 - Short Sell 31.00 shares at 639.09 on 2024-10-17 18:00:00+00:00
2024-11-10 20:37:22,047 - Short Sell 31.00 shares at 638.77 on 2024-10-17 18:15:00+00:00
2024-11-10 20:37:22,047 - Short Sell 31.00 shares at 639.04 on 2024-10-17 18:30:00+00:00
2024-11-10 20:37:22,047 - Short Sell 31.00 shares at 638.99 on 2024-10-17 18:45:00+00:00
2024-11-10 20:37:22,047 - Short Sell 31.00 shares at 639.77 on 2024-10-17 19:00:00+00:00
2024-11-10 20:37:22,047 - Short Sell 31.00 shares at 638.97 on 2024-10-17 19:15:00+00:00
2024-11-10 20:37:22,047 - Short Sell 31.00 shares at 639.9 on 2024-10-17 19:45:00+00:00
2024-11-10 20:37:22,047 - Short Sell 31.00 shares at 639.53 on 2024-10-18 13:30:00+00:00
2024-11-10 20:37:22,047 - Buy to cover -620.00 shares at 637.24 on 2024-10-18 13:45:00+00:00 (Exit: Signal, Profit: 1202.1800000000485, Duration: 1365.0 minutes)
2024-11-10 20:37:22,047 - Long Buy 31.00 shares at 635.59 on 2024-10-18 14:00:00+00:00
2024-11-10 20:37:22,047 - Long Buy 30.00 shares at 635.37 on 2024-10-18 14:15:00+00:00
2024-11-10 20:37:22,047 - Long Buy 30.00 shares at 636.0 on 2024-10-18 14:30:00+00:00
2024-11-10 20:37:22,048 - Long Buy 29.00 shares at 637.35 on 2024-10-18 14:45:00+00:00
2024-11-10 20:37:22,048 - Long Buy 28.00 shares at 638.15 on 2024-10-18 15:00:00+00:00
2024-11-10 20:37:22,048 - Long Buy 28.00 shares at 637.85 on 2024-10-18 15:15:00+00:00
2024-11-10 20:37:22,048 - Long Buy 27.00 shares at 638.05 on 2024-10-18 15:30:00+00:00
2024-11-10 20:37:22,048 - Long Buy 27.00 shares at 637.0 on 2024-10-18 15:45:00+00:00
2024-11-10 20:37:22,048 - Long Buy 26.00 shares at 637.64 on 2024-10-18 16:00:00+00:00
2024-11-10 20:37:22,048 - Sell to close 256.00 shares at 638.69 on 2024-10-18 16:15:00+00:00 (Exit: Signal, Profit: 444.10999999998603, Duration: 135.0 minutes)
2024-11-10 20:37:22,048 - Short Sell 31.00 shares at 638.7 on 2024-10-18 16:30:00+00:00
2024-11-10 20:37:22,048 - Short Sell 31.00 shares at 638.57 on 2024-10-18 16:45:00+00:00
2024-11-10 20:37:22,048 - Short Sell 31.00 shares at 638.74 on 2024-10-18 17:00:00+00:00
2024-11-10 20:37:22,048 - Buy to cover -93.00 shares at 637.76 on 2024-10-18 17:15:00+00:00 (Exit: Signal, Profit: 84.62999999999704, Duration: 45.0 minutes)
2024-11-10 20:37:22,048 - Long Buy 31.00 shares at 636.92 on 2024-10-18 17:45:00+00:00
2024-11-10 20:37:22,048 - Long Buy 30.00 shares at 637.45 on 2024-10-18 18:00:00+00:00
2024-11-10 20:37:22,048 - Long Buy 30.00 shares at 636.96 on 2024-10-18 18:15:00+00:00
2024-11-10 20:37:22,048 - Long Buy 29.00 shares at 637.28 on 2024-10-18 18:30:00+00:00
2024-11-10 20:37:22,048 - Long Buy 28.00 shares at 636.64 on 2024-10-18 18:45:00+00:00
2024-11-10 20:37:22,048 - Long Buy 28.00 shares at 636.75 on 2024-10-18 19:00:00+00:00
2024-11-10 20:37:22,048 - Long Buy 27.00 shares at 637.55 on 2024-10-18 19:15:00+00:00
2024-11-10 20:37:22,048 - Sell to close 203.00 shares at 638.7 on 2024-10-18 19:30:00+00:00 (Exit: Signal, Profit: 329.3900000000185, Duration: 105.0 minutes)
2024-11-10 20:37:22,048 - Short Sell 31.00 shares at 640.35 on 2024-10-18 19:45:00+00:00
2024-11-10 20:37:22,048 - Short Sell 31.00 shares at 640.93 on 2024-10-21 13:30:00+00:00
2024-11-10 20:37:22,048 - Short Sell 31.00 shares at 640.41 on 2024-10-21 13:45:00+00:00
2024-11-10 20:37:22,048 - Short Sell 31.00 shares at 640.35 on 2024-10-21 14:00:00+00:00
2024-11-10 20:37:22,048 - Short Sell 31.00 shares at 639.16 on 2024-10-21 14:15:00+00:00
2024-11-10 20:37:22,048 - Short Sell 31.00 shares at 639.79 on 2024-10-21 14:30:00+00:00
2024-11-10 20:37:22,048 - Short Sell 31.00 shares at 639.5 on 2024-10-21 14:45:00+00:00
2024-11-10 20:37:22,048 - Short Sell 31.00 shares at 638.38 on 2024-10-21 15:00:00+00:00
2024-11-10 20:37:22,048 - Short Sell 31.00 shares at 638.66 on 2024-10-21 15:15:00+00:00
2024-11-10 20:37:22,048 - Short Sell 31.00 shares at 639.36 on 2024-10-21 15:30:00+00:00
2024-11-10 20:37:22,048 - Short Sell 31.00 shares at 641.12 on 2024-10-21 15:45:00+00:00
2024-11-10 20:37:22,048 - Short Sell 31.00 shares at 639.23 on 2024-10-21 16:00:00+00:00
2024-11-10 20:37:22,048 - Short Sell 31.00 shares at 639.21 on 2024-10-21 16:15:00+00:00
2024-11-10 20:37:22,048 - Short Sell 31.00 shares at 639.21 on 2024-10-21 16:30:00+00:00
2024-11-10 20:37:22,048 - Short Sell 31.00 shares at 640.08 on 2024-10-21 16:45:00+00:00
2024-11-10 20:37:22,048 - Short Sell 31.00 shares at 640.21 on 2024-10-21 17:00:00+00:00
2024-11-10 20:37:22,049 - Short Sell 31.00 shares at 639.84 on 2024-10-21 17:15:00+00:00
2024-11-10 20:37:22,049 - Short Sell 31.00 shares at 640.42 on 2024-10-21 17:30:00+00:00
2024-11-10 20:37:22,049 - Short Sell 31.00 shares at 640.16 on 2024-10-21 17:45:00+00:00
2024-11-10 20:37:22,049 - Buy to cover -589.00 shares at 639.05 on 2024-10-21 18:00:00+00:00 (Exit: Signal, Profit: 447.02000000003045, Duration: 4215.0 minutes)
2024-11-10 20:37:22,049 - Long Buy 31.00 shares at 638.35 on 2024-10-21 18:15:00+00:00
2024-11-10 20:37:22,049 - Long Buy 30.00 shares at 637.95 on 2024-10-21 18:30:00+00:00
2024-11-10 20:37:22,049 - Long Buy 30.00 shares at 638.04 on 2024-10-21 18:45:00+00:00
2024-11-10 20:37:22,049 - Long Buy 29.00 shares at 638.22 on 2024-10-21 19:15:00+00:00
2024-11-10 20:37:22,049 - Long Buy 28.00 shares at 638.06 on 2024-10-21 19:30:00+00:00
2024-11-10 20:37:22,049 - Long Buy 28.00 shares at 631.5 on 2024-10-22 13:30:00+00:00
2024-11-10 20:37:22,049 - Long Buy 28.00 shares at 631.28 on 2024-10-22 13:45:00+00:00
2024-11-10 20:37:22,049 - Sell to close 204.00 shares at 631.68 on 2024-10-22 14:00:00+00:00 (Exit: Signal, Profit: -937.7300000000168, Duration: 1185.0 minutes)
2024-11-10 20:37:22,049 - Long Buy 31.00 shares at 629.05 on 2024-10-22 14:30:00+00:00
2024-11-10 20:37:22,049 - Sell to close 31.00 shares at 634.23 on 2024-10-22 14:45:00+00:00 (Exit: Signal, Profit: 160.58000000000197, Duration: 15.0 minutes)
2024-11-10 20:37:22,049 - Short Sell 31.00 shares at 635.1 on 2024-10-22 15:00:00+00:00
2024-11-10 20:37:22,049 - Short Sell 31.00 shares at 634.43 on 2024-10-22 15:15:00+00:00
2024-11-10 20:37:22,049 - Short Sell 31.00 shares at 634.51 on 2024-10-22 15:30:00+00:00
2024-11-10 20:37:22,049 - Short Sell 31.00 shares at 634.05 on 2024-10-22 15:45:00+00:00
2024-11-10 20:37:22,049 - Short Sell 31.00 shares at 632.39 on 2024-10-22 16:00:00+00:00
2024-11-10 20:37:22,049 - Short Sell 31.00 shares at 632.94 on 2024-10-22 16:15:00+00:00
2024-11-10 20:37:22,049 - Short Sell 31.00 shares at 632.7 on 2024-10-22 16:30:00+00:00
2024-11-10 20:37:22,049 - Short Sell 31.00 shares at 631.78 on 2024-10-22 16:45:00+00:00
2024-11-10 20:37:22,049 - Buy to cover -248.00 shares at 630.84 on 2024-10-22 17:15:00+00:00 (Exit: Signal, Profit: 656.5799999999808, Duration: 135.0 minutes)
2024-11-10 20:37:22,049 - Long Buy 31.00 shares at 631.29 on 2024-10-22 17:45:00+00:00
2024-11-10 20:37:22,049 - Sell to close 31.00 shares at 632.87 on 2024-10-22 18:00:00+00:00 (Exit: Signal, Profit: 48.98000000000127, Duration: 15.0 minutes)
2024-11-10 20:37:22,049 - Short Sell 31.00 shares at 632.29 on 2024-10-22 18:15:00+00:00
2024-11-10 20:37:22,049 - Buy to cover -31.00 shares at 629.93 on 2024-10-22 18:30:00+00:00 (Exit: Signal, Profit: 73.16000000000042, Duration: 15.0 minutes)
2024-11-10 20:37:22,050 - Long Buy 31.00 shares at 630.2 on 2024-10-22 18:45:00+00:00
2024-11-10 20:37:22,050 - Long Buy 31.00 shares at 630.31 on 2024-10-22 19:00:00+00:00
2024-11-10 20:37:22,050 - Sell to close 62.00 shares at 632.16 on 2024-10-22 19:30:00+00:00 (Exit: Signal, Profit: 118.10999999999831, Duration: 45.0 minutes)
2024-11-10 20:37:22,050 - Long Buy 31.00 shares at 629.51 on 2024-10-22 19:45:00+00:00
2024-11-10 20:37:22,050 - Long Buy 31.00 shares at 627.33 on 2024-10-23 13:30:00+00:00
2024-11-10 20:37:22,050 - Long Buy 30.00 shares at 630.08 on 2024-10-23 13:45:00+00:00
2024-11-10 20:37:22,050 - Long Buy 29.00 shares at 629.16 on 2024-10-23 14:00:00+00:00
2024-11-10 20:37:22,050 - Long Buy 29.00 shares at 630.22 on 2024-10-23 14:15:00+00:00
2024-11-10 20:37:22,050 - Long Buy 28.00 shares at 628.74 on 2024-10-23 14:30:00+00:00
2024-11-10 20:37:22,050 - Long Buy 28.00 shares at 627.84 on 2024-10-23 14:45:00+00:00
2024-11-10 20:37:22,050 - Long Buy 27.00 shares at 626.39 on 2024-10-23 15:00:00+00:00
2024-11-10 20:37:22,050 - Long Buy 27.00 shares at 626.0 on 2024-10-23 15:15:00+00:00
2024-11-10 20:37:22,050 - Long Buy 26.00 shares at 626.91 on 2024-10-23 15:30:00+00:00
2024-11-10 20:37:22,050 - Sell to close 286.00 shares at 628.49 on 2024-10-23 15:45:00+00:00 (Exit: Signal, Profit: 63.25000000002251, Duration: 1200.0 minutes)
2024-11-10 20:37:22,050 - Short Sell 31.00 shares at 629.24 on 2024-10-23 16:00:00+00:00
2024-11-10 20:37:22,050 - Short Sell 31.00 shares at 628.21 on 2024-10-23 16:15:00+00:00
2024-11-10 20:37:22,050 - Short Sell 31.00 shares at 629.07 on 2024-10-23 16:45:00+00:00
2024-11-10 20:37:22,050 - Buy to cover -93.00 shares at 626.87 on 2024-10-23 17:45:00+00:00 (Exit: Signal, Profit: 183.20999999999196, Duration: 105.0 minutes)
2024-11-10 20:37:22,050 - Long Buy 32.00 shares at 624.92 on 2024-10-23 18:00:00+00:00
2024-11-10 20:37:22,050 - Long Buy 31.00 shares at 626.08 on 2024-10-23 18:15:00+00:00
2024-11-10 20:37:22,050 - Long Buy 30.00 shares at 626.92 on 2024-10-23 18:30:00+00:00
2024-11-10 20:37:22,050 - Sell to close 93.00 shares at 628.08 on 2024-10-23 18:45:00+00:00 (Exit: Signal, Profit: 197.9200000000103, Duration: 45.0 minutes)
2024-11-10 20:37:22,050 - Short Sell 31.00 shares at 629.03 on 2024-10-23 19:00:00+00:00
2024-11-10 20:37:22,050 - Short Sell 31.00 shares at 629.95 on 2024-10-23 19:15:00+00:00
2024-11-10 20:37:22,050 - Short Sell 31.00 shares at 629.99 on 2024-10-23 19:30:00+00:00
2024-11-10 20:37:22,050 - Short Sell 31.00 shares at 629.97 on 2024-10-23 19:45:00+00:00
2024-11-10 20:37:22,050 - Buy to cover -124.00 shares at 624.0 on 2024-10-24 13:30:00+00:00 (Exit: Signal, Profit: 711.1400000000158, Duration: 1110.0 minutes)
2024-11-10 20:37:22,051 - Short Sell 31.00 shares at 627.94 on 2024-10-24 13:45:00+00:00
2024-11-10 20:37:22,051 - Buy to cover -31.00 shares at 626.41 on 2024-10-24 14:00:00+00:00 (Exit: Signal, Profit: 47.43000000000268, Duration: 15.0 minutes)
2024-11-10 20:37:22,051 - Long Buy 32.00 shares at 625.1 on 2024-10-24 14:15:00+00:00
2024-11-10 20:37:22,051 - Long Buy 31.00 shares at 626.07 on 2024-10-24 14:30:00+00:00
2024-11-10 20:37:22,051 - Long Buy 30.00 shares at 624.71 on 2024-10-24 14:45:00+00:00
2024-11-10 20:37:22,051 - Long Buy 30.00 shares at 625.39 on 2024-10-24 15:00:00+00:00
2024-11-10 20:37:22,051 - Long Buy 29.00 shares at 625.27 on 2024-10-24 15:15:00+00:00
2024-11-10 20:37:22,051 - Long Buy 28.00 shares at 625.0 on 2024-10-24 15:30:00+00:00
2024-11-10 20:37:22,051 - Long Buy 28.00 shares at 626.07 on 2024-10-24 15:45:00+00:00
2024-11-10 20:37:22,051 - Long Buy 27.00 shares at 623.68 on 2024-10-24 16:00:00+00:00
2024-11-10 20:37:22,051 - Long Buy 27.00 shares at 624.92 on 2024-10-24 16:15:00+00:00
2024-11-10 20:37:22,051 - Sell to close 262.00 shares at 626.39 on 2024-10-24 16:45:00+00:00 (Exit: Signal, Profit: 324.81999999996765, Duration: 150.0 minutes)
2024-11-10 20:37:22,051 - Long Buy 32.00 shares at 625.59 on 2024-10-24 17:00:00+00:00
2024-11-10 20:37:22,051 - Sell to close 32.00 shares at 626.42 on 2024-10-24 17:15:00+00:00 (Exit: Signal, Profit: 26.55999999999767, Duration: 15.0 minutes)
2024-11-10 20:37:22,051 - Short Sell 31.00 shares at 626.83 on 2024-10-24 17:30:00+00:00
2024-11-10 20:37:22,051 - Buy to cover -31.00 shares at 623.97 on 2024-10-24 17:45:00+00:00 (Exit: Signal, Profit: 88.66000000000042, Duration: 15.0 minutes)
2024-11-10 20:37:22,051 - Long Buy 32.00 shares at 624.94 on 2024-10-24 18:00:00+00:00
2024-11-10 20:37:22,051 - Long Buy 31.00 shares at 624.41 on 2024-10-24 18:15:00+00:00
2024-11-10 20:37:22,051 - Long Buy 30.00 shares at 623.42 on 2024-10-24 18:30:00+00:00
2024-11-10 20:37:22,051 - Long Buy 30.00 shares at 623.96 on 2024-10-24 18:45:00+00:00
2024-11-10 20:37:22,051 - Long Buy 29.00 shares at 623.99 on 2024-10-24 19:00:00+00:00
2024-11-10 20:37:22,051 - Long Buy 29.00 shares at 624.21 on 2024-10-24 19:15:00+00:00
2024-11-10 20:37:22,051 - Long Buy 28.00 shares at 624.6 on 2024-10-24 19:30:00+00:00
2024-11-10 20:37:22,051 - Long Buy 27.00 shares at 624.11 on 2024-10-24 19:45:00+00:00
2024-11-10 20:37:22,051 - Sell to close 236.00 shares at 626.0 on 2024-10-25 13:30:00+00:00 (Exit: Signal, Profit: 422.2399999999784, Duration: 1170.0 minutes)
2024-11-10 20:37:22,051 - Short Sell 31.00 shares at 626.35 on 2024-10-25 14:00:00+00:00
2024-11-10 20:37:22,051 - Short Sell 32.00 shares at 625.52 on 2024-10-25 14:15:00+00:00
2024-11-10 20:37:22,051 - Buy to cover -63.00 shares at 623.82 on 2024-10-25 14:30:00+00:00 (Exit: Signal, Profit: 132.83000000000231, Duration: 30.0 minutes)
2024-11-10 20:37:22,052 - Long Buy 32.00 shares at 622.8 on 2024-10-25 14:45:00+00:00
2024-11-10 20:37:22,052 - Long Buy 31.00 shares at 621.65 on 2024-10-25 15:00:00+00:00
2024-11-10 20:37:22,052 - Long Buy 31.00 shares at 620.33 on 2024-10-25 15:15:00+00:00
2024-11-10 20:37:22,052 - Long Buy 30.00 shares at 619.99 on 2024-10-25 15:30:00+00:00
2024-11-10 20:37:22,052 - Long Buy 29.00 shares at 621.16 on 2024-10-25 15:45:00+00:00
2024-11-10 20:37:22,052 - Long Buy 29.00 shares at 620.57 on 2024-10-25 16:00:00+00:00
2024-11-10 20:37:22,052 - Long Buy 28.00 shares at 621.32 on 2024-10-25 16:15:00+00:00
2024-11-10 20:37:22,052 - Long Buy 28.00 shares at 621.14 on 2024-10-25 16:30:00+00:00
2024-11-10 20:37:22,052 - Long Buy 27.00 shares at 621.52 on 2024-10-25 16:45:00+00:00
2024-11-10 20:37:22,052 - Long Buy 26.00 shares at 620.41 on 2024-10-25 17:00:00+00:00
2024-11-10 20:37:22,052 - Long Buy 26.00 shares at 619.27 on 2024-10-25 17:15:00+00:00
2024-11-10 20:37:22,052 - Long Buy 26.00 shares at 617.15 on 2024-10-25 17:30:00+00:00
2024-11-10 20:37:22,052 - Long Buy 25.00 shares at 618.73 on 2024-10-25 17:45:00+00:00
2024-11-10 20:37:22,052 - Long Buy 25.00 shares at 617.73 on 2024-10-25 18:00:00+00:00
2024-11-10 20:37:22,052 - Long Buy 24.00 shares at 620.51 on 2024-10-25 18:15:00+00:00
2024-11-10 20:37:22,052 - Long Buy 23.00 shares at 621.0 on 2024-10-25 18:30:00+00:00
2024-11-10 20:37:22,052 - Long Buy 23.00 shares at 620.99 on 2024-10-25 18:45:00+00:00
2024-11-10 20:37:22,052 - Long Buy 23.00 shares at 620.33 on 2024-10-25 19:00:00+00:00
2024-11-10 20:37:22,052 - Long Buy 22.00 shares at 621.06 on 2024-10-25 19:30:00+00:00
2024-11-10 20:37:22,052 - Sell to close 508.00 shares at 623.71 on 2024-10-28 13:30:00+00:00 (Exit: Signal, Profit: 1655.9099999999703, Duration: 4245.0 minutes)
2024-11-10 20:37:22,052 - Short Sell 32.00 shares at 626.41 on 2024-10-28 13:45:00+00:00
2024-11-10 20:37:22,052 - Short Sell 32.00 shares at 625.06 on 2024-10-28 14:00:00+00:00
2024-11-10 20:37:22,052 - Short Sell 32.00 shares at 626.63 on 2024-10-28 14:15:00+00:00
2024-11-10 20:37:22,052 - Buy to cover -96.00 shares at 623.82 on 2024-10-28 14:30:00+00:00 (Exit: Signal, Profit: 212.4799999999923, Duration: 45.0 minutes)
2024-11-10 20:37:22,052 - Short Sell 32.00 shares at 625.33 on 2024-10-28 14:45:00+00:00
2024-11-10 20:37:22,052 - Short Sell 32.00 shares at 626.03 on 2024-10-28 15:00:00+00:00
2024-11-10 20:37:22,052 - Short Sell 32.00 shares at 625.69 on 2024-10-28 15:15:00+00:00
2024-11-10 20:37:22,052 - Buy to cover -96.00 shares at 624.63 on 2024-10-28 15:30:00+00:00 (Exit: Signal, Profit: 101.12000000000626, Duration: 45.0 minutes)
2024-11-10 20:37:22,052 - Short Sell 32.00 shares at 625.68 on 2024-10-28 15:45:00+00:00
2024-11-10 20:37:22,052 - Short Sell 32.00 shares at 625.64 on 2024-10-28 16:00:00+00:00
2024-11-10 20:37:22,052 - Short Sell 32.00 shares at 626.1 on 2024-10-28 16:15:00+00:00
2024-11-10 20:37:22,053 - Buy to cover -96.00 shares at 624.3 on 2024-10-28 17:00:00+00:00 (Exit: Signal, Profit: 144.64000000001033, Duration: 75.0 minutes)
2024-11-10 20:37:22,053 - Short Sell 32.00 shares at 625.61 on 2024-10-28 17:45:00+00:00
2024-11-10 20:37:22,053 - Short Sell 32.00 shares at 625.81 on 2024-10-28 18:00:00+00:00
2024-11-10 20:37:22,053 - Short Sell 32.00 shares at 626.75 on 2024-10-28 18:15:00+00:00
2024-11-10 20:37:22,053 - Short Sell 32.00 shares at 626.33 on 2024-10-28 18:30:00+00:00
2024-11-10 20:37:22,053 - Short Sell 32.00 shares at 626.6 on 2024-10-28 18:45:00+00:00
2024-11-10 20:37:22,053 - Short Sell 32.00 shares at 627.05 on 2024-10-28 19:15:00+00:00
2024-11-10 20:37:22,053 - Short Sell 32.00 shares at 626.93 on 2024-10-28 19:30:00+00:00
2024-11-10 20:37:22,053 - Buy to cover -224.00 shares at 623.87 on 2024-10-28 19:45:00+00:00 (Exit: Signal, Profit: 575.6800000000367, Duration: 120.0 minutes)
2024-11-10 20:37:22,053 - Long Buy 32.00 shares at 615.97 on 2024-10-29 13:30:00+00:00
2024-11-10 20:37:22,053 - Long Buy 31.00 shares at 616.84 on 2024-10-29 13:45:00+00:00
2024-11-10 20:37:22,053 - Long Buy 31.00 shares at 619.85 on 2024-10-29 14:00:00+00:00
2024-11-10 20:37:22,053 - Long Buy 30.00 shares at 620.01 on 2024-10-29 14:15:00+00:00
2024-11-10 20:37:22,053 - Long Buy 29.00 shares at 622.72 on 2024-10-29 14:30:00+00:00
2024-11-10 20:37:22,053 - Long Buy 29.00 shares at 623.13 on 2024-10-29 14:45:00+00:00
2024-11-10 20:37:22,053 - Long Buy 28.00 shares at 621.93 on 2024-10-29 15:00:00+00:00
2024-11-10 20:37:22,053 - Sell to close 210.00 shares at 621.96 on 2024-10-29 15:15:00+00:00 (Exit: Signal, Profit: 419.17999999999665, Duration: 105.0 minutes)
2024-11-10 20:37:22,053 - Short Sell 32.00 shares at 622.48 on 2024-10-29 15:30:00+00:00
2024-11-10 20:37:22,053 - Short Sell 32.00 shares at 622.7 on 2024-10-29 15:45:00+00:00
2024-11-10 20:37:22,053 - Buy to cover -64.00 shares at 621.06 on 2024-10-29 16:15:00+00:00 (Exit: Signal, Profit: 97.92000000000553, Duration: 45.0 minutes)
2024-11-10 20:37:22,053 - Long Buy 32.00 shares at 621.11 on 2024-10-29 16:30:00+00:00
2024-11-10 20:37:22,053 - Sell to close 32.00 shares at 622.45 on 2024-10-29 17:00:00+00:00 (Exit: Signal, Profit: 42.88000000000102, Duration: 30.0 minutes)
2024-11-10 20:37:22,053 - Long Buy 32.00 shares at 621.24 on 2024-10-29 17:15:00+00:00
2024-11-10 20:37:22,053 - Sell to close 32.00 shares at 622.61 on 2024-10-29 17:45:00+00:00 (Exit: Signal, Profit: 43.840000000000146, Duration: 30.0 minutes)
2024-11-10 20:37:22,054 - Short Sell 32.00 shares at 623.07 on 2024-10-29 18:00:00+00:00
2024-11-10 20:37:22,054 - Short Sell 32.00 shares at 623.45 on 2024-10-29 18:15:00+00:00
2024-11-10 20:37:22,054 - Short Sell 32.00 shares at 624.92 on 2024-10-29 18:30:00+00:00
2024-11-10 20:37:22,054 - Short Sell 32.00 shares at 625.53 on 2024-10-29 18:45:00+00:00
2024-11-10 20:37:22,054 - Buy to cover -128.00 shares at 625.39 on 2024-10-29 19:00:00+00:00 (Exit: Signal, Profit: -146.8799999999901, Duration: 60.0 minutes)
2024-11-10 20:37:22,054 - Short Sell 32.00 shares at 626.06 on 2024-10-29 19:15:00+00:00
2024-11-10 20:37:22,054 - Buy to cover -32.00 shares at 625.14 on 2024-10-29 19:45:00+00:00 (Exit: Signal, Profit: 29.43999999999869, Duration: 30.0 minutes)
2024-11-10 20:37:22,054 - Long Buy 32.00 shares at 623.32 on 2024-10-30 13:30:00+00:00
2024-11-10 20:37:22,054 - Sell to close 32.00 shares at 626.77 on 2024-10-30 13:45:00+00:00 (Exit: Signal, Profit: 110.39999999999782, Duration: 15.0 minutes)
2024-11-10 20:37:22,054 - Short Sell 32.00 shares at 627.25 on 2024-10-30 14:00:00+00:00
2024-11-10 20:37:22,054 - Buy to cover -32.00 shares at 625.08 on 2024-10-30 14:30:00+00:00 (Exit: Signal, Profit: 69.43999999999869, Duration: 30.0 minutes)
2024-11-10 20:37:22,054 - Long Buy 32.00 shares at 624.92 on 2024-10-30 14:45:00+00:00
2024-11-10 20:37:22,054 - Long Buy 31.00 shares at 623.9 on 2024-10-30 15:00:00+00:00
2024-11-10 20:37:22,054 - Long Buy 30.00 shares at 624.23 on 2024-10-30 15:15:00+00:00
2024-11-10 20:37:22,054 - Sell to close 93.00 shares at 626.04 on 2024-10-30 15:30:00+00:00 (Exit: Signal, Profit: 156.47999999999513, Duration: 45.0 minutes)
2024-11-10 20:37:22,054 - Short Sell 32.00 shares at 627.06 on 2024-10-30 15:45:00+00:00
2024-11-10 20:37:22,054 - Short Sell 32.00 shares at 626.68 on 2024-10-30 16:00:00+00:00
2024-11-10 20:37:22,054 - Buy to cover -64.00 shares at 625.95 on 2024-10-30 16:15:00+00:00 (Exit: Signal, Profit: 58.879999999990105, Duration: 30.0 minutes)
2024-11-10 20:37:22,054 - Long Buy 32.00 shares at 626.18 on 2024-10-30 16:30:00+00:00
2024-11-10 20:37:22,054 - Long Buy 31.00 shares at 625.99 on 2024-10-30 16:45:00+00:00
2024-11-10 20:37:22,054 - Long Buy 30.00 shares at 625.84 on 2024-10-30 17:15:00+00:00
2024-11-10 20:37:22,054 - Long Buy 30.00 shares at 625.95 on 2024-10-30 17:30:00+00:00
2024-11-10 20:37:22,054 - Long Buy 29.00 shares at 625.99 on 2024-10-30 17:45:00+00:00
2024-11-10 20:37:22,054 - Long Buy 29.00 shares at 625.73 on 2024-10-30 18:30:00+00:00
2024-11-10 20:37:22,054 - Long Buy 28.00 shares at 625.68 on 2024-10-30 18:45:00+00:00
2024-11-10 20:37:22,054 - Long Buy 27.00 shares at 625.52 on 2024-10-30 19:00:00+00:00
2024-11-10 20:37:22,055 - Long Buy 27.00 shares at 626.0 on 2024-10-30 19:15:00+00:00
2024-11-10 20:37:22,055 - Long Buy 26.00 shares at 625.66 on 2024-10-30 19:30:00+00:00
2024-11-10 20:37:22,055 - Long Buy 26.00 shares at 624.95 on 2024-10-30 19:45:00+00:00
2024-11-10 20:37:22,055 - Long Buy 25.00 shares at 621.94 on 2024-10-31 13:30:00+00:00
2024-11-10 20:37:22,055 - Long Buy 25.00 shares at 621.55 on 2024-10-31 13:45:00+00:00
2024-11-10 20:37:22,055 - Long Buy 25.00 shares at 618.79 on 2024-10-31 14:00:00+00:00
2024-11-10 20:37:22,055 - Long Buy 24.00 shares at 620.92 on 2024-10-31 14:15:00+00:00
2024-11-10 20:37:22,055 - Long Buy 23.00 shares at 623.97 on 2024-10-31 14:30:00+00:00
2024-11-10 20:37:22,055 - Long Buy 23.00 shares at 624.06 on 2024-10-31 14:45:00+00:00
2024-11-10 20:37:22,055 - Sell to close 460.00 shares at 625.55 on 2024-10-31 15:15:00+00:00 (Exit: Signal, Profit: 466.259999999977, Duration: 1365.0 minutes)
2024-11-10 20:37:22,055 - Short Sell 31.00 shares at 629.38 on 2024-10-31 15:30:00+00:00
2024-11-10 20:37:22,055 - Short Sell 31.00 shares at 629.01 on 2024-10-31 15:45:00+00:00
2024-11-10 20:37:22,055 - Short Sell 32.00 shares at 627.57 on 2024-10-31 16:00:00+00:00
2024-11-10 20:37:22,055 - Short Sell 31.00 shares at 630.43 on 2024-10-31 16:15:00+00:00
2024-11-10 20:37:22,055 - Short Sell 31.00 shares at 631.25 on 2024-10-31 16:30:00+00:00
2024-11-10 20:37:22,055 - Short Sell 31.00 shares at 630.67 on 2024-10-31 16:45:00+00:00
2024-11-10 20:37:22,055 - Short Sell 31.00 shares at 630.41 on 2024-10-31 17:00:00+00:00
2024-11-10 20:37:22,055 - Short Sell 31.00 shares at 631.94 on 2024-10-31 17:15:00+00:00
2024-11-10 20:37:22,055 - Short Sell 31.00 shares at 632.51 on 2024-10-31 17:30:00+00:00
2024-11-10 20:37:22,055 - Short Sell 31.00 shares at 632.35 on 2024-10-31 17:45:00+00:00
2024-11-10 20:37:22,055 - Short Sell 31.00 shares at 631.68 on 2024-10-31 18:00:00+00:00
2024-11-10 20:37:22,055 - Short Sell 31.00 shares at 631.14 on 2024-10-31 18:15:00+00:00
2024-11-10 20:37:22,055 - Short Sell 31.00 shares at 631.72 on 2024-10-31 18:30:00+00:00
2024-11-10 20:37:22,055 - Short Sell 31.00 shares at 633.55 on 2024-10-31 18:45:00+00:00
2024-11-10 20:37:22,055 - Short Sell 31.00 shares at 632.97 on 2024-10-31 19:00:00+00:00
2024-11-10 20:37:22,055 - Short Sell 31.00 shares at 633.3 on 2024-10-31 19:15:00+00:00
2024-11-10 20:37:22,055 - Short Sell 31.00 shares at 633.5 on 2024-10-31 19:30:00+00:00
2024-11-10 20:37:22,055 - Short Sell 31.00 shares at 634.03 on 2024-10-31 19:45:00+00:00
2024-11-10 20:37:22,055 - Short Sell 31.00 shares at 635.19 on 2024-11-01 13:30:00+00:00
2024-11-10 20:37:22,055 - Short Sell 31.00 shares at 636.32 on 2024-11-01 13:45:00+00:00
2024-11-10 20:37:22,055 - Short Sell 31.00 shares at 639.73 on 2024-11-01 14:00:00+00:00
2024-11-10 20:37:22,055 - Buy to cover -652.00 shares at 640.52 on 2024-11-01 14:15:00+00:00 (Exit: Stop_loss, Profit: -5353.32000000008, Duration: 1365.0 minutes)
2024-11-10 20:37:22,055 - Long Buy 31.00 shares at 638.27 on 2024-11-01 14:30:00+00:00
2024-11-10 20:37:22,055 - Long Buy 30.00 shares at 637.4 on 2024-11-01 14:45:00+00:00
2024-11-10 20:37:22,056 - Long Buy 30.00 shares at 638.74 on 2024-11-01 15:00:00+00:00
2024-11-10 20:37:22,056 - Long Buy 29.00 shares at 638.94 on 2024-11-01 15:15:00+00:00
2024-11-10 20:37:22,056 - Long Buy 28.00 shares at 637.99 on 2024-11-01 15:30:00+00:00
2024-11-10 20:37:22,056 - Long Buy 28.00 shares at 636.57 on 2024-11-01 15:45:00+00:00
2024-11-10 20:37:22,056 - Long Buy 27.00 shares at 637.48 on 2024-11-01 16:00:00+00:00
2024-11-10 20:37:22,056 - Long Buy 27.00 shares at 635.09 on 2024-11-01 16:15:00+00:00
2024-11-10 20:37:22,056 - Long Buy 26.00 shares at 636.31 on 2024-11-01 16:30:00+00:00
2024-11-10 20:37:22,056 - Long Buy 26.00 shares at 634.36 on 2024-11-01 16:45:00+00:00
2024-11-10 20:37:22,056 - Long Buy 25.00 shares at 637.6 on 2024-11-01 17:00:00+00:00
2024-11-10 20:37:22,056 - Long Buy 25.00 shares at 635.65 on 2024-11-01 17:15:00+00:00
2024-11-10 20:37:22,056 - Long Buy 24.00 shares at 634.21 on 2024-11-01 17:30:00+00:00
2024-11-10 20:37:22,056 - Long Buy 24.00 shares at 634.8 on 2024-11-01 17:45:00+00:00
2024-11-10 20:37:22,056 - Long Buy 23.00 shares at 635.19 on 2024-11-01 18:00:00+00:00
2024-11-10 20:37:22,056 - Long Buy 23.00 shares at 634.54 on 2024-11-01 18:15:00+00:00
2024-11-10 20:37:22,056 - Long Buy 22.00 shares at 634.56 on 2024-11-01 18:30:00+00:00
2024-11-10 20:37:22,056 - Long Buy 22.00 shares at 634.06 on 2024-11-01 19:15:00+00:00
2024-11-10 20:37:22,056 - Long Buy 22.00 shares at 634.1 on 2024-11-01 19:30:00+00:00
2024-11-10 20:37:22,056 - Sell to close 492.00 shares at 639.43 on 2024-11-04 14:30:00+00:00 (Exit: Signal, Profit: 1564.1199999999758, Duration: 4320.0 minutes)
2024-11-10 20:37:22,056 - Short Sell 31.00 shares at 640.36 on 2024-11-04 14:45:00+00:00
2024-11-10 20:37:22,056 - Short Sell 31.00 shares at 640.04 on 2024-11-04 15:00:00+00:00
2024-11-10 20:37:22,056 - Short Sell 31.00 shares at 640.97 on 2024-11-04 15:15:00+00:00
2024-11-10 20:37:22,056 - Short Sell 31.00 shares at 639.72 on 2024-11-04 15:30:00+00:00
2024-11-10 20:37:22,056 - Short Sell 31.00 shares at 639.78 on 2024-11-04 15:45:00+00:00
2024-11-10 20:37:22,056 - Short Sell 31.00 shares at 639.34 on 2024-11-04 16:00:00+00:00
2024-11-10 20:37:22,056 - Short Sell 31.00 shares at 638.4 on 2024-11-04 16:15:00+00:00
2024-11-10 20:37:22,056 - Buy to cover -217.00 shares at 636.12 on 2024-11-04 16:30:00+00:00 (Exit: Signal, Profit: 798.8699999999994, Duration: 105.0 minutes)
2024-11-10 20:37:22,056 - Long Buy 31.00 shares at 635.78 on 2024-11-04 16:45:00+00:00
2024-11-10 20:37:22,056 - Long Buy 30.00 shares at 636.02 on 2024-11-04 17:00:00+00:00
2024-11-10 20:37:22,056 - Long Buy 30.00 shares at 637.56 on 2024-11-04 17:15:00+00:00
2024-11-10 20:37:22,056 - Long Buy 29.00 shares at 637.71 on 2024-11-04 17:45:00+00:00
2024-11-10 20:37:22,056 - Long Buy 29.00 shares at 637.13 on 2024-11-04 18:00:00+00:00
2024-11-10 20:37:22,056 - Long Buy 28.00 shares at 637.41 on 2024-11-04 18:15:00+00:00
2024-11-10 20:37:22,056 - Long Buy 27.00 shares at 638.03 on 2024-11-04 18:30:00+00:00
2024-11-10 20:37:22,056 - Long Buy 27.00 shares at 637.4 on 2024-11-04 18:45:00+00:00
2024-11-10 20:37:22,057 - Long Buy 26.00 shares at 637.96 on 2024-11-04 19:00:00+00:00
2024-11-10 20:37:22,057 - Long Buy 26.00 shares at 637.42 on 2024-11-04 19:15:00+00:00
2024-11-10 20:37:22,057 - Long Buy 25.00 shares at 637.56 on 2024-11-04 19:30:00+00:00
2024-11-10 20:37:22,057 - Long Buy 25.00 shares at 637.77 on 2024-11-04 20:00:00+00:00
2024-11-10 20:37:22,057 - Sell to close 333.00 shares at 638.45 on 2024-11-04 20:15:00+00:00 (Exit: Signal, Profit: 389.69000000003064, Duration: 210.0 minutes)
2024-11-10 20:37:22,057 - Short Sell 31.00 shares at 638.19 on 2024-11-04 20:30:00+00:00
2024-11-10 20:37:22,057 - Short Sell 31.00 shares at 638.34 on 2024-11-04 20:45:00+00:00
2024-11-10 20:37:22,057 - Short Sell 31.00 shares at 640.01 on 2024-11-05 14:30:00+00:00
2024-11-10 20:37:22,057 - Short Sell 31.00 shares at 644.45 on 2024-11-05 14:45:00+00:00
2024-11-10 20:37:22,057 - Short Sell 31.00 shares at 645.87 on 2024-11-05 15:00:00+00:00
2024-11-10 20:37:22,057 - Short Sell 30.00 shares at 648.97 on 2024-11-05 15:15:00+00:00
2024-11-10 20:37:22,057 - Short Sell 30.00 shares at 650.68 on 2024-11-05 15:30:00+00:00
2024-11-10 20:37:22,057 - Short Sell 30.00 shares at 649.27 on 2024-11-05 15:45:00+00:00
2024-11-10 20:37:22,057 - Short Sell 31.00 shares at 646.48 on 2024-11-05 16:00:00+00:00
2024-11-10 20:37:22,057 - Short Sell 31.00 shares at 646.36 on 2024-11-05 16:15:00+00:00
2024-11-10 20:37:22,057 - Short Sell 30.00 shares at 648.39 on 2024-11-05 16:30:00+00:00
2024-11-10 20:37:22,057 - Short Sell 30.00 shares at 648.08 on 2024-11-05 16:45:00+00:00
2024-11-10 20:37:22,057 - Short Sell 30.00 shares at 647.89 on 2024-11-05 17:00:00+00:00
2024-11-10 20:37:22,057 - Short Sell 30.00 shares at 648.17 on 2024-11-05 17:15:00+00:00
2024-11-10 20:37:22,057 - Short Sell 30.00 shares at 648.39 on 2024-11-05 17:30:00+00:00
2024-11-10 20:37:22,057 - Short Sell 30.00 shares at 649.6 on 2024-11-05 17:45:00+00:00
2024-11-10 20:37:22,057 - Short Sell 30.00 shares at 649.51 on 2024-11-05 18:00:00+00:00
2024-11-10 20:37:22,057 - Short Sell 30.00 shares at 650.0 on 2024-11-05 18:15:00+00:00
2024-11-10 20:37:22,057 - Buy to cover -547.00 shares at 650.98 on 2024-11-05 18:30:00+00:00 (Exit: Stop_loss, Profit: -2426.859999999945, Duration: 1320.0 minutes)
2024-11-10 20:37:22,057 - Short Sell 30.00 shares at 651.1 on 2024-11-05 18:45:00+00:00
2024-11-10 20:37:22,057 - Short Sell 30.00 shares at 651.01 on 2024-11-05 19:00:00+00:00
2024-11-10 20:37:22,057 - Short Sell 30.00 shares at 650.47 on 2024-11-05 19:15:00+00:00
2024-11-10 20:37:22,057 - Short Sell 30.00 shares at 650.71 on 2024-11-05 19:30:00+00:00
2024-11-10 20:37:22,057 - Short Sell 30.00 shares at 649.81 on 2024-11-05 19:45:00+00:00
2024-11-10 20:37:22,057 - Short Sell 30.00 shares at 650.67 on 2024-11-05 20:00:00+00:00
2024-11-10 20:37:22,057 - Short Sell 30.00 shares at 650.95 on 2024-11-05 20:15:00+00:00
2024-11-10 20:37:22,057 - Short Sell 30.00 shares at 650.18 on 2024-11-05 20:30:00+00:00
2024-11-10 20:37:22,057 - Short Sell 30.00 shares at 653.45 on 2024-11-05 20:45:00+00:00
2024-11-10 20:37:22,058 - Buy to cover -270.00 shares at 703.0 on 2024-11-06 14:30:00+00:00 (Exit: Stop_loss, Profit: -14059.499999999993, Duration: 1185.0 minutes)
2024-11-10 20:37:22,058 - Long Buy 28.00 shares at 699.76 on 2024-11-06 14:45:00+00:00
2024-11-10 20:37:22,058 - Long Buy 27.00 shares at 699.65 on 2024-11-06 15:00:00+00:00
2024-11-10 20:37:22,058 - Sell to close 55.00 shares at 708.06 on 2024-11-06 15:15:00+00:00 (Exit: Signal, Profit: 459.46999999999605, Duration: 30.0 minutes)
2024-11-10 20:37:22,058 - Long Buy 28.00 shares at 700.75 on 2024-11-06 15:30:00+00:00
2024-11-10 20:37:22,058 - Long Buy 27.00 shares at 701.01 on 2024-11-06 15:45:00+00:00
2024-11-10 20:37:22,058 - Long Buy 27.00 shares at 700.29 on 2024-11-06 16:00:00+00:00
2024-11-10 20:37:22,058 - Long Buy 26.00 shares at 700.84 on 2024-11-06 16:15:00+00:00
2024-11-10 20:37:22,058 - Sell to close 108.00 shares at 705.17 on 2024-11-06 16:45:00+00:00 (Exit: Signal, Profit: 480.4199999999928, Duration: 75.0 minutes)
2024-11-10 20:37:22,058 - Short Sell 27.00 shares at 706.46 on 2024-11-06 17:00:00+00:00
2024-11-10 20:37:22,058 - Short Sell 28.00 shares at 705.18 on 2024-11-06 17:15:00+00:00
2024-11-10 20:37:22,058 - Short Sell 27.00 shares at 706.43 on 2024-11-06 17:30:00+00:00
2024-11-10 20:37:22,058 - Short Sell 27.00 shares at 707.64 on 2024-11-06 17:45:00+00:00
2024-11-10 20:37:22,058 - Short Sell 27.00 shares at 708.24 on 2024-11-06 18:00:00+00:00
2024-11-10 20:37:22,058 - Short Sell 27.00 shares at 708.04 on 2024-11-06 18:15:00+00:00
2024-11-10 20:37:22,058 - Buy to cover -163.00 shares at 705.89 on 2024-11-06 18:30:00+00:00 (Exit: Signal, Profit: 178.83999999999116, Duration: 90.0 minutes)
2024-11-10 20:37:22,058 - Long Buy 28.00 shares at 705.77 on 2024-11-06 18:45:00+00:00
2024-11-10 20:37:22,058 - Long Buy 27.00 shares at 707.62 on 2024-11-06 19:00:00+00:00
2024-11-10 20:37:22,058 - Long Buy 26.00 shares at 706.57 on 2024-11-06 19:15:00+00:00
2024-11-10 20:37:22,058 - Long Buy 26.00 shares at 705.02 on 2024-11-06 19:30:00+00:00
2024-11-10 20:37:22,058 - Long Buy 25.00 shares at 706.24 on 2024-11-06 19:45:00+00:00
2024-11-10 20:37:22,058 - Sell to close 132.00 shares at 709.51 on 2024-11-06 20:15:00+00:00 (Exit: Signal, Profit: 430.67999999998347, Duration: 90.0 minutes)
2024-11-10 20:37:22,058 - Short Sell 27.00 shares at 709.46 on 2024-11-06 20:45:00+00:00
2024-11-10 20:37:22,058 - Buy to cover -27.00 shares at 699.25 on 2024-11-07 14:30:00+00:00 (Exit: Signal, Profit: 275.670000000001, Duration: 1065.0 minutes)
2024-11-10 20:37:22,058 - Long Buy 28.00 shares at 701.83 on 2024-11-07 14:45:00+00:00
2024-11-10 20:37:22,058 - Long Buy 27.00 shares at 702.81 on 2024-11-07 15:00:00+00:00
2024-11-10 20:37:22,059 - Long Buy 27.00 shares at 697.29 on 2024-11-07 15:15:00+00:00
2024-11-10 20:37:22,059 - Long Buy 26.00 shares at 698.52 on 2024-11-07 15:30:00+00:00
2024-11-10 20:37:22,059 - Long Buy 26.00 shares at 696.25 on 2024-11-07 15:45:00+00:00
2024-11-10 20:37:22,059 - Long Buy 25.00 shares at 691.68 on 2024-11-07 16:00:00+00:00
2024-11-10 20:37:22,059 - Long Buy 25.00 shares at 693.15 on 2024-11-07 16:15:00+00:00
2024-11-10 20:37:22,059 - Long Buy 24.00 shares at 696.03 on 2024-11-07 16:30:00+00:00
2024-11-10 20:37:22,059 - Long Buy 24.00 shares at 694.03 on 2024-11-07 16:45:00+00:00
2024-11-10 20:37:22,059 - Long Buy 23.00 shares at 693.67 on 2024-11-07 17:00:00+00:00
2024-11-10 20:37:22,059 - Long Buy 23.00 shares at 693.29 on 2024-11-07 17:15:00+00:00
2024-11-10 20:37:22,059 - Long Buy 22.00 shares at 692.38 on 2024-11-07 17:30:00+00:00
2024-11-10 20:37:22,059 - Long Buy 22.00 shares at 693.53 on 2024-11-07 17:45:00+00:00
2024-11-10 20:37:22,059 - Long Buy 22.00 shares at 691.23 on 2024-11-07 18:00:00+00:00
2024-11-10 20:37:22,059 - Long Buy 21.00 shares at 691.11 on 2024-11-07 18:15:00+00:00
2024-11-10 20:37:22,059 - Sell to close 365.00 shares at 688.74 on 2024-11-07 18:30:00+00:00 (Exit: Stop_loss, Profit: -2420.519999999972, Duration: 225.0 minutes)
2024-11-10 20:37:22,059 - Long Buy 28.00 shares at 688.92 on 2024-11-07 18:45:00+00:00
2024-11-10 20:37:22,059 - Long Buy 28.00 shares at 689.85 on 2024-11-07 19:00:00+00:00
2024-11-10 20:37:22,059 - Long Buy 27.00 shares at 688.48 on 2024-11-07 19:15:00+00:00
2024-11-10 20:37:22,059 - Long Buy 27.00 shares at 685.36 on 2024-11-07 19:30:00+00:00
2024-11-10 20:37:22,059 - Long Buy 26.00 shares at 687.22 on 2024-11-07 19:45:00+00:00
2024-11-10 20:37:22,059 - Sell to close 136.00 shares at 690.23 on 2024-11-07 20:15:00+00:00 (Exit: Signal, Profit: 304.3200000000015, Duration: 90.0 minutes)
2024-11-10 20:37:22,059 - Short Sell 28.00 shares at 689.33 on 2024-11-07 20:30:00+00:00
2024-11-10 20:37:22,059 - Short Sell 28.00 shares at 690.08 on 2024-11-07 20:45:00+00:00
2024-11-10 20:37:22,059 - Short Sell 28.00 shares at 693.39 on 2024-11-08 14:30:00+00:00
2024-11-10 20:37:22,059 - Short Sell 28.00 shares at 693.74 on 2024-11-08 14:45:00+00:00
2024-11-10 20:37:22,059 - Short Sell 28.00 shares at 693.89 on 2024-11-08 15:00:00+00:00
2024-11-10 20:37:22,059 - Short Sell 28.00 shares at 694.61 on 2024-11-08 15:15:00+00:00
2024-11-10 20:37:22,059 - Short Sell 28.00 shares at 695.28 on 2024-11-08 15:30:00+00:00
2024-11-10 20:37:22,059 - Short Sell 28.00 shares at 695.27 on 2024-11-08 15:45:00+00:00
2024-11-10 20:37:22,059 - Short Sell 28.00 shares at 693.99 on 2024-11-08 16:00:00+00:00
2024-11-10 20:37:22,059 - Short Sell 28.00 shares at 693.88 on 2024-11-08 16:15:00+00:00
2024-11-10 20:37:22,059 - Short Sell 28.00 shares at 692.8 on 2024-11-08 16:30:00+00:00
2024-11-10 20:37:22,059 - Short Sell 28.00 shares at 693.11 on 2024-11-08 16:45:00+00:00
2024-11-10 20:37:22,060 - Buy to cover -336.00 shares at 692.0 on 2024-11-08 17:00:00+00:00 (Exit: Signal, Profit: 430.3599999999715, Duration: 1230.0 minutes)
2024-11-10 20:37:22,060 - Short Sell 28.00 shares at 694.51 on 2024-11-08 17:30:00+00:00
2024-11-10 20:37:22,060 - Short Sell 28.00 shares at 694.1 on 2024-11-08 17:45:00+00:00
2024-11-10 20:37:22,060 - Short Sell 28.00 shares at 694.67 on 2024-11-08 18:00:00+00:00
2024-11-10 20:37:22,060 - Short Sell 28.00 shares at 695.26 on 2024-11-08 18:15:00+00:00
2024-11-10 20:37:22,060 - Short Sell 28.00 shares at 697.58 on 2024-11-08 18:30:00+00:00
2024-11-10 20:37:22,060 - Short Sell 28.00 shares at 698.67 on 2024-11-08 18:45:00+00:00
2024-11-10 20:37:22,060 - Short Sell 28.00 shares at 699.87 on 2024-11-08 19:00:00+00:00
2024-11-10 20:37:22,060 - Short Sell 28.00 shares at 699.16 on 2024-11-08 19:15:00+00:00
2024-11-10 20:37:22,060 - Short Sell 28.00 shares at 698.83 on 2024-11-08 19:30:00+00:00
2024-11-10 20:37:22,060 - Short Sell 28.00 shares at 698.99 on 2024-11-08 19:45:00+00:00
2024-11-10 20:37:22,060 - Short Sell 28.00 shares at 697.94 on 2024-11-08 20:00:00+00:00
2024-11-10 20:37:22,060 - Short Sell 28.00 shares at 697.1 on 2024-11-08 20:15:00+00:00
2024-11-10 20:37:22,060 - Buy to cover -336.00 shares at 695.45 on 2024-11-08 20:30:00+00:00 (Exit: Signal, Profit: 595.8399999999547, Duration: 180.0 minutes)
2024-11-10 20:37:22,060 - Long Buy 28.00 shares at 695.8 on 2024-11-08 20:45:00+00:00
2024-11-10 20:37:22,061 - Holding 28.0 shares as an open position at the end with unrealized return: 0.0, Duration: 0.0 minutes
2024-11-10 20:37:22,062 - Final statisticsStock: PH, 
total_trades: 64, 
winning_trades: 54, 
losing_trades: 10, 
average_return: 0.0007805958987942604, 
average_duration: 606.09375, 
final_balance: 968255.4399999996, 
final_portfolio_value: 987737.8399999996, 
sharpe_ratio: 8.86849759897823, 



