2024-11-11 23:10:10,992 - Starting GBMStrategy with initial capital: 1000000
2024-11-11 23:10:10,992 - Hyperparameters: {'threshold': 1.5, 'time_periods': 30, 'num_simulations': 150}
2024-11-11 23:11:32,295 - Long Buy 31.00 shares at 637.31 on 2024-10-11 14:30:00+00:00
2024-11-11 23:11:32,296 - Long Buy 30.00 shares at 637.38 on 2024-10-11 14:45:00+00:00
2024-11-11 23:11:32,296 - Long Buy 30.00 shares at 637.72 on 2024-10-11 15:00:00+00:00
2024-11-11 23:11:32,296 - Long Buy 29.00 shares at 637.67 on 2024-10-11 15:15:00+00:00
2024-11-11 23:11:32,296 - Long Buy 28.00 shares at 637.81 on 2024-10-11 15:45:00+00:00
2024-11-11 23:11:32,296 - Long Buy 28.00 shares at 637.67 on 2024-10-11 16:00:00+00:00
2024-11-11 23:11:32,296 - Long Buy 27.00 shares at 636.62 on 2024-10-11 16:15:00+00:00
2024-11-11 23:11:32,296 - Long Buy 27.00 shares at 636.72 on 2024-10-11 16:30:00+00:00
2024-11-11 23:11:32,296 - Long Buy 26.00 shares at 636.29 on 2024-10-11 16:45:00+00:00
2024-11-11 23:11:32,296 - Long Buy 26.00 shares at 635.77 on 2024-10-11 17:00:00+00:00
2024-11-11 23:11:32,297 - Long Buy 25.00 shares at 637.01 on 2024-10-11 17:15:00+00:00
2024-11-11 23:11:32,297 - Long Buy 25.00 shares at 637.55 on 2024-10-11 17:30:00+00:00
2024-11-11 23:11:32,297 - Long Buy 24.00 shares at 636.45 on 2024-10-11 17:45:00+00:00
2024-11-11 23:11:32,297 - Long Buy 24.00 shares at 636.77 on 2024-10-11 18:00:00+00:00
2024-11-11 23:11:32,297 - Long Buy 23.00 shares at 636.22 on 2024-10-11 18:15:00+00:00
2024-11-11 23:11:32,297 - Long Buy 23.00 shares at 635.73 on 2024-10-11 18:30:00+00:00
2024-11-11 23:11:32,297 - Long Buy 22.00 shares at 635.95 on 2024-10-11 18:45:00+00:00
2024-11-11 23:11:32,297 - Long Buy 22.00 shares at 637.37 on 2024-10-11 19:00:00+00:00
2024-11-11 23:11:32,297 - Long Buy 21.00 shares at 637.2 on 2024-10-11 19:15:00+00:00
2024-11-11 23:11:32,297 - Long Buy 21.00 shares at 637.33 on 2024-10-11 19:30:00+00:00
2024-11-11 23:11:32,297 - Long Buy 21.00 shares at 637.46 on 2024-10-11 19:45:00+00:00
2024-11-11 23:11:32,297 - Sell to close 533.00 shares at 640.45 on 2024-10-14 14:00:00+00:00 (Exit: Profit_take, Profit: 1849.6699999999819, Duration: 4290.0 minutes)
2024-11-11 23:11:32,297 - Short Sell 31.00 shares at 642.68 on 2024-10-14 14:30:00+00:00
2024-11-11 23:11:32,297 - Short Sell 31.00 shares at 642.36 on 2024-10-14 14:45:00+00:00
2024-11-11 23:11:32,297 - Short Sell 31.00 shares at 644.85 on 2024-10-14 15:00:00+00:00
2024-11-11 23:11:32,297 - Short Sell 31.00 shares at 644.18 on 2024-10-14 15:15:00+00:00
2024-11-11 23:11:32,297 - Short Sell 31.00 shares at 644.19 on 2024-10-14 15:30:00+00:00
2024-11-11 23:11:32,298 - Buy to cover -155.00 shares at 642.75 on 2024-10-14 15:45:00+00:00 (Exit: Signal, Profit: 139.80999999998915, Duration: 75.0 minutes)
2024-11-11 23:11:32,298 - Long Buy 31.00 shares at 643.67 on 2024-10-14 16:15:00+00:00
2024-11-11 23:11:32,298 - Long Buy 30.00 shares at 643.13 on 2024-10-14 17:45:00+00:00
2024-11-11 23:11:32,298 - Sell to close 61.00 shares at 645.59 on 2024-10-14 18:15:00+00:00 (Exit: Signal, Profit: 133.32000000000153, Duration: 120.0 minutes)
2024-11-11 23:11:32,298 - Short Sell 31.00 shares at 645.6 on 2024-10-14 18:30:00+00:00
2024-11-11 23:11:32,298 - Buy to cover -31.00 shares at 642.57 on 2024-10-15 13:45:00+00:00 (Exit: Signal, Profit: 93.92999999999915, Duration: 1155.0 minutes)
2024-11-11 23:11:32,298 - Long Buy 31.00 shares at 642.13 on 2024-10-15 14:30:00+00:00
2024-11-11 23:11:32,298 - Long Buy 30.00 shares at 642.64 on 2024-10-15 15:00:00+00:00
2024-11-11 23:11:32,298 - Long Buy 29.00 shares at 642.28 on 2024-10-15 15:30:00+00:00
2024-11-11 23:11:32,298 - Long Buy 29.00 shares at 642.31 on 2024-10-15 15:45:00+00:00
2024-11-11 23:11:32,298 - Long Buy 28.00 shares at 642.47 on 2024-10-15 16:00:00+00:00
2024-11-11 23:11:32,298 - Long Buy 28.00 shares at 642.64 on 2024-10-15 16:15:00+00:00
2024-11-11 23:11:32,298 - Sell to close 175.00 shares at 643.69 on 2024-10-15 16:30:00+00:00 (Exit: Signal, Profit: 224.33000000000618, Duration: 120.0 minutes)
2024-11-11 23:11:32,298 - Short Sell 31.00 shares at 644.27 on 2024-10-15 16:45:00+00:00
2024-11-11 23:11:32,298 - Short Sell 31.00 shares at 644.35 on 2024-10-15 17:00:00+00:00
2024-11-11 23:11:32,298 - Short Sell 31.00 shares at 644.34 on 2024-10-15 17:15:00+00:00
2024-11-11 23:11:32,298 - Short Sell 31.00 shares at 644.43 on 2024-10-15 17:30:00+00:00
2024-11-11 23:11:32,299 - Short Sell 31.00 shares at 643.66 on 2024-10-15 18:00:00+00:00
2024-11-11 23:11:32,299 - Buy to cover -155.00 shares at 641.4 on 2024-10-15 18:30:00+00:00 (Exit: Signal, Profit: 435.54999999999154, Duration: 105.0 minutes)
2024-11-11 23:11:32,299 - Long Buy 31.00 shares at 641.5 on 2024-10-15 18:45:00+00:00
2024-11-11 23:11:32,299 - Long Buy 30.00 shares at 640.84 on 2024-10-15 19:00:00+00:00
2024-11-11 23:11:32,299 - Long Buy 30.00 shares at 640.0 on 2024-10-15 19:15:00+00:00
2024-11-11 23:11:32,299 - Long Buy 29.00 shares at 639.62 on 2024-10-15 19:30:00+00:00
2024-11-11 23:11:32,299 - Long Buy 29.00 shares at 638.03 on 2024-10-15 19:45:00+00:00
2024-11-11 23:11:32,299 - Long Buy 28.00 shares at 641.14 on 2024-10-16 13:30:00+00:00
2024-11-11 23:11:32,299 - Long Buy 27.00 shares at 640.88 on 2024-10-16 13:45:00+00:00
2024-11-11 23:11:32,299 - Long Buy 27.00 shares at 639.69 on 2024-10-16 14:15:00+00:00
2024-11-11 23:11:32,299 - Long Buy 26.00 shares at 639.46 on 2024-10-16 14:30:00+00:00
2024-11-11 23:11:32,299 - Long Buy 26.00 shares at 640.27 on 2024-10-16 14:45:00+00:00
2024-11-11 23:11:32,299 - Long Buy 25.00 shares at 637.94 on 2024-10-16 15:00:00+00:00
2024-11-11 23:11:32,299 - Long Buy 25.00 shares at 639.18 on 2024-10-16 15:15:00+00:00
2024-11-11 23:11:32,299 - Long Buy 24.00 shares at 638.66 on 2024-10-16 15:30:00+00:00
2024-11-11 23:11:32,299 - Long Buy 24.00 shares at 638.49 on 2024-10-16 15:45:00+00:00
2024-11-11 23:11:32,299 - Long Buy 23.00 shares at 640.51 on 2024-10-16 16:15:00+00:00
2024-11-11 23:11:32,299 - Long Buy 23.00 shares at 640.14 on 2024-10-16 16:30:00+00:00
2024-11-11 23:11:32,299 - Long Buy 22.00 shares at 639.5 on 2024-10-16 16:45:00+00:00
2024-11-11 23:11:32,299 - Long Buy 22.00 shares at 638.84 on 2024-10-16 17:00:00+00:00
2024-11-11 23:11:32,299 - Long Buy 21.00 shares at 639.26 on 2024-10-16 17:15:00+00:00
2024-11-11 23:11:32,299 - Long Buy 21.00 shares at 637.76 on 2024-10-16 17:30:00+00:00
2024-11-11 23:11:32,299 - Long Buy 21.00 shares at 638.48 on 2024-10-16 17:45:00+00:00
2024-11-11 23:11:32,299 - Long Buy 20.00 shares at 638.62 on 2024-10-16 18:30:00+00:00
2024-11-11 23:11:32,299 - Long Buy 20.00 shares at 638.12 on 2024-10-16 18:45:00+00:00
2024-11-11 23:11:32,299 - Long Buy 19.00 shares at 638.36 on 2024-10-16 19:00:00+00:00
2024-11-11 23:11:32,299 - Long Buy 19.00 shares at 637.5 on 2024-10-16 19:15:00+00:00
2024-11-11 23:11:32,299 - Long Buy 19.00 shares at 637.17 on 2024-10-16 19:30:00+00:00
2024-11-11 23:11:32,299 - Long Buy 18.00 shares at 637.48 on 2024-10-16 19:45:00+00:00
2024-11-11 23:11:32,300 - Long Buy 18.00 shares at 637.48 on 2024-10-17 13:45:00+00:00
2024-11-11 23:11:32,300 - Long Buy 18.00 shares at 635.55 on 2024-10-17 14:00:00+00:00
2024-11-11 23:11:32,300 - Sell to close 685.00 shares at 634.21 on 2024-10-17 14:15:00+00:00 (Exit: Stop_loss, Profit: -3385.0700000001025, Duration: 2610.0 minutes)
2024-11-11 23:11:32,300 - Long Buy 31.00 shares at 637.24 on 2024-10-18 13:45:00+00:00
2024-11-11 23:11:32,300 - Long Buy 30.00 shares at 635.59 on 2024-10-18 14:00:00+00:00
2024-11-11 23:11:32,300 - Long Buy 30.00 shares at 635.37 on 2024-10-18 14:15:00+00:00
2024-11-11 23:11:32,300 - Long Buy 29.00 shares at 636.0 on 2024-10-18 14:30:00+00:00
2024-11-11 23:11:32,300 - Long Buy 28.00 shares at 637.35 on 2024-10-18 14:45:00+00:00
2024-11-11 23:11:32,300 - Long Buy 28.00 shares at 637.0 on 2024-10-18 15:45:00+00:00
2024-11-11 23:11:32,300 - Long Buy 27.00 shares at 636.92 on 2024-10-18 17:45:00+00:00
2024-11-11 23:11:32,300 - Long Buy 27.00 shares at 636.96 on 2024-10-18 18:15:00+00:00
2024-11-11 23:11:32,300 - Long Buy 26.00 shares at 636.64 on 2024-10-18 18:45:00+00:00
2024-11-11 23:11:32,300 - Long Buy 26.00 shares at 636.75 on 2024-10-18 19:00:00+00:00
2024-11-11 23:11:32,300 - Sell to close 282.00 shares at 638.7 on 2024-10-18 19:30:00+00:00 (Exit: Signal, Profit: 601.460000000026, Duration: 345.0 minutes)
2024-11-11 23:11:32,300 - Short Sell 31.00 shares at 640.35 on 2024-10-18 19:45:00+00:00
2024-11-11 23:11:32,300 - Short Sell 31.00 shares at 640.93 on 2024-10-21 13:30:00+00:00
2024-11-11 23:11:32,300 - Short Sell 31.00 shares at 640.41 on 2024-10-21 13:45:00+00:00
2024-11-11 23:11:32,300 - Short Sell 31.00 shares at 640.35 on 2024-10-21 14:00:00+00:00
2024-11-11 23:11:32,301 - Short Sell 31.00 shares at 639.16 on 2024-10-21 14:15:00+00:00
2024-11-11 23:11:32,301 - Short Sell 31.00 shares at 639.79 on 2024-10-21 14:30:00+00:00
2024-11-11 23:11:32,301 - Short Sell 31.00 shares at 639.5 on 2024-10-21 14:45:00+00:00
2024-11-11 23:11:32,301 - Short Sell 31.00 shares at 638.66 on 2024-10-21 15:15:00+00:00
2024-11-11 23:11:32,301 - Short Sell 31.00 shares at 639.36 on 2024-10-21 15:30:00+00:00
2024-11-11 23:11:32,301 - Short Sell 31.00 shares at 641.12 on 2024-10-21 15:45:00+00:00
2024-11-11 23:11:32,301 - Short Sell 31.00 shares at 639.23 on 2024-10-21 16:00:00+00:00
2024-11-11 23:11:32,301 - Short Sell 31.00 shares at 639.21 on 2024-10-21 16:15:00+00:00
2024-11-11 23:11:32,301 - Short Sell 31.00 shares at 639.21 on 2024-10-21 16:30:00+00:00
2024-11-11 23:11:32,301 - Short Sell 31.00 shares at 640.08 on 2024-10-21 16:45:00+00:00
2024-11-11 23:11:32,301 - Short Sell 31.00 shares at 640.21 on 2024-10-21 17:00:00+00:00
2024-11-11 23:11:32,301 - Short Sell 31.00 shares at 639.84 on 2024-10-21 17:15:00+00:00
2024-11-11 23:11:32,301 - Short Sell 31.00 shares at 640.42 on 2024-10-21 17:30:00+00:00
2024-11-11 23:11:32,301 - Short Sell 31.00 shares at 640.16 on 2024-10-21 17:45:00+00:00
2024-11-11 23:11:32,301 - Short Sell 31.00 shares at 639.05 on 2024-10-21 18:00:00+00:00
2024-11-11 23:11:32,301 - Short Sell 31.00 shares at 639.25 on 2024-10-21 19:45:00+00:00
2024-11-11 23:11:32,301 - Buy to cover -620.00 shares at 631.5 on 2024-10-22 13:30:00+00:00 (Exit: Profit_take, Profit: 5154.989999999971, Duration: 5385.0 minutes)
2024-11-11 23:11:32,301 - Long Buy 31.00 shares at 631.28 on 2024-10-22 13:45:00+00:00
2024-11-11 23:11:32,301 - Sell to close 31.00 shares at 631.68 on 2024-10-22 14:00:00+00:00 (Exit: Signal, Profit: 12.399999999999295, Duration: 15.0 minutes)
2024-11-11 23:11:32,301 - Long Buy 31.00 shares at 629.05 on 2024-10-22 14:30:00+00:00
2024-11-11 23:11:32,301 - Sell to close 31.00 shares at 634.23 on 2024-10-22 14:45:00+00:00 (Exit: Profit_take, Profit: 160.58000000000197, Duration: 15.0 minutes)
2024-11-11 23:11:32,301 - Short Sell 31.00 shares at 635.1 on 2024-10-22 15:00:00+00:00
2024-11-11 23:11:32,301 - Short Sell 31.00 shares at 634.43 on 2024-10-22 15:15:00+00:00
2024-11-11 23:11:32,301 - Short Sell 31.00 shares at 634.51 on 2024-10-22 15:30:00+00:00
2024-11-11 23:11:32,301 - Short Sell 31.00 shares at 634.05 on 2024-10-22 15:45:00+00:00
2024-11-11 23:11:32,301 - Short Sell 31.00 shares at 632.39 on 2024-10-22 16:00:00+00:00
2024-11-11 23:11:32,302 - Short Sell 31.00 shares at 632.94 on 2024-10-22 16:15:00+00:00
2024-11-11 23:11:32,302 - Short Sell 31.00 shares at 632.7 on 2024-10-22 16:30:00+00:00
2024-11-11 23:11:32,302 - Short Sell 31.00 shares at 632.87 on 2024-10-22 18:00:00+00:00
2024-11-11 23:11:32,302 - Buy to cover -248.00 shares at 629.93 on 2024-10-22 18:30:00+00:00 (Exit: Profit_take, Profit: 916.0500000000056, Duration: 210.0 minutes)
2024-11-11 23:11:32,302 - Long Buy 31.00 shares at 629.51 on 2024-10-22 19:45:00+00:00
2024-11-11 23:11:32,302 - Long Buy 31.00 shares at 627.33 on 2024-10-23 13:30:00+00:00
2024-11-11 23:11:32,302 - Long Buy 30.00 shares at 629.16 on 2024-10-23 14:00:00+00:00
2024-11-11 23:11:32,302 - Long Buy 30.00 shares at 628.74 on 2024-10-23 14:30:00+00:00
2024-11-11 23:11:32,302 - Long Buy 29.00 shares at 627.84 on 2024-10-23 14:45:00+00:00
2024-11-11 23:11:32,302 - Long Buy 29.00 shares at 626.39 on 2024-10-23 15:00:00+00:00
2024-11-11 23:11:32,302 - Long Buy 28.00 shares at 626.0 on 2024-10-23 15:15:00+00:00
2024-11-11 23:11:32,302 - Long Buy 27.00 shares at 626.91 on 2024-10-23 15:30:00+00:00
2024-11-11 23:11:32,302 - Sell to close 235.00 shares at 628.49 on 2024-10-23 15:45:00+00:00 (Exit: Signal, Profit: 168.8699999999841, Duration: 1200.0 minutes)
2024-11-11 23:11:32,302 - Short Sell 31.00 shares at 629.24 on 2024-10-23 16:00:00+00:00
2024-11-11 23:11:32,302 - Short Sell 31.00 shares at 629.07 on 2024-10-23 16:45:00+00:00
2024-11-11 23:11:32,302 - Buy to cover -62.00 shares at 624.92 on 2024-10-23 18:00:00+00:00 (Exit: Profit_take, Profit: 262.57000000000085, Duration: 120.0 minutes)
2024-11-11 23:11:32,302 - Long Buy 32.00 shares at 626.08 on 2024-10-23 18:15:00+00:00
2024-11-11 23:11:32,302 - Sell to close 32.00 shares at 629.95 on 2024-10-23 19:15:00+00:00 (Exit: Profit_take, Profit: 123.84000000000015, Duration: 60.0 minutes)
2024-11-11 23:11:32,303 - Short Sell 31.00 shares at 629.99 on 2024-10-23 19:30:00+00:00
2024-11-11 23:11:32,303 - Short Sell 31.00 shares at 629.97 on 2024-10-23 19:45:00+00:00
2024-11-11 23:11:32,303 - Buy to cover -62.00 shares at 624.0 on 2024-10-24 13:30:00+00:00 (Exit: Profit_take, Profit: 370.7599999999941, Duration: 1080.0 minutes)
2024-11-11 23:11:32,303 - Long Buy 32.00 shares at 625.1 on 2024-10-24 14:15:00+00:00
2024-11-11 23:11:32,303 - Long Buy 31.00 shares at 626.07 on 2024-10-24 14:30:00+00:00
2024-11-11 23:11:32,303 - Long Buy 30.00 shares at 624.71 on 2024-10-24 14:45:00+00:00
2024-11-11 23:11:32,303 - Long Buy 30.00 shares at 625.39 on 2024-10-24 15:00:00+00:00
2024-11-11 23:11:32,303 - Long Buy 29.00 shares at 625.27 on 2024-10-24 15:15:00+00:00
2024-11-11 23:11:32,303 - Long Buy 29.00 shares at 625.0 on 2024-10-24 15:30:00+00:00
2024-11-11 23:11:32,303 - Long Buy 28.00 shares at 623.68 on 2024-10-24 16:00:00+00:00
2024-11-11 23:11:32,303 - Long Buy 28.00 shares at 624.92 on 2024-10-24 16:15:00+00:00
2024-11-11 23:11:32,303 - Long Buy 27.00 shares at 623.97 on 2024-10-24 17:45:00+00:00
2024-11-11 23:11:32,303 - Long Buy 26.00 shares at 624.94 on 2024-10-24 18:00:00+00:00
2024-11-11 23:11:32,303 - Long Buy 26.00 shares at 624.41 on 2024-10-24 18:15:00+00:00
2024-11-11 23:11:32,303 - Long Buy 25.00 shares at 623.42 on 2024-10-24 18:30:00+00:00
2024-11-11 23:11:32,303 - Long Buy 25.00 shares at 623.96 on 2024-10-24 18:45:00+00:00
2024-11-11 23:11:32,303 - Long Buy 24.00 shares at 623.99 on 2024-10-24 19:00:00+00:00
2024-11-11 23:11:32,303 - Long Buy 24.00 shares at 624.21 on 2024-10-24 19:15:00+00:00
2024-11-11 23:11:32,303 - Long Buy 23.00 shares at 624.6 on 2024-10-24 19:30:00+00:00
2024-11-11 23:11:32,303 - Long Buy 23.00 shares at 624.11 on 2024-10-24 19:45:00+00:00
2024-11-11 23:11:32,303 - Long Buy 23.00 shares at 624.49 on 2024-10-25 13:45:00+00:00
2024-11-11 23:11:32,303 - Long Buy 22.00 shares at 623.82 on 2024-10-25 14:30:00+00:00
2024-11-11 23:11:32,303 - Long Buy 22.00 shares at 622.8 on 2024-10-25 14:45:00+00:00
2024-11-11 23:11:32,303 - Long Buy 21.00 shares at 621.65 on 2024-10-25 15:00:00+00:00
2024-11-11 23:11:32,303 - Sell to close 548.00 shares at 620.33 on 2024-10-25 15:15:00+00:00 (Exit: Stop_loss, Profit: -2227.6400000000435, Duration: 1500.0 minutes)
2024-11-11 23:11:32,304 - Short Sell 32.00 shares at 623.71 on 2024-10-28 13:30:00+00:00
2024-11-11 23:11:32,304 - Short Sell 32.00 shares at 626.41 on 2024-10-28 13:45:00+00:00
2024-11-11 23:11:32,304 - Short Sell 32.00 shares at 625.06 on 2024-10-28 14:00:00+00:00
2024-11-11 23:11:32,304 - Short Sell 32.00 shares at 626.63 on 2024-10-28 14:15:00+00:00
2024-11-11 23:11:32,304 - Short Sell 32.00 shares at 623.82 on 2024-10-28 14:30:00+00:00
2024-11-11 23:11:32,304 - Short Sell 32.00 shares at 625.33 on 2024-10-28 14:45:00+00:00
2024-11-11 23:11:32,304 - Short Sell 32.00 shares at 626.03 on 2024-10-28 15:00:00+00:00
2024-11-11 23:11:32,304 - Short Sell 32.00 shares at 625.69 on 2024-10-28 15:15:00+00:00
2024-11-11 23:11:32,304 - Short Sell 32.00 shares at 624.63 on 2024-10-28 15:30:00+00:00
2024-11-11 23:11:32,304 - Short Sell 32.00 shares at 625.68 on 2024-10-28 15:45:00+00:00
2024-11-11 23:11:32,304 - Short Sell 32.00 shares at 625.64 on 2024-10-28 16:00:00+00:00
2024-11-11 23:11:32,304 - Short Sell 32.00 shares at 626.1 on 2024-10-28 16:15:00+00:00
2024-11-11 23:11:32,304 - Short Sell 32.00 shares at 625.21 on 2024-10-28 16:30:00+00:00
2024-11-11 23:11:32,304 - Short Sell 32.00 shares at 625.13 on 2024-10-28 16:45:00+00:00
2024-11-11 23:11:32,304 - Short Sell 32.00 shares at 624.3 on 2024-10-28 17:00:00+00:00
2024-11-11 23:11:32,304 - Short Sell 32.00 shares at 625.07 on 2024-10-28 17:15:00+00:00
2024-11-11 23:11:32,304 - Short Sell 32.00 shares at 625.25 on 2024-10-28 17:30:00+00:00
2024-11-11 23:11:32,304 - Short Sell 32.00 shares at 625.61 on 2024-10-28 17:45:00+00:00
2024-11-11 23:11:32,304 - Short Sell 32.00 shares at 625.81 on 2024-10-28 18:00:00+00:00
2024-11-11 23:11:32,304 - Short Sell 32.00 shares at 626.75 on 2024-10-28 18:15:00+00:00
2024-11-11 23:11:32,304 - Short Sell 32.00 shares at 626.33 on 2024-10-28 18:30:00+00:00
2024-11-11 23:11:32,304 - Short Sell 32.00 shares at 626.6 on 2024-10-28 18:45:00+00:00
2024-11-11 23:11:32,304 - Short Sell 32.00 shares at 627.05 on 2024-10-28 19:15:00+00:00
2024-11-11 23:11:32,304 - Short Sell 32.00 shares at 626.93 on 2024-10-28 19:30:00+00:00
2024-11-11 23:11:32,304 - Buy to cover -768.00 shares at 623.87 on 2024-10-28 19:45:00+00:00 (Exit: Signal, Profit: 1340.4799999999814, Duration: 375.0 minutes)
2024-11-11 23:11:32,304 - Long Buy 32.00 shares at 615.97 on 2024-10-29 13:30:00+00:00
2024-11-11 23:11:32,305 - Long Buy 31.00 shares at 616.84 on 2024-10-29 13:45:00+00:00
2024-11-11 23:11:32,305 - Sell to close 63.00 shares at 619.85 on 2024-10-29 14:00:00+00:00 (Exit: Profit_take, Profit: 217.4699999999997, Duration: 30.0 minutes)
2024-11-11 23:11:32,305 - Long Buy 32.00 shares at 620.01 on 2024-10-29 14:15:00+00:00
2024-11-11 23:11:32,305 - Long Buy 31.00 shares at 622.72 on 2024-10-29 14:30:00+00:00
2024-11-11 23:11:32,305 - Long Buy 31.00 shares at 623.13 on 2024-10-29 14:45:00+00:00
2024-11-11 23:11:32,305 - Long Buy 30.00 shares at 621.93 on 2024-10-29 15:00:00+00:00
2024-11-11 23:11:32,305 - Long Buy 29.00 shares at 621.96 on 2024-10-29 15:15:00+00:00
2024-11-11 23:11:32,305 - Long Buy 29.00 shares at 622.48 on 2024-10-29 15:30:00+00:00
2024-11-11 23:11:32,305 - Long Buy 28.00 shares at 622.7 on 2024-10-29 15:45:00+00:00
2024-11-11 23:11:32,305 - Long Buy 28.00 shares at 621.77 on 2024-10-29 16:00:00+00:00
2024-11-11 23:11:32,305 - Long Buy 27.00 shares at 621.06 on 2024-10-29 16:15:00+00:00
2024-11-11 23:11:32,305 - Long Buy 27.00 shares at 621.11 on 2024-10-29 16:30:00+00:00
2024-11-11 23:11:32,305 - Long Buy 26.00 shares at 622.14 on 2024-10-29 16:45:00+00:00
2024-11-11 23:11:32,305 - Long Buy 25.00 shares at 622.45 on 2024-10-29 17:00:00+00:00
2024-11-11 23:11:32,305 - Long Buy 25.00 shares at 621.24 on 2024-10-29 17:15:00+00:00
2024-11-11 23:11:32,305 - Long Buy 25.00 shares at 621.82 on 2024-10-29 17:30:00+00:00
2024-11-11 23:11:32,305 - Long Buy 24.00 shares at 622.61 on 2024-10-29 17:45:00+00:00
2024-11-11 23:11:32,305 - Long Buy 23.00 shares at 623.07 on 2024-10-29 18:00:00+00:00
2024-11-11 23:11:32,305 - Long Buy 23.00 shares at 623.45 on 2024-10-29 18:15:00+00:00
2024-11-11 23:11:32,305 - Sell to close 463.00 shares at 625.53 on 2024-10-29 18:45:00+00:00 (Exit: Profit_take, Profit: 1602.3199999999752, Duration: 270.0 minutes)
2024-11-11 23:11:32,305 - Long Buy 32.00 shares at 625.39 on 2024-10-29 19:00:00+00:00
2024-11-11 23:11:32,305 - Sell to close 32.00 shares at 626.06 on 2024-10-29 19:15:00+00:00 (Exit: Signal, Profit: 21.43999999999869, Duration: 15.0 minutes)
2024-11-11 23:11:32,305 - Long Buy 32.00 shares at 623.32 on 2024-10-30 13:30:00+00:00
2024-11-11 23:11:32,305 - Sell to close 32.00 shares at 626.77 on 2024-10-30 13:45:00+00:00 (Exit: Profit_take, Profit: 110.39999999999782, Duration: 15.0 minutes)
2024-11-11 23:11:32,306 - Short Sell 32.00 shares at 627.25 on 2024-10-30 14:00:00+00:00
2024-11-11 23:11:32,306 - Buy to cover -32.00 shares at 623.9 on 2024-10-30 15:00:00+00:00 (Exit: Profit_take, Profit: 107.20000000000073, Duration: 60.0 minutes)
2024-11-11 23:11:32,306 - Long Buy 32.00 shares at 624.23 on 2024-10-30 15:15:00+00:00
2024-11-11 23:11:32,306 - Sell to close 32.00 shares at 627.06 on 2024-10-30 15:45:00+00:00 (Exit: Signal, Profit: 90.55999999999767, Duration: 30.0 minutes)
2024-11-11 23:11:32,306 - Long Buy 32.00 shares at 621.94 on 2024-10-31 13:30:00+00:00
2024-11-11 23:11:32,306 - Long Buy 31.00 shares at 621.55 on 2024-10-31 13:45:00+00:00
2024-11-11 23:11:32,306 - Long Buy 31.00 shares at 618.79 on 2024-10-31 14:00:00+00:00
2024-11-11 23:11:32,306 - Long Buy 30.00 shares at 620.92 on 2024-10-31 14:15:00+00:00
2024-11-11 23:11:32,306 - Sell to close 124.00 shares at 623.97 on 2024-10-31 14:30:00+00:00 (Exit: Profit_take, Profit: 392.05999999999585, Duration: 60.0 minutes)
2024-11-11 23:11:32,306 - Short Sell 32.00 shares at 629.38 on 2024-10-31 15:30:00+00:00
2024-11-11 23:11:32,306 - Short Sell 32.00 shares at 629.01 on 2024-10-31 15:45:00+00:00
2024-11-11 23:11:32,306 - Short Sell 32.00 shares at 627.57 on 2024-10-31 16:00:00+00:00
2024-11-11 23:11:32,306 - Short Sell 32.00 shares at 630.43 on 2024-10-31 16:15:00+00:00
2024-11-11 23:11:32,306 - Short Sell 31.00 shares at 631.25 on 2024-10-31 16:30:00+00:00
2024-11-11 23:11:32,306 - Short Sell 31.00 shares at 630.67 on 2024-10-31 16:45:00+00:00
2024-11-11 23:11:32,306 - Short Sell 32.00 shares at 630.41 on 2024-10-31 17:00:00+00:00
2024-11-11 23:11:32,306 - Short Sell 31.00 shares at 631.94 on 2024-10-31 17:15:00+00:00
2024-11-11 23:11:32,306 - Short Sell 31.00 shares at 632.51 on 2024-10-31 17:30:00+00:00
2024-11-11 23:11:32,307 - Short Sell 31.00 shares at 632.35 on 2024-10-31 17:45:00+00:00
2024-11-11 23:11:32,307 - Short Sell 31.00 shares at 631.68 on 2024-10-31 18:00:00+00:00
2024-11-11 23:11:32,307 - Short Sell 31.00 shares at 631.14 on 2024-10-31 18:15:00+00:00
2024-11-11 23:11:32,307 - Short Sell 31.00 shares at 631.72 on 2024-10-31 18:30:00+00:00
2024-11-11 23:11:32,307 - Short Sell 31.00 shares at 633.55 on 2024-10-31 18:45:00+00:00
2024-11-11 23:11:32,307 - Short Sell 31.00 shares at 632.97 on 2024-10-31 19:00:00+00:00
2024-11-11 23:11:32,307 - Short Sell 31.00 shares at 633.3 on 2024-10-31 19:15:00+00:00
2024-11-11 23:11:32,307 - Short Sell 31.00 shares at 633.5 on 2024-10-31 19:30:00+00:00
2024-11-11 23:11:32,307 - Buy to cover -532.00 shares at 634.03 on 2024-10-31 19:45:00+00:00 (Exit: Stop_loss, Profit: -1422.3799999999742, Duration: 255.0 minutes)
2024-11-11 23:11:32,307 - Short Sell 31.00 shares at 635.19 on 2024-11-01 13:30:00+00:00
2024-11-11 23:11:32,307 - Short Sell 31.00 shares at 636.32 on 2024-11-01 13:45:00+00:00
2024-11-11 23:11:32,307 - Short Sell 31.00 shares at 639.73 on 2024-11-01 14:00:00+00:00
2024-11-11 23:11:32,307 - Short Sell 31.00 shares at 640.52 on 2024-11-01 14:15:00+00:00
2024-11-11 23:11:32,307 - Buy to cover -124.00 shares at 638.27 on 2024-11-01 14:30:00+00:00 (Exit: Signal, Profit: -40.920000000005075, Duration: 60.0 minutes)
2024-11-11 23:11:32,307 - Long Buy 31.00 shares at 637.4 on 2024-11-01 14:45:00+00:00
2024-11-11 23:11:32,307 - Long Buy 30.00 shares at 638.74 on 2024-11-01 15:00:00+00:00
2024-11-11 23:11:32,307 - Long Buy 30.00 shares at 638.94 on 2024-11-01 15:15:00+00:00
2024-11-11 23:11:32,307 - Long Buy 29.00 shares at 637.99 on 2024-11-01 15:30:00+00:00
2024-11-11 23:11:32,307 - Long Buy 29.00 shares at 636.57 on 2024-11-01 15:45:00+00:00
2024-11-11 23:11:32,307 - Long Buy 28.00 shares at 637.48 on 2024-11-01 16:00:00+00:00
2024-11-11 23:11:32,307 - Long Buy 28.00 shares at 635.09 on 2024-11-01 16:15:00+00:00
2024-11-11 23:11:32,307 - Long Buy 27.00 shares at 636.31 on 2024-11-01 16:30:00+00:00
2024-11-11 23:11:32,307 - Long Buy 27.00 shares at 634.36 on 2024-11-01 16:45:00+00:00
2024-11-11 23:11:32,307 - Long Buy 26.00 shares at 637.6 on 2024-11-01 17:00:00+00:00
2024-11-11 23:11:32,307 - Long Buy 25.00 shares at 635.65 on 2024-11-01 17:15:00+00:00
2024-11-11 23:11:32,307 - Long Buy 25.00 shares at 634.21 on 2024-11-01 17:30:00+00:00
2024-11-11 23:11:32,307 - Long Buy 25.00 shares at 634.8 on 2024-11-01 17:45:00+00:00
2024-11-11 23:11:32,307 - Long Buy 24.00 shares at 635.19 on 2024-11-01 18:00:00+00:00
2024-11-11 23:11:32,307 - Long Buy 24.00 shares at 634.54 on 2024-11-01 18:15:00+00:00
2024-11-11 23:11:32,307 - Long Buy 23.00 shares at 634.56 on 2024-11-01 18:30:00+00:00
2024-11-11 23:11:32,308 - Long Buy 23.00 shares at 634.92 on 2024-11-01 18:45:00+00:00
2024-11-11 23:11:32,308 - Long Buy 22.00 shares at 635.24 on 2024-11-01 19:00:00+00:00
2024-11-11 23:11:32,308 - Long Buy 22.00 shares at 634.06 on 2024-11-01 19:15:00+00:00
2024-11-11 23:11:32,308 - Long Buy 21.00 shares at 634.1 on 2024-11-01 19:30:00+00:00
2024-11-11 23:11:32,308 - Long Buy 21.00 shares at 635.0 on 2024-11-01 19:45:00+00:00
2024-11-11 23:11:32,308 - Sell to close 540.00 shares at 639.43 on 2024-11-04 14:30:00+00:00 (Exit: Profit_take, Profit: 1858.750000000025, Duration: 4305.0 minutes)
2024-11-11 23:11:32,308 - Long Buy 31.00 shares at 636.12 on 2024-11-04 16:30:00+00:00
2024-11-11 23:11:32,308 - Long Buy 31.00 shares at 635.78 on 2024-11-04 16:45:00+00:00
2024-11-11 23:11:32,308 - Long Buy 30.00 shares at 636.02 on 2024-11-04 17:00:00+00:00
2024-11-11 23:11:32,308 - Long Buy 29.00 shares at 637.56 on 2024-11-04 17:15:00+00:00
2024-11-11 23:11:32,308 - Long Buy 29.00 shares at 637.13 on 2024-11-04 18:00:00+00:00
2024-11-11 23:11:32,308 - Sell to close 150.00 shares at 640.01 on 2024-11-05 14:30:00+00:00 (Exit: Profit_take, Profit: 525.9900000000073, Duration: 1320.0 minutes)
2024-11-11 23:11:32,308 - Short Sell 31.00 shares at 644.45 on 2024-11-05 14:45:00+00:00
2024-11-11 23:11:32,308 - Short Sell 31.00 shares at 645.87 on 2024-11-05 15:00:00+00:00
2024-11-11 23:11:32,308 - Short Sell 31.00 shares at 648.97 on 2024-11-05 15:15:00+00:00
2024-11-11 23:11:32,308 - Short Sell 31.00 shares at 650.68 on 2024-11-05 15:30:00+00:00
2024-11-11 23:11:32,308 - Short Sell 31.00 shares at 649.27 on 2024-11-05 15:45:00+00:00
2024-11-11 23:11:32,308 - Short Sell 31.00 shares at 646.48 on 2024-11-05 16:00:00+00:00
2024-11-11 23:11:32,308 - Short Sell 31.00 shares at 646.36 on 2024-11-05 16:15:00+00:00
2024-11-11 23:11:32,308 - Short Sell 31.00 shares at 648.39 on 2024-11-05 16:30:00+00:00
2024-11-11 23:11:32,308 - Short Sell 31.00 shares at 648.08 on 2024-11-05 16:45:00+00:00
2024-11-11 23:11:32,308 - Short Sell 31.00 shares at 647.89 on 2024-11-05 17:00:00+00:00
2024-11-11 23:11:32,309 - Short Sell 31.00 shares at 648.17 on 2024-11-05 17:15:00+00:00
2024-11-11 23:11:32,309 - Short Sell 31.00 shares at 648.39 on 2024-11-05 17:30:00+00:00
2024-11-11 23:11:32,309 - Short Sell 31.00 shares at 649.6 on 2024-11-05 17:45:00+00:00
2024-11-11 23:11:32,309 - Short Sell 31.00 shares at 649.51 on 2024-11-05 18:00:00+00:00
2024-11-11 23:11:32,309 - Short Sell 31.00 shares at 650.0 on 2024-11-05 18:15:00+00:00
2024-11-11 23:11:32,309 - Buy to cover -465.00 shares at 650.98 on 2024-11-05 18:30:00+00:00 (Exit: Stop_loss, Profit: -1320.2899999999518, Duration: 225.0 minutes)
2024-11-11 23:11:32,309 - Short Sell 28.00 shares at 703.0 on 2024-11-06 14:30:00+00:00
2024-11-11 23:11:32,309 - Short Sell 28.00 shares at 699.76 on 2024-11-06 14:45:00+00:00
2024-11-11 23:11:32,309 - Short Sell 28.00 shares at 699.65 on 2024-11-06 15:00:00+00:00
2024-11-11 23:11:32,309 - Buy to cover -84.00 shares at 708.06 on 2024-11-06 15:15:00+00:00 (Exit: Stop_loss, Profit: -609.5599999999995, Duration: 45.0 minutes)
2024-11-11 23:11:32,309 - Long Buy 28.00 shares at 699.25 on 2024-11-07 14:30:00+00:00
2024-11-11 23:11:32,309 - Long Buy 28.00 shares at 701.83 on 2024-11-07 14:45:00+00:00
2024-11-11 23:11:32,309 - Long Buy 27.00 shares at 702.81 on 2024-11-07 15:00:00+00:00
2024-11-11 23:11:32,309 - Long Buy 27.00 shares at 697.29 on 2024-11-07 15:15:00+00:00
2024-11-11 23:11:32,309 - Long Buy 26.00 shares at 698.52 on 2024-11-07 15:30:00+00:00
2024-11-11 23:11:32,309 - Long Buy 26.00 shares at 696.25 on 2024-11-07 15:45:00+00:00
2024-11-11 23:11:32,309 - Sell to close 162.00 shares at 691.68 on 2024-11-07 16:00:00+00:00 (Exit: Stop_loss, Profit: -1244.8000000000145, Duration: 90.0 minutes)
2024-11-11 23:11:32,310 - Short Sell 29.00 shares at 693.39 on 2024-11-08 14:30:00+00:00
2024-11-11 23:11:32,310 - Short Sell 29.00 shares at 693.74 on 2024-11-08 14:45:00+00:00
2024-11-11 23:11:32,310 - Short Sell 29.00 shares at 693.89 on 2024-11-08 15:00:00+00:00
2024-11-11 23:11:32,310 - Short Sell 28.00 shares at 694.61 on 2024-11-08 15:15:00+00:00
2024-11-11 23:11:32,310 - Short Sell 28.00 shares at 695.28 on 2024-11-08 15:30:00+00:00
2024-11-11 23:11:32,310 - Short Sell 28.00 shares at 695.27 on 2024-11-08 15:45:00+00:00
2024-11-11 23:11:32,310 - Short Sell 29.00 shares at 693.99 on 2024-11-08 16:00:00+00:00
2024-11-11 23:11:32,310 - Short Sell 29.00 shares at 693.88 on 2024-11-08 16:15:00+00:00
2024-11-11 23:11:32,310 - Short Sell 29.00 shares at 692.8 on 2024-11-08 16:30:00+00:00
2024-11-11 23:11:32,310 - Short Sell 29.00 shares at 693.11 on 2024-11-08 16:45:00+00:00
2024-11-11 23:11:32,310 - Short Sell 29.00 shares at 692.0 on 2024-11-08 17:00:00+00:00
2024-11-11 23:11:32,310 - Short Sell 29.00 shares at 692.83 on 2024-11-08 17:15:00+00:00
2024-11-11 23:11:32,310 - Short Sell 28.00 shares at 694.51 on 2024-11-08 17:30:00+00:00
2024-11-11 23:11:32,310 - Short Sell 29.00 shares at 694.1 on 2024-11-08 17:45:00+00:00
2024-11-11 23:11:32,310 - Short Sell 28.00 shares at 694.67 on 2024-11-08 18:00:00+00:00
2024-11-11 23:11:32,310 - Short Sell 28.00 shares at 695.26 on 2024-11-08 18:15:00+00:00
2024-11-11 23:11:32,310 - Short Sell 28.00 shares at 697.58 on 2024-11-08 18:30:00+00:00
2024-11-11 23:11:32,310 - Short Sell 28.00 shares at 698.67 on 2024-11-08 18:45:00+00:00
2024-11-11 23:11:32,310 - Buy to cover -514.00 shares at 699.87 on 2024-11-08 19:00:00+00:00 (Exit: Stop_loss, Profit: -2811.209999999913, Duration: 270.0 minutes)
2024-11-11 23:11:32,312 - Final statisticsStock: PH, 
total_trades: 33, 
winning_trades: 25, 
losing_trades: 8, 
average_return: 0.002113500604428874, 
average_duration: 782.7272727272727, 
final_balance: 1003852.9300000004, 
final_portfolio_value: 1003852.9300000004, 
sharpe_ratio: 5.415253651386049, 



