2024-11-11 21:36:02,758 - Starting GBMStrategy with initial capital: 1000000
2024-11-11 21:36:02,758 - Hyperparameters: {'threshold': 1.5, 'time_periods': 30, 'num_simulations': 150}
2024-11-11 21:40:35,717 - Long Buy 65.00 shares at 306.68 on 2024-10-11 14:30:00+00:00
2024-11-11 21:40:35,719 - Sell to close 65.00 shares at 308.29 on 2024-10-11 15:00:00+00:00 (Exit: Profit_take, Profit: 104.65000000000089, Duration: 30.0 minutes)
2024-11-11 21:40:35,719 - Short Sell 64.00 shares at 308.44 on 2024-10-11 15:15:00+00:00
2024-11-11 21:40:35,719 - Short Sell 64.00 shares at 308.94 on 2024-10-11 15:30:00+00:00
2024-11-11 21:40:35,719 - Short Sell 64.00 shares at 309.14 on 2024-10-11 15:45:00+00:00
2024-11-11 21:40:35,719 - Short Sell 64.00 shares at 308.93 on 2024-10-11 16:00:00+00:00
2024-11-11 21:40:35,719 - Short Sell 64.00 shares at 309.04 on 2024-10-11 17:30:00+00:00
2024-11-11 21:40:35,719 - Short Sell 64.00 shares at 308.98 on 2024-10-11 17:45:00+00:00
2024-11-11 21:40:35,719 - Short Sell 64.00 shares at 308.98 on 2024-10-11 18:00:00+00:00
2024-11-11 21:40:35,719 - Short Sell 64.00 shares at 309.12 on 2024-10-11 19:00:00+00:00
2024-11-11 21:40:35,719 - Short Sell 64.00 shares at 309.07 on 2024-10-11 19:15:00+00:00
2024-11-11 21:40:35,719 - Short Sell 64.00 shares at 309.44 on 2024-10-11 19:30:00+00:00
2024-11-11 21:40:35,719 - Short Sell 64.00 shares at 309.41 on 2024-10-11 19:45:00+00:00
2024-11-11 21:40:35,719 - Buy to cover -704.00 shares at 311.19 on 2024-10-14 13:30:00+00:00 (Exit: Stop_loss, Profit: -1510.399999999987, Duration: 4215.0 minutes)
2024-11-11 21:40:35,719 - Long Buy 64.00 shares at 309.3 on 2024-10-15 13:45:00+00:00
2024-11-11 21:40:35,719 - Long Buy 63.00 shares at 307.91 on 2024-10-15 14:00:00+00:00
2024-11-11 21:40:35,719 - Sell to close 127.00 shares at 305.69 on 2024-10-15 14:15:00+00:00 (Exit: Stop_loss, Profit: -370.8999999999994, Duration: 30.0 minutes)
2024-11-11 21:40:35,720 - Short Sell 64.00 shares at 309.02 on 2024-10-16 13:45:00+00:00
2024-11-11 21:40:35,720 - Short Sell 64.00 shares at 310.22 on 2024-10-16 14:00:00+00:00
2024-11-11 21:40:35,720 - Short Sell 64.00 shares at 309.78 on 2024-10-16 14:15:00+00:00
2024-11-11 21:40:35,720 - Short Sell 64.00 shares at 310.17 on 2024-10-16 14:30:00+00:00
2024-11-11 21:40:35,720 - Short Sell 64.00 shares at 311.67 on 2024-10-16 14:45:00+00:00
2024-11-11 21:40:35,720 - Short Sell 64.00 shares at 311.5 on 2024-10-16 15:00:00+00:00
2024-11-11 21:40:35,720 - Short Sell 64.00 shares at 311.75 on 2024-10-16 15:15:00+00:00
2024-11-11 21:40:35,720 - Short Sell 63.00 shares at 311.8 on 2024-10-16 15:30:00+00:00
2024-11-11 21:40:35,720 - Buy to cover -511.00 shares at 312.15 on 2024-10-16 15:45:00+00:00 (Exit: Stop_loss, Profit: -722.209999999988, Duration: 120.0 minutes)
2024-11-11 21:40:35,720 - Short Sell 63.00 shares at 316.2 on 2024-10-17 13:30:00+00:00
2024-11-11 21:40:35,720 - Buy to cover -63.00 shares at 314.01 on 2024-10-17 13:45:00+00:00 (Exit: Profit_take, Profit: 137.96999999999986, Duration: 15.0 minutes)
2024-11-11 21:40:35,720 - Short Sell 63.00 shares at 313.65 on 2024-10-17 14:00:00+00:00
2024-11-11 21:40:35,720 - Short Sell 63.00 shares at 313.24 on 2024-10-17 14:15:00+00:00
2024-11-11 21:40:35,720 - Short Sell 63.00 shares at 313.78 on 2024-10-17 16:30:00+00:00
2024-11-11 21:40:35,720 - Short Sell 63.00 shares at 313.91 on 2024-10-17 16:45:00+00:00
2024-11-11 21:40:35,721 - Short Sell 63.00 shares at 314.07 on 2024-10-17 17:00:00+00:00
2024-11-11 21:40:35,721 - Short Sell 63.00 shares at 314.61 on 2024-10-17 17:15:00+00:00
2024-11-11 21:40:35,721 - Short Sell 63.00 shares at 315.06 on 2024-10-17 17:30:00+00:00
2024-11-11 21:40:35,721 - Short Sell 63.00 shares at 315.02 on 2024-10-17 17:45:00+00:00
2024-11-11 21:40:35,721 - Short Sell 63.00 shares at 315.02 on 2024-10-17 18:00:00+00:00
2024-11-11 21:40:35,721 - Short Sell 63.00 shares at 314.18 on 2024-10-17 18:15:00+00:00
2024-11-11 21:40:35,721 - Buy to cover -630.00 shares at 313.37 on 2024-10-17 18:30:00+00:00 (Exit: Signal, Profit: 556.9200000000092, Duration: 270.0 minutes)
2024-11-11 21:40:35,721 - Long Buy 63.00 shares at 313.12 on 2024-10-17 18:45:00+00:00
2024-11-11 21:40:35,721 - Long Buy 62.00 shares at 313.31 on 2024-10-17 19:00:00+00:00
2024-11-11 21:40:35,721 - Long Buy 61.00 shares at 312.66 on 2024-10-17 19:15:00+00:00
2024-11-11 21:40:35,721 - Long Buy 60.00 shares at 312.48 on 2024-10-17 19:30:00+00:00
2024-11-11 21:40:35,721 - Long Buy 58.00 shares at 312.95 on 2024-10-17 19:45:00+00:00
2024-11-11 21:40:35,721 - Long Buy 57.00 shares at 312.82 on 2024-10-18 13:30:00+00:00
2024-11-11 21:40:35,721 - Long Buy 56.00 shares at 312.39 on 2024-10-18 13:45:00+00:00
2024-11-11 21:40:35,721 - Long Buy 55.00 shares at 311.92 on 2024-10-18 14:00:00+00:00
2024-11-11 21:40:35,721 - Long Buy 54.00 shares at 311.87 on 2024-10-18 14:15:00+00:00
2024-11-11 21:40:35,721 - Long Buy 53.00 shares at 311.99 on 2024-10-18 14:30:00+00:00
2024-11-11 21:40:35,721 - Long Buy 52.00 shares at 311.42 on 2024-10-18 14:45:00+00:00
2024-11-11 21:40:35,721 - Long Buy 51.00 shares at 311.45 on 2024-10-18 15:00:00+00:00
2024-11-11 21:40:35,721 - Long Buy 50.00 shares at 311.64 on 2024-10-18 15:15:00+00:00
2024-11-11 21:40:35,721 - Long Buy 49.00 shares at 311.82 on 2024-10-18 15:30:00+00:00
2024-11-11 21:40:35,721 - Long Buy 48.00 shares at 311.38 on 2024-10-18 15:45:00+00:00
2024-11-11 21:40:35,722 - Long Buy 47.00 shares at 311.18 on 2024-10-18 16:00:00+00:00
2024-11-11 21:40:35,722 - Long Buy 46.00 shares at 312.24 on 2024-10-18 16:15:00+00:00
2024-11-11 21:40:35,722 - Long Buy 45.00 shares at 312.63 on 2024-10-18 16:30:00+00:00
2024-11-11 21:40:35,722 - Long Buy 44.00 shares at 312.96 on 2024-10-18 16:45:00+00:00
2024-11-11 21:40:35,722 - Long Buy 43.00 shares at 313.12 on 2024-10-18 17:00:00+00:00
2024-11-11 21:40:35,722 - Long Buy 42.00 shares at 312.88 on 2024-10-18 18:15:00+00:00
2024-11-11 21:40:35,722 - Long Buy 41.00 shares at 312.67 on 2024-10-18 18:30:00+00:00
2024-11-11 21:40:35,722 - Sell to close 1137.00 shares at 314.08 on 2024-10-18 19:30:00+00:00 (Exit: Profit_take, Profit: 1991.5000000001653, Duration: 1485.0 minutes)
2024-11-11 21:40:35,722 - Short Sell 63.00 shares at 314.37 on 2024-10-18 19:45:00+00:00
2024-11-11 21:40:35,722 - Short Sell 63.00 shares at 315.37 on 2024-10-21 13:30:00+00:00
2024-11-11 21:40:35,722 - Short Sell 63.00 shares at 316.7 on 2024-10-21 13:45:00+00:00
2024-11-11 21:40:35,722 - Short Sell 63.00 shares at 316.94 on 2024-10-21 14:00:00+00:00
2024-11-11 21:40:35,722 - Short Sell 63.00 shares at 316.36 on 2024-10-21 14:15:00+00:00
2024-11-11 21:40:35,722 - Short Sell 63.00 shares at 316.83 on 2024-10-21 14:30:00+00:00
2024-11-11 21:40:35,722 - Short Sell 63.00 shares at 316.37 on 2024-10-21 14:45:00+00:00
2024-11-11 21:40:35,722 - Short Sell 63.00 shares at 315.61 on 2024-10-21 15:00:00+00:00
2024-11-11 21:40:35,722 - Short Sell 63.00 shares at 315.55 on 2024-10-21 15:15:00+00:00
2024-11-11 21:40:35,722 - Short Sell 63.00 shares at 316.21 on 2024-10-21 15:30:00+00:00
2024-11-11 21:40:35,722 - Short Sell 63.00 shares at 317.0 on 2024-10-21 15:45:00+00:00
2024-11-11 21:40:35,722 - Short Sell 63.00 shares at 316.52 on 2024-10-21 16:00:00+00:00
2024-11-11 21:40:35,722 - Short Sell 63.00 shares at 316.9 on 2024-10-21 16:15:00+00:00
2024-11-11 21:40:35,722 - Short Sell 63.00 shares at 317.1 on 2024-10-21 16:30:00+00:00
2024-11-11 21:40:35,722 - Short Sell 63.00 shares at 317.19 on 2024-10-21 16:45:00+00:00
2024-11-11 21:40:35,722 - Buy to cover -945.00 shares at 317.56 on 2024-10-21 17:00:00+00:00 (Exit: Stop_loss, Profit: -1157.9399999999782, Duration: 4155.0 minutes)
2024-11-11 21:40:35,722 - Short Sell 63.00 shares at 315.55 on 2024-10-22 13:30:00+00:00
2024-11-11 21:40:35,723 - Short Sell 63.00 shares at 315.31 on 2024-10-22 13:45:00+00:00
2024-11-11 21:40:35,723 - Buy to cover -126.00 shares at 313.54 on 2024-10-22 14:00:00+00:00 (Exit: Profit_take, Profit: 238.13999999999828, Duration: 30.0 minutes)
2024-11-11 21:40:35,723 - Long Buy 64.00 shares at 311.33 on 2024-10-22 14:15:00+00:00
2024-11-11 21:40:35,723 - Long Buy 62.00 shares at 311.47 on 2024-10-22 14:30:00+00:00
2024-11-11 21:40:35,723 - Sell to close 126.00 shares at 313.05 on 2024-10-22 14:45:00+00:00 (Exit: Profit_take, Profit: 208.0399999999994, Duration: 30.0 minutes)
2024-11-11 21:40:35,723 - Long Buy 63.00 shares at 313.25 on 2024-10-22 15:00:00+00:00
2024-11-11 21:40:35,723 - Long Buy 62.00 shares at 313.99 on 2024-10-22 15:15:00+00:00
2024-11-11 21:40:35,723 - Long Buy 61.00 shares at 313.9 on 2024-10-22 15:30:00+00:00
2024-11-11 21:40:35,723 - Long Buy 59.00 shares at 313.79 on 2024-10-22 15:45:00+00:00
2024-11-11 21:40:35,723 - Long Buy 58.00 shares at 314.14 on 2024-10-22 16:00:00+00:00
2024-11-11 21:40:35,723 - Long Buy 57.00 shares at 314.38 on 2024-10-22 16:15:00+00:00
2024-11-11 21:40:35,723 - Long Buy 56.00 shares at 313.88 on 2024-10-22 16:30:00+00:00
2024-11-11 21:40:35,723 - Long Buy 55.00 shares at 313.61 on 2024-10-22 16:45:00+00:00
2024-11-11 21:40:35,723 - Long Buy 54.00 shares at 313.31 on 2024-10-22 17:00:00+00:00
2024-11-11 21:40:35,723 - Long Buy 53.00 shares at 313.89 on 2024-10-22 17:15:00+00:00
2024-11-11 21:40:35,723 - Long Buy 52.00 shares at 314.33 on 2024-10-22 17:30:00+00:00
2024-11-11 21:40:35,723 - Long Buy 51.00 shares at 314.4 on 2024-10-22 17:45:00+00:00
2024-11-11 21:40:35,723 - Long Buy 50.00 shares at 313.2 on 2024-10-22 18:00:00+00:00
2024-11-11 21:40:35,723 - Long Buy 49.00 shares at 313.54 on 2024-10-22 18:15:00+00:00
2024-11-11 21:40:35,723 - Long Buy 48.00 shares at 313.54 on 2024-10-22 18:30:00+00:00
2024-11-11 21:40:35,723 - Long Buy 47.00 shares at 313.31 on 2024-10-22 18:45:00+00:00
2024-11-11 21:40:35,723 - Long Buy 46.00 shares at 313.35 on 2024-10-22 19:00:00+00:00
2024-11-11 21:40:35,723 - Long Buy 45.00 shares at 313.19 on 2024-10-22 19:15:00+00:00
2024-11-11 21:40:35,723 - Long Buy 44.00 shares at 313.22 on 2024-10-22 19:30:00+00:00
2024-11-11 21:40:35,723 - Long Buy 43.00 shares at 312.84 on 2024-10-22 19:45:00+00:00
2024-11-11 21:40:35,723 - Long Buy 42.00 shares at 312.43 on 2024-10-23 13:30:00+00:00
2024-11-11 21:40:35,723 - Long Buy 41.00 shares at 312.73 on 2024-10-23 13:45:00+00:00
2024-11-11 21:40:35,723 - Long Buy 41.00 shares at 311.45 on 2024-10-23 14:00:00+00:00
2024-11-11 21:40:35,723 - Long Buy 40.00 shares at 312.04 on 2024-10-23 14:15:00+00:00
2024-11-11 21:40:35,723 - Long Buy 39.00 shares at 312.11 on 2024-10-23 14:30:00+00:00
2024-11-11 21:40:35,723 - Long Buy 38.00 shares at 312.63 on 2024-10-23 14:45:00+00:00
2024-11-11 21:40:35,723 - Sell to close 1294.00 shares at 311.15 on 2024-10-23 15:00:00+00:00 (Exit: Stop_loss, Profit: -2923.289999999846, Duration: 1440.0 minutes)
2024-11-11 21:40:35,724 - Long Buy 64.00 shares at 307.52 on 2024-10-24 13:30:00+00:00
2024-11-11 21:40:35,724 - Long Buy 63.00 shares at 308.95 on 2024-10-24 13:45:00+00:00
2024-11-11 21:40:35,724 - Long Buy 61.00 shares at 309.29 on 2024-10-24 14:00:00+00:00
2024-11-11 21:40:35,724 - Sell to close 188.00 shares at 310.16 on 2024-10-24 14:15:00+00:00 (Exit: Profit_take, Profit: 298.2600000000041, Duration: 45.0 minutes)
2024-11-11 21:40:35,724 - Long Buy 64.00 shares at 310.2 on 2024-10-24 14:30:00+00:00
2024-11-11 21:40:35,724 - Long Buy 63.00 shares at 309.69 on 2024-10-24 14:45:00+00:00
2024-11-11 21:40:35,724 - Long Buy 61.00 shares at 310.07 on 2024-10-24 15:00:00+00:00
2024-11-11 21:40:35,724 - Long Buy 60.00 shares at 309.75 on 2024-10-24 15:15:00+00:00
2024-11-11 21:40:35,724 - Long Buy 59.00 shares at 309.73 on 2024-10-24 15:30:00+00:00
2024-11-11 21:40:35,724 - Long Buy 58.00 shares at 309.82 on 2024-10-24 15:45:00+00:00
2024-11-11 21:40:35,724 - Long Buy 57.00 shares at 309.1 on 2024-10-24 16:00:00+00:00
2024-11-11 21:40:35,724 - Sell to close 422.00 shares at 310.32 on 2024-10-24 16:45:00+00:00 (Exit: Signal, Profit: 230.16999999998507, Duration: 135.0 minutes)
2024-11-11 21:40:35,724 - Short Sell 64.00 shares at 310.76 on 2024-10-24 17:30:00+00:00
2024-11-11 21:40:35,724 - Short Sell 64.00 shares at 310.7 on 2024-10-24 19:30:00+00:00
2024-11-11 21:40:35,724 - Buy to cover -128.00 shares at 308.7 on 2024-10-25 13:30:00+00:00 (Exit: Profit_take, Profit: 259.8400000000038, Duration: 1200.0 minutes)
2024-11-11 21:40:35,724 - Long Buy 64.00 shares at 308.44 on 2024-10-25 13:45:00+00:00
2024-11-11 21:40:35,724 - Long Buy 63.00 shares at 308.8 on 2024-10-25 14:00:00+00:00
2024-11-11 21:40:35,725 - Long Buy 62.00 shares at 308.84 on 2024-10-25 15:00:00+00:00
2024-11-11 21:40:35,725 - Long Buy 60.00 shares at 308.46 on 2024-10-25 15:15:00+00:00
2024-11-11 21:40:35,725 - Long Buy 59.00 shares at 308.66 on 2024-10-25 15:30:00+00:00
2024-11-11 21:40:35,725 - Long Buy 58.00 shares at 308.87 on 2024-10-25 16:00:00+00:00
2024-11-11 21:40:35,725 - Long Buy 57.00 shares at 308.43 on 2024-10-25 16:45:00+00:00
2024-11-11 21:40:35,725 - Long Buy 56.00 shares at 308.36 on 2024-10-25 17:00:00+00:00
2024-11-11 21:40:35,725 - Long Buy 55.00 shares at 308.0 on 2024-10-25 17:15:00+00:00
2024-11-11 21:40:35,725 - Long Buy 54.00 shares at 306.9 on 2024-10-25 17:30:00+00:00
2024-11-11 21:40:35,725 - Long Buy 53.00 shares at 307.15 on 2024-10-25 17:45:00+00:00
2024-11-11 21:40:35,725 - Long Buy 52.00 shares at 307.45 on 2024-10-25 18:00:00+00:00
2024-11-11 21:40:35,725 - Sell to close 693.00 shares at 309.19 on 2024-10-25 18:45:00+00:00 (Exit: Signal, Profit: 665.4099999999783, Duration: 300.0 minutes)
2024-11-11 21:40:35,725 - Short Sell 64.00 shares at 309.07 on 2024-10-25 19:15:00+00:00
2024-11-11 21:40:35,725 - Buy to cover -64.00 shares at 311.25 on 2024-10-28 13:30:00+00:00 (Exit: Stop_loss, Profit: -139.52000000000044, Duration: 3975.0 minutes)
2024-11-11 21:40:35,725 - Long Buy 64.00 shares at 310.61 on 2024-10-29 13:30:00+00:00
2024-11-11 21:40:35,725 - Long Buy 62.00 shares at 310.72 on 2024-10-29 13:45:00+00:00
2024-11-11 21:40:35,725 - Long Buy 61.00 shares at 311.37 on 2024-10-29 14:00:00+00:00
2024-11-11 21:40:35,725 - Long Buy 60.00 shares at 312.13 on 2024-10-29 14:15:00+00:00
2024-11-11 21:40:35,725 - Sell to close 247.00 shares at 313.34 on 2024-10-29 14:30:00+00:00 (Exit: Profit_take, Profit: 529.929999999991, Duration: 60.0 minutes)
2024-11-11 21:40:35,726 - Long Buy 63.00 shares at 312.82 on 2024-10-29 14:45:00+00:00
2024-11-11 21:40:35,726 - Long Buy 62.00 shares at 312.53 on 2024-10-29 16:00:00+00:00
2024-11-11 21:40:35,726 - Long Buy 61.00 shares at 311.72 on 2024-10-29 16:15:00+00:00
2024-11-11 21:40:35,726 - Long Buy 60.00 shares at 312.24 on 2024-10-29 16:30:00+00:00
2024-11-11 21:40:35,726 - Long Buy 58.00 shares at 312.51 on 2024-10-29 16:45:00+00:00
2024-11-11 21:40:35,726 - Long Buy 57.00 shares at 312.43 on 2024-10-29 17:15:00+00:00
2024-11-11 21:40:35,726 - Long Buy 56.00 shares at 312.11 on 2024-10-29 17:30:00+00:00
2024-11-11 21:40:35,726 - Sell to close 417.00 shares at 313.63 on 2024-10-29 19:00:00+00:00 (Exit: Signal, Profit: 537.6199999999827, Duration: 255.0 minutes)
2024-11-11 21:40:35,726 - Short Sell 63.00 shares at 313.84 on 2024-10-29 19:15:00+00:00
2024-11-11 21:40:35,726 - Buy to cover -63.00 shares at 312.35 on 2024-10-30 13:30:00+00:00 (Exit: Signal, Profit: 93.86999999999699, Duration: 1095.0 minutes)
2024-11-11 21:40:35,726 - Short Sell 63.00 shares at 315.47 on 2024-10-30 13:45:00+00:00
2024-11-11 21:40:35,726 - Short Sell 63.00 shares at 315.47 on 2024-10-30 14:00:00+00:00
2024-11-11 21:40:35,726 - Buy to cover -126.00 shares at 313.79 on 2024-10-30 14:15:00+00:00 (Exit: Profit_take, Profit: 211.68000000000086, Duration: 30.0 minutes)
2024-11-11 21:40:35,726 - Short Sell 63.00 shares at 314.23 on 2024-10-30 14:45:00+00:00
2024-11-11 21:40:35,726 - Short Sell 63.00 shares at 315.01 on 2024-10-30 15:15:00+00:00
2024-11-11 21:40:35,726 - Short Sell 63.00 shares at 315.07 on 2024-10-30 15:30:00+00:00
2024-11-11 21:40:35,726 - Short Sell 63.00 shares at 315.4 on 2024-10-30 15:45:00+00:00
2024-11-11 21:40:35,726 - Buy to cover -252.00 shares at 312.25 on 2024-10-30 16:15:00+00:00 (Exit: Profit_take, Profit: 674.7300000000023, Duration: 90.0 minutes)
2024-11-11 21:40:35,726 - Long Buy 63.00 shares at 312.68 on 2024-10-30 16:30:00+00:00
2024-11-11 21:40:35,727 - Long Buy 62.00 shares at 312.25 on 2024-10-30 17:15:00+00:00
2024-11-11 21:40:35,727 - Long Buy 61.00 shares at 312.43 on 2024-10-30 17:30:00+00:00
2024-11-11 21:40:35,727 - Long Buy 60.00 shares at 312.44 on 2024-10-30 18:45:00+00:00
2024-11-11 21:40:35,727 - Long Buy 59.00 shares at 312.31 on 2024-10-30 19:00:00+00:00
2024-11-11 21:40:35,727 - Long Buy 57.00 shares at 312.3 on 2024-10-30 19:15:00+00:00
2024-11-11 21:40:35,727 - Long Buy 56.00 shares at 311.55 on 2024-10-30 19:30:00+00:00
2024-11-11 21:40:35,727 - Long Buy 55.00 shares at 311.62 on 2024-10-30 19:45:00+00:00
2024-11-11 21:40:35,727 - Sell to close 473.00 shares at 303.25 on 2024-10-31 13:30:00+00:00 (Exit: Stop_loss, Profit: -4239.010000000005, Duration: 1260.0 minutes)
2024-11-11 21:40:35,727 - Long Buy 64.00 shares at 307.2 on 2024-11-01 13:30:00+00:00
2024-11-11 21:40:35,727 - Long Buy 63.00 shares at 308.62 on 2024-11-01 13:45:00+00:00
2024-11-11 21:40:35,727 - Long Buy 62.00 shares at 307.36 on 2024-11-01 14:00:00+00:00
2024-11-11 21:40:35,727 - Long Buy 60.00 shares at 308.95 on 2024-11-01 14:15:00+00:00
2024-11-11 21:40:35,727 - Long Buy 60.00 shares at 306.03 on 2024-11-01 14:30:00+00:00
2024-11-11 21:40:35,727 - Sell to close 309.00 shares at 305.15 on 2024-11-01 14:45:00+00:00 (Exit: Stop_loss, Profit: -767.6300000000095, Duration: 75.0 minutes)
2024-11-11 21:40:35,727 - Long Buy 64.00 shares at 306.48 on 2024-11-04 14:30:00+00:00
2024-11-11 21:40:35,727 - Long Buy 63.00 shares at 306.9 on 2024-11-04 14:45:00+00:00
2024-11-11 21:40:35,727 - Long Buy 62.00 shares at 306.29 on 2024-11-04 15:00:00+00:00
2024-11-11 21:40:35,727 - Long Buy 61.00 shares at 306.16 on 2024-11-04 15:15:00+00:00
2024-11-11 21:40:35,727 - Long Buy 60.00 shares at 305.2 on 2024-11-04 15:30:00+00:00
2024-11-11 21:40:35,728 - Long Buy 59.00 shares at 305.03 on 2024-11-04 15:45:00+00:00
2024-11-11 21:40:35,728 - Long Buy 57.00 shares at 305.79 on 2024-11-04 16:00:00+00:00
2024-11-11 21:40:35,728 - Long Buy 56.00 shares at 304.68 on 2024-11-04 16:15:00+00:00
2024-11-11 21:40:35,728 - Long Buy 55.00 shares at 304.28 on 2024-11-04 16:30:00+00:00
2024-11-11 21:40:35,728 - Sell to close 537.00 shares at 303.41 on 2024-11-04 16:45:00+00:00 (Exit: Stop_loss, Profit: -1220.2699999999504, Duration: 135.0 minutes)
2024-11-11 21:40:35,728 - Short Sell 63.00 shares at 310.82 on 2024-11-05 14:30:00+00:00
2024-11-11 21:40:35,728 - Short Sell 63.00 shares at 313.14 on 2024-11-05 14:45:00+00:00
2024-11-11 21:40:35,728 - Short Sell 63.00 shares at 313.1 on 2024-11-05 15:00:00+00:00
2024-11-11 21:40:35,728 - Short Sell 63.00 shares at 312.26 on 2024-11-05 15:15:00+00:00
2024-11-11 21:40:35,728 - Buy to cover -252.00 shares at 314.3 on 2024-11-05 15:30:00+00:00 (Exit: Stop_loss, Profit: -496.43999999999255, Duration: 60.0 minutes)
2024-11-11 21:40:35,728 - Long Buy 66.00 shares at 300.03 on 2024-11-06 14:30:00+00:00
2024-11-11 21:40:35,728 - Sell to close 66.00 shares at 303.32 on 2024-11-06 14:45:00+00:00 (Exit: Profit_take, Profit: 217.14000000000135, Duration: 15.0 minutes)
2024-11-11 21:40:35,728 - Long Buy 65.00 shares at 303.4 on 2024-11-06 15:00:00+00:00
2024-11-11 21:40:35,728 - Sell to close 65.00 shares at 306.5 on 2024-11-06 15:15:00+00:00 (Exit: Profit_take, Profit: 201.50000000000148, Duration: 15.0 minutes)
2024-11-11 21:40:35,728 - Long Buy 65.00 shares at 302.31 on 2024-11-06 15:30:00+00:00
2024-11-11 21:40:35,728 - Long Buy 64.00 shares at 302.05 on 2024-11-06 15:45:00+00:00
2024-11-11 21:40:35,728 - Long Buy 63.00 shares at 301.8 on 2024-11-06 16:00:00+00:00
2024-11-11 21:40:35,728 - Sell to close 192.00 shares at 305.11 on 2024-11-06 16:15:00+00:00 (Exit: Profit_take, Profit: 586.3699999999953, Duration: 45.0 minutes)
2024-11-11 21:40:35,728 - Long Buy 65.00 shares at 304.62 on 2024-11-06 16:30:00+00:00
2024-11-11 21:40:35,729 - Long Buy 64.00 shares at 304.13 on 2024-11-06 16:45:00+00:00
2024-11-11 21:40:35,729 - Long Buy 62.00 shares at 305.24 on 2024-11-06 17:00:00+00:00
2024-11-11 21:40:35,729 - Long Buy 61.00 shares at 304.38 on 2024-11-06 17:15:00+00:00
2024-11-11 21:40:35,729 - Sell to close 252.00 shares at 307.88 on 2024-11-06 17:30:00+00:00 (Exit: Profit_take, Profit: 829.0799999999908, Duration: 60.0 minutes)
2024-11-11 21:40:35,729 - Long Buy 64.00 shares at 307.43 on 2024-11-06 17:45:00+00:00
2024-11-11 21:40:35,729 - Long Buy 63.00 shares at 306.47 on 2024-11-06 18:00:00+00:00
2024-11-11 21:40:35,729 - Long Buy 62.00 shares at 307.09 on 2024-11-06 18:15:00+00:00
2024-11-11 21:40:35,729 - Sell to close 189.00 shares at 308.08 on 2024-11-06 18:30:00+00:00 (Exit: Signal, Profit: 204.40999999998633, Duration: 45.0 minutes)
2024-11-11 21:40:35,729 - Short Sell 64.00 shares at 308.68 on 2024-11-06 18:45:00+00:00
2024-11-11 21:40:35,729 - Short Sell 64.00 shares at 309.49 on 2024-11-06 19:00:00+00:00
2024-11-11 21:40:35,729 - Short Sell 64.00 shares at 308.85 on 2024-11-06 19:15:00+00:00
2024-11-11 21:40:35,729 - Short Sell 64.00 shares at 308.7 on 2024-11-06 19:30:00+00:00
2024-11-11 21:40:35,729 - Short Sell 64.00 shares at 309.3 on 2024-11-06 19:45:00+00:00
2024-11-11 21:40:35,729 - Short Sell 64.00 shares at 309.52 on 2024-11-06 20:00:00+00:00
2024-11-11 21:40:35,729 - Short Sell 64.00 shares at 310.23 on 2024-11-06 20:15:00+00:00
2024-11-11 21:40:35,729 - Short Sell 63.00 shares at 311.03 on 2024-11-06 20:30:00+00:00
2024-11-11 21:40:35,729 - Short Sell 63.00 shares at 310.85 on 2024-11-06 20:45:00+00:00
2024-11-11 21:40:35,729 - Buy to cover -574.00 shares at 313.06 on 2024-11-07 14:30:00+00:00 (Exit: Stop_loss, Profit: -1972.7200000000284, Duration: 1185.0 minutes)
2024-11-11 21:40:35,729 - Short Sell 61.00 shares at 321.65 on 2024-11-08 14:30:00+00:00
2024-11-11 21:40:35,729 - Short Sell 61.00 shares at 321.61 on 2024-11-08 14:45:00+00:00
2024-11-11 21:40:35,729 - Short Sell 61.00 shares at 321.45 on 2024-11-08 15:00:00+00:00
2024-11-11 21:40:35,729 - Short Sell 61.00 shares at 324.44 on 2024-11-08 15:15:00+00:00
2024-11-11 21:40:35,729 - Buy to cover -244.00 shares at 324.72 on 2024-11-08 15:30:00+00:00 (Exit: Stop_loss, Profit: -593.530000000015, Duration: 60.0 minutes)
2024-11-11 21:40:35,731 - Final statisticsStock: PWR, 
total_trades: 32, 
winning_trades: 20, 
losing_trades: 12, 
average_return: 0.0004812030449018053, 
average_duration: 686.25, 
final_balance: 992663.3699999993, 
final_portfolio_value: 992663.3699999993, 
sharpe_ratio: 6.294702104958161, 



