2024-11-11 20:50:22,080 - Starting GBMStrategy with initial capital: 1000000
2024-11-11 20:50:22,080 - Hyperparameters: {'threshold': 1.5, 'time_periods': 30, 'num_simulations': 150}
2024-11-11 20:54:58,007 - Long Buy 52.00 shares at 377.72 on 2024-10-11 14:30:00+00:00
2024-11-11 20:54:58,008 - Sell to close 52.00 shares at 378.43 on 2024-10-11 15:00:00+00:00 (Exit: Signal, Profit: 36.919999999998936, Duration: 30.0 minutes)
2024-11-11 20:54:58,008 - Long Buy 53.00 shares at 377.22 on 2024-10-11 15:15:00+00:00
2024-11-11 20:54:58,008 - Long Buy 51.00 shares at 377.08 on 2024-10-11 15:45:00+00:00
2024-11-11 20:54:58,009 - Long Buy 51.00 shares at 376.49 on 2024-10-11 16:00:00+00:00
2024-11-11 20:54:58,009 - Long Buy 50.00 shares at 376.11 on 2024-10-11 16:15:00+00:00
2024-11-11 20:54:58,009 - Long Buy 49.00 shares at 376.25 on 2024-10-11 16:30:00+00:00
2024-11-11 20:54:58,009 - Long Buy 48.00 shares at 376.67 on 2024-10-11 16:45:00+00:00
2024-11-11 20:54:58,009 - Long Buy 47.00 shares at 376.56 on 2024-10-11 17:00:00+00:00
2024-11-11 20:54:58,009 - Long Buy 46.00 shares at 376.85 on 2024-10-11 17:15:00+00:00
2024-11-11 20:54:58,009 - Long Buy 45.00 shares at 376.95 on 2024-10-11 17:30:00+00:00
2024-11-11 20:54:58,009 - Long Buy 44.00 shares at 376.93 on 2024-10-11 17:45:00+00:00
2024-11-11 20:54:58,009 - Long Buy 43.00 shares at 377.07 on 2024-10-11 18:00:00+00:00
2024-11-11 20:54:58,009 - Sell to close 527.00 shares at 379.01 on 2024-10-11 19:45:00+00:00 (Exit: Profit_take, Profit: 1196.5299999999902, Duration: 270.0 minutes)
2024-11-11 20:54:58,009 - Short Sell 52.00 shares at 378.78 on 2024-10-14 13:30:00+00:00
2024-11-11 20:54:58,009 - Short Sell 52.00 shares at 379.38 on 2024-10-14 13:45:00+00:00
2024-11-11 20:54:58,009 - Short Sell 52.00 shares at 380.0 on 2024-10-14 14:00:00+00:00
2024-11-11 20:54:58,009 - Short Sell 52.00 shares at 380.08 on 2024-10-14 14:15:00+00:00
2024-11-11 20:54:58,009 - Short Sell 52.00 shares at 381.37 on 2024-10-14 14:30:00+00:00
2024-11-11 20:54:58,009 - Short Sell 52.00 shares at 381.08 on 2024-10-14 14:45:00+00:00
2024-11-11 20:54:58,009 - Short Sell 52.00 shares at 381.92 on 2024-10-14 15:00:00+00:00
2024-11-11 20:54:58,009 - Short Sell 52.00 shares at 382.3 on 2024-10-14 15:15:00+00:00
2024-11-11 20:54:58,009 - Short Sell 52.00 shares at 382.36 on 2024-10-14 15:30:00+00:00
2024-11-11 20:54:58,009 - Buy to cover -468.00 shares at 382.74 on 2024-10-14 16:00:00+00:00 (Exit: Stop_loss, Profit: -904.2799999999934, Duration: 150.0 minutes)
2024-11-11 20:54:58,009 - Short Sell 51.00 shares at 387.0 on 2024-10-15 13:30:00+00:00
2024-11-11 20:54:58,010 - Short Sell 51.00 shares at 387.1 on 2024-10-15 13:45:00+00:00
2024-11-11 20:54:58,010 - Short Sell 51.00 shares at 389.21 on 2024-10-15 14:00:00+00:00
2024-11-11 20:54:58,010 - Short Sell 51.00 shares at 390.84 on 2024-10-15 14:15:00+00:00
2024-11-11 20:54:58,010 - Short Sell 51.00 shares at 390.67 on 2024-10-15 14:30:00+00:00
2024-11-11 20:54:58,010 - Short Sell 51.00 shares at 389.85 on 2024-10-15 14:45:00+00:00
2024-11-11 20:54:58,010 - Short Sell 51.00 shares at 390.7 on 2024-10-15 15:00:00+00:00
2024-11-11 20:54:58,010 - Buy to cover -357.00 shares at 391.17 on 2024-10-15 15:15:00+00:00 (Exit: Stop_loss, Profit: -653.819999999991, Duration: 105.0 minutes)
2024-11-11 20:54:58,010 - Long Buy 51.00 shares at 388.96 on 2024-10-16 13:30:00+00:00
2024-11-11 20:54:58,010 - Long Buy 50.00 shares at 390.6 on 2024-10-16 13:45:00+00:00
2024-11-11 20:54:58,010 - Long Buy 49.00 shares at 390.36 on 2024-10-16 14:00:00+00:00
2024-11-11 20:54:58,010 - Long Buy 48.00 shares at 389.92 on 2024-10-16 14:15:00+00:00
2024-11-11 20:54:58,010 - Long Buy 47.00 shares at 389.56 on 2024-10-16 14:30:00+00:00
2024-11-11 20:54:58,010 - Long Buy 46.00 shares at 389.32 on 2024-10-16 14:45:00+00:00
2024-11-11 20:54:58,010 - Long Buy 45.00 shares at 389.05 on 2024-10-16 15:00:00+00:00
2024-11-11 20:54:58,010 - Long Buy 44.00 shares at 389.64 on 2024-10-16 15:15:00+00:00
2024-11-11 20:54:58,010 - Long Buy 43.00 shares at 390.13 on 2024-10-16 15:30:00+00:00
2024-11-11 20:54:58,010 - Long Buy 42.00 shares at 388.74 on 2024-10-16 15:45:00+00:00
2024-11-11 20:54:58,010 - Long Buy 42.00 shares at 389.1 on 2024-10-16 16:00:00+00:00
2024-11-11 20:54:58,010 - Long Buy 41.00 shares at 389.0 on 2024-10-16 16:15:00+00:00
2024-11-11 20:54:58,010 - Long Buy 40.00 shares at 389.3 on 2024-10-16 16:30:00+00:00
2024-11-11 20:54:58,010 - Long Buy 39.00 shares at 389.0 on 2024-10-16 16:45:00+00:00
2024-11-11 20:54:58,010 - Long Buy 38.00 shares at 388.91 on 2024-10-16 17:00:00+00:00
2024-11-11 20:54:58,010 - Long Buy 38.00 shares at 389.25 on 2024-10-16 17:15:00+00:00
2024-11-11 20:54:58,010 - Long Buy 37.00 shares at 389.17 on 2024-10-16 17:30:00+00:00
2024-11-11 20:54:58,011 - Long Buy 36.00 shares at 388.67 on 2024-10-16 19:00:00+00:00
2024-11-11 20:54:58,011 - Long Buy 35.00 shares at 387.99 on 2024-10-17 14:00:00+00:00
2024-11-11 20:54:58,011 - Long Buy 35.00 shares at 388.43 on 2024-10-17 14:30:00+00:00
2024-11-11 20:54:58,011 - Long Buy 34.00 shares at 388.12 on 2024-10-17 18:15:00+00:00
2024-11-11 20:54:58,011 - Sell to close 880.00 shares at 388.37 on 2024-10-17 18:30:00+00:00 (Exit: Signal, Profit: -783.75000000005, Duration: 1740.0 minutes)
2024-11-11 20:54:58,011 - Short Sell 51.00 shares at 388.48 on 2024-10-17 18:45:00+00:00
2024-11-11 20:54:58,011 - Short Sell 51.00 shares at 389.18 on 2024-10-17 19:00:00+00:00
2024-11-11 20:54:58,011 - Short Sell 51.00 shares at 389.05 on 2024-10-17 19:45:00+00:00
2024-11-11 20:54:58,011 - Short Sell 51.00 shares at 390.23 on 2024-10-18 13:30:00+00:00
2024-11-11 20:54:58,011 - Buy to cover -204.00 shares at 387.65 on 2024-10-18 13:45:00+00:00 (Exit: Signal, Profit: 323.3400000000074, Duration: 1140.0 minutes)
2024-11-11 20:54:58,011 - Short Sell 51.00 shares at 388.97 on 2024-10-18 14:45:00+00:00
2024-11-11 20:54:58,011 - Short Sell 51.00 shares at 388.85 on 2024-10-18 15:00:00+00:00
2024-11-11 20:54:58,011 - Short Sell 51.00 shares at 388.96 on 2024-10-18 15:15:00+00:00
2024-11-11 20:54:58,011 - Short Sell 51.00 shares at 388.96 on 2024-10-18 15:45:00+00:00
2024-11-11 20:54:58,011 - Short Sell 51.00 shares at 389.13 on 2024-10-18 16:00:00+00:00
2024-11-11 20:54:58,011 - Short Sell 51.00 shares at 389.63 on 2024-10-18 16:15:00+00:00
2024-11-11 20:54:58,011 - Short Sell 51.00 shares at 389.9 on 2024-10-18 16:30:00+00:00
2024-11-11 20:54:58,011 - Short Sell 51.00 shares at 389.15 on 2024-10-18 16:45:00+00:00
2024-11-11 20:54:58,011 - Short Sell 51.00 shares at 389.09 on 2024-10-18 17:00:00+00:00
2024-11-11 20:54:58,012 - Short Sell 51.00 shares at 389.45 on 2024-10-18 18:00:00+00:00
2024-11-11 20:54:58,012 - Short Sell 51.00 shares at 389.6 on 2024-10-18 18:15:00+00:00
2024-11-11 20:54:58,012 - Short Sell 51.00 shares at 389.13 on 2024-10-18 18:30:00+00:00
2024-11-11 20:54:58,012 - Buy to cover -612.00 shares at 387.6 on 2024-10-18 19:30:00+00:00 (Exit: Signal, Profit: 1000.6200000000292, Duration: 285.0 minutes)
2024-11-11 20:54:58,012 - Short Sell 51.00 shares at 388.14 on 2024-10-18 19:45:00+00:00
2024-11-11 20:54:58,012 - Buy to cover -51.00 shares at 386.15 on 2024-10-21 13:30:00+00:00 (Exit: Profit_take, Profit: 101.49000000000046, Duration: 3945.0 minutes)
2024-11-11 20:54:58,012 - Long Buy 51.00 shares at 386.83 on 2024-10-21 13:45:00+00:00
2024-11-11 20:54:58,012 - Long Buy 50.00 shares at 386.0 on 2024-10-21 14:15:00+00:00
2024-11-11 20:54:58,012 - Long Buy 49.00 shares at 385.45 on 2024-10-21 14:30:00+00:00
2024-11-11 20:54:58,012 - Long Buy 48.00 shares at 385.4 on 2024-10-21 14:45:00+00:00
2024-11-11 20:54:58,012 - Long Buy 47.00 shares at 385.09 on 2024-10-21 15:00:00+00:00
2024-11-11 20:54:58,012 - Long Buy 47.00 shares at 384.13 on 2024-10-21 15:15:00+00:00
2024-11-11 20:54:58,012 - Long Buy 46.00 shares at 384.59 on 2024-10-21 15:30:00+00:00
2024-11-11 20:54:58,012 - Long Buy 45.00 shares at 384.44 on 2024-10-21 15:45:00+00:00
2024-11-11 20:54:58,012 - Sell to close 383.00 shares at 383.61 on 2024-10-21 16:00:00+00:00 (Exit: Stop_loss, Profit: -636.2299999999841, Duration: 135.0 minutes)
2024-11-11 20:54:58,012 - Long Buy 53.00 shares at 370.46 on 2024-10-22 13:30:00+00:00
2024-11-11 20:54:58,012 - Long Buy 52.00 shares at 371.38 on 2024-10-22 13:45:00+00:00
2024-11-11 20:54:58,012 - Long Buy 52.00 shares at 368.98 on 2024-10-22 14:00:00+00:00
2024-11-11 20:54:58,012 - Long Buy 51.00 shares at 368.69 on 2024-10-22 14:15:00+00:00
2024-11-11 20:54:58,012 - Long Buy 50.00 shares at 367.8 on 2024-10-22 14:30:00+00:00
2024-11-11 20:54:58,012 - Sell to close 258.00 shares at 366.77 on 2024-10-22 14:45:00+00:00 (Exit: Stop_loss, Profit: -699.6300000000049, Duration: 75.0 minutes)
2024-11-11 20:54:58,013 - Long Buy 55.00 shares at 362.11 on 2024-10-23 13:30:00+00:00
2024-11-11 20:54:58,013 - Long Buy 53.00 shares at 363.23 on 2024-10-23 13:45:00+00:00
2024-11-11 20:54:58,013 - Sell to close 108.00 shares at 364.9 on 2024-10-23 14:00:00+00:00 (Exit: Profit_take, Profit: 241.95999999998935, Duration: 30.0 minutes)
2024-11-11 20:54:58,013 - Long Buy 54.00 shares at 365.23 on 2024-10-23 14:15:00+00:00
2024-11-11 20:54:58,013 - Long Buy 53.00 shares at 364.71 on 2024-10-23 14:30:00+00:00
2024-11-11 20:54:58,013 - Long Buy 52.00 shares at 364.81 on 2024-10-23 14:45:00+00:00
2024-11-11 20:54:58,013 - Long Buy 51.00 shares at 364.58 on 2024-10-23 15:00:00+00:00
2024-11-11 20:54:58,013 - Long Buy 50.00 shares at 363.68 on 2024-10-23 15:15:00+00:00
2024-11-11 20:54:58,013 - Long Buy 49.00 shares at 364.16 on 2024-10-23 15:45:00+00:00
2024-11-11 20:54:58,013 - Long Buy 48.00 shares at 362.98 on 2024-10-23 16:00:00+00:00
2024-11-11 20:54:58,013 - Long Buy 47.00 shares at 363.24 on 2024-10-23 16:15:00+00:00
2024-11-11 20:54:58,013 - Long Buy 46.00 shares at 363.94 on 2024-10-23 16:30:00+00:00
2024-11-11 20:54:58,013 - Long Buy 45.00 shares at 363.43 on 2024-10-23 17:00:00+00:00
2024-11-11 20:54:58,013 - Long Buy 45.00 shares at 363.25 on 2024-10-23 17:15:00+00:00
2024-11-11 20:54:58,013 - Long Buy 44.00 shares at 363.14 on 2024-10-23 17:30:00+00:00
2024-11-11 20:54:58,013 - Long Buy 43.00 shares at 363.22 on 2024-10-23 17:45:00+00:00
2024-11-11 20:54:58,013 - Long Buy 42.00 shares at 362.08 on 2024-10-23 18:00:00+00:00
2024-11-11 20:54:58,013 - Long Buy 41.00 shares at 362.79 on 2024-10-23 18:15:00+00:00
2024-11-11 20:54:58,013 - Long Buy 40.00 shares at 362.95 on 2024-10-23 18:30:00+00:00
2024-11-11 20:54:58,013 - Long Buy 40.00 shares at 362.93 on 2024-10-23 18:45:00+00:00
2024-11-11 20:54:58,013 - Long Buy 39.00 shares at 362.69 on 2024-10-23 19:00:00+00:00
2024-11-11 20:54:58,013 - Long Buy 38.00 shares at 362.87 on 2024-10-23 19:15:00+00:00
2024-11-11 20:54:58,013 - Long Buy 37.00 shares at 363.08 on 2024-10-23 19:30:00+00:00
2024-11-11 20:54:58,013 - Long Buy 36.00 shares at 362.75 on 2024-10-23 19:45:00+00:00
2024-11-11 20:54:58,013 - Long Buy 36.00 shares at 361.75 on 2024-10-24 13:30:00+00:00
2024-11-11 20:54:58,013 - Sell to close 976.00 shares at 361.01 on 2024-10-24 13:45:00+00:00 (Exit: Stop_loss, Profit: -2398.49000000001, Duration: 1410.0 minutes)
2024-11-11 20:54:58,014 - Short Sell 54.00 shares at 364.25 on 2024-10-25 14:00:00+00:00
2024-11-11 20:54:58,014 - Short Sell 54.00 shares at 364.87 on 2024-10-25 14:15:00+00:00
2024-11-11 20:54:58,014 - Short Sell 54.00 shares at 364.3 on 2024-10-25 14:30:00+00:00
2024-11-11 20:54:58,014 - Short Sell 54.00 shares at 363.83 on 2024-10-25 14:45:00+00:00
2024-11-11 20:54:58,014 - Short Sell 54.00 shares at 363.7 on 2024-10-25 15:00:00+00:00
2024-11-11 20:54:58,014 - Buy to cover -270.00 shares at 362.34 on 2024-10-25 16:00:00+00:00 (Exit: Profit_take, Profit: 499.50000000000614, Duration: 120.0 minutes)
2024-11-11 20:54:58,014 - Long Buy 55.00 shares at 361.59 on 2024-10-25 17:00:00+00:00
2024-11-11 20:54:58,014 - Long Buy 54.00 shares at 361.51 on 2024-10-25 17:15:00+00:00
2024-11-11 20:54:58,014 - Long Buy 53.00 shares at 360.3 on 2024-10-25 17:30:00+00:00
2024-11-11 20:54:58,014 - Long Buy 52.00 shares at 360.83 on 2024-10-25 17:45:00+00:00
2024-11-11 20:54:58,014 - Long Buy 50.00 shares at 360.92 on 2024-10-25 18:00:00+00:00
2024-11-11 20:54:58,014 - Long Buy 49.00 shares at 361.03 on 2024-10-25 18:45:00+00:00
2024-11-11 20:54:58,014 - Long Buy 49.00 shares at 359.58 on 2024-10-25 19:00:00+00:00
2024-11-11 20:54:58,014 - Long Buy 48.00 shares at 360.1 on 2024-10-25 19:15:00+00:00
2024-11-11 20:54:58,014 - Long Buy 47.00 shares at 359.41 on 2024-10-25 19:30:00+00:00
2024-11-11 20:54:58,014 - Long Buy 46.00 shares at 358.91 on 2024-10-25 19:45:00+00:00
2024-11-11 20:54:58,014 - Sell to close 503.00 shares at 364.88 on 2024-10-28 13:30:00+00:00 (Exit: Profit_take, Profit: 2223.770000000008, Duration: 4110.0 minutes)
2024-11-11 20:54:58,014 - Short Sell 54.00 shares at 364.84 on 2024-10-28 13:45:00+00:00
2024-11-11 20:54:58,014 - Short Sell 54.00 shares at 365.2 on 2024-10-28 14:00:00+00:00
2024-11-11 20:54:58,015 - Short Sell 54.00 shares at 365.95 on 2024-10-28 14:15:00+00:00
2024-11-11 20:54:58,015 - Short Sell 54.00 shares at 364.92 on 2024-10-28 14:30:00+00:00
2024-11-11 20:54:58,015 - Short Sell 54.00 shares at 364.64 on 2024-10-28 14:45:00+00:00
2024-11-11 20:54:58,015 - Short Sell 54.00 shares at 365.0 on 2024-10-28 15:00:00+00:00
2024-11-11 20:54:58,015 - Short Sell 54.00 shares at 364.46 on 2024-10-28 15:15:00+00:00
2024-11-11 20:54:58,015 - Short Sell 54.00 shares at 364.06 on 2024-10-28 15:30:00+00:00
2024-11-11 20:54:58,015 - Short Sell 54.00 shares at 363.73 on 2024-10-28 15:45:00+00:00
2024-11-11 20:54:58,015 - Short Sell 55.00 shares at 363.65 on 2024-10-28 16:00:00+00:00
2024-11-11 20:54:58,015 - Short Sell 54.00 shares at 363.78 on 2024-10-28 16:15:00+00:00
2024-11-11 20:54:58,015 - Buy to cover -595.00 shares at 362.73 on 2024-10-28 16:45:00+00:00 (Exit: Profit_take, Profit: 1091.7200000000082, Duration: 180.0 minutes)
2024-11-11 20:54:58,015 - Short Sell 55.00 shares at 363.66 on 2024-10-28 17:30:00+00:00
2024-11-11 20:54:58,015 - Short Sell 55.00 shares at 363.55 on 2024-10-28 17:45:00+00:00
2024-11-11 20:54:58,015 - Short Sell 54.00 shares at 364.31 on 2024-10-28 19:15:00+00:00
2024-11-11 20:54:58,015 - Short Sell 54.00 shares at 364.6 on 2024-10-28 19:30:00+00:00
2024-11-11 20:54:58,015 - Buy to cover -218.00 shares at 361.13 on 2024-10-29 13:30:00+00:00 (Exit: Profit_take, Profit: 631.3500000000074, Duration: 1200.0 minutes)
2024-11-11 20:54:58,015 - Long Buy 55.00 shares at 362.64 on 2024-10-29 13:45:00+00:00
2024-11-11 20:54:58,015 - Long Buy 54.00 shares at 361.89 on 2024-10-29 14:00:00+00:00
2024-11-11 20:54:58,015 - Long Buy 53.00 shares at 362.11 on 2024-10-29 15:15:00+00:00
2024-11-11 20:54:58,015 - Long Buy 52.00 shares at 361.99 on 2024-10-29 15:30:00+00:00
2024-11-11 20:54:58,015 - Long Buy 51.00 shares at 361.71 on 2024-10-29 15:45:00+00:00
2024-11-11 20:54:58,015 - Long Buy 50.00 shares at 362.0 on 2024-10-29 16:30:00+00:00
2024-11-11 20:54:58,016 - Long Buy 49.00 shares at 362.02 on 2024-10-29 17:30:00+00:00
2024-11-11 20:54:58,016 - Long Buy 48.00 shares at 362.2 on 2024-10-29 17:45:00+00:00
2024-11-11 20:54:58,016 - Long Buy 47.00 shares at 362.44 on 2024-10-29 19:00:00+00:00
2024-11-11 20:54:58,016 - Long Buy 46.00 shares at 362.05 on 2024-10-29 19:15:00+00:00
2024-11-11 20:54:58,016 - Long Buy 45.00 shares at 361.76 on 2024-10-29 19:30:00+00:00
2024-11-11 20:54:58,016 - Long Buy 44.00 shares at 361.59 on 2024-10-29 19:45:00+00:00
2024-11-11 20:54:58,016 - Sell to close 594.00 shares at 364.2 on 2024-10-30 13:30:00+00:00 (Exit: Profit_take, Profit: 1282.2999999999968, Duration: 1425.0 minutes)
2024-11-11 20:54:58,016 - Short Sell 54.00 shares at 365.24 on 2024-10-30 13:45:00+00:00
2024-11-11 20:54:58,016 - Short Sell 54.00 shares at 365.48 on 2024-10-30 14:00:00+00:00
2024-11-11 20:54:58,016 - Short Sell 55.00 shares at 364.11 on 2024-10-30 14:15:00+00:00
2024-11-11 20:54:58,016 - Short Sell 55.00 shares at 363.44 on 2024-10-30 14:30:00+00:00
2024-11-11 20:54:58,016 - Short Sell 55.00 shares at 364.27 on 2024-10-30 14:45:00+00:00
2024-11-11 20:54:58,016 - Short Sell 55.00 shares at 364.04 on 2024-10-30 15:00:00+00:00
2024-11-11 20:54:58,016 - Buy to cover -328.00 shares at 362.46 on 2024-10-30 16:00:00+00:00 (Exit: Profit_take, Profit: 644.3000000000106, Duration: 135.0 minutes)
2024-11-11 20:54:58,016 - Long Buy 55.00 shares at 360.88 on 2024-10-31 13:30:00+00:00
2024-11-11 20:54:58,016 - Long Buy 54.00 shares at 361.11 on 2024-10-31 14:00:00+00:00
2024-11-11 20:54:58,016 - Long Buy 53.00 shares at 360.08 on 2024-10-31 14:15:00+00:00
2024-11-11 20:54:58,016 - Long Buy 52.00 shares at 360.68 on 2024-10-31 14:30:00+00:00
2024-11-11 20:54:58,016 - Long Buy 51.00 shares at 360.11 on 2024-10-31 14:45:00+00:00
2024-11-11 20:54:58,016 - Long Buy 50.00 shares at 360.27 on 2024-10-31 15:00:00+00:00
2024-11-11 20:54:58,016 - Long Buy 49.00 shares at 359.98 on 2024-10-31 15:15:00+00:00
2024-11-11 20:54:58,017 - Long Buy 48.00 shares at 360.23 on 2024-10-31 15:30:00+00:00
2024-11-11 20:54:58,017 - Long Buy 47.00 shares at 360.78 on 2024-10-31 15:45:00+00:00
2024-11-11 20:54:58,017 - Long Buy 46.00 shares at 360.38 on 2024-10-31 16:00:00+00:00
2024-11-11 20:54:58,017 - Long Buy 45.00 shares at 360.57 on 2024-10-31 16:15:00+00:00
2024-11-11 20:54:58,017 - Long Buy 44.00 shares at 360.11 on 2024-10-31 16:30:00+00:00
2024-11-11 20:54:58,017 - Long Buy 43.00 shares at 360.06 on 2024-10-31 16:45:00+00:00
2024-11-11 20:54:58,017 - Long Buy 42.00 shares at 360.4 on 2024-10-31 17:00:00+00:00
2024-11-11 20:54:58,017 - Long Buy 42.00 shares at 360.31 on 2024-10-31 17:15:00+00:00
2024-11-11 20:54:58,017 - Long Buy 41.00 shares at 359.71 on 2024-10-31 17:30:00+00:00
2024-11-11 20:54:58,017 - Long Buy 40.00 shares at 359.63 on 2024-10-31 17:45:00+00:00
2024-11-11 20:54:58,017 - Long Buy 39.00 shares at 359.69 on 2024-10-31 18:00:00+00:00
2024-11-11 20:54:58,017 - Long Buy 38.00 shares at 359.19 on 2024-10-31 18:15:00+00:00
2024-11-11 20:54:58,017 - Long Buy 38.00 shares at 359.42 on 2024-10-31 18:30:00+00:00
2024-11-11 20:54:58,017 - Long Buy 37.00 shares at 359.53 on 2024-10-31 18:45:00+00:00
2024-11-11 20:54:58,017 - Long Buy 36.00 shares at 359.45 on 2024-10-31 19:00:00+00:00
2024-11-11 20:54:58,017 - Long Buy 35.00 shares at 359.76 on 2024-10-31 19:15:00+00:00
2024-11-11 20:54:58,017 - Long Buy 35.00 shares at 359.73 on 2024-10-31 19:30:00+00:00
2024-11-11 20:54:58,017 - Long Buy 34.00 shares at 359.08 on 2024-10-31 19:45:00+00:00
2024-11-11 20:54:58,017 - Sell to close 1094.00 shares at 363.55 on 2024-11-01 14:00:00+00:00 (Exit: Profit_take, Profit: 3767.48000000007, Duration: 1470.0 minutes)
2024-11-11 20:54:58,017 - Long Buy 55.00 shares at 361.75 on 2024-11-01 14:30:00+00:00
2024-11-11 20:54:58,017 - Long Buy 54.00 shares at 361.82 on 2024-11-01 14:45:00+00:00
2024-11-11 20:54:58,017 - Long Buy 53.00 shares at 361.38 on 2024-11-01 15:00:00+00:00
2024-11-11 20:54:58,017 - Long Buy 52.00 shares at 360.62 on 2024-11-01 15:15:00+00:00
2024-11-11 20:54:58,017 - Long Buy 51.00 shares at 360.16 on 2024-11-01 15:30:00+00:00
2024-11-11 20:54:58,017 - Long Buy 50.00 shares at 360.07 on 2024-11-01 15:45:00+00:00
2024-11-11 20:54:58,017 - Long Buy 49.00 shares at 359.86 on 2024-11-01 16:00:00+00:00
2024-11-11 20:54:58,017 - Long Buy 48.00 shares at 359.49 on 2024-11-01 16:15:00+00:00
2024-11-11 20:54:58,017 - Long Buy 47.00 shares at 359.57 on 2024-11-01 16:30:00+00:00
2024-11-11 20:54:58,017 - Long Buy 46.00 shares at 359.33 on 2024-11-01 16:45:00+00:00
2024-11-11 20:54:58,017 - Long Buy 45.00 shares at 359.4 on 2024-11-01 17:00:00+00:00
2024-11-11 20:54:58,017 - Long Buy 44.00 shares at 359.62 on 2024-11-01 17:15:00+00:00
2024-11-11 20:54:58,017 - Long Buy 44.00 shares at 358.3 on 2024-11-01 17:30:00+00:00
2024-11-11 20:54:58,017 - Long Buy 43.00 shares at 358.51 on 2024-11-01 17:45:00+00:00
2024-11-11 20:54:58,018 - Long Buy 42.00 shares at 358.69 on 2024-11-01 18:00:00+00:00
2024-11-11 20:54:58,018 - Long Buy 41.00 shares at 358.7 on 2024-11-01 18:15:00+00:00
2024-11-11 20:54:58,018 - Long Buy 40.00 shares at 358.88 on 2024-11-01 18:30:00+00:00
2024-11-11 20:54:58,018 - Long Buy 39.00 shares at 358.93 on 2024-11-01 18:45:00+00:00
2024-11-11 20:54:58,018 - Long Buy 39.00 shares at 359.06 on 2024-11-01 19:00:00+00:00
2024-11-11 20:54:58,018 - Long Buy 38.00 shares at 359.18 on 2024-11-01 19:15:00+00:00
2024-11-11 20:54:58,018 - Long Buy 37.00 shares at 359.27 on 2024-11-01 19:30:00+00:00
2024-11-11 20:54:58,018 - Sell to close 957.00 shares at 357.97 on 2024-11-01 19:45:00+00:00 (Exit: Stop_loss, Profit: -1699.6400000000992, Duration: 315.0 minutes)
2024-11-11 20:54:58,018 - Short Sell 53.00 shares at 376.56 on 2024-11-04 14:30:00+00:00
2024-11-11 20:54:58,018 - Buy to cover -53.00 shares at 374.04 on 2024-11-04 14:45:00+00:00 (Exit: Profit_take, Profit: 133.55999999999904, Duration: 15.0 minutes)
2024-11-11 20:54:58,018 - Short Sell 53.00 shares at 373.68 on 2024-11-04 15:00:00+00:00
2024-11-11 20:54:58,018 - Short Sell 53.00 shares at 373.78 on 2024-11-04 15:15:00+00:00
2024-11-11 20:54:58,018 - Short Sell 53.00 shares at 372.96 on 2024-11-04 15:30:00+00:00
2024-11-11 20:54:58,018 - Short Sell 53.00 shares at 373.35 on 2024-11-04 15:45:00+00:00
2024-11-11 20:54:58,018 - Short Sell 53.00 shares at 372.86 on 2024-11-04 16:00:00+00:00
2024-11-11 20:54:58,018 - Short Sell 54.00 shares at 371.66 on 2024-11-04 16:15:00+00:00
2024-11-11 20:54:58,018 - Buy to cover -319.00 shares at 370.46 on 2024-11-04 16:30:00+00:00 (Exit: Profit_take, Profit: 824.2899999999975, Duration: 90.0 minutes)
2024-11-11 20:54:58,018 - Long Buy 54.00 shares at 370.02 on 2024-11-04 16:45:00+00:00
2024-11-11 20:54:58,018 - Long Buy 53.00 shares at 369.91 on 2024-11-04 17:00:00+00:00
2024-11-11 20:54:58,018 - Long Buy 52.00 shares at 370.75 on 2024-11-04 17:15:00+00:00
2024-11-11 20:54:58,018 - Long Buy 51.00 shares at 370.78 on 2024-11-04 17:30:00+00:00
2024-11-11 20:54:58,018 - Sell to close 210.00 shares at 372.5 on 2024-11-04 19:30:00+00:00 (Exit: Profit_take, Profit: 449.9100000000021, Duration: 165.0 minutes)
2024-11-11 20:54:58,018 - Short Sell 53.00 shares at 372.93 on 2024-11-04 20:00:00+00:00
2024-11-11 20:54:58,018 - Short Sell 53.00 shares at 373.08 on 2024-11-04 20:15:00+00:00
2024-11-11 20:54:58,019 - Short Sell 53.00 shares at 373.38 on 2024-11-04 20:30:00+00:00
2024-11-11 20:54:58,019 - Short Sell 53.00 shares at 374.4 on 2024-11-04 20:45:00+00:00
2024-11-11 20:54:58,019 - Short Sell 53.00 shares at 376.05 on 2024-11-05 14:30:00+00:00
2024-11-11 20:54:58,019 - Short Sell 53.00 shares at 376.28 on 2024-11-05 14:45:00+00:00
2024-11-11 20:54:58,019 - Buy to cover -318.00 shares at 377.39 on 2024-11-05 15:00:00+00:00 (Exit: Stop_loss, Profit: -965.6600000000075, Duration: 1140.0 minutes)
2024-11-11 20:54:58,019 - Short Sell 53.00 shares at 379.02 on 2024-11-06 14:30:00+00:00
2024-11-11 20:54:58,019 - Short Sell 53.00 shares at 379.07 on 2024-11-06 15:45:00+00:00
2024-11-11 20:54:58,019 - Short Sell 52.00 shares at 380.56 on 2024-11-06 16:00:00+00:00
2024-11-11 20:54:58,019 - Short Sell 52.00 shares at 379.94 on 2024-11-06 16:45:00+00:00
2024-11-11 20:54:58,019 - Buy to cover -210.00 shares at 381.47 on 2024-11-06 17:45:00+00:00 (Exit: Stop_loss, Profit: -383.9299999999963, Duration: 195.0 minutes)
2024-11-11 20:54:58,019 - Short Sell 51.00 shares at 387.52 on 2024-11-07 14:30:00+00:00
2024-11-11 20:54:58,019 - Short Sell 51.00 shares at 386.79 on 2024-11-07 14:45:00+00:00
2024-11-11 20:54:58,019 - Short Sell 52.00 shares at 386.05 on 2024-11-07 15:00:00+00:00
2024-11-11 20:54:58,019 - Short Sell 51.00 shares at 387.03 on 2024-11-07 15:15:00+00:00
2024-11-11 20:54:58,019 - Short Sell 51.00 shares at 387.65 on 2024-11-07 15:30:00+00:00
2024-11-11 20:54:58,019 - Short Sell 51.00 shares at 387.78 on 2024-11-07 15:45:00+00:00
2024-11-11 20:54:58,019 - Short Sell 52.00 shares at 386.65 on 2024-11-07 16:00:00+00:00
2024-11-11 20:54:58,019 - Short Sell 52.00 shares at 386.5 on 2024-11-07 16:15:00+00:00
2024-11-11 20:54:58,019 - Short Sell 52.00 shares at 386.65 on 2024-11-07 16:30:00+00:00
2024-11-11 20:54:58,020 - Short Sell 51.00 shares at 387.18 on 2024-11-07 16:45:00+00:00
2024-11-11 20:54:58,020 - Short Sell 51.00 shares at 388.18 on 2024-11-07 17:00:00+00:00
2024-11-11 20:54:58,020 - Short Sell 51.00 shares at 388.54 on 2024-11-07 17:15:00+00:00
2024-11-11 20:54:58,020 - Short Sell 51.00 shares at 387.64 on 2024-11-07 17:30:00+00:00
2024-11-11 20:54:58,020 - Short Sell 51.00 shares at 387.87 on 2024-11-07 17:45:00+00:00
2024-11-11 20:54:58,020 - Short Sell 51.00 shares at 388.15 on 2024-11-07 18:00:00+00:00
2024-11-11 20:54:58,020 - Short Sell 51.00 shares at 387.86 on 2024-11-07 18:15:00+00:00
2024-11-11 20:54:58,020 - Short Sell 51.00 shares at 386.87 on 2024-11-07 18:30:00+00:00
2024-11-11 20:54:58,020 - Short Sell 52.00 shares at 386.37 on 2024-11-07 18:45:00+00:00
2024-11-11 20:54:58,020 - Buy to cover -923.00 shares at 385.15 on 2024-11-07 19:00:00+00:00 (Exit: Profit_take, Profit: 1974.0499999999774, Duration: 270.0 minutes)
2024-11-11 20:54:58,020 - Short Sell 52.00 shares at 386.2 on 2024-11-07 19:15:00+00:00
2024-11-11 20:54:58,020 - Buy to cover -52.00 shares at 386.04 on 2024-11-07 19:30:00+00:00 (Exit: Signal, Profit: 8.319999999995389, Duration: 15.0 minutes)
2024-11-11 20:54:58,020 - Long Buy 52.00 shares at 385.72 on 2024-11-07 19:45:00+00:00
2024-11-11 20:54:58,020 - Sell to close 52.00 shares at 386.76 on 2024-11-07 20:00:00+00:00 (Exit: Signal, Profit: 54.07999999999811, Duration: 15.0 minutes)
2024-11-11 20:54:58,020 - Short Sell 51.00 shares at 387.98 on 2024-11-07 20:15:00+00:00
2024-11-11 20:54:58,020 - Short Sell 51.00 shares at 388.74 on 2024-11-07 20:30:00+00:00
2024-11-11 20:54:58,020 - Buy to cover -102.00 shares at 384.05 on 2024-11-07 20:45:00+00:00 (Exit: Profit_take, Profit: 439.62000000000023, Duration: 30.0 minutes)
2024-11-11 20:54:58,020 - Short Sell 52.00 shares at 387.47 on 2024-11-08 14:45:00+00:00
2024-11-11 20:54:58,020 - Short Sell 51.00 shares at 387.73 on 2024-11-08 15:00:00+00:00
2024-11-11 20:54:58,020 - Short Sell 51.00 shares at 388.83 on 2024-11-08 15:15:00+00:00
2024-11-11 20:54:58,020 - Short Sell 51.00 shares at 389.1 on 2024-11-08 15:30:00+00:00
2024-11-11 20:54:58,020 - Short Sell 51.00 shares at 388.02 on 2024-11-08 15:45:00+00:00
2024-11-11 20:54:58,020 - Short Sell 51.00 shares at 388.33 on 2024-11-08 16:00:00+00:00
2024-11-11 20:54:58,020 - Short Sell 51.00 shares at 387.97 on 2024-11-08 16:15:00+00:00
2024-11-11 20:54:58,020 - Short Sell 51.00 shares at 388.06 on 2024-11-08 16:45:00+00:00
2024-11-11 20:54:58,020 - Short Sell 51.00 shares at 387.82 on 2024-11-08 17:00:00+00:00
2024-11-11 20:54:58,020 - Short Sell 51.00 shares at 387.75 on 2024-11-08 17:30:00+00:00
2024-11-11 20:54:58,020 - Short Sell 51.00 shares at 387.94 on 2024-11-08 17:45:00+00:00
2024-11-11 20:54:58,021 - Short Sell 51.00 shares at 387.85 on 2024-11-08 18:00:00+00:00
2024-11-11 20:54:58,021 - Short Sell 51.00 shares at 388.11 on 2024-11-08 20:30:00+00:00
2024-11-11 20:54:58,021 - Buy to cover -664.00 shares at 386.75 on 2024-11-08 20:45:00+00:00 (Exit: Signal, Profit: 879.4500000000621, Duration: 360.0 minutes)
2024-11-11 20:54:58,023 - Final statisticsStock: SHW, 
total_trades: 30, 
winning_trades: 21, 
losing_trades: 9, 
average_return: 0.0024312687719902984, 
average_duration: 685.5, 
final_balance: 1008679.1300000013, 
final_portfolio_value: 1008679.1300000013, 
sharpe_ratio: 6.19519293070661, 



