2024-10-31 00:54:25,369 - Starting SmaCrossoverStrategy with initial capital: 1000000
2024-10-31 00:54:25,369 - Hyperparameters: {'fast_period': 10, 'slow_period': 20}
2024-10-31 00:54:25,375 - Buy 100.44 shares at 199.12 on 2023-12-14 10:30:00-05:00
2024-10-31 00:54:25,376 - Sell 100.44 shares at 197.88 on 2023-12-15 09:30:00-05:00 (Exit: Signal, Profit: -124.5480112494987, Duration: 1380.0 minutes)
2024-10-31 00:54:25,376 - Buy 101.65 shares at 196.73 on 2023-12-19 10:30:00-05:00
2024-10-31 00:54:25,377 - Sell 101.65 shares at 195.78 on 2023-12-21 09:30:00-05:00 (Exit: Signal, Profit: -96.56703902702198, Duration: 2820.0 minutes)
2024-10-31 00:54:25,377 - Buy 103.00 shares at 194.13 on 2023-12-22 13:00:00-05:00
2024-10-31 00:54:25,377 - Sell 103.00 shares at 193.12 on 2023-12-22 14:00:00-05:00 (Exit: Signal, Profit: -104.0309765414116, Duration: 60.0 minutes)
2024-10-31 00:54:25,377 - Buy 103.01 shares at 194.1 on 2023-12-28 09:30:00-05:00
2024-10-31 00:54:25,377 - Sell 103.01 shares at 192.75 on 2023-12-29 10:30:00-05:00 (Exit: Signal, Profit: -139.05832590044207, Duration: 1500.0 minutes)
2024-10-31 00:54:25,378 - Buy 109.09 shares at 183.25 on 2024-01-08 11:00:00-05:00
2024-10-31 00:54:25,378 - Sell 109.09 shares at 184.48 on 2024-01-09 13:30:00-05:00 (Exit: Signal, Profit: 134.18052154391773, Duration: 1590.0 minutes)
2024-10-31 00:54:25,378 - Buy 108.00 shares at 185.12 on 2024-01-09 15:30:00-05:00
2024-10-31 00:54:25,379 - Sell 108.00 shares at 185.63 on 2024-01-10 14:00:00-05:00 (Exit: Signal, Profit: 55.08121087360544, Duration: 1350.0 minutes)
2024-10-31 00:54:25,379 - Buy 107.62 shares at 185.79 on 2024-01-12 10:00:00-05:00
2024-10-31 00:54:25,379 - Sell 107.62 shares at 181.36 on 2024-01-16 09:30:00-05:00 (Exit: Signal, Profit: -476.75138642467795, Duration: 5730.0 minutes)
2024-10-31 00:54:25,379 - Buy 106.66 shares at 187.37 on 2024-01-18 09:30:00-05:00
2024-10-31 00:54:25,380 - Sell 106.66 shares at 195.36 on 2024-01-25 10:00:00-05:00 (Exit: Signal, Profit: 852.2168933005574, Duration: 10110.0 minutes)
2024-10-31 00:54:25,381 - Buy 107.26 shares at 186.48 on 2024-02-01 14:30:00-05:00
2024-10-31 00:54:25,381 - Sell 107.26 shares at 183.32 on 2024-02-02 10:00:00-05:00 (Exit: Signal, Profit: -338.944407155896, Duration: 1170.0 minutes)
2024-10-31 00:54:25,381 - Buy 106.93 shares at 187.0 on 2024-02-02 11:00:00-05:00
2024-10-31 00:54:25,381 - Sell 106.93 shares at 185.28 on 2024-02-02 12:30:00-05:00 (Exit: Signal, Profit: -183.91335989140106, Duration: 90.0 minutes)
2024-10-31 00:54:25,381 - Buy 106.91 shares at 186.99 on 2024-02-02 14:30:00-05:00
2024-10-31 00:54:25,382 - Sell 106.91 shares at 187.8 on 2024-02-08 10:00:00-05:00 (Exit: Signal, Profit: 86.5990597087352, Duration: 8370.0 minutes)
2024-10-31 00:54:25,382 - Buy 105.35 shares at 189.78 on 2024-02-09 11:30:00-05:00
2024-10-31 00:54:25,382 - Sell 105.35 shares at 187.8 on 2024-02-12 10:30:00-05:00 (Exit: Signal, Profit: -208.59260649961828, Duration: 4260.0 minutes)
2024-10-31 00:54:25,383 - Buy 109.13 shares at 183.16 on 2024-02-16 11:00:00-05:00
2024-10-31 00:54:25,383 - Sell 109.13 shares at 180.84 on 2024-02-20 09:30:00-05:00 (Exit: Signal, Profit: -253.19252653950022, Duration: 5670.0 minutes)
2024-10-31 00:54:25,383 - Buy 109.71 shares at 182.15 on 2024-02-21 11:00:00-05:00
2024-10-31 00:54:25,384 - Sell 109.71 shares at 182.96 on 2024-02-23 13:00:00-05:00 (Exit: Signal, Profit: 88.86675904775429, Duration: 3000.0 minutes)
2024-10-31 00:54:25,384 - Buy 109.45 shares at 182.61 on 2024-02-27 15:00:00-05:00
2024-10-31 00:54:25,384 - Sell 109.45 shares at 180.88 on 2024-02-28 13:30:00-05:00 (Exit: Signal, Profit: -189.34056494639856, Duration: 1350.0 minutes)
2024-10-31 00:54:25,385 - Buy 117.80 shares at 169.62 on 2024-03-07 15:00:00-05:00
2024-10-31 00:54:25,385 - Sell 117.80 shares at 172.63 on 2024-03-12 10:00:00-04:00 (Exit: Signal, Profit: 354.59226928113316, Duration: 6840.0 minutes)
2024-10-31 00:54:25,385 - Buy 115.82 shares at 172.59 on 2024-03-12 11:30:00-04:00
2024-10-31 00:54:25,385 - Sell 115.82 shares at 172.53 on 2024-03-12 12:00:00-04:00 (Exit: Signal, Profit: -6.949115922194456, Duration: 30.0 minutes)
2024-10-31 00:54:25,386 - Buy 115.05 shares at 173.74 on 2024-03-12 14:30:00-04:00
2024-10-31 00:54:25,386 - Sell 115.05 shares at 171.04 on 2024-03-13 11:30:00-04:00 (Exit: Signal, Profit: -310.6382008360645, Duration: 1260.0 minutes)
2024-10-31 00:54:25,386 - Buy 115.28 shares at 173.34 on 2024-03-14 11:00:00-04:00
2024-10-31 00:54:25,386 - Sell 115.28 shares at 170.69 on 2024-03-15 10:30:00-04:00 (Exit: Signal, Profit: -305.4942168006211, Duration: 1410.0 minutes)
2024-10-31 00:54:25,386 - Buy 112.63 shares at 177.37 on 2024-03-18 10:00:00-04:00
2024-10-31 00:54:25,386 - Sell 112.63 shares at 174.84 on 2024-03-19 11:00:00-04:00 (Exit: Signal, Profit: -284.9465857156604, Duration: 1500.0 minutes)
2024-10-31 00:54:25,387 - Buy 113.19 shares at 176.43 on 2024-03-19 14:00:00-04:00
2024-10-31 00:54:25,387 - Sell 113.19 shares at 172.83 on 2024-03-21 11:00:00-04:00 (Exit: Signal, Profit: -407.50154166582706, Duration: 2700.0 minutes)
2024-10-31 00:54:25,387 - Buy 115.61 shares at 172.67 on 2024-03-22 13:30:00-04:00
2024-10-31 00:54:25,387 - Sell 115.61 shares at 170.13 on 2024-03-25 11:00:00-04:00 (Exit: Signal, Profit: -293.6559115463644, Duration: 4170.0 minutes)
2024-10-31 00:54:25,387 - Buy 116.99 shares at 170.58 on 2024-03-26 11:30:00-04:00
2024-10-31 00:54:25,387 - Sell 116.99 shares at 170.3 on 2024-03-26 13:30:00-04:00 (Exit: Signal, Profit: -32.75850338168451, Duration: 120.0 minutes)
2024-10-31 00:54:25,388 - Buy 115.73 shares at 172.44 on 2024-03-27 10:30:00-04:00
2024-10-31 00:54:25,388 - Sell 115.73 shares at 171.17 on 2024-03-28 12:00:00-04:00 (Exit: Signal, Profit: -146.97571443526144, Duration: 1530.0 minutes)
2024-10-31 00:54:25,388 - Buy 117.02 shares at 170.51 on 2024-04-03 11:00:00-04:00
2024-10-31 00:54:25,389 - Sell 117.02 shares at 169.54 on 2024-04-05 09:30:00-04:00 (Exit: Signal, Profit: -113.510955062776, Duration: 2790.0 minutes)
2024-10-31 00:54:25,389 - Buy 118.06 shares at 168.99 on 2024-04-08 09:30:00-04:00
2024-10-31 00:54:25,389 - Sell 118.06 shares at 169.0 on 2024-04-08 10:30:00-04:00 (Exit: Signal, Profit: 1.1806073338816572, Duration: 60.0 minutes)
2024-10-31 00:54:25,389 - Buy 118.01 shares at 169.06 on 2024-04-09 12:00:00-04:00
2024-10-31 00:54:25,389 - Sell 118.01 shares at 168.04 on 2024-04-10 10:00:00-04:00 (Exit: Signal, Profit: -120.37222930545235, Duration: 1320.0 minutes)
2024-10-31 00:54:25,390 - Buy 118.04 shares at 169.0 on 2024-04-11 11:00:00-04:00
2024-10-31 00:54:25,390 - Sell 118.04 shares at 178.06 on 2024-04-12 09:30:00-04:00 (Exit: Profit_take, Profit: 1069.4391567797295, Duration: 1350.0 minutes)
2024-10-31 00:54:25,391 - Buy 120.58 shares at 165.62 on 2024-04-22 12:00:00-04:00
2024-10-31 00:54:25,391 - Sell 120.58 shares at 175.19 on 2024-04-29 09:30:00-04:00 (Exit: Profit_take, Profit: 1153.9291444078774, Duration: 9930.0 minutes)
2024-10-31 00:54:25,392 - Buy 116.52 shares at 171.59 on 2024-05-02 11:00:00-04:00
2024-10-31 00:54:25,392 - Sell 116.52 shares at 184.11 on 2024-05-03 09:30:00-04:00 (Exit: Profit_take, Profit: 1458.7939227124834, Duration: 1350.0 minutes)
2024-10-31 00:54:25,392 - Buy 110.09 shares at 181.87 on 2024-05-07 12:30:00-04:00
2024-10-31 00:54:25,393 - Sell 110.09 shares at 182.35 on 2024-05-08 12:00:00-04:00 (Exit: Signal, Profit: 52.84392433449585, Duration: 1410.0 minutes)
2024-10-31 00:54:25,393 - Buy 109.60 shares at 182.69 on 2024-05-08 14:00:00-04:00
2024-10-31 00:54:25,393 - Sell 109.60 shares at 182.49 on 2024-05-10 12:00:00-04:00 (Exit: Signal, Profit: -21.92063016673972, Duration: 2760.0 minutes)
2024-10-31 00:54:25,393 - Buy 107.60 shares at 186.08 on 2024-05-13 10:30:00-04:00
2024-10-31 00:54:25,394 - Sell 107.60 shares at 189.88 on 2024-05-16 15:00:00-04:00 (Exit: Signal, Profit: 408.89538161104474, Duration: 4590.0 minutes)
2024-10-31 00:54:25,394 - Buy 104.54 shares at 191.61 on 2024-05-20 10:00:00-04:00
2024-10-31 00:54:25,394 - Sell 104.54 shares at 191.3 on 2024-05-22 12:30:00-04:00 (Exit: Signal, Profit: -32.40777165836833, Duration: 3030.0 minutes)
2024-10-31 00:54:25,395 - Buy 105.22 shares at 190.36 on 2024-05-24 12:30:00-04:00
2024-10-31 00:54:25,395 - Sell 105.22 shares at 191.79 on 2024-05-29 09:30:00-04:00 (Exit: Signal, Profit: 150.47069804858734, Duration: 7020.0 minutes)
2024-10-31 00:54:25,395 - Buy 104.40 shares at 191.9 on 2024-05-29 12:30:00-04:00
2024-10-31 00:54:25,395 - Sell 104.40 shares at 191.47 on 2024-05-30 11:30:00-04:00 (Exit: Signal, Profit: -44.890073804729624, Duration: 1380.0 minutes)
2024-10-31 00:54:25,395 - Buy 104.59 shares at 191.54 on 2024-05-30 14:00:00-04:00
2024-10-31 00:54:25,396 - Sell 104.59 shares at 190.19 on 2024-05-31 12:00:00-04:00 (Exit: Signal, Profit: -141.19251059909973, Duration: 1320.0 minutes)
2024-10-31 00:54:25,396 - Buy 102.80 shares at 194.84 on 2024-06-03 10:00:00-04:00
2024-10-31 00:54:25,397 - Sell 102.80 shares at 195.97 on 2024-06-06 12:30:00-04:00 (Exit: Signal, Profit: 116.16531493674921, Duration: 4470.0 minutes)
2024-10-31 00:54:25,397 - Buy 101.94 shares at 196.5 on 2024-06-07 13:30:00-04:00
2024-10-31 00:54:25,397 - Sell 101.94 shares at 195.43 on 2024-06-10 13:00:00-04:00 (Exit: Signal, Profit: -109.08065738603119, Duration: 4290.0 minutes)
2024-10-31 00:54:25,397 - Buy 98.55 shares at 203.24 on 2024-06-11 10:30:00-04:00
2024-10-31 00:54:25,398 - Sell 98.55 shares at 214.25 on 2024-06-12 09:30:00-04:00 (Exit: Profit_take, Profit: 1085.0690013448577, Duration: 1380.0 minutes)
2024-10-31 00:54:25,398 - Buy 94.69 shares at 211.76 on 2024-06-14 12:00:00-04:00
2024-10-31 00:54:25,398 - Sell 94.69 shares at 211.79 on 2024-06-14 13:00:00-04:00 (Exit: Signal, Profit: 2.840709548666909, Duration: 60.0 minutes)
2024-10-31 00:54:25,398 - Buy 92.69 shares at 216.34 on 2024-06-17 11:00:00-04:00
2024-10-31 00:54:25,399 - Sell 92.69 shares at 213.22 on 2024-06-18 12:00:00-04:00 (Exit: Signal, Profit: -289.18016676965345, Duration: 1500.0 minutes)
2024-10-31 00:54:25,399 - Buy 95.35 shares at 210.23 on 2024-06-21 12:30:00-04:00
2024-10-31 00:54:25,399 - Sell 95.35 shares at 208.69 on 2024-06-24 09:30:00-04:00 (Exit: Signal, Profit: -146.84240269245953, Duration: 4140.0 minutes)
2024-10-31 00:54:25,399 - Buy 95.97 shares at 208.85 on 2024-06-24 14:30:00-04:00
2024-10-31 00:54:25,399 - Sell 95.97 shares at 210.09 on 2024-06-25 09:30:00-04:00 (Exit: Signal, Profit: 119.00056558743522, Duration: 1140.0 minutes)
2024-10-31 00:54:25,400 - Buy 95.15 shares at 210.66 on 2024-06-25 14:00:00-04:00
2024-10-31 00:54:25,400 - Sell 95.15 shares at 214.0 on 2024-06-27 13:00:00-04:00 (Exit: Signal, Profit: 317.8174760486012, Duration: 2820.0 minutes)
2024-10-31 00:54:25,400 - Buy 93.56 shares at 214.33 on 2024-06-28 09:30:00-04:00
2024-10-31 00:54:25,400 - Sell 93.56 shares at 213.06 on 2024-06-28 15:00:00-04:00 (Exit: Signal, Profit: -118.81515441656862, Duration: 330.0 minutes)
2024-10-31 00:54:25,400 - Buy 92.40 shares at 216.99 on 2024-07-01 12:30:00-04:00
2024-10-31 00:54:25,401 - Sell 92.40 shares at 228.18 on 2024-07-09 09:30:00-04:00 (Exit: Profit_take, Profit: 1033.927235805753, Duration: 11340.0 minutes)
2024-10-31 00:54:25,402 - Buy 86.92 shares at 230.91 on 2024-07-12 11:30:00-04:00
2024-10-31 00:54:25,402 - Sell 86.92 shares at 233.92 on 2024-07-16 11:30:00-04:00 (Exit: Signal, Profit: 261.6200695769602, Duration: 5760.0 minutes)
2024-10-31 00:54:25,403 - Buy 89.38 shares at 224.61 on 2024-07-19 13:30:00-04:00
2024-10-31 00:54:25,403 - Sell 89.38 shares at 225.0 on 2024-07-19 15:00:00-04:00 (Exit: Signal, Profit: 34.85748352846516, Duration: 90.0 minutes)
2024-10-31 00:54:25,403 - Buy 88.56 shares at 226.7 on 2024-07-22 09:30:00-04:00
2024-10-31 00:54:25,403 - Sell 88.56 shares at 224.68 on 2024-07-22 15:00:00-04:00 (Exit: Signal, Profit: -178.88562488180244, Duration: 330.0 minutes)
2024-10-31 00:54:25,403 - Buy 88.57 shares at 226.62 on 2024-07-23 11:30:00-04:00
2024-10-31 00:54:25,403 - Sell 88.57 shares at 221.29 on 2024-07-24 09:30:00-04:00 (Exit: Signal, Profit: -472.0925693361547, Duration: 1320.0 minutes)
2024-10-31 00:54:25,405 - Buy 91.05 shares at 220.35 on 2024-07-25 13:30:00-04:00
2024-10-31 00:54:25,405 - Sell 91.05 shares at 218.69 on 2024-07-26 12:00:00-04:00 (Exit: Signal, Profit: -151.14329571351, Duration: 1350.0 minutes)
2024-10-31 00:54:25,405 - Buy 91.33 shares at 219.65 on 2024-07-30 09:30:00-04:00
2024-10-31 00:54:25,405 - Sell 91.33 shares at 216.97 on 2024-07-30 12:00:00-04:00 (Exit: Signal, Profit: -244.75524160338395, Duration: 150.0 minutes)
2024-10-31 00:54:25,405 - Buy 90.00 shares at 222.83 on 2024-07-31 10:00:00-04:00
2024-10-31 00:54:25,406 - Sell 90.00 shares at 219.32 on 2024-08-01 12:00:00-04:00 (Exit: Signal, Profit: -315.9045488791923, Duration: 1560.0 minutes)
2024-10-31 00:54:25,406 - Buy 89.26 shares at 224.62 on 2024-08-02 12:00:00-04:00
2024-10-31 00:54:25,406 - Sell 89.26 shares at 207.63 on 2024-08-05 09:30:00-04:00 (Exit: Stop_loss, Profit: -1516.4585301834677, Duration: 4170.0 minutes)
2024-10-31 00:54:25,406 - Buy 96.01 shares at 208.5 on 2024-08-06 15:00:00-04:00
2024-10-31 00:54:25,406 - Sell 96.01 shares at 212.19 on 2024-08-08 10:30:00-04:00 (Exit: Signal, Profit: 354.281439867499, Duration: 2610.0 minutes)
2024-10-31 00:54:25,406 - Buy 93.62 shares at 213.89 on 2024-08-08 13:00:00-04:00
2024-10-31 00:54:25,407 - Sell 93.62 shares at 224.79 on 2024-08-15 10:00:00-04:00 (Exit: Profit_take, Profit: 1020.5112718334067, Duration: 9900.0 minutes)
2024-10-31 00:54:25,408 - Buy 88.71 shares at 225.96 on 2024-08-20 10:30:00-04:00
2024-10-31 00:54:25,408 - Sell 88.71 shares at 226.43 on 2024-08-21 12:30:00-04:00 (Exit: Signal, Profit: 41.69562562552915, Duration: 1560.0 minutes)
2024-10-31 00:54:25,408 - Buy 88.53 shares at 226.43 on 2024-08-22 12:00:00-04:00
2024-10-31 00:54:25,408 - Sell 88.53 shares at 225.5 on 2024-08-22 12:30:00-04:00 (Exit: Signal, Profit: -82.33628184240443, Duration: 30.0 minutes)
2024-10-31 00:54:25,408 - Buy 88.71 shares at 225.97 on 2024-08-23 13:00:00-04:00
2024-10-31 00:54:25,409 - Sell 88.71 shares at 225.81 on 2024-08-26 12:00:00-04:00 (Exit: Signal, Profit: -14.193051864992842, Duration: 4260.0 minutes)
2024-10-31 00:54:25,409 - Buy 88.40 shares at 226.75 on 2024-08-27 09:30:00-04:00
2024-10-31 00:54:25,409 - Sell 88.40 shares at 227.04 on 2024-08-28 12:00:00-04:00 (Exit: Signal, Profit: 25.63605205425218, Duration: 1590.0 minutes)
2024-10-31 00:54:25,409 - Buy 86.26 shares at 232.37 on 2024-08-29 10:30:00-04:00
2024-10-31 00:54:25,409 - Sell 86.26 shares at 228.25 on 2024-08-30 11:00:00-04:00 (Exit: Signal, Profit: -355.40923569728267, Duration: 1470.0 minutes)
2024-10-31 00:54:25,410 - Buy 89.03 shares at 225.08 on 2024-09-05 10:00:00-04:00
2024-10-31 00:54:25,410 - Sell 89.03 shares at 220.97 on 2024-09-06 11:30:00-04:00 (Exit: Signal, Profit: -365.90002188369743, Duration: 1530.0 minutes)
2024-10-31 00:54:25,410 - Buy 90.94 shares at 220.27 on 2024-09-10 13:00:00-04:00
2024-10-31 00:54:25,411 - Sell 90.94 shares at 215.19 on 2024-09-16 09:30:00-04:00 (Exit: Signal, Profit: -461.96305608392487, Duration: 8430.0 minutes)
2024-10-31 00:54:25,411 - Buy 92.77 shares at 215.81 on 2024-09-17 12:30:00-04:00
2024-10-31 00:54:25,411 - Sell 92.77 shares at 227.3 on 2024-09-19 09:30:00-04:00 (Exit: Profit_take, Profit: 1065.9749123860859, Duration: 2700.0 minutes)
2024-10-31 00:54:25,412 - Buy 88.35 shares at 226.87 on 2024-09-24 14:00:00-04:00
2024-10-31 00:54:25,412 - Sell 88.35 shares at 225.42 on 2024-09-25 11:00:00-04:00 (Exit: Signal, Profit: -128.10074420320902, Duration: 1260.0 minutes)
2024-10-31 00:54:25,412 - Buy 88.01 shares at 227.7 on 2024-09-26 11:30:00-04:00
2024-10-31 00:54:25,413 - Sell 88.01 shares at 225.3 on 2024-10-01 10:30:00-04:00 (Exit: Signal, Profit: -211.22893764608256, Duration: 7140.0 minutes)
2024-10-31 00:54:25,413 - Buy 88.41 shares at 226.64 on 2024-10-02 12:30:00-04:00
2024-10-31 00:54:25,413 - Sell 88.41 shares at 225.14 on 2024-10-03 11:30:00-04:00 (Exit: Signal, Profit: -132.6075773059876, Duration: 1380.0 minutes)
2024-10-31 00:54:25,413 - Buy 88.98 shares at 225.15 on 2024-10-04 12:30:00-04:00
2024-10-31 00:54:25,413 - Sell 88.98 shares at 223.85 on 2024-10-07 13:30:00-04:00 (Exit: Signal, Profit: -115.67181588956443, Duration: 4380.0 minutes)
2024-10-31 00:54:25,414 - Buy 89.13 shares at 224.75 on 2024-10-08 13:00:00-04:00
2024-10-31 00:54:25,414 - Sell 89.13 shares at 228.63 on 2024-10-10 13:30:00-04:00 (Exit: Signal, Profit: 345.8103783542382, Duration: 2910.0 minutes)
2024-10-31 00:54:25,414 - Buy 86.86 shares at 230.69 on 2024-10-14 10:00:00-04:00
2024-10-31 00:54:25,415 - Sell 86.86 shares at 230.72 on 2024-10-16 10:00:00-04:00 (Exit: Signal, Profit: 2.605843968111746, Duration: 2880.0 minutes)
2024-10-31 00:54:25,416 - Buy 86.27 shares at 232.26 on 2024-10-17 11:00:00-04:00
2024-10-31 00:54:25,417 - Sell 86.27 shares at 234.23 on 2024-10-22 10:30:00-04:00 (Exit: Signal, Profit: 169.9608349500289, Duration: 7170.0 minutes)
2024-10-31 00:54:25,417 - Buy 85.54 shares at 234.3 on 2024-10-23 10:30:00-04:00
2024-10-31 00:54:25,418 - Sell 85.54 shares at 229.67 on 2024-10-23 12:00:00-04:00 (Exit: Signal, Profit: -396.0403359796654, Duration: 90.0 minutes)
2024-10-31 00:54:25,418 - Buy 86.93 shares at 230.46 on 2024-10-24 14:30:00-04:00
2024-10-31 00:54:25,418 - Sell 86.93 shares at 233.11 on 2024-10-29 12:00:00-04:00 (Exit: Signal, Profit: 230.3612139698912, Duration: 7050.0 minutes)
