2024-10-30 22:04:11,183 - Starting SmaCrossoverStrategy with initial capital: 1000000
2024-10-30 22:04:11,183 - Hyperparameters: {'fast_period': 5, 'slow_period': 20}
2024-10-30 22:04:11,194 - Buy 197.96 shares at 101.03 on 2023-11-02 12:30:00-04:00
2024-10-30 22:04:11,194 - Buy 199.25 shares at 98.37 on 2023-11-03 14:00:00-04:00
2024-10-30 22:04:11,195 - Buy 189.90 shares at 101.15 on 2023-11-06 15:30:00-05:00
2024-10-30 22:04:11,195 - Buy 184.37 shares at 102.1 on 2023-11-08 15:30:00-05:00
2024-10-30 22:04:11,195 - Buy 182.48 shares at 101.09 on 2023-11-09 13:00:00-05:00
2024-10-30 22:04:11,196 - Buy 180.14 shares at 100.36 on 2023-11-10 12:30:00-05:00
2024-10-30 22:04:11,196 - Buy 176.01 shares at 100.66 on 2023-11-13 12:00:00-05:00
2024-10-30 22:04:11,196 - Buy 174.48 shares at 99.51 on 2023-11-14 14:15:00-05:00
2024-10-30 22:04:11,197 - Buy 172.85 shares at 98.44 on 2023-11-16 09:30:00-05:00
2024-10-30 22:04:11,198 - Buy 161.10 shares at 103.51 on 2023-11-21 12:15:00-05:00
2024-10-30 22:04:11,198 - Buy 158.41 shares at 103.16 on 2023-11-21 14:45:00-05:00
2024-10-30 22:04:11,198 - Buy 155.59 shares at 102.93 on 2023-11-22 12:45:00-05:00
2024-10-30 22:04:11,199 - Buy 154.59 shares at 101.52 on 2023-11-28 14:15:00-05:00
2024-10-30 22:04:11,199 - Buy 151.32 shares at 101.64 on 2023-11-29 11:30:00-05:00
2024-10-30 22:04:11,199 - Buy 148.06 shares at 101.8 on 2023-11-30 14:45:00-05:00
2024-10-30 22:04:11,200 - Buy 145.36 shares at 101.62 on 2023-12-01 11:30:00-05:00
2024-10-30 22:04:11,200 - Buy 143.87 shares at 100.62 on 2023-12-04 12:15:00-05:00
2024-10-30 22:04:11,200 - Buy 142.36 shares at 99.65 on 2023-12-05 13:45:00-05:00
2024-10-30 22:04:11,200 - Buy 141.27 shares at 98.41 on 2023-12-06 14:00:00-05:00
2024-10-30 22:04:11,201 - Buy 141.10 shares at 96.56 on 2023-12-07 13:30:00-05:00
2024-10-30 22:04:11,201 - Buy 138.09 shares at 96.69 on 2023-12-08 13:30:00-05:00
2024-10-30 22:04:11,201 - Buy 135.86 shares at 96.31 on 2023-12-11 14:00:00-05:00
2024-10-30 22:04:11,202 - Buy 133.29 shares at 96.21 on 2023-12-12 12:45:00-05:00
2024-10-30 22:04:11,202 - Buy 127.88 shares at 98.27 on 2023-12-14 12:45:00-05:00
2024-10-30 22:04:11,202 - Buy 126.53 shares at 97.33 on 2023-12-15 13:00:00-05:00
2024-10-30 22:04:11,203 - Buy 121.78 shares at 99.11 on 2023-12-18 15:15:00-05:00
2024-10-30 22:04:11,203 - Buy 116.39 shares at 101.62 on 2023-12-20 09:30:00-05:00
2024-10-30 22:04:11,203 - Buy 112.47 shares at 103.06 on 2023-12-21 10:15:00-05:00
2024-10-30 22:04:11,204 - Buy 110.25 shares at 103.03 on 2023-12-21 14:45:00-05:00
2024-10-30 22:04:11,204 - Buy 107.81 shares at 103.26 on 2023-12-22 12:00:00-05:00
2024-10-30 22:04:11,204 - Buy 105.79 shares at 103.13 on 2023-12-26 11:30:00-05:00
2024-10-30 22:04:11,204 - Buy 103.79 shares at 103.01 on 2023-12-27 10:30:00-05:00
2024-10-30 22:04:11,205 - Buy 101.40 shares at 103.33 on 2023-12-29 14:00:00-05:00
2024-10-30 22:04:11,205 - Buy 99.66 shares at 103.03 on 2024-01-03 09:45:00-05:00
2024-10-30 22:04:11,206 - Sell 4941.46 shares at 105.74 on 2024-01-04 09:30:00-05:00 (Exit: Profit_take, Profit: 25647.788490718496, Duration: 1425.0 minutes)
2024-10-30 22:04:11,206 - Buy 193.23 shares at 106.16 on 2024-01-08 11:30:00-05:00
2024-10-30 22:04:11,207 - Buy 189.11 shares at 106.3 on 2024-01-09 12:15:00-05:00
2024-10-30 22:04:11,207 - Buy 184.79 shares at 106.61 on 2024-01-09 14:15:00-05:00
2024-10-30 22:04:11,207 - Buy 178.15 shares at 108.37 on 2024-01-10 14:30:00-05:00
2024-10-30 22:04:11,207 - Buy 176.93 shares at 106.94 on 2024-01-11 14:45:00-05:00
2024-10-30 22:04:11,208 - Buy 174.25 shares at 106.41 on 2024-01-16 14:45:00-05:00
2024-10-30 22:04:11,208 - Buy 170.96 shares at 106.29 on 2024-01-16 15:15:00-05:00
2024-10-30 22:04:11,208 - Buy 166.97 shares at 106.65 on 2024-01-17 11:00:00-05:00
2024-10-30 22:04:11,208 - Buy 163.24 shares at 106.91 on 2024-01-18 11:30:00-05:00
2024-10-30 22:04:11,208 - Buy 159.12 shares at 107.48 on 2024-01-19 11:30:00-05:00
2024-10-30 22:04:11,209 - Buy 156.12 shares at 107.36 on 2024-01-19 13:15:00-05:00
2024-10-30 22:04:11,209 - Buy 155.12 shares at 105.89 on 2024-01-22 15:15:00-05:00
2024-10-30 22:04:11,209 - Buy 153.11 shares at 105.13 on 2024-01-23 12:45:00-05:00
2024-10-30 22:04:11,210 - Buy 149.62 shares at 105.43 on 2024-01-25 15:00:00-05:00
2024-10-30 22:04:11,210 - Buy 142.75 shares at 108.3 on 2024-01-29 14:30:00-05:00
2024-10-30 22:04:11,211 - Buy 139.20 shares at 108.84 on 2024-01-30 15:00:00-05:00
2024-10-30 22:04:11,211 - Sell 2652.67 shares at 113.65 on 2024-01-31 09:30:00-05:00 (Exit: Profit_take, Profit: 18190.038869085725, Duration: 1110.0 minutes)
2024-10-30 22:04:11,211 - Buy 181.81 shares at 114.83 on 2024-02-01 12:15:00-05:00
2024-10-30 22:04:11,211 - Buy 179.69 shares at 113.86 on 2024-02-02 14:15:00-05:00
2024-10-30 22:04:11,212 - Buy 170.61 shares at 117.52 on 2024-02-06 14:15:00-05:00
2024-10-30 22:04:11,213 - Buy 165.83 shares at 118.49 on 2024-02-08 13:15:00-05:00
2024-10-30 22:04:11,229 - Buy 159.39 shares at 120.81 on 2024-02-12 13:00:00-05:00
2024-10-30 22:04:11,229 - Buy 156.57 shares at 120.53 on 2024-02-12 15:45:00-05:00
2024-10-30 22:04:11,229 - Buy 153.70 shares at 120.32 on 2024-02-13 11:45:00-05:00
2024-10-30 22:04:11,229 - Buy 149.63 shares at 121.12 on 2024-02-14 09:30:00-05:00
2024-10-30 22:04:11,229 - Buy 145.67 shares at 121.93 on 2024-02-15 15:30:00-05:00
2024-10-30 22:04:11,230 - Buy 143.33 shares at 121.44 on 2024-02-20 15:45:00-05:00
2024-10-30 22:04:11,230 - Buy 141.57 shares at 120.49 on 2024-02-21 14:00:00-05:00
2024-10-30 22:04:11,231 - Buy 135.67 shares at 123.22 on 2024-02-26 09:45:00-05:00
2024-10-30 22:04:11,231 - Buy 132.82 shares at 123.34 on 2024-02-26 13:00:00-05:00
2024-10-30 22:04:11,231 - Buy 131.41 shares at 122.17 on 2024-02-27 13:30:00-05:00
2024-10-30 22:04:11,232 - Buy 129.57 shares at 121.43 on 2024-02-28 13:30:00-05:00
2024-10-30 22:04:11,232 - Buy 128.66 shares at 119.84 on 2024-02-29 15:15:00-05:00
2024-10-30 22:04:11,232 - Sell 2405.93 shares at 127.7 on 2024-03-04 09:30:00-05:00 (Exit: Profit_take, Profit: 18926.257525375146, Duration: 5415.0 minutes)
2024-10-30 22:04:11,233 - Buy 165.49 shares at 128.44 on 2024-03-04 15:00:00-05:00
2024-10-30 22:04:11,233 - Buy 166.64 shares at 125.0 on 2024-03-06 09:30:00-05:00
2024-10-30 22:04:11,233 - Buy 163.37 shares at 124.95 on 2024-03-06 11:30:00-05:00
2024-10-30 22:04:11,233 - Buy 147.58 shares at 135.56 on 2024-03-07 09:30:00-05:00
2024-10-30 22:04:11,233 - Sell 643.08 shares at 136.23 on 2024-03-07 09:45:00-05:00 (Exit: Profit_take, Profit: 5102.2680660688075, Duration: 15.0 minutes)
2024-10-30 22:04:11,234 - Buy 159.98 shares at 133.5 on 2024-03-08 14:30:00-05:00
2024-10-30 22:04:11,234 - Buy 158.86 shares at 131.75 on 2024-03-11 14:15:00-04:00
2024-10-30 22:04:11,235 - Buy 153.52 shares at 133.61 on 2024-03-13 14:00:00-04:00
2024-10-30 22:04:11,235 - Buy 148.21 shares at 135.63 on 2024-03-14 09:30:00-04:00
2024-10-30 22:04:11,235 - Buy 148.53 shares at 132.63 on 2024-03-15 14:15:00-04:00
2024-10-30 22:04:11,235 - Buy 144.88 shares at 133.25 on 2024-03-18 10:45:00-04:00
2024-10-30 22:04:11,236 - Buy 143.64 shares at 131.71 on 2024-03-19 14:15:00-04:00
2024-10-30 22:04:11,236 - Buy 141.93 shares at 130.63 on 2024-03-21 11:30:00-04:00
2024-10-30 22:04:11,236 - Buy 140.85 shares at 129.0 on 2024-03-22 13:30:00-04:00
2024-10-30 22:04:11,237 - Buy 137.77 shares at 129.25 on 2024-03-26 13:15:00-04:00
2024-10-30 22:04:11,237 - Buy 136.10 shares at 128.22 on 2024-03-27 13:45:00-04:00
2024-10-30 22:04:11,237 - Buy 133.11 shares at 128.48 on 2024-03-28 09:30:00-04:00
2024-10-30 22:04:11,238 - Buy 131.24 shares at 127.7 on 2024-04-01 15:00:00-04:00
2024-10-30 22:04:11,238 - Buy 130.27 shares at 126.08 on 2024-04-02 13:15:00-04:00
2024-10-30 22:04:11,239 - Buy 128.06 shares at 125.69 on 2024-04-05 10:15:00-04:00
2024-10-30 22:04:11,239 - Buy 124.72 shares at 126.47 on 2024-04-08 09:30:00-04:00
2024-10-30 22:04:11,240 - Buy 124.01 shares at 124.65 on 2024-04-09 15:30:00-04:00
2024-10-30 22:04:11,240 - Buy 121.35 shares at 124.84 on 2024-04-10 10:45:00-04:00
2024-10-30 22:04:11,240 - Buy 118.21 shares at 125.59 on 2024-04-11 09:45:00-04:00
2024-10-30 22:04:11,240 - Buy 116.22 shares at 125.19 on 2024-04-11 11:30:00-04:00
2024-10-30 22:04:11,240 - Buy 113.56 shares at 125.56 on 2024-04-15 09:45:00-04:00
2024-10-30 22:04:11,241 - Buy 112.71 shares at 123.97 on 2024-04-16 12:15:00-04:00
2024-10-30 22:04:11,241 - Buy 109.73 shares at 124.8 on 2024-04-17 09:30:00-04:00
2024-10-30 22:04:11,241 - Buy 107.89 shares at 124.39 on 2024-04-17 14:45:00-04:00
2024-10-30 22:04:11,242 - Buy 105.85 shares at 124.24 on 2024-04-19 09:45:00-04:00
2024-10-30 22:04:11,242 - Buy 103.97 shares at 123.96 on 2024-04-22 10:00:00-04:00
2024-10-30 22:04:11,243 - Buy 100.20 shares at 126.05 on 2024-04-24 14:15:00-04:00
2024-10-30 22:04:11,243 - Buy 98.72 shares at 125.39 on 2024-04-25 13:30:00-04:00
2024-10-30 22:04:11,243 - Buy 95.35 shares at 127.22 on 2024-04-29 10:45:00-04:00
2024-10-30 22:04:11,243 - Buy 92.37 shares at 128.7 on 2024-04-30 09:30:00-04:00
2024-10-30 22:04:11,244 - Buy 90.81 shares at 128.29 on 2024-04-30 15:00:00-04:00
2024-10-30 22:04:11,244 - Buy 88.70 shares at 128.71 on 2024-05-01 11:00:00-04:00
2024-10-30 22:04:11,244 - Buy 89.38 shares at 125.18 on 2024-05-02 15:15:00-04:00
2024-10-30 22:04:11,244 - Buy 89.07 shares at 123.1 on 2024-05-03 13:30:00-04:00
2024-10-30 22:04:11,245 - Buy 87.09 shares at 123.39 on 2024-05-06 10:30:00-04:00
2024-10-30 22:04:11,245 - Buy 85.21 shares at 123.58 on 2024-05-06 13:15:00-04:00
2024-10-30 22:04:11,245 - Buy 80.94 shares at 127.51 on 2024-05-09 09:45:00-04:00
2024-10-30 22:04:11,246 - Buy 77.43 shares at 130.61 on 2024-05-13 09:30:00-04:00
2024-10-30 22:04:11,246 - Buy 74.91 shares at 132.32 on 2024-05-14 12:00:00-04:00
2024-10-30 22:04:11,247 - Sell 4545.36 shares at 134.64 on 2024-05-15 15:15:00-04:00 (Exit: Profit_take, Profit: 29782.61382376514, Duration: 1635.0 minutes)
2024-10-30 22:04:11,247 - Buy 164.80 shares at 133.21 on 2024-05-16 14:00:00-04:00
2024-10-30 22:04:11,247 - Buy 163.16 shares at 131.86 on 2024-05-17 13:30:00-04:00
2024-10-30 22:04:11,248 - Buy 156.69 shares at 134.56 on 2024-05-21 09:30:00-04:00
2024-10-30 22:04:11,248 - Buy 152.79 shares at 135.23 on 2024-05-21 15:45:00-04:00
2024-10-30 22:04:11,248 - Buy 150.55 shares at 134.5 on 2024-05-22 12:00:00-04:00
2024-10-30 22:04:11,248 - Buy 145.86 shares at 136.05 on 2024-05-23 09:30:00-04:00
2024-10-30 22:04:11,249 - Buy 143.31 shares at 135.7 on 2024-05-24 11:45:00-04:00
2024-10-30 22:04:11,249 - Buy 142.29 shares at 133.94 on 2024-05-28 14:00:00-04:00
2024-10-30 22:04:11,249 - Buy 140.50 shares at 132.93 on 2024-05-29 13:30:00-04:00
2024-10-30 22:04:11,250 - Buy 135.12 shares at 135.46 on 2024-05-31 09:45:00-04:00
2024-10-30 22:04:11,250 - Buy 132.56 shares at 135.31 on 2024-05-31 15:45:00-04:00
2024-10-30 22:04:11,250 - Buy 129.55 shares at 135.69 on 2024-06-03 15:00:00-04:00
2024-10-30 22:04:11,250 - Buy 126.36 shares at 136.33 on 2024-06-04 09:30:00-04:00
2024-10-30 22:04:11,251 - Sell 1883.53 shares at 141.88 on 2024-06-05 10:45:00-04:00 (Exit: Profit_take, Profit: 13702.546206099494, Duration: 1515.0 minutes)
2024-10-30 22:04:11,251 - Buy 156.98 shares at 141.59 on 2024-06-06 10:00:00-04:00
2024-10-30 22:04:11,252 - Buy 152.02 shares at 143.29 on 2024-06-07 15:15:00-04:00
2024-10-30 22:04:11,252 - Buy 148.96 shares at 143.31 on 2024-06-10 11:45:00-04:00
2024-10-30 22:04:11,252 - Buy 147.18 shares at 142.14 on 2024-06-11 13:45:00-04:00
2024-10-30 22:04:11,252 - Buy 143.08 shares at 143.29 on 2024-06-12 13:00:00-04:00
2024-10-30 22:04:11,253 - Buy 139.89 shares at 143.62 on 2024-06-12 15:00:00-04:00
2024-10-30 22:04:11,253 - Buy 138.64 shares at 142.02 on 2024-06-13 14:45:00-04:00
2024-10-30 22:04:11,253 - Buy 136.55 shares at 141.31 on 2024-06-18 09:45:00-04:00
2024-10-30 22:04:11,254 - Buy 134.53 shares at 140.56 on 2024-06-18 15:00:00-04:00
2024-10-30 22:04:11,254 - Buy 130.65 shares at 141.84 on 2024-06-21 10:30:00-04:00
2024-10-30 22:04:11,254 - Buy 127.58 shares at 142.35 on 2024-06-24 10:15:00-04:00
2024-10-30 22:04:11,255 - Buy 122.09 shares at 145.78 on 2024-06-25 09:30:00-04:00
2024-10-30 22:04:11,255 - Buy 118.79 shares at 146.83 on 2024-06-25 15:30:00-04:00
2024-10-30 22:04:11,255 - Buy 117.79 shares at 145.12 on 2024-06-27 09:30:00-04:00
2024-10-30 22:04:11,255 - Buy 116.08 shares at 144.31 on 2024-06-27 12:45:00-04:00
2024-10-30 22:04:11,255 - Buy 113.80 shares at 144.26 on 2024-06-27 15:15:00-04:00
2024-10-30 22:04:11,256 - Buy 111.30 shares at 144.54 on 2024-07-01 10:15:00-04:00
2024-10-30 22:04:11,256 - Buy 110.32 shares at 142.91 on 2024-07-02 13:45:00-04:00
2024-10-30 22:04:11,256 - Buy 109.37 shares at 141.27 on 2024-07-05 10:15:00-04:00
2024-10-30 22:04:11,257 - Buy 107.49 shares at 140.87 on 2024-07-09 13:30:00-04:00
2024-10-30 22:04:11,257 - Buy 105.03 shares at 141.28 on 2024-07-10 10:30:00-04:00
2024-10-30 22:04:11,258 - Buy 104.11 shares at 139.68 on 2024-07-11 15:30:00-04:00
2024-10-30 22:04:11,258 - Buy 100.53 shares at 141.76 on 2024-07-16 10:15:00-04:00
2024-10-30 22:04:11,259 - Sell 2892.75 shares at 134.69 on 2024-07-17 10:45:00-04:00 (Exit: Stop_loss, Profit: -23411.847636145576, Duration: 1470.0 minutes)
2024-10-30 22:04:11,259 - Buy 160.11 shares at 135.9 on 2024-07-17 14:15:00-04:00
2024-10-30 22:04:11,259 - Sell 160.11 shares at 127.83 on 2024-07-18 11:00:00-04:00 (Exit: Stop_loss, Profit: -1292.0784546481084, Duration: 1245.0 minutes)
2024-10-30 22:04:11,259 - Buy 167.40 shares at 129.83 on 2024-07-18 14:30:00-04:00
2024-10-30 22:04:11,260 - Buy 160.55 shares at 132.66 on 2024-07-22 09:45:00-04:00
2024-10-30 22:04:11,260 - Buy 157.34 shares at 132.66 on 2024-07-22 12:45:00-04:00
2024-10-30 22:04:11,260 - Buy 155.14 shares at 131.85 on 2024-07-24 13:45:00-04:00
2024-10-30 22:04:11,260 - Buy 155.01 shares at 129.32 on 2024-07-25 13:15:00-04:00
2024-10-30 22:04:11,261 - Buy 153.75 shares at 127.77 on 2024-07-26 13:00:00-04:00
2024-10-30 22:04:11,261 - Buy 148.73 shares at 129.44 on 2024-07-29 09:45:00-04:00
2024-10-30 22:04:11,261 - Buy 147.17 shares at 128.2 on 2024-07-29 12:15:00-04:00
2024-10-30 22:04:11,261 - Buy 140.74 shares at 131.37 on 2024-07-30 09:30:00-04:00
2024-10-30 22:04:11,261 - Buy 140.58 shares at 128.89 on 2024-07-30 15:15:00-04:00
2024-10-30 22:04:11,262 - Buy 133.93 shares at 132.59 on 2024-08-01 11:45:00-04:00
2024-10-30 22:04:11,262 - Buy 131.34 shares at 132.5 on 2024-08-01 15:45:00-04:00
2024-10-30 22:04:11,262 - Sell 1791.67 shares at 124.22 on 2024-08-05 09:30:00-04:00 (Exit: Stop_loss, Profit: -11375.51015957291, Duration: 5385.0 minutes)
2024-10-30 22:04:11,262 - Buy 168.88 shares at 127.34 on 2024-08-05 12:15:00-04:00
2024-10-30 22:04:11,263 - Buy 163.76 shares at 128.7 on 2024-08-06 09:30:00-04:00
2024-10-30 22:04:11,263 - Sell 332.64 shares at 122.78 on 2024-08-07 09:30:00-04:00 (Exit: Stop_loss, Profit: -1739.5347473896936, Duration: 1440.0 minutes)
2024-10-30 22:04:11,263 - Buy 173.25 shares at 123.93 on 2024-08-08 09:30:00-04:00
2024-10-30 22:04:11,264 - Sell 173.25 shares at 131.46 on 2024-08-09 09:30:00-04:00 (Exit: Profit_take, Profit: 1304.559031894566, Duration: 1440.0 minutes)
2024-10-30 22:04:11,264 - Buy 162.39 shares at 132.38 on 2024-08-13 09:30:00-04:00
2024-10-30 22:04:11,265 - Buy 156.60 shares at 134.53 on 2024-08-14 10:45:00-04:00
2024-10-30 22:04:11,265 - Buy 151.91 shares at 135.91 on 2024-08-15 09:30:00-04:00
2024-10-30 22:04:11,265 - Buy 149.66 shares at 135.19 on 2024-08-16 14:00:00-04:00
2024-10-30 22:04:11,265 - Buy 146.05 shares at 135.76 on 2024-08-19 10:00:00-04:00
2024-10-30 22:04:11,266 - Buy 142.75 shares at 136.12 on 2024-08-20 09:30:00-04:00
2024-10-30 22:04:11,266 - Buy 140.65 shares at 135.39 on 2024-08-20 14:30:00-04:00
2024-10-30 22:04:11,266 - Buy 138.72 shares at 134.53 on 2024-08-21 14:15:00-04:00
2024-10-30 22:04:11,266 - Buy 133.57 shares at 136.92 on 2024-08-23 10:30:00-04:00
2024-10-30 22:04:11,267 - Buy 131.49 shares at 136.31 on 2024-08-23 14:15:00-04:00
2024-10-30 22:04:11,267 - Buy 129.74 shares at 135.38 on 2024-08-27 10:45:00-04:00
2024-10-30 22:04:11,267 - Buy 127.41 shares at 135.1 on 2024-08-27 13:00:00-04:00
2024-10-30 22:04:11,267 - Buy 124.91 shares at 135.05 on 2024-08-28 12:00:00-04:00
2024-10-30 22:04:11,267 - Buy 121.27 shares at 136.32 on 2024-08-29 09:45:00-04:00
2024-10-30 22:04:11,268 - Buy 116.90 shares at 138.59 on 2024-08-30 15:00:00-04:00
2024-10-30 22:04:11,268 - Buy 118.15 shares at 134.38 on 2024-09-04 13:45:00-04:00
2024-10-30 22:04:11,269 - Buy 117.26 shares at 132.69 on 2024-09-06 09:30:00-04:00
2024-10-30 22:04:11,269 - Buy 116.26 shares at 131.16 on 2024-09-06 15:30:00-04:00
2024-10-30 22:04:11,269 - Buy 113.37 shares at 131.81 on 2024-09-09 12:15:00-04:00
2024-10-30 22:04:11,269 - Buy 111.04 shares at 131.88 on 2024-09-09 14:45:00-04:00
2024-10-30 22:04:11,270 - Buy 110.61 shares at 129.75 on 2024-09-10 14:00:00-04:00
2024-10-30 22:04:11,270 - Buy 103.86 shares at 135.42 on 2024-09-12 12:30:00-04:00
2024-10-30 22:04:11,270 - Buy 99.98 shares at 137.86 on 2024-09-16 09:45:00-04:00
2024-10-30 22:04:11,271 - Buy 102.10 shares at 132.29 on 2024-09-18 13:15:00-04:00
2024-10-30 22:04:11,272 - Sell 3066.63 shares at 127.98 on 2024-09-20 09:30:00-04:00 (Exit: Stop_loss, Profit: -20506.150299992456, Duration: 2655.0 minutes)
2024-10-30 22:04:11,272 - Buy 166.08 shares at 126.97 on 2024-09-20 14:15:00-04:00
2024-10-30 22:04:11,272 - Buy 161.99 shares at 127.57 on 2024-09-20 15:45:00-04:00
2024-10-30 22:04:11,272 - Buy 163.66 shares at 123.74 on 2024-09-23 15:45:00-04:00
2024-10-30 22:04:11,272 - Buy 156.24 shares at 127.03 on 2024-09-25 09:45:00-04:00
2024-10-30 22:04:11,273 - Sell 647.96 shares at 120.58 on 2024-09-27 10:15:00-04:00 (Exit: Stop_loss, Profit: -3718.413750346361, Duration: 2910.0 minutes)
2024-10-30 22:04:11,273 - Buy 174.25 shares at 120.59 on 2024-09-27 14:15:00-04:00
2024-10-30 22:04:11,274 - Buy 174.07 shares at 118.3 on 2024-09-30 14:00:00-04:00
2024-10-30 22:04:11,274 - Buy 170.87 shares at 118.1 on 2024-10-01 14:30:00-04:00
2024-10-30 22:04:11,274 - Buy 170.08 shares at 116.28 on 2024-10-02 14:30:00-04:00
2024-10-30 22:04:11,274 - Buy 166.55 shares at 116.37 on 2024-10-02 15:30:00-04:00
2024-10-30 22:04:11,275 - Buy 165.32 shares at 114.89 on 2024-10-04 13:15:00-04:00
2024-10-30 22:04:11,275 - Buy 158.26 shares at 117.61 on 2024-10-08 10:00:00-04:00
2024-10-30 22:04:11,275 - Buy 155.92 shares at 116.99 on 2024-10-08 15:15:00-04:00
2024-10-30 22:04:11,275 - Buy 153.29 shares at 116.62 on 2024-10-09 12:45:00-04:00
2024-10-30 22:04:11,276 - Buy 146.09 shares at 119.92 on 2024-10-11 09:30:00-04:00
2024-10-30 22:04:11,276 - Buy 143.24 shares at 119.86 on 2024-10-11 15:15:00-04:00
2024-10-30 22:04:11,276 - Buy 140.19 shares at 120.02 on 2024-10-11 15:45:00-04:00
2024-10-30 22:04:11,276 - Buy 137.47 shares at 119.94 on 2024-10-14 14:45:00-04:00
2024-10-30 22:04:11,277 - Buy 137.16 shares at 117.81 on 2024-10-15 15:30:00-04:00
2024-10-30 22:04:11,277 - Buy 134.66 shares at 117.6 on 2024-10-16 12:15:00-04:00
2024-10-30 22:04:11,277 - Buy 131.89 shares at 117.67 on 2024-10-18 13:30:00-04:00
2024-10-30 22:04:11,278 - Buy 129.55 shares at 117.4 on 2024-10-21 14:15:00-04:00
2024-10-30 22:04:11,278 - Buy 127.97 shares at 116.47 on 2024-10-22 13:45:00-04:00
2024-10-30 22:04:11,278 - Buy 126.19 shares at 115.75 on 2024-10-23 13:30:00-04:00
2024-10-30 22:04:11,279 - Buy 127.27 shares at 112.47 on 2024-10-28 13:30:00-04:00
2024-10-30 22:04:11,279 - Buy 124.59 shares at 112.59 on 2024-10-29 11:00:00-04:00
2024-10-30 22:04:11,279 - Buy 122.39 shares at 112.32 on 2024-10-29 13:45:00-04:00
2024-10-30 22:04:11,279 - Buy 120.02 shares at 112.25 on 2024-10-29 15:30:00-04:00
2024-10-30 22:04:11,279 - Buy 116.13 shares at 113.69 on 2024-10-30 11:15:00-04:00
2024-10-30 22:04:11,465 - Holding 3453.407562480234 shares as an open position at the end with unrealized return: -0.031048081899241433, Duration: 270.0 minutes
