2024-10-31 00:54:28,150 - Starting SmaCrossoverStrategy with initial capital: 1000000
2024-10-31 00:54:28,150 - Hyperparameters: {'fast_period': 15, 'slow_period': 20}
2024-10-31 00:54:28,157 - Buy 107.45 shares at 186.13 on 2024-02-01 12:30:00-05:00
2024-10-31 00:54:28,157 - Sell 107.45 shares at 185.8 on 2024-02-01 13:30:00-05:00 (Exit: Signal, Profit: -35.45908773437748, Duration: 60.0 minutes)
2024-10-31 00:54:28,157 - Buy 109.09 shares at 183.32 on 2024-02-02 10:00:00-05:00
2024-10-31 00:54:28,157 - Sell 109.09 shares at 185.85 on 2024-02-02 15:30:00-05:00 (Exit: Signal, Profit: 276.0102867671867, Duration: 330.0 minutes)
2024-10-31 00:54:28,157 - Buy 107.03 shares at 186.9 on 2024-02-05 10:30:00-05:00
2024-10-31 00:54:28,158 - Sell 107.03 shares at 188.58 on 2024-02-06 14:30:00-05:00 (Exit: Signal, Profit: 179.81852605825384, Duration: 1680.0 minutes)
2024-10-31 00:54:28,158 - Buy 105.10 shares at 190.38 on 2024-02-07 10:00:00-05:00
2024-10-31 00:54:28,158 - Sell 105.10 shares at 188.0 on 2024-02-08 11:00:00-05:00 (Exit: Signal, Profit: -250.13136673450074, Duration: 1500.0 minutes)
2024-10-31 00:54:28,158 - Buy 105.65 shares at 189.34 on 2024-02-09 12:00:00-05:00
2024-10-31 00:54:28,158 - Sell 105.65 shares at 187.87 on 2024-02-12 12:00:00-05:00 (Exit: Signal, Profit: -155.30265663745467, Duration: 4320.0 minutes)
2024-10-31 00:54:28,159 - Buy 109.33 shares at 182.94 on 2024-02-16 12:00:00-05:00
2024-10-31 00:54:28,159 - Sell 109.33 shares at 180.47 on 2024-02-20 10:00:00-05:00 (Exit: Signal, Profit: -270.0379240388374, Duration: 5640.0 minutes)
2024-10-31 00:54:28,159 - Buy 109.79 shares at 182.12 on 2024-02-21 11:30:00-05:00
2024-10-31 00:54:28,159 - Sell 109.79 shares at 182.94 on 2024-02-22 11:30:00-05:00 (Exit: Signal, Profit: 90.02754405641238, Duration: 1440.0 minutes)
2024-10-31 00:54:28,159 - Buy 108.65 shares at 184.05 on 2024-02-22 13:00:00-05:00
2024-10-31 00:54:28,160 - Sell 108.65 shares at 182.62 on 2024-02-23 14:30:00-05:00 (Exit: Signal, Profit: -155.36690499430486, Duration: 1530.0 minutes)
2024-10-31 00:54:28,160 - Buy 109.49 shares at 182.6 on 2024-02-27 14:00:00-05:00
2024-10-31 00:54:28,160 - Sell 109.49 shares at 181.3 on 2024-02-28 09:30:00-05:00 (Exit: Signal, Profit: -142.3421057986581, Duration: 1170.0 minutes)
2024-10-31 00:54:28,160 - Buy 110.07 shares at 181.62 on 2024-02-28 11:00:00-05:00
2024-10-31 00:54:28,160 - Sell 110.07 shares at 181.43 on 2024-02-28 15:30:00-05:00 (Exit: Signal, Profit: -20.913123125104843, Duration: 270.0 minutes)
2024-10-31 00:54:28,161 - Buy 117.08 shares at 170.74 on 2024-03-08 09:30:00-05:00
2024-10-31 00:54:28,162 - Sell 117.08 shares at 172.53 on 2024-03-12 12:00:00-04:00 (Exit: Signal, Profit: 209.57411066020705, Duration: 5850.0 minutes)
2024-10-31 00:54:28,162 - Buy 115.04 shares at 173.8 on 2024-03-12 14:00:00-04:00
2024-10-31 00:54:28,162 - Sell 115.04 shares at 170.99 on 2024-03-13 10:00:00-04:00 (Exit: Signal, Profit: -323.2715437524428, Duration: 1200.0 minutes)
2024-10-31 00:54:28,162 - Buy 115.75 shares at 172.68 on 2024-03-14 12:00:00-04:00
2024-10-31 00:54:28,162 - Sell 115.75 shares at 170.99 on 2024-03-15 11:30:00-04:00 (Exit: Signal, Profit: -195.62084824247, Duration: 1410.0 minutes)
2024-10-31 00:54:28,162 - Buy 113.03 shares at 176.81 on 2024-03-18 11:00:00-04:00
2024-10-31 00:54:28,163 - Sell 113.03 shares at 175.22 on 2024-03-19 11:30:00-04:00 (Exit: Signal, Profit: -179.71145365096018, Duration: 1470.0 minutes)
2024-10-31 00:54:28,163 - Buy 113.31 shares at 176.34 on 2024-03-19 15:00:00-04:00
2024-10-31 00:54:28,163 - Sell 113.31 shares at 172.6 on 2024-03-21 10:30:00-04:00 (Exit: Stop_loss, Profit: -423.7679485894982, Duration: 2610.0 minutes)
2024-10-31 00:54:28,163 - Buy 115.61 shares at 172.75 on 2024-03-22 14:30:00-04:00
2024-10-31 00:54:28,163 - Sell 115.61 shares at 171.0 on 2024-03-25 12:30:00-04:00 (Exit: Signal, Profit: -202.32198374905082, Duration: 4200.0 minutes)
2024-10-31 00:54:28,164 - Buy 116.61 shares at 171.24 on 2024-03-26 12:00:00-04:00
2024-10-31 00:54:28,164 - Sell 116.61 shares at 170.55 on 2024-03-26 14:30:00-04:00 (Exit: Signal, Profit: -80.45980105455958, Duration: 150.0 minutes)
2024-10-31 00:54:28,164 - Buy 115.77 shares at 172.46 on 2024-03-27 11:00:00-04:00
2024-10-31 00:54:28,164 - Sell 115.77 shares at 171.33 on 2024-03-28 12:30:00-04:00 (Exit: Signal, Profit: -130.82481941354084, Duration: 1530.0 minutes)
2024-10-31 00:54:28,164 - Buy 117.22 shares at 170.31 on 2024-04-03 12:00:00-04:00
2024-10-31 00:54:28,165 - Sell 117.22 shares at 170.21 on 2024-04-05 11:30:00-04:00 (Exit: Signal, Profit: -11.722035099524044, Duration: 2850.0 minutes)
2024-10-31 00:54:28,165 - Buy 118.13 shares at 169.0 on 2024-04-08 10:30:00-04:00
2024-10-31 00:54:28,165 - Sell 118.13 shares at 168.81 on 2024-04-08 12:30:00-04:00 (Exit: Signal, Profit: -22.444243030098683, Duration: 120.0 minutes)
2024-10-31 00:54:28,165 - Buy 118.08 shares at 169.06 on 2024-04-09 12:30:00-04:00
2024-10-31 00:54:28,165 - Sell 118.08 shares at 168.03 on 2024-04-10 10:30:00-04:00 (Exit: Signal, Profit: -121.62550628185912, Duration: 1320.0 minutes)
2024-10-31 00:54:28,166 - Buy 117.48 shares at 169.91 on 2024-04-11 12:00:00-04:00
2024-10-31 00:54:28,166 - Sell 117.48 shares at 175.41 on 2024-04-15 11:00:00-04:00 (Exit: Signal, Profit: 646.1288434036704, Duration: 5700.0 minutes)
2024-10-31 00:54:28,166 - Buy 118.23 shares at 168.94 on 2024-04-17 13:30:00-04:00
2024-10-31 00:54:28,166 - Sell 118.23 shares at 168.33 on 2024-04-17 14:30:00-04:00 (Exit: Signal, Profit: -72.11968082573537, Duration: 60.0 minutes)
2024-10-31 00:54:28,167 - Buy 120.45 shares at 165.81 on 2024-04-22 12:30:00-04:00
2024-10-31 00:54:28,167 - Sell 120.45 shares at 166.91 on 2024-04-23 15:30:00-04:00 (Exit: Signal, Profit: 132.4973075093187, Duration: 1620.0 minutes)
2024-10-31 00:54:28,167 - Buy 118.90 shares at 168.0 on 2024-04-24 10:00:00-04:00
2024-10-31 00:54:28,168 - Sell 118.90 shares at 173.87 on 2024-04-30 12:30:00-04:00 (Exit: Signal, Profit: 697.9294525890568, Duration: 8790.0 minutes)
2024-10-31 00:54:28,168 - Buy 116.14 shares at 172.11 on 2024-05-02 11:30:00-04:00
2024-10-31 00:54:28,168 - Sell 116.14 shares at 181.53 on 2024-05-06 12:30:00-04:00 (Exit: Signal, Profit: 1094.0341729615584, Duration: 5820.0 minutes)
2024-10-31 00:54:28,169 - Buy 109.72 shares at 182.38 on 2024-05-07 14:00:00-04:00
2024-10-31 00:54:28,169 - Sell 109.72 shares at 182.29 on 2024-05-08 11:00:00-04:00 (Exit: Signal, Profit: -9.874759507513561, Duration: 1260.0 minutes)
2024-10-31 00:54:28,169 - Buy 109.76 shares at 182.31 on 2024-05-08 13:00:00-04:00
2024-10-31 00:54:28,169 - Sell 109.76 shares at 183.75 on 2024-05-09 09:30:00-04:00 (Exit: Signal, Profit: 158.05525659925524, Duration: 1230.0 minutes)
2024-10-31 00:54:28,169 - Buy 107.57 shares at 186.05 on 2024-05-13 11:30:00-04:00
2024-10-31 00:54:28,170 - Sell 107.57 shares at 189.93 on 2024-05-16 14:00:00-04:00 (Exit: Signal, Profit: 417.3761182379331, Duration: 4470.0 minutes)
2024-10-31 00:54:28,170 - Buy 105.17 shares at 190.38 on 2024-05-17 09:30:00-04:00
2024-10-31 00:54:28,170 - Sell 105.17 shares at 189.69 on 2024-05-17 11:00:00-04:00 (Exit: Signal, Profit: -72.56620572962915, Duration: 90.0 minutes)
2024-10-31 00:54:28,170 - Buy 104.49 shares at 191.61 on 2024-05-20 10:00:00-04:00
2024-10-31 00:54:28,171 - Sell 104.49 shares at 191.37 on 2024-05-22 13:00:00-04:00 (Exit: Signal, Profit: -25.076575985492806, Duration: 3060.0 minutes)
2024-10-31 00:54:28,171 - Buy 105.25 shares at 190.21 on 2024-05-24 14:30:00-04:00
2024-10-31 00:54:28,171 - Sell 105.25 shares at 191.77 on 2024-05-29 12:00:00-04:00 (Exit: Signal, Profit: 164.1933406266753, Duration: 7050.0 minutes)
2024-10-31 00:54:28,171 - Buy 104.71 shares at 191.22 on 2024-05-29 14:30:00-04:00
2024-10-31 00:54:28,171 - Sell 104.71 shares at 191.25 on 2024-05-30 12:00:00-04:00 (Exit: Signal, Profit: 3.141401582634239, Duration: 1290.0 minutes)
2024-10-31 00:54:28,172 - Buy 104.46 shares at 191.69 on 2024-05-31 10:00:00-04:00
2024-10-31 00:54:28,172 - Sell 104.46 shares at 190.04 on 2024-05-31 12:30:00-04:00 (Exit: Signal, Profit: -172.35399995291172, Duration: 150.0 minutes)
2024-10-31 00:54:28,172 - Buy 103.13 shares at 194.13 on 2024-06-03 11:00:00-04:00
2024-10-31 00:54:28,172 - Sell 103.13 shares at 194.47 on 2024-06-04 12:00:00-04:00 (Exit: Signal, Profit: 35.06294343044615, Duration: 1500.0 minutes)
2024-10-31 00:54:28,172 - Buy 102.90 shares at 194.57 on 2024-06-04 13:30:00-04:00
2024-10-31 00:54:28,173 - Sell 102.90 shares at 195.54 on 2024-06-06 14:00:00-04:00 (Exit: Signal, Profit: 99.8097978813421, Duration: 2910.0 minutes)
2024-10-31 00:54:28,173 - Buy 101.93 shares at 196.44 on 2024-06-07 15:00:00-04:00
2024-10-31 00:54:28,173 - Sell 101.93 shares at 194.96 on 2024-06-10 13:30:00-04:00 (Exit: Signal, Profit: -150.8524648648009, Duration: 4230.0 minutes)
2024-10-31 00:54:28,173 - Buy 97.94 shares at 204.4 on 2024-06-11 11:00:00-04:00
2024-10-31 00:54:28,173 - Sell 97.94 shares at 213.1 on 2024-06-12 15:30:00-04:00 (Exit: Stop_loss, Profit: 852.1058298388507, Duration: 1710.0 minutes)
2024-10-31 00:54:28,174 - Buy 94.34 shares at 212.38 on 2024-06-14 13:30:00-04:00
2024-10-31 00:54:28,174 - Sell 94.34 shares at 212.23 on 2024-06-14 14:00:00-04:00 (Exit: Signal, Profit: -14.151496344666839, Duration: 30.0 minutes)
2024-10-31 00:54:28,174 - Buy 92.53 shares at 216.55 on 2024-06-17 12:00:00-04:00
2024-10-31 00:54:28,174 - Sell 92.53 shares at 213.66 on 2024-06-18 13:00:00-04:00 (Exit: Signal, Profit: -267.39805311360266, Duration: 1500.0 minutes)
2024-10-31 00:54:28,174 - Buy 95.25 shares at 210.3 on 2024-06-21 13:30:00-04:00
2024-10-31 00:54:28,174 - Sell 95.25 shares at 211.85 on 2024-06-24 11:30:00-04:00 (Exit: Signal, Profit: 147.63695434456562, Duration: 4200.0 minutes)
2024-10-31 00:54:28,175 - Buy 95.49 shares at 209.8 on 2024-06-25 10:00:00-04:00
2024-10-31 00:54:28,175 - Sell 95.49 shares at 209.72 on 2024-06-25 12:30:00-04:00 (Exit: Signal, Profit: -7.639257847843298, Duration: 150.0 minutes)
2024-10-31 00:54:28,175 - Buy 95.82 shares at 209.08 on 2024-06-25 15:30:00-04:00
2024-10-31 00:54:28,175 - Sell 95.82 shares at 213.64 on 2024-06-27 13:30:00-04:00 (Exit: Signal, Profit: 436.93386358756624, Duration: 2760.0 minutes)
2024-10-31 00:54:28,175 - Buy 93.38 shares at 214.64 on 2024-06-28 10:00:00-04:00
2024-10-31 00:54:28,175 - Sell 93.38 shares at 214.37 on 2024-06-28 10:30:00-04:00 (Exit: Signal, Profit: -25.211916192139675, Duration: 30.0 minutes)
2024-10-31 00:54:28,175 - Buy 92.25 shares at 217.25 on 2024-07-01 13:00:00-04:00
2024-10-31 00:54:28,177 - Sell 92.25 shares at 227.76 on 2024-07-11 12:00:00-04:00 (Exit: Signal, Profit: 969.5824701083781, Duration: 14340.0 minutes)
2024-10-31 00:54:28,177 - Buy 86.68 shares at 231.45 on 2024-07-12 12:30:00-04:00
2024-10-31 00:54:28,177 - Sell 86.68 shares at 233.57 on 2024-07-16 12:30:00-04:00 (Exit: Signal, Profit: 183.75556387736987, Duration: 5760.0 minutes)
2024-10-31 00:54:28,177 - Buy 89.33 shares at 224.61 on 2024-07-19 13:30:00-04:00
2024-10-31 00:54:28,178 - Sell 89.33 shares at 224.35 on 2024-07-19 15:30:00-04:00 (Exit: Signal, Profit: -23.22659966748542, Duration: 120.0 minutes)
2024-10-31 00:54:28,178 - Buy 89.64 shares at 223.84 on 2024-07-22 12:00:00-04:00
2024-10-31 00:54:28,178 - Sell 89.64 shares at 224.29 on 2024-07-22 12:30:00-04:00 (Exit: Signal, Profit: 40.3372360382356, Duration: 30.0 minutes)
2024-10-31 00:54:28,178 - Buy 89.29 shares at 224.72 on 2024-07-23 13:00:00-04:00
2024-10-31 00:54:28,178 - Sell 89.29 shares at 221.29 on 2024-07-24 09:30:00-04:00 (Exit: Signal, Profit: -306.2676845085113, Duration: 1230.0 minutes)
2024-10-31 00:54:28,178 - Buy 91.03 shares at 220.35 on 2024-07-25 13:30:00-04:00
2024-10-31 00:54:28,178 - Sell 91.03 shares at 218.09 on 2024-07-26 13:30:00-04:00 (Exit: Signal, Profit: -205.73660491767947, Duration: 1440.0 minutes)
2024-10-31 00:54:28,179 - Buy 91.98 shares at 218.04 on 2024-07-29 11:30:00-04:00
2024-10-31 00:54:28,179 - Sell 91.98 shares at 218.37 on 2024-07-29 13:30:00-04:00 (Exit: Signal, Profit: 30.353226021070252, Duration: 120.0 minutes)
2024-10-31 00:54:28,179 - Buy 91.55 shares at 219.06 on 2024-07-30 10:00:00-04:00
2024-10-31 00:54:28,179 - Sell 91.55 shares at 217.59 on 2024-07-30 13:30:00-04:00 (Exit: Signal, Profit: -134.5843267985344, Duration: 210.0 minutes)
2024-10-31 00:54:28,179 - Buy 89.99 shares at 222.83 on 2024-07-31 10:00:00-04:00
2024-10-31 00:54:28,179 - Sell 89.99 shares at 219.32 on 2024-08-01 12:00:00-04:00 (Exit: Signal, Profit: -315.87510606746724, Duration: 1560.0 minutes)
2024-10-31 00:54:28,179 - Buy 89.24 shares at 224.63 on 2024-08-02 13:00:00-04:00
2024-10-31 00:54:28,180 - Sell 89.24 shares at 207.63 on 2024-08-05 09:30:00-04:00 (Exit: Stop_loss, Profit: -1517.142127476543, Duration: 4110.0 minutes)
2024-10-31 00:54:28,180 - Buy 93.91 shares at 213.15 on 2024-08-07 10:30:00-04:00
2024-10-31 00:54:28,180 - Sell 93.91 shares at 213.25 on 2024-08-08 12:00:00-04:00 (Exit: Signal, Profit: 9.390785494106456, Duration: 1530.0 minutes)
2024-10-31 00:54:28,180 - Buy 94.01 shares at 212.92 on 2024-08-08 14:30:00-04:00
2024-10-31 00:54:28,181 - Sell 94.01 shares at 224.31 on 2024-08-19 13:30:00-04:00 (Exit: Signal, Profit: 1070.7759272402036, Duration: 15780.0 minutes)
2024-10-31 00:54:28,182 - Buy 88.30 shares at 226.93 on 2024-08-20 11:30:00-04:00
2024-10-31 00:54:28,182 - Sell 88.30 shares at 226.44 on 2024-08-21 14:00:00-04:00 (Exit: Signal, Profit: -43.26731010145248, Duration: 1590.0 minutes)
2024-10-31 00:54:28,182 - Buy 88.47 shares at 226.48 on 2024-08-23 14:30:00-04:00
2024-10-31 00:54:28,182 - Sell 88.47 shares at 224.87 on 2024-08-26 11:30:00-04:00 (Exit: Signal, Profit: -142.44033734843632, Duration: 4140.0 minutes)
2024-10-31 00:54:28,182 - Buy 88.80 shares at 225.61 on 2024-08-26 13:30:00-04:00
2024-10-31 00:54:28,182 - Sell 88.80 shares at 227.24 on 2024-08-26 15:30:00-04:00 (Exit: Signal, Profit: 144.74530381211528, Duration: 120.0 minutes)
2024-10-31 00:54:28,183 - Buy 87.66 shares at 228.57 on 2024-08-27 11:00:00-04:00
2024-10-31 00:54:28,183 - Sell 87.66 shares at 227.47 on 2024-08-28 13:00:00-04:00 (Exit: Signal, Profit: -96.42983639531857, Duration: 1560.0 minutes)
2024-10-31 00:54:28,183 - Buy 86.48 shares at 231.67 on 2024-08-29 11:30:00-04:00
2024-10-31 00:54:28,183 - Sell 86.48 shares at 228.03 on 2024-08-30 12:00:00-04:00 (Exit: Signal, Profit: -314.7949487101848, Duration: 1470.0 minutes)
2024-10-31 00:54:28,184 - Buy 90.03 shares at 222.48 on 2024-09-05 11:00:00-04:00
2024-10-31 00:54:28,184 - Sell 90.03 shares at 220.97 on 2024-09-06 11:30:00-04:00 (Exit: Signal, Profit: -135.93949342537226, Duration: 1470.0 minutes)
2024-10-31 00:54:28,184 - Buy 91.64 shares at 218.54 on 2024-09-10 12:00:00-04:00
2024-10-31 00:54:28,184 - Sell 91.64 shares at 220.81 on 2024-09-10 13:30:00-04:00 (Exit: Signal, Profit: 208.0154717089596, Duration: 90.0 minutes)
2024-10-31 00:54:28,184 - Buy 90.74 shares at 220.75 on 2024-09-10 15:00:00-04:00
2024-10-31 00:54:28,185 - Sell 90.74 shares at 215.19 on 2024-09-16 09:30:00-04:00 (Exit: Signal, Profit: -504.50446106072985, Duration: 8310.0 minutes)
2024-10-31 00:54:28,185 - Buy 92.77 shares at 215.81 on 2024-09-17 12:30:00-04:00
2024-10-31 00:54:28,186 - Sell 92.77 shares at 226.94 on 2024-09-23 12:00:00-04:00 (Exit: Signal, Profit: 1032.5134213854747, Duration: 8610.0 minutes)
2024-10-31 00:54:28,186 - Buy 88.27 shares at 227.03 on 2024-09-24 15:00:00-04:00
2024-10-31 00:54:28,186 - Sell 88.27 shares at 225.87 on 2024-09-25 12:00:00-04:00 (Exit: Signal, Profit: -102.3987308396378, Duration: 1260.0 minutes)
2024-10-31 00:54:28,186 - Buy 88.18 shares at 227.25 on 2024-09-26 12:30:00-04:00
2024-10-31 00:54:28,187 - Sell 88.18 shares at 224.97 on 2024-10-01 10:00:00-04:00 (Exit: Stop_loss, Profit: -201.051078196151, Duration: 7050.0 minutes)
2024-10-31 00:54:28,187 - Buy 88.40 shares at 226.64 on 2024-10-02 12:30:00-04:00
2024-10-31 00:54:28,187 - Sell 88.40 shares at 223.86 on 2024-10-03 13:00:00-04:00 (Exit: Signal, Profit: -245.75170039882514, Duration: 1470.0 minutes)
2024-10-31 00:54:28,187 - Buy 89.07 shares at 224.89 on 2024-10-04 13:30:00-04:00
2024-10-31 00:54:28,187 - Sell 89.07 shares at 223.85 on 2024-10-07 13:30:00-04:00 (Exit: Signal, Profit: -92.6285650877775, Duration: 4320.0 minutes)
2024-10-31 00:54:28,188 - Buy 88.88 shares at 225.33 on 2024-10-08 14:30:00-04:00
2024-10-31 00:54:28,188 - Sell 88.88 shares at 228.85 on 2024-10-10 15:00:00-04:00 (Exit: Signal, Profit: 312.87093406634585, Duration: 2910.0 minutes)
2024-10-31 00:54:28,188 - Buy 87.92 shares at 227.87 on 2024-10-11 12:30:00-04:00
2024-10-31 00:54:28,188 - Sell 87.92 shares at 227.84 on 2024-10-11 13:00:00-04:00 (Exit: Signal, Profit: -2.6376146120594215, Duration: 30.0 minutes)
2024-10-31 00:54:28,188 - Buy 87.30 shares at 229.49 on 2024-10-14 10:30:00-04:00
2024-10-31 00:54:28,188 - Sell 87.30 shares at 229.69 on 2024-10-14 11:00:00-04:00 (Exit: Signal, Profit: 17.45992299101359, Duration: 30.0 minutes)
2024-10-31 00:54:28,189 - Buy 86.26 shares at 232.25 on 2024-10-17 12:00:00-04:00
2024-10-31 00:54:28,189 - Sell 86.26 shares at 234.19 on 2024-10-22 12:00:00-04:00 (Exit: Signal, Profit: 167.35152378440895, Duration: 7200.0 minutes)
2024-10-31 00:54:28,190 - Buy 86.92 shares at 230.54 on 2024-10-24 15:00:00-04:00
2024-10-31 00:54:28,190 - Sell 86.92 shares at 233.9 on 2024-10-29 13:00:00-04:00 (Exit: Signal, Profit: 292.0446132832346, Duration: 7080.0 minutes)
