2024-10-30 22:04:19,993 - Starting SmaCrossoverStrategy with initial capital: 1000000
2024-10-30 22:04:19,994 - Hyperparameters: {'fast_period': 15, 'slow_period': 40}
2024-10-30 22:04:20,004 - Buy 193.50 shares at 103.36 on 2023-12-27 11:30:00-05:00
2024-10-30 22:04:20,006 - Buy 190.38 shares at 102.95 on 2024-01-03 11:30:00-05:00
2024-10-30 22:04:20,006 - Sell 383.88 shares at 108.54 on 2024-01-04 11:45:00-05:00 (Exit: Profit_take, Profit: 2066.5667604430896, Duration: 1455.0 minutes)
2024-10-30 22:04:20,007 - Buy 188.52 shares at 106.31 on 2024-01-08 14:45:00-05:00
2024-10-30 22:04:20,008 - Buy 183.20 shares at 107.21 on 2024-01-12 12:30:00-05:00
2024-10-30 22:04:20,008 - Buy 180.24 shares at 106.79 on 2024-01-17 12:15:00-05:00
2024-10-30 22:04:20,009 - Buy 176.62 shares at 106.8 on 2024-01-18 13:45:00-05:00
2024-10-30 22:04:20,010 - Buy 175.42 shares at 105.38 on 2024-01-23 15:45:00-05:00
2024-10-30 22:04:20,010 - Buy 170.20 shares at 106.44 on 2024-01-26 10:00:00-05:00
2024-10-30 22:04:20,011 - Sell 1074.19 shares at 113.65 on 2024-01-31 09:30:00-05:00 (Exit: Profit_take, Profit: 7687.596739216399, Duration: 7170.0 minutes)
2024-10-30 22:04:20,012 - Buy 175.32 shares at 115.19 on 2024-02-01 14:00:00-05:00
2024-10-30 22:04:20,012 - Buy 168.71 shares at 117.31 on 2024-02-05 10:00:00-05:00
2024-10-30 22:04:20,013 - Buy 162.21 shares at 119.57 on 2024-02-07 10:15:00-05:00
2024-10-30 22:04:20,013 - Buy 158.86 shares at 119.65 on 2024-02-09 09:30:00-05:00
2024-10-30 22:04:20,014 - Buy 153.12 shares at 121.65 on 2024-02-14 10:30:00-05:00
2024-10-30 22:04:20,015 - Buy 147.14 shares at 124.06 on 2024-02-16 11:30:00-05:00
2024-10-30 22:04:20,015 - Buy 145.03 shares at 123.35 on 2024-02-22 09:45:00-05:00
2024-10-30 22:04:20,016 - Buy 141.39 shares at 124.0 on 2024-02-26 14:30:00-05:00
2024-10-30 22:04:20,017 - Buy 138.95 shares at 123.65 on 2024-03-01 10:15:00-05:00
2024-10-30 22:04:20,017 - Sell 1390.73 shares at 127.7 on 2024-03-04 09:30:00-05:00 (Exit: Profit_take, Profit: 9722.465140460112, Duration: 4275.0 minutes)
2024-10-30 22:04:20,018 - Buy 163.50 shares at 124.71 on 2024-03-06 13:30:00-05:00
2024-10-30 22:04:20,018 - Sell 163.50 shares at 135.56 on 2024-03-07 09:30:00-05:00 (Exit: Profit_take, Profit: 1773.9269378149775, Duration: 1200.0 minutes)
2024-10-30 22:04:20,019 - Buy 152.43 shares at 134.0 on 2024-03-12 10:45:00-04:00
2024-10-30 22:04:20,020 - Buy 148.97 shares at 134.37 on 2024-03-14 10:45:00-04:00
2024-10-30 22:04:20,020 - Buy 147.04 shares at 133.41 on 2024-03-18 12:15:00-04:00
2024-10-30 22:04:20,021 - Buy 147.49 shares at 130.34 on 2024-03-21 14:00:00-04:00
2024-10-30 22:04:20,022 - Buy 144.94 shares at 129.98 on 2024-03-25 10:45:00-04:00
2024-10-30 22:04:20,022 - Buy 142.52 shares at 129.54 on 2024-03-28 10:45:00-04:00
2024-10-30 22:04:20,023 - Buy 142.17 shares at 127.27 on 2024-04-03 10:30:00-04:00
2024-10-30 22:04:20,024 - Buy 140.59 shares at 126.12 on 2024-04-05 12:45:00-04:00
2024-10-30 22:04:20,025 - Buy 139.01 shares at 125.0 on 2024-04-10 12:45:00-04:00
2024-10-30 22:04:20,026 - Buy 135.97 shares at 125.24 on 2024-04-15 12:15:00-04:00
2024-10-30 22:04:20,026 - Buy 134.26 shares at 124.3 on 2024-04-17 10:00:00-04:00
2024-10-30 22:04:20,026 - Buy 131.31 shares at 124.55 on 2024-04-17 15:45:00-04:00
2024-10-30 22:04:20,026 - Buy 129.48 shares at 123.79 on 2024-04-18 10:00:00-04:00
2024-10-30 22:04:20,027 - Buy 127.29 shares at 123.4 on 2024-04-19 12:00:00-04:00
2024-10-30 22:04:20,027 - Buy 123.36 shares at 124.78 on 2024-04-22 10:30:00-04:00
2024-10-30 22:04:20,028 - Buy 119.19 shares at 126.56 on 2024-04-26 09:45:00-04:00
2024-10-30 22:04:20,029 - Buy 114.04 shares at 129.63 on 2024-04-30 10:00:00-04:00
2024-10-30 22:04:20,029 - Sell 2320.07 shares at 122.68 on 2024-05-03 09:30:00-04:00 (Exit: Stop_loss, Profit: -12229.474648677115, Duration: 4290.0 minutes)
2024-10-30 22:04:20,030 - Buy 164.03 shares at 123.03 on 2024-05-06 11:30:00-04:00
2024-10-30 22:04:20,031 - Buy 154.58 shares at 127.94 on 2024-05-09 11:45:00-04:00
2024-10-30 22:04:20,031 - Buy 147.88 shares at 131.06 on 2024-05-13 10:00:00-04:00
2024-10-30 22:04:20,032 - Buy 143.16 shares at 132.67 on 2024-05-14 14:00:00-04:00
2024-10-30 22:04:20,033 - Buy 139.92 shares at 133.03 on 2024-05-20 11:15:00-04:00
2024-10-30 22:04:20,034 - Sell 749.57 shares at 136.05 on 2024-05-23 09:30:00-04:00 (Exit: Profit_take, Profit: 5033.670517544126, Duration: 4215.0 minutes)
2024-10-30 22:04:20,034 - Buy 148.68 shares at 136.41 on 2024-05-23 10:00:00-04:00
2024-10-30 22:04:20,034 - Buy 145.77 shares at 136.35 on 2024-05-24 14:00:00-04:00
2024-10-30 22:04:20,035 - Buy 145.47 shares at 133.9 on 2024-05-30 10:15:00-04:00
2024-10-30 22:04:20,036 - Sell 439.91 shares at 142.34 on 2024-06-05 11:00:00-04:00 (Exit: Profit_take, Profit: 2982.545270507672, Duration: 8685.0 minutes)
2024-10-30 22:04:20,037 - Buy 141.78 shares at 143.47 on 2024-06-10 13:45:00-04:00
2024-10-30 22:04:20,038 - Buy 138.74 shares at 143.68 on 2024-06-12 10:00:00-04:00
2024-10-30 22:04:20,038 - Buy 137.19 shares at 142.4 on 2024-06-14 11:15:00-04:00
2024-10-30 22:04:20,039 - Buy 134.47 shares at 142.37 on 2024-06-20 10:00:00-04:00
2024-10-30 22:04:20,040 - Buy 131.65 shares at 142.51 on 2024-06-21 14:15:00-04:00
2024-10-30 22:04:20,040 - Buy 126.12 shares at 145.78 on 2024-06-25 09:30:00-04:00
2024-10-30 22:04:20,041 - Buy 124.79 shares at 144.39 on 2024-06-27 13:00:00-04:00
2024-10-30 22:04:20,041 - Buy 122.41 shares at 144.25 on 2024-06-27 13:30:00-04:00
2024-10-30 22:04:20,041 - Buy 119.94 shares at 144.28 on 2024-06-27 14:45:00-04:00
2024-10-30 22:04:20,041 - Buy 116.61 shares at 145.43 on 2024-07-01 12:00:00-04:00
2024-10-30 22:04:20,042 - Sell 1293.71 shares at 137.55 on 2024-07-03 11:15:00-04:00 (Exit: Stop_loss, Profit: -8094.15250807665, Duration: 2835.0 minutes)
2024-10-30 22:04:20,042 - Buy 142.41 shares at 141.7 on 2024-07-05 12:45:00-04:00
2024-10-30 22:04:20,043 - Buy 139.55 shares at 141.71 on 2024-07-10 12:00:00-04:00
2024-10-30 22:04:20,044 - Buy 135.72 shares at 142.79 on 2024-07-12 11:00:00-04:00
2024-10-30 22:04:20,045 - Sell 417.68 shares at 135.75 on 2024-07-17 10:15:00-04:00 (Exit: Stop_loss, Profit: -2634.501000744058, Duration: 7155.0 minutes)
2024-10-30 22:04:20,045 - Buy 152.51 shares at 131.97 on 2024-07-19 11:30:00-04:00
2024-10-30 22:04:20,047 - Sell 152.51 shares at 126.68 on 2024-07-25 10:00:00-04:00 (Exit: Stop_loss, Profit: -806.754978036356, Duration: 8550.0 minutes)
2024-10-30 22:04:20,048 - Buy 156.44 shares at 128.55 on 2024-07-29 10:15:00-04:00
2024-10-30 22:04:20,048 - Buy 150.02 shares at 131.37 on 2024-07-30 09:30:00-04:00
2024-10-30 22:04:20,048 - Buy 149.63 shares at 129.08 on 2024-07-30 15:30:00-04:00
2024-10-30 22:04:20,049 - Sell 456.08 shares at 127.16 on 2024-08-02 11:00:00-04:00 (Exit: Stop_loss, Profit: -1136.3042562878147, Duration: 4050.0 minutes)
2024-10-30 22:04:20,050 - Buy 155.01 shares at 129.59 on 2024-08-06 09:45:00-04:00
2024-10-30 22:04:20,050 - Sell 155.01 shares at 122.78 on 2024-08-07 09:30:00-04:00 (Exit: Stop_loss, Profit: -1055.5952815593885, Duration: 1425.0 minutes)
2024-10-30 22:04:20,050 - Buy 159.64 shares at 125.7 on 2024-08-08 11:30:00-04:00
2024-10-30 22:04:20,051 - Sell 159.64 shares at 132.96 on 2024-08-09 09:45:00-04:00 (Exit: Profit_take, Profit: 1158.954736341816, Duration: 1335.0 minutes)
2024-10-30 22:04:20,051 - Buy 150.22 shares at 133.73 on 2024-08-13 11:00:00-04:00
2024-10-30 22:04:20,052 - Buy 144.86 shares at 135.91 on 2024-08-15 09:30:00-04:00
2024-10-30 22:04:20,053 - Buy 142.48 shares at 135.41 on 2024-08-19 12:15:00-04:00
2024-10-30 22:04:20,053 - Buy 138.79 shares at 136.23 on 2024-08-20 09:45:00-04:00
2024-10-30 22:04:20,053 - Buy 134.41 shares at 137.86 on 2024-08-22 09:45:00-04:00
2024-10-30 22:04:20,055 - Buy 133.26 shares at 136.27 on 2024-08-29 10:00:00-04:00
2024-10-30 22:04:20,056 - Sell 844.03 shares at 131.47 on 2024-09-05 09:30:00-04:00 (Exit: Stop_loss, Profit: -3703.248350215553, Duration: 10050.0 minutes)
2024-10-30 22:04:20,056 - Buy 152.99 shares at 130.83 on 2024-09-06 12:30:00-04:00
2024-10-30 22:04:20,056 - Buy 149.47 shares at 131.23 on 2024-09-09 10:45:00-04:00
2024-10-30 22:04:20,057 - Buy 146.39 shares at 131.31 on 2024-09-11 10:15:00-04:00
2024-10-30 22:04:20,058 - Sell 448.85 shares at 137.8 on 2024-09-16 09:30:00-04:00 (Exit: Profit_take, Profit: 2998.424378013343, Duration: 7155.0 minutes)
2024-10-30 22:04:20,059 - Buy 149.06 shares at 134.68 on 2024-09-19 09:30:00-04:00
2024-10-30 22:04:20,059 - Sell 149.06 shares at 127.98 on 2024-09-20 09:30:00-04:00 (Exit: Stop_loss, Profit: -998.6961093495972, Duration: 1440.0 minutes)
2024-10-30 22:04:20,059 - Buy 159.33 shares at 125.87 on 2024-09-24 11:45:00-04:00
2024-10-30 22:04:20,060 - Sell 159.33 shares at 120.69 on 2024-09-27 09:45:00-04:00 (Exit: Stop_loss, Profit: -825.347563826092, Duration: 4200.0 minutes)
2024-10-30 22:04:20,062 - Buy 170.28 shares at 117.68 on 2024-10-07 09:30:00-04:00
2024-10-30 22:04:20,062 - Buy 167.80 shares at 117.03 on 2024-10-09 15:45:00-04:00
2024-10-30 22:04:20,063 - Buy 160.70 shares at 119.76 on 2024-10-14 15:45:00-04:00
2024-10-30 22:04:20,064 - Buy 159.96 shares at 117.91 on 2024-10-16 15:00:00-04:00
2024-10-30 22:04:20,065 - Sell 658.74 shares at 111.95 on 2024-10-28 09:30:00-04:00 (Exit: Stop_loss, Profit: -4036.548845553895, Duration: 16950.0 minutes)
2024-10-30 22:04:20,066 - Buy 177.69 shares at 112.32 on 2024-10-29 11:15:00-04:00
2024-10-30 22:04:20,066 - Buy 174.34 shares at 112.19 on 2024-10-30 13:30:00-04:00
2024-10-30 22:04:20,255 - Holding 352.02674077962615 shares as an open position at the end with unrealized return: 0.008947267653975544, Duration: 135.0 minutes
