2024-10-30 22:04:11,466 - Starting SmaCrossoverStrategy with initial capital: 1000000
2024-10-30 22:04:11,466 - Hyperparameters: {'fast_period': 5, 'slow_period': 20}
2024-10-30 22:04:11,477 - Buy 203.31 shares at 98.37 on 2023-11-03 14:00:00-04:00
2024-10-30 22:04:11,478 - Buy 193.77 shares at 101.15 on 2023-11-06 15:30:00-05:00
2024-10-30 22:04:11,478 - Buy 188.13 shares at 102.1 on 2023-11-08 15:30:00-05:00
2024-10-30 22:04:11,478 - Buy 186.21 shares at 101.09 on 2023-11-09 13:00:00-05:00
2024-10-30 22:04:11,479 - Buy 183.81 shares at 100.36 on 2023-11-10 12:30:00-05:00
2024-10-30 22:04:11,479 - Buy 179.60 shares at 100.66 on 2023-11-13 12:00:00-05:00
2024-10-30 22:04:11,479 - Sell 1134.83 shares at 98.67 on 2023-11-14 11:45:00-05:00 (Exit: Stop_loss, Profit: -2183.5117423396123, Duration: 1425.0 minutes)
2024-10-30 22:04:11,479 - Buy 200.55 shares at 99.51 on 2023-11-14 14:15:00-05:00
2024-10-30 22:04:11,480 - Sell 200.55 shares at 96.36 on 2023-11-15 12:00:00-05:00 (Exit: Stop_loss, Profit: -631.7198146943294, Duration: 1305.0 minutes)
2024-10-30 22:04:11,480 - Buy 202.60 shares at 98.44 on 2023-11-16 09:30:00-05:00
2024-10-30 22:04:11,481 - Buy 188.82 shares at 103.51 on 2023-11-21 12:15:00-05:00
2024-10-30 22:04:11,481 - Buy 185.67 shares at 103.16 on 2023-11-21 14:45:00-05:00
2024-10-30 22:04:11,481 - Buy 182.37 shares at 102.93 on 2023-11-22 12:45:00-05:00
2024-10-30 22:04:11,482 - Sell 759.46 shares at 101.5 on 2023-11-28 09:30:00-05:00 (Exit: Stop_loss, Profit: -328.5788887660646, Duration: 8445.0 minutes)
2024-10-30 22:04:11,482 - Buy 196.39 shares at 101.52 on 2023-11-28 14:15:00-05:00
2024-10-30 22:04:11,482 - Buy 192.23 shares at 101.64 on 2023-11-29 11:30:00-05:00
2024-10-30 22:04:11,483 - Buy 188.09 shares at 101.8 on 2023-11-30 14:45:00-05:00
2024-10-30 22:04:11,483 - Buy 184.66 shares at 101.62 on 2023-12-01 11:30:00-05:00
2024-10-30 22:04:11,483 - Buy 182.76 shares at 100.62 on 2023-12-04 12:15:00-05:00
2024-10-30 22:04:11,483 - Buy 180.85 shares at 99.65 on 2023-12-05 13:45:00-05:00
2024-10-30 22:04:11,484 - Buy 179.46 shares at 98.41 on 2023-12-06 14:00:00-05:00
2024-10-30 22:04:11,484 - Buy 179.25 shares at 96.56 on 2023-12-07 13:30:00-05:00
2024-10-30 22:04:11,484 - Buy 175.42 shares at 96.69 on 2023-12-08 13:30:00-05:00
2024-10-30 22:04:11,485 - Buy 172.59 shares at 96.31 on 2023-12-11 14:00:00-05:00
2024-10-30 22:04:11,485 - Buy 169.32 shares at 96.21 on 2023-12-12 12:45:00-05:00
2024-10-30 22:04:11,485 - Buy 162.45 shares at 98.27 on 2023-12-14 12:45:00-05:00
2024-10-30 22:04:11,486 - Buy 160.74 shares at 97.33 on 2023-12-15 13:00:00-05:00
2024-10-30 22:04:11,486 - Buy 154.70 shares at 99.11 on 2023-12-18 15:15:00-05:00
2024-10-30 22:04:11,486 - Buy 147.86 shares at 101.62 on 2023-12-20 09:30:00-05:00
2024-10-30 22:04:11,487 - Buy 142.88 shares at 103.06 on 2023-12-21 10:15:00-05:00
2024-10-30 22:04:11,487 - Buy 140.06 shares at 103.03 on 2023-12-21 14:45:00-05:00
2024-10-30 22:04:11,487 - Buy 136.95 shares at 103.26 on 2023-12-22 12:00:00-05:00
2024-10-30 22:04:11,487 - Buy 134.38 shares at 103.13 on 2023-12-26 11:30:00-05:00
2024-10-30 22:04:11,488 - Buy 131.85 shares at 103.01 on 2023-12-27 10:30:00-05:00
2024-10-30 22:04:11,488 - Buy 128.81 shares at 103.33 on 2023-12-29 14:00:00-05:00
2024-10-30 22:04:11,489 - Buy 126.60 shares at 103.03 on 2024-01-03 09:45:00-05:00
2024-10-30 22:04:11,489 - Buy 120.41 shares at 106.16 on 2024-01-08 11:30:00-05:00
2024-10-30 22:04:11,490 - Buy 117.85 shares at 106.3 on 2024-01-09 12:15:00-05:00
2024-10-30 22:04:11,490 - Buy 115.16 shares at 106.61 on 2024-01-09 14:15:00-05:00
2024-10-30 22:04:11,490 - Buy 111.02 shares at 108.37 on 2024-01-10 14:30:00-05:00
2024-10-30 22:04:11,491 - Buy 110.26 shares at 106.94 on 2024-01-11 14:45:00-05:00
2024-10-30 22:04:11,491 - Buy 108.59 shares at 106.41 on 2024-01-16 14:45:00-05:00
2024-10-30 22:04:11,491 - Buy 106.54 shares at 106.29 on 2024-01-16 15:15:00-05:00
2024-10-30 22:04:11,491 - Buy 104.05 shares at 106.65 on 2024-01-17 11:00:00-05:00
2024-10-30 22:04:11,492 - Buy 101.72 shares at 106.91 on 2024-01-18 11:30:00-05:00
2024-10-30 22:04:11,492 - Buy 99.16 shares at 107.48 on 2024-01-19 11:30:00-05:00
2024-10-30 22:04:11,492 - Buy 97.29 shares at 107.36 on 2024-01-19 13:15:00-05:00
2024-10-30 22:04:11,492 - Buy 96.66 shares at 105.89 on 2024-01-22 15:15:00-05:00
2024-10-30 22:04:11,492 - Buy 95.42 shares at 105.13 on 2024-01-23 12:45:00-05:00
2024-10-30 22:04:11,493 - Buy 93.24 shares at 105.43 on 2024-01-25 15:00:00-05:00
2024-10-30 22:04:11,494 - Buy 88.96 shares at 108.3 on 2024-01-29 14:30:00-05:00
2024-10-30 22:04:11,494 - Buy 86.74 shares at 108.84 on 2024-01-30 15:00:00-05:00
2024-10-30 22:04:11,494 - Sell 5221.38 shares at 113.65 on 2024-01-31 09:30:00-05:00 (Exit: Profit_take, Profit: 59172.96397052059, Duration: 1110.0 minutes)
2024-10-30 22:04:11,495 - Buy 183.93 shares at 114.83 on 2024-02-01 12:15:00-05:00
2024-10-30 22:04:11,495 - Buy 181.79 shares at 113.86 on 2024-02-02 14:15:00-05:00
2024-10-30 22:04:11,496 - Buy 172.60 shares at 117.52 on 2024-02-06 14:15:00-05:00
2024-10-30 22:04:11,496 - Buy 167.77 shares at 118.49 on 2024-02-08 13:15:00-05:00
2024-10-30 22:04:11,497 - Buy 161.25 shares at 120.81 on 2024-02-12 13:00:00-05:00
2024-10-30 22:04:11,497 - Buy 158.39 shares at 120.53 on 2024-02-12 15:45:00-05:00
2024-10-30 22:04:11,497 - Buy 155.50 shares at 120.32 on 2024-02-13 11:45:00-05:00
2024-10-30 22:04:11,497 - Buy 151.38 shares at 121.12 on 2024-02-14 09:30:00-05:00
2024-10-30 22:04:11,498 - Buy 147.37 shares at 121.93 on 2024-02-15 15:30:00-05:00
2024-10-30 22:04:11,498 - Buy 145.00 shares at 121.44 on 2024-02-20 15:45:00-05:00
2024-10-30 22:04:11,499 - Buy 143.22 shares at 120.49 on 2024-02-21 14:00:00-05:00
2024-10-30 22:04:11,499 - Buy 137.25 shares at 123.22 on 2024-02-26 09:45:00-05:00
2024-10-30 22:04:11,499 - Buy 134.37 shares at 123.34 on 2024-02-26 13:00:00-05:00
2024-10-30 22:04:11,500 - Buy 132.95 shares at 122.17 on 2024-02-27 13:30:00-05:00
2024-10-30 22:04:11,500 - Buy 131.08 shares at 121.43 on 2024-02-28 13:30:00-05:00
2024-10-30 22:04:11,500 - Buy 130.17 shares at 119.84 on 2024-02-29 15:15:00-05:00
2024-10-30 22:04:11,501 - Buy 119.02 shares at 128.44 on 2024-03-04 15:00:00-05:00
2024-10-30 22:04:11,501 - Sell 2553.05 shares at 124.62 on 2024-03-05 11:00:00-05:00 (Exit: Stop_loss, Profit: 11195.847836164798, Duration: 1200.0 minutes)
2024-10-30 22:04:11,501 - Buy 170.76 shares at 125.0 on 2024-03-06 09:30:00-05:00
2024-10-30 22:04:11,502 - Buy 167.41 shares at 124.95 on 2024-03-06 11:30:00-05:00
2024-10-30 22:04:11,502 - Buy 151.22 shares at 135.56 on 2024-03-07 09:30:00-05:00
2024-10-30 22:04:11,502 - Sell 489.38 shares at 133.24 on 2024-03-08 10:00:00-05:00 (Exit: Stop_loss, Profit: 2444.0122088441535, Duration: 1470.0 minutes)
2024-10-30 22:04:11,502 - Buy 160.25 shares at 133.5 on 2024-03-08 14:30:00-05:00
2024-10-30 22:04:11,503 - Buy 159.13 shares at 131.75 on 2024-03-11 14:15:00-04:00
2024-10-30 22:04:11,503 - Buy 153.78 shares at 133.61 on 2024-03-13 14:00:00-04:00
2024-10-30 22:04:11,503 - Buy 148.46 shares at 135.63 on 2024-03-14 09:30:00-04:00
2024-10-30 22:04:11,504 - Buy 148.78 shares at 132.63 on 2024-03-15 14:15:00-04:00
2024-10-30 22:04:11,504 - Buy 145.13 shares at 133.25 on 2024-03-18 10:45:00-04:00
2024-10-30 22:04:11,504 - Buy 143.89 shares at 131.71 on 2024-03-19 14:15:00-04:00
2024-10-30 22:04:11,505 - Sell 1059.41 shares at 127.48 on 2024-03-21 09:45:00-04:00 (Exit: Stop_loss, Profit: -6008.998328404247, Duration: 2610.0 minutes)
2024-10-30 22:04:11,505 - Buy 162.85 shares at 130.63 on 2024-03-21 11:30:00-04:00
2024-10-30 22:04:11,505 - Buy 161.61 shares at 129.0 on 2024-03-22 13:30:00-04:00
2024-10-30 22:04:11,506 - Buy 158.07 shares at 129.25 on 2024-03-26 13:15:00-04:00
2024-10-30 22:04:11,506 - Buy 156.15 shares at 128.22 on 2024-03-27 13:45:00-04:00
2024-10-30 22:04:11,506 - Buy 152.72 shares at 128.48 on 2024-03-28 09:30:00-04:00
2024-10-30 22:04:11,507 - Buy 150.58 shares at 127.7 on 2024-04-01 15:00:00-04:00
2024-10-30 22:04:11,507 - Buy 149.47 shares at 126.08 on 2024-04-02 13:15:00-04:00
2024-10-30 22:04:11,508 - Sell 1091.46 shares at 123.98 on 2024-04-04 15:30:00-04:00 (Exit: Stop_loss, Profit: -4950.66870918014, Duration: 3015.0 minutes)
2024-10-30 22:04:11,508 - Buy 168.46 shares at 125.69 on 2024-04-05 10:15:00-04:00
2024-10-30 22:04:11,508 - Buy 164.08 shares at 126.47 on 2024-04-08 09:30:00-04:00
2024-10-30 22:04:11,509 - Buy 163.14 shares at 124.65 on 2024-04-09 15:30:00-04:00
2024-10-30 22:04:11,509 - Buy 159.64 shares at 124.84 on 2024-04-10 10:45:00-04:00
2024-10-30 22:04:11,509 - Buy 155.51 shares at 125.59 on 2024-04-11 09:45:00-04:00
2024-10-30 22:04:11,509 - Buy 152.89 shares at 125.19 on 2024-04-11 11:30:00-04:00
2024-10-30 22:04:11,510 - Buy 149.39 shares at 125.56 on 2024-04-15 09:45:00-04:00
2024-10-30 22:04:11,510 - Buy 148.28 shares at 123.97 on 2024-04-16 12:15:00-04:00
2024-10-30 22:04:11,510 - Buy 144.34 shares at 124.8 on 2024-04-17 09:30:00-04:00
2024-10-30 22:04:11,510 - Buy 141.92 shares at 124.39 on 2024-04-17 14:45:00-04:00
2024-10-30 22:04:11,511 - Buy 139.25 shares at 124.24 on 2024-04-19 09:45:00-04:00
2024-10-30 22:04:11,511 - Buy 136.78 shares at 123.96 on 2024-04-22 10:00:00-04:00
2024-10-30 22:04:11,514 - Buy 131.82 shares at 126.05 on 2024-04-24 14:15:00-04:00
2024-10-30 22:04:11,514 - Buy 129.86 shares at 125.39 on 2024-04-25 13:30:00-04:00
2024-10-30 22:04:11,516 - Buy 125.43 shares at 127.22 on 2024-04-29 10:45:00-04:00
2024-10-30 22:04:11,516 - Buy 121.51 shares at 128.7 on 2024-04-30 09:30:00-04:00
2024-10-30 22:04:11,517 - Buy 119.46 shares at 128.29 on 2024-04-30 15:00:00-04:00
2024-10-30 22:04:11,517 - Buy 116.69 shares at 128.71 on 2024-05-01 11:00:00-04:00
2024-10-30 22:04:11,517 - Sell 2568.46 shares at 125.38 on 2024-05-02 09:30:00-04:00 (Exit: Stop_loss, Profit: -730.0540251280701, Duration: 1350.0 minutes)
2024-10-30 22:04:11,518 - Buy 169.03 shares at 125.18 on 2024-05-02 15:15:00-04:00
2024-10-30 22:04:11,518 - Buy 168.45 shares at 123.1 on 2024-05-03 13:30:00-04:00
2024-10-30 22:04:11,518 - Buy 164.69 shares at 123.39 on 2024-05-06 10:30:00-04:00
2024-10-30 22:04:11,518 - Buy 161.15 shares at 123.58 on 2024-05-06 13:15:00-04:00
2024-10-30 22:04:11,519 - Buy 153.06 shares at 127.51 on 2024-05-09 09:45:00-04:00
2024-10-30 22:04:11,519 - Buy 146.44 shares at 130.61 on 2024-05-13 09:30:00-04:00
2024-10-30 22:04:11,520 - Buy 141.66 shares at 132.32 on 2024-05-14 12:00:00-04:00
2024-10-30 22:04:11,521 - Buy 137.90 shares at 133.21 on 2024-05-16 14:00:00-04:00
2024-10-30 22:04:11,521 - Buy 136.52 shares at 131.86 on 2024-05-17 13:30:00-04:00
2024-10-30 22:04:11,521 - Buy 131.11 shares at 134.56 on 2024-05-21 09:30:00-04:00
2024-10-30 22:04:11,522 - Buy 127.85 shares at 135.23 on 2024-05-21 15:45:00-04:00
2024-10-30 22:04:11,522 - Buy 125.97 shares at 134.5 on 2024-05-22 12:00:00-04:00
2024-10-30 22:04:11,522 - Buy 122.05 shares at 136.05 on 2024-05-23 09:30:00-04:00
2024-10-30 22:04:11,522 - Buy 119.91 shares at 135.7 on 2024-05-24 11:45:00-04:00
2024-10-30 22:04:11,523 - Buy 119.06 shares at 133.94 on 2024-05-28 14:00:00-04:00
2024-10-30 22:04:11,523 - Buy 117.56 shares at 132.93 on 2024-05-29 13:30:00-04:00
2024-10-30 22:04:11,523 - Buy 113.06 shares at 135.46 on 2024-05-31 09:45:00-04:00
2024-10-30 22:04:11,524 - Buy 110.92 shares at 135.31 on 2024-05-31 15:45:00-04:00
2024-10-30 22:04:11,524 - Buy 108.40 shares at 135.69 on 2024-06-03 15:00:00-04:00
2024-10-30 22:04:11,524 - Buy 105.73 shares at 136.33 on 2024-06-04 09:30:00-04:00
2024-10-30 22:04:11,525 - Buy 99.77 shares at 141.59 on 2024-06-06 10:00:00-04:00
2024-10-30 22:04:11,525 - Buy 96.61 shares at 143.29 on 2024-06-07 15:15:00-04:00
2024-10-30 22:04:11,525 - Buy 94.67 shares at 143.31 on 2024-06-10 11:45:00-04:00
2024-10-30 22:04:11,526 - Buy 93.54 shares at 142.14 on 2024-06-11 13:45:00-04:00
2024-10-30 22:04:11,526 - Buy 90.93 shares at 143.29 on 2024-06-12 13:00:00-04:00
2024-10-30 22:04:11,526 - Buy 88.91 shares at 143.62 on 2024-06-12 15:00:00-04:00
2024-10-30 22:04:11,526 - Buy 88.11 shares at 142.02 on 2024-06-13 14:45:00-04:00
2024-10-30 22:04:11,527 - Buy 86.78 shares at 141.31 on 2024-06-18 09:45:00-04:00
2024-10-30 22:04:11,527 - Buy 85.50 shares at 140.56 on 2024-06-18 15:00:00-04:00
2024-10-30 22:04:11,527 - Buy 83.04 shares at 141.84 on 2024-06-21 10:30:00-04:00
2024-10-30 22:04:11,528 - Buy 81.08 shares at 142.35 on 2024-06-24 10:15:00-04:00
2024-10-30 22:04:11,528 - Buy 77.59 shares at 145.78 on 2024-06-25 09:30:00-04:00
2024-10-30 22:04:11,528 - Buy 75.50 shares at 146.83 on 2024-06-25 15:30:00-04:00
2024-10-30 22:04:11,528 - Buy 74.86 shares at 145.12 on 2024-06-27 09:30:00-04:00
2024-10-30 22:04:11,529 - Buy 73.77 shares at 144.31 on 2024-06-27 12:45:00-04:00
2024-10-30 22:04:11,529 - Buy 72.32 shares at 144.26 on 2024-06-27 15:15:00-04:00
2024-10-30 22:04:11,529 - Buy 70.74 shares at 144.54 on 2024-07-01 10:15:00-04:00
2024-10-30 22:04:11,529 - Sell 4114.26 shares at 139.62 on 2024-07-02 09:30:00-04:00 (Exit: Stop_loss, Profit: 17459.063930770793, Duration: 1395.0 minutes)
2024-10-30 22:04:11,530 - Buy 150.51 shares at 142.91 on 2024-07-02 13:45:00-04:00
2024-10-30 22:04:11,530 - Sell 150.51 shares at 137.55 on 2024-07-03 11:15:00-04:00 (Exit: Stop_loss, Profit: -806.7104598007872, Duration: 1290.0 minutes)
2024-10-30 22:04:11,530 - Buy 152.14 shares at 141.27 on 2024-07-05 10:15:00-04:00
2024-10-30 22:04:11,531 - Buy 149.52 shares at 140.87 on 2024-07-09 13:30:00-04:00
2024-10-30 22:04:11,531 - Buy 146.10 shares at 141.28 on 2024-07-10 10:30:00-04:00
2024-10-30 22:04:11,531 - Buy 144.82 shares at 139.68 on 2024-07-11 15:30:00-04:00
2024-10-30 22:04:11,532 - Buy 139.84 shares at 141.76 on 2024-07-16 10:15:00-04:00
2024-10-30 22:04:11,532 - Sell 732.43 shares at 136.31 on 2024-07-17 09:30:00-04:00 (Exit: Stop_loss, Profit: -3412.7435355013886, Duration: 1395.0 minutes)
2024-10-30 22:04:11,532 - Buy 157.65 shares at 135.9 on 2024-07-17 14:15:00-04:00
2024-10-30 22:04:11,533 - Sell 157.65 shares at 130.37 on 2024-07-18 10:30:00-04:00 (Exit: Stop_loss, Profit: -871.7940442247158, Duration: 1215.0 minutes)
2024-10-30 22:04:11,533 - Buy 164.88 shares at 129.83 on 2024-07-18 14:30:00-04:00
2024-10-30 22:04:11,533 - Buy 158.14 shares at 132.66 on 2024-07-22 09:45:00-04:00
2024-10-30 22:04:11,533 - Buy 154.98 shares at 132.66 on 2024-07-22 12:45:00-04:00
2024-10-30 22:04:11,534 - Buy 152.81 shares at 131.85 on 2024-07-24 13:45:00-04:00
2024-10-30 22:04:11,534 - Sell 630.81 shares at 127.91 on 2024-07-25 09:45:00-04:00 (Exit: Stop_loss, Profit: -2405.9539975956513, Duration: 1200.0 minutes)
2024-10-30 22:04:11,534 - Buy 165.16 shares at 129.32 on 2024-07-25 13:15:00-04:00
2024-10-30 22:04:11,534 - Buy 163.82 shares at 127.77 on 2024-07-26 13:00:00-04:00
2024-10-30 22:04:11,535 - Buy 158.48 shares at 129.44 on 2024-07-29 09:45:00-04:00
2024-10-30 22:04:11,535 - Buy 156.81 shares at 128.2 on 2024-07-29 12:15:00-04:00
2024-10-30 22:04:11,535 - Buy 149.96 shares at 131.37 on 2024-07-30 09:30:00-04:00
2024-10-30 22:04:11,535 - Buy 149.79 shares at 128.89 on 2024-07-30 15:15:00-04:00
2024-10-30 22:04:11,536 - Buy 142.70 shares at 132.59 on 2024-08-01 11:45:00-04:00
2024-10-30 22:04:11,536 - Buy 139.94 shares at 132.5 on 2024-08-01 15:45:00-04:00
2024-10-30 22:04:11,536 - Sell 1226.66 shares at 127.43 on 2024-08-02 10:00:00-04:00 (Exit: Stop_loss, Profit: -3062.515712130961, Duration: 1095.0 minutes)
2024-10-30 22:04:11,537 - Buy 167.25 shares at 127.34 on 2024-08-05 12:15:00-04:00
2024-10-30 22:04:11,537 - Buy 162.17 shares at 128.7 on 2024-08-06 09:30:00-04:00
2024-10-30 22:04:11,537 - Sell 329.42 shares at 122.78 on 2024-08-07 09:30:00-04:00 (Exit: Stop_loss, Profit: -1722.7206340033952, Duration: 1440.0 minutes)
2024-10-30 22:04:11,537 - Buy 171.57 shares at 123.93 on 2024-08-08 09:30:00-04:00
2024-10-30 22:04:11,538 - Sell 171.57 shares at 130.24 on 2024-08-12 11:15:00-04:00 (Exit: Stop_loss, Profit: 1082.629523589785, Duration: 5865.0 minutes)
2024-10-30 22:04:11,538 - Buy 160.79 shares at 132.38 on 2024-08-13 09:30:00-04:00
2024-10-30 22:04:11,539 - Buy 155.05 shares at 134.53 on 2024-08-14 10:45:00-04:00
2024-10-30 22:04:11,539 - Buy 150.41 shares at 135.91 on 2024-08-15 09:30:00-04:00
2024-10-30 22:04:11,539 - Buy 148.18 shares at 135.19 on 2024-08-16 14:00:00-04:00
2024-10-30 22:04:11,540 - Buy 144.61 shares at 135.76 on 2024-08-19 10:00:00-04:00
2024-10-30 22:04:11,540 - Buy 141.34 shares at 136.12 on 2024-08-20 09:30:00-04:00
2024-10-30 22:04:11,540 - Buy 139.26 shares at 135.39 on 2024-08-20 14:30:00-04:00
2024-10-30 22:04:11,540 - Buy 137.35 shares at 134.53 on 2024-08-21 14:15:00-04:00
2024-10-30 22:04:11,541 - Buy 132.25 shares at 136.92 on 2024-08-23 10:30:00-04:00
2024-10-30 22:04:11,541 - Buy 130.19 shares at 136.31 on 2024-08-23 14:15:00-04:00
2024-10-30 22:04:11,541 - Buy 128.46 shares at 135.38 on 2024-08-27 10:45:00-04:00
2024-10-30 22:04:11,541 - Buy 126.15 shares at 135.1 on 2024-08-27 13:00:00-04:00
2024-10-30 22:04:11,542 - Buy 123.68 shares at 135.05 on 2024-08-28 12:00:00-04:00
2024-10-30 22:04:11,542 - Buy 120.07 shares at 136.32 on 2024-08-29 09:45:00-04:00
2024-10-30 22:04:11,542 - Buy 115.74 shares at 138.59 on 2024-08-30 15:00:00-04:00
2024-10-30 22:04:11,543 - Sell 2053.55 shares at 134.19 on 2024-09-04 09:30:00-04:00 (Exit: Stop_loss, Profit: -2658.3545534133027, Duration: 6870.0 minutes)
2024-10-30 22:04:11,543 - Buy 158.00 shares at 134.38 on 2024-09-04 13:45:00-04:00
2024-10-30 22:04:11,543 - Buy 156.81 shares at 132.69 on 2024-09-06 09:30:00-04:00
2024-10-30 22:04:11,543 - Buy 155.47 shares at 131.16 on 2024-09-06 15:30:00-04:00
2024-10-30 22:04:11,544 - Buy 151.60 shares at 131.81 on 2024-09-09 12:15:00-04:00
2024-10-30 22:04:11,544 - Buy 148.49 shares at 131.88 on 2024-09-09 14:45:00-04:00
2024-10-30 22:04:11,544 - Buy 147.91 shares at 129.75 on 2024-09-10 14:00:00-04:00
2024-10-30 22:04:11,545 - Buy 138.89 shares at 135.42 on 2024-09-12 12:30:00-04:00
2024-10-30 22:04:11,545 - Buy 133.70 shares at 137.86 on 2024-09-16 09:45:00-04:00
2024-10-30 22:04:11,545 - Sell 1190.87 shares at 133.27 on 2024-09-17 09:30:00-04:00 (Exit: Stop_loss, Profit: 279.72653280840814, Duration: 1425.0 minutes)
2024-10-30 22:04:11,546 - Buy 160.54 shares at 132.29 on 2024-09-18 13:15:00-04:00
2024-10-30 22:04:11,546 - Sell 160.54 shares at 127.98 on 2024-09-20 09:30:00-04:00 (Exit: Stop_loss, Profit: -691.9066071952343, Duration: 2655.0 minutes)
2024-10-30 22:04:11,546 - Buy 167.15 shares at 126.97 on 2024-09-20 14:15:00-04:00
2024-10-30 22:04:11,546 - Buy 163.04 shares at 127.57 on 2024-09-20 15:45:00-04:00
2024-10-30 22:04:11,546 - Sell 330.19 shares at 123.69 on 2024-09-23 09:30:00-04:00 (Exit: Stop_loss, Profit: -1180.8519474175848, Duration: 3945.0 minutes)
2024-10-30 22:04:11,547 - Buy 171.32 shares at 123.74 on 2024-09-23 15:45:00-04:00
2024-10-30 22:04:11,547 - Buy 163.55 shares at 127.03 on 2024-09-25 09:45:00-04:00
2024-10-30 22:04:11,548 - Sell 334.87 shares at 121.03 on 2024-09-27 09:30:00-04:00 (Exit: Stop_loss, Profit: -1445.5900963786987, Duration: 2865.0 minutes)
2024-10-30 22:04:11,548 - Buy 175.56 shares at 120.59 on 2024-09-27 14:15:00-04:00
2024-10-30 22:04:11,548 - Buy 175.38 shares at 118.3 on 2024-09-30 14:00:00-04:00
2024-10-30 22:04:11,548 - Buy 172.16 shares at 118.1 on 2024-10-01 14:30:00-04:00
2024-10-30 22:04:11,549 - Buy 171.36 shares at 116.28 on 2024-10-02 14:30:00-04:00
2024-10-30 22:04:11,549 - Buy 167.80 shares at 116.37 on 2024-10-02 15:30:00-04:00
2024-10-30 22:04:11,549 - Buy 166.57 shares at 114.89 on 2024-10-04 13:15:00-04:00
2024-10-30 22:04:11,550 - Buy 159.46 shares at 117.61 on 2024-10-08 10:00:00-04:00
2024-10-30 22:04:11,550 - Buy 157.10 shares at 116.99 on 2024-10-08 15:15:00-04:00
2024-10-30 22:04:11,550 - Buy 154.44 shares at 116.62 on 2024-10-09 12:45:00-04:00
2024-10-30 22:04:11,550 - Buy 147.19 shares at 119.92 on 2024-10-11 09:30:00-04:00
2024-10-30 22:04:11,551 - Buy 144.32 shares at 119.86 on 2024-10-11 15:15:00-04:00
2024-10-30 22:04:11,551 - Buy 141.24 shares at 120.02 on 2024-10-11 15:45:00-04:00
2024-10-30 22:04:11,551 - Buy 138.51 shares at 119.94 on 2024-10-14 14:45:00-04:00
2024-10-30 22:04:11,551 - Buy 138.20 shares at 117.81 on 2024-10-15 15:30:00-04:00
2024-10-30 22:04:11,551 - Buy 135.67 shares at 117.6 on 2024-10-16 12:15:00-04:00
2024-10-30 22:04:11,552 - Buy 132.88 shares at 117.67 on 2024-10-18 13:30:00-04:00
2024-10-30 22:04:11,552 - Buy 130.52 shares at 117.4 on 2024-10-21 14:15:00-04:00
2024-10-30 22:04:11,553 - Buy 128.93 shares at 116.47 on 2024-10-22 13:45:00-04:00
2024-10-30 22:04:11,553 - Buy 127.14 shares at 115.75 on 2024-10-23 13:30:00-04:00
2024-10-30 22:04:11,553 - Sell 2864.45 shares at 111.95 on 2024-10-28 09:30:00-04:00 (Exit: Stop_loss, Profit: -16753.227026179713, Duration: 6960.0 minutes)
2024-10-30 22:04:11,554 - Buy 185.26 shares at 112.47 on 2024-10-28 13:30:00-04:00
2024-10-30 22:04:11,554 - Buy 181.36 shares at 112.59 on 2024-10-29 11:00:00-04:00
2024-10-30 22:04:11,554 - Buy 178.16 shares at 112.32 on 2024-10-29 13:45:00-04:00
2024-10-30 22:04:11,554 - Buy 174.70 shares at 112.25 on 2024-10-29 15:30:00-04:00
2024-10-30 22:04:11,554 - Sell 719.47 shares at 107.48 on 2024-10-30 09:30:00-04:00 (Exit: Stop_loss, Profit: -3546.78423994494, Duration: 1080.0 minutes)
2024-10-30 22:04:11,554 - Buy 182.64 shares at 113.69 on 2024-10-30 11:15:00-04:00
2024-10-30 22:04:11,758 - Holding 182.64430638409695 shares as an open position at the end with unrealized return: -0.003782214794616876, Duration: 270.0 minutes
