2024-10-30 22:04:12,879 - Starting SmaCrossoverStrategy with initial capital: 1000000
2024-10-30 22:04:12,879 - Hyperparameters: {'fast_period': 5, 'slow_period': 30}
2024-10-30 22:04:12,890 - Buy 199.26 shares at 100.37 on 2023-11-10 13:00:00-05:00
2024-10-30 22:04:12,890 - Buy 194.83 shares at 100.6 on 2023-11-13 11:45:00-05:00
2024-10-30 22:04:12,890 - Buy 193.63 shares at 99.2 on 2023-11-14 15:45:00-05:00
2024-10-30 22:04:12,891 - Buy 190.10 shares at 99.02 on 2023-11-16 09:45:00-05:00
2024-10-30 22:04:12,892 - Buy 178.68 shares at 103.24 on 2023-11-21 12:00:00-05:00
2024-10-30 22:04:12,892 - Buy 175.47 shares at 103.03 on 2023-11-22 13:30:00-05:00
2024-10-30 22:04:12,893 - Buy 174.31 shares at 101.64 on 2023-11-29 11:30:00-05:00
2024-10-30 22:04:12,893 - Buy 170.87 shares at 101.61 on 2023-11-30 15:15:00-05:00
2024-10-30 22:04:12,893 - Buy 167.28 shares at 101.72 on 2023-12-01 11:45:00-05:00
2024-10-30 22:04:12,894 - Buy 165.82 shares at 100.56 on 2023-12-04 13:45:00-05:00
2024-10-30 22:04:12,895 - Sell 1810.26 shares at 96.02 on 2023-12-07 09:45:00-05:00 (Exit: Stop_loss, Profit: -9106.395119469798, Duration: 4080.0 minutes)
2024-10-30 22:04:12,895 - Buy 204.67 shares at 96.83 on 2023-12-07 15:45:00-05:00
2024-10-30 22:04:12,895 - Buy 200.86 shares at 96.69 on 2023-12-08 13:30:00-05:00
2024-10-30 22:04:12,895 - Buy 196.10 shares at 97.06 on 2023-12-11 09:45:00-05:00
2024-10-30 22:04:12,895 - Buy 193.55 shares at 96.37 on 2023-12-11 14:45:00-05:00
2024-10-30 22:04:12,895 - Buy 190.21 shares at 96.1 on 2023-12-12 12:30:00-05:00
2024-10-30 22:04:12,896 - Buy 182.24 shares at 98.3 on 2023-12-14 12:30:00-05:00
2024-10-30 22:04:12,896 - Buy 180.46 shares at 97.28 on 2023-12-15 15:30:00-05:00
2024-10-30 22:04:12,896 - Buy 173.57 shares at 99.12 on 2023-12-18 09:30:00-05:00
2024-10-30 22:04:12,897 - Buy 168.60 shares at 100.0 on 2023-12-19 15:45:00-05:00
2024-10-30 22:04:12,897 - Buy 160.42 shares at 103.0 on 2023-12-21 09:45:00-05:00
2024-10-30 22:04:12,898 - Buy 156.81 shares at 103.26 on 2023-12-22 12:00:00-05:00
2024-10-30 22:04:12,898 - Buy 153.87 shares at 103.13 on 2023-12-26 11:30:00-05:00
2024-10-30 22:04:12,898 - Buy 150.87 shares at 103.08 on 2023-12-27 11:00:00-05:00
2024-10-30 22:04:12,899 - Buy 147.29 shares at 103.47 on 2023-12-29 15:00:00-05:00
2024-10-30 22:04:12,899 - Buy 145.47 shares at 102.67 on 2024-01-03 10:00:00-05:00
2024-10-30 22:04:12,900 - Buy 137.91 shares at 106.13 on 2024-01-08 12:15:00-05:00
2024-10-30 22:04:12,901 - Buy 134.94 shares at 106.3 on 2024-01-09 12:15:00-05:00
2024-10-30 22:04:12,901 - Buy 131.86 shares at 106.61 on 2024-01-09 14:15:00-05:00
2024-10-30 22:04:12,901 - Buy 128.81 shares at 106.95 on 2024-01-12 10:15:00-05:00
2024-10-30 22:04:12,902 - Buy 126.59 shares at 106.65 on 2024-01-17 11:00:00-05:00
2024-10-30 22:04:12,902 - Buy 123.88 shares at 106.8 on 2024-01-18 11:45:00-05:00
2024-10-30 22:04:12,903 - Buy 120.80 shares at 107.33 on 2024-01-19 11:15:00-05:00
2024-10-30 22:04:12,903 - Buy 120.79 shares at 105.2 on 2024-01-23 13:45:00-05:00
2024-10-30 22:04:12,904 - Buy 118.23 shares at 105.32 on 2024-01-25 15:15:00-05:00
2024-10-30 22:04:12,905 - Buy 112.09 shares at 108.87 on 2024-01-30 14:45:00-05:00
2024-10-30 22:04:12,905 - Sell 3860.91 shares at 113.65 on 2024-01-31 09:30:00-05:00 (Exit: Profit_take, Profit: 45867.698295273694, Duration: 1125.0 minutes)
2024-10-30 22:04:12,905 - Buy 180.01 shares at 115.19 on 2024-02-01 12:30:00-05:00
2024-10-30 22:04:12,906 - Buy 173.35 shares at 117.22 on 2024-02-05 09:30:00-05:00
2024-10-30 22:04:12,906 - Buy 169.06 shares at 117.79 on 2024-02-06 15:00:00-05:00
2024-10-30 22:04:12,907 - Buy 164.57 shares at 118.59 on 2024-02-08 13:45:00-05:00
2024-10-30 22:04:12,907 - Buy 158.68 shares at 120.53 on 2024-02-12 15:45:00-05:00
2024-10-30 22:04:12,907 - Buy 156.02 shares at 120.13 on 2024-02-13 12:15:00-05:00
2024-10-30 22:04:12,907 - Buy 151.65 shares at 121.12 on 2024-02-14 09:30:00-05:00
2024-10-30 22:04:12,908 - Buy 146.95 shares at 122.5 on 2024-02-16 10:30:00-05:00
2024-10-30 22:04:12,909 - Buy 145.85 shares at 120.95 on 2024-02-21 15:45:00-05:00
2024-10-30 22:04:12,909 - Buy 140.16 shares at 123.34 on 2024-02-26 13:00:00-05:00
2024-10-30 22:04:12,910 - Buy 138.53 shares at 122.3 on 2024-02-27 15:00:00-05:00
2024-10-30 22:04:12,910 - Buy 136.37 shares at 121.75 on 2024-02-28 15:00:00-05:00
2024-10-30 22:04:12,910 - Buy 132.47 shares at 122.83 on 2024-03-01 09:30:00-05:00
2024-10-30 22:04:12,911 - Buy 127.62 shares at 124.95 on 2024-03-06 11:30:00-05:00
2024-10-30 22:04:12,911 - Sell 2121.30 shares at 135.56 on 2024-03-07 09:30:00-05:00 (Exit: Profit_take, Profit: 32148.658744055694, Duration: 1320.0 minutes)
2024-10-30 22:04:12,912 - Buy 160.52 shares at 133.18 on 2024-03-12 09:45:00-04:00
2024-10-30 22:04:12,913 - Buy 154.47 shares at 135.63 on 2024-03-14 09:30:00-04:00
2024-10-30 22:04:12,913 - Buy 154.08 shares at 133.25 on 2024-03-18 10:45:00-04:00
2024-10-30 22:04:12,914 - Buy 154.42 shares at 130.3 on 2024-03-21 11:45:00-04:00
2024-10-30 22:04:12,914 - Buy 152.79 shares at 129.06 on 2024-03-25 09:30:00-04:00
2024-10-30 22:04:12,915 - Buy 149.31 shares at 129.42 on 2024-03-26 14:00:00-04:00
2024-10-30 22:04:12,915 - Buy 147.48 shares at 128.41 on 2024-03-28 09:45:00-04:00
2024-10-30 22:04:12,916 - Buy 147.04 shares at 126.22 on 2024-04-02 15:00:00-04:00
2024-10-30 22:04:12,917 - Buy 145.06 shares at 125.38 on 2024-04-05 10:30:00-04:00
2024-10-30 22:04:12,918 - Buy 142.49 shares at 125.09 on 2024-04-10 11:00:00-04:00
2024-10-30 22:04:12,918 - Buy 139.65 shares at 125.08 on 2024-04-11 09:30:00-04:00
2024-10-30 22:04:12,918 - Buy 136.68 shares at 125.24 on 2024-04-11 11:45:00-04:00
2024-10-30 22:04:12,918 - Buy 133.33 shares at 125.82 on 2024-04-15 10:15:00-04:00
2024-10-30 22:04:12,919 - Buy 132.84 shares at 123.76 on 2024-04-16 15:00:00-04:00
2024-10-30 22:04:12,919 - Buy 129.10 shares at 124.8 on 2024-04-17 09:30:00-04:00
2024-10-30 22:04:12,919 - Buy 127.02 shares at 124.31 on 2024-04-17 14:30:00-04:00
2024-10-30 22:04:12,919 - Buy 124.79 shares at 124.0 on 2024-04-19 10:00:00-04:00
2024-10-30 22:04:12,920 - Buy 122.63 shares at 123.66 on 2024-04-19 13:15:00-04:00
2024-10-30 22:04:12,920 - Buy 119.45 shares at 124.41 on 2024-04-22 10:15:00-04:00
2024-10-30 22:04:12,921 - Buy 116.18 shares at 125.35 on 2024-04-25 15:00:00-04:00
2024-10-30 22:04:12,921 - Buy 111.69 shares at 127.78 on 2024-04-29 10:15:00-04:00
2024-10-30 22:04:12,921 - Buy 108.68 shares at 128.7 on 2024-04-30 09:30:00-04:00
2024-10-30 22:04:12,922 - Buy 106.40 shares at 128.82 on 2024-05-01 11:15:00-04:00
2024-10-30 22:04:12,922 - Sell 3116.10 shares at 122.68 on 2024-05-03 09:30:00-04:00 (Exit: Stop_loss, Profit: -14979.847334725173, Duration: 2775.0 minutes)
2024-10-30 22:04:12,922 - Buy 170.70 shares at 123.48 on 2024-05-03 15:00:00-04:00
2024-10-30 22:04:12,923 - Buy 167.16 shares at 123.58 on 2024-05-06 13:15:00-04:00
2024-10-30 22:04:12,923 - Buy 158.91 shares at 127.39 on 2024-05-09 10:15:00-04:00
2024-10-30 22:04:12,924 - Buy 151.90 shares at 130.61 on 2024-05-13 09:30:00-04:00
2024-10-30 22:04:12,924 - Buy 146.93 shares at 132.32 on 2024-05-14 12:00:00-04:00
2024-10-30 22:04:12,924 - Buy 143.80 shares at 132.5 on 2024-05-14 12:45:00-04:00
2024-10-30 22:04:12,925 - Buy 141.09 shares at 132.34 on 2024-05-20 09:30:00-04:00
2024-10-30 22:04:12,926 - Buy 136.49 shares at 134.07 on 2024-05-22 12:45:00-04:00
2024-10-30 22:04:12,926 - Buy 131.81 shares at 136.05 on 2024-05-23 09:30:00-04:00
2024-10-30 22:04:12,926 - Buy 129.05 shares at 136.18 on 2024-05-24 12:30:00-04:00
2024-10-30 22:04:12,927 - Buy 128.59 shares at 133.94 on 2024-05-30 09:30:00-04:00
2024-10-30 22:04:12,927 - Buy 124.41 shares at 135.67 on 2024-05-31 09:30:00-04:00
2024-10-30 22:04:12,928 - Buy 122.24 shares at 135.31 on 2024-05-31 15:45:00-04:00
2024-10-30 22:04:12,928 - Buy 114.42 shares at 141.67 on 2024-06-06 09:30:00-04:00
2024-10-30 22:04:12,929 - Buy 110.75 shares at 143.44 on 2024-06-10 12:00:00-04:00
2024-10-30 22:04:12,930 - Buy 109.13 shares at 142.65 on 2024-06-11 14:30:00-04:00
2024-10-30 22:04:12,930 - Buy 107.12 shares at 142.42 on 2024-06-13 15:30:00-04:00
2024-10-30 22:04:12,931 - Buy 105.78 shares at 141.34 on 2024-06-18 10:15:00-04:00
2024-10-30 22:04:12,931 - Buy 103.24 shares at 141.93 on 2024-06-20 09:30:00-04:00
2024-10-30 22:04:12,931 - Buy 101.04 shares at 142.12 on 2024-06-21 12:15:00-04:00
2024-10-30 22:04:12,932 - Buy 98.79 shares at 142.44 on 2024-06-24 10:00:00-04:00
2024-10-30 22:04:12,932 - Buy 94.60 shares at 145.78 on 2024-06-25 09:30:00-04:00
2024-10-30 22:04:12,932 - Buy 93.59 shares at 144.41 on 2024-06-27 10:15:00-04:00
2024-10-30 22:04:12,932 - Buy 91.78 shares at 144.31 on 2024-06-27 12:45:00-04:00
2024-10-30 22:04:12,933 - Buy 89.96 shares at 144.28 on 2024-06-27 15:00:00-04:00
2024-10-30 22:04:12,933 - Buy 88.19 shares at 144.23 on 2024-07-01 10:30:00-04:00
2024-10-30 22:04:12,933 - Sell 3161.48 shares at 137.55 on 2024-07-03 11:15:00-04:00 (Exit: Stop_loss, Profit: 4221.293639853187, Duration: 2925.0 minutes)
2024-10-30 22:04:12,934 - Buy 149.71 shares at 141.36 on 2024-07-05 10:30:00-04:00
2024-10-30 22:04:12,934 - Buy 147.26 shares at 140.84 on 2024-07-10 10:15:00-04:00
2024-10-30 22:04:12,935 - Buy 142.42 shares at 142.71 on 2024-07-12 09:45:00-04:00
2024-10-30 22:04:12,936 - Sell 439.39 shares at 135.75 on 2024-07-17 10:15:00-04:00 (Exit: Stop_loss, Profit: -2580.669079553528, Duration: 7230.0 minutes)
2024-10-30 22:04:12,936 - Buy 158.68 shares at 133.04 on 2024-07-19 09:30:00-04:00
2024-10-30 22:04:12,937 - Buy 155.96 shares at 132.66 on 2024-07-22 12:45:00-04:00
2024-10-30 22:04:12,937 - Sell 314.64 shares at 126.68 on 2024-07-25 10:00:00-04:00 (Exit: Stop_loss, Profit: -1941.854545367159, Duration: 4155.0 minutes)
2024-10-30 22:04:12,938 - Buy 162.80 shares at 129.44 on 2024-07-29 09:45:00-04:00
2024-10-30 22:04:12,938 - Buy 157.20 shares at 131.37 on 2024-07-30 09:30:00-04:00
2024-10-30 22:04:12,938 - Buy 157.27 shares at 128.68 on 2024-07-30 14:15:00-04:00
2024-10-30 22:04:12,938 - Buy 153.49 shares at 129.22 on 2024-07-30 15:45:00-04:00
2024-10-30 22:04:12,939 - Sell 630.76 shares at 127.16 on 2024-08-02 11:00:00-04:00 (Exit: Stop_loss, Profit: -1588.2206422474585, Duration: 4035.0 minutes)
2024-10-30 22:04:12,939 - Buy 165.95 shares at 126.79 on 2024-08-05 12:30:00-04:00
2024-10-30 22:04:12,939 - Buy 162.95 shares at 126.54 on 2024-08-05 14:15:00-04:00
2024-10-30 22:04:12,939 - Buy 157.01 shares at 128.7 on 2024-08-06 09:30:00-04:00
2024-10-30 22:04:12,940 - Sell 485.92 shares at 122.78 on 2024-08-07 09:30:00-04:00 (Exit: Stop_loss, Profit: -2207.679000338636, Duration: 1440.0 minutes)
2024-10-30 22:04:12,940 - Buy 168.19 shares at 124.84 on 2024-08-08 09:45:00-04:00
2024-10-30 22:04:12,941 - Buy 153.79 shares at 133.8 on 2024-08-13 09:45:00-04:00
2024-10-30 22:04:12,941 - Buy 149.89 shares at 134.53 on 2024-08-14 10:45:00-04:00
2024-10-30 22:04:12,941 - Buy 145.40 shares at 135.91 on 2024-08-15 09:30:00-04:00
2024-10-30 22:04:12,942 - Buy 142.75 shares at 135.67 on 2024-08-19 10:15:00-04:00
2024-10-30 22:04:12,942 - Buy 139.32 shares at 136.23 on 2024-08-20 09:45:00-04:00
2024-10-30 22:04:12,942 - Buy 137.42 shares at 135.35 on 2024-08-20 14:45:00-04:00
2024-10-30 22:04:12,943 - Buy 135.11 shares at 134.91 on 2024-08-21 15:00:00-04:00
2024-10-30 22:04:12,943 - Buy 130.97 shares at 136.39 on 2024-08-23 14:30:00-04:00
2024-10-30 22:04:12,943 - Buy 128.18 shares at 136.57 on 2024-08-23 15:00:00-04:00
2024-10-30 22:04:12,944 - Buy 127.00 shares at 135.09 on 2024-08-27 13:45:00-04:00
2024-10-30 22:04:12,944 - Buy 124.73 shares at 134.79 on 2024-08-28 12:30:00-04:00
2024-10-30 22:04:12,944 - Buy 121.23 shares at 135.91 on 2024-08-29 09:30:00-04:00
2024-10-30 22:04:12,945 - Sell 1803.98 shares at 131.47 on 2024-09-05 09:30:00-04:00 (Exit: Stop_loss, Profit: -5318.376694179494, Duration: 10080.0 minutes)
2024-10-30 22:04:12,945 - Buy 157.67 shares at 132.49 on 2024-09-06 10:00:00-04:00
2024-10-30 22:04:12,946 - Buy 154.71 shares at 132.33 on 2024-09-09 09:30:00-04:00
2024-10-30 22:04:12,946 - Buy 154.88 shares at 129.54 on 2024-09-10 15:30:00-04:00
2024-10-30 22:04:12,947 - Buy 142.62 shares at 137.86 on 2024-09-16 09:45:00-04:00
2024-10-30 22:04:12,947 - Buy 140.17 shares at 137.47 on 2024-09-16 13:15:00-04:00
2024-10-30 22:04:12,948 - Buy 141.95 shares at 133.03 on 2024-09-18 14:15:00-04:00
2024-10-30 22:04:12,948 - Sell 891.99 shares at 127.98 on 2024-09-20 09:30:00-04:00 (Exit: Stop_loss, Profit: -5081.801687791097, Duration: 2595.0 minutes)
2024-10-30 22:04:12,949 - Buy 167.25 shares at 124.3 on 2024-09-24 10:00:00-04:00
2024-10-30 22:04:12,949 - Sell 167.25 shares at 120.69 on 2024-09-27 09:45:00-04:00 (Exit: Stop_loss, Profit: -603.7574306898807, Duration: 4305.0 minutes)
2024-10-30 22:04:12,950 - Buy 175.40 shares at 118.45 on 2024-10-01 09:30:00-04:00
2024-10-30 22:04:12,950 - Buy 172.07 shares at 118.33 on 2024-10-01 15:15:00-04:00
2024-10-30 22:04:12,951 - Buy 173.41 shares at 115.07 on 2024-10-04 15:00:00-04:00
2024-10-30 22:04:12,952 - Buy 167.45 shares at 116.78 on 2024-10-09 14:45:00-04:00
2024-10-30 22:04:12,952 - Buy 159.74 shares at 119.97 on 2024-10-14 15:00:00-04:00
2024-10-30 22:04:12,953 - Buy 159.85 shares at 117.49 on 2024-10-16 12:45:00-04:00
2024-10-30 22:04:12,953 - Buy 156.44 shares at 117.65 on 2024-10-16 14:15:00-04:00
2024-10-30 22:04:12,953 - Buy 153.03 shares at 117.86 on 2024-10-18 14:45:00-04:00
2024-10-30 22:04:12,954 - Buy 152.05 shares at 116.25 on 2024-10-23 09:30:00-04:00
2024-10-30 22:04:12,955 - Buy 153.90 shares at 112.56 on 2024-10-28 15:00:00-04:00
2024-10-30 22:04:12,955 - Buy 150.31 shares at 112.94 on 2024-10-29 10:30:00-04:00
2024-10-30 22:04:12,955 - Buy 148.31 shares at 112.17 on 2024-10-29 14:00:00-04:00
2024-10-30 22:04:12,955 - Buy 143.41 shares at 113.69 on 2024-10-30 11:15:00-04:00
2024-10-30 22:04:13,137 - Holding 2065.360330521112 shares as an open position at the end with unrealized return: -0.025103708268833163, Duration: 270.0 minutes
