2024-10-31 00:54:28,960 - Starting SmaCrossoverStrategy with initial capital: 1000000
2024-10-31 00:54:28,960 - Hyperparameters: {'fast_period': 15, 'slow_period': 30}
2024-10-31 00:54:28,966 - Buy 105.75 shares at 189.13 on 2024-02-07 13:00:00-05:00
2024-10-31 00:54:28,966 - Sell 105.75 shares at 188.71 on 2024-02-08 12:00:00-05:00 (Exit: Signal, Profit: -44.41389520435547, Duration: 1380.0 minutes)
2024-10-31 00:54:28,966 - Buy 105.77 shares at 189.08 on 2024-02-09 13:30:00-05:00
2024-10-31 00:54:28,967 - Sell 105.77 shares at 187.98 on 2024-02-12 13:00:00-05:00 (Exit: Signal, Profit: -116.34769882751193, Duration: 4290.0 minutes)
2024-10-31 00:54:28,967 - Buy 109.33 shares at 182.9 on 2024-02-16 13:30:00-05:00
2024-10-31 00:54:28,967 - Sell 109.33 shares at 181.1 on 2024-02-20 11:30:00-05:00 (Exit: Signal, Profit: -196.79722571140013, Duration: 5640.0 minutes)
2024-10-31 00:54:28,967 - Buy 110.45 shares at 181.02 on 2024-02-21 14:30:00-05:00
2024-10-31 00:54:28,968 - Sell 110.45 shares at 181.52 on 2024-02-26 09:30:00-05:00 (Exit: Signal, Profit: 55.22276219093231, Duration: 6900.0 minutes)
2024-10-31 00:54:28,968 - Buy 110.27 shares at 181.31 on 2024-02-28 10:30:00-05:00
2024-10-31 00:54:28,968 - Sell 110.27 shares at 181.5 on 2024-02-29 09:30:00-05:00 (Exit: Signal, Profit: 20.952242694728675, Duration: 1380.0 minutes)
2024-10-31 00:54:28,969 - Buy 116.39 shares at 171.79 on 2024-03-08 10:00:00-05:00
2024-10-31 00:54:28,970 - Sell 116.39 shares at 171.0 on 2024-03-13 11:00:00-04:00 (Exit: Signal, Profit: -91.94687779105357, Duration: 7200.0 minutes)
2024-10-31 00:54:28,970 - Buy 115.10 shares at 173.69 on 2024-03-14 13:30:00-04:00
2024-10-31 00:54:28,970 - Sell 115.10 shares at 170.69 on 2024-03-15 13:00:00-04:00 (Exit: Signal, Profit: -345.31406620093895, Duration: 1410.0 minutes)
2024-10-31 00:54:28,970 - Buy 113.79 shares at 175.63 on 2024-03-18 11:30:00-04:00
2024-10-31 00:54:28,971 - Sell 113.79 shares at 172.6 on 2024-03-21 10:30:00-04:00 (Exit: Stop_loss, Profit: -344.7955937346339, Duration: 4260.0 minutes)
2024-10-31 00:54:28,971 - Buy 115.86 shares at 172.44 on 2024-03-27 10:30:00-04:00
2024-10-31 00:54:28,972 - Sell 115.86 shares at 171.5 on 2024-03-28 15:30:00-04:00 (Exit: Signal, Profit: -108.90748852569808, Duration: 1740.0 minutes)
2024-10-31 00:54:28,972 - Buy 117.36 shares at 170.21 on 2024-04-03 13:00:00-04:00
2024-10-31 00:54:28,972 - Sell 117.36 shares at 170.21 on 2024-04-05 11:30:00-04:00 (Exit: Signal, Profit: 0.0, Duration: 2790.0 minutes)
2024-10-31 00:54:28,973 - Buy 117.72 shares at 169.69 on 2024-04-09 15:30:00-04:00
2024-10-31 00:54:28,973 - Sell 117.72 shares at 167.47 on 2024-04-10 09:30:00-04:00 (Exit: Signal, Profit: -261.3468545928146, Duration: 1080.0 minutes)
2024-10-31 00:54:28,973 - Buy 117.20 shares at 170.4 on 2024-04-11 12:30:00-04:00
2024-10-31 00:54:28,974 - Sell 117.20 shares at 173.31 on 2024-04-15 14:30:00-04:00 (Exit: Signal, Profit: 341.05961836097447, Duration: 5880.0 minutes)
2024-10-31 00:54:28,974 - Buy 119.87 shares at 166.67 on 2024-04-22 15:00:00-04:00
2024-10-31 00:54:28,975 - Sell 119.87 shares at 170.32 on 2024-05-01 09:30:00-04:00 (Exit: Signal, Profit: 437.5126755826135, Duration: 12630.0 minutes)
2024-10-31 00:54:28,976 - Buy 115.57 shares at 172.94 on 2024-05-02 14:30:00-04:00
2024-10-31 00:54:28,976 - Sell 115.57 shares at 183.92 on 2024-05-07 09:30:00-04:00 (Exit: Signal, Profit: 1268.972679082766, Duration: 6900.0 minutes)
2024-10-31 00:54:28,976 - Buy 109.90 shares at 182.09 on 2024-05-08 09:30:00-04:00
2024-10-31 00:54:28,977 - Sell 109.90 shares at 182.91 on 2024-05-10 14:30:00-04:00 (Exit: Signal, Profit: 90.12063893979887, Duration: 3180.0 minutes)
2024-10-31 00:54:28,977 - Buy 107.44 shares at 186.29 on 2024-05-13 12:00:00-04:00
2024-10-31 00:54:28,978 - Sell 107.44 shares at 189.58 on 2024-05-17 11:30:00-04:00 (Exit: Signal, Profit: 353.46138432707374, Duration: 5730.0 minutes)
2024-10-31 00:54:28,978 - Buy 104.56 shares at 191.48 on 2024-05-20 10:30:00-04:00
2024-10-31 00:54:28,978 - Sell 104.56 shares at 190.81 on 2024-05-22 14:30:00-04:00 (Exit: Signal, Profit: -70.05519946118481, Duration: 3120.0 minutes)
2024-10-31 00:54:28,979 - Buy 105.36 shares at 190.01 on 2024-05-24 15:30:00-04:00
2024-10-31 00:54:28,979 - Sell 105.36 shares at 190.4 on 2024-05-31 11:00:00-04:00 (Exit: Signal, Profit: 41.09100332292567, Duration: 9810.0 minutes)
2024-10-31 00:54:28,979 - Buy 103.23 shares at 193.94 on 2024-06-03 10:30:00-04:00
2024-10-31 00:54:28,980 - Sell 103.23 shares at 194.68 on 2024-06-07 09:30:00-04:00 (Exit: Signal, Profit: 76.39074625113993, Duration: 5700.0 minutes)
2024-10-31 00:54:28,980 - Buy 102.46 shares at 195.41 on 2024-06-10 09:30:00-04:00
2024-10-31 00:54:28,981 - Sell 102.46 shares at 193.16 on 2024-06-10 14:30:00-04:00 (Exit: Signal, Profit: -230.5394741736946, Duration: 300.0 minutes)
2024-10-31 00:54:28,981 - Buy 98.49 shares at 203.24 on 2024-06-11 10:30:00-04:00
2024-10-31 00:54:28,981 - Sell 98.49 shares at 213.1 on 2024-06-12 15:30:00-04:00 (Exit: Stop_loss, Profit: 971.1297765255462, Duration: 1740.0 minutes)
2024-10-31 00:54:28,981 - Buy 92.61 shares at 216.35 on 2024-06-17 11:30:00-04:00
2024-10-31 00:54:28,982 - Sell 92.61 shares at 214.65 on 2024-06-18 15:00:00-04:00 (Exit: Signal, Profit: -157.44277915971185, Duration: 1650.0 minutes)
2024-10-31 00:54:28,982 - Buy 94.57 shares at 211.85 on 2024-06-24 11:30:00-04:00
2024-10-31 00:54:28,982 - Sell 94.57 shares at 210.0 on 2024-06-24 13:00:00-04:00 (Exit: Signal, Profit: -174.94668980804357, Duration: 90.0 minutes)
2024-10-31 00:54:28,982 - Buy 94.70 shares at 211.52 on 2024-06-26 09:30:00-04:00
2024-10-31 00:54:28,984 - Sell 94.70 shares at 232.91 on 2024-07-10 15:30:00-04:00 (Exit: Profit_take, Profit: 2025.5639510819424, Duration: 20520.0 minutes)
2024-10-31 00:54:28,984 - Buy 86.41 shares at 232.28 on 2024-07-12 14:00:00-04:00
2024-10-31 00:54:28,985 - Sell 86.41 shares at 229.0 on 2024-07-17 09:30:00-04:00 (Exit: Signal, Profit: -283.41714185666933, Duration: 6930.0 minutes)
2024-10-31 00:54:28,985 - Buy 89.57 shares at 224.01 on 2024-07-22 11:30:00-04:00
2024-10-31 00:54:28,985 - Sell 89.57 shares at 224.66 on 2024-07-23 10:30:00-04:00 (Exit: Signal, Profit: 58.22203332178811, Duration: 1380.0 minutes)
2024-10-31 00:54:28,986 - Buy 88.93 shares at 225.64 on 2024-07-23 12:00:00-04:00
2024-10-31 00:54:28,986 - Sell 88.93 shares at 221.29 on 2024-07-24 09:30:00-04:00 (Exit: Signal, Profit: -386.84749282847514, Duration: 1290.0 minutes)
2024-10-31 00:54:28,986 - Buy 92.03 shares at 217.95 on 2024-07-26 11:00:00-04:00
2024-10-31 00:54:28,986 - Sell 92.03 shares at 217.79 on 2024-07-26 14:30:00-04:00 (Exit: Signal, Profit: -14.725235417790975, Duration: 210.0 minutes)
2024-10-31 00:54:28,986 - Buy 91.32 shares at 219.65 on 2024-07-30 09:30:00-04:00
2024-10-31 00:54:28,986 - Sell 91.32 shares at 216.16 on 2024-07-30 12:30:00-04:00 (Exit: Signal, Profit: -318.7036081708523, Duration: 180.0 minutes)
2024-10-31 00:54:28,987 - Buy 89.99 shares at 222.83 on 2024-07-31 10:00:00-04:00
2024-10-31 00:54:28,987 - Sell 89.99 shares at 217.5 on 2024-08-01 14:30:00-04:00 (Exit: Signal, Profit: -479.63214119946804, Duration: 1710.0 minutes)
2024-10-31 00:54:28,987 - Buy 89.70 shares at 223.44 on 2024-08-02 14:00:00-04:00
2024-10-31 00:54:28,987 - Sell 89.70 shares at 207.63 on 2024-08-05 09:30:00-04:00 (Exit: Stop_loss, Profit: -1418.1359427116884, Duration: 4050.0 minutes)
2024-10-31 00:54:28,987 - Buy 93.89 shares at 213.16 on 2024-08-07 11:00:00-04:00
2024-10-31 00:54:28,989 - Sell 93.89 shares at 224.31 on 2024-08-19 13:30:00-04:00 (Exit: Signal, Profit: 1046.8899918169755, Duration: 17430.0 minutes)
2024-10-31 00:54:28,989 - Buy 88.45 shares at 226.52 on 2024-08-20 12:30:00-04:00
2024-10-31 00:54:28,990 - Sell 88.45 shares at 226.79 on 2024-08-22 10:30:00-04:00 (Exit: Signal, Profit: 23.880488610848943, Duration: 2760.0 minutes)
2024-10-31 00:54:28,990 - Buy 88.35 shares at 226.76 on 2024-08-23 15:30:00-04:00
2024-10-31 00:54:28,990 - Sell 88.35 shares at 227.97 on 2024-08-27 10:00:00-04:00 (Exit: Signal, Profit: 106.90924740253632, Duration: 5430.0 minutes)
2024-10-31 00:54:28,990 - Buy 87.66 shares at 228.57 on 2024-08-27 11:00:00-04:00
2024-10-31 00:54:28,990 - Sell 87.66 shares at 227.46 on 2024-08-28 15:00:00-04:00 (Exit: Signal, Profit: -97.30752949694862, Duration: 1680.0 minutes)
2024-10-31 00:54:28,991 - Buy 86.48 shares at 231.67 on 2024-08-29 11:30:00-04:00
2024-10-31 00:54:28,991 - Sell 86.48 shares at 227.99 on 2024-08-30 14:00:00-04:00 (Exit: Signal, Profit: -318.25741642863164, Duration: 1590.0 minutes)
2024-10-31 00:54:28,991 - Buy 89.89 shares at 222.82 on 2024-09-05 12:30:00-04:00
2024-10-31 00:54:28,991 - Sell 89.89 shares at 220.19 on 2024-09-06 14:00:00-04:00 (Exit: Signal, Profit: -236.40904964329874, Duration: 1530.0 minutes)
2024-10-31 00:54:28,992 - Buy 90.95 shares at 220.16 on 2024-09-10 15:30:00-04:00
2024-10-31 00:54:28,992 - Sell 90.95 shares at 215.19 on 2024-09-16 09:30:00-04:00 (Exit: Stop_loss, Profit: -452.04113521962705, Duration: 8280.0 minutes)
2024-10-31 00:54:28,993 - Buy 90.59 shares at 220.94 on 2024-09-18 10:30:00-04:00
2024-10-31 00:54:28,993 - Sell 90.59 shares at 226.74 on 2024-09-23 13:00:00-04:00 (Exit: Signal, Profit: 525.4331929464499, Duration: 7350.0 minutes)
2024-10-31 00:54:28,994 - Buy 87.94 shares at 227.71 on 2024-09-26 14:00:00-04:00
2024-10-31 00:54:28,994 - Sell 87.94 shares at 224.97 on 2024-10-01 10:00:00-04:00 (Exit: Stop_loss, Profit: -240.9685020768396, Duration: 6960.0 minutes)
2024-10-31 00:54:28,995 - Buy 89.05 shares at 224.84 on 2024-10-03 10:00:00-04:00
2024-10-31 00:54:28,995 - Sell 89.05 shares at 223.85 on 2024-10-03 14:00:00-04:00 (Exit: Signal, Profit: -88.15539746133116, Duration: 240.0 minutes)
2024-10-31 00:54:28,995 - Buy 88.28 shares at 226.77 on 2024-10-04 15:30:00-04:00
2024-10-31 00:54:28,995 - Sell 88.28 shares at 222.56 on 2024-10-07 15:00:00-04:00 (Exit: Signal, Profit: -371.65975721359314, Duration: 4290.0 minutes)
2024-10-31 00:54:28,995 - Buy 88.48 shares at 226.17 on 2024-10-09 09:30:00-04:00
2024-10-31 00:54:28,996 - Sell 88.48 shares at 228.06 on 2024-10-11 11:30:00-04:00 (Exit: Signal, Profit: 167.2301445525712, Duration: 3000.0 minutes)
2024-10-31 00:54:28,996 - Buy 87.22 shares at 229.49 on 2024-10-14 10:30:00-04:00
2024-10-31 00:54:28,996 - Sell 87.22 shares at 230.91 on 2024-10-16 13:00:00-04:00 (Exit: Signal, Profit: 123.8468358800324, Duration: 3030.0 minutes)
2024-10-31 00:54:28,997 - Buy 86.25 shares at 232.1 on 2024-10-17 14:30:00-04:00
2024-10-31 00:54:28,998 - Sell 86.25 shares at 234.94 on 2024-10-22 12:30:00-04:00 (Exit: Signal, Profit: 244.93862659411755, Duration: 7080.0 minutes)
2024-10-31 00:54:28,998 - Buy 86.29 shares at 232.03 on 2024-10-25 11:30:00-04:00
2024-10-31 00:54:28,998 - Sell 86.29 shares at 231.86 on 2024-10-30 10:00:00-04:00 (Exit: Signal, Profit: -14.669831604006024, Duration: 7110.0 minutes)
