2024-10-30 22:04:19,706 - Starting SmaCrossoverStrategy with initial capital: 1000000
2024-10-30 22:04:19,706 - Hyperparameters: {'fast_period': 15, 'slow_period': 40}
2024-10-30 22:04:19,717 - Buy 194.23 shares at 102.97 on 2023-12-22 10:15:00-05:00
2024-10-30 22:04:19,717 - Buy 189.63 shares at 103.36 on 2023-12-27 11:30:00-05:00
2024-10-30 22:04:19,718 - Buy 186.58 shares at 102.95 on 2024-01-03 11:30:00-05:00
2024-10-30 22:04:19,719 - Sell 570.44 shares at 108.54 on 2024-01-04 11:45:00-05:00 (Exit: Profit_take, Profit: 3107.103930624143, Duration: 1455.0 minutes)
2024-10-30 22:04:19,719 - Buy 188.71 shares at 106.31 on 2024-01-08 14:45:00-05:00
2024-10-30 22:04:19,720 - Buy 183.39 shares at 107.21 on 2024-01-12 12:30:00-05:00
2024-10-30 22:04:19,721 - Buy 180.43 shares at 106.79 on 2024-01-17 12:15:00-05:00
2024-10-30 22:04:19,721 - Buy 176.80 shares at 106.8 on 2024-01-18 13:45:00-05:00
2024-10-30 22:04:19,722 - Sell 729.33 shares at 103.78 on 2024-01-23 09:30:00-05:00 (Exit: Stop_loss, Profit: -2183.4825472303246, Duration: 6945.0 minutes)
2024-10-30 22:04:19,722 - Buy 189.96 shares at 105.38 on 2024-01-23 15:45:00-05:00
2024-10-30 22:04:19,723 - Buy 184.31 shares at 106.44 on 2024-01-26 10:00:00-05:00
2024-10-30 22:04:19,724 - Sell 374.28 shares at 113.65 on 2024-01-31 09:30:00-05:00 (Exit: Profit_take, Profit: 2899.892496921257, Duration: 7170.0 minutes)
2024-10-30 22:04:19,724 - Buy 174.29 shares at 115.19 on 2024-02-01 14:00:00-05:00
2024-10-30 22:04:19,725 - Buy 167.72 shares at 117.31 on 2024-02-05 10:00:00-05:00
2024-10-30 22:04:19,725 - Buy 161.26 shares at 119.57 on 2024-02-07 10:15:00-05:00
2024-10-30 22:04:19,726 - Buy 157.93 shares at 119.65 on 2024-02-09 09:30:00-05:00
2024-10-30 22:04:19,727 - Buy 152.22 shares at 121.65 on 2024-02-14 10:30:00-05:00
2024-10-30 22:04:19,727 - Buy 146.28 shares at 124.06 on 2024-02-16 11:30:00-05:00
2024-10-30 22:04:19,728 - Sell 959.69 shares at 119.74 on 2024-02-21 09:30:00-05:00 (Exit: Stop_loss, Profit: 319.52365978287935, Duration: 7080.0 minutes)
2024-10-30 22:04:19,728 - Buy 162.81 shares at 123.35 on 2024-02-22 09:45:00-05:00
2024-10-30 22:04:19,729 - Buy 158.72 shares at 124.0 on 2024-02-26 14:30:00-05:00
2024-10-30 22:04:19,730 - Sell 321.53 shares at 119.92 on 2024-02-29 09:30:00-05:00 (Exit: Stop_loss, Profit: -1206.0202593968772, Duration: 4020.0 minutes)
2024-10-30 22:04:19,730 - Buy 162.22 shares at 123.65 on 2024-03-01 10:15:00-05:00
2024-10-30 22:04:19,731 - Sell 162.22 shares at 124.78 on 2024-03-05 10:45:00-05:00 (Exit: Stop_loss, Profit: 183.310769029875, Duration: 5790.0 minutes)
2024-10-30 22:04:19,731 - Buy 160.87 shares at 124.71 on 2024-03-06 13:30:00-05:00
2024-10-30 22:04:19,731 - Sell 160.87 shares at 135.56 on 2024-03-07 09:30:00-05:00 (Exit: Profit_take, Profit: 1745.4663714761593, Duration: 1200.0 minutes)
2024-10-30 22:04:19,732 - Buy 149.98 shares at 134.0 on 2024-03-12 10:45:00-04:00
2024-10-30 22:04:19,733 - Buy 146.58 shares at 134.37 on 2024-03-14 10:45:00-04:00
2024-10-30 22:04:19,733 - Buy 144.68 shares at 133.41 on 2024-03-18 12:15:00-04:00
2024-10-30 22:04:19,734 - Sell 441.23 shares at 129.64 on 2024-03-20 12:00:00-04:00 (Exit: Stop_loss, Profit: -1892.6506902889823, Duration: 2865.0 minutes)
2024-10-30 22:04:19,734 - Buy 153.90 shares at 130.34 on 2024-03-21 14:00:00-04:00
2024-10-30 22:04:19,735 - Buy 151.24 shares at 129.98 on 2024-03-25 10:45:00-04:00
2024-10-30 22:04:19,735 - Buy 148.72 shares at 129.54 on 2024-03-28 10:45:00-04:00
2024-10-30 22:04:19,736 - Sell 453.86 shares at 125.03 on 2024-04-02 09:30:00-04:00 (Exit: Stop_loss, Profit: -2236.5807161639273, Duration: 7125.0 minutes)
2024-10-30 22:04:19,736 - Buy 157.26 shares at 127.27 on 2024-04-03 10:30:00-04:00
2024-10-30 22:04:19,737 - Sell 157.26 shares at 123.98 on 2024-04-04 15:30:00-04:00 (Exit: Stop_loss, Profit: -517.3918900476992, Duration: 1740.0 minutes)
2024-10-30 22:04:19,737 - Buy 158.61 shares at 126.12 on 2024-04-05 12:45:00-04:00
2024-10-30 22:04:19,738 - Buy 156.83 shares at 125.0 on 2024-04-10 12:45:00-04:00
2024-10-30 22:04:19,739 - Buy 153.40 shares at 125.24 on 2024-04-15 12:15:00-04:00
2024-10-30 22:04:19,739 - Buy 151.47 shares at 124.3 on 2024-04-17 10:00:00-04:00
2024-10-30 22:04:19,739 - Buy 148.14 shares at 124.55 on 2024-04-17 15:45:00-04:00
2024-10-30 22:04:19,740 - Buy 146.07 shares at 123.79 on 2024-04-18 10:00:00-04:00
2024-10-30 22:04:19,740 - Buy 143.60 shares at 123.4 on 2024-04-19 12:00:00-04:00
2024-10-30 22:04:19,740 - Buy 139.18 shares at 124.78 on 2024-04-22 10:30:00-04:00
2024-10-30 22:04:19,741 - Sell 1197.32 shares at 124.28 on 2024-04-25 09:30:00-04:00 (Exit: Stop_loss, Profit: -466.7062515553761, Duration: 4260.0 minutes)
2024-10-30 22:04:19,741 - Buy 157.99 shares at 126.56 on 2024-04-26 09:45:00-04:00
2024-10-30 22:04:19,742 - Buy 151.16 shares at 129.63 on 2024-04-30 10:00:00-04:00
2024-10-30 22:04:19,743 - Sell 309.15 shares at 125.38 on 2024-05-02 09:30:00-04:00 (Exit: Stop_loss, Profit: -828.8657590304327, Duration: 2850.0 minutes)
2024-10-30 22:04:19,743 - Buy 162.39 shares at 123.03 on 2024-05-06 11:30:00-04:00
2024-10-30 22:04:19,744 - Buy 153.03 shares at 127.94 on 2024-05-09 11:45:00-04:00
2024-10-30 22:04:19,745 - Buy 146.40 shares at 131.06 on 2024-05-13 10:00:00-04:00
2024-10-30 22:04:19,745 - Buy 141.73 shares at 132.67 on 2024-05-14 14:00:00-04:00
2024-10-30 22:04:19,746 - Buy 138.52 shares at 133.03 on 2024-05-20 11:15:00-04:00
2024-10-30 22:04:19,747 - Sell 742.07 shares at 136.05 on 2024-05-23 09:30:00-04:00 (Exit: Profit_take, Profit: 4983.29753973926, Duration: 4215.0 minutes)
2024-10-30 22:04:19,747 - Buy 147.19 shares at 136.41 on 2024-05-23 10:00:00-04:00
2024-10-30 22:04:19,747 - Buy 144.31 shares at 136.35 on 2024-05-24 14:00:00-04:00
2024-10-30 22:04:19,748 - Sell 291.50 shares at 132.23 on 2024-05-29 10:45:00-04:00 (Exit: Stop_loss, Profit: -1209.8070489088595, Duration: 7005.0 minutes)
2024-10-30 22:04:19,748 - Buy 149.77 shares at 133.9 on 2024-05-30 10:15:00-04:00
2024-10-30 22:04:19,749 - Sell 149.77 shares at 141.3 on 2024-06-05 09:30:00-04:00 (Exit: Profit_take, Profit: 1108.283564313166, Duration: 8595.0 minutes)
2024-10-30 22:04:19,750 - Buy 139.93 shares at 143.47 on 2024-06-10 13:45:00-04:00
2024-10-30 22:04:19,751 - Buy 136.93 shares at 143.68 on 2024-06-12 10:00:00-04:00
2024-10-30 22:04:19,752 - Buy 135.40 shares at 142.4 on 2024-06-14 11:15:00-04:00
2024-10-30 22:04:19,752 - Buy 132.72 shares at 142.37 on 2024-06-20 10:00:00-04:00
2024-10-30 22:04:19,753 - Buy 129.94 shares at 142.51 on 2024-06-21 14:15:00-04:00
2024-10-30 22:04:19,753 - Buy 124.48 shares at 145.78 on 2024-06-25 09:30:00-04:00
2024-10-30 22:04:19,754 - Sell 799.41 shares at 143.23 on 2024-06-26 11:30:00-04:00 (Exit: Stop_loss, Profit: -92.55824536978047, Duration: 1560.0 minutes)
2024-10-30 22:04:19,754 - Buy 139.03 shares at 144.39 on 2024-06-27 13:00:00-04:00
2024-10-30 22:04:19,754 - Buy 136.38 shares at 144.25 on 2024-06-27 13:30:00-04:00
2024-10-30 22:04:19,754 - Buy 133.62 shares at 144.28 on 2024-06-27 14:45:00-04:00
2024-10-30 22:04:19,755 - Buy 129.92 shares at 145.43 on 2024-07-01 12:00:00-04:00
2024-10-30 22:04:19,755 - Sell 538.95 shares at 139.62 on 2024-07-02 09:30:00-04:00 (Exit: Stop_loss, Profit: -2672.1047391466436, Duration: 1290.0 minutes)
2024-10-30 22:04:19,755 - Buy 141.29 shares at 141.7 on 2024-07-05 12:45:00-04:00
2024-10-30 22:04:19,756 - Buy 138.45 shares at 141.71 on 2024-07-10 12:00:00-04:00
2024-10-30 22:04:19,757 - Buy 134.66 shares at 142.79 on 2024-07-12 11:00:00-04:00
2024-10-30 22:04:19,757 - Sell 414.40 shares at 136.31 on 2024-07-17 09:30:00-04:00 (Exit: Stop_loss, Profit: -2381.800357981201, Duration: 7110.0 minutes)
2024-10-30 22:04:19,758 - Buy 151.35 shares at 131.97 on 2024-07-19 11:30:00-04:00
2024-10-30 22:04:19,759 - Sell 151.35 shares at 129.07 on 2024-07-25 09:30:00-04:00 (Exit: Stop_loss, Profit: -438.9044235049828, Duration: 8520.0 minutes)
2024-10-30 22:04:19,760 - Buy 155.30 shares at 128.55 on 2024-07-29 10:15:00-04:00
2024-10-30 22:04:19,760 - Buy 148.93 shares at 131.37 on 2024-07-30 09:30:00-04:00
2024-10-30 22:04:19,760 - Buy 148.54 shares at 129.08 on 2024-07-30 15:30:00-04:00
2024-10-30 22:04:19,761 - Sell 452.78 shares at 129.71 on 2024-08-02 09:30:00-04:00 (Exit: Stop_loss, Profit: 26.50873206497394, Duration: 3960.0 minutes)
2024-10-30 22:04:19,761 - Buy 154.06 shares at 129.59 on 2024-08-06 09:45:00-04:00
2024-10-30 22:04:19,762 - Sell 154.06 shares at 122.78 on 2024-08-07 09:30:00-04:00 (Exit: Stop_loss, Profit: -1049.1640961897645, Duration: 1425.0 minutes)
2024-10-30 22:04:19,762 - Buy 158.66 shares at 125.7 on 2024-08-08 11:30:00-04:00
2024-10-30 22:04:19,762 - Sell 158.66 shares at 132.96 on 2024-08-09 09:45:00-04:00 (Exit: Profit_take, Profit: 1151.8938363220589, Duration: 1335.0 minutes)
2024-10-30 22:04:19,763 - Buy 149.31 shares at 133.73 on 2024-08-13 11:00:00-04:00
2024-10-30 22:04:19,764 - Buy 143.98 shares at 135.91 on 2024-08-15 09:30:00-04:00
2024-10-30 22:04:19,764 - Buy 141.62 shares at 135.41 on 2024-08-19 12:15:00-04:00
2024-10-30 22:04:19,764 - Buy 137.95 shares at 136.23 on 2024-08-20 09:45:00-04:00
2024-10-30 22:04:19,765 - Buy 133.59 shares at 137.86 on 2024-08-22 09:45:00-04:00
2024-10-30 22:04:19,766 - Buy 132.45 shares at 136.27 on 2024-08-29 10:00:00-04:00
2024-10-30 22:04:19,767 - Sell 838.89 shares at 134.19 on 2024-09-04 09:30:00-04:00 (Exit: Stop_loss, Profit: -1398.913513471892, Duration: 8610.0 minutes)
2024-10-30 22:04:19,768 - Buy 152.40 shares at 130.83 on 2024-09-06 12:30:00-04:00
2024-10-30 22:04:19,768 - Buy 148.90 shares at 131.23 on 2024-09-09 10:45:00-04:00
2024-10-30 22:04:19,768 - Buy 145.83 shares at 131.31 on 2024-09-11 10:15:00-04:00
2024-10-30 22:04:19,769 - Sell 447.14 shares at 137.8 on 2024-09-16 09:30:00-04:00 (Exit: Profit_take, Profit: 2986.9930483485145, Duration: 7155.0 minutes)
2024-10-30 22:04:19,771 - Buy 148.49 shares at 134.68 on 2024-09-19 09:30:00-04:00
2024-10-30 22:04:19,771 - Sell 148.49 shares at 127.98 on 2024-09-20 09:30:00-04:00 (Exit: Stop_loss, Profit: -994.8886348157488, Duration: 1440.0 minutes)
2024-10-30 22:04:19,772 - Buy 158.73 shares at 125.87 on 2024-09-24 11:45:00-04:00
2024-10-30 22:04:19,773 - Sell 158.73 shares at 121.03 on 2024-09-27 09:30:00-04:00 (Exit: Stop_loss, Profit: -768.2341120701549, Duration: 4185.0 minutes)
2024-10-30 22:04:19,774 - Buy 169.64 shares at 117.68 on 2024-10-07 09:30:00-04:00
2024-10-30 22:04:19,775 - Buy 167.17 shares at 117.03 on 2024-10-09 15:45:00-04:00
2024-10-30 22:04:19,776 - Buy 160.09 shares at 119.76 on 2024-10-14 15:45:00-04:00
2024-10-30 22:04:19,776 - Buy 159.35 shares at 117.91 on 2024-10-16 15:00:00-04:00
2024-10-30 22:04:19,777 - Sell 656.26 shares at 115.32 on 2024-10-22 09:30:00-04:00 (Exit: Stop_loss, Profit: -1809.7684273270274, Duration: 8310.0 minutes)
2024-10-30 22:04:19,778 - Buy 177.42 shares at 112.32 on 2024-10-29 11:15:00-04:00
2024-10-30 22:04:19,779 - Sell 177.42 shares at 107.48 on 2024-10-30 09:30:00-04:00 (Exit: Stop_loss, Profit: -858.6901445909612, Duration: 1335.0 minutes)
2024-10-30 22:04:19,779 - Buy 177.47 shares at 112.19 on 2024-10-30 13:30:00-04:00
2024-10-30 22:04:19,992 - Holding 177.46782103423334 shares as an open position at the end with unrealized return: 0.009537391924414135, Duration: 135.0 minutes
