2024-10-30 14:45:28.844722 - Final statistics: total_trades: 89, 
winning_trades: 25, 
losing_trades: 64, 
average_return: -0.00046381412848245374, 
average_duration: 179.5505617977528, 
final_balance: 988365.8079975141, 
final_portfolio_value: 1008536.5387729736, 


2024-10-30 14:45:28,558 - Starting SmaCrossoverStrategy with initial capital: 1000000
2024-10-30 14:45:28,558 - Hyperparameters: {'fast_period': 15, 'slow_period': 40}
2024-10-30 14:45:28,590 - Buy 8620.689655172415 shares at 2.32 on 2024-10-01 13:51:00-04:00
2024-10-30 14:45:28,591 - Sell 8620.689655172415 shares at 2.33 on 2024-10-01 15:04:00-04:00 (Profit: 86.20689655172615, Duration: 73.0 minutes)
2024-10-30 14:45:28,592 - Buy 8584.430960485422 shares at 2.33 on 2024-10-02 09:37:00-04:00
2024-10-30 14:45:28,592 - Sell 8584.430960485422 shares at 2.33 on 2024-10-02 10:12:00-04:00 (Profit: 0.0, Duration: 35.0 minutes)
2024-10-30 14:45:28,592 - Buy 8584.430960485422 shares at 2.33 on 2024-10-02 10:27:00-04:00
2024-10-30 14:45:28,593 - Sell 8584.430960485422 shares at 2.33 on 2024-10-02 10:54:00-04:00 (Profit: 0.0, Duration: 27.0 minutes)
2024-10-30 14:45:28,594 - Buy 8584.430960485422 shares at 2.33 on 2024-10-02 12:36:00-04:00
2024-10-30 14:45:28,595 - Buy 8341.144534115921 shares at 2.35 on 2024-10-02 13:55:00-04:00
2024-10-30 14:45:28,596 - Sell 16925.575494601344 shares at 2.33 on 2024-10-02 14:24:00-04:00 (Profit: -166.82289068232, Duration: 29.0 minutes)
2024-10-30 14:45:28,597 - Buy 8619.994689705773 shares at 2.32 on 2024-10-02 15:25:00-04:00
2024-10-30 14:45:28,597 - Sell 8619.994689705773 shares at 2.32 on 2024-10-03 09:46:00-04:00 (Profit: 0.0, Duration: 1101.0 minutes)
2024-10-30 14:45:28,598 - Buy 8582.999004342228 shares at 2.33 on 2024-10-03 10:11:00-04:00
2024-10-30 14:45:28,598 - Sell 8582.999004342228 shares at 2.32 on 2024-10-03 10:19:00-04:00 (Profit: -85.82999004342426, Duration: 8.0 minutes)
2024-10-30 14:45:28,599 - Buy 8656.567567236589 shares at 2.31 on 2024-10-03 11:23:00-04:00
2024-10-30 14:45:28,599 - Sell 8656.567567236589 shares at 2.29 on 2024-10-03 11:41:00-04:00 (Profit: -173.13135134473194, Duration: 18.0 minutes)
2024-10-30 14:45:28,599 - Buy 8655.068594497674 shares at 2.31 on 2024-10-03 11:46:00-04:00
2024-10-30 14:45:28,599 - Sell 8655.068594497674 shares at 2.29 on 2024-10-03 12:01:00-04:00 (Profit: -173.10137188995364, Duration: 15.0 minutes)
2024-10-30 14:45:28,601 - Buy 8884.331744823034 shares at 2.25 on 2024-10-03 14:08:00-04:00
2024-10-30 14:45:28,601 - Sell 8884.331744823034 shares at 2.24 on 2024-10-03 14:24:00-04:00 (Profit: -88.84331744822845, Duration: 16.0 minutes)
2024-10-30 14:45:28,602 - Buy 8923.200696206635 shares at 2.24 on 2024-10-03 14:49:00-04:00
2024-10-30 14:45:28,602 - Sell 8923.200696206635 shares at 2.24 on 2024-10-03 14:59:00-04:00 (Profit: 0.0, Duration: 10.0 minutes)
2024-10-30 14:45:28,603 - Buy 8883.542026445717 shares at 2.25 on 2024-10-03 15:59:00-04:00
2024-10-30 14:45:28,603 - Sell 8883.542026445717 shares at 1.47 on 2024-10-04 09:30:00-04:00 (Profit: -6929.162780627659, Duration: 1051.0 minutes)
2024-10-30 14:45:28,603 - Buy 12029.931093266854 shares at 1.65 on 2024-10-04 10:05:00-04:00
2024-10-30 14:45:28,604 - Sell 12029.931093266854 shares at 1.6 on 2024-10-04 10:28:00-04:00 (Profit: -601.4965546633406, Duration: 23.0 minutes)
2024-10-30 14:45:28,604 - Buy 11738.080693962747 shares at 1.69 on 2024-10-04 10:41:00-04:00
2024-10-30 14:45:28,604 - Sell 11738.080693962747 shares at 1.68 on 2024-10-04 11:13:00-04:00 (Profit: -117.38080693962758, Duration: 32.0 minutes)
2024-10-30 14:45:28,605 - Buy 12094.517534547713 shares at 1.64 on 2024-10-04 11:45:00-04:00
2024-10-30 14:45:28,605 - Sell 12094.517534547713 shares at 1.67 on 2024-10-04 12:19:00-04:00 (Profit: 362.8355260364317, Duration: 34.0 minutes)
2024-10-30 14:45:28,606 - Buy 11881.596088131124 shares at 1.67 on 2024-10-04 12:39:00-04:00
2024-10-30 14:45:28,606 - Sell 11881.596088131124 shares at 1.63 on 2024-10-04 12:50:00-04:00 (Profit: -475.26384352524536, Duration: 11.0 minutes)
2024-10-30 14:45:28,606 - Buy 12019.854660793011 shares at 1.65 on 2024-10-04 13:19:00-04:00
2024-10-30 14:45:28,607 - Sell 12019.854660793011 shares at 1.63 on 2024-10-04 13:36:00-04:00 (Profit: -240.3970932158631, Duration: 17.0 minutes)
2024-10-30 14:45:28,607 - Buy 12164.387882481074 shares at 1.63 on 2024-10-04 13:52:00-04:00
2024-10-30 14:45:28,607 - Sell 12164.387882481074 shares at 1.63 on 2024-10-04 13:58:00-04:00 (Profit: 0.0, Duration: 6.0 minutes)
2024-10-30 14:45:28,608 - Buy 12016.94075663282 shares at 1.65 on 2024-10-04 14:26:00-04:00
2024-10-30 14:45:28,609 - Sell 12016.94075663282 shares at 1.69 on 2024-10-04 15:49:00-04:00 (Profit: 480.6776302653132, Duration: 83.0 minutes)
2024-10-30 14:45:28,609 - Buy 11500.038145535918 shares at 1.725 on 2024-10-07 09:53:00-04:00
2024-10-30 14:45:28,610 - Sell 11500.038145535918 shares at 1.765 on 2024-10-07 11:02:00-04:00 (Profit: 460.0015258214346, Duration: 69.0 minutes)
2024-10-30 14:45:28,610 - Buy 11181.276524825851 shares at 1.775 on 2024-10-07 11:23:00-04:00
2024-10-30 14:45:28,611 - Sell 11181.276524825851 shares at 1.775 on 2024-10-07 11:55:00-04:00 (Profit: 0.0, Duration: 32.0 minutes)
2024-10-30 14:45:28,611 - Buy 11056.694056582666 shares at 1.795 on 2024-10-07 12:17:00-04:00
2024-10-30 14:45:28,612 - Sell 11056.694056582666 shares at 1.785 on 2024-10-07 12:36:00-04:00 (Profit: -110.56694056582676, Duration: 19.0 minutes)
2024-10-30 14:45:28,612 - Buy 11180.03070014342 shares at 1.775 on 2024-10-07 13:12:00-04:00
2024-10-30 14:45:28,612 - Sell 11180.03070014342 shares at 1.775 on 2024-10-07 13:24:00-04:00 (Profit: 2.4824654998630667e-12, Duration: 12.0 minutes)
2024-10-30 14:45:28,613 - Buy 11180.03070014342 shares at 1.775 on 2024-10-07 13:58:00-04:00
2024-10-30 14:45:28,614 - Sell 11180.03070014342 shares at 1.755 on 2024-10-07 14:48:00-04:00 (Profit: -223.6006140028661, Duration: 50.0 minutes)
2024-10-30 14:45:28,614 - Buy 11114.892145924097 shares at 1.785 on 2024-10-07 15:14:00-04:00
2024-10-30 14:45:28,615 - Sell 11114.892145924097 shares at 1.785 on 2024-10-08 09:48:00-04:00 (Profit: 0.0, Duration: 1114.0 minutes)
2024-10-30 14:45:28,616 - Buy 10871.278071492885 shares at 1.825 on 2024-10-08 10:21:00-04:00
2024-10-30 14:45:28,616 - Sell 10871.278071492885 shares at 1.855 on 2024-10-08 11:20:00-04:00 (Profit: 326.13834214478686, Duration: 59.0 minutes)
2024-10-30 14:45:28,617 - Buy 10641.61139266349 shares at 1.865 on 2024-10-08 11:53:00-04:00
2024-10-30 14:45:28,617 - Sell 10641.61139266349 shares at 1.845 on 2024-10-08 12:03:00-04:00 (Profit: -212.83222785326998, Duration: 10.0 minutes)
2024-10-30 14:45:28,618 - Buy 10754.660489300999 shares at 1.845 on 2024-10-08 13:00:00-04:00
2024-10-30 14:45:28,618 - Sell 10754.660489300999 shares at 1.835 on 2024-10-08 13:13:00-04:00 (Profit: -107.54660489301008, Duration: 13.0 minutes)
2024-10-30 14:45:28,619 - Buy 10753.49467244579 shares at 1.845 on 2024-10-08 13:54:00-04:00
2024-10-30 14:45:28,620 - Sell 10753.49467244579 shares at 1.915 on 2024-10-08 15:44:00-04:00 (Profit: 752.744627071206, Duration: 110.0 minutes)
2024-10-30 14:45:28,621 - Buy 10104.45423063812 shares at 1.965 on 2024-10-09 09:52:00-04:00
2024-10-30 14:45:28,622 - Sell 10104.45423063812 shares at 1.925 on 2024-10-09 10:25:00-04:00 (Profit: -404.17816922552294, Duration: 33.0 minutes)
2024-10-30 14:45:28,622 - Buy 10473.44010544559 shares at 1.895 on 2024-10-09 11:08:00-04:00
2024-10-30 14:45:28,622 - Sell 10473.44010544559 shares at 1.885 on 2024-10-09 11:28:00-04:00 (Profit: -104.734401054456, Duration: 20.0 minutes)
2024-10-30 14:45:28,627 - Buy 11243.668165324822 shares at 1.765 on 2024-10-10 10:02:00-04:00
2024-10-30 14:45:28,627 - Sell 11243.668165324822 shares at 1.725 on 2024-10-10 10:37:00-04:00 (Profit: -449.74672661298825, Duration: 35.0 minutes)
2024-10-30 14:45:28,627 - Buy 11432.898776522217 shares at 1.735 on 2024-10-10 11:03:00-04:00
2024-10-30 14:45:28,631 - Buy 11401.382867871393 shares at 1.705 on 2024-10-10 14:57:00-04:00
2024-10-30 14:45:28,631 - Sell 22834.28164439361 shares at 1.695 on 2024-10-10 15:29:00-04:00 (Profit: -571.3297797395971, Duration: 32.0 minutes)
2024-10-30 14:45:28,632 - Buy 11627.362335291058 shares at 1.705 on 2024-10-10 15:58:00-04:00
2024-10-30 14:45:28,632 - Buy 11739.069320868779 shares at 1.655 on 2024-10-11 10:25:00-04:00
2024-10-30 14:45:28,633 - Sell 23366.43165615984 shares at 1.635 on 2024-10-11 10:32:00-04:00 (Profit: -1048.6967498877427, Duration: 7.0 minutes)
2024-10-30 14:45:28,633 - Buy 11823.091848760298 shares at 1.675 on 2024-10-11 10:45:00-04:00
2024-10-30 14:45:28,633 - Sell 11823.091848760298 shares at 1.655 on 2024-10-11 11:02:00-04:00 (Profit: -236.46183697520615, Duration: 17.0 minutes)
2024-10-30 14:45:28,633 - Buy 11891.261026987384 shares at 1.665 on 2024-10-11 11:06:00-04:00
2024-10-30 14:45:28,634 - Sell 11891.261026987384 shares at 1.655 on 2024-10-11 11:32:00-04:00 (Profit: -118.91261026987395, Duration: 26.0 minutes)
2024-10-30 14:45:28,634 - Buy 12182.505450909906 shares at 1.625 on 2024-10-11 12:30:00-04:00
2024-10-30 14:45:28,636 - Buy 12087.626124968241 shares at 1.605 on 2024-10-11 14:48:00-04:00
2024-10-30 14:45:28,637 - Buy 11772.524539914888 shares at 1.615 on 2024-10-11 15:27:00-04:00
2024-10-30 14:45:28,638 - Sell 36042.65611579304 shares at 1.645 on 2024-10-14 10:39:00-04:00 (Profit: 1080.330890214378, Duration: 4032.0 minutes)
2024-10-30 14:45:28,639 - Buy 11974.729894581804 shares at 1.655 on 2024-10-14 11:05:00-04:00
2024-10-30 14:45:28,639 - Sell 11974.729894581804 shares at 1.645 on 2024-10-14 11:18:00-04:00 (Profit: -119.74729894581814, Duration: 13.0 minutes)
2024-10-30 14:45:28,639 - Buy 12046.068710975058 shares at 1.645 on 2024-10-14 11:48:00-04:00
2024-10-30 14:45:28,640 - Buy 11805.147336755557 shares at 1.645 on 2024-10-14 13:19:00-04:00
2024-10-30 14:45:28,641 - Sell 23851.216047730617 shares at 1.635 on 2024-10-14 13:26:00-04:00 (Profit: -238.51216047730108, Duration: 7.0 minutes)
2024-10-30 14:45:28,641 - Buy 12043.168867078675 shares at 1.645 on 2024-10-14 13:45:00-04:00
2024-10-30 14:45:28,642 - Buy 11660.536054424945 shares at 1.665 on 2024-10-14 14:43:00-04:00
2024-10-30 14:45:28,643 - Buy 11496.372616317332 shares at 1.655 on 2024-10-15 09:53:00-04:00
2024-10-30 14:45:28,644 - Sell 35200.07753782095 shares at 1.665 on 2024-10-15 11:25:00-04:00 (Profit: 355.8271035047463, Duration: 92.0 minutes)
2024-10-30 14:45:28,645 - Buy 11831.719002038517 shares at 1.675 on 2024-10-15 12:29:00-04:00
2024-10-30 14:45:28,646 - Buy 11458.269464216062 shares at 1.695 on 2024-10-15 13:40:00-04:00
2024-10-30 14:45:28,647 - Sell 23289.98846625458 shares at 1.705 on 2024-10-15 14:18:00-04:00 (Profit: 469.5342647033183, Duration: 38.0 minutes)
2024-10-30 14:45:28,648 - Buy 12053.203655749898 shares at 1.645 on 2024-10-15 15:39:00-04:00
2024-10-30 14:45:28,648 - Sell 12053.203655749898 shares at 1.645 on 2024-10-15 15:42:00-04:00 (Profit: 0.0, Duration: 3.0 minutes)
2024-10-30 14:45:28,648 - Buy 11908.420428653802 shares at 1.665 on 2024-10-16 09:35:00-04:00
2024-10-30 14:45:28,649 - Sell 11908.420428653802 shares at 1.665 on 2024-10-16 10:21:00-04:00 (Profit: 0.0, Duration: 46.0 minutes)
2024-10-30 14:45:28,650 - Buy 11908.420428653802 shares at 1.665 on 2024-10-16 10:55:00-04:00
2024-10-30 14:45:28,650 - Sell 11908.420428653802 shares at 1.665 on 2024-10-16 11:26:00-04:00 (Profit: 0.0, Duration: 31.0 minutes)
2024-10-30 14:45:28,651 - Buy 11908.420428653802 shares at 1.665 on 2024-10-16 12:03:00-04:00
2024-10-30 14:45:28,651 - Sell 11908.420428653802 shares at 1.655 on 2024-10-16 12:17:00-04:00 (Profit: -119.08420428653812, Duration: 14.0 minutes)
2024-10-30 14:45:28,651 - Buy 11906.989987761473 shares at 1.665 on 2024-10-16 12:50:00-04:00
2024-10-30 14:45:28,652 - Sell 11906.989987761473 shares at 1.645 on 2024-10-16 13:06:00-04:00 (Profit: -238.13979975522705, Duration: 16.0 minutes)
2024-10-30 14:45:28,652 - Buy 11833.060020076266 shares at 1.675 on 2024-10-16 13:23:00-04:00
2024-10-30 14:45:28,653 - Sell 11833.060020076266 shares at 1.665 on 2024-10-16 14:08:00-04:00 (Profit: -118.33060020076276, Duration: 45.0 minutes)
2024-10-30 14:45:28,653 - Buy 11831.647117387301 shares at 1.675 on 2024-10-16 14:23:00-04:00
2024-10-30 14:45:28,653 - Sell 11831.647117387301 shares at 1.665 on 2024-10-16 14:35:00-04:00 (Profit: -118.31647117387574, Duration: 12.0 minutes)
2024-10-30 14:45:28,653 - Buy 11830.234383403138 shares at 1.675 on 2024-10-16 14:55:00-04:00
2024-10-30 14:45:28,654 - Sell 11830.234383403138 shares at 1.665 on 2024-10-16 15:05:00-04:00 (Profit: -118.30234383403149, Duration: 10.0 minutes)
2024-10-30 14:45:28,655 - Buy 12044.545012354756 shares at 1.645 on 2024-10-17 09:42:00-04:00
2024-10-30 14:45:28,655 - Sell 12044.545012354756 shares at 1.635 on 2024-10-17 10:06:00-04:00 (Profit: -120.44545012354767, Duration: 24.0 minutes)
2024-10-30 14:45:28,656 - Buy 12343.219711103493 shares at 1.605 on 2024-10-17 11:21:00-04:00
2024-10-30 14:45:28,656 - Sell 12343.219711103493 shares at 1.595 on 2024-10-17 11:44:00-04:00 (Profit: -123.43219711103504, Duration: 23.0 minutes)
2024-10-30 14:45:28,657 - Buy 12497.412613488255 shares at 1.585 on 2024-10-17 13:15:00-04:00
2024-10-30 14:45:28,658 - Sell 12497.412613488255 shares at 1.575 on 2024-10-17 13:18:00-04:00 (Profit: -124.97412613488267, Duration: 3.0 minutes)
2024-10-30 14:45:28,659 - Buy 13073.200996604743 shares at 1.515 on 2024-10-17 14:55:00-04:00
2024-10-30 14:45:28,659 - Sell 13073.200996604743 shares at 1.505 on 2024-10-17 15:03:00-04:00 (Profit: -130.73200996604754, Duration: 8.0 minutes)
2024-10-30 14:45:28,659 - Buy 13071.475161489681 shares at 1.515 on 2024-10-17 15:24:00-04:00
2024-10-30 14:45:28,660 - Sell 13071.475161489681 shares at 1.505 on 2024-10-18 09:32:00-04:00 (Profit: -130.71475161489693, Duration: 1088.0 minutes)
2024-10-30 14:45:28,661 - Buy 13515.8160918939 shares at 1.465 on 2024-10-18 10:47:00-04:00
2024-10-30 14:45:28,662 - Sell 13515.8160918939 shares at 1.505 on 2024-10-18 11:25:00-04:00 (Profit: 540.6326436757535, Duration: 38.0 minutes)
2024-10-30 14:45:28,664 - Buy 13523.196742319507 shares at 1.465 on 2024-10-18 14:51:00-04:00
2024-10-30 14:45:28,665 - Buy 13162.883771490247 shares at 1.475 on 2024-10-18 15:55:00-04:00
2024-10-30 14:45:28,666 - Sell 26686.080513809757 shares at 2.145 on 2024-10-21 10:38:00-04:00 (Profit: 18014.90591167573, Duration: 4003.0 minutes)
2024-10-30 14:45:28,667 - Buy 8945.357581255696 shares at 2.255 on 2024-10-21 10:58:00-04:00
2024-10-30 14:45:28,669 - Sell 8945.357581255696 shares at 2.405 on 2024-10-21 12:23:00-04:00 (Profit: 1341.8036371883536, Duration: 85.0 minutes)
2024-10-30 14:45:28,669 - Buy 8576.90760869442 shares at 2.355 on 2024-10-21 13:21:00-04:00
2024-10-30 14:45:28,670 - Sell 8576.90760869442 shares at 2.315 on 2024-10-21 13:35:00-04:00 (Profit: -343.0763043477771, Duration: 14.0 minutes)
2024-10-30 14:45:28,671 - Buy 8914.682513195763 shares at 2.265 on 2024-10-21 14:50:00-04:00
2024-10-30 14:45:28,671 - Sell 8914.682513195763 shares at 2.255 on 2024-10-21 15:18:00-04:00 (Profit: -89.14682513195969, Duration: 28.0 minutes)
2024-10-30 14:45:28,671 - Buy 8993.306439147336 shares at 2.245 on 2024-10-21 15:28:00-04:00
2024-10-30 14:45:28,672 - Sell 8993.306439147336 shares at 2.235 on 2024-10-21 15:57:00-04:00 (Profit: -89.93306439147544, Duration: 29.0 minutes)
2024-10-30 14:45:28,673 - Buy 9729.24062390262 shares at 2.075 on 2024-10-22 10:59:00-04:00
2024-10-30 14:45:28,673 - Sell 9729.24062390262 shares at 2.075 on 2024-10-22 11:08:00-04:00 (Profit: 0.0, Duration: 9.0 minutes)
2024-10-30 14:45:28,673 - Buy 9636.360045154146 shares at 2.095 on 2024-10-22 11:09:00-04:00
2024-10-30 14:45:28,674 - Sell 9636.360045154146 shares at 2.065 on 2024-10-22 11:36:00-04:00 (Profit: -289.09080135462676, Duration: 27.0 minutes)
2024-10-30 14:45:28,674 - Buy 9726.454206540166 shares at 2.075 on 2024-10-22 11:57:00-04:00
2024-10-30 14:45:28,674 - Sell 9726.454206540166 shares at 2.065 on 2024-10-22 12:13:00-04:00 (Profit: -97.2645420654039, Duration: 16.0 minutes)
2024-10-30 14:45:28,675 - Buy 9678.871552867886 shares at 2.085 on 2024-10-22 12:46:00-04:00
2024-10-30 14:45:28,675 - Sell 9678.871552867886 shares at 2.105 on 2024-10-22 13:25:00-04:00 (Profit: 193.5774310573579, Duration: 39.0 minutes)
2024-10-30 14:45:28,676 - Buy 9543.413114113797 shares at 2.115 on 2024-10-22 13:55:00-04:00
2024-10-30 14:45:28,677 - Buy 9396.97499364545 shares at 2.105 on 2024-10-22 14:52:00-04:00
2024-10-30 14:45:28,678 - Sell 18940.388107759245 shares at 2.115 on 2024-10-22 15:53:00-04:00 (Profit: 93.96974993645173, Duration: 61.0 minutes)
2024-10-30 14:45:28,678 - Buy 7340.43568412706 shares at 2.75 on 2024-10-23 09:30:00-04:00
2024-10-30 14:45:28,679 - Sell 7340.43568412706 shares at 2.935 on 2024-10-23 10:39:00-04:00 (Profit: 1357.9806015635065, Duration: 69.0 minutes)
2024-10-30 14:45:28,680 - Buy 6982.161569388838 shares at 2.895 on 2024-10-23 11:20:00-04:00
2024-10-30 14:45:28,680 - Sell 6982.161569388838 shares at 2.905 on 2024-10-23 11:58:00-04:00 (Profit: 69.8216156938869, Duration: 38.0 minutes)
2024-10-30 14:45:28,681 - Buy 6911.027068613525 shares at 2.925 on 2024-10-23 12:47:00-04:00
2024-10-30 14:45:28,682 - Sell 6911.027068613525 shares at 2.935 on 2024-10-23 14:05:00-04:00 (Profit: 69.11027068613686, Duration: 78.0 minutes)
2024-10-30 14:45:28,683 - Buy 6705.186196055815 shares at 3.015 on 2024-10-23 14:29:00-04:00
2024-10-30 14:45:28,684 - Sell 6705.186196055815 shares at 3.045 on 2024-10-23 15:37:00-04:00 (Profit: 201.15558588167315, Duration: 68.0 minutes)
2024-10-30 14:45:28,684 - Buy 6512.128661135562 shares at 3.105 on 2024-10-23 15:57:00-04:00
2024-10-30 14:45:28,684 - Sell 6512.128661135562 shares at 2.785 on 2024-10-24 09:30:00-04:00 (Profit: -2083.8811715633788, Duration: 1053.0 minutes)
2024-10-30 14:45:28,684 - Buy 7168.199598363997 shares at 2.815 on 2024-10-24 10:05:00-04:00
2024-10-30 14:45:28,685 - Sell 7168.199598363997 shares at 2.795 on 2024-10-24 10:21:00-04:00 (Profit: -143.36399196728007, Duration: 16.0 minutes)
2024-10-30 14:45:28,685 - Buy 7244.385849032424 shares at 2.785 on 2024-10-24 10:54:00-04:00
2024-10-30 14:45:28,686 - Buy 6998.974264695291 shares at 2.825 on 2024-10-24 11:23:00-04:00
2024-10-30 14:45:28,686 - Sell 14243.360113727715 shares at 2.855 on 2024-10-24 12:06:00-04:00 (Profit: 717.0762373731178, Duration: 43.0 minutes)
2024-10-30 14:45:28,687 - Buy 7575.968523190531 shares at 2.665 on 2024-10-24 13:22:00-04:00
2024-10-30 14:45:28,688 - Sell 7575.968523190531 shares at 2.625 on 2024-10-24 13:37:00-04:00 (Profit: -303.0387409276215, Duration: 15.0 minutes)
2024-10-30 14:45:28,689 - Buy 7962.088891315271 shares at 2.535 on 2024-10-24 14:49:00-04:00
2024-10-30 14:45:28,689 - Sell 7962.088891315271 shares at 2.505 on 2024-10-24 15:29:00-04:00 (Profit: -238.8626667394601, Duration: 40.0 minutes)
2024-10-30 14:45:28,690 - Buy 6681.8271808441805 shares at 3.02 on 2024-10-25 09:31:00-04:00
2024-10-30 14:45:28,690 - Sell 6681.8271808441805 shares at 3.075 on 2024-10-25 10:07:00-04:00 (Profit: 367.500494946431, Duration: 36.0 minutes)
2024-10-30 14:45:28,691 - Buy 6695.345968838591 shares at 3.015 on 2024-10-25 11:04:00-04:00
2024-10-30 14:45:28,691 - Sell 6695.345968838591 shares at 2.945 on 2024-10-25 11:22:00-04:00 (Profit: -468.67421781870326, Duration: 18.0 minutes)
2024-10-30 14:45:28,692 - Buy 6921.816333342017 shares at 2.915 on 2024-10-25 12:05:00-04:00
2024-10-30 14:45:28,692 - Sell 6921.816333342017 shares at 2.915 on 2024-10-25 12:36:00-04:00 (Profit: 0.0, Duration: 31.0 minutes)
2024-10-30 14:45:28,694 - Buy 7092.124643828463 shares at 2.845 on 2024-10-25 13:55:00-04:00
2024-10-30 14:45:28,694 - Sell 7092.124643828463 shares at 2.845 on 2024-10-25 14:40:00-04:00 (Profit: 0.0, Duration: 45.0 minutes)
2024-10-30 14:45:28,694 - Buy 7042.615920311337 shares at 2.865 on 2024-10-25 14:56:00-04:00
2024-10-30 14:45:28,695 - Sell 7042.615920311337 shares at 2.835 on 2024-10-25 15:06:00-04:00 (Profit: -211.27847760934185, Duration: 10.0 minutes)
2024-10-30 14:45:28,695 - Buy 7166.2056988063205 shares at 2.815 on 2024-10-25 15:31:00-04:00
2024-10-30 14:45:28,695 - Sell 7166.2056988063205 shares at 2.805 on 2024-10-25 15:38:00-04:00 (Profit: -71.66205698806168, Duration: 7.0 minutes)
2024-10-30 14:45:28,696 - Buy 6837.77484779662 shares at 2.95 on 2024-10-28 09:32:00-04:00
2024-10-30 14:45:28,697 - Sell 6837.77484779662 shares at 2.985 on 2024-10-28 11:24:00-04:00 (Profit: 239.32211967287964, Duration: 112.0 minutes)
2024-10-30 14:45:28,699 - Buy 6945.34328516127 shares at 2.905 on 2024-10-28 13:23:00-04:00
2024-10-30 14:45:28,701 - Buy 6736.864667300039 shares at 2.935 on 2024-10-28 15:27:00-04:00
2024-10-30 14:45:28,701 - Sell 13682.20795246131 shares at 2.905 on 2024-10-28 15:49:00-04:00 (Profit: -202.10594001900134, Duration: 22.0 minutes)
2024-10-30 14:45:28,702 - Buy 7402.634908107563 shares at 2.725 on 2024-10-29 10:09:00-04:00
2024-10-30 14:45:28,702 - Sell 7402.634908107563 shares at 2.735 on 2024-10-29 10:35:00-04:00 (Profit: 74.02634908107406, Duration: 26.0 minutes)
2024-10-30 14:45:28,703 - Buy 7403.178220761369 shares at 2.725 on 2024-10-29 11:17:00-04:00
2024-10-30 14:45:28,703 - Sell 7403.178220761369 shares at 2.705 on 2024-10-29 11:51:00-04:00 (Profit: -148.06356441522752, Duration: 34.0 minutes)
2024-10-30 14:45:28,704 - Buy 7484.489565968989 shares at 2.695 on 2024-10-29 12:32:00-04:00
2024-10-30 14:45:28,704 - Sell 7484.489565968989 shares at 2.695 on 2024-10-29 12:47:00-04:00 (Profit: 0.0, Duration: 15.0 minutes)
2024-10-30 14:45:28,704 - Buy 7484.489565968989 shares at 2.695 on 2024-10-29 12:48:00-04:00
2024-10-30 14:45:28,705 - Sell 7484.489565968989 shares at 2.715 on 2024-10-29 13:51:00-04:00 (Profit: 149.6897913193799, Duration: 63.0 minutes)
2024-10-30 14:45:28,706 - Buy 7513.479767639782 shares at 2.685 on 2024-10-29 14:47:00-04:00
2024-10-30 14:45:28,706 - Sell 7513.479767639782 shares at 2.665 on 2024-10-29 14:52:00-04:00 (Profit: -150.26959535279576, Duration: 5.0 minutes)
2024-10-30 14:45:28,707 - Buy 7863.81590027515 shares at 2.565 on 2024-10-30 10:02:00-04:00
2024-10-30 14:45:28,708 - Buy 7617.446639122019 shares at 2.595 on 2024-10-30 10:47:00-04:00
2024-10-30 14:45:28,708 - Sell 15481.262539397168 shares at 2.585 on 2024-10-30 10:50:00-04:00 (Profit: 81.10185161428043, Duration: 3.0 minutes)
2024-10-30 14:45:28,709 - Buy 7895.228892852462 shares at 2.555 on 2024-10-30 11:47:00-04:00
2024-10-30 14:45:28,709 - Sell 7895.228892852462 shares at 2.545 on 2024-10-30 12:02:00-04:00 (Profit: -78.95228892852644, Duration: 15.0 minutes)
2024-10-30 14:45:28,711 - Buy 7988.4082279047425 shares at 2.525 on 2024-10-30 14:12:00-04:00
2024-10-30 14:45:28,844 - Holding 7988.4082279047425 shares as an open position at the end with unrealized return: 0.0, Duration: 17.0 minutes
