2024-11-04 09:51:14,493 - Starting SmaCrossoverStrategy with initial capital: 1000000
2024-11-04 09:51:14,493 - Hyperparameters: {'fast_period': 5, 'slow_period': 40}
2024-11-04 09:51:14,499 - Buy 1320.00 shares at 15.15 on 2024-01-23 14:30:00+00:00
2024-11-04 09:51:14,500 - Sell 1320.00 shares at 14.89 on 2024-01-23 17:45:00+00:00 (Exit: Signal, Profit: -343.1999999999997, Duration: 195.0 minutes)
2024-11-04 09:51:14,501 - Buy 1375.00 shares at 14.54 on 2024-01-26 16:15:00+00:00
2024-11-04 09:51:14,501 - Sell 1375.00 shares at 14.46 on 2024-01-29 14:30:00+00:00 (Exit: Signal, Profit: -109.99999999999766, Duration: 4215.0 minutes)
2024-11-04 09:51:14,502 - Buy 1375.00 shares at 14.53 on 2024-01-29 20:45:00+00:00
2024-11-04 09:51:14,502 - Sell 1375.00 shares at 14.42 on 2024-01-30 14:45:00+00:00 (Exit: Signal, Profit: -151.2499999999992, Duration: 1080.0 minutes)
2024-11-04 09:51:14,503 - Buy 1428.00 shares at 13.99 on 2024-02-02 15:15:00+00:00
2024-11-04 09:51:14,504 - Sell 1428.00 shares at 13.87 on 2024-02-05 14:30:00+00:00 (Exit: Stop_loss, Profit: -171.36000000000143, Duration: 4275.0 minutes)
2024-11-04 09:51:14,504 - Buy 1438.00 shares at 13.89 on 2024-02-06 17:30:00+00:00
2024-11-04 09:51:14,506 - Sell 1438.00 shares at 14.39 on 2024-02-09 15:00:00+00:00 (Exit: Signal, Profit: 719.0, Duration: 4170.0 minutes)
2024-11-04 09:51:14,506 - Buy 1383.00 shares at 14.46 on 2024-02-09 19:45:00+00:00
2024-11-04 09:51:14,507 - Sell 1383.00 shares at 14.71 on 2024-02-13 14:30:00+00:00 (Exit: Stop_loss, Profit: 345.75, Duration: 5445.0 minutes)
2024-11-04 09:51:14,507 - Buy 1348.00 shares at 14.84 on 2024-02-14 15:15:00+00:00
2024-11-04 09:51:14,508 - Sell 1348.00 shares at 15.67 on 2024-02-15 17:00:00+00:00 (Exit: Profit_take, Profit: 1118.8400000000001, Duration: 1545.0 minutes)
2024-11-04 09:51:14,509 - Buy 1275.00 shares at 15.7 on 2024-02-20 16:45:00+00:00
2024-11-04 09:51:14,509 - Sell 1275.00 shares at 15.65 on 2024-02-20 19:00:00+00:00 (Exit: Signal, Profit: -63.74999999999864, Duration: 135.0 minutes)
2024-11-04 09:51:14,510 - Buy 1274.00 shares at 15.71 on 2024-02-20 20:15:00+00:00
2024-11-04 09:51:14,510 - Sell 1274.00 shares at 15.7 on 2024-02-21 19:30:00+00:00 (Exit: Signal, Profit: -12.740000000001992, Duration: 1395.0 minutes)
2024-11-04 09:51:14,510 - Buy 1261.00 shares at 15.88 on 2024-02-22 14:30:00+00:00
2024-11-04 09:51:14,512 - Sell 1261.00 shares at 16.0 on 2024-02-26 14:45:00+00:00 (Exit: Signal, Profit: 151.31999999999903, Duration: 5775.0 minutes)
2024-11-04 09:51:14,512 - Buy 1228.00 shares at 16.3 on 2024-02-26 20:00:00+00:00
2024-11-04 09:51:14,513 - Sell 1228.00 shares at 17.74 on 2024-02-28 14:30:00+00:00 (Exit: Profit_take, Profit: 1768.3199999999972, Duration: 2550.0 minutes)
2024-11-04 09:51:14,515 - Buy 1063.00 shares at 18.86 on 2024-03-05 20:30:00+00:00
2024-11-04 09:51:14,516 - Sell 1063.00 shares at 18.87 on 2024-03-07 14:45:00+00:00 (Exit: Signal, Profit: 10.630000000001662, Duration: 2535.0 minutes)
2024-11-04 09:51:14,516 - Buy 1091.00 shares at 18.39 on 2024-03-11 16:30:00+00:00
2024-11-04 09:51:14,517 - Sell 1091.00 shares at 19.34 on 2024-03-12 14:45:00+00:00 (Exit: Profit_take, Profit: 1036.4499999999991, Duration: 1335.0 minutes)
2024-11-04 09:51:14,518 - Buy 1089.00 shares at 18.43 on 2024-03-18 13:45:00+00:00
2024-11-04 09:51:14,519 - Sell 1089.00 shares at 17.97 on 2024-03-19 13:30:00+00:00 (Exit: Signal, Profit: -500.9400000000009, Duration: 1425.0 minutes)
2024-11-04 09:51:14,519 - Buy 1099.00 shares at 18.26 on 2024-03-19 17:45:00+00:00
2024-11-04 09:51:14,520 - Sell 1099.00 shares at 18.14 on 2024-03-19 19:00:00+00:00 (Exit: Signal, Profit: -131.8800000000011, Duration: 75.0 minutes)
2024-11-04 09:51:14,520 - Buy 1098.00 shares at 18.27 on 2024-03-20 14:30:00+00:00
2024-11-04 09:51:14,520 - Sell 1098.00 shares at 18.14 on 2024-03-20 17:15:00+00:00 (Exit: Signal, Profit: -142.7399999999989, Duration: 165.0 minutes)
2024-11-04 09:51:14,520 - Buy 1097.00 shares at 18.28 on 2024-03-20 18:30:00+00:00
2024-11-04 09:51:14,521 - Sell 1097.00 shares at 18.42 on 2024-03-21 19:45:00+00:00 (Exit: Signal, Profit: 153.5800000000006, Duration: 1515.0 minutes)
2024-11-04 09:51:14,522 - Buy 1139.00 shares at 17.62 on 2024-03-25 17:45:00+00:00
2024-11-04 09:51:14,522 - Sell 1139.00 shares at 17.6 on 2024-03-26 19:45:00+00:00 (Exit: Signal, Profit: -22.779999999999514, Duration: 1560.0 minutes)
2024-11-04 09:51:14,523 - Buy 1123.00 shares at 17.86 on 2024-03-28 13:45:00+00:00
2024-11-04 09:51:14,524 - Sell 1123.00 shares at 17.8 on 2024-04-02 13:45:00+00:00 (Exit: Signal, Profit: -67.37999999999856, Duration: 7200.0 minutes)
2024-11-04 09:51:14,524 - Buy 1108.00 shares at 18.11 on 2024-04-02 16:15:00+00:00
2024-11-04 09:51:14,525 - Sell 1108.00 shares at 18.3 on 2024-04-03 18:15:00+00:00 (Exit: Signal, Profit: 210.5200000000014, Duration: 1560.0 minutes)
2024-11-04 09:51:14,525 - Buy 1078.00 shares at 18.62 on 2024-04-04 13:30:00+00:00
2024-11-04 09:51:14,526 - Sell 1078.00 shares at 18.32 on 2024-04-04 14:45:00+00:00 (Exit: Signal, Profit: -323.4000000000008, Duration: 75.0 minutes)
2024-11-04 09:51:14,526 - Buy 1094.00 shares at 18.34 on 2024-04-04 18:00:00+00:00
2024-11-04 09:51:14,526 - Sell 1094.00 shares at 18.28 on 2024-04-04 18:45:00+00:00 (Exit: Signal, Profit: -65.6399999999986, Duration: 45.0 minutes)
2024-11-04 09:51:14,526 - Buy 1067.00 shares at 18.8 on 2024-04-08 13:30:00+00:00
2024-11-04 09:51:14,527 - Sell 1067.00 shares at 18.28 on 2024-04-08 16:15:00+00:00 (Exit: Stop_loss, Profit: -554.8399999999996, Duration: 165.0 minutes)
2024-11-04 09:51:14,527 - Buy 1084.00 shares at 18.49 on 2024-04-09 13:30:00+00:00
2024-11-04 09:51:14,528 - Sell 1084.00 shares at 18.98 on 2024-04-11 14:15:00+00:00 (Exit: Signal, Profit: 531.1600000000021, Duration: 2925.0 minutes)
2024-11-04 09:51:14,528 - Buy 1046.00 shares at 19.18 on 2024-04-11 15:30:00+00:00
2024-11-04 09:51:14,529 - Sell 1046.00 shares at 19.07 on 2024-04-11 19:00:00+00:00 (Exit: Signal, Profit: -115.0599999999994, Duration: 210.0 minutes)
2024-11-04 09:51:14,529 - Buy 964.00 shares at 20.8 on 2024-04-12 13:30:00+00:00
2024-11-04 09:51:14,530 - Sell 964.00 shares at 22.02 on 2024-04-15 13:30:00+00:00 (Exit: Profit_take, Profit: 1176.079999999999, Duration: 4320.0 minutes)
2024-11-04 09:51:14,531 - Buy 898.00 shares at 22.35 on 2024-04-17 15:45:00+00:00
2024-11-04 09:51:14,531 - Sell 898.00 shares at 22.22 on 2024-04-18 14:00:00+00:00 (Exit: Signal, Profit: -116.7400000000055, Duration: 1335.0 minutes)
2024-11-04 09:51:14,532 - Buy 905.00 shares at 22.18 on 2024-04-19 18:15:00+00:00
2024-11-04 09:51:14,532 - Sell 905.00 shares at 22.13 on 2024-04-19 18:45:00+00:00 (Exit: Signal, Profit: -45.25000000000386, Duration: 30.0 minutes)
2024-11-04 09:51:14,532 - Buy 895.00 shares at 22.42 on 2024-04-22 17:30:00+00:00
2024-11-04 09:51:14,533 - Sell 895.00 shares at 22.41 on 2024-04-24 14:00:00+00:00 (Exit: Signal, Profit: -8.950000000001399, Duration: 2670.0 minutes)
2024-11-04 09:51:14,534 - Buy 884.00 shares at 22.72 on 2024-04-24 19:00:00+00:00
2024-11-04 09:51:14,534 - Sell 884.00 shares at 22.2 on 2024-04-25 13:30:00+00:00 (Exit: Signal, Profit: -459.6799999999996, Duration: 1110.0 minutes)
2024-11-04 09:51:14,534 - Buy 885.00 shares at 22.67 on 2024-04-25 16:30:00+00:00
2024-11-04 09:51:14,535 - Sell 885.00 shares at 22.91 on 2024-04-26 19:45:00+00:00 (Exit: Signal, Profit: 212.3999999999986, Duration: 1635.0 minutes)
2024-11-04 09:51:14,535 - Buy 870.00 shares at 23.07 on 2024-04-29 17:00:00+00:00
2024-11-04 09:51:14,535 - Sell 870.00 shares at 22.8 on 2024-04-29 19:00:00+00:00 (Exit: Signal, Profit: -234.89999999999964, Duration: 120.0 minutes)
2024-11-04 09:51:14,536 - Buy 874.00 shares at 22.96 on 2024-04-30 13:45:00+00:00
2024-11-04 09:51:14,536 - Sell 874.00 shares at 22.71 on 2024-04-30 15:00:00+00:00 (Exit: Signal, Profit: -218.5, Duration: 75.0 minutes)
2024-11-04 09:51:14,537 - Buy 895.00 shares at 22.42 on 2024-05-02 15:45:00+00:00
2024-11-04 09:51:14,538 - Sell 895.00 shares at 23.57 on 2024-05-07 14:30:00+00:00 (Exit: Profit_take, Profit: 1029.2499999999986, Duration: 7125.0 minutes)
2024-11-04 09:51:14,539 - Buy 909.00 shares at 22.1 on 2024-05-09 15:30:00+00:00
2024-11-04 09:51:14,540 - Sell 909.00 shares at 22.0 on 2024-05-13 14:00:00+00:00 (Exit: Signal, Profit: -90.90000000000128, Duration: 5670.0 minutes)
2024-11-04 09:51:14,541 - Buy 904.00 shares at 22.21 on 2024-05-14 14:00:00+00:00
2024-11-04 09:51:14,542 - Sell 904.00 shares at 23.6 on 2024-05-16 13:30:00+00:00 (Exit: Profit_take, Profit: 1256.5600000000004, Duration: 2850.0 minutes)
2024-11-04 09:51:14,543 - Buy 880.00 shares at 22.85 on 2024-05-21 17:15:00+00:00
2024-11-04 09:51:14,544 - Sell 880.00 shares at 22.7 on 2024-05-22 15:15:00+00:00 (Exit: Signal, Profit: -132.00000000000188, Duration: 1320.0 minutes)
2024-11-04 09:51:14,545 - Buy 891.00 shares at 22.55 on 2024-05-24 16:00:00+00:00
2024-11-04 09:51:14,545 - Sell 891.00 shares at 22.42 on 2024-05-24 19:00:00+00:00 (Exit: Signal, Profit: -115.82999999999912, Duration: 180.0 minutes)
2024-11-04 09:51:14,545 - Buy 893.00 shares at 22.52 on 2024-05-28 15:00:00+00:00
2024-11-04 09:51:14,547 - Sell 893.00 shares at 22.72 on 2024-05-31 14:15:00+00:00 (Exit: Signal, Profit: 178.59999999999937, Duration: 4275.0 minutes)
2024-11-04 09:51:14,548 - Buy 920.00 shares at 21.85 on 2024-06-05 16:15:00+00:00
2024-11-04 09:51:14,548 - Sell 920.00 shares at 21.8 on 2024-06-05 17:00:00+00:00 (Exit: Signal, Profit: -46.000000000000654, Duration: 45.0 minutes)
2024-11-04 09:51:14,549 - Buy 916.00 shares at 21.95 on 2024-06-06 13:45:00+00:00
2024-11-04 09:51:14,549 - Sell 916.00 shares at 21.77 on 2024-06-07 13:45:00+00:00 (Exit: Signal, Profit: -164.87999999999974, Duration: 1440.0 minutes)
2024-11-04 09:51:14,549 - Buy 916.00 shares at 21.95 on 2024-06-07 15:15:00+00:00
2024-11-04 09:51:14,550 - Sell 916.00 shares at 21.81 on 2024-06-07 18:00:00+00:00 (Exit: Signal, Profit: -128.24000000000052, Duration: 165.0 minutes)
2024-11-04 09:51:14,550 - Buy 917.00 shares at 21.92 on 2024-06-07 19:30:00+00:00
2024-11-04 09:51:14,550 - Sell 917.00 shares at 21.84 on 2024-06-07 19:45:00+00:00 (Exit: Signal, Profit: -73.36000000000169, Duration: 15.0 minutes)
2024-11-04 09:51:14,550 - Buy 912.00 shares at 22.03 on 2024-06-10 15:00:00+00:00
2024-11-04 09:51:14,551 - Sell 912.00 shares at 21.98 on 2024-06-11 15:30:00+00:00 (Exit: Signal, Profit: -45.60000000000065, Duration: 1470.0 minutes)
2024-11-04 09:51:14,551 - Buy 909.00 shares at 22.1 on 2024-06-11 18:45:00+00:00
2024-11-04 09:51:14,552 - Sell 909.00 shares at 21.98 on 2024-06-13 13:45:00+00:00 (Exit: Stop_loss, Profit: -109.08000000000091, Duration: 2580.0 minutes)
2024-11-04 09:51:14,553 - Buy 974.00 shares at 20.62 on 2024-06-18 16:30:00+00:00
2024-11-04 09:51:14,553 - Sell 974.00 shares at 20.59 on 2024-06-18 17:15:00+00:00 (Exit: Signal, Profit: -29.220000000001107, Duration: 45.0 minutes)
2024-11-04 09:51:14,553 - Buy 965.00 shares at 20.83 on 2024-06-20 14:00:00+00:00
2024-11-04 09:51:14,555 - Sell 965.00 shares at 21.14 on 2024-06-24 17:00:00+00:00 (Exit: Signal, Profit: 299.1500000000022, Duration: 5940.0 minutes)
2024-11-04 09:51:14,555 - Buy 947.00 shares at 21.23 on 2024-06-24 19:15:00+00:00
2024-11-04 09:51:14,555 - Sell 947.00 shares at 21.14 on 2024-06-24 19:30:00+00:00 (Exit: Signal, Profit: -85.22999999999986, Duration: 15.0 minutes)
2024-11-04 09:51:14,555 - Buy 950.00 shares at 21.16 on 2024-06-25 14:30:00+00:00
2024-11-04 09:51:14,555 - Sell 950.00 shares at 21.14 on 2024-06-25 14:45:00+00:00 (Exit: Signal, Profit: -18.999999999999595, Duration: 15.0 minutes)
2024-11-04 09:51:14,556 - Buy 942.00 shares at 21.33 on 2024-06-25 18:00:00+00:00
2024-11-04 09:51:14,556 - Sell 942.00 shares at 21.05 on 2024-06-26 13:45:00+00:00 (Exit: Signal, Profit: -263.7599999999977, Duration: 1185.0 minutes)
2024-11-04 09:51:14,556 - Buy 949.00 shares at 21.17 on 2024-06-26 15:30:00+00:00
2024-11-04 09:51:14,556 - Sell 949.00 shares at 21.11 on 2024-06-26 16:00:00+00:00 (Exit: Signal, Profit: -56.94000000000216, Duration: 30.0 minutes)
