2024-11-04 09:47:34.737555 - Final statistics: total_trades: 55, 
winning_trades: 22, 
losing_trades: 33, 
average_return: 0.004815864649223653, 
average_duration: 2188.909090909091, 
final_balance: 1005304.0999999997, 
final_portfolio_value: 1005304.0999999997, 


2024-11-04 09:47:31.070710 - Final statistics: total_trades: 48, 
winning_trades: 16, 
losing_trades: 32, 
average_return: -0.0007731697471158294, 
average_duration: 2662.8125, 
final_balance: 999140.1500000005, 
final_portfolio_value: 999140.1500000005, 


2024-11-04 09:47:28.072150 - Final statistics: total_trades: 50, 
winning_trades: 20, 
losing_trades: 30, 
average_return: 0.001265126189561805, 
average_duration: 2380.2, 
final_balance: 980852.9999999997, 
final_portfolio_value: 1001143.3799999997, 


2024-11-04 09:47:24.650470 - Final statistics: total_trades: 54, 
winning_trades: 20, 
losing_trades: 34, 
average_return: 0.0006879171550253962, 
average_duration: 2019.4444444444443, 
final_balance: 980831.3000000002, 
final_portfolio_value: 1000735.1600000001, 


2024-11-04 09:47:20.082570 - Final statistics: total_trades: 48, 
winning_trades: 22, 
losing_trades: 26, 
average_return: 0.008068698470823924, 
average_duration: 2658.4375, 
final_balance: 1007765.5700000002, 
final_portfolio_value: 1007765.5700000002, 


2024-11-04 09:47:16.128251 - Final statistics: total_trades: 54, 
winning_trades: 21, 
losing_trades: 33, 
average_return: 0.0052401183162981094, 
average_duration: 2216.1111111111113, 
final_balance: 985484.9199999999, 
final_portfolio_value: 1005666.08, 


2024-11-04 09:47:12.181887 - Final statistics: total_trades: 52, 
winning_trades: 21, 
losing_trades: 31, 
average_return: 0.001076237001099955, 
average_duration: 2230.673076923077, 
final_balance: 980561.3400000008, 
final_portfolio_value: 1001114.0900000008, 


2024-11-04 09:47:07.887373 - Final statistics: total_trades: 50, 
winning_trades: 19, 
losing_trades: 31, 
average_return: 0.0031520093549095257, 
average_duration: 2204.1, 
final_balance: 983260.6699999998, 
final_portfolio_value: 1003149.1099999998, 


2024-11-04 09:46:56.396502 - Final statistics: total_trades: 53, 
winning_trades: 20, 
losing_trades: 33, 
average_return: 0.005233370038294161, 
average_duration: 2257.0754716981132, 
final_balance: 1005553.73, 
final_portfolio_value: 1005553.73, 


2024-11-04 09:46:53.009710 - Final statistics: total_trades: 46, 
winning_trades: 17, 
losing_trades: 29, 
average_return: -0.0001864752575107078, 
average_duration: 2810.5434782608695, 
final_balance: 979673.0299999997, 
final_portfolio_value: 999708.3799999997, 


