2024-10-30 22:04:19,424 - Starting SmaCrossoverStrategy with initial capital: 1000000
2024-10-30 22:04:19,424 - Hyperparameters: {'fast_period': 15, 'slow_period': 30}
2024-10-30 22:04:19,436 - Buy 195.03 shares at 102.55 on 2023-12-20 13:30:00-05:00
2024-10-30 22:04:19,437 - Buy 190.46 shares at 102.91 on 2023-12-26 14:30:00-05:00
2024-10-30 22:04:19,437 - Buy 185.84 shares at 103.36 on 2023-12-27 11:30:00-05:00
2024-10-30 22:04:19,438 - Buy 182.95 shares at 102.89 on 2024-01-03 10:15:00-05:00
2024-10-30 22:04:19,439 - Buy 173.85 shares at 106.11 on 2024-01-08 13:30:00-05:00
2024-10-30 22:04:19,439 - Buy 169.88 shares at 106.42 on 2024-01-09 12:45:00-05:00
2024-10-30 22:04:19,439 - Buy 166.78 shares at 106.23 on 2024-01-09 14:00:00-05:00
2024-10-30 22:04:19,440 - Buy 162.24 shares at 107.02 on 2024-01-12 10:30:00-05:00
2024-10-30 22:04:19,441 - Buy 159.13 shares at 106.93 on 2024-01-17 11:30:00-05:00
2024-10-30 22:04:19,441 - Buy 156.13 shares at 106.8 on 2024-01-18 13:45:00-05:00
2024-10-30 22:04:19,442 - Buy 155.10 shares at 105.36 on 2024-01-23 15:00:00-05:00
2024-10-30 22:04:19,443 - Buy 150.29 shares at 106.56 on 2024-01-26 09:45:00-05:00
2024-10-30 22:04:19,444 - Buy 138.09 shares at 113.65 on 2024-01-31 09:30:00-05:00
2024-10-30 22:04:19,444 - Buy 133.58 shares at 115.14 on 2024-02-01 14:15:00-05:00
2024-10-30 22:04:19,445 - Sell 2319.34 shares at 117.22 on 2024-02-05 09:30:00-05:00 (Exit: Profit_take, Profit: 25514.44366402742, Duration: 5475.0 minutes)
2024-10-30 22:04:19,445 - Buy 173.85 shares at 117.98 on 2024-02-05 09:45:00-05:00
2024-10-30 22:04:19,445 - Buy 169.18 shares at 118.81 on 2024-02-07 09:45:00-05:00
2024-10-30 22:04:19,446 - Buy 166.27 shares at 118.47 on 2024-02-08 15:15:00-05:00
2024-10-30 22:04:19,447 - Buy 159.06 shares at 121.36 on 2024-02-14 10:15:00-05:00
2024-10-30 22:04:19,447 - Buy 153.22 shares at 123.47 on 2024-02-16 11:00:00-05:00
2024-10-30 22:04:19,448 - Buy 150.50 shares at 123.19 on 2024-02-22 09:30:00-05:00
2024-10-30 22:04:19,449 - Buy 146.75 shares at 123.81 on 2024-02-26 14:15:00-05:00
2024-10-30 22:04:19,449 - Buy 145.70 shares at 122.21 on 2024-02-27 15:45:00-05:00
2024-10-30 22:04:19,450 - Buy 143.56 shares at 121.55 on 2024-02-28 15:45:00-05:00
2024-10-30 22:04:19,450 - Buy 139.58 shares at 122.51 on 2024-03-01 09:45:00-05:00
2024-10-30 22:04:19,451 - Buy 134.36 shares at 124.73 on 2024-03-06 12:00:00-05:00
2024-10-30 22:04:19,451 - Sell 1682.02 shares at 135.56 on 2024-03-07 09:30:00-05:00 (Exit: Profit_take, Profit: 23661.52641950852, Duration: 1290.0 minutes)
2024-10-30 22:04:19,452 - Buy 159.38 shares at 131.66 on 2024-03-11 10:45:00-04:00
2024-10-30 22:04:19,452 - Buy 154.41 shares at 133.18 on 2024-03-12 09:45:00-04:00
2024-10-30 22:04:19,453 - Buy 149.30 shares at 134.98 on 2024-03-14 09:45:00-04:00
2024-10-30 22:04:19,453 - Buy 148.21 shares at 133.25 on 2024-03-18 10:45:00-04:00
2024-10-30 22:04:19,454 - Buy 148.08 shares at 130.7 on 2024-03-21 13:45:00-04:00
2024-10-30 22:04:19,454 - Buy 146.97 shares at 129.06 on 2024-03-25 09:30:00-04:00
2024-10-30 22:04:19,455 - Buy 143.46 shares at 129.57 on 2024-03-26 14:45:00-04:00
2024-10-30 22:04:19,456 - Buy 141.86 shares at 128.41 on 2024-03-28 09:45:00-04:00
2024-10-30 22:04:19,456 - Buy 141.13 shares at 126.49 on 2024-04-02 15:30:00-04:00
2024-10-30 22:04:19,457 - Buy 138.80 shares at 126.04 on 2024-04-05 12:30:00-04:00
2024-10-30 22:04:19,458 - Buy 137.06 shares at 125.09 on 2024-04-10 11:15:00-04:00
2024-10-30 22:04:19,458 - Buy 134.23 shares at 125.17 on 2024-04-11 12:15:00-04:00
2024-10-30 22:04:19,459 - Buy 131.03 shares at 125.67 on 2024-04-15 11:45:00-04:00
2024-10-30 22:04:19,459 - Buy 130.25 shares at 123.89 on 2024-04-16 14:45:00-04:00
2024-10-30 22:04:19,460 - Buy 127.52 shares at 124.01 on 2024-04-18 10:30:00-04:00
2024-10-30 22:04:19,460 - Buy 125.35 shares at 123.64 on 2024-04-19 11:15:00-04:00
2024-10-30 22:04:19,460 - Buy 121.36 shares at 125.15 on 2024-04-22 11:15:00-04:00
2024-10-30 22:04:19,461 - Buy 118.75 shares at 125.34 on 2024-04-25 15:30:00-04:00
2024-10-30 22:04:19,462 - Buy 113.05 shares at 129.03 on 2024-04-30 09:45:00-04:00
2024-10-30 22:04:19,462 - Buy 110.97 shares at 128.82 on 2024-05-01 11:15:00-04:00
2024-10-30 22:04:19,463 - Sell 2721.17 shares at 122.68 on 2024-05-03 09:30:00-04:00 (Exit: Stop_loss, Profit: -14904.841116510677, Duration: 2775.0 minutes)
2024-10-30 22:04:19,463 - Buy 168.09 shares at 123.06 on 2024-05-03 15:45:00-04:00
2024-10-30 22:04:19,463 - Buy 164.04 shares at 123.58 on 2024-05-06 13:15:00-04:00
2024-10-30 22:04:19,464 - Buy 155.30 shares at 127.92 on 2024-05-09 11:15:00-04:00
2024-10-30 22:04:19,465 - Buy 148.12 shares at 131.44 on 2024-05-13 10:15:00-04:00
2024-10-30 22:04:19,465 - Buy 143.86 shares at 132.63 on 2024-05-14 14:15:00-04:00
2024-10-30 22:04:19,466 - Buy 141.29 shares at 132.34 on 2024-05-20 09:30:00-04:00
2024-10-30 22:04:19,467 - Buy 134.82 shares at 135.91 on 2024-05-23 09:45:00-04:00
2024-10-30 22:04:19,467 - Buy 131.49 shares at 136.57 on 2024-05-24 13:30:00-04:00
2024-10-30 22:04:19,468 - Buy 131.39 shares at 133.94 on 2024-05-30 09:30:00-04:00
2024-10-30 22:04:19,469 - Buy 127.32 shares at 135.46 on 2024-06-03 11:00:00-04:00
2024-10-30 22:04:19,470 - Buy 118.37 shares at 142.78 on 2024-06-06 11:30:00-04:00
2024-10-30 22:04:19,470 - Buy 115.45 shares at 143.47 on 2024-06-10 13:45:00-04:00
2024-10-30 22:04:19,471 - Buy 113.16 shares at 143.45 on 2024-06-12 09:30:00-04:00
2024-10-30 22:04:19,471 - Buy 111.90 shares at 142.16 on 2024-06-14 10:00:00-04:00
2024-10-30 22:04:19,472 - Buy 109.50 shares at 142.37 on 2024-06-20 10:00:00-04:00
2024-10-30 22:04:19,472 - Buy 107.56 shares at 142.04 on 2024-06-21 13:00:00-04:00
2024-10-30 22:04:19,473 - Buy 102.70 shares at 145.78 on 2024-06-25 09:30:00-04:00
2024-10-30 22:04:19,473 - Buy 102.04 shares at 143.79 on 2024-06-27 11:30:00-04:00
2024-10-30 22:04:19,474 - Buy 99.66 shares at 144.28 on 2024-06-27 14:45:00-04:00
2024-10-30 22:04:19,474 - Buy 97.18 shares at 145.0 on 2024-07-01 11:30:00-04:00
2024-10-30 22:04:19,475 - Buy 97.91 shares at 141.04 on 2024-07-03 09:45:00-04:00
2024-10-30 22:04:19,475 - Buy 95.33 shares at 141.97 on 2024-07-05 12:15:00-04:00
2024-10-30 22:04:19,476 - Buy 94.17 shares at 140.84 on 2024-07-10 10:15:00-04:00
2024-10-30 22:04:19,476 - Buy 91.76 shares at 141.65 on 2024-07-10 11:00:00-04:00
2024-10-30 22:04:19,476 - Buy 89.23 shares at 142.75 on 2024-07-12 10:30:00-04:00
2024-10-30 22:04:19,477 - Sell 2991.64 shares at 135.75 on 2024-07-17 10:15:00-04:00 (Exit: Stop_loss, Profit: -4009.4362863063934, Duration: 7185.0 minutes)
2024-10-30 22:04:19,477 - Buy 156.15 shares at 131.96 on 2024-07-19 10:00:00-04:00
2024-10-30 22:04:19,479 - Sell 156.15 shares at 126.68 on 2024-07-25 10:00:00-04:00 (Exit: Stop_loss, Profit: -824.4591902628368, Duration: 8640.0 minutes)
2024-10-30 22:04:19,479 - Buy 159.13 shares at 129.38 on 2024-07-29 09:30:00-04:00
2024-10-30 22:04:19,480 - Buy 154.58 shares at 130.53 on 2024-07-30 09:45:00-04:00
2024-10-30 22:04:19,480 - Buy 149.66 shares at 132.12 on 2024-07-31 10:00:00-04:00
2024-10-30 22:04:19,481 - Sell 463.37 shares at 127.16 on 2024-08-02 11:00:00-04:00 (Exit: Stop_loss, Profit: -1616.5294206431179, Duration: 2940.0 minutes)
2024-10-30 22:04:19,481 - Buy 163.12 shares at 126.02 on 2024-08-05 14:30:00-04:00
2024-10-30 22:04:19,481 - Sell 163.12 shares at 122.78 on 2024-08-07 09:30:00-04:00 (Exit: Stop_loss, Profit: -528.5096145351832, Duration: 2580.0 minutes)
2024-10-30 22:04:19,482 - Buy 164.47 shares at 124.92 on 2024-08-08 10:15:00-04:00
2024-10-30 22:04:19,483 - Buy 150.51 shares at 133.78 on 2024-08-13 10:15:00-04:00
2024-10-30 22:04:19,483 - Buy 145.19 shares at 135.91 on 2024-08-15 09:30:00-04:00
2024-10-30 22:04:19,484 - Buy 142.53 shares at 135.67 on 2024-08-19 10:15:00-04:00
2024-10-30 22:04:19,484 - Buy 139.57 shares at 135.78 on 2024-08-20 15:45:00-04:00
2024-10-30 22:04:19,485 - Buy 135.15 shares at 137.42 on 2024-08-22 09:30:00-04:00
2024-10-30 22:04:19,486 - Buy 134.71 shares at 135.11 on 2024-08-27 14:15:00-04:00
2024-10-30 22:04:19,486 - Buy 132.24 shares at 134.88 on 2024-08-27 15:15:00-04:00
2024-10-30 22:04:19,486 - Buy 128.23 shares at 136.32 on 2024-08-29 09:45:00-04:00
2024-10-30 22:04:19,487 - Sell 1272.59 shares at 131.47 on 2024-09-05 09:30:00-04:00 (Exit: Stop_loss, Profit: -3482.4806075216825, Duration: 10065.0 minutes)
2024-10-30 22:04:19,487 - Buy 155.13 shares at 131.99 on 2024-09-06 10:15:00-04:00
2024-10-30 22:04:19,488 - Buy 152.91 shares at 131.23 on 2024-09-09 10:45:00-04:00
2024-10-30 22:04:19,488 - Buy 147.66 shares at 133.18 on 2024-09-11 09:30:00-04:00
2024-10-30 22:04:19,490 - Buy 145.27 shares at 132.66 on 2024-09-18 15:15:00-04:00
2024-10-30 22:04:19,490 - Sell 600.98 shares at 127.98 on 2024-09-20 09:30:00-04:00 (Exit: Stop_loss, Profit: -2566.766611687111, Duration: 2535.0 minutes)
2024-10-30 22:04:19,491 - Buy 164.12 shares at 124.45 on 2024-09-24 10:15:00-04:00
2024-10-30 22:04:19,492 - Sell 164.12 shares at 120.69 on 2024-09-27 09:45:00-04:00 (Exit: Stop_loss, Profit: -617.0949749469867, Duration: 4290.0 minutes)
2024-10-30 22:04:19,492 - Buy 172.97 shares at 118.01 on 2024-10-01 10:00:00-04:00
2024-10-30 22:04:19,493 - Buy 174.01 shares at 114.96 on 2024-10-04 15:30:00-04:00
2024-10-30 22:04:19,494 - Buy 167.79 shares at 116.84 on 2024-10-09 15:00:00-04:00
2024-10-30 22:04:19,495 - Buy 160.29 shares at 119.86 on 2024-10-14 10:30:00-04:00
2024-10-30 22:04:19,495 - Buy 157.29 shares at 119.7 on 2024-10-14 12:15:00-04:00
2024-10-30 22:04:19,496 - Buy 156.71 shares at 117.74 on 2024-10-16 14:30:00-04:00
2024-10-30 22:04:19,496 - Buy 153.07 shares at 118.13 on 2024-10-18 15:45:00-04:00
2024-10-30 22:04:19,497 - Buy 152.92 shares at 115.88 on 2024-10-23 09:45:00-04:00
2024-10-30 22:04:19,498 - Buy 154.52 shares at 112.39 on 2024-10-28 15:45:00-04:00
2024-10-30 22:04:19,498 - Buy 151.70 shares at 112.19 on 2024-10-30 13:30:00-04:00
2024-10-30 22:04:19,705 - Holding 1601.269740401935 shares as an open position at the end with unrealized return: -0.02860420574949614, Duration: 135.0 minutes
