2024-10-30 22:04:16,164 - Starting SmaCrossoverStrategy with initial capital: 1000000
2024-10-30 22:04:16,164 - Hyperparameters: {'fast_period': 10, 'slow_period': 30}
2024-10-30 22:04:16,175 - Buy 197.20 shares at 101.42 on 2023-12-01 12:30:00-05:00
2024-10-30 22:04:16,175 - Buy 194.91 shares at 100.56 on 2023-12-04 13:45:00-05:00
2024-10-30 22:04:16,176 - Sell 392.11 shares at 96.02 on 2023-12-07 09:45:00-05:00 (Exit: Stop_loss, Profit: -1949.763368128033, Duration: 4080.0 minutes)
2024-10-30 22:04:16,176 - Buy 206.61 shares at 96.61 on 2023-12-08 09:30:00-05:00
2024-10-30 22:04:16,177 - Buy 202.19 shares at 96.75 on 2023-12-08 14:30:00-05:00
2024-10-30 22:04:16,177 - Buy 198.60 shares at 96.53 on 2023-12-11 15:15:00-05:00
2024-10-30 22:04:16,177 - Buy 195.23 shares at 96.23 on 2023-12-12 13:45:00-05:00
2024-10-30 22:04:16,178 - Buy 185.75 shares at 99.12 on 2023-12-18 09:30:00-05:00
2024-10-30 22:04:16,179 - Buy 177.56 shares at 101.62 on 2023-12-20 09:30:00-05:00
2024-10-30 22:04:16,179 - Buy 171.49 shares at 103.11 on 2023-12-21 10:45:00-05:00
2024-10-30 22:04:16,179 - Buy 167.98 shares at 103.16 on 2023-12-22 12:30:00-05:00
2024-10-30 22:04:16,180 - Buy 164.30 shares at 103.36 on 2023-12-27 11:30:00-05:00
2024-10-30 22:04:16,181 - Buy 160.84 shares at 103.47 on 2023-12-29 15:30:00-05:00
2024-10-30 22:04:16,181 - Buy 158.51 shares at 102.89 on 2024-01-03 10:15:00-05:00
2024-10-30 22:04:16,182 - Buy 150.70 shares at 106.06 on 2024-01-08 12:45:00-05:00
2024-10-30 22:04:16,182 - Buy 147.19 shares at 106.42 on 2024-01-09 12:45:00-05:00
2024-10-30 22:04:16,183 - Buy 143.44 shares at 107.02 on 2024-01-12 10:30:00-05:00
2024-10-30 22:04:16,184 - Buy 140.69 shares at 106.93 on 2024-01-17 11:30:00-05:00
2024-10-30 22:04:16,184 - Buy 138.26 shares at 106.63 on 2024-01-18 12:45:00-05:00
2024-10-30 22:04:16,185 - Buy 137.44 shares at 105.12 on 2024-01-23 14:15:00-05:00
2024-10-30 22:04:16,185 - Buy 133.97 shares at 105.69 on 2024-01-25 15:45:00-05:00
2024-10-30 22:04:16,186 - Buy 122.09 shares at 113.65 on 2024-01-31 09:30:00-05:00
2024-10-30 22:04:16,187 - Sell 3102.83 shares at 115.81 on 2024-01-31 09:45:00-05:00 (Exit: Profit_take, Profit: 41192.56726772992, Duration: 15.0 minutes)
2024-10-30 22:04:16,187 - Buy 180.88 shares at 114.91 on 2024-02-01 13:45:00-05:00
2024-10-30 22:04:16,187 - Buy 173.77 shares at 117.22 on 2024-02-05 09:30:00-05:00
2024-10-30 22:04:16,188 - Buy 169.83 shares at 117.54 on 2024-02-06 15:30:00-05:00
2024-10-30 22:04:16,188 - Buy 165.21 shares at 118.41 on 2024-02-08 14:30:00-05:00
2024-10-30 22:04:16,189 - Buy 158.05 shares at 121.3 on 2024-02-14 10:00:00-05:00
2024-10-30 22:04:16,190 - Buy 152.51 shares at 123.19 on 2024-02-16 10:45:00-05:00
2024-10-30 22:04:16,191 - Buy 152.23 shares at 120.95 on 2024-02-21 15:45:00-05:00
2024-10-30 22:04:16,191 - Buy 146.18 shares at 123.44 on 2024-02-26 13:45:00-05:00
2024-10-30 22:04:16,192 - Buy 144.72 shares at 122.19 on 2024-02-27 15:30:00-05:00
2024-10-30 22:04:16,192 - Buy 142.45 shares at 121.65 on 2024-02-28 15:30:00-05:00
2024-10-30 22:04:16,192 - Buy 138.26 shares at 122.83 on 2024-03-01 09:30:00-05:00
2024-10-30 22:04:16,193 - Buy 133.26 shares at 124.89 on 2024-03-06 11:45:00-05:00
2024-10-30 22:04:16,193 - Buy 130.91 shares at 124.59 on 2024-03-06 12:15:00-05:00
2024-10-30 22:04:16,193 - Sell 1988.26 shares at 135.56 on 2024-03-07 09:30:00-05:00 (Exit: Profit_take, Profit: 29486.267100379962, Duration: 1275.0 minutes)
2024-10-30 22:04:16,194 - Buy 160.49 shares at 133.18 on 2024-03-12 09:45:00-04:00
2024-10-30 22:04:16,195 - Buy 155.19 shares at 134.98 on 2024-03-14 09:45:00-04:00
2024-10-30 22:04:16,195 - Buy 154.21 shares at 133.12 on 2024-03-18 11:00:00-04:00
2024-10-30 22:04:16,196 - Buy 153.85 shares at 130.76 on 2024-03-21 12:45:00-04:00
2024-10-30 22:04:16,197 - Buy 152.81 shares at 129.02 on 2024-03-22 15:30:00-04:00
2024-10-30 22:04:16,197 - Buy 149.06 shares at 129.62 on 2024-03-26 14:30:00-04:00
2024-10-30 22:04:16,197 - Buy 147.45 shares at 128.41 on 2024-03-28 09:45:00-04:00
2024-10-30 22:04:16,198 - Buy 146.62 shares at 126.56 on 2024-04-02 15:15:00-04:00
2024-10-30 22:04:16,199 - Buy 144.63 shares at 125.73 on 2024-04-05 11:30:00-04:00
2024-10-30 22:04:16,200 - Buy 142.47 shares at 125.09 on 2024-04-10 11:00:00-04:00
2024-10-30 22:04:16,200 - Buy 139.40 shares at 125.28 on 2024-04-11 12:00:00-04:00
2024-10-30 22:04:16,200 - Buy 136.86 shares at 125.06 on 2024-04-11 12:30:00-04:00
2024-10-30 22:04:16,201 - Buy 133.78 shares at 125.38 on 2024-04-15 11:00:00-04:00
2024-10-30 22:04:16,201 - Buy 132.82 shares at 123.76 on 2024-04-16 15:00:00-04:00
2024-10-30 22:04:16,201 - Buy 129.63 shares at 124.27 on 2024-04-17 15:15:00-04:00
2024-10-30 22:04:16,202 - Buy 127.85 shares at 123.48 on 2024-04-19 10:30:00-04:00
2024-10-30 22:04:16,202 - Buy 123.86 shares at 124.91 on 2024-04-22 10:45:00-04:00
2024-10-30 22:04:16,203 - Buy 120.89 shares at 125.42 on 2024-04-25 15:15:00-04:00
2024-10-30 22:04:16,204 - Buy 115.15 shares at 129.03 on 2024-04-30 09:45:00-04:00
2024-10-30 22:04:16,204 - Buy 113.03 shares at 128.82 on 2024-05-01 11:15:00-04:00
2024-10-30 22:04:16,205 - Sell 2780.03 shares at 122.68 on 2024-05-03 09:30:00-04:00 (Exit: Stop_loss, Profit: -14182.424076618177, Duration: 2775.0 minutes)
2024-10-30 22:04:16,205 - Buy 171.01 shares at 123.33 on 2024-05-03 15:30:00-04:00
2024-10-30 22:04:16,205 - Buy 167.17 shares at 123.64 on 2024-05-06 13:45:00-04:00
2024-10-30 22:04:16,206 - Buy 158.32 shares at 127.94 on 2024-05-09 11:00:00-04:00
2024-10-30 22:04:16,206 - Buy 151.51 shares at 131.02 on 2024-05-13 09:45:00-04:00
2024-10-30 22:04:16,207 - Buy 146.78 shares at 132.54 on 2024-05-14 13:30:00-04:00
2024-10-30 22:04:16,208 - Buy 144.16 shares at 132.25 on 2024-05-20 09:45:00-04:00
2024-10-30 22:04:16,209 - Buy 137.47 shares at 135.91 on 2024-05-23 09:45:00-04:00
2024-10-30 22:04:16,209 - Buy 134.03 shares at 136.61 on 2024-05-24 13:00:00-04:00
2024-10-30 22:04:16,210 - Buy 134.94 shares at 132.97 on 2024-05-29 15:30:00-04:00
2024-10-30 22:04:16,210 - Buy 129.81 shares at 135.46 on 2024-05-31 09:45:00-04:00
2024-10-30 22:04:16,210 - Buy 127.44 shares at 135.22 on 2024-06-03 10:15:00-04:00
2024-10-30 22:04:16,211 - Buy 118.92 shares at 142.01 on 2024-06-06 10:45:00-04:00
2024-10-30 22:04:16,212 - Buy 115.40 shares at 143.42 on 2024-06-10 13:00:00-04:00
2024-10-30 22:04:16,212 - Buy 113.97 shares at 142.31 on 2024-06-11 15:15:00-04:00
2024-10-30 22:04:16,213 - Buy 111.68 shares at 142.33 on 2024-06-14 09:30:00-04:00
2024-10-30 22:04:16,214 - Buy 110.39 shares at 141.11 on 2024-06-18 10:45:00-04:00
2024-10-30 22:04:16,214 - Buy 107.56 shares at 141.93 on 2024-06-20 09:30:00-04:00
2024-10-30 22:04:16,214 - Buy 105.34 shares at 142.02 on 2024-06-21 12:30:00-04:00
2024-10-30 22:04:16,215 - Buy 100.57 shares at 145.78 on 2024-06-25 09:30:00-04:00
2024-10-30 22:04:16,215 - Buy 99.71 shares at 144.1 on 2024-06-27 10:45:00-04:00
2024-10-30 22:04:16,216 - Buy 97.61 shares at 144.25 on 2024-06-27 13:30:00-04:00
2024-10-30 22:04:16,216 - Buy 94.71 shares at 145.69 on 2024-07-01 11:15:00-04:00
2024-10-30 22:04:16,217 - Buy 94.57 shares at 142.99 on 2024-07-02 15:45:00-04:00
2024-10-30 22:04:16,217 - Buy 93.33 shares at 142.0 on 2024-07-05 11:30:00-04:00
2024-10-30 22:04:16,218 - Buy 91.74 shares at 141.56 on 2024-07-10 10:45:00-04:00
2024-10-30 22:04:16,218 - Buy 89.06 shares at 142.91 on 2024-07-12 10:00:00-04:00
2024-10-30 22:04:16,219 - Sell 3147.20 shares at 135.75 on 2024-07-17 10:15:00-04:00 (Exit: Stop_loss, Profit: -3659.7357967514636, Duration: 7215.0 minutes)
2024-10-30 22:04:16,220 - Buy 159.13 shares at 132.08 on 2024-07-19 09:45:00-04:00
2024-10-30 22:04:16,221 - Sell 159.13 shares at 126.68 on 2024-07-25 10:00:00-04:00 (Exit: Stop_loss, Profit: -859.2957783288483, Duration: 8655.0 minutes)
2024-10-30 22:04:16,221 - Buy 162.24 shares at 129.44 on 2024-07-29 09:45:00-04:00
2024-10-30 22:04:16,222 - Buy 156.66 shares at 131.37 on 2024-07-30 09:30:00-04:00
2024-10-30 22:04:16,222 - Buy 152.98 shares at 131.84 on 2024-07-31 09:30:00-04:00
2024-10-30 22:04:16,223 - Sell 471.88 shares at 127.16 on 2024-08-02 11:00:00-04:00 (Exit: Stop_loss, Profit: -1745.4012691914825, Duration: 2970.0 minutes)
2024-10-30 22:04:16,223 - Buy 165.88 shares at 126.39 on 2024-08-05 13:45:00-04:00
2024-10-30 22:04:16,223 - Sell 165.88 shares at 122.78 on 2024-08-07 09:30:00-04:00 (Exit: Stop_loss, Profit: -598.8288302595969, Duration: 2625.0 minutes)
2024-10-30 22:04:16,224 - Buy 167.67 shares at 124.97 on 2024-08-08 10:00:00-04:00
2024-10-30 22:04:16,225 - Buy 153.62 shares at 133.67 on 2024-08-13 10:00:00-04:00
2024-10-30 22:04:16,225 - Buy 149.30 shares at 134.79 on 2024-08-14 11:00:00-04:00
2024-10-30 22:04:16,225 - Buy 147.10 shares at 134.07 on 2024-08-14 14:45:00-04:00
2024-10-30 22:04:16,225 - Buy 142.20 shares at 135.91 on 2024-08-15 09:30:00-04:00
2024-10-30 22:04:16,226 - Buy 139.61 shares at 135.67 on 2024-08-19 10:15:00-04:00
2024-10-30 22:04:16,226 - Buy 136.25 shares at 136.23 on 2024-08-20 09:45:00-04:00
2024-10-30 22:04:16,226 - Buy 134.24 shares at 135.51 on 2024-08-20 15:30:00-04:00
2024-10-30 22:04:16,227 - Buy 132.29 shares at 134.75 on 2024-08-21 15:30:00-04:00
2024-10-30 22:04:16,227 - Buy 127.81 shares at 136.69 on 2024-08-23 15:15:00-04:00
2024-10-30 22:04:16,228 - Buy 126.60 shares at 135.23 on 2024-08-27 14:00:00-04:00
2024-10-30 22:04:16,228 - Buy 123.08 shares at 136.32 on 2024-08-29 09:45:00-04:00
2024-10-30 22:04:16,230 - Sell 1679.77 shares at 131.47 on 2024-09-05 09:30:00-04:00 (Exit: Stop_loss, Profit: -4708.903792756356, Duration: 10065.0 minutes)
2024-10-30 22:04:16,230 - Buy 158.04 shares at 131.99 on 2024-09-06 10:15:00-04:00
2024-10-30 22:04:16,231 - Buy 154.60 shares at 132.23 on 2024-09-09 10:00:00-04:00
2024-10-30 22:04:16,231 - Buy 154.40 shares at 129.75 on 2024-09-10 15:45:00-04:00
2024-10-30 22:04:16,232 - Buy 142.47 shares at 137.8 on 2024-09-16 09:30:00-04:00
2024-10-30 22:04:16,233 - Buy 145.04 shares at 132.65 on 2024-09-18 14:30:00-04:00
2024-10-30 22:04:16,234 - Sell 754.55 shares at 127.98 on 2024-09-20 09:30:00-04:00 (Exit: Stop_loss, Profit: -3640.5002467797144, Duration: 2580.0 minutes)
2024-10-30 22:04:16,234 - Buy 167.03 shares at 124.45 on 2024-09-24 10:15:00-04:00
2024-10-30 22:04:16,235 - Sell 167.03 shares at 120.69 on 2024-09-27 09:45:00-04:00 (Exit: Stop_loss, Profit: -628.0266403128903, Duration: 4290.0 minutes)
2024-10-30 22:04:16,236 - Buy 176.04 shares at 118.01 on 2024-10-01 10:00:00-04:00
2024-10-30 22:04:16,237 - Buy 176.92 shares at 115.07 on 2024-10-04 15:00:00-04:00
2024-10-30 22:04:16,238 - Buy 170.85 shares at 116.78 on 2024-10-09 14:45:00-04:00
2024-10-30 22:04:16,239 - Buy 162.61 shares at 120.24 on 2024-10-14 15:15:00-04:00
2024-10-30 22:04:16,239 - Buy 163.16 shares at 117.44 on 2024-10-16 13:45:00-04:00
2024-10-30 22:04:16,240 - Buy 159.18 shares at 117.97 on 2024-10-18 15:15:00-04:00
2024-10-30 22:04:16,241 - Sell 1008.76 shares at 111.95 on 2024-10-28 09:30:00-04:00 (Exit: Stop_loss, Profit: -5646.017320923364, Duration: 14055.0 minutes)
2024-10-30 22:04:16,241 - Buy 183.61 shares at 112.53 on 2024-10-28 15:15:00-04:00
2024-10-30 22:04:16,242 - Buy 180.30 shares at 112.3 on 2024-10-30 12:15:00-04:00
2024-10-30 22:04:16,457 - Holding 363.90867411585015 shares as an open position at the end with unrealized return: 0.007507433882163894, Duration: 210.0 minutes
