2024-10-30 22:04:13,695 - Starting SmaCrossoverStrategy with initial capital: 1000000
2024-10-30 22:04:13,695 - Hyperparameters: {'fast_period': 5, 'slow_period': 40}
2024-10-30 22:04:13,705 - Buy 201.19 shares at 99.41 on 2023-11-16 15:15:00-05:00
2024-10-30 22:04:13,706 - Buy 190.09 shares at 103.11 on 2023-11-22 13:45:00-05:00
2024-10-30 22:04:13,707 - Sell 391.28 shares at 101.5 on 2023-11-28 09:30:00-05:00 (Exit: Stop_loss, Profit: 114.43874596712563, Duration: 8385.0 minutes)
2024-10-30 22:04:13,707 - Buy 196.10 shares at 102.0 on 2023-11-29 12:15:00-05:00
2024-10-30 22:04:13,707 - Buy 192.59 shares at 101.78 on 2023-11-30 11:15:00-05:00
2024-10-30 22:04:13,708 - Buy 188.85 shares at 101.72 on 2023-12-01 11:45:00-05:00
2024-10-30 22:04:13,708 - Buy 186.36 shares at 101.02 on 2023-12-04 15:15:00-05:00
2024-10-30 22:04:13,708 - Sell 763.91 shares at 97.94 on 2023-12-06 12:00:00-05:00 (Exit: Stop_loss, Profit: -2823.5844038989358, Duration: 2685.0 minutes)
2024-10-30 22:04:13,709 - Buy 205.99 shares at 96.83 on 2023-12-08 13:15:00-05:00
2024-10-30 22:04:13,709 - Buy 201.39 shares at 97.06 on 2023-12-11 09:45:00-05:00
2024-10-30 22:04:13,709 - Buy 198.71 shares at 96.4 on 2023-12-11 15:00:00-05:00
2024-10-30 22:04:13,709 - Buy 195.12 shares at 96.21 on 2023-12-12 12:45:00-05:00
2024-10-30 22:04:13,710 - Buy 185.61 shares at 99.12 on 2023-12-18 09:30:00-05:00
2024-10-30 22:04:13,712 - Buy 174.94 shares at 103.06 on 2023-12-26 12:00:00-05:00
2024-10-30 22:04:13,712 - Buy 171.41 shares at 103.08 on 2023-12-27 11:00:00-05:00
2024-10-30 22:04:13,713 - Buy 167.38 shares at 103.45 on 2023-12-29 15:45:00-05:00
2024-10-30 22:04:13,713 - Buy 164.93 shares at 102.89 on 2024-01-03 10:15:00-05:00
2024-10-30 22:04:13,714 - Buy 156.71 shares at 106.12 on 2024-01-08 14:30:00-05:00
2024-10-30 22:04:13,714 - Buy 153.47 shares at 106.19 on 2024-01-09 11:45:00-05:00
2024-10-30 22:04:13,714 - Buy 149.81 shares at 106.61 on 2024-01-09 14:15:00-05:00
2024-10-30 22:04:13,715 - Buy 146.10 shares at 107.13 on 2024-01-12 12:00:00-05:00
2024-10-30 22:04:13,716 - Buy 143.84 shares at 106.64 on 2024-01-17 11:15:00-05:00
2024-10-30 22:04:13,716 - Buy 140.78 shares at 106.78 on 2024-01-18 11:15:00-05:00
2024-10-30 22:04:13,717 - Sell 2556.18 shares at 103.78 on 2024-01-23 09:30:00-05:00 (Exit: Stop_loss, Profit: 4557.775198748336, Duration: 7095.0 minutes)
2024-10-30 22:04:13,717 - Buy 190.18 shares at 105.36 on 2024-01-23 15:00:00-05:00
2024-10-30 22:04:13,718 - Buy 185.79 shares at 105.69 on 2024-01-25 15:45:00-05:00
2024-10-30 22:04:13,719 - Buy 164.17 shares at 117.22 on 2024-02-05 09:30:00-05:00
2024-10-30 22:04:13,720 - Buy 160.27 shares at 117.67 on 2024-02-06 15:15:00-05:00
2024-10-30 22:04:13,720 - Buy 156.00 shares at 118.47 on 2024-02-08 15:15:00-05:00
2024-10-30 22:04:13,721 - Buy 150.11 shares at 120.66 on 2024-02-12 11:30:00-05:00
2024-10-30 22:04:13,721 - Buy 147.75 shares at 120.13 on 2024-02-13 12:15:00-05:00
2024-10-30 22:04:13,721 - Buy 143.80 shares at 120.96 on 2024-02-14 09:45:00-05:00
2024-10-30 22:04:13,722 - Buy 138.38 shares at 123.19 on 2024-02-16 10:45:00-05:00
2024-10-30 22:04:13,722 - Sell 1436.44 shares at 119.74 on 2024-02-21 09:30:00-05:00 (Exit: Stop_loss, Profit: 5440.102941021778, Duration: 7125.0 minutes)
2024-10-30 22:04:13,723 - Buy 163.53 shares at 123.19 on 2024-02-22 09:30:00-05:00
2024-10-30 22:04:13,723 - Buy 160.04 shares at 123.36 on 2024-02-26 13:15:00-05:00
2024-10-30 22:04:13,724 - Buy 159.05 shares at 121.65 on 2024-02-28 15:30:00-05:00
2024-10-30 22:04:13,724 - Buy 154.37 shares at 122.83 on 2024-03-01 09:30:00-05:00
2024-10-30 22:04:13,725 - Sell 636.99 shares at 124.78 on 2024-03-05 10:45:00-05:00 (Exit: Stop_loss, Profit: 1286.113219875607, Duration: 5835.0 minutes)
2024-10-30 22:04:13,725 - Buy 161.90 shares at 124.59 on 2024-03-06 12:15:00-05:00
2024-10-30 22:04:13,725 - Sell 161.90 shares at 137.48 on 2024-03-07 11:15:00-05:00 (Exit: Profit_take, Profit: 2086.9298918203826, Duration: 1380.0 minutes)
2024-10-30 22:04:13,726 - Buy 152.02 shares at 132.96 on 2024-03-12 10:00:00-04:00
2024-10-30 22:04:13,726 - Buy 146.75 shares at 134.98 on 2024-03-14 09:45:00-04:00
2024-10-30 22:04:13,727 - Buy 145.83 shares at 133.12 on 2024-03-18 11:00:00-04:00
2024-10-30 22:04:13,728 - Sell 444.61 shares at 129.64 on 2024-03-20 12:00:00-04:00 (Exit: Stop_loss, Profit: -1795.8795649898648, Duration: 2940.0 minutes)
2024-10-30 22:04:13,728 - Buy 154.90 shares at 130.26 on 2024-03-21 12:00:00-04:00
2024-10-30 22:04:13,728 - Buy 152.47 shares at 129.69 on 2024-03-25 10:15:00-04:00
2024-10-30 22:04:13,729 - Buy 149.50 shares at 129.62 on 2024-03-26 14:30:00-04:00
2024-10-30 22:04:13,729 - Buy 146.93 shares at 129.25 on 2024-03-28 10:15:00-04:00
2024-10-30 22:04:13,730 - Sell 603.80 shares at 125.03 on 2024-04-02 09:30:00-04:00 (Exit: Stop_loss, Profit: -2826.8909720421475, Duration: 7155.0 minutes)
2024-10-30 22:04:13,730 - Buy 158.59 shares at 126.87 on 2024-04-03 10:00:00-04:00
2024-10-30 22:04:13,731 - Sell 158.59 shares at 123.98 on 2024-04-04 15:30:00-04:00 (Exit: Stop_loss, Profit: -458.335733366957, Duration: 1770.0 minutes)
2024-10-30 22:04:13,731 - Buy 159.73 shares at 125.91 on 2024-04-05 11:45:00-04:00
2024-10-30 22:04:13,732 - Buy 157.44 shares at 125.19 on 2024-04-10 11:45:00-04:00
2024-10-30 22:04:13,732 - Buy 154.29 shares at 125.19 on 2024-04-11 11:30:00-04:00
2024-10-30 22:04:13,732 - Buy 150.44 shares at 125.82 on 2024-04-15 10:15:00-04:00
2024-10-30 22:04:13,733 - Buy 148.53 shares at 124.89 on 2024-04-17 09:45:00-04:00
2024-10-30 22:04:13,733 - Buy 146.24 shares at 124.31 on 2024-04-17 14:30:00-04:00
2024-10-30 22:04:13,733 - Buy 143.68 shares at 124.0 on 2024-04-19 10:00:00-04:00
2024-10-30 22:04:13,734 - Buy 141.52 shares at 123.37 on 2024-04-19 13:30:00-04:00
2024-10-30 22:04:13,734 - Buy 138.03 shares at 123.96 on 2024-04-22 10:00:00-04:00
2024-10-30 22:04:13,734 - Sell 1339.90 shares at 124.28 on 2024-04-25 09:30:00-04:00 (Exit: Stop_loss, Profit: -657.5218229614024, Duration: 4290.0 minutes)
2024-10-30 22:04:13,735 - Buy 160.35 shares at 125.34 on 2024-04-25 15:30:00-04:00
2024-10-30 22:04:13,735 - Buy 152.65 shares at 129.03 on 2024-04-30 09:45:00-04:00
2024-10-30 22:04:13,736 - Sell 313.00 shares at 125.38 on 2024-05-02 09:30:00-04:00 (Exit: Stop_loss, Profit: -550.7602539391432, Duration: 2865.0 minutes)
2024-10-30 22:04:13,736 - Buy 162.63 shares at 123.52 on 2024-05-06 11:00:00-04:00
2024-10-30 22:04:13,737 - Buy 154.53 shares at 127.39 on 2024-05-09 10:15:00-04:00
2024-10-30 22:04:13,738 - Buy 147.71 shares at 130.61 on 2024-05-13 09:30:00-04:00
2024-10-30 22:04:13,739 - Buy 142.63 shares at 132.55 on 2024-05-20 10:15:00-04:00
2024-10-30 22:04:13,740 - Buy 136.19 shares at 136.05 on 2024-05-23 09:30:00-04:00
2024-10-30 22:04:13,740 - Buy 133.28 shares at 136.24 on 2024-05-24 12:15:00-04:00
2024-10-30 22:04:13,741 - Sell 876.96 shares at 132.45 on 2024-05-29 09:30:00-04:00 (Exit: Stop_loss, Profit: 1496.3038009940276, Duration: 7035.0 minutes)
2024-10-30 22:04:13,741 - Buy 149.98 shares at 134.13 on 2024-05-30 09:45:00-04:00
2024-10-30 22:04:13,741 - Buy 145.32 shares at 135.67 on 2024-05-31 09:30:00-04:00
2024-10-30 22:04:13,741 - Buy 143.88 shares at 134.28 on 2024-05-31 15:15:00-04:00
2024-10-30 22:04:13,743 - Buy 132.00 shares at 143.44 on 2024-06-10 12:00:00-04:00
2024-10-30 22:04:13,743 - Buy 130.16 shares at 142.56 on 2024-06-11 15:00:00-04:00
2024-10-30 22:04:13,743 - Buy 126.68 shares at 143.55 on 2024-06-12 09:45:00-04:00
2024-10-30 22:04:13,744 - Buy 125.21 shares at 142.33 on 2024-06-14 09:30:00-04:00
2024-10-30 22:04:13,744 - Buy 122.74 shares at 142.29 on 2024-06-14 11:30:00-04:00
2024-10-30 22:04:13,745 - Buy 120.59 shares at 141.93 on 2024-06-20 09:30:00-04:00
2024-10-30 22:04:13,745 - Buy 118.02 shares at 142.12 on 2024-06-21 12:15:00-04:00
2024-10-30 22:04:13,746 - Buy 112.75 shares at 145.78 on 2024-06-25 09:30:00-04:00
2024-10-30 22:04:13,746 - Sell 1427.33 shares at 143.23 on 2024-06-26 11:30:00-04:00 (Exit: Stop_loss, Profit: 3998.45823668773, Duration: 1560.0 minutes)
2024-10-30 22:04:13,746 - Buy 139.88 shares at 144.39 on 2024-06-27 13:00:00-04:00
2024-10-30 22:04:13,746 - Buy 137.19 shares at 144.28 on 2024-06-27 15:00:00-04:00
2024-10-30 22:04:13,747 - Buy 134.49 shares at 144.23 on 2024-07-01 10:30:00-04:00
2024-10-30 22:04:13,747 - Sell 411.56 shares at 139.62 on 2024-07-02 09:30:00-04:00 (Exit: Stop_loss, Profit: -1926.52316134398, Duration: 1380.0 minutes)
2024-10-30 22:04:13,747 - Buy 142.08 shares at 141.88 on 2024-07-05 11:00:00-04:00
2024-10-30 22:04:13,748 - Buy 139.47 shares at 141.65 on 2024-07-10 11:00:00-04:00
2024-10-30 22:04:13,749 - Buy 135.66 shares at 142.71 on 2024-07-12 09:45:00-04:00
2024-10-30 22:04:13,750 - Sell 417.21 shares at 136.31 on 2024-07-17 09:30:00-04:00 (Exit: Stop_loss, Profit: -2404.409957117994, Duration: 7185.0 minutes)
2024-10-30 22:04:13,750 - Buy 152.39 shares at 131.97 on 2024-07-19 10:15:00-04:00
2024-10-30 22:04:13,751 - Sell 152.39 shares at 129.07 on 2024-07-25 09:30:00-04:00 (Exit: Stop_loss, Profit: -441.9269571690268, Duration: 8595.0 minutes)
2024-10-30 22:04:13,752 - Buy 155.30 shares at 129.44 on 2024-07-29 09:45:00-04:00
2024-10-30 22:04:13,752 - Buy 149.96 shares at 131.37 on 2024-07-30 09:30:00-04:00
2024-10-30 22:04:13,752 - Buy 150.04 shares at 128.67 on 2024-07-30 14:00:00-04:00
2024-10-30 22:04:13,753 - Sell 455.30 shares at 129.71 on 2024-08-02 09:30:00-04:00 (Exit: Stop_loss, Profit: -50.95463546126366, Duration: 4050.0 minutes)
2024-10-30 22:04:13,753 - Buy 156.18 shares at 128.7 on 2024-08-06 09:30:00-04:00
2024-10-30 22:04:13,754 - Sell 156.18 shares at 122.78 on 2024-08-07 09:30:00-04:00 (Exit: Stop_loss, Profit: -924.6086310289212, Duration: 1440.0 minutes)
2024-10-30 22:04:13,754 - Buy 160.76 shares at 124.92 on 2024-08-08 10:15:00-04:00
2024-10-30 22:04:13,754 - Sell 160.76 shares at 130.24 on 2024-08-12 11:15:00-04:00 (Exit: Stop_loss, Profit: 855.2532215834707, Duration: 5820.0 minutes)
2024-10-30 22:04:13,755 - Buy 150.37 shares at 133.67 on 2024-08-13 10:00:00-04:00
2024-10-30 22:04:13,755 - Buy 144.93 shares at 135.91 on 2024-08-15 09:30:00-04:00
2024-10-30 22:04:13,756 - Buy 142.26 shares at 135.69 on 2024-08-19 10:45:00-04:00
2024-10-30 22:04:13,756 - Buy 139.62 shares at 135.49 on 2024-08-19 12:45:00-04:00
2024-10-30 22:04:13,756 - Buy 136.82 shares at 135.5 on 2024-08-19 14:30:00-04:00
2024-10-30 22:04:13,756 - Buy 133.47 shares at 136.12 on 2024-08-20 09:30:00-04:00
2024-10-30 22:04:13,756 - Buy 131.55 shares at 135.35 on 2024-08-20 14:45:00-04:00
2024-10-30 22:04:13,757 - Buy 129.49 shares at 134.75 on 2024-08-21 15:30:00-04:00
2024-10-30 22:04:13,757 - Buy 125.15 shares at 136.63 on 2024-08-23 15:30:00-04:00
2024-10-30 22:04:13,758 - Buy 123.92 shares at 135.23 on 2024-08-27 14:00:00-04:00
2024-10-30 22:04:13,758 - Buy 120.47 shares at 136.32 on 2024-08-29 09:45:00-04:00
2024-10-30 22:04:13,759 - Sell 1478.06 shares at 134.19 on 2024-09-04 09:30:00-04:00 (Exit: Stop_loss, Profit: -1918.8005543992524, Duration: 8625.0 minutes)
2024-10-30 22:04:13,759 - Buy 152.35 shares at 131.68 on 2024-09-06 10:30:00-04:00
2024-10-30 22:04:13,759 - Buy 148.57 shares at 132.33 on 2024-09-09 09:30:00-04:00
2024-10-30 22:04:13,760 - Buy 146.17 shares at 131.81 on 2024-09-09 12:15:00-04:00
2024-10-30 22:04:13,760 - Buy 141.77 shares at 133.18 on 2024-09-11 09:30:00-04:00
2024-10-30 22:04:13,761 - Sell 588.86 shares at 133.27 on 2024-09-17 09:30:00-04:00 (Exit: Stop_loss, Profit: 608.0533589572442, Duration: 8640.0 minutes)
2024-10-30 22:04:13,762 - Buy 150.96 shares at 132.97 on 2024-09-18 14:45:00-04:00
2024-10-30 22:04:13,762 - Sell 150.96 shares at 127.98 on 2024-09-20 09:30:00-04:00 (Exit: Stop_loss, Profit: -753.2946570685116, Duration: 2565.0 minutes)
2024-10-30 22:04:13,762 - Buy 159.79 shares at 125.53 on 2024-09-24 11:00:00-04:00
2024-10-30 22:04:13,763 - Sell 159.79 shares at 121.03 on 2024-09-27 09:30:00-04:00 (Exit: Stop_loss, Profit: -719.0463981357296, Duration: 4230.0 minutes)
2024-10-30 22:04:13,765 - Buy 174.35 shares at 114.96 on 2024-10-04 15:30:00-04:00
2024-10-30 22:04:13,765 - Buy 168.12 shares at 116.84 on 2024-10-09 15:00:00-04:00
2024-10-30 22:04:13,766 - Buy 160.46 shares at 119.97 on 2024-10-14 15:00:00-04:00
2024-10-30 22:04:13,766 - Sell 502.93 shares at 116.5 on 2024-10-16 09:30:00-04:00 (Exit: Stop_loss, Profit: -345.44138140496256, Duration: 2550.0 minutes)
2024-10-30 22:04:13,767 - Buy 170.18 shares at 117.74 on 2024-10-16 14:30:00-04:00
2024-10-30 22:04:13,767 - Sell 170.18 shares at 115.32 on 2024-10-22 09:30:00-04:00 (Exit: Stop_loss, Profit: -411.83386918053577, Duration: 8340.0 minutes)
2024-10-30 22:04:13,769 - Buy 177.89 shares at 112.59 on 2024-10-29 11:00:00-04:00
2024-10-30 22:04:13,769 - Buy 174.75 shares at 112.32 on 2024-10-29 13:45:00-04:00
2024-10-30 22:04:13,769 - Sell 352.64 shares at 107.48 on 2024-10-30 09:30:00-04:00 (Exit: Stop_loss, Profit: -1754.8172965440342, Duration: 1185.0 minutes)
2024-10-30 22:04:13,769 - Buy 175.86 shares at 113.69 on 2024-10-30 11:15:00-04:00
2024-10-30 22:04:13,970 - Holding 175.86046237410554 shares as an open position at the end with unrealized return: -0.003782214794616876, Duration: 270.0 minutes
