2024-10-31 00:54:22,124 - Starting SmaCrossoverStrategy with initial capital: 1000000
2024-10-31 00:54:22,124 - Hyperparameters: {'fast_period': 5, 'slow_period': 20}
2024-10-31 00:54:22,137 - Buy 113.01 shares at 176.98 on 2023-11-02 12:30:00-04:00
2024-10-31 00:54:22,139 - Sell 113.01 shares at 174.8 on 2023-11-03 11:00:00-04:00 (Exit: Signal, Profit: -246.3555203977826, Duration: 1350.0 minutes)
2024-10-31 00:54:22,139 - Buy 111.96 shares at 178.59 on 2023-11-06 09:30:00-05:00
2024-10-31 00:54:22,140 - Sell 111.96 shares at 181.86 on 2023-11-09 15:00:00-05:00 (Exit: Signal, Profit: 366.11169913750035, Duration: 4650.0 minutes)
2024-10-31 00:54:22,140 - Buy 108.51 shares at 184.33 on 2023-11-10 10:30:00-05:00
2024-10-31 00:54:22,140 - Sell 108.51 shares at 184.79 on 2023-11-13 11:30:00-05:00 (Exit: Signal, Profit: 49.91646371639992, Duration: 4380.0 minutes)
2024-10-31 00:54:22,140 - Buy 106.82 shares at 187.27 on 2023-11-14 09:30:00-05:00
2024-10-31 00:54:22,141 - Sell 106.82 shares at 188.97 on 2023-11-17 12:00:00-05:00 (Exit: Signal, Profit: 181.58684717169476, Duration: 4470.0 minutes)
2024-10-31 00:54:22,141 - Buy 105.32 shares at 189.97 on 2023-11-17 14:30:00-05:00
2024-10-31 00:54:22,141 - Sell 105.32 shares at 189.94 on 2023-11-21 11:00:00-05:00 (Exit: Signal, Profit: -3.15950284620624, Duration: 5550.0 minutes)
2024-10-31 00:54:22,141 - Buy 104.24 shares at 191.94 on 2023-11-22 10:00:00-05:00
2024-10-31 00:54:22,142 - Sell 104.24 shares at 189.99 on 2023-11-24 09:30:00-05:00 (Exit: Signal, Profit: -203.2592263180382, Duration: 2850.0 minutes)
2024-10-31 00:54:22,142 - Buy 105.07 shares at 190.37 on 2023-11-27 13:00:00-05:00
2024-10-31 00:54:22,142 - Sell 105.07 shares at 189.81 on 2023-11-28 14:00:00-05:00 (Exit: Signal, Profit: -58.84132067299069, Duration: 1500.0 minutes)
2024-10-31 00:54:22,142 - Buy 104.32 shares at 191.74 on 2023-11-29 09:30:00-05:00
2024-10-31 00:54:22,142 - Sell 104.32 shares at 189.71 on 2023-11-29 12:30:00-05:00 (Exit: Signal, Profit: -211.76328140844637, Duration: 180.0 minutes)
2024-10-31 00:54:22,143 - Buy 105.27 shares at 189.96 on 2023-11-30 15:30:00-05:00
2024-10-31 00:54:22,143 - Sell 105.27 shares at 188.16 on 2023-12-04 10:00:00-05:00 (Exit: Signal, Profit: -189.48974785061054, Duration: 5430.0 minutes)
2024-10-31 00:54:22,143 - Buy 103.77 shares at 192.68 on 2023-12-05 09:30:00-05:00
2024-10-31 00:54:22,143 - Sell 103.77 shares at 192.84 on 2023-12-06 12:00:00-05:00 (Exit: Signal, Profit: 16.602611524359727, Duration: 1590.0 minutes)
2024-10-31 00:54:22,143 - Buy 102.68 shares at 194.73 on 2023-12-07 10:00:00-05:00
2024-10-31 00:54:22,144 - Sell 102.68 shares at 192.12 on 2023-12-11 10:00:00-05:00 (Exit: Signal, Profit: -267.9834150821703, Duration: 5760.0 minutes)
2024-10-31 00:54:22,144 - Buy 103.33 shares at 193.44 on 2023-12-12 11:30:00-05:00
2024-10-31 00:54:22,144 - Sell 103.33 shares at 197.72 on 2023-12-14 14:30:00-05:00 (Exit: Signal, Profit: 442.2637308517213, Duration: 3060.0 minutes)
2024-10-31 00:54:22,145 - Buy 101.06 shares at 197.88 on 2023-12-15 09:30:00-05:00
2024-10-31 00:54:22,145 - Sell 101.06 shares at 197.63 on 2023-12-15 11:00:00-05:00 (Exit: Signal, Profit: -25.26469651652076, Duration: 90.0 minutes)
2024-10-31 00:54:22,145 - Buy 101.72 shares at 196.58 on 2023-12-19 09:30:00-05:00
2024-10-31 00:54:22,145 - Sell 101.72 shares at 195.2 on 2023-12-20 15:00:00-05:00 (Exit: Signal, Profit: -140.3798456816594, Duration: 1770.0 minutes)
2024-10-31 00:54:22,145 - Buy 102.97 shares at 194.17 on 2023-12-22 11:00:00-05:00
2024-10-31 00:54:22,146 - Sell 102.97 shares at 194.06 on 2023-12-22 12:00:00-05:00 (Exit: Signal, Profit: -11.326991639028092, Duration: 60.0 minutes)
2024-10-31 00:54:22,146 - Buy 103.51 shares at 193.16 on 2023-12-27 14:00:00-05:00
2024-10-31 00:54:22,146 - Sell 103.51 shares at 193.5 on 2023-12-29 10:00:00-05:00 (Exit: Signal, Profit: 35.19336753503411, Duration: 2640.0 minutes)
2024-10-31 00:54:22,147 - Buy 108.91 shares at 183.59 on 2024-01-08 10:30:00-05:00
2024-10-31 00:54:22,148 - Sell 108.91 shares at 184.38 on 2024-01-10 13:00:00-05:00 (Exit: Signal, Profit: 86.03842719380091, Duration: 3030.0 minutes)
2024-10-31 00:54:22,148 - Buy 107.72 shares at 185.63 on 2024-01-10 14:00:00-05:00
2024-10-31 00:54:22,148 - Sell 107.72 shares at 183.94 on 2024-01-11 11:30:00-05:00 (Exit: Signal, Profit: -182.0498425278058, Duration: 1290.0 minutes)
2024-10-31 00:54:22,148 - Buy 107.75 shares at 185.54 on 2024-01-11 14:30:00-05:00
2024-10-31 00:54:22,149 - Sell 107.75 shares at 181.36 on 2024-01-16 09:30:00-05:00 (Exit: Signal, Profit: -450.413514086542, Duration: 6900.0 minutes)
2024-10-31 00:54:22,149 - Buy 109.40 shares at 182.66 on 2024-01-17 15:30:00-05:00
2024-10-31 00:54:22,149 - Sell 109.40 shares at 194.47 on 2024-01-22 09:30:00-05:00 (Exit: Profit_take, Profit: 1292.0621377334103, Duration: 6840.0 minutes)
2024-10-31 00:54:22,150 - Buy 102.11 shares at 195.96 on 2024-01-25 11:30:00-05:00
2024-10-31 00:54:22,150 - Sell 102.11 shares at 194.13 on 2024-01-25 13:30:00-05:00 (Exit: Signal, Profit: -186.86236617014822, Duration: 120.0 minutes)
2024-10-31 00:54:22,151 - Buy 107.48 shares at 186.13 on 2024-02-01 12:30:00-05:00
2024-10-31 00:54:22,151 - Sell 107.48 shares at 183.32 on 2024-02-02 10:00:00-05:00 (Exit: Signal, Profit: -302.027860000903, Duration: 1290.0 minutes)
2024-10-31 00:54:22,151 - Buy 106.93 shares at 187.03 on 2024-02-02 12:00:00-05:00
2024-10-31 00:54:22,152 - Sell 106.93 shares at 187.8 on 2024-02-08 10:00:00-05:00 (Exit: Signal, Profit: 82.33895744835934, Duration: 8520.0 minutes)
2024-10-31 00:54:22,152 - Buy 106.01 shares at 188.68 on 2024-02-09 10:30:00-05:00
2024-10-31 00:54:22,152 - Sell 106.01 shares at 187.99 on 2024-02-12 09:30:00-05:00 (Exit: Signal, Profit: -73.14504204013843, Duration: 4260.0 minutes)
2024-10-31 00:54:22,152 - Buy 108.74 shares at 183.93 on 2024-02-15 15:30:00-05:00
2024-10-31 00:54:22,153 - Sell 108.74 shares at 182.3 on 2024-02-16 15:30:00-05:00 (Exit: Signal, Profit: -177.2413049608639, Duration: 1440.0 minutes)
2024-10-31 00:54:22,153 - Buy 109.53 shares at 182.56 on 2024-02-21 10:00:00-05:00
2024-10-31 00:54:22,153 - Sell 109.53 shares at 180.95 on 2024-02-21 14:00:00-05:00 (Exit: Signal, Profit: -176.34906953661638, Duration: 240.0 minutes)
2024-10-31 00:54:22,153 - Buy 109.17 shares at 183.13 on 2024-02-22 09:30:00-05:00
2024-10-31 00:54:22,153 - Sell 109.17 shares at 182.92 on 2024-02-23 11:30:00-05:00 (Exit: Signal, Profit: -22.926413187994196, Duration: 1560.0 minutes)
2024-10-31 00:54:22,154 - Buy 109.28 shares at 182.94 on 2024-02-27 14:30:00-05:00
2024-10-31 00:54:22,154 - Sell 109.28 shares at 180.71 on 2024-02-28 12:00:00-05:00 (Exit: Signal, Profit: -243.70393614053617, Duration: 1290.0 minutes)
2024-10-31 00:54:22,154 - Buy 111.23 shares at 179.69 on 2024-03-01 15:00:00-05:00
2024-10-31 00:54:22,154 - Sell 111.23 shares at 174.97 on 2024-03-04 09:30:00-05:00 (Exit: Signal, Profit: -525.023270827488, Duration: 3990.0 minutes)
2024-10-31 00:54:22,155 - Buy 117.13 shares at 170.56 on 2024-03-07 13:30:00-05:00
2024-10-31 00:54:22,155 - Sell 117.13 shares at 171.49 on 2024-03-12 09:30:00-04:00 (Exit: Signal, Profit: 108.92761839929844, Duration: 6900.0 minutes)
2024-10-31 00:54:22,155 - Buy 115.80 shares at 172.53 on 2024-03-12 12:00:00-04:00
2024-10-31 00:54:22,155 - Sell 115.80 shares at 172.53 on 2024-03-12 12:30:00-04:00 (Exit: Signal, Profit: 0.0, Duration: 30.0 minutes)
2024-10-31 00:54:22,156 - Buy 115.04 shares at 173.67 on 2024-03-14 10:00:00-04:00
2024-10-31 00:54:22,156 - Sell 115.04 shares at 170.62 on 2024-03-15 10:00:00-04:00 (Exit: Signal, Profit: -350.8767894124582, Duration: 1440.0 minutes)
2024-10-31 00:54:22,156 - Buy 112.99 shares at 176.76 on 2024-03-18 09:30:00-04:00
2024-10-31 00:54:22,156 - Sell 112.99 shares at 174.88 on 2024-03-19 10:30:00-04:00 (Exit: Signal, Profit: -212.42268453704455, Duration: 1500.0 minutes)
2024-10-31 00:54:22,156 - Buy 113.38 shares at 176.12 on 2024-03-19 13:30:00-04:00
2024-10-31 00:54:22,157 - Sell 113.38 shares at 172.6 on 2024-03-21 10:30:00-04:00 (Exit: Signal, Profit: -399.08796505682835, Duration: 2700.0 minutes)
2024-10-31 00:54:22,157 - Buy 115.61 shares at 172.65 on 2024-03-22 12:30:00-04:00
2024-10-31 00:54:22,157 - Sell 115.61 shares at 170.05 on 2024-03-25 10:00:00-04:00 (Exit: Signal, Profit: -300.58532632029045, Duration: 4170.0 minutes)
2024-10-31 00:54:22,157 - Buy 115.98 shares at 172.05 on 2024-03-27 10:00:00-04:00
2024-10-31 00:54:22,158 - Sell 115.98 shares at 170.84 on 2024-03-28 11:00:00-04:00 (Exit: Signal, Profit: -140.33334595086004, Duration: 1500.0 minutes)
2024-10-31 00:54:22,158 - Buy 117.01 shares at 170.51 on 2024-04-03 10:30:00-04:00
2024-10-31 00:54:22,158 - Sell 117.01 shares at 169.05 on 2024-04-04 15:00:00-04:00 (Exit: Signal, Profit: -170.83312973890452, Duration: 1710.0 minutes)
2024-10-31 00:54:22,159 - Buy 118.15 shares at 168.84 on 2024-04-09 10:30:00-04:00
2024-10-31 00:54:22,159 - Sell 118.15 shares at 167.47 on 2024-04-10 09:30:00-04:00 (Exit: Signal, Profit: -161.8601505495113, Duration: 1380.0 minutes)
2024-10-31 00:54:22,159 - Buy 117.90 shares at 169.16 on 2024-04-11 10:30:00-04:00
2024-10-31 00:54:22,159 - Sell 117.90 shares at 178.06 on 2024-04-12 09:30:00-04:00 (Exit: Profit_take, Profit: 1049.34080622856, Duration: 1380.0 minutes)
2024-10-31 00:54:22,160 - Buy 120.52 shares at 165.66 on 2024-04-22 11:30:00-04:00
2024-10-31 00:54:22,161 - Sell 120.52 shares at 170.02 on 2024-04-26 14:30:00-04:00 (Exit: Signal, Profit: 525.4722833017789, Duration: 5940.0 minutes)
2024-10-31 00:54:22,161 - Buy 114.03 shares at 175.19 on 2024-04-29 09:30:00-04:00
2024-10-31 00:54:22,161 - Sell 114.03 shares at 173.84 on 2024-04-30 12:00:00-04:00 (Exit: Signal, Profit: -153.9337965269196, Duration: 1590.0 minutes)
2024-10-31 00:54:22,161 - Buy 116.05 shares at 172.11 on 2024-05-02 11:30:00-04:00
2024-10-31 00:54:22,162 - Sell 116.05 shares at 184.11 on 2024-05-03 09:30:00-04:00 (Exit: Profit_take, Profit: 1392.572223244562, Duration: 1320.0 minutes)
2024-10-31 00:54:22,162 - Buy 109.79 shares at 182.17 on 2024-05-07 11:00:00-04:00
2024-10-31 00:54:22,162 - Sell 109.79 shares at 182.29 on 2024-05-08 11:00:00-04:00 (Exit: Signal, Profit: 13.175046532151805, Duration: 1440.0 minutes)
2024-10-31 00:54:22,162 - Buy 109.71 shares at 182.31 on 2024-05-08 13:00:00-04:00
2024-10-31 00:54:22,162 - Sell 109.71 shares at 182.69 on 2024-05-10 11:00:00-04:00 (Exit: Signal, Profit: 41.68949142541035, Duration: 2760.0 minutes)
2024-10-31 00:54:22,163 - Buy 107.72 shares at 185.69 on 2024-05-13 10:00:00-04:00
2024-10-31 00:54:22,164 - Sell 107.72 shares at 189.94 on 2024-05-16 14:30:00-04:00 (Exit: Signal, Profit: 457.79601674949646, Duration: 4590.0 minutes)
2024-10-31 00:54:22,164 - Buy 104.82 shares at 190.91 on 2024-05-20 09:30:00-04:00
2024-10-31 00:54:22,164 - Sell 104.82 shares at 191.62 on 2024-05-22 12:00:00-04:00 (Exit: Signal, Profit: 74.42177442190308, Duration: 3030.0 minutes)
2024-10-31 00:54:22,165 - Buy 105.23 shares at 190.18 on 2024-05-24 11:30:00-04:00
2024-10-31 00:54:22,165 - Sell 105.23 shares at 189.72 on 2024-05-28 14:30:00-04:00 (Exit: Signal, Profit: -48.4056036036868, Duration: 5940.0 minutes)
2024-10-31 00:54:22,165 - Buy 104.13 shares at 192.18 on 2024-05-29 10:30:00-04:00
2024-10-31 00:54:22,166 - Sell 104.13 shares at 190.88 on 2024-05-30 09:30:00-04:00 (Exit: Signal, Profit: -135.36824705025973, Duration: 1380.0 minutes)
2024-10-31 00:54:22,166 - Buy 104.50 shares at 191.47 on 2024-05-30 11:30:00-04:00
2024-10-31 00:54:22,166 - Sell 104.50 shares at 191.25 on 2024-05-30 12:00:00-04:00 (Exit: Signal, Profit: -22.990309916447863, Duration: 30.0 minutes)
2024-10-31 00:54:22,166 - Buy 104.17 shares at 192.08 on 2024-05-30 13:00:00-04:00
2024-10-31 00:54:22,166 - Sell 104.17 shares at 190.4 on 2024-05-31 11:00:00-04:00 (Exit: Signal, Profit: -175.00080104712484, Duration: 1320.0 minutes)
2024-10-31 00:54:22,166 - Buy 103.05 shares at 194.12 on 2024-06-03 09:30:00-04:00
2024-10-31 00:54:22,167 - Sell 103.05 shares at 195.68 on 2024-06-06 12:00:00-04:00 (Exit: Signal, Profit: 160.76490237879884, Duration: 4470.0 minutes)
2024-10-31 00:54:22,167 - Buy 102.10 shares at 195.96 on 2024-06-07 12:00:00-04:00
2024-10-31 00:54:22,167 - Sell 102.10 shares at 195.24 on 2024-06-10 11:30:00-04:00 (Exit: Signal, Profit: -73.51429345406414, Duration: 4290.0 minutes)
2024-10-31 00:54:22,167 - Buy 99.58 shares at 200.92 on 2024-06-11 10:00:00-04:00
2024-10-31 00:54:22,168 - Sell 99.58 shares at 214.25 on 2024-06-12 09:30:00-04:00 (Exit: Profit_take, Profit: 1327.3387914526377, Duration: 1410.0 minutes)
2024-10-31 00:54:22,168 - Buy 92.70 shares at 216.1 on 2024-06-17 10:00:00-04:00
2024-10-31 00:54:22,168 - Sell 92.70 shares at 214.36 on 2024-06-18 11:00:00-04:00 (Exit: Signal, Profit: -161.30401223309198, Duration: 1500.0 minutes)
2024-10-31 00:54:22,169 - Buy 94.80 shares at 211.28 on 2024-06-21 11:30:00-04:00
2024-10-31 00:54:22,169 - Sell 94.80 shares at 207.12 on 2024-06-21 15:30:00-04:00 (Exit: Signal, Profit: -394.3807314638706, Duration: 240.0 minutes)
2024-10-31 00:54:22,169 - Buy 94.51 shares at 211.85 on 2024-06-24 11:30:00-04:00
2024-10-31 00:54:22,169 - Sell 94.51 shares at 209.37 on 2024-06-24 14:00:00-04:00 (Exit: Signal, Profit: -234.38666713310252, Duration: 150.0 minutes)
2024-10-31 00:54:22,169 - Buy 95.17 shares at 210.33 on 2024-06-25 11:30:00-04:00
2024-10-31 00:54:22,169 - Sell 95.17 shares at 209.72 on 2024-06-25 12:30:00-04:00 (Exit: Signal, Profit: -58.05459663733134, Duration: 60.0 minutes)
2024-10-31 00:54:22,170 - Buy 93.61 shares at 213.83 on 2024-06-27 15:00:00-04:00
2024-10-31 00:54:22,171 - Sell 93.61 shares at 213.22 on 2024-06-28 14:00:00-04:00 (Exit: Signal, Profit: -57.101038416737254, Duration: 1380.0 minutes)
2024-10-31 00:54:22,171 - Buy 92.80 shares at 215.69 on 2024-07-01 11:30:00-04:00
2024-10-31 00:54:22,171 - Sell 92.80 shares at 226.52 on 2024-07-08 11:00:00-04:00 (Exit: Profit_take, Profit: 1004.9778134964839, Duration: 10050.0 minutes)
2024-10-31 00:54:22,172 - Buy 86.42 shares at 231.84 on 2024-07-12 10:30:00-04:00
2024-10-31 00:54:22,172 - Sell 86.42 shares at 234.16 on 2024-07-16 11:00:00-04:00 (Exit: Signal, Profit: 200.49038630253264, Duration: 5790.0 minutes)
2024-10-31 00:54:22,173 - Buy 85.34 shares at 234.81 on 2024-07-16 15:30:00-04:00
2024-10-31 00:54:22,173 - Sell 85.34 shares at 229.0 on 2024-07-17 09:30:00-04:00 (Exit: Signal, Profit: -495.8386653077265, Duration: 1080.0 minutes)
2024-10-31 00:54:22,173 - Buy 89.02 shares at 225.0 on 2024-07-19 15:00:00-04:00
2024-10-31 00:54:22,173 - Sell 89.02 shares at 224.29 on 2024-07-22 12:30:00-04:00 (Exit: Signal, Profit: -63.20358385089296, Duration: 4170.0 minutes)
2024-10-31 00:54:22,174 - Buy 88.96 shares at 225.14 on 2024-07-22 14:30:00-04:00
2024-10-31 00:54:22,174 - Sell 88.96 shares at 224.15 on 2024-07-23 09:30:00-04:00 (Exit: Signal, Profit: -88.06858071912812, Duration: 1140.0 minutes)
2024-10-31 00:54:22,174 - Buy 88.37 shares at 226.62 on 2024-07-23 11:30:00-04:00
2024-10-31 00:54:22,174 - Sell 88.37 shares at 225.06 on 2024-07-23 15:00:00-04:00 (Exit: Signal, Profit: -137.85630440902906, Duration: 210.0 minutes)
2024-10-31 00:54:22,174 - Buy 90.93 shares at 220.2 on 2024-07-25 12:30:00-04:00
2024-10-31 00:54:22,174 - Sell 90.93 shares at 217.4 on 2024-07-26 10:00:00-04:00 (Exit: Signal, Profit: -254.61336095313658, Duration: 1290.0 minutes)
2024-10-31 00:54:22,174 - Buy 91.67 shares at 218.37 on 2024-07-29 13:30:00-04:00
2024-10-31 00:54:22,175 - Sell 91.67 shares at 216.55 on 2024-07-30 11:30:00-04:00 (Exit: Signal, Profit: -166.84316722481947, Duration: 1320.0 minutes)
2024-10-31 00:54:22,175 - Buy 91.48 shares at 218.79 on 2024-07-30 15:30:00-04:00
2024-10-31 00:54:22,175 - Sell 91.48 shares at 219.81 on 2024-08-01 11:30:00-04:00 (Exit: Signal, Profit: 93.31045707010259, Duration: 2640.0 minutes)
2024-10-31 00:54:22,175 - Buy 90.01 shares at 222.39 on 2024-08-02 10:30:00-04:00
2024-10-31 00:54:22,175 - Sell 90.01 shares at 207.63 on 2024-08-05 09:30:00-04:00 (Exit: Signal, Profit: -1328.5233982643558, Duration: 4260.0 minutes)
2024-10-31 00:54:22,176 - Buy 95.88 shares at 208.5 on 2024-08-06 13:30:00-04:00
2024-10-31 00:54:22,176 - Sell 95.88 shares at 209.84 on 2024-08-07 15:30:00-04:00 (Exit: Signal, Profit: 128.4754003301457, Duration: 1560.0 minutes)
2024-10-31 00:54:22,176 - Buy 94.22 shares at 212.19 on 2024-08-08 10:30:00-04:00
2024-10-31 00:54:22,177 - Sell 94.22 shares at 222.98 on 2024-08-14 11:30:00-04:00 (Exit: Profit_take, Profit: 1016.6549788249374, Duration: 8700.0 minutes)
2024-10-31 00:54:22,177 - Buy 90.31 shares at 221.61 on 2024-08-14 15:30:00-04:00
2024-10-31 00:54:22,178 - Sell 90.31 shares at 224.22 on 2024-08-19 10:30:00-04:00 (Exit: Signal, Profit: 235.70547596530983, Duration: 6900.0 minutes)
2024-10-31 00:54:22,178 - Buy 88.17 shares at 227.03 on 2024-08-20 09:30:00-04:00
2024-10-31 00:54:22,178 - Sell 88.17 shares at 226.25 on 2024-08-21 12:00:00-04:00 (Exit: Signal, Profit: -68.77524683899034, Duration: 1590.0 minutes)
2024-10-31 00:54:22,178 - Buy 87.81 shares at 227.96 on 2024-08-22 09:30:00-04:00
2024-10-31 00:54:22,179 - Sell 87.81 shares at 226.43 on 2024-08-22 12:00:00-04:00 (Exit: Signal, Profit: -134.34569175366187, Duration: 150.0 minutes)
2024-10-31 00:54:22,179 - Buy 88.47 shares at 226.23 on 2024-08-23 10:30:00-04:00
2024-10-31 00:54:22,179 - Sell 88.47 shares at 225.31 on 2024-08-23 12:30:00-04:00 (Exit: Signal, Profit: -81.38985826176786, Duration: 120.0 minutes)
2024-10-31 00:54:22,179 - Buy 88.37 shares at 226.45 on 2024-08-23 14:00:00-04:00
2024-10-31 00:54:22,179 - Sell 88.37 shares at 225.06 on 2024-08-26 11:00:00-04:00 (Exit: Signal, Profit: -122.8400010801081, Duration: 4140.0 minutes)
2024-10-31 00:54:22,179 - Buy 88.59 shares at 225.87 on 2024-08-26 14:00:00-04:00
2024-10-31 00:54:22,180 - Sell 88.59 shares at 226.83 on 2024-08-28 11:30:00-04:00 (Exit: Signal, Profit: 85.04654953956934, Duration: 2730.0 minutes)
2024-10-31 00:54:22,180 - Buy 86.48 shares at 231.41 on 2024-08-29 10:00:00-04:00
2024-10-31 00:54:22,180 - Sell 86.48 shares at 229.19 on 2024-08-30 10:00:00-04:00 (Exit: Signal, Profit: -191.97814226248332, Duration: 1440.0 minutes)
2024-10-31 00:54:22,181 - Buy 89.04 shares at 224.7 on 2024-09-05 09:30:00-04:00
2024-10-31 00:54:22,181 - Sell 89.04 shares at 221.25 on 2024-09-06 11:00:00-04:00 (Exit: Signal, Profit: -307.194630571461, Duration: 1530.0 minutes)
2024-10-31 00:54:22,181 - Buy 90.93 shares at 219.96 on 2024-09-10 11:00:00-04:00
2024-10-31 00:54:22,182 - Sell 90.93 shares at 218.33 on 2024-09-10 11:30:00-04:00 (Exit: Signal, Profit: -148.22044377980916, Duration: 30.0 minutes)
2024-10-31 00:54:22,182 - Buy 90.79 shares at 220.27 on 2024-09-10 13:00:00-04:00
2024-10-31 00:54:22,182 - Sell 90.79 shares at 218.91 on 2024-09-11 11:00:00-04:00 (Exit: Signal, Profit: -123.47624147047205, Duration: 1320.0 minutes)
2024-10-31 00:54:22,182 - Buy 90.45 shares at 221.08 on 2024-09-11 12:30:00-04:00
2024-10-31 00:54:22,183 - Sell 90.45 shares at 222.44 on 2024-09-13 15:30:00-04:00 (Exit: Signal, Profit: 123.00865367709565, Duration: 3060.0 minutes)
2024-10-31 00:54:22,183 - Buy 92.67 shares at 215.81 on 2024-09-17 12:30:00-04:00
2024-10-31 00:54:22,183 - Sell 92.67 shares at 216.17 on 2024-09-17 13:00:00-04:00 (Exit: Signal, Profit: 33.36034841551849, Duration: 30.0 minutes)
2024-10-31 00:54:22,183 - Buy 92.33 shares at 216.61 on 2024-09-17 15:00:00-04:00
2024-10-31 00:54:22,184 - Sell 92.33 shares at 229.5 on 2024-09-19 10:00:00-04:00 (Exit: Profit_take, Profit: 1190.1139496783544, Duration: 2580.0 minutes)
2024-10-31 00:54:22,184 - Buy 88.20 shares at 227.01 on 2024-09-24 12:30:00-04:00
2024-10-31 00:54:22,184 - Sell 88.20 shares at 226.38 on 2024-09-25 10:00:00-04:00 (Exit: Signal, Profit: -55.56819153946626, Duration: 1290.0 minutes)
2024-10-31 00:54:22,184 - Buy 88.13 shares at 227.18 on 2024-09-26 10:30:00-04:00
2024-10-31 00:54:22,185 - Sell 88.13 shares at 224.97 on 2024-10-01 10:00:00-04:00 (Exit: Signal, Profit: -194.7730095482318, Duration: 7170.0 minutes)
2024-10-31 00:54:22,185 - Buy 88.20 shares at 226.95 on 2024-10-02 12:00:00-04:00
2024-10-31 00:54:22,185 - Sell 88.20 shares at 224.34 on 2024-10-03 10:30:00-04:00 (Exit: Signal, Profit: -230.21436125325025, Duration: 1350.0 minutes)
2024-10-31 00:54:22,185 - Buy 89.12 shares at 224.57 on 2024-10-04 11:00:00-04:00
2024-10-31 00:54:22,186 - Sell 89.12 shares at 224.89 on 2024-10-07 11:30:00-04:00 (Exit: Signal, Profit: 28.518089609082477, Duration: 4350.0 minutes)
2024-10-31 00:54:22,186 - Buy 88.81 shares at 225.36 on 2024-10-08 11:30:00-04:00
2024-10-31 00:54:22,186 - Sell 88.81 shares at 228.44 on 2024-10-10 12:30:00-04:00 (Exit: Signal, Profit: 273.53219418095733, Duration: 2940.0 minutes)
2024-10-31 00:54:22,187 - Buy 86.83 shares at 230.56 on 2024-10-14 09:30:00-04:00
2024-10-31 00:54:22,187 - Sell 86.83 shares at 230.09 on 2024-10-16 09:30:00-04:00 (Exit: Signal, Profit: -40.810052663951005, Duration: 2880.0 minutes)
2024-10-31 00:54:22,187 - Buy 86.13 shares at 232.42 on 2024-10-17 10:00:00-04:00
2024-10-31 00:54:22,188 - Sell 86.13 shares at 233.15 on 2024-10-22 09:30:00-04:00 (Exit: Signal, Profit: 62.876001746885265, Duration: 7170.0 minutes)
2024-10-31 00:54:22,188 - Buy 84.94 shares at 235.69 on 2024-10-22 15:00:00-04:00
2024-10-31 00:54:22,188 - Sell 84.94 shares at 233.5 on 2024-10-23 11:00:00-04:00 (Exit: Signal, Profit: -186.02263544023333, Duration: 1200.0 minutes)
2024-10-31 00:54:22,188 - Buy 86.86 shares at 230.43 on 2024-10-24 14:00:00-04:00
2024-10-31 00:54:22,189 - Sell 86.86 shares at 233.27 on 2024-10-29 11:00:00-04:00 (Exit: Signal, Profit: 246.69562012325378, Duration: 7020.0 minutes)
2024-10-31 00:54:22,189 - Buy 85.52 shares at 234.1 on 2024-10-29 14:30:00-04:00
2024-10-31 00:54:22,189 - Sell 85.52 shares at 231.86 on 2024-10-30 10:00:00-04:00 (Exit: Signal, Profit: -191.57364477372337, Duration: 1170.0 minutes)
