2024-10-31 00:54:26,038 - Starting SmaCrossoverStrategy with initial capital: 1000000
2024-10-31 00:54:26,038 - Hyperparameters: {'fast_period': 10, 'slow_period': 30}
2024-10-31 00:54:26,045 - Buy 103.04 shares at 194.1 on 2023-12-28 09:30:00-05:00
2024-10-31 00:54:26,045 - Sell 103.04 shares at 191.91 on 2023-12-29 12:00:00-05:00 (Exit: Signal, Profit: -225.65687789799048, Duration: 1590.0 minutes)
2024-10-31 00:54:26,046 - Buy 109.12 shares at 183.25 on 2024-01-08 11:00:00-05:00
2024-10-31 00:54:26,046 - Sell 109.12 shares at 185.16 on 2024-01-11 13:30:00-05:00 (Exit: Signal, Profit: 208.4113501078539, Duration: 4470.0 minutes)
2024-10-31 00:54:26,047 - Buy 107.76 shares at 185.59 on 2024-01-11 15:30:00-05:00
2024-10-31 00:54:26,047 - Sell 107.76 shares at 182.77 on 2024-01-16 10:00:00-05:00 (Exit: Signal, Profit: -303.8904431932351, Duration: 6870.0 minutes)
2024-10-31 00:54:26,047 - Buy 106.66 shares at 187.46 on 2024-01-18 10:00:00-05:00
2024-10-31 00:54:26,048 - Sell 106.66 shares at 193.92 on 2024-01-25 14:00:00-05:00 (Exit: Signal, Profit: 688.992367612016, Duration: 10320.0 minutes)
2024-10-31 00:54:26,049 - Buy 106.97 shares at 187.03 on 2024-02-02 12:00:00-05:00
2024-10-31 00:54:26,049 - Sell 106.97 shares at 185.28 on 2024-02-02 12:30:00-05:00 (Exit: Signal, Profit: -187.20459270642147, Duration: 30.0 minutes)
2024-10-31 00:54:26,049 - Buy 106.98 shares at 186.99 on 2024-02-02 14:30:00-05:00
2024-10-31 00:54:26,050 - Sell 106.98 shares at 188.0 on 2024-02-08 11:00:00-05:00 (Exit: Signal, Profit: 108.04668253082544, Duration: 8430.0 minutes)
2024-10-31 00:54:26,050 - Buy 105.49 shares at 189.65 on 2024-02-09 12:30:00-05:00
2024-10-31 00:54:26,050 - Sell 105.49 shares at 187.99 on 2024-02-12 11:00:00-05:00 (Exit: Signal, Profit: -175.10985916029622, Duration: 4230.0 minutes)
2024-10-31 00:54:26,051 - Buy 109.24 shares at 183.1 on 2024-02-16 11:30:00-05:00
2024-10-31 00:54:26,051 - Sell 109.24 shares at 180.47 on 2024-02-20 10:00:00-05:00 (Exit: Signal, Profit: -287.3073444117723, Duration: 5670.0 minutes)
2024-10-31 00:54:26,051 - Buy 110.15 shares at 181.54 on 2024-02-21 12:30:00-05:00
2024-10-31 00:54:26,051 - Sell 110.15 shares at 182.62 on 2024-02-23 14:30:00-05:00 (Exit: Signal, Profit: 118.96137311727708, Duration: 3000.0 minutes)
2024-10-31 00:54:26,052 - Buy 110.31 shares at 181.3 on 2024-02-28 09:30:00-05:00
2024-10-31 00:54:26,052 - Sell 110.31 shares at 180.88 on 2024-02-28 13:30:00-05:00 (Exit: Signal, Profit: -46.329509312248774, Duration: 240.0 minutes)
2024-10-31 00:54:26,053 - Buy 117.13 shares at 170.74 on 2024-03-08 09:30:00-05:00
2024-10-31 00:54:26,053 - Sell 117.13 shares at 171.0 on 2024-03-13 11:00:00-04:00 (Exit: Signal, Profit: 30.45258491485642, Duration: 7230.0 minutes)
2024-10-31 00:54:26,054 - Buy 115.47 shares at 173.19 on 2024-03-14 11:30:00-04:00
2024-10-31 00:54:26,054 - Sell 115.47 shares at 171.31 on 2024-03-15 12:00:00-04:00 (Exit: Signal, Profit: -217.08726919284084, Duration: 1470.0 minutes)
2024-10-31 00:54:26,054 - Buy 112.73 shares at 177.37 on 2024-03-18 10:00:00-04:00
2024-10-31 00:54:26,055 - Sell 112.73 shares at 172.6 on 2024-03-21 10:30:00-04:00 (Exit: Stop_loss, Profit: -537.7039598878838, Duration: 4350.0 minutes)
2024-10-31 00:54:26,055 - Buy 115.89 shares at 172.44 on 2024-03-27 10:30:00-04:00
2024-10-31 00:54:26,056 - Sell 115.89 shares at 170.97 on 2024-03-28 13:00:00-04:00 (Exit: Signal, Profit: -170.35335473425, Duration: 1590.0 minutes)
2024-10-31 00:54:26,056 - Buy 117.25 shares at 170.4 on 2024-04-03 11:30:00-04:00
2024-10-31 00:54:26,056 - Sell 117.25 shares at 169.23 on 2024-04-05 10:00:00-04:00 (Exit: Signal, Profit: -137.18719938297247, Duration: 2790.0 minutes)
2024-10-31 00:54:26,057 - Buy 117.73 shares at 169.69 on 2024-04-09 15:30:00-04:00
2024-10-31 00:54:26,057 - Sell 117.73 shares at 167.47 on 2024-04-10 09:30:00-04:00 (Exit: Signal, Profit: -261.35715897995794, Duration: 1080.0 minutes)
2024-10-31 00:54:26,057 - Buy 117.55 shares at 169.91 on 2024-04-11 12:00:00-04:00
2024-10-31 00:54:26,057 - Sell 117.55 shares at 173.13 on 2024-04-15 14:00:00-04:00 (Exit: Signal, Profit: 378.49570705219713, Duration: 5880.0 minutes)
2024-10-31 00:54:26,058 - Buy 119.74 shares at 166.86 on 2024-04-22 14:00:00-04:00
2024-10-31 00:54:26,059 - Sell 119.74 shares at 170.05 on 2024-04-30 15:30:00-04:00 (Exit: Signal, Profit: 381.9680582840409, Duration: 11610.0 minutes)
2024-10-31 00:54:26,059 - Buy 115.60 shares at 172.9 on 2024-05-02 14:00:00-04:00
2024-10-31 00:54:26,059 - Sell 115.60 shares at 184.11 on 2024-05-03 09:30:00-04:00 (Exit: Profit_take, Profit: 1295.8813690710074, Duration: 1170.0 minutes)
2024-10-31 00:54:26,060 - Buy 110.02 shares at 181.9 on 2024-05-08 10:00:00-04:00
2024-10-31 00:54:26,060 - Sell 110.02 shares at 182.4 on 2024-05-10 13:00:00-04:00 (Exit: Signal, Profit: 55.01165596062838, Duration: 3060.0 minutes)
2024-10-31 00:54:26,060 - Buy 107.65 shares at 185.92 on 2024-05-13 11:00:00-04:00
2024-10-31 00:54:26,061 - Sell 107.65 shares at 189.69 on 2024-05-17 11:00:00-04:00 (Exit: Signal, Profit: 405.8415680503251, Duration: 5760.0 minutes)
2024-10-31 00:54:26,061 - Buy 104.50 shares at 191.61 on 2024-05-20 10:00:00-04:00
2024-10-31 00:54:26,062 - Sell 104.50 shares at 190.86 on 2024-05-22 13:30:00-04:00 (Exit: Signal, Profit: -78.37191757850644, Duration: 3090.0 minutes)
2024-10-31 00:54:26,062 - Buy 105.33 shares at 190.08 on 2024-05-24 13:30:00-04:00
2024-10-31 00:54:26,063 - Sell 105.33 shares at 190.34 on 2024-05-31 11:30:00-04:00 (Exit: Signal, Profit: 27.385476729783168, Duration: 9960.0 minutes)
2024-10-31 00:54:26,063 - Buy 102.76 shares at 194.84 on 2024-06-03 10:00:00-04:00
2024-10-31 00:54:26,064 - Sell 102.76 shares at 195.4 on 2024-06-06 15:00:00-04:00 (Exit: Signal, Profit: 57.54467847217389, Duration: 4620.0 minutes)
2024-10-31 00:54:26,064 - Buy 102.22 shares at 195.87 on 2024-06-07 14:30:00-04:00
2024-10-31 00:54:26,064 - Sell 102.22 shares at 194.96 on 2024-06-10 13:30:00-04:00 (Exit: Signal, Profit: -93.02371821930561, Duration: 4260.0 minutes)
2024-10-31 00:54:26,064 - Buy 98.51 shares at 203.24 on 2024-06-11 10:30:00-04:00
2024-10-31 00:54:26,064 - Sell 98.51 shares at 214.25 on 2024-06-12 09:30:00-04:00 (Exit: Profit_take, Profit: 1084.5710362562843, Duration: 1380.0 minutes)
2024-10-31 00:54:26,065 - Buy 92.64 shares at 216.34 on 2024-06-17 11:00:00-04:00
2024-10-31 00:54:26,065 - Sell 92.64 shares at 213.58 on 2024-06-18 13:30:00-04:00 (Exit: Signal, Profit: -255.69510092832428, Duration: 1590.0 minutes)
2024-10-31 00:54:26,066 - Buy 95.70 shares at 209.37 on 2024-06-24 14:00:00-04:00
2024-10-31 00:54:26,066 - Sell 95.70 shares at 208.15 on 2024-06-24 15:30:00-04:00 (Exit: Signal, Profit: -116.75747704400233, Duration: 90.0 minutes)
2024-10-31 00:54:26,066 - Buy 95.11 shares at 210.66 on 2024-06-25 14:00:00-04:00
2024-10-31 00:54:26,066 - Sell 95.11 shares at 213.06 on 2024-06-28 15:00:00-04:00 (Exit: Signal, Profit: 228.2537232983268, Duration: 4380.0 minutes)
2024-10-31 00:54:26,067 - Buy 92.56 shares at 216.5 on 2024-07-01 12:00:00-04:00
2024-10-31 00:54:26,067 - Sell 92.56 shares at 227.33 on 2024-07-08 14:00:00-04:00 (Exit: Profit_take, Profit: 1002.4395886764728, Duration: 10200.0 minutes)
2024-10-31 00:54:26,068 - Buy 86.67 shares at 231.45 on 2024-07-12 12:30:00-04:00
2024-10-31 00:54:26,068 - Sell 86.67 shares at 234.79 on 2024-07-16 14:30:00-04:00 (Exit: Signal, Profit: 289.47510041920657, Duration: 5880.0 minutes)
2024-10-31 00:54:26,069 - Buy 88.80 shares at 225.95 on 2024-07-22 10:30:00-04:00
2024-10-31 00:54:26,069 - Sell 88.80 shares at 224.68 on 2024-07-22 15:00:00-04:00 (Exit: Signal, Profit: -112.78169901333435, Duration: 270.0 minutes)
2024-10-31 00:54:26,069 - Buy 88.53 shares at 226.62 on 2024-07-23 11:00:00-04:00
2024-10-31 00:54:26,069 - Sell 88.53 shares at 221.29 on 2024-07-24 09:30:00-04:00 (Exit: Signal, Profit: -471.8754766650255, Duration: 1350.0 minutes)
2024-10-31 00:54:26,069 - Buy 92.14 shares at 217.65 on 2024-07-26 09:30:00-04:00
2024-10-31 00:54:26,069 - Sell 92.14 shares at 218.69 on 2024-07-26 12:00:00-04:00 (Exit: Signal, Profit: 95.82277977824279, Duration: 150.0 minutes)
2024-10-31 00:54:26,070 - Buy 91.60 shares at 218.94 on 2024-07-29 09:30:00-04:00
2024-10-31 00:54:26,070 - Sell 91.60 shares at 217.73 on 2024-07-29 10:00:00-04:00 (Exit: Signal, Profit: -110.83983129550164, Duration: 30.0 minutes)
2024-10-31 00:54:26,070 - Buy 91.30 shares at 219.65 on 2024-07-30 09:30:00-04:00
2024-10-31 00:54:26,070 - Sell 91.30 shares at 216.97 on 2024-07-30 12:00:00-04:00 (Exit: Signal, Profit: -244.6758916269299, Duration: 150.0 minutes)
2024-10-31 00:54:26,070 - Buy 89.97 shares at 222.83 on 2024-07-31 10:00:00-04:00
2024-10-31 00:54:26,070 - Sell 89.97 shares at 218.63 on 2024-08-01 13:30:00-04:00 (Exit: Signal, Profit: -377.88289323342826, Duration: 1650.0 minutes)
2024-10-31 00:54:26,070 - Buy 89.38 shares at 224.23 on 2024-08-02 12:30:00-04:00
2024-10-31 00:54:26,071 - Sell 89.38 shares at 207.63 on 2024-08-05 09:30:00-04:00 (Exit: Stop_loss, Profit: -1483.652615129944, Duration: 4140.0 minutes)
2024-10-31 00:54:26,071 - Buy 93.88 shares at 213.15 on 2024-08-07 10:30:00-04:00
2024-10-31 00:54:26,072 - Sell 93.88 shares at 224.43 on 2024-08-15 09:30:00-04:00 (Exit: Profit_take, Profit: 1059.0052551792746, Duration: 11460.0 minutes)
2024-10-31 00:54:26,072 - Buy 88.65 shares at 225.96 on 2024-08-20 10:30:00-04:00
2024-10-31 00:54:26,073 - Sell 88.65 shares at 225.78 on 2024-08-21 15:00:00-04:00 (Exit: Signal, Profit: -15.95786218002052, Duration: 1710.0 minutes)
2024-10-31 00:54:26,073 - Buy 88.56 shares at 226.21 on 2024-08-23 13:30:00-04:00
2024-10-31 00:54:26,073 - Sell 88.56 shares at 225.61 on 2024-08-26 13:30:00-04:00 (Exit: Signal, Profit: -53.13324035031488, Duration: 4320.0 minutes)
2024-10-31 00:54:26,073 - Buy 88.15 shares at 227.24 on 2024-08-26 15:30:00-04:00
2024-10-31 00:54:26,074 - Sell 88.15 shares at 226.09 on 2024-08-28 14:00:00-04:00 (Exit: Signal, Profit: -101.3717333060113, Duration: 2790.0 minutes)
2024-10-31 00:54:26,074 - Buy 86.19 shares at 232.37 on 2024-08-29 10:30:00-04:00
2024-10-31 00:54:26,074 - Sell 86.19 shares at 228.36 on 2024-08-30 12:30:00-04:00 (Exit: Signal, Profit: -345.64013657990637, Duration: 1560.0 minutes)
2024-10-31 00:54:26,074 - Buy 90.20 shares at 221.97 on 2024-09-05 11:30:00-04:00
2024-10-31 00:54:26,075 - Sell 90.20 shares at 220.97 on 2024-09-06 13:00:00-04:00 (Exit: Signal, Profit: -90.20189333635183, Duration: 1530.0 minutes)
2024-10-31 00:54:26,075 - Buy 90.84 shares at 220.38 on 2024-09-10 14:30:00-04:00
2024-10-31 00:54:26,075 - Sell 90.84 shares at 215.19 on 2024-09-16 09:30:00-04:00 (Exit: Signal, Profit: -471.4829388917189, Duration: 8340.0 minutes)
2024-10-31 00:54:26,076 - Buy 90.65 shares at 220.74 on 2024-09-18 10:00:00-04:00
2024-10-31 00:54:26,076 - Sell 90.65 shares at 231.85 on 2024-09-20 12:30:00-04:00 (Exit: Profit_take, Profit: 1007.161742782799, Duration: 3030.0 minutes)
2024-10-31 00:54:26,077 - Buy 88.15 shares at 227.25 on 2024-09-26 12:30:00-04:00
2024-10-31 00:54:26,077 - Sell 88.15 shares at 224.97 on 2024-10-01 10:00:00-04:00 (Exit: Stop_loss, Profit: -200.9713279152693, Duration: 7050.0 minutes)
2024-10-31 00:54:26,077 - Buy 88.30 shares at 226.8 on 2024-10-02 15:30:00-04:00
2024-10-31 00:54:26,077 - Sell 88.30 shares at 223.81 on 2024-10-03 12:30:00-04:00 (Exit: Signal, Profit: -264.0244404004141, Duration: 1260.0 minutes)
2024-10-31 00:54:26,078 - Buy 88.55 shares at 226.1 on 2024-10-04 15:00:00-04:00
2024-10-31 00:54:26,078 - Sell 88.55 shares at 223.74 on 2024-10-07 14:00:00-04:00 (Exit: Signal, Profit: -208.98393795951623, Duration: 4260.0 minutes)
2024-10-31 00:54:26,078 - Buy 88.99 shares at 224.93 on 2024-10-08 14:00:00-04:00
2024-10-31 00:54:26,079 - Sell 88.99 shares at 228.06 on 2024-10-11 11:30:00-04:00 (Exit: Signal, Profit: 278.55294256391295, Duration: 4170.0 minutes)
2024-10-31 00:54:26,079 - Buy 86.80 shares at 230.69 on 2024-10-14 10:00:00-04:00
2024-10-31 00:54:26,079 - Sell 86.80 shares at 230.19 on 2024-10-16 11:30:00-04:00 (Exit: Signal, Profit: -43.398316500082394, Duration: 2970.0 minutes)
2024-10-31 00:54:26,079 - Buy 86.14 shares at 232.44 on 2024-10-17 13:30:00-04:00
2024-10-31 00:54:26,080 - Sell 86.14 shares at 234.41 on 2024-10-22 11:00:00-04:00 (Exit: Signal, Profit: 169.69466177051896, Duration: 7050.0 minutes)
2024-10-31 00:54:26,080 - Buy 86.00 shares at 232.85 on 2024-10-25 10:30:00-04:00
2024-10-31 00:54:26,081 - Sell 86.00 shares at 231.16 on 2024-10-30 10:30:00-04:00 (Exit: Signal, Profit: -145.34392792515848, Duration: 7200.0 minutes)
