2024-10-31 00:54:27,944 - Starting SmaCrossoverStrategy with initial capital: 1000000
2024-10-31 00:54:27,944 - Hyperparameters: {'fast_period': 15, 'slow_period': 20}
2024-10-31 00:54:27,949 - Buy 102.82 shares at 194.52 on 2024-01-24 15:30:00-05:00
2024-10-31 00:54:27,949 - Sell 102.82 shares at 195.96 on 2024-01-25 11:30:00-05:00 (Exit: Signal, Profit: 148.05675508945072, Duration: 1200.0 minutes)
2024-10-31 00:54:27,949 - Buy 102.74 shares at 194.69 on 2024-01-26 10:00:00-05:00
2024-10-31 00:54:27,949 - Sell 102.74 shares at 194.4 on 2024-01-26 11:00:00-05:00 (Exit: Signal, Profit: -29.79536046627644, Duration: 60.0 minutes)
2024-10-31 00:54:27,950 - Buy 107.46 shares at 186.13 on 2024-02-01 12:30:00-05:00
2024-10-31 00:54:27,950 - Sell 107.46 shares at 185.8 on 2024-02-01 13:30:00-05:00 (Exit: Signal, Profit: -35.46328117554502, Duration: 60.0 minutes)
2024-10-31 00:54:27,950 - Buy 109.11 shares at 183.32 on 2024-02-02 10:00:00-05:00
2024-10-31 00:54:27,950 - Sell 109.11 shares at 185.85 on 2024-02-02 15:30:00-05:00 (Exit: Signal, Profit: 276.0429281286302, Duration: 330.0 minutes)
2024-10-31 00:54:27,951 - Buy 107.05 shares at 186.9 on 2024-02-05 10:30:00-05:00
2024-10-31 00:54:27,951 - Sell 107.05 shares at 188.58 on 2024-02-06 14:30:00-05:00 (Exit: Signal, Profit: 179.83979164792456, Duration: 1680.0 minutes)
2024-10-31 00:54:27,951 - Buy 105.11 shares at 190.38 on 2024-02-07 10:00:00-05:00
2024-10-31 00:54:27,951 - Sell 105.11 shares at 188.0 on 2024-02-08 11:00:00-05:00 (Exit: Signal, Profit: -250.16094761876977, Duration: 1500.0 minutes)
2024-10-31 00:54:27,952 - Buy 105.66 shares at 189.34 on 2024-02-09 12:00:00-05:00
2024-10-31 00:54:27,952 - Sell 105.66 shares at 187.87 on 2024-02-12 12:00:00-05:00 (Exit: Signal, Profit: -155.32102294621728, Duration: 4320.0 minutes)
2024-10-31 00:54:27,952 - Buy 109.34 shares at 182.94 on 2024-02-16 12:00:00-05:00
2024-10-31 00:54:27,952 - Sell 109.34 shares at 180.47 on 2024-02-20 10:00:00-05:00 (Exit: Signal, Profit: -270.0698591003353, Duration: 5640.0 minutes)
2024-10-31 00:54:27,953 - Buy 109.80 shares at 182.12 on 2024-02-21 11:30:00-05:00
2024-10-31 00:54:27,953 - Sell 109.80 shares at 182.94 on 2024-02-22 11:30:00-05:00 (Exit: Signal, Profit: 90.03819083932699, Duration: 1440.0 minutes)
2024-10-31 00:54:27,953 - Buy 108.66 shares at 184.05 on 2024-02-22 13:00:00-05:00
2024-10-31 00:54:27,953 - Sell 108.66 shares at 182.62 on 2024-02-23 14:30:00-05:00 (Exit: Signal, Profit: -155.38527890116777, Duration: 1530.0 minutes)
2024-10-31 00:54:27,954 - Buy 109.51 shares at 182.6 on 2024-02-27 14:00:00-05:00
2024-10-31 00:54:27,954 - Sell 109.51 shares at 181.3 on 2024-02-28 09:30:00-05:00 (Exit: Signal, Profit: -142.35893937460344, Duration: 1170.0 minutes)
2024-10-31 00:54:27,954 - Buy 110.08 shares at 181.62 on 2024-02-28 11:00:00-05:00
2024-10-31 00:54:27,954 - Sell 110.08 shares at 181.43 on 2024-02-28 15:30:00-05:00 (Exit: Signal, Profit: -20.915596340211543, Duration: 270.0 minutes)
2024-10-31 00:54:27,955 - Buy 117.09 shares at 170.74 on 2024-03-08 09:30:00-05:00
2024-10-31 00:54:27,955 - Sell 117.09 shares at 172.53 on 2024-03-12 12:00:00-04:00 (Exit: Signal, Profit: 209.59889518681064, Duration: 5850.0 minutes)
2024-10-31 00:54:27,955 - Buy 115.06 shares at 173.8 on 2024-03-12 14:00:00-04:00
2024-10-31 00:54:27,955 - Sell 115.06 shares at 170.99 on 2024-03-13 10:00:00-04:00 (Exit: Signal, Profit: -323.309774296049, Duration: 1200.0 minutes)
2024-10-31 00:54:27,955 - Buy 115.77 shares at 172.68 on 2024-03-14 12:00:00-04:00
2024-10-31 00:54:27,956 - Sell 115.77 shares at 170.99 on 2024-03-15 11:30:00-04:00 (Exit: Signal, Profit: -195.64398263680047, Duration: 1410.0 minutes)
2024-10-31 00:54:27,956 - Buy 113.04 shares at 176.81 on 2024-03-18 11:00:00-04:00
2024-10-31 00:54:27,956 - Sell 113.04 shares at 175.22 on 2024-03-19 11:30:00-04:00 (Exit: Signal, Profit: -179.73270657809866, Duration: 1470.0 minutes)
2024-10-31 00:54:27,956 - Buy 113.32 shares at 176.34 on 2024-03-19 15:00:00-04:00
2024-10-31 00:54:27,956 - Sell 113.32 shares at 171.99 on 2024-03-21 11:30:00-04:00 (Exit: Signal, Profit: -492.94347013494814, Duration: 2670.0 minutes)
2024-10-31 00:54:27,957 - Buy 115.62 shares at 172.75 on 2024-03-22 14:30:00-04:00
2024-10-31 00:54:27,957 - Sell 115.62 shares at 171.0 on 2024-03-25 12:30:00-04:00 (Exit: Signal, Profit: -202.3319054815995, Duration: 4200.0 minutes)
2024-10-31 00:54:27,957 - Buy 116.61 shares at 171.24 on 2024-03-26 12:00:00-04:00
2024-10-31 00:54:27,957 - Sell 116.61 shares at 170.55 on 2024-03-26 14:30:00-04:00 (Exit: Signal, Profit: -80.46374674850834, Duration: 150.0 minutes)
2024-10-31 00:54:27,957 - Buy 115.78 shares at 172.46 on 2024-03-27 11:00:00-04:00
2024-10-31 00:54:27,957 - Sell 115.78 shares at 171.33 on 2024-03-28 12:30:00-04:00 (Exit: Signal, Profit: -130.83123497375283, Duration: 1530.0 minutes)
2024-10-31 00:54:27,958 - Buy 117.23 shares at 170.31 on 2024-04-03 12:00:00-04:00
2024-10-31 00:54:27,958 - Sell 117.23 shares at 170.21 on 2024-04-05 11:30:00-04:00 (Exit: Signal, Profit: -11.722609940156921, Duration: 2850.0 minutes)
2024-10-31 00:54:27,958 - Buy 118.13 shares at 169.0 on 2024-04-08 10:30:00-04:00
2024-10-31 00:54:27,958 - Sell 118.13 shares at 168.81 on 2024-04-08 12:30:00-04:00 (Exit: Signal, Profit: -22.44534368051974, Duration: 120.0 minutes)
2024-10-31 00:54:27,959 - Buy 118.09 shares at 169.06 on 2024-04-09 12:30:00-04:00
2024-10-31 00:54:27,959 - Sell 118.09 shares at 168.03 on 2024-04-10 10:30:00-04:00 (Exit: Signal, Profit: -121.63147071400861, Duration: 1320.0 minutes)
2024-10-31 00:54:27,959 - Buy 117.48 shares at 169.91 on 2024-04-11 12:00:00-04:00
2024-10-31 00:54:27,959 - Sell 117.48 shares at 175.41 on 2024-04-15 11:00:00-04:00 (Exit: Signal, Profit: 646.1605291229257, Duration: 5700.0 minutes)
2024-10-31 00:54:27,960 - Buy 118.23 shares at 168.94 on 2024-04-17 13:30:00-04:00
2024-10-31 00:54:27,960 - Sell 118.23 shares at 168.33 on 2024-04-17 14:30:00-04:00 (Exit: Signal, Profit: -72.12321752585756, Duration: 60.0 minutes)
2024-10-31 00:54:27,960 - Buy 120.46 shares at 165.81 on 2024-04-22 12:30:00-04:00
2024-10-31 00:54:27,960 - Sell 120.46 shares at 166.91 on 2024-04-23 15:30:00-04:00 (Exit: Signal, Profit: 132.50380508720994, Duration: 1620.0 minutes)
2024-10-31 00:54:27,960 - Buy 118.90 shares at 168.0 on 2024-04-24 10:00:00-04:00
2024-10-31 00:54:27,961 - Sell 118.90 shares at 173.87 on 2024-04-30 12:30:00-04:00 (Exit: Signal, Profit: 697.9636785749735, Duration: 8790.0 minutes)
2024-10-31 00:54:27,961 - Buy 116.15 shares at 172.11 on 2024-05-02 11:30:00-04:00
2024-10-31 00:54:27,962 - Sell 116.15 shares at 184.11 on 2024-05-03 09:30:00-04:00 (Exit: Profit_take, Profit: 1393.742450514267, Duration: 1320.0 minutes)
2024-10-31 00:54:27,962 - Buy 109.76 shares at 182.38 on 2024-05-07 14:00:00-04:00
2024-10-31 00:54:27,962 - Sell 109.76 shares at 182.29 on 2024-05-08 11:00:00-04:00 (Exit: Signal, Profit: -9.878201201316333, Duration: 1260.0 minutes)
2024-10-31 00:54:27,962 - Buy 109.80 shares at 182.31 on 2024-05-08 13:00:00-04:00
2024-10-31 00:54:27,962 - Sell 109.80 shares at 183.75 on 2024-05-09 09:30:00-04:00 (Exit: Signal, Profit: 158.11034430004625, Duration: 1230.0 minutes)
2024-10-31 00:54:27,963 - Buy 107.61 shares at 186.05 on 2024-05-13 11:30:00-04:00
2024-10-31 00:54:27,963 - Sell 107.61 shares at 189.93 on 2024-05-16 14:00:00-04:00 (Exit: Signal, Profit: 417.52158819074265, Duration: 4470.0 minutes)
2024-10-31 00:54:27,963 - Buy 105.21 shares at 190.38 on 2024-05-17 09:30:00-04:00
2024-10-31 00:54:27,963 - Sell 105.21 shares at 189.69 on 2024-05-17 11:00:00-04:00 (Exit: Signal, Profit: -72.59149755170948, Duration: 90.0 minutes)
2024-10-31 00:54:27,964 - Buy 104.52 shares at 191.61 on 2024-05-20 10:00:00-04:00
2024-10-31 00:54:27,964 - Sell 104.52 shares at 191.37 on 2024-05-22 13:00:00-04:00 (Exit: Signal, Profit: -25.08531603593133, Duration: 3060.0 minutes)
2024-10-31 00:54:27,964 - Buy 105.29 shares at 190.21 on 2024-05-24 14:30:00-04:00
2024-10-31 00:54:27,965 - Sell 105.29 shares at 191.77 on 2024-05-29 12:00:00-04:00 (Exit: Signal, Profit: 164.2505676611627, Duration: 7050.0 minutes)
2024-10-31 00:54:27,965 - Buy 104.75 shares at 191.22 on 2024-05-29 14:30:00-04:00
2024-10-31 00:54:27,965 - Sell 104.75 shares at 191.25 on 2024-05-30 12:00:00-04:00 (Exit: Signal, Profit: 3.142496469284465, Duration: 1290.0 minutes)
2024-10-31 00:54:27,965 - Buy 104.49 shares at 191.69 on 2024-05-31 10:00:00-04:00
2024-10-31 00:54:27,965 - Sell 104.49 shares at 190.04 on 2024-05-31 12:30:00-04:00 (Exit: Signal, Profit: -172.41407125825032, Duration: 150.0 minutes)
2024-10-31 00:54:27,965 - Buy 103.16 shares at 194.13 on 2024-06-03 11:00:00-04:00
2024-10-31 00:54:27,966 - Sell 103.16 shares at 194.47 on 2024-06-04 12:00:00-04:00 (Exit: Signal, Profit: 35.07516407389774, Duration: 1500.0 minutes)
2024-10-31 00:54:27,966 - Buy 102.93 shares at 194.57 on 2024-06-04 13:30:00-04:00
2024-10-31 00:54:27,966 - Sell 102.93 shares at 195.54 on 2024-06-06 14:00:00-04:00 (Exit: Signal, Profit: 99.84458503363302, Duration: 2910.0 minutes)
2024-10-31 00:54:27,966 - Buy 101.96 shares at 196.44 on 2024-06-07 15:00:00-04:00
2024-10-31 00:54:27,966 - Sell 101.96 shares at 194.96 on 2024-06-10 13:30:00-04:00 (Exit: Signal, Profit: -150.90504214458815, Duration: 4230.0 minutes)
2024-10-31 00:54:27,967 - Buy 97.98 shares at 204.4 on 2024-06-11 11:00:00-04:00
2024-10-31 00:54:27,967 - Sell 97.98 shares at 215.23 on 2024-06-12 10:00:00-04:00 (Exit: Profit_take, Profit: 1061.0945424933666, Duration: 1380.0 minutes)
2024-10-31 00:54:27,967 - Buy 94.40 shares at 212.38 on 2024-06-14 13:30:00-04:00
2024-10-31 00:54:27,967 - Sell 94.40 shares at 212.23 on 2024-06-14 14:00:00-04:00 (Exit: Signal, Profit: -14.159376529366607, Duration: 30.0 minutes)
2024-10-31 00:54:27,967 - Buy 92.58 shares at 216.55 on 2024-06-17 12:00:00-04:00
2024-10-31 00:54:27,968 - Sell 92.58 shares at 213.66 on 2024-06-18 13:00:00-04:00 (Exit: Signal, Profit: -267.546952282678, Duration: 1500.0 minutes)
2024-10-31 00:54:27,968 - Buy 95.30 shares at 210.3 on 2024-06-21 13:30:00-04:00
2024-10-31 00:54:27,968 - Sell 95.30 shares at 211.85 on 2024-06-24 11:30:00-04:00 (Exit: Signal, Profit: 147.71916518929973, Duration: 4200.0 minutes)
2024-10-31 00:54:27,968 - Buy 95.54 shares at 209.8 on 2024-06-25 10:00:00-04:00
2024-10-31 00:54:27,968 - Sell 95.54 shares at 209.72 on 2024-06-25 12:30:00-04:00 (Exit: Signal, Profit: -7.643511727528104, Duration: 150.0 minutes)
2024-10-31 00:54:27,968 - Buy 95.87 shares at 209.08 on 2024-06-25 15:30:00-04:00
2024-10-31 00:54:27,969 - Sell 95.87 shares at 213.64 on 2024-06-27 13:30:00-04:00 (Exit: Signal, Profit: 437.177167861743, Duration: 2760.0 minutes)
2024-10-31 00:54:27,969 - Buy 93.43 shares at 214.64 on 2024-06-28 10:00:00-04:00
2024-10-31 00:54:27,969 - Sell 93.43 shares at 214.37 on 2024-06-28 10:30:00-04:00 (Exit: Signal, Profit: -25.225955312203585, Duration: 30.0 minutes)
2024-10-31 00:54:27,969 - Buy 92.30 shares at 217.25 on 2024-07-01 13:00:00-04:00
2024-10-31 00:54:27,970 - Sell 92.30 shares at 228.18 on 2024-07-09 09:30:00-04:00 (Exit: Profit_take, Profit: 1008.8903500936784, Duration: 11310.0 minutes)
2024-10-31 00:54:27,970 - Buy 86.73 shares at 231.45 on 2024-07-12 12:30:00-04:00
2024-10-31 00:54:27,971 - Sell 86.73 shares at 233.57 on 2024-07-16 12:30:00-04:00 (Exit: Signal, Profit: 183.8649891937389, Duration: 5760.0 minutes)
2024-10-31 00:54:27,971 - Buy 89.39 shares at 224.61 on 2024-07-19 13:30:00-04:00
2024-10-31 00:54:27,971 - Sell 89.39 shares at 224.35 on 2024-07-19 15:30:00-04:00 (Exit: Signal, Profit: -23.240430965777044, Duration: 120.0 minutes)
2024-10-31 00:54:27,971 - Buy 89.69 shares at 223.84 on 2024-07-22 12:00:00-04:00
2024-10-31 00:54:27,971 - Sell 89.69 shares at 224.29 on 2024-07-22 12:30:00-04:00 (Exit: Signal, Profit: 40.361256616019304, Duration: 30.0 minutes)
2024-10-31 00:54:27,972 - Buy 89.34 shares at 224.72 on 2024-07-23 13:00:00-04:00
2024-10-31 00:54:27,972 - Sell 89.34 shares at 221.29 on 2024-07-24 09:30:00-04:00 (Exit: Signal, Profit: -306.45006504471405, Duration: 1230.0 minutes)
2024-10-31 00:54:27,972 - Buy 91.09 shares at 220.35 on 2024-07-25 13:30:00-04:00
2024-10-31 00:54:27,972 - Sell 91.09 shares at 218.09 on 2024-07-26 13:30:00-04:00 (Exit: Signal, Profit: -205.85911980977997, Duration: 1440.0 minutes)
2024-10-31 00:54:27,972 - Buy 92.03 shares at 218.04 on 2024-07-29 11:30:00-04:00
2024-10-31 00:54:27,972 - Sell 92.03 shares at 218.37 on 2024-07-29 13:30:00-04:00 (Exit: Signal, Profit: 30.371301181841094, Duration: 120.0 minutes)
2024-10-31 00:54:27,973 - Buy 91.61 shares at 219.06 on 2024-07-30 10:00:00-04:00
2024-10-31 00:54:27,973 - Sell 91.61 shares at 217.59 on 2024-07-30 13:30:00-04:00 (Exit: Signal, Profit: -134.66447094343624, Duration: 210.0 minutes)
2024-10-31 00:54:27,973 - Buy 90.05 shares at 222.83 on 2024-07-31 10:00:00-04:00
2024-10-31 00:54:27,973 - Sell 90.05 shares at 219.32 on 2024-08-01 12:00:00-04:00 (Exit: Signal, Profit: -316.06320776455016, Duration: 1560.0 minutes)
2024-10-31 00:54:27,973 - Buy 89.30 shares at 224.63 on 2024-08-02 13:00:00-04:00
2024-10-31 00:54:27,973 - Sell 89.30 shares at 207.63 on 2024-08-05 09:30:00-04:00 (Exit: Stop_loss, Profit: -1518.0455763505206, Duration: 4110.0 minutes)
2024-10-31 00:54:27,974 - Buy 93.96 shares at 213.15 on 2024-08-07 10:30:00-04:00
2024-10-31 00:54:27,974 - Sell 93.96 shares at 213.25 on 2024-08-08 12:00:00-04:00 (Exit: Signal, Profit: 9.396377649532608, Duration: 1530.0 minutes)
2024-10-31 00:54:27,974 - Buy 94.07 shares at 212.92 on 2024-08-08 14:30:00-04:00
2024-10-31 00:54:27,975 - Sell 94.07 shares at 224.43 on 2024-08-15 09:30:00-04:00 (Exit: Profit_take, Profit: 1082.7015070237833, Duration: 9780.0 minutes)
2024-10-31 00:54:27,975 - Buy 88.35 shares at 226.93 on 2024-08-20 11:30:00-04:00
2024-10-31 00:54:27,975 - Sell 88.35 shares at 226.44 on 2024-08-21 14:00:00-04:00 (Exit: Signal, Profit: -43.29356299149575, Duration: 1590.0 minutes)
2024-10-31 00:54:27,976 - Buy 88.53 shares at 226.48 on 2024-08-23 14:30:00-04:00
2024-10-31 00:54:27,976 - Sell 88.53 shares at 224.87 on 2024-08-26 11:30:00-04:00 (Exit: Signal, Profit: -142.52676450337998, Duration: 4140.0 minutes)
2024-10-31 00:54:27,976 - Buy 88.85 shares at 225.61 on 2024-08-26 13:30:00-04:00
2024-10-31 00:54:27,976 - Sell 88.85 shares at 227.24 on 2024-08-26 15:30:00-04:00 (Exit: Signal, Profit: 144.8331295294143, Duration: 120.0 minutes)
2024-10-31 00:54:27,976 - Buy 87.72 shares at 228.57 on 2024-08-27 11:00:00-04:00
2024-10-31 00:54:27,976 - Sell 87.72 shares at 227.47 on 2024-08-28 13:00:00-04:00 (Exit: Signal, Profit: -96.48834620066214, Duration: 1560.0 minutes)
2024-10-31 00:54:27,976 - Buy 86.53 shares at 231.67 on 2024-08-29 11:30:00-04:00
2024-10-31 00:54:27,977 - Sell 86.53 shares at 228.03 on 2024-08-30 12:00:00-04:00 (Exit: Signal, Profit: -314.98595381670015, Duration: 1470.0 minutes)
2024-10-31 00:54:27,977 - Buy 90.08 shares at 222.48 on 2024-09-05 11:00:00-04:00
2024-10-31 00:54:27,977 - Sell 90.08 shares at 220.97 on 2024-09-06 11:30:00-04:00 (Exit: Signal, Profit: -136.021976125708, Duration: 1470.0 minutes)
2024-10-31 00:54:27,978 - Buy 91.69 shares at 218.54 on 2024-09-10 12:00:00-04:00
2024-10-31 00:54:27,978 - Sell 91.69 shares at 220.81 on 2024-09-10 13:30:00-04:00 (Exit: Signal, Profit: 208.141687258144, Duration: 90.0 minutes)
2024-10-31 00:54:27,978 - Buy 90.79 shares at 220.75 on 2024-09-10 15:00:00-04:00
2024-10-31 00:54:27,978 - Sell 90.79 shares at 215.19 on 2024-09-16 09:30:00-04:00 (Exit: Signal, Profit: -504.8105743853508, Duration: 8310.0 minutes)
2024-10-31 00:54:27,978 - Buy 92.82 shares at 215.81 on 2024-09-17 12:30:00-04:00
2024-10-31 00:54:27,979 - Sell 92.82 shares at 227.3 on 2024-09-19 09:30:00-04:00 (Exit: Profit_take, Profit: 1066.556833934735, Duration: 2700.0 minutes)
2024-10-31 00:54:27,979 - Buy 88.33 shares at 227.03 on 2024-09-24 15:00:00-04:00
2024-10-31 00:54:27,979 - Sell 88.33 shares at 225.87 on 2024-09-25 12:00:00-04:00 (Exit: Signal, Profit: -102.46427718040884, Duration: 1260.0 minutes)
2024-10-31 00:54:27,980 - Buy 88.24 shares at 227.25 on 2024-09-26 12:30:00-04:00
2024-10-31 00:54:27,980 - Sell 88.24 shares at 225.22 on 2024-10-01 11:30:00-04:00 (Exit: Signal, Profit: -179.12058717190322, Duration: 7140.0 minutes)
2024-10-31 00:54:27,980 - Buy 88.46 shares at 226.64 on 2024-10-02 12:30:00-04:00
2024-10-31 00:54:27,981 - Sell 88.46 shares at 223.86 on 2024-10-03 13:00:00-04:00 (Exit: Signal, Profit: -245.91441987890954, Duration: 1470.0 minutes)
2024-10-31 00:54:27,981 - Buy 89.12 shares at 224.89 on 2024-10-04 13:30:00-04:00
2024-10-31 00:54:27,981 - Sell 89.12 shares at 223.85 on 2024-10-07 13:30:00-04:00 (Exit: Signal, Profit: -92.68989720440973, Duration: 4320.0 minutes)
2024-10-31 00:54:27,981 - Buy 88.94 shares at 225.33 on 2024-10-08 14:30:00-04:00
2024-10-31 00:54:27,982 - Sell 88.94 shares at 228.85 on 2024-10-10 15:00:00-04:00 (Exit: Signal, Profit: 313.0780951791365, Duration: 2910.0 minutes)
2024-10-31 00:54:27,982 - Buy 87.98 shares at 227.87 on 2024-10-11 12:30:00-04:00
2024-10-31 00:54:27,982 - Sell 87.98 shares at 227.84 on 2024-10-11 13:00:00-04:00 (Exit: Signal, Profit: -2.639361054821123, Duration: 30.0 minutes)
2024-10-31 00:54:27,982 - Buy 87.36 shares at 229.49 on 2024-10-14 10:30:00-04:00
2024-10-31 00:54:27,982 - Sell 87.36 shares at 229.69 on 2024-10-14 11:00:00-04:00 (Exit: Signal, Profit: 17.471483723194893, Duration: 30.0 minutes)
2024-10-31 00:54:27,982 - Buy 86.32 shares at 232.25 on 2024-10-17 12:00:00-04:00
2024-10-31 00:54:27,983 - Sell 86.32 shares at 234.19 on 2024-10-22 12:00:00-04:00 (Exit: Signal, Profit: 167.46233218531663, Duration: 7200.0 minutes)
2024-10-31 00:54:27,983 - Buy 86.98 shares at 230.54 on 2024-10-24 15:00:00-04:00
2024-10-31 00:54:27,984 - Sell 86.98 shares at 233.9 on 2024-10-29 13:00:00-04:00 (Exit: Signal, Profit: 292.23798467215187, Duration: 7080.0 minutes)
