2024-10-31 00:54:24,922 - Starting SmaCrossoverStrategy with initial capital: 1000000
2024-10-31 00:54:24,922 - Hyperparameters: {'fast_period': 5, 'slow_period': 40}
2024-10-31 00:54:24,929 - Buy 102.98 shares at 194.22 on 2023-12-12 14:00:00-05:00
2024-10-31 00:54:24,930 - Sell 102.98 shares at 194.94 on 2023-12-18 09:30:00-05:00 (Exit: Signal, Profit: 74.14272474513427, Duration: 8370.0 minutes)
2024-10-31 00:54:24,930 - Buy 101.26 shares at 197.52 on 2023-12-20 09:30:00-05:00
2024-10-31 00:54:24,930 - Sell 101.26 shares at 194.85 on 2023-12-20 15:30:00-05:00 (Exit: Signal, Profit: -270.37241404162467, Duration: 360.0 minutes)
2024-10-31 00:54:24,931 - Buy 102.94 shares at 194.25 on 2023-12-28 10:00:00-05:00
2024-10-31 00:54:24,931 - Sell 102.94 shares at 191.97 on 2023-12-29 11:00:00-05:00 (Exit: Signal, Profit: -234.7029700188834, Duration: 1500.0 minutes)
2024-10-31 00:54:24,931 - Buy 109.09 shares at 183.25 on 2024-01-08 11:00:00-05:00
2024-10-31 00:54:24,932 - Sell 109.09 shares at 183.94 on 2024-01-11 11:30:00-05:00 (Exit: Signal, Profit: 75.27450548049877, Duration: 4350.0 minutes)
2024-10-31 00:54:24,932 - Buy 107.77 shares at 185.52 on 2024-01-11 14:00:00-05:00
2024-10-31 00:54:24,932 - Sell 107.77 shares at 181.36 on 2024-01-16 09:30:00-05:00 (Exit: Signal, Profit: -448.3096660284652, Duration: 6930.0 minutes)
2024-10-31 00:54:24,933 - Buy 106.60 shares at 187.46 on 2024-01-18 10:00:00-05:00
2024-10-31 00:54:24,934 - Sell 106.60 shares at 193.92 on 2024-01-25 14:00:00-05:00 (Exit: Signal, Profit: 688.6595932874918, Duration: 10320.0 minutes)
2024-10-31 00:54:24,934 - Buy 107.93 shares at 185.28 on 2024-02-02 12:30:00-05:00
2024-10-31 00:54:24,935 - Sell 107.93 shares at 188.0 on 2024-02-08 11:00:00-05:00 (Exit: Signal, Profit: 293.5758162374474, Duration: 8550.0 minutes)
2024-10-31 00:54:24,935 - Buy 105.40 shares at 189.78 on 2024-02-09 11:30:00-05:00
2024-10-31 00:54:24,936 - Sell 105.40 shares at 187.99 on 2024-02-12 09:30:00-05:00 (Exit: Signal, Profit: -188.67310559442367, Duration: 4200.0 minutes)
2024-10-31 00:54:24,936 - Buy 109.79 shares at 182.16 on 2024-02-21 10:30:00-05:00
2024-10-31 00:54:24,936 - Sell 109.79 shares at 181.54 on 2024-02-21 12:30:00-05:00 (Exit: Signal, Profit: -68.07131626922774, Duration: 120.0 minutes)
2024-10-31 00:54:24,936 - Buy 109.25 shares at 183.06 on 2024-02-22 10:00:00-05:00
2024-10-31 00:54:24,937 - Sell 109.25 shares at 182.59 on 2024-02-23 15:00:00-05:00 (Exit: Signal, Profit: -51.34525465845776, Duration: 1740.0 minutes)
2024-10-31 00:54:24,937 - Buy 109.48 shares at 182.65 on 2024-02-27 15:30:00-05:00
2024-10-31 00:54:24,937 - Sell 109.48 shares at 181.62 on 2024-02-28 11:00:00-05:00 (Exit: Signal, Profit: -112.76937128393483, Duration: 1170.0 minutes)
2024-10-31 00:54:24,937 - Buy 110.09 shares at 181.62 on 2024-02-29 10:00:00-05:00
2024-10-31 00:54:24,937 - Sell 110.09 shares at 180.11 on 2024-02-29 11:30:00-05:00 (Exit: Signal, Profit: -166.24090814868325, Duration: 90.0 minutes)
2024-10-31 00:54:24,938 - Buy 117.09 shares at 170.74 on 2024-03-08 09:30:00-05:00
2024-10-31 00:54:24,939 - Sell 117.09 shares at 171.04 on 2024-03-13 10:30:00-04:00 (Exit: Signal, Profit: 35.126783447357965, Duration: 7200.0 minutes)
2024-10-31 00:54:24,939 - Buy 115.01 shares at 173.84 on 2024-03-14 10:30:00-04:00
2024-10-31 00:54:24,939 - Sell 115.01 shares at 170.62 on 2024-03-15 10:00:00-04:00 (Exit: Signal, Profit: -370.31715002568285, Duration: 1410.0 minutes)
2024-10-31 00:54:24,939 - Buy 113.06 shares at 176.76 on 2024-03-18 09:30:00-04:00
2024-10-31 00:54:24,940 - Sell 113.06 shares at 172.83 on 2024-03-21 11:00:00-04:00 (Exit: Signal, Profit: -444.33989484722713, Duration: 4410.0 minutes)
2024-10-31 00:54:24,940 - Buy 115.84 shares at 172.44 on 2024-03-27 10:30:00-04:00
2024-10-31 00:54:24,940 - Sell 115.84 shares at 171.11 on 2024-03-28 11:30:00-04:00 (Exit: Signal, Profit: -154.07324028127096, Duration: 1500.0 minutes)
2024-10-31 00:54:24,940 - Buy 116.08 shares at 172.06 on 2024-03-28 14:30:00-04:00
2024-10-31 00:54:24,941 - Sell 116.08 shares at 170.09 on 2024-04-01 10:00:00-04:00 (Exit: Signal, Profit: -228.68248301058225, Duration: 5490.0 minutes)
2024-10-31 00:54:24,941 - Buy 117.19 shares at 170.4 on 2024-04-03 11:30:00-04:00
2024-10-31 00:54:24,941 - Sell 117.19 shares at 168.87 on 2024-04-04 15:30:00-04:00 (Exit: Signal, Profit: -179.295327338375, Duration: 1680.0 minutes)
2024-10-31 00:54:24,942 - Buy 118.14 shares at 169.0 on 2024-04-11 11:00:00-04:00
2024-10-31 00:54:24,942 - Sell 118.14 shares at 172.93 on 2024-04-15 15:00:00-04:00 (Exit: Signal, Profit: 464.27465967385746, Duration: 6000.0 minutes)
2024-10-31 00:54:24,943 - Buy 119.71 shares at 166.86 on 2024-04-22 14:00:00-04:00
2024-10-31 00:54:24,944 - Sell 119.71 shares at 170.05 on 2024-04-30 15:30:00-04:00 (Exit: Signal, Profit: 381.8647029282541, Duration: 11610.0 minutes)
2024-10-31 00:54:24,944 - Buy 115.57 shares at 172.9 on 2024-05-02 14:00:00-04:00
2024-10-31 00:54:24,945 - Sell 115.57 shares at 182.37 on 2024-05-07 15:30:00-04:00 (Exit: Signal, Profit: 1094.4403148906738, Duration: 7290.0 minutes)
2024-10-31 00:54:24,945 - Buy 109.50 shares at 182.69 on 2024-05-08 14:00:00-04:00
2024-10-31 00:54:24,945 - Sell 109.50 shares at 182.58 on 2024-05-10 11:30:00-04:00 (Exit: Signal, Profit: -12.044547403786856, Duration: 2730.0 minutes)
2024-10-31 00:54:24,945 - Buy 108.02 shares at 185.19 on 2024-05-13 09:30:00-04:00
2024-10-31 00:54:24,946 - Sell 108.02 shares at 190.11 on 2024-05-17 15:00:00-04:00 (Exit: Signal, Profit: 531.4408291530403, Duration: 6090.0 minutes)
2024-10-31 00:54:24,946 - Buy 104.84 shares at 190.91 on 2024-05-20 09:30:00-04:00
2024-10-31 00:54:24,947 - Sell 104.84 shares at 190.86 on 2024-05-22 13:30:00-04:00 (Exit: Signal, Profit: -5.241787032007499, Duration: 3120.0 minutes)
2024-10-31 00:54:24,947 - Buy 105.25 shares at 190.15 on 2024-05-24 14:00:00-04:00
2024-10-31 00:54:24,948 - Sell 105.25 shares at 190.4 on 2024-05-31 11:00:00-04:00 (Exit: Signal, Profit: 26.313550367969, Duration: 9900.0 minutes)
2024-10-31 00:54:24,948 - Buy 103.10 shares at 194.12 on 2024-06-03 09:30:00-04:00
2024-10-31 00:54:24,949 - Sell 103.10 shares at 194.48 on 2024-06-06 15:30:00-04:00 (Exit: Signal, Profit: 37.117559062013974, Duration: 4680.0 minutes)
2024-10-31 00:54:24,949 - Buy 102.14 shares at 195.96 on 2024-06-07 12:00:00-04:00
2024-10-31 00:54:24,949 - Sell 102.14 shares at 195.55 on 2024-06-10 11:00:00-04:00 (Exit: Signal, Profit: -41.877401322448044, Duration: 4260.0 minutes)
2024-10-31 00:54:24,949 - Buy 99.61 shares at 200.92 on 2024-06-11 10:00:00-04:00
2024-10-31 00:54:24,950 - Sell 99.61 shares at 212.19 on 2024-06-14 12:30:00-04:00 (Exit: Signal, Profit: 1122.653852504101, Duration: 4470.0 minutes)
2024-10-31 00:54:24,950 - Buy 92.39 shares at 216.88 on 2024-06-17 10:30:00-04:00
2024-10-31 00:54:24,950 - Sell 92.39 shares at 213.22 on 2024-06-18 12:00:00-04:00 (Exit: Signal, Profit: -338.1377363223319, Duration: 1530.0 minutes)
2024-10-31 00:54:24,951 - Buy 95.49 shares at 209.77 on 2024-06-24 12:30:00-04:00
2024-10-31 00:54:24,951 - Sell 95.49 shares at 209.25 on 2024-06-24 13:30:00-04:00 (Exit: Signal, Profit: -49.65299165423545, Duration: 60.0 minutes)
2024-10-31 00:54:24,951 - Buy 95.25 shares at 210.29 on 2024-06-25 13:30:00-04:00
2024-10-31 00:54:24,951 - Sell 95.25 shares at 213.06 on 2024-06-28 15:00:00-04:00 (Exit: Signal, Profit: 263.8305428117747, Duration: 4410.0 minutes)
2024-10-31 00:54:24,951 - Buy 93.18 shares at 215.01 on 2024-07-01 11:00:00-04:00
2024-10-31 00:54:24,953 - Sell 93.18 shares at 226.86 on 2024-07-11 11:30:00-04:00 (Exit: Signal, Profit: 1104.1752596857193, Duration: 14430.0 minutes)
2024-10-31 00:54:24,953 - Buy 86.51 shares at 231.84 on 2024-07-12 10:30:00-04:00
2024-10-31 00:54:24,953 - Sell 86.51 shares at 227.81 on 2024-07-17 10:00:00-04:00 (Exit: Signal, Profit: -348.63697677793704, Duration: 7170.0 minutes)
2024-10-31 00:54:24,954 - Buy 88.47 shares at 226.62 on 2024-07-23 11:00:00-04:00
2024-10-31 00:54:24,954 - Sell 88.47 shares at 225.06 on 2024-07-23 15:00:00-04:00 (Exit: Signal, Profit: -138.01685337547073, Duration: 240.0 minutes)
2024-10-31 00:54:24,954 - Buy 91.80 shares at 218.37 on 2024-07-29 13:30:00-04:00
2024-10-31 00:54:24,954 - Sell 91.80 shares at 218.23 on 2024-07-29 15:30:00-04:00 (Exit: Signal, Profit: -12.852305032912254, Duration: 120.0 minutes)
2024-10-31 00:54:24,955 - Buy 91.62 shares at 218.79 on 2024-07-30 15:30:00-04:00
2024-10-31 00:54:24,955 - Sell 91.62 shares at 218.74 on 2024-08-01 12:30:00-04:00 (Exit: Signal, Profit: -4.581238799732462, Duration: 2700.0 minutes)
2024-10-31 00:54:24,955 - Buy 90.14 shares at 222.39 on 2024-08-02 10:30:00-04:00
2024-10-31 00:54:24,955 - Sell 90.14 shares at 207.63 on 2024-08-05 09:30:00-04:00 (Exit: Signal, Profit: -1330.4835576189491, Duration: 4260.0 minutes)
2024-10-31 00:54:24,956 - Buy 94.18 shares at 212.56 on 2024-08-07 11:30:00-04:00
2024-10-31 00:54:24,957 - Sell 94.18 shares at 223.87 on 2024-08-19 11:30:00-04:00 (Exit: Signal, Profit: 1065.2280850162276, Duration: 17280.0 minutes)
2024-10-31 00:54:24,957 - Buy 88.71 shares at 225.91 on 2024-08-19 15:30:00-04:00
2024-10-31 00:54:24,958 - Sell 88.71 shares at 225.5 on 2024-08-22 12:30:00-04:00 (Exit: Signal, Profit: -36.372392024771905, Duration: 4140.0 minutes)
2024-10-31 00:54:24,958 - Buy 88.70 shares at 225.94 on 2024-08-23 11:00:00-04:00
2024-10-31 00:54:24,958 - Sell 88.70 shares at 225.31 on 2024-08-23 12:30:00-04:00 (Exit: Signal, Profit: -55.879836024691066, Duration: 90.0 minutes)
2024-10-31 00:54:24,958 - Buy 88.26 shares at 227.06 on 2024-08-23 15:00:00-04:00
2024-10-31 00:54:24,958 - Sell 88.26 shares at 224.81 on 2024-08-26 10:30:00-04:00 (Exit: Signal, Profit: -198.57536185345722, Duration: 4050.0 minutes)
2024-10-31 00:54:24,958 - Buy 88.70 shares at 225.87 on 2024-08-26 14:00:00-04:00
2024-10-31 00:54:24,958 - Sell 88.70 shares at 225.89 on 2024-08-28 13:30:00-04:00 (Exit: Signal, Profit: 1.7740621998320576, Duration: 2850.0 minutes)
2024-10-31 00:54:24,959 - Buy 86.52 shares at 231.56 on 2024-08-29 09:30:00-04:00
2024-10-31 00:54:24,959 - Sell 86.52 shares at 228.25 on 2024-08-30 11:00:00-04:00 (Exit: Signal, Profit: -286.3931462910749, Duration: 1530.0 minutes)
2024-10-31 00:54:24,959 - Buy 90.24 shares at 221.97 on 2024-09-05 11:30:00-04:00
2024-10-31 00:54:24,959 - Sell 90.24 shares at 222.79 on 2024-09-05 12:00:00-04:00 (Exit: Signal, Profit: 73.99349839698067, Duration: 30.0 minutes)
2024-10-31 00:54:24,959 - Buy 89.69 shares at 223.35 on 2024-09-05 14:00:00-04:00
2024-10-31 00:54:24,959 - Sell 89.69 shares at 220.7 on 2024-09-06 12:00:00-04:00 (Exit: Signal, Profit: -237.66541838666186, Duration: 1320.0 minutes)
2024-10-31 00:54:24,960 - Buy 90.87 shares at 220.38 on 2024-09-10 14:30:00-04:00
2024-10-31 00:54:24,960 - Sell 90.87 shares at 218.91 on 2024-09-11 11:00:00-04:00 (Exit: Signal, Profit: -133.58206861620897, Duration: 1230.0 minutes)
2024-10-31 00:54:24,960 - Buy 90.57 shares at 221.08 on 2024-09-11 12:30:00-04:00
2024-10-31 00:54:24,960 - Sell 90.57 shares at 215.19 on 2024-09-16 09:30:00-04:00 (Exit: Signal, Profit: -533.4711109788915, Duration: 7020.0 minutes)
2024-10-31 00:54:24,961 - Buy 90.58 shares at 220.94 on 2024-09-18 10:30:00-04:00
2024-10-31 00:54:24,961 - Sell 90.58 shares at 226.74 on 2024-09-23 13:00:00-04:00 (Exit: Signal, Profit: 525.3723839369244, Duration: 7350.0 minutes)
2024-10-31 00:54:24,962 - Buy 88.06 shares at 227.38 on 2024-09-26 11:00:00-04:00
2024-10-31 00:54:24,962 - Sell 88.06 shares at 225.3 on 2024-10-01 10:30:00-04:00 (Exit: Signal, Profit: -183.16927520951108, Duration: 7170.0 minutes)
2024-10-31 00:54:24,963 - Buy 88.28 shares at 226.77 on 2024-10-04 15:30:00-04:00
2024-10-31 00:54:24,963 - Sell 88.28 shares at 224.89 on 2024-10-07 11:30:00-04:00 (Exit: Signal, Profit: -165.9718138590664, Duration: 4080.0 minutes)
2024-10-31 00:54:24,963 - Buy 88.82 shares at 225.36 on 2024-10-08 11:30:00-04:00
2024-10-31 00:54:24,964 - Sell 88.82 shares at 227.84 on 2024-10-11 13:30:00-04:00 (Exit: Signal, Profit: 220.2748544828853, Duration: 4440.0 minutes)
2024-10-31 00:54:24,964 - Buy 87.55 shares at 228.69 on 2024-10-11 15:00:00-04:00
2024-10-31 00:54:24,964 - Sell 87.55 shares at 227.54 on 2024-10-11 15:30:00-04:00 (Exit: Signal, Profit: -100.678402628616, Duration: 30.0 minutes)
2024-10-31 00:54:24,964 - Buy 85.04 shares at 235.41 on 2024-10-18 09:30:00-04:00
2024-10-31 00:54:24,965 - Sell 85.04 shares at 234.41 on 2024-10-22 11:00:00-04:00 (Exit: Signal, Profit: -85.0387881785437, Duration: 5850.0 minutes)
2024-10-31 00:54:24,965 - Buy 85.07 shares at 235.31 on 2024-10-22 14:00:00-04:00
2024-10-31 00:54:24,965 - Sell 85.07 shares at 234.73 on 2024-10-23 10:00:00-04:00 (Exit: Signal, Profit: -49.33926566071273, Duration: 1200.0 minutes)
2024-10-31 00:54:24,965 - Buy 86.19 shares at 232.24 on 2024-10-25 11:00:00-04:00
2024-10-31 00:54:24,966 - Sell 86.19 shares at 231.16 on 2024-10-30 10:30:00-04:00 (Exit: Signal, Profit: -93.08300486202708, Duration: 7170.0 minutes)
