2024-10-30 22:04:14,803 - Starting SmaCrossoverStrategy with initial capital: 1000000
2024-10-30 22:04:14,803 - Hyperparameters: {'fast_period': 10, 'slow_period': 20}
2024-10-30 22:04:14,815 - Buy 194.02 shares at 103.08 on 2023-11-22 13:15:00-05:00
2024-10-30 22:04:14,816 - Sell 194.02 shares at 101.5 on 2023-11-28 09:30:00-05:00 (Exit: Stop_loss, Profit: -306.55801319363565, Duration: 8415.0 minutes)
2024-10-30 22:04:14,816 - Buy 197.04 shares at 101.47 on 2023-11-28 15:15:00-05:00
2024-10-30 22:04:14,816 - Buy 192.40 shares at 101.84 on 2023-11-29 12:00:00-05:00
2024-10-30 22:04:14,816 - Buy 188.55 shares at 101.84 on 2023-11-30 15:45:00-05:00
2024-10-30 22:04:14,817 - Buy 185.42 shares at 101.49 on 2023-12-01 12:45:00-05:00
2024-10-30 22:04:14,817 - Buy 183.44 shares at 100.53 on 2023-12-04 12:30:00-05:00
2024-10-30 22:04:14,817 - Buy 181.36 shares at 99.65 on 2023-12-05 13:45:00-05:00
2024-10-30 22:04:14,818 - Buy 180.53 shares at 98.11 on 2023-12-06 14:45:00-05:00
2024-10-30 22:04:14,818 - Buy 179.70 shares at 96.59 on 2023-12-07 13:45:00-05:00
2024-10-30 22:04:14,818 - Buy 175.87 shares at 96.72 on 2023-12-08 14:15:00-05:00
2024-10-30 22:04:14,818 - Buy 173.09 shares at 96.31 on 2023-12-11 14:30:00-05:00
2024-10-30 22:04:14,819 - Buy 169.89 shares at 96.16 on 2023-12-12 13:30:00-05:00
2024-10-30 22:04:14,819 - Buy 163.61 shares at 97.85 on 2023-12-14 13:45:00-05:00
2024-10-30 22:04:14,820 - Buy 161.60 shares at 97.09 on 2023-12-15 14:00:00-05:00
2024-10-30 22:04:14,820 - Buy 155.34 shares at 98.98 on 2023-12-18 15:45:00-05:00
2024-10-30 22:04:14,820 - Buy 147.96 shares at 101.84 on 2023-12-20 09:45:00-05:00
2024-10-30 22:04:14,821 - Buy 143.30 shares at 103.05 on 2023-12-21 11:00:00-05:00
2024-10-30 22:04:14,821 - Buy 140.08 shares at 103.31 on 2023-12-21 15:30:00-05:00
2024-10-30 22:04:14,821 - Buy 137.21 shares at 103.36 on 2023-12-22 13:15:00-05:00
2024-10-30 22:04:14,821 - Buy 134.98 shares at 102.97 on 2023-12-26 11:45:00-05:00
2024-10-30 22:04:14,822 - Buy 132.12 shares at 103.09 on 2023-12-27 10:45:00-05:00
2024-10-30 22:04:14,822 - Buy 129.14 shares at 103.36 on 2023-12-29 14:30:00-05:00
2024-10-30 22:04:14,823 - Buy 128.10 shares at 102.12 on 2024-01-02 14:15:00-05:00
2024-10-30 22:04:14,823 - Buy 124.59 shares at 102.89 on 2024-01-03 10:15:00-05:00
2024-10-30 22:04:14,824 - Buy 118.37 shares at 106.13 on 2024-01-08 12:15:00-05:00
2024-10-30 22:04:14,824 - Buy 115.88 shares at 106.25 on 2024-01-09 13:00:00-05:00
2024-10-30 22:04:14,824 - Buy 111.12 shares at 108.58 on 2024-01-10 15:30:00-05:00
2024-10-30 22:04:14,825 - Buy 110.83 shares at 106.69 on 2024-01-11 15:00:00-05:00
2024-10-30 22:04:14,825 - Buy 109.02 shares at 106.29 on 2024-01-16 15:15:00-05:00
2024-10-30 22:04:14,825 - Buy 106.07 shares at 107.06 on 2024-01-17 11:45:00-05:00
2024-10-30 22:04:14,826 - Buy 104.22 shares at 106.78 on 2024-01-18 12:15:00-05:00
2024-10-30 22:04:14,826 - Buy 101.73 shares at 107.21 on 2024-01-19 13:00:00-05:00
2024-10-30 22:04:14,827 - Sell 4582.56 shares at 103.78 on 2024-01-23 09:30:00-05:00 (Exit: Stop_loss, Profit: 10295.697986973002, Duration: 5550.0 minutes)
2024-10-30 22:04:14,827 - Buy 192.09 shares at 105.16 on 2024-01-23 13:15:00-05:00
2024-10-30 22:04:14,827 - Buy 188.01 shares at 105.29 on 2024-01-25 15:30:00-05:00
2024-10-30 22:04:14,828 - Buy 179.53 shares at 108.06 on 2024-01-29 13:00:00-05:00
2024-10-30 22:04:14,828 - Buy 176.05 shares at 107.99 on 2024-01-29 13:45:00-05:00
2024-10-30 22:04:14,828 - Buy 172.04 shares at 108.3 on 2024-01-29 14:30:00-05:00
2024-10-30 22:04:14,828 - Buy 167.53 shares at 108.99 on 2024-01-30 15:45:00-05:00
2024-10-30 22:04:14,829 - Buy 155.37 shares at 115.17 on 2024-02-01 12:45:00-05:00
2024-10-30 22:04:14,829 - Buy 154.01 shares at 113.86 on 2024-02-02 14:15:00-05:00
2024-10-30 22:04:14,830 - Buy 146.06 shares at 117.66 on 2024-02-06 14:45:00-05:00
2024-10-30 22:04:14,830 - Buy 142.01 shares at 118.59 on 2024-02-08 13:45:00-05:00
2024-10-30 22:04:14,831 - Buy 136.99 shares at 120.48 on 2024-02-12 13:15:00-05:00
2024-10-30 22:04:14,831 - Buy 134.81 shares at 119.98 on 2024-02-13 12:45:00-05:00
2024-10-30 22:04:14,831 - Buy 130.68 shares at 121.3 on 2024-02-14 10:00:00-05:00
2024-10-30 22:04:14,832 - Buy 127.62 shares at 121.72 on 2024-02-16 09:30:00-05:00
2024-10-30 22:04:14,832 - Sell 2202.80 shares at 124.39 on 2024-02-16 11:45:00-05:00 (Exit: Profit_take, Profit: 25187.444968941705, Duration: 135.0 minutes)
2024-10-30 22:04:14,833 - Buy 170.48 shares at 121.44 on 2024-02-20 15:45:00-05:00
2024-10-30 22:04:14,833 - Buy 168.50 shares at 120.41 on 2024-02-21 14:15:00-05:00
2024-10-30 22:04:14,834 - Buy 161.39 shares at 123.2 on 2024-02-26 10:30:00-05:00
2024-10-30 22:04:14,834 - Buy 157.86 shares at 123.44 on 2024-02-26 13:45:00-05:00
2024-10-30 22:04:14,834 - Buy 156.28 shares at 122.19 on 2024-02-27 13:45:00-05:00
2024-10-30 22:04:14,834 - Buy 154.05 shares at 121.48 on 2024-02-28 14:00:00-05:00
2024-10-30 22:04:14,835 - Buy 153.87 shares at 119.19 on 2024-02-29 14:15:00-05:00
2024-10-30 22:04:14,835 - Sell 1122.45 shares at 124.78 on 2024-03-05 10:45:00-05:00 (Exit: Stop_loss, Profit: 3545.6017502396676, Duration: 6990.0 minutes)
2024-10-30 22:04:14,836 - Buy 167.20 shares at 124.25 on 2024-03-06 09:45:00-05:00
2024-10-30 22:04:14,836 - Buy 163.20 shares at 124.75 on 2024-03-06 11:15:00-05:00
2024-10-30 22:04:14,836 - Buy 147.18 shares at 135.56 on 2024-03-07 09:30:00-05:00
2024-10-30 22:04:14,836 - Sell 477.58 shares at 133.24 on 2024-03-08 10:00:00-05:00 (Exit: Stop_loss, Profit: 2547.2094695388937, Duration: 1470.0 minutes)
2024-10-30 22:04:14,837 - Buy 156.35 shares at 133.2 on 2024-03-08 15:15:00-05:00
2024-10-30 22:04:14,837 - Buy 154.91 shares at 131.75 on 2024-03-11 14:15:00-04:00
2024-10-30 22:04:14,837 - Buy 149.75 shares at 133.56 on 2024-03-13 14:30:00-04:00
2024-10-30 22:04:14,838 - Buy 147.77 shares at 132.64 on 2024-03-15 15:00:00-04:00
2024-10-30 22:04:14,838 - Buy 144.19 shares at 133.22 on 2024-03-18 11:15:00-04:00
2024-10-30 22:04:14,838 - Buy 142.88 shares at 131.75 on 2024-03-19 14:30:00-04:00
2024-10-30 22:04:14,839 - Sell 895.85 shares at 127.48 on 2024-03-21 09:45:00-04:00 (Exit: Stop_loss, Profit: -4666.48498440458, Duration: 2595.0 minutes)
2024-10-30 22:04:14,839 - Buy 158.66 shares at 130.67 on 2024-03-21 12:30:00-04:00
2024-10-30 22:04:14,839 - Buy 157.41 shares at 129.07 on 2024-03-22 14:00:00-04:00
2024-10-30 22:04:14,840 - Buy 153.94 shares at 129.34 on 2024-03-26 13:30:00-04:00
2024-10-30 22:04:14,840 - Buy 152.10 shares at 128.29 on 2024-03-27 14:00:00-04:00
2024-10-30 22:04:14,841 - Buy 149.75 shares at 127.7 on 2024-04-01 15:00:00-04:00
2024-10-30 22:04:14,841 - Buy 148.64 shares at 126.08 on 2024-04-02 13:45:00-04:00
2024-10-30 22:04:14,842 - Sell 920.50 shares at 123.98 on 2024-04-04 15:30:00-04:00 (Exit: Stop_loss, Profit: -4212.550209297037, Duration: 2985.0 minutes)
2024-10-30 22:04:14,842 - Buy 164.49 shares at 125.53 on 2024-04-05 11:15:00-04:00
2024-10-30 22:04:14,842 - Buy 159.53 shares at 126.84 on 2024-04-08 09:45:00-04:00
2024-10-30 22:04:14,843 - Buy 159.48 shares at 124.34 on 2024-04-10 09:30:00-04:00
2024-10-30 22:04:14,843 - Buy 155.23 shares at 125.19 on 2024-04-11 11:30:00-04:00
2024-10-30 22:04:14,843 - Buy 152.29 shares at 125.06 on 2024-04-11 12:30:00-04:00
2024-10-30 22:04:14,844 - Buy 148.34 shares at 125.82 on 2024-04-15 10:15:00-04:00
2024-10-30 22:04:14,844 - Buy 147.84 shares at 123.72 on 2024-04-16 12:45:00-04:00
2024-10-30 22:04:14,844 - Buy 143.63 shares at 124.8 on 2024-04-17 09:30:00-04:00
2024-10-30 22:04:14,844 - Buy 141.36 shares at 124.27 on 2024-04-17 15:15:00-04:00
2024-10-30 22:04:14,845 - Buy 138.88 shares at 123.96 on 2024-04-19 10:15:00-04:00
2024-10-30 22:04:14,845 - Buy 135.20 shares at 124.78 on 2024-04-22 10:30:00-04:00
2024-10-30 22:04:14,846 - Buy 131.01 shares at 126.2 on 2024-04-24 14:45:00-04:00
2024-10-30 22:04:14,846 - Buy 129.27 shares at 125.34 on 2024-04-25 13:45:00-04:00
2024-10-30 22:04:14,847 - Buy 125.06 shares at 126.97 on 2024-04-29 12:00:00-04:00
2024-10-30 22:04:14,847 - Buy 120.60 shares at 129.03 on 2024-04-30 09:45:00-04:00
2024-10-30 22:04:14,847 - Buy 118.82 shares at 128.34 on 2024-04-30 15:15:00-04:00
2024-10-30 22:04:14,847 - Buy 116.17 shares at 128.65 on 2024-05-01 10:45:00-04:00
2024-10-30 22:04:14,848 - Sell 2387.19 shares at 125.38 on 2024-05-02 09:30:00-04:00 (Exit: Stop_loss, Profit: -787.6905635755361, Duration: 1365.0 minutes)
2024-10-30 22:04:14,848 - Buy 164.82 shares at 125.18 on 2024-05-02 15:15:00-04:00
2024-10-30 22:04:14,848 - Buy 164.17 shares at 123.16 on 2024-05-03 13:45:00-04:00
2024-10-30 22:04:14,848 - Buy 160.81 shares at 123.22 on 2024-05-06 12:15:00-04:00
2024-10-30 22:04:14,848 - Buy 156.96 shares at 123.72 on 2024-05-06 13:30:00-04:00
2024-10-30 22:04:14,849 - Buy 149.12 shares at 127.62 on 2024-05-09 10:30:00-04:00
2024-10-30 22:04:14,850 - Buy 142.79 shares at 130.61 on 2024-05-13 09:30:00-04:00
2024-10-30 22:04:14,850 - Buy 138.03 shares at 132.41 on 2024-05-14 13:00:00-04:00
2024-10-30 22:04:14,851 - Buy 134.20 shares at 133.47 on 2024-05-16 13:45:00-04:00
2024-10-30 22:04:14,851 - Buy 133.20 shares at 131.78 on 2024-05-17 14:00:00-04:00
2024-10-30 22:04:14,852 - Buy 128.31 shares at 134.07 on 2024-05-22 12:45:00-04:00
2024-10-30 22:04:14,852 - Buy 123.58 shares at 136.41 on 2024-05-23 10:00:00-04:00
2024-10-30 22:04:14,852 - Buy 121.26 shares at 136.24 on 2024-05-24 12:15:00-04:00
2024-10-30 22:04:14,853 - Buy 120.97 shares at 133.84 on 2024-05-28 13:45:00-04:00
2024-10-30 22:04:14,853 - Buy 119.24 shares at 133.06 on 2024-05-29 13:45:00-04:00
2024-10-30 22:04:14,853 - Buy 114.74 shares at 135.52 on 2024-05-31 10:00:00-04:00
2024-10-30 22:04:14,854 - Buy 113.40 shares at 134.37 on 2024-06-03 09:45:00-04:00
2024-10-30 22:04:14,854 - Buy 109.31 shares at 136.62 on 2024-06-04 09:45:00-04:00
2024-10-30 22:04:14,855 - Buy 103.05 shares at 142.01 on 2024-06-06 10:45:00-04:00
2024-10-30 22:04:14,855 - Buy 100.57 shares at 142.61 on 2024-06-06 15:00:00-04:00
2024-10-30 22:04:14,855 - Buy 97.95 shares at 143.5 on 2024-06-10 12:30:00-04:00
2024-10-30 22:04:14,856 - Buy 96.71 shares at 142.42 on 2024-06-11 14:00:00-04:00
2024-10-30 22:04:14,856 - Buy 93.99 shares at 143.62 on 2024-06-12 15:00:00-04:00
2024-10-30 22:04:14,856 - Buy 92.96 shares at 142.3 on 2024-06-13 15:00:00-04:00
2024-10-30 22:04:14,857 - Buy 91.81 shares at 141.21 on 2024-06-18 10:30:00-04:00
2024-10-30 22:04:14,857 - Buy 90.36 shares at 140.6 on 2024-06-18 15:30:00-04:00
2024-10-30 22:04:14,858 - Buy 87.79 shares at 141.83 on 2024-06-21 11:15:00-04:00
2024-10-30 22:04:14,858 - Buy 85.70 shares at 142.37 on 2024-06-24 11:15:00-04:00
2024-10-30 22:04:14,858 - Buy 81.80 shares at 146.18 on 2024-06-25 09:45:00-04:00
2024-10-30 22:04:14,858 - Sell 3317.60 shares at 147.82 on 2024-06-25 11:15:00-04:00 (Exit: Profit_take, Profit: 44730.23673979394, Duration: 90.0 minutes)
2024-10-30 22:04:14,859 - Buy 148.34 shares at 145.12 on 2024-06-27 09:30:00-04:00
2024-10-30 22:04:14,859 - Buy 146.08 shares at 144.41 on 2024-06-27 10:15:00-04:00
2024-10-30 22:04:14,859 - Buy 143.54 shares at 144.03 on 2024-06-27 13:45:00-04:00
2024-10-30 22:04:14,860 - Buy 140.15 shares at 144.56 on 2024-07-01 10:45:00-04:00
2024-10-30 22:04:14,860 - Sell 578.12 shares at 139.62 on 2024-07-02 09:30:00-04:00 (Exit: Stop_loss, Profit: -2840.9782989708074, Duration: 1365.0 minutes)
2024-10-30 22:04:14,860 - Buy 150.23 shares at 142.91 on 2024-07-02 13:45:00-04:00
2024-10-30 22:04:14,860 - Sell 150.23 shares at 137.55 on 2024-07-03 11:15:00-04:00 (Exit: Stop_loss, Profit: -805.2504007577904, Duration: 1290.0 minutes)
2024-10-30 22:04:14,861 - Buy 151.69 shares at 141.43 on 2024-07-05 10:45:00-04:00
2024-10-30 22:04:14,861 - Buy 149.51 shares at 140.62 on 2024-07-09 14:00:00-04:00
2024-10-30 22:04:14,861 - Buy 145.46 shares at 141.65 on 2024-07-10 11:00:00-04:00
2024-10-30 22:04:14,862 - Buy 142.10 shares at 142.1 on 2024-07-12 09:30:00-04:00
2024-10-30 22:04:14,862 - Buy 138.75 shares at 142.62 on 2024-07-12 15:15:00-04:00
2024-10-30 22:04:14,863 - Buy 136.80 shares at 141.76 on 2024-07-16 10:15:00-04:00
2024-10-30 22:04:14,863 - Sell 864.31 shares at 136.31 on 2024-07-17 09:30:00-04:00 (Exit: Stop_loss, Profit: -4641.607574063877, Duration: 1395.0 minutes)
2024-10-30 22:04:14,863 - Buy 157.18 shares at 135.9 on 2024-07-17 14:15:00-04:00
2024-10-30 22:04:14,863 - Sell 157.18 shares at 130.37 on 2024-07-18 10:30:00-04:00 (Exit: Stop_loss, Profit: -869.2110731299296, Duration: 1215.0 minutes)
2024-10-30 22:04:14,863 - Buy 164.28 shares at 129.92 on 2024-07-18 14:45:00-04:00
2024-10-30 22:04:14,864 - Buy 157.29 shares at 132.98 on 2024-07-22 09:30:00-04:00
2024-10-30 22:04:14,864 - Buy 154.63 shares at 132.56 on 2024-07-22 10:15:00-04:00
2024-10-30 22:04:14,865 - Buy 152.45 shares at 131.77 on 2024-07-24 14:15:00-04:00
2024-10-30 22:04:14,865 - Sell 628.66 shares at 127.91 on 2024-07-25 09:45:00-04:00 (Exit: Stop_loss, Profit: -2435.1821143437983, Duration: 1170.0 minutes)
2024-10-30 22:04:14,865 - Buy 164.67 shares at 129.32 on 2024-07-25 13:15:00-04:00
2024-10-30 22:04:14,865 - Buy 163.34 shares at 127.76 on 2024-07-26 13:45:00-04:00
2024-10-30 22:04:14,865 - Buy 158.00 shares at 129.44 on 2024-07-29 09:45:00-04:00
2024-10-30 22:04:14,866 - Buy 152.57 shares at 131.37 on 2024-07-30 09:30:00-04:00
2024-10-30 22:04:14,866 - Buy 152.17 shares at 129.08 on 2024-07-30 15:30:00-04:00
2024-10-30 22:04:14,866 - Buy 145.11 shares at 132.65 on 2024-07-31 14:45:00-04:00
2024-10-30 22:04:14,867 - Sell 935.85 shares at 129.71 on 2024-08-02 09:30:00-04:00 (Exit: Stop_loss, Profit: -158.61402006352907, Duration: 2565.0 minutes)
2024-10-30 22:04:14,867 - Buy 168.67 shares at 126.23 on 2024-08-05 13:00:00-04:00
2024-10-30 22:04:14,867 - Buy 162.13 shares at 128.7 on 2024-08-06 09:30:00-04:00
2024-10-30 22:04:14,868 - Sell 330.80 shares at 122.78 on 2024-08-07 09:30:00-04:00 (Exit: Stop_loss, Profit: -1541.7179381997976, Duration: 1440.0 minutes)
2024-10-30 22:04:14,868 - Buy 177.35 shares at 119.88 on 2024-08-07 15:30:00-04:00
2024-10-30 22:04:14,868 - Sell 177.35 shares at 132.96 on 2024-08-09 09:45:00-04:00 (Exit: Profit_take, Profit: 2319.747701382947, Duration: 2535.0 minutes)
2024-10-30 22:04:14,869 - Buy 159.25 shares at 133.8 on 2024-08-13 09:45:00-04:00
2024-10-30 22:04:14,869 - Buy 155.41 shares at 134.36 on 2024-08-14 11:15:00-04:00
2024-10-30 22:04:14,869 - Buy 150.21 shares at 136.23 on 2024-08-15 09:45:00-04:00
2024-10-30 22:04:14,870 - Buy 148.25 shares at 135.27 on 2024-08-16 14:15:00-04:00
2024-10-30 22:04:14,870 - Buy 144.76 shares at 135.76 on 2024-08-19 10:00:00-04:00
2024-10-30 22:04:14,870 - Buy 141.38 shares at 136.23 on 2024-08-20 09:45:00-04:00
2024-10-30 22:04:14,871 - Buy 139.41 shares at 135.39 on 2024-08-20 14:30:00-04:00
2024-10-30 22:04:14,871 - Buy 137.50 shares at 134.53 on 2024-08-21 14:15:00-04:00
2024-10-30 22:04:14,872 - Buy 132.89 shares at 136.41 on 2024-08-23 11:00:00-04:00
2024-10-30 22:04:14,872 - Buy 130.08 shares at 136.57 on 2024-08-23 15:00:00-04:00
2024-10-30 22:04:14,872 - Buy 128.74 shares at 135.23 on 2024-08-27 14:00:00-04:00
2024-10-30 22:04:14,873 - Buy 126.65 shares at 134.71 on 2024-08-28 13:00:00-04:00
2024-10-30 22:04:14,873 - Buy 122.70 shares at 136.27 on 2024-08-29 10:00:00-04:00
2024-10-30 22:04:14,873 - Buy 117.93 shares at 138.94 on 2024-08-30 15:30:00-04:00
2024-10-30 22:04:14,874 - Sell 1935.16 shares at 134.19 on 2024-09-04 09:30:00-04:00 (Exit: Stop_loss, Profit: -2780.3404498030172, Duration: 6840.0 minutes)
2024-10-30 22:04:14,874 - Buy 158.06 shares at 134.45 on 2024-09-04 14:00:00-04:00
2024-10-30 22:04:14,874 - Buy 158.97 shares at 131.01 on 2024-09-05 15:15:00-04:00
2024-10-30 22:04:14,875 - Buy 154.24 shares at 132.33 on 2024-09-09 09:30:00-04:00
2024-10-30 22:04:14,875 - Buy 153.95 shares at 129.92 on 2024-09-10 14:30:00-04:00
2024-10-30 22:04:14,876 - Buy 144.87 shares at 135.31 on 2024-09-12 11:30:00-04:00
2024-10-30 22:04:14,876 - Buy 141.75 shares at 135.52 on 2024-09-12 12:15:00-04:00
2024-10-30 22:04:14,876 - Buy 138.50 shares at 135.92 on 2024-09-12 13:00:00-04:00
2024-10-30 22:04:14,876 - Buy 134.02 shares at 137.66 on 2024-09-16 10:15:00-04:00
2024-10-30 22:04:14,876 - Sell 1184.36 shares at 133.27 on 2024-09-17 09:30:00-04:00 (Exit: Stop_loss, Profit: -736.3544136077885, Duration: 1395.0 minutes)
2024-10-30 22:04:14,877 - Buy 159.64 shares at 133.03 on 2024-09-18 14:15:00-04:00
2024-10-30 22:04:14,877 - Sell 159.64 shares at 127.98 on 2024-09-20 09:30:00-04:00 (Exit: Stop_loss, Profit: -806.1804349012201, Duration: 2595.0 minutes)
2024-10-30 22:04:14,877 - Buy 167.13 shares at 126.97 on 2024-09-20 14:15:00-04:00
2024-10-30 22:04:14,878 - Sell 167.13 shares at 123.69 on 2024-09-23 09:30:00-04:00 (Exit: Stop_loss, Profit: -548.1928133356992, Duration: 4035.0 minutes)
2024-10-30 22:04:14,878 - Buy 170.13 shares at 124.67 on 2024-09-24 09:30:00-04:00
2024-10-30 22:04:14,878 - Buy 163.87 shares at 126.84 on 2024-09-25 10:15:00-04:00
2024-10-30 22:04:14,878 - Buy 160.99 shares at 126.53 on 2024-09-25 15:15:00-04:00
2024-10-30 22:04:14,879 - Sell 494.99 shares at 121.03 on 2024-09-27 09:30:00-04:00 (Exit: Stop_loss, Profit: -2456.799427636652, Duration: 2535.0 minutes)
2024-10-30 22:04:14,879 - Buy 175.11 shares at 120.84 on 2024-09-27 14:30:00-04:00
2024-10-30 22:04:14,879 - Buy 175.30 shares at 118.3 on 2024-09-30 14:00:00-04:00
2024-10-30 22:04:14,880 - Buy 172.15 shares at 118.05 on 2024-10-01 15:30:00-04:00
2024-10-30 22:04:14,880 - Buy 171.09 shares at 116.41 on 2024-10-02 15:45:00-04:00
2024-10-30 22:04:14,880 - Buy 170.08 shares at 114.76 on 2024-10-04 13:45:00-04:00
2024-10-30 22:04:14,881 - Buy 163.82 shares at 116.76 on 2024-10-08 15:30:00-04:00
2024-10-30 22:04:14,881 - Buy 160.65 shares at 116.68 on 2024-10-09 13:15:00-04:00
2024-10-30 22:04:14,881 - Buy 153.19 shares at 119.92 on 2024-10-11 09:30:00-04:00
2024-10-30 22:04:14,882 - Buy 149.47 shares at 120.44 on 2024-10-14 09:45:00-04:00
2024-10-30 22:04:14,882 - Buy 147.10 shares at 119.94 on 2024-10-14 14:45:00-04:00
2024-10-30 22:04:14,882 - Buy 146.59 shares at 117.95 on 2024-10-15 15:15:00-04:00
2024-10-30 22:04:14,882 - Buy 144.27 shares at 117.45 on 2024-10-16 13:00:00-04:00
2024-10-30 22:04:14,883 - Buy 141.02 shares at 117.75 on 2024-10-18 13:45:00-04:00
2024-10-30 22:04:14,883 - Buy 138.79 shares at 117.25 on 2024-10-21 14:45:00-04:00
2024-10-30 22:04:14,884 - Buy 136.92 shares at 116.47 on 2024-10-22 13:45:00-04:00
2024-10-30 22:04:14,884 - Buy 135.25 shares at 115.55 on 2024-10-23 14:00:00-04:00
2024-10-30 22:04:14,885 - Sell 2480.79 shares at 111.95 on 2024-10-28 09:30:00-04:00 (Exit: Stop_loss, Profit: -14506.343601491364, Duration: 6930.0 minutes)
2024-10-30 22:04:14,885 - Buy 185.58 shares at 112.46 on 2024-10-28 14:00:00-04:00
2024-10-30 22:04:14,885 - Buy 182.47 shares at 112.09 on 2024-10-29 15:00:00-04:00
2024-10-30 22:04:14,885 - Sell 368.05 shares at 107.48 on 2024-10-30 09:30:00-04:00 (Exit: Stop_loss, Profit: -1765.3854015579197, Duration: 1110.0 minutes)
2024-10-30 22:04:14,885 - Buy 185.53 shares at 112.3 on 2024-10-30 12:15:00-04:00
2024-10-30 22:04:15,078 - Holding 185.53170024657814 shares as an open position at the end with unrealized return: 0.00854853072128235, Duration: 210.0 minutes
