2024-10-30 22:04:13.138514 - Final statistics: total_trades: 13, 
winning_trades: 3, 
losing_trades: 10, 
average_return: -0.007446803709986242, 
average_duration: 3564.230769230769, 
final_balance: 798882.7974061522, 
final_portfolio_value: 1032805.5084409734, 


2024-10-30 22:04:12.878959 - Final statistics: total_trades: 30, 
winning_trades: 8, 
losing_trades: 22, 
average_return: -0.00895016624718688, 
average_duration: 3900.5, 
final_balance: 978517.3065199776, 
final_portfolio_value: 998411.5176197015, 


2024-10-30 22:04:12.591878 - Final statistics: total_trades: 19, 
winning_trades: 8, 
losing_trades: 11, 
average_return: 0.004231007893460918, 
average_duration: 3249.4736842105262, 
final_balance: 771786.3994577448, 
final_portfolio_value: 997774.9518300564, 


2024-10-30 22:04:12.312768 - Final statistics: total_trades: 36, 
winning_trades: 11, 
losing_trades: 25, 
average_return: -0.0029845758890657994, 
average_duration: 3464.5833333333335, 
final_balance: 979164.1708316931, 
final_portfolio_value: 999071.5333137016, 


