2024-10-31 00:34:39,311 - Starting SmaCrossoverStrategy with initial capital: 1000000
2024-10-31 00:34:39,311 - Hyperparameters: {'fast_period': 15, 'slow_period': 30}
2024-10-31 00:34:39,322 - Buy 102.00 shares at 196.07 on 2023-12-18 15:30:00-05:00
2024-10-31 00:34:39,322 - Sell 102.00 shares at 196.1 on 2023-12-19 14:30:00-05:00 (Exit: Signal, Profit: 3.0601315856582993, Duration: 1380.0 minutes)
2024-10-31 00:34:39,323 - Buy 101.26 shares at 197.52 on 2023-12-20 09:45:00-05:00
2024-10-31 00:34:39,323 - Sell 101.26 shares at 195.2 on 2023-12-20 15:15:00-05:00 (Exit: Signal, Profit: -234.9136390750608, Duration: 330.0 minutes)
2024-10-31 00:34:39,323 - Buy 102.88 shares at 194.35 on 2023-12-22 10:45:00-05:00
2024-10-31 00:34:39,324 - Sell 102.88 shares at 194.0 on 2023-12-22 13:45:00-05:00 (Exit: Signal, Profit: -36.009143429109656, Duration: 180.0 minutes)
2024-10-31 00:34:39,324 - Buy 103.64 shares at 192.93 on 2023-12-27 14:45:00-05:00
2024-10-31 00:34:39,325 - Sell 103.64 shares at 193.55 on 2023-12-29 09:30:00-05:00 (Exit: Signal, Profit: 64.25479968449024, Duration: 2565.0 minutes)
2024-10-31 00:34:39,325 - Buy 108.45 shares at 184.38 on 2024-01-03 15:15:00-05:00
2024-10-31 00:34:39,325 - Sell 108.45 shares at 181.49 on 2024-01-04 09:45:00-05:00 (Exit: Signal, Profit: -313.4191965842196, Duration: 1110.0 minutes)
2024-10-31 00:34:39,326 - Buy 109.84 shares at 181.99 on 2024-01-05 09:30:00-05:00
2024-10-31 00:34:39,326 - Sell 109.84 shares at 182.06 on 2024-01-05 11:30:00-05:00 (Exit: Signal, Profit: 7.68875302012703, Duration: 120.0 minutes)
2024-10-31 00:34:39,326 - Buy 108.88 shares at 183.59 on 2024-01-08 10:45:00-05:00
2024-10-31 00:34:39,327 - Sell 108.88 shares at 184.55 on 2024-01-09 12:00:00-05:00 (Exit: Signal, Profit: 104.52759248728165, Duration: 1515.0 minutes)
2024-10-31 00:34:39,327 - Buy 108.36 shares at 184.5 on 2024-01-09 14:30:00-05:00
2024-10-31 00:34:39,327 - Sell 108.36 shares at 184.19 on 2024-01-10 12:30:00-05:00 (Exit: Signal, Profit: -33.59073264848628, Duration: 1320.0 minutes)
2024-10-31 00:34:39,327 - Buy 107.69 shares at 185.63 on 2024-01-10 14:15:00-05:00
2024-10-31 00:34:39,327 - Sell 107.69 shares at 184.06 on 2024-01-11 12:15:00-05:00 (Exit: Signal, Profit: -169.0795356081568, Duration: 1320.0 minutes)
2024-10-31 00:34:39,328 - Buy 107.80 shares at 185.42 on 2024-01-11 15:30:00-05:00
2024-10-31 00:34:39,328 - Sell 107.80 shares at 185.48 on 2024-01-12 15:00:00-05:00 (Exit: Signal, Profit: 6.4678622739476035, Duration: 1410.0 minutes)
2024-10-31 00:34:39,328 - Buy 109.50 shares at 182.54 on 2024-01-17 15:30:00-05:00
2024-10-31 00:34:39,329 - Sell 109.50 shares at 191.94 on 2024-01-19 14:00:00-05:00 (Exit: Profit_take, Profit: 1029.2922621652292, Duration: 2790.0 minutes)
2024-10-31 00:34:39,330 - Buy 102.19 shares at 195.8 on 2024-01-25 12:30:00-05:00
2024-10-31 00:34:39,330 - Sell 102.19 shares at 193.56 on 2024-01-25 14:45:00-05:00 (Exit: Signal, Profit: -228.90289533244965, Duration: 135.0 minutes)
2024-10-31 00:34:39,331 - Buy 104.30 shares at 191.79 on 2024-01-29 15:45:00-05:00
2024-10-31 00:34:39,331 - Sell 104.30 shares at 188.23 on 2024-01-30 11:00:00-05:00 (Exit: Signal, Profit: -371.3133927191618, Duration: 1155.0 minutes)
2024-10-31 00:34:39,332 - Buy 107.44 shares at 186.11 on 2024-02-01 10:15:00-05:00
2024-10-31 00:34:39,332 - Sell 107.44 shares at 185.37 on 2024-02-01 10:45:00-05:00 (Exit: Signal, Profit: -79.50918988992703, Duration: 30.0 minutes)
2024-10-31 00:34:39,332 - Buy 107.86 shares at 185.38 on 2024-02-01 13:30:00-05:00
2024-10-31 00:34:39,332 - Sell 107.86 shares at 183.59 on 2024-02-02 10:00:00-05:00 (Exit: Signal, Profit: -193.06828256337332, Duration: 1230.0 minutes)
2024-10-31 00:34:39,332 - Buy 107.52 shares at 185.93 on 2024-02-02 13:45:00-05:00
2024-10-31 00:34:39,333 - Sell 107.52 shares at 188.85 on 2024-02-06 11:30:00-05:00 (Exit: Signal, Profit: 313.9570824878845, Duration: 5625.0 minutes)
2024-10-31 00:34:39,333 - Buy 105.85 shares at 188.92 on 2024-02-06 13:30:00-05:00
2024-10-31 00:34:39,333 - Sell 105.85 shares at 189.18 on 2024-02-07 15:00:00-05:00 (Exit: Signal, Profit: 27.521284675390806, Duration: 1530.0 minutes)
2024-10-31 00:34:39,334 - Buy 106.09 shares at 188.5 on 2024-02-09 10:15:00-05:00
2024-10-31 00:34:39,334 - Sell 106.09 shares at 187.99 on 2024-02-12 09:45:00-05:00 (Exit: Signal, Profit: -54.10583039977308, Duration: 4290.0 minutes)
2024-10-31 00:34:39,335 - Buy 109.69 shares at 182.31 on 2024-02-16 09:45:00-05:00
2024-10-31 00:34:39,335 - Sell 109.69 shares at 182.25 on 2024-02-16 15:15:00-05:00 (Exit: Signal, Profit: -6.581160822314749, Duration: 330.0 minutes)
2024-10-31 00:34:39,336 - Buy 109.55 shares at 182.54 on 2024-02-21 09:45:00-05:00
2024-10-31 00:34:39,336 - Sell 109.55 shares at 180.81 on 2024-02-21 14:30:00-05:00 (Exit: Signal, Profit: -189.51646311064894, Duration: 285.0 minutes)
2024-10-31 00:34:39,336 - Buy 109.33 shares at 182.87 on 2024-02-22 10:45:00-05:00
2024-10-31 00:34:39,337 - Sell 109.33 shares at 182.88 on 2024-02-23 12:00:00-05:00 (Exit: Signal, Profit: 1.0932867723577275, Duration: 1515.0 minutes)
2024-10-31 00:34:39,337 - Buy 110.35 shares at 181.18 on 2024-02-27 10:15:00-05:00
2024-10-31 00:34:39,337 - Sell 110.35 shares at 180.75 on 2024-02-27 11:30:00-05:00 (Exit: Signal, Profit: -47.449892597967086, Duration: 75.0 minutes)
2024-10-31 00:34:39,337 - Buy 109.51 shares at 182.56 on 2024-02-27 15:00:00-05:00
2024-10-31 00:34:39,338 - Sell 109.51 shares at 180.22 on 2024-02-28 12:45:00-05:00 (Exit: Signal, Profit: -256.25163723256725, Duration: 1305.0 minutes)
2024-10-31 00:34:39,338 - Buy 110.46 shares at 180.95 on 2024-02-29 10:45:00-05:00
2024-10-31 00:34:39,338 - Sell 110.46 shares at 180.56 on 2024-02-29 13:00:00-05:00 (Exit: Signal, Profit: -43.07755946997632, Duration: 135.0 minutes)
2024-10-31 00:34:39,338 - Buy 111.25 shares at 179.65 on 2024-03-01 15:30:00-05:00
2024-10-31 00:34:39,338 - Sell 111.25 shares at 174.18 on 2024-03-04 10:15:00-05:00 (Exit: Signal, Profit: -608.5362513259191, Duration: 4005.0 minutes)
2024-10-31 00:34:39,339 - Buy 117.11 shares at 170.56 on 2024-03-07 13:45:00-05:00
2024-10-31 00:34:39,340 - Sell 117.11 shares at 171.4 on 2024-03-12 09:30:00-04:00 (Exit: Signal, Profit: 98.37027815806424, Duration: 6885.0 minutes)
2024-10-31 00:34:39,340 - Buy 115.43 shares at 173.05 on 2024-03-12 13:15:00-04:00
2024-10-31 00:34:39,340 - Sell 115.43 shares at 171.04 on 2024-03-13 10:45:00-04:00 (Exit: Signal, Profit: -232.0219273211588, Duration: 1290.0 minutes)
2024-10-31 00:34:39,341 - Buy 115.57 shares at 172.81 on 2024-03-14 09:45:00-04:00
2024-10-31 00:34:39,341 - Sell 115.57 shares at 171.44 on 2024-03-15 09:45:00-04:00 (Exit: Signal, Profit: -158.32714248554612, Duration: 1440.0 minutes)
2024-10-31 00:34:39,341 - Buy 113.15 shares at 176.47 on 2024-03-18 09:30:00-04:00
2024-10-31 00:34:39,342 - Sell 113.15 shares at 173.72 on 2024-03-18 15:45:00-04:00 (Exit: Signal, Profit: -311.1692115959551, Duration: 375.0 minutes)
2024-10-31 00:34:39,342 - Buy 113.65 shares at 175.65 on 2024-03-19 13:15:00-04:00
2024-10-31 00:34:39,343 - Sell 113.65 shares at 172.83 on 2024-03-21 11:15:00-04:00 (Exit: Signal, Profit: -320.47959926017097, Duration: 2760.0 minutes)
2024-10-31 00:34:39,343 - Buy 115.77 shares at 172.37 on 2024-03-22 12:15:00-04:00
2024-10-31 00:34:39,343 - Sell 115.77 shares at 170.05 on 2024-03-25 10:15:00-04:00 (Exit: Signal, Profit: -268.5877905328791, Duration: 4200.0 minutes)
2024-10-31 00:34:39,343 - Buy 116.17 shares at 171.73 on 2024-03-25 15:30:00-04:00
2024-10-31 00:34:39,343 - Sell 116.17 shares at 170.58 on 2024-03-26 11:45:00-04:00 (Exit: Signal, Profit: -133.59638633764385, Duration: 1215.0 minutes)
2024-10-31 00:34:39,344 - Buy 115.72 shares at 172.38 on 2024-03-27 10:00:00-04:00
2024-10-31 00:34:39,344 - Sell 115.72 shares at 170.78 on 2024-03-28 10:30:00-04:00 (Exit: Signal, Profit: -185.14755335383958, Duration: 1470.0 minutes)
2024-10-31 00:34:39,344 - Buy 116.29 shares at 171.5 on 2024-03-28 15:45:00-04:00
2024-10-31 00:34:39,344 - Sell 116.29 shares at 169.61 on 2024-04-01 11:00:00-04:00 (Exit: Signal, Profit: -219.78696025166852, Duration: 5475.0 minutes)
2024-10-31 00:34:39,345 - Buy 117.93 shares at 169.08 on 2024-04-03 09:45:00-04:00
2024-10-31 00:34:39,346 - Sell 117.93 shares at 169.31 on 2024-04-04 15:30:00-04:00 (Exit: Signal, Profit: 27.12339864568763, Duration: 1785.0 minutes)
2024-10-31 00:34:39,346 - Buy 117.44 shares at 169.79 on 2024-04-05 14:00:00-04:00
2024-10-31 00:34:39,346 - Sell 117.44 shares at 169.0 on 2024-04-08 10:00:00-04:00 (Exit: Signal, Profit: -92.77592827997158, Duration: 4080.0 minutes)
2024-10-31 00:34:39,346 - Buy 117.30 shares at 169.98 on 2024-04-09 10:00:00-04:00
2024-10-31 00:34:39,346 - Sell 117.30 shares at 168.62 on 2024-04-09 14:30:00-04:00 (Exit: Signal, Profit: -159.5221496204749, Duration: 270.0 minutes)
2024-10-31 00:34:39,347 - Buy 117.98 shares at 168.97 on 2024-04-11 09:45:00-04:00
2024-10-31 00:34:39,347 - Sell 117.98 shares at 178.06 on 2024-04-12 09:45:00-04:00 (Exit: Profit_take, Profit: 1072.4194651211674, Duration: 1440.0 minutes)
2024-10-31 00:34:39,348 - Buy 117.50 shares at 169.84 on 2024-04-17 10:45:00-04:00
2024-10-31 00:34:39,348 - Sell 117.50 shares at 168.36 on 2024-04-17 12:45:00-04:00 (Exit: Signal, Profit: -173.89983212234205, Duration: 120.0 minutes)
2024-10-31 00:34:39,349 - Buy 120.65 shares at 165.38 on 2024-04-22 10:15:00-04:00
2024-10-31 00:34:39,349 - Sell 120.65 shares at 166.59 on 2024-04-23 12:30:00-04:00 (Exit: Signal, Profit: 145.98361539059948, Duration: 1575.0 minutes)
2024-10-31 00:34:39,349 - Buy 119.65 shares at 166.79 on 2024-04-23 14:00:00-04:00
2024-10-31 00:34:39,351 - Sell 119.65 shares at 170.02 on 2024-04-26 14:45:00-04:00 (Exit: Signal, Profit: 386.45398636693625, Duration: 4365.0 minutes)
2024-10-31 00:34:39,351 - Buy 113.95 shares at 175.19 on 2024-04-29 09:45:00-04:00
2024-10-31 00:34:39,351 - Sell 113.95 shares at 174.61 on 2024-04-30 10:00:00-04:00 (Exit: Signal, Profit: -66.09249308962902, Duration: 1455.0 minutes)
2024-10-31 00:34:39,352 - Buy 115.79 shares at 172.4 on 2024-05-01 15:15:00-04:00
2024-10-31 00:34:39,352 - Sell 115.79 shares at 183.74 on 2024-05-03 09:30:00-04:00 (Exit: Profit_take, Profit: 1313.0476573233095, Duration: 2535.0 minutes)
2024-10-31 00:34:39,353 - Buy 109.45 shares at 182.63 on 2024-05-07 10:30:00-04:00
2024-10-31 00:34:39,353 - Sell 109.45 shares at 182.5 on 2024-05-07 14:45:00-04:00 (Exit: Signal, Profit: -14.228099310987043, Duration: 255.0 minutes)
2024-10-31 00:34:39,353 - Buy 109.79 shares at 182.05 on 2024-05-08 10:45:00-04:00
2024-10-31 00:34:39,353 - Sell 109.79 shares at 182.17 on 2024-05-08 12:30:00-04:00 (Exit: Signal, Profit: 13.175285491848456, Duration: 105.0 minutes)
2024-10-31 00:34:39,353 - Buy 109.41 shares at 182.69 on 2024-05-08 14:15:00-04:00
2024-10-31 00:34:39,354 - Sell 109.41 shares at 182.69 on 2024-05-10 11:15:00-04:00 (Exit: Signal, Profit: 0.0, Duration: 2700.0 minutes)
2024-10-31 00:34:39,354 - Buy 107.96 shares at 185.15 on 2024-05-13 10:00:00-04:00
2024-10-31 00:34:39,356 - Sell 107.96 shares at 189.93 on 2024-05-16 14:15:00-04:00 (Exit: Signal, Profit: 516.035259996331, Duration: 4575.0 minutes)
2024-10-31 00:34:39,356 - Buy 104.75 shares at 190.91 on 2024-05-20 09:45:00-04:00
2024-10-31 00:34:39,357 - Sell 104.75 shares at 191.62 on 2024-05-22 12:15:00-04:00 (Exit: Signal, Profit: 74.3753552573415, Duration: 3030.0 minutes)
2024-10-31 00:34:39,357 - Buy 105.16 shares at 190.18 on 2024-05-24 11:45:00-04:00
2024-10-31 00:34:39,358 - Sell 105.16 shares at 189.76 on 2024-05-28 15:00:00-04:00 (Exit: Signal, Profit: -44.168854005872284, Duration: 5955.0 minutes)
2024-10-31 00:34:39,358 - Buy 104.47 shares at 191.44 on 2024-05-29 11:45:00-04:00
2024-10-31 00:34:39,358 - Sell 104.47 shares at 190.88 on 2024-05-30 09:45:00-04:00 (Exit: Signal, Profit: -58.50161329198257, Duration: 1320.0 minutes)
2024-10-31 00:34:39,358 - Buy 104.12 shares at 192.06 on 2024-05-30 13:00:00-04:00
2024-10-31 00:34:39,359 - Sell 104.12 shares at 190.4 on 2024-05-31 11:15:00-04:00 (Exit: Signal, Profit: -172.84557120087118, Duration: 1335.0 minutes)
2024-10-31 00:34:39,359 - Buy 103.00 shares at 194.12 on 2024-06-03 09:45:00-04:00
2024-10-31 00:34:39,381 - Sell 103.00 shares at 194.08 on 2024-06-03 15:45:00-04:00 (Exit: Signal, Profit: -4.120042742393713, Duration: 360.0 minutes)
2024-10-31 00:34:39,381 - Buy 103.03 shares at 194.06 on 2024-06-04 11:30:00-04:00
2024-10-31 00:34:39,382 - Sell 103.03 shares at 195.84 on 2024-06-06 11:15:00-04:00 (Exit: Signal, Profit: 183.39783237047712, Duration: 2865.0 minutes)
2024-10-31 00:34:39,382 - Buy 101.89 shares at 196.27 on 2024-06-07 13:00:00-04:00
2024-10-31 00:34:39,382 - Sell 101.89 shares at 195.55 on 2024-06-10 11:15:00-04:00 (Exit: Signal, Profit: -73.3615435315428, Duration: 4215.0 minutes)
2024-10-31 00:34:39,383 - Buy 98.91 shares at 202.18 on 2024-06-11 10:30:00-04:00
2024-10-31 00:34:39,383 - Sell 98.91 shares at 214.25 on 2024-06-12 09:45:00-04:00 (Exit: Profit_take, Profit: 1193.7876993170169, Duration: 1395.0 minutes)
2024-10-31 00:34:39,383 - Buy 94.12 shares at 212.71 on 2024-06-14 10:00:00-04:00
2024-10-31 00:34:39,384 - Sell 94.12 shares at 211.44 on 2024-06-14 12:30:00-04:00 (Exit: Signal, Profit: -119.5341691262346, Duration: 150.0 minutes)
2024-10-31 00:34:39,384 - Buy 92.86 shares at 215.57 on 2024-06-17 10:30:00-04:00
2024-10-31 00:34:39,384 - Sell 92.86 shares at 214.19 on 2024-06-18 11:00:00-04:00 (Exit: Signal, Profit: -128.14898055214346, Duration: 1470.0 minutes)
2024-10-31 00:34:39,385 - Buy 94.94 shares at 210.82 on 2024-06-21 11:15:00-04:00
2024-10-31 00:34:39,385 - Sell 94.94 shares at 210.53 on 2024-06-21 15:30:00-04:00 (Exit: Signal, Profit: -27.533091144003887, Duration: 255.0 minutes)
2024-10-31 00:34:39,385 - Buy 95.51 shares at 209.57 on 2024-06-24 13:00:00-04:00
2024-10-31 00:34:39,385 - Sell 95.51 shares at 208.86 on 2024-06-24 15:15:00-04:00 (Exit: Signal, Profit: -67.80880183175866, Duration: 135.0 minutes)
2024-10-31 00:34:39,386 - Buy 95.43 shares at 209.72 on 2024-06-25 12:45:00-04:00
2024-10-31 00:34:39,386 - Sell 95.43 shares at 212.98 on 2024-06-27 11:15:00-04:00 (Exit: Signal, Profit: 311.1036872138104, Duration: 2790.0 minutes)
2024-10-31 00:34:39,387 - Buy 93.63 shares at 213.83 on 2024-06-27 15:15:00-04:00
2024-10-31 00:34:39,387 - Sell 93.63 shares at 213.22 on 2024-06-28 14:15:00-04:00 (Exit: Signal, Profit: -57.11150483650917, Duration: 1380.0 minutes)
2024-10-31 00:34:39,387 - Buy 92.68 shares at 216.0 on 2024-07-01 12:00:00-04:00
2024-10-31 00:34:39,388 - Sell 92.68 shares at 226.82 on 2024-07-08 11:30:00-04:00 (Exit: Profit_take, Profit: 1002.7926333466617, Duration: 10050.0 minutes)
2024-10-31 00:34:39,390 - Buy 86.79 shares at 230.88 on 2024-07-12 10:15:00-04:00
2024-10-31 00:34:39,390 - Sell 86.79 shares at 233.5 on 2024-07-16 10:00:00-04:00 (Exit: Signal, Profit: 227.39844145188488, Duration: 5745.0 minutes)
2024-10-31 00:34:39,391 - Buy 87.85 shares at 228.16 on 2024-07-18 10:00:00-04:00
2024-10-31 00:34:39,391 - Sell 87.85 shares at 224.76 on 2024-07-18 11:00:00-04:00 (Exit: Signal, Profit: -298.6829763540234, Duration: 60.0 minutes)
2024-10-31 00:34:39,391 - Buy 89.14 shares at 224.79 on 2024-07-19 10:45:00-04:00
2024-10-31 00:34:39,392 - Sell 89.14 shares at 224.05 on 2024-07-19 13:30:00-04:00 (Exit: Signal, Profit: -65.9623833322574, Duration: 165.0 minutes)
2024-10-31 00:34:39,392 - Buy 88.38 shares at 226.7 on 2024-07-22 09:45:00-04:00
2024-10-31 00:34:39,392 - Sell 88.38 shares at 225.21 on 2024-07-22 13:45:00-04:00 (Exit: Signal, Profit: -131.68847256118056, Duration: 240.0 minutes)
2024-10-31 00:34:39,392 - Buy 88.74 shares at 225.75 on 2024-07-23 11:00:00-04:00
2024-10-31 00:34:39,392 - Sell 88.74 shares at 224.85 on 2024-07-23 15:30:00-04:00 (Exit: Signal, Profit: -79.86760662616021, Duration: 270.0 minutes)
2024-10-31 00:34:39,393 - Buy 90.83 shares at 220.54 on 2024-07-25 12:30:00-04:00
2024-10-31 00:34:39,393 - Sell 90.83 shares at 217.52 on 2024-07-26 10:45:00-04:00 (Exit: Signal, Profit: -274.3095091260115, Duration: 1335.0 minutes)
2024-10-31 00:34:39,393 - Buy 91.95 shares at 217.79 on 2024-07-26 14:45:00-04:00
2024-10-31 00:34:39,393 - Sell 91.95 shares at 217.81 on 2024-07-29 10:45:00-04:00 (Exit: Signal, Profit: 1.839053625332767, Duration: 4080.0 minutes)
2024-10-31 00:34:39,394 - Buy 91.74 shares at 218.3 on 2024-07-29 14:30:00-04:00
2024-10-31 00:34:39,394 - Sell 91.74 shares at 216.97 on 2024-07-30 12:15:00-04:00 (Exit: Signal, Profit: -122.01157554476528, Duration: 1305.0 minutes)
2024-10-31 00:34:39,394 - Buy 90.21 shares at 221.98 on 2024-07-31 09:45:00-04:00
2024-10-31 00:34:39,395 - Sell 90.21 shares at 221.09 on 2024-08-01 10:30:00-04:00 (Exit: Signal, Profit: -80.28351289463109, Duration: 1485.0 minutes)
2024-10-31 00:34:39,395 - Buy 90.02 shares at 222.43 on 2024-08-02 11:00:00-04:00
2024-10-31 00:34:39,395 - Sell 90.02 shares at 208.55 on 2024-08-05 09:30:00-04:00 (Exit: Stop_loss, Profit: -1249.4287228048254, Duration: 4230.0 minutes)
2024-10-31 00:34:39,396 - Buy 95.91 shares at 208.5 on 2024-08-06 13:45:00-04:00
2024-10-31 00:34:39,396 - Sell 95.91 shares at 210.57 on 2024-08-07 15:30:00-04:00 (Exit: Signal, Profit: 198.53510738085737, Duration: 1545.0 minutes)
2024-10-31 00:34:39,396 - Buy 93.98 shares at 212.82 on 2024-08-08 12:00:00-04:00
2024-10-31 00:34:39,397 - Sell 93.98 shares at 216.92 on 2024-08-12 15:30:00-04:00 (Exit: Signal, Profit: 385.3280922202134, Duration: 5970.0 minutes)
2024-10-31 00:34:39,397 - Buy 90.54 shares at 221.0 on 2024-08-13 10:15:00-04:00
2024-10-31 00:34:39,398 - Sell 90.54 shares at 221.41 on 2024-08-14 10:30:00-04:00 (Exit: Signal, Profit: 37.12086945242864, Duration: 1455.0 minutes)
2024-10-31 00:34:39,398 - Buy 90.03 shares at 222.25 on 2024-08-14 11:00:00-04:00
2024-10-31 00:34:39,398 - Sell 90.03 shares at 221.16 on 2024-08-14 15:15:00-04:00 (Exit: Signal, Profit: -98.13578456173617, Duration: 255.0 minutes)
2024-10-31 00:34:39,398 - Buy 89.15 shares at 224.43 on 2024-08-15 09:45:00-04:00
2024-10-31 00:34:39,399 - Sell 89.15 shares at 223.57 on 2024-08-19 10:30:00-04:00 (Exit: Signal, Profit: -76.66861383197768, Duration: 5805.0 minutes)
2024-10-31 00:34:39,399 - Buy 88.41 shares at 226.3 on 2024-08-20 09:30:00-04:00
2024-10-31 00:34:39,400 - Sell 88.41 shares at 226.21 on 2024-08-21 11:45:00-04:00 (Exit: Signal, Profit: -7.956548968717127, Duration: 1575.0 minutes)
2024-10-31 00:34:39,400 - Buy 88.21 shares at 226.79 on 2024-08-22 10:45:00-04:00
2024-10-31 00:34:39,400 - Sell 88.21 shares at 224.82 on 2024-08-22 13:30:00-04:00 (Exit: Signal, Profit: -173.78234580056792, Duration: 165.0 minutes)
2024-10-31 00:34:39,400 - Buy 88.53 shares at 225.94 on 2024-08-23 11:15:00-04:00
2024-10-31 00:34:39,401 - Sell 88.53 shares at 225.16 on 2024-08-26 11:30:00-04:00 (Exit: Signal, Profit: -69.05408138128253, Duration: 4335.0 minutes)
2024-10-31 00:34:39,401 - Buy 88.33 shares at 226.44 on 2024-08-26 15:15:00-04:00
2024-10-31 00:34:39,402 - Sell 88.33 shares at 226.81 on 2024-08-28 11:15:00-04:00 (Exit: Signal, Profit: 32.68183740493044, Duration: 2640.0 minutes)
2024-10-31 00:34:39,402 - Buy 86.44 shares at 231.41 on 2024-08-29 10:15:00-04:00
2024-10-31 00:34:39,402 - Sell 86.44 shares at 229.09 on 2024-08-30 09:45:00-04:00 (Exit: Signal, Profit: -200.52934816244465, Duration: 1410.0 minutes)
2024-10-31 00:34:39,403 - Buy 90.44 shares at 221.11 on 2024-09-04 15:30:00-04:00
2024-10-31 00:34:39,403 - Sell 90.44 shares at 222.68 on 2024-09-06 10:15:00-04:00 (Exit: Signal, Profit: 141.99604830317514, Duration: 2565.0 minutes)
2024-10-31 00:34:39,404 - Buy 90.80 shares at 220.27 on 2024-09-10 13:15:00-04:00
2024-10-31 00:34:39,404 - Sell 90.80 shares at 219.69 on 2024-09-11 11:45:00-04:00 (Exit: Signal, Profit: -52.66466213415238, Duration: 1350.0 minutes)
2024-10-31 00:34:39,404 - Buy 90.24 shares at 221.63 on 2024-09-11 14:15:00-04:00
2024-10-31 00:34:39,405 - Sell 90.24 shares at 215.19 on 2024-09-16 09:30:00-04:00 (Exit: Signal, Profit: -581.140455942136, Duration: 6915.0 minutes)
2024-10-31 00:34:39,405 - Buy 92.36 shares at 216.41 on 2024-09-17 10:15:00-04:00
2024-10-31 00:34:39,406 - Sell 92.36 shares at 215.38 on 2024-09-17 13:30:00-04:00 (Exit: Signal, Profit: -95.1330072594279, Duration: 195.0 minutes)
2024-10-31 00:34:39,406 - Buy 91.23 shares at 219.08 on 2024-09-18 09:30:00-04:00
2024-10-31 00:34:39,406 - Sell 91.23 shares at 230.04 on 2024-09-20 10:15:00-04:00 (Exit: Profit_take, Profit: 999.8568018654022, Duration: 2925.0 minutes)
2024-10-31 00:34:39,407 - Buy 87.96 shares at 227.44 on 2024-09-24 12:30:00-04:00
2024-10-31 00:34:39,407 - Sell 87.96 shares at 227.12 on 2024-09-25 10:00:00-04:00 (Exit: Signal, Profit: -28.147992734576203, Duration: 1290.0 minutes)
2024-10-31 00:34:39,408 - Buy 88.07 shares at 227.15 on 2024-09-26 11:00:00-04:00
2024-10-31 00:34:39,408 - Sell 88.07 shares at 228.13 on 2024-09-27 14:45:00-04:00 (Exit: Signal, Profit: 86.31085370336301, Duration: 1665.0 minutes)
2024-10-31 00:34:39,408 - Buy 86.40 shares at 231.56 on 2024-09-30 09:30:00-04:00
2024-10-31 00:34:39,409 - Sell 86.40 shares at 226.12 on 2024-10-01 09:45:00-04:00 (Exit: Signal, Profit: -470.0292756419512, Duration: 1455.0 minutes)
2024-10-31 00:34:39,409 - Buy 88.53 shares at 225.89 on 2024-10-02 10:30:00-04:00
2024-10-31 00:34:39,409 - Sell 88.53 shares at 224.34 on 2024-10-03 10:45:00-04:00 (Exit: Signal, Profit: -137.22086053874534, Duration: 1455.0 minutes)
2024-10-31 00:34:39,410 - Buy 89.04 shares at 224.57 on 2024-10-04 11:15:00-04:00
2024-10-31 00:34:39,410 - Sell 89.04 shares at 224.17 on 2024-10-07 12:30:00-04:00 (Exit: Signal, Profit: -35.61509389605865, Duration: 4395.0 minutes)
2024-10-31 00:34:39,410 - Buy 88.84 shares at 225.05 on 2024-10-08 12:00:00-04:00
2024-10-31 00:34:39,411 - Sell 88.84 shares at 228.66 on 2024-10-10 11:45:00-04:00 (Exit: Signal, Profit: 320.72923953462055, Duration: 2865.0 minutes)
2024-10-31 00:34:39,411 - Buy 87.31 shares at 229.08 on 2024-10-10 15:30:00-04:00
2024-10-31 00:34:39,411 - Sell 87.31 shares at 227.98 on 2024-10-11 11:15:00-04:00 (Exit: Signal, Profit: -96.0406714285744, Duration: 1185.0 minutes)
2024-10-31 00:34:39,412 - Buy 86.55 shares at 231.06 on 2024-10-14 09:30:00-04:00
2024-10-31 00:34:39,412 - Sell 86.55 shares at 233.55 on 2024-10-15 15:30:00-04:00 (Exit: Signal, Profit: 215.51750214055224, Duration: 1800.0 minutes)
2024-10-31 00:34:39,413 - Buy 86.49 shares at 231.27 on 2024-10-17 09:30:00-04:00
2024-10-31 00:34:39,414 - Sell 86.49 shares at 234.15 on 2024-10-22 10:00:00-04:00 (Exit: Signal, Profit: 249.10058468954156, Duration: 7230.0 minutes)
2024-10-31 00:34:39,414 - Buy 84.93 shares at 235.58 on 2024-10-22 15:00:00-04:00
2024-10-31 00:34:39,414 - Sell 84.93 shares at 231.56 on 2024-10-23 11:45:00-04:00 (Exit: Signal, Profit: -341.4265949813145, Duration: 1245.0 minutes)
2024-10-31 00:34:39,414 - Buy 87.06 shares at 229.74 on 2024-10-24 12:30:00-04:00
2024-10-31 00:34:39,415 - Sell 87.06 shares at 233.18 on 2024-10-28 09:45:00-04:00 (Exit: Signal, Profit: 299.49066728175194, Duration: 5595.0 minutes)
2024-10-31 00:34:39,415 - Buy 85.53 shares at 233.92 on 2024-10-28 10:45:00-04:00
2024-10-31 00:34:39,415 - Sell 85.53 shares at 233.24 on 2024-10-29 10:30:00-04:00 (Exit: Signal, Profit: -58.161160474592414, Duration: 1425.0 minutes)
2024-10-31 00:34:39,416 - Buy 85.46 shares at 234.1 on 2024-10-29 14:45:00-04:00
2024-10-31 00:34:39,416 - Sell 85.46 shares at 231.69 on 2024-10-30 10:30:00-04:00 (Exit: Signal, Profit: -205.95952632176287, Duration: 1185.0 minutes)
