2024-10-30 22:04:15,633 - Starting SmaCrossoverStrategy with initial capital: 1000000
2024-10-30 22:04:15,633 - Hyperparameters: {'fast_period': 10, 'slow_period': 30}
2024-10-30 22:04:15,644 - Buy 196.39 shares at 101.84 on 2023-11-29 12:00:00-05:00
2024-10-30 22:04:15,644 - Buy 193.26 shares at 101.42 on 2023-12-01 12:30:00-05:00
2024-10-30 22:04:15,645 - Buy 191.01 shares at 100.56 on 2023-12-04 13:45:00-05:00
2024-10-30 22:04:15,645 - Sell 580.65 shares at 96.02 on 2023-12-07 09:45:00-05:00 (Exit: Stop_loss, Profit: -3053.7374644732454, Duration: 4080.0 minutes)
2024-10-30 22:04:15,646 - Buy 206.39 shares at 96.61 on 2023-12-08 09:30:00-05:00
2024-10-30 22:04:15,646 - Buy 201.97 shares at 96.75 on 2023-12-08 14:30:00-05:00
2024-10-30 22:04:15,646 - Buy 198.38 shares at 96.53 on 2023-12-11 15:15:00-05:00
2024-10-30 22:04:15,646 - Buy 195.02 shares at 96.23 on 2023-12-12 13:45:00-05:00
2024-10-30 22:04:15,647 - Buy 185.54 shares at 99.12 on 2023-12-18 09:30:00-05:00
2024-10-30 22:04:15,648 - Buy 177.36 shares at 101.62 on 2023-12-20 09:30:00-05:00
2024-10-30 22:04:15,648 - Sell 1164.65 shares at 102.8 on 2023-12-20 12:00:00-05:00 (Exit: Profit_take, Profit: 5916.577427591703, Duration: 150.0 minutes)
2024-10-30 22:04:15,648 - Buy 194.52 shares at 103.11 on 2023-12-21 10:45:00-05:00
2024-10-30 22:04:15,649 - Buy 190.54 shares at 103.16 on 2023-12-22 12:30:00-05:00
2024-10-30 22:04:15,649 - Buy 186.37 shares at 103.36 on 2023-12-27 11:30:00-05:00
2024-10-30 22:04:15,650 - Buy 182.45 shares at 103.47 on 2023-12-29 15:30:00-05:00
2024-10-30 22:04:15,650 - Buy 179.81 shares at 102.89 on 2024-01-03 10:15:00-05:00
2024-10-30 22:04:15,651 - Sell 933.68 shares at 108.54 on 2024-01-04 11:45:00-05:00 (Exit: Profit_take, Profit: 4987.65438733188, Duration: 1530.0 minutes)
2024-10-30 22:04:15,651 - Buy 190.05 shares at 106.06 on 2024-01-08 12:45:00-05:00
2024-10-30 22:04:15,652 - Buy 185.62 shares at 106.42 on 2024-01-09 12:45:00-05:00
2024-10-30 22:04:15,652 - Buy 180.89 shares at 107.02 on 2024-01-12 10:30:00-05:00
2024-10-30 22:04:15,653 - Buy 177.42 shares at 106.93 on 2024-01-17 11:30:00-05:00
2024-10-30 22:04:15,653 - Buy 174.36 shares at 106.63 on 2024-01-18 12:45:00-05:00
2024-10-30 22:04:15,654 - Buy 173.33 shares at 105.12 on 2024-01-23 14:15:00-05:00
2024-10-30 22:04:15,655 - Buy 168.95 shares at 105.69 on 2024-01-25 15:45:00-05:00
2024-10-30 22:04:15,655 - Buy 153.97 shares at 113.65 on 2024-01-31 09:30:00-05:00
2024-10-30 22:04:15,656 - Sell 1404.59 shares at 115.81 on 2024-01-31 09:45:00-05:00 (Exit: Profit_take, Profit: 12257.36102282679, Duration: 15.0 minutes)
2024-10-30 22:04:15,656 - Buy 177.55 shares at 114.91 on 2024-02-01 13:45:00-05:00
2024-10-30 22:04:15,656 - Buy 170.57 shares at 117.22 on 2024-02-05 09:30:00-05:00
2024-10-30 22:04:15,657 - Buy 166.70 shares at 117.54 on 2024-02-06 15:30:00-05:00
2024-10-30 22:04:15,657 - Buy 162.17 shares at 118.41 on 2024-02-08 14:30:00-05:00
2024-10-30 22:04:15,658 - Buy 155.14 shares at 121.3 on 2024-02-14 10:00:00-05:00
2024-10-30 22:04:15,659 - Buy 149.70 shares at 123.19 on 2024-02-16 10:45:00-05:00
2024-10-30 22:04:15,660 - Buy 149.43 shares at 120.95 on 2024-02-21 15:45:00-05:00
2024-10-30 22:04:15,660 - Buy 143.48 shares at 123.44 on 2024-02-26 13:45:00-05:00
2024-10-30 22:04:15,661 - Buy 142.05 shares at 122.19 on 2024-02-27 15:30:00-05:00
2024-10-30 22:04:15,661 - Buy 139.83 shares at 121.65 on 2024-02-28 15:30:00-05:00
2024-10-30 22:04:15,661 - Buy 135.72 shares at 122.83 on 2024-03-01 09:30:00-05:00
2024-10-30 22:04:15,661 - Sell 1692.34 shares at 127.7 on 2024-03-04 09:30:00-05:00 (Exit: Profit_take, Profit: 12836.190745091943, Duration: 4320.0 minutes)
2024-10-30 22:04:15,662 - Buy 165.42 shares at 124.89 on 2024-03-06 11:45:00-05:00
2024-10-30 22:04:15,662 - Buy 162.50 shares at 124.59 on 2024-03-06 12:15:00-05:00
2024-10-30 22:04:15,662 - Sell 327.92 shares at 135.56 on 2024-03-07 09:30:00-05:00 (Exit: Profit_take, Profit: 3547.6051537382664, Duration: 1275.0 minutes)
2024-10-30 22:04:15,663 - Buy 155.65 shares at 133.18 on 2024-03-12 09:45:00-04:00
2024-10-30 22:04:15,664 - Buy 150.51 shares at 134.98 on 2024-03-14 09:45:00-04:00
2024-10-30 22:04:15,664 - Buy 149.56 shares at 133.12 on 2024-03-18 11:00:00-04:00
2024-10-30 22:04:15,665 - Buy 149.21 shares at 130.76 on 2024-03-21 12:45:00-04:00
2024-10-30 22:04:15,666 - Buy 148.20 shares at 129.02 on 2024-03-22 15:30:00-04:00
2024-10-30 22:04:15,666 - Buy 144.56 shares at 129.62 on 2024-03-26 14:30:00-04:00
2024-10-30 22:04:15,666 - Buy 143.01 shares at 128.41 on 2024-03-28 09:45:00-04:00
2024-10-30 22:04:15,667 - Buy 142.19 shares at 126.56 on 2024-04-02 15:15:00-04:00
2024-10-30 22:04:15,668 - Buy 140.27 shares at 125.73 on 2024-04-05 11:30:00-04:00
2024-10-30 22:04:15,668 - Buy 138.17 shares at 125.09 on 2024-04-10 11:00:00-04:00
2024-10-30 22:04:15,669 - Buy 135.20 shares at 125.28 on 2024-04-11 12:00:00-04:00
2024-10-30 22:04:15,669 - Buy 132.73 shares at 125.06 on 2024-04-11 12:30:00-04:00
2024-10-30 22:04:15,669 - Buy 129.74 shares at 125.38 on 2024-04-15 11:00:00-04:00
2024-10-30 22:04:15,670 - Buy 128.81 shares at 123.76 on 2024-04-16 15:00:00-04:00
2024-10-30 22:04:15,670 - Buy 125.72 shares at 124.27 on 2024-04-17 15:15:00-04:00
2024-10-30 22:04:15,670 - Buy 123.99 shares at 123.48 on 2024-04-19 10:30:00-04:00
2024-10-30 22:04:15,671 - Buy 120.12 shares at 124.91 on 2024-04-22 10:45:00-04:00
2024-10-30 22:04:15,672 - Buy 117.24 shares at 125.42 on 2024-04-25 15:15:00-04:00
2024-10-30 22:04:15,672 - Buy 111.68 shares at 129.03 on 2024-04-30 09:45:00-04:00
2024-10-30 22:04:15,672 - Buy 109.62 shares at 128.82 on 2024-05-01 11:15:00-04:00
2024-10-30 22:04:15,673 - Sell 2696.18 shares at 122.68 on 2024-05-03 09:30:00-04:00 (Exit: Stop_loss, Profit: -13754.621773749233, Duration: 2775.0 minutes)
2024-10-30 22:04:15,673 - Buy 165.85 shares at 123.33 on 2024-05-03 15:30:00-04:00
2024-10-30 22:04:15,673 - Buy 162.13 shares at 123.64 on 2024-05-06 13:45:00-04:00
2024-10-30 22:04:15,674 - Buy 153.55 shares at 127.94 on 2024-05-09 11:00:00-04:00
2024-10-30 22:04:15,675 - Buy 146.94 shares at 131.02 on 2024-05-13 09:45:00-04:00
2024-10-30 22:04:15,675 - Sell 628.47 shares at 132.85 on 2024-05-13 11:45:00-04:00 (Exit: Profit_take, Profit: 4094.9467239681817, Duration: 120.0 minutes)
2024-10-30 22:04:15,675 - Buy 154.95 shares at 132.54 on 2024-05-14 13:30:00-04:00
2024-10-30 22:04:15,676 - Buy 152.18 shares at 132.25 on 2024-05-20 09:45:00-04:00
2024-10-30 22:04:15,677 - Buy 145.12 shares at 135.91 on 2024-05-23 09:45:00-04:00
2024-10-30 22:04:15,677 - Buy 141.49 shares at 136.61 on 2024-05-24 13:00:00-04:00
2024-10-30 22:04:15,678 - Buy 142.46 shares at 132.97 on 2024-05-29 15:30:00-04:00
2024-10-30 22:04:15,678 - Buy 137.04 shares at 135.46 on 2024-05-31 09:45:00-04:00
2024-10-30 22:04:15,679 - Buy 134.54 shares at 135.22 on 2024-06-03 10:15:00-04:00
2024-10-30 22:04:15,679 - Sell 1007.77 shares at 141.3 on 2024-06-05 09:30:00-04:00 (Exit: Profit_take, Profit: 6985.321843607121, Duration: 2835.0 minutes)
2024-10-30 22:04:15,679 - Buy 145.60 shares at 142.01 on 2024-06-06 10:45:00-04:00
2024-10-30 22:04:15,680 - Buy 141.28 shares at 143.42 on 2024-06-10 13:00:00-04:00
2024-10-30 22:04:15,681 - Buy 139.54 shares at 142.31 on 2024-06-11 15:15:00-04:00
2024-10-30 22:04:15,681 - Buy 136.73 shares at 142.33 on 2024-06-14 09:30:00-04:00
2024-10-30 22:04:15,682 - Buy 135.15 shares at 141.11 on 2024-06-18 10:45:00-04:00
2024-10-30 22:04:15,682 - Buy 131.68 shares at 141.93 on 2024-06-20 09:30:00-04:00
2024-10-30 22:04:15,682 - Buy 128.97 shares at 142.02 on 2024-06-21 12:30:00-04:00
2024-10-30 22:04:15,683 - Buy 123.13 shares at 145.78 on 2024-06-25 09:30:00-04:00
2024-10-30 22:04:15,683 - Buy 122.07 shares at 144.1 on 2024-06-27 10:45:00-04:00
2024-10-30 22:04:15,683 - Buy 119.51 shares at 144.25 on 2024-06-27 13:30:00-04:00
2024-10-30 22:04:15,684 - Buy 115.96 shares at 145.69 on 2024-07-01 11:15:00-04:00
2024-10-30 22:04:15,684 - Buy 115.79 shares at 142.99 on 2024-07-02 15:45:00-04:00
2024-10-30 22:04:15,685 - Buy 114.26 shares at 142.0 on 2024-07-05 11:30:00-04:00
2024-10-30 22:04:15,685 - Buy 112.32 shares at 141.56 on 2024-07-10 10:45:00-04:00
2024-10-30 22:04:15,686 - Buy 109.04 shares at 142.91 on 2024-07-12 10:00:00-04:00
2024-10-30 22:04:15,687 - Sell 1891.02 shares at 135.75 on 2024-07-17 10:15:00-04:00 (Exit: Stop_loss, Profit: -13565.41215536935, Duration: 7215.0 minutes)
2024-10-30 22:04:15,687 - Buy 154.49 shares at 132.08 on 2024-07-19 09:45:00-04:00
2024-10-30 22:04:15,688 - Sell 154.49 shares at 126.68 on 2024-07-25 10:00:00-04:00 (Exit: Stop_loss, Profit: -834.2459394180878, Duration: 8655.0 minutes)
2024-10-30 22:04:15,689 - Buy 157.51 shares at 129.44 on 2024-07-29 09:45:00-04:00
2024-10-30 22:04:15,689 - Buy 152.09 shares at 131.37 on 2024-07-30 09:30:00-04:00
2024-10-30 22:04:15,689 - Buy 148.52 shares at 131.84 on 2024-07-31 09:30:00-04:00
2024-10-30 22:04:15,690 - Sell 458.13 shares at 127.16 on 2024-08-02 11:00:00-04:00 (Exit: Stop_loss, Profit: -1694.5200456005623, Duration: 2970.0 minutes)
2024-10-30 22:04:15,690 - Buy 161.04 shares at 126.39 on 2024-08-05 13:45:00-04:00
2024-10-30 22:04:15,691 - Sell 161.04 shares at 122.78 on 2024-08-07 09:30:00-04:00 (Exit: Stop_loss, Profit: -581.3720172373161, Duration: 2625.0 minutes)
2024-10-30 22:04:15,691 - Buy 162.78 shares at 124.97 on 2024-08-08 10:00:00-04:00
2024-10-30 22:04:15,691 - Sell 162.78 shares at 131.46 on 2024-08-09 09:30:00-04:00 (Exit: Profit_take, Profit: 1056.4535398775593, Duration: 1410.0 minutes)
2024-10-30 22:04:15,692 - Buy 152.35 shares at 133.67 on 2024-08-13 10:00:00-04:00
2024-10-30 22:04:15,692 - Buy 148.06 shares at 134.79 on 2024-08-14 11:00:00-04:00
2024-10-30 22:04:15,692 - Buy 145.88 shares at 134.07 on 2024-08-14 14:45:00-04:00
2024-10-30 22:04:15,692 - Buy 141.02 shares at 135.91 on 2024-08-15 09:30:00-04:00
2024-10-30 22:04:15,693 - Buy 138.45 shares at 135.67 on 2024-08-19 10:15:00-04:00
2024-10-30 22:04:15,693 - Buy 135.12 shares at 136.23 on 2024-08-20 09:45:00-04:00
2024-10-30 22:04:15,693 - Buy 133.12 shares at 135.51 on 2024-08-20 15:30:00-04:00
2024-10-30 22:04:15,694 - Buy 131.19 shares at 134.75 on 2024-08-21 15:30:00-04:00
2024-10-30 22:04:15,694 - Buy 126.75 shares at 136.69 on 2024-08-23 15:15:00-04:00
2024-10-30 22:04:15,695 - Buy 125.55 shares at 135.23 on 2024-08-27 14:00:00-04:00
2024-10-30 22:04:15,695 - Buy 122.06 shares at 136.32 on 2024-08-29 09:45:00-04:00
2024-10-30 22:04:15,696 - Sell 1499.54 shares at 131.47 on 2024-09-05 09:30:00-04:00 (Exit: Stop_loss, Profit: -5750.5718480064015, Duration: 10065.0 minutes)
2024-10-30 22:04:15,696 - Buy 153.41 shares at 131.99 on 2024-09-06 10:15:00-04:00
2024-10-30 22:04:15,697 - Buy 150.07 shares at 132.23 on 2024-09-09 10:00:00-04:00
2024-10-30 22:04:15,697 - Buy 149.88 shares at 129.75 on 2024-09-10 15:45:00-04:00
2024-10-30 22:04:15,698 - Buy 138.30 shares at 137.8 on 2024-09-16 09:30:00-04:00
2024-10-30 22:04:15,699 - Buy 140.80 shares at 132.65 on 2024-09-18 14:30:00-04:00
2024-10-30 22:04:15,699 - Sell 732.47 shares at 127.98 on 2024-09-20 09:30:00-04:00 (Exit: Stop_loss, Profit: -3533.946334204932, Duration: 2580.0 minutes)
2024-10-30 22:04:15,700 - Buy 162.14 shares at 124.45 on 2024-09-24 10:15:00-04:00
2024-10-30 22:04:15,700 - Sell 162.14 shares at 120.69 on 2024-09-27 09:45:00-04:00 (Exit: Stop_loss, Profit: -609.6449094544128, Duration: 4290.0 minutes)
2024-10-30 22:04:15,701 - Buy 170.88 shares at 118.01 on 2024-10-01 10:00:00-04:00
2024-10-30 22:04:15,702 - Buy 171.75 shares at 115.07 on 2024-10-04 15:00:00-04:00
2024-10-30 22:04:15,703 - Buy 165.85 shares at 116.78 on 2024-10-09 14:45:00-04:00
2024-10-30 22:04:15,704 - Buy 157.85 shares at 120.24 on 2024-10-14 15:15:00-04:00
2024-10-30 22:04:15,704 - Buy 158.38 shares at 117.44 on 2024-10-16 13:45:00-04:00
2024-10-30 22:04:15,705 - Buy 154.52 shares at 117.97 on 2024-10-18 15:15:00-04:00
2024-10-30 22:04:15,706 - Sell 979.23 shares at 111.95 on 2024-10-28 09:30:00-04:00 (Exit: Stop_loss, Profit: -5480.763868038259, Duration: 14055.0 minutes)
2024-10-30 22:04:15,706 - Buy 178.23 shares at 112.53 on 2024-10-28 15:15:00-04:00
2024-10-30 22:04:15,706 - Buy 175.03 shares at 112.3 on 2024-10-30 12:15:00-04:00
2024-10-30 22:04:15,886 - Holding 353.25742005227875 shares as an open position at the end with unrealized return: 0.007507433882163894, Duration: 210.0 minutes
