2024-10-31 00:54:29,981 - Starting SmaCrossoverStrategy with initial capital: 1000000
2024-10-31 00:54:29,981 - Hyperparameters: {'fast_period': 15, 'slow_period': 40}
2024-10-31 00:54:29,986 - Buy 110.67 shares at 180.72 on 2024-02-28 14:30:00-05:00
2024-10-31 00:54:29,986 - Sell 110.67 shares at 181.43 on 2024-02-28 15:30:00-05:00 (Exit: Signal, Profit: 78.57459052678264, Duration: 60.0 minutes)
2024-10-31 00:54:29,987 - Buy 116.54 shares at 171.63 on 2024-03-08 11:00:00-05:00
2024-10-31 00:54:29,988 - Sell 116.54 shares at 171.04 on 2024-03-13 11:30:00-04:00 (Exit: Signal, Profit: -68.75795129154743, Duration: 7170.0 minutes)
2024-10-31 00:54:29,988 - Buy 115.15 shares at 173.69 on 2024-03-14 13:30:00-04:00
2024-10-31 00:54:29,988 - Sell 115.15 shares at 171.31 on 2024-03-15 12:00:00-04:00 (Exit: Signal, Profit: -274.0541612759946, Duration: 1350.0 minutes)
2024-10-31 00:54:29,988 - Buy 112.85 shares at 177.18 on 2024-03-18 10:30:00-04:00
2024-10-31 00:54:29,989 - Sell 112.85 shares at 172.13 on 2024-03-21 12:30:00-04:00 (Exit: Signal, Profit: -569.8911390127222, Duration: 4440.0 minutes)
2024-10-31 00:54:29,989 - Buy 116.07 shares at 172.17 on 2024-03-27 12:30:00-04:00
2024-10-31 00:54:29,989 - Sell 116.07 shares at 170.13 on 2024-04-01 09:30:00-04:00 (Exit: Signal, Profit: -236.7774150585402, Duration: 7020.0 minutes)
2024-10-31 00:54:29,990 - Buy 117.33 shares at 170.27 on 2024-04-03 14:30:00-04:00
2024-10-31 00:54:29,990 - Sell 117.33 shares at 170.08 on 2024-04-05 13:00:00-04:00 (Exit: Signal, Profit: -22.293595800262693, Duration: 2790.0 minutes)
2024-10-31 00:54:29,991 - Buy 116.08 shares at 172.11 on 2024-04-11 13:00:00-04:00
2024-10-31 00:54:29,991 - Sell 116.08 shares at 169.15 on 2024-04-16 10:30:00-04:00 (Exit: Signal, Profit: -343.59004461927236, Duration: 7050.0 minutes)
2024-10-31 00:54:29,992 - Buy 119.91 shares at 166.55 on 2024-04-23 10:30:00-04:00
2024-10-31 00:54:29,993 - Sell 119.91 shares at 171.17 on 2024-05-01 11:00:00-04:00 (Exit: Signal, Profit: 553.9912376475054, Duration: 11550.0 minutes)
2024-10-31 00:54:29,993 - Buy 108.53 shares at 184.11 on 2024-05-03 09:30:00-04:00
2024-10-31 00:54:29,994 - Sell 108.53 shares at 182.5 on 2024-05-07 14:30:00-04:00 (Exit: Signal, Profit: -174.7410455107284, Duration: 6060.0 minutes)
2024-10-31 00:54:29,994 - Buy 109.29 shares at 182.81 on 2024-05-08 14:30:00-04:00
2024-10-31 00:54:29,994 - Sell 109.29 shares at 183.0 on 2024-05-10 15:30:00-04:00 (Exit: Signal, Profit: 20.764626386998827, Duration: 2940.0 minutes)
2024-10-31 00:54:29,994 - Buy 107.46 shares at 185.92 on 2024-05-13 11:00:00-04:00
2024-10-31 00:54:29,995 - Sell 107.46 shares at 189.93 on 2024-05-17 15:30:00-04:00 (Exit: Signal, Profit: 430.92109860789685, Duration: 6030.0 minutes)
2024-10-31 00:54:29,995 - Buy 104.39 shares at 191.48 on 2024-05-20 10:30:00-04:00
2024-10-31 00:54:29,996 - Sell 104.39 shares at 190.98 on 2024-05-22 15:30:00-04:00 (Exit: Signal, Profit: -52.19313485484648, Duration: 3180.0 minutes)
2024-10-31 00:54:29,996 - Buy 104.30 shares at 191.63 on 2024-05-28 10:00:00-04:00
2024-10-31 00:54:29,997 - Sell 104.30 shares at 190.78 on 2024-05-31 13:30:00-04:00 (Exit: Signal, Profit: -88.65424621467182, Duration: 4530.0 minutes)
2024-10-31 00:54:29,997 - Buy 102.95 shares at 194.13 on 2024-06-03 11:00:00-04:00
2024-10-31 00:54:29,998 - Sell 102.95 shares at 195.86 on 2024-06-07 11:30:00-04:00 (Exit: Signal, Profit: 178.09799690494066, Duration: 5790.0 minutes)
2024-10-31 00:54:29,998 - Buy 101.52 shares at 196.89 on 2024-06-07 15:30:00-04:00
2024-10-31 00:54:29,998 - Sell 101.52 shares at 195.41 on 2024-06-10 09:30:00-04:00 (Exit: Signal, Profit: -150.2522695198654, Duration: 3960.0 minutes)
2024-10-31 00:54:29,998 - Buy 98.34 shares at 203.24 on 2024-06-11 10:30:00-04:00
2024-10-31 00:54:29,999 - Sell 98.34 shares at 211.79 on 2024-06-14 13:00:00-04:00 (Exit: Signal, Profit: 840.76498581737, Duration: 4470.0 minutes)
2024-10-31 00:54:29,999 - Buy 91.83 shares at 217.83 on 2024-06-17 13:00:00-04:00
2024-10-31 00:54:29,999 - Sell 91.83 shares at 212.84 on 2024-06-20 09:30:00-04:00 (Exit: Signal, Profit: -458.2112958332938, Duration: 4110.0 minutes)
2024-10-31 00:54:30,000 - Buy 94.14 shares at 212.37 on 2024-06-26 10:00:00-04:00
2024-10-31 00:54:30,002 - Sell 94.14 shares at 227.87 on 2024-07-11 14:30:00-04:00 (Exit: Signal, Profit: 1459.2256272234233, Duration: 21870.0 minutes)
2024-10-31 00:54:30,002 - Buy 86.20 shares at 232.28 on 2024-07-12 14:00:00-04:00
2024-10-31 00:54:30,002 - Sell 86.20 shares at 227.77 on 2024-07-17 10:30:00-04:00 (Exit: Signal, Profit: -388.760494801721, Duration: 6990.0 minutes)
2024-10-31 00:54:30,003 - Buy 89.37 shares at 223.95 on 2024-07-22 15:30:00-04:00
2024-10-31 00:54:30,003 - Sell 89.37 shares at 220.88 on 2024-07-24 10:00:00-04:00 (Exit: Signal, Profit: -274.3696255006752, Duration: 2550.0 minutes)
2024-10-31 00:54:30,003 - Buy 89.80 shares at 222.83 on 2024-07-31 10:00:00-04:00
2024-10-31 00:54:30,004 - Sell 89.80 shares at 218.28 on 2024-08-01 15:30:00-04:00 (Exit: Signal, Profit: -408.57084427899264, Duration: 1770.0 minutes)
2024-10-31 00:54:30,004 - Buy 89.21 shares at 224.19 on 2024-08-02 13:30:00-04:00
2024-10-31 00:54:30,004 - Sell 89.21 shares at 207.63 on 2024-08-05 09:30:00-04:00 (Exit: Stop_loss, Profit: -1477.3940185749962, Duration: 4080.0 minutes)
2024-10-31 00:54:30,004 - Buy 94.63 shares at 211.04 on 2024-08-07 14:00:00-04:00
2024-10-31 00:54:30,006 - Sell 94.63 shares at 224.93 on 2024-08-19 15:00:00-04:00 (Exit: Signal, Profit: 1314.460811519773, Duration: 17340.0 minutes)
2024-10-31 00:54:30,006 - Buy 88.12 shares at 226.93 on 2024-08-20 11:30:00-04:00
2024-10-31 00:54:30,006 - Sell 88.12 shares at 224.38 on 2024-08-22 13:30:00-04:00 (Exit: Signal, Profit: -224.71380061832494, Duration: 3000.0 minutes)
2024-10-31 00:54:30,006 - Buy 88.33 shares at 226.34 on 2024-08-26 09:30:00-04:00
2024-10-31 00:54:30,007 - Sell 88.33 shares at 225.06 on 2024-08-26 11:00:00-04:00 (Exit: Signal, Profit: -113.06612858015559, Duration: 90.0 minutes)
2024-10-31 00:54:30,007 - Buy 88.33 shares at 226.33 on 2024-08-26 14:30:00-04:00
2024-10-31 00:54:30,007 - Sell 88.33 shares at 226.75 on 2024-08-27 09:30:00-04:00 (Exit: Signal, Profit: 37.097266301468515, Duration: 1140.0 minutes)
2024-10-31 00:54:30,008 - Buy 89.72 shares at 222.82 on 2024-09-05 15:00:00-04:00
2024-10-31 00:54:30,008 - Sell 89.72 shares at 220.94 on 2024-09-06 15:30:00-04:00 (Exit: Signal, Profit: -168.67648336914314, Duration: 1470.0 minutes)
2024-10-31 00:54:30,008 - Buy 90.98 shares at 219.69 on 2024-09-11 11:30:00-04:00
2024-10-31 00:54:30,009 - Sell 90.98 shares at 215.3 on 2024-09-16 10:30:00-04:00 (Exit: Signal, Profit: -399.4218312256265, Duration: 7140.0 minutes)
2024-10-31 00:54:30,009 - Buy 90.29 shares at 221.29 on 2024-09-18 12:30:00-04:00
2024-10-31 00:54:30,010 - Sell 90.29 shares at 226.69 on 2024-09-23 14:30:00-04:00 (Exit: Signal, Profit: 487.5688324877743, Duration: 7320.0 minutes)
2024-10-31 00:54:30,010 - Buy 87.76 shares at 227.79 on 2024-09-26 14:30:00-04:00
2024-10-31 00:54:30,010 - Sell 87.76 shares at 223.93 on 2024-10-01 13:00:00-04:00 (Exit: Signal, Profit: -338.7415882464786, Duration: 7110.0 minutes)
2024-10-31 00:54:30,011 - Buy 88.36 shares at 226.17 on 2024-10-09 09:30:00-04:00
2024-10-31 00:54:30,012 - Sell 88.36 shares at 227.54 on 2024-10-11 15:30:00-04:00 (Exit: Signal, Profit: 121.04705489358962, Duration: 3240.0 minutes)
2024-10-31 00:54:30,012 - Buy 86.76 shares at 230.35 on 2024-10-14 11:30:00-04:00
2024-10-31 00:54:30,012 - Sell 86.76 shares at 231.27 on 2024-10-16 14:30:00-04:00 (Exit: Signal, Profit: 79.82168286286219, Duration: 3060.0 minutes)
2024-10-31 00:54:30,012 - Buy 85.17 shares at 234.69 on 2024-10-18 10:30:00-04:00
2024-10-31 00:54:30,013 - Sell 85.17 shares at 235.38 on 2024-10-22 14:30:00-04:00 (Exit: Signal, Profit: 58.76388011768058, Duration: 6000.0 minutes)
2024-10-31 00:54:30,013 - Buy 86.22 shares at 231.84 on 2024-10-25 14:00:00-04:00
2024-10-31 00:54:30,014 - Sell 86.22 shares at 231.39 on 2024-10-30 11:30:00-04:00 (Exit: Signal, Profit: -38.79766958761977, Duration: 7050.0 minutes)
