2024-10-30 22:04:12,592 - Starting SmaCrossoverStrategy with initial capital: 1000000
2024-10-30 22:04:12,592 - Hyperparameters: {'fast_period': 5, 'slow_period': 30}
2024-10-30 22:04:12,603 - Buy 199.26 shares at 100.37 on 2023-11-10 13:00:00-05:00
2024-10-30 22:04:12,603 - Buy 194.83 shares at 100.6 on 2023-11-13 11:45:00-05:00
2024-10-30 22:04:12,604 - Sell 394.09 shares at 98.67 on 2023-11-14 11:45:00-05:00 (Exit: Stop_loss, Profit: -714.7704943003113, Duration: 1440.0 minutes)
2024-10-30 22:04:12,604 - Buy 201.47 shares at 99.2 on 2023-11-14 15:45:00-05:00
2024-10-30 22:04:12,604 - Sell 201.47 shares at 96.14 on 2023-11-15 13:00:00-05:00 (Exit: Stop_loss, Profit: -616.4945165902103, Duration: 1275.0 minutes)
2024-10-30 22:04:12,604 - Buy 201.71 shares at 99.02 on 2023-11-16 09:45:00-05:00
2024-10-30 22:04:12,605 - Buy 189.60 shares at 103.24 on 2023-11-21 12:00:00-05:00
2024-10-30 22:04:12,605 - Buy 186.18 shares at 103.03 on 2023-11-22 13:30:00-05:00
2024-10-30 22:04:12,606 - Sell 577.49 shares at 101.5 on 2023-11-28 09:30:00-05:00 (Exit: Stop_loss, Profit: -114.51515705662162, Duration: 8400.0 minutes)
2024-10-30 22:04:12,606 - Buy 196.49 shares at 101.64 on 2023-11-29 11:30:00-05:00
2024-10-30 22:04:12,607 - Buy 192.62 shares at 101.61 on 2023-11-30 15:15:00-05:00
2024-10-30 22:04:12,607 - Buy 188.56 shares at 101.72 on 2023-12-01 11:45:00-05:00
2024-10-30 22:04:12,607 - Buy 186.92 shares at 100.56 on 2023-12-04 13:45:00-05:00
2024-10-30 22:04:12,608 - Sell 764.58 shares at 97.94 on 2023-12-06 12:00:00-05:00 (Exit: Stop_loss, Profit: -2636.3885577817623, Duration: 2775.0 minutes)
2024-10-30 22:04:12,608 - Buy 205.70 shares at 96.83 on 2023-12-07 15:45:00-05:00
2024-10-30 22:04:12,608 - Buy 201.88 shares at 96.69 on 2023-12-08 13:30:00-05:00
2024-10-30 22:04:12,608 - Buy 197.09 shares at 97.06 on 2023-12-11 09:45:00-05:00
2024-10-30 22:04:12,609 - Buy 194.53 shares at 96.37 on 2023-12-11 14:45:00-05:00
2024-10-30 22:04:12,609 - Buy 191.18 shares at 96.1 on 2023-12-12 12:30:00-05:00
2024-10-30 22:04:12,609 - Buy 183.16 shares at 98.3 on 2023-12-14 12:30:00-05:00
2024-10-30 22:04:12,610 - Buy 181.38 shares at 97.28 on 2023-12-15 15:30:00-05:00
2024-10-30 22:04:12,610 - Buy 174.45 shares at 99.12 on 2023-12-18 09:30:00-05:00
2024-10-30 22:04:12,610 - Buy 169.46 shares at 100.0 on 2023-12-19 15:45:00-05:00
2024-10-30 22:04:12,611 - Buy 161.23 shares at 103.0 on 2023-12-21 09:45:00-05:00
2024-10-30 22:04:12,611 - Buy 157.61 shares at 103.26 on 2023-12-22 12:00:00-05:00
2024-10-30 22:04:12,611 - Buy 154.65 shares at 103.13 on 2023-12-26 11:30:00-05:00
2024-10-30 22:04:12,612 - Buy 151.63 shares at 103.08 on 2023-12-27 11:00:00-05:00
2024-10-30 22:04:12,612 - Buy 148.04 shares at 103.47 on 2023-12-29 15:00:00-05:00
2024-10-30 22:04:12,613 - Buy 146.21 shares at 102.67 on 2024-01-03 10:00:00-05:00
2024-10-30 22:04:12,613 - Buy 138.61 shares at 106.13 on 2024-01-08 12:15:00-05:00
2024-10-30 22:04:12,614 - Buy 135.62 shares at 106.3 on 2024-01-09 12:15:00-05:00
2024-10-30 22:04:12,614 - Buy 132.53 shares at 106.61 on 2024-01-09 14:15:00-05:00
2024-10-30 22:04:12,615 - Buy 129.46 shares at 106.95 on 2024-01-12 10:15:00-05:00
2024-10-30 22:04:12,615 - Buy 127.23 shares at 106.65 on 2024-01-17 11:00:00-05:00
2024-10-30 22:04:12,615 - Buy 124.51 shares at 106.8 on 2024-01-18 11:45:00-05:00
2024-10-30 22:04:12,616 - Buy 121.42 shares at 107.33 on 2024-01-19 11:15:00-05:00
2024-10-30 22:04:12,616 - Sell 3527.59 shares at 103.78 on 2024-01-23 09:30:00-05:00 (Exit: Stop_loss, Profit: 8728.737021301895, Duration: 5655.0 minutes)
2024-10-30 22:04:12,616 - Buy 191.00 shares at 105.2 on 2024-01-23 13:45:00-05:00
2024-10-30 22:04:12,617 - Buy 186.96 shares at 105.32 on 2024-01-25 15:15:00-05:00
2024-10-30 22:04:12,618 - Buy 177.25 shares at 108.87 on 2024-01-30 14:45:00-05:00
2024-10-30 22:04:12,618 - Buy 164.17 shares at 115.19 on 2024-02-01 12:30:00-05:00
2024-10-30 22:04:12,619 - Buy 158.11 shares at 117.22 on 2024-02-05 09:30:00-05:00
2024-10-30 22:04:12,619 - Buy 154.19 shares at 117.79 on 2024-02-06 15:00:00-05:00
2024-10-30 22:04:12,620 - Buy 150.09 shares at 118.59 on 2024-02-08 13:45:00-05:00
2024-10-30 22:04:12,621 - Buy 144.72 shares at 120.53 on 2024-02-12 15:45:00-05:00
2024-10-30 22:04:12,621 - Buy 142.30 shares at 120.13 on 2024-02-13 12:15:00-05:00
2024-10-30 22:04:12,621 - Buy 138.31 shares at 121.12 on 2024-02-14 09:30:00-05:00
2024-10-30 22:04:12,622 - Buy 134.02 shares at 122.5 on 2024-02-16 10:30:00-05:00
2024-10-30 22:04:12,622 - Sell 1741.13 shares at 119.74 on 2024-02-21 09:30:00-05:00 (Exit: Stop_loss, Profit: 8287.948676868666, Duration: 7140.0 minutes)
2024-10-30 22:04:12,622 - Buy 167.50 shares at 120.95 on 2024-02-21 15:45:00-05:00
2024-10-30 22:04:12,623 - Buy 160.97 shares at 123.34 on 2024-02-26 13:00:00-05:00
2024-10-30 22:04:12,624 - Buy 159.09 shares at 122.3 on 2024-02-27 15:00:00-05:00
2024-10-30 22:04:12,624 - Buy 156.61 shares at 121.75 on 2024-02-28 15:00:00-05:00
2024-10-30 22:04:12,624 - Buy 152.13 shares at 122.83 on 2024-03-01 09:30:00-05:00
2024-10-30 22:04:12,625 - Sell 796.29 shares at 124.78 on 2024-03-05 10:45:00-05:00 (Exit: Stop_loss, Profit: 2039.0203852888142, Duration: 5835.0 minutes)
2024-10-30 22:04:12,625 - Buy 162.46 shares at 124.95 on 2024-03-06 11:30:00-05:00
2024-10-30 22:04:12,626 - Sell 162.46 shares at 137.48 on 2024-03-07 11:15:00-05:00 (Exit: Profit_take, Profit: 2035.6332009751657, Duration: 1425.0 minutes)
2024-10-30 22:04:12,626 - Buy 152.73 shares at 133.18 on 2024-03-12 09:45:00-04:00
2024-10-30 22:04:12,628 - Buy 146.97 shares at 135.63 on 2024-03-14 09:30:00-04:00
2024-10-30 22:04:12,629 - Buy 146.60 shares at 133.25 on 2024-03-18 10:45:00-04:00
2024-10-30 22:04:12,630 - Sell 446.30 shares at 129.64 on 2024-03-20 12:00:00-04:00 (Exit: Stop_loss, Profit: -1950.229897113135, Duration: 2955.0 minutes)
2024-10-30 22:04:12,630 - Buy 155.80 shares at 130.3 on 2024-03-21 11:45:00-04:00
2024-10-30 22:04:12,631 - Buy 154.15 shares at 129.06 on 2024-03-25 09:30:00-04:00
2024-10-30 22:04:12,631 - Buy 150.65 shares at 129.42 on 2024-03-26 14:00:00-04:00
2024-10-30 22:04:12,632 - Buy 148.80 shares at 128.41 on 2024-03-28 09:45:00-04:00
2024-10-30 22:04:12,633 - Sell 609.41 shares at 125.03 on 2024-04-02 09:30:00-04:00 (Exit: Stop_loss, Profit: -2606.624840874403, Duration: 7185.0 minutes)
2024-10-30 22:04:12,633 - Buy 160.43 shares at 126.22 on 2024-04-02 15:00:00-04:00
2024-10-30 22:04:12,634 - Sell 160.43 shares at 123.98 on 2024-04-04 15:30:00-04:00 (Exit: Stop_loss, Profit: -359.3555993405804, Duration: 2910.0 minutes)
2024-10-30 22:04:12,634 - Buy 161.44 shares at 125.38 on 2024-04-05 10:30:00-04:00
2024-10-30 22:04:12,635 - Buy 158.58 shares at 125.09 on 2024-04-10 11:00:00-04:00
2024-10-30 22:04:12,635 - Buy 155.42 shares at 125.08 on 2024-04-11 09:30:00-04:00
2024-10-30 22:04:12,635 - Buy 152.12 shares at 125.24 on 2024-04-11 11:45:00-04:00
2024-10-30 22:04:12,635 - Buy 148.39 shares at 125.82 on 2024-04-15 10:15:00-04:00
2024-10-30 22:04:12,637 - Buy 147.84 shares at 123.76 on 2024-04-16 15:00:00-04:00
2024-10-30 22:04:12,637 - Buy 143.68 shares at 124.8 on 2024-04-17 09:30:00-04:00
2024-10-30 22:04:12,638 - Buy 141.36 shares at 124.31 on 2024-04-17 14:30:00-04:00
2024-10-30 22:04:12,638 - Buy 138.88 shares at 124.0 on 2024-04-19 10:00:00-04:00
2024-10-30 22:04:12,638 - Buy 136.48 shares at 123.66 on 2024-04-19 13:15:00-04:00
2024-10-30 22:04:12,638 - Buy 132.94 shares at 124.41 on 2024-04-22 10:15:00-04:00
2024-10-30 22:04:12,639 - Sell 1617.14 shares at 124.28 on 2024-04-25 09:30:00-04:00 (Exit: Stop_loss, Profit: -700.7902729271908, Duration: 4275.0 minutes)
2024-10-30 22:04:12,639 - Buy 161.37 shares at 125.35 on 2024-04-25 15:00:00-04:00
2024-10-30 22:04:12,640 - Buy 155.14 shares at 127.78 on 2024-04-29 10:15:00-04:00
2024-10-30 22:04:12,640 - Buy 150.95 shares at 128.7 on 2024-04-30 09:30:00-04:00
2024-10-30 22:04:12,640 - Buy 147.79 shares at 128.82 on 2024-05-01 11:15:00-04:00
2024-10-30 22:04:12,641 - Sell 615.24 shares at 125.38 on 2024-05-02 09:30:00-04:00 (Exit: Stop_loss, Profit: -1377.0249474171462, Duration: 1335.0 minutes)
2024-10-30 22:04:12,641 - Buy 163.59 shares at 123.48 on 2024-05-03 15:00:00-04:00
2024-10-30 22:04:12,641 - Buy 160.19 shares at 123.58 on 2024-05-06 13:15:00-04:00
2024-10-30 22:04:12,642 - Buy 152.29 shares at 127.39 on 2024-05-09 10:15:00-04:00
2024-10-30 22:04:12,643 - Buy 145.57 shares at 130.61 on 2024-05-13 09:30:00-04:00
2024-10-30 22:04:12,643 - Buy 140.81 shares at 132.32 on 2024-05-14 12:00:00-04:00
2024-10-30 22:04:12,643 - Buy 137.81 shares at 132.5 on 2024-05-14 12:45:00-04:00
2024-10-30 22:04:12,644 - Buy 135.21 shares at 132.34 on 2024-05-20 09:30:00-04:00
2024-10-30 22:04:12,645 - Buy 130.80 shares at 134.07 on 2024-05-22 12:45:00-04:00
2024-10-30 22:04:12,645 - Buy 126.32 shares at 136.05 on 2024-05-23 09:30:00-04:00
2024-10-30 22:04:12,645 - Buy 123.67 shares at 136.18 on 2024-05-24 12:30:00-04:00
2024-10-30 22:04:12,646 - Sell 1416.27 shares at 132.45 on 2024-05-29 09:30:00-04:00 (Exit: Stop_loss, Profit: 2825.0781922223796, Duration: 7020.0 minutes)
2024-10-30 22:04:12,646 - Buy 151.24 shares at 133.94 on 2024-05-30 09:30:00-04:00
2024-10-30 22:04:12,646 - Buy 146.32 shares at 135.67 on 2024-05-31 09:30:00-04:00
2024-10-30 22:04:12,646 - Buy 143.78 shares at 135.31 on 2024-05-31 15:45:00-04:00
2024-10-30 22:04:12,647 - Buy 134.58 shares at 141.67 on 2024-06-06 09:30:00-04:00
2024-10-30 22:04:12,648 - Buy 130.26 shares at 143.44 on 2024-06-10 12:00:00-04:00
2024-10-30 22:04:12,648 - Buy 128.36 shares at 142.65 on 2024-06-11 14:30:00-04:00
2024-10-30 22:04:12,649 - Buy 126.00 shares at 142.42 on 2024-06-13 15:30:00-04:00
2024-10-30 22:04:12,650 - Buy 124.42 shares at 141.34 on 2024-06-18 10:15:00-04:00
2024-10-30 22:04:12,650 - Buy 121.42 shares at 141.93 on 2024-06-20 09:30:00-04:00
2024-10-30 22:04:12,650 - Buy 118.84 shares at 142.12 on 2024-06-21 12:15:00-04:00
2024-10-30 22:04:12,650 - Buy 116.20 shares at 142.44 on 2024-06-24 10:00:00-04:00
2024-10-30 22:04:12,651 - Buy 111.27 shares at 145.78 on 2024-06-25 09:30:00-04:00
2024-10-30 22:04:12,651 - Sell 1552.67 shares at 143.23 on 2024-06-26 11:30:00-04:00 (Exit: Stop_loss, Profit: 4342.001857619381, Duration: 1560.0 minutes)
2024-10-30 22:04:12,651 - Buy 140.87 shares at 144.41 on 2024-06-27 10:15:00-04:00
2024-10-30 22:04:12,651 - Buy 138.15 shares at 144.31 on 2024-06-27 12:45:00-04:00
2024-10-30 22:04:12,651 - Buy 135.42 shares at 144.28 on 2024-06-27 15:00:00-04:00
2024-10-30 22:04:12,652 - Buy 132.76 shares at 144.23 on 2024-07-01 10:30:00-04:00
2024-10-30 22:04:12,652 - Sell 547.20 shares at 139.62 on 2024-07-02 09:30:00-04:00 (Exit: Stop_loss, Profit: -2565.768950014191, Duration: 1380.0 minutes)
2024-10-30 22:04:12,653 - Buy 143.55 shares at 141.36 on 2024-07-05 10:30:00-04:00
2024-10-30 22:04:12,653 - Buy 141.20 shares at 140.84 on 2024-07-10 10:15:00-04:00
2024-10-30 22:04:12,654 - Buy 136.56 shares at 142.71 on 2024-07-12 09:45:00-04:00
2024-10-30 22:04:12,655 - Sell 421.31 shares at 136.31 on 2024-07-17 09:30:00-04:00 (Exit: Stop_loss, Profit: -2238.559422847288, Duration: 7185.0 minutes)
2024-10-30 22:04:12,655 - Buy 152.19 shares at 133.04 on 2024-07-19 09:30:00-04:00
2024-10-30 22:04:12,655 - Buy 149.57 shares at 132.66 on 2024-07-22 12:45:00-04:00
2024-10-30 22:04:12,656 - Sell 301.77 shares at 129.07 on 2024-07-25 09:30:00-04:00 (Exit: Stop_loss, Profit: -1141.1741837209045, Duration: 4125.0 minutes)
2024-10-30 22:04:12,657 - Buy 156.25 shares at 129.44 on 2024-07-29 09:45:00-04:00
2024-10-30 22:04:12,657 - Buy 150.87 shares at 131.37 on 2024-07-30 09:30:00-04:00
2024-10-30 22:04:12,657 - Buy 150.95 shares at 128.68 on 2024-07-30 14:15:00-04:00
2024-10-30 22:04:12,657 - Buy 147.31 shares at 129.22 on 2024-07-30 15:45:00-04:00
2024-10-30 22:04:12,658 - Sell 605.38 shares at 129.71 on 2024-08-02 09:30:00-04:00 (Exit: Stop_loss, Profit: 19.394045395910577, Duration: 3945.0 minutes)
2024-10-30 22:04:12,658 - Buy 159.52 shares at 126.79 on 2024-08-05 12:30:00-04:00
2024-10-30 22:04:12,658 - Buy 156.64 shares at 126.54 on 2024-08-05 14:15:00-04:00
2024-10-30 22:04:12,658 - Buy 150.93 shares at 128.7 on 2024-08-06 09:30:00-04:00
2024-10-30 22:04:12,659 - Sell 467.08 shares at 122.78 on 2024-08-07 09:30:00-04:00 (Exit: Stop_loss, Profit: -2122.0937259685434, Duration: 1440.0 minutes)
2024-10-30 22:04:12,659 - Buy 161.67 shares at 124.84 on 2024-08-08 09:45:00-04:00
2024-10-30 22:04:12,660 - Sell 161.67 shares at 130.24 on 2024-08-12 11:15:00-04:00 (Exit: Stop_loss, Profit: 873.009247547916, Duration: 5850.0 minutes)
2024-10-30 22:04:12,660 - Buy 150.97 shares at 133.8 on 2024-08-13 09:45:00-04:00
2024-10-30 22:04:12,660 - Buy 147.15 shares at 134.53 on 2024-08-14 10:45:00-04:00
2024-10-30 22:04:12,660 - Buy 142.74 shares at 135.91 on 2024-08-15 09:30:00-04:00
2024-10-30 22:04:12,661 - Buy 140.14 shares at 135.67 on 2024-08-19 10:15:00-04:00
2024-10-30 22:04:12,661 - Buy 136.77 shares at 136.23 on 2024-08-20 09:45:00-04:00
2024-10-30 22:04:12,662 - Buy 134.90 shares at 135.35 on 2024-08-20 14:45:00-04:00
2024-10-30 22:04:12,662 - Buy 132.64 shares at 134.91 on 2024-08-21 15:00:00-04:00
2024-10-30 22:04:12,662 - Buy 128.57 shares at 136.39 on 2024-08-23 14:30:00-04:00
2024-10-30 22:04:12,662 - Buy 125.84 shares at 136.57 on 2024-08-23 15:00:00-04:00
2024-10-30 22:04:12,663 - Buy 124.67 shares at 135.09 on 2024-08-27 13:45:00-04:00
2024-10-30 22:04:12,663 - Buy 122.45 shares at 134.79 on 2024-08-28 12:30:00-04:00
2024-10-30 22:04:12,663 - Buy 119.01 shares at 135.91 on 2024-08-29 09:30:00-04:00
2024-10-30 22:04:12,664 - Sell 1605.86 shares at 134.19 on 2024-09-04 09:30:00-04:00 (Exit: Stop_loss, Profit: -1947.7959344948674, Duration: 8640.0 minutes)
2024-10-30 22:04:12,665 - Buy 152.17 shares at 132.49 on 2024-09-06 10:00:00-04:00
2024-10-30 22:04:12,665 - Buy 149.31 shares at 132.33 on 2024-09-09 09:30:00-04:00
2024-10-30 22:04:12,666 - Buy 149.47 shares at 129.54 on 2024-09-10 15:30:00-04:00
2024-10-30 22:04:12,667 - Buy 137.64 shares at 137.86 on 2024-09-16 09:45:00-04:00
2024-10-30 22:04:12,667 - Buy 135.27 shares at 137.47 on 2024-09-16 13:15:00-04:00
2024-10-30 22:04:12,667 - Sell 723.87 shares at 133.27 on 2024-09-17 09:30:00-04:00 (Exit: Stop_loss, Profit: -383.3526770552858, Duration: 1215.0 minutes)
2024-10-30 22:04:12,668 - Buy 151.50 shares at 133.03 on 2024-09-18 14:15:00-04:00
2024-10-30 22:04:12,668 - Sell 151.50 shares at 127.98 on 2024-09-20 09:30:00-04:00 (Exit: Stop_loss, Profit: -765.0549817967479, Duration: 2595.0 minutes)
2024-10-30 22:04:12,669 - Buy 162.01 shares at 124.3 on 2024-09-24 10:00:00-04:00
2024-10-30 22:04:12,670 - Sell 162.01 shares at 121.03 on 2024-09-27 09:30:00-04:00 (Exit: Stop_loss, Profit: -529.7825276090281, Duration: 4290.0 minutes)
2024-10-30 22:04:12,670 - Buy 169.93 shares at 118.45 on 2024-10-01 09:30:00-04:00
2024-10-30 22:04:12,671 - Buy 166.70 shares at 118.33 on 2024-10-01 15:15:00-04:00
2024-10-30 22:04:12,671 - Sell 336.62 shares at 114.49 on 2024-10-04 09:30:00-04:00 (Exit: Stop_loss, Profit: -1313.0135510977252, Duration: 3975.0 minutes)
2024-10-30 22:04:12,672 - Buy 174.69 shares at 115.07 on 2024-10-04 15:00:00-04:00
2024-10-30 22:04:12,672 - Buy 168.69 shares at 116.78 on 2024-10-09 14:45:00-04:00
2024-10-30 22:04:12,673 - Buy 160.92 shares at 119.97 on 2024-10-14 15:00:00-04:00
2024-10-30 22:04:12,674 - Sell 504.29 shares at 116.5 on 2024-10-16 09:30:00-04:00 (Exit: Stop_loss, Profit: -355.8143958275328, Duration: 2550.0 minutes)
2024-10-30 22:04:12,674 - Buy 171.03 shares at 117.49 on 2024-10-16 12:45:00-04:00
2024-10-30 22:04:12,674 - Buy 167.38 shares at 117.65 on 2024-10-16 14:15:00-04:00
2024-10-30 22:04:12,674 - Buy 163.74 shares at 117.86 on 2024-10-18 14:45:00-04:00
2024-10-30 22:04:12,675 - Buy 162.69 shares at 116.25 on 2024-10-23 09:30:00-04:00
2024-10-30 22:04:12,676 - Sell 664.84 shares at 111.95 on 2024-10-28 09:30:00-04:00 (Exit: Stop_loss, Profit: -3568.8437535301623, Duration: 7200.0 minutes)
2024-10-30 22:04:12,676 - Buy 177.89 shares at 112.56 on 2024-10-28 15:00:00-04:00
2024-10-30 22:04:12,676 - Buy 173.74 shares at 112.94 on 2024-10-29 10:30:00-04:00
2024-10-30 22:04:12,676 - Buy 171.44 shares at 112.17 on 2024-10-29 14:00:00-04:00
2024-10-30 22:04:12,676 - Sell 523.06 shares at 107.48 on 2024-10-30 09:30:00-04:00 (Exit: Stop_loss, Profit: -2656.3267704907485, Duration: 1170.0 minutes)
2024-10-30 22:04:12,676 - Buy 175.65 shares at 113.69 on 2024-10-30 11:15:00-04:00
2024-10-30 22:04:12,878 - Holding 175.65081317079162 shares as an open position at the end with unrealized return: -0.003782214794616876, Duration: 270.0 minutes
