2024-10-31 00:54:28,347 - Starting SmaCrossoverStrategy with initial capital: 1000000
2024-10-31 00:54:28,348 - Hyperparameters: {'fast_period': 15, 'slow_period': 20}
2024-10-31 00:54:28,353 - Buy 107.45 shares at 186.13 on 2024-02-01 12:30:00-05:00
2024-10-31 00:54:28,353 - Sell 107.45 shares at 185.8 on 2024-02-01 13:30:00-05:00 (Exit: Signal, Profit: -35.45908773437748, Duration: 60.0 minutes)
2024-10-31 00:54:28,353 - Buy 109.09 shares at 183.32 on 2024-02-02 10:00:00-05:00
2024-10-31 00:54:28,354 - Sell 109.09 shares at 185.85 on 2024-02-02 15:30:00-05:00 (Exit: Signal, Profit: 276.0102867671867, Duration: 330.0 minutes)
2024-10-31 00:54:28,354 - Buy 107.03 shares at 186.9 on 2024-02-05 10:30:00-05:00
2024-10-31 00:54:28,354 - Sell 107.03 shares at 188.58 on 2024-02-06 14:30:00-05:00 (Exit: Signal, Profit: 179.81852605825384, Duration: 1680.0 minutes)
2024-10-31 00:54:28,354 - Buy 105.10 shares at 190.38 on 2024-02-07 10:00:00-05:00
2024-10-31 00:54:28,354 - Sell 105.10 shares at 188.0 on 2024-02-08 11:00:00-05:00 (Exit: Signal, Profit: -250.13136673450074, Duration: 1500.0 minutes)
2024-10-31 00:54:28,355 - Buy 105.65 shares at 189.34 on 2024-02-09 12:00:00-05:00
2024-10-31 00:54:28,356 - Sell 105.65 shares at 187.87 on 2024-02-12 12:00:00-05:00 (Exit: Signal, Profit: -155.30265663745467, Duration: 4320.0 minutes)
2024-10-31 00:54:28,356 - Buy 109.33 shares at 182.94 on 2024-02-16 12:00:00-05:00
2024-10-31 00:54:28,356 - Sell 109.33 shares at 180.47 on 2024-02-20 10:00:00-05:00 (Exit: Signal, Profit: -270.0379240388374, Duration: 5640.0 minutes)
2024-10-31 00:54:28,359 - Buy 109.79 shares at 182.12 on 2024-02-21 11:30:00-05:00
2024-10-31 00:54:28,360 - Sell 109.79 shares at 182.94 on 2024-02-22 11:30:00-05:00 (Exit: Signal, Profit: 90.02754405641238, Duration: 1440.0 minutes)
2024-10-31 00:54:28,360 - Buy 108.65 shares at 184.05 on 2024-02-22 13:00:00-05:00
2024-10-31 00:54:28,360 - Sell 108.65 shares at 182.62 on 2024-02-23 14:30:00-05:00 (Exit: Signal, Profit: -155.36690499430486, Duration: 1530.0 minutes)
2024-10-31 00:54:28,360 - Buy 109.49 shares at 182.6 on 2024-02-27 14:00:00-05:00
2024-10-31 00:54:28,360 - Sell 109.49 shares at 181.3 on 2024-02-28 09:30:00-05:00 (Exit: Signal, Profit: -142.3421057986581, Duration: 1170.0 minutes)
2024-10-31 00:54:28,360 - Buy 110.07 shares at 181.62 on 2024-02-28 11:00:00-05:00
2024-10-31 00:54:28,361 - Sell 110.07 shares at 181.43 on 2024-02-28 15:30:00-05:00 (Exit: Signal, Profit: -20.913123125104843, Duration: 270.0 minutes)
2024-10-31 00:54:28,361 - Buy 117.08 shares at 170.74 on 2024-03-08 09:30:00-05:00
2024-10-31 00:54:28,362 - Sell 117.08 shares at 172.53 on 2024-03-12 12:00:00-04:00 (Exit: Signal, Profit: 209.57411066020705, Duration: 5850.0 minutes)
2024-10-31 00:54:28,362 - Buy 115.04 shares at 173.8 on 2024-03-12 14:00:00-04:00
2024-10-31 00:54:28,362 - Sell 115.04 shares at 170.99 on 2024-03-13 10:00:00-04:00 (Exit: Signal, Profit: -323.2715437524428, Duration: 1200.0 minutes)
2024-10-31 00:54:28,362 - Buy 115.75 shares at 172.68 on 2024-03-14 12:00:00-04:00
2024-10-31 00:54:28,362 - Sell 115.75 shares at 170.99 on 2024-03-15 11:30:00-04:00 (Exit: Signal, Profit: -195.62084824247, Duration: 1410.0 minutes)
2024-10-31 00:54:28,363 - Buy 113.03 shares at 176.81 on 2024-03-18 11:00:00-04:00
2024-10-31 00:54:28,363 - Sell 113.03 shares at 175.22 on 2024-03-19 11:30:00-04:00 (Exit: Signal, Profit: -179.71145365096018, Duration: 1470.0 minutes)
2024-10-31 00:54:28,363 - Buy 113.31 shares at 176.34 on 2024-03-19 15:00:00-04:00
2024-10-31 00:54:28,363 - Sell 113.31 shares at 171.99 on 2024-03-21 11:30:00-04:00 (Exit: Signal, Profit: -492.8851808460723, Duration: 2670.0 minutes)
2024-10-31 00:54:28,363 - Buy 115.60 shares at 172.75 on 2024-03-22 14:30:00-04:00
2024-10-31 00:54:28,364 - Sell 115.60 shares at 171.0 on 2024-03-25 12:30:00-04:00 (Exit: Signal, Profit: -202.30798025771085, Duration: 4200.0 minutes)
2024-10-31 00:54:28,364 - Buy 116.60 shares at 171.24 on 2024-03-26 12:00:00-04:00
2024-10-31 00:54:28,364 - Sell 116.60 shares at 170.55 on 2024-03-26 14:30:00-04:00 (Exit: Signal, Profit: -80.45423211881464, Duration: 150.0 minutes)
2024-10-31 00:54:28,364 - Buy 115.77 shares at 172.46 on 2024-03-27 11:00:00-04:00
2024-10-31 00:54:28,364 - Sell 115.77 shares at 171.33 on 2024-03-28 12:30:00-04:00 (Exit: Signal, Profit: -130.81576451900216, Duration: 1530.0 minutes)
2024-10-31 00:54:28,365 - Buy 117.21 shares at 170.31 on 2024-04-03 12:00:00-04:00
2024-10-31 00:54:28,365 - Sell 117.21 shares at 170.21 on 2024-04-05 11:30:00-04:00 (Exit: Signal, Profit: -11.72122377188697, Duration: 2850.0 minutes)
2024-10-31 00:54:28,365 - Buy 118.12 shares at 169.0 on 2024-04-08 10:30:00-04:00
2024-10-31 00:54:28,365 - Sell 118.12 shares at 168.81 on 2024-04-08 12:30:00-04:00 (Exit: Signal, Profit: -22.4426895767513, Duration: 120.0 minutes)
2024-10-31 00:54:28,366 - Buy 118.07 shares at 169.06 on 2024-04-09 12:30:00-04:00
2024-10-31 00:54:28,366 - Sell 118.07 shares at 168.03 on 2024-04-10 10:30:00-04:00 (Exit: Signal, Profit: -121.61708810755903, Duration: 1320.0 minutes)
2024-10-31 00:54:28,366 - Buy 117.47 shares at 169.91 on 2024-04-11 12:00:00-04:00
2024-10-31 00:54:28,366 - Sell 117.47 shares at 175.41 on 2024-04-15 11:00:00-04:00 (Exit: Signal, Profit: 646.0841223135773, Duration: 5700.0 minutes)
2024-10-31 00:54:28,367 - Buy 118.22 shares at 168.94 on 2024-04-17 13:30:00-04:00
2024-10-31 00:54:28,367 - Sell 118.22 shares at 168.33 on 2024-04-17 14:30:00-04:00 (Exit: Signal, Profit: -72.11468914214683, Duration: 60.0 minutes)
2024-10-31 00:54:28,367 - Buy 120.44 shares at 165.81 on 2024-04-22 12:30:00-04:00
2024-10-31 00:54:28,367 - Sell 120.44 shares at 166.91 on 2024-04-23 15:30:00-04:00 (Exit: Signal, Profit: 132.48813685537445, Duration: 1620.0 minutes)
2024-10-31 00:54:28,367 - Buy 118.89 shares at 168.0 on 2024-04-24 10:00:00-04:00
2024-10-31 00:54:28,368 - Sell 118.89 shares at 173.87 on 2024-04-30 12:30:00-04:00 (Exit: Signal, Profit: 697.8811461773454, Duration: 8790.0 minutes)
2024-10-31 00:54:28,368 - Buy 116.13 shares at 172.11 on 2024-05-02 11:30:00-04:00
2024-10-31 00:54:28,369 - Sell 116.13 shares at 181.53 on 2024-05-06 12:30:00-04:00 (Exit: Signal, Profit: 1093.9584506016704, Duration: 5820.0 minutes)
2024-10-31 00:54:28,369 - Buy 109.71 shares at 182.38 on 2024-05-07 14:00:00-04:00
2024-10-31 00:54:28,369 - Sell 109.71 shares at 182.29 on 2024-05-08 11:00:00-04:00 (Exit: Signal, Profit: -9.8740760370044, Duration: 1260.0 minutes)
2024-10-31 00:54:28,369 - Buy 109.75 shares at 182.31 on 2024-05-08 13:00:00-04:00
2024-10-31 00:54:28,369 - Sell 109.75 shares at 183.75 on 2024-05-09 09:30:00-04:00 (Exit: Signal, Profit: 158.04431698025775, Duration: 1230.0 minutes)
2024-10-31 00:54:28,370 - Buy 107.56 shares at 186.05 on 2024-05-13 11:30:00-04:00
2024-10-31 00:54:28,370 - Sell 107.56 shares at 189.93 on 2024-05-16 14:00:00-04:00 (Exit: Signal, Profit: 417.3472300135841, Duration: 4470.0 minutes)
2024-10-31 00:54:28,370 - Buy 105.16 shares at 190.38 on 2024-05-17 09:30:00-04:00
2024-10-31 00:54:28,371 - Sell 105.16 shares at 189.69 on 2024-05-17 11:00:00-04:00 (Exit: Signal, Profit: -72.56118314031539, Duration: 90.0 minutes)
2024-10-31 00:54:28,371 - Buy 104.48 shares at 191.61 on 2024-05-20 10:00:00-04:00
2024-10-31 00:54:28,371 - Sell 104.48 shares at 191.37 on 2024-05-22 13:00:00-04:00 (Exit: Signal, Profit: -25.07484033814424, Duration: 3060.0 minutes)
2024-10-31 00:54:28,371 - Buy 105.24 shares at 190.21 on 2024-05-24 14:30:00-04:00
2024-10-31 00:54:28,372 - Sell 105.24 shares at 191.77 on 2024-05-29 12:00:00-04:00 (Exit: Signal, Profit: 164.1819761670108, Duration: 7050.0 minutes)
2024-10-31 00:54:28,372 - Buy 104.71 shares at 191.22 on 2024-05-29 14:30:00-04:00
2024-10-31 00:54:28,372 - Sell 104.71 shares at 191.25 on 2024-05-30 12:00:00-04:00 (Exit: Signal, Profit: 3.1411841540135685, Duration: 1290.0 minutes)
2024-10-31 00:54:28,372 - Buy 104.45 shares at 191.69 on 2024-05-31 10:00:00-04:00
2024-10-31 00:54:28,372 - Sell 104.45 shares at 190.04 on 2024-05-31 12:30:00-04:00 (Exit: Signal, Profit: -172.34207066227788, Duration: 150.0 minutes)
2024-10-31 00:54:28,372 - Buy 103.12 shares at 194.13 on 2024-06-03 11:00:00-04:00
2024-10-31 00:54:28,373 - Sell 103.12 shares at 194.47 on 2024-06-04 12:00:00-04:00 (Exit: Signal, Profit: 35.060516587769015, Duration: 1500.0 minutes)
2024-10-31 00:54:28,373 - Buy 102.89 shares at 194.57 on 2024-06-04 13:30:00-04:00
2024-10-31 00:54:28,373 - Sell 102.89 shares at 195.54 on 2024-06-06 14:00:00-04:00 (Exit: Signal, Profit: 99.80288965706323, Duration: 2910.0 minutes)
2024-10-31 00:54:28,373 - Buy 101.92 shares at 196.44 on 2024-06-07 15:00:00-04:00
2024-10-31 00:54:28,373 - Sell 101.92 shares at 194.96 on 2024-06-10 13:30:00-04:00 (Exit: Signal, Profit: -150.8420237790315, Duration: 4230.0 minutes)
2024-10-31 00:54:28,374 - Buy 97.94 shares at 204.4 on 2024-06-11 11:00:00-04:00
2024-10-31 00:54:28,374 - Sell 97.94 shares at 212.3 on 2024-06-13 12:30:00-04:00 (Exit: Signal, Profit: 773.6977164385862, Duration: 2970.0 minutes)
2024-10-31 00:54:28,374 - Buy 94.33 shares at 212.38 on 2024-06-14 13:30:00-04:00
2024-10-31 00:54:28,374 - Sell 94.33 shares at 212.23 on 2024-06-14 14:00:00-04:00 (Exit: Signal, Profit: -14.149410134144276, Duration: 30.0 minutes)
2024-10-31 00:54:28,374 - Buy 92.51 shares at 216.55 on 2024-06-17 12:00:00-04:00
2024-10-31 00:54:28,375 - Sell 92.51 shares at 213.66 on 2024-06-18 13:00:00-04:00 (Exit: Signal, Profit: -267.35863335059446, Duration: 1500.0 minutes)
2024-10-31 00:54:28,375 - Buy 95.24 shares at 210.3 on 2024-06-21 13:30:00-04:00
2024-10-31 00:54:28,375 - Sell 95.24 shares at 211.85 on 2024-06-24 11:30:00-04:00 (Exit: Signal, Profit: 147.61518973676934, Duration: 4200.0 minutes)
2024-10-31 00:54:28,375 - Buy 95.48 shares at 209.8 on 2024-06-25 10:00:00-04:00
2024-10-31 00:54:28,375 - Sell 95.48 shares at 209.72 on 2024-06-25 12:30:00-04:00 (Exit: Signal, Profit: -7.638131670107845, Duration: 150.0 minutes)
2024-10-31 00:54:28,375 - Buy 95.80 shares at 209.08 on 2024-06-25 15:30:00-04:00
2024-10-31 00:54:28,376 - Sell 95.80 shares at 213.64 on 2024-06-27 13:30:00-04:00 (Exit: Signal, Profit: 436.86945089213964, Duration: 2760.0 minutes)
2024-10-31 00:54:28,376 - Buy 93.36 shares at 214.64 on 2024-06-28 10:00:00-04:00
2024-10-31 00:54:28,376 - Sell 93.36 shares at 214.37 on 2024-06-28 10:30:00-04:00 (Exit: Signal, Profit: -25.20819945692416, Duration: 30.0 minutes)
2024-10-31 00:54:28,376 - Buy 92.24 shares at 217.25 on 2024-07-01 13:00:00-04:00
2024-10-31 00:54:28,377 - Sell 92.24 shares at 227.76 on 2024-07-11 12:00:00-04:00 (Exit: Signal, Profit: 969.4395344708734, Duration: 14340.0 minutes)
2024-10-31 00:54:28,377 - Buy 86.66 shares at 231.45 on 2024-07-12 12:30:00-04:00
2024-10-31 00:54:28,378 - Sell 86.66 shares at 233.57 on 2024-07-16 12:30:00-04:00 (Exit: Signal, Profit: 183.72847467198807, Duration: 5760.0 minutes)
2024-10-31 00:54:28,378 - Buy 89.32 shares at 224.61 on 2024-07-19 13:30:00-04:00
2024-10-31 00:54:28,378 - Sell 89.32 shares at 224.35 on 2024-07-19 15:30:00-04:00 (Exit: Signal, Profit: -23.223175607201362, Duration: 120.0 minutes)
2024-10-31 00:54:28,378 - Buy 89.63 shares at 223.84 on 2024-07-22 12:00:00-04:00
2024-10-31 00:54:28,378 - Sell 89.63 shares at 224.29 on 2024-07-22 12:30:00-04:00 (Exit: Signal, Profit: 40.331289531648004, Duration: 30.0 minutes)
2024-10-31 00:54:28,379 - Buy 89.28 shares at 224.72 on 2024-07-23 13:00:00-04:00
2024-10-31 00:54:28,379 - Sell 89.28 shares at 221.29 on 2024-07-24 09:30:00-04:00 (Exit: Signal, Profit: -306.2225345928713, Duration: 1230.0 minutes)
2024-10-31 00:54:28,379 - Buy 91.02 shares at 220.35 on 2024-07-25 13:30:00-04:00
2024-10-31 00:54:28,379 - Sell 91.02 shares at 218.09 on 2024-07-26 13:30:00-04:00 (Exit: Signal, Profit: -205.70627527199386, Duration: 1440.0 minutes)
2024-10-31 00:54:28,379 - Buy 91.97 shares at 218.04 on 2024-07-29 11:30:00-04:00
2024-10-31 00:54:28,379 - Sell 91.97 shares at 218.37 on 2024-07-29 13:30:00-04:00 (Exit: Signal, Profit: 30.34875135507194, Duration: 120.0 minutes)
2024-10-31 00:54:28,379 - Buy 91.54 shares at 219.06 on 2024-07-30 10:00:00-04:00
2024-10-31 00:54:28,380 - Sell 91.54 shares at 217.59 on 2024-07-30 13:30:00-04:00 (Exit: Signal, Profit: -134.56448640626067, Duration: 210.0 minutes)
2024-10-31 00:54:28,380 - Buy 89.98 shares at 222.83 on 2024-07-31 10:00:00-04:00
2024-10-31 00:54:28,380 - Sell 89.98 shares at 219.32 on 2024-08-01 12:00:00-04:00 (Exit: Signal, Profit: -315.8285398278243, Duration: 1560.0 minutes)
2024-10-31 00:54:28,380 - Buy 89.23 shares at 224.63 on 2024-08-02 13:00:00-04:00
2024-10-31 00:54:28,380 - Sell 89.23 shares at 207.63 on 2024-08-05 09:30:00-04:00 (Exit: Stop_loss, Profit: -1516.9184707130833, Duration: 4110.0 minutes)
2024-10-31 00:54:28,380 - Buy 93.89 shares at 213.15 on 2024-08-07 10:30:00-04:00
2024-10-31 00:54:28,381 - Sell 93.89 shares at 213.25 on 2024-08-08 12:00:00-04:00 (Exit: Signal, Profit: 9.389401106545186, Duration: 1530.0 minutes)
2024-10-31 00:54:28,381 - Buy 94.00 shares at 212.92 on 2024-08-08 14:30:00-04:00
2024-10-31 00:54:28,382 - Sell 94.00 shares at 224.31 on 2024-08-19 13:30:00-04:00 (Exit: Signal, Profit: 1070.6180736851936, Duration: 15780.0 minutes)
2024-10-31 00:54:28,382 - Buy 88.29 shares at 226.93 on 2024-08-20 11:30:00-04:00
2024-10-31 00:54:28,382 - Sell 88.29 shares at 226.44 on 2024-08-21 14:00:00-04:00 (Exit: Signal, Profit: -43.26093164397928, Duration: 1590.0 minutes)
2024-10-31 00:54:28,383 - Buy 88.46 shares at 226.48 on 2024-08-23 14:30:00-04:00
2024-10-31 00:54:28,383 - Sell 88.46 shares at 224.87 on 2024-08-26 11:30:00-04:00 (Exit: Signal, Profit: -142.41933882478824, Duration: 4140.0 minutes)
2024-10-31 00:54:28,383 - Buy 88.79 shares at 225.61 on 2024-08-26 13:30:00-04:00
2024-10-31 00:54:28,383 - Sell 88.79 shares at 227.24 on 2024-08-26 15:30:00-04:00 (Exit: Signal, Profit: 144.72396549081344, Duration: 120.0 minutes)
2024-10-31 00:54:28,383 - Buy 87.65 shares at 228.57 on 2024-08-27 11:00:00-04:00
2024-10-31 00:54:28,383 - Sell 87.65 shares at 227.47 on 2024-08-28 13:00:00-04:00 (Exit: Signal, Profit: -96.41562072974673, Duration: 1560.0 minutes)
2024-10-31 00:54:28,383 - Buy 86.47 shares at 231.67 on 2024-08-29 11:30:00-04:00
2024-10-31 00:54:28,384 - Sell 86.47 shares at 228.03 on 2024-08-30 12:00:00-04:00 (Exit: Signal, Profit: -314.74854170710523, Duration: 1470.0 minutes)
2024-10-31 00:54:28,384 - Buy 90.01 shares at 222.48 on 2024-09-05 11:00:00-04:00
2024-10-31 00:54:28,384 - Sell 90.01 shares at 220.97 on 2024-09-06 11:30:00-04:00 (Exit: Signal, Profit: -135.9194532547282, Duration: 1470.0 minutes)
2024-10-31 00:54:28,385 - Buy 91.62 shares at 218.54 on 2024-09-10 12:00:00-04:00
2024-10-31 00:54:28,385 - Sell 91.62 shares at 220.81 on 2024-09-10 13:30:00-04:00 (Exit: Signal, Profit: 207.98480611322577, Duration: 90.0 minutes)
2024-10-31 00:54:28,385 - Buy 90.72 shares at 220.75 on 2024-09-10 15:00:00-04:00
2024-10-31 00:54:28,385 - Sell 90.72 shares at 215.19 on 2024-09-16 09:30:00-04:00 (Exit: Signal, Profit: -504.4300871224756, Duration: 8310.0 minutes)
2024-10-31 00:54:28,386 - Buy 92.75 shares at 215.81 on 2024-09-17 12:30:00-04:00
2024-10-31 00:54:28,386 - Sell 92.75 shares at 226.94 on 2024-09-23 12:00:00-04:00 (Exit: Signal, Profit: 1032.3612084807814, Duration: 8610.0 minutes)
2024-10-31 00:54:28,387 - Buy 88.26 shares at 227.03 on 2024-09-24 15:00:00-04:00
2024-10-31 00:54:28,387 - Sell 88.26 shares at 225.87 on 2024-09-25 12:00:00-04:00 (Exit: Signal, Profit: -102.38363524094378, Duration: 1260.0 minutes)
2024-10-31 00:54:28,387 - Buy 88.17 shares at 227.25 on 2024-09-26 12:30:00-04:00
2024-10-31 00:54:28,388 - Sell 88.17 shares at 225.22 on 2024-10-01 11:30:00-04:00 (Exit: Signal, Profit: -178.9796148062681, Duration: 7140.0 minutes)
2024-10-31 00:54:28,388 - Buy 88.39 shares at 226.64 on 2024-10-02 12:30:00-04:00
2024-10-31 00:54:28,388 - Sell 88.39 shares at 223.86 on 2024-10-03 13:00:00-04:00 (Exit: Signal, Profit: -245.7208791024842, Duration: 1470.0 minutes)
2024-10-31 00:54:28,389 - Buy 89.05 shares at 224.89 on 2024-10-04 13:30:00-04:00
2024-10-31 00:54:28,389 - Sell 89.05 shares at 223.85 on 2024-10-07 13:30:00-04:00 (Exit: Signal, Profit: -92.61694794555996, Duration: 4320.0 minutes)
2024-10-31 00:54:28,389 - Buy 88.87 shares at 225.33 on 2024-10-08 14:30:00-04:00
2024-10-31 00:54:28,389 - Sell 88.87 shares at 228.85 on 2024-10-10 15:00:00-04:00 (Exit: Signal, Profit: 312.83169491659385, Duration: 2910.0 minutes)
2024-10-31 00:54:28,389 - Buy 87.91 shares at 227.87 on 2024-10-11 12:30:00-04:00
2024-10-31 00:54:28,390 - Sell 87.91 shares at 227.84 on 2024-10-11 13:00:00-04:00 (Exit: Signal, Profit: -2.637283811902872, Duration: 30.0 minutes)
2024-10-31 00:54:28,390 - Buy 87.29 shares at 229.49 on 2024-10-14 10:30:00-04:00
2024-10-31 00:54:28,390 - Sell 87.29 shares at 229.69 on 2024-10-14 11:00:00-04:00 (Exit: Signal, Profit: 17.457733230130405, Duration: 30.0 minutes)
2024-10-31 00:54:28,391 - Buy 86.25 shares at 232.25 on 2024-10-17 12:00:00-04:00
2024-10-31 00:54:28,391 - Sell 86.25 shares at 234.19 on 2024-10-22 12:00:00-04:00 (Exit: Signal, Profit: 167.33053515687212, Duration: 7200.0 minutes)
2024-10-31 00:54:28,392 - Buy 86.91 shares at 230.54 on 2024-10-24 15:00:00-04:00
2024-10-31 00:54:28,392 - Sell 86.91 shares at 233.9 on 2024-10-29 13:00:00-04:00 (Exit: Signal, Profit: 292.0079860958959, Duration: 7080.0 minutes)
