2024-10-31 00:54:29,796 - Starting SmaCrossoverStrategy with initial capital: 1000000
2024-10-31 00:54:29,796 - Hyperparameters: {'fast_period': 15, 'slow_period': 40}
2024-10-31 00:54:29,801 - Buy 109.52 shares at 182.62 on 2024-02-23 14:30:00-05:00
2024-10-31 00:54:29,801 - Sell 109.52 shares at 181.61 on 2024-02-26 10:00:00-05:00 (Exit: Signal, Profit: -110.61220019712965, Duration: 4050.0 minutes)
2024-10-31 00:54:29,801 - Buy 110.72 shares at 180.62 on 2024-02-28 14:00:00-05:00
2024-10-31 00:54:29,801 - Sell 110.72 shares at 181.43 on 2024-02-28 15:30:00-05:00 (Exit: Signal, Profit: 89.68114318656214, Duration: 90.0 minutes)
2024-10-31 00:54:29,802 - Buy 116.53 shares at 171.63 on 2024-03-08 11:00:00-05:00
2024-10-31 00:54:29,803 - Sell 116.53 shares at 171.04 on 2024-03-13 11:30:00-04:00 (Exit: Signal, Profit: -68.75111002463056, Duration: 7170.0 minutes)
2024-10-31 00:54:29,803 - Buy 115.14 shares at 173.69 on 2024-03-14 13:30:00-04:00
2024-10-31 00:54:29,803 - Sell 115.14 shares at 171.31 on 2024-03-15 12:00:00-04:00 (Exit: Signal, Profit: -274.02689348177233, Duration: 1350.0 minutes)
2024-10-31 00:54:29,803 - Buy 112.84 shares at 177.18 on 2024-03-18 10:30:00-04:00
2024-10-31 00:54:29,804 - Sell 112.84 shares at 172.6 on 2024-03-21 10:30:00-04:00 (Exit: Stop_loss, Profit: -516.8003400499881, Duration: 4320.0 minutes)
2024-10-31 00:54:29,804 - Buy 116.06 shares at 172.17 on 2024-03-27 12:30:00-04:00
2024-10-31 00:54:29,805 - Sell 116.06 shares at 170.13 on 2024-04-01 09:30:00-04:00 (Exit: Signal, Profit: -236.76642397895515, Duration: 7020.0 minutes)
2024-10-31 00:54:29,805 - Buy 117.33 shares at 170.27 on 2024-04-03 14:30:00-04:00
2024-10-31 00:54:29,805 - Sell 117.33 shares at 170.08 on 2024-04-05 13:00:00-04:00 (Exit: Signal, Profit: -22.292560943599455, Duration: 2790.0 minutes)
2024-10-31 00:54:29,806 - Buy 116.07 shares at 172.11 on 2024-04-11 13:00:00-04:00
2024-10-31 00:54:29,806 - Sell 116.07 shares at 172.69 on 2024-04-15 15:30:00-04:00 (Exit: Stop_loss, Profit: 67.32195111689036, Duration: 5910.0 minutes)
2024-10-31 00:54:29,807 - Buy 119.96 shares at 166.55 on 2024-04-23 10:30:00-04:00
2024-10-31 00:54:29,808 - Sell 119.96 shares at 171.17 on 2024-05-01 11:00:00-04:00 (Exit: Signal, Profit: 554.1934820141907, Duration: 11550.0 minutes)
2024-10-31 00:54:29,808 - Buy 108.57 shares at 184.11 on 2024-05-03 09:30:00-04:00
2024-10-31 00:54:29,809 - Sell 108.57 shares at 182.5 on 2024-05-07 14:30:00-04:00 (Exit: Signal, Profit: -174.80483784115106, Duration: 6060.0 minutes)
2024-10-31 00:54:29,809 - Buy 109.33 shares at 182.81 on 2024-05-08 14:30:00-04:00
2024-10-31 00:54:29,810 - Sell 109.33 shares at 183.0 on 2024-05-10 15:30:00-04:00 (Exit: Signal, Profit: 20.77220688363435, Duration: 2940.0 minutes)
2024-10-31 00:54:29,810 - Buy 107.50 shares at 185.92 on 2024-05-13 11:00:00-04:00
2024-10-31 00:54:29,811 - Sell 107.50 shares at 189.93 on 2024-05-17 15:30:00-04:00 (Exit: Signal, Profit: 431.0784140287136, Duration: 6030.0 minutes)
2024-10-31 00:54:29,811 - Buy 104.42 shares at 191.48 on 2024-05-20 10:30:00-04:00
2024-10-31 00:54:29,811 - Sell 104.42 shares at 190.98 on 2024-05-22 15:30:00-04:00 (Exit: Signal, Profit: -52.21218888817173, Duration: 3180.0 minutes)
2024-10-31 00:54:29,811 - Buy 104.34 shares at 191.63 on 2024-05-28 10:00:00-04:00
2024-10-31 00:54:29,812 - Sell 104.34 shares at 190.78 on 2024-05-31 13:30:00-04:00 (Exit: Signal, Profit: -88.68661102599228, Duration: 4530.0 minutes)
2024-10-31 00:54:29,812 - Buy 102.98 shares at 194.13 on 2024-06-03 11:00:00-04:00
2024-10-31 00:54:29,813 - Sell 102.98 shares at 195.86 on 2024-06-07 11:30:00-04:00 (Exit: Signal, Profit: 178.16301475024974, Duration: 5790.0 minutes)
2024-10-31 00:54:29,813 - Buy 101.56 shares at 196.89 on 2024-06-07 15:30:00-04:00
2024-10-31 00:54:29,813 - Sell 101.56 shares at 195.41 on 2024-06-10 09:30:00-04:00 (Exit: Signal, Profit: -150.30712178652058, Duration: 3960.0 minutes)
2024-10-31 00:54:29,813 - Buy 98.37 shares at 203.24 on 2024-06-11 10:30:00-04:00
2024-10-31 00:54:29,814 - Sell 98.37 shares at 213.1 on 2024-06-12 15:30:00-04:00 (Exit: Stop_loss, Profit: 969.9379124432472, Duration: 1740.0 minutes)
2024-10-31 00:54:29,814 - Buy 91.87 shares at 217.83 on 2024-06-17 13:00:00-04:00
2024-10-31 00:54:29,815 - Sell 91.87 shares at 212.84 on 2024-06-20 09:30:00-04:00 (Exit: Signal, Profit: -458.43761468141884, Duration: 4110.0 minutes)
2024-10-31 00:54:29,815 - Buy 94.19 shares at 212.37 on 2024-06-26 10:00:00-04:00
2024-10-31 00:54:29,817 - Sell 94.19 shares at 227.87 on 2024-07-11 14:30:00-04:00 (Exit: Signal, Profit: 1459.9463651583198, Duration: 21870.0 minutes)
2024-10-31 00:54:29,817 - Buy 86.24 shares at 232.28 on 2024-07-12 14:00:00-04:00
2024-10-31 00:54:29,817 - Sell 86.24 shares at 227.81 on 2024-07-17 10:00:00-04:00 (Exit: Stop_loss, Profit: -385.5028209697296, Duration: 6960.0 minutes)
2024-10-31 00:54:29,818 - Buy 89.42 shares at 223.95 on 2024-07-22 15:30:00-04:00
2024-10-31 00:54:29,818 - Sell 89.42 shares at 220.88 on 2024-07-24 10:00:00-04:00 (Exit: Signal, Profit: -274.5060874177899, Duration: 2550.0 minutes)
2024-10-31 00:54:29,819 - Buy 89.84 shares at 222.83 on 2024-07-31 10:00:00-04:00
2024-10-31 00:54:29,819 - Sell 89.84 shares at 217.5 on 2024-08-01 14:30:00-04:00 (Exit: Stop_loss, Profit: -478.8496051990597, Duration: 1710.0 minutes)
2024-10-31 00:54:29,819 - Buy 89.25 shares at 224.19 on 2024-08-02 13:30:00-04:00
2024-10-31 00:54:29,819 - Sell 89.25 shares at 207.63 on 2024-08-05 09:30:00-04:00 (Exit: Stop_loss, Profit: -1478.0252991204304, Duration: 4080.0 minutes)
2024-10-31 00:54:29,820 - Buy 94.67 shares at 211.04 on 2024-08-07 14:00:00-04:00
2024-10-31 00:54:29,821 - Sell 94.67 shares at 224.93 on 2024-08-19 15:00:00-04:00 (Exit: Signal, Profit: 1315.0224717997096, Duration: 17340.0 minutes)
2024-10-31 00:54:29,821 - Buy 88.16 shares at 226.93 on 2024-08-20 11:30:00-04:00
2024-10-31 00:54:29,822 - Sell 88.16 shares at 224.38 on 2024-08-22 13:30:00-04:00 (Exit: Signal, Profit: -224.8098193166825, Duration: 3000.0 minutes)
2024-10-31 00:54:29,822 - Buy 88.37 shares at 226.34 on 2024-08-26 09:30:00-04:00
2024-10-31 00:54:29,822 - Sell 88.37 shares at 225.06 on 2024-08-26 11:00:00-04:00 (Exit: Signal, Profit: -113.11444097780931, Duration: 90.0 minutes)
2024-10-31 00:54:29,822 - Buy 88.36 shares at 226.33 on 2024-08-26 14:30:00-04:00
2024-10-31 00:54:29,822 - Sell 88.36 shares at 226.75 on 2024-08-27 09:30:00-04:00 (Exit: Signal, Profit: 37.11311771430369, Duration: 1140.0 minutes)
2024-10-31 00:54:29,823 - Buy 89.76 shares at 222.82 on 2024-09-05 15:00:00-04:00
2024-10-31 00:54:29,823 - Sell 89.76 shares at 220.94 on 2024-09-06 15:30:00-04:00 (Exit: Signal, Profit: -168.74855769805242, Duration: 1470.0 minutes)
2024-10-31 00:54:29,823 - Buy 91.02 shares at 219.69 on 2024-09-11 11:30:00-04:00
2024-10-31 00:54:29,824 - Sell 91.02 shares at 215.19 on 2024-09-16 09:30:00-04:00 (Exit: Stop_loss, Profit: -409.6050698670614, Duration: 7080.0 minutes)
2024-10-31 00:54:29,824 - Buy 90.33 shares at 221.29 on 2024-09-18 12:30:00-04:00
2024-10-31 00:54:29,825 - Sell 90.33 shares at 226.69 on 2024-09-23 14:30:00-04:00 (Exit: Signal, Profit: 487.77228076897995, Duration: 7320.0 minutes)
2024-10-31 00:54:29,825 - Buy 87.79 shares at 227.79 on 2024-09-26 14:30:00-04:00
2024-10-31 00:54:29,826 - Sell 87.79 shares at 224.97 on 2024-10-01 10:00:00-04:00 (Exit: Stop_loss, Profit: -247.57768844752079, Duration: 6930.0 minutes)
2024-10-31 00:54:29,826 - Buy 88.40 shares at 226.17 on 2024-10-09 09:30:00-04:00
2024-10-31 00:54:29,827 - Sell 88.40 shares at 227.54 on 2024-10-11 15:30:00-04:00 (Exit: Signal, Profit: 121.10862573666691, Duration: 3240.0 minutes)
2024-10-31 00:54:29,827 - Buy 86.81 shares at 230.35 on 2024-10-14 11:30:00-04:00
2024-10-31 00:54:29,827 - Sell 86.81 shares at 231.27 on 2024-10-16 14:30:00-04:00 (Exit: Signal, Profit: 79.86228433238192, Duration: 3060.0 minutes)
2024-10-31 00:54:29,828 - Buy 85.21 shares at 234.69 on 2024-10-18 10:30:00-04:00
2024-10-31 00:54:29,828 - Sell 85.21 shares at 235.38 on 2024-10-22 14:30:00-04:00 (Exit: Signal, Profit: 58.79377049084595, Duration: 6000.0 minutes)
2024-10-31 00:54:29,828 - Buy 86.26 shares at 231.84 on 2024-10-25 14:00:00-04:00
2024-10-31 00:54:29,829 - Sell 86.26 shares at 231.39 on 2024-10-30 11:30:00-04:00 (Exit: Signal, Profit: -38.817404105147986, Duration: 7050.0 minutes)
