2024-10-31 00:54:26.038303 - Final statistics: total_trades: 73, 
winning_trades: 30, 
losing_trades: 43, 
average_return: 0.0006257051891394083, 
average_duration: 3372.328767123288, 
final_balance: 1000907.4152661761, 
final_portfolio_value: 1000907.4152661761, 


2024-10-31 00:54:25.800764 - Final statistics: total_trades: 74, 
winning_trades: 30, 
losing_trades: 44, 
average_return: 0.0006043496554621975, 
average_duration: 3309.7297297297296, 
final_balance: 1000888.1959184927, 
final_portfolio_value: 1000888.1959184927, 


2024-10-31 00:54:25.586979 - Final statistics: total_trades: 74, 
winning_trades: 30, 
losing_trades: 44, 
average_return: 0.0012948179765930967, 
average_duration: 2984.5945945945946, 
final_balance: 1001910.4625630347, 
final_portfolio_value: 1001910.4625630347, 


2024-10-31 00:54:25.368833 - Final statistics: total_trades: 75, 
winning_trades: 31, 
losing_trades: 44, 
average_return: 0.0015335152593626861, 
average_duration: 2980.0, 
final_balance: 1002295.1293052058, 
final_portfolio_value: 1002295.1293052058, 


