2024-11-04 09:47:33,905 - Starting SmaCrossoverStrategy with initial capital: 1000000
2024-11-04 09:47:33,905 - Hyperparameters: {'fast_period': 5, 'slow_period': 30}
2024-11-04 09:47:33,913 - Buy 1390.00 shares at 14.38 on 2024-02-07 19:30:00+00:00
2024-11-04 09:47:33,914 - Sell 1390.00 shares at 14.33 on 2024-02-09 14:45:00+00:00 (Exit: Signal, Profit: -69.500000000001, Duration: 2595.0 minutes)
2024-11-04 09:47:33,914 - Buy 1380.00 shares at 14.49 on 2024-02-09 19:30:00+00:00
2024-11-04 09:47:33,915 - Sell 1380.00 shares at 14.71 on 2024-02-13 14:30:00+00:00 (Exit: Stop_loss, Profit: 303.6000000000009, Duration: 5460.0 minutes)
2024-11-04 09:47:33,915 - Buy 1346.00 shares at 14.86 on 2024-02-14 14:45:00+00:00
2024-11-04 09:47:33,916 - Sell 1346.00 shares at 15.67 on 2024-02-15 17:00:00+00:00 (Exit: Profit_take, Profit: 1090.260000000003, Duration: 1575.0 minutes)
2024-11-04 09:47:33,917 - Buy 1277.00 shares at 15.68 on 2024-02-16 16:00:00+00:00
2024-11-04 09:47:33,918 - Sell 1277.00 shares at 15.59 on 2024-02-20 14:30:00+00:00 (Exit: Signal, Profit: -114.92999999999982, Duration: 5670.0 minutes)
2024-11-04 09:47:33,918 - Buy 1275.00 shares at 15.7 on 2024-02-20 16:45:00+00:00
2024-11-04 09:47:33,919 - Sell 1275.00 shares at 15.71 on 2024-02-20 19:15:00+00:00 (Exit: Signal, Profit: 12.750000000001993, Duration: 150.0 minutes)
2024-11-04 09:47:33,919 - Buy 1273.00 shares at 15.73 on 2024-02-20 19:45:00+00:00
2024-11-04 09:47:33,919 - Sell 1273.00 shares at 15.79 on 2024-02-21 18:00:00+00:00 (Exit: Signal, Profit: 76.37999999999838, Duration: 1335.0 minutes)
2024-11-04 09:47:33,919 - Buy 1265.00 shares at 15.83 on 2024-02-21 18:30:00+00:00
2024-11-04 09:47:33,920 - Sell 1265.00 shares at 15.75 on 2024-02-21 19:15:00+00:00 (Exit: Signal, Profit: -101.20000000000009, Duration: 45.0 minutes)
2024-11-04 09:47:33,920 - Buy 1263.00 shares at 15.85 on 2024-02-22 14:45:00+00:00
2024-11-04 09:47:33,948 - Sell 1263.00 shares at 16.0 on 2024-02-26 14:45:00+00:00 (Exit: Signal, Profit: 189.45000000000044, Duration: 5760.0 minutes)
2024-11-04 09:47:33,948 - Buy 1230.00 shares at 16.27 on 2024-02-26 19:45:00+00:00
2024-11-04 09:47:33,949 - Sell 1230.00 shares at 17.74 on 2024-02-28 14:30:00+00:00 (Exit: Profit_take, Profit: 1808.0999999999985, Duration: 2565.0 minutes)
2024-11-04 09:47:33,951 - Buy 1057.00 shares at 18.98 on 2024-03-04 17:45:00+00:00
2024-11-04 09:47:33,951 - Sell 1057.00 shares at 18.89 on 2024-03-04 19:45:00+00:00 (Exit: Signal, Profit: -95.12999999999985, Duration: 120.0 minutes)
2024-11-04 09:47:33,952 - Buy 1069.00 shares at 18.75 on 2024-03-05 19:15:00+00:00
2024-11-04 09:47:33,952 - Sell 1069.00 shares at 18.96 on 2024-03-06 20:45:00+00:00 (Exit: Signal, Profit: 224.49000000000092, Duration: 1530.0 minutes)
2024-11-04 09:47:33,953 - Buy 1077.00 shares at 18.63 on 2024-03-08 15:30:00+00:00
2024-11-04 09:47:33,953 - Sell 1077.00 shares at 18.35 on 2024-03-08 16:30:00+00:00 (Exit: Signal, Profit: -301.5599999999974, Duration: 60.0 minutes)
2024-11-04 09:47:33,954 - Buy 1093.00 shares at 18.34 on 2024-03-11 16:00:00+00:00
2024-11-04 09:47:33,954 - Sell 1093.00 shares at 19.34 on 2024-03-12 14:45:00+00:00 (Exit: Profit_take, Profit: 1093.0, Duration: 1365.0 minutes)
2024-11-04 09:47:33,956 - Buy 1102.00 shares at 18.22 on 2024-03-15 19:30:00+00:00
2024-11-04 09:47:33,956 - Sell 1102.00 shares at 18.23 on 2024-03-18 19:45:00+00:00 (Exit: Signal, Profit: 11.020000000001723, Duration: 4335.0 minutes)
2024-11-04 09:47:33,957 - Buy 1100.00 shares at 18.25 on 2024-03-19 17:15:00+00:00
2024-11-04 09:47:33,957 - Sell 1100.00 shares at 18.14 on 2024-03-20 16:45:00+00:00 (Exit: Signal, Profit: -120.99999999999937, Duration: 1410.0 minutes)
2024-11-04 09:47:33,958 - Buy 1098.00 shares at 18.28 on 2024-03-20 18:30:00+00:00
2024-11-04 09:47:33,958 - Sell 1098.00 shares at 18.5 on 2024-03-21 18:00:00+00:00 (Exit: Signal, Profit: 241.55999999999875, Duration: 1410.0 minutes)
2024-11-04 09:47:33,959 - Buy 1139.00 shares at 17.62 on 2024-03-25 17:15:00+00:00
2024-11-04 09:47:33,960 - Sell 1139.00 shares at 17.68 on 2024-03-26 19:15:00+00:00 (Exit: Signal, Profit: 68.33999999999854, Duration: 1560.0 minutes)
2024-11-04 09:47:33,960 - Buy 1137.00 shares at 17.66 on 2024-03-27 17:30:00+00:00
2024-11-04 09:47:33,960 - Sell 1137.00 shares at 17.68 on 2024-03-27 17:45:00+00:00 (Exit: Signal, Profit: 22.739999999999515, Duration: 15.0 minutes)
2024-11-04 09:47:33,960 - Buy 1124.00 shares at 17.86 on 2024-03-28 13:45:00+00:00
2024-11-04 09:47:33,962 - Sell 1124.00 shares at 17.72 on 2024-04-02 13:30:00+00:00 (Exit: Signal, Profit: -157.36000000000064, Duration: 7185.0 minutes)
2024-11-04 09:47:33,962 - Buy 1108.00 shares at 18.11 on 2024-04-02 16:15:00+00:00
2024-11-04 09:47:33,963 - Sell 1108.00 shares at 18.23 on 2024-04-03 17:45:00+00:00 (Exit: Signal, Profit: 132.96000000000112, Duration: 1530.0 minutes)
2024-11-04 09:47:33,963 - Buy 1092.00 shares at 18.39 on 2024-04-04 14:00:00+00:00
2024-11-04 09:47:33,963 - Sell 1092.00 shares at 18.32 on 2024-04-04 14:45:00+00:00 (Exit: Signal, Profit: -76.44000000000031, Duration: 45.0 minutes)
2024-11-04 09:47:33,963 - Buy 1092.00 shares at 18.38 on 2024-04-04 15:30:00+00:00
2024-11-04 09:47:33,963 - Sell 1092.00 shares at 18.31 on 2024-04-04 16:15:00+00:00 (Exit: Signal, Profit: -76.44000000000031, Duration: 45.0 minutes)
2024-11-04 09:47:33,964 - Buy 1093.00 shares at 18.37 on 2024-04-04 17:30:00+00:00
2024-11-04 09:47:33,964 - Sell 1093.00 shares at 18.28 on 2024-04-04 18:45:00+00:00 (Exit: Signal, Profit: -98.36999999999985, Duration: 75.0 minutes)
2024-11-04 09:47:33,964 - Buy 1068.00 shares at 18.8 on 2024-04-08 13:30:00+00:00
2024-11-04 09:47:33,965 - Sell 1068.00 shares at 18.28 on 2024-04-08 16:15:00+00:00 (Exit: Stop_loss, Profit: -555.3599999999996, Duration: 165.0 minutes)
2024-11-04 09:47:33,965 - Buy 1081.00 shares at 18.55 on 2024-04-09 13:45:00+00:00
2024-11-04 09:47:33,966 - Sell 1081.00 shares at 18.98 on 2024-04-11 14:15:00+00:00 (Exit: Signal, Profit: 464.8299999999997, Duration: 2910.0 minutes)
2024-11-04 09:47:33,966 - Buy 1046.00 shares at 19.18 on 2024-04-11 15:30:00+00:00
2024-11-04 09:47:33,967 - Sell 1046.00 shares at 19.07 on 2024-04-11 19:00:00+00:00 (Exit: Signal, Profit: -115.0599999999994, Duration: 210.0 minutes)
2024-11-04 09:47:33,967 - Buy 965.00 shares at 20.8 on 2024-04-12 13:30:00+00:00
2024-11-04 09:47:33,968 - Sell 965.00 shares at 22.02 on 2024-04-15 13:30:00+00:00 (Exit: Profit_take, Profit: 1177.2999999999988, Duration: 4320.0 minutes)
2024-11-04 09:47:33,969 - Buy 894.00 shares at 22.48 on 2024-04-17 16:45:00+00:00
2024-11-04 09:47:33,969 - Sell 894.00 shares at 22.22 on 2024-04-18 14:00:00+00:00 (Exit: Signal, Profit: -232.4400000000014, Duration: 1275.0 minutes)
2024-11-04 09:47:33,970 - Buy 902.00 shares at 22.27 on 2024-04-19 17:45:00+00:00
2024-11-04 09:47:33,970 - Sell 902.00 shares at 22.01 on 2024-04-19 19:45:00+00:00 (Exit: Signal, Profit: -234.51999999999822, Duration: 120.0 minutes)
2024-11-04 09:47:33,970 - Buy 896.00 shares at 22.42 on 2024-04-22 17:30:00+00:00
2024-11-04 09:47:33,971 - Sell 896.00 shares at 22.41 on 2024-04-24 13:45:00+00:00 (Exit: Signal, Profit: -8.959999999998217, Duration: 2655.0 minutes)
2024-11-04 09:47:33,972 - Buy 885.00 shares at 22.68 on 2024-04-24 18:15:00+00:00
2024-11-04 09:47:33,972 - Sell 885.00 shares at 22.08 on 2024-04-25 13:45:00+00:00 (Exit: Signal, Profit: -531.0000000000013, Duration: 1170.0 minutes)
2024-11-04 09:47:33,972 - Buy 885.00 shares at 22.67 on 2024-04-25 16:30:00+00:00
2024-11-04 09:47:33,973 - Sell 885.00 shares at 22.95 on 2024-04-26 18:15:00+00:00 (Exit: Signal, Profit: 247.79999999999785, Duration: 1545.0 minutes)
2024-11-04 09:47:33,973 - Buy 872.00 shares at 23.01 on 2024-04-29 16:45:00+00:00
2024-11-04 09:47:33,974 - Sell 872.00 shares at 22.85 on 2024-04-29 19:15:00+00:00 (Exit: Signal, Profit: -139.52000000000012, Duration: 150.0 minutes)
2024-11-04 09:47:33,974 - Buy 874.00 shares at 22.96 on 2024-04-30 13:45:00+00:00
2024-11-04 09:47:33,974 - Sell 874.00 shares at 22.71 on 2024-04-30 15:00:00+00:00 (Exit: Signal, Profit: -218.5, Duration: 75.0 minutes)
2024-11-04 09:47:33,975 - Buy 888.00 shares at 22.59 on 2024-05-01 18:30:00+00:00
2024-11-04 09:47:33,975 - Sell 888.00 shares at 22.26 on 2024-05-01 19:30:00+00:00 (Exit: Signal, Profit: -293.0399999999953, Duration: 60.0 minutes)
2024-11-04 09:47:33,975 - Buy 895.00 shares at 22.42 on 2024-05-02 15:45:00+00:00
2024-11-04 09:47:33,977 - Sell 895.00 shares at 23.57 on 2024-05-07 14:30:00+00:00 (Exit: Profit_take, Profit: 1029.2499999999986, Duration: 7125.0 minutes)
2024-11-04 09:47:33,977 - Buy 849.00 shares at 23.65 on 2024-05-07 19:45:00+00:00
2024-11-04 09:47:33,977 - Sell 849.00 shares at 21.56 on 2024-05-08 13:30:00+00:00 (Exit: Signal, Profit: -1774.4099999999999, Duration: 1065.0 minutes)
2024-11-04 09:47:33,978 - Buy 913.00 shares at 21.96 on 2024-05-09 14:45:00+00:00
2024-11-04 09:47:33,979 - Sell 913.00 shares at 22.01 on 2024-05-13 13:45:00+00:00 (Exit: Signal, Profit: 45.650000000000645, Duration: 5700.0 minutes)
2024-11-04 09:47:33,979 - Buy 905.00 shares at 22.14 on 2024-05-13 19:00:00+00:00
2024-11-04 09:47:33,981 - Sell 905.00 shares at 23.6 on 2024-05-16 13:30:00+00:00 (Exit: Profit_take, Profit: 1321.3000000000009, Duration: 3990.0 minutes)
2024-11-04 09:47:33,981 - Buy 869.00 shares at 23.09 on 2024-05-17 15:00:00+00:00
2024-11-04 09:47:33,982 - Sell 869.00 shares at 23.15 on 2024-05-20 13:30:00+00:00 (Exit: Signal, Profit: 52.13999999999889, Duration: 4230.0 minutes)
2024-11-04 09:47:33,982 - Buy 875.00 shares at 22.93 on 2024-05-21 13:45:00+00:00
2024-11-04 09:47:33,983 - Sell 875.00 shares at 22.84 on 2024-05-21 18:45:00+00:00 (Exit: Signal, Profit: -78.74999999999987, Duration: 300.0 minutes)
2024-11-04 09:47:33,983 - Buy 875.00 shares at 22.94 on 2024-05-21 19:30:00+00:00
2024-11-04 09:47:33,983 - Sell 875.00 shares at 22.74 on 2024-05-22 15:00:00+00:00 (Exit: Signal, Profit: -175.0000000000025, Duration: 1170.0 minutes)
2024-11-04 09:47:33,983 - Buy 892.00 shares at 22.5 on 2024-05-23 16:00:00+00:00
2024-11-04 09:47:33,984 - Sell 892.00 shares at 22.37 on 2024-05-23 18:00:00+00:00 (Exit: Signal, Profit: -115.95999999999911, Duration: 120.0 minutes)
2024-11-04 09:47:33,984 - Buy 890.00 shares at 22.55 on 2024-05-24 16:00:00+00:00
2024-11-04 09:47:33,984 - Sell 890.00 shares at 22.43 on 2024-05-24 19:15:00+00:00 (Exit: Signal, Profit: -106.80000000000089, Duration: 195.0 minutes)
2024-11-04 09:47:33,985 - Buy 891.00 shares at 22.52 on 2024-05-28 15:00:00+00:00
2024-11-04 09:47:33,985 - Sell 891.00 shares at 22.67 on 2024-05-29 15:30:00+00:00 (Exit: Signal, Profit: 133.6500000000019, Duration: 1470.0 minutes)
2024-11-04 09:47:33,985 - Buy 880.00 shares at 22.81 on 2024-05-29 17:00:00+00:00
2024-11-04 09:47:33,986 - Sell 880.00 shares at 23.05 on 2024-05-31 14:00:00+00:00 (Exit: Signal, Profit: 211.20000000000175, Duration: 2700.0 minutes)
2024-11-04 09:47:33,987 - Buy 882.00 shares at 22.77 on 2024-06-03 13:45:00+00:00
2024-11-04 09:47:33,987 - Sell 882.00 shares at 22.52 on 2024-06-03 15:00:00+00:00 (Exit: Signal, Profit: -220.5, Duration: 75.0 minutes)
2024-11-04 09:47:33,988 - Buy 917.00 shares at 21.89 on 2024-06-05 13:30:00+00:00
2024-11-04 09:47:33,988 - Sell 917.00 shares at 21.8 on 2024-06-05 17:00:00+00:00 (Exit: Signal, Profit: -82.52999999999987, Duration: 210.0 minutes)
2024-11-04 09:47:33,988 - Buy 914.00 shares at 21.95 on 2024-06-06 13:45:00+00:00
2024-11-04 09:47:33,989 - Sell 914.00 shares at 21.73 on 2024-06-07 13:30:00+00:00 (Exit: Signal, Profit: -201.07999999999896, Duration: 1425.0 minutes)
2024-11-04 09:47:33,989 - Buy 914.00 shares at 21.94 on 2024-06-07 15:30:00+00:00
2024-11-04 09:47:33,989 - Sell 914.00 shares at 21.81 on 2024-06-07 18:00:00+00:00 (Exit: Signal, Profit: -118.82000000000234, Duration: 150.0 minutes)
2024-11-04 09:47:33,989 - Buy 910.00 shares at 22.04 on 2024-06-07 19:15:00+00:00
2024-11-04 09:47:33,990 - Sell 910.00 shares at 21.82 on 2024-06-10 13:30:00+00:00 (Exit: Signal, Profit: -200.19999999999897, Duration: 3975.0 minutes)
2024-11-04 09:47:33,990 - Buy 910.00 shares at 22.03 on 2024-06-10 15:00:00+00:00
2024-11-04 09:47:33,990 - Sell 910.00 shares at 22.07 on 2024-06-11 14:30:00+00:00 (Exit: Signal, Profit: 36.40000000000246, Duration: 1410.0 minutes)
2024-11-04 09:47:33,991 - Buy 907.00 shares at 22.11 on 2024-06-11 18:30:00+00:00
2024-11-04 09:47:33,992 - Sell 907.00 shares at 21.98 on 2024-06-13 13:45:00+00:00 (Exit: Signal, Profit: -117.9099999999991, Duration: 2595.0 minutes)
2024-11-04 09:47:33,992 - Buy 937.00 shares at 21.41 on 2024-06-14 19:45:00+00:00
2024-11-04 09:47:33,992 - Sell 937.00 shares at 20.86 on 2024-06-17 13:30:00+00:00 (Exit: Signal, Profit: -515.350000000004, Duration: 3945.0 minutes)
2024-11-04 09:47:33,993 - Buy 972.00 shares at 20.63 on 2024-06-18 15:30:00+00:00
2024-11-04 09:47:33,993 - Sell 972.00 shares at 20.64 on 2024-06-18 15:45:00+00:00 (Exit: Signal, Profit: 9.72000000000152, Duration: 15.0 minutes)
2024-11-04 09:47:33,993 - Buy 969.00 shares at 20.69 on 2024-06-18 16:15:00+00:00
2024-11-04 09:47:33,993 - Sell 969.00 shares at 20.6 on 2024-06-18 17:30:00+00:00 (Exit: Signal, Profit: -87.20999999999987, Duration: 75.0 minutes)
2024-11-04 09:47:33,993 - Buy 962.00 shares at 20.83 on 2024-06-20 14:00:00+00:00
2024-11-04 09:47:33,995 - Sell 962.00 shares at 21.16 on 2024-06-24 16:30:00+00:00 (Exit: Signal, Profit: 317.4600000000018, Duration: 5910.0 minutes)
2024-11-04 09:47:33,995 - Buy 948.00 shares at 21.16 on 2024-06-25 14:30:00+00:00
2024-11-04 09:47:33,995 - Sell 948.00 shares at 21.14 on 2024-06-25 14:45:00+00:00 (Exit: Signal, Profit: -18.959999999999596, Duration: 15.0 minutes)
2024-11-04 09:47:33,996 - Buy 943.00 shares at 21.27 on 2024-06-25 17:45:00+00:00
2024-11-04 09:47:33,996 - Sell 943.00 shares at 21.05 on 2024-06-26 13:45:00+00:00 (Exit: Signal, Profit: -207.45999999999893, Duration: 1200.0 minutes)
2024-11-04 09:47:33,996 - Buy 947.00 shares at 21.17 on 2024-06-26 15:30:00+00:00
2024-11-04 09:47:33,996 - Sell 947.00 shares at 21.11 on 2024-06-26 16:00:00+00:00 (Exit: Signal, Profit: -56.82000000000215, Duration: 30.0 minutes)
2024-11-04 09:47:33,996 - Buy 943.00 shares at 21.25 on 2024-06-26 18:45:00+00:00
2024-11-04 09:47:33,997 - Sell 943.00 shares at 21.13 on 2024-06-27 15:30:00+00:00 (Exit: Signal, Profit: -113.16000000000093, Duration: 1245.0 minutes)
2024-11-04 09:47:33,997 - Buy 944.00 shares at 21.23 on 2024-06-27 16:30:00+00:00
2024-11-04 09:47:33,997 - Sell 944.00 shares at 21.14 on 2024-06-27 17:45:00+00:00 (Exit: Signal, Profit: -84.95999999999987, Duration: 75.0 minutes)
2024-11-04 09:47:33,998 - Buy 949.00 shares at 21.11 on 2024-07-01 15:45:00+00:00
2024-11-04 09:47:33,998 - Sell 949.00 shares at 20.85 on 2024-07-02 13:45:00+00:00 (Exit: Signal, Profit: -246.7399999999981, Duration: 1320.0 minutes)
2024-11-04 09:47:33,999 - Buy 954.00 shares at 20.99 on 2024-07-03 13:45:00+00:00
2024-11-04 09:47:34,000 - Sell 954.00 shares at 21.48 on 2024-07-08 15:45:00+00:00 (Exit: Signal, Profit: 467.4600000000019, Duration: 7320.0 minutes)
2024-11-04 09:47:34,000 - Buy 930.00 shares at 21.55 on 2024-07-08 18:00:00+00:00
2024-11-04 09:47:34,000 - Sell 930.00 shares at 21.51 on 2024-07-08 18:15:00+00:00 (Exit: Signal, Profit: -37.19999999999921, Duration: 15.0 minutes)
2024-11-04 09:47:34,000 - Buy 927.00 shares at 21.62 on 2024-07-09 14:15:00+00:00
2024-11-04 09:47:34,001 - Sell 927.00 shares at 21.51 on 2024-07-09 17:30:00+00:00 (Exit: Signal, Profit: -101.96999999999947, Duration: 195.0 minutes)
2024-11-04 09:47:34,001 - Buy 937.00 shares at 21.38 on 2024-07-10 18:45:00+00:00
2024-11-04 09:47:34,003 - Sell 937.00 shares at 21.7 on 2024-07-12 18:45:00+00:00 (Exit: Signal, Profit: 299.84000000000026, Duration: 2880.0 minutes)
2024-11-04 09:47:34,003 - Buy 937.00 shares at 21.4 on 2024-07-16 15:15:00+00:00
2024-11-04 09:47:34,003 - Sell 937.00 shares at 21.3 on 2024-07-16 17:30:00+00:00 (Exit: Signal, Profit: -93.699999999998, Duration: 135.0 minutes)
2024-11-04 09:47:34,004 - Buy 942.00 shares at 21.29 on 2024-07-16 18:15:00+00:00
2024-11-04 09:47:34,004 - Sell 942.00 shares at 21.3 on 2024-07-16 18:30:00+00:00 (Exit: Signal, Profit: 9.420000000001473, Duration: 15.0 minutes)
2024-11-04 09:47:34,004 - Buy 939.00 shares at 21.34 on 2024-07-16 19:30:00+00:00
2024-11-04 09:47:34,004 - Sell 939.00 shares at 20.82 on 2024-07-17 13:30:00+00:00 (Exit: Signal, Profit: -488.2799999999996, Duration: 1080.0 minutes)
