2024-11-04 09:47:34,459 - Starting SmaCrossoverStrategy with initial capital: 1000000
2024-11-04 09:47:34,459 - Hyperparameters: {'fast_period': 15, 'slow_period': 20}
2024-11-04 09:47:34,472 - Buy 1410.00 shares at 14.18 on 2024-02-07 17:00:00+00:00
2024-11-04 09:47:34,474 - Sell 1410.00 shares at 14.33 on 2024-02-09 14:45:00+00:00 (Exit: Signal, Profit: 211.5000000000005, Duration: 2745.0 minutes)
2024-11-04 09:47:34,475 - Buy 1384.00 shares at 14.45 on 2024-02-09 20:15:00+00:00
2024-11-04 09:47:34,476 - Sell 1384.00 shares at 15.18 on 2024-02-12 17:45:00+00:00 (Exit: Profit_take, Profit: 1010.3200000000006, Duration: 4170.0 minutes)
2024-11-04 09:47:34,477 - Buy 1349.00 shares at 14.84 on 2024-02-14 15:15:00+00:00
2024-11-04 09:47:34,478 - Sell 1349.00 shares at 15.67 on 2024-02-15 17:00:00+00:00 (Exit: Profit_take, Profit: 1119.67, Duration: 1545.0 minutes)
2024-11-04 09:47:34,479 - Buy 1276.00 shares at 15.71 on 2024-02-16 18:30:00+00:00
2024-11-04 09:47:34,480 - Sell 1276.00 shares at 15.59 on 2024-02-20 14:30:00+00:00 (Exit: Signal, Profit: -153.12000000000353, Duration: 5520.0 minutes)
2024-11-04 09:47:34,480 - Buy 1276.00 shares at 15.7 on 2024-02-20 18:15:00+00:00
2024-11-04 09:47:34,481 - Sell 1276.00 shares at 15.75 on 2024-02-21 19:15:00+00:00 (Exit: Signal, Profit: 63.79999999999864, Duration: 1500.0 minutes)
2024-11-04 09:47:34,482 - Buy 1257.00 shares at 15.94 on 2024-02-22 15:00:00+00:00
2024-11-04 09:47:34,484 - Sell 1257.00 shares at 16.0 on 2024-02-26 14:45:00+00:00 (Exit: Signal, Profit: 75.42000000000286, Duration: 5745.0 minutes)
2024-11-04 09:47:34,484 - Buy 1240.00 shares at 16.16 on 2024-02-26 19:15:00+00:00
2024-11-04 09:47:34,485 - Sell 1240.00 shares at 17.0 on 2024-02-27 16:15:00+00:00 (Exit: Profit_take, Profit: 1041.6, Duration: 1260.0 minutes)
2024-11-04 09:47:34,486 - Buy 1131.00 shares at 17.74 on 2024-02-28 14:30:00+00:00
2024-11-04 09:47:34,487 - Sell 1131.00 shares at 18.14 on 2024-02-28 20:30:00+00:00 (Exit: Signal, Profit: 452.4000000000024, Duration: 360.0 minutes)
2024-11-04 09:47:34,487 - Buy 1069.00 shares at 18.78 on 2024-02-29 14:30:00+00:00
2024-11-04 09:47:34,488 - Sell 1069.00 shares at 18.5 on 2024-02-29 18:45:00+00:00 (Exit: Signal, Profit: -299.3200000000012, Duration: 255.0 minutes)
2024-11-04 09:47:34,488 - Buy 1084.00 shares at 18.5 on 2024-02-29 20:00:00+00:00
2024-11-04 09:47:34,490 - Sell 1084.00 shares at 18.82 on 2024-03-04 15:45:00+00:00 (Exit: Signal, Profit: 346.88000000000034, Duration: 5505.0 minutes)
2024-11-04 09:47:34,490 - Buy 1062.00 shares at 18.89 on 2024-03-04 17:15:00+00:00
2024-11-04 09:47:34,490 - Sell 1062.00 shares at 18.98 on 2024-03-04 17:45:00+00:00 (Exit: Signal, Profit: 95.57999999999984, Duration: 30.0 minutes)
2024-11-04 09:47:34,490 - Buy 1064.00 shares at 18.86 on 2024-03-04 19:00:00+00:00
2024-11-04 09:47:34,491 - Sell 1064.00 shares at 18.74 on 2024-03-05 15:00:00+00:00 (Exit: Signal, Profit: -127.68000000000106, Duration: 1200.0 minutes)
2024-11-04 09:47:34,491 - Buy 1070.00 shares at 18.75 on 2024-03-05 19:15:00+00:00
2024-11-04 09:47:34,492 - Sell 1070.00 shares at 19.01 on 2024-03-06 20:30:00+00:00 (Exit: Signal, Profit: 278.2000000000017, Duration: 1515.0 minutes)
2024-11-04 09:47:34,493 - Buy 1075.00 shares at 18.68 on 2024-03-08 15:15:00+00:00
2024-11-04 09:47:34,494 - Sell 1075.00 shares at 18.35 on 2024-03-08 16:30:00+00:00 (Exit: Signal, Profit: -354.7499999999982, Duration: 75.0 minutes)
2024-11-04 09:47:34,494 - Buy 1091.00 shares at 18.39 on 2024-03-08 17:30:00+00:00
2024-11-04 09:47:34,494 - Sell 1091.00 shares at 18.3 on 2024-03-08 18:45:00+00:00 (Exit: Signal, Profit: -98.18999999999984, Duration: 75.0 minutes)
2024-11-04 09:47:34,495 - Buy 1087.00 shares at 18.46 on 2024-03-11 17:30:00+00:00
2024-11-04 09:47:34,495 - Sell 1087.00 shares at 19.74 on 2024-03-12 15:15:00+00:00 (Exit: Profit_take, Profit: 1391.3599999999974, Duration: 1305.0 minutes)
2024-11-04 09:47:34,496 - Buy 1032.00 shares at 19.46 on 2024-03-13 13:45:00+00:00
2024-11-04 09:47:34,497 - Sell 1032.00 shares at 19.26 on 2024-03-14 14:00:00+00:00 (Exit: Signal, Profit: -206.39999999999927, Duration: 1455.0 minutes)
2024-11-04 09:47:34,498 - Buy 1102.00 shares at 18.23 on 2024-03-15 13:30:00+00:00
2024-11-04 09:47:34,498 - Sell 1102.00 shares at 18.16 on 2024-03-15 14:15:00+00:00 (Exit: Signal, Profit: -77.14000000000031, Duration: 45.0 minutes)
2024-11-04 09:47:34,499 - Buy 1102.00 shares at 18.22 on 2024-03-15 19:30:00+00:00
2024-11-04 09:47:34,500 - Sell 1102.00 shares at 18.38 on 2024-03-18 18:00:00+00:00 (Exit: Signal, Profit: 176.32000000000016, Duration: 4230.0 minutes)
2024-11-04 09:47:34,500 - Buy 1102.00 shares at 18.23 on 2024-03-18 19:45:00+00:00
2024-11-04 09:47:34,500 - Sell 1102.00 shares at 17.97 on 2024-03-19 13:30:00+00:00 (Exit: Signal, Profit: -286.52000000000174, Duration: 1065.0 minutes)
2024-11-04 09:47:34,501 - Buy 1100.00 shares at 18.26 on 2024-03-19 17:45:00+00:00
2024-11-04 09:47:34,501 - Sell 1100.00 shares at 18.27 on 2024-03-20 14:30:00+00:00 (Exit: Signal, Profit: 10.999999999997812, Duration: 1245.0 minutes)
2024-11-04 09:47:34,502 - Buy 1099.00 shares at 18.27 on 2024-03-20 16:00:00+00:00
2024-11-04 09:47:34,502 - Sell 1099.00 shares at 18.28 on 2024-03-20 18:30:00+00:00 (Exit: Signal, Profit: 10.990000000001718, Duration: 150.0 minutes)
2024-11-04 09:47:34,502 - Buy 1087.00 shares at 18.48 on 2024-03-21 13:30:00+00:00
2024-11-04 09:47:34,503 - Sell 1087.00 shares at 18.55 on 2024-03-21 18:30:00+00:00 (Exit: Signal, Profit: 76.09000000000032, Duration: 300.0 minutes)
2024-11-04 09:47:34,505 - Buy 1137.00 shares at 17.66 on 2024-03-25 18:00:00+00:00
2024-11-04 09:47:34,506 - Sell 1137.00 shares at 17.82 on 2024-03-26 18:15:00+00:00 (Exit: Signal, Profit: 181.92000000000016, Duration: 1455.0 minutes)
2024-11-04 09:47:34,506 - Buy 1138.00 shares at 17.66 on 2024-03-27 18:45:00+00:00
2024-11-04 09:47:34,507 - Sell 1138.00 shares at 17.88 on 2024-03-28 18:15:00+00:00 (Exit: Signal, Profit: 250.3599999999987, Duration: 1410.0 minutes)
2024-11-04 09:47:34,508 - Buy 1110.00 shares at 18.11 on 2024-04-01 14:00:00+00:00
2024-11-04 09:47:34,509 - Sell 1110.00 shares at 17.8 on 2024-04-02 13:45:00+00:00 (Exit: Signal, Profit: -344.0999999999986, Duration: 1425.0 minutes)
2024-11-04 09:47:34,509 - Buy 1107.00 shares at 18.14 on 2024-04-02 17:30:00+00:00
2024-11-04 09:47:34,510 - Sell 1107.00 shares at 18.23 on 2024-04-03 17:45:00+00:00 (Exit: Signal, Profit: 99.62999999999984, Duration: 1455.0 minutes)
2024-11-04 09:47:34,511 - Buy 1092.00 shares at 18.39 on 2024-04-04 15:00:00+00:00
2024-11-04 09:47:34,511 - Sell 1092.00 shares at 18.35 on 2024-04-04 17:15:00+00:00 (Exit: Signal, Profit: -43.67999999999907, Duration: 135.0 minutes)
2024-11-04 09:47:34,512 - Buy 1101.00 shares at 18.25 on 2024-04-04 18:30:00+00:00
2024-11-04 09:47:34,512 - Sell 1101.00 shares at 18.28 on 2024-04-04 18:45:00+00:00 (Exit: Signal, Profit: 33.03000000000125, Duration: 15.0 minutes)
2024-11-04 09:47:34,512 - Buy 1100.00 shares at 18.26 on 2024-04-05 19:30:00+00:00
2024-11-04 09:47:34,513 - Sell 1100.00 shares at 18.28 on 2024-04-08 16:15:00+00:00 (Exit: Stop_loss, Profit: 21.99999999999953, Duration: 4125.0 minutes)
2024-11-04 09:47:34,514 - Buy 1070.00 shares at 18.77 on 2024-04-09 14:15:00+00:00
2024-11-04 09:47:34,516 - Sell 1070.00 shares at 19.1 on 2024-04-10 18:30:00+00:00 (Exit: Signal, Profit: 353.10000000000196, Duration: 1695.0 minutes)
2024-11-04 09:47:34,516 - Buy 1045.00 shares at 19.23 on 2024-04-10 19:30:00+00:00
2024-11-04 09:47:34,517 - Sell 1045.00 shares at 19.02 on 2024-04-11 14:30:00+00:00 (Exit: Signal, Profit: -219.4500000000009, Duration: 1140.0 minutes)
2024-11-04 09:47:34,517 - Buy 1046.00 shares at 19.21 on 2024-04-11 15:45:00+00:00
2024-11-04 09:47:34,518 - Sell 1046.00 shares at 19.11 on 2024-04-11 16:45:00+00:00 (Exit: Signal, Profit: -104.60000000000149, Duration: 60.0 minutes)
2024-11-04 09:47:34,518 - Buy 1049.00 shares at 19.16 on 2024-04-11 17:45:00+00:00
2024-11-04 09:47:34,518 - Sell 1049.00 shares at 19.1 on 2024-04-11 19:30:00+00:00 (Exit: Signal, Profit: -62.93999999999866, Duration: 105.0 minutes)
2024-11-04 09:47:34,518 - Buy 966.00 shares at 20.8 on 2024-04-12 13:30:00+00:00
2024-11-04 09:47:34,520 - Sell 966.00 shares at 22.02 on 2024-04-15 13:30:00+00:00 (Exit: Profit_take, Profit: 1178.5199999999988, Duration: 4320.0 minutes)
2024-11-04 09:47:34,522 - Buy 883.00 shares at 22.77 on 2024-04-17 17:45:00+00:00
2024-11-04 09:47:34,522 - Sell 883.00 shares at 22.04 on 2024-04-18 14:15:00+00:00 (Exit: Stop_loss, Profit: -644.5900000000004, Duration: 1230.0 minutes)
2024-11-04 09:47:34,523 - Buy 906.00 shares at 22.18 on 2024-04-18 18:00:00+00:00
2024-11-04 09:47:34,523 - Sell 906.00 shares at 22.3 on 2024-04-18 19:45:00+00:00 (Exit: Signal, Profit: 108.72000000000412, Duration: 105.0 minutes)
2024-11-04 09:47:34,524 - Buy 904.00 shares at 22.23 on 2024-04-19 18:00:00+00:00
2024-11-04 09:47:34,524 - Sell 904.00 shares at 21.89 on 2024-04-22 15:00:00+00:00 (Exit: Signal, Profit: -307.3599999999999, Duration: 4140.0 minutes)
2024-11-04 09:47:34,525 - Buy 896.00 shares at 22.42 on 2024-04-22 18:30:00+00:00
2024-11-04 09:47:34,526 - Sell 896.00 shares at 22.43 on 2024-04-24 14:15:00+00:00 (Exit: Signal, Profit: 8.9600000000014, Duration: 2625.0 minutes)
2024-11-04 09:47:34,527 - Buy 888.00 shares at 22.63 on 2024-04-24 18:00:00+00:00
2024-11-04 09:47:34,527 - Sell 888.00 shares at 22.08 on 2024-04-25 13:45:00+00:00 (Exit: Stop_loss, Profit: -488.40000000000066, Duration: 1185.0 minutes)
2024-11-04 09:47:34,527 - Buy 884.00 shares at 22.71 on 2024-04-25 17:30:00+00:00
2024-11-04 09:47:34,532 - Sell 884.00 shares at 22.99 on 2024-04-26 18:00:00+00:00 (Exit: Signal, Profit: 247.51999999999788, Duration: 1470.0 minutes)
2024-11-04 09:47:34,533 - Buy 872.00 shares at 23.04 on 2024-04-29 17:30:00+00:00
2024-11-04 09:47:34,534 - Sell 872.00 shares at 22.94 on 2024-04-30 14:15:00+00:00 (Exit: Signal, Profit: -87.20000000000124, Duration: 1245.0 minutes)
2024-11-04 09:47:34,535 - Buy 896.00 shares at 22.43 on 2024-05-01 17:45:00+00:00
2024-11-04 09:47:34,536 - Sell 896.00 shares at 22.3 on 2024-05-02 13:30:00+00:00 (Exit: Signal, Profit: -116.47999999999911, Duration: 1185.0 minutes)
2024-11-04 09:47:34,536 - Buy 894.00 shares at 22.46 on 2024-05-02 17:00:00+00:00
2024-11-04 09:47:34,541 - Sell 894.00 shares at 23.71 on 2024-05-07 14:45:00+00:00 (Exit: Profit_take, Profit: 1117.5, Duration: 7065.0 minutes)
2024-11-04 09:47:34,542 - Buy 934.00 shares at 21.52 on 2024-05-08 18:15:00+00:00
2024-11-04 09:47:34,542 - Sell 934.00 shares at 21.48 on 2024-05-08 18:30:00+00:00 (Exit: Signal, Profit: -37.359999999999204, Duration: 15.0 minutes)
2024-11-04 09:47:34,543 - Buy 915.00 shares at 21.98 on 2024-05-09 15:00:00+00:00
2024-11-04 09:47:34,544 - Sell 915.00 shares at 22.01 on 2024-05-09 19:45:00+00:00 (Exit: Signal, Profit: 27.45000000000104, Duration: 285.0 minutes)
2024-11-04 09:47:34,544 - Buy 902.00 shares at 22.29 on 2024-05-10 14:15:00+00:00
2024-11-04 09:47:34,545 - Sell 902.00 shares at 22.0 on 2024-05-13 14:00:00+00:00 (Exit: Signal, Profit: -261.57999999999925, Duration: 4305.0 minutes)
2024-11-04 09:47:34,546 - Buy 909.00 shares at 22.11 on 2024-05-13 18:30:00+00:00
2024-11-04 09:47:34,547 - Sell 909.00 shares at 22.29 on 2024-05-14 18:45:00+00:00 (Exit: Signal, Profit: 163.61999999999975, Duration: 1455.0 minutes)
2024-11-04 09:47:34,548 - Buy 899.00 shares at 22.37 on 2024-05-15 14:00:00+00:00
2024-11-04 09:47:34,549 - Sell 899.00 shares at 22.52 on 2024-05-15 18:45:00+00:00 (Exit: Signal, Profit: 134.84999999999872, Duration: 285.0 minutes)
2024-11-04 09:47:34,549 - Buy 852.00 shares at 23.6 on 2024-05-16 13:30:00+00:00
2024-11-04 09:47:34,550 - Sell 852.00 shares at 23.01 on 2024-05-16 18:00:00+00:00 (Exit: Signal, Profit: -502.6799999999999, Duration: 270.0 minutes)
2024-11-04 09:47:34,550 - Buy 870.00 shares at 23.09 on 2024-05-16 19:15:00+00:00
2024-11-04 09:47:34,550 - Sell 870.00 shares at 22.87 on 2024-05-16 19:45:00+00:00 (Exit: Signal, Profit: -191.399999999999, Duration: 30.0 minutes)
2024-11-04 09:47:34,551 - Buy 869.00 shares at 23.12 on 2024-05-17 15:15:00+00:00
2024-11-04 09:47:34,551 - Sell 869.00 shares at 23.12 on 2024-05-17 16:00:00+00:00 (Exit: Signal, Profit: -3.0873081868776353e-12, Duration: 45.0 minutes)
2024-11-04 09:47:34,551 - Buy 864.00 shares at 23.26 on 2024-05-17 17:00:00+00:00
2024-11-04 09:47:34,552 - Sell 864.00 shares at 23.04 on 2024-05-20 14:30:00+00:00 (Exit: Signal, Profit: -190.08000000000516, Duration: 4170.0 minutes)
2024-11-04 09:47:34,553 - Buy 877.00 shares at 22.9 on 2024-05-21 14:15:00+00:00
2024-11-04 09:47:34,553 - Sell 877.00 shares at 22.85 on 2024-05-21 17:15:00+00:00 (Exit: Signal, Profit: -43.84999999999751, Duration: 180.0 minutes)
2024-11-04 09:47:34,553 - Buy 877.00 shares at 22.9 on 2024-05-21 19:15:00+00:00
2024-11-04 09:47:34,554 - Sell 877.00 shares at 22.55 on 2024-05-22 16:15:00+00:00 (Exit: Signal, Profit: -306.9499999999981, Duration: 1260.0 minutes)
2024-11-04 09:47:34,555 - Buy 890.00 shares at 22.56 on 2024-05-23 15:00:00+00:00
2024-11-04 09:47:34,556 - Sell 890.00 shares at 22.44 on 2024-05-23 19:30:00+00:00 (Exit: Signal, Profit: -106.79999999999772, Duration: 270.0 minutes)
2024-11-04 09:47:34,557 - Buy 889.00 shares at 22.6 on 2024-05-24 16:15:00+00:00
2024-11-04 09:47:34,558 - Sell 889.00 shares at 22.32 on 2024-05-28 13:30:00+00:00 (Exit: Signal, Profit: -248.920000000001, Duration: 5595.0 minutes)
2024-11-04 09:47:34,558 - Buy 881.00 shares at 22.8 on 2024-05-28 16:00:00+00:00
2024-11-04 09:47:34,559 - Sell 881.00 shares at 22.57 on 2024-05-29 13:45:00+00:00 (Exit: Signal, Profit: -202.63000000000036, Duration: 1305.0 minutes)
2024-11-04 09:47:34,560 - Buy 880.00 shares at 22.8 on 2024-05-29 17:30:00+00:00
2024-11-04 09:47:34,561 - Sell 880.00 shares at 22.72 on 2024-05-31 14:15:00+00:00 (Exit: Stop_loss, Profit: -70.40000000000163, Duration: 2685.0 minutes)
2024-11-04 09:47:34,562 - Buy 887.00 shares at 22.64 on 2024-05-31 19:15:00+00:00
2024-11-04 09:47:34,563 - Sell 887.00 shares at 22.68 on 2024-06-03 15:15:00+00:00 (Exit: Signal, Profit: 35.479999999999244, Duration: 4080.0 minutes)
2024-11-04 09:47:34,564 - Buy 912.00 shares at 22.0 on 2024-06-04 19:30:00+00:00
2024-11-04 09:47:34,565 - Sell 912.00 shares at 21.74 on 2024-06-05 16:45:00+00:00 (Exit: Signal, Profit: -237.12000000000143, Duration: 1275.0 minutes)
2024-11-04 09:47:34,565 - Buy 908.00 shares at 22.09 on 2024-06-06 14:00:00+00:00
2024-11-04 09:47:34,566 - Sell 908.00 shares at 21.95 on 2024-06-06 18:15:00+00:00 (Exit: Signal, Profit: -127.12000000000052, Duration: 255.0 minutes)
2024-11-04 09:47:34,567 - Buy 923.00 shares at 21.73 on 2024-06-07 13:30:00+00:00
2024-11-04 09:47:34,567 - Sell 923.00 shares at 21.8 on 2024-06-07 14:00:00+00:00 (Exit: Signal, Profit: 64.61000000000027, Duration: 30.0 minutes)
2024-11-04 09:47:34,567 - Buy 915.00 shares at 21.93 on 2024-06-07 17:15:00+00:00
2024-11-04 09:47:34,568 - Sell 915.00 shares at 21.9 on 2024-06-07 19:00:00+00:00 (Exit: Signal, Profit: -27.45000000000104, Duration: 105.0 minutes)
2024-11-04 09:47:34,568 - Buy 908.00 shares at 22.1 on 2024-06-10 15:15:00+00:00
2024-11-04 09:47:34,570 - Sell 908.00 shares at 22.0 on 2024-06-11 15:15:00+00:00 (Exit: Signal, Profit: -90.80000000000452, Duration: 1440.0 minutes)
2024-11-04 09:47:34,570 - Buy 910.00 shares at 22.05 on 2024-06-11 19:15:00+00:00
2024-11-04 09:47:34,572 - Sell 910.00 shares at 21.98 on 2024-06-13 13:45:00+00:00 (Exit: Stop_loss, Profit: -63.70000000000026, Duration: 2550.0 minutes)
2024-11-04 09:47:34,573 - Buy 934.00 shares at 21.48 on 2024-06-14 15:00:00+00:00
2024-11-04 09:47:34,573 - Sell 934.00 shares at 21.41 on 2024-06-14 15:15:00+00:00 (Exit: Signal, Profit: -65.38000000000027, Duration: 15.0 minutes)
2024-11-04 09:47:34,573 - Buy 943.00 shares at 21.28 on 2024-06-14 18:00:00+00:00
2024-11-04 09:47:34,574 - Sell 943.00 shares at 21.42 on 2024-06-14 19:30:00+00:00 (Exit: Signal, Profit: 132.02000000000055, Duration: 90.0 minutes)
2024-11-04 09:47:34,575 - Buy 966.00 shares at 20.77 on 2024-06-17 18:30:00+00:00
2024-11-04 09:47:34,575 - Sell 966.00 shares at 20.54 on 2024-06-17 19:45:00+00:00 (Exit: Signal, Profit: -222.1800000000004, Duration: 75.0 minutes)
2024-11-04 09:47:34,575 - Buy 970.00 shares at 20.69 on 2024-06-18 14:30:00+00:00
2024-11-04 09:47:34,575 - Sell 970.00 shares at 20.57 on 2024-06-18 15:15:00+00:00 (Exit: Signal, Profit: -116.40000000000097, Duration: 45.0 minutes)
2024-11-04 09:47:34,576 - Buy 974.00 shares at 20.59 on 2024-06-18 17:15:00+00:00
2024-11-04 09:47:34,576 - Sell 974.00 shares at 20.5 on 2024-06-18 18:45:00+00:00 (Exit: Signal, Profit: -87.65999999999985, Duration: 90.0 minutes)
2024-11-04 09:47:34,577 - Buy 963.00 shares at 20.82 on 2024-06-20 14:45:00+00:00
2024-11-04 09:47:34,578 - Sell 963.00 shares at 21.02 on 2024-06-20 19:45:00+00:00 (Exit: Signal, Profit: 192.5999999999993, Duration: 300.0 minutes)
2024-11-04 09:47:34,578 - Buy 953.00 shares at 21.04 on 2024-06-21 13:45:00+00:00
2024-11-04 09:47:34,579 - Sell 953.00 shares at 21.18 on 2024-06-21 18:30:00+00:00 (Exit: Signal, Profit: 133.42000000000053, Duration: 285.0 minutes)
2024-11-04 09:47:34,579 - Buy 944.00 shares at 21.25 on 2024-06-21 19:00:00+00:00
2024-11-04 09:47:34,580 - Sell 944.00 shares at 21.13 on 2024-06-24 17:15:00+00:00 (Exit: Signal, Profit: -113.28000000000094, Duration: 4215.0 minutes)
2024-11-04 09:47:34,580 - Buy 943.00 shares at 21.27 on 2024-06-25 14:15:00+00:00
2024-11-04 09:47:34,581 - Sell 943.00 shares at 21.14 on 2024-06-25 16:15:00+00:00 (Exit: Signal, Profit: -122.58999999999907, Duration: 120.0 minutes)
2024-11-04 09:47:34,581 - Buy 949.00 shares at 21.14 on 2024-06-25 17:00:00+00:00
2024-11-04 09:47:34,581 - Sell 949.00 shares at 21.16 on 2024-06-25 17:15:00+00:00 (Exit: Signal, Profit: 18.979999999999595, Duration: 15.0 minutes)
2024-11-04 09:47:34,581 - Buy 938.00 shares at 21.38 on 2024-06-25 18:30:00+00:00
2024-11-04 09:47:34,582 - Sell 938.00 shares at 21.17 on 2024-06-26 15:30:00+00:00 (Exit: Signal, Profit: -196.97999999999746, Duration: 1260.0 minutes)
2024-11-04 09:47:34,583 - Buy 943.00 shares at 21.27 on 2024-06-26 17:45:00+00:00
2024-11-04 09:47:34,583 - Sell 943.00 shares at 21.25 on 2024-06-26 18:45:00+00:00 (Exit: Signal, Profit: -18.859999999999598, Duration: 60.0 minutes)
2024-11-04 09:47:34,583 - Buy 942.00 shares at 21.28 on 2024-06-26 19:45:00+00:00
2024-11-04 09:47:34,584 - Sell 942.00 shares at 21.23 on 2024-06-27 16:45:00+00:00 (Exit: Signal, Profit: -47.10000000000067, Duration: 1260.0 minutes)
2024-11-04 09:47:34,584 - Buy 945.00 shares at 21.21 on 2024-06-27 19:15:00+00:00
2024-11-04 09:47:34,585 - Sell 945.00 shares at 20.9 on 2024-06-28 13:45:00+00:00 (Exit: Signal, Profit: -292.95000000000215, Duration: 1110.0 minutes)
2024-11-04 09:47:34,586 - Buy 951.00 shares at 21.09 on 2024-07-01 16:00:00+00:00
2024-11-04 09:47:34,586 - Sell 951.00 shares at 20.85 on 2024-07-02 13:45:00+00:00 (Exit: Signal, Profit: -228.2399999999985, Duration: 1305.0 minutes)
2024-11-04 09:47:34,587 - Buy 954.00 shares at 21.0 on 2024-07-02 18:00:00+00:00
2024-11-04 09:47:34,591 - Sell 954.00 shares at 21.52 on 2024-07-08 16:45:00+00:00 (Exit: Signal, Profit: 496.0799999999996, Duration: 8565.0 minutes)
2024-11-04 09:47:34,592 - Buy 930.00 shares at 21.57 on 2024-07-09 16:00:00+00:00
2024-11-04 09:47:34,592 - Sell 930.00 shares at 21.57 on 2024-07-09 18:15:00+00:00 (Exit: Signal, Profit: 3.304023721284466e-12, Duration: 135.0 minutes)
2024-11-04 09:47:34,593 - Buy 938.00 shares at 21.38 on 2024-07-10 18:45:00+00:00
2024-11-04 09:47:34,594 - Sell 938.00 shares at 21.48 on 2024-07-11 18:15:00+00:00 (Exit: Signal, Profit: 93.80000000000133, Duration: 1410.0 minutes)
2024-11-04 09:47:34,596 - Buy 920.00 shares at 21.8 on 2024-07-15 14:15:00+00:00
2024-11-04 09:47:34,596 - Sell 920.00 shares at 21.76 on 2024-07-15 14:45:00+00:00 (Exit: Signal, Profit: -36.799999999999216, Duration: 30.0 minutes)
2024-11-04 09:47:34,597 - Buy 938.00 shares at 21.38 on 2024-07-16 14:30:00+00:00
2024-11-04 09:47:34,597 - Sell 938.00 shares at 21.29 on 2024-07-16 18:15:00+00:00 (Exit: Signal, Profit: -84.41999999999987, Duration: 225.0 minutes)
