2024-10-30 22:04:17,283 - Starting SmaCrossoverStrategy with initial capital: 1000000
2024-10-30 22:04:17,283 - Hyperparameters: {'fast_period': 10, 'slow_period': 40}
2024-10-30 22:04:17,294 - Buy 206.91 shares at 96.66 on 2023-12-11 15:45:00-05:00
2024-10-30 22:04:17,294 - Buy 203.83 shares at 96.16 on 2023-12-12 13:30:00-05:00
2024-10-30 22:04:17,294 - Buy 195.46 shares at 98.27 on 2023-12-14 12:45:00-05:00
2024-10-30 22:04:17,295 - Buy 190.01 shares at 99.07 on 2023-12-18 09:45:00-05:00
2024-10-30 22:04:17,297 - Buy 178.74 shares at 103.21 on 2023-12-27 11:15:00-05:00
2024-10-30 22:04:17,298 - Buy 175.62 shares at 102.94 on 2024-01-03 11:00:00-05:00
2024-10-30 22:04:17,299 - Buy 166.65 shares at 106.31 on 2024-01-08 14:45:00-05:00
2024-10-30 22:04:17,299 - Buy 163.34 shares at 106.3 on 2024-01-09 12:15:00-05:00
2024-10-30 22:04:17,300 - Buy 158.58 shares at 107.3 on 2024-01-12 12:15:00-05:00
2024-10-30 22:04:17,300 - Buy 156.06 shares at 106.85 on 2024-01-17 12:00:00-05:00
2024-10-30 22:04:17,301 - Buy 153.04 shares at 106.78 on 2024-01-18 12:15:00-05:00
2024-10-30 22:04:17,301 - Buy 151.83 shares at 105.48 on 2024-01-23 15:15:00-05:00
2024-10-30 22:04:17,302 - Buy 147.16 shares at 106.65 on 2024-01-26 09:30:00-05:00
2024-10-30 22:04:17,303 - Sell 2247.21 shares at 113.65 on 2024-01-31 09:30:00-05:00 (Exit: Profit_take, Profit: 24417.536056500136, Duration: 7200.0 minutes)
2024-10-30 22:04:17,304 - Buy 173.66 shares at 117.98 on 2024-02-05 09:45:00-05:00
2024-10-30 22:04:17,304 - Buy 169.00 shares at 118.81 on 2024-02-07 09:45:00-05:00
2024-10-30 22:04:17,305 - Buy 166.09 shares at 118.47 on 2024-02-08 15:15:00-05:00
2024-10-30 22:04:17,306 - Buy 158.97 shares at 121.3 on 2024-02-14 10:00:00-05:00
2024-10-30 22:04:17,306 - Buy 153.06 shares at 123.47 on 2024-02-16 11:00:00-05:00
2024-10-30 22:04:17,307 - Buy 150.34 shares at 123.19 on 2024-02-22 09:30:00-05:00
2024-10-30 22:04:17,308 - Buy 146.96 shares at 123.5 on 2024-02-26 14:00:00-05:00
2024-10-30 22:04:17,309 - Buy 144.35 shares at 123.22 on 2024-03-01 10:00:00-05:00
2024-10-30 22:04:17,310 - Buy 140.04 shares at 124.47 on 2024-03-06 12:45:00-05:00
2024-10-30 22:04:17,310 - Sell 1402.46 shares at 135.56 on 2024-03-07 09:30:00-05:00 (Exit: Profit_take, Profit: 19805.83450269583, Duration: 1245.0 minutes)
2024-10-30 22:04:17,311 - Buy 156.43 shares at 133.51 on 2024-03-12 10:15:00-04:00
2024-10-30 22:04:17,311 - Buy 152.28 shares at 134.4 on 2024-03-14 10:15:00-04:00
2024-10-30 22:04:17,312 - Buy 150.31 shares at 133.44 on 2024-03-18 11:45:00-04:00
2024-10-30 22:04:17,312 - Buy 149.99 shares at 131.05 on 2024-03-21 13:00:00-04:00
2024-10-30 22:04:17,313 - Buy 148.45 shares at 129.76 on 2024-03-25 10:30:00-04:00
2024-10-30 22:04:17,313 - Buy 145.85 shares at 129.43 on 2024-03-26 15:15:00-04:00
2024-10-30 22:04:17,314 - Buy 142.74 shares at 129.61 on 2024-03-28 10:30:00-04:00
2024-10-30 22:04:17,314 - Buy 142.76 shares at 127.0 on 2024-04-03 10:15:00-04:00
2024-10-30 22:04:17,315 - Buy 141.11 shares at 125.91 on 2024-04-05 11:45:00-04:00
2024-10-30 22:04:17,316 - Buy 139.40 shares at 124.91 on 2024-04-10 12:30:00-04:00
2024-10-30 22:04:17,317 - Buy 135.68 shares at 125.77 on 2024-04-15 11:15:00-04:00
2024-10-30 22:04:17,317 - Buy 133.90 shares at 124.89 on 2024-04-17 09:45:00-04:00
2024-10-30 22:04:17,317 - Buy 131.88 shares at 124.27 on 2024-04-17 15:15:00-04:00
2024-10-30 22:04:17,318 - Buy 129.74 shares at 123.79 on 2024-04-19 11:00:00-04:00
2024-10-30 22:04:17,318 - Buy 126.14 shares at 124.78 on 2024-04-22 10:30:00-04:00
2024-10-30 22:04:17,319 - Buy 122.64 shares at 125.77 on 2024-04-25 15:45:00-04:00
2024-10-30 22:04:17,320 - Buy 116.61 shares at 129.63 on 2024-04-30 10:00:00-04:00
2024-10-30 22:04:17,321 - Sell 2365.91 shares at 122.68 on 2024-05-03 09:30:00-04:00 (Exit: Stop_loss, Profit: -13282.875530799993, Duration: 4290.0 minutes)
2024-10-30 22:04:17,321 - Buy 167.39 shares at 123.18 on 2024-05-06 11:45:00-04:00
2024-10-30 22:04:17,322 - Buy 157.94 shares at 127.94 on 2024-05-09 11:00:00-04:00
2024-10-30 22:04:17,322 - Buy 151.14 shares at 131.02 on 2024-05-13 09:45:00-04:00
2024-10-30 22:04:17,324 - Buy 146.32 shares at 132.63 on 2024-05-20 10:45:00-04:00
2024-10-30 22:04:17,324 - Buy 139.42 shares at 136.41 on 2024-05-23 10:00:00-04:00
2024-10-30 22:04:17,325 - Buy 136.52 shares at 136.52 on 2024-05-24 13:15:00-04:00
2024-10-30 22:04:17,326 - Buy 136.02 shares at 134.28 on 2024-05-30 10:00:00-04:00
2024-10-30 22:04:17,326 - Buy 132.29 shares at 135.31 on 2024-05-31 15:45:00-04:00
2024-10-30 22:04:17,328 - Buy 122.30 shares at 143.43 on 2024-06-10 12:45:00-04:00
2024-10-30 22:04:17,328 - Buy 119.84 shares at 143.45 on 2024-06-12 09:30:00-04:00
2024-10-30 22:04:17,329 - Buy 118.60 shares at 142.05 on 2024-06-14 10:45:00-04:00
2024-10-30 22:04:17,329 - Buy 116.24 shares at 142.04 on 2024-06-20 09:45:00-04:00
2024-10-30 22:04:17,330 - Buy 114.05 shares at 141.87 on 2024-06-21 13:45:00-04:00
2024-10-30 22:04:17,330 - Buy 108.77 shares at 145.78 on 2024-06-25 09:30:00-04:00
2024-10-30 22:04:17,331 - Buy 107.72 shares at 144.25 on 2024-06-27 13:30:00-04:00
2024-10-30 22:04:17,332 - Buy 104.53 shares at 145.69 on 2024-07-01 11:15:00-04:00
2024-10-30 22:04:17,332 - Sell 2079.07 shares at 137.55 on 2024-07-03 11:15:00-04:00 (Exit: Stop_loss, Profit: 1228.403028693809, Duration: 2880.0 minutes)
2024-10-30 22:04:17,332 - Buy 145.47 shares at 141.91 on 2024-07-05 11:45:00-04:00
2024-10-30 22:04:17,333 - Buy 142.61 shares at 141.86 on 2024-07-10 11:30:00-04:00
2024-10-30 22:04:17,334 - Buy 138.89 shares at 142.75 on 2024-07-12 10:30:00-04:00
2024-10-30 22:04:17,335 - Sell 426.96 shares at 135.75 on 2024-07-17 10:15:00-04:00 (Exit: Stop_loss, Profit: -2739.622638722467, Duration: 7185.0 minutes)
2024-10-30 22:04:17,335 - Buy 156.00 shares at 131.98 on 2024-07-19 11:00:00-04:00
2024-10-30 22:04:17,336 - Sell 156.00 shares at 126.68 on 2024-07-25 10:00:00-04:00 (Exit: Stop_loss, Profit: -826.7881739229175, Duration: 8580.0 minutes)
2024-10-30 22:04:17,337 - Buy 160.03 shares at 128.55 on 2024-07-29 10:15:00-04:00
2024-10-30 22:04:17,337 - Buy 153.46 shares at 131.37 on 2024-07-30 09:30:00-04:00
2024-10-30 22:04:17,337 - Buy 153.54 shares at 128.68 on 2024-07-30 14:15:00-04:00
2024-10-30 22:04:17,337 - Buy 150.56 shares at 128.6 on 2024-07-30 14:45:00-04:00
2024-10-30 22:04:17,338 - Sell 617.60 shares at 127.16 on 2024-08-02 11:00:00-04:00 (Exit: Stop_loss, Profit: -1318.7168718527928, Duration: 4095.0 minutes)
2024-10-30 22:04:17,338 - Buy 158.54 shares at 129.59 on 2024-08-06 09:45:00-04:00
2024-10-30 22:04:17,339 - Sell 158.54 shares at 122.78 on 2024-08-07 09:30:00-04:00 (Exit: Stop_loss, Profit: -1079.682456399005, Duration: 1425.0 minutes)
2024-10-30 22:04:17,339 - Buy 164.48 shares at 124.78 on 2024-08-08 11:00:00-04:00
2024-10-30 22:04:17,340 - Buy 150.52 shares at 133.63 on 2024-08-13 10:30:00-04:00
2024-10-30 22:04:17,340 - Buy 145.03 shares at 135.91 on 2024-08-15 09:30:00-04:00
2024-10-30 22:04:17,341 - Buy 142.76 shares at 135.31 on 2024-08-19 11:45:00-04:00
2024-10-30 22:04:17,341 - Buy 139.07 shares at 136.12 on 2024-08-20 09:30:00-04:00
2024-10-30 22:04:17,341 - Buy 136.63 shares at 135.78 on 2024-08-20 15:45:00-04:00
2024-10-30 22:04:17,342 - Buy 132.30 shares at 137.42 on 2024-08-22 09:30:00-04:00
2024-10-30 22:04:17,342 - Buy 130.09 shares at 136.96 on 2024-08-23 15:45:00-04:00
2024-10-30 22:04:17,343 - Buy 128.14 shares at 136.27 on 2024-08-29 10:00:00-04:00
2024-10-30 22:04:17,344 - Sell 1269.03 shares at 131.47 on 2024-09-05 09:30:00-04:00 (Exit: Stop_loss, Profit: -3768.9322485571315, Duration: 10050.0 minutes)
2024-10-30 22:04:17,344 - Buy 155.70 shares at 131.33 on 2024-09-06 11:45:00-04:00
2024-10-30 22:04:17,344 - Buy 151.40 shares at 132.36 on 2024-09-09 09:45:00-04:00
2024-10-30 22:04:17,345 - Buy 148.48 shares at 132.27 on 2024-09-11 09:45:00-04:00
2024-10-30 22:04:17,346 - Buy 145.08 shares at 132.66 on 2024-09-18 15:15:00-04:00
2024-10-30 22:04:17,347 - Sell 600.66 shares at 127.98 on 2024-09-20 09:30:00-04:00 (Exit: Stop_loss, Profit: -2500.6882877364073, Duration: 2535.0 minutes)
2024-10-30 22:04:17,347 - Buy 162.44 shares at 125.58 on 2024-09-24 11:15:00-04:00
2024-10-30 22:04:17,349 - Sell 162.44 shares at 120.69 on 2024-09-27 09:45:00-04:00 (Exit: Stop_loss, Profit: -794.3111236642314, Duration: 4230.0 minutes)
2024-10-30 22:04:17,350 - Buy 173.21 shares at 117.68 on 2024-10-07 09:30:00-04:00
2024-10-30 22:04:17,351 - Buy 170.96 shares at 116.84 on 2024-10-09 15:15:00-04:00
2024-10-30 22:04:17,351 - Buy 162.80 shares at 120.24 on 2024-10-14 15:15:00-04:00
2024-10-30 22:04:17,352 - Buy 162.94 shares at 117.74 on 2024-10-16 14:30:00-04:00
2024-10-30 22:04:17,354 - Sell 669.91 shares at 111.95 on 2024-10-28 09:30:00-04:00 (Exit: Stop_loss, Profit: -4121.521673407949, Duration: 16980.0 minutes)
2024-10-30 22:04:17,354 - Buy 180.77 shares at 112.3 on 2024-10-30 12:15:00-04:00
2024-10-30 22:04:17,556 - Holding 180.7691245917769 shares as an open position at the end with unrealized return: 0.00854853072128235, Duration: 210.0 minutes
