2024-11-04 09:47:34,602 - Starting SmaCrossoverStrategy with initial capital: 1000000
2024-11-04 09:47:34,602 - Hyperparameters: {'fast_period': 15, 'slow_period': 30}
2024-11-04 09:47:34,612 - Buy 1390.00 shares at 14.38 on 2024-02-07 19:30:00+00:00
2024-11-04 09:47:34,614 - Sell 1390.00 shares at 14.37 on 2024-02-09 16:00:00+00:00 (Exit: Signal, Profit: -13.900000000002173, Duration: 2670.0 minutes)
2024-11-04 09:47:34,615 - Buy 1382.00 shares at 14.47 on 2024-02-09 20:45:00+00:00
2024-11-04 09:47:34,616 - Sell 1382.00 shares at 14.71 on 2024-02-13 14:30:00+00:00 (Exit: Stop_loss, Profit: 331.6800000000003, Duration: 5385.0 minutes)
2024-11-04 09:47:34,617 - Buy 1347.00 shares at 14.85 on 2024-02-14 15:45:00+00:00
2024-11-04 09:47:34,619 - Sell 1347.00 shares at 15.67 on 2024-02-15 17:00:00+00:00 (Exit: Profit_take, Profit: 1104.539999999998, Duration: 1515.0 minutes)
2024-11-04 09:47:34,620 - Buy 1273.00 shares at 15.73 on 2024-02-16 19:15:00+00:00
2024-11-04 09:47:34,620 - Sell 1273.00 shares at 15.62 on 2024-02-20 15:30:00+00:00 (Exit: Signal, Profit: -140.03000000000154, Duration: 5535.0 minutes)
2024-11-04 09:47:34,621 - Buy 1274.00 shares at 15.71 on 2024-02-20 18:45:00+00:00
2024-11-04 09:47:34,622 - Sell 1274.00 shares at 15.73 on 2024-02-21 20:00:00+00:00 (Exit: Signal, Profit: 25.479999999999457, Duration: 1515.0 minutes)
2024-11-04 09:47:34,622 - Buy 1251.00 shares at 16.0 on 2024-02-22 16:00:00+00:00
2024-11-04 09:47:34,625 - Sell 1251.00 shares at 16.18 on 2024-02-26 15:15:00+00:00 (Exit: Signal, Profit: 225.17999999999964, Duration: 5715.0 minutes)
2024-11-04 09:47:34,626 - Buy 1225.00 shares at 16.35 on 2024-02-26 20:30:00+00:00
2024-11-04 09:47:34,627 - Sell 1225.00 shares at 17.74 on 2024-02-28 14:30:00+00:00 (Exit: Profit_take, Profit: 1702.7499999999964, Duration: 2520.0 minutes)
2024-11-04 09:47:34,634 - Buy 1061.00 shares at 18.9 on 2024-03-04 19:30:00+00:00
2024-11-04 09:47:34,634 - Sell 1061.00 shares at 18.74 on 2024-03-05 15:00:00+00:00 (Exit: Signal, Profit: -169.76000000000016, Duration: 1170.0 minutes)
2024-11-04 09:47:34,635 - Buy 1063.00 shares at 18.86 on 2024-03-05 20:30:00+00:00
2024-11-04 09:47:34,636 - Sell 1063.00 shares at 18.87 on 2024-03-07 14:45:00+00:00 (Exit: Signal, Profit: 10.630000000001662, Duration: 2535.0 minutes)
2024-11-04 09:47:34,638 - Buy 1090.00 shares at 18.39 on 2024-03-08 17:30:00+00:00
2024-11-04 09:47:34,638 - Sell 1090.00 shares at 18.27 on 2024-03-08 18:30:00+00:00 (Exit: Signal, Profit: -130.8000000000011, Duration: 60.0 minutes)
2024-11-04 09:47:34,639 - Buy 1086.00 shares at 18.46 on 2024-03-11 17:30:00+00:00
2024-11-04 09:47:34,640 - Sell 1086.00 shares at 19.74 on 2024-03-12 15:15:00+00:00 (Exit: Profit_take, Profit: 1390.0799999999974, Duration: 1305.0 minutes)
2024-11-04 09:47:34,642 - Buy 1089.00 shares at 18.44 on 2024-03-18 14:00:00+00:00
2024-11-04 09:47:34,643 - Sell 1089.00 shares at 18.23 on 2024-03-18 19:45:00+00:00 (Exit: Signal, Profit: -228.69000000000094, Duration: 345.0 minutes)
2024-11-04 09:47:34,644 - Buy 1107.00 shares at 18.14 on 2024-03-19 19:00:00+00:00
2024-11-04 09:47:34,646 - Sell 1107.00 shares at 18.45 on 2024-03-21 19:30:00+00:00 (Exit: Signal, Profit: 343.1699999999986, Duration: 2910.0 minutes)
2024-11-04 09:47:34,647 - Buy 1138.00 shares at 17.64 on 2024-03-25 18:45:00+00:00
2024-11-04 09:47:34,648 - Sell 1138.00 shares at 17.78 on 2024-03-27 13:30:00+00:00 (Exit: Signal, Profit: 159.32000000000065, Duration: 2565.0 minutes)
2024-11-04 09:47:34,649 - Buy 1140.00 shares at 17.62 on 2024-03-27 19:45:00+00:00
2024-11-04 09:47:34,651 - Sell 1140.00 shares at 17.9 on 2024-04-02 14:15:00+00:00 (Exit: Signal, Profit: 319.19999999999726, Duration: 8310.0 minutes)
2024-11-04 09:47:34,652 - Buy 1103.00 shares at 18.21 on 2024-04-02 18:00:00+00:00
2024-11-04 09:47:34,653 - Sell 1103.00 shares at 18.32 on 2024-04-03 18:30:00+00:00 (Exit: Signal, Profit: 121.32999999999937, Duration: 1470.0 minutes)
2024-11-04 09:47:34,654 - Buy 1097.00 shares at 18.31 on 2024-04-04 15:45:00+00:00
2024-11-04 09:47:34,654 - Sell 1097.00 shares at 18.28 on 2024-04-04 18:45:00+00:00 (Exit: Signal, Profit: -32.90999999999735, Duration: 180.0 minutes)
2024-11-04 09:47:34,655 - Buy 1069.00 shares at 18.8 on 2024-04-08 13:30:00+00:00
2024-11-04 09:47:34,656 - Sell 1069.00 shares at 18.28 on 2024-04-08 16:15:00+00:00 (Exit: Stop_loss, Profit: -555.8799999999995, Duration: 165.0 minutes)
2024-11-04 09:47:34,656 - Buy 1068.00 shares at 18.8 on 2024-04-09 15:00:00+00:00
2024-11-04 09:47:34,659 - Sell 1068.00 shares at 19.02 on 2024-04-11 14:30:00+00:00 (Exit: Signal, Profit: 234.9599999999988, Duration: 2850.0 minutes)
2024-11-04 09:47:34,660 - Buy 1047.00 shares at 19.18 on 2024-04-11 15:30:00+00:00
2024-11-04 09:47:34,660 - Sell 1047.00 shares at 19.11 on 2024-04-11 16:45:00+00:00 (Exit: Signal, Profit: -73.2900000000003, Duration: 75.0 minutes)
2024-11-04 09:47:34,661 - Buy 1047.00 shares at 19.19 on 2024-04-11 17:15:00+00:00
2024-11-04 09:47:34,661 - Sell 1047.00 shares at 20.8 on 2024-04-12 13:30:00+00:00 (Exit: Profit_take, Profit: 1685.6699999999994, Duration: 1215.0 minutes)
2024-11-04 09:47:34,664 - Buy 892.00 shares at 22.54 on 2024-04-17 18:00:00+00:00
2024-11-04 09:47:34,666 - Sell 892.00 shares at 22.04 on 2024-04-18 14:15:00+00:00 (Exit: Stop_loss, Profit: -446.0, Duration: 1215.0 minutes)
2024-11-04 09:47:34,667 - Buy 914.00 shares at 22.01 on 2024-04-19 19:45:00+00:00
2024-11-04 09:47:34,668 - Sell 914.00 shares at 21.92 on 2024-04-22 15:15:00+00:00 (Exit: Signal, Profit: -82.26000000000312, Duration: 4050.0 minutes)
2024-11-04 09:47:34,668 - Buy 898.00 shares at 22.38 on 2024-04-22 18:45:00+00:00
2024-11-04 09:47:34,670 - Sell 898.00 shares at 22.5 on 2024-04-24 14:45:00+00:00 (Exit: Signal, Profit: 107.7600000000009, Duration: 2640.0 minutes)
2024-11-04 09:47:34,670 - Buy 885.00 shares at 22.73 on 2024-04-24 19:15:00+00:00
2024-11-04 09:47:34,671 - Sell 885.00 shares at 22.08 on 2024-04-25 13:45:00+00:00 (Exit: Stop_loss, Profit: -575.2500000000019, Duration: 1110.0 minutes)
2024-11-04 09:47:34,671 - Buy 884.00 shares at 22.73 on 2024-04-25 18:00:00+00:00
2024-11-04 09:47:34,672 - Sell 884.00 shares at 22.98 on 2024-04-26 19:00:00+00:00 (Exit: Signal, Profit: 221.0, Duration: 1500.0 minutes)
2024-11-04 09:47:34,673 - Buy 874.00 shares at 22.99 on 2024-04-29 18:00:00+00:00
2024-11-04 09:47:34,674 - Sell 874.00 shares at 22.71 on 2024-04-30 15:00:00+00:00 (Exit: Signal, Profit: -244.7199999999979, Duration: 1260.0 minutes)
2024-11-04 09:47:34,675 - Buy 896.00 shares at 22.42 on 2024-05-01 18:45:00+00:00
2024-11-04 09:47:34,676 - Sell 896.00 shares at 22.28 on 2024-05-02 14:15:00+00:00 (Exit: Signal, Profit: -125.43999999999733, Duration: 1170.0 minutes)
2024-11-04 09:47:34,676 - Buy 892.00 shares at 22.52 on 2024-05-02 17:30:00+00:00
2024-11-04 09:47:34,679 - Sell 892.00 shares at 23.71 on 2024-05-07 14:45:00+00:00 (Exit: Profit_take, Profit: 1061.4800000000012, Duration: 7035.0 minutes)
2024-11-04 09:47:34,681 - Buy 913.00 shares at 22.04 on 2024-05-09 15:45:00+00:00
2024-11-04 09:47:34,683 - Sell 913.00 shares at 21.88 on 2024-05-13 14:30:00+00:00 (Exit: Signal, Profit: -146.08000000000013, Duration: 5685.0 minutes)
2024-11-04 09:47:34,684 - Buy 907.00 shares at 22.18 on 2024-05-14 13:30:00+00:00
2024-11-04 09:47:34,686 - Sell 907.00 shares at 23.6 on 2024-05-16 13:30:00+00:00 (Exit: Profit_take, Profit: 1287.9400000000016, Duration: 2880.0 minutes)
2024-11-04 09:47:34,688 - Buy 869.00 shares at 23.17 on 2024-05-17 15:30:00+00:00
2024-11-04 09:47:34,688 - Sell 869.00 shares at 23.12 on 2024-05-17 16:00:00+00:00 (Exit: Signal, Profit: -43.450000000003705, Duration: 30.0 minutes)
2024-11-04 09:47:34,688 - Buy 868.00 shares at 23.2 on 2024-05-17 16:45:00+00:00
2024-11-04 09:47:34,689 - Sell 868.00 shares at 22.95 on 2024-05-20 15:00:00+00:00 (Exit: Signal, Profit: -217.0, Duration: 4215.0 minutes)
2024-11-04 09:47:34,690 - Buy 881.00 shares at 22.86 on 2024-05-21 15:15:00+00:00
2024-11-04 09:47:34,690 - Sell 881.00 shares at 22.9 on 2024-05-21 19:15:00+00:00 (Exit: Signal, Profit: 35.23999999999925, Duration: 240.0 minutes)
2024-11-04 09:47:34,691 - Buy 870.00 shares at 23.14 on 2024-05-22 13:30:00+00:00
2024-11-04 09:47:34,691 - Sell 870.00 shares at 22.55 on 2024-05-22 16:15:00+00:00 (Exit: Signal, Profit: -513.2999999999998, Duration: 165.0 minutes)
2024-11-04 09:47:34,692 - Buy 894.00 shares at 22.5 on 2024-05-23 16:45:00+00:00
2024-11-04 09:47:34,693 - Sell 894.00 shares at 22.44 on 2024-05-23 19:30:00+00:00 (Exit: Signal, Profit: -53.63999999999886, Duration: 165.0 minutes)
2024-11-04 09:47:34,693 - Buy 889.00 shares at 22.63 on 2024-05-24 17:15:00+00:00
2024-11-04 09:47:34,694 - Sell 889.00 shares at 22.45 on 2024-05-28 14:30:00+00:00 (Exit: Signal, Profit: -160.01999999999975, Duration: 5595.0 minutes)
2024-11-04 09:47:34,694 - Buy 882.00 shares at 22.8 on 2024-05-28 16:30:00+00:00
2024-11-04 09:47:34,695 - Sell 882.00 shares at 22.72 on 2024-05-29 15:45:00+00:00 (Exit: Signal, Profit: -70.56000000000162, Duration: 1395.0 minutes)
2024-11-04 09:47:34,696 - Buy 881.00 shares at 22.82 on 2024-05-29 17:45:00+00:00
2024-11-04 09:47:34,697 - Sell 881.00 shares at 22.72 on 2024-05-31 14:15:00+00:00 (Exit: Stop_loss, Profit: -88.10000000000439, Duration: 2670.0 minutes)
2024-11-04 09:47:34,698 - Buy 887.00 shares at 22.67 on 2024-06-03 14:00:00+00:00
2024-11-04 09:47:34,699 - Sell 887.00 shares at 22.53 on 2024-06-03 17:00:00+00:00 (Exit: Signal, Profit: -124.1800000000005, Duration: 180.0 minutes)
2024-11-04 09:47:34,700 - Buy 920.00 shares at 21.87 on 2024-06-05 14:15:00+00:00
2024-11-04 09:47:34,701 - Sell 920.00 shares at 21.76 on 2024-06-05 18:15:00+00:00 (Exit: Signal, Profit: -101.19999999999948, Duration: 240.0 minutes)
2024-11-04 09:47:34,702 - Buy 915.00 shares at 21.97 on 2024-06-06 14:15:00+00:00
2024-11-04 09:47:34,703 - Sell 915.00 shares at 21.77 on 2024-06-07 13:45:00+00:00 (Exit: Signal, Profit: -182.99999999999935, Duration: 1410.0 minutes)
2024-11-04 09:47:34,703 - Buy 917.00 shares at 21.92 on 2024-06-07 17:30:00+00:00
2024-11-04 09:47:34,704 - Sell 917.00 shares at 21.83 on 2024-06-10 14:00:00+00:00 (Exit: Signal, Profit: -82.53000000000313, Duration: 4110.0 minutes)
2024-11-04 09:47:34,704 - Buy 909.00 shares at 22.11 on 2024-06-10 15:45:00+00:00
2024-11-04 09:47:34,705 - Sell 909.00 shares at 22.01 on 2024-06-11 15:45:00+00:00 (Exit: Signal, Profit: -90.89999999999806, Duration: 1440.0 minutes)
2024-11-04 09:47:34,706 - Buy 897.00 shares at 22.41 on 2024-06-12 13:30:00+00:00
2024-11-04 09:47:34,707 - Sell 897.00 shares at 21.98 on 2024-06-13 13:45:00+00:00 (Exit: Stop_loss, Profit: -385.70999999999975, Duration: 1455.0 minutes)
2024-11-04 09:47:34,709 - Buy 976.00 shares at 20.6 on 2024-06-18 17:30:00+00:00
2024-11-04 09:47:34,709 - Sell 976.00 shares at 20.49 on 2024-06-18 18:15:00+00:00 (Exit: Signal, Profit: -107.36000000000291, Duration: 45.0 minutes)
2024-11-04 09:47:34,710 - Buy 960.00 shares at 20.94 on 2024-06-20 15:00:00+00:00
2024-11-04 09:47:34,713 - Sell 960.00 shares at 21.16 on 2024-06-24 18:00:00+00:00 (Exit: Signal, Profit: 211.1999999999989, Duration: 5940.0 minutes)
2024-11-04 09:47:34,713 - Buy 951.00 shares at 21.13 on 2024-06-25 16:00:00+00:00
2024-11-04 09:47:34,714 - Sell 951.00 shares at 21.14 on 2024-06-25 16:30:00+00:00 (Exit: Signal, Profit: 9.510000000001487, Duration: 30.0 minutes)
2024-11-04 09:47:34,714 - Buy 940.00 shares at 21.37 on 2024-06-25 18:15:00+00:00
2024-11-04 09:47:34,715 - Sell 940.00 shares at 21.15 on 2024-06-26 15:45:00+00:00 (Exit: Signal, Profit: -206.80000000000229, Duration: 1290.0 minutes)
2024-11-04 09:47:34,715 - Buy 946.00 shares at 21.24 on 2024-06-27 13:30:00+00:00
2024-11-04 09:47:34,717 - Sell 946.00 shares at 21.14 on 2024-06-27 17:45:00+00:00 (Exit: Signal, Profit: -94.59999999999798, Duration: 255.0 minutes)
2024-11-04 09:47:34,718 - Buy 950.00 shares at 21.14 on 2024-07-01 16:15:00+00:00
2024-11-04 09:47:34,719 - Sell 950.00 shares at 20.9 on 2024-07-02 15:00:00+00:00 (Exit: Signal, Profit: -228.00000000000188, Duration: 1365.0 minutes)
2024-11-04 09:47:34,720 - Buy 955.00 shares at 21.03 on 2024-07-03 13:30:00+00:00
2024-11-04 09:47:34,725 - Sell 955.00 shares at 21.53 on 2024-07-08 17:15:00+00:00 (Exit: Signal, Profit: 477.5, Duration: 7425.0 minutes)
2024-11-04 09:47:34,727 - Buy 932.00 shares at 21.57 on 2024-07-09 16:00:00+00:00
2024-11-04 09:47:34,727 - Sell 932.00 shares at 21.34 on 2024-07-09 19:45:00+00:00 (Exit: Signal, Profit: -214.3600000000004, Duration: 225.0 minutes)
2024-11-04 09:47:34,729 - Buy 935.00 shares at 21.5 on 2024-07-11 13:30:00+00:00
2024-11-04 09:47:34,731 - Sell 935.00 shares at 21.7 on 2024-07-12 18:45:00+00:00 (Exit: Signal, Profit: 186.99999999999935, Duration: 1755.0 minutes)
2024-11-04 09:47:34,732 - Buy 940.00 shares at 21.37 on 2024-07-16 16:00:00+00:00
2024-11-04 09:47:34,733 - Sell 940.00 shares at 21.35 on 2024-07-16 19:15:00+00:00 (Exit: Signal, Profit: -18.7999999999996, Duration: 195.0 minutes)
