2024-10-31 00:54:25,801 - Starting SmaCrossoverStrategy with initial capital: 1000000
2024-10-31 00:54:25,801 - Hyperparameters: {'fast_period': 10, 'slow_period': 20}
2024-10-31 00:54:25,807 - Buy 101.66 shares at 196.73 on 2023-12-19 10:30:00-05:00
2024-10-31 00:54:25,807 - Sell 101.66 shares at 195.78 on 2023-12-21 09:30:00-05:00 (Exit: Signal, Profit: -96.57906775783954, Duration: 2820.0 minutes)
2024-10-31 00:54:25,808 - Buy 103.01 shares at 194.13 on 2023-12-22 13:00:00-05:00
2024-10-31 00:54:25,808 - Sell 103.01 shares at 193.12 on 2023-12-22 14:00:00-05:00 (Exit: Signal, Profit: -104.04393500659924, Duration: 60.0 minutes)
2024-10-31 00:54:25,808 - Buy 103.02 shares at 194.1 on 2023-12-28 09:30:00-05:00
2024-10-31 00:54:25,808 - Sell 103.02 shares at 192.75 on 2023-12-29 10:30:00-05:00 (Exit: Signal, Profit: -139.0756474957509, Duration: 1500.0 minutes)
2024-10-31 00:54:25,809 - Buy 109.10 shares at 183.25 on 2024-01-08 11:00:00-05:00
2024-10-31 00:54:25,809 - Sell 109.10 shares at 184.48 on 2024-01-09 13:30:00-05:00 (Exit: Signal, Profit: 134.19723554271974, Duration: 1590.0 minutes)
2024-10-31 00:54:25,809 - Buy 108.02 shares at 185.12 on 2024-01-09 15:30:00-05:00
2024-10-31 00:54:25,809 - Sell 108.02 shares at 185.63 on 2024-01-10 14:00:00-05:00 (Exit: Signal, Profit: 55.088071983414544, Duration: 1350.0 minutes)
2024-10-31 00:54:25,810 - Buy 107.63 shares at 185.79 on 2024-01-12 10:00:00-05:00
2024-10-31 00:54:25,810 - Sell 107.63 shares at 181.36 on 2024-01-16 09:30:00-05:00 (Exit: Signal, Profit: -476.8107722581051, Duration: 5730.0 minutes)
2024-10-31 00:54:25,810 - Buy 106.67 shares at 187.37 on 2024-01-18 09:30:00-05:00
2024-10-31 00:54:25,811 - Sell 106.67 shares at 195.36 on 2024-01-25 10:00:00-05:00 (Exit: Signal, Profit: 852.323048441183, Duration: 10110.0 minutes)
2024-10-31 00:54:25,812 - Buy 107.27 shares at 186.48 on 2024-02-01 14:30:00-05:00
2024-10-31 00:54:25,812 - Sell 107.27 shares at 183.32 on 2024-02-02 10:00:00-05:00 (Exit: Signal, Profit: -338.9866272661622, Duration: 1170.0 minutes)
2024-10-31 00:54:25,812 - Buy 106.94 shares at 187.0 on 2024-02-02 11:00:00-05:00
2024-10-31 00:54:25,812 - Sell 106.94 shares at 185.28 on 2024-02-02 12:30:00-05:00 (Exit: Signal, Profit: -183.93626878787526, Duration: 90.0 minutes)
2024-10-31 00:54:25,812 - Buy 106.93 shares at 186.99 on 2024-02-02 14:30:00-05:00
2024-10-31 00:54:25,813 - Sell 106.93 shares at 187.8 on 2024-02-08 10:00:00-05:00 (Exit: Signal, Profit: 86.60984679290789, Duration: 8370.0 minutes)
2024-10-31 00:54:25,813 - Buy 105.36 shares at 189.78 on 2024-02-09 11:30:00-05:00
2024-10-31 00:54:25,813 - Sell 105.36 shares at 187.8 on 2024-02-12 10:30:00-05:00 (Exit: Signal, Profit: -208.61858953005395, Duration: 4260.0 minutes)
2024-10-31 00:54:25,814 - Buy 109.15 shares at 183.16 on 2024-02-16 11:00:00-05:00
2024-10-31 00:54:25,814 - Sell 109.15 shares at 180.84 on 2024-02-20 09:30:00-05:00 (Exit: Signal, Profit: -253.22406509320808, Duration: 5670.0 minutes)
2024-10-31 00:54:25,814 - Buy 109.73 shares at 182.15 on 2024-02-21 11:00:00-05:00
2024-10-31 00:54:25,815 - Sell 109.73 shares at 182.96 on 2024-02-23 13:00:00-05:00 (Exit: Signal, Profit: 88.87782860455115, Duration: 3000.0 minutes)
2024-10-31 00:54:25,815 - Buy 109.46 shares at 182.61 on 2024-02-27 15:00:00-05:00
2024-10-31 00:54:25,815 - Sell 109.46 shares at 180.88 on 2024-02-28 13:30:00-05:00 (Exit: Signal, Profit: -189.36414987466742, Duration: 1350.0 minutes)
2024-10-31 00:54:25,816 - Buy 117.82 shares at 169.62 on 2024-03-07 15:00:00-05:00
2024-10-31 00:54:25,816 - Sell 117.82 shares at 172.63 on 2024-03-12 10:00:00-04:00 (Exit: Signal, Profit: 354.63643854427045, Duration: 6840.0 minutes)
2024-10-31 00:54:25,816 - Buy 115.83 shares at 172.59 on 2024-03-12 11:30:00-04:00
2024-10-31 00:54:25,816 - Sell 115.83 shares at 172.53 on 2024-03-12 12:00:00-04:00 (Exit: Signal, Profit: -6.949981528572062, Duration: 30.0 minutes)
2024-10-31 00:54:25,816 - Buy 115.07 shares at 173.74 on 2024-03-12 14:30:00-04:00
2024-10-31 00:54:25,817 - Sell 115.07 shares at 171.04 on 2024-03-13 11:30:00-04:00 (Exit: Signal, Profit: -310.6768950254812, Duration: 1260.0 minutes)
2024-10-31 00:54:25,817 - Buy 115.30 shares at 173.34 on 2024-03-14 11:00:00-04:00
2024-10-31 00:54:25,817 - Sell 115.30 shares at 170.69 on 2024-03-15 10:30:00-04:00 (Exit: Signal, Profit: -305.5322702372517, Duration: 1410.0 minutes)
2024-10-31 00:54:25,817 - Buy 112.64 shares at 177.37 on 2024-03-18 10:00:00-04:00
2024-10-31 00:54:25,817 - Sell 112.64 shares at 174.84 on 2024-03-19 11:00:00-04:00 (Exit: Signal, Profit: -284.9820796669246, Duration: 1500.0 minutes)
2024-10-31 00:54:25,817 - Buy 113.21 shares at 176.43 on 2024-03-19 14:00:00-04:00
2024-10-31 00:54:25,818 - Sell 113.21 shares at 172.83 on 2024-03-21 11:00:00-04:00 (Exit: Signal, Profit: -407.5523014944583, Duration: 2700.0 minutes)
2024-10-31 00:54:25,818 - Buy 115.63 shares at 172.67 on 2024-03-22 13:30:00-04:00
2024-10-31 00:54:25,818 - Sell 115.63 shares at 170.13 on 2024-03-25 11:00:00-04:00 (Exit: Signal, Profit: -293.6924903619578, Duration: 4170.0 minutes)
2024-10-31 00:54:25,818 - Buy 117.01 shares at 170.58 on 2024-03-26 11:30:00-04:00
2024-10-31 00:54:25,818 - Sell 117.01 shares at 170.3 on 2024-03-26 13:30:00-04:00 (Exit: Signal, Profit: -32.76258389635219, Duration: 120.0 minutes)
2024-10-31 00:54:25,818 - Buy 115.74 shares at 172.44 on 2024-03-27 10:30:00-04:00
2024-10-31 00:54:25,819 - Sell 115.74 shares at 171.17 on 2024-03-28 12:00:00-04:00 (Exit: Signal, Profit: -146.994022248398, Duration: 1530.0 minutes)
2024-10-31 00:54:25,819 - Buy 117.04 shares at 170.51 on 2024-04-03 11:00:00-04:00
2024-10-31 00:54:25,819 - Sell 117.04 shares at 169.54 on 2024-04-05 09:30:00-04:00 (Exit: Signal, Profit: -113.52509438750886, Duration: 2790.0 minutes)
2024-10-31 00:54:25,819 - Buy 118.08 shares at 168.99 on 2024-04-08 09:30:00-04:00
2024-10-31 00:54:25,820 - Sell 118.08 shares at 169.0 on 2024-04-08 10:30:00-04:00 (Exit: Signal, Profit: 1.180754394493265, Duration: 60.0 minutes)
2024-10-31 00:54:25,820 - Buy 118.03 shares at 169.06 on 2024-04-09 12:00:00-04:00
2024-10-31 00:54:25,820 - Sell 118.03 shares at 168.04 on 2024-04-10 10:00:00-04:00 (Exit: Signal, Profit: -120.3872232946935, Duration: 1320.0 minutes)
2024-10-31 00:54:25,820 - Buy 118.05 shares at 169.0 on 2024-04-11 11:00:00-04:00
2024-10-31 00:54:25,820 - Sell 118.05 shares at 174.83 on 2024-04-15 10:30:00-04:00 (Exit: Signal, Profit: 688.2568340470433, Duration: 5730.0 minutes)
2024-10-31 00:54:25,821 - Buy 120.55 shares at 165.62 on 2024-04-22 12:00:00-04:00
2024-10-31 00:54:25,822 - Sell 120.55 shares at 173.84 on 2024-04-30 12:00:00-04:00 (Exit: Signal, Profit: 990.8941254273152, Duration: 11520.0 minutes)
2024-10-31 00:54:25,822 - Buy 116.47 shares at 171.59 on 2024-05-02 11:00:00-04:00
2024-10-31 00:54:25,823 - Sell 116.47 shares at 181.6 on 2024-05-06 12:00:00-04:00 (Exit: Signal, Profit: 1165.846038217476, Duration: 5820.0 minutes)
2024-10-31 00:54:25,823 - Buy 110.01 shares at 181.87 on 2024-05-07 12:30:00-04:00
2024-10-31 00:54:25,823 - Sell 110.01 shares at 182.35 on 2024-05-08 12:00:00-04:00 (Exit: Signal, Profit: 52.806292819623444, Duration: 1410.0 minutes)
2024-10-31 00:54:25,823 - Buy 109.53 shares at 182.69 on 2024-05-08 14:00:00-04:00
2024-10-31 00:54:25,824 - Sell 109.53 shares at 182.49 on 2024-05-10 12:00:00-04:00 (Exit: Signal, Profit: -21.905019923357518, Duration: 2760.0 minutes)
2024-10-31 00:54:25,824 - Buy 107.53 shares at 186.08 on 2024-05-13 10:30:00-04:00
2024-10-31 00:54:25,824 - Sell 107.53 shares at 189.88 on 2024-05-16 15:00:00-04:00 (Exit: Signal, Profit: 408.60419671461364, Duration: 4590.0 minutes)
2024-10-31 00:54:25,825 - Buy 104.47 shares at 191.61 on 2024-05-20 10:00:00-04:00
2024-10-31 00:54:25,825 - Sell 104.47 shares at 191.3 on 2024-05-22 12:30:00-04:00 (Exit: Signal, Profit: -32.38469325235473, Duration: 3030.0 minutes)
2024-10-31 00:54:25,825 - Buy 105.15 shares at 190.36 on 2024-05-24 12:30:00-04:00
2024-10-31 00:54:25,826 - Sell 105.15 shares at 191.79 on 2024-05-29 09:30:00-04:00 (Exit: Signal, Profit: 150.3635440023504, Duration: 7020.0 minutes)
2024-10-31 00:54:25,826 - Buy 104.32 shares at 191.9 on 2024-05-29 12:30:00-04:00
2024-10-31 00:54:25,826 - Sell 104.32 shares at 191.47 on 2024-05-30 11:30:00-04:00 (Exit: Signal, Profit: -44.85810643097227, Duration: 1380.0 minutes)
2024-10-31 00:54:25,826 - Buy 104.51 shares at 191.54 on 2024-05-30 14:00:00-04:00
2024-10-31 00:54:25,826 - Sell 104.51 shares at 190.19 on 2024-05-31 12:00:00-04:00 (Exit: Signal, Profit: -141.09196378829043, Duration: 1320.0 minutes)
2024-10-31 00:54:25,826 - Buy 102.73 shares at 194.84 on 2024-06-03 10:00:00-04:00
2024-10-31 00:54:25,827 - Sell 102.73 shares at 195.97 on 2024-06-06 12:30:00-04:00 (Exit: Signal, Profit: 116.08259063434826, Duration: 4470.0 minutes)
2024-10-31 00:54:25,827 - Buy 101.87 shares at 196.5 on 2024-06-07 13:30:00-04:00
2024-10-31 00:54:25,827 - Sell 101.87 shares at 195.43 on 2024-06-10 13:00:00-04:00 (Exit: Signal, Profit: -109.0029782501152, Duration: 4290.0 minutes)
2024-10-31 00:54:25,827 - Buy 98.48 shares at 203.24 on 2024-06-11 10:30:00-04:00
2024-10-31 00:54:25,828 - Sell 98.48 shares at 212.1 on 2024-06-13 12:00:00-04:00 (Exit: Signal, Profit: 872.558145440963, Duration: 2970.0 minutes)
2024-10-31 00:54:25,828 - Buy 94.60 shares at 211.76 on 2024-06-14 12:00:00-04:00
2024-10-31 00:54:25,828 - Sell 94.60 shares at 211.79 on 2024-06-14 13:00:00-04:00 (Exit: Signal, Profit: 2.8380866683928647, Duration: 60.0 minutes)
2024-10-31 00:54:25,828 - Buy 92.60 shares at 216.34 on 2024-06-17 11:00:00-04:00
2024-10-31 00:54:25,828 - Sell 92.60 shares at 213.22 on 2024-06-18 12:00:00-04:00 (Exit: Signal, Profit: -288.9131613113065, Duration: 1500.0 minutes)
2024-10-31 00:54:25,829 - Buy 95.26 shares at 210.23 on 2024-06-21 12:30:00-04:00
2024-10-31 00:54:25,829 - Sell 95.26 shares at 208.69 on 2024-06-24 09:30:00-04:00 (Exit: Signal, Profit: -146.70682035473126, Duration: 4140.0 minutes)
2024-10-31 00:54:25,829 - Buy 95.88 shares at 208.85 on 2024-06-24 14:30:00-04:00
2024-10-31 00:54:25,829 - Sell 95.88 shares at 210.09 on 2024-06-25 09:30:00-04:00 (Exit: Signal, Profit: 118.89069013880798, Duration: 1140.0 minutes)
2024-10-31 00:54:25,829 - Buy 95.07 shares at 210.66 on 2024-06-25 14:00:00-04:00
2024-10-31 00:54:25,830 - Sell 95.07 shares at 214.0 on 2024-06-27 13:00:00-04:00 (Exit: Signal, Profit: 317.52402922681483, Duration: 2820.0 minutes)
2024-10-31 00:54:25,830 - Buy 93.47 shares at 214.33 on 2024-06-28 09:30:00-04:00
2024-10-31 00:54:25,830 - Sell 93.47 shares at 213.06 on 2024-06-28 15:00:00-04:00 (Exit: Signal, Profit: -118.70545016154436, Duration: 330.0 minutes)
2024-10-31 00:54:25,830 - Buy 92.31 shares at 216.99 on 2024-07-01 12:30:00-04:00
2024-10-31 00:54:25,831 - Sell 92.31 shares at 226.86 on 2024-07-11 11:30:00-04:00 (Exit: Signal, Profit: 911.1205967435832, Duration: 14340.0 minutes)
2024-10-31 00:54:25,831 - Buy 86.83 shares at 230.91 on 2024-07-12 11:30:00-04:00
2024-10-31 00:54:25,832 - Sell 86.83 shares at 233.92 on 2024-07-16 11:30:00-04:00 (Exit: Signal, Profit: 261.3467431266274, Duration: 5760.0 minutes)
2024-10-31 00:54:25,832 - Buy 89.28 shares at 224.61 on 2024-07-19 13:30:00-04:00
2024-10-31 00:54:25,832 - Sell 89.28 shares at 225.0 on 2024-07-19 15:00:00-04:00 (Exit: Signal, Profit: 34.8210663214219, Duration: 90.0 minutes)
2024-10-31 00:54:25,832 - Buy 88.46 shares at 226.7 on 2024-07-22 09:30:00-04:00
2024-10-31 00:54:25,833 - Sell 88.46 shares at 224.68 on 2024-07-22 15:00:00-04:00 (Exit: Signal, Profit: -178.69873488920877, Duration: 330.0 minutes)
2024-10-31 00:54:25,833 - Buy 88.48 shares at 226.62 on 2024-07-23 11:30:00-04:00
2024-10-31 00:54:25,833 - Sell 88.48 shares at 221.29 on 2024-07-24 09:30:00-04:00 (Exit: Signal, Profit: -471.59935264060476, Duration: 1320.0 minutes)
2024-10-31 00:54:25,833 - Buy 90.96 shares at 220.35 on 2024-07-25 13:30:00-04:00
2024-10-31 00:54:25,833 - Sell 90.96 shares at 218.69 on 2024-07-26 12:00:00-04:00 (Exit: Signal, Profit: -150.9853894008299, Duration: 1350.0 minutes)
2024-10-31 00:54:25,833 - Buy 91.23 shares at 219.65 on 2024-07-30 09:30:00-04:00
2024-10-31 00:54:25,834 - Sell 91.23 shares at 216.97 on 2024-07-30 12:00:00-04:00 (Exit: Signal, Profit: -244.49953461004597, Duration: 150.0 minutes)
2024-10-31 00:54:25,834 - Buy 89.91 shares at 222.83 on 2024-07-31 10:00:00-04:00
2024-10-31 00:54:25,834 - Sell 89.91 shares at 219.32 on 2024-08-01 12:00:00-04:00 (Exit: Signal, Profit: -315.57450895094746, Duration: 1560.0 minutes)
2024-10-31 00:54:25,834 - Buy 89.16 shares at 224.62 on 2024-08-02 12:00:00-04:00
2024-10-31 00:54:25,834 - Sell 89.16 shares at 207.63 on 2024-08-05 09:30:00-04:00 (Exit: Stop_loss, Profit: -1514.8742166107136, Duration: 4170.0 minutes)
2024-10-31 00:54:25,834 - Buy 95.91 shares at 208.5 on 2024-08-06 15:00:00-04:00
2024-10-31 00:54:25,835 - Sell 95.91 shares at 212.19 on 2024-08-08 10:30:00-04:00 (Exit: Signal, Profit: 353.9113058463009, Duration: 2610.0 minutes)
2024-10-31 00:54:25,835 - Buy 93.53 shares at 213.89 on 2024-08-08 13:00:00-04:00
2024-10-31 00:54:25,836 - Sell 93.53 shares at 223.87 on 2024-08-19 11:30:00-04:00 (Exit: Signal, Profit: 933.4001897675124, Duration: 15750.0 minutes)
2024-10-31 00:54:25,836 - Buy 88.61 shares at 225.96 on 2024-08-20 10:30:00-04:00
2024-10-31 00:54:25,837 - Sell 88.61 shares at 226.43 on 2024-08-21 12:30:00-04:00 (Exit: Signal, Profit: 41.648484806224005, Duration: 1560.0 minutes)
2024-10-31 00:54:25,837 - Buy 88.43 shares at 226.43 on 2024-08-22 12:00:00-04:00
2024-10-31 00:54:25,837 - Sell 88.43 shares at 225.5 on 2024-08-22 12:30:00-04:00 (Exit: Signal, Profit: -82.24319294574747, Duration: 30.0 minutes)
2024-10-31 00:54:25,837 - Buy 88.61 shares at 225.97 on 2024-08-23 13:00:00-04:00
2024-10-31 00:54:25,837 - Sell 88.61 shares at 225.81 on 2024-08-26 12:00:00-04:00 (Exit: Signal, Profit: -14.17700528736379, Duration: 4260.0 minutes)
2024-10-31 00:54:25,837 - Buy 88.30 shares at 226.75 on 2024-08-27 09:30:00-04:00
2024-10-31 00:54:25,837 - Sell 88.30 shares at 227.04 on 2024-08-28 12:00:00-04:00 (Exit: Signal, Profit: 25.607068090600926, Duration: 1590.0 minutes)
2024-10-31 00:54:25,838 - Buy 86.17 shares at 232.37 on 2024-08-29 10:30:00-04:00
2024-10-31 00:54:25,838 - Sell 86.17 shares at 228.25 on 2024-08-30 11:00:00-04:00 (Exit: Signal, Profit: -355.0074121892066, Duration: 1470.0 minutes)
2024-10-31 00:54:25,838 - Buy 88.93 shares at 225.08 on 2024-09-05 10:00:00-04:00
2024-10-31 00:54:25,838 - Sell 88.93 shares at 220.97 on 2024-09-06 11:30:00-04:00 (Exit: Signal, Profit: -365.48633755692424, Duration: 1530.0 minutes)
2024-10-31 00:54:25,839 - Buy 90.83 shares at 220.27 on 2024-09-10 13:00:00-04:00
2024-10-31 00:54:25,839 - Sell 90.83 shares at 215.19 on 2024-09-16 09:30:00-04:00 (Exit: Signal, Profit: -461.4407634782364, Duration: 8430.0 minutes)
2024-10-31 00:54:25,840 - Buy 92.67 shares at 215.81 on 2024-09-17 12:30:00-04:00
2024-10-31 00:54:25,840 - Sell 92.67 shares at 228.7 on 2024-09-23 10:30:00-04:00 (Exit: Signal, Profit: 1194.5066831737465, Duration: 8520.0 minutes)
2024-10-31 00:54:25,840 - Buy 88.26 shares at 226.87 on 2024-09-24 14:00:00-04:00
2024-10-31 00:54:25,841 - Sell 88.26 shares at 225.42 on 2024-09-25 11:00:00-04:00 (Exit: Signal, Profit: -127.97249810737287, Duration: 1260.0 minutes)
2024-10-31 00:54:25,841 - Buy 87.92 shares at 227.7 on 2024-09-26 11:30:00-04:00
2024-10-31 00:54:25,841 - Sell 87.92 shares at 225.3 on 2024-10-01 10:30:00-04:00 (Exit: Signal, Profit: -211.01746903402497, Duration: 7140.0 minutes)
2024-10-31 00:54:25,841 - Buy 88.32 shares at 226.64 on 2024-10-02 12:30:00-04:00
2024-10-31 00:54:25,842 - Sell 88.32 shares at 225.14 on 2024-10-03 11:30:00-04:00 (Exit: Signal, Profit: -132.47481926329834, Duration: 1380.0 minutes)
2024-10-31 00:54:25,842 - Buy 88.89 shares at 225.15 on 2024-10-04 12:30:00-04:00
2024-10-31 00:54:25,842 - Sell 88.89 shares at 223.85 on 2024-10-07 13:30:00-04:00 (Exit: Signal, Profit: -115.55601282473371, Duration: 4380.0 minutes)
2024-10-31 00:54:25,842 - Buy 89.04 shares at 224.75 on 2024-10-08 13:00:00-04:00
2024-10-31 00:54:25,843 - Sell 89.04 shares at 228.63 on 2024-10-10 13:30:00-04:00 (Exit: Signal, Profit: 345.4641755964098, Duration: 2910.0 minutes)
2024-10-31 00:54:25,843 - Buy 86.77 shares at 230.69 on 2024-10-14 10:00:00-04:00
2024-10-31 00:54:25,843 - Sell 86.77 shares at 230.72 on 2024-10-16 10:00:00-04:00 (Exit: Signal, Profit: 2.603235167379629, Duration: 2880.0 minutes)
2024-10-31 00:54:25,843 - Buy 86.19 shares at 232.26 on 2024-10-17 11:00:00-04:00
2024-10-31 00:54:25,844 - Sell 86.19 shares at 234.23 on 2024-10-22 10:30:00-04:00 (Exit: Signal, Profit: 169.79068126620325, Duration: 7170.0 minutes)
2024-10-31 00:54:25,844 - Buy 85.45 shares at 234.3 on 2024-10-23 10:30:00-04:00
2024-10-31 00:54:25,844 - Sell 85.45 shares at 229.67 on 2024-10-23 12:00:00-04:00 (Exit: Signal, Profit: -395.6438462699586, Duration: 90.0 minutes)
2024-10-31 00:54:25,844 - Buy 86.84 shares at 230.46 on 2024-10-24 14:30:00-04:00
2024-10-31 00:54:25,845 - Sell 86.84 shares at 233.11 on 2024-10-29 12:00:00-04:00 (Exit: Signal, Profit: 230.13059137275312, Duration: 7050.0 minutes)
