2024-10-30 22:04:11,759 - Starting SmaCrossoverStrategy with initial capital: 1000000
2024-10-30 22:04:11,759 - Hyperparameters: {'fast_period': 5, 'slow_period': 20}
2024-10-30 22:04:11,770 - Buy 203.27 shares at 98.39 on 2023-11-03 15:30:00-04:00
2024-10-30 22:04:11,770 - Buy 193.77 shares at 101.15 on 2023-11-06 15:30:00-05:00
2024-10-30 22:04:11,771 - Buy 188.13 shares at 102.1 on 2023-11-08 15:30:00-05:00
2024-10-30 22:04:11,771 - Buy 186.21 shares at 101.09 on 2023-11-09 13:00:00-05:00
2024-10-30 22:04:11,771 - Buy 183.81 shares at 100.36 on 2023-11-10 12:30:00-05:00
2024-10-30 22:04:11,772 - Buy 179.60 shares at 100.66 on 2023-11-13 12:00:00-05:00
2024-10-30 22:04:11,772 - Buy 178.04 shares at 99.51 on 2023-11-14 14:15:00-05:00
2024-10-30 22:04:11,772 - Buy 176.38 shares at 98.44 on 2023-11-16 09:30:00-05:00
2024-10-30 22:04:11,773 - Buy 164.38 shares at 103.51 on 2023-11-21 12:15:00-05:00
2024-10-30 22:04:11,773 - Buy 161.64 shares at 103.16 on 2023-11-21 14:45:00-05:00
2024-10-30 22:04:11,774 - Buy 158.76 shares at 102.93 on 2023-11-22 12:45:00-05:00
2024-10-30 22:04:11,774 - Buy 157.75 shares at 101.52 on 2023-11-28 14:15:00-05:00
2024-10-30 22:04:11,774 - Buy 154.41 shares at 101.64 on 2023-11-29 11:30:00-05:00
2024-10-30 22:04:11,775 - Buy 151.08 shares at 101.8 on 2023-11-30 14:45:00-05:00
2024-10-30 22:04:11,775 - Buy 148.33 shares at 101.62 on 2023-12-01 11:30:00-05:00
2024-10-30 22:04:11,775 - Buy 146.80 shares at 100.62 on 2023-12-04 12:15:00-05:00
2024-10-30 22:04:11,776 - Buy 145.27 shares at 99.65 on 2023-12-05 13:45:00-05:00
2024-10-30 22:04:11,776 - Buy 144.16 shares at 98.41 on 2023-12-06 14:00:00-05:00
2024-10-30 22:04:11,776 - Buy 143.98 shares at 96.56 on 2023-12-07 13:30:00-05:00
2024-10-30 22:04:11,776 - Buy 140.91 shares at 96.69 on 2023-12-08 13:30:00-05:00
2024-10-30 22:04:11,777 - Buy 138.64 shares at 96.31 on 2023-12-11 14:00:00-05:00
2024-10-30 22:04:11,777 - Buy 136.01 shares at 96.21 on 2023-12-12 12:45:00-05:00
2024-10-30 22:04:11,778 - Buy 130.49 shares at 98.27 on 2023-12-14 12:45:00-05:00
2024-10-30 22:04:11,778 - Buy 129.12 shares at 97.33 on 2023-12-15 13:00:00-05:00
2024-10-30 22:04:11,778 - Buy 124.26 shares at 99.11 on 2023-12-18 15:15:00-05:00
2024-10-30 22:04:11,778 - Buy 118.77 shares at 101.62 on 2023-12-20 09:30:00-05:00
2024-10-30 22:04:11,779 - Buy 114.77 shares at 103.06 on 2023-12-21 10:15:00-05:00
2024-10-30 22:04:11,779 - Buy 112.50 shares at 103.03 on 2023-12-21 14:45:00-05:00
2024-10-30 22:04:11,779 - Buy 110.01 shares at 103.26 on 2023-12-22 12:00:00-05:00
2024-10-30 22:04:11,779 - Buy 107.94 shares at 103.13 on 2023-12-26 11:30:00-05:00
2024-10-30 22:04:11,780 - Buy 105.91 shares at 103.01 on 2023-12-27 10:30:00-05:00
2024-10-30 22:04:11,780 - Buy 103.47 shares at 103.33 on 2023-12-29 14:00:00-05:00
2024-10-30 22:04:11,781 - Buy 101.70 shares at 103.03 on 2024-01-03 09:45:00-05:00
2024-10-30 22:04:11,782 - Buy 96.72 shares at 106.16 on 2024-01-08 11:30:00-05:00
2024-10-30 22:04:11,782 - Buy 94.66 shares at 106.3 on 2024-01-09 12:15:00-05:00
2024-10-30 22:04:11,782 - Buy 92.50 shares at 106.61 on 2024-01-09 14:15:00-05:00
2024-10-30 22:04:11,782 - Buy 89.18 shares at 108.37 on 2024-01-10 14:30:00-05:00
2024-10-30 22:04:11,783 - Buy 88.56 shares at 106.94 on 2024-01-11 14:45:00-05:00
2024-10-30 22:04:11,783 - Buy 87.22 shares at 106.41 on 2024-01-16 14:45:00-05:00
2024-10-30 22:04:11,783 - Buy 85.58 shares at 106.29 on 2024-01-16 15:15:00-05:00
2024-10-30 22:04:11,783 - Buy 83.58 shares at 106.65 on 2024-01-17 11:00:00-05:00
2024-10-30 22:04:11,784 - Buy 81.71 shares at 106.91 on 2024-01-18 11:30:00-05:00
2024-10-30 22:04:11,784 - Buy 79.65 shares at 107.48 on 2024-01-19 11:30:00-05:00
2024-10-30 22:04:11,784 - Buy 78.15 shares at 107.36 on 2024-01-19 13:15:00-05:00
2024-10-30 22:04:11,784 - Buy 77.65 shares at 105.89 on 2024-01-22 15:15:00-05:00
2024-10-30 22:04:11,785 - Buy 76.64 shares at 105.13 on 2024-01-23 12:45:00-05:00
2024-10-30 22:04:11,785 - Buy 74.90 shares at 105.43 on 2024-01-25 15:00:00-05:00
2024-10-30 22:04:11,786 - Buy 71.45 shares at 108.3 on 2024-01-29 14:30:00-05:00
2024-10-30 22:04:11,786 - Buy 69.68 shares at 108.84 on 2024-01-30 15:00:00-05:00
2024-10-30 22:04:11,786 - Sell 6168.11 shares at 113.65 on 2024-01-31 09:30:00-05:00 (Exit: Profit_take, Profit: 72607.27183501812, Duration: 1110.0 minutes)
2024-10-30 22:04:11,787 - Buy 186.82 shares at 114.83 on 2024-02-01 12:15:00-05:00
2024-10-30 22:04:11,787 - Buy 184.64 shares at 113.86 on 2024-02-02 14:15:00-05:00
2024-10-30 22:04:11,788 - Buy 175.31 shares at 117.52 on 2024-02-06 14:15:00-05:00
2024-10-30 22:04:11,788 - Buy 170.40 shares at 118.49 on 2024-02-08 13:15:00-05:00
2024-10-30 22:04:11,789 - Buy 163.78 shares at 120.81 on 2024-02-12 13:00:00-05:00
2024-10-30 22:04:11,789 - Buy 160.88 shares at 120.53 on 2024-02-12 15:45:00-05:00
2024-10-30 22:04:11,789 - Buy 157.94 shares at 120.32 on 2024-02-13 11:45:00-05:00
2024-10-30 22:04:11,789 - Buy 153.76 shares at 121.12 on 2024-02-14 09:30:00-05:00
2024-10-30 22:04:11,790 - Buy 149.68 shares at 121.93 on 2024-02-15 15:30:00-05:00
2024-10-30 22:04:11,790 - Buy 147.28 shares at 121.44 on 2024-02-20 15:45:00-05:00
2024-10-30 22:04:11,790 - Buy 145.47 shares at 120.49 on 2024-02-21 14:00:00-05:00
2024-10-30 22:04:11,791 - Buy 139.40 shares at 123.22 on 2024-02-26 09:45:00-05:00
2024-10-30 22:04:11,791 - Buy 136.48 shares at 123.34 on 2024-02-26 13:00:00-05:00
2024-10-30 22:04:11,791 - Buy 135.03 shares at 122.17 on 2024-02-27 13:30:00-05:00
2024-10-30 22:04:11,792 - Buy 133.14 shares at 121.43 on 2024-02-28 13:30:00-05:00
2024-10-30 22:04:11,792 - Buy 132.21 shares at 119.84 on 2024-02-29 15:15:00-05:00
2024-10-30 22:04:11,792 - Buy 120.89 shares at 128.44 on 2024-03-04 15:00:00-05:00
2024-10-30 22:04:11,793 - Buy 121.73 shares at 125.0 on 2024-03-06 09:30:00-05:00
2024-10-30 22:04:11,793 - Buy 119.34 shares at 124.95 on 2024-03-06 11:30:00-05:00
2024-10-30 22:04:11,793 - Buy 107.80 shares at 135.56 on 2024-03-07 09:30:00-05:00
2024-10-30 22:04:11,793 - Sell 2942.01 shares at 136.23 on 2024-03-07 09:45:00-05:00 (Exit: Profit_take, Profit: 44263.27050524423, Duration: 15.0 minutes)
2024-10-30 22:04:11,794 - Buy 167.32 shares at 133.5 on 2024-03-08 14:30:00-05:00
2024-10-30 22:04:11,794 - Buy 166.15 shares at 131.75 on 2024-03-11 14:15:00-04:00
2024-10-30 22:04:11,794 - Buy 160.56 shares at 133.61 on 2024-03-13 14:00:00-04:00
2024-10-30 22:04:11,794 - Buy 155.01 shares at 135.63 on 2024-03-14 09:30:00-04:00
2024-10-30 22:04:11,795 - Buy 155.34 shares at 132.63 on 2024-03-15 14:15:00-04:00
2024-10-30 22:04:11,795 - Buy 151.53 shares at 133.25 on 2024-03-18 10:45:00-04:00
2024-10-30 22:04:11,795 - Buy 150.23 shares at 131.71 on 2024-03-19 14:15:00-04:00
2024-10-30 22:04:11,796 - Buy 148.45 shares at 130.63 on 2024-03-21 11:30:00-04:00
2024-10-30 22:04:11,796 - Buy 147.32 shares at 129.0 on 2024-03-22 13:30:00-04:00
2024-10-30 22:04:11,797 - Buy 144.09 shares at 129.25 on 2024-03-26 13:15:00-04:00
2024-10-30 22:04:11,797 - Buy 142.34 shares at 128.22 on 2024-03-27 13:45:00-04:00
2024-10-30 22:04:11,797 - Buy 139.21 shares at 128.48 on 2024-03-28 09:30:00-04:00
2024-10-30 22:04:11,798 - Buy 137.26 shares at 127.7 on 2024-04-01 15:00:00-04:00
2024-10-30 22:04:11,798 - Buy 136.25 shares at 126.08 on 2024-04-02 13:15:00-04:00
2024-10-30 22:04:11,799 - Buy 133.94 shares at 125.69 on 2024-04-05 10:15:00-04:00
2024-10-30 22:04:11,799 - Buy 130.45 shares at 126.47 on 2024-04-08 09:30:00-04:00
2024-10-30 22:04:11,799 - Buy 129.71 shares at 124.65 on 2024-04-09 15:30:00-04:00
2024-10-30 22:04:11,799 - Buy 126.92 shares at 124.84 on 2024-04-10 10:45:00-04:00
2024-10-30 22:04:11,800 - Buy 123.64 shares at 125.59 on 2024-04-11 09:45:00-04:00
2024-10-30 22:04:11,800 - Buy 121.55 shares at 125.19 on 2024-04-11 11:30:00-04:00
2024-10-30 22:04:11,800 - Buy 118.77 shares at 125.56 on 2024-04-15 09:45:00-04:00
2024-10-30 22:04:11,801 - Buy 117.89 shares at 123.97 on 2024-04-16 12:15:00-04:00
2024-10-30 22:04:11,801 - Buy 114.76 shares at 124.8 on 2024-04-17 09:30:00-04:00
2024-10-30 22:04:11,801 - Buy 112.84 shares at 124.39 on 2024-04-17 14:45:00-04:00
2024-10-30 22:04:11,801 - Buy 110.71 shares at 124.24 on 2024-04-19 09:45:00-04:00
2024-10-30 22:04:11,802 - Buy 108.74 shares at 123.96 on 2024-04-22 10:00:00-04:00
2024-10-30 22:04:11,802 - Buy 104.80 shares at 126.05 on 2024-04-24 14:15:00-04:00
2024-10-30 22:04:11,803 - Buy 103.25 shares at 125.39 on 2024-04-25 13:30:00-04:00
2024-10-30 22:04:11,803 - Buy 99.73 shares at 127.22 on 2024-04-29 10:45:00-04:00
2024-10-30 22:04:11,803 - Buy 96.61 shares at 128.7 on 2024-04-30 09:30:00-04:00
2024-10-30 22:04:11,804 - Buy 94.98 shares at 128.29 on 2024-04-30 15:00:00-04:00
2024-10-30 22:04:11,804 - Buy 92.77 shares at 128.71 on 2024-05-01 11:00:00-04:00
2024-10-30 22:04:11,804 - Buy 93.48 shares at 125.18 on 2024-05-02 15:15:00-04:00
2024-10-30 22:04:11,804 - Buy 93.16 shares at 123.1 on 2024-05-03 13:30:00-04:00
2024-10-30 22:04:11,804 - Buy 91.08 shares at 123.39 on 2024-05-06 10:30:00-04:00
2024-10-30 22:04:11,805 - Buy 89.12 shares at 123.58 on 2024-05-06 13:15:00-04:00
2024-10-30 22:04:11,805 - Buy 84.65 shares at 127.51 on 2024-05-09 09:45:00-04:00
2024-10-30 22:04:11,806 - Buy 80.99 shares at 130.61 on 2024-05-13 09:30:00-04:00
2024-10-30 22:04:11,806 - Buy 78.34 shares at 132.32 on 2024-05-14 12:00:00-04:00
2024-10-30 22:04:11,807 - Buy 76.26 shares at 133.21 on 2024-05-16 14:00:00-04:00
2024-10-30 22:04:11,807 - Buy 75.50 shares at 131.86 on 2024-05-17 13:30:00-04:00
2024-10-30 22:04:11,807 - Buy 72.51 shares at 134.56 on 2024-05-21 09:30:00-04:00
2024-10-30 22:04:11,808 - Buy 70.71 shares at 135.23 on 2024-05-21 15:45:00-04:00
2024-10-30 22:04:11,808 - Buy 69.67 shares at 134.5 on 2024-05-22 12:00:00-04:00
2024-10-30 22:04:11,808 - Buy 67.50 shares at 136.05 on 2024-05-23 09:30:00-04:00
2024-10-30 22:04:11,808 - Buy 66.32 shares at 135.7 on 2024-05-24 11:45:00-04:00
2024-10-30 22:04:11,809 - Buy 65.84 shares at 133.94 on 2024-05-28 14:00:00-04:00
2024-10-30 22:04:11,809 - Buy 65.02 shares at 132.93 on 2024-05-29 13:30:00-04:00
2024-10-30 22:04:11,809 - Buy 62.53 shares at 135.46 on 2024-05-31 09:45:00-04:00
2024-10-30 22:04:11,810 - Buy 61.35 shares at 135.31 on 2024-05-31 15:45:00-04:00
2024-10-30 22:04:11,810 - Buy 59.95 shares at 135.69 on 2024-06-03 15:00:00-04:00
2024-10-30 22:04:11,810 - Buy 58.48 shares at 136.33 on 2024-06-04 09:30:00-04:00
2024-10-30 22:04:11,810 - Sell 5625.57 shares at 142.34 on 2024-06-05 11:00:00-04:00 (Exit: Profit_take, Profit: 74496.65827121952, Duration: 1530.0 minutes)
2024-10-30 22:04:11,811 - Buy 168.28 shares at 141.59 on 2024-06-06 10:00:00-04:00
2024-10-30 22:04:11,811 - Buy 162.96 shares at 143.29 on 2024-06-07 15:15:00-04:00
2024-10-30 22:04:11,811 - Buy 159.68 shares at 143.31 on 2024-06-10 11:45:00-04:00
2024-10-30 22:04:11,812 - Buy 157.77 shares at 142.14 on 2024-06-11 13:45:00-04:00
2024-10-30 22:04:11,812 - Buy 153.38 shares at 143.29 on 2024-06-12 13:00:00-04:00
2024-10-30 22:04:11,812 - Buy 149.97 shares at 143.62 on 2024-06-12 15:00:00-04:00
2024-10-30 22:04:11,812 - Buy 148.62 shares at 142.02 on 2024-06-13 14:45:00-04:00
2024-10-30 22:04:11,813 - Buy 146.38 shares at 141.31 on 2024-06-18 09:45:00-04:00
2024-10-30 22:04:11,813 - Buy 144.22 shares at 140.56 on 2024-06-18 15:00:00-04:00
2024-10-30 22:04:11,813 - Buy 140.06 shares at 141.84 on 2024-06-21 10:30:00-04:00
2024-10-30 22:04:11,814 - Buy 136.77 shares at 142.35 on 2024-06-24 10:15:00-04:00
2024-10-30 22:04:11,814 - Buy 130.88 shares at 145.78 on 2024-06-25 09:30:00-04:00
2024-10-30 22:04:11,814 - Buy 127.34 shares at 146.83 on 2024-06-25 15:30:00-04:00
2024-10-30 22:04:11,814 - Buy 126.27 shares at 145.12 on 2024-06-27 09:30:00-04:00
2024-10-30 22:04:11,815 - Buy 124.44 shares at 144.31 on 2024-06-27 12:45:00-04:00
2024-10-30 22:04:11,815 - Buy 121.99 shares at 144.26 on 2024-06-27 15:15:00-04:00
2024-10-30 22:04:11,815 - Buy 119.32 shares at 144.54 on 2024-07-01 10:15:00-04:00
2024-10-30 22:04:11,816 - Buy 118.27 shares at 142.91 on 2024-07-02 13:45:00-04:00
2024-10-30 22:04:11,816 - Buy 117.25 shares at 141.27 on 2024-07-05 10:15:00-04:00
2024-10-30 22:04:11,817 - Buy 115.23 shares at 140.87 on 2024-07-09 13:30:00-04:00
2024-10-30 22:04:11,817 - Buy 112.59 shares at 141.28 on 2024-07-10 10:30:00-04:00
2024-10-30 22:04:11,817 - Buy 111.61 shares at 139.68 on 2024-07-11 15:30:00-04:00
2024-10-30 22:04:11,818 - Buy 107.77 shares at 141.76 on 2024-07-16 10:15:00-04:00
2024-10-30 22:04:11,818 - Sell 3101.03 shares at 134.69 on 2024-07-17 10:45:00-04:00 (Exit: Stop_loss, Profit: -25097.466511381903, Duration: 1470.0 minutes)
2024-10-30 22:04:11,818 - Buy 171.64 shares at 135.9 on 2024-07-17 14:15:00-04:00
2024-10-30 22:04:11,819 - Sell 171.64 shares at 127.83 on 2024-07-18 11:00:00-04:00 (Exit: Stop_loss, Profit: -1385.106218423519, Duration: 1245.0 minutes)
2024-10-30 22:04:11,819 - Buy 179.45 shares at 129.83 on 2024-07-18 14:30:00-04:00
2024-10-30 22:04:11,819 - Buy 172.11 shares at 132.66 on 2024-07-22 09:45:00-04:00
2024-10-30 22:04:11,819 - Buy 168.67 shares at 132.66 on 2024-07-22 12:45:00-04:00
2024-10-30 22:04:11,820 - Buy 166.31 shares at 131.85 on 2024-07-24 13:45:00-04:00
2024-10-30 22:04:11,820 - Buy 166.17 shares at 129.32 on 2024-07-25 13:15:00-04:00
2024-10-30 22:04:11,820 - Buy 164.82 shares at 127.77 on 2024-07-26 13:00:00-04:00
2024-10-30 22:04:11,820 - Buy 159.44 shares at 129.44 on 2024-07-29 09:45:00-04:00
2024-10-30 22:04:11,821 - Buy 157.76 shares at 128.2 on 2024-07-29 12:15:00-04:00
2024-10-30 22:04:11,821 - Buy 150.88 shares at 131.37 on 2024-07-30 09:30:00-04:00
2024-10-30 22:04:11,821 - Buy 150.71 shares at 128.89 on 2024-07-30 15:15:00-04:00
2024-10-30 22:04:11,821 - Buy 143.57 shares at 132.59 on 2024-08-01 11:45:00-04:00
2024-10-30 22:04:11,822 - Buy 140.79 shares at 132.5 on 2024-08-01 15:45:00-04:00
2024-10-30 22:04:11,822 - Sell 1920.67 shares at 124.22 on 2024-08-05 09:30:00-04:00 (Exit: Stop_loss, Profit: -12194.530295805896, Duration: 5385.0 minutes)
2024-10-30 22:04:11,822 - Buy 181.04 shares at 127.34 on 2024-08-05 12:15:00-04:00
2024-10-30 22:04:11,822 - Buy 175.55 shares at 128.7 on 2024-08-06 09:30:00-04:00
2024-10-30 22:04:11,823 - Sell 356.59 shares at 122.78 on 2024-08-07 09:30:00-04:00 (Exit: Stop_loss, Profit: -1864.7787114672246, Duration: 1440.0 minutes)
2024-10-30 22:04:11,823 - Buy 185.72 shares at 123.93 on 2024-08-08 09:30:00-04:00
2024-10-30 22:04:11,824 - Buy 170.39 shares at 132.38 on 2024-08-13 09:30:00-04:00
2024-10-30 22:04:11,824 - Buy 164.31 shares at 134.53 on 2024-08-14 10:45:00-04:00
2024-10-30 22:04:11,824 - Buy 159.39 shares at 135.91 on 2024-08-15 09:30:00-04:00
2024-10-30 22:04:11,825 - Buy 157.04 shares at 135.19 on 2024-08-16 14:00:00-04:00
2024-10-30 22:04:11,825 - Buy 153.25 shares at 135.76 on 2024-08-19 10:00:00-04:00
2024-10-30 22:04:11,825 - Buy 149.79 shares at 136.12 on 2024-08-20 09:30:00-04:00
2024-10-30 22:04:11,825 - Buy 147.58 shares at 135.39 on 2024-08-20 14:30:00-04:00
2024-10-30 22:04:11,826 - Buy 145.56 shares at 134.53 on 2024-08-21 14:15:00-04:00
2024-10-30 22:04:11,826 - Buy 140.15 shares at 136.92 on 2024-08-23 10:30:00-04:00
2024-10-30 22:04:11,826 - Buy 137.97 shares at 136.31 on 2024-08-23 14:15:00-04:00
2024-10-30 22:04:11,827 - Buy 136.14 shares at 135.38 on 2024-08-27 10:45:00-04:00
2024-10-30 22:04:11,827 - Buy 133.69 shares at 135.1 on 2024-08-27 13:00:00-04:00
2024-10-30 22:04:11,827 - Buy 131.06 shares at 135.05 on 2024-08-28 12:00:00-04:00
2024-10-30 22:04:11,827 - Buy 127.25 shares at 136.32 on 2024-08-29 09:45:00-04:00
2024-10-30 22:04:11,828 - Buy 122.66 shares at 138.59 on 2024-08-30 15:00:00-04:00
2024-10-30 22:04:11,828 - Buy 123.97 shares at 134.38 on 2024-09-04 13:45:00-04:00
2024-10-30 22:04:11,828 - Buy 123.04 shares at 132.69 on 2024-09-06 09:30:00-04:00
2024-10-30 22:04:11,829 - Buy 121.99 shares at 131.16 on 2024-09-06 15:30:00-04:00
2024-10-30 22:04:11,829 - Buy 118.96 shares at 131.81 on 2024-09-09 12:15:00-04:00
2024-10-30 22:04:11,829 - Buy 116.52 shares at 131.88 on 2024-09-09 14:45:00-04:00
2024-10-30 22:04:11,829 - Buy 116.06 shares at 129.75 on 2024-09-10 14:00:00-04:00
2024-10-30 22:04:11,830 - Buy 108.98 shares at 135.42 on 2024-09-12 12:30:00-04:00
2024-10-30 22:04:11,830 - Buy 104.91 shares at 137.86 on 2024-09-16 09:45:00-04:00
2024-10-30 22:04:11,831 - Buy 107.14 shares at 132.29 on 2024-09-18 13:15:00-04:00
2024-10-30 22:04:11,831 - Sell 3403.49 shares at 127.98 on 2024-09-20 09:30:00-04:00 (Exit: Stop_loss, Profit: -20764.591312548935, Duration: 2655.0 minutes)
2024-10-30 22:04:11,831 - Buy 178.00 shares at 126.97 on 2024-09-20 14:15:00-04:00
2024-10-30 22:04:11,831 - Buy 173.62 shares at 127.57 on 2024-09-20 15:45:00-04:00
2024-10-30 22:04:11,832 - Buy 175.42 shares at 123.74 on 2024-09-23 15:45:00-04:00
2024-10-30 22:04:11,832 - Buy 167.46 shares at 127.03 on 2024-09-25 09:45:00-04:00
2024-10-30 22:04:11,833 - Sell 694.50 shares at 120.58 on 2024-09-27 10:15:00-04:00 (Exit: Stop_loss, Profit: -3985.4974808827787, Duration: 2910.0 minutes)
2024-10-30 22:04:11,833 - Buy 186.76 shares at 120.59 on 2024-09-27 14:15:00-04:00
2024-10-30 22:04:11,833 - Buy 186.57 shares at 118.3 on 2024-09-30 14:00:00-04:00
2024-10-30 22:04:11,833 - Buy 183.15 shares at 118.1 on 2024-10-01 14:30:00-04:00
2024-10-30 22:04:11,834 - Buy 182.29 shares at 116.28 on 2024-10-02 14:30:00-04:00
2024-10-30 22:04:11,834 - Buy 178.51 shares at 116.37 on 2024-10-02 15:30:00-04:00
2024-10-30 22:04:11,834 - Buy 177.19 shares at 114.89 on 2024-10-04 13:15:00-04:00
2024-10-30 22:04:11,834 - Buy 169.63 shares at 117.61 on 2024-10-08 10:00:00-04:00
2024-10-30 22:04:11,835 - Buy 167.12 shares at 116.99 on 2024-10-08 15:15:00-04:00
2024-10-30 22:04:11,835 - Buy 164.30 shares at 116.62 on 2024-10-09 12:45:00-04:00
2024-10-30 22:04:11,835 - Buy 156.58 shares at 119.92 on 2024-10-11 09:30:00-04:00
2024-10-30 22:04:11,835 - Buy 153.53 shares at 119.86 on 2024-10-11 15:15:00-04:00
2024-10-30 22:04:11,835 - Buy 150.26 shares at 120.02 on 2024-10-11 15:45:00-04:00
2024-10-30 22:04:11,836 - Buy 147.35 shares at 119.94 on 2024-10-14 14:45:00-04:00
2024-10-30 22:04:11,836 - Buy 147.01 shares at 117.81 on 2024-10-15 15:30:00-04:00
2024-10-30 22:04:11,836 - Buy 144.33 shares at 117.6 on 2024-10-16 12:15:00-04:00
2024-10-30 22:04:11,837 - Buy 141.36 shares at 117.67 on 2024-10-18 13:30:00-04:00
2024-10-30 22:04:11,837 - Buy 138.85 shares at 117.4 on 2024-10-21 14:15:00-04:00
2024-10-30 22:04:11,837 - Buy 137.16 shares at 116.47 on 2024-10-22 13:45:00-04:00
2024-10-30 22:04:11,838 - Buy 135.25 shares at 115.75 on 2024-10-23 13:30:00-04:00
2024-10-30 22:04:11,838 - Buy 136.41 shares at 112.47 on 2024-10-28 13:30:00-04:00
2024-10-30 22:04:11,838 - Buy 133.54 shares at 112.59 on 2024-10-29 11:00:00-04:00
2024-10-30 22:04:11,839 - Buy 131.19 shares at 112.32 on 2024-10-29 13:45:00-04:00
2024-10-30 22:04:11,839 - Buy 128.64 shares at 112.25 on 2024-10-29 15:30:00-04:00
2024-10-30 22:04:11,839 - Buy 124.47 shares at 113.69 on 2024-10-30 11:15:00-04:00
2024-10-30 22:04:12,042 - Holding 3701.4566061790374 shares as an open position at the end with unrealized return: -0.03104808189924155, Duration: 270.0 minutes
