2024-11-11 21:54:01,508 - Starting GBMStrategy with initial capital: 1000000
2024-11-11 21:54:01,509 - Hyperparameters: {'threshold': 1.5, 'time_periods': 30, 'num_simulations': 150}
2024-11-11 21:55:23,940 - Long Buy 186.00 shares at 107.48 on 2024-10-11 14:30:00+00:00
2024-11-11 21:55:23,942 - Long Buy 182.00 shares at 107.69 on 2024-10-11 14:45:00+00:00
2024-11-11 21:55:23,942 - Long Buy 178.00 shares at 107.53 on 2024-10-11 16:00:00+00:00
2024-11-11 21:55:23,942 - Long Buy 175.00 shares at 107.51 on 2024-10-11 16:15:00+00:00
2024-11-11 21:55:23,942 - Long Buy 171.00 shares at 107.35 on 2024-10-11 16:30:00+00:00
2024-11-11 21:55:23,942 - Long Buy 168.00 shares at 107.5 on 2024-10-11 16:45:00+00:00
2024-11-11 21:55:23,942 - Long Buy 165.00 shares at 107.32 on 2024-10-11 17:00:00+00:00
2024-11-11 21:55:23,942 - Long Buy 161.00 shares at 107.5 on 2024-10-11 17:15:00+00:00
2024-11-11 21:55:23,942 - Long Buy 158.00 shares at 107.5 on 2024-10-11 17:30:00+00:00
2024-11-11 21:55:23,942 - Long Buy 155.00 shares at 107.48 on 2024-10-11 17:45:00+00:00
2024-11-11 21:55:23,942 - Long Buy 152.00 shares at 107.35 on 2024-10-11 18:00:00+00:00
2024-11-11 21:55:23,942 - Long Buy 149.00 shares at 107.35 on 2024-10-11 18:15:00+00:00
2024-11-11 21:55:23,942 - Long Buy 146.00 shares at 107.36 on 2024-10-11 18:30:00+00:00
2024-11-11 21:55:23,942 - Long Buy 143.00 shares at 107.31 on 2024-10-11 18:45:00+00:00
2024-11-11 21:55:23,942 - Long Buy 140.00 shares at 107.38 on 2024-10-11 19:00:00+00:00
2024-11-11 21:55:23,942 - Long Buy 137.00 shares at 107.36 on 2024-10-11 19:15:00+00:00
2024-11-11 21:55:23,942 - Long Buy 134.00 shares at 107.49 on 2024-10-11 19:30:00+00:00
2024-11-11 21:55:23,942 - Long Buy 132.00 shares at 107.0 on 2024-10-14 13:30:00+00:00
2024-11-11 21:55:23,942 - Long Buy 129.00 shares at 107.29 on 2024-10-14 13:45:00+00:00
2024-11-11 21:55:23,942 - Sell to close 2961.00 shares at 108.05 on 2024-10-14 14:30:00+00:00 (Exit: Profit_take, Profit: 1872.2200000000325, Duration: 4320.0 minutes)
2024-11-11 21:55:23,943 - Short Sell 184.00 shares at 108.56 on 2024-10-14 14:45:00+00:00
2024-11-11 21:55:23,943 - Short Sell 184.00 shares at 108.78 on 2024-10-14 15:00:00+00:00
2024-11-11 21:55:23,943 - Short Sell 184.00 shares at 108.55 on 2024-10-14 15:15:00+00:00
2024-11-11 21:55:23,943 - Buy to cover -552.00 shares at 108.52 on 2024-10-14 15:30:00+00:00 (Exit: Signal, Profit: 60.719999999999686, Duration: 45.0 minutes)
2024-11-11 21:55:23,943 - Short Sell 184.00 shares at 108.65 on 2024-10-14 15:45:00+00:00
2024-11-11 21:55:23,943 - Buy to cover -184.00 shares at 108.4 on 2024-10-14 16:00:00+00:00 (Exit: Signal, Profit: 46.0, Duration: 15.0 minutes)
2024-11-11 21:55:23,943 - Short Sell 184.00 shares at 108.72 on 2024-10-14 16:15:00+00:00
2024-11-11 21:55:23,943 - Short Sell 183.00 shares at 108.94 on 2024-10-14 18:00:00+00:00
2024-11-11 21:55:23,943 - Short Sell 183.00 shares at 108.91 on 2024-10-14 18:15:00+00:00
2024-11-11 21:55:23,943 - Short Sell 183.00 shares at 108.91 on 2024-10-14 18:30:00+00:00
2024-11-11 21:55:23,943 - Buy to cover -733.00 shares at 109.55 on 2024-10-15 13:30:00+00:00 (Exit: Stop_loss, Profit: -498.59000000000106, Duration: 1275.0 minutes)
2024-11-11 21:55:23,944 - Long Buy 185.00 shares at 108.0 on 2024-10-16 13:30:00+00:00
2024-11-11 21:55:23,944 - Long Buy 181.00 shares at 108.16 on 2024-10-16 13:45:00+00:00
2024-11-11 21:55:23,944 - Long Buy 177.00 shares at 108.12 on 2024-10-16 14:00:00+00:00
2024-11-11 21:55:23,944 - Long Buy 175.00 shares at 107.55 on 2024-10-16 14:15:00+00:00
2024-11-11 21:55:23,944 - Long Buy 172.00 shares at 107.35 on 2024-10-16 14:30:00+00:00
2024-11-11 21:55:23,944 - Long Buy 168.00 shares at 107.32 on 2024-10-16 14:45:00+00:00
2024-11-11 21:55:23,944 - Long Buy 165.00 shares at 107.2 on 2024-10-16 15:00:00+00:00
2024-11-11 21:55:23,944 - Sell to close 1223.00 shares at 106.8 on 2024-10-16 15:15:00+00:00 (Exit: Stop_loss, Profit: -1081.0099999999854, Duration: 105.0 minutes)
2024-11-11 21:55:23,944 - Long Buy 188.00 shares at 106.05 on 2024-10-17 14:15:00+00:00
2024-11-11 21:55:23,944 - Long Buy 184.00 shares at 106.16 on 2024-10-17 14:30:00+00:00
2024-11-11 21:55:23,944 - Long Buy 181.00 shares at 105.89 on 2024-10-17 15:00:00+00:00
2024-11-11 21:55:23,944 - Long Buy 178.00 shares at 105.59 on 2024-10-17 15:15:00+00:00
2024-11-11 21:55:23,944 - Long Buy 174.00 shares at 105.53 on 2024-10-17 15:30:00+00:00
2024-11-11 21:55:23,944 - Long Buy 171.00 shares at 105.53 on 2024-10-17 15:45:00+00:00
2024-11-11 21:55:23,944 - Long Buy 167.00 shares at 105.69 on 2024-10-17 16:00:00+00:00
2024-11-11 21:55:23,944 - Long Buy 164.00 shares at 105.88 on 2024-10-17 16:15:00+00:00
2024-11-11 21:55:23,944 - Long Buy 160.00 shares at 105.95 on 2024-10-17 16:30:00+00:00
2024-11-11 21:55:23,944 - Long Buy 157.00 shares at 105.96 on 2024-10-17 16:45:00+00:00
2024-11-11 21:55:23,945 - Long Buy 154.00 shares at 105.98 on 2024-10-17 17:00:00+00:00
2024-11-11 21:55:23,945 - Long Buy 151.00 shares at 105.79 on 2024-10-17 17:15:00+00:00
2024-11-11 21:55:23,945 - Long Buy 148.00 shares at 105.73 on 2024-10-17 17:30:00+00:00
2024-11-11 21:55:23,945 - Long Buy 145.00 shares at 105.66 on 2024-10-17 17:45:00+00:00
2024-11-11 21:55:23,945 - Long Buy 143.00 shares at 105.42 on 2024-10-17 18:00:00+00:00
2024-11-11 21:55:23,945 - Long Buy 140.00 shares at 105.38 on 2024-10-17 18:15:00+00:00
2024-11-11 21:55:23,945 - Sell to close 2605.00 shares at 105.07 on 2024-10-17 18:30:00+00:00 (Exit: Stop_loss, Profit: -1826.930000000104, Duration: 255.0 minutes)
2024-11-11 21:55:23,945 - Short Sell 188.00 shares at 105.75 on 2024-10-18 13:30:00+00:00
2024-11-11 21:55:23,945 - Buy to cover -188.00 shares at 105.21 on 2024-10-18 13:45:00+00:00 (Exit: Profit_take, Profit: 101.52000000000118, Duration: 15.0 minutes)
2024-11-11 21:55:23,945 - Long Buy 190.00 shares at 104.93 on 2024-10-18 14:00:00+00:00
2024-11-11 21:55:23,945 - Sell to close 190.00 shares at 105.62 on 2024-10-18 14:30:00+00:00 (Exit: Profit_take, Profit: 131.09999999999957, Duration: 30.0 minutes)
2024-11-11 21:55:23,945 - Short Sell 189.00 shares at 105.67 on 2024-10-18 14:45:00+00:00
2024-11-11 21:55:23,945 - Short Sell 188.00 shares at 105.89 on 2024-10-18 16:15:00+00:00
2024-11-11 21:55:23,945 - Short Sell 188.00 shares at 105.8 on 2024-10-18 16:30:00+00:00
2024-11-11 21:55:23,945 - Short Sell 188.00 shares at 105.79 on 2024-10-18 17:15:00+00:00
2024-11-11 21:55:23,945 - Short Sell 188.00 shares at 105.81 on 2024-10-18 17:30:00+00:00
2024-11-11 21:55:23,945 - Short Sell 188.00 shares at 105.73 on 2024-10-18 17:45:00+00:00
2024-11-11 21:55:23,945 - Short Sell 188.00 shares at 106.16 on 2024-10-18 18:00:00+00:00
2024-11-11 21:55:23,945 - Short Sell 188.00 shares at 106.05 on 2024-10-18 18:15:00+00:00
2024-11-11 21:55:23,945 - Short Sell 188.00 shares at 106.0 on 2024-10-18 18:30:00+00:00
2024-11-11 21:55:23,945 - Short Sell 188.00 shares at 106.01 on 2024-10-18 18:45:00+00:00
2024-11-11 21:55:23,945 - Short Sell 188.00 shares at 105.97 on 2024-10-18 19:00:00+00:00
2024-11-11 21:55:23,945 - Short Sell 188.00 shares at 106.07 on 2024-10-18 19:15:00+00:00
2024-11-11 21:55:23,945 - Short Sell 188.00 shares at 106.18 on 2024-10-18 19:30:00+00:00
2024-11-11 21:55:23,945 - Short Sell 187.00 shares at 106.41 on 2024-10-18 19:45:00+00:00
2024-11-11 21:55:23,946 - Buy to cover -2632.00 shares at 105.7 on 2024-10-21 15:15:00+00:00 (Exit: Signal, Profit: 702.3799999999533, Duration: 4350.0 minutes)
2024-11-11 21:55:23,946 - Long Buy 188.00 shares at 105.78 on 2024-10-21 16:00:00+00:00
2024-11-11 21:55:23,946 - Long Buy 185.00 shares at 105.72 on 2024-10-21 18:00:00+00:00
2024-11-11 21:55:23,946 - Long Buy 181.00 shares at 105.63 on 2024-10-21 19:30:00+00:00
2024-11-11 21:55:23,946 - Long Buy 178.00 shares at 105.68 on 2024-10-21 19:45:00+00:00
2024-11-11 21:55:23,946 - Sell to close 732.00 shares at 103.69 on 2024-10-22 13:30:00+00:00 (Exit: Stop_loss, Profit: -1473.8300000000077, Duration: 1290.0 minutes)
2024-11-11 21:55:23,946 - Long Buy 193.00 shares at 103.2 on 2024-10-23 15:00:00+00:00
2024-11-11 21:55:23,946 - Long Buy 189.00 shares at 103.32 on 2024-10-23 15:15:00+00:00
2024-11-11 21:55:23,946 - Long Buy 185.00 shares at 103.54 on 2024-10-23 15:30:00+00:00
2024-11-11 21:55:23,946 - Long Buy 180.00 shares at 103.81 on 2024-10-23 15:45:00+00:00
2024-11-11 21:55:23,946 - Long Buy 177.00 shares at 103.64 on 2024-10-23 16:00:00+00:00
2024-11-11 21:55:23,946 - Long Buy 174.00 shares at 103.35 on 2024-10-23 16:15:00+00:00
2024-11-11 21:55:23,946 - Long Buy 171.00 shares at 103.25 on 2024-10-23 16:30:00+00:00
2024-11-11 21:55:23,946 - Long Buy 167.00 shares at 103.53 on 2024-10-23 16:45:00+00:00
2024-11-11 21:55:23,947 - Long Buy 164.00 shares at 103.23 on 2024-10-23 17:00:00+00:00
2024-11-11 21:55:23,947 - Long Buy 161.00 shares at 103.15 on 2024-10-23 17:15:00+00:00
2024-11-11 21:55:23,947 - Long Buy 157.00 shares at 103.38 on 2024-10-23 17:30:00+00:00
2024-11-11 21:55:23,947 - Long Buy 155.00 shares at 103.1 on 2024-10-23 17:45:00+00:00
2024-11-11 21:55:23,947 - Sell to close 2073.00 shares at 102.48 on 2024-10-23 18:00:00+00:00 (Exit: Stop_loss, Profit: -1865.2100000000016, Duration: 180.0 minutes)
2024-11-11 21:55:23,947 - Long Buy 194.00 shares at 102.67 on 2024-10-24 13:30:00+00:00
2024-11-11 21:55:23,947 - Sell to close 194.00 shares at 103.4 on 2024-10-24 13:45:00+00:00 (Exit: Profit_take, Profit: 141.62000000000077, Duration: 15.0 minutes)
2024-11-11 21:55:23,947 - Long Buy 193.00 shares at 102.99 on 2024-10-24 14:00:00+00:00
2024-11-11 21:55:23,947 - Sell to close 193.00 shares at 103.52 on 2024-10-24 14:15:00+00:00 (Exit: Profit_take, Profit: 102.29000000000022, Duration: 15.0 minutes)
2024-11-11 21:55:23,947 - Long Buy 192.00 shares at 103.33 on 2024-10-24 14:30:00+00:00
2024-11-11 21:55:23,947 - Long Buy 188.00 shares at 103.38 on 2024-10-24 14:45:00+00:00
2024-11-11 21:55:23,947 - Long Buy 185.00 shares at 103.19 on 2024-10-24 15:00:00+00:00
2024-11-11 21:55:23,947 - Long Buy 182.00 shares at 102.95 on 2024-10-24 15:15:00+00:00
2024-11-11 21:55:23,947 - Long Buy 178.00 shares at 102.91 on 2024-10-24 15:30:00+00:00
2024-11-11 21:55:23,947 - Long Buy 174.00 shares at 103.16 on 2024-10-24 15:45:00+00:00
2024-11-11 21:55:23,947 - Long Buy 171.00 shares at 102.89 on 2024-10-24 16:00:00+00:00
2024-11-11 21:55:23,947 - Sell to close 1270.00 shares at 103.35 on 2024-10-24 16:30:00+00:00 (Exit: Signal, Profit: 290.6399999999928, Duration: 120.0 minutes)
2024-11-11 21:55:23,947 - Short Sell 192.00 shares at 103.43 on 2024-10-24 16:45:00+00:00
2024-11-11 21:55:23,947 - Short Sell 192.00 shares at 103.36 on 2024-10-24 17:00:00+00:00
2024-11-11 21:55:23,947 - Short Sell 192.00 shares at 103.41 on 2024-10-24 17:15:00+00:00
2024-11-11 21:55:23,947 - Buy to cover -576.00 shares at 102.83 on 2024-10-24 18:15:00+00:00 (Exit: Profit_take, Profit: 328.32000000000426, Duration: 90.0 minutes)
2024-11-11 21:55:23,947 - Long Buy 194.00 shares at 102.76 on 2024-10-24 18:30:00+00:00
2024-11-11 21:55:23,947 - Long Buy 190.00 shares at 102.85 on 2024-10-24 18:45:00+00:00
2024-11-11 21:55:23,948 - Long Buy 186.00 shares at 102.66 on 2024-10-25 13:30:00+00:00
2024-11-11 21:55:23,948 - Long Buy 183.00 shares at 102.39 on 2024-10-25 13:45:00+00:00
2024-11-11 21:55:23,948 - Sell to close 753.00 shares at 103.24 on 2024-10-25 14:30:00+00:00 (Exit: Profit_take, Profit: 430.6500000000035, Duration: 1200.0 minutes)
2024-11-11 21:55:23,948 - Long Buy 194.00 shares at 102.59 on 2024-10-25 17:00:00+00:00
2024-11-11 21:55:23,948 - Long Buy 190.00 shares at 102.65 on 2024-10-25 17:15:00+00:00
2024-11-11 21:55:23,948 - Long Buy 187.00 shares at 102.29 on 2024-10-25 17:30:00+00:00
2024-11-11 21:55:23,948 - Long Buy 183.00 shares at 102.4 on 2024-10-25 17:45:00+00:00
2024-11-11 21:55:23,948 - Long Buy 179.00 shares at 102.28 on 2024-10-25 18:00:00+00:00
2024-11-11 21:55:23,948 - Long Buy 175.00 shares at 102.49 on 2024-10-25 18:15:00+00:00
2024-11-11 21:55:23,948 - Long Buy 172.00 shares at 102.39 on 2024-10-25 18:30:00+00:00
2024-11-11 21:55:23,948 - Long Buy 168.00 shares at 102.56 on 2024-10-25 18:45:00+00:00
2024-11-11 21:55:23,948 - Long Buy 165.00 shares at 102.38 on 2024-10-25 19:00:00+00:00
2024-11-11 21:55:23,948 - Long Buy 162.00 shares at 102.41 on 2024-10-25 19:15:00+00:00
2024-11-11 21:55:23,948 - Long Buy 159.00 shares at 102.18 on 2024-10-25 19:30:00+00:00
2024-11-11 21:55:23,948 - Long Buy 156.00 shares at 101.98 on 2024-10-25 19:45:00+00:00
2024-11-11 21:55:23,948 - Sell to close 2090.00 shares at 103.42 on 2024-10-28 13:30:00+00:00 (Exit: Profit_take, Profit: 2150.760000000019, Duration: 4110.0 minutes)
2024-11-11 21:55:23,948 - Short Sell 192.00 shares at 103.93 on 2024-10-28 13:45:00+00:00
2024-11-11 21:55:23,948 - Short Sell 193.00 shares at 103.53 on 2024-10-28 14:00:00+00:00
2024-11-11 21:55:23,948 - Short Sell 191.00 shares at 104.15 on 2024-10-28 14:15:00+00:00
2024-11-11 21:55:23,948 - Short Sell 192.00 shares at 104.03 on 2024-10-28 14:30:00+00:00
2024-11-11 21:55:23,948 - Short Sell 191.00 shares at 104.18 on 2024-10-28 14:45:00+00:00
2024-11-11 21:55:23,948 - Short Sell 192.00 shares at 103.98 on 2024-10-28 15:00:00+00:00
2024-11-11 21:55:23,948 - Short Sell 192.00 shares at 103.88 on 2024-10-28 15:15:00+00:00
2024-11-11 21:55:23,948 - Short Sell 193.00 shares at 103.58 on 2024-10-28 15:30:00+00:00
2024-11-11 21:55:23,948 - Buy to cover -1536.00 shares at 103.33 on 2024-10-28 15:45:00+00:00 (Exit: Profit_take, Profit: 885.8200000000143, Duration: 120.0 minutes)
2024-11-11 21:55:23,949 - Short Sell 193.00 shares at 103.37 on 2024-10-28 16:00:00+00:00
2024-11-11 21:55:23,949 - Short Sell 193.00 shares at 103.48 on 2024-10-28 16:15:00+00:00
2024-11-11 21:55:23,949 - Buy to cover -386.00 shares at 102.84 on 2024-10-28 17:30:00+00:00 (Exit: Profit_take, Profit: 225.81000000000307, Duration: 90.0 minutes)
2024-11-11 21:55:23,949 - Long Buy 194.00 shares at 102.9 on 2024-10-28 18:00:00+00:00
2024-11-11 21:55:23,949 - Long Buy 190.00 shares at 102.91 on 2024-10-28 18:15:00+00:00
2024-11-11 21:55:23,949 - Long Buy 187.00 shares at 102.74 on 2024-10-28 18:30:00+00:00
2024-11-11 21:55:23,949 - Sell to close 571.00 shares at 91.34 on 2024-10-29 13:30:00+00:00 (Exit: Stop_loss, Profit: -6572.739999999997, Duration: 1170.0 minutes)
2024-11-11 21:55:23,949 - Short Sell 210.00 shares at 94.67 on 2024-10-30 13:30:00+00:00
2024-11-11 21:55:23,949 - Buy to cover -210.00 shares at 95.86 on 2024-10-30 13:45:00+00:00 (Exit: Stop_loss, Profit: -249.89999999999952, Duration: 15.0 minutes)
2024-11-11 21:55:23,950 - Long Buy 212.00 shares at 93.55 on 2024-10-31 13:30:00+00:00
2024-11-11 21:55:23,950 - Long Buy 209.00 shares at 93.02 on 2024-10-31 14:00:00+00:00
2024-11-11 21:55:23,950 - Long Buy 205.00 shares at 93.03 on 2024-10-31 14:15:00+00:00
2024-11-11 21:55:23,950 - Long Buy 200.00 shares at 93.24 on 2024-10-31 14:30:00+00:00
2024-11-11 21:55:23,950 - Long Buy 197.00 shares at 93.08 on 2024-10-31 14:45:00+00:00
2024-11-11 21:55:23,950 - Long Buy 193.00 shares at 93.07 on 2024-10-31 15:00:00+00:00
2024-11-11 21:55:23,950 - Long Buy 188.00 shares at 93.29 on 2024-10-31 15:15:00+00:00
2024-11-11 21:55:23,950 - Long Buy 185.00 shares at 93.26 on 2024-10-31 15:30:00+00:00
2024-11-11 21:55:23,950 - Sell to close 1589.00 shares at 93.67 on 2024-10-31 18:45:00+00:00 (Exit: Profit_take, Profit: 757.8100000000231, Duration: 315.0 minutes)
2024-11-11 21:55:23,950 - Short Sell 210.00 shares at 94.41 on 2024-11-01 14:30:00+00:00
2024-11-11 21:55:23,950 - Short Sell 210.00 shares at 94.38 on 2024-11-01 14:45:00+00:00
2024-11-11 21:55:23,950 - Short Sell 210.00 shares at 94.34 on 2024-11-01 15:15:00+00:00
2024-11-11 21:55:23,950 - Buy to cover -630.00 shares at 93.85 on 2024-11-01 15:45:00+00:00 (Exit: Profit_take, Profit: 331.8000000000026, Duration: 75.0 minutes)
2024-11-11 21:55:23,950 - Long Buy 213.00 shares at 93.18 on 2024-11-01 17:30:00+00:00
2024-11-11 21:55:23,950 - Long Buy 209.00 shares at 93.22 on 2024-11-01 17:45:00+00:00
2024-11-11 21:55:23,950 - Long Buy 204.00 shares at 93.24 on 2024-11-01 18:00:00+00:00
2024-11-11 21:55:23,951 - Sell to close 626.00 shares at 93.77 on 2024-11-01 19:00:00+00:00 (Exit: Profit_take, Profit: 348.7399999999995, Duration: 90.0 minutes)
2024-11-11 21:55:23,951 - Short Sell 208.00 shares at 95.41 on 2024-11-04 14:30:00+00:00
2024-11-11 21:55:23,951 - Short Sell 208.00 shares at 95.66 on 2024-11-04 14:45:00+00:00
2024-11-11 21:55:23,951 - Short Sell 208.00 shares at 95.4 on 2024-11-04 15:00:00+00:00
2024-11-11 21:55:23,951 - Short Sell 208.00 shares at 95.28 on 2024-11-04 15:15:00+00:00
2024-11-11 21:55:23,951 - Short Sell 208.00 shares at 95.29 on 2024-11-04 15:30:00+00:00
2024-11-11 21:55:23,951 - Buy to cover -1040.00 shares at 94.8 on 2024-11-04 15:45:00+00:00 (Exit: Profit_take, Profit: 632.3200000000043, Duration: 75.0 minutes)
2024-11-11 21:55:23,951 - Short Sell 209.00 shares at 95.29 on 2024-11-04 16:00:00+00:00
2024-11-11 21:55:23,951 - Buy to cover -209.00 shares at 94.74 on 2024-11-04 17:00:00+00:00 (Exit: Profit_take, Profit: 114.95000000000238, Duration: 60.0 minutes)
2024-11-11 21:55:23,951 - Short Sell 208.00 shares at 95.72 on 2024-11-05 15:30:00+00:00
2024-11-11 21:55:23,951 - Buy to cover -208.00 shares at 95.08 on 2024-11-05 15:45:00+00:00 (Exit: Profit_take, Profit: 133.12000000000012, Duration: 15.0 minutes)
2024-11-11 21:55:23,951 - Short Sell 209.00 shares at 95.27 on 2024-11-05 17:30:00+00:00
2024-11-11 21:55:23,951 - Short Sell 208.00 shares at 95.46 on 2024-11-05 17:45:00+00:00
2024-11-11 21:55:23,951 - Short Sell 208.00 shares at 95.5 on 2024-11-05 18:00:00+00:00
2024-11-11 21:55:23,951 - Short Sell 208.00 shares at 95.6 on 2024-11-05 18:15:00+00:00
2024-11-11 21:55:23,952 - Short Sell 207.00 shares at 96.0 on 2024-11-05 18:30:00+00:00
2024-11-11 21:55:23,952 - Short Sell 207.00 shares at 96.12 on 2024-11-05 18:45:00+00:00
2024-11-11 21:55:23,952 - Short Sell 206.00 shares at 96.19 on 2024-11-05 19:00:00+00:00
2024-11-11 21:55:23,952 - Short Sell 207.00 shares at 96.08 on 2024-11-05 19:15:00+00:00
2024-11-11 21:55:23,952 - Short Sell 206.00 shares at 96.21 on 2024-11-05 19:30:00+00:00
2024-11-11 21:55:23,952 - Buy to cover -1866.00 shares at 96.51 on 2024-11-05 19:45:00+00:00 (Exit: Stop_loss, Profit: -1279.949999999998, Duration: 135.0 minutes)
2024-11-11 21:55:23,952 - Long Buy 215.00 shares at 92.38 on 2024-11-06 14:30:00+00:00
2024-11-11 21:55:23,952 - Long Buy 210.00 shares at 92.61 on 2024-11-06 14:45:00+00:00
2024-11-11 21:55:23,952 - Long Buy 207.00 shares at 92.33 on 2024-11-06 15:00:00+00:00
2024-11-11 21:55:23,952 - Long Buy 204.00 shares at 91.79 on 2024-11-06 15:15:00+00:00
2024-11-11 21:55:23,952 - Sell to close 836.00 shares at 91.22 on 2024-11-06 15:30:00+00:00 (Exit: Stop_loss, Profit: -887.3500000000076, Duration: 60.0 minutes)
2024-11-11 21:55:23,952 - Short Sell 213.00 shares at 92.93 on 2024-11-07 14:30:00+00:00
2024-11-11 21:55:23,952 - Short Sell 213.00 shares at 93.3 on 2024-11-07 14:45:00+00:00
2024-11-11 21:55:23,952 - Short Sell 212.00 shares at 93.47 on 2024-11-07 15:00:00+00:00
2024-11-11 21:55:23,952 - Short Sell 211.00 shares at 93.75 on 2024-11-07 15:15:00+00:00
2024-11-11 21:55:23,952 - Short Sell 212.00 shares at 93.45 on 2024-11-07 15:30:00+00:00
2024-11-11 21:55:23,952 - Buy to cover -1061.00 shares at 92.79 on 2024-11-07 15:45:00+00:00 (Exit: Profit_take, Profit: 625.0899999999917, Duration: 75.0 minutes)
2024-11-11 21:55:23,952 - Short Sell 215.00 shares at 92.44 on 2024-11-07 17:45:00+00:00
2024-11-11 21:55:23,952 - Short Sell 214.00 shares at 92.55 on 2024-11-07 18:45:00+00:00
2024-11-11 21:55:23,953 - Short Sell 214.00 shares at 92.7 on 2024-11-07 19:15:00+00:00
2024-11-11 21:55:23,953 - Buy to cover -643.00 shares at 92.46 on 2024-11-07 19:30:00+00:00 (Exit: Signal, Profit: 66.32000000000743, Duration: 105.0 minutes)
2024-11-11 21:55:23,953 - Long Buy 215.00 shares at 92.23 on 2024-11-07 20:30:00+00:00
2024-11-11 21:55:23,953 - Long Buy 212.00 shares at 91.85 on 2024-11-07 20:45:00+00:00
2024-11-11 21:55:23,953 - Long Buy 207.00 shares at 91.92 on 2024-11-08 14:30:00+00:00
2024-11-11 21:55:23,953 - Long Buy 203.00 shares at 92.21 on 2024-11-08 14:45:00+00:00
2024-11-11 21:55:23,953 - Sell to close 837.00 shares at 92.67 on 2024-11-08 15:15:00+00:00 (Exit: Profit_take, Profit: 517.0699999999963, Duration: 1125.0 minutes)
2024-11-11 21:55:23,953 - Long Buy 216.00 shares at 91.77 on 2024-11-08 15:45:00+00:00
2024-11-11 21:55:23,953 - Long Buy 212.00 shares at 91.63 on 2024-11-08 16:00:00+00:00
2024-11-11 21:55:23,953 - Long Buy 209.00 shares at 91.45 on 2024-11-08 16:15:00+00:00
2024-11-11 21:55:23,953 - Long Buy 205.00 shares at 91.09 on 2024-11-08 16:30:00+00:00
2024-11-11 21:55:23,953 - Long Buy 201.00 shares at 91.05 on 2024-11-08 16:45:00+00:00
2024-11-11 21:55:23,953 - Sell to close 1043.00 shares at 90.58 on 2024-11-08 17:00:00+00:00 (Exit: Stop_loss, Profit: -860.4899999999948, Duration: 75.0 minutes)
2024-11-11 21:55:23,955 - Final statisticsStock: SWK, 
total_trades: 33, 
winning_trades: 23, 
losing_trades: 10, 
average_return: -0.0024593075604554546, 
average_duration: 637.2727272727273, 
final_balance: 994401.0700000001, 
final_portfolio_value: 994401.0700000001, 
sharpe_ratio: 2.58081697962145, 



