2024-11-11 10:16:45,972 - Starting GBMStrategy with initial capital: 1000000
2024-11-11 10:16:45,972 - Hyperparameters: {'threshold': 1, 'time_periods': 30, 'num_simulations': 150}
2024-11-11 10:18:11,286 - Long Buy 186.00 shares at 107.48 on 2024-10-11 14:30:00+00:00
2024-11-11 10:18:11,288 - Long Buy 182.00 shares at 107.69 on 2024-10-11 14:45:00+00:00
2024-11-11 10:18:11,288 - Long Buy 178.00 shares at 107.81 on 2024-10-11 15:00:00+00:00
2024-11-11 10:18:11,288 - Long Buy 174.00 shares at 107.81 on 2024-10-11 15:15:00+00:00
2024-11-11 10:18:11,288 - Long Buy 171.00 shares at 107.77 on 2024-10-11 15:45:00+00:00
2024-11-11 10:18:11,288 - Long Buy 168.00 shares at 107.53 on 2024-10-11 16:00:00+00:00
2024-11-11 10:18:11,288 - Long Buy 164.00 shares at 107.51 on 2024-10-11 16:15:00+00:00
2024-11-11 10:18:11,288 - Long Buy 161.00 shares at 107.35 on 2024-10-11 16:30:00+00:00
2024-11-11 10:18:11,288 - Long Buy 158.00 shares at 107.5 on 2024-10-11 16:45:00+00:00
2024-11-11 10:18:11,288 - Long Buy 155.00 shares at 107.32 on 2024-10-11 17:00:00+00:00
2024-11-11 10:18:11,288 - Long Buy 152.00 shares at 107.5 on 2024-10-11 17:15:00+00:00
2024-11-11 10:18:11,288 - Long Buy 149.00 shares at 107.5 on 2024-10-11 17:30:00+00:00
2024-11-11 10:18:11,288 - Long Buy 146.00 shares at 107.48 on 2024-10-11 17:45:00+00:00
2024-11-11 10:18:11,288 - Long Buy 143.00 shares at 107.35 on 2024-10-11 18:00:00+00:00
2024-11-11 10:18:11,288 - Long Buy 140.00 shares at 107.35 on 2024-10-11 18:15:00+00:00
2024-11-11 10:18:11,288 - Long Buy 137.00 shares at 107.36 on 2024-10-11 18:30:00+00:00
2024-11-11 10:18:11,288 - Long Buy 134.00 shares at 107.31 on 2024-10-11 18:45:00+00:00
2024-11-11 10:18:11,288 - Long Buy 132.00 shares at 107.38 on 2024-10-11 19:00:00+00:00
2024-11-11 10:18:11,288 - Long Buy 129.00 shares at 107.36 on 2024-10-11 19:15:00+00:00
2024-11-11 10:18:11,288 - Long Buy 126.00 shares at 107.49 on 2024-10-11 19:30:00+00:00
2024-11-11 10:18:11,288 - Long Buy 124.00 shares at 107.0 on 2024-10-14 13:30:00+00:00
2024-11-11 10:18:11,288 - Long Buy 122.00 shares at 107.29 on 2024-10-14 13:45:00+00:00
2024-11-11 10:18:11,288 - Long Buy 119.00 shares at 107.7 on 2024-10-14 14:15:00+00:00
2024-11-11 10:18:11,289 - Sell to close 3450.00 shares at 108.56 on 2024-10-14 14:45:00+00:00 (Exit: Signal, Profit: 3705.210000000084, Duration: 4335.0 minutes)
2024-11-11 10:18:11,289 - Short Sell 184.00 shares at 108.78 on 2024-10-14 15:00:00+00:00
2024-11-11 10:18:11,289 - Short Sell 184.00 shares at 108.55 on 2024-10-14 15:15:00+00:00
2024-11-11 10:18:11,289 - Buy to cover -368.00 shares at 108.52 on 2024-10-14 15:30:00+00:00 (Exit: Signal, Profit: 53.360000000003765, Duration: 30.0 minutes)
2024-11-11 10:18:11,289 - Short Sell 184.00 shares at 108.65 on 2024-10-14 15:45:00+00:00
2024-11-11 10:18:11,289 - Buy to cover -184.00 shares at 108.4 on 2024-10-14 16:00:00+00:00 (Exit: Signal, Profit: 46.0, Duration: 15.0 minutes)
2024-11-11 10:18:11,289 - Short Sell 184.00 shares at 108.72 on 2024-10-14 16:15:00+00:00
2024-11-11 10:18:11,289 - Short Sell 184.00 shares at 108.94 on 2024-10-14 18:00:00+00:00
2024-11-11 10:18:11,290 - Short Sell 184.00 shares at 108.91 on 2024-10-14 18:15:00+00:00
2024-11-11 10:18:11,290 - Short Sell 184.00 shares at 108.91 on 2024-10-14 18:30:00+00:00
2024-11-11 10:18:11,290 - Short Sell 183.00 shares at 109.55 on 2024-10-15 13:30:00+00:00
2024-11-11 10:18:11,290 - Short Sell 183.00 shares at 109.19 on 2024-10-15 13:45:00+00:00
2024-11-11 10:18:11,290 - Short Sell 183.00 shares at 109.49 on 2024-10-15 14:00:00+00:00
2024-11-11 10:18:11,290 - Short Sell 183.00 shares at 109.61 on 2024-10-15 14:15:00+00:00
2024-11-11 10:18:11,290 - Short Sell 183.00 shares at 109.28 on 2024-10-15 14:30:00+00:00
2024-11-11 10:18:11,290 - Short Sell 183.00 shares at 109.38 on 2024-10-15 14:45:00+00:00
2024-11-11 10:18:11,290 - Short Sell 183.00 shares at 109.59 on 2024-10-15 15:00:00+00:00
2024-11-11 10:18:11,290 - Short Sell 182.00 shares at 109.76 on 2024-10-15 15:15:00+00:00
2024-11-11 10:18:11,290 - Short Sell 182.00 shares at 109.84 on 2024-10-15 15:30:00+00:00
2024-11-11 10:18:11,290 - Short Sell 182.00 shares at 109.68 on 2024-10-15 15:45:00+00:00
2024-11-11 10:18:11,290 - Short Sell 182.00 shares at 109.69 on 2024-10-15 16:00:00+00:00
2024-11-11 10:18:11,290 - Short Sell 182.00 shares at 109.72 on 2024-10-15 16:15:00+00:00
2024-11-11 10:18:11,290 - Buy to cover -2927.00 shares at 109.33 on 2024-10-15 16:30:00+00:00 (Exit: Signal, Profit: 175.45999999999395, Duration: 1455.0 minutes)
2024-11-11 10:18:11,290 - Long Buy 183.00 shares at 109.23 on 2024-10-15 16:45:00+00:00
2024-11-11 10:18:11,290 - Long Buy 180.00 shares at 108.96 on 2024-10-15 17:00:00+00:00
2024-11-11 10:18:11,290 - Long Buy 177.00 shares at 108.92 on 2024-10-15 17:15:00+00:00
2024-11-11 10:18:11,290 - Long Buy 173.00 shares at 109.09 on 2024-10-15 17:30:00+00:00
2024-11-11 10:18:11,290 - Long Buy 170.00 shares at 108.93 on 2024-10-15 17:45:00+00:00
2024-11-11 10:18:11,290 - Long Buy 167.00 shares at 108.16 on 2024-10-15 18:00:00+00:00
2024-11-11 10:18:11,290 - Long Buy 164.00 shares at 107.98 on 2024-10-15 18:15:00+00:00
2024-11-11 10:18:11,290 - Long Buy 161.00 shares at 107.93 on 2024-10-15 18:30:00+00:00
2024-11-11 10:18:11,290 - Long Buy 158.00 shares at 107.83 on 2024-10-15 18:45:00+00:00
2024-11-11 10:18:11,291 - Long Buy 155.00 shares at 107.39 on 2024-10-15 19:00:00+00:00
2024-11-11 10:18:11,291 - Long Buy 152.00 shares at 107.48 on 2024-10-15 19:15:00+00:00
2024-11-11 10:18:11,291 - Long Buy 149.00 shares at 107.59 on 2024-10-15 19:30:00+00:00
2024-11-11 10:18:11,291 - Long Buy 147.00 shares at 107.12 on 2024-10-15 19:45:00+00:00
2024-11-11 10:18:11,291 - Long Buy 143.00 shares at 108.0 on 2024-10-16 13:30:00+00:00
2024-11-11 10:18:11,291 - Long Buy 140.00 shares at 108.16 on 2024-10-16 13:45:00+00:00
2024-11-11 10:18:11,291 - Long Buy 137.00 shares at 108.12 on 2024-10-16 14:00:00+00:00
2024-11-11 10:18:11,291 - Long Buy 135.00 shares at 107.55 on 2024-10-16 14:15:00+00:00
2024-11-11 10:18:11,291 - Long Buy 132.00 shares at 107.35 on 2024-10-16 14:30:00+00:00
2024-11-11 10:18:11,291 - Long Buy 130.00 shares at 107.32 on 2024-10-16 14:45:00+00:00
2024-11-11 10:18:11,291 - Long Buy 127.00 shares at 107.2 on 2024-10-16 15:00:00+00:00
2024-11-11 10:18:11,291 - Long Buy 125.00 shares at 106.8 on 2024-10-16 15:15:00+00:00
2024-11-11 10:18:11,291 - Long Buy 123.00 shares at 106.68 on 2024-10-16 15:30:00+00:00
2024-11-11 10:18:11,291 - Long Buy 120.00 shares at 106.91 on 2024-10-16 15:45:00+00:00
2024-11-11 10:18:11,291 - Long Buy 118.00 shares at 106.98 on 2024-10-16 16:00:00+00:00
2024-11-11 10:18:11,291 - Long Buy 115.00 shares at 106.88 on 2024-10-16 16:15:00+00:00
2024-11-11 10:18:11,291 - Long Buy 113.00 shares at 106.79 on 2024-10-16 16:30:00+00:00
2024-11-11 10:18:11,291 - Long Buy 111.00 shares at 106.51 on 2024-10-16 16:45:00+00:00
2024-11-11 10:18:11,291 - Long Buy 109.00 shares at 106.26 on 2024-10-16 17:00:00+00:00
2024-11-11 10:18:11,291 - Long Buy 107.00 shares at 106.55 on 2024-10-16 17:15:00+00:00
2024-11-11 10:18:11,291 - Sell to close 4121.00 shares at 106.71 on 2024-10-16 17:30:00+00:00 (Exit: Signal, Profit: -4207.800000000022, Duration: 1485.0 minutes)
2024-11-11 10:18:11,291 - Short Sell 187.00 shares at 106.62 on 2024-10-16 17:45:00+00:00
2024-11-11 10:18:11,291 - Short Sell 187.00 shares at 106.65 on 2024-10-16 18:00:00+00:00
2024-11-11 10:18:11,291 - Short Sell 187.00 shares at 106.83 on 2024-10-16 18:15:00+00:00
2024-11-11 10:18:11,291 - Buy to cover -561.00 shares at 106.26 on 2024-10-16 19:15:00+00:00 (Exit: Signal, Profit: 246.83999999999872, Duration: 90.0 minutes)
2024-11-11 10:18:11,292 - Long Buy 188.00 shares at 106.35 on 2024-10-16 19:45:00+00:00
2024-11-11 10:18:11,292 - Long Buy 184.00 shares at 106.05 on 2024-10-17 14:15:00+00:00
2024-11-11 10:18:11,292 - Long Buy 180.00 shares at 106.16 on 2024-10-17 14:30:00+00:00
2024-11-11 10:18:11,292 - Long Buy 177.00 shares at 106.27 on 2024-10-17 14:45:00+00:00
2024-11-11 10:18:11,292 - Long Buy 174.00 shares at 105.89 on 2024-10-17 15:00:00+00:00
2024-11-11 10:18:11,292 - Long Buy 171.00 shares at 105.59 on 2024-10-17 15:15:00+00:00
2024-11-11 10:18:11,292 - Long Buy 167.00 shares at 105.53 on 2024-10-17 15:30:00+00:00
2024-11-11 10:18:11,292 - Long Buy 164.00 shares at 105.53 on 2024-10-17 15:45:00+00:00
2024-11-11 10:18:11,292 - Long Buy 161.00 shares at 105.69 on 2024-10-17 16:00:00+00:00
2024-11-11 10:18:11,292 - Long Buy 157.00 shares at 105.88 on 2024-10-17 16:15:00+00:00
2024-11-11 10:18:11,292 - Long Buy 154.00 shares at 105.95 on 2024-10-17 16:30:00+00:00
2024-11-11 10:18:11,292 - Long Buy 151.00 shares at 105.96 on 2024-10-17 16:45:00+00:00
2024-11-11 10:18:11,292 - Long Buy 148.00 shares at 105.98 on 2024-10-17 17:00:00+00:00
2024-11-11 10:18:11,292 - Long Buy 145.00 shares at 105.79 on 2024-10-17 17:15:00+00:00
2024-11-11 10:18:11,292 - Long Buy 142.00 shares at 105.73 on 2024-10-17 17:30:00+00:00
2024-11-11 10:18:11,292 - Long Buy 139.00 shares at 105.66 on 2024-10-17 17:45:00+00:00
2024-11-11 10:18:11,292 - Long Buy 137.00 shares at 105.42 on 2024-10-17 18:00:00+00:00
2024-11-11 10:18:11,292 - Long Buy 134.00 shares at 105.38 on 2024-10-17 18:15:00+00:00
2024-11-11 10:18:11,292 - Long Buy 132.00 shares at 105.07 on 2024-10-17 18:30:00+00:00
2024-11-11 10:18:11,292 - Long Buy 129.00 shares at 104.95 on 2024-10-17 18:45:00+00:00
2024-11-11 10:18:11,292 - Long Buy 127.00 shares at 105.08 on 2024-10-17 19:00:00+00:00
2024-11-11 10:18:11,292 - Long Buy 124.00 shares at 104.87 on 2024-10-17 19:15:00+00:00
2024-11-11 10:18:11,292 - Long Buy 122.00 shares at 104.84 on 2024-10-17 19:30:00+00:00
2024-11-11 10:18:11,292 - Long Buy 119.00 shares at 105.14 on 2024-10-17 19:45:00+00:00
2024-11-11 10:18:11,292 - Sell to close 3626.00 shares at 105.75 on 2024-10-18 13:30:00+00:00 (Exit: Signal, Profit: 309.80000000012205, Duration: 2505.0 minutes)
2024-11-11 10:18:11,293 - Long Buy 190.00 shares at 105.21 on 2024-10-18 13:45:00+00:00
2024-11-11 10:18:11,293 - Long Buy 186.00 shares at 104.93 on 2024-10-18 14:00:00+00:00
2024-11-11 10:18:11,293 - Long Buy 182.00 shares at 105.23 on 2024-10-18 14:15:00+00:00
2024-11-11 10:18:11,293 - Sell to close 558.00 shares at 105.62 on 2024-10-18 14:30:00+00:00 (Exit: Signal, Profit: 277.22000000000423, Duration: 45.0 minutes)
2024-11-11 10:18:11,293 - Short Sell 189.00 shares at 105.67 on 2024-10-18 14:45:00+00:00
2024-11-11 10:18:11,293 - Short Sell 189.00 shares at 105.6 on 2024-10-18 15:00:00+00:00
2024-11-11 10:18:11,293 - Short Sell 188.00 shares at 105.89 on 2024-10-18 16:15:00+00:00
2024-11-11 10:18:11,293 - Short Sell 189.00 shares at 105.8 on 2024-10-18 16:30:00+00:00
2024-11-11 10:18:11,293 - Short Sell 189.00 shares at 105.65 on 2024-10-18 16:45:00+00:00
2024-11-11 10:18:11,293 - Short Sell 189.00 shares at 105.79 on 2024-10-18 17:15:00+00:00
2024-11-11 10:18:11,293 - Short Sell 189.00 shares at 105.81 on 2024-10-18 17:30:00+00:00
2024-11-11 10:18:11,293 - Short Sell 189.00 shares at 105.73 on 2024-10-18 17:45:00+00:00
2024-11-11 10:18:11,293 - Short Sell 188.00 shares at 106.16 on 2024-10-18 18:00:00+00:00
2024-11-11 10:18:11,293 - Short Sell 188.00 shares at 106.05 on 2024-10-18 18:15:00+00:00
2024-11-11 10:18:11,293 - Short Sell 188.00 shares at 106.0 on 2024-10-18 18:30:00+00:00
2024-11-11 10:18:11,293 - Short Sell 188.00 shares at 106.01 on 2024-10-18 18:45:00+00:00
2024-11-11 10:18:11,293 - Short Sell 188.00 shares at 105.97 on 2024-10-18 19:00:00+00:00
2024-11-11 10:18:11,293 - Short Sell 188.00 shares at 106.07 on 2024-10-18 19:15:00+00:00
2024-11-11 10:18:11,293 - Short Sell 188.00 shares at 106.18 on 2024-10-18 19:30:00+00:00
2024-11-11 10:18:11,293 - Short Sell 187.00 shares at 106.41 on 2024-10-18 19:45:00+00:00
2024-11-11 10:18:11,293 - Buy to cover -3014.00 shares at 105.98 on 2024-10-21 13:30:00+00:00 (Exit: Signal, Profit: -169.55999999999742, Duration: 4245.0 minutes)
2024-11-11 10:18:11,294 - Long Buy 189.00 shares at 105.7 on 2024-10-21 15:15:00+00:00
2024-11-11 10:18:11,294 - Long Buy 185.00 shares at 105.78 on 2024-10-21 16:00:00+00:00
2024-11-11 10:18:11,294 - Long Buy 181.00 shares at 105.83 on 2024-10-21 16:15:00+00:00
2024-11-11 10:18:11,294 - Long Buy 178.00 shares at 105.72 on 2024-10-21 18:00:00+00:00
2024-11-11 10:18:11,294 - Long Buy 174.00 shares at 105.8 on 2024-10-21 18:45:00+00:00
2024-11-11 10:18:11,294 - Long Buy 171.00 shares at 105.63 on 2024-10-21 19:30:00+00:00
2024-11-11 10:18:11,294 - Long Buy 167.00 shares at 105.68 on 2024-10-21 19:45:00+00:00
2024-11-11 10:18:11,294 - Long Buy 167.00 shares at 103.69 on 2024-10-22 13:30:00+00:00
2024-11-11 10:18:11,294 - Long Buy 163.00 shares at 104.13 on 2024-10-22 13:45:00+00:00
2024-11-11 10:18:11,294 - Sell to close 1575.00 shares at 104.46 on 2024-10-22 14:00:00+00:00 (Exit: Signal, Profit: -1405.40000000004, Duration: 1365.0 minutes)
2024-11-11 10:18:11,294 - Long Buy 192.00 shares at 103.91 on 2024-10-22 14:30:00+00:00
2024-11-11 10:18:11,294 - Long Buy 188.00 shares at 103.69 on 2024-10-22 14:45:00+00:00
2024-11-11 10:18:11,294 - Long Buy 185.00 shares at 103.72 on 2024-10-22 15:00:00+00:00
2024-11-11 10:18:11,294 - Long Buy 181.00 shares at 103.79 on 2024-10-22 15:15:00+00:00
2024-11-11 10:18:11,294 - Long Buy 177.00 shares at 103.65 on 2024-10-22 15:30:00+00:00
2024-11-11 10:18:11,294 - Sell to close 923.00 shares at 104.46 on 2024-10-22 16:00:00+00:00 (Exit: Signal, Profit: 651.8999999999844, Duration: 90.0 minutes)
2024-11-11 10:18:11,294 - Short Sell 191.00 shares at 104.62 on 2024-10-22 16:15:00+00:00
2024-11-11 10:18:11,294 - Short Sell 190.00 shares at 104.85 on 2024-10-22 16:30:00+00:00
2024-11-11 10:18:11,295 - Short Sell 191.00 shares at 104.63 on 2024-10-22 16:45:00+00:00
2024-11-11 10:18:11,295 - Short Sell 191.00 shares at 104.65 on 2024-10-22 17:00:00+00:00
2024-11-11 10:18:11,295 - Short Sell 190.00 shares at 104.74 on 2024-10-22 17:15:00+00:00
2024-11-11 10:18:11,295 - Short Sell 190.00 shares at 105.02 on 2024-10-22 17:30:00+00:00
2024-11-11 10:18:11,295 - Short Sell 190.00 shares at 104.77 on 2024-10-22 17:45:00+00:00
2024-11-11 10:18:11,295 - Short Sell 190.00 shares at 104.89 on 2024-10-22 18:00:00+00:00
2024-11-11 10:18:11,295 - Short Sell 190.00 shares at 105.02 on 2024-10-22 18:15:00+00:00
2024-11-11 10:18:11,295 - Short Sell 189.00 shares at 105.28 on 2024-10-22 18:30:00+00:00
2024-11-11 10:18:11,295 - Short Sell 190.00 shares at 105.06 on 2024-10-22 18:45:00+00:00
2024-11-11 10:18:11,295 - Short Sell 190.00 shares at 105.0 on 2024-10-22 19:00:00+00:00
2024-11-11 10:18:11,295 - Short Sell 191.00 shares at 104.41 on 2024-10-22 19:15:00+00:00
2024-11-11 10:18:11,295 - Short Sell 191.00 shares at 104.7 on 2024-10-22 19:30:00+00:00
2024-11-11 10:18:11,295 - Short Sell 190.00 shares at 104.81 on 2024-10-22 19:45:00+00:00
2024-11-11 10:18:11,295 - Buy to cover -2854.00 shares at 103.2 on 2024-10-23 15:00:00+00:00 (Exit: Signal, Profit: 4650.430000000013, Duration: 1365.0 minutes)
2024-11-11 10:18:11,295 - Long Buy 194.00 shares at 103.32 on 2024-10-23 15:15:00+00:00
2024-11-11 10:18:11,295 - Long Buy 190.00 shares at 103.54 on 2024-10-23 15:30:00+00:00
2024-11-11 10:18:11,295 - Long Buy 185.00 shares at 103.81 on 2024-10-23 15:45:00+00:00
2024-11-11 10:18:11,295 - Long Buy 182.00 shares at 103.64 on 2024-10-23 16:00:00+00:00
2024-11-11 10:18:11,295 - Long Buy 179.00 shares at 103.35 on 2024-10-23 16:15:00+00:00
2024-11-11 10:18:11,295 - Long Buy 175.00 shares at 103.25 on 2024-10-23 16:30:00+00:00
2024-11-11 10:18:11,295 - Long Buy 171.00 shares at 103.53 on 2024-10-23 16:45:00+00:00
2024-11-11 10:18:11,295 - Long Buy 168.00 shares at 103.23 on 2024-10-23 17:00:00+00:00
2024-11-11 10:18:11,295 - Long Buy 165.00 shares at 103.15 on 2024-10-23 17:15:00+00:00
2024-11-11 10:18:11,295 - Long Buy 162.00 shares at 103.38 on 2024-10-23 17:30:00+00:00
2024-11-11 10:18:11,295 - Long Buy 159.00 shares at 103.1 on 2024-10-23 17:45:00+00:00
2024-11-11 10:18:11,296 - Long Buy 157.00 shares at 102.48 on 2024-10-23 18:00:00+00:00
2024-11-11 10:18:11,296 - Long Buy 153.00 shares at 102.46 on 2024-10-23 18:15:00+00:00
2024-11-11 10:18:11,296 - Long Buy 150.00 shares at 102.81 on 2024-10-23 18:30:00+00:00
2024-11-11 10:18:11,296 - Long Buy 147.00 shares at 102.78 on 2024-10-23 18:45:00+00:00
2024-11-11 10:18:11,296 - Long Buy 144.00 shares at 102.94 on 2024-10-23 19:00:00+00:00
2024-11-11 10:18:11,296 - Long Buy 141.00 shares at 103.1 on 2024-10-23 19:15:00+00:00
2024-11-11 10:18:11,296 - Long Buy 138.00 shares at 103.16 on 2024-10-23 19:30:00+00:00
2024-11-11 10:18:11,296 - Long Buy 135.00 shares at 103.28 on 2024-10-23 19:45:00+00:00
2024-11-11 10:18:11,296 - Long Buy 133.00 shares at 102.67 on 2024-10-24 13:30:00+00:00
2024-11-11 10:18:11,296 - Long Buy 129.00 shares at 103.4 on 2024-10-24 13:45:00+00:00
2024-11-11 10:18:11,296 - Long Buy 127.00 shares at 102.99 on 2024-10-24 14:00:00+00:00
2024-11-11 10:18:11,296 - Long Buy 124.00 shares at 103.52 on 2024-10-24 14:15:00+00:00
2024-11-11 10:18:11,296 - Long Buy 122.00 shares at 103.33 on 2024-10-24 14:30:00+00:00
2024-11-11 10:18:11,296 - Long Buy 119.00 shares at 103.38 on 2024-10-24 14:45:00+00:00
2024-11-11 10:18:11,296 - Long Buy 117.00 shares at 103.19 on 2024-10-24 15:00:00+00:00
2024-11-11 10:18:11,296 - Long Buy 115.00 shares at 102.95 on 2024-10-24 15:15:00+00:00
2024-11-11 10:18:11,296 - Long Buy 113.00 shares at 102.91 on 2024-10-24 15:30:00+00:00
2024-11-11 10:18:11,296 - Long Buy 110.00 shares at 103.16 on 2024-10-24 15:45:00+00:00
2024-11-11 10:18:11,296 - Long Buy 108.00 shares at 102.89 on 2024-10-24 16:00:00+00:00
2024-11-11 10:18:11,296 - Sell to close 4412.00 shares at 103.23 on 2024-10-24 16:15:00+00:00 (Exit: Signal, Profit: 237.20000000012828, Duration: 1500.0 minutes)
2024-11-11 10:18:11,296 - Short Sell 194.00 shares at 103.35 on 2024-10-24 16:30:00+00:00
2024-11-11 10:18:11,296 - Short Sell 194.00 shares at 103.43 on 2024-10-24 16:45:00+00:00
2024-11-11 10:18:11,296 - Short Sell 194.00 shares at 103.36 on 2024-10-24 17:00:00+00:00
2024-11-11 10:18:11,296 - Short Sell 194.00 shares at 103.41 on 2024-10-24 17:15:00+00:00
2024-11-11 10:18:11,296 - Short Sell 194.00 shares at 103.34 on 2024-10-24 17:30:00+00:00
2024-11-11 10:18:11,296 - Buy to cover -970.00 shares at 102.83 on 2024-10-24 18:15:00+00:00 (Exit: Signal, Profit: 531.5600000000018, Duration: 105.0 minutes)
2024-11-11 10:18:11,297 - Long Buy 195.00 shares at 102.76 on 2024-10-24 18:30:00+00:00
2024-11-11 10:18:11,297 - Long Buy 191.00 shares at 102.85 on 2024-10-24 18:45:00+00:00
2024-11-11 10:18:11,297 - Long Buy 187.00 shares at 102.89 on 2024-10-24 19:45:00+00:00
2024-11-11 10:18:11,297 - Long Buy 184.00 shares at 102.66 on 2024-10-25 13:30:00+00:00
2024-11-11 10:18:11,297 - Long Buy 181.00 shares at 102.39 on 2024-10-25 13:45:00+00:00
2024-11-11 10:18:11,297 - Long Buy 176.00 shares at 102.83 on 2024-10-25 15:15:00+00:00
2024-11-11 10:18:11,297 - Long Buy 173.00 shares at 102.81 on 2024-10-25 15:30:00+00:00
2024-11-11 10:18:11,297 - Long Buy 170.00 shares at 102.59 on 2024-10-25 17:00:00+00:00
2024-11-11 10:18:11,297 - Long Buy 166.00 shares at 102.65 on 2024-10-25 17:15:00+00:00
2024-11-11 10:18:11,297 - Long Buy 163.00 shares at 102.29 on 2024-10-25 17:30:00+00:00
2024-11-11 10:18:11,297 - Long Buy 160.00 shares at 102.4 on 2024-10-25 17:45:00+00:00
2024-11-11 10:18:11,297 - Long Buy 157.00 shares at 102.28 on 2024-10-25 18:00:00+00:00
2024-11-11 10:18:11,297 - Long Buy 154.00 shares at 102.49 on 2024-10-25 18:15:00+00:00
2024-11-11 10:18:11,297 - Long Buy 151.00 shares at 102.39 on 2024-10-25 18:30:00+00:00
2024-11-11 10:18:11,297 - Long Buy 147.00 shares at 102.56 on 2024-10-25 18:45:00+00:00
2024-11-11 10:18:11,297 - Long Buy 145.00 shares at 102.38 on 2024-10-25 19:00:00+00:00
2024-11-11 10:18:11,297 - Long Buy 142.00 shares at 102.41 on 2024-10-25 19:15:00+00:00
2024-11-11 10:18:11,297 - Long Buy 139.00 shares at 102.18 on 2024-10-25 19:30:00+00:00
2024-11-11 10:18:11,297 - Long Buy 137.00 shares at 101.98 on 2024-10-25 19:45:00+00:00
2024-11-11 10:18:11,297 - Sell to close 3118.00 shares at 103.42 on 2024-10-28 13:30:00+00:00 (Exit: Signal, Profit: 2756.6400000000813, Duration: 5460.0 minutes)
2024-11-11 10:18:11,297 - Short Sell 193.00 shares at 103.93 on 2024-10-28 13:45:00+00:00
2024-11-11 10:18:11,298 - Short Sell 194.00 shares at 103.53 on 2024-10-28 14:00:00+00:00
2024-11-11 10:18:11,298 - Short Sell 193.00 shares at 104.15 on 2024-10-28 14:15:00+00:00
2024-11-11 10:18:11,298 - Short Sell 193.00 shares at 104.03 on 2024-10-28 14:30:00+00:00
2024-11-11 10:18:11,298 - Short Sell 193.00 shares at 104.18 on 2024-10-28 14:45:00+00:00
2024-11-11 10:18:11,298 - Short Sell 193.00 shares at 103.98 on 2024-10-28 15:00:00+00:00
2024-11-11 10:18:11,298 - Short Sell 194.00 shares at 103.88 on 2024-10-28 15:15:00+00:00
2024-11-11 10:18:11,298 - Short Sell 194.00 shares at 103.58 on 2024-10-28 15:30:00+00:00
2024-11-11 10:18:11,298 - Short Sell 195.00 shares at 103.33 on 2024-10-28 15:45:00+00:00
2024-11-11 10:18:11,298 - Short Sell 195.00 shares at 103.37 on 2024-10-28 16:00:00+00:00
2024-11-11 10:18:11,298 - Short Sell 194.00 shares at 103.48 on 2024-10-28 16:15:00+00:00
2024-11-11 10:18:11,298 - Short Sell 195.00 shares at 103.18 on 2024-10-28 16:30:00+00:00
2024-11-11 10:18:11,298 - Short Sell 195.00 shares at 103.17 on 2024-10-28 16:45:00+00:00
2024-11-11 10:18:11,298 - Buy to cover -2521.00 shares at 102.9 on 2024-10-28 18:00:00+00:00 (Exit: Signal, Profit: 1953.1399999999617, Duration: 255.0 minutes)
2024-11-11 10:18:11,298 - Long Buy 196.00 shares at 102.91 on 2024-10-28 18:15:00+00:00
2024-11-11 10:18:11,298 - Long Buy 192.00 shares at 102.74 on 2024-10-28 18:30:00+00:00
2024-11-11 10:18:11,298 - Long Buy 188.00 shares at 102.9 on 2024-10-28 18:45:00+00:00
2024-11-11 10:18:11,298 - Sell to close 576.00 shares at 91.34 on 2024-10-29 13:30:00+00:00 (Exit: Stop_loss, Profit: -6629.799999999997, Duration: 1155.0 minutes)
2024-11-11 10:18:11,299 - Short Sell 211.00 shares at 94.67 on 2024-10-30 13:30:00+00:00
2024-11-11 10:18:11,299 - Short Sell 209.00 shares at 95.86 on 2024-10-30 13:45:00+00:00
2024-11-11 10:18:11,299 - Short Sell 211.00 shares at 95.0 on 2024-10-30 14:00:00+00:00
2024-11-11 10:18:11,299 - Short Sell 210.00 shares at 95.46 on 2024-10-30 14:15:00+00:00
2024-11-11 10:18:11,299 - Short Sell 211.00 shares at 94.91 on 2024-10-30 14:30:00+00:00
2024-11-11 10:18:11,299 - Short Sell 213.00 shares at 94.26 on 2024-10-30 14:45:00+00:00
2024-11-11 10:18:11,299 - Short Sell 211.00 shares at 94.7 on 2024-10-30 15:00:00+00:00
2024-11-11 10:18:11,299 - Short Sell 212.00 shares at 94.67 on 2024-10-30 15:15:00+00:00
2024-11-11 10:18:11,299 - Short Sell 211.00 shares at 94.81 on 2024-10-30 15:30:00+00:00
2024-11-11 10:18:11,299 - Short Sell 211.00 shares at 95.05 on 2024-10-30 15:45:00+00:00
2024-11-11 10:18:11,299 - Short Sell 211.00 shares at 94.77 on 2024-10-30 16:00:00+00:00
2024-11-11 10:18:11,299 - Short Sell 211.00 shares at 94.88 on 2024-10-30 16:15:00+00:00
2024-11-11 10:18:11,299 - Short Sell 211.00 shares at 94.81 on 2024-10-30 16:30:00+00:00
2024-11-11 10:18:11,299 - Short Sell 211.00 shares at 94.74 on 2024-10-30 16:45:00+00:00
2024-11-11 10:18:11,299 - Short Sell 211.00 shares at 94.91 on 2024-10-30 17:00:00+00:00
2024-11-11 10:18:11,299 - Short Sell 211.00 shares at 94.98 on 2024-10-30 17:15:00+00:00
2024-11-11 10:18:11,299 - Short Sell 211.00 shares at 94.85 on 2024-10-30 17:30:00+00:00
2024-11-11 10:18:11,299 - Short Sell 212.00 shares at 94.56 on 2024-10-30 17:45:00+00:00
2024-11-11 10:18:11,299 - Short Sell 212.00 shares at 94.65 on 2024-10-30 18:00:00+00:00
2024-11-11 10:18:11,299 - Short Sell 213.00 shares at 94.34 on 2024-10-30 18:15:00+00:00
2024-11-11 10:18:11,299 - Short Sell 212.00 shares at 94.4 on 2024-10-30 18:30:00+00:00
2024-11-11 10:18:11,299 - Short Sell 212.00 shares at 94.4 on 2024-10-30 18:45:00+00:00
2024-11-11 10:18:11,299 - Short Sell 212.00 shares at 94.4 on 2024-10-30 19:00:00+00:00
2024-11-11 10:18:11,299 - Short Sell 212.00 shares at 94.46 on 2024-10-30 19:15:00+00:00
2024-11-11 10:18:11,299 - Short Sell 213.00 shares at 94.17 on 2024-10-30 19:30:00+00:00
2024-11-11 10:18:11,299 - Buy to cover -5285.00 shares at 93.55 on 2024-10-31 13:30:00+00:00 (Exit: Signal, Profit: 6325.95999999989, Duration: 1440.0 minutes)
2024-11-11 10:18:11,300 - Long Buy 215.00 shares at 93.74 on 2024-10-31 13:45:00+00:00
2024-11-11 10:18:11,300 - Long Buy 212.00 shares at 93.02 on 2024-10-31 14:00:00+00:00
2024-11-11 10:18:11,300 - Long Buy 208.00 shares at 93.03 on 2024-10-31 14:15:00+00:00
2024-11-11 10:18:11,300 - Long Buy 203.00 shares at 93.24 on 2024-10-31 14:30:00+00:00
2024-11-11 10:18:11,300 - Long Buy 200.00 shares at 93.08 on 2024-10-31 14:45:00+00:00
2024-11-11 10:18:11,300 - Long Buy 196.00 shares at 93.07 on 2024-10-31 15:00:00+00:00
2024-11-11 10:18:11,300 - Long Buy 191.00 shares at 93.29 on 2024-10-31 15:15:00+00:00
2024-11-11 10:18:11,300 - Long Buy 188.00 shares at 93.26 on 2024-10-31 15:30:00+00:00
2024-11-11 10:18:11,300 - Long Buy 184.00 shares at 93.36 on 2024-10-31 15:45:00+00:00
2024-11-11 10:18:11,300 - Long Buy 180.00 shares at 93.31 on 2024-10-31 16:00:00+00:00
2024-11-11 10:18:11,300 - Long Buy 177.00 shares at 92.92 on 2024-10-31 19:45:00+00:00
2024-11-11 10:18:11,300 - Sell to close 2154.00 shares at 94.41 on 2024-11-01 14:30:00+00:00 (Exit: Signal, Profit: 2576.970000000016, Duration: 1485.0 minutes)
2024-11-11 10:18:11,300 - Short Sell 214.00 shares at 94.38 on 2024-11-01 14:45:00+00:00
2024-11-11 10:18:11,300 - Short Sell 214.00 shares at 94.28 on 2024-11-01 15:00:00+00:00
2024-11-11 10:18:11,300 - Short Sell 214.00 shares at 94.34 on 2024-11-01 15:15:00+00:00
2024-11-11 10:18:11,301 - Buy to cover -642.00 shares at 93.61 on 2024-11-01 16:45:00+00:00 (Exit: Signal, Profit: 464.3800000000065, Duration: 120.0 minutes)
2024-11-11 10:18:11,301 - Long Buy 216.00 shares at 93.59 on 2024-11-01 17:00:00+00:00
2024-11-11 10:18:11,301 - Long Buy 212.00 shares at 93.61 on 2024-11-01 17:15:00+00:00
2024-11-11 10:18:11,301 - Long Buy 208.00 shares at 93.18 on 2024-11-01 17:30:00+00:00
2024-11-11 10:18:11,301 - Long Buy 204.00 shares at 93.22 on 2024-11-01 17:45:00+00:00
2024-11-11 10:18:11,301 - Long Buy 200.00 shares at 93.24 on 2024-11-01 18:00:00+00:00
2024-11-11 10:18:11,301 - Long Buy 195.00 shares at 93.46 on 2024-11-01 18:15:00+00:00
2024-11-11 10:18:11,301 - Long Buy 192.00 shares at 93.31 on 2024-11-01 19:30:00+00:00
2024-11-11 10:18:11,301 - Long Buy 188.00 shares at 93.36 on 2024-11-01 19:45:00+00:00
2024-11-11 10:18:11,301 - Sell to close 1615.00 shares at 95.41 on 2024-11-04 14:30:00+00:00 (Exit: Signal, Profit: 3288.170000000012, Duration: 4170.0 minutes)
2024-11-11 10:18:11,301 - Short Sell 212.00 shares at 95.66 on 2024-11-04 14:45:00+00:00
2024-11-11 10:18:11,301 - Short Sell 212.00 shares at 95.4 on 2024-11-04 15:00:00+00:00
2024-11-11 10:18:11,301 - Short Sell 213.00 shares at 95.28 on 2024-11-04 15:15:00+00:00
2024-11-11 10:18:11,301 - Short Sell 213.00 shares at 95.29 on 2024-11-04 15:30:00+00:00
2024-11-11 10:18:11,301 - Short Sell 214.00 shares at 94.8 on 2024-11-04 15:45:00+00:00
2024-11-11 10:18:11,301 - Short Sell 213.00 shares at 95.29 on 2024-11-04 16:00:00+00:00
2024-11-11 10:18:11,301 - Short Sell 214.00 shares at 94.9 on 2024-11-04 16:15:00+00:00
2024-11-11 10:18:11,301 - Short Sell 214.00 shares at 94.9 on 2024-11-04 16:30:00+00:00
2024-11-11 10:18:11,302 - Short Sell 212.00 shares at 95.46 on 2024-11-05 14:45:00+00:00
2024-11-11 10:18:11,302 - Short Sell 212.00 shares at 95.5 on 2024-11-05 15:15:00+00:00
2024-11-11 10:18:11,302 - Short Sell 212.00 shares at 95.72 on 2024-11-05 15:30:00+00:00
2024-11-11 10:18:11,302 - Short Sell 213.00 shares at 95.27 on 2024-11-05 17:30:00+00:00
2024-11-11 10:18:11,302 - Short Sell 212.00 shares at 95.46 on 2024-11-05 17:45:00+00:00
2024-11-11 10:18:11,302 - Short Sell 212.00 shares at 95.5 on 2024-11-05 18:00:00+00:00
2024-11-11 10:18:11,302 - Short Sell 212.00 shares at 95.6 on 2024-11-05 18:15:00+00:00
2024-11-11 10:18:11,302 - Short Sell 211.00 shares at 96.0 on 2024-11-05 18:30:00+00:00
2024-11-11 10:18:11,302 - Short Sell 210.00 shares at 96.12 on 2024-11-05 18:45:00+00:00
2024-11-11 10:18:11,302 - Short Sell 210.00 shares at 96.19 on 2024-11-05 19:00:00+00:00
2024-11-11 10:18:11,302 - Short Sell 210.00 shares at 96.08 on 2024-11-05 19:15:00+00:00
2024-11-11 10:18:11,302 - Short Sell 210.00 shares at 96.21 on 2024-11-05 19:30:00+00:00
2024-11-11 10:18:11,302 - Short Sell 209.00 shares at 96.51 on 2024-11-05 19:45:00+00:00
2024-11-11 10:18:11,302 - Short Sell 209.00 shares at 96.52 on 2024-11-05 20:00:00+00:00
2024-11-11 10:18:11,302 - Short Sell 209.00 shares at 96.64 on 2024-11-05 20:15:00+00:00
2024-11-11 10:18:11,302 - Short Sell 209.00 shares at 96.67 on 2024-11-05 20:30:00+00:00
2024-11-11 10:18:11,302 - Short Sell 209.00 shares at 96.69 on 2024-11-05 20:45:00+00:00
2024-11-11 10:18:11,302 - Buy to cover -5286.00 shares at 92.38 on 2024-11-06 14:30:00+00:00 (Exit: Profit_take, Profit: 17771.28000000006, Duration: 2865.0 minutes)
2024-11-11 10:18:11,302 - Long Buy 223.00 shares at 92.61 on 2024-11-06 14:45:00+00:00
2024-11-11 10:18:11,302 - Long Buy 219.00 shares at 92.33 on 2024-11-06 15:00:00+00:00
2024-11-11 10:18:11,302 - Long Buy 216.00 shares at 91.79 on 2024-11-06 15:15:00+00:00
2024-11-11 10:18:11,302 - Long Buy 213.00 shares at 91.22 on 2024-11-06 15:30:00+00:00
2024-11-11 10:18:11,302 - Long Buy 209.00 shares at 90.93 on 2024-11-06 15:45:00+00:00
2024-11-11 10:18:11,303 - Long Buy 204.00 shares at 91.18 on 2024-11-06 16:00:00+00:00
2024-11-11 10:18:11,303 - Long Buy 199.00 shares at 91.66 on 2024-11-06 16:15:00+00:00
2024-11-11 10:18:11,303 - Long Buy 196.00 shares at 91.21 on 2024-11-06 16:30:00+00:00
2024-11-11 10:18:11,303 - Long Buy 192.00 shares at 91.3 on 2024-11-06 16:45:00+00:00
2024-11-11 10:18:11,303 - Long Buy 189.00 shares at 91.1 on 2024-11-06 17:00:00+00:00
2024-11-11 10:18:11,303 - Long Buy 187.00 shares at 90.08 on 2024-11-06 17:15:00+00:00
2024-11-11 10:18:11,303 - Long Buy 183.00 shares at 90.42 on 2024-11-06 17:30:00+00:00
2024-11-11 10:18:11,303 - Long Buy 178.00 shares at 90.92 on 2024-11-06 17:45:00+00:00
2024-11-11 10:18:11,303 - Long Buy 174.00 shares at 91.42 on 2024-11-06 18:00:00+00:00
2024-11-11 10:18:11,303 - Long Buy 170.00 shares at 91.65 on 2024-11-06 18:15:00+00:00
2024-11-11 10:18:11,303 - Long Buy 167.00 shares at 91.22 on 2024-11-06 18:30:00+00:00
2024-11-11 10:18:11,303 - Long Buy 164.00 shares at 91.27 on 2024-11-06 18:45:00+00:00
2024-11-11 10:18:11,303 - Long Buy 161.00 shares at 91.0 on 2024-11-06 19:00:00+00:00
2024-11-11 10:18:11,303 - Long Buy 158.00 shares at 90.7 on 2024-11-06 19:15:00+00:00
2024-11-11 10:18:11,303 - Long Buy 155.00 shares at 90.89 on 2024-11-06 19:30:00+00:00
2024-11-11 10:18:11,303 - Long Buy 152.00 shares at 90.61 on 2024-11-06 19:45:00+00:00
2024-11-11 10:18:11,303 - Long Buy 148.00 shares at 91.2 on 2024-11-06 20:00:00+00:00
2024-11-11 10:18:11,303 - Long Buy 145.00 shares at 91.19 on 2024-11-06 20:15:00+00:00
2024-11-11 10:18:11,303 - Sell to close 4202.00 shares at 92.93 on 2024-11-07 14:30:00+00:00 (Exit: Signal, Profit: 7065.37000000004, Duration: 1425.0 minutes)
2024-11-11 10:18:11,303 - Short Sell 223.00 shares at 93.3 on 2024-11-07 14:45:00+00:00
2024-11-11 10:18:11,303 - Short Sell 222.00 shares at 93.47 on 2024-11-07 15:00:00+00:00
2024-11-11 10:18:11,303 - Short Sell 221.00 shares at 93.75 on 2024-11-07 15:15:00+00:00
2024-11-11 10:18:11,303 - Short Sell 222.00 shares at 93.45 on 2024-11-07 15:30:00+00:00
2024-11-11 10:18:11,303 - Short Sell 224.00 shares at 92.79 on 2024-11-07 15:45:00+00:00
2024-11-11 10:18:11,303 - Short Sell 225.00 shares at 92.28 on 2024-11-07 16:00:00+00:00
2024-11-11 10:18:11,303 - Short Sell 225.00 shares at 92.28 on 2024-11-07 17:00:00+00:00
2024-11-11 10:18:11,304 - Short Sell 225.00 shares at 92.28 on 2024-11-07 17:15:00+00:00
2024-11-11 10:18:11,304 - Short Sell 225.00 shares at 92.34 on 2024-11-07 17:30:00+00:00
2024-11-11 10:18:11,304 - Short Sell 225.00 shares at 92.44 on 2024-11-07 17:45:00+00:00
2024-11-11 10:18:11,304 - Short Sell 225.00 shares at 92.41 on 2024-11-07 18:00:00+00:00
2024-11-11 10:18:11,304 - Short Sell 225.00 shares at 92.41 on 2024-11-07 18:30:00+00:00
2024-11-11 10:18:11,304 - Short Sell 225.00 shares at 92.55 on 2024-11-07 18:45:00+00:00
2024-11-11 10:18:11,304 - Short Sell 225.00 shares at 92.33 on 2024-11-07 19:00:00+00:00
2024-11-11 10:18:11,304 - Short Sell 224.00 shares at 92.7 on 2024-11-07 19:15:00+00:00
2024-11-11 10:18:11,304 - Buy to cover -3361.00 shares at 92.46 on 2024-11-07 19:30:00+00:00 (Exit: Signal, Profit: 859.5900000000812, Duration: 285.0 minutes)
2024-11-11 10:18:11,304 - Short Sell 224.00 shares at 92.95 on 2024-11-07 20:00:00+00:00
2024-11-11 10:18:11,304 - Buy to cover -224.00 shares at 92.23 on 2024-11-07 20:30:00+00:00 (Exit: Signal, Profit: 161.27999999999975, Duration: 30.0 minutes)
2024-11-11 10:18:11,304 - Long Buy 226.00 shares at 91.85 on 2024-11-07 20:45:00+00:00
2024-11-11 10:18:11,304 - Long Buy 222.00 shares at 91.92 on 2024-11-08 14:30:00+00:00
2024-11-11 10:18:11,304 - Long Buy 217.00 shares at 92.21 on 2024-11-08 14:45:00+00:00
2024-11-11 10:18:11,304 - Long Buy 213.00 shares at 91.77 on 2024-11-08 15:45:00+00:00
2024-11-11 10:18:11,304 - Long Buy 209.00 shares at 91.63 on 2024-11-08 16:00:00+00:00
2024-11-11 10:18:11,304 - Long Buy 205.00 shares at 91.45 on 2024-11-08 16:15:00+00:00
2024-11-11 10:18:11,304 - Long Buy 202.00 shares at 91.09 on 2024-11-08 16:30:00+00:00
2024-11-11 10:18:11,304 - Long Buy 198.00 shares at 91.05 on 2024-11-08 16:45:00+00:00
2024-11-11 10:18:11,304 - Long Buy 195.00 shares at 90.58 on 2024-11-08 17:00:00+00:00
2024-11-11 10:18:11,304 - Long Buy 192.00 shares at 90.41 on 2024-11-08 17:15:00+00:00
2024-11-11 10:18:11,304 - Long Buy 188.00 shares at 90.35 on 2024-11-08 17:30:00+00:00
2024-11-11 10:18:11,304 - Long Buy 184.00 shares at 90.26 on 2024-11-08 17:45:00+00:00
2024-11-11 10:18:11,305 - Long Buy 181.00 shares at 90.16 on 2024-11-08 18:00:00+00:00
2024-11-11 10:18:11,305 - Long Buy 176.00 shares at 90.8 on 2024-11-08 18:15:00+00:00
2024-11-11 10:18:11,305 - Long Buy 173.00 shares at 90.49 on 2024-11-08 18:30:00+00:00
2024-11-11 10:18:11,305 - Long Buy 170.00 shares at 90.33 on 2024-11-08 18:45:00+00:00
2024-11-11 10:18:11,305 - Long Buy 167.00 shares at 90.33 on 2024-11-08 19:00:00+00:00
2024-11-11 10:18:11,305 - Long Buy 163.00 shares at 90.28 on 2024-11-08 19:15:00+00:00
2024-11-11 10:18:11,305 - Long Buy 160.00 shares at 90.27 on 2024-11-08 19:30:00+00:00
2024-11-11 10:18:11,305 - Long Buy 157.00 shares at 90.32 on 2024-11-08 19:45:00+00:00
2024-11-11 10:18:11,305 - Long Buy 154.00 shares at 90.01 on 2024-11-08 20:00:00+00:00
2024-11-11 10:18:11,305 - Long Buy 151.00 shares at 90.08 on 2024-11-08 20:15:00+00:00
2024-11-11 10:18:11,305 - Long Buy 148.00 shares at 89.96 on 2024-11-08 20:30:00+00:00
2024-11-11 10:18:11,306 - Holding 4251.0 shares as an open position at the end with unrealized return: -0.007411745299862575, Duration: 1440.0 minutes
2024-11-11 10:18:11,307 - Final statisticsStock: SWK, 
total_trades: 26, 
winning_trades: 21, 
losing_trades: 5, 
average_return: 0.0018956524708224913, 
average_duration: 1490.7692307692307, 
final_balance: 655520.3000000005, 
final_portfolio_value: 1038832.9700000004, 
sharpe_ratio: 7.39792415868697, 



