2024-11-10 20:48:40,784 - Starting GBMStrategy with initial capital: 1000000
2024-11-10 20:48:40,784 - Hyperparameters: {'threshold': 0.5, 'time_periods': 15, 'num_simulations': 150}
2024-11-10 20:54:27,197 - Short Sell 187.00 shares at 106.71 on 2024-10-10 17:15:00+00:00
2024-11-10 20:54:27,198 - Short Sell 187.00 shares at 106.62 on 2024-10-10 17:30:00+00:00
2024-11-10 20:54:27,199 - Buy to cover -374.00 shares at 106.44 on 2024-10-10 18:00:00+00:00 (Exit: Signal, Profit: 84.1500000000085, Duration: 45.0 minutes)
2024-11-10 20:54:27,199 - Long Buy 187.00 shares at 106.42 on 2024-10-10 18:30:00+00:00
2024-11-10 20:54:27,199 - Long Buy 184.00 shares at 106.41 on 2024-10-10 18:45:00+00:00
2024-11-10 20:54:27,199 - Long Buy 180.00 shares at 106.34 on 2024-10-10 19:15:00+00:00
2024-11-10 20:54:27,199 - Sell to close 551.00 shares at 106.84 on 2024-10-10 19:45:00+00:00 (Exit: Signal, Profit: 247.66000000001048, Duration: 75.0 minutes)
2024-11-10 20:54:27,199 - Short Sell 186.00 shares at 107.34 on 2024-10-11 13:30:00+00:00
2024-11-10 20:54:27,199 - Short Sell 186.00 shares at 107.22 on 2024-10-11 13:45:00+00:00
2024-11-10 20:54:27,199 - Short Sell 186.00 shares at 107.52 on 2024-10-11 14:00:00+00:00
2024-11-10 20:54:27,199 - Short Sell 185.00 shares at 107.92 on 2024-10-11 14:15:00+00:00
2024-11-10 20:54:27,199 - Buy to cover -743.00 shares at 107.48 on 2024-10-11 14:30:00+00:00 (Exit: Signal, Profit: 14.44000000000301, Duration: 60.0 minutes)
2024-11-10 20:54:27,199 - Long Buy 185.00 shares at 107.69 on 2024-10-11 14:45:00+00:00
2024-11-10 20:54:27,199 - Long Buy 181.00 shares at 107.81 on 2024-10-11 15:00:00+00:00
2024-11-10 20:54:27,199 - Long Buy 178.00 shares at 107.81 on 2024-10-11 15:15:00+00:00
2024-11-10 20:54:27,199 - Long Buy 174.00 shares at 107.77 on 2024-10-11 15:45:00+00:00
2024-11-10 20:54:27,199 - Long Buy 171.00 shares at 107.53 on 2024-10-11 16:00:00+00:00
2024-11-10 20:54:27,199 - Long Buy 168.00 shares at 107.51 on 2024-10-11 16:15:00+00:00
2024-11-10 20:54:27,200 - Long Buy 165.00 shares at 107.35 on 2024-10-11 16:30:00+00:00
2024-11-10 20:54:27,200 - Long Buy 161.00 shares at 107.5 on 2024-10-11 16:45:00+00:00
2024-11-10 20:54:27,200 - Long Buy 158.00 shares at 107.32 on 2024-10-11 17:00:00+00:00
2024-11-10 20:54:27,200 - Long Buy 155.00 shares at 107.5 on 2024-10-11 17:15:00+00:00
2024-11-10 20:54:27,200 - Long Buy 152.00 shares at 107.5 on 2024-10-11 17:30:00+00:00
2024-11-10 20:54:27,200 - Long Buy 149.00 shares at 107.48 on 2024-10-11 17:45:00+00:00
2024-11-10 20:54:27,200 - Long Buy 146.00 shares at 107.35 on 2024-10-11 18:00:00+00:00
2024-11-10 20:54:27,200 - Long Buy 143.00 shares at 107.35 on 2024-10-11 18:15:00+00:00
2024-11-10 20:54:27,200 - Long Buy 140.00 shares at 107.31 on 2024-10-11 18:45:00+00:00
2024-11-10 20:54:27,200 - Sell to close 2426.00 shares at 107.49 on 2024-10-11 19:30:00+00:00 (Exit: Signal, Profit: -98.37000000000907, Duration: 285.0 minutes)
2024-11-10 20:54:27,200 - Short Sell 185.00 shares at 107.96 on 2024-10-11 19:45:00+00:00
2024-11-10 20:54:27,200 - Buy to cover -185.00 shares at 107.0 on 2024-10-14 13:30:00+00:00 (Exit: Signal, Profit: 177.59999999999883, Duration: 3945.0 minutes)
2024-11-10 20:54:27,200 - Long Buy 186.00 shares at 107.29 on 2024-10-14 13:45:00+00:00
2024-11-10 20:54:27,200 - Sell to close 186.00 shares at 107.9 on 2024-10-14 14:00:00+00:00 (Exit: Signal, Profit: 113.4599999999999, Duration: 15.0 minutes)
2024-11-10 20:54:27,200 - Short Sell 185.00 shares at 107.7 on 2024-10-14 14:15:00+00:00
2024-11-10 20:54:27,200 - Short Sell 185.00 shares at 108.05 on 2024-10-14 14:30:00+00:00
2024-11-10 20:54:27,200 - Short Sell 184.00 shares at 108.56 on 2024-10-14 14:45:00+00:00
2024-11-10 20:54:27,200 - Short Sell 183.00 shares at 108.78 on 2024-10-14 15:00:00+00:00
2024-11-10 20:54:27,200 - Short Sell 184.00 shares at 108.55 on 2024-10-14 15:15:00+00:00
2024-11-10 20:54:27,200 - Buy to cover -921.00 shares at 108.52 on 2024-10-14 15:30:00+00:00 (Exit: Signal, Profit: -178.1899999999992, Duration: 75.0 minutes)
2024-11-10 20:54:27,200 - Short Sell 184.00 shares at 108.65 on 2024-10-14 15:45:00+00:00
2024-11-10 20:54:27,200 - Buy to cover -184.00 shares at 108.4 on 2024-10-14 16:00:00+00:00 (Exit: Signal, Profit: 46.0, Duration: 15.0 minutes)
2024-11-10 20:54:27,200 - Short Sell 184.00 shares at 108.72 on 2024-10-14 16:15:00+00:00
2024-11-10 20:54:27,200 - Short Sell 184.00 shares at 108.64 on 2024-10-14 16:45:00+00:00
2024-11-10 20:54:27,200 - Short Sell 184.00 shares at 108.65 on 2024-10-14 17:00:00+00:00
2024-11-10 20:54:27,200 - Short Sell 184.00 shares at 108.65 on 2024-10-14 17:15:00+00:00
2024-11-10 20:54:27,201 - Short Sell 184.00 shares at 108.69 on 2024-10-14 17:30:00+00:00
2024-11-10 20:54:27,201 - Short Sell 184.00 shares at 108.71 on 2024-10-14 17:45:00+00:00
2024-11-10 20:54:27,201 - Short Sell 183.00 shares at 108.94 on 2024-10-14 18:00:00+00:00
2024-11-10 20:54:27,201 - Short Sell 183.00 shares at 108.91 on 2024-10-14 18:15:00+00:00
2024-11-10 20:54:27,201 - Short Sell 183.00 shares at 108.91 on 2024-10-14 18:30:00+00:00
2024-11-10 20:54:27,201 - Short Sell 183.00 shares at 108.78 on 2024-10-14 18:45:00+00:00
2024-11-10 20:54:27,201 - Short Sell 184.00 shares at 108.72 on 2024-10-14 19:00:00+00:00
2024-11-10 20:54:27,201 - Buy to cover -2020.00 shares at 108.66 on 2024-10-14 19:15:00+00:00 (Exit: Signal, Profit: 194.1400000000013, Duration: 180.0 minutes)
2024-11-10 20:54:27,201 - Long Buy 184.00 shares at 108.44 on 2024-10-14 19:30:00+00:00
2024-11-10 20:54:27,201 - Sell to close 184.00 shares at 108.84 on 2024-10-14 19:45:00+00:00 (Exit: Signal, Profit: 73.60000000000105, Duration: 15.0 minutes)
2024-11-10 20:54:27,201 - Short Sell 182.00 shares at 109.55 on 2024-10-15 13:30:00+00:00
2024-11-10 20:54:27,201 - Short Sell 183.00 shares at 109.19 on 2024-10-15 13:45:00+00:00
2024-11-10 20:54:27,201 - Short Sell 182.00 shares at 109.49 on 2024-10-15 14:00:00+00:00
2024-11-10 20:54:27,201 - Short Sell 182.00 shares at 109.61 on 2024-10-15 14:15:00+00:00
2024-11-10 20:54:27,201 - Short Sell 183.00 shares at 109.28 on 2024-10-15 14:30:00+00:00
2024-11-10 20:54:27,201 - Short Sell 182.00 shares at 109.38 on 2024-10-15 14:45:00+00:00
2024-11-10 20:54:27,201 - Short Sell 182.00 shares at 109.59 on 2024-10-15 15:00:00+00:00
2024-11-10 20:54:27,201 - Short Sell 182.00 shares at 109.76 on 2024-10-15 15:15:00+00:00
2024-11-10 20:54:27,201 - Short Sell 182.00 shares at 109.84 on 2024-10-15 15:30:00+00:00
2024-11-10 20:54:27,201 - Short Sell 182.00 shares at 109.68 on 2024-10-15 15:45:00+00:00
2024-11-10 20:54:27,201 - Short Sell 182.00 shares at 109.69 on 2024-10-15 16:00:00+00:00
2024-11-10 20:54:27,201 - Short Sell 182.00 shares at 109.72 on 2024-10-15 16:15:00+00:00
2024-11-10 20:54:27,201 - Buy to cover -2186.00 shares at 109.33 on 2024-10-15 16:30:00+00:00 (Exit: Signal, Profit: 513.0500000000351, Duration: 180.0 minutes)
2024-11-10 20:54:27,201 - Long Buy 183.00 shares at 109.23 on 2024-10-15 16:45:00+00:00
2024-11-10 20:54:27,201 - Long Buy 180.00 shares at 108.96 on 2024-10-15 17:00:00+00:00
2024-11-10 20:54:27,201 - Long Buy 176.00 shares at 108.92 on 2024-10-15 17:15:00+00:00
2024-11-10 20:54:27,201 - Long Buy 172.00 shares at 109.09 on 2024-10-15 17:30:00+00:00
2024-11-10 20:54:27,201 - Long Buy 169.00 shares at 108.93 on 2024-10-15 17:45:00+00:00
2024-11-10 20:54:27,201 - Long Buy 167.00 shares at 108.16 on 2024-10-15 18:00:00+00:00
2024-11-10 20:54:27,201 - Long Buy 164.00 shares at 107.98 on 2024-10-15 18:15:00+00:00
2024-11-10 20:54:27,201 - Long Buy 161.00 shares at 107.93 on 2024-10-15 18:30:00+00:00
2024-11-10 20:54:27,201 - Long Buy 158.00 shares at 107.83 on 2024-10-15 18:45:00+00:00
2024-11-10 20:54:27,201 - Long Buy 155.00 shares at 107.39 on 2024-10-15 19:00:00+00:00
2024-11-10 20:54:27,201 - Long Buy 152.00 shares at 107.48 on 2024-10-15 19:15:00+00:00
2024-11-10 20:54:27,202 - Long Buy 149.00 shares at 107.59 on 2024-10-15 19:30:00+00:00
2024-11-10 20:54:27,202 - Long Buy 146.00 shares at 107.12 on 2024-10-15 19:45:00+00:00
2024-11-10 20:54:27,202 - Long Buy 142.00 shares at 108.0 on 2024-10-16 13:30:00+00:00
2024-11-10 20:54:27,202 - Sell to close 2274.00 shares at 108.16 on 2024-10-16 13:45:00+00:00 (Exit: Signal, Profit: -162.77000000003878, Duration: 1260.0 minutes)
2024-11-10 20:54:27,202 - Short Sell 185.00 shares at 108.12 on 2024-10-16 14:00:00+00:00
2024-11-10 20:54:27,202 - Buy to cover -185.00 shares at 107.55 on 2024-10-16 14:15:00+00:00 (Exit: Signal, Profit: 105.45000000000137, Duration: 15.0 minutes)
2024-11-10 20:54:27,202 - Long Buy 186.00 shares at 107.35 on 2024-10-16 14:30:00+00:00
2024-11-10 20:54:27,202 - Long Buy 182.00 shares at 107.32 on 2024-10-16 14:45:00+00:00
2024-11-10 20:54:27,202 - Long Buy 179.00 shares at 107.2 on 2024-10-16 15:00:00+00:00
2024-11-10 20:54:27,202 - Long Buy 176.00 shares at 106.8 on 2024-10-16 15:15:00+00:00
2024-11-10 20:54:27,202 - Long Buy 173.00 shares at 106.68 on 2024-10-16 15:30:00+00:00
2024-11-10 20:54:27,202 - Long Buy 169.00 shares at 106.91 on 2024-10-16 15:45:00+00:00
2024-11-10 20:54:27,202 - Long Buy 165.00 shares at 106.98 on 2024-10-16 16:00:00+00:00
2024-11-10 20:54:27,202 - Long Buy 162.00 shares at 106.88 on 2024-10-16 16:15:00+00:00
2024-11-10 20:54:27,202 - Long Buy 159.00 shares at 106.79 on 2024-10-16 16:30:00+00:00
2024-11-10 20:54:27,202 - Long Buy 156.00 shares at 106.51 on 2024-10-16 16:45:00+00:00
2024-11-10 20:54:27,202 - Long Buy 154.00 shares at 106.26 on 2024-10-16 17:00:00+00:00
2024-11-10 20:54:27,202 - Long Buy 150.00 shares at 106.55 on 2024-10-16 17:15:00+00:00
2024-11-10 20:54:27,202 - Sell to close 2011.00 shares at 106.71 on 2024-10-16 17:30:00+00:00 (Exit: Signal, Profit: -322.52999999999827, Duration: 180.0 minutes)
2024-11-10 20:54:27,202 - Short Sell 187.00 shares at 106.62 on 2024-10-16 17:45:00+00:00
2024-11-10 20:54:27,202 - Short Sell 187.00 shares at 106.65 on 2024-10-16 18:00:00+00:00
2024-11-10 20:54:27,202 - Short Sell 187.00 shares at 106.83 on 2024-10-16 18:15:00+00:00
2024-11-10 20:54:27,202 - Buy to cover -561.00 shares at 106.26 on 2024-10-16 19:15:00+00:00 (Exit: Signal, Profit: 246.83999999999872, Duration: 90.0 minutes)
2024-11-10 20:54:27,202 - Long Buy 188.00 shares at 106.35 on 2024-10-16 19:45:00+00:00
2024-11-10 20:54:27,202 - Long Buy 184.00 shares at 106.41 on 2024-10-17 13:30:00+00:00
2024-11-10 20:54:27,202 - Long Buy 180.00 shares at 106.48 on 2024-10-17 14:00:00+00:00
2024-11-10 20:54:27,202 - Long Buy 177.00 shares at 106.05 on 2024-10-17 14:15:00+00:00
2024-11-10 20:54:27,202 - Long Buy 173.00 shares at 106.16 on 2024-10-17 14:30:00+00:00
2024-11-10 20:54:27,202 - Sell to close 902.00 shares at 106.27 on 2024-10-17 14:45:00+00:00 (Exit: Signal, Profit: -20.629999999981237, Duration: 1140.0 minutes)
2024-11-10 20:54:27,203 - Long Buy 189.00 shares at 105.89 on 2024-10-17 15:00:00+00:00
2024-11-10 20:54:27,203 - Long Buy 185.00 shares at 105.59 on 2024-10-17 15:15:00+00:00
2024-11-10 20:54:27,203 - Long Buy 182.00 shares at 105.53 on 2024-10-17 15:30:00+00:00
2024-11-10 20:54:27,203 - Long Buy 178.00 shares at 105.53 on 2024-10-17 15:45:00+00:00
2024-11-10 20:54:27,203 - Long Buy 174.00 shares at 105.69 on 2024-10-17 16:00:00+00:00
2024-11-10 20:54:27,203 - Long Buy 170.00 shares at 105.88 on 2024-10-17 16:15:00+00:00
2024-11-10 20:54:27,203 - Long Buy 167.00 shares at 105.95 on 2024-10-17 16:30:00+00:00
2024-11-10 20:54:27,203 - Long Buy 164.00 shares at 105.96 on 2024-10-17 16:45:00+00:00
2024-11-10 20:54:27,203 - Long Buy 160.00 shares at 105.98 on 2024-10-17 17:00:00+00:00
2024-11-10 20:54:27,203 - Long Buy 157.00 shares at 105.79 on 2024-10-17 17:15:00+00:00
2024-11-10 20:54:27,203 - Long Buy 154.00 shares at 105.73 on 2024-10-17 17:30:00+00:00
2024-11-10 20:54:27,203 - Long Buy 151.00 shares at 105.66 on 2024-10-17 17:45:00+00:00
2024-11-10 20:54:27,203 - Long Buy 149.00 shares at 105.42 on 2024-10-17 18:00:00+00:00
2024-11-10 20:54:27,203 - Long Buy 146.00 shares at 105.38 on 2024-10-17 18:15:00+00:00
2024-11-10 20:54:27,203 - Long Buy 143.00 shares at 105.07 on 2024-10-17 18:30:00+00:00
2024-11-10 20:54:27,203 - Long Buy 141.00 shares at 104.95 on 2024-10-17 18:45:00+00:00
2024-11-10 20:54:27,203 - Long Buy 138.00 shares at 105.08 on 2024-10-17 19:00:00+00:00
2024-11-10 20:54:27,203 - Long Buy 135.00 shares at 104.87 on 2024-10-17 19:15:00+00:00
2024-11-10 20:54:27,203 - Long Buy 132.00 shares at 104.84 on 2024-10-17 19:30:00+00:00
2024-11-10 20:54:27,203 - Long Buy 129.00 shares at 105.14 on 2024-10-17 19:45:00+00:00
2024-11-10 20:54:27,203 - Sell to close 3144.00 shares at 105.75 on 2024-10-18 13:30:00+00:00 (Exit: Signal, Profit: 699.7300000000546, Duration: 1350.0 minutes)
2024-11-10 20:54:27,203 - Long Buy 190.00 shares at 105.21 on 2024-10-18 13:45:00+00:00
2024-11-10 20:54:27,203 - Long Buy 187.00 shares at 104.93 on 2024-10-18 14:00:00+00:00
2024-11-10 20:54:27,203 - Long Buy 182.00 shares at 105.23 on 2024-10-18 14:15:00+00:00
2024-11-10 20:54:27,203 - Sell to close 559.00 shares at 105.62 on 2024-10-18 14:30:00+00:00 (Exit: Signal, Profit: 277.9100000000078, Duration: 45.0 minutes)
2024-11-10 20:54:27,203 - Short Sell 189.00 shares at 105.67 on 2024-10-18 14:45:00+00:00
2024-11-10 20:54:27,203 - Short Sell 189.00 shares at 105.6 on 2024-10-18 15:00:00+00:00
2024-11-10 20:54:27,203 - Short Sell 189.00 shares at 105.5 on 2024-10-18 15:15:00+00:00
2024-11-10 20:54:27,203 - Short Sell 189.00 shares at 105.5 on 2024-10-18 15:30:00+00:00
2024-11-10 20:54:27,203 - Buy to cover -756.00 shares at 105.45 on 2024-10-18 15:45:00+00:00 (Exit: Signal, Profit: 88.82999999999441, Duration: 60.0 minutes)
2024-11-10 20:54:27,203 - Short Sell 189.00 shares at 105.56 on 2024-10-18 16:00:00+00:00
2024-11-10 20:54:27,203 - Short Sell 189.00 shares at 105.89 on 2024-10-18 16:15:00+00:00
2024-11-10 20:54:27,203 - Short Sell 189.00 shares at 105.8 on 2024-10-18 16:30:00+00:00
2024-11-10 20:54:27,204 - Short Sell 189.00 shares at 105.65 on 2024-10-18 16:45:00+00:00
2024-11-10 20:54:27,204 - Short Sell 189.00 shares at 105.59 on 2024-10-18 17:00:00+00:00
2024-11-10 20:54:27,204 - Short Sell 189.00 shares at 105.79 on 2024-10-18 17:15:00+00:00
2024-11-10 20:54:27,204 - Short Sell 189.00 shares at 105.81 on 2024-10-18 17:30:00+00:00
2024-11-10 20:54:27,204 - Short Sell 189.00 shares at 105.73 on 2024-10-18 17:45:00+00:00
2024-11-10 20:54:27,204 - Short Sell 188.00 shares at 106.16 on 2024-10-18 18:00:00+00:00
2024-11-10 20:54:27,204 - Short Sell 188.00 shares at 106.05 on 2024-10-18 18:15:00+00:00
2024-11-10 20:54:27,204 - Short Sell 189.00 shares at 106.0 on 2024-10-18 18:30:00+00:00
2024-11-10 20:54:27,204 - Short Sell 188.00 shares at 106.01 on 2024-10-18 18:45:00+00:00
2024-11-10 20:54:27,204 - Short Sell 189.00 shares at 105.97 on 2024-10-18 19:00:00+00:00
2024-11-10 20:54:27,204 - Short Sell 188.00 shares at 106.07 on 2024-10-18 19:15:00+00:00
2024-11-10 20:54:27,204 - Short Sell 188.00 shares at 106.18 on 2024-10-18 19:30:00+00:00
2024-11-10 20:54:27,204 - Short Sell 188.00 shares at 106.41 on 2024-10-18 19:45:00+00:00
2024-11-10 20:54:27,204 - Buy to cover -3018.00 shares at 105.98 on 2024-10-21 13:30:00+00:00 (Exit: Signal, Profit: -191.89000000001494, Duration: 4170.0 minutes)
2024-11-10 20:54:27,204 - Long Buy 189.00 shares at 106.01 on 2024-10-21 13:45:00+00:00
2024-11-10 20:54:27,204 - Sell to close 189.00 shares at 106.14 on 2024-10-21 14:00:00+00:00 (Exit: Signal, Profit: 24.570000000001826, Duration: 15.0 minutes)
2024-11-10 20:54:27,204 - Long Buy 189.00 shares at 105.95 on 2024-10-21 14:15:00+00:00
2024-11-10 20:54:27,204 - Sell to close 189.00 shares at 106.16 on 2024-10-21 14:30:00+00:00 (Exit: Signal, Profit: 39.68999999999882, Duration: 15.0 minutes)
2024-11-10 20:54:27,204 - Long Buy 189.00 shares at 105.93 on 2024-10-21 15:00:00+00:00
2024-11-10 20:54:27,204 - Long Buy 185.00 shares at 105.7 on 2024-10-21 15:15:00+00:00
2024-11-10 20:54:27,204 - Long Buy 181.00 shares at 105.97 on 2024-10-21 15:30:00+00:00
2024-11-10 20:54:27,204 - Long Buy 178.00 shares at 105.78 on 2024-10-21 16:00:00+00:00
2024-11-10 20:54:27,204 - Long Buy 174.00 shares at 105.83 on 2024-10-21 16:15:00+00:00
2024-11-10 20:54:27,204 - Long Buy 170.00 shares at 106.0 on 2024-10-21 16:45:00+00:00
2024-11-10 20:54:27,204 - Sell to close 1077.00 shares at 106.13 on 2024-10-21 17:00:00+00:00 (Exit: Signal, Profit: 282.9099999999956, Duration: 120.0 minutes)
2024-11-10 20:54:27,204 - Short Sell 188.00 shares at 106.06 on 2024-10-21 17:15:00+00:00
2024-11-10 20:54:27,204 - Short Sell 188.00 shares at 106.12 on 2024-10-21 17:30:00+00:00
2024-11-10 20:54:27,204 - Buy to cover -376.00 shares at 105.72 on 2024-10-21 18:00:00+00:00 (Exit: Signal, Profit: 139.11999999999637, Duration: 45.0 minutes)
2024-11-10 20:54:27,204 - Long Buy 189.00 shares at 105.9 on 2024-10-21 18:15:00+00:00
2024-11-10 20:54:27,205 - Long Buy 185.00 shares at 105.87 on 2024-10-21 18:30:00+00:00
2024-11-10 20:54:27,205 - Long Buy 182.00 shares at 105.8 on 2024-10-21 18:45:00+00:00
2024-11-10 20:54:27,205 - Long Buy 178.00 shares at 105.84 on 2024-10-21 19:00:00+00:00
2024-11-10 20:54:27,205 - Long Buy 174.00 shares at 105.9 on 2024-10-21 19:15:00+00:00
2024-11-10 20:54:27,205 - Long Buy 171.00 shares at 105.63 on 2024-10-21 19:30:00+00:00
2024-11-10 20:54:27,205 - Long Buy 168.00 shares at 105.68 on 2024-10-21 19:45:00+00:00
2024-11-10 20:54:27,205 - Sell to close 1247.00 shares at 103.69 on 2024-10-22 13:30:00+00:00 (Exit: Stop_loss, Profit: -2638.3099999999927, Duration: 1155.0 minutes)
2024-11-10 20:54:27,205 - Long Buy 192.00 shares at 104.13 on 2024-10-22 13:45:00+00:00
2024-11-10 20:54:27,205 - Sell to close 192.00 shares at 104.46 on 2024-10-22 14:00:00+00:00 (Exit: Signal, Profit: 63.35999999999967, Duration: 15.0 minutes)
2024-11-10 20:54:27,205 - Long Buy 192.00 shares at 104.11 on 2024-10-22 14:15:00+00:00
2024-11-10 20:54:27,205 - Long Buy 188.00 shares at 103.91 on 2024-10-22 14:30:00+00:00
2024-11-10 20:54:27,205 - Long Buy 185.00 shares at 103.69 on 2024-10-22 14:45:00+00:00
2024-11-10 20:54:27,205 - Long Buy 181.00 shares at 103.72 on 2024-10-22 15:00:00+00:00
2024-11-10 20:54:27,205 - Long Buy 177.00 shares at 103.79 on 2024-10-22 15:15:00+00:00
2024-11-10 20:54:27,205 - Long Buy 174.00 shares at 103.65 on 2024-10-22 15:30:00+00:00
2024-11-10 20:54:27,205 - Long Buy 170.00 shares at 103.99 on 2024-10-22 15:45:00+00:00
2024-11-10 20:54:27,205 - Sell to close 1267.00 shares at 104.46 on 2024-10-22 16:00:00+00:00 (Exit: Signal, Profit: 786.4199999999909, Duration: 105.0 minutes)
2024-11-10 20:54:27,205 - Short Sell 191.00 shares at 104.62 on 2024-10-22 16:15:00+00:00
2024-11-10 20:54:27,205 - Short Sell 190.00 shares at 104.85 on 2024-10-22 16:30:00+00:00
2024-11-10 20:54:27,205 - Short Sell 191.00 shares at 104.63 on 2024-10-22 16:45:00+00:00
2024-11-10 20:54:27,205 - Short Sell 191.00 shares at 104.65 on 2024-10-22 17:00:00+00:00
2024-11-10 20:54:27,205 - Short Sell 191.00 shares at 104.74 on 2024-10-22 17:15:00+00:00
2024-11-10 20:54:27,205 - Short Sell 190.00 shares at 105.02 on 2024-10-22 17:30:00+00:00
2024-11-10 20:54:27,205 - Buy to cover -1144.00 shares at 104.77 on 2024-10-22 17:45:00+00:00 (Exit: Signal, Profit: -21.340000000008104, Duration: 90.0 minutes)
2024-11-10 20:54:27,205 - Long Buy 190.00 shares at 104.89 on 2024-10-22 18:00:00+00:00
2024-11-10 20:54:27,205 - Sell to close 190.00 shares at 105.28 on 2024-10-22 18:30:00+00:00 (Exit: Signal, Profit: 74.10000000000281, Duration: 30.0 minutes)
2024-11-10 20:54:27,205 - Long Buy 191.00 shares at 104.41 on 2024-10-22 19:15:00+00:00
2024-11-10 20:54:27,205 - Long Buy 187.00 shares at 104.7 on 2024-10-22 19:30:00+00:00
2024-11-10 20:54:27,205 - Long Buy 183.00 shares at 104.81 on 2024-10-22 19:45:00+00:00
2024-11-10 20:54:27,205 - Long Buy 181.00 shares at 103.93 on 2024-10-23 13:30:00+00:00
2024-11-10 20:54:27,206 - Long Buy 177.00 shares at 103.96 on 2024-10-23 13:45:00+00:00
2024-11-10 20:54:27,206 - Long Buy 174.00 shares at 103.88 on 2024-10-23 14:00:00+00:00
2024-11-10 20:54:27,206 - Long Buy 170.00 shares at 104.01 on 2024-10-23 14:15:00+00:00
2024-11-10 20:54:27,206 - Long Buy 167.00 shares at 103.95 on 2024-10-23 14:30:00+00:00
2024-11-10 20:54:27,206 - Long Buy 163.00 shares at 104.09 on 2024-10-23 14:45:00+00:00
2024-11-10 20:54:27,206 - Long Buy 161.00 shares at 103.2 on 2024-10-23 15:00:00+00:00
2024-11-10 20:54:27,206 - Long Buy 158.00 shares at 103.32 on 2024-10-23 15:15:00+00:00
2024-11-10 20:54:27,206 - Long Buy 154.00 shares at 103.54 on 2024-10-23 15:30:00+00:00
2024-11-10 20:54:27,206 - Long Buy 151.00 shares at 103.81 on 2024-10-23 15:45:00+00:00
2024-11-10 20:54:27,206 - Long Buy 148.00 shares at 103.64 on 2024-10-23 16:00:00+00:00
2024-11-10 20:54:27,206 - Long Buy 146.00 shares at 103.35 on 2024-10-23 16:15:00+00:00
2024-11-10 20:54:27,206 - Long Buy 143.00 shares at 103.25 on 2024-10-23 16:30:00+00:00
2024-11-10 20:54:27,206 - Long Buy 140.00 shares at 103.53 on 2024-10-23 16:45:00+00:00
2024-11-10 20:54:27,206 - Long Buy 137.00 shares at 103.23 on 2024-10-23 17:00:00+00:00
2024-11-10 20:54:27,206 - Long Buy 135.00 shares at 103.15 on 2024-10-23 17:15:00+00:00
2024-11-10 20:54:27,206 - Long Buy 132.00 shares at 103.38 on 2024-10-23 17:30:00+00:00
2024-11-10 20:54:27,206 - Long Buy 129.00 shares at 103.1 on 2024-10-23 17:45:00+00:00
2024-11-10 20:54:27,206 - Sell to close 3327.00 shares at 102.48 on 2024-10-23 18:00:00+00:00 (Exit: Stop_loss, Profit: -4306.689999999988, Duration: 1365.0 minutes)
2024-11-10 20:54:27,206 - Long Buy 194.00 shares at 102.46 on 2024-10-23 18:15:00+00:00
2024-11-10 20:54:27,206 - Long Buy 189.00 shares at 102.81 on 2024-10-23 18:30:00+00:00
2024-11-10 20:54:27,206 - Long Buy 186.00 shares at 102.78 on 2024-10-23 18:45:00+00:00
2024-11-10 20:54:27,206 - Sell to close 569.00 shares at 102.94 on 2024-10-23 19:00:00+00:00 (Exit: Signal, Profit: 147.44999999999646, Duration: 45.0 minutes)
2024-11-10 20:54:27,206 - Short Sell 193.00 shares at 103.1 on 2024-10-23 19:15:00+00:00
2024-11-10 20:54:27,206 - Short Sell 193.00 shares at 103.16 on 2024-10-23 19:30:00+00:00
2024-11-10 20:54:27,206 - Short Sell 192.00 shares at 103.28 on 2024-10-23 19:45:00+00:00
2024-11-10 20:54:27,206 - Buy to cover -578.00 shares at 102.67 on 2024-10-24 13:30:00+00:00 (Exit: Signal, Profit: 294.68000000000404, Duration: 1095.0 minutes)
2024-11-10 20:54:27,206 - Short Sell 192.00 shares at 103.4 on 2024-10-24 13:45:00+00:00
2024-11-10 20:54:27,206 - Short Sell 193.00 shares at 102.99 on 2024-10-24 14:00:00+00:00
2024-11-10 20:54:27,206 - Short Sell 192.00 shares at 103.52 on 2024-10-24 14:15:00+00:00
2024-11-10 20:54:27,206 - Short Sell 192.00 shares at 103.33 on 2024-10-24 14:30:00+00:00
2024-11-10 20:54:27,206 - Short Sell 192.00 shares at 103.38 on 2024-10-24 14:45:00+00:00
2024-11-10 20:54:27,206 - Short Sell 193.00 shares at 103.19 on 2024-10-24 15:00:00+00:00
2024-11-10 20:54:27,206 - Short Sell 193.00 shares at 102.95 on 2024-10-24 15:15:00+00:00
2024-11-10 20:54:27,206 - Short Sell 193.00 shares at 103.16 on 2024-10-24 15:45:00+00:00
2024-11-10 20:54:27,207 - Buy to cover -1540.00 shares at 102.89 on 2024-10-24 16:00:00+00:00 (Exit: Signal, Profit: 538.3299999999969, Duration: 135.0 minutes)
2024-11-10 20:54:27,207 - Short Sell 193.00 shares at 103.23 on 2024-10-24 16:15:00+00:00
2024-11-10 20:54:27,207 - Short Sell 192.00 shares at 103.35 on 2024-10-24 16:30:00+00:00
2024-11-10 20:54:27,207 - Short Sell 192.00 shares at 103.43 on 2024-10-24 16:45:00+00:00
2024-11-10 20:54:27,207 - Short Sell 192.00 shares at 103.36 on 2024-10-24 17:00:00+00:00
2024-11-10 20:54:27,207 - Short Sell 192.00 shares at 103.41 on 2024-10-24 17:15:00+00:00
2024-11-10 20:54:27,207 - Short Sell 193.00 shares at 103.34 on 2024-10-24 17:30:00+00:00
2024-11-10 20:54:27,207 - Buy to cover -1154.00 shares at 103.09 on 2024-10-24 17:45:00+00:00 (Exit: Signal, Profit: 303.7499999999798, Duration: 90.0 minutes)
2024-11-10 20:54:27,207 - Long Buy 194.00 shares at 102.83 on 2024-10-24 18:15:00+00:00
2024-11-10 20:54:27,207 - Long Buy 190.00 shares at 102.76 on 2024-10-24 18:30:00+00:00
2024-11-10 20:54:27,207 - Long Buy 186.00 shares at 102.85 on 2024-10-24 18:45:00+00:00
2024-11-10 20:54:27,207 - Long Buy 182.00 shares at 103.0 on 2024-10-24 19:00:00+00:00
2024-11-10 20:54:27,207 - Long Buy 178.00 shares at 103.01 on 2024-10-24 19:15:00+00:00
2024-11-10 20:54:27,207 - Long Buy 175.00 shares at 103.06 on 2024-10-24 19:30:00+00:00
2024-11-10 20:54:27,207 - Long Buy 171.00 shares at 102.89 on 2024-10-24 19:45:00+00:00
2024-11-10 20:54:27,207 - Long Buy 168.00 shares at 102.66 on 2024-10-25 13:30:00+00:00
2024-11-10 20:54:27,207 - Long Buy 165.00 shares at 102.39 on 2024-10-25 13:45:00+00:00
2024-11-10 20:54:27,207 - Sell to close 1609.00 shares at 103.15 on 2024-10-25 14:15:00+00:00 (Exit: Signal, Profit: 512.1300000000142, Duration: 1200.0 minutes)
2024-11-10 20:54:27,207 - Short Sell 193.00 shares at 103.24 on 2024-10-25 14:30:00+00:00
2024-11-10 20:54:27,207 - Short Sell 193.00 shares at 103.15 on 2024-10-25 14:45:00+00:00
2024-11-10 20:54:27,207 - Buy to cover -386.00 shares at 102.83 on 2024-10-25 15:15:00+00:00 (Exit: Signal, Profit: 140.8900000000035, Duration: 45.0 minutes)
2024-11-10 20:54:27,207 - Long Buy 194.00 shares at 102.81 on 2024-10-25 15:30:00+00:00
2024-11-10 20:54:27,207 - Sell to close 194.00 shares at 103.27 on 2024-10-25 16:15:00+00:00 (Exit: Signal, Profit: 89.23999999999879, Duration: 45.0 minutes)
2024-11-10 20:54:27,207 - Long Buy 194.00 shares at 102.81 on 2024-10-25 16:45:00+00:00
2024-11-10 20:54:27,207 - Long Buy 190.00 shares at 102.59 on 2024-10-25 17:00:00+00:00
2024-11-10 20:54:27,207 - Long Buy 186.00 shares at 102.65 on 2024-10-25 17:15:00+00:00
2024-11-10 20:54:27,207 - Long Buy 183.00 shares at 102.29 on 2024-10-25 17:30:00+00:00
2024-11-10 20:54:27,208 - Long Buy 179.00 shares at 102.4 on 2024-10-25 17:45:00+00:00
2024-11-10 20:54:27,208 - Long Buy 176.00 shares at 102.28 on 2024-10-25 18:00:00+00:00
2024-11-10 20:54:27,208 - Long Buy 172.00 shares at 102.49 on 2024-10-25 18:15:00+00:00
2024-11-10 20:54:27,208 - Long Buy 169.00 shares at 102.39 on 2024-10-25 18:30:00+00:00
2024-11-10 20:54:27,208 - Long Buy 165.00 shares at 102.56 on 2024-10-25 18:45:00+00:00
2024-11-10 20:54:27,208 - Long Buy 162.00 shares at 102.38 on 2024-10-25 19:00:00+00:00
2024-11-10 20:54:27,208 - Long Buy 159.00 shares at 102.41 on 2024-10-25 19:15:00+00:00
2024-11-10 20:54:27,208 - Long Buy 156.00 shares at 102.18 on 2024-10-25 19:30:00+00:00
2024-11-10 20:54:27,208 - Long Buy 153.00 shares at 101.98 on 2024-10-25 19:45:00+00:00
2024-11-10 20:54:27,208 - Sell to close 2244.00 shares at 103.42 on 2024-10-28 13:30:00+00:00 (Exit: Signal, Profit: 2228.0299999999825, Duration: 4125.0 minutes)
2024-11-10 20:54:27,208 - Short Sell 192.00 shares at 103.93 on 2024-10-28 13:45:00+00:00
2024-11-10 20:54:27,208 - Short Sell 193.00 shares at 103.53 on 2024-10-28 14:00:00+00:00
2024-11-10 20:54:27,208 - Short Sell 192.00 shares at 104.15 on 2024-10-28 14:15:00+00:00
2024-11-10 20:54:27,208 - Short Sell 192.00 shares at 104.03 on 2024-10-28 14:30:00+00:00
2024-11-10 20:54:27,208 - Short Sell 192.00 shares at 104.18 on 2024-10-28 14:45:00+00:00
2024-11-10 20:54:27,208 - Short Sell 192.00 shares at 103.98 on 2024-10-28 15:00:00+00:00
2024-11-10 20:54:27,208 - Short Sell 192.00 shares at 103.88 on 2024-10-28 15:15:00+00:00
2024-11-10 20:54:27,208 - Buy to cover -1345.00 shares at 103.33 on 2024-10-28 15:45:00+00:00 (Exit: Signal, Profit: 839.2399999999976, Duration: 120.0 minutes)
2024-11-10 20:54:27,208 - Long Buy 193.00 shares at 103.37 on 2024-10-28 16:00:00+00:00
2024-11-10 20:54:27,208 - Long Buy 190.00 shares at 103.18 on 2024-10-28 16:30:00+00:00
2024-11-10 20:54:27,208 - Long Buy 186.00 shares at 103.17 on 2024-10-28 16:45:00+00:00
2024-11-10 20:54:27,208 - Long Buy 183.00 shares at 102.95 on 2024-10-28 17:00:00+00:00
2024-11-10 20:54:27,208 - Long Buy 179.00 shares at 103.01 on 2024-10-28 17:15:00+00:00
2024-11-10 20:54:27,208 - Long Buy 176.00 shares at 102.84 on 2024-10-28 17:30:00+00:00
2024-11-10 20:54:27,208 - Long Buy 172.00 shares at 103.0 on 2024-10-28 17:45:00+00:00
2024-11-10 20:54:27,208 - Long Buy 169.00 shares at 102.9 on 2024-10-28 18:00:00+00:00
2024-11-10 20:54:27,208 - Long Buy 165.00 shares at 102.91 on 2024-10-28 18:15:00+00:00
2024-11-10 20:54:27,208 - Long Buy 162.00 shares at 102.74 on 2024-10-28 18:30:00+00:00
2024-11-10 20:54:27,208 - Long Buy 159.00 shares at 102.9 on 2024-10-28 18:45:00+00:00
2024-11-10 20:54:27,208 - Sell to close 1934.00 shares at 103.09 on 2024-10-28 19:15:00+00:00 (Exit: Signal, Profit: 162.12000000002755, Duration: 195.0 minutes)
2024-11-10 20:54:27,208 - Short Sell 194.00 shares at 103.13 on 2024-10-28 19:30:00+00:00
2024-11-10 20:54:27,208 - Buy to cover -194.00 shares at 91.34 on 2024-10-29 13:30:00+00:00 (Exit: Profit_take, Profit: 2287.2599999999957, Duration: 1080.0 minutes)
2024-11-10 20:54:27,209 - Long Buy 220.00 shares at 91.01 on 2024-10-29 13:45:00+00:00
2024-11-10 20:54:27,209 - Long Buy 216.00 shares at 90.84 on 2024-10-29 14:00:00+00:00
2024-11-10 20:54:27,209 - Long Buy 208.00 shares at 92.44 on 2024-10-29 14:15:00+00:00
2024-11-10 20:54:27,209 - Sell to close 644.00 shares at 93.83 on 2024-10-29 14:30:00+00:00 (Exit: Profit_take, Profit: 1555.3599999999942, Duration: 45.0 minutes)
2024-11-10 20:54:27,209 - Long Buy 214.00 shares at 93.95 on 2024-10-29 14:45:00+00:00
2024-11-10 20:54:27,209 - Long Buy 210.00 shares at 93.66 on 2024-10-29 15:00:00+00:00
2024-11-10 20:54:27,209 - Sell to close 424.00 shares at 93.91 on 2024-10-29 15:15:00+00:00 (Exit: Signal, Profit: 43.94000000000426, Duration: 30.0 minutes)
2024-11-10 20:54:27,209 - Short Sell 213.00 shares at 94.25 on 2024-10-29 15:30:00+00:00
2024-11-10 20:54:27,209 - Short Sell 213.00 shares at 94.11 on 2024-10-29 15:45:00+00:00
2024-11-10 20:54:27,209 - Short Sell 212.00 shares at 94.74 on 2024-10-29 16:00:00+00:00
2024-11-10 20:54:27,209 - Short Sell 212.00 shares at 94.77 on 2024-10-29 16:15:00+00:00
2024-11-10 20:54:27,209 - Short Sell 212.00 shares at 94.78 on 2024-10-29 16:30:00+00:00
2024-11-10 20:54:27,209 - Short Sell 212.00 shares at 94.68 on 2024-10-29 16:45:00+00:00
2024-11-10 20:54:27,209 - Short Sell 211.00 shares at 95.02 on 2024-10-29 17:00:00+00:00
2024-11-10 20:54:27,209 - Short Sell 212.00 shares at 94.63 on 2024-10-29 17:15:00+00:00
2024-11-10 20:54:27,209 - Short Sell 214.00 shares at 93.86 on 2024-10-29 17:45:00+00:00
2024-11-10 20:54:27,209 - Buy to cover -1911.00 shares at 93.47 on 2024-10-29 18:00:00+00:00 (Exit: Signal, Profit: 2037.9699999999889, Duration: 150.0 minutes)
2024-11-10 20:54:27,209 - Long Buy 216.00 shares at 93.12 on 2024-10-29 18:15:00+00:00
2024-11-10 20:54:27,209 - Long Buy 211.00 shares at 93.35 on 2024-10-29 18:45:00+00:00
2024-11-10 20:54:27,209 - Long Buy 207.00 shares at 93.3 on 2024-10-29 19:00:00+00:00
2024-11-10 20:54:27,209 - Sell to close 634.00 shares at 93.82 on 2024-10-29 19:15:00+00:00 (Exit: Signal, Profit: 358.0099999999975, Duration: 60.0 minutes)
2024-11-10 20:54:27,209 - Short Sell 214.00 shares at 94.06 on 2024-10-29 19:30:00+00:00
2024-11-10 20:54:27,209 - Short Sell 214.00 shares at 93.89 on 2024-10-29 19:45:00+00:00
2024-11-10 20:54:27,209 - Short Sell 212.00 shares at 94.67 on 2024-10-30 13:30:00+00:00
2024-11-10 20:54:27,209 - Buy to cover -640.00 shares at 95.86 on 2024-10-30 13:45:00+00:00 (Exit: Stop_loss, Profit: -1059.0599999999995, Duration: 1095.0 minutes)
2024-11-10 20:54:27,209 - Short Sell 211.00 shares at 95.0 on 2024-10-30 14:00:00+00:00
2024-11-10 20:54:27,209 - Short Sell 210.00 shares at 95.46 on 2024-10-30 14:15:00+00:00
2024-11-10 20:54:27,209 - Short Sell 212.00 shares at 94.91 on 2024-10-30 14:30:00+00:00
2024-11-10 20:54:27,209 - Short Sell 213.00 shares at 94.26 on 2024-10-30 14:45:00+00:00
2024-11-10 20:54:27,210 - Short Sell 212.00 shares at 94.7 on 2024-10-30 15:00:00+00:00
2024-11-10 20:54:27,210 - Short Sell 212.00 shares at 94.67 on 2024-10-30 15:15:00+00:00
2024-11-10 20:54:27,210 - Short Sell 212.00 shares at 94.81 on 2024-10-30 15:30:00+00:00
2024-11-10 20:54:27,210 - Short Sell 211.00 shares at 95.05 on 2024-10-30 15:45:00+00:00
2024-11-10 20:54:27,210 - Short Sell 212.00 shares at 94.77 on 2024-10-30 16:00:00+00:00
2024-11-10 20:54:27,210 - Short Sell 212.00 shares at 94.88 on 2024-10-30 16:15:00+00:00
2024-11-10 20:54:27,210 - Short Sell 212.00 shares at 94.91 on 2024-10-30 17:00:00+00:00
2024-11-10 20:54:27,210 - Short Sell 211.00 shares at 94.98 on 2024-10-30 17:15:00+00:00
2024-11-10 20:54:27,210 - Buy to cover -2540.00 shares at 94.56 on 2024-10-30 17:45:00+00:00 (Exit: Signal, Profit: 776.7099999999696, Duration: 225.0 minutes)
2024-11-10 20:54:27,210 - Long Buy 213.00 shares at 94.34 on 2024-10-30 18:15:00+00:00
2024-11-10 20:54:27,210 - Long Buy 209.00 shares at 94.4 on 2024-10-30 18:30:00+00:00
2024-11-10 20:54:27,210 - Long Buy 205.00 shares at 94.4 on 2024-10-30 18:45:00+00:00
2024-11-10 20:54:27,210 - Long Buy 200.00 shares at 94.4 on 2024-10-30 19:00:00+00:00
2024-11-10 20:54:27,210 - Long Buy 196.00 shares at 94.46 on 2024-10-30 19:15:00+00:00
2024-11-10 20:54:27,210 - Long Buy 193.00 shares at 94.17 on 2024-10-30 19:30:00+00:00
2024-11-10 20:54:27,210 - Long Buy 190.00 shares at 93.88 on 2024-10-30 19:45:00+00:00
2024-11-10 20:54:27,210 - Long Buy 187.00 shares at 93.55 on 2024-10-31 13:30:00+00:00
2024-11-10 20:54:27,210 - Long Buy 182.00 shares at 93.74 on 2024-10-31 13:45:00+00:00
2024-11-10 20:54:27,210 - Long Buy 180.00 shares at 93.02 on 2024-10-31 14:00:00+00:00
2024-11-10 20:54:27,210 - Long Buy 177.00 shares at 93.03 on 2024-10-31 14:15:00+00:00
2024-11-10 20:54:27,210 - Long Buy 173.00 shares at 93.24 on 2024-10-31 14:30:00+00:00
2024-11-10 20:54:27,210 - Long Buy 169.00 shares at 93.08 on 2024-10-31 14:45:00+00:00
2024-11-10 20:54:27,210 - Long Buy 166.00 shares at 93.07 on 2024-10-31 15:00:00+00:00
2024-11-10 20:54:27,210 - Long Buy 162.00 shares at 93.29 on 2024-10-31 15:15:00+00:00
2024-11-10 20:54:27,210 - Long Buy 159.00 shares at 93.26 on 2024-10-31 15:30:00+00:00
2024-11-10 20:54:27,210 - Long Buy 156.00 shares at 93.36 on 2024-10-31 15:45:00+00:00
2024-11-10 20:54:27,210 - Long Buy 153.00 shares at 93.31 on 2024-10-31 16:00:00+00:00
2024-11-10 20:54:27,210 - Long Buy 149.00 shares at 93.61 on 2024-10-31 16:15:00+00:00
2024-11-10 20:54:27,210 - Long Buy 147.00 shares at 93.4 on 2024-10-31 16:30:00+00:00
2024-11-10 20:54:27,210 - Long Buy 144.00 shares at 93.46 on 2024-10-31 16:45:00+00:00
2024-11-10 20:54:27,210 - Long Buy 141.00 shares at 93.6 on 2024-10-31 17:00:00+00:00
2024-11-10 20:54:27,210 - Sell to close 3851.00 shares at 93.63 on 2024-10-31 17:15:00+00:00 (Exit: Signal, Profit: -203.59999999998263, Duration: 1380.0 minutes)
2024-11-10 20:54:27,210 - Short Sell 215.00 shares at 93.64 on 2024-10-31 17:30:00+00:00
2024-11-10 20:54:27,211 - Buy to cover -215.00 shares at 93.4 on 2024-10-31 18:00:00+00:00 (Exit: Signal, Profit: 51.599999999995845, Duration: 30.0 minutes)
2024-11-10 20:54:27,211 - Long Buy 215.00 shares at 93.37 on 2024-10-31 19:15:00+00:00
2024-11-10 20:54:27,211 - Long Buy 211.00 shares at 93.39 on 2024-10-31 19:30:00+00:00
2024-11-10 20:54:27,211 - Long Buy 208.00 shares at 92.92 on 2024-10-31 19:45:00+00:00
2024-11-10 20:54:27,211 - Sell to close 634.00 shares at 94.0 on 2024-11-01 13:30:00+00:00 (Exit: Signal, Profit: 488.799999999999, Duration: 1095.0 minutes)
2024-11-10 20:54:27,211 - Short Sell 214.00 shares at 93.81 on 2024-11-01 13:45:00+00:00
2024-11-10 20:54:27,211 - Short Sell 214.00 shares at 93.92 on 2024-11-01 14:00:00+00:00
2024-11-10 20:54:27,211 - Short Sell 214.00 shares at 94.07 on 2024-11-01 14:15:00+00:00
2024-11-10 20:54:27,211 - Short Sell 213.00 shares at 94.41 on 2024-11-01 14:30:00+00:00
2024-11-10 20:54:27,211 - Short Sell 213.00 shares at 94.38 on 2024-11-01 14:45:00+00:00
2024-11-10 20:54:27,211 - Short Sell 213.00 shares at 94.28 on 2024-11-01 15:00:00+00:00
2024-11-10 20:54:27,211 - Short Sell 213.00 shares at 94.34 on 2024-11-01 15:15:00+00:00
2024-11-10 20:54:27,211 - Buy to cover -1494.00 shares at 93.85 on 2024-11-01 15:45:00+00:00 (Exit: Signal, Profit: 481.63000000000136, Duration: 120.0 minutes)
2024-11-10 20:54:27,211 - Long Buy 214.00 shares at 93.89 on 2024-11-01 16:00:00+00:00
2024-11-10 20:54:27,211 - Long Buy 210.00 shares at 93.83 on 2024-11-01 16:15:00+00:00
2024-11-10 20:54:27,211 - Long Buy 206.00 shares at 93.68 on 2024-11-01 16:30:00+00:00
2024-11-10 20:54:27,211 - Long Buy 202.00 shares at 93.61 on 2024-11-01 16:45:00+00:00
2024-11-10 20:54:27,211 - Long Buy 198.00 shares at 93.59 on 2024-11-01 17:00:00+00:00
2024-11-10 20:54:27,211 - Long Buy 194.00 shares at 93.61 on 2024-11-01 17:15:00+00:00
2024-11-10 20:54:27,211 - Long Buy 191.00 shares at 93.18 on 2024-11-01 17:30:00+00:00
2024-11-10 20:54:27,211 - Long Buy 187.00 shares at 93.22 on 2024-11-01 17:45:00+00:00
2024-11-10 20:54:27,211 - Long Buy 184.00 shares at 93.24 on 2024-11-01 18:00:00+00:00
2024-11-10 20:54:27,211 - Sell to close 1786.00 shares at 93.46 on 2024-11-01 18:15:00+00:00 (Exit: Signal, Profit: -161.34000000000114, Duration: 135.0 minutes)
2024-11-10 20:54:27,211 - Short Sell 215.00 shares at 93.55 on 2024-11-01 18:30:00+00:00
2024-11-10 20:54:27,211 - Short Sell 215.00 shares at 93.64 on 2024-11-01 18:45:00+00:00
2024-11-10 20:54:27,211 - Short Sell 215.00 shares at 93.77 on 2024-11-01 19:00:00+00:00
2024-11-10 20:54:27,211 - Short Sell 215.00 shares at 93.49 on 2024-11-01 19:15:00+00:00
2024-11-10 20:54:27,211 - Buy to cover -860.00 shares at 95.41 on 2024-11-04 14:30:00+00:00 (Exit: Stop_loss, Profit: -1545.8499999999995, Duration: 4080.0 minutes)
2024-11-10 20:54:27,211 - Short Sell 210.00 shares at 95.66 on 2024-11-04 14:45:00+00:00
2024-11-10 20:54:27,212 - Short Sell 211.00 shares at 95.4 on 2024-11-04 15:00:00+00:00
2024-11-10 20:54:27,212 - Short Sell 211.00 shares at 95.28 on 2024-11-04 15:15:00+00:00
2024-11-10 20:54:27,212 - Short Sell 211.00 shares at 95.29 on 2024-11-04 15:30:00+00:00
2024-11-10 20:54:27,212 - Short Sell 212.00 shares at 94.8 on 2024-11-04 15:45:00+00:00
2024-11-10 20:54:27,212 - Short Sell 211.00 shares at 95.29 on 2024-11-04 16:00:00+00:00
2024-11-10 20:54:27,212 - Short Sell 212.00 shares at 94.9 on 2024-11-04 16:15:00+00:00
2024-11-10 20:54:27,212 - Short Sell 212.00 shares at 94.9 on 2024-11-04 16:30:00+00:00
2024-11-10 20:54:27,212 - Buy to cover -1690.00 shares at 94.74 on 2024-11-04 17:00:00+00:00 (Exit: Signal, Profit: 759.059999999995, Duration: 135.0 minutes)
2024-11-10 20:54:27,212 - Long Buy 212.00 shares at 94.78 on 2024-11-04 20:15:00+00:00
2024-11-10 20:54:27,212 - Long Buy 208.00 shares at 94.51 on 2024-11-04 20:30:00+00:00
2024-11-10 20:54:27,212 - Long Buy 204.00 shares at 94.42 on 2024-11-04 20:45:00+00:00
2024-11-10 20:54:27,212 - Long Buy 200.00 shares at 94.62 on 2024-11-05 14:30:00+00:00
2024-11-10 20:54:27,212 - Sell to close 824.00 shares at 95.46 on 2024-11-05 14:45:00+00:00 (Exit: Signal, Profit: 721.9199999999859, Duration: 1110.0 minutes)
2024-11-10 20:54:27,212 - Short Sell 211.00 shares at 95.4 on 2024-11-05 15:00:00+00:00
2024-11-10 20:54:27,212 - Short Sell 211.00 shares at 95.5 on 2024-11-05 15:15:00+00:00
2024-11-10 20:54:27,212 - Short Sell 210.00 shares at 95.72 on 2024-11-05 15:30:00+00:00
2024-11-10 20:54:27,212 - Short Sell 212.00 shares at 95.08 on 2024-11-05 15:45:00+00:00
2024-11-10 20:54:27,212 - Short Sell 211.00 shares at 95.22 on 2024-11-05 16:00:00+00:00
2024-11-10 20:54:27,212 - Short Sell 212.00 shares at 95.12 on 2024-11-05 17:15:00+00:00
2024-11-10 20:54:27,212 - Short Sell 211.00 shares at 95.27 on 2024-11-05 17:30:00+00:00
2024-11-10 20:54:27,212 - Short Sell 211.00 shares at 95.46 on 2024-11-05 17:45:00+00:00
2024-11-10 20:54:27,212 - Short Sell 211.00 shares at 95.5 on 2024-11-05 18:00:00+00:00
2024-11-10 20:54:27,212 - Short Sell 210.00 shares at 95.6 on 2024-11-05 18:15:00+00:00
2024-11-10 20:54:27,212 - Short Sell 209.00 shares at 96.0 on 2024-11-05 18:30:00+00:00
2024-11-10 20:54:27,212 - Short Sell 209.00 shares at 96.12 on 2024-11-05 18:45:00+00:00
2024-11-10 20:54:27,212 - Short Sell 209.00 shares at 96.19 on 2024-11-05 19:00:00+00:00
2024-11-10 20:54:27,212 - Short Sell 209.00 shares at 96.08 on 2024-11-05 19:15:00+00:00
2024-11-10 20:54:27,212 - Short Sell 209.00 shares at 96.21 on 2024-11-05 19:30:00+00:00
2024-11-10 20:54:27,212 - Short Sell 208.00 shares at 96.51 on 2024-11-05 19:45:00+00:00
2024-11-10 20:54:27,213 - Short Sell 208.00 shares at 96.52 on 2024-11-05 20:00:00+00:00
2024-11-10 20:54:27,213 - Buy to cover -3571.00 shares at 96.64 on 2024-11-05 20:15:00+00:00 (Exit: Stop_loss, Profit: -3240.349999999991, Duration: 315.0 minutes)
2024-11-10 20:54:27,213 - Short Sell 207.00 shares at 96.67 on 2024-11-05 20:30:00+00:00
2024-11-10 20:54:27,213 - Short Sell 207.00 shares at 96.69 on 2024-11-05 20:45:00+00:00
2024-11-10 20:54:27,213 - Buy to cover -414.00 shares at 92.38 on 2024-11-06 14:30:00+00:00 (Exit: Profit_take, Profit: 1780.199999999999, Duration: 1080.0 minutes)
2024-11-10 20:54:27,213 - Short Sell 217.00 shares at 92.61 on 2024-11-06 14:45:00+00:00
2024-11-10 20:54:27,213 - Buy to cover -217.00 shares at 91.79 on 2024-11-06 15:15:00+00:00 (Exit: Signal, Profit: 177.93999999999852, Duration: 30.0 minutes)
2024-11-10 20:54:27,213 - Long Buy 220.00 shares at 91.22 on 2024-11-06 15:30:00+00:00
2024-11-10 20:54:27,213 - Long Buy 217.00 shares at 90.93 on 2024-11-06 15:45:00+00:00
2024-11-10 20:54:27,213 - Long Buy 212.00 shares at 91.18 on 2024-11-06 16:00:00+00:00
2024-11-10 20:54:27,213 - Long Buy 206.00 shares at 91.66 on 2024-11-06 16:15:00+00:00
2024-11-10 20:54:27,213 - Long Buy 203.00 shares at 91.21 on 2024-11-06 16:30:00+00:00
2024-11-10 20:54:27,213 - Long Buy 199.00 shares at 91.3 on 2024-11-06 16:45:00+00:00
2024-11-10 20:54:27,213 - Long Buy 195.00 shares at 91.1 on 2024-11-06 17:00:00+00:00
2024-11-10 20:54:27,213 - Long Buy 194.00 shares at 90.08 on 2024-11-06 17:15:00+00:00
2024-11-10 20:54:27,213 - Long Buy 189.00 shares at 90.42 on 2024-11-06 17:30:00+00:00
2024-11-10 20:54:27,213 - Long Buy 184.00 shares at 90.92 on 2024-11-06 17:45:00+00:00
2024-11-10 20:54:27,213 - Long Buy 180.00 shares at 91.42 on 2024-11-06 18:00:00+00:00
2024-11-10 20:54:27,213 - Long Buy 176.00 shares at 91.65 on 2024-11-06 18:15:00+00:00
2024-11-10 20:54:27,213 - Long Buy 173.00 shares at 91.22 on 2024-11-06 18:30:00+00:00
2024-11-10 20:54:27,213 - Long Buy 169.00 shares at 91.27 on 2024-11-06 18:45:00+00:00
2024-11-10 20:54:27,213 - Long Buy 166.00 shares at 91.0 on 2024-11-06 19:00:00+00:00
2024-11-10 20:54:27,213 - Long Buy 164.00 shares at 90.7 on 2024-11-06 19:15:00+00:00
2024-11-10 20:54:27,213 - Long Buy 160.00 shares at 90.89 on 2024-11-06 19:30:00+00:00
2024-11-10 20:54:27,213 - Long Buy 157.00 shares at 90.61 on 2024-11-06 19:45:00+00:00
2024-11-10 20:54:27,213 - Long Buy 153.00 shares at 91.2 on 2024-11-06 20:00:00+00:00
2024-11-10 20:54:27,213 - Long Buy 150.00 shares at 91.19 on 2024-11-06 20:15:00+00:00
2024-11-10 20:54:27,213 - Sell to close 3667.00 shares at 92.01 on 2024-11-06 20:45:00+00:00 (Exit: Signal, Profit: 3472.570000000007, Duration: 315.0 minutes)
2024-11-10 20:54:27,213 - Short Sell 217.00 shares at 92.93 on 2024-11-07 14:30:00+00:00
2024-11-10 20:54:27,213 - Short Sell 216.00 shares at 93.3 on 2024-11-07 14:45:00+00:00
2024-11-10 20:54:27,213 - Short Sell 216.00 shares at 93.47 on 2024-11-07 15:00:00+00:00
2024-11-10 20:54:27,213 - Short Sell 215.00 shares at 93.75 on 2024-11-07 15:15:00+00:00
2024-11-10 20:54:27,214 - Short Sell 216.00 shares at 93.45 on 2024-11-07 15:30:00+00:00
2024-11-10 20:54:27,214 - Buy to cover -1080.00 shares at 92.79 on 2024-11-07 15:45:00+00:00 (Exit: Signal, Profit: 636.3799999999935, Duration: 75.0 minutes)
2024-11-10 20:54:27,214 - Long Buy 219.00 shares at 92.28 on 2024-11-07 16:00:00+00:00
2024-11-10 20:54:27,214 - Long Buy 215.00 shares at 92.07 on 2024-11-07 16:15:00+00:00
2024-11-10 20:54:27,214 - Long Buy 210.00 shares at 92.09 on 2024-11-07 16:30:00+00:00
2024-11-10 20:54:27,214 - Long Buy 207.00 shares at 91.78 on 2024-11-07 16:45:00+00:00
2024-11-10 20:54:27,214 - Long Buy 202.00 shares at 92.28 on 2024-11-07 17:00:00+00:00
2024-11-10 20:54:27,214 - Long Buy 198.00 shares at 92.28 on 2024-11-07 17:15:00+00:00
2024-11-10 20:54:27,214 - Long Buy 194.00 shares at 92.34 on 2024-11-07 17:30:00+00:00
2024-11-10 20:54:27,214 - Long Buy 189.00 shares at 92.44 on 2024-11-07 17:45:00+00:00
2024-11-10 20:54:27,214 - Long Buy 186.00 shares at 92.41 on 2024-11-07 18:00:00+00:00
2024-11-10 20:54:27,214 - Long Buy 182.00 shares at 92.27 on 2024-11-07 18:15:00+00:00
2024-11-10 20:54:27,214 - Long Buy 178.00 shares at 92.41 on 2024-11-07 18:30:00+00:00
2024-11-10 20:54:27,214 - Long Buy 175.00 shares at 92.55 on 2024-11-07 18:45:00+00:00
2024-11-10 20:54:27,214 - Long Buy 171.00 shares at 92.33 on 2024-11-07 19:00:00+00:00
2024-11-10 20:54:27,214 - Long Buy 167.00 shares at 92.7 on 2024-11-07 19:15:00+00:00
2024-11-10 20:54:27,214 - Long Buy 164.00 shares at 92.46 on 2024-11-07 19:30:00+00:00
2024-11-10 20:54:27,214 - Sell to close 2857.00 shares at 92.76 on 2024-11-07 19:45:00+00:00 (Exit: Signal, Profit: 1317.0700000000297, Duration: 225.0 minutes)
2024-11-10 20:54:27,214 - Short Sell 217.00 shares at 92.95 on 2024-11-07 20:00:00+00:00
2024-11-10 20:54:27,214 - Buy to cover -217.00 shares at 92.56 on 2024-11-07 20:15:00+00:00 (Exit: Signal, Profit: 84.63000000000012, Duration: 15.0 minutes)
2024-11-10 20:54:27,214 - Long Buy 219.00 shares at 92.23 on 2024-11-07 20:30:00+00:00
2024-11-10 20:54:27,214 - Long Buy 216.00 shares at 91.85 on 2024-11-07 20:45:00+00:00
2024-11-10 20:54:27,214 - Long Buy 211.00 shares at 91.92 on 2024-11-08 14:30:00+00:00
2024-11-10 20:54:27,214 - Long Buy 206.00 shares at 92.21 on 2024-11-08 14:45:00+00:00
2024-11-10 20:54:27,214 - Long Buy 202.00 shares at 92.37 on 2024-11-08 15:00:00+00:00
2024-11-10 20:54:27,214 - Long Buy 198.00 shares at 92.32 on 2024-11-08 15:30:00+00:00
2024-11-10 20:54:27,214 - Long Buy 195.00 shares at 91.77 on 2024-11-08 15:45:00+00:00
2024-11-10 20:54:27,214 - Long Buy 191.00 shares at 91.63 on 2024-11-08 16:00:00+00:00
2024-11-10 20:54:27,214 - Long Buy 188.00 shares at 91.45 on 2024-11-08 16:15:00+00:00
2024-11-10 20:54:27,214 - Long Buy 185.00 shares at 91.09 on 2024-11-08 16:30:00+00:00
2024-11-10 20:54:27,214 - Long Buy 181.00 shares at 91.05 on 2024-11-08 16:45:00+00:00
2024-11-10 20:54:27,214 - Sell to close 2192.00 shares at 90.58 on 2024-11-08 17:00:00+00:00 (Exit: Stop_loss, Profit: -2735.86999999999, Duration: 1230.0 minutes)
2024-11-10 20:54:27,214 - Long Buy 223.00 shares at 90.41 on 2024-11-08 17:15:00+00:00
2024-11-10 20:54:27,215 - Long Buy 219.00 shares at 90.35 on 2024-11-08 17:30:00+00:00
2024-11-10 20:54:27,215 - Long Buy 214.00 shares at 90.26 on 2024-11-08 17:45:00+00:00
2024-11-10 20:54:27,215 - Long Buy 210.00 shares at 90.16 on 2024-11-08 18:00:00+00:00
2024-11-10 20:54:27,215 - Long Buy 205.00 shares at 90.8 on 2024-11-08 18:15:00+00:00
2024-11-10 20:54:27,215 - Long Buy 201.00 shares at 90.49 on 2024-11-08 18:30:00+00:00
2024-11-10 20:54:27,215 - Long Buy 198.00 shares at 90.33 on 2024-11-08 18:45:00+00:00
2024-11-10 20:54:27,215 - Long Buy 194.00 shares at 90.33 on 2024-11-08 19:00:00+00:00
2024-11-10 20:54:27,215 - Long Buy 190.00 shares at 90.28 on 2024-11-08 19:15:00+00:00
2024-11-10 20:54:27,215 - Long Buy 186.00 shares at 90.27 on 2024-11-08 19:30:00+00:00
2024-11-10 20:54:27,215 - Long Buy 182.00 shares at 90.32 on 2024-11-08 19:45:00+00:00
2024-11-10 20:54:27,215 - Long Buy 179.00 shares at 90.01 on 2024-11-08 20:00:00+00:00
2024-11-10 20:54:27,215 - Long Buy 176.00 shares at 90.08 on 2024-11-08 20:15:00+00:00
2024-11-10 20:54:27,215 - Long Buy 172.00 shares at 89.96 on 2024-11-08 20:30:00+00:00
2024-11-10 20:54:27,215 - Sell to close 2749.00 shares at 90.17 on 2024-11-08 20:45:00+00:00 (Exit: Signal, Profit: -352.4900000000349, Duration: 210.0 minutes)
2024-11-10 20:54:27,216 - Final statisticsStock: SWK, 
total_trades: 64, 
winning_trades: 48, 
losing_trades: 16, 
average_return: 0.004372000019639751, 
average_duration: 586.171875, 
final_balance: 1009340.659999999, 
final_portfolio_value: 1009340.659999999, 
sharpe_ratio: 9.355920339400175, 



