2024-11-11 11:06:07,819 - Starting GBMStrategy with initial capital: 1000000
2024-11-11 11:06:07,819 - Hyperparameters: {'threshold': 1, 'time_periods': 30, 'num_simulations': 150}
2024-11-11 11:07:33,989 - Long Buy 14.00 shares at 1400.12 on 2024-10-11 14:30:00+00:00
2024-11-11 11:07:33,989 - Long Buy 13.00 shares at 1404.3 on 2024-10-11 14:45:00+00:00
2024-11-11 11:07:33,989 - Long Buy 13.00 shares at 1402.56 on 2024-10-11 15:00:00+00:00
2024-11-11 11:07:33,989 - Long Buy 13.00 shares at 1400.57 on 2024-10-11 15:15:00+00:00
2024-11-11 11:07:33,989 - Long Buy 13.00 shares at 1400.42 on 2024-10-11 15:30:00+00:00
2024-11-11 11:07:33,989 - Long Buy 12.00 shares at 1399.98 on 2024-10-11 16:30:00+00:00
2024-11-11 11:07:33,989 - Long Buy 12.00 shares at 1401.1 on 2024-10-11 16:45:00+00:00
2024-11-11 11:07:33,989 - Long Buy 12.00 shares at 1399.3 on 2024-10-11 17:15:00+00:00
2024-11-11 11:07:33,990 - Sell to close 102.00 shares at 1409.89 on 2024-10-11 18:15:00+00:00 (Exit: Signal, Profit: 900.4900000000043, Duration: 225.0 minutes)
2024-11-11 11:07:33,990 - Short Sell 14.00 shares at 1409.24 on 2024-10-11 18:30:00+00:00
2024-11-11 11:07:33,990 - Short Sell 14.00 shares at 1412.15 on 2024-10-11 19:00:00+00:00
2024-11-11 11:07:33,990 - Short Sell 14.00 shares at 1410.68 on 2024-10-11 19:15:00+00:00
2024-11-11 11:07:33,990 - Short Sell 14.00 shares at 1412.2 on 2024-10-11 19:30:00+00:00
2024-11-11 11:07:33,990 - Short Sell 14.00 shares at 1411.59 on 2024-10-11 19:45:00+00:00
2024-11-11 11:07:33,990 - Short Sell 14.00 shares at 1410.94 on 2024-10-14 13:30:00+00:00
2024-11-11 11:07:33,990 - Short Sell 14.00 shares at 1418.96 on 2024-10-14 13:45:00+00:00
2024-11-11 11:07:33,990 - Short Sell 14.00 shares at 1413.37 on 2024-10-14 14:00:00+00:00
2024-11-11 11:07:33,990 - Short Sell 14.00 shares at 1418.31 on 2024-10-14 14:15:00+00:00
2024-11-11 11:07:33,990 - Short Sell 14.00 shares at 1417.19 on 2024-10-14 14:30:00+00:00
2024-11-11 11:07:33,990 - Short Sell 14.00 shares at 1424.68 on 2024-10-14 14:45:00+00:00
2024-11-11 11:07:33,990 - Short Sell 14.00 shares at 1420.67 on 2024-10-14 15:00:00+00:00
2024-11-11 11:07:33,990 - Short Sell 14.00 shares at 1421.88 on 2024-10-14 15:15:00+00:00
2024-11-11 11:07:33,990 - Short Sell 14.00 shares at 1422.5 on 2024-10-14 15:30:00+00:00
2024-11-11 11:07:33,990 - Short Sell 14.00 shares at 1422.78 on 2024-10-14 15:45:00+00:00
2024-11-11 11:07:33,990 - Buy to cover -210.00 shares at 1419.97 on 2024-10-14 16:30:00+00:00 (Exit: Signal, Profit: -733.739999999982, Duration: 4200.0 minutes)
2024-11-11 11:07:33,990 - Long Buy 14.00 shares at 1417.76 on 2024-10-14 16:45:00+00:00
2024-11-11 11:07:33,990 - Long Buy 13.00 shares at 1417.83 on 2024-10-14 17:00:00+00:00
2024-11-11 11:07:33,991 - Long Buy 13.00 shares at 1411.76 on 2024-10-14 17:15:00+00:00
2024-11-11 11:07:33,991 - Long Buy 13.00 shares at 1415.27 on 2024-10-14 17:30:00+00:00
2024-11-11 11:07:33,991 - Long Buy 13.00 shares at 1415.03 on 2024-10-14 17:45:00+00:00
2024-11-11 11:07:33,991 - Long Buy 12.00 shares at 1413.0 on 2024-10-14 18:00:00+00:00
2024-11-11 11:07:33,991 - Long Buy 12.00 shares at 1414.13 on 2024-10-14 18:15:00+00:00
2024-11-11 11:07:33,991 - Long Buy 12.00 shares at 1417.2 on 2024-10-14 18:30:00+00:00
2024-11-11 11:07:33,991 - Long Buy 12.00 shares at 1415.07 on 2024-10-14 18:45:00+00:00
2024-11-11 11:07:33,991 - Long Buy 11.00 shares at 1414.64 on 2024-10-14 19:00:00+00:00
2024-11-11 11:07:33,991 - Long Buy 11.00 shares at 1411.76 on 2024-10-14 19:15:00+00:00
2024-11-11 11:07:33,991 - Long Buy 11.00 shares at 1410.58 on 2024-10-14 19:30:00+00:00
2024-11-11 11:07:33,991 - Long Buy 11.00 shares at 1412.14 on 2024-10-14 19:45:00+00:00
2024-11-11 11:07:33,991 - Long Buy 10.00 shares at 1416.35 on 2024-10-15 13:30:00+00:00
2024-11-11 11:07:33,991 - Long Buy 10.00 shares at 1408.04 on 2024-10-15 13:45:00+00:00
2024-11-11 11:07:33,991 - Long Buy 10.00 shares at 1407.11 on 2024-10-15 14:00:00+00:00
2024-11-11 11:07:33,991 - Long Buy 10.00 shares at 1405.01 on 2024-10-15 14:15:00+00:00
2024-11-11 11:07:33,991 - Long Buy 10.00 shares at 1396.72 on 2024-10-15 14:30:00+00:00
2024-11-11 11:07:33,991 - Long Buy 10.00 shares at 1399.83 on 2024-10-15 14:45:00+00:00
2024-11-11 11:07:33,991 - Long Buy 9.00 shares at 1399.83 on 2024-10-15 15:00:00+00:00
2024-11-11 11:07:33,991 - Long Buy 9.00 shares at 1400.55 on 2024-10-15 15:15:00+00:00
2024-11-11 11:07:33,991 - Long Buy 9.00 shares at 1397.5 on 2024-10-15 15:30:00+00:00
2024-11-11 11:07:33,991 - Long Buy 9.00 shares at 1392.63 on 2024-10-15 15:45:00+00:00
2024-11-11 11:07:33,991 - Long Buy 9.00 shares at 1399.22 on 2024-10-15 16:00:00+00:00
2024-11-11 11:07:33,991 - Long Buy 9.00 shares at 1397.87 on 2024-10-15 16:15:00+00:00
2024-11-11 11:07:33,991 - Long Buy 8.00 shares at 1397.15 on 2024-10-15 16:30:00+00:00
2024-11-11 11:07:33,991 - Long Buy 8.00 shares at 1393.62 on 2024-10-15 16:45:00+00:00
2024-11-11 11:07:33,991 - Long Buy 8.00 shares at 1396.11 on 2024-10-15 17:00:00+00:00
2024-11-11 11:07:33,991 - Sell to close 296.00 shares at 1400.91 on 2024-10-15 17:30:00+00:00 (Exit: Signal, Profit: -2125.009999999942, Duration: 1485.0 minutes)
2024-11-11 11:07:33,991 - Short Sell 14.00 shares at 1402.57 on 2024-10-15 17:45:00+00:00
2024-11-11 11:07:33,992 - Buy to cover -14.00 shares at 1395.45 on 2024-10-15 18:30:00+00:00 (Exit: Signal, Profit: 99.67999999999847, Duration: 45.0 minutes)
2024-11-11 11:07:33,992 - Long Buy 14.00 shares at 1394.96 on 2024-10-15 19:30:00+00:00
2024-11-11 11:07:33,992 - Long Buy 14.00 shares at 1392.14 on 2024-10-15 19:45:00+00:00
2024-11-11 11:07:33,992 - Long Buy 13.00 shares at 1393.56 on 2024-10-16 13:30:00+00:00
2024-11-11 11:07:33,992 - Long Buy 13.00 shares at 1395.38 on 2024-10-16 13:45:00+00:00
2024-11-11 11:07:33,992 - Long Buy 13.00 shares at 1388.46 on 2024-10-16 14:00:00+00:00
2024-11-11 11:07:33,992 - Long Buy 13.00 shares at 1378.44 on 2024-10-16 14:15:00+00:00
2024-11-11 11:07:33,992 - Long Buy 12.00 shares at 1375.0 on 2024-10-16 14:30:00+00:00
2024-11-11 11:07:33,992 - Long Buy 12.00 shares at 1381.83 on 2024-10-16 14:45:00+00:00
2024-11-11 11:07:33,992 - Long Buy 12.00 shares at 1376.22 on 2024-10-16 15:00:00+00:00
2024-11-11 11:07:33,992 - Long Buy 12.00 shares at 1376.03 on 2024-10-16 15:15:00+00:00
2024-11-11 11:07:33,992 - Long Buy 11.00 shares at 1376.51 on 2024-10-16 15:30:00+00:00
2024-11-11 11:07:33,992 - Long Buy 11.00 shares at 1377.98 on 2024-10-16 15:45:00+00:00
2024-11-11 11:07:33,992 - Long Buy 11.00 shares at 1388.93 on 2024-10-16 16:00:00+00:00
2024-11-11 11:07:33,992 - Long Buy 11.00 shares at 1385.15 on 2024-10-16 16:15:00+00:00
2024-11-11 11:07:33,992 - Long Buy 10.00 shares at 1388.64 on 2024-10-16 16:30:00+00:00
2024-11-11 11:07:33,992 - Long Buy 10.00 shares at 1388.15 on 2024-10-16 16:45:00+00:00
2024-11-11 11:07:33,992 - Long Buy 10.00 shares at 1385.79 on 2024-10-16 17:00:00+00:00
2024-11-11 11:07:33,992 - Long Buy 10.00 shares at 1384.67 on 2024-10-16 17:15:00+00:00
2024-11-11 11:07:33,992 - Long Buy 10.00 shares at 1382.71 on 2024-10-16 17:30:00+00:00
2024-11-11 11:07:33,992 - Sell to close 222.00 shares at 1388.27 on 2024-10-16 18:00:00+00:00 (Exit: Signal, Profit: 727.7900000000195, Duration: 1350.0 minutes)
2024-11-11 11:07:33,992 - Short Sell 14.00 shares at 1389.1 on 2024-10-16 18:15:00+00:00
2024-11-11 11:07:33,992 - Short Sell 14.00 shares at 1389.61 on 2024-10-16 18:30:00+00:00
2024-11-11 11:07:33,992 - Short Sell 14.00 shares at 1387.25 on 2024-10-16 18:45:00+00:00
2024-11-11 11:07:33,992 - Short Sell 14.00 shares at 1388.76 on 2024-10-16 19:00:00+00:00
2024-11-11 11:07:33,993 - Short Sell 14.00 shares at 1396.8 on 2024-10-17 13:30:00+00:00
2024-11-11 11:07:33,993 - Short Sell 14.00 shares at 1394.19 on 2024-10-17 13:45:00+00:00
2024-11-11 11:07:33,993 - Short Sell 14.00 shares at 1394.0 on 2024-10-17 14:00:00+00:00
2024-11-11 11:07:33,993 - Short Sell 14.00 shares at 1399.31 on 2024-10-17 14:15:00+00:00
2024-11-11 11:07:33,993 - Short Sell 14.00 shares at 1399.49 on 2024-10-17 14:30:00+00:00
2024-11-11 11:07:33,993 - Short Sell 14.00 shares at 1407.03 on 2024-10-17 14:45:00+00:00
2024-11-11 11:07:33,993 - Short Sell 14.00 shares at 1406.02 on 2024-10-17 15:00:00+00:00
2024-11-11 11:07:33,993 - Short Sell 14.00 shares at 1408.0 on 2024-10-17 15:15:00+00:00
2024-11-11 11:07:33,993 - Short Sell 14.00 shares at 1412.97 on 2024-10-17 15:30:00+00:00
2024-11-11 11:07:33,993 - Short Sell 14.00 shares at 1412.55 on 2024-10-17 15:45:00+00:00
2024-11-11 11:07:33,993 - Short Sell 14.00 shares at 1411.04 on 2024-10-17 16:00:00+00:00
2024-11-11 11:07:33,993 - Short Sell 14.00 shares at 1411.41 on 2024-10-17 16:15:00+00:00
2024-11-11 11:07:33,993 - Short Sell 14.00 shares at 1413.07 on 2024-10-17 16:30:00+00:00
2024-11-11 11:07:33,993 - Short Sell 14.00 shares at 1413.27 on 2024-10-17 16:45:00+00:00
2024-11-11 11:07:33,993 - Short Sell 14.00 shares at 1409.7 on 2024-10-17 17:00:00+00:00
2024-11-11 11:07:33,993 - Short Sell 14.00 shares at 1410.37 on 2024-10-17 17:15:00+00:00
2024-11-11 11:07:33,993 - Short Sell 14.00 shares at 1410.02 on 2024-10-17 17:30:00+00:00
2024-11-11 11:07:33,993 - Short Sell 14.00 shares at 1411.0 on 2024-10-17 17:45:00+00:00
2024-11-11 11:07:33,993 - Short Sell 14.00 shares at 1409.73 on 2024-10-17 18:00:00+00:00
2024-11-11 11:07:33,993 - Short Sell 14.00 shares at 1404.68 on 2024-10-17 18:15:00+00:00
2024-11-11 11:07:33,993 - Short Sell 14.00 shares at 1405.15 on 2024-10-17 18:30:00+00:00
2024-11-11 11:07:33,993 - Short Sell 14.00 shares at 1405.81 on 2024-10-17 18:45:00+00:00
2024-11-11 11:07:33,993 - Buy to cover -364.00 shares at 1401.97 on 2024-10-17 19:45:00+00:00 (Exit: Signal, Profit: 687.5399999998936, Duration: 1530.0 minutes)
2024-11-11 11:07:33,993 - Long Buy 14.00 shares at 1397.73 on 2024-10-18 13:30:00+00:00
2024-11-11 11:07:33,993 - Long Buy 14.00 shares at 1393.24 on 2024-10-18 13:45:00+00:00
2024-11-11 11:07:33,993 - Long Buy 13.00 shares at 1393.24 on 2024-10-18 14:00:00+00:00
2024-11-11 11:07:33,993 - Long Buy 13.00 shares at 1396.26 on 2024-10-18 14:15:00+00:00
2024-11-11 11:07:33,993 - Long Buy 13.00 shares at 1397.71 on 2024-10-18 14:30:00+00:00
2024-11-11 11:07:33,994 - Long Buy 12.00 shares at 1398.0 on 2024-10-18 14:45:00+00:00
2024-11-11 11:07:33,994 - Long Buy 12.00 shares at 1398.43 on 2024-10-18 15:00:00+00:00
2024-11-11 11:07:33,994 - Long Buy 12.00 shares at 1398.43 on 2024-10-18 15:15:00+00:00
2024-11-11 11:07:33,994 - Long Buy 12.00 shares at 1393.0 on 2024-10-18 15:30:00+00:00
2024-11-11 11:07:33,994 - Long Buy 12.00 shares at 1393.0 on 2024-10-18 15:45:00+00:00
2024-11-11 11:07:33,994 - Long Buy 11.00 shares at 1390.06 on 2024-10-18 16:00:00+00:00
2024-11-11 11:07:33,994 - Long Buy 11.00 shares at 1390.79 on 2024-10-18 16:15:00+00:00
2024-11-11 11:07:33,994 - Long Buy 11.00 shares at 1395.15 on 2024-10-18 16:30:00+00:00
2024-11-11 11:07:33,994 - Long Buy 11.00 shares at 1395.15 on 2024-10-18 16:45:00+00:00
2024-11-11 11:07:33,994 - Long Buy 10.00 shares at 1392.78 on 2024-10-18 17:00:00+00:00
2024-11-11 11:07:33,994 - Long Buy 10.00 shares at 1392.16 on 2024-10-18 17:15:00+00:00
2024-11-11 11:07:33,994 - Long Buy 10.00 shares at 1392.96 on 2024-10-18 17:30:00+00:00
2024-11-11 11:07:33,994 - Long Buy 10.00 shares at 1392.96 on 2024-10-18 17:45:00+00:00
2024-11-11 11:07:33,994 - Long Buy 10.00 shares at 1393.2 on 2024-10-18 18:00:00+00:00
2024-11-11 11:07:33,994 - Long Buy 9.00 shares at 1395.81 on 2024-10-18 18:15:00+00:00
2024-11-11 11:07:33,994 - Long Buy 9.00 shares at 1394.54 on 2024-10-18 18:30:00+00:00
2024-11-11 11:07:33,994 - Long Buy 9.00 shares at 1393.38 on 2024-10-18 18:45:00+00:00
2024-11-11 11:07:33,994 - Long Buy 9.00 shares at 1391.06 on 2024-10-18 19:00:00+00:00
2024-11-11 11:07:33,994 - Long Buy 9.00 shares at 1393.13 on 2024-10-18 19:15:00+00:00
2024-11-11 11:07:33,994 - Sell to close 266.00 shares at 1395.54 on 2024-10-18 19:30:00+00:00 (Exit: Signal, Profit: 301.4800000001974, Duration: 360.0 minutes)
2024-11-11 11:07:33,994 - Short Sell 14.00 shares at 1395.77 on 2024-10-18 19:45:00+00:00
2024-11-11 11:07:33,994 - Short Sell 14.00 shares at 1399.09 on 2024-10-21 13:30:00+00:00
2024-11-11 11:07:33,994 - Short Sell 14.00 shares at 1400.0 on 2024-10-21 13:45:00+00:00
2024-11-11 11:07:33,994 - Buy to cover -42.00 shares at 1379.28 on 2024-10-21 14:30:00+00:00 (Exit: Signal, Profit: 798.2799999999902, Duration: 4005.0 minutes)
2024-11-11 11:07:33,994 - Long Buy 14.00 shares at 1385.22 on 2024-10-21 14:45:00+00:00
2024-11-11 11:07:33,994 - Long Buy 14.00 shares at 1381.13 on 2024-10-21 15:00:00+00:00
2024-11-11 11:07:33,994 - Long Buy 13.00 shares at 1377.25 on 2024-10-21 15:15:00+00:00
2024-11-11 11:07:33,994 - Long Buy 13.00 shares at 1382.57 on 2024-10-21 15:30:00+00:00
2024-11-11 11:07:33,995 - Long Buy 13.00 shares at 1382.57 on 2024-10-21 15:45:00+00:00
2024-11-11 11:07:33,995 - Long Buy 13.00 shares at 1375.98 on 2024-10-21 16:00:00+00:00
2024-11-11 11:07:33,995 - Long Buy 12.00 shares at 1377.62 on 2024-10-21 16:15:00+00:00
2024-11-11 11:07:33,995 - Long Buy 12.00 shares at 1381.11 on 2024-10-21 16:30:00+00:00
2024-11-11 11:07:33,995 - Long Buy 12.00 shares at 1387.09 on 2024-10-21 16:45:00+00:00
2024-11-11 11:07:33,995 - Long Buy 12.00 shares at 1386.62 on 2024-10-21 17:00:00+00:00
2024-11-11 11:07:33,995 - Long Buy 11.00 shares at 1386.85 on 2024-10-21 17:15:00+00:00
2024-11-11 11:07:33,995 - Long Buy 11.00 shares at 1386.85 on 2024-10-21 17:30:00+00:00
2024-11-11 11:07:33,995 - Long Buy 11.00 shares at 1386.85 on 2024-10-21 17:45:00+00:00
2024-11-11 11:07:33,995 - Long Buy 11.00 shares at 1383.23 on 2024-10-21 18:00:00+00:00
2024-11-11 11:07:33,995 - Long Buy 11.00 shares at 1383.17 on 2024-10-21 18:15:00+00:00
2024-11-11 11:07:33,995 - Long Buy 10.00 shares at 1383.17 on 2024-10-21 18:30:00+00:00
2024-11-11 11:07:33,995 - Long Buy 10.00 shares at 1384.0 on 2024-10-21 18:45:00+00:00
2024-11-11 11:07:33,995 - Long Buy 10.00 shares at 1381.05 on 2024-10-21 19:00:00+00:00
2024-11-11 11:07:33,995 - Long Buy 10.00 shares at 1385.92 on 2024-10-21 19:15:00+00:00
2024-11-11 11:07:33,995 - Long Buy 10.00 shares at 1383.02 on 2024-10-21 19:30:00+00:00
2024-11-11 11:07:33,995 - Long Buy 9.00 shares at 1385.98 on 2024-10-21 19:45:00+00:00
2024-11-11 11:07:33,995 - Long Buy 9.00 shares at 1360.0 on 2024-10-22 13:30:00+00:00
2024-11-11 11:07:33,995 - Long Buy 9.00 shares at 1356.25 on 2024-10-22 13:45:00+00:00
2024-11-11 11:07:33,995 - Long Buy 9.00 shares at 1353.3 on 2024-10-22 14:00:00+00:00
2024-11-11 11:07:33,995 - Long Buy 9.00 shares at 1346.8 on 2024-10-22 14:15:00+00:00
2024-11-11 11:07:33,995 - Sell to close 278.00 shares at 1340.0 on 2024-10-22 14:30:00+00:00 (Exit: Stop_loss, Profit: -10926.01000000008, Duration: 1425.0 minutes)
2024-11-11 11:07:33,995 - Short Sell 14.00 shares at 1367.21 on 2024-10-23 13:30:00+00:00
2024-11-11 11:07:33,995 - Short Sell 14.00 shares at 1365.93 on 2024-10-23 13:45:00+00:00
2024-11-11 11:07:33,995 - Short Sell 14.00 shares at 1362.49 on 2024-10-23 14:00:00+00:00
2024-11-11 11:07:33,996 - Short Sell 14.00 shares at 1364.65 on 2024-10-23 14:15:00+00:00
2024-11-11 11:07:33,996 - Short Sell 14.00 shares at 1364.08 on 2024-10-23 14:30:00+00:00
2024-11-11 11:07:33,996 - Short Sell 14.00 shares at 1360.48 on 2024-10-23 14:45:00+00:00
2024-11-11 11:07:33,996 - Short Sell 14.00 shares at 1360.85 on 2024-10-23 15:00:00+00:00
2024-11-11 11:07:33,996 - Buy to cover -98.00 shares at 1357.25 on 2024-10-23 15:15:00+00:00 (Exit: Signal, Profit: 629.1600000000071, Duration: 105.0 minutes)
2024-11-11 11:07:33,996 - Long Buy 14.00 shares at 1358.54 on 2024-10-23 15:30:00+00:00
2024-11-11 11:07:33,996 - Long Buy 14.00 shares at 1356.87 on 2024-10-23 16:15:00+00:00
2024-11-11 11:07:33,996 - Sell to close 28.00 shares at 1364.09 on 2024-10-23 16:45:00+00:00 (Exit: Signal, Profit: 178.77999999999975, Duration: 75.0 minutes)
2024-11-11 11:07:33,996 - Long Buy 14.00 shares at 1356.6 on 2024-10-23 18:15:00+00:00
2024-11-11 11:07:33,996 - Long Buy 14.00 shares at 1357.08 on 2024-10-23 18:30:00+00:00
2024-11-11 11:07:33,996 - Sell to close 28.00 shares at 1364.46 on 2024-10-23 19:15:00+00:00 (Exit: Signal, Profit: 213.3600000000033, Duration: 60.0 minutes)
2024-11-11 11:07:33,996 - Long Buy 14.00 shares at 1343.13 on 2024-10-24 13:30:00+00:00
2024-11-11 11:07:33,996 - Long Buy 14.00 shares at 1351.0 on 2024-10-24 13:45:00+00:00
2024-11-11 11:07:33,996 - Long Buy 14.00 shares at 1354.4 on 2024-10-24 14:00:00+00:00
2024-11-11 11:07:33,996 - Long Buy 13.00 shares at 1353.52 on 2024-10-24 14:15:00+00:00
2024-11-11 11:07:33,996 - Long Buy 13.00 shares at 1354.61 on 2024-10-24 14:30:00+00:00
2024-11-11 11:07:33,996 - Long Buy 13.00 shares at 1351.16 on 2024-10-24 14:45:00+00:00
2024-11-11 11:07:33,996 - Long Buy 13.00 shares at 1352.67 on 2024-10-24 15:00:00+00:00
2024-11-11 11:07:33,996 - Long Buy 12.00 shares at 1353.11 on 2024-10-24 15:15:00+00:00
2024-11-11 11:07:33,996 - Long Buy 12.00 shares at 1349.8 on 2024-10-24 15:30:00+00:00
2024-11-11 11:07:33,997 - Long Buy 12.00 shares at 1347.8 on 2024-10-24 15:45:00+00:00
2024-11-11 11:07:33,997 - Long Buy 12.00 shares at 1345.5 on 2024-10-24 16:00:00+00:00
2024-11-11 11:07:33,997 - Sell to close 142.00 shares at 1354.01 on 2024-10-24 16:30:00+00:00 (Exit: Signal, Profit: 480.00000000001046, Duration: 180.0 minutes)
2024-11-11 11:07:33,997 - Short Sell 14.00 shares at 1356.33 on 2024-10-24 16:45:00+00:00
2024-11-11 11:07:33,997 - Short Sell 14.00 shares at 1355.19 on 2024-10-24 17:00:00+00:00
2024-11-11 11:07:33,997 - Short Sell 14.00 shares at 1355.4 on 2024-10-24 17:15:00+00:00
2024-11-11 11:07:33,997 - Short Sell 14.00 shares at 1355.4 on 2024-10-24 17:30:00+00:00
2024-11-11 11:07:33,997 - Short Sell 14.00 shares at 1354.01 on 2024-10-24 17:45:00+00:00
2024-11-11 11:07:33,997 - Short Sell 14.00 shares at 1351.94 on 2024-10-24 18:00:00+00:00
2024-11-11 11:07:33,997 - Short Sell 14.00 shares at 1351.85 on 2024-10-24 18:15:00+00:00
2024-11-11 11:07:33,997 - Short Sell 14.00 shares at 1354.02 on 2024-10-25 13:30:00+00:00
2024-11-11 11:07:33,997 - Short Sell 14.00 shares at 1353.13 on 2024-10-25 14:00:00+00:00
2024-11-11 11:07:33,997 - Short Sell 14.00 shares at 1354.6 on 2024-10-25 14:15:00+00:00
2024-11-11 11:07:33,997 - Short Sell 14.00 shares at 1354.38 on 2024-10-25 14:30:00+00:00
2024-11-11 11:07:33,997 - Short Sell 14.00 shares at 1358.42 on 2024-10-25 14:45:00+00:00
2024-11-11 11:07:33,997 - Short Sell 14.00 shares at 1353.91 on 2024-10-25 15:00:00+00:00
2024-11-11 11:07:33,997 - Short Sell 14.00 shares at 1352.83 on 2024-10-25 16:15:00+00:00
2024-11-11 11:07:33,997 - Short Sell 14.00 shares at 1352.33 on 2024-10-25 16:30:00+00:00
2024-11-11 11:07:33,997 - Short Sell 14.00 shares at 1354.23 on 2024-10-25 16:45:00+00:00
2024-11-11 11:07:33,997 - Buy to cover -224.00 shares at 1351.02 on 2024-10-25 17:00:00+00:00 (Exit: Signal, Profit: 723.0999999999694, Duration: 1455.0 minutes)
2024-11-11 11:07:33,997 - Long Buy 14.00 shares at 1352.39 on 2024-10-25 17:15:00+00:00
2024-11-11 11:07:33,997 - Long Buy 14.00 shares at 1351.94 on 2024-10-25 17:30:00+00:00
2024-11-11 11:07:33,998 - Sell to close 28.00 shares at 1357.73 on 2024-10-25 17:45:00+00:00 (Exit: Signal, Profit: 155.81999999999516, Duration: 30.0 minutes)
2024-11-11 11:07:33,998 - Short Sell 14.00 shares at 1356.74 on 2024-10-25 18:00:00+00:00
2024-11-11 11:07:33,998 - Short Sell 14.00 shares at 1359.3 on 2024-10-25 18:15:00+00:00
2024-11-11 11:07:33,998 - Short Sell 14.00 shares at 1361.06 on 2024-10-25 18:30:00+00:00
2024-11-11 11:07:33,998 - Short Sell 14.00 shares at 1363.27 on 2024-10-25 18:45:00+00:00
2024-11-11 11:07:33,998 - Short Sell 14.00 shares at 1362.4 on 2024-10-25 19:00:00+00:00
2024-11-11 11:07:33,998 - Short Sell 14.00 shares at 1360.09 on 2024-10-25 19:15:00+00:00
2024-11-11 11:07:33,998 - Buy to cover -84.00 shares at 1345.56 on 2024-10-28 13:30:00+00:00 (Exit: Signal, Profit: 1253.0000000000064, Duration: 4050.0 minutes)
2024-11-11 11:07:33,998 - Long Buy 14.00 shares at 1345.7 on 2024-10-28 13:45:00+00:00
2024-11-11 11:07:33,998 - Long Buy 14.00 shares at 1346.5 on 2024-10-28 14:00:00+00:00
2024-11-11 11:07:33,998 - Long Buy 14.00 shares at 1343.95 on 2024-10-28 14:15:00+00:00
2024-11-11 11:07:33,998 - Long Buy 13.00 shares at 1343.29 on 2024-10-28 14:30:00+00:00
2024-11-11 11:07:33,998 - Long Buy 13.00 shares at 1346.07 on 2024-10-28 14:45:00+00:00
2024-11-11 11:07:33,998 - Long Buy 13.00 shares at 1350.0 on 2024-10-28 15:00:00+00:00
2024-11-11 11:07:33,998 - Long Buy 13.00 shares at 1346.66 on 2024-10-28 15:15:00+00:00
2024-11-11 11:07:33,998 - Long Buy 12.00 shares at 1347.42 on 2024-10-28 15:30:00+00:00
2024-11-11 11:07:33,998 - Long Buy 12.00 shares at 1346.04 on 2024-10-28 15:45:00+00:00
2024-11-11 11:07:33,998 - Long Buy 12.00 shares at 1345.55 on 2024-10-28 16:00:00+00:00
2024-11-11 11:07:33,998 - Long Buy 12.00 shares at 1348.99 on 2024-10-28 16:15:00+00:00
2024-11-11 11:07:33,998 - Long Buy 11.00 shares at 1349.19 on 2024-10-28 17:00:00+00:00
2024-11-11 11:07:33,998 - Long Buy 11.00 shares at 1348.37 on 2024-10-28 18:00:00+00:00
2024-11-11 11:07:33,998 - Long Buy 11.00 shares at 1345.62 on 2024-10-28 18:30:00+00:00
2024-11-11 11:07:33,998 - Long Buy 11.00 shares at 1346.04 on 2024-10-28 18:45:00+00:00
2024-11-11 11:07:33,998 - Long Buy 11.00 shares at 1345.63 on 2024-10-28 19:00:00+00:00
2024-11-11 11:07:33,998 - Long Buy 10.00 shares at 1340.99 on 2024-10-28 19:15:00+00:00
2024-11-11 11:07:33,998 - Long Buy 10.00 shares at 1342.09 on 2024-10-28 19:30:00+00:00
2024-11-11 11:07:33,999 - Long Buy 10.00 shares at 1337.71 on 2024-10-28 19:45:00+00:00
2024-11-11 11:07:33,999 - Long Buy 10.00 shares at 1331.25 on 2024-10-29 13:30:00+00:00
2024-11-11 11:07:33,999 - Long Buy 10.00 shares at 1331.35 on 2024-10-29 13:45:00+00:00
2024-11-11 11:07:33,999 - Long Buy 9.00 shares at 1335.49 on 2024-10-29 14:00:00+00:00
2024-11-11 11:07:33,999 - Long Buy 9.00 shares at 1335.83 on 2024-10-29 14:15:00+00:00
2024-11-11 11:07:33,999 - Long Buy 9.00 shares at 1337.94 on 2024-10-29 14:30:00+00:00
2024-11-11 11:07:33,999 - Long Buy 9.00 shares at 1338.73 on 2024-10-29 14:45:00+00:00
2024-11-11 11:07:33,999 - Long Buy 9.00 shares at 1339.54 on 2024-10-29 15:00:00+00:00
2024-11-11 11:07:33,999 - Long Buy 8.00 shares at 1339.0 on 2024-10-29 15:15:00+00:00
2024-11-11 11:07:33,999 - Long Buy 8.00 shares at 1338.5 on 2024-10-29 15:30:00+00:00
2024-11-11 11:07:33,999 - Long Buy 8.00 shares at 1335.96 on 2024-10-29 15:45:00+00:00
2024-11-11 11:07:33,999 - Long Buy 8.00 shares at 1336.95 on 2024-10-29 16:00:00+00:00
2024-11-11 11:07:33,999 - Long Buy 8.00 shares at 1336.78 on 2024-10-29 16:15:00+00:00
2024-11-11 11:07:33,999 - Long Buy 8.00 shares at 1333.63 on 2024-10-29 16:30:00+00:00
2024-11-11 11:07:33,999 - Long Buy 8.00 shares at 1339.44 on 2024-10-29 16:45:00+00:00
2024-11-11 11:07:33,999 - Long Buy 7.00 shares at 1337.89 on 2024-10-29 17:00:00+00:00
2024-11-11 11:07:33,999 - Long Buy 7.00 shares at 1335.3 on 2024-10-29 17:15:00+00:00
2024-11-11 11:07:33,999 - Long Buy 7.00 shares at 1337.14 on 2024-10-29 17:30:00+00:00
2024-11-11 11:07:33,999 - Long Buy 7.00 shares at 1338.37 on 2024-10-29 17:45:00+00:00
2024-11-11 11:07:33,999 - Long Buy 7.00 shares at 1340.83 on 2024-10-29 18:00:00+00:00
2024-11-11 11:07:33,999 - Long Buy 7.00 shares at 1340.84 on 2024-10-29 18:15:00+00:00
2024-11-11 11:07:33,999 - Long Buy 7.00 shares at 1340.23 on 2024-10-29 18:30:00+00:00
2024-11-11 11:07:33,999 - Long Buy 6.00 shares at 1340.83 on 2024-10-29 18:45:00+00:00
2024-11-11 11:07:33,999 - Long Buy 6.00 shares at 1339.03 on 2024-10-29 19:00:00+00:00
2024-11-11 11:07:33,999 - Long Buy 6.00 shares at 1339.4 on 2024-10-29 19:15:00+00:00
2024-11-11 11:07:33,999 - Long Buy 6.00 shares at 1336.95 on 2024-10-29 19:45:00+00:00
2024-11-11 11:07:33,999 - Long Buy 6.00 shares at 1333.52 on 2024-10-30 13:30:00+00:00
2024-11-11 11:07:33,999 - Long Buy 6.00 shares at 1337.94 on 2024-10-30 14:15:00+00:00
2024-11-11 11:07:34,000 - Long Buy 6.00 shares at 1337.6 on 2024-10-30 16:15:00+00:00
2024-11-11 11:07:34,000 - Long Buy 6.00 shares at 1336.0 on 2024-10-30 16:30:00+00:00
2024-11-11 11:07:34,000 - Long Buy 5.00 shares at 1335.88 on 2024-10-30 16:45:00+00:00
2024-11-11 11:07:34,000 - Long Buy 5.00 shares at 1335.87 on 2024-10-30 17:00:00+00:00
2024-11-11 11:07:34,000 - Long Buy 5.00 shares at 1336.2 on 2024-10-30 17:15:00+00:00
2024-11-11 11:07:34,000 - Long Buy 5.00 shares at 1336.54 on 2024-10-30 17:30:00+00:00
2024-11-11 11:07:34,000 - Long Buy 5.00 shares at 1337.22 on 2024-10-30 18:30:00+00:00
2024-11-11 11:07:34,000 - Long Buy 5.00 shares at 1336.97 on 2024-10-30 18:45:00+00:00
2024-11-11 11:07:34,000 - Long Buy 5.00 shares at 1335.68 on 2024-10-30 19:15:00+00:00
2024-11-11 11:07:34,000 - Long Buy 5.00 shares at 1334.96 on 2024-10-30 19:30:00+00:00
2024-11-11 11:07:34,000 - Long Buy 5.00 shares at 1328.77 on 2024-10-30 19:45:00+00:00
2024-11-11 11:07:34,000 - Long Buy 5.00 shares at 1325.24 on 2024-10-31 13:30:00+00:00
2024-11-11 11:07:34,000 - Long Buy 4.00 shares at 1327.5 on 2024-10-31 13:45:00+00:00
2024-11-11 11:07:34,000 - Long Buy 4.00 shares at 1313.24 on 2024-10-31 14:00:00+00:00
2024-11-11 11:07:34,000 - Long Buy 4.00 shares at 1312.6 on 2024-10-31 14:15:00+00:00
2024-11-11 11:07:34,000 - Long Buy 4.00 shares at 1312.15 on 2024-10-31 14:30:00+00:00
2024-11-11 11:07:34,000 - Sell to close 511.00 shares at 1309.9 on 2024-10-31 14:45:00+00:00 (Exit: Stop_loss, Profit: -15388.989999999652, Duration: 4380.0 minutes)
2024-11-11 11:07:34,000 - Long Buy 14.00 shares at 1313.25 on 2024-11-01 13:30:00+00:00
2024-11-11 11:07:34,000 - Long Buy 14.00 shares at 1307.0 on 2024-11-01 13:45:00+00:00
2024-11-11 11:07:34,000 - Long Buy 14.00 shares at 1310.17 on 2024-11-01 14:00:00+00:00
2024-11-11 11:07:34,000 - Long Buy 14.00 shares at 1309.73 on 2024-11-01 14:15:00+00:00
2024-11-11 11:07:34,000 - Long Buy 13.00 shares at 1307.94 on 2024-11-01 14:30:00+00:00
2024-11-11 11:07:34,001 - Long Buy 13.00 shares at 1307.48 on 2024-11-01 14:45:00+00:00
2024-11-11 11:07:34,001 - Long Buy 13.00 shares at 1305.13 on 2024-11-01 15:45:00+00:00
2024-11-11 11:07:34,001 - Long Buy 13.00 shares at 1305.84 on 2024-11-01 16:00:00+00:00
2024-11-11 11:07:34,001 - Long Buy 12.00 shares at 1307.98 on 2024-11-01 16:15:00+00:00
2024-11-11 11:07:34,001 - Long Buy 12.00 shares at 1305.36 on 2024-11-01 16:30:00+00:00
2024-11-11 11:07:34,001 - Long Buy 12.00 shares at 1304.91 on 2024-11-01 16:45:00+00:00
2024-11-11 11:07:34,001 - Long Buy 12.00 shares at 1305.53 on 2024-11-01 17:00:00+00:00
2024-11-11 11:07:34,001 - Long Buy 11.00 shares at 1307.01 on 2024-11-01 17:15:00+00:00
2024-11-11 11:07:34,001 - Long Buy 11.00 shares at 1304.8 on 2024-11-01 17:30:00+00:00
2024-11-11 11:07:34,001 - Long Buy 11.00 shares at 1301.1 on 2024-11-01 17:45:00+00:00
2024-11-11 11:07:34,001 - Long Buy 11.00 shares at 1300.57 on 2024-11-01 18:00:00+00:00
2024-11-11 11:07:34,001 - Long Buy 11.00 shares at 1300.95 on 2024-11-01 18:15:00+00:00
2024-11-11 11:07:34,001 - Long Buy 10.00 shares at 1303.08 on 2024-11-01 18:30:00+00:00
2024-11-11 11:07:34,001 - Long Buy 10.00 shares at 1302.49 on 2024-11-01 18:45:00+00:00
2024-11-11 11:07:34,001 - Long Buy 10.00 shares at 1305.3 on 2024-11-01 19:00:00+00:00
2024-11-11 11:07:34,001 - Long Buy 10.00 shares at 1304.18 on 2024-11-01 19:15:00+00:00
2024-11-11 11:07:34,001 - Long Buy 9.00 shares at 1305.81 on 2024-11-01 19:30:00+00:00
2024-11-11 11:07:34,001 - Long Buy 9.00 shares at 1305.44 on 2024-11-01 19:45:00+00:00
2024-11-11 11:07:34,001 - Sell to close 269.00 shares at 1316.0 on 2024-11-04 14:45:00+00:00 (Exit: Signal, Profit: 2702.989999999996, Duration: 4395.0 minutes)
2024-11-11 11:07:34,001 - Short Sell 14.00 shares at 1316.53 on 2024-11-04 15:00:00+00:00
2024-11-11 11:07:34,001 - Short Sell 14.00 shares at 1315.37 on 2024-11-04 15:15:00+00:00
2024-11-11 11:07:34,001 - Short Sell 14.00 shares at 1314.0 on 2024-11-04 16:00:00+00:00
2024-11-11 11:07:34,001 - Short Sell 14.00 shares at 1315.96 on 2024-11-04 16:15:00+00:00
2024-11-11 11:07:34,001 - Buy to cover -56.00 shares at 1312.46 on 2024-11-04 16:30:00+00:00 (Exit: Signal, Profit: 168.2800000000061, Duration: 90.0 minutes)
2024-11-11 11:07:34,001 - Long Buy 14.00 shares at 1308.67 on 2024-11-04 16:45:00+00:00
2024-11-11 11:07:34,001 - Long Buy 14.00 shares at 1310.32 on 2024-11-04 17:00:00+00:00
2024-11-11 11:07:34,001 - Long Buy 14.00 shares at 1311.58 on 2024-11-04 17:15:00+00:00
2024-11-11 11:07:34,002 - Long Buy 14.00 shares at 1310.6 on 2024-11-04 17:30:00+00:00
2024-11-11 11:07:34,002 - Long Buy 13.00 shares at 1313.4 on 2024-11-04 17:45:00+00:00
2024-11-11 11:07:34,002 - Long Buy 13.00 shares at 1312.77 on 2024-11-04 18:00:00+00:00
2024-11-11 11:07:34,002 - Sell to close 82.00 shares at 1318.53 on 2024-11-04 18:45:00+00:00 (Exit: Signal, Profit: 602.870000000039, Duration: 120.0 minutes)
2024-11-11 11:07:34,002 - Short Sell 14.00 shares at 1320.84 on 2024-11-04 19:00:00+00:00
2024-11-11 11:07:34,002 - Short Sell 14.00 shares at 1320.49 on 2024-11-04 19:15:00+00:00
2024-11-11 11:07:34,002 - Short Sell 14.00 shares at 1319.91 on 2024-11-04 19:30:00+00:00
2024-11-11 11:07:34,002 - Short Sell 14.00 shares at 1319.91 on 2024-11-04 20:00:00+00:00
2024-11-11 11:07:34,002 - Short Sell 14.00 shares at 1319.74 on 2024-11-04 20:15:00+00:00
2024-11-11 11:07:34,002 - Short Sell 14.00 shares at 1322.73 on 2024-11-05 14:30:00+00:00
2024-11-11 11:07:34,002 - Short Sell 14.00 shares at 1324.8 on 2024-11-05 14:45:00+00:00
2024-11-11 11:07:34,002 - Short Sell 14.00 shares at 1329.12 on 2024-11-05 15:00:00+00:00
2024-11-11 11:07:34,002 - Short Sell 14.00 shares at 1323.64 on 2024-11-05 15:15:00+00:00
2024-11-11 11:07:34,002 - Short Sell 14.00 shares at 1328.89 on 2024-11-05 15:30:00+00:00
2024-11-11 11:07:34,002 - Short Sell 14.00 shares at 1330.09 on 2024-11-05 15:45:00+00:00
2024-11-11 11:07:34,002 - Short Sell 14.00 shares at 1334.64 on 2024-11-05 16:00:00+00:00
2024-11-11 11:07:34,002 - Short Sell 14.00 shares at 1332.11 on 2024-11-05 16:15:00+00:00
2024-11-11 11:07:34,002 - Short Sell 14.00 shares at 1332.28 on 2024-11-05 16:30:00+00:00
2024-11-11 11:07:34,002 - Short Sell 14.00 shares at 1329.76 on 2024-11-05 16:45:00+00:00
2024-11-11 11:07:34,002 - Short Sell 14.00 shares at 1329.65 on 2024-11-05 17:00:00+00:00
2024-11-11 11:07:34,002 - Short Sell 14.00 shares at 1329.32 on 2024-11-05 17:15:00+00:00
2024-11-11 11:07:34,002 - Buy to cover -238.00 shares at 1328.47 on 2024-11-05 17:30:00+00:00 (Exit: Signal, Profit: -504.98000000002776, Duration: 1350.0 minutes)
2024-11-11 11:07:34,002 - Short Sell 14.00 shares at 1330.48 on 2024-11-05 17:45:00+00:00
2024-11-11 11:07:34,002 - Short Sell 14.00 shares at 1333.55 on 2024-11-05 18:00:00+00:00
2024-11-11 11:07:34,002 - Short Sell 14.00 shares at 1330.6 on 2024-11-05 18:15:00+00:00
2024-11-11 11:07:34,002 - Short Sell 14.00 shares at 1331.57 on 2024-11-05 18:30:00+00:00
2024-11-11 11:07:34,003 - Short Sell 14.00 shares at 1331.38 on 2024-11-05 19:00:00+00:00
2024-11-11 11:07:34,003 - Short Sell 14.00 shares at 1333.43 on 2024-11-05 19:15:00+00:00
2024-11-11 11:07:34,003 - Short Sell 14.00 shares at 1336.36 on 2024-11-05 19:30:00+00:00
2024-11-11 11:07:34,003 - Short Sell 14.00 shares at 1333.78 on 2024-11-05 19:45:00+00:00
2024-11-11 11:07:34,003 - Short Sell 14.00 shares at 1334.73 on 2024-11-05 20:00:00+00:00
2024-11-11 11:07:34,003 - Short Sell 14.00 shares at 1335.14 on 2024-11-05 20:15:00+00:00
2024-11-11 11:07:34,003 - Short Sell 14.00 shares at 1332.11 on 2024-11-05 20:30:00+00:00
2024-11-11 11:07:34,003 - Short Sell 14.00 shares at 1339.0 on 2024-11-05 20:45:00+00:00
2024-11-11 11:07:34,003 - Buy to cover -168.00 shares at 1388.44 on 2024-11-06 14:30:00+00:00 (Exit: Stop_loss, Profit: -9228.100000000059, Duration: 1245.0 minutes)
2024-11-11 11:07:34,003 - Long Buy 14.00 shares at 1320.58 on 2024-11-07 14:30:00+00:00
2024-11-11 11:07:34,003 - Long Buy 14.00 shares at 1318.94 on 2024-11-07 14:45:00+00:00
2024-11-11 11:07:34,003 - Long Buy 14.00 shares at 1332.22 on 2024-11-07 15:00:00+00:00
2024-11-11 11:07:34,003 - Long Buy 13.00 shares at 1322.1 on 2024-11-07 15:15:00+00:00
2024-11-11 11:07:34,003 - Long Buy 13.00 shares at 1336.0 on 2024-11-07 15:30:00+00:00
2024-11-11 11:07:34,003 - Long Buy 13.00 shares at 1344.11 on 2024-11-07 15:45:00+00:00
2024-11-11 11:07:34,003 - Long Buy 12.00 shares at 1337.15 on 2024-11-07 16:00:00+00:00
2024-11-11 11:07:34,003 - Long Buy 12.00 shares at 1336.91 on 2024-11-07 16:15:00+00:00
2024-11-11 11:07:34,003 - Long Buy 12.00 shares at 1330.12 on 2024-11-07 16:30:00+00:00
2024-11-11 11:07:34,003 - Long Buy 12.00 shares at 1325.76 on 2024-11-07 16:45:00+00:00
2024-11-11 11:07:34,003 - Long Buy 12.00 shares at 1327.81 on 2024-11-07 17:00:00+00:00
2024-11-11 11:07:34,003 - Long Buy 11.00 shares at 1325.0 on 2024-11-07 17:15:00+00:00
2024-11-11 11:07:34,003 - Long Buy 11.00 shares at 1315.8 on 2024-11-07 17:30:00+00:00
2024-11-11 11:07:34,003 - Long Buy 11.00 shares at 1323.45 on 2024-11-07 17:45:00+00:00
2024-11-11 11:07:34,003 - Long Buy 11.00 shares at 1323.97 on 2024-11-07 18:00:00+00:00
2024-11-11 11:07:34,004 - Long Buy 10.00 shares at 1327.2 on 2024-11-07 18:15:00+00:00
2024-11-11 11:07:34,004 - Long Buy 10.00 shares at 1327.05 on 2024-11-07 18:30:00+00:00
2024-11-11 11:07:34,004 - Long Buy 10.00 shares at 1328.88 on 2024-11-07 18:45:00+00:00
2024-11-11 11:07:34,004 - Long Buy 10.00 shares at 1325.61 on 2024-11-07 19:00:00+00:00
2024-11-11 11:07:34,004 - Long Buy 10.00 shares at 1327.04 on 2024-11-07 19:15:00+00:00
2024-11-11 11:07:34,004 - Sell to close 235.00 shares at 1329.02 on 2024-11-07 19:30:00+00:00 (Exit: Signal, Profit: 265.39000000001806, Duration: 300.0 minutes)
2024-11-11 11:07:34,004 - Short Sell 14.00 shares at 1330.38 on 2024-11-07 20:00:00+00:00
2024-11-11 11:07:34,004 - Short Sell 14.00 shares at 1331.22 on 2024-11-07 20:15:00+00:00
2024-11-11 11:07:34,004 - Short Sell 14.00 shares at 1330.91 on 2024-11-07 20:45:00+00:00
2024-11-11 11:07:34,004 - Short Sell 14.00 shares at 1338.7 on 2024-11-08 14:45:00+00:00
2024-11-11 11:07:34,004 - Short Sell 14.00 shares at 1335.6 on 2024-11-08 15:00:00+00:00
2024-11-11 11:07:34,004 - Short Sell 14.00 shares at 1338.5 on 2024-11-08 15:15:00+00:00
2024-11-11 11:07:34,004 - Short Sell 14.00 shares at 1348.22 on 2024-11-08 15:30:00+00:00
2024-11-11 11:07:34,004 - Short Sell 14.00 shares at 1348.48 on 2024-11-08 15:45:00+00:00
2024-11-11 11:07:34,004 - Short Sell 14.00 shares at 1354.0 on 2024-11-08 16:00:00+00:00
2024-11-11 11:07:34,004 - Short Sell 14.00 shares at 1359.18 on 2024-11-08 16:15:00+00:00
2024-11-11 11:07:34,004 - Short Sell 14.00 shares at 1353.8 on 2024-11-08 16:30:00+00:00
2024-11-11 11:07:34,004 - Short Sell 14.00 shares at 1360.47 on 2024-11-08 16:45:00+00:00
2024-11-11 11:07:34,004 - Short Sell 14.00 shares at 1355.86 on 2024-11-08 17:00:00+00:00
2024-11-11 11:07:34,004 - Short Sell 14.00 shares at 1355.13 on 2024-11-08 17:15:00+00:00
2024-11-11 11:07:34,004 - Short Sell 14.00 shares at 1364.15 on 2024-11-08 17:30:00+00:00
2024-11-11 11:07:34,004 - Short Sell 14.00 shares at 1362.87 on 2024-11-08 17:45:00+00:00
2024-11-11 11:07:34,004 - Short Sell 14.00 shares at 1362.96 on 2024-11-08 18:00:00+00:00
2024-11-11 11:07:34,004 - Short Sell 14.00 shares at 1361.37 on 2024-11-08 18:15:00+00:00
2024-11-11 11:07:34,004 - Short Sell 14.00 shares at 1364.36 on 2024-11-08 18:30:00+00:00
2024-11-11 11:07:34,004 - Short Sell 14.00 shares at 1366.34 on 2024-11-08 18:45:00+00:00
2024-11-11 11:07:34,004 - Short Sell 14.00 shares at 1367.5 on 2024-11-08 19:00:00+00:00
2024-11-11 11:07:34,004 - Buy to cover -294.00 shares at 1368.96 on 2024-11-08 19:15:00+00:00 (Exit: Stop_loss, Profit: -5014.240000000071, Duration: 1395.0 minutes)
2024-11-11 11:07:34,006 - Final statisticsStock: TDG, 
total_trades: 24, 
winning_trades: 17, 
losing_trades: 7, 
average_return: -0.0013756309641521404, 
average_duration: 1410.625, 
final_balance: 966966.9400000004, 
final_portfolio_value: 966966.9400000004, 
sharpe_ratio: 8.000139402221008, 



