2024-11-11 19:42:52,528 - Starting GBMStrategy with initial capital: 1000000
2024-11-11 19:42:52,528 - Hyperparameters: {'threshold': 1.5, 'time_periods': 30, 'num_simulations': 150}
2024-11-11 19:47:38,427 - Long Buy 33.00 shares at 600.7 on 2024-10-11 14:30:00+00:00
2024-11-11 19:47:38,429 - Long Buy 32.00 shares at 600.68 on 2024-10-11 14:45:00+00:00
2024-11-11 19:47:38,429 - Long Buy 32.00 shares at 600.52 on 2024-10-11 15:15:00+00:00
2024-11-11 19:47:38,429 - Long Buy 31.00 shares at 600.04 on 2024-10-11 15:30:00+00:00
2024-11-11 19:47:38,429 - Long Buy 30.00 shares at 598.72 on 2024-10-11 15:45:00+00:00
2024-11-11 19:47:38,429 - Long Buy 30.00 shares at 598.01 on 2024-10-11 16:00:00+00:00
2024-11-11 19:47:38,429 - Long Buy 29.00 shares at 596.82 on 2024-10-11 16:15:00+00:00
2024-11-11 19:47:38,429 - Long Buy 29.00 shares at 596.49 on 2024-10-11 16:30:00+00:00
2024-11-11 19:47:38,429 - Long Buy 28.00 shares at 597.3 on 2024-10-11 16:45:00+00:00
2024-11-11 19:47:38,429 - Long Buy 28.00 shares at 596.9 on 2024-10-11 17:00:00+00:00
2024-11-11 19:47:38,429 - Long Buy 27.00 shares at 596.8 on 2024-10-11 17:15:00+00:00
2024-11-11 19:47:38,429 - Long Buy 26.00 shares at 596.98 on 2024-10-11 17:30:00+00:00
2024-11-11 19:47:38,429 - Long Buy 26.00 shares at 596.86 on 2024-10-11 17:45:00+00:00
2024-11-11 19:47:38,429 - Long Buy 25.00 shares at 597.26 on 2024-10-11 18:00:00+00:00
2024-11-11 19:47:38,429 - Long Buy 25.00 shares at 597.27 on 2024-10-11 18:15:00+00:00
2024-11-11 19:47:38,429 - Long Buy 24.00 shares at 596.47 on 2024-10-11 18:30:00+00:00
2024-11-11 19:47:38,429 - Long Buy 24.00 shares at 596.55 on 2024-10-11 18:45:00+00:00
2024-11-11 19:47:38,429 - Long Buy 23.00 shares at 596.11 on 2024-10-11 19:00:00+00:00
2024-11-11 19:47:38,429 - Long Buy 23.00 shares at 596.85 on 2024-10-11 19:15:00+00:00
2024-11-11 19:47:38,430 - Long Buy 22.00 shares at 598.23 on 2024-10-11 19:30:00+00:00
2024-11-11 19:47:38,430 - Long Buy 22.00 shares at 596.92 on 2024-10-11 19:45:00+00:00
2024-11-11 19:47:38,430 - Long Buy 22.00 shares at 597.34 on 2024-10-14 13:30:00+00:00
2024-11-11 19:47:38,430 - Long Buy 21.00 shares at 596.81 on 2024-10-14 13:45:00+00:00
2024-11-11 19:47:38,430 - Long Buy 21.00 shares at 598.56 on 2024-10-14 14:00:00+00:00
2024-11-11 19:47:38,430 - Long Buy 20.00 shares at 598.9 on 2024-10-14 14:15:00+00:00
2024-11-11 19:47:38,430 - Sell to close 653.00 shares at 602.13 on 2024-10-14 15:00:00+00:00 (Exit: Profit_take, Profit: 2779.8599999999005, Duration: 4350.0 minutes)
2024-11-11 19:47:38,430 - Short Sell 33.00 shares at 602.48 on 2024-10-14 15:30:00+00:00
2024-11-11 19:47:38,430 - Short Sell 33.00 shares at 602.9 on 2024-10-14 15:45:00+00:00
2024-11-11 19:47:38,430 - Buy to cover -66.00 shares at 600.86 on 2024-10-14 16:15:00+00:00 (Exit: Signal, Profit: 120.7800000000027, Duration: 45.0 minutes)
2024-11-11 19:47:38,430 - Long Buy 33.00 shares at 600.32 on 2024-10-14 16:45:00+00:00
2024-11-11 19:47:38,430 - Long Buy 32.00 shares at 599.85 on 2024-10-14 17:00:00+00:00
2024-11-11 19:47:38,431 - Long Buy 32.00 shares at 599.73 on 2024-10-14 17:15:00+00:00
2024-11-11 19:47:38,431 - Long Buy 31.00 shares at 599.58 on 2024-10-14 17:30:00+00:00
2024-11-11 19:47:38,431 - Long Buy 30.00 shares at 599.43 on 2024-10-14 17:45:00+00:00
2024-11-11 19:47:38,431 - Long Buy 30.00 shares at 599.93 on 2024-10-14 18:00:00+00:00
2024-11-11 19:47:38,431 - Sell to close 188.00 shares at 602.97 on 2024-10-14 19:30:00+00:00 (Exit: Profit_take, Profit: 593.46000000001, Duration: 165.0 minutes)
2024-11-11 19:47:38,431 - Short Sell 33.00 shares at 604.08 on 2024-10-14 19:45:00+00:00
2024-11-11 19:47:38,431 - Short Sell 33.00 shares at 605.26 on 2024-10-15 13:30:00+00:00
2024-11-11 19:47:38,431 - Short Sell 33.00 shares at 605.1 on 2024-10-15 13:45:00+00:00
2024-11-11 19:47:38,431 - Short Sell 33.00 shares at 607.86 on 2024-10-15 14:00:00+00:00
2024-11-11 19:47:38,431 - Short Sell 32.00 shares at 609.58 on 2024-10-15 14:15:00+00:00
2024-11-11 19:47:38,431 - Short Sell 33.00 shares at 607.95 on 2024-10-15 14:30:00+00:00
2024-11-11 19:47:38,431 - Short Sell 33.00 shares at 606.47 on 2024-10-15 14:45:00+00:00
2024-11-11 19:47:38,431 - Short Sell 33.00 shares at 606.25 on 2024-10-15 15:00:00+00:00
2024-11-11 19:47:38,431 - Short Sell 33.00 shares at 606.66 on 2024-10-15 15:15:00+00:00
2024-11-11 19:47:38,431 - Short Sell 33.00 shares at 604.32 on 2024-10-15 15:30:00+00:00
2024-11-11 19:47:38,431 - Short Sell 33.00 shares at 604.57 on 2024-10-15 15:45:00+00:00
2024-11-11 19:47:38,431 - Short Sell 33.00 shares at 605.23 on 2024-10-15 16:00:00+00:00
2024-11-11 19:47:38,431 - Short Sell 33.00 shares at 605.28 on 2024-10-15 16:15:00+00:00
2024-11-11 19:47:38,431 - Buy to cover -428.00 shares at 603.79 on 2024-10-15 16:30:00+00:00 (Exit: Signal, Profit: 962.429999999958, Duration: 1245.0 minutes)
2024-11-11 19:47:38,431 - Long Buy 33.00 shares at 603.58 on 2024-10-15 16:45:00+00:00
2024-11-11 19:47:38,431 - Long Buy 32.00 shares at 604.02 on 2024-10-15 17:00:00+00:00
2024-11-11 19:47:38,431 - Long Buy 31.00 shares at 604.01 on 2024-10-15 17:15:00+00:00
2024-11-11 19:47:38,431 - Long Buy 31.00 shares at 604.06 on 2024-10-15 17:30:00+00:00
2024-11-11 19:47:38,431 - Long Buy 30.00 shares at 603.08 on 2024-10-15 17:45:00+00:00
2024-11-11 19:47:38,431 - Long Buy 30.00 shares at 603.3 on 2024-10-15 18:00:00+00:00
2024-11-11 19:47:38,431 - Long Buy 29.00 shares at 602.5 on 2024-10-15 18:15:00+00:00
2024-11-11 19:47:38,431 - Long Buy 29.00 shares at 601.82 on 2024-10-15 18:30:00+00:00
2024-11-11 19:47:38,432 - Long Buy 28.00 shares at 602.14 on 2024-10-15 18:45:00+00:00
2024-11-11 19:47:38,432 - Long Buy 27.00 shares at 600.12 on 2024-10-15 19:00:00+00:00
2024-11-11 19:47:38,432 - Long Buy 27.00 shares at 600.65 on 2024-10-15 19:15:00+00:00
2024-11-11 19:47:38,432 - Long Buy 26.00 shares at 600.04 on 2024-10-15 19:30:00+00:00
2024-11-11 19:47:38,432 - Long Buy 26.00 shares at 600.75 on 2024-10-15 19:45:00+00:00
2024-11-11 19:47:38,432 - Sell to close 379.00 shares at 589.71 on 2024-10-16 13:30:00+00:00 (Exit: Stop_loss, Profit: -4814.7900000000045, Duration: 1245.0 minutes)
2024-11-11 19:47:38,432 - Short Sell 33.00 shares at 601.05 on 2024-10-17 13:30:00+00:00
2024-11-11 19:47:38,432 - Short Sell 32.00 shares at 606.3 on 2024-10-17 13:45:00+00:00
2024-11-11 19:47:38,432 - Short Sell 32.00 shares at 606.79 on 2024-10-17 14:00:00+00:00
2024-11-11 19:47:38,432 - Short Sell 32.00 shares at 605.81 on 2024-10-17 14:15:00+00:00
2024-11-11 19:47:38,432 - Short Sell 33.00 shares at 605.35 on 2024-10-17 14:30:00+00:00
2024-11-11 19:47:38,432 - Short Sell 33.00 shares at 605.5 on 2024-10-17 14:45:00+00:00
2024-11-11 19:47:38,432 - Short Sell 33.00 shares at 605.31 on 2024-10-17 15:00:00+00:00
2024-11-11 19:47:38,432 - Short Sell 33.00 shares at 605.72 on 2024-10-17 15:15:00+00:00
2024-11-11 19:47:38,432 - Short Sell 33.00 shares at 602.64 on 2024-10-17 15:30:00+00:00
2024-11-11 19:47:38,432 - Short Sell 33.00 shares at 603.14 on 2024-10-17 15:45:00+00:00
2024-11-11 19:47:38,432 - Short Sell 33.00 shares at 603.68 on 2024-10-17 16:00:00+00:00
2024-11-11 19:47:38,432 - Short Sell 33.00 shares at 602.55 on 2024-10-17 16:15:00+00:00
2024-11-11 19:47:38,432 - Short Sell 33.00 shares at 601.84 on 2024-10-17 16:30:00+00:00
2024-11-11 19:47:38,432 - Buy to cover -426.00 shares at 600.76 on 2024-10-17 16:45:00+00:00 (Exit: Profit_take, Profit: 1494.7800000000566, Duration: 195.0 minutes)
2024-11-11 19:47:38,432 - Short Sell 33.00 shares at 600.37 on 2024-10-17 17:00:00+00:00
2024-11-11 19:47:38,432 - Short Sell 33.00 shares at 599.56 on 2024-10-17 17:15:00+00:00
2024-11-11 19:47:38,432 - Short Sell 33.00 shares at 599.74 on 2024-10-17 17:30:00+00:00
2024-11-11 19:47:38,432 - Short Sell 33.00 shares at 601.97 on 2024-10-17 17:45:00+00:00
2024-11-11 19:47:38,433 - Short Sell 33.00 shares at 600.81 on 2024-10-17 18:00:00+00:00
2024-11-11 19:47:38,433 - Short Sell 33.00 shares at 597.59 on 2024-10-17 18:15:00+00:00
2024-11-11 19:47:38,433 - Short Sell 33.00 shares at 598.2 on 2024-10-17 18:30:00+00:00
2024-11-11 19:47:38,433 - Short Sell 33.00 shares at 598.07 on 2024-10-17 18:45:00+00:00
2024-11-11 19:47:38,433 - Short Sell 33.00 shares at 599.54 on 2024-10-17 19:45:00+00:00
2024-11-11 19:47:38,433 - Short Sell 33.00 shares at 600.88 on 2024-10-18 13:30:00+00:00
2024-11-11 19:47:38,433 - Short Sell 33.00 shares at 599.44 on 2024-10-18 14:30:00+00:00
2024-11-11 19:47:38,433 - Short Sell 33.00 shares at 600.07 on 2024-10-18 14:45:00+00:00
2024-11-11 19:47:38,433 - Short Sell 33.00 shares at 600.87 on 2024-10-18 15:00:00+00:00
2024-11-11 19:47:38,433 - Short Sell 33.00 shares at 600.59 on 2024-10-18 15:15:00+00:00
2024-11-11 19:47:38,433 - Short Sell 33.00 shares at 601.71 on 2024-10-18 15:30:00+00:00
2024-11-11 19:47:38,433 - Short Sell 33.00 shares at 601.53 on 2024-10-18 15:45:00+00:00
2024-11-11 19:47:38,433 - Short Sell 33.00 shares at 600.1 on 2024-10-18 16:00:00+00:00
2024-11-11 19:47:38,433 - Short Sell 33.00 shares at 600.3 on 2024-10-18 16:15:00+00:00
2024-11-11 19:47:38,433 - Short Sell 33.00 shares at 601.44 on 2024-10-18 16:30:00+00:00
2024-11-11 19:47:38,433 - Short Sell 33.00 shares at 601.5 on 2024-10-18 16:45:00+00:00
2024-11-11 19:47:38,433 - Short Sell 33.00 shares at 601.73 on 2024-10-18 17:00:00+00:00
2024-11-11 19:47:38,433 - Short Sell 33.00 shares at 601.75 on 2024-10-18 17:15:00+00:00
2024-11-11 19:47:38,433 - Short Sell 33.00 shares at 602.05 on 2024-10-18 17:30:00+00:00
2024-11-11 19:47:38,433 - Short Sell 33.00 shares at 601.97 on 2024-10-18 17:45:00+00:00
2024-11-11 19:47:38,433 - Short Sell 33.00 shares at 602.95 on 2024-10-18 18:00:00+00:00
2024-11-11 19:47:38,433 - Buy to cover -825.00 shares at 603.97 on 2024-10-18 18:15:00+00:00 (Exit: Stop_loss, Profit: -2789.160000000018, Duration: 1515.0 minutes)
2024-11-11 19:47:38,433 - Long Buy 33.00 shares at 597.44 on 2024-10-21 13:30:00+00:00
2024-11-11 19:47:38,433 - Long Buy 32.00 shares at 595.85 on 2024-10-21 13:45:00+00:00
2024-11-11 19:47:38,433 - Long Buy 32.00 shares at 597.11 on 2024-10-21 14:00:00+00:00
2024-11-11 19:47:38,433 - Long Buy 31.00 shares at 594.61 on 2024-10-21 14:15:00+00:00
2024-11-11 19:47:38,433 - Long Buy 31.00 shares at 594.53 on 2024-10-21 14:30:00+00:00
2024-11-11 19:47:38,433 - Long Buy 30.00 shares at 593.31 on 2024-10-21 14:45:00+00:00
2024-11-11 19:47:38,434 - Long Buy 29.00 shares at 592.58 on 2024-10-21 15:00:00+00:00
2024-11-11 19:47:38,434 - Long Buy 29.00 shares at 593.15 on 2024-10-21 15:15:00+00:00
2024-11-11 19:47:38,434 - Long Buy 28.00 shares at 592.76 on 2024-10-21 15:30:00+00:00
2024-11-11 19:47:38,434 - Long Buy 28.00 shares at 594.46 on 2024-10-21 15:45:00+00:00
2024-11-11 19:47:38,434 - Long Buy 27.00 shares at 594.27 on 2024-10-21 16:00:00+00:00
2024-11-11 19:47:38,434 - Long Buy 27.00 shares at 593.79 on 2024-10-21 16:15:00+00:00
2024-11-11 19:47:38,434 - Long Buy 26.00 shares at 593.27 on 2024-10-21 16:30:00+00:00
2024-11-11 19:47:38,434 - Long Buy 25.00 shares at 594.6 on 2024-10-21 16:45:00+00:00
2024-11-11 19:47:38,434 - Long Buy 25.00 shares at 593.48 on 2024-10-21 17:00:00+00:00
2024-11-11 19:47:38,434 - Long Buy 24.00 shares at 593.98 on 2024-10-21 17:15:00+00:00
2024-11-11 19:47:38,434 - Long Buy 24.00 shares at 594.61 on 2024-10-21 17:30:00+00:00
2024-11-11 19:47:38,434 - Long Buy 23.00 shares at 595.83 on 2024-10-21 17:45:00+00:00
2024-11-11 19:47:38,434 - Long Buy 23.00 shares at 593.91 on 2024-10-21 18:00:00+00:00
2024-11-11 19:47:38,434 - Long Buy 23.00 shares at 594.08 on 2024-10-21 18:15:00+00:00
2024-11-11 19:47:38,434 - Long Buy 22.00 shares at 593.14 on 2024-10-21 18:30:00+00:00
2024-11-11 19:47:38,434 - Long Buy 22.00 shares at 593.7 on 2024-10-21 18:45:00+00:00
2024-11-11 19:47:38,434 - Long Buy 21.00 shares at 594.31 on 2024-10-21 19:00:00+00:00
2024-11-11 19:47:38,434 - Long Buy 21.00 shares at 593.95 on 2024-10-21 19:15:00+00:00
2024-11-11 19:47:38,434 - Long Buy 20.00 shares at 594.22 on 2024-10-21 19:30:00+00:00
2024-11-11 19:47:38,434 - Long Buy 20.00 shares at 595.57 on 2024-10-21 19:45:00+00:00
2024-11-11 19:47:38,434 - Sell to close 676.00 shares at 587.04 on 2024-10-22 13:30:00+00:00 (Exit: Stop_loss, Profit: -4960.570000000211, Duration: 1440.0 minutes)
2024-11-11 19:47:38,434 - Long Buy 34.00 shares at 573.93 on 2024-10-23 13:30:00+00:00
2024-11-11 19:47:38,434 - Long Buy 34.00 shares at 569.36 on 2024-10-23 13:45:00+00:00
2024-11-11 19:47:38,434 - Sell to close 68.00 shares at 568.13 on 2024-10-23 14:00:00+00:00 (Exit: Stop_loss, Profit: -239.01999999999907, Duration: 30.0 minutes)
2024-11-11 19:47:38,435 - Short Sell 34.00 shares at 570.48 on 2024-10-24 13:45:00+00:00
2024-11-11 19:47:38,435 - Buy to cover -34.00 shares at 566.74 on 2024-10-24 14:30:00+00:00 (Exit: Profit_take, Profit: 127.16000000000031, Duration: 45.0 minutes)
2024-11-11 19:47:38,435 - Long Buy 35.00 shares at 565.6 on 2024-10-24 15:15:00+00:00
2024-11-11 19:47:38,435 - Long Buy 34.00 shares at 564.9 on 2024-10-24 15:30:00+00:00
2024-11-11 19:47:38,435 - Long Buy 33.00 shares at 565.35 on 2024-10-24 15:45:00+00:00
2024-11-11 19:47:38,435 - Long Buy 33.00 shares at 564.25 on 2024-10-24 16:00:00+00:00
2024-11-11 19:47:38,435 - Long Buy 32.00 shares at 562.91 on 2024-10-24 16:15:00+00:00
2024-11-11 19:47:38,435 - Long Buy 31.00 shares at 562.84 on 2024-10-24 16:30:00+00:00
2024-11-11 19:47:38,435 - Long Buy 31.00 shares at 563.27 on 2024-10-24 16:45:00+00:00
2024-11-11 19:47:38,435 - Long Buy 30.00 shares at 562.87 on 2024-10-24 17:00:00+00:00
2024-11-11 19:47:38,435 - Long Buy 30.00 shares at 562.3 on 2024-10-24 17:15:00+00:00
2024-11-11 19:47:38,435 - Long Buy 29.00 shares at 563.11 on 2024-10-24 17:30:00+00:00
2024-11-11 19:47:38,435 - Long Buy 28.00 shares at 562.48 on 2024-10-24 17:45:00+00:00
2024-11-11 19:47:38,435 - Long Buy 28.00 shares at 563.37 on 2024-10-24 18:00:00+00:00
2024-11-11 19:47:38,435 - Long Buy 27.00 shares at 562.96 on 2024-10-24 18:15:00+00:00
2024-11-11 19:47:38,435 - Long Buy 27.00 shares at 563.09 on 2024-10-24 18:30:00+00:00
2024-11-11 19:47:38,435 - Long Buy 26.00 shares at 563.37 on 2024-10-24 18:45:00+00:00
2024-11-11 19:47:38,435 - Long Buy 26.00 shares at 562.98 on 2024-10-24 19:00:00+00:00
2024-11-11 19:47:38,435 - Long Buy 25.00 shares at 561.24 on 2024-10-24 19:15:00+00:00
2024-11-11 19:47:38,435 - Sell to close 505.00 shares at 559.69 on 2024-10-24 19:30:00+00:00 (Exit: Stop_loss, Profit: -1887.020000000009, Duration: 255.0 minutes)
2024-11-11 19:47:38,435 - Long Buy 35.00 shares at 558.17 on 2024-10-25 13:30:00+00:00
2024-11-11 19:47:38,435 - Long Buy 34.00 shares at 557.9 on 2024-10-25 13:45:00+00:00
2024-11-11 19:47:38,435 - Long Buy 34.00 shares at 559.78 on 2024-10-25 14:00:00+00:00
2024-11-11 19:47:38,436 - Long Buy 33.00 shares at 560.35 on 2024-10-25 14:15:00+00:00
2024-11-11 19:47:38,436 - Long Buy 32.00 shares at 559.25 on 2024-10-25 14:30:00+00:00
2024-11-11 19:47:38,436 - Long Buy 32.00 shares at 558.38 on 2024-10-25 14:45:00+00:00
2024-11-11 19:47:38,436 - Long Buy 31.00 shares at 557.57 on 2024-10-25 15:00:00+00:00
2024-11-11 19:47:38,436 - Long Buy 30.00 shares at 556.6 on 2024-10-25 15:15:00+00:00
2024-11-11 19:47:38,436 - Long Buy 30.00 shares at 557.12 on 2024-10-25 15:30:00+00:00
2024-11-11 19:47:38,436 - Long Buy 29.00 shares at 556.88 on 2024-10-25 15:45:00+00:00
2024-11-11 19:47:38,436 - Long Buy 29.00 shares at 556.71 on 2024-10-25 16:00:00+00:00
2024-11-11 19:47:38,436 - Long Buy 28.00 shares at 557.21 on 2024-10-25 16:15:00+00:00
2024-11-11 19:47:38,436 - Long Buy 28.00 shares at 556.56 on 2024-10-25 16:30:00+00:00
2024-11-11 19:47:38,436 - Long Buy 27.00 shares at 556.31 on 2024-10-25 16:45:00+00:00
2024-11-11 19:47:38,436 - Long Buy 27.00 shares at 555.6 on 2024-10-25 17:00:00+00:00
2024-11-11 19:47:38,436 - Long Buy 26.00 shares at 555.09 on 2024-10-25 17:15:00+00:00
2024-11-11 19:47:38,436 - Sell to close 485.00 shares at 553.83 on 2024-10-25 17:30:00+00:00 (Exit: Stop_loss, Profit: -1815.0800000000231, Duration: 240.0 minutes)
2024-11-11 19:47:38,436 - Short Sell 35.00 shares at 558.05 on 2024-10-28 14:15:00+00:00
2024-11-11 19:47:38,436 - Buy to cover -35.00 shares at 553.99 on 2024-10-28 15:15:00+00:00 (Exit: Profit_take, Profit: 142.0999999999981, Duration: 60.0 minutes)
2024-11-11 19:47:38,436 - Long Buy 35.00 shares at 553.44 on 2024-10-28 15:30:00+00:00
2024-11-11 19:47:38,436 - Long Buy 35.00 shares at 553.56 on 2024-10-28 15:45:00+00:00
2024-11-11 19:47:38,436 - Long Buy 34.00 shares at 552.89 on 2024-10-28 16:00:00+00:00
2024-11-11 19:47:38,436 - Long Buy 33.00 shares at 552.41 on 2024-10-28 16:15:00+00:00
2024-11-11 19:47:38,436 - Long Buy 33.00 shares at 552.52 on 2024-10-28 16:30:00+00:00
2024-11-11 19:47:38,436 - Long Buy 32.00 shares at 551.37 on 2024-10-28 16:45:00+00:00
2024-11-11 19:47:38,436 - Long Buy 31.00 shares at 551.23 on 2024-10-28 17:00:00+00:00
2024-11-11 19:47:38,436 - Long Buy 31.00 shares at 552.43 on 2024-10-28 17:15:00+00:00
2024-11-11 19:47:38,436 - Long Buy 30.00 shares at 552.83 on 2024-10-28 17:30:00+00:00
2024-11-11 19:47:38,436 - Long Buy 29.00 shares at 552.47 on 2024-10-28 17:45:00+00:00
2024-11-11 19:47:38,437 - Sell to close 323.00 shares at 553.49 on 2024-10-28 18:00:00+00:00 (Exit: Signal, Profit: 307.48999999999285, Duration: 150.0 minutes)
2024-11-11 19:47:38,437 - Short Sell 35.00 shares at 553.03 on 2024-10-28 18:15:00+00:00
2024-11-11 19:47:38,437 - Short Sell 35.00 shares at 553.89 on 2024-10-28 18:30:00+00:00
2024-11-11 19:47:38,437 - Short Sell 35.00 shares at 553.95 on 2024-10-28 18:45:00+00:00
2024-11-11 19:47:38,437 - Short Sell 35.00 shares at 553.84 on 2024-10-28 19:00:00+00:00
2024-11-11 19:47:38,437 - Short Sell 35.00 shares at 553.72 on 2024-10-28 19:15:00+00:00
2024-11-11 19:47:38,437 - Short Sell 35.00 shares at 553.98 on 2024-10-28 19:30:00+00:00
2024-11-11 19:47:38,437 - Buy to cover -210.00 shares at 550.47 on 2024-10-29 13:30:00+00:00 (Exit: Profit_take, Profit: 685.6499999999971, Duration: 1155.0 minutes)
2024-11-11 19:47:38,437 - Long Buy 36.00 shares at 549.85 on 2024-10-29 16:15:00+00:00
2024-11-11 19:47:38,437 - Sell to close 36.00 shares at 550.2 on 2024-10-29 19:00:00+00:00 (Exit: Signal, Profit: 12.600000000000819, Duration: 165.0 minutes)
2024-11-11 19:47:38,437 - Long Buy 36.00 shares at 547.92 on 2024-10-29 19:45:00+00:00
2024-11-11 19:47:38,437 - Sell to close 36.00 shares at 553.14 on 2024-10-30 13:30:00+00:00 (Exit: Profit_take, Profit: 187.92000000000098, Duration: 1065.0 minutes)
2024-11-11 19:47:38,437 - Short Sell 35.00 shares at 553.43 on 2024-10-30 13:45:00+00:00
2024-11-11 19:47:38,437 - Short Sell 35.00 shares at 552.17 on 2024-10-30 14:00:00+00:00
2024-11-11 19:47:38,438 - Short Sell 35.00 shares at 553.66 on 2024-10-30 14:15:00+00:00
2024-11-11 19:47:38,438 - Short Sell 35.00 shares at 552.86 on 2024-10-30 14:30:00+00:00
2024-11-11 19:47:38,438 - Short Sell 35.00 shares at 554.15 on 2024-10-30 14:45:00+00:00
2024-11-11 19:47:38,438 - Short Sell 35.00 shares at 553.14 on 2024-10-30 15:00:00+00:00
2024-11-11 19:47:38,438 - Short Sell 35.00 shares at 552.84 on 2024-10-30 15:15:00+00:00
2024-11-11 19:47:38,438 - Short Sell 35.00 shares at 553.35 on 2024-10-30 15:30:00+00:00
2024-11-11 19:47:38,438 - Short Sell 35.00 shares at 552.92 on 2024-10-30 15:45:00+00:00
2024-11-11 19:47:38,438 - Short Sell 35.00 shares at 552.68 on 2024-10-30 16:00:00+00:00
2024-11-11 19:47:38,438 - Short Sell 35.00 shares at 552.55 on 2024-10-30 16:15:00+00:00
2024-11-11 19:47:38,438 - Short Sell 35.00 shares at 552.18 on 2024-10-30 16:30:00+00:00
2024-11-11 19:47:38,438 - Short Sell 35.00 shares at 552.36 on 2024-10-30 16:45:00+00:00
2024-11-11 19:47:38,438 - Short Sell 35.00 shares at 552.45 on 2024-10-30 17:00:00+00:00
2024-11-11 19:47:38,438 - Short Sell 35.00 shares at 552.09 on 2024-10-30 17:30:00+00:00
2024-11-11 19:47:38,438 - Short Sell 35.00 shares at 552.29 on 2024-10-30 18:00:00+00:00
2024-11-11 19:47:38,438 - Buy to cover -560.00 shares at 550.71 on 2024-10-31 13:30:00+00:00 (Exit: Signal, Profit: 1181.6000000000713, Duration: 1425.0 minutes)
2024-11-11 19:47:38,438 - Long Buy 36.00 shares at 549.69 on 2024-10-31 13:45:00+00:00
2024-11-11 19:47:38,438 - Long Buy 35.00 shares at 546.94 on 2024-10-31 14:00:00+00:00
2024-11-11 19:47:38,438 - Long Buy 34.00 shares at 545.77 on 2024-10-31 14:15:00+00:00
2024-11-11 19:47:38,438 - Long Buy 34.00 shares at 546.59 on 2024-10-31 14:30:00+00:00
2024-11-11 19:47:38,438 - Long Buy 33.00 shares at 548.62 on 2024-10-31 14:45:00+00:00
2024-11-11 19:47:38,438 - Long Buy 32.00 shares at 548.75 on 2024-10-31 15:15:00+00:00
2024-11-11 19:47:38,438 - Long Buy 32.00 shares at 548.85 on 2024-10-31 15:30:00+00:00
2024-11-11 19:47:38,438 - Long Buy 31.00 shares at 549.11 on 2024-10-31 15:45:00+00:00
2024-11-11 19:47:38,438 - Long Buy 30.00 shares at 548.83 on 2024-10-31 17:15:00+00:00
2024-11-11 19:47:38,438 - Long Buy 30.00 shares at 548.98 on 2024-10-31 17:30:00+00:00
2024-11-11 19:47:38,439 - Sell to close 327.00 shares at 551.5 on 2024-10-31 19:00:00+00:00 (Exit: Profit_take, Profit: 1084.1500000000233, Duration: 315.0 minutes)
2024-11-11 19:47:38,439 - Long Buy 36.00 shares at 546.5 on 2024-10-31 19:45:00+00:00
2024-11-11 19:47:38,439 - Sell to close 36.00 shares at 561.38 on 2024-11-01 13:30:00+00:00 (Exit: Profit_take, Profit: 535.6799999999998, Duration: 1065.0 minutes)
2024-11-11 19:47:38,439 - Short Sell 35.00 shares at 560.69 on 2024-11-01 13:45:00+00:00
2024-11-11 19:47:38,439 - Short Sell 35.00 shares at 559.79 on 2024-11-01 14:00:00+00:00
2024-11-11 19:47:38,439 - Short Sell 35.00 shares at 559.56 on 2024-11-01 14:15:00+00:00
2024-11-11 19:47:38,439 - Buy to cover -105.00 shares at 559.25 on 2024-11-01 14:30:00+00:00 (Exit: Signal, Profit: 80.14999999999873, Duration: 45.0 minutes)
2024-11-11 19:47:38,439 - Long Buy 35.00 shares at 557.63 on 2024-11-01 15:15:00+00:00
2024-11-11 19:47:38,439 - Long Buy 34.00 shares at 558.47 on 2024-11-01 15:45:00+00:00
2024-11-11 19:47:38,439 - Long Buy 34.00 shares at 558.0 on 2024-11-01 16:15:00+00:00
2024-11-11 19:47:38,439 - Long Buy 33.00 shares at 556.69 on 2024-11-01 17:30:00+00:00
2024-11-11 19:47:38,439 - Long Buy 32.00 shares at 557.04 on 2024-11-01 17:45:00+00:00
2024-11-11 19:47:38,439 - Long Buy 32.00 shares at 556.51 on 2024-11-01 18:00:00+00:00
2024-11-11 19:47:38,439 - Long Buy 31.00 shares at 557.29 on 2024-11-01 18:15:00+00:00
2024-11-11 19:47:38,439 - Long Buy 31.00 shares at 556.39 on 2024-11-04 14:30:00+00:00
2024-11-11 19:47:38,439 - Long Buy 30.00 shares at 556.72 on 2024-11-04 15:15:00+00:00
2024-11-11 19:47:38,439 - Long Buy 29.00 shares at 556.54 on 2024-11-04 15:30:00+00:00
2024-11-11 19:47:38,439 - Long Buy 29.00 shares at 554.33 on 2024-11-04 15:45:00+00:00
2024-11-11 19:47:38,439 - Long Buy 28.00 shares at 553.54 on 2024-11-04 16:00:00+00:00
2024-11-11 19:47:38,439 - Long Buy 28.00 shares at 554.11 on 2024-11-04 16:15:00+00:00
2024-11-11 19:47:38,440 - Sell to close 406.00 shares at 552.23 on 2024-11-04 16:30:00+00:00 (Exit: Stop_loss, Profit: -1731.129999999933, Duration: 4395.0 minutes)
2024-11-11 19:47:38,440 - Short Sell 35.00 shares at 558.26 on 2024-11-05 15:00:00+00:00
2024-11-11 19:47:38,440 - Short Sell 35.00 shares at 557.15 on 2024-11-05 15:15:00+00:00
2024-11-11 19:47:38,440 - Short Sell 35.00 shares at 557.34 on 2024-11-05 15:30:00+00:00
2024-11-11 19:47:38,440 - Short Sell 35.00 shares at 556.83 on 2024-11-05 16:00:00+00:00
2024-11-11 19:47:38,440 - Short Sell 35.00 shares at 557.63 on 2024-11-05 16:15:00+00:00
2024-11-11 19:47:38,440 - Short Sell 35.00 shares at 558.06 on 2024-11-05 16:30:00+00:00
2024-11-11 19:47:38,440 - Short Sell 35.00 shares at 558.64 on 2024-11-05 16:45:00+00:00
2024-11-11 19:47:38,440 - Short Sell 35.00 shares at 559.25 on 2024-11-05 17:00:00+00:00
2024-11-11 19:47:38,440 - Short Sell 35.00 shares at 560.35 on 2024-11-05 17:15:00+00:00
2024-11-11 19:47:38,440 - Buy to cover -315.00 shares at 560.05 on 2024-11-05 17:30:00+00:00 (Exit: Signal, Profit: -592.899999999974, Duration: 150.0 minutes)
2024-11-11 19:47:38,440 - Long Buy 35.00 shares at 553.73 on 2024-11-06 14:30:00+00:00
2024-11-11 19:47:38,440 - Long Buy 35.00 shares at 552.07 on 2024-11-06 14:45:00+00:00
2024-11-11 19:47:38,440 - Long Buy 34.00 shares at 552.71 on 2024-11-06 15:00:00+00:00
2024-11-11 19:47:38,440 - Long Buy 33.00 shares at 551.05 on 2024-11-06 15:15:00+00:00
2024-11-11 19:47:38,440 - Long Buy 33.00 shares at 553.04 on 2024-11-06 15:30:00+00:00
2024-11-11 19:47:38,440 - Sell to close 170.00 shares at 556.03 on 2024-11-06 15:45:00+00:00 (Exit: Profit_take, Profit: 594.9900000000116, Duration: 75.0 minutes)
2024-11-11 19:47:38,441 - Long Buy 35.00 shares at 561.83 on 2024-11-06 18:30:00+00:00
2024-11-11 19:47:38,441 - Long Buy 34.00 shares at 560.33 on 2024-11-06 19:00:00+00:00
2024-11-11 19:47:38,441 - Long Buy 34.00 shares at 559.79 on 2024-11-06 19:15:00+00:00
2024-11-11 19:47:38,441 - Long Buy 33.00 shares at 559.66 on 2024-11-06 19:30:00+00:00
2024-11-11 19:47:38,441 - Long Buy 32.00 shares at 559.6 on 2024-11-06 19:45:00+00:00
2024-11-11 19:47:38,441 - Long Buy 32.00 shares at 560.24 on 2024-11-06 20:30:00+00:00
2024-11-11 19:47:38,441 - Long Buy 31.00 shares at 559.8 on 2024-11-06 20:45:00+00:00
2024-11-11 19:47:38,441 - Long Buy 30.00 shares at 559.72 on 2024-11-07 14:45:00+00:00
2024-11-11 19:47:38,441 - Long Buy 30.00 shares at 559.62 on 2024-11-07 15:00:00+00:00
2024-11-11 19:47:38,441 - Long Buy 29.00 shares at 559.46 on 2024-11-07 15:15:00+00:00
2024-11-11 19:47:38,441 - Long Buy 29.00 shares at 560.03 on 2024-11-07 15:30:00+00:00
2024-11-11 19:47:38,441 - Long Buy 28.00 shares at 557.38 on 2024-11-07 15:45:00+00:00
2024-11-11 19:47:38,441 - Long Buy 27.00 shares at 558.73 on 2024-11-07 16:00:00+00:00
2024-11-11 19:47:38,441 - Long Buy 27.00 shares at 557.33 on 2024-11-07 16:15:00+00:00
2024-11-11 19:47:38,441 - Long Buy 26.00 shares at 556.95 on 2024-11-07 16:30:00+00:00
2024-11-11 19:47:38,441 - Long Buy 26.00 shares at 556.63 on 2024-11-07 16:45:00+00:00
2024-11-11 19:47:38,441 - Long Buy 25.00 shares at 557.65 on 2024-11-07 17:00:00+00:00
2024-11-11 19:47:38,441 - Long Buy 25.00 shares at 558.09 on 2024-11-07 17:15:00+00:00
2024-11-11 19:47:38,441 - Long Buy 24.00 shares at 557.88 on 2024-11-07 17:30:00+00:00
2024-11-11 19:47:38,441 - Long Buy 24.00 shares at 557.91 on 2024-11-07 17:45:00+00:00
2024-11-11 19:47:38,441 - Long Buy 23.00 shares at 557.39 on 2024-11-07 18:00:00+00:00
2024-11-11 19:47:38,441 - Long Buy 23.00 shares at 557.01 on 2024-11-07 18:15:00+00:00
2024-11-11 19:47:38,441 - Sell to close 627.00 shares at 556.01 on 2024-11-07 18:30:00+00:00 (Exit: Stop_loss, Profit: -1829.7299999999866, Duration: 1440.0 minutes)
2024-11-11 19:47:38,441 - Long Buy 35.00 shares at 553.35 on 2024-11-08 14:30:00+00:00
2024-11-11 19:47:38,441 - Long Buy 35.00 shares at 553.36 on 2024-11-08 14:45:00+00:00
2024-11-11 19:47:38,442 - Long Buy 34.00 shares at 552.4 on 2024-11-08 15:00:00+00:00
2024-11-11 19:47:38,442 - Long Buy 33.00 shares at 553.26 on 2024-11-08 15:15:00+00:00
2024-11-11 19:47:38,442 - Long Buy 33.00 shares at 553.31 on 2024-11-08 16:00:00+00:00
2024-11-11 19:47:38,442 - Long Buy 32.00 shares at 553.37 on 2024-11-08 16:45:00+00:00
2024-11-11 19:47:38,442 - Long Buy 31.00 shares at 553.21 on 2024-11-08 17:15:00+00:00
2024-11-11 19:47:38,442 - Long Buy 31.00 shares at 553.27 on 2024-11-08 17:30:00+00:00
2024-11-11 19:47:38,442 - Long Buy 30.00 shares at 553.13 on 2024-11-08 18:00:00+00:00
2024-11-11 19:47:38,442 - Long Buy 29.00 shares at 552.44 on 2024-11-08 18:15:00+00:00
2024-11-11 19:47:38,442 - Long Buy 29.00 shares at 552.98 on 2024-11-08 18:30:00+00:00
2024-11-11 19:47:38,442 - Long Buy 28.00 shares at 552.92 on 2024-11-08 19:15:00+00:00
2024-11-11 19:47:38,442 - Long Buy 28.00 shares at 552.52 on 2024-11-08 19:30:00+00:00
2024-11-11 19:47:38,442 - Long Buy 27.00 shares at 552.76 on 2024-11-08 19:45:00+00:00
2024-11-11 19:47:38,442 - Long Buy 27.00 shares at 552.5 on 2024-11-08 20:00:00+00:00
2024-11-11 19:47:38,442 - Long Buy 26.00 shares at 551.91 on 2024-11-08 20:15:00+00:00
2024-11-11 19:47:38,442 - Long Buy 26.00 shares at 550.82 on 2024-11-08 20:30:00+00:00
2024-11-11 19:47:38,443 - Holding 514.0 shares as an open position at the end with unrealized return: -0.0024190030925711173, Duration: 375.0 minutes
2024-11-11 19:47:38,444 - Final statisticsStock: TMO, 
total_trades: 26, 
winning_trades: 16, 
losing_trades: 10, 
average_return: 0.0009273139122267117, 
average_duration: 871.1538461538462, 
final_balance: 706073.0200000003, 
final_portfolio_value: 989544.0200000003, 
sharpe_ratio: 2.696272960684262, 



