2024-11-11 21:08:09,179 - Starting GBMStrategy with initial capital: 1000000
2024-11-11 21:08:09,180 - Hyperparameters: {'threshold': 1.5, 'time_periods': 30, 'num_simulations': 150}
2024-11-11 21:12:38,676 - Long Buy 93.00 shares at 213.26 on 2024-10-11 14:30:00+00:00
2024-11-11 21:12:38,678 - Long Buy 91.00 shares at 213.29 on 2024-10-11 14:45:00+00:00
2024-11-11 21:12:38,678 - Long Buy 90.00 shares at 212.76 on 2024-10-11 15:00:00+00:00
2024-11-11 21:12:38,678 - Long Buy 88.00 shares at 212.59 on 2024-10-11 15:15:00+00:00
2024-11-11 21:12:38,678 - Long Buy 86.00 shares at 212.33 on 2024-10-11 15:30:00+00:00
2024-11-11 21:12:38,678 - Long Buy 85.00 shares at 212.49 on 2024-10-11 15:45:00+00:00
2024-11-11 21:12:38,678 - Long Buy 83.00 shares at 212.61 on 2024-10-11 16:00:00+00:00
2024-11-11 21:12:38,678 - Long Buy 81.00 shares at 212.65 on 2024-10-11 16:15:00+00:00
2024-11-11 21:12:38,678 - Long Buy 80.00 shares at 212.74 on 2024-10-11 16:30:00+00:00
2024-11-11 21:12:38,678 - Long Buy 78.00 shares at 212.96 on 2024-10-11 16:45:00+00:00
2024-11-11 21:12:38,678 - Long Buy 76.00 shares at 212.83 on 2024-10-11 17:00:00+00:00
2024-11-11 21:12:38,678 - Long Buy 75.00 shares at 212.68 on 2024-10-11 17:15:00+00:00
2024-11-11 21:12:38,678 - Long Buy 73.00 shares at 212.72 on 2024-10-11 17:30:00+00:00
2024-11-11 21:12:38,678 - Long Buy 72.00 shares at 212.9 on 2024-10-11 17:45:00+00:00
2024-11-11 21:12:38,678 - Long Buy 70.00 shares at 212.97 on 2024-10-11 18:30:00+00:00
2024-11-11 21:12:38,678 - Sell to close 1221.00 shares at 215.42 on 2024-10-14 13:30:00+00:00 (Exit: Profit_take, Profit: 3214.199999999972, Duration: 4260.0 minutes)
2024-11-11 21:12:38,678 - Short Sell 93.00 shares at 215.55 on 2024-10-14 13:45:00+00:00
2024-11-11 21:12:38,678 - Short Sell 93.00 shares at 215.68 on 2024-10-14 14:00:00+00:00
2024-11-11 21:12:38,678 - Short Sell 93.00 shares at 215.65 on 2024-10-14 14:15:00+00:00
2024-11-11 21:12:38,678 - Short Sell 93.00 shares at 215.62 on 2024-10-14 14:30:00+00:00
2024-11-11 21:12:38,678 - Short Sell 93.00 shares at 214.67 on 2024-10-14 14:45:00+00:00
2024-11-11 21:12:38,678 - Short Sell 93.00 shares at 215.13 on 2024-10-14 15:00:00+00:00
2024-11-11 21:12:38,678 - Short Sell 93.00 shares at 214.98 on 2024-10-14 15:15:00+00:00
2024-11-11 21:12:38,678 - Short Sell 93.00 shares at 215.06 on 2024-10-14 15:30:00+00:00
2024-11-11 21:12:38,679 - Short Sell 93.00 shares at 215.21 on 2024-10-14 15:45:00+00:00
2024-11-11 21:12:38,679 - Short Sell 93.00 shares at 215.23 on 2024-10-14 16:00:00+00:00
2024-11-11 21:12:38,679 - Short Sell 93.00 shares at 215.65 on 2024-10-14 16:15:00+00:00
2024-11-11 21:12:38,679 - Short Sell 92.00 shares at 215.87 on 2024-10-14 16:30:00+00:00
2024-11-11 21:12:38,679 - Short Sell 92.00 shares at 215.87 on 2024-10-14 16:45:00+00:00
2024-11-11 21:12:38,679 - Short Sell 92.00 shares at 215.72 on 2024-10-14 17:00:00+00:00
2024-11-11 21:12:38,679 - Short Sell 92.00 shares at 216.01 on 2024-10-14 17:15:00+00:00
2024-11-11 21:12:38,679 - Short Sell 92.00 shares at 215.79 on 2024-10-14 17:30:00+00:00
2024-11-11 21:12:38,679 - Short Sell 92.00 shares at 215.92 on 2024-10-14 17:45:00+00:00
2024-11-11 21:12:38,679 - Short Sell 92.00 shares at 216.2 on 2024-10-14 18:00:00+00:00
2024-11-11 21:12:38,679 - Short Sell 92.00 shares at 215.92 on 2024-10-14 18:15:00+00:00
2024-11-11 21:12:38,679 - Short Sell 92.00 shares at 215.85 on 2024-10-14 18:30:00+00:00
2024-11-11 21:12:38,679 - Short Sell 92.00 shares at 215.94 on 2024-10-14 18:45:00+00:00
2024-11-11 21:12:38,679 - Short Sell 92.00 shares at 215.77 on 2024-10-14 19:00:00+00:00
2024-11-11 21:12:38,679 - Short Sell 92.00 shares at 215.93 on 2024-10-14 19:15:00+00:00
2024-11-11 21:12:38,679 - Short Sell 92.00 shares at 215.83 on 2024-10-14 19:30:00+00:00
2024-11-11 21:12:38,679 - Short Sell 92.00 shares at 215.95 on 2024-10-14 19:45:00+00:00
2024-11-11 21:12:38,679 - Short Sell 92.00 shares at 216.1 on 2024-10-15 13:30:00+00:00
2024-11-11 21:12:38,679 - Short Sell 92.00 shares at 216.57 on 2024-10-15 13:45:00+00:00
2024-11-11 21:12:38,679 - Short Sell 92.00 shares at 216.5 on 2024-10-15 14:00:00+00:00
2024-11-11 21:12:38,679 - Buy to cover -2587.00 shares at 217.29 on 2024-10-15 14:15:00+00:00 (Exit: Stop_loss, Profit: -4065.159999999879, Duration: 1470.0 minutes)
2024-11-11 21:12:38,679 - Long Buy 92.00 shares at 216.7 on 2024-10-16 14:00:00+00:00
2024-11-11 21:12:38,679 - Sell to close 92.00 shares at 217.99 on 2024-10-16 14:30:00+00:00 (Exit: Profit_take, Profit: 118.68000000000188, Duration: 30.0 minutes)
2024-11-11 21:12:38,680 - Short Sell 91.00 shares at 218.39 on 2024-10-16 14:45:00+00:00
2024-11-11 21:12:38,680 - Short Sell 91.00 shares at 218.81 on 2024-10-16 15:00:00+00:00
2024-11-11 21:12:38,680 - Short Sell 91.00 shares at 218.87 on 2024-10-16 15:15:00+00:00
2024-11-11 21:12:38,680 - Short Sell 91.00 shares at 219.42 on 2024-10-16 15:30:00+00:00
2024-11-11 21:12:38,680 - Short Sell 91.00 shares at 218.93 on 2024-10-16 15:45:00+00:00
2024-11-11 21:12:38,680 - Short Sell 91.00 shares at 219.29 on 2024-10-16 16:00:00+00:00
2024-11-11 21:12:38,680 - Short Sell 91.00 shares at 219.45 on 2024-10-16 16:15:00+00:00
2024-11-11 21:12:38,680 - Short Sell 91.00 shares at 219.49 on 2024-10-16 16:30:00+00:00
2024-11-11 21:12:38,680 - Short Sell 91.00 shares at 219.37 on 2024-10-16 16:45:00+00:00
2024-11-11 21:12:38,680 - Short Sell 90.00 shares at 219.66 on 2024-10-16 17:00:00+00:00
2024-11-11 21:12:38,680 - Short Sell 91.00 shares at 219.33 on 2024-10-16 17:15:00+00:00
2024-11-11 21:12:38,680 - Short Sell 91.00 shares at 219.5 on 2024-10-16 17:30:00+00:00
2024-11-11 21:12:38,680 - Short Sell 90.00 shares at 219.82 on 2024-10-16 17:45:00+00:00
2024-11-11 21:12:38,680 - Short Sell 90.00 shares at 219.78 on 2024-10-16 18:00:00+00:00
2024-11-11 21:12:38,680 - Short Sell 90.00 shares at 219.95 on 2024-10-16 18:15:00+00:00
2024-11-11 21:12:38,680 - Short Sell 90.00 shares at 219.93 on 2024-10-16 18:30:00+00:00
2024-11-11 21:12:38,680 - Short Sell 90.00 shares at 219.9 on 2024-10-16 18:45:00+00:00
2024-11-11 21:12:38,680 - Short Sell 90.00 shares at 219.93 on 2024-10-16 19:00:00+00:00
2024-11-11 21:12:38,680 - Short Sell 90.00 shares at 220.2 on 2024-10-16 19:15:00+00:00
2024-11-11 21:12:38,680 - Short Sell 90.00 shares at 220.56 on 2024-10-16 19:30:00+00:00
2024-11-11 21:12:38,680 - Short Sell 90.00 shares at 219.76 on 2024-10-16 19:45:00+00:00
2024-11-11 21:12:38,680 - Short Sell 90.00 shares at 219.97 on 2024-10-17 13:30:00+00:00
2024-11-11 21:12:38,680 - Buy to cover -1991.00 shares at 221.06 on 2024-10-17 13:45:00+00:00 (Exit: Stop_loss, Profit: -2991.7099999999623, Duration: 1380.0 minutes)
2024-11-11 21:12:38,680 - Short Sell 89.00 shares at 222.34 on 2024-10-18 14:00:00+00:00
2024-11-11 21:12:38,680 - Short Sell 89.00 shares at 222.54 on 2024-10-18 14:15:00+00:00
2024-11-11 21:12:38,681 - Short Sell 89.00 shares at 223.11 on 2024-10-18 14:30:00+00:00
2024-11-11 21:12:38,681 - Short Sell 89.00 shares at 222.42 on 2024-10-18 14:45:00+00:00
2024-11-11 21:12:38,681 - Short Sell 89.00 shares at 223.07 on 2024-10-18 15:00:00+00:00
2024-11-11 21:12:38,681 - Short Sell 89.00 shares at 223.1 on 2024-10-18 15:15:00+00:00
2024-11-11 21:12:38,681 - Short Sell 89.00 shares at 222.62 on 2024-10-18 15:30:00+00:00
2024-11-11 21:12:38,681 - Short Sell 89.00 shares at 222.61 on 2024-10-18 15:45:00+00:00
2024-11-11 21:12:38,681 - Short Sell 89.00 shares at 222.63 on 2024-10-18 16:00:00+00:00
2024-11-11 21:12:38,681 - Short Sell 89.00 shares at 222.45 on 2024-10-18 16:15:00+00:00
2024-11-11 21:12:38,681 - Short Sell 89.00 shares at 222.65 on 2024-10-18 16:30:00+00:00
2024-11-11 21:12:38,681 - Short Sell 89.00 shares at 222.95 on 2024-10-18 16:45:00+00:00
2024-11-11 21:12:38,681 - Short Sell 89.00 shares at 223.35 on 2024-10-18 17:00:00+00:00
2024-11-11 21:12:38,681 - Short Sell 89.00 shares at 222.96 on 2024-10-18 17:15:00+00:00
2024-11-11 21:12:38,681 - Short Sell 89.00 shares at 223.13 on 2024-10-18 17:30:00+00:00
2024-11-11 21:12:38,681 - Short Sell 89.00 shares at 223.09 on 2024-10-18 17:45:00+00:00
2024-11-11 21:12:38,681 - Short Sell 89.00 shares at 223.23 on 2024-10-18 18:00:00+00:00
2024-11-11 21:12:38,681 - Short Sell 89.00 shares at 223.19 on 2024-10-18 18:15:00+00:00
2024-11-11 21:12:38,681 - Short Sell 89.00 shares at 223.22 on 2024-10-18 18:30:00+00:00
2024-11-11 21:12:38,681 - Short Sell 89.00 shares at 222.96 on 2024-10-18 18:45:00+00:00
2024-11-11 21:12:38,681 - Short Sell 89.00 shares at 222.91 on 2024-10-18 19:00:00+00:00
2024-11-11 21:12:38,681 - Short Sell 89.00 shares at 222.64 on 2024-10-18 19:15:00+00:00
2024-11-11 21:12:38,681 - Short Sell 89.00 shares at 222.91 on 2024-10-18 19:30:00+00:00
2024-11-11 21:12:38,681 - Short Sell 89.00 shares at 223.24 on 2024-10-18 19:45:00+00:00
2024-11-11 21:12:38,681 - Short Sell 89.00 shares at 223.4 on 2024-10-21 13:30:00+00:00
2024-11-11 21:12:38,681 - Short Sell 89.00 shares at 223.46 on 2024-10-21 13:45:00+00:00
2024-11-11 21:12:38,681 - Short Sell 89.00 shares at 223.44 on 2024-10-21 14:00:00+00:00
2024-11-11 21:12:38,681 - Short Sell 89.00 shares at 222.97 on 2024-10-21 14:15:00+00:00
2024-11-11 21:12:38,682 - Buy to cover -2492.00 shares at 222.12 on 2024-10-21 14:30:00+00:00 (Exit: Signal, Profit: 2067.46999999986, Duration: 4350.0 minutes)
2024-11-11 21:12:38,682 - Long Buy 89.00 shares at 221.93 on 2024-10-21 14:45:00+00:00
2024-11-11 21:12:38,682 - Long Buy 88.00 shares at 221.86 on 2024-10-21 15:00:00+00:00
2024-11-11 21:12:38,682 - Long Buy 86.00 shares at 221.79 on 2024-10-21 15:15:00+00:00
2024-11-11 21:12:38,682 - Sell to close 263.00 shares at 223.33 on 2024-10-21 15:45:00+00:00 (Exit: Profit_take, Profit: 386.4000000000003, Duration: 60.0 minutes)
2024-11-11 21:12:38,682 - Short Sell 89.00 shares at 223.32 on 2024-10-21 16:00:00+00:00
2024-11-11 21:12:38,682 - Short Sell 89.00 shares at 223.33 on 2024-10-21 16:15:00+00:00
2024-11-11 21:12:38,682 - Short Sell 89.00 shares at 223.28 on 2024-10-21 17:00:00+00:00
2024-11-11 21:12:38,682 - Short Sell 89.00 shares at 223.24 on 2024-10-21 18:00:00+00:00
2024-11-11 21:12:38,682 - Buy to cover -356.00 shares at 220.09 on 2024-10-22 13:30:00+00:00 (Exit: Profit_take, Profit: 1140.0900000000051, Duration: 1290.0 minutes)
2024-11-11 21:12:38,682 - Long Buy 90.00 shares at 220.64 on 2024-10-22 13:45:00+00:00
2024-11-11 21:12:38,682 - Long Buy 88.00 shares at 220.49 on 2024-10-22 14:00:00+00:00
2024-11-11 21:12:38,682 - Sell to close 178.00 shares at 220.81 on 2024-10-22 14:15:00+00:00 (Exit: Signal, Profit: 43.459999999997024, Duration: 30.0 minutes)
2024-11-11 21:12:38,682 - Long Buy 90.00 shares at 219.83 on 2024-10-22 14:30:00+00:00
2024-11-11 21:12:38,682 - Long Buy 89.00 shares at 220.08 on 2024-10-22 14:45:00+00:00
2024-11-11 21:12:38,682 - Long Buy 87.00 shares at 220.2 on 2024-10-22 15:00:00+00:00
2024-11-11 21:12:38,682 - Long Buy 85.00 shares at 219.84 on 2024-10-22 15:15:00+00:00
2024-11-11 21:12:38,682 - Long Buy 83.00 shares at 219.94 on 2024-10-22 15:30:00+00:00
2024-11-11 21:12:38,682 - Long Buy 82.00 shares at 219.69 on 2024-10-22 15:45:00+00:00
2024-11-11 21:12:38,683 - Long Buy 80.00 shares at 219.71 on 2024-10-22 16:00:00+00:00
2024-11-11 21:12:38,683 - Long Buy 79.00 shares at 219.67 on 2024-10-22 16:15:00+00:00
2024-11-11 21:12:38,683 - Long Buy 77.00 shares at 220.09 on 2024-10-22 16:30:00+00:00
2024-11-11 21:12:38,683 - Long Buy 75.00 shares at 220.12 on 2024-10-22 16:45:00+00:00
2024-11-11 21:12:38,683 - Long Buy 74.00 shares at 220.0 on 2024-10-22 17:45:00+00:00
2024-11-11 21:12:38,683 - Long Buy 73.00 shares at 219.5 on 2024-10-22 18:00:00+00:00
2024-11-11 21:12:38,683 - Long Buy 71.00 shares at 219.48 on 2024-10-22 18:15:00+00:00
2024-11-11 21:12:38,683 - Long Buy 70.00 shares at 219.6 on 2024-10-22 18:30:00+00:00
2024-11-11 21:12:38,683 - Long Buy 68.00 shares at 219.3 on 2024-10-22 18:45:00+00:00
2024-11-11 21:12:38,683 - Long Buy 67.00 shares at 219.44 on 2024-10-22 19:00:00+00:00
2024-11-11 21:12:38,683 - Long Buy 66.00 shares at 219.39 on 2024-10-22 19:15:00+00:00
2024-11-11 21:12:38,683 - Long Buy 64.00 shares at 219.58 on 2024-10-22 19:30:00+00:00
2024-11-11 21:12:38,683 - Long Buy 63.00 shares at 219.01 on 2024-10-22 19:45:00+00:00
2024-11-11 21:12:38,683 - Long Buy 62.00 shares at 219.02 on 2024-10-23 13:30:00+00:00
2024-11-11 21:12:38,683 - Long Buy 61.00 shares at 219.21 on 2024-10-23 13:45:00+00:00
2024-11-11 21:12:38,683 - Long Buy 59.00 shares at 219.73 on 2024-10-23 14:00:00+00:00
2024-11-11 21:12:38,683 - Long Buy 58.00 shares at 219.76 on 2024-10-23 14:15:00+00:00
2024-11-11 21:12:38,683 - Sell to close 1683.00 shares at 220.09 on 2024-10-23 15:00:00+00:00 (Exit: Signal, Profit: 674.4399999999926, Duration: 1470.0 minutes)
2024-11-11 21:12:38,683 - Short Sell 90.00 shares at 220.67 on 2024-10-23 15:15:00+00:00
2024-11-11 21:12:38,683 - Short Sell 90.00 shares at 220.76 on 2024-10-23 15:30:00+00:00
2024-11-11 21:12:38,683 - Short Sell 90.00 shares at 221.32 on 2024-10-23 15:45:00+00:00
2024-11-11 21:12:38,683 - Short Sell 90.00 shares at 221.16 on 2024-10-23 16:00:00+00:00
2024-11-11 21:12:38,683 - Short Sell 90.00 shares at 221.43 on 2024-10-23 16:15:00+00:00
2024-11-11 21:12:38,683 - Short Sell 90.00 shares at 221.05 on 2024-10-23 16:30:00+00:00
2024-11-11 21:12:38,683 - Short Sell 90.00 shares at 221.05 on 2024-10-23 16:45:00+00:00
2024-11-11 21:12:38,683 - Short Sell 90.00 shares at 220.67 on 2024-10-23 17:00:00+00:00
2024-11-11 21:12:38,683 - Short Sell 90.00 shares at 220.94 on 2024-10-23 17:15:00+00:00
2024-11-11 21:12:38,683 - Short Sell 90.00 shares at 221.21 on 2024-10-23 17:30:00+00:00
2024-11-11 21:12:38,683 - Short Sell 90.00 shares at 221.2 on 2024-10-23 17:45:00+00:00
2024-11-11 21:12:38,683 - Short Sell 90.00 shares at 221.01 on 2024-10-23 18:00:00+00:00
2024-11-11 21:12:38,683 - Short Sell 90.00 shares at 221.06 on 2024-10-23 18:15:00+00:00
2024-11-11 21:12:38,684 - Short Sell 90.00 shares at 221.45 on 2024-10-23 18:30:00+00:00
2024-11-11 21:12:38,684 - Short Sell 90.00 shares at 221.56 on 2024-10-23 18:45:00+00:00
2024-11-11 21:12:38,684 - Short Sell 90.00 shares at 221.4 on 2024-10-23 19:00:00+00:00
2024-11-11 21:12:38,684 - Short Sell 90.00 shares at 221.5 on 2024-10-23 19:15:00+00:00
2024-11-11 21:12:38,684 - Short Sell 90.00 shares at 221.21 on 2024-10-23 19:30:00+00:00
2024-11-11 21:12:38,684 - Short Sell 90.00 shares at 220.95 on 2024-10-23 19:45:00+00:00
2024-11-11 21:12:38,684 - Buy to cover -1710.00 shares at 228.52 on 2024-10-24 13:30:00+00:00 (Exit: Stop_loss, Profit: -12625.199999999972, Duration: 1335.0 minutes)
2024-11-11 21:12:38,684 - Short Sell 85.00 shares at 231.87 on 2024-10-25 13:30:00+00:00
2024-11-11 21:12:38,684 - Short Sell 84.00 shares at 233.54 on 2024-10-25 13:45:00+00:00
2024-11-11 21:12:38,684 - Short Sell 84.00 shares at 233.16 on 2024-10-25 14:00:00+00:00
2024-11-11 21:12:38,684 - Short Sell 84.00 shares at 232.79 on 2024-10-25 14:15:00+00:00
2024-11-11 21:12:38,684 - Short Sell 85.00 shares at 232.04 on 2024-10-25 14:30:00+00:00
2024-11-11 21:12:38,684 - Buy to cover -422.00 shares at 230.41 on 2024-10-25 14:45:00+00:00 (Exit: Profit_take, Profit: 956.4899999999989, Duration: 75.0 minutes)
2024-11-11 21:12:38,684 - Long Buy 86.00 shares at 228.96 on 2024-10-25 15:00:00+00:00
2024-11-11 21:12:38,684 - Long Buy 84.00 shares at 228.61 on 2024-10-25 15:15:00+00:00
2024-11-11 21:12:38,684 - Long Buy 83.00 shares at 228.14 on 2024-10-25 15:30:00+00:00
2024-11-11 21:12:38,684 - Long Buy 81.00 shares at 227.51 on 2024-10-25 15:45:00+00:00
2024-11-11 21:12:38,684 - Long Buy 80.00 shares at 227.29 on 2024-10-25 16:00:00+00:00
2024-11-11 21:12:38,684 - Long Buy 78.00 shares at 227.43 on 2024-10-25 16:15:00+00:00
2024-11-11 21:12:38,684 - Long Buy 77.00 shares at 226.94 on 2024-10-25 16:30:00+00:00
2024-11-11 21:12:38,684 - Sell to close 569.00 shares at 226.38 on 2024-10-25 16:45:00+00:00 (Exit: Stop_loss, Profit: -844.6300000000015, Duration: 105.0 minutes)
2024-11-11 21:12:38,685 - Short Sell 86.00 shares at 227.58 on 2024-10-28 13:30:00+00:00
2024-11-11 21:12:38,685 - Short Sell 86.00 shares at 227.45 on 2024-10-28 13:45:00+00:00
2024-11-11 21:12:38,685 - Short Sell 86.00 shares at 227.63 on 2024-10-28 15:45:00+00:00
2024-11-11 21:12:38,685 - Short Sell 86.00 shares at 227.73 on 2024-10-28 16:00:00+00:00
2024-11-11 21:12:38,685 - Short Sell 86.00 shares at 227.85 on 2024-10-28 16:15:00+00:00
2024-11-11 21:12:38,685 - Short Sell 86.00 shares at 227.84 on 2024-10-28 16:30:00+00:00
2024-11-11 21:12:38,685 - Short Sell 86.00 shares at 227.67 on 2024-10-28 16:45:00+00:00
2024-11-11 21:12:38,685 - Short Sell 86.00 shares at 227.67 on 2024-10-28 17:00:00+00:00
2024-11-11 21:12:38,685 - Short Sell 86.00 shares at 227.88 on 2024-10-28 17:15:00+00:00
2024-11-11 21:12:38,685 - Short Sell 86.00 shares at 227.9 on 2024-10-28 17:30:00+00:00
2024-11-11 21:12:38,685 - Short Sell 86.00 shares at 227.84 on 2024-10-28 17:45:00+00:00
2024-11-11 21:12:38,685 - Buy to cover -946.00 shares at 227.75 on 2024-10-28 18:00:00+00:00 (Exit: Signal, Profit: -18.06000000001046, Duration: 270.0 minutes)
2024-11-11 21:12:38,685 - Long Buy 87.00 shares at 226.5 on 2024-10-29 15:30:00+00:00
2024-11-11 21:12:38,685 - Long Buy 85.00 shares at 226.64 on 2024-10-29 15:45:00+00:00
2024-11-11 21:12:38,685 - Long Buy 83.00 shares at 226.23 on 2024-10-29 16:00:00+00:00
2024-11-11 21:12:38,685 - Long Buy 82.00 shares at 225.95 on 2024-10-29 16:15:00+00:00
2024-11-11 21:12:38,685 - Long Buy 80.00 shares at 225.9 on 2024-10-29 16:30:00+00:00
2024-11-11 21:12:38,685 - Long Buy 78.00 shares at 226.63 on 2024-10-29 16:45:00+00:00
2024-11-11 21:12:38,685 - Long Buy 77.00 shares at 226.95 on 2024-10-29 17:00:00+00:00
2024-11-11 21:12:38,685 - Long Buy 75.00 shares at 226.59 on 2024-10-29 17:15:00+00:00
2024-11-11 21:12:38,686 - Long Buy 74.00 shares at 226.38 on 2024-10-29 17:30:00+00:00
2024-11-11 21:12:38,686 - Long Buy 72.00 shares at 226.42 on 2024-10-29 17:45:00+00:00
2024-11-11 21:12:38,686 - Long Buy 71.00 shares at 226.21 on 2024-10-29 18:00:00+00:00
2024-11-11 21:12:38,686 - Long Buy 70.00 shares at 226.3 on 2024-10-29 18:15:00+00:00
2024-11-11 21:12:38,686 - Long Buy 68.00 shares at 226.0 on 2024-10-29 18:30:00+00:00
2024-11-11 21:12:38,686 - Long Buy 67.00 shares at 225.96 on 2024-10-29 18:45:00+00:00
2024-11-11 21:12:38,686 - Sell to close 1069.00 shares at 226.11 on 2024-10-29 19:00:00+00:00 (Exit: Signal, Profit: -245.42999999994115, Duration: 210.0 minutes)
2024-11-11 21:12:38,686 - Short Sell 87.00 shares at 226.45 on 2024-10-29 19:15:00+00:00
2024-11-11 21:12:38,686 - Short Sell 87.00 shares at 226.27 on 2024-10-29 19:30:00+00:00
2024-11-11 21:12:38,686 - Buy to cover -174.00 shares at 225.24 on 2024-10-30 13:30:00+00:00 (Exit: Signal, Profit: 194.87999999999585, Duration: 1095.0 minutes)
2024-11-11 21:12:38,686 - Long Buy 88.00 shares at 223.97 on 2024-10-30 13:45:00+00:00
2024-11-11 21:12:38,686 - Long Buy 86.00 shares at 223.84 on 2024-10-30 14:00:00+00:00
2024-11-11 21:12:38,686 - Long Buy 85.00 shares at 222.84 on 2024-10-30 14:15:00+00:00
2024-11-11 21:12:38,686 - Long Buy 83.00 shares at 222.75 on 2024-10-30 14:30:00+00:00
2024-11-11 21:12:38,686 - Long Buy 81.00 shares at 223.25 on 2024-10-30 14:45:00+00:00
2024-11-11 21:12:38,686 - Long Buy 79.00 shares at 223.48 on 2024-10-30 15:00:00+00:00
2024-11-11 21:12:38,686 - Long Buy 78.00 shares at 223.47 on 2024-10-30 15:15:00+00:00
2024-11-11 21:12:38,686 - Long Buy 76.00 shares at 223.52 on 2024-10-30 15:30:00+00:00
2024-11-11 21:12:38,686 - Long Buy 75.00 shares at 223.75 on 2024-10-30 15:45:00+00:00
2024-11-11 21:12:38,686 - Long Buy 73.00 shares at 223.53 on 2024-10-30 16:00:00+00:00
2024-11-11 21:12:38,686 - Long Buy 72.00 shares at 223.34 on 2024-10-30 16:15:00+00:00
2024-11-11 21:12:38,686 - Long Buy 70.00 shares at 223.21 on 2024-10-30 16:30:00+00:00
2024-11-11 21:12:38,686 - Long Buy 69.00 shares at 223.12 on 2024-10-30 16:45:00+00:00
2024-11-11 21:12:38,686 - Long Buy 68.00 shares at 222.97 on 2024-10-30 17:00:00+00:00
2024-11-11 21:12:38,686 - Long Buy 66.00 shares at 223.07 on 2024-10-30 17:15:00+00:00
2024-11-11 21:12:38,686 - Long Buy 65.00 shares at 223.52 on 2024-10-30 17:30:00+00:00
2024-11-11 21:12:38,686 - Long Buy 64.00 shares at 223.12 on 2024-10-30 17:45:00+00:00
2024-11-11 21:12:38,686 - Long Buy 62.00 shares at 223.15 on 2024-10-30 18:00:00+00:00
2024-11-11 21:12:38,686 - Long Buy 61.00 shares at 223.09 on 2024-10-30 18:15:00+00:00
2024-11-11 21:12:38,686 - Long Buy 60.00 shares at 223.16 on 2024-10-30 18:30:00+00:00
2024-11-11 21:12:38,686 - Long Buy 59.00 shares at 223.09 on 2024-10-30 18:45:00+00:00
2024-11-11 21:12:38,686 - Long Buy 58.00 shares at 222.98 on 2024-10-30 19:00:00+00:00
2024-11-11 21:12:38,687 - Long Buy 57.00 shares at 223.01 on 2024-10-30 19:15:00+00:00
2024-11-11 21:12:38,687 - Long Buy 55.00 shares at 222.84 on 2024-10-30 19:30:00+00:00
2024-11-11 21:12:38,687 - Long Buy 54.00 shares at 222.81 on 2024-10-30 19:45:00+00:00
2024-11-11 21:12:38,687 - Sell to close 1744.00 shares at 223.84 on 2024-10-31 13:30:00+00:00 (Exit: Signal, Profit: 1010.8500000000117, Duration: 1425.0 minutes)
2024-11-11 21:12:38,687 - Short Sell 88.00 shares at 224.45 on 2024-10-31 13:45:00+00:00
2024-11-11 21:12:38,687 - Short Sell 87.00 shares at 225.35 on 2024-10-31 14:00:00+00:00
2024-11-11 21:12:38,687 - Short Sell 87.00 shares at 225.01 on 2024-10-31 14:15:00+00:00
2024-11-11 21:12:38,687 - Short Sell 88.00 shares at 224.62 on 2024-10-31 14:30:00+00:00
2024-11-11 21:12:38,687 - Short Sell 88.00 shares at 224.04 on 2024-10-31 14:45:00+00:00
2024-11-11 21:12:38,687 - Short Sell 88.00 shares at 223.82 on 2024-10-31 15:00:00+00:00
2024-11-11 21:12:38,687 - Short Sell 88.00 shares at 224.3 on 2024-10-31 15:15:00+00:00
2024-11-11 21:12:38,687 - Short Sell 88.00 shares at 224.12 on 2024-10-31 15:30:00+00:00
2024-11-11 21:12:38,687 - Short Sell 88.00 shares at 224.39 on 2024-10-31 15:45:00+00:00
2024-11-11 21:12:38,687 - Short Sell 87.00 shares at 224.73 on 2024-10-31 16:00:00+00:00
2024-11-11 21:12:38,687 - Short Sell 87.00 shares at 224.8 on 2024-10-31 16:15:00+00:00
2024-11-11 21:12:38,687 - Short Sell 87.00 shares at 225.54 on 2024-10-31 16:30:00+00:00
2024-11-11 21:12:38,687 - Short Sell 87.00 shares at 225.37 on 2024-10-31 16:45:00+00:00
2024-11-11 21:12:38,687 - Short Sell 87.00 shares at 225.04 on 2024-10-31 17:00:00+00:00
2024-11-11 21:12:38,687 - Short Sell 88.00 shares at 224.67 on 2024-10-31 17:15:00+00:00
2024-11-11 21:12:38,687 - Short Sell 88.00 shares at 224.5 on 2024-10-31 17:30:00+00:00
2024-11-11 21:12:38,687 - Short Sell 88.00 shares at 224.24 on 2024-10-31 17:45:00+00:00
2024-11-11 21:12:38,687 - Short Sell 88.00 shares at 223.91 on 2024-10-31 18:00:00+00:00
2024-11-11 21:12:38,687 - Short Sell 88.00 shares at 223.99 on 2024-10-31 18:15:00+00:00
2024-11-11 21:12:38,687 - Short Sell 88.00 shares at 224.28 on 2024-10-31 18:30:00+00:00
2024-11-11 21:12:38,687 - Short Sell 88.00 shares at 224.03 on 2024-10-31 18:45:00+00:00
2024-11-11 21:12:38,687 - Short Sell 88.00 shares at 223.69 on 2024-10-31 19:00:00+00:00
2024-11-11 21:12:38,687 - Short Sell 88.00 shares at 223.64 on 2024-10-31 19:15:00+00:00
2024-11-11 21:12:38,687 - Buy to cover -2017.00 shares at 223.04 on 2024-10-31 19:30:00+00:00 (Exit: Profit_take, Profit: 2855.1200000001095, Duration: 345.0 minutes)
2024-11-11 21:12:38,687 - Short Sell 88.00 shares at 224.01 on 2024-11-01 13:30:00+00:00
2024-11-11 21:12:38,687 - Short Sell 88.00 shares at 223.98 on 2024-11-01 14:00:00+00:00
2024-11-11 21:12:38,687 - Short Sell 88.00 shares at 224.02 on 2024-11-01 14:15:00+00:00
2024-11-11 21:12:38,688 - Buy to cover -264.00 shares at 223.97 on 2024-11-01 14:30:00+00:00 (Exit: Signal, Profit: 8.7999999999995, Duration: 60.0 minutes)
2024-11-11 21:12:38,688 - Long Buy 88.00 shares at 223.27 on 2024-11-01 18:45:00+00:00
2024-11-11 21:12:38,688 - Long Buy 87.00 shares at 223.23 on 2024-11-01 19:00:00+00:00
2024-11-11 21:12:38,688 - Long Buy 85.00 shares at 223.1 on 2024-11-01 19:15:00+00:00
2024-11-11 21:12:38,688 - Long Buy 83.00 shares at 223.21 on 2024-11-01 19:45:00+00:00
2024-11-11 21:12:38,688 - Long Buy 81.00 shares at 223.64 on 2024-11-04 16:30:00+00:00
2024-11-11 21:12:38,688 - Long Buy 80.00 shares at 223.43 on 2024-11-04 16:45:00+00:00
2024-11-11 21:12:38,688 - Long Buy 78.00 shares at 223.79 on 2024-11-04 17:00:00+00:00
2024-11-11 21:12:38,688 - Sell to close 582.00 shares at 224.88 on 2024-11-04 18:30:00+00:00 (Exit: Profit_take, Profit: 876.5999999999979, Duration: 4305.0 minutes)
2024-11-11 21:12:38,688 - Short Sell 88.00 shares at 224.75 on 2024-11-04 18:45:00+00:00
2024-11-11 21:12:38,688 - Short Sell 87.00 shares at 225.75 on 2024-11-05 14:30:00+00:00
2024-11-11 21:12:38,688 - Buy to cover -175.00 shares at 226.39 on 2024-11-05 14:45:00+00:00 (Exit: Stop_loss, Profit: -199.9999999999993, Duration: 1200.0 minutes)
2024-11-11 21:12:38,689 - Short Sell 86.00 shares at 230.02 on 2024-11-06 14:30:00+00:00
2024-11-11 21:12:38,689 - Short Sell 86.00 shares at 230.0 on 2024-11-06 14:45:00+00:00
2024-11-11 21:12:38,689 - Short Sell 86.00 shares at 229.88 on 2024-11-06 15:00:00+00:00
2024-11-11 21:12:38,689 - Short Sell 86.00 shares at 230.17 on 2024-11-06 15:15:00+00:00
2024-11-11 21:12:38,689 - Short Sell 86.00 shares at 229.5 on 2024-11-06 15:30:00+00:00
2024-11-11 21:12:38,689 - Short Sell 86.00 shares at 229.9 on 2024-11-06 15:45:00+00:00
2024-11-11 21:12:38,689 - Short Sell 86.00 shares at 229.83 on 2024-11-06 16:00:00+00:00
2024-11-11 21:12:38,689 - Short Sell 86.00 shares at 229.97 on 2024-11-06 16:15:00+00:00
2024-11-11 21:12:38,689 - Short Sell 85.00 shares at 230.75 on 2024-11-06 16:30:00+00:00
2024-11-11 21:12:38,689 - Short Sell 86.00 shares at 230.67 on 2024-11-06 16:45:00+00:00
2024-11-11 21:12:38,689 - Short Sell 85.00 shares at 231.76 on 2024-11-06 17:00:00+00:00
2024-11-11 21:12:38,689 - Buy to cover -944.00 shares at 231.9 on 2024-11-06 17:15:00+00:00 (Exit: Stop_loss, Profit: -1585.4099999999612, Duration: 165.0 minutes)
2024-11-11 21:12:38,689 - Long Buy 85.00 shares at 231.29 on 2024-11-07 14:30:00+00:00
2024-11-11 21:12:38,689 - Long Buy 84.00 shares at 230.92 on 2024-11-07 14:45:00+00:00
2024-11-11 21:12:38,689 - Long Buy 82.00 shares at 230.4 on 2024-11-07 15:00:00+00:00
2024-11-11 21:12:38,689 - Long Buy 80.00 shares at 230.42 on 2024-11-07 15:15:00+00:00
2024-11-11 21:12:38,689 - Long Buy 79.00 shares at 230.56 on 2024-11-07 15:30:00+00:00
2024-11-11 21:12:38,689 - Long Buy 77.00 shares at 231.11 on 2024-11-07 15:45:00+00:00
2024-11-11 21:12:38,689 - Long Buy 76.00 shares at 231.15 on 2024-11-07 16:00:00+00:00
2024-11-11 21:12:38,689 - Long Buy 74.00 shares at 230.67 on 2024-11-07 16:15:00+00:00
2024-11-11 21:12:38,689 - Long Buy 73.00 shares at 230.53 on 2024-11-07 16:30:00+00:00
2024-11-11 21:12:38,689 - Long Buy 71.00 shares at 230.86 on 2024-11-07 16:45:00+00:00
2024-11-11 21:12:38,689 - Long Buy 70.00 shares at 230.61 on 2024-11-07 17:00:00+00:00
2024-11-11 21:12:38,689 - Long Buy 68.00 shares at 230.91 on 2024-11-07 17:15:00+00:00
2024-11-11 21:12:38,689 - Long Buy 67.00 shares at 230.89 on 2024-11-07 17:30:00+00:00
2024-11-11 21:12:38,690 - Long Buy 66.00 shares at 230.92 on 2024-11-07 17:45:00+00:00
2024-11-11 21:12:38,690 - Long Buy 64.00 shares at 230.93 on 2024-11-07 18:00:00+00:00
2024-11-11 21:12:38,690 - Long Buy 63.00 shares at 231.18 on 2024-11-07 18:15:00+00:00
2024-11-11 21:12:38,690 - Long Buy 62.00 shares at 231.14 on 2024-11-07 18:30:00+00:00
2024-11-11 21:12:38,690 - Long Buy 60.00 shares at 231.24 on 2024-11-07 19:00:00+00:00
2024-11-11 21:12:38,690 - Long Buy 59.00 shares at 231.16 on 2024-11-07 19:30:00+00:00
2024-11-11 21:12:38,690 - Sell to close 1360.00 shares at 231.8 on 2024-11-07 20:00:00+00:00 (Exit: Signal, Profit: 1255.9199999999942, Duration: 330.0 minutes)
2024-11-11 21:12:38,690 - Short Sell 85.00 shares at 231.95 on 2024-11-07 20:15:00+00:00
2024-11-11 21:12:38,690 - Buy to cover -85.00 shares at 235.38 on 2024-11-08 14:30:00+00:00 (Exit: Stop_loss, Profit: -291.5500000000006, Duration: 1095.0 minutes)
2024-11-11 21:12:38,692 - Final statisticsStock: TMUS, 
total_trades: 23, 
winning_trades: 14, 
losing_trades: 9, 
average_return: -8.089421257537893e-05, 
average_duration: 1145.8695652173913, 
final_balance: 991936.2499999981, 
final_portfolio_value: 991936.2499999981, 
sharpe_ratio: 4.468871759459422, 



