2024-11-11 10:02:28,811 - Starting GBMStrategy with initial capital: 1000000
2024-11-11 10:02:28,811 - Hyperparameters: {'threshold': 1, 'time_periods': 30, 'num_simulations': 150}
2024-11-11 10:03:55,693 - Long Buy 97.00 shares at 205.16 on 2024-10-11 14:30:00+00:00
2024-11-11 10:03:55,694 - Long Buy 95.00 shares at 205.34 on 2024-10-11 14:45:00+00:00
2024-11-11 10:03:55,694 - Long Buy 93.00 shares at 205.33 on 2024-10-11 15:00:00+00:00
2024-11-11 10:03:55,694 - Long Buy 91.00 shares at 204.88 on 2024-10-11 15:15:00+00:00
2024-11-11 10:03:55,694 - Long Buy 90.00 shares at 205.06 on 2024-10-11 16:30:00+00:00
2024-11-11 10:03:55,695 - Long Buy 88.00 shares at 205.13 on 2024-10-11 17:00:00+00:00
2024-11-11 10:03:55,695 - Long Buy 86.00 shares at 205.2 on 2024-10-11 17:15:00+00:00
2024-11-11 10:03:55,695 - Long Buy 84.00 shares at 205.01 on 2024-10-11 17:45:00+00:00
2024-11-11 10:03:55,695 - Long Buy 83.00 shares at 205.05 on 2024-10-11 18:15:00+00:00
2024-11-11 10:03:55,695 - Long Buy 81.00 shares at 205.06 on 2024-10-11 18:30:00+00:00
2024-11-11 10:03:55,695 - Long Buy 79.00 shares at 205.08 on 2024-10-11 19:45:00+00:00
2024-11-11 10:03:55,695 - Sell to close 967.00 shares at 206.34 on 2024-10-14 13:30:00+00:00 (Exit: Signal, Profit: 1177.9800000000114, Duration: 4260.0 minutes)
2024-11-11 10:03:55,695 - Short Sell 96.00 shares at 207.22 on 2024-10-14 13:45:00+00:00
2024-11-11 10:03:55,695 - Short Sell 96.00 shares at 206.73 on 2024-10-14 14:00:00+00:00
2024-11-11 10:03:55,695 - Short Sell 97.00 shares at 206.38 on 2024-10-14 14:15:00+00:00
2024-11-11 10:03:55,695 - Short Sell 96.00 shares at 207.08 on 2024-10-14 14:30:00+00:00
2024-11-11 10:03:55,696 - Short Sell 96.00 shares at 206.54 on 2024-10-14 14:45:00+00:00
2024-11-11 10:03:55,696 - Short Sell 96.00 shares at 207.14 on 2024-10-14 15:00:00+00:00
2024-11-11 10:03:55,696 - Short Sell 96.00 shares at 207.01 on 2024-10-14 15:15:00+00:00
2024-11-11 10:03:55,696 - Short Sell 96.00 shares at 207.24 on 2024-10-14 15:30:00+00:00
2024-11-11 10:03:55,696 - Short Sell 96.00 shares at 207.52 on 2024-10-14 15:45:00+00:00
2024-11-11 10:03:55,696 - Short Sell 96.00 shares at 207.86 on 2024-10-14 16:00:00+00:00
2024-11-11 10:03:55,696 - Short Sell 96.00 shares at 207.88 on 2024-10-14 16:15:00+00:00
2024-11-11 10:03:55,696 - Short Sell 96.00 shares at 207.92 on 2024-10-14 16:30:00+00:00
2024-11-11 10:03:55,696 - Short Sell 96.00 shares at 207.98 on 2024-10-14 16:45:00+00:00
2024-11-11 10:03:55,696 - Short Sell 96.00 shares at 208.0 on 2024-10-14 17:00:00+00:00
2024-11-11 10:03:55,696 - Short Sell 96.00 shares at 207.93 on 2024-10-14 17:15:00+00:00
2024-11-11 10:03:55,696 - Short Sell 96.00 shares at 207.96 on 2024-10-14 17:30:00+00:00
2024-11-11 10:03:55,696 - Short Sell 95.00 shares at 208.34 on 2024-10-14 17:45:00+00:00
2024-11-11 10:03:55,696 - Short Sell 95.00 shares at 208.5 on 2024-10-14 18:00:00+00:00
2024-11-11 10:03:55,696 - Short Sell 96.00 shares at 208.26 on 2024-10-14 18:15:00+00:00
2024-11-11 10:03:55,696 - Short Sell 95.00 shares at 208.6 on 2024-10-14 18:30:00+00:00
2024-11-11 10:03:55,696 - Short Sell 95.00 shares at 208.64 on 2024-10-14 18:45:00+00:00
2024-11-11 10:03:55,696 - Short Sell 95.00 shares at 208.63 on 2024-10-14 19:00:00+00:00
2024-11-11 10:03:55,696 - Short Sell 95.00 shares at 208.82 on 2024-10-14 19:15:00+00:00
2024-11-11 10:03:55,696 - Short Sell 95.00 shares at 208.4 on 2024-10-14 19:30:00+00:00
2024-11-11 10:03:55,696 - Short Sell 95.00 shares at 208.66 on 2024-10-14 19:45:00+00:00
2024-11-11 10:03:55,696 - Short Sell 96.00 shares at 207.91 on 2024-10-15 13:45:00+00:00
2024-11-11 10:03:55,696 - Short Sell 96.00 shares at 208.01 on 2024-10-15 14:00:00+00:00
2024-11-11 10:03:55,696 - Short Sell 96.00 shares at 207.86 on 2024-10-15 14:15:00+00:00
2024-11-11 10:03:55,696 - Buy to cover -2681.00 shares at 204.89 on 2024-10-15 14:30:00+00:00 (Exit: Signal, Profit: 7853.620000000078, Duration: 1485.0 minutes)
2024-11-11 10:03:55,697 - Long Buy 98.00 shares at 204.5 on 2024-10-15 14:45:00+00:00
2024-11-11 10:03:55,697 - Long Buy 96.00 shares at 203.93 on 2024-10-15 15:00:00+00:00
2024-11-11 10:03:55,697 - Long Buy 95.00 shares at 203.78 on 2024-10-15 15:15:00+00:00
2024-11-11 10:03:55,697 - Long Buy 93.00 shares at 203.15 on 2024-10-15 15:30:00+00:00
2024-11-11 10:03:55,697 - Long Buy 91.00 shares at 203.0 on 2024-10-15 15:45:00+00:00
2024-11-11 10:03:55,697 - Long Buy 89.00 shares at 203.94 on 2024-10-15 16:00:00+00:00
2024-11-11 10:03:55,697 - Long Buy 87.00 shares at 203.7 on 2024-10-15 16:15:00+00:00
2024-11-11 10:03:55,697 - Sell to close 649.00 shares at 203.89 on 2024-10-15 16:30:00+00:00 (Exit: Signal, Profit: 108.7199999999774, Duration: 105.0 minutes)
2024-11-11 10:03:55,697 - Long Buy 99.00 shares at 202.8 on 2024-10-15 16:45:00+00:00
2024-11-11 10:03:55,697 - Long Buy 97.00 shares at 202.44 on 2024-10-15 17:00:00+00:00
2024-11-11 10:03:55,697 - Long Buy 96.00 shares at 201.88 on 2024-10-15 17:15:00+00:00
2024-11-11 10:03:55,697 - Long Buy 93.00 shares at 202.53 on 2024-10-15 17:30:00+00:00
2024-11-11 10:03:55,697 - Long Buy 92.00 shares at 201.45 on 2024-10-15 17:45:00+00:00
2024-11-11 10:03:55,697 - Long Buy 90.00 shares at 200.63 on 2024-10-15 18:00:00+00:00
2024-11-11 10:03:55,697 - Long Buy 89.00 shares at 200.82 on 2024-10-15 18:15:00+00:00
2024-11-11 10:03:55,697 - Long Buy 87.00 shares at 201.22 on 2024-10-15 18:30:00+00:00
2024-11-11 10:03:55,697 - Long Buy 85.00 shares at 200.49 on 2024-10-15 18:45:00+00:00
2024-11-11 10:03:55,697 - Long Buy 84.00 shares at 199.69 on 2024-10-15 19:00:00+00:00
2024-11-11 10:03:55,697 - Long Buy 82.00 shares at 199.15 on 2024-10-15 19:15:00+00:00
2024-11-11 10:03:55,697 - Long Buy 80.00 shares at 199.86 on 2024-10-15 19:30:00+00:00
2024-11-11 10:03:55,697 - Long Buy 79.00 shares at 199.92 on 2024-10-15 19:45:00+00:00
2024-11-11 10:03:55,697 - Long Buy 77.00 shares at 200.07 on 2024-10-16 13:30:00+00:00
2024-11-11 10:03:55,697 - Long Buy 76.00 shares at 199.8 on 2024-10-16 13:45:00+00:00
2024-11-11 10:03:55,697 - Long Buy 74.00 shares at 200.98 on 2024-10-16 14:00:00+00:00
2024-11-11 10:03:55,698 - Long Buy 72.00 shares at 201.1 on 2024-10-16 14:15:00+00:00
2024-11-11 10:03:55,698 - Long Buy 71.00 shares at 200.17 on 2024-10-16 14:30:00+00:00
2024-11-11 10:03:55,698 - Long Buy 70.00 shares at 200.08 on 2024-10-16 14:45:00+00:00
2024-11-11 10:03:55,698 - Long Buy 68.00 shares at 200.19 on 2024-10-16 15:00:00+00:00
2024-11-11 10:03:55,698 - Long Buy 67.00 shares at 200.0 on 2024-10-16 15:15:00+00:00
2024-11-11 10:03:55,698 - Long Buy 66.00 shares at 200.35 on 2024-10-16 15:30:00+00:00
2024-11-11 10:03:55,698 - Long Buy 64.00 shares at 200.03 on 2024-10-16 15:45:00+00:00
2024-11-11 10:03:55,698 - Long Buy 63.00 shares at 199.91 on 2024-10-16 16:00:00+00:00
2024-11-11 10:03:55,698 - Long Buy 62.00 shares at 199.65 on 2024-10-16 16:15:00+00:00
2024-11-11 10:03:55,698 - Long Buy 61.00 shares at 199.68 on 2024-10-16 16:30:00+00:00
2024-11-11 10:03:55,698 - Long Buy 59.00 shares at 199.66 on 2024-10-16 16:45:00+00:00
2024-11-11 10:03:55,698 - Long Buy 58.00 shares at 199.73 on 2024-10-16 17:00:00+00:00
2024-11-11 10:03:55,698 - Long Buy 57.00 shares at 199.93 on 2024-10-16 17:15:00+00:00
2024-11-11 10:03:55,698 - Sell to close 2218.00 shares at 200.31 on 2024-10-16 17:30:00+00:00 (Exit: Signal, Profit: -650.5999999999706, Duration: 1485.0 minutes)
2024-11-11 10:03:55,698 - Short Sell 100.00 shares at 200.45 on 2024-10-16 17:45:00+00:00
2024-11-11 10:03:55,698 - Short Sell 100.00 shares at 200.39 on 2024-10-16 18:00:00+00:00
2024-11-11 10:03:55,698 - Short Sell 100.00 shares at 200.72 on 2024-10-16 18:15:00+00:00
2024-11-11 10:03:55,698 - Short Sell 100.00 shares at 200.44 on 2024-10-16 18:30:00+00:00
2024-11-11 10:03:55,698 - Short Sell 100.00 shares at 200.36 on 2024-10-16 18:45:00+00:00
2024-11-11 10:03:55,698 - Short Sell 100.00 shares at 200.43 on 2024-10-16 19:00:00+00:00
2024-11-11 10:03:55,698 - Short Sell 100.00 shares at 200.64 on 2024-10-16 19:45:00+00:00
2024-11-11 10:03:55,698 - Short Sell 100.00 shares at 201.0 on 2024-10-17 13:30:00+00:00
2024-11-11 10:03:55,698 - Short Sell 100.00 shares at 200.81 on 2024-10-17 13:45:00+00:00
2024-11-11 10:03:55,698 - Short Sell 100.00 shares at 201.49 on 2024-10-17 14:00:00+00:00
2024-11-11 10:03:55,699 - Short Sell 100.00 shares at 200.92 on 2024-10-17 14:15:00+00:00
2024-11-11 10:03:55,699 - Short Sell 100.00 shares at 200.41 on 2024-10-17 14:30:00+00:00
2024-11-11 10:03:55,699 - Short Sell 100.00 shares at 200.6 on 2024-10-17 15:00:00+00:00
2024-11-11 10:03:55,699 - Short Sell 100.00 shares at 200.7 on 2024-10-17 16:00:00+00:00
2024-11-11 10:03:55,699 - Short Sell 100.00 shares at 200.61 on 2024-10-17 16:15:00+00:00
2024-11-11 10:03:55,699 - Short Sell 100.00 shares at 200.62 on 2024-10-17 16:30:00+00:00
2024-11-11 10:03:55,699 - Short Sell 100.00 shares at 200.53 on 2024-10-17 16:45:00+00:00
2024-11-11 10:03:55,699 - Short Sell 100.00 shares at 200.8 on 2024-10-17 17:00:00+00:00
2024-11-11 10:03:55,699 - Buy to cover -1800.00 shares at 199.16 on 2024-10-17 18:30:00+00:00 (Exit: Signal, Profit: 2704.0000000000136, Duration: 1485.0 minutes)
2024-11-11 10:03:55,699 - Short Sell 101.00 shares at 199.83 on 2024-10-17 19:00:00+00:00
2024-11-11 10:03:55,699 - Buy to cover -101.00 shares at 199.34 on 2024-10-17 19:15:00+00:00 (Exit: Signal, Profit: 49.49000000000092, Duration: 15.0 minutes)
2024-11-11 10:03:55,699 - Long Buy 101.00 shares at 199.15 on 2024-10-17 19:30:00+00:00
2024-11-11 10:03:55,699 - Long Buy 99.00 shares at 198.27 on 2024-10-17 19:45:00+00:00
2024-11-11 10:03:55,699 - Long Buy 97.00 shares at 199.07 on 2024-10-18 13:30:00+00:00
2024-11-11 10:03:55,699 - Long Buy 95.00 shares at 199.37 on 2024-10-18 13:45:00+00:00
2024-11-11 10:03:55,699 - Long Buy 93.00 shares at 199.06 on 2024-10-18 14:00:00+00:00
2024-11-11 10:03:55,699 - Long Buy 91.00 shares at 199.03 on 2024-10-18 14:15:00+00:00
2024-11-11 10:03:55,699 - Long Buy 90.00 shares at 198.97 on 2024-10-18 14:30:00+00:00
2024-11-11 10:03:55,699 - Long Buy 88.00 shares at 198.64 on 2024-10-18 14:45:00+00:00
2024-11-11 10:03:55,700 - Long Buy 86.00 shares at 199.15 on 2024-10-18 15:00:00+00:00
2024-11-11 10:03:55,700 - Long Buy 84.00 shares at 199.1 on 2024-10-18 15:30:00+00:00
2024-11-11 10:03:55,700 - Long Buy 83.00 shares at 198.81 on 2024-10-18 15:45:00+00:00
2024-11-11 10:03:55,700 - Long Buy 81.00 shares at 198.56 on 2024-10-18 16:00:00+00:00
2024-11-11 10:03:55,700 - Long Buy 80.00 shares at 198.65 on 2024-10-18 16:15:00+00:00
2024-11-11 10:03:55,700 - Long Buy 78.00 shares at 198.16 on 2024-10-18 16:30:00+00:00
2024-11-11 10:03:55,700 - Long Buy 77.00 shares at 197.9 on 2024-10-18 16:45:00+00:00
2024-11-11 10:03:55,700 - Long Buy 75.00 shares at 198.01 on 2024-10-18 17:00:00+00:00
2024-11-11 10:03:55,700 - Long Buy 74.00 shares at 197.98 on 2024-10-18 17:15:00+00:00
2024-11-11 10:03:55,700 - Long Buy 72.00 shares at 197.96 on 2024-10-18 17:30:00+00:00
2024-11-11 10:03:55,700 - Long Buy 71.00 shares at 197.29 on 2024-10-18 17:45:00+00:00
2024-11-11 10:03:55,700 - Long Buy 69.00 shares at 197.52 on 2024-10-18 18:00:00+00:00
2024-11-11 10:03:55,700 - Long Buy 68.00 shares at 197.89 on 2024-10-18 18:15:00+00:00
2024-11-11 10:03:55,700 - Long Buy 67.00 shares at 197.78 on 2024-10-18 18:30:00+00:00
2024-11-11 10:03:55,700 - Long Buy 65.00 shares at 198.14 on 2024-10-18 18:45:00+00:00
2024-11-11 10:03:55,700 - Long Buy 64.00 shares at 198.2 on 2024-10-18 19:00:00+00:00
2024-11-11 10:03:55,700 - Long Buy 63.00 shares at 198.2 on 2024-10-18 19:15:00+00:00
2024-11-11 10:03:55,700 - Long Buy 61.00 shares at 197.71 on 2024-10-18 19:30:00+00:00
2024-11-11 10:03:55,700 - Sell to close 2072.00 shares at 198.47 on 2024-10-18 19:45:00+00:00 (Exit: Signal, Profit: -7.029999999968368, Duration: 1455.0 minutes)
2024-11-11 10:03:55,700 - Long Buy 102.00 shares at 197.12 on 2024-10-21 13:30:00+00:00
2024-11-11 10:03:55,700 - Long Buy 100.00 shares at 197.29 on 2024-10-21 13:45:00+00:00
2024-11-11 10:03:55,700 - Long Buy 98.00 shares at 196.76 on 2024-10-21 14:00:00+00:00
2024-11-11 10:03:55,700 - Long Buy 97.00 shares at 196.25 on 2024-10-21 14:15:00+00:00
2024-11-11 10:03:55,700 - Long Buy 95.00 shares at 195.83 on 2024-10-21 14:30:00+00:00
2024-11-11 10:03:55,700 - Long Buy 93.00 shares at 195.47 on 2024-10-21 14:45:00+00:00
2024-11-11 10:03:55,700 - Long Buy 92.00 shares at 194.84 on 2024-10-21 15:00:00+00:00
2024-11-11 10:03:55,701 - Long Buy 90.00 shares at 194.4 on 2024-10-21 15:15:00+00:00
2024-11-11 10:03:55,701 - Long Buy 88.00 shares at 194.7 on 2024-10-21 15:30:00+00:00
2024-11-11 10:03:55,701 - Long Buy 86.00 shares at 195.08 on 2024-10-21 15:45:00+00:00
2024-11-11 10:03:55,701 - Long Buy 84.00 shares at 194.95 on 2024-10-21 16:00:00+00:00
2024-11-11 10:03:55,701 - Long Buy 83.00 shares at 194.49 on 2024-10-21 16:15:00+00:00
2024-11-11 10:03:55,701 - Long Buy 81.00 shares at 194.85 on 2024-10-21 16:30:00+00:00
2024-11-11 10:03:55,701 - Long Buy 79.00 shares at 195.39 on 2024-10-21 16:45:00+00:00
2024-11-11 10:03:55,701 - Long Buy 78.00 shares at 195.47 on 2024-10-21 17:00:00+00:00
2024-11-11 10:03:55,701 - Long Buy 76.00 shares at 195.32 on 2024-10-21 17:15:00+00:00
2024-11-11 10:03:55,701 - Long Buy 75.00 shares at 195.34 on 2024-10-21 17:30:00+00:00
2024-11-11 10:03:55,701 - Long Buy 73.00 shares at 195.23 on 2024-10-21 17:45:00+00:00
2024-11-11 10:03:55,701 - Long Buy 72.00 shares at 195.19 on 2024-10-21 18:00:00+00:00
2024-11-11 10:03:55,701 - Long Buy 70.00 shares at 195.18 on 2024-10-21 18:15:00+00:00
2024-11-11 10:03:55,701 - Long Buy 69.00 shares at 194.94 on 2024-10-21 18:30:00+00:00
2024-11-11 10:03:55,701 - Long Buy 68.00 shares at 194.69 on 2024-10-21 18:45:00+00:00
2024-11-11 10:03:55,701 - Long Buy 66.00 shares at 195.15 on 2024-10-21 19:00:00+00:00
2024-11-11 10:03:55,701 - Long Buy 65.00 shares at 195.48 on 2024-10-21 19:15:00+00:00
2024-11-11 10:03:55,701 - Long Buy 63.00 shares at 195.49 on 2024-10-21 19:30:00+00:00
2024-11-11 10:03:55,701 - Long Buy 62.00 shares at 195.7 on 2024-10-21 19:45:00+00:00
2024-11-11 10:03:55,701 - Long Buy 61.00 shares at 193.71 on 2024-10-22 13:30:00+00:00
2024-11-11 10:03:55,701 - Long Buy 60.00 shares at 193.86 on 2024-10-22 13:45:00+00:00
2024-11-11 10:03:55,701 - Sell to close 2226.00 shares at 193.94 on 2024-10-22 14:00:00+00:00 (Exit: Signal, Profit: -3177.589999999949, Duration: 1470.0 minutes)
2024-11-11 10:03:55,701 - Short Sell 103.00 shares at 193.99 on 2024-10-22 14:15:00+00:00
2024-11-11 10:03:55,701 - Short Sell 103.00 shares at 194.03 on 2024-10-22 14:30:00+00:00
2024-11-11 10:03:55,701 - Buy to cover -206.00 shares at 193.62 on 2024-10-22 14:45:00+00:00 (Exit: Signal, Profit: 80.33999999999719, Duration: 30.0 minutes)
2024-11-11 10:03:55,702 - Long Buy 104.00 shares at 193.59 on 2024-10-22 15:00:00+00:00
2024-11-11 10:03:55,702 - Long Buy 102.00 shares at 193.56 on 2024-10-22 15:30:00+00:00
2024-11-11 10:03:55,702 - Long Buy 100.00 shares at 193.47 on 2024-10-22 15:45:00+00:00
2024-11-11 10:03:55,702 - Long Buy 98.00 shares at 193.3 on 2024-10-22 16:00:00+00:00
2024-11-11 10:03:55,702 - Long Buy 96.00 shares at 193.24 on 2024-10-22 16:15:00+00:00
2024-11-11 10:03:55,702 - Sell to close 500.00 shares at 194.19 on 2024-10-22 16:45:00+00:00 (Exit: Signal, Profit: 377.0799999999923, Duration: 105.0 minutes)
2024-11-11 10:03:55,702 - Short Sell 103.00 shares at 194.27 on 2024-10-22 17:00:00+00:00
2024-11-11 10:03:55,702 - Short Sell 103.00 shares at 194.65 on 2024-10-22 17:15:00+00:00
2024-11-11 10:03:55,702 - Short Sell 103.00 shares at 194.83 on 2024-10-22 17:30:00+00:00
2024-11-11 10:03:55,702 - Short Sell 103.00 shares at 195.01 on 2024-10-22 17:45:00+00:00
2024-11-11 10:03:55,702 - Short Sell 103.00 shares at 194.51 on 2024-10-22 18:00:00+00:00
2024-11-11 10:03:55,702 - Short Sell 103.00 shares at 194.43 on 2024-10-22 18:15:00+00:00
2024-11-11 10:03:55,702 - Short Sell 103.00 shares at 194.41 on 2024-10-22 18:30:00+00:00
2024-11-11 10:03:55,702 - Short Sell 103.00 shares at 194.63 on 2024-10-22 18:45:00+00:00
2024-11-11 10:03:55,702 - Short Sell 103.00 shares at 194.94 on 2024-10-22 19:00:00+00:00
2024-11-11 10:03:55,702 - Short Sell 103.00 shares at 194.88 on 2024-10-22 19:15:00+00:00
2024-11-11 10:03:55,702 - Short Sell 103.00 shares at 194.69 on 2024-10-22 19:30:00+00:00
2024-11-11 10:03:55,702 - Buy to cover -1133.00 shares at 201.27 on 2024-10-23 13:30:00+00:00 (Exit: Stop_loss, Profit: -7490.15999999995, Duration: 1230.0 minutes)
2024-11-11 10:03:55,703 - Short Sell 98.00 shares at 202.69 on 2024-10-24 13:30:00+00:00
2024-11-11 10:03:55,703 - Short Sell 98.00 shares at 203.92 on 2024-10-24 13:45:00+00:00
2024-11-11 10:03:55,703 - Short Sell 97.00 shares at 205.33 on 2024-10-24 14:00:00+00:00
2024-11-11 10:03:55,703 - Short Sell 97.00 shares at 205.84 on 2024-10-24 14:15:00+00:00
2024-11-11 10:03:55,703 - Short Sell 96.00 shares at 206.42 on 2024-10-24 14:30:00+00:00
2024-11-11 10:03:55,703 - Short Sell 97.00 shares at 205.56 on 2024-10-24 14:45:00+00:00
2024-11-11 10:03:55,703 - Short Sell 96.00 shares at 206.32 on 2024-10-24 15:00:00+00:00
2024-11-11 10:03:55,703 - Short Sell 97.00 shares at 206.11 on 2024-10-24 15:15:00+00:00
2024-11-11 10:03:55,703 - Short Sell 97.00 shares at 206.02 on 2024-10-24 15:30:00+00:00
2024-11-11 10:03:55,703 - Short Sell 97.00 shares at 205.49 on 2024-10-24 15:45:00+00:00
2024-11-11 10:03:55,703 - Buy to cover -970.00 shares at 205.1 on 2024-10-24 16:00:00+00:00 (Exit: Signal, Profit: 255.7700000000375, Duration: 150.0 minutes)
2024-11-11 10:03:55,703 - Short Sell 97.00 shares at 205.83 on 2024-10-24 17:15:00+00:00
2024-11-11 10:03:55,703 - Short Sell 97.00 shares at 205.92 on 2024-10-24 17:30:00+00:00
2024-11-11 10:03:55,703 - Buy to cover -194.00 shares at 204.97 on 2024-10-24 18:15:00+00:00 (Exit: Signal, Profit: 175.57000000000022, Duration: 60.0 minutes)
2024-11-11 10:03:55,703 - Short Sell 97.00 shares at 206.19 on 2024-10-24 18:45:00+00:00
2024-11-11 10:03:55,703 - Short Sell 97.00 shares at 206.21 on 2024-10-24 19:00:00+00:00
2024-11-11 10:03:55,703 - Short Sell 97.00 shares at 206.41 on 2024-10-24 19:15:00+00:00
2024-11-11 10:03:55,703 - Short Sell 97.00 shares at 205.91 on 2024-10-24 19:30:00+00:00
2024-11-11 10:03:55,704 - Short Sell 96.00 shares at 206.62 on 2024-10-24 19:45:00+00:00
2024-11-11 10:03:55,704 - Short Sell 95.00 shares at 210.0 on 2024-10-25 13:30:00+00:00
2024-11-11 10:03:55,704 - Short Sell 94.00 shares at 210.61 on 2024-10-25 13:45:00+00:00
2024-11-11 10:03:55,704 - Short Sell 95.00 shares at 210.03 on 2024-10-25 14:00:00+00:00
2024-11-11 10:03:55,704 - Short Sell 95.00 shares at 210.1 on 2024-10-25 14:15:00+00:00
2024-11-11 10:03:55,704 - Short Sell 95.00 shares at 209.01 on 2024-10-25 14:30:00+00:00
2024-11-11 10:03:55,704 - Short Sell 95.00 shares at 209.11 on 2024-10-25 14:45:00+00:00
2024-11-11 10:03:55,704 - Short Sell 95.00 shares at 209.13 on 2024-10-25 15:00:00+00:00
2024-11-11 10:03:55,704 - Short Sell 95.00 shares at 209.16 on 2024-10-25 15:15:00+00:00
2024-11-11 10:03:55,704 - Short Sell 95.00 shares at 209.03 on 2024-10-25 15:30:00+00:00
2024-11-11 10:03:55,704 - Short Sell 95.00 shares at 209.06 on 2024-10-25 15:45:00+00:00
2024-11-11 10:03:55,704 - Short Sell 95.00 shares at 208.8 on 2024-10-25 16:00:00+00:00
2024-11-11 10:03:55,704 - Short Sell 95.00 shares at 209.04 on 2024-10-25 16:15:00+00:00
2024-11-11 10:03:55,704 - Short Sell 95.00 shares at 209.28 on 2024-10-25 16:30:00+00:00
2024-11-11 10:03:55,704 - Short Sell 95.00 shares at 209.16 on 2024-10-25 16:45:00+00:00
2024-11-11 10:03:55,704 - Buy to cover -1813.00 shares at 208.84 on 2024-10-25 17:00:00+00:00 (Exit: Signal, Profit: -509.76999999994604, Duration: 1335.0 minutes)
2024-11-11 10:03:55,704 - Long Buy 96.00 shares at 208.42 on 2024-10-25 17:15:00+00:00
2024-11-11 10:03:55,704 - Long Buy 94.00 shares at 207.52 on 2024-10-25 17:30:00+00:00
2024-11-11 10:03:55,704 - Long Buy 92.00 shares at 207.34 on 2024-10-25 17:45:00+00:00
2024-11-11 10:03:55,704 - Long Buy 90.00 shares at 207.3 on 2024-10-25 18:00:00+00:00
2024-11-11 10:03:55,704 - Long Buy 88.00 shares at 207.85 on 2024-10-25 18:15:00+00:00
2024-11-11 10:03:55,704 - Long Buy 87.00 shares at 207.83 on 2024-10-25 18:30:00+00:00
2024-11-11 10:03:55,704 - Long Buy 85.00 shares at 207.88 on 2024-10-25 18:45:00+00:00
2024-11-11 10:03:55,704 - Long Buy 83.00 shares at 207.21 on 2024-10-25 19:00:00+00:00
2024-11-11 10:03:55,704 - Long Buy 82.00 shares at 207.3 on 2024-10-25 19:15:00+00:00
2024-11-11 10:03:55,704 - Long Buy 80.00 shares at 207.51 on 2024-10-25 19:30:00+00:00
2024-11-11 10:03:55,704 - Long Buy 79.00 shares at 206.98 on 2024-10-25 19:45:00+00:00
2024-11-11 10:03:55,705 - Long Buy 77.00 shares at 206.15 on 2024-10-28 13:30:00+00:00
2024-11-11 10:03:55,705 - Long Buy 76.00 shares at 205.83 on 2024-10-28 13:45:00+00:00
2024-11-11 10:03:55,705 - Long Buy 74.00 shares at 206.44 on 2024-10-28 14:00:00+00:00
2024-11-11 10:03:55,705 - Long Buy 73.00 shares at 206.97 on 2024-10-28 14:15:00+00:00
2024-11-11 10:03:55,705 - Long Buy 71.00 shares at 206.71 on 2024-10-28 14:30:00+00:00
2024-11-11 10:03:55,705 - Long Buy 70.00 shares at 206.48 on 2024-10-28 14:45:00+00:00
2024-11-11 10:03:55,705 - Long Buy 68.00 shares at 206.5 on 2024-10-28 15:00:00+00:00
2024-11-11 10:03:55,705 - Long Buy 67.00 shares at 206.41 on 2024-10-28 15:15:00+00:00
2024-11-11 10:03:55,705 - Long Buy 66.00 shares at 206.19 on 2024-10-28 15:30:00+00:00
2024-11-11 10:03:55,705 - Long Buy 64.00 shares at 206.31 on 2024-10-28 15:45:00+00:00
2024-11-11 10:03:55,705 - Long Buy 63.00 shares at 206.59 on 2024-10-28 16:00:00+00:00
2024-11-11 10:03:55,705 - Long Buy 62.00 shares at 206.18 on 2024-10-28 16:15:00+00:00
2024-11-11 10:03:55,705 - Long Buy 61.00 shares at 206.3 on 2024-10-28 16:30:00+00:00
2024-11-11 10:03:55,705 - Long Buy 60.00 shares at 206.05 on 2024-10-28 16:45:00+00:00
2024-11-11 10:03:55,705 - Long Buy 58.00 shares at 205.8 on 2024-10-28 17:00:00+00:00
2024-11-11 10:03:55,705 - Long Buy 57.00 shares at 205.51 on 2024-10-28 17:15:00+00:00
2024-11-11 10:03:55,705 - Long Buy 56.00 shares at 205.48 on 2024-10-28 17:30:00+00:00
2024-11-11 10:03:55,705 - Long Buy 55.00 shares at 206.06 on 2024-10-28 17:45:00+00:00
2024-11-11 10:03:55,705 - Sell to close 2134.00 shares at 206.15 on 2024-10-28 18:00:00+00:00 (Exit: Signal, Profit: -1466.5799999998767, Duration: 4365.0 minutes)
2024-11-11 10:03:55,705 - Short Sell 96.00 shares at 207.18 on 2024-10-29 13:45:00+00:00
2024-11-11 10:03:55,705 - Short Sell 96.00 shares at 207.51 on 2024-10-29 14:00:00+00:00
2024-11-11 10:03:55,705 - Short Sell 96.00 shares at 207.66 on 2024-10-29 14:15:00+00:00
2024-11-11 10:03:55,705 - Short Sell 96.00 shares at 208.16 on 2024-10-29 14:30:00+00:00
2024-11-11 10:03:55,706 - Short Sell 95.00 shares at 208.39 on 2024-10-29 14:45:00+00:00
2024-11-11 10:03:55,706 - Short Sell 96.00 shares at 208.0 on 2024-10-29 15:00:00+00:00
2024-11-11 10:03:55,706 - Short Sell 95.00 shares at 208.2 on 2024-10-29 15:15:00+00:00
2024-11-11 10:03:55,706 - Short Sell 95.00 shares at 208.47 on 2024-10-29 15:30:00+00:00
2024-11-11 10:03:55,706 - Short Sell 95.00 shares at 209.02 on 2024-10-29 15:45:00+00:00
2024-11-11 10:03:55,706 - Short Sell 95.00 shares at 209.7 on 2024-10-29 16:00:00+00:00
2024-11-11 10:03:55,706 - Short Sell 95.00 shares at 210.04 on 2024-10-29 16:15:00+00:00
2024-11-11 10:03:55,706 - Short Sell 94.00 shares at 210.19 on 2024-10-29 16:30:00+00:00
2024-11-11 10:03:55,706 - Short Sell 94.00 shares at 210.26 on 2024-10-29 16:45:00+00:00
2024-11-11 10:03:55,706 - Short Sell 94.00 shares at 210.62 on 2024-10-29 17:00:00+00:00
2024-11-11 10:03:55,706 - Short Sell 95.00 shares at 209.95 on 2024-10-29 17:15:00+00:00
2024-11-11 10:03:55,706 - Short Sell 94.00 shares at 210.08 on 2024-10-29 17:30:00+00:00
2024-11-11 10:03:55,706 - Short Sell 94.00 shares at 210.47 on 2024-10-29 17:45:00+00:00
2024-11-11 10:03:55,706 - Short Sell 94.00 shares at 210.33 on 2024-10-29 18:00:00+00:00
2024-11-11 10:03:55,706 - Short Sell 94.00 shares at 210.78 on 2024-10-29 18:15:00+00:00
2024-11-11 10:03:55,706 - Short Sell 94.00 shares at 210.66 on 2024-10-29 18:30:00+00:00
2024-11-11 10:03:55,706 - Short Sell 94.00 shares at 210.62 on 2024-10-29 18:45:00+00:00
2024-11-11 10:03:55,706 - Short Sell 94.00 shares at 210.99 on 2024-10-29 19:00:00+00:00
2024-11-11 10:03:55,706 - Short Sell 94.00 shares at 211.43 on 2024-10-29 19:15:00+00:00
2024-11-11 10:03:55,706 - Short Sell 94.00 shares at 211.16 on 2024-10-29 19:30:00+00:00
2024-11-11 10:03:55,706 - Short Sell 94.00 shares at 211.37 on 2024-10-29 19:45:00+00:00
2024-11-11 10:03:55,706 - Buy to cover -2367.00 shares at 208.99 on 2024-10-30 13:30:00+00:00 (Exit: Signal, Profit: 1538.0199999998156, Duration: 1425.0 minutes)
2024-11-11 10:03:55,706 - Long Buy 95.00 shares at 209.97 on 2024-10-30 13:45:00+00:00
2024-11-11 10:03:55,706 - Long Buy 93.00 shares at 210.17 on 2024-10-30 14:15:00+00:00
2024-11-11 10:03:55,707 - Long Buy 91.00 shares at 209.83 on 2024-10-30 14:30:00+00:00
2024-11-11 10:03:55,707 - Long Buy 89.00 shares at 209.61 on 2024-10-30 14:45:00+00:00
2024-11-11 10:03:55,707 - Long Buy 88.00 shares at 209.41 on 2024-10-30 15:00:00+00:00
2024-11-11 10:03:55,707 - Long Buy 86.00 shares at 210.17 on 2024-10-30 15:15:00+00:00
2024-11-11 10:03:55,707 - Long Buy 84.00 shares at 210.15 on 2024-10-30 15:45:00+00:00
2024-11-11 10:03:55,707 - Long Buy 82.00 shares at 209.88 on 2024-10-30 17:00:00+00:00
2024-11-11 10:03:55,707 - Long Buy 81.00 shares at 209.8 on 2024-10-30 17:15:00+00:00
2024-11-11 10:03:55,707 - Long Buy 79.00 shares at 209.69 on 2024-10-30 17:30:00+00:00
2024-11-11 10:03:55,707 - Long Buy 78.00 shares at 208.96 on 2024-10-30 17:45:00+00:00
2024-11-11 10:03:55,707 - Long Buy 76.00 shares at 208.97 on 2024-10-30 18:00:00+00:00
2024-11-11 10:03:55,707 - Long Buy 75.00 shares at 208.76 on 2024-10-30 18:15:00+00:00
2024-11-11 10:03:55,707 - Long Buy 73.00 shares at 208.88 on 2024-10-30 18:30:00+00:00
2024-11-11 10:03:55,707 - Long Buy 72.00 shares at 208.93 on 2024-10-30 18:45:00+00:00
2024-11-11 10:03:55,707 - Long Buy 70.00 shares at 208.67 on 2024-10-30 19:00:00+00:00
2024-11-11 10:03:55,707 - Long Buy 69.00 shares at 208.36 on 2024-10-30 19:15:00+00:00
2024-11-11 10:03:55,707 - Long Buy 68.00 shares at 208.62 on 2024-10-30 19:30:00+00:00
2024-11-11 10:03:55,707 - Long Buy 67.00 shares at 207.93 on 2024-10-30 19:45:00+00:00
2024-11-11 10:03:55,707 - Long Buy 66.00 shares at 206.18 on 2024-10-31 13:30:00+00:00
2024-11-11 10:03:55,707 - Long Buy 65.00 shares at 204.62 on 2024-10-31 13:45:00+00:00
2024-11-11 10:03:55,707 - Long Buy 64.00 shares at 204.51 on 2024-10-31 14:00:00+00:00
2024-11-11 10:03:55,707 - Long Buy 62.00 shares at 204.53 on 2024-10-31 14:15:00+00:00
2024-11-11 10:03:55,707 - Long Buy 61.00 shares at 204.66 on 2024-10-31 14:30:00+00:00
2024-11-11 10:03:55,707 - Sell to close 1834.00 shares at 203.8 on 2024-10-31 14:45:00+00:00 (Exit: Stop_loss, Profit: -8790.29999999997, Duration: 1500.0 minutes)
2024-11-11 10:03:55,708 - Long Buy 97.00 shares at 204.21 on 2024-11-01 13:30:00+00:00
2024-11-11 10:03:55,708 - Long Buy 94.00 shares at 205.04 on 2024-11-01 13:45:00+00:00
2024-11-11 10:03:55,708 - Long Buy 92.00 shares at 205.59 on 2024-11-01 14:00:00+00:00
2024-11-11 10:03:55,708 - Long Buy 90.00 shares at 206.36 on 2024-11-01 14:15:00+00:00
2024-11-11 10:03:55,708 - Long Buy 89.00 shares at 204.96 on 2024-11-01 14:30:00+00:00
2024-11-11 10:03:55,708 - Long Buy 87.00 shares at 205.52 on 2024-11-01 14:45:00+00:00
2024-11-11 10:03:55,708 - Long Buy 85.00 shares at 205.93 on 2024-11-01 15:30:00+00:00
2024-11-11 10:03:55,708 - Long Buy 83.00 shares at 205.8 on 2024-11-01 15:45:00+00:00
2024-11-11 10:03:55,708 - Long Buy 82.00 shares at 205.73 on 2024-11-01 16:30:00+00:00
2024-11-11 10:03:55,708 - Long Buy 80.00 shares at 205.6 on 2024-11-01 17:30:00+00:00
2024-11-11 10:03:55,708 - Long Buy 78.00 shares at 205.67 on 2024-11-01 17:45:00+00:00
2024-11-11 10:03:55,708 - Long Buy 77.00 shares at 205.37 on 2024-11-01 18:00:00+00:00
2024-11-11 10:03:55,708 - Long Buy 75.00 shares at 205.6 on 2024-11-01 18:15:00+00:00
2024-11-11 10:03:55,708 - Long Buy 74.00 shares at 205.31 on 2024-11-01 18:30:00+00:00
2024-11-11 10:03:55,708 - Long Buy 73.00 shares at 205.25 on 2024-11-01 18:45:00+00:00
2024-11-11 10:03:55,708 - Long Buy 71.00 shares at 205.42 on 2024-11-01 19:00:00+00:00
2024-11-11 10:03:55,708 - Long Buy 70.00 shares at 205.04 on 2024-11-01 19:15:00+00:00
2024-11-11 10:03:55,708 - Long Buy 68.00 shares at 205.29 on 2024-11-01 19:30:00+00:00
2024-11-11 10:03:55,708 - Long Buy 67.00 shares at 205.06 on 2024-11-01 19:45:00+00:00
2024-11-11 10:03:55,708 - Long Buy 66.00 shares at 204.14 on 2024-11-04 14:30:00+00:00
2024-11-11 10:03:55,708 - Long Buy 65.00 shares at 203.72 on 2024-11-04 14:45:00+00:00
2024-11-11 10:03:55,709 - Long Buy 64.00 shares at 203.11 on 2024-11-04 15:00:00+00:00
2024-11-11 10:03:55,709 - Long Buy 62.00 shares at 204.11 on 2024-11-04 15:15:00+00:00
2024-11-11 10:03:55,709 - Long Buy 61.00 shares at 204.89 on 2024-11-04 15:30:00+00:00
2024-11-11 10:03:55,709 - Long Buy 60.00 shares at 203.97 on 2024-11-04 15:45:00+00:00
2024-11-11 10:03:55,709 - Long Buy 58.00 shares at 204.65 on 2024-11-04 16:00:00+00:00
2024-11-11 10:03:55,709 - Long Buy 57.00 shares at 205.36 on 2024-11-04 16:15:00+00:00
2024-11-11 10:03:55,709 - Long Buy 56.00 shares at 204.4 on 2024-11-04 16:30:00+00:00
2024-11-11 10:03:55,709 - Long Buy 55.00 shares at 203.94 on 2024-11-04 16:45:00+00:00
2024-11-11 10:03:55,709 - Long Buy 54.00 shares at 203.27 on 2024-11-04 17:00:00+00:00
2024-11-11 10:03:55,709 - Long Buy 53.00 shares at 203.88 on 2024-11-04 17:15:00+00:00
2024-11-11 10:03:55,709 - Long Buy 52.00 shares at 204.01 on 2024-11-04 17:30:00+00:00
2024-11-11 10:03:55,709 - Long Buy 51.00 shares at 203.97 on 2024-11-04 17:45:00+00:00
2024-11-11 10:03:55,709 - Long Buy 50.00 shares at 204.01 on 2024-11-04 18:00:00+00:00
2024-11-11 10:03:55,709 - Long Buy 48.00 shares at 204.75 on 2024-11-04 18:15:00+00:00
2024-11-11 10:03:55,709 - Long Buy 47.00 shares at 204.89 on 2024-11-04 18:45:00+00:00
2024-11-11 10:03:55,709 - Long Buy 47.00 shares at 204.39 on 2024-11-04 19:15:00+00:00
2024-11-11 10:03:55,709 - Long Buy 46.00 shares at 204.25 on 2024-11-04 19:30:00+00:00
2024-11-11 10:03:55,709 - Long Buy 45.00 shares at 204.24 on 2024-11-04 19:45:00+00:00
2024-11-11 10:03:55,709 - Long Buy 44.00 shares at 204.55 on 2024-11-04 20:00:00+00:00
2024-11-11 10:03:55,709 - Long Buy 43.00 shares at 204.47 on 2024-11-04 20:15:00+00:00
2024-11-11 10:03:55,709 - Long Buy 42.00 shares at 204.48 on 2024-11-04 20:30:00+00:00
2024-11-11 10:03:55,709 - Long Buy 41.00 shares at 203.66 on 2024-11-04 20:45:00+00:00
2024-11-11 10:03:55,709 - Long Buy 41.00 shares at 202.71 on 2024-11-05 14:30:00+00:00
2024-11-11 10:03:55,709 - Long Buy 40.00 shares at 203.22 on 2024-11-05 14:45:00+00:00
2024-11-11 10:03:55,709 - Long Buy 39.00 shares at 202.87 on 2024-11-05 15:00:00+00:00
2024-11-11 10:03:55,709 - Long Buy 38.00 shares at 203.49 on 2024-11-05 15:15:00+00:00
2024-11-11 10:03:55,709 - Long Buy 37.00 shares at 204.34 on 2024-11-05 15:30:00+00:00
2024-11-11 10:03:55,710 - Long Buy 37.00 shares at 203.34 on 2024-11-05 15:45:00+00:00
2024-11-11 10:03:55,710 - Long Buy 36.00 shares at 203.6 on 2024-11-05 16:00:00+00:00
2024-11-11 10:03:55,710 - Long Buy 35.00 shares at 203.68 on 2024-11-05 16:15:00+00:00
2024-11-11 10:03:55,710 - Long Buy 35.00 shares at 203.95 on 2024-11-05 16:30:00+00:00
2024-11-11 10:03:55,710 - Long Buy 34.00 shares at 204.49 on 2024-11-05 16:45:00+00:00
2024-11-11 10:03:55,710 - Sell to close 3171.00 shares at 204.96 on 2024-11-05 17:30:00+00:00 (Exit: Signal, Profit: 809.6199999999632, Duration: 6000.0 minutes)
2024-11-11 10:03:55,710 - Short Sell 96.00 shares at 205.23 on 2024-11-05 17:45:00+00:00
2024-11-11 10:03:55,710 - Buy to cover -96.00 shares at 203.83 on 2024-11-05 18:15:00+00:00 (Exit: Signal, Profit: 134.39999999999782, Duration: 30.0 minutes)
2024-11-11 10:03:55,710 - Long Buy 97.00 shares at 203.15 on 2024-11-05 18:30:00+00:00
2024-11-11 10:03:55,710 - Long Buy 95.00 shares at 202.95 on 2024-11-05 18:45:00+00:00
2024-11-11 10:03:55,710 - Long Buy 94.00 shares at 202.78 on 2024-11-05 19:00:00+00:00
2024-11-11 10:03:55,710 - Long Buy 92.00 shares at 202.63 on 2024-11-05 19:15:00+00:00
2024-11-11 10:03:55,710 - Long Buy 90.00 shares at 202.62 on 2024-11-05 19:30:00+00:00
2024-11-11 10:03:55,710 - Long Buy 88.00 shares at 202.06 on 2024-11-05 19:45:00+00:00
2024-11-11 10:03:55,710 - Long Buy 86.00 shares at 202.47 on 2024-11-05 20:00:00+00:00
2024-11-11 10:03:55,710 - Long Buy 85.00 shares at 202.89 on 2024-11-05 20:15:00+00:00
2024-11-11 10:03:55,710 - Long Buy 83.00 shares at 202.14 on 2024-11-05 20:30:00+00:00
2024-11-11 10:03:55,710 - Long Buy 81.00 shares at 202.58 on 2024-11-05 20:45:00+00:00
2024-11-11 10:03:55,710 - Sell to close 891.00 shares at 212.41 on 2024-11-06 14:30:00+00:00 (Exit: Profit_take, Profit: 8706.480000000014, Duration: 1200.0 minutes)
2024-11-11 10:03:55,710 - Short Sell 94.00 shares at 212.0 on 2024-11-06 14:45:00+00:00
2024-11-11 10:03:55,710 - Short Sell 94.00 shares at 212.19 on 2024-11-06 15:00:00+00:00
2024-11-11 10:03:55,711 - Short Sell 94.00 shares at 212.08 on 2024-11-06 15:15:00+00:00
2024-11-11 10:03:55,711 - Short Sell 94.00 shares at 212.09 on 2024-11-06 15:30:00+00:00
2024-11-11 10:03:55,711 - Short Sell 94.00 shares at 211.44 on 2024-11-06 15:45:00+00:00
2024-11-11 10:03:55,711 - Short Sell 94.00 shares at 211.82 on 2024-11-06 16:00:00+00:00
2024-11-11 10:03:55,711 - Short Sell 94.00 shares at 211.8 on 2024-11-06 16:15:00+00:00
2024-11-11 10:03:55,711 - Short Sell 94.00 shares at 212.45 on 2024-11-06 16:30:00+00:00
2024-11-11 10:03:55,711 - Short Sell 94.00 shares at 212.65 on 2024-11-06 16:45:00+00:00
2024-11-11 10:03:55,711 - Short Sell 94.00 shares at 212.62 on 2024-11-06 17:00:00+00:00
2024-11-11 10:03:55,711 - Short Sell 94.00 shares at 212.53 on 2024-11-06 17:15:00+00:00
2024-11-11 10:03:55,711 - Short Sell 94.00 shares at 212.83 on 2024-11-06 17:30:00+00:00
2024-11-11 10:03:55,711 - Short Sell 94.00 shares at 212.81 on 2024-11-06 17:45:00+00:00
2024-11-11 10:03:55,711 - Short Sell 93.00 shares at 213.5 on 2024-11-06 18:00:00+00:00
2024-11-11 10:03:55,711 - Short Sell 93.00 shares at 213.95 on 2024-11-06 18:15:00+00:00
2024-11-11 10:03:55,711 - Short Sell 93.00 shares at 214.16 on 2024-11-06 18:30:00+00:00
2024-11-11 10:03:55,711 - Short Sell 93.00 shares at 214.58 on 2024-11-06 18:45:00+00:00
2024-11-11 10:03:55,711 - Short Sell 92.00 shares at 214.91 on 2024-11-06 19:00:00+00:00
2024-11-11 10:03:55,711 - Short Sell 92.00 shares at 214.95 on 2024-11-06 19:15:00+00:00
2024-11-11 10:03:55,711 - Short Sell 92.00 shares at 214.81 on 2024-11-06 19:30:00+00:00
2024-11-11 10:03:55,711 - Short Sell 92.00 shares at 214.83 on 2024-11-06 19:45:00+00:00
2024-11-11 10:03:55,711 - Short Sell 92.00 shares at 215.18 on 2024-11-06 20:00:00+00:00
2024-11-11 10:03:55,711 - Short Sell 92.00 shares at 214.89 on 2024-11-06 20:15:00+00:00
2024-11-11 10:03:55,711 - Short Sell 92.00 shares at 215.28 on 2024-11-06 20:30:00+00:00
2024-11-11 10:03:55,711 - Short Sell 92.00 shares at 215.03 on 2024-11-06 20:45:00+00:00
2024-11-11 10:03:55,711 - Short Sell 91.00 shares at 217.04 on 2024-11-07 14:30:00+00:00
2024-11-11 10:03:55,711 - Short Sell 91.00 shares at 217.24 on 2024-11-07 14:45:00+00:00
2024-11-11 10:03:55,711 - Short Sell 91.00 shares at 216.39 on 2024-11-07 15:00:00+00:00
2024-11-11 10:03:55,711 - Short Sell 91.00 shares at 217.1 on 2024-11-07 15:15:00+00:00
2024-11-11 10:03:55,711 - Short Sell 91.00 shares at 217.74 on 2024-11-07 15:30:00+00:00
2024-11-11 10:03:55,711 - Buy to cover -2785.00 shares at 217.84 on 2024-11-07 15:45:00+00:00 (Exit: Stop_loss, Profit: -10673.219999999936, Duration: 1500.0 minutes)
2024-11-11 10:03:55,712 - Short Sell 90.00 shares at 217.88 on 2024-11-08 14:30:00+00:00
2024-11-11 10:03:55,712 - Short Sell 90.00 shares at 218.82 on 2024-11-08 14:45:00+00:00
2024-11-11 10:03:55,712 - Short Sell 90.00 shares at 218.28 on 2024-11-08 15:00:00+00:00
2024-11-11 10:03:55,712 - Short Sell 90.00 shares at 218.92 on 2024-11-08 15:15:00+00:00
2024-11-11 10:03:55,712 - Short Sell 90.00 shares at 218.73 on 2024-11-08 15:30:00+00:00
2024-11-11 10:03:55,712 - Short Sell 90.00 shares at 219.28 on 2024-11-08 15:45:00+00:00
2024-11-11 10:03:55,712 - Short Sell 90.00 shares at 219.4 on 2024-11-08 16:00:00+00:00
2024-11-11 10:03:55,712 - Short Sell 90.00 shares at 219.77 on 2024-11-08 16:15:00+00:00
2024-11-11 10:03:55,712 - Short Sell 90.00 shares at 219.08 on 2024-11-08 16:30:00+00:00
2024-11-11 10:03:55,712 - Short Sell 90.00 shares at 219.4 on 2024-11-08 16:45:00+00:00
2024-11-11 10:03:55,712 - Short Sell 90.00 shares at 219.46 on 2024-11-08 17:00:00+00:00
2024-11-11 10:03:55,712 - Short Sell 90.00 shares at 219.1 on 2024-11-08 17:15:00+00:00
2024-11-11 10:03:55,712 - Short Sell 90.00 shares at 219.64 on 2024-11-08 17:30:00+00:00
2024-11-11 10:03:55,712 - Short Sell 90.00 shares at 219.24 on 2024-11-08 17:45:00+00:00
2024-11-11 10:03:55,712 - Short Sell 90.00 shares at 219.45 on 2024-11-08 18:00:00+00:00
2024-11-11 10:03:55,712 - Short Sell 90.00 shares at 219.34 on 2024-11-08 18:15:00+00:00
2024-11-11 10:03:55,712 - Short Sell 90.00 shares at 219.5 on 2024-11-08 18:30:00+00:00
2024-11-11 10:03:55,712 - Short Sell 90.00 shares at 219.62 on 2024-11-08 18:45:00+00:00
2024-11-11 10:03:55,712 - Short Sell 90.00 shares at 219.65 on 2024-11-08 19:00:00+00:00
2024-11-11 10:03:55,712 - Short Sell 89.00 shares at 220.18 on 2024-11-08 19:15:00+00:00
2024-11-11 10:03:55,712 - Short Sell 89.00 shares at 220.02 on 2024-11-08 19:30:00+00:00
2024-11-11 10:03:55,712 - Short Sell 89.00 shares at 220.11 on 2024-11-08 19:45:00+00:00
2024-11-11 10:03:55,712 - Short Sell 90.00 shares at 219.78 on 2024-11-08 20:00:00+00:00
2024-11-11 10:03:55,712 - Short Sell 90.00 shares at 219.88 on 2024-11-08 20:15:00+00:00
2024-11-11 10:03:55,713 - Buy to cover -2157.00 shares at 219.7 on 2024-11-08 20:30:00+00:00 (Exit: Signal, Profit: -745.5099999999338, Duration: 360.0 minutes)
2024-11-11 10:03:55,713 - Short Sell 89.00 shares at 220.3 on 2024-11-08 20:45:00+00:00
2024-11-11 10:03:55,714 - Final statisticsStock: TXN, 
total_trades: 22, 
winning_trades: 13, 
losing_trades: 9, 
average_return: 0.0005406761466692843, 
average_duration: 1411.3636363636363, 
final_balance: 1010067.0300000007, 
final_portfolio_value: 990460.3300000008, 
sharpe_ratio: 6.83773550098246, 



