2024-11-11 20:44:43,374 - Starting GBMStrategy with initial capital: 1000000
2024-11-11 20:44:43,374 - Hyperparameters: {'threshold': 1.5, 'time_periods': 30, 'num_simulations': 150}
2024-11-11 20:46:06,205 - Short Sell 146.00 shares at 136.53 on 2024-10-11 14:30:00+00:00
2024-11-11 20:46:06,206 - Short Sell 146.00 shares at 136.97 on 2024-10-11 14:45:00+00:00
2024-11-11 20:46:06,206 - Short Sell 146.00 shares at 136.96 on 2024-10-11 15:00:00+00:00
2024-11-11 20:46:06,206 - Short Sell 146.00 shares at 136.72 on 2024-10-11 15:15:00+00:00
2024-11-11 20:46:06,206 - Short Sell 146.00 shares at 136.78 on 2024-10-11 15:30:00+00:00
2024-11-11 20:46:06,206 - Short Sell 146.00 shares at 136.76 on 2024-10-11 15:45:00+00:00
2024-11-11 20:46:06,206 - Short Sell 146.00 shares at 136.88 on 2024-10-11 19:00:00+00:00
2024-11-11 20:46:06,206 - Short Sell 146.00 shares at 136.86 on 2024-10-11 19:45:00+00:00
2024-11-11 20:46:06,206 - Short Sell 146.00 shares at 136.9 on 2024-10-14 13:30:00+00:00
2024-11-11 20:46:06,206 - Short Sell 146.00 shares at 136.91 on 2024-10-14 13:45:00+00:00
2024-11-11 20:46:06,206 - Short Sell 145.00 shares at 137.06 on 2024-10-14 14:30:00+00:00
2024-11-11 20:46:06,206 - Short Sell 145.00 shares at 137.07 on 2024-10-14 14:45:00+00:00
2024-11-11 20:46:06,206 - Short Sell 145.00 shares at 137.08 on 2024-10-14 15:00:00+00:00
2024-11-11 20:46:06,206 - Short Sell 145.00 shares at 137.06 on 2024-10-14 15:15:00+00:00
2024-11-11 20:46:06,207 - Buy to cover -2040.00 shares at 136.91 on 2024-10-14 15:30:00+00:00 (Exit: Signal, Profit: -29.829999999996062, Duration: 4380.0 minutes)
2024-11-11 20:46:06,207 - Short Sell 145.00 shares at 137.2 on 2024-10-14 16:00:00+00:00
2024-11-11 20:46:06,207 - Short Sell 145.00 shares at 137.18 on 2024-10-14 16:15:00+00:00
2024-11-11 20:46:06,207 - Short Sell 145.00 shares at 137.86 on 2024-10-15 13:30:00+00:00
2024-11-11 20:46:06,207 - Short Sell 145.00 shares at 137.7 on 2024-10-15 14:00:00+00:00
2024-11-11 20:46:06,207 - Short Sell 144.00 shares at 138.08 on 2024-10-15 14:15:00+00:00
2024-11-11 20:46:06,207 - Short Sell 145.00 shares at 137.66 on 2024-10-15 14:30:00+00:00
2024-11-11 20:46:06,207 - Short Sell 145.00 shares at 137.72 on 2024-10-15 14:45:00+00:00
2024-11-11 20:46:06,207 - Short Sell 145.00 shares at 137.62 on 2024-10-15 15:15:00+00:00
2024-11-11 20:46:06,208 - Short Sell 145.00 shares at 137.81 on 2024-10-15 15:30:00+00:00
2024-11-11 20:46:06,208 - Short Sell 145.00 shares at 137.81 on 2024-10-15 15:45:00+00:00
2024-11-11 20:46:06,208 - Short Sell 144.00 shares at 137.92 on 2024-10-15 16:00:00+00:00
2024-11-11 20:46:06,208 - Short Sell 144.00 shares at 138.06 on 2024-10-15 16:15:00+00:00
2024-11-11 20:46:06,208 - Buy to cover -1737.00 shares at 138.03 on 2024-10-15 16:30:00+00:00 (Exit: Signal, Profit: -542.269999999986, Duration: 1470.0 minutes)
2024-11-11 20:46:06,208 - Long Buy 144.00 shares at 137.89 on 2024-10-15 16:45:00+00:00
2024-11-11 20:46:06,208 - Long Buy 142.00 shares at 137.72 on 2024-10-15 17:00:00+00:00
2024-11-11 20:46:06,208 - Long Buy 139.00 shares at 137.79 on 2024-10-15 17:15:00+00:00
2024-11-11 20:46:06,208 - Long Buy 136.00 shares at 137.69 on 2024-10-15 18:15:00+00:00
2024-11-11 20:46:06,208 - Long Buy 133.00 shares at 137.65 on 2024-10-15 18:30:00+00:00
2024-11-11 20:46:06,208 - Long Buy 131.00 shares at 137.4 on 2024-10-15 18:45:00+00:00
2024-11-11 20:46:06,208 - Long Buy 129.00 shares at 136.97 on 2024-10-15 19:00:00+00:00
2024-11-11 20:46:06,208 - Long Buy 126.00 shares at 136.91 on 2024-10-15 19:15:00+00:00
2024-11-11 20:46:06,208 - Long Buy 124.00 shares at 136.85 on 2024-10-15 19:30:00+00:00
2024-11-11 20:46:06,208 - Long Buy 121.00 shares at 136.73 on 2024-10-15 19:45:00+00:00
2024-11-11 20:46:06,208 - Long Buy 118.00 shares at 137.53 on 2024-10-16 13:30:00+00:00
2024-11-11 20:46:06,208 - Long Buy 116.00 shares at 137.62 on 2024-10-16 13:45:00+00:00
2024-11-11 20:46:06,208 - Long Buy 114.00 shares at 137.58 on 2024-10-16 14:00:00+00:00
2024-11-11 20:46:06,208 - Long Buy 112.00 shares at 137.31 on 2024-10-16 14:15:00+00:00
2024-11-11 20:46:06,208 - Long Buy 110.00 shares at 136.95 on 2024-10-16 14:30:00+00:00
2024-11-11 20:46:06,208 - Long Buy 107.00 shares at 137.13 on 2024-10-16 14:45:00+00:00
2024-11-11 20:46:06,208 - Long Buy 105.00 shares at 137.03 on 2024-10-16 15:00:00+00:00
2024-11-11 20:46:06,208 - Long Buy 103.00 shares at 137.41 on 2024-10-16 15:15:00+00:00
2024-11-11 20:46:06,208 - Long Buy 101.00 shares at 137.39 on 2024-10-16 15:30:00+00:00
2024-11-11 20:46:06,208 - Long Buy 99.00 shares at 137.24 on 2024-10-16 15:45:00+00:00
2024-11-11 20:46:06,208 - Long Buy 97.00 shares at 137.43 on 2024-10-16 16:00:00+00:00
2024-11-11 20:46:06,208 - Long Buy 95.00 shares at 137.36 on 2024-10-16 16:15:00+00:00
2024-11-11 20:46:06,208 - Long Buy 93.00 shares at 137.36 on 2024-10-16 16:30:00+00:00
2024-11-11 20:46:06,208 - Long Buy 91.00 shares at 137.42 on 2024-10-16 16:45:00+00:00
2024-11-11 20:46:06,208 - Long Buy 89.00 shares at 137.35 on 2024-10-16 17:00:00+00:00
2024-11-11 20:46:06,208 - Long Buy 88.00 shares at 137.38 on 2024-10-16 17:15:00+00:00
2024-11-11 20:46:06,209 - Long Buy 86.00 shares at 137.21 on 2024-10-16 17:30:00+00:00
2024-11-11 20:46:06,209 - Sell to close 3049.00 shares at 137.54 on 2024-10-16 18:00:00+00:00 (Exit: Signal, Profit: 557.5400000000197, Duration: 1515.0 minutes)
2024-11-11 20:46:06,209 - Short Sell 145.00 shares at 137.72 on 2024-10-16 18:15:00+00:00
2024-11-11 20:46:06,209 - Short Sell 145.00 shares at 137.58 on 2024-10-16 18:30:00+00:00
2024-11-11 20:46:06,209 - Buy to cover -290.00 shares at 136.73 on 2024-10-17 13:30:00+00:00 (Exit: Profit_take, Profit: 266.8000000000046, Duration: 1155.0 minutes)
2024-11-11 20:46:06,209 - Long Buy 146.00 shares at 136.57 on 2024-10-17 13:45:00+00:00
2024-11-11 20:46:06,209 - Long Buy 143.00 shares at 136.56 on 2024-10-17 14:00:00+00:00
2024-11-11 20:46:06,209 - Long Buy 141.00 shares at 136.01 on 2024-10-17 14:15:00+00:00
2024-11-11 20:46:06,209 - Long Buy 138.00 shares at 135.84 on 2024-10-17 14:30:00+00:00
2024-11-11 20:46:06,209 - Long Buy 135.00 shares at 136.21 on 2024-10-17 14:45:00+00:00
2024-11-11 20:46:06,209 - Long Buy 133.00 shares at 135.8 on 2024-10-17 15:00:00+00:00
2024-11-11 20:46:06,209 - Long Buy 130.00 shares at 135.96 on 2024-10-17 15:15:00+00:00
2024-11-11 20:46:06,209 - Long Buy 128.00 shares at 135.74 on 2024-10-17 15:30:00+00:00
2024-11-11 20:46:06,209 - Long Buy 125.00 shares at 135.81 on 2024-10-17 15:45:00+00:00
2024-11-11 20:46:06,209 - Long Buy 123.00 shares at 135.65 on 2024-10-17 16:00:00+00:00
2024-11-11 20:46:06,209 - Long Buy 120.00 shares at 135.66 on 2024-10-17 16:15:00+00:00
2024-11-11 20:46:06,209 - Long Buy 118.00 shares at 135.56 on 2024-10-17 16:30:00+00:00
2024-11-11 20:46:06,209 - Long Buy 115.00 shares at 135.62 on 2024-10-17 16:45:00+00:00
2024-11-11 20:46:06,209 - Long Buy 113.00 shares at 135.25 on 2024-10-17 17:00:00+00:00
2024-11-11 20:46:06,209 - Sell to close 1808.00 shares at 135.01 on 2024-10-17 17:15:00+00:00 (Exit: Stop_loss, Profit: -1607.8499999999995, Duration: 210.0 minutes)
2024-11-11 20:46:06,209 - Long Buy 148.00 shares at 134.63 on 2024-10-18 13:30:00+00:00
2024-11-11 20:46:06,209 - Long Buy 145.00 shares at 134.2 on 2024-10-18 13:45:00+00:00
2024-11-11 20:46:06,209 - Long Buy 142.00 shares at 134.28 on 2024-10-18 14:00:00+00:00
2024-11-11 20:46:06,209 - Long Buy 140.00 shares at 134.05 on 2024-10-18 14:15:00+00:00
2024-11-11 20:46:06,210 - Long Buy 137.00 shares at 134.18 on 2024-10-18 14:30:00+00:00
2024-11-11 20:46:06,210 - Long Buy 134.00 shares at 134.26 on 2024-10-18 14:45:00+00:00
2024-11-11 20:46:06,210 - Long Buy 131.00 shares at 134.18 on 2024-10-18 15:00:00+00:00
2024-11-11 20:46:06,210 - Long Buy 129.00 shares at 134.08 on 2024-10-18 15:15:00+00:00
2024-11-11 20:46:06,210 - Long Buy 126.00 shares at 134.1 on 2024-10-18 15:30:00+00:00
2024-11-11 20:46:06,210 - Long Buy 124.00 shares at 133.96 on 2024-10-18 15:45:00+00:00
2024-11-11 20:46:06,210 - Long Buy 121.00 shares at 134.27 on 2024-10-18 16:00:00+00:00
2024-11-11 20:46:06,210 - Long Buy 119.00 shares at 134.36 on 2024-10-18 16:15:00+00:00
2024-11-11 20:46:06,210 - Long Buy 116.00 shares at 134.43 on 2024-10-18 16:30:00+00:00
2024-11-11 20:46:06,210 - Long Buy 114.00 shares at 134.41 on 2024-10-18 16:45:00+00:00
2024-11-11 20:46:06,210 - Long Buy 112.00 shares at 134.31 on 2024-10-18 17:00:00+00:00
2024-11-11 20:46:06,210 - Long Buy 110.00 shares at 134.13 on 2024-10-18 17:15:00+00:00
2024-11-11 20:46:06,210 - Long Buy 107.00 shares at 134.19 on 2024-10-18 17:30:00+00:00
2024-11-11 20:46:06,210 - Long Buy 105.00 shares at 134.02 on 2024-10-18 17:45:00+00:00
2024-11-11 20:46:06,210 - Long Buy 103.00 shares at 134.06 on 2024-10-18 18:00:00+00:00
2024-11-11 20:46:06,210 - Long Buy 101.00 shares at 134.24 on 2024-10-18 18:15:00+00:00
2024-11-11 20:46:06,210 - Long Buy 99.00 shares at 134.17 on 2024-10-18 18:30:00+00:00
2024-11-11 20:46:06,210 - Long Buy 97.00 shares at 134.14 on 2024-10-18 18:45:00+00:00
2024-11-11 20:46:06,210 - Long Buy 95.00 shares at 134.26 on 2024-10-18 19:00:00+00:00
2024-11-11 20:46:06,210 - Long Buy 93.00 shares at 134.14 on 2024-10-18 19:15:00+00:00
2024-11-11 20:46:06,210 - Sell to close 2848.00 shares at 134.19 on 2024-10-18 19:30:00+00:00 (Exit: Signal, Profit: -71.05000000001746, Duration: 360.0 minutes)
2024-11-11 20:46:06,210 - Short Sell 148.00 shares at 134.32 on 2024-10-18 19:45:00+00:00
2024-11-11 20:46:06,210 - Short Sell 148.00 shares at 134.43 on 2024-10-21 13:45:00+00:00
2024-11-11 20:46:06,210 - Buy to cover -296.00 shares at 133.82 on 2024-10-21 14:15:00+00:00 (Exit: Signal, Profit: 164.28000000000202, Duration: 3990.0 minutes)
2024-11-11 20:46:06,210 - Long Buy 149.00 shares at 133.66 on 2024-10-21 14:30:00+00:00
2024-11-11 20:46:06,210 - Long Buy 146.00 shares at 133.39 on 2024-10-21 14:45:00+00:00
2024-11-11 20:46:06,210 - Long Buy 144.00 shares at 133.04 on 2024-10-21 15:00:00+00:00
2024-11-11 20:46:06,210 - Long Buy 141.00 shares at 133.02 on 2024-10-21 15:15:00+00:00
2024-11-11 20:46:06,210 - Long Buy 138.00 shares at 133.24 on 2024-10-21 15:30:00+00:00
2024-11-11 20:46:06,210 - Long Buy 135.00 shares at 133.17 on 2024-10-21 15:45:00+00:00
2024-11-11 20:46:06,210 - Long Buy 133.00 shares at 133.06 on 2024-10-21 16:00:00+00:00
2024-11-11 20:46:06,211 - Long Buy 130.00 shares at 133.27 on 2024-10-21 16:15:00+00:00
2024-11-11 20:46:06,211 - Long Buy 127.00 shares at 133.25 on 2024-10-21 16:30:00+00:00
2024-11-11 20:46:06,211 - Long Buy 125.00 shares at 133.26 on 2024-10-21 16:45:00+00:00
2024-11-11 20:46:06,211 - Long Buy 122.00 shares at 133.28 on 2024-10-21 17:00:00+00:00
2024-11-11 20:46:06,211 - Long Buy 120.00 shares at 133.33 on 2024-10-21 17:15:00+00:00
2024-11-11 20:46:06,211 - Long Buy 117.00 shares at 133.12 on 2024-10-21 17:30:00+00:00
2024-11-11 20:46:06,211 - Long Buy 115.00 shares at 133.16 on 2024-10-21 17:45:00+00:00
2024-11-11 20:46:06,211 - Long Buy 113.00 shares at 132.81 on 2024-10-21 18:00:00+00:00
2024-11-11 20:46:06,211 - Long Buy 111.00 shares at 132.8 on 2024-10-21 18:15:00+00:00
2024-11-11 20:46:06,211 - Long Buy 109.00 shares at 132.47 on 2024-10-21 18:30:00+00:00
2024-11-11 20:46:06,211 - Long Buy 107.00 shares at 132.44 on 2024-10-21 18:45:00+00:00
2024-11-11 20:46:06,211 - Long Buy 104.00 shares at 132.56 on 2024-10-21 19:00:00+00:00
2024-11-11 20:46:06,211 - Long Buy 102.00 shares at 132.58 on 2024-10-21 19:15:00+00:00
2024-11-11 20:46:06,211 - Long Buy 100.00 shares at 132.41 on 2024-10-21 19:30:00+00:00
2024-11-11 20:46:06,211 - Long Buy 98.00 shares at 132.57 on 2024-10-21 19:45:00+00:00
2024-11-11 20:46:06,211 - Sell to close 2686.00 shares at 131.1 on 2024-10-22 13:30:00+00:00 (Exit: Stop_loss, Profit: -5185.759999999912, Duration: 1380.0 minutes)
2024-11-11 20:46:06,211 - Short Sell 150.00 shares at 131.89 on 2024-10-23 13:30:00+00:00
2024-11-11 20:46:06,211 - Short Sell 150.00 shares at 131.87 on 2024-10-23 13:45:00+00:00
2024-11-11 20:46:06,211 - Short Sell 150.00 shares at 132.09 on 2024-10-23 14:00:00+00:00
2024-11-11 20:46:06,211 - Short Sell 149.00 shares at 132.46 on 2024-10-23 14:15:00+00:00
2024-11-11 20:46:06,211 - Short Sell 150.00 shares at 132.09 on 2024-10-23 14:30:00+00:00
2024-11-11 20:46:06,211 - Short Sell 150.00 shares at 132.14 on 2024-10-23 14:45:00+00:00
2024-11-11 20:46:06,211 - Buy to cover -899.00 shares at 131.68 on 2024-10-23 15:00:00+00:00 (Exit: Signal, Profit: 368.21999999998053, Duration: 90.0 minutes)
2024-11-11 20:46:06,211 - Long Buy 151.00 shares at 131.6 on 2024-10-23 15:15:00+00:00
2024-11-11 20:46:06,211 - Long Buy 147.00 shares at 131.72 on 2024-10-23 15:30:00+00:00
2024-11-11 20:46:06,211 - Long Buy 144.00 shares at 131.78 on 2024-10-23 15:45:00+00:00
2024-11-11 20:46:06,212 - Long Buy 142.00 shares at 131.64 on 2024-10-23 16:00:00+00:00
2024-11-11 20:46:06,212 - Long Buy 139.00 shares at 131.73 on 2024-10-23 16:15:00+00:00
2024-11-11 20:46:06,212 - Long Buy 136.00 shares at 131.77 on 2024-10-23 16:30:00+00:00
2024-11-11 20:46:06,212 - Long Buy 133.00 shares at 131.67 on 2024-10-23 17:00:00+00:00
2024-11-11 20:46:06,212 - Long Buy 131.00 shares at 131.62 on 2024-10-23 17:15:00+00:00
2024-11-11 20:46:06,212 - Long Buy 128.00 shares at 131.43 on 2024-10-23 17:30:00+00:00
2024-11-11 20:46:06,212 - Long Buy 126.00 shares at 131.48 on 2024-10-23 17:45:00+00:00
2024-11-11 20:46:06,212 - Long Buy 124.00 shares at 131.07 on 2024-10-23 18:00:00+00:00
2024-11-11 20:46:06,212 - Long Buy 121.00 shares at 131.25 on 2024-10-23 18:15:00+00:00
2024-11-11 20:46:06,212 - Long Buy 118.00 shares at 131.62 on 2024-10-23 18:30:00+00:00
2024-11-11 20:46:06,212 - Long Buy 116.00 shares at 131.48 on 2024-10-23 18:45:00+00:00
2024-11-11 20:46:06,212 - Long Buy 113.00 shares at 131.6 on 2024-10-23 19:00:00+00:00
2024-11-11 20:46:06,212 - Long Buy 111.00 shares at 131.74 on 2024-10-23 19:15:00+00:00
2024-11-11 20:46:06,212 - Long Buy 109.00 shares at 131.72 on 2024-10-23 19:30:00+00:00
2024-11-11 20:46:06,212 - Long Buy 107.00 shares at 131.74 on 2024-10-23 19:45:00+00:00
2024-11-11 20:46:06,212 - Sell to close 2296.00 shares at 130.5 on 2024-10-24 13:30:00+00:00 (Exit: Stop_loss, Profit: -2515.0499999999683, Duration: 1335.0 minutes)
2024-11-11 20:46:06,212 - Short Sell 151.00 shares at 131.22 on 2024-10-25 13:30:00+00:00
2024-11-11 20:46:06,212 - Short Sell 150.00 shares at 131.38 on 2024-10-25 13:45:00+00:00
2024-11-11 20:46:06,212 - Short Sell 150.00 shares at 131.56 on 2024-10-25 14:00:00+00:00
2024-11-11 20:46:06,212 - Short Sell 150.00 shares at 131.68 on 2024-10-25 14:15:00+00:00
2024-11-11 20:46:06,212 - Short Sell 151.00 shares at 131.25 on 2024-10-25 14:30:00+00:00
2024-11-11 20:46:06,212 - Short Sell 151.00 shares at 131.13 on 2024-10-25 14:45:00+00:00
2024-11-11 20:46:06,212 - Buy to cover -903.00 shares at 130.59 on 2024-10-25 15:15:00+00:00 (Exit: Profit_take, Profit: 703.8300000000032, Duration: 105.0 minutes)
2024-11-11 20:46:06,213 - Long Buy 152.00 shares at 130.4 on 2024-10-25 17:00:00+00:00
2024-11-11 20:46:06,213 - Long Buy 149.00 shares at 130.11 on 2024-10-25 17:30:00+00:00
2024-11-11 20:46:06,213 - Long Buy 146.00 shares at 130.19 on 2024-10-25 17:45:00+00:00
2024-11-11 20:46:06,213 - Long Buy 143.00 shares at 130.14 on 2024-10-25 18:00:00+00:00
2024-11-11 20:46:06,213 - Long Buy 140.00 shares at 130.26 on 2024-10-25 19:00:00+00:00
2024-11-11 20:46:06,213 - Sell to close 730.00 shares at 132.0 on 2024-10-28 13:30:00+00:00 (Exit: Profit_take, Profit: 1298.6500000000324, Duration: 4110.0 minutes)
2024-11-11 20:46:06,213 - Short Sell 150.00 shares at 131.83 on 2024-10-28 13:45:00+00:00
2024-11-11 20:46:06,213 - Short Sell 150.00 shares at 131.72 on 2024-10-28 14:00:00+00:00
2024-11-11 20:46:06,213 - Short Sell 150.00 shares at 131.87 on 2024-10-28 14:15:00+00:00
2024-11-11 20:46:06,213 - Short Sell 151.00 shares at 131.32 on 2024-10-28 14:30:00+00:00
2024-11-11 20:46:06,213 - Short Sell 150.00 shares at 131.61 on 2024-10-28 14:45:00+00:00
2024-11-11 20:46:06,213 - Short Sell 150.00 shares at 131.7 on 2024-10-28 15:00:00+00:00
2024-11-11 20:46:06,213 - Short Sell 151.00 shares at 131.35 on 2024-10-28 15:15:00+00:00
2024-11-11 20:46:06,213 - Short Sell 151.00 shares at 131.11 on 2024-10-28 15:30:00+00:00
2024-11-11 20:46:06,213 - Short Sell 151.00 shares at 131.11 on 2024-10-28 15:45:00+00:00
2024-11-11 20:46:06,213 - Short Sell 151.00 shares at 131.31 on 2024-10-28 16:00:00+00:00
2024-11-11 20:46:06,213 - Short Sell 151.00 shares at 131.36 on 2024-10-28 16:15:00+00:00
2024-11-11 20:46:06,213 - Short Sell 151.00 shares at 131.28 on 2024-10-28 16:30:00+00:00
2024-11-11 20:46:06,213 - Short Sell 151.00 shares at 131.24 on 2024-10-28 16:45:00+00:00
2024-11-11 20:46:06,213 - Short Sell 151.00 shares at 131.16 on 2024-10-28 17:00:00+00:00
2024-11-11 20:46:06,213 - Short Sell 151.00 shares at 131.22 on 2024-10-28 17:15:00+00:00
2024-11-11 20:46:06,213 - Short Sell 151.00 shares at 131.33 on 2024-10-28 17:30:00+00:00
2024-11-11 20:46:06,213 - Short Sell 151.00 shares at 131.27 on 2024-10-28 17:45:00+00:00
2024-11-11 20:46:06,213 - Buy to cover -2562.00 shares at 131.09 on 2024-10-28 18:00:00+00:00 (Exit: Signal, Profit: 790.9799999999842, Duration: 255.0 minutes)
2024-11-11 20:46:06,213 - Long Buy 151.00 shares at 131.06 on 2024-10-28 18:15:00+00:00
2024-11-11 20:46:06,213 - Long Buy 148.00 shares at 130.99 on 2024-10-28 18:30:00+00:00
2024-11-11 20:46:06,213 - Long Buy 145.00 shares at 130.95 on 2024-10-28 18:45:00+00:00
2024-11-11 20:46:06,213 - Long Buy 143.00 shares at 130.89 on 2024-10-28 19:00:00+00:00
2024-11-11 20:46:06,214 - Long Buy 140.00 shares at 131.01 on 2024-10-28 19:15:00+00:00
2024-11-11 20:46:06,214 - Long Buy 137.00 shares at 130.84 on 2024-10-28 19:45:00+00:00
2024-11-11 20:46:06,214 - Sell to close 864.00 shares at 129.36 on 2024-10-29 13:30:00+00:00 (Exit: Stop_loss, Profit: -1381.0399999999854, Duration: 1155.0 minutes)
2024-11-11 20:46:06,215 - Long Buy 153.00 shares at 129.3 on 2024-10-30 13:30:00+00:00
2024-11-11 20:46:06,215 - Sell to close 153.00 shares at 130.14 on 2024-10-30 13:45:00+00:00 (Exit: Profit_take, Profit: 128.51999999999617, Duration: 15.0 minutes)
2024-11-11 20:46:06,215 - Long Buy 152.00 shares at 130.15 on 2024-10-30 14:15:00+00:00
2024-11-11 20:46:06,215 - Long Buy 149.00 shares at 130.16 on 2024-10-30 14:30:00+00:00
2024-11-11 20:46:06,215 - Long Buy 146.00 shares at 130.13 on 2024-10-30 15:00:00+00:00
2024-11-11 20:46:06,215 - Long Buy 143.00 shares at 130.21 on 2024-10-30 16:15:00+00:00
2024-11-11 20:46:06,215 - Sell to close 590.00 shares at 123.14 on 2024-10-31 13:30:00+00:00 (Exit: Stop_loss, Profit: -4143.050000000012, Duration: 1395.0 minutes)
2024-11-11 20:46:06,216 - Long Buy 163.00 shares at 121.04 on 2024-11-01 13:30:00+00:00
2024-11-11 20:46:06,216 - Long Buy 159.00 shares at 121.58 on 2024-11-01 13:45:00+00:00
2024-11-11 20:46:06,216 - Sell to close 322.00 shares at 122.29 on 2024-11-01 14:00:00+00:00 (Exit: Profit_take, Profit: 316.63999999999874, Duration: 30.0 minutes)
2024-11-11 20:46:06,216 - Long Buy 161.00 shares at 122.21 on 2024-11-01 14:15:00+00:00
2024-11-11 20:46:06,216 - Long Buy 159.00 shares at 121.77 on 2024-11-01 14:30:00+00:00
2024-11-11 20:46:06,216 - Long Buy 155.00 shares at 122.04 on 2024-11-01 14:45:00+00:00
2024-11-11 20:46:06,216 - Long Buy 153.00 shares at 121.35 on 2024-11-01 15:30:00+00:00
2024-11-11 20:46:06,216 - Long Buy 150.00 shares at 121.54 on 2024-11-01 15:45:00+00:00
2024-11-11 20:46:06,216 - Long Buy 147.00 shares at 121.33 on 2024-11-01 16:00:00+00:00
2024-11-11 20:46:06,216 - Sell to close 925.00 shares at 120.61 on 2024-11-01 16:15:00+00:00 (Exit: Stop_loss, Profit: -1022.249999999994, Duration: 120.0 minutes)
2024-11-11 20:46:06,216 - Long Buy 162.00 shares at 121.45 on 2024-11-04 14:45:00+00:00
2024-11-11 20:46:06,216 - Long Buy 159.00 shares at 121.32 on 2024-11-04 15:30:00+00:00
2024-11-11 20:46:06,216 - Long Buy 156.00 shares at 121.26 on 2024-11-04 15:45:00+00:00
2024-11-11 20:46:06,216 - Long Buy 153.00 shares at 121.23 on 2024-11-04 16:15:00+00:00
2024-11-11 20:46:06,216 - Long Buy 150.00 shares at 121.06 on 2024-11-04 16:30:00+00:00
2024-11-11 20:46:06,216 - Long Buy 147.00 shares at 121.1 on 2024-11-04 16:45:00+00:00
2024-11-11 20:46:06,216 - Long Buy 144.00 shares at 120.88 on 2024-11-04 17:45:00+00:00
2024-11-11 20:46:06,216 - Sell to close 1071.00 shares at 120.65 on 2024-11-04 18:00:00+00:00 (Exit: Stop_loss, Profit: -580.7999999999979, Duration: 195.0 minutes)
2024-11-11 20:46:06,217 - Short Sell 162.00 shares at 121.88 on 2024-11-05 15:30:00+00:00
2024-11-11 20:46:06,217 - Short Sell 162.00 shares at 121.77 on 2024-11-05 16:15:00+00:00
2024-11-11 20:46:06,217 - Short Sell 162.00 shares at 121.75 on 2024-11-05 17:30:00+00:00
2024-11-11 20:46:06,217 - Short Sell 161.00 shares at 121.98 on 2024-11-05 17:45:00+00:00
2024-11-11 20:46:06,217 - Short Sell 162.00 shares at 121.86 on 2024-11-05 18:00:00+00:00
2024-11-11 20:46:06,217 - Short Sell 162.00 shares at 121.84 on 2024-11-05 18:15:00+00:00
2024-11-11 20:46:06,217 - Short Sell 161.00 shares at 122.07 on 2024-11-05 18:30:00+00:00
2024-11-11 20:46:06,217 - Short Sell 161.00 shares at 122.16 on 2024-11-05 18:45:00+00:00
2024-11-11 20:46:06,217 - Short Sell 161.00 shares at 122.26 on 2024-11-05 19:00:00+00:00
2024-11-11 20:46:06,217 - Short Sell 161.00 shares at 122.23 on 2024-11-05 19:15:00+00:00
2024-11-11 20:46:06,217 - Short Sell 161.00 shares at 122.26 on 2024-11-05 19:30:00+00:00
2024-11-11 20:46:06,217 - Short Sell 161.00 shares at 121.96 on 2024-11-05 19:45:00+00:00
2024-11-11 20:46:06,217 - Short Sell 161.00 shares at 122.16 on 2024-11-05 20:00:00+00:00
2024-11-11 20:46:06,217 - Short Sell 161.00 shares at 122.18 on 2024-11-05 20:15:00+00:00
2024-11-11 20:46:06,217 - Short Sell 161.00 shares at 122.31 on 2024-11-05 20:30:00+00:00
2024-11-11 20:46:06,217 - Short Sell 161.00 shares at 122.28 on 2024-11-05 20:45:00+00:00
2024-11-11 20:46:06,217 - Buy to cover -2581.00 shares at 122.82 on 2024-11-06 14:30:00+00:00 (Exit: Stop_loss, Profit: -1964.3699999999935, Duration: 1380.0 minutes)
2024-11-11 20:46:06,217 - Short Sell 158.00 shares at 124.41 on 2024-11-07 14:30:00+00:00
2024-11-11 20:46:06,217 - Short Sell 157.00 shares at 124.86 on 2024-11-07 14:45:00+00:00
2024-11-11 20:46:06,217 - Short Sell 157.00 shares at 125.46 on 2024-11-07 15:00:00+00:00
2024-11-11 20:46:06,217 - Short Sell 158.00 shares at 124.71 on 2024-11-07 15:15:00+00:00
2024-11-11 20:46:06,217 - Short Sell 158.00 shares at 124.7 on 2024-11-07 15:30:00+00:00
2024-11-11 20:46:06,218 - Short Sell 158.00 shares at 124.61 on 2024-11-07 15:45:00+00:00
2024-11-11 20:46:06,218 - Buy to cover -946.00 shares at 123.97 on 2024-11-07 16:00:00+00:00 (Exit: Profit_take, Profit: 776.560000000025, Duration: 90.0 minutes)
2024-11-11 20:46:06,218 - Long Buy 159.00 shares at 123.42 on 2024-11-07 16:45:00+00:00
2024-11-11 20:46:06,218 - Sell to close 159.00 shares at 124.14 on 2024-11-07 17:00:00+00:00 (Exit: Profit_take, Profit: 114.48000000000208, Duration: 15.0 minutes)
2024-11-11 20:46:06,218 - Short Sell 158.00 shares at 124.09 on 2024-11-07 19:30:00+00:00
2024-11-11 20:46:06,218 - Short Sell 158.00 shares at 124.55 on 2024-11-07 19:45:00+00:00
2024-11-11 20:46:06,218 - Short Sell 158.00 shares at 124.63 on 2024-11-07 20:00:00+00:00
2024-11-11 20:46:06,218 - Short Sell 158.00 shares at 124.49 on 2024-11-07 20:15:00+00:00
2024-11-11 20:46:06,218 - Buy to cover -632.00 shares at 123.65 on 2024-11-07 20:45:00+00:00 (Exit: Profit_take, Profit: 499.279999999986, Duration: 75.0 minutes)
2024-11-11 20:46:06,218 - Short Sell 158.00 shares at 124.46 on 2024-11-08 15:00:00+00:00
2024-11-11 20:46:06,218 - Short Sell 158.00 shares at 124.52 on 2024-11-08 15:15:00+00:00
2024-11-11 20:46:06,218 - Short Sell 157.00 shares at 125.01 on 2024-11-08 15:30:00+00:00
2024-11-11 20:46:06,218 - Short Sell 158.00 shares at 124.83 on 2024-11-08 15:45:00+00:00
2024-11-11 20:46:06,218 - Short Sell 158.00 shares at 124.45 on 2024-11-08 16:00:00+00:00
2024-11-11 20:46:06,218 - Buy to cover -789.00 shares at 123.99 on 2024-11-08 16:30:00+00:00 (Exit: Profit_take, Profit: 523.5400000000031, Duration: 90.0 minutes)
2024-11-11 20:46:06,218 - Short Sell 158.00 shares at 124.73 on 2024-11-08 18:45:00+00:00
2024-11-11 20:46:06,218 - Short Sell 158.00 shares at 124.84 on 2024-11-08 19:15:00+00:00
2024-11-11 20:46:06,218 - Short Sell 158.00 shares at 124.86 on 2024-11-08 19:30:00+00:00
2024-11-11 20:46:06,219 - Short Sell 158.00 shares at 124.8 on 2024-11-08 19:45:00+00:00
2024-11-11 20:46:06,219 - Buy to cover -632.00 shares at 124.44 on 2024-11-08 20:30:00+00:00 (Exit: Signal, Profit: 232.25999999999533, Duration: 105.0 minutes)
2024-11-11 20:46:06,219 - Long Buy 158.00 shares at 124.39 on 2024-11-08 20:45:00+00:00
2024-11-11 20:46:06,220 - Holding 158.0 shares as an open position at the end with unrealized return: 0.0, Duration: 0.0 minutes
2024-11-11 20:46:06,221 - Final statisticsStock: XYL, 
total_trades: 26, 
winning_trades: 14, 
losing_trades: 12, 
average_return: -0.0015024605850975333, 
average_duration: 962.3076923076923, 
final_balance: 968044.6400000004, 
final_portfolio_value: 987698.2600000004, 
sharpe_ratio: 6.287200673989586, 



