2024-11-11 22:09:00,261 - Starting GBMStrategy with initial capital: 1000000
2024-11-11 22:09:00,261 - Hyperparameters: {'threshold': 1.5, 'time_periods': 30, 'num_simulations': 150}
2024-11-11 22:10:17,718 - Long Buy 104.00 shares at 192.0 on 2024-10-11 14:30:00+00:00
2024-11-11 22:10:17,719 - Long Buy 102.00 shares at 191.64 on 2024-10-11 15:00:00+00:00
2024-11-11 22:10:17,719 - Long Buy 100.00 shares at 191.66 on 2024-10-11 15:15:00+00:00
2024-11-11 22:10:17,719 - Long Buy 98.00 shares at 191.83 on 2024-10-11 15:30:00+00:00
2024-11-11 22:10:17,719 - Long Buy 96.00 shares at 191.76 on 2024-10-11 15:45:00+00:00
2024-11-11 22:10:17,719 - Long Buy 94.00 shares at 191.12 on 2024-10-11 16:00:00+00:00
2024-11-11 22:10:17,719 - Long Buy 92.00 shares at 190.89 on 2024-10-11 16:15:00+00:00
2024-11-11 22:10:17,719 - Long Buy 91.00 shares at 190.56 on 2024-10-11 16:30:00+00:00
2024-11-11 22:10:17,719 - Long Buy 89.00 shares at 190.44 on 2024-10-11 16:45:00+00:00
2024-11-11 22:10:17,719 - Sell to close 866.00 shares at 189.88 on 2024-10-11 17:00:00+00:00 (Exit: Stop_loss, Profit: -1270.779999999995, Duration: 150.0 minutes)
2024-11-11 22:10:17,719 - Long Buy 104.00 shares at 190.97 on 2024-10-14 13:30:00+00:00
2024-11-11 22:10:17,719 - Long Buy 102.00 shares at 190.47 on 2024-10-14 13:45:00+00:00
2024-11-11 22:10:17,719 - Long Buy 100.00 shares at 190.81 on 2024-10-14 14:00:00+00:00
2024-11-11 22:10:17,719 - Sell to close 306.00 shares at 191.72 on 2024-10-14 14:15:00+00:00 (Exit: Profit_take, Profit: 296.49999999999704, Duration: 45.0 minutes)
2024-11-11 22:10:17,719 - Long Buy 104.00 shares at 191.21 on 2024-10-14 14:30:00+00:00
2024-11-11 22:10:17,719 - Long Buy 102.00 shares at 191.04 on 2024-10-14 14:45:00+00:00
2024-11-11 22:10:17,719 - Long Buy 100.00 shares at 191.34 on 2024-10-14 15:00:00+00:00
2024-11-11 22:10:17,719 - Sell to close 306.00 shares at 192.3 on 2024-10-14 15:30:00+00:00 (Exit: Profit_take, Profit: 337.8800000000087, Duration: 60.0 minutes)
2024-11-11 22:10:17,720 - Short Sell 104.00 shares at 191.93 on 2024-10-14 15:45:00+00:00
2024-11-11 22:10:17,720 - Short Sell 104.00 shares at 192.1 on 2024-10-14 16:00:00+00:00
2024-11-11 22:10:17,720 - Short Sell 104.00 shares at 192.07 on 2024-10-14 16:15:00+00:00
2024-11-11 22:10:17,720 - Short Sell 104.00 shares at 192.06 on 2024-10-14 16:30:00+00:00
2024-11-11 22:10:17,720 - Short Sell 104.00 shares at 192.05 on 2024-10-14 16:45:00+00:00
2024-11-11 22:10:17,720 - Buy to cover -520.00 shares at 191.37 on 2024-10-14 17:30:00+00:00 (Exit: Signal, Profit: 349.43999999999846, Duration: 105.0 minutes)
2024-11-11 22:10:17,720 - Short Sell 103.00 shares at 192.31 on 2024-10-14 18:30:00+00:00
2024-11-11 22:10:17,720 - Short Sell 103.00 shares at 192.42 on 2024-10-14 18:45:00+00:00
2024-11-11 22:10:17,720 - Short Sell 103.00 shares at 192.52 on 2024-10-14 19:00:00+00:00
2024-11-11 22:10:17,720 - Short Sell 103.00 shares at 192.93 on 2024-10-14 19:15:00+00:00
2024-11-11 22:10:17,720 - Short Sell 103.00 shares at 192.56 on 2024-10-14 19:30:00+00:00
2024-11-11 22:10:17,720 - Short Sell 103.00 shares at 192.66 on 2024-10-14 19:45:00+00:00
2024-11-11 22:10:17,720 - Short Sell 102.00 shares at 194.16 on 2024-10-15 13:30:00+00:00
2024-11-11 22:10:17,720 - Buy to cover -720.00 shares at 194.33 on 2024-10-15 13:45:00+00:00 (Exit: Stop_loss, Profit: -1107.0800000000258, Duration: 1155.0 minutes)
2024-11-11 22:10:17,721 - Long Buy 103.00 shares at 192.91 on 2024-10-16 13:30:00+00:00
2024-11-11 22:10:17,721 - Sell to close 103.00 shares at 194.59 on 2024-10-16 13:45:00+00:00 (Exit: Profit_take, Profit: 173.0400000000007, Duration: 15.0 minutes)
2024-11-11 22:10:17,721 - Short Sell 102.00 shares at 195.11 on 2024-10-16 14:00:00+00:00
2024-11-11 22:10:17,721 - Buy to cover -102.00 shares at 193.9 on 2024-10-16 15:45:00+00:00 (Exit: Profit_take, Profit: 123.42000000000081, Duration: 105.0 minutes)
2024-11-11 22:10:17,721 - Long Buy 103.00 shares at 193.53 on 2024-10-16 17:30:00+00:00
2024-11-11 22:10:17,721 - Sell to close 103.00 shares at 194.22 on 2024-10-16 18:00:00+00:00 (Exit: Signal, Profit: 71.06999999999977, Duration: 30.0 minutes)
2024-11-11 22:10:17,721 - Short Sell 102.00 shares at 194.27 on 2024-10-16 18:15:00+00:00
2024-11-11 22:10:17,721 - Short Sell 102.00 shares at 194.4 on 2024-10-16 18:30:00+00:00
2024-11-11 22:10:17,721 - Short Sell 102.00 shares at 194.51 on 2024-10-16 18:45:00+00:00
2024-11-11 22:10:17,721 - Short Sell 102.00 shares at 194.62 on 2024-10-16 19:00:00+00:00
2024-11-11 22:10:17,721 - Short Sell 102.00 shares at 194.76 on 2024-10-16 19:15:00+00:00
2024-11-11 22:10:17,721 - Short Sell 102.00 shares at 195.04 on 2024-10-16 19:30:00+00:00
2024-11-11 22:10:17,721 - Short Sell 102.00 shares at 195.02 on 2024-10-17 13:45:00+00:00
2024-11-11 22:10:17,721 - Short Sell 102.00 shares at 194.67 on 2024-10-17 14:45:00+00:00
2024-11-11 22:10:17,721 - Short Sell 102.00 shares at 194.96 on 2024-10-17 15:00:00+00:00
2024-11-11 22:10:17,721 - Short Sell 102.00 shares at 194.71 on 2024-10-17 15:15:00+00:00
2024-11-11 22:10:17,722 - Buy to cover -1020.00 shares at 193.37 on 2024-10-17 15:45:00+00:00 (Exit: Profit_take, Profit: 1352.5200000000514, Duration: 1290.0 minutes)
2024-11-11 22:10:17,722 - Long Buy 103.00 shares at 192.89 on 2024-10-17 16:00:00+00:00
2024-11-11 22:10:17,722 - Long Buy 101.00 shares at 192.79 on 2024-10-17 16:15:00+00:00
2024-11-11 22:10:17,722 - Long Buy 99.00 shares at 192.59 on 2024-10-17 16:30:00+00:00
2024-11-11 22:10:17,722 - Long Buy 97.00 shares at 192.36 on 2024-10-17 16:45:00+00:00
2024-11-11 22:10:17,722 - Long Buy 95.00 shares at 192.49 on 2024-10-17 17:00:00+00:00
2024-11-11 22:10:17,722 - Long Buy 94.00 shares at 192.38 on 2024-10-17 17:15:00+00:00
2024-11-11 22:10:17,722 - Long Buy 92.00 shares at 192.68 on 2024-10-17 17:30:00+00:00
2024-11-11 22:10:17,722 - Long Buy 90.00 shares at 192.81 on 2024-10-17 17:45:00+00:00
2024-11-11 22:10:17,722 - Long Buy 88.00 shares at 191.92 on 2024-10-17 18:00:00+00:00
2024-11-11 22:10:17,722 - Long Buy 87.00 shares at 191.52 on 2024-10-17 18:15:00+00:00
2024-11-11 22:10:17,722 - Sell to close 946.00 shares at 191.53 on 2024-10-17 18:30:00+00:00 (Exit: Signal, Profit: -878.3399999999602, Duration: 150.0 minutes)
2024-11-11 22:10:17,722 - Long Buy 104.00 shares at 191.23 on 2024-10-17 19:15:00+00:00
2024-11-11 22:10:17,722 - Long Buy 102.00 shares at 191.05 on 2024-10-17 19:45:00+00:00
2024-11-11 22:10:17,722 - Sell to close 206.00 shares at 191.87 on 2024-10-18 13:30:00+00:00 (Exit: Signal, Profit: 150.1999999999981, Duration: 1095.0 minutes)
2024-11-11 22:10:17,722 - Long Buy 104.00 shares at 190.59 on 2024-10-18 13:45:00+00:00
2024-11-11 22:10:17,722 - Sell to close 104.00 shares at 191.67 on 2024-10-18 14:00:00+00:00 (Exit: Profit_take, Profit: 112.31999999999834, Duration: 15.0 minutes)
2024-11-11 22:10:17,722 - Short Sell 103.00 shares at 192.36 on 2024-10-18 14:30:00+00:00
2024-11-11 22:10:17,722 - Short Sell 103.00 shares at 192.46 on 2024-10-18 14:45:00+00:00
2024-11-11 22:10:17,722 - Short Sell 103.00 shares at 192.71 on 2024-10-18 15:00:00+00:00
2024-11-11 22:10:17,722 - Short Sell 103.00 shares at 192.81 on 2024-10-18 15:15:00+00:00
2024-11-11 22:10:17,722 - Short Sell 103.00 shares at 193.15 on 2024-10-18 15:30:00+00:00
2024-11-11 22:10:17,722 - Short Sell 103.00 shares at 192.82 on 2024-10-18 15:45:00+00:00
2024-11-11 22:10:17,722 - Short Sell 103.00 shares at 192.75 on 2024-10-18 16:00:00+00:00
2024-11-11 22:10:17,722 - Short Sell 103.00 shares at 192.87 on 2024-10-18 16:15:00+00:00
2024-11-11 22:10:17,722 - Short Sell 103.00 shares at 192.77 on 2024-10-18 16:30:00+00:00
2024-11-11 22:10:17,722 - Short Sell 103.00 shares at 192.71 on 2024-10-18 16:45:00+00:00
2024-11-11 22:10:17,723 - Short Sell 103.00 shares at 192.72 on 2024-10-18 17:00:00+00:00
2024-11-11 22:10:17,723 - Short Sell 103.00 shares at 192.84 on 2024-10-18 17:15:00+00:00
2024-11-11 22:10:17,723 - Short Sell 103.00 shares at 193.09 on 2024-10-18 17:30:00+00:00
2024-11-11 22:10:17,723 - Short Sell 103.00 shares at 193.06 on 2024-10-18 17:45:00+00:00
2024-11-11 22:10:17,723 - Short Sell 103.00 shares at 193.11 on 2024-10-18 18:00:00+00:00
2024-11-11 22:10:17,723 - Short Sell 103.00 shares at 193.38 on 2024-10-18 18:15:00+00:00
2024-11-11 22:10:17,723 - Short Sell 103.00 shares at 193.2 on 2024-10-18 18:30:00+00:00
2024-11-11 22:10:17,723 - Short Sell 103.00 shares at 193.27 on 2024-10-18 18:45:00+00:00
2024-11-11 22:10:17,723 - Short Sell 103.00 shares at 193.12 on 2024-10-18 19:00:00+00:00
2024-11-11 22:10:17,723 - Short Sell 103.00 shares at 193.26 on 2024-10-18 19:15:00+00:00
2024-11-11 22:10:17,723 - Short Sell 103.00 shares at 193.35 on 2024-10-18 19:30:00+00:00
2024-11-11 22:10:17,723 - Buy to cover -2163.00 shares at 191.3 on 2024-10-21 13:30:00+00:00 (Exit: Profit_take, Profit: 3554.529999999964, Duration: 4260.0 minutes)
2024-11-11 22:10:17,723 - Long Buy 105.00 shares at 190.97 on 2024-10-21 13:45:00+00:00
2024-11-11 22:10:17,723 - Long Buy 103.00 shares at 190.76 on 2024-10-21 14:00:00+00:00
2024-11-11 22:10:17,723 - Long Buy 101.00 shares at 190.66 on 2024-10-21 14:15:00+00:00
2024-11-11 22:10:17,723 - Long Buy 98.00 shares at 191.18 on 2024-10-21 14:30:00+00:00
2024-11-11 22:10:17,723 - Long Buy 97.00 shares at 190.42 on 2024-10-21 14:45:00+00:00
2024-11-11 22:10:17,723 - Long Buy 95.00 shares at 189.66 on 2024-10-21 15:00:00+00:00
2024-11-11 22:10:17,723 - Long Buy 93.00 shares at 189.56 on 2024-10-21 15:15:00+00:00
2024-11-11 22:10:17,723 - Long Buy 91.00 shares at 189.67 on 2024-10-21 15:30:00+00:00
2024-11-11 22:10:17,723 - Long Buy 89.00 shares at 189.88 on 2024-10-21 15:45:00+00:00
2024-11-11 22:10:17,723 - Long Buy 88.00 shares at 189.76 on 2024-10-21 16:00:00+00:00
2024-11-11 22:10:17,723 - Long Buy 86.00 shares at 190.01 on 2024-10-21 16:15:00+00:00
2024-11-11 22:10:17,723 - Long Buy 84.00 shares at 190.26 on 2024-10-21 16:30:00+00:00
2024-11-11 22:10:17,723 - Long Buy 82.00 shares at 190.63 on 2024-10-21 16:45:00+00:00
2024-11-11 22:10:17,723 - Long Buy 81.00 shares at 190.39 on 2024-10-21 17:00:00+00:00
2024-11-11 22:10:17,723 - Long Buy 79.00 shares at 190.26 on 2024-10-21 17:15:00+00:00
2024-11-11 22:10:17,723 - Long Buy 77.00 shares at 190.35 on 2024-10-21 17:30:00+00:00
2024-11-11 22:10:17,723 - Long Buy 76.00 shares at 190.41 on 2024-10-21 17:45:00+00:00
2024-11-11 22:10:17,723 - Long Buy 75.00 shares at 189.93 on 2024-10-21 18:00:00+00:00
2024-11-11 22:10:17,723 - Long Buy 73.00 shares at 189.71 on 2024-10-21 18:15:00+00:00
2024-11-11 22:10:17,723 - Long Buy 72.00 shares at 189.74 on 2024-10-21 18:30:00+00:00
2024-11-11 22:10:17,723 - Long Buy 70.00 shares at 189.73 on 2024-10-21 18:45:00+00:00
2024-11-11 22:10:17,724 - Long Buy 69.00 shares at 190.02 on 2024-10-21 19:00:00+00:00
2024-11-11 22:10:17,724 - Long Buy 67.00 shares at 189.9 on 2024-10-21 19:15:00+00:00
2024-11-11 22:10:17,724 - Long Buy 66.00 shares at 189.61 on 2024-10-21 19:30:00+00:00
2024-11-11 22:10:17,724 - Long Buy 65.00 shares at 189.51 on 2024-10-21 19:45:00+00:00
2024-11-11 22:10:17,724 - Sell to close 2082.00 shares at 187.91 on 2024-10-22 13:30:00+00:00 (Exit: Stop_loss, Profit: -4677.150000000013, Duration: 1425.0 minutes)
2024-11-11 22:10:17,724 - Short Sell 105.00 shares at 189.98 on 2024-10-23 13:30:00+00:00
2024-11-11 22:10:17,724 - Buy to cover -105.00 shares at 188.66 on 2024-10-23 13:45:00+00:00 (Exit: Profit_take, Profit: 138.59999999999928, Duration: 15.0 minutes)
2024-11-11 22:10:17,724 - Short Sell 106.00 shares at 187.95 on 2024-10-23 15:00:00+00:00
2024-11-11 22:10:17,724 - Short Sell 106.00 shares at 188.25 on 2024-10-23 15:15:00+00:00
2024-11-11 22:10:17,724 - Short Sell 106.00 shares at 188.19 on 2024-10-23 15:30:00+00:00
2024-11-11 22:10:17,724 - Short Sell 106.00 shares at 188.41 on 2024-10-23 15:45:00+00:00
2024-11-11 22:10:17,724 - Short Sell 106.00 shares at 188.21 on 2024-10-23 16:00:00+00:00
2024-11-11 22:10:17,724 - Short Sell 106.00 shares at 188.34 on 2024-10-23 16:15:00+00:00
2024-11-11 22:10:17,724 - Short Sell 106.00 shares at 188.35 on 2024-10-23 16:30:00+00:00
2024-11-11 22:10:17,724 - Short Sell 105.00 shares at 188.57 on 2024-10-23 16:45:00+00:00
2024-11-11 22:10:17,724 - Short Sell 106.00 shares at 188.41 on 2024-10-23 17:00:00+00:00
2024-11-11 22:10:17,724 - Short Sell 105.00 shares at 188.67 on 2024-10-23 17:15:00+00:00
2024-11-11 22:10:17,724 - Short Sell 105.00 shares at 188.81 on 2024-10-23 17:30:00+00:00
2024-11-11 22:10:17,724 - Short Sell 105.00 shares at 188.89 on 2024-10-23 17:45:00+00:00
2024-11-11 22:10:17,724 - Short Sell 105.00 shares at 188.78 on 2024-10-23 18:00:00+00:00
2024-11-11 22:10:17,724 - Short Sell 105.00 shares at 188.71 on 2024-10-23 18:15:00+00:00
2024-11-11 22:10:17,724 - Short Sell 105.00 shares at 189.2 on 2024-10-23 18:30:00+00:00
2024-11-11 22:10:17,724 - Short Sell 105.00 shares at 188.93 on 2024-10-23 18:45:00+00:00
2024-11-11 22:10:17,724 - Short Sell 106.00 shares at 188.43 on 2024-10-23 19:00:00+00:00
2024-11-11 22:10:17,725 - Short Sell 105.00 shares at 188.55 on 2024-10-23 19:15:00+00:00
2024-11-11 22:10:17,725 - Short Sell 105.00 shares at 188.97 on 2024-10-23 19:30:00+00:00
2024-11-11 22:10:17,725 - Short Sell 105.00 shares at 188.99 on 2024-10-23 19:45:00+00:00
2024-11-11 22:10:17,725 - Buy to cover -2109.00 shares at 183.87 on 2024-10-24 13:30:00+00:00 (Exit: Profit_take, Profit: 9931.759999999944, Duration: 1350.0 minutes)
2024-11-11 22:10:17,725 - Long Buy 109.00 shares at 184.9 on 2024-10-24 13:45:00+00:00
2024-11-11 22:10:17,725 - Long Buy 107.00 shares at 183.96 on 2024-10-24 14:00:00+00:00
2024-11-11 22:10:17,725 - Long Buy 104.00 shares at 184.81 on 2024-10-24 14:15:00+00:00
2024-11-11 22:10:17,725 - Long Buy 103.00 shares at 183.99 on 2024-10-24 14:30:00+00:00
2024-11-11 22:10:17,725 - Long Buy 101.00 shares at 183.85 on 2024-10-24 14:45:00+00:00
2024-11-11 22:10:17,725 - Sell to close 524.00 shares at 182.25 on 2024-10-24 15:00:00+00:00 (Exit: Stop_loss, Profit: -1078.8800000000047, Duration: 75.0 minutes)
2024-11-11 22:10:17,725 - Long Buy 111.00 shares at 180.46 on 2024-10-25 13:45:00+00:00
2024-11-11 22:10:17,725 - Sell to close 111.00 shares at 181.46 on 2024-10-25 14:30:00+00:00 (Exit: Profit_take, Profit: 111.0, Duration: 45.0 minutes)
2024-11-11 22:10:17,725 - Long Buy 111.00 shares at 180.36 on 2024-10-25 15:15:00+00:00
2024-11-11 22:10:17,725 - Sell to close 111.00 shares at 180.81 on 2024-10-25 17:00:00+00:00 (Exit: Signal, Profit: 49.94999999999874, Duration: 105.0 minutes)
2024-11-11 22:10:17,726 - Long Buy 112.00 shares at 179.92 on 2024-10-25 19:45:00+00:00
2024-11-11 22:10:17,726 - Sell to close 112.00 shares at 181.54 on 2024-10-28 13:30:00+00:00 (Exit: Profit_take, Profit: 181.4400000000005, Duration: 3945.0 minutes)
2024-11-11 22:10:17,726 - Short Sell 111.00 shares at 181.59 on 2024-10-28 13:45:00+00:00
2024-11-11 22:10:17,726 - Short Sell 110.00 shares at 181.94 on 2024-10-28 14:00:00+00:00
2024-11-11 22:10:17,726 - Short Sell 110.00 shares at 181.95 on 2024-10-28 14:15:00+00:00
2024-11-11 22:10:17,726 - Short Sell 110.00 shares at 181.98 on 2024-10-28 14:30:00+00:00
2024-11-11 22:10:17,726 - Short Sell 110.00 shares at 181.78 on 2024-10-28 14:45:00+00:00
2024-11-11 22:10:17,726 - Short Sell 110.00 shares at 182.11 on 2024-10-28 15:00:00+00:00
2024-11-11 22:10:17,726 - Short Sell 110.00 shares at 181.86 on 2024-10-28 15:15:00+00:00
2024-11-11 22:10:17,726 - Short Sell 110.00 shares at 181.82 on 2024-10-28 15:30:00+00:00
2024-11-11 22:10:17,726 - Short Sell 110.00 shares at 181.65 on 2024-10-28 15:45:00+00:00
2024-11-11 22:10:17,726 - Short Sell 110.00 shares at 181.85 on 2024-10-28 16:00:00+00:00
2024-11-11 22:10:17,726 - Short Sell 111.00 shares at 181.55 on 2024-10-28 16:15:00+00:00
2024-11-11 22:10:17,726 - Short Sell 111.00 shares at 181.62 on 2024-10-28 16:30:00+00:00
2024-11-11 22:10:17,726 - Short Sell 110.00 shares at 181.95 on 2024-10-28 17:30:00+00:00
2024-11-11 22:10:17,726 - Short Sell 110.00 shares at 182.13 on 2024-10-28 17:45:00+00:00
2024-11-11 22:10:17,726 - Buy to cover -1543.00 shares at 182.1 on 2024-10-28 18:00:00+00:00 (Exit: Signal, Profit: -399.7399999999717, Duration: 255.0 minutes)
2024-11-11 22:10:17,726 - Short Sell 110.00 shares at 182.41 on 2024-10-28 18:30:00+00:00
2024-11-11 22:10:17,727 - Short Sell 110.00 shares at 182.53 on 2024-10-28 19:00:00+00:00
2024-11-11 22:10:17,727 - Short Sell 110.00 shares at 182.56 on 2024-10-28 19:15:00+00:00
2024-11-11 22:10:17,727 - Short Sell 110.00 shares at 182.78 on 2024-10-28 19:30:00+00:00
2024-11-11 22:10:17,727 - Short Sell 110.00 shares at 182.76 on 2024-10-28 19:45:00+00:00
2024-11-11 22:10:17,727 - Short Sell 110.00 shares at 182.85 on 2024-10-29 13:30:00+00:00
2024-11-11 22:10:17,727 - Short Sell 110.00 shares at 182.88 on 2024-10-29 13:45:00+00:00
2024-11-11 22:10:17,727 - Short Sell 109.00 shares at 183.53 on 2024-10-29 14:00:00+00:00
2024-11-11 22:10:17,727 - Short Sell 110.00 shares at 183.06 on 2024-10-29 14:15:00+00:00
2024-11-11 22:10:17,727 - Short Sell 109.00 shares at 183.44 on 2024-10-29 14:30:00+00:00
2024-11-11 22:10:17,728 - Short Sell 109.00 shares at 183.51 on 2024-10-29 14:45:00+00:00
2024-11-11 22:10:17,728 - Short Sell 109.00 shares at 183.19 on 2024-10-29 15:00:00+00:00
2024-11-11 22:10:17,728 - Short Sell 110.00 shares at 183.09 on 2024-10-29 15:15:00+00:00
2024-11-11 22:10:17,728 - Short Sell 109.00 shares at 183.89 on 2024-10-29 15:30:00+00:00
2024-11-11 22:10:17,728 - Short Sell 109.00 shares at 183.88 on 2024-10-29 15:45:00+00:00
2024-11-11 22:10:17,728 - Short Sell 109.00 shares at 183.95 on 2024-10-29 16:00:00+00:00
2024-11-11 22:10:17,728 - Short Sell 109.00 shares at 183.92 on 2024-10-29 16:15:00+00:00
2024-11-11 22:10:17,728 - Short Sell 110.00 shares at 183.04 on 2024-10-29 16:30:00+00:00
2024-11-11 22:10:17,728 - Buy to cover -1972.00 shares at 182.26 on 2024-10-29 16:45:00+00:00 (Exit: Profit_take, Profit: 1813.6699999999332, Duration: 1335.0 minutes)
2024-11-11 22:10:17,728 - Long Buy 111.00 shares at 181.68 on 2024-10-29 19:00:00+00:00
2024-11-11 22:10:17,728 - Long Buy 108.00 shares at 181.63 on 2024-10-29 19:15:00+00:00
2024-11-11 22:10:17,728 - Long Buy 106.00 shares at 181.58 on 2024-10-29 19:30:00+00:00
2024-11-11 22:10:17,728 - Long Buy 104.00 shares at 181.27 on 2024-10-29 19:45:00+00:00
2024-11-11 22:10:17,728 - Long Buy 102.00 shares at 181.47 on 2024-10-30 13:30:00+00:00
2024-11-11 22:10:17,728 - Sell to close 531.00 shares at 182.58 on 2024-10-30 14:00:00+00:00 (Exit: Profit_take, Profit: 557.9599999999978, Duration: 1140.0 minutes)
2024-11-11 22:10:17,728 - Short Sell 110.00 shares at 182.39 on 2024-10-30 14:15:00+00:00
2024-11-11 22:10:17,728 - Short Sell 110.00 shares at 183.18 on 2024-10-30 14:45:00+00:00
2024-11-11 22:10:17,728 - Short Sell 110.00 shares at 183.03 on 2024-10-30 15:00:00+00:00
2024-11-11 22:10:17,728 - Short Sell 110.00 shares at 182.92 on 2024-10-30 15:15:00+00:00
2024-11-11 22:10:17,728 - Short Sell 110.00 shares at 183.15 on 2024-10-30 15:30:00+00:00
2024-11-11 22:10:17,728 - Short Sell 109.00 shares at 183.73 on 2024-10-30 15:45:00+00:00
2024-11-11 22:10:17,728 - Short Sell 110.00 shares at 183.27 on 2024-10-30 16:00:00+00:00
2024-11-11 22:10:17,728 - Short Sell 110.00 shares at 182.93 on 2024-10-30 16:15:00+00:00
2024-11-11 22:10:17,728 - Short Sell 110.00 shares at 182.83 on 2024-10-30 16:30:00+00:00
2024-11-11 22:10:17,728 - Buy to cover -989.00 shares at 182.13 on 2024-10-30 16:45:00+00:00 (Exit: Profit_take, Profit: 907.0000000000223, Duration: 150.0 minutes)
2024-11-11 22:10:17,729 - Long Buy 111.00 shares at 180.51 on 2024-10-31 13:30:00+00:00
2024-11-11 22:10:17,729 - Long Buy 109.00 shares at 180.97 on 2024-10-31 13:45:00+00:00
2024-11-11 22:10:17,729 - Long Buy 108.00 shares at 179.61 on 2024-10-31 14:00:00+00:00
2024-11-11 22:10:17,729 - Long Buy 106.00 shares at 179.53 on 2024-10-31 14:15:00+00:00
2024-11-11 22:10:17,729 - Long Buy 103.00 shares at 179.38 on 2024-10-31 14:30:00+00:00
2024-11-11 22:10:17,729 - Long Buy 101.00 shares at 179.45 on 2024-10-31 14:45:00+00:00
2024-11-11 22:10:17,729 - Long Buy 99.00 shares at 179.6 on 2024-10-31 15:00:00+00:00
2024-11-11 22:10:17,729 - Long Buy 97.00 shares at 179.53 on 2024-10-31 15:15:00+00:00
2024-11-11 22:10:17,729 - Sell to close 834.00 shares at 178.85 on 2024-10-31 15:30:00+00:00 (Exit: Stop_loss, Profit: -824.8999999999871, Duration: 120.0 minutes)
2024-11-11 22:10:17,729 - Long Buy 111.00 shares at 181.02 on 2024-11-01 13:30:00+00:00
2024-11-11 22:10:17,729 - Long Buy 109.00 shares at 180.78 on 2024-11-01 13:45:00+00:00
2024-11-11 22:10:17,729 - Long Buy 107.00 shares at 180.41 on 2024-11-01 14:00:00+00:00
2024-11-11 22:10:17,729 - Long Buy 105.00 shares at 180.79 on 2024-11-01 14:15:00+00:00
2024-11-11 22:10:17,729 - Sell to close 432.00 shares at 181.02 on 2024-11-01 14:30:00+00:00 (Exit: Signal, Profit: 115.58000000000266, Duration: 60.0 minutes)
2024-11-11 22:10:17,729 - Short Sell 111.00 shares at 181.17 on 2024-11-01 15:00:00+00:00
2024-11-11 22:10:17,729 - Short Sell 111.00 shares at 181.6 on 2024-11-01 15:30:00+00:00
2024-11-11 22:10:17,729 - Short Sell 111.00 shares at 181.23 on 2024-11-01 15:45:00+00:00
2024-11-11 22:10:17,729 - Short Sell 111.00 shares at 181.54 on 2024-11-01 16:00:00+00:00
2024-11-11 22:10:17,729 - Short Sell 111.00 shares at 181.29 on 2024-11-01 16:15:00+00:00
2024-11-11 22:10:17,729 - Short Sell 111.00 shares at 181.44 on 2024-11-01 16:30:00+00:00
2024-11-11 22:10:17,729 - Short Sell 111.00 shares at 181.29 on 2024-11-01 16:45:00+00:00
2024-11-11 22:10:17,730 - Short Sell 110.00 shares at 181.97 on 2024-11-01 18:30:00+00:00
2024-11-11 22:10:17,730 - Short Sell 110.00 shares at 182.1 on 2024-11-01 18:45:00+00:00
2024-11-11 22:10:17,730 - Buy to cover -997.00 shares at 182.95 on 2024-11-01 19:00:00+00:00 (Exit: Stop_loss, Profit: -1432.289999999986, Duration: 240.0 minutes)
2024-11-11 22:10:17,730 - Long Buy 115.00 shares at 175.16 on 2024-11-04 14:30:00+00:00
2024-11-11 22:10:17,730 - Sell to close 115.00 shares at 178.52 on 2024-11-04 14:45:00+00:00 (Exit: Profit_take, Profit: 386.40000000000487, Duration: 15.0 minutes)
2024-11-11 22:10:17,730 - Long Buy 113.00 shares at 178.22 on 2024-11-04 15:00:00+00:00
2024-11-11 22:10:17,730 - Long Buy 111.00 shares at 178.06 on 2024-11-04 15:15:00+00:00
2024-11-11 22:10:17,730 - Sell to close 224.00 shares at 176.1 on 2024-11-04 15:30:00+00:00 (Exit: Stop_loss, Profit: -457.12000000000353, Duration: 30.0 minutes)
2024-11-11 22:10:17,730 - Long Buy 116.00 shares at 173.69 on 2024-11-05 14:30:00+00:00
2024-11-11 22:10:17,730 - Sell to close 116.00 shares at 174.84 on 2024-11-05 14:45:00+00:00 (Exit: Profit_take, Profit: 133.40000000000066, Duration: 15.0 minutes)
2024-11-11 22:10:17,730 - Short Sell 114.00 shares at 175.87 on 2024-11-05 16:00:00+00:00
2024-11-11 22:10:17,730 - Short Sell 114.00 shares at 175.82 on 2024-11-05 16:15:00+00:00
2024-11-11 22:10:17,730 - Short Sell 114.00 shares at 175.76 on 2024-11-05 16:30:00+00:00
2024-11-11 22:10:17,730 - Short Sell 114.00 shares at 176.07 on 2024-11-05 17:15:00+00:00
2024-11-11 22:10:17,730 - Short Sell 114.00 shares at 176.1 on 2024-11-05 17:30:00+00:00
2024-11-11 22:10:17,730 - Buy to cover -570.00 shares at 175.63 on 2024-11-05 18:30:00+00:00 (Exit: Signal, Profit: 167.57999999999015, Duration: 150.0 minutes)
2024-11-11 22:10:17,731 - Long Buy 115.00 shares at 175.32 on 2024-11-05 19:00:00+00:00
2024-11-11 22:10:17,731 - Long Buy 112.00 shares at 175.13 on 2024-11-05 19:15:00+00:00
2024-11-11 22:10:17,731 - Long Buy 110.00 shares at 175.2 on 2024-11-05 19:30:00+00:00
2024-11-11 22:10:17,731 - Long Buy 108.00 shares at 175.16 on 2024-11-05 19:45:00+00:00
2024-11-11 22:10:17,731 - Long Buy 106.00 shares at 175.28 on 2024-11-05 20:00:00+00:00
2024-11-11 22:10:17,731 - Long Buy 104.00 shares at 175.21 on 2024-11-05 20:15:00+00:00
2024-11-11 22:10:17,731 - Long Buy 101.00 shares at 175.37 on 2024-11-05 20:30:00+00:00
2024-11-11 22:10:17,731 - Long Buy 100.00 shares at 175.26 on 2024-11-05 20:45:00+00:00
2024-11-11 22:10:17,731 - Sell to close 856.00 shares at 176.3 on 2024-11-06 14:30:00+00:00 (Exit: Profit_take, Profit: 907.2700000000004, Duration: 1170.0 minutes)
2024-11-11 22:10:17,731 - Long Buy 115.00 shares at 174.99 on 2024-11-06 15:00:00+00:00
2024-11-11 22:10:17,731 - Long Buy 114.00 shares at 173.26 on 2024-11-06 15:15:00+00:00
2024-11-11 22:10:17,731 - Sell to close 229.00 shares at 172.39 on 2024-11-06 15:30:00+00:00 (Exit: Stop_loss, Profit: -398.1800000000089, Duration: 30.0 minutes)
2024-11-11 22:10:17,731 - Short Sell 118.00 shares at 170.94 on 2024-11-07 14:45:00+00:00
2024-11-11 22:10:17,731 - Short Sell 117.00 shares at 171.29 on 2024-11-07 15:00:00+00:00
2024-11-11 22:10:17,731 - Short Sell 117.00 shares at 171.81 on 2024-11-07 15:15:00+00:00
2024-11-11 22:10:17,731 - Short Sell 117.00 shares at 171.71 on 2024-11-07 15:30:00+00:00
2024-11-11 22:10:17,731 - Short Sell 117.00 shares at 171.5 on 2024-11-07 15:45:00+00:00
2024-11-11 22:10:17,731 - Short Sell 117.00 shares at 171.49 on 2024-11-07 16:00:00+00:00
2024-11-11 22:10:17,731 - Short Sell 117.00 shares at 172.0 on 2024-11-07 16:15:00+00:00
2024-11-11 22:10:17,731 - Short Sell 117.00 shares at 172.27 on 2024-11-07 16:30:00+00:00
2024-11-11 22:10:17,731 - Short Sell 116.00 shares at 172.64 on 2024-11-07 16:45:00+00:00
2024-11-11 22:10:17,731 - Short Sell 116.00 shares at 172.5 on 2024-11-07 17:00:00+00:00
2024-11-11 22:10:17,731 - Buy to cover -1169.00 shares at 172.9 on 2024-11-07 17:15:00+00:00 (Exit: Stop_loss, Profit: -1270.750000000035, Duration: 150.0 minutes)
2024-11-11 22:10:17,732 - Short Sell 115.00 shares at 174.93 on 2024-11-08 14:30:00+00:00
2024-11-11 22:10:17,732 - Short Sell 115.00 shares at 174.56 on 2024-11-08 14:45:00+00:00
2024-11-11 22:10:17,732 - Short Sell 115.00 shares at 174.68 on 2024-11-08 15:00:00+00:00
2024-11-11 22:10:17,732 - Short Sell 114.00 shares at 175.34 on 2024-11-08 15:15:00+00:00
2024-11-11 22:10:17,732 - Short Sell 114.00 shares at 175.69 on 2024-11-08 15:30:00+00:00
2024-11-11 22:10:17,732 - Short Sell 114.00 shares at 175.69 on 2024-11-08 15:45:00+00:00
2024-11-11 22:10:17,732 - Short Sell 114.00 shares at 175.66 on 2024-11-08 16:00:00+00:00
2024-11-11 22:10:17,732 - Short Sell 114.00 shares at 175.84 on 2024-11-08 16:15:00+00:00
2024-11-11 22:10:17,732 - Short Sell 114.00 shares at 175.96 on 2024-11-08 16:30:00+00:00
2024-11-11 22:10:17,732 - Short Sell 114.00 shares at 176.21 on 2024-11-08 16:45:00+00:00
2024-11-11 22:10:17,732 - Buy to cover -1143.00 shares at 176.4 on 2024-11-08 17:00:00+00:00 (Exit: Stop_loss, Profit: -1081.1899999999841, Duration: 150.0 minutes)
2024-11-11 22:10:17,734 - Final statisticsStock: ZTS, 
total_trades: 35, 
winning_trades: 23, 
losing_trades: 12, 
average_return: 0.0018848528058425925, 
average_duration: 584.1428571428571, 
final_balance: 1007046.1300000006, 
final_portfolio_value: 1007046.1300000006, 
sharpe_ratio: 4.3735255041788745, 



