2024-11-11 23:08:51,844 - Starting GBMStrategy with initial capital: 1000000
2024-11-11 23:08:51,844 - Hyperparameters: {'threshold': 1.5, 'time_periods': 30, 'num_simulations': 150}
2024-11-11 23:10:10,486 - Long Buy 69.00 shares at 287.87 on 2024-10-11 14:30:00+00:00
2024-11-11 23:10:10,488 - Long Buy 68.00 shares at 287.94 on 2024-10-11 14:45:00+00:00
2024-11-11 23:10:10,488 - Long Buy 66.00 shares at 287.81 on 2024-10-11 15:00:00+00:00
2024-11-11 23:10:10,488 - Long Buy 65.00 shares at 287.54 on 2024-10-11 15:15:00+00:00
2024-11-11 23:10:10,488 - Long Buy 64.00 shares at 287.77 on 2024-10-11 15:30:00+00:00
2024-11-11 23:10:10,488 - Long Buy 62.00 shares at 287.35 on 2024-10-11 16:00:00+00:00
2024-11-11 23:10:10,488 - Long Buy 61.00 shares at 287.05 on 2024-10-11 16:15:00+00:00
2024-11-11 23:10:10,488 - Long Buy 60.00 shares at 287.33 on 2024-10-11 16:30:00+00:00
2024-11-11 23:10:10,488 - Long Buy 59.00 shares at 287.61 on 2024-10-11 16:45:00+00:00
2024-11-11 23:10:10,488 - Long Buy 58.00 shares at 287.37 on 2024-10-11 17:00:00+00:00
2024-11-11 23:10:10,488 - Long Buy 56.00 shares at 287.31 on 2024-10-11 17:15:00+00:00
2024-11-11 23:10:10,488 - Long Buy 55.00 shares at 287.4 on 2024-10-11 17:30:00+00:00
2024-11-11 23:10:10,488 - Long Buy 54.00 shares at 287.3 on 2024-10-11 17:45:00+00:00
2024-11-11 23:10:10,488 - Long Buy 53.00 shares at 287.74 on 2024-10-11 18:00:00+00:00
2024-11-11 23:10:10,488 - Long Buy 52.00 shares at 287.47 on 2024-10-11 18:15:00+00:00
2024-11-11 23:10:10,488 - Long Buy 51.00 shares at 287.31 on 2024-10-11 18:30:00+00:00
2024-11-11 23:10:10,488 - Long Buy 50.00 shares at 287.38 on 2024-10-11 18:45:00+00:00
2024-11-11 23:10:10,489 - Sell to close 1003.00 shares at 288.75 on 2024-10-14 13:30:00+00:00 (Exit: Signal, Profit: 1237.4299999999878, Duration: 4260.0 minutes)
2024-11-11 23:10:10,489 - Short Sell 69.00 shares at 289.26 on 2024-10-14 13:45:00+00:00
2024-11-11 23:10:10,489 - Short Sell 69.00 shares at 290.0 on 2024-10-14 14:00:00+00:00
2024-11-11 23:10:10,489 - Short Sell 69.00 shares at 289.9 on 2024-10-14 14:15:00+00:00
2024-11-11 23:10:10,489 - Short Sell 68.00 shares at 290.46 on 2024-10-14 14:30:00+00:00
2024-11-11 23:10:10,489 - Short Sell 69.00 shares at 289.63 on 2024-10-14 14:45:00+00:00
2024-11-11 23:10:10,489 - Short Sell 69.00 shares at 289.89 on 2024-10-14 15:00:00+00:00
2024-11-11 23:10:10,489 - Short Sell 69.00 shares at 290.06 on 2024-10-14 15:15:00+00:00
2024-11-11 23:10:10,489 - Short Sell 68.00 shares at 290.41 on 2024-10-14 15:30:00+00:00
2024-11-11 23:10:10,489 - Short Sell 68.00 shares at 290.71 on 2024-10-14 15:45:00+00:00
2024-11-11 23:10:10,489 - Short Sell 68.00 shares at 290.85 on 2024-10-14 16:00:00+00:00
2024-11-11 23:10:10,489 - Short Sell 68.00 shares at 290.59 on 2024-10-14 16:15:00+00:00
2024-11-11 23:10:10,489 - Short Sell 68.00 shares at 290.81 on 2024-10-14 16:30:00+00:00
2024-11-11 23:10:10,489 - Short Sell 68.00 shares at 291.19 on 2024-10-14 16:45:00+00:00
2024-11-11 23:10:10,489 - Short Sell 68.00 shares at 290.97 on 2024-10-14 17:00:00+00:00
2024-11-11 23:10:10,489 - Short Sell 68.00 shares at 290.8 on 2024-10-14 17:15:00+00:00
2024-11-11 23:10:10,489 - Short Sell 68.00 shares at 290.74 on 2024-10-14 17:30:00+00:00
2024-11-11 23:10:10,490 - Short Sell 68.00 shares at 290.9 on 2024-10-14 17:45:00+00:00
2024-11-11 23:10:10,490 - Short Sell 68.00 shares at 291.22 on 2024-10-14 18:00:00+00:00
2024-11-11 23:10:10,490 - Short Sell 68.00 shares at 291.29 on 2024-10-14 18:15:00+00:00
2024-11-11 23:10:10,490 - Short Sell 68.00 shares at 291.06 on 2024-10-14 18:30:00+00:00
2024-11-11 23:10:10,490 - Short Sell 68.00 shares at 290.89 on 2024-10-14 18:45:00+00:00
2024-11-11 23:10:10,490 - Short Sell 68.00 shares at 290.92 on 2024-10-14 19:00:00+00:00
2024-11-11 23:10:10,490 - Short Sell 68.00 shares at 291.04 on 2024-10-14 19:15:00+00:00
2024-11-11 23:10:10,490 - Short Sell 68.00 shares at 291.12 on 2024-10-14 19:30:00+00:00
2024-11-11 23:10:10,490 - Short Sell 68.00 shares at 291.09 on 2024-10-14 19:45:00+00:00
2024-11-11 23:10:10,490 - Short Sell 68.00 shares at 291.29 on 2024-10-15 13:30:00+00:00
2024-11-11 23:10:10,490 - Short Sell 68.00 shares at 291.85 on 2024-10-15 13:45:00+00:00
2024-11-11 23:10:10,490 - Buy to cover -1842.00 shares at 292.39 on 2024-10-15 14:00:00+00:00 (Exit: Stop_loss, Profit: -3115.719999999702, Duration: 1455.0 minutes)
2024-11-11 23:10:10,490 - Long Buy 68.00 shares at 289.48 on 2024-10-16 13:30:00+00:00
2024-11-11 23:10:10,490 - Long Buy 67.00 shares at 290.24 on 2024-10-16 13:45:00+00:00
2024-11-11 23:10:10,490 - Long Buy 66.00 shares at 290.09 on 2024-10-16 14:00:00+00:00
2024-11-11 23:10:10,490 - Long Buy 64.00 shares at 290.18 on 2024-10-16 14:15:00+00:00
2024-11-11 23:10:10,490 - Long Buy 63.00 shares at 289.96 on 2024-10-16 14:30:00+00:00
2024-11-11 23:10:10,490 - Long Buy 62.00 shares at 289.74 on 2024-10-16 14:45:00+00:00
2024-11-11 23:10:10,490 - Long Buy 61.00 shares at 289.57 on 2024-10-16 15:00:00+00:00
2024-11-11 23:10:10,490 - Long Buy 59.00 shares at 289.74 on 2024-10-16 15:15:00+00:00
2024-11-11 23:10:10,490 - Long Buy 58.00 shares at 290.5 on 2024-10-16 15:30:00+00:00
2024-11-11 23:10:10,490 - Long Buy 57.00 shares at 289.94 on 2024-10-16 15:45:00+00:00
2024-11-11 23:10:10,490 - Long Buy 56.00 shares at 289.59 on 2024-10-16 16:00:00+00:00
2024-11-11 23:10:10,491 - Long Buy 55.00 shares at 289.81 on 2024-10-16 16:15:00+00:00
2024-11-11 23:10:10,491 - Long Buy 54.00 shares at 290.22 on 2024-10-16 16:30:00+00:00
2024-11-11 23:10:10,491 - Long Buy 52.00 shares at 290.31 on 2024-10-16 16:45:00+00:00
2024-11-11 23:10:10,491 - Long Buy 52.00 shares at 289.86 on 2024-10-16 17:00:00+00:00
2024-11-11 23:10:10,491 - Long Buy 50.00 shares at 289.88 on 2024-10-16 17:15:00+00:00
2024-11-11 23:10:10,491 - Long Buy 50.00 shares at 289.52 on 2024-10-16 17:30:00+00:00
2024-11-11 23:10:10,491 - Sell to close 994.00 shares at 290.05 on 2024-10-16 18:00:00+00:00 (Exit: Signal, Profit: 128.84000000004335, Duration: 270.0 minutes)
2024-11-11 23:10:10,491 - Short Sell 68.00 shares at 290.81 on 2024-10-16 18:15:00+00:00
2024-11-11 23:10:10,491 - Short Sell 68.00 shares at 290.41 on 2024-10-16 18:30:00+00:00
2024-11-11 23:10:10,491 - Short Sell 68.00 shares at 290.57 on 2024-10-16 18:45:00+00:00
2024-11-11 23:10:10,491 - Short Sell 68.00 shares at 290.46 on 2024-10-16 19:00:00+00:00
2024-11-11 23:10:10,491 - Short Sell 68.00 shares at 290.28 on 2024-10-16 19:15:00+00:00
2024-11-11 23:10:10,491 - Short Sell 68.00 shares at 290.79 on 2024-10-16 19:30:00+00:00
2024-11-11 23:10:10,491 - Short Sell 68.00 shares at 290.81 on 2024-10-16 19:45:00+00:00
2024-11-11 23:10:10,491 - Short Sell 68.00 shares at 290.86 on 2024-10-17 13:30:00+00:00
2024-11-11 23:10:10,491 - Short Sell 68.00 shares at 290.97 on 2024-10-17 13:45:00+00:00
2024-11-11 23:10:10,491 - Short Sell 68.00 shares at 290.76 on 2024-10-17 14:00:00+00:00
2024-11-11 23:10:10,491 - Short Sell 68.00 shares at 290.99 on 2024-10-17 14:15:00+00:00
2024-11-11 23:10:10,491 - Short Sell 68.00 shares at 290.91 on 2024-10-17 14:30:00+00:00
2024-11-11 23:10:10,491 - Short Sell 68.00 shares at 291.25 on 2024-10-17 14:45:00+00:00
2024-11-11 23:10:10,491 - Short Sell 68.00 shares at 291.49 on 2024-10-17 15:00:00+00:00
2024-11-11 23:10:10,491 - Short Sell 68.00 shares at 291.37 on 2024-10-17 15:15:00+00:00
2024-11-11 23:10:10,491 - Short Sell 68.00 shares at 291.43 on 2024-10-17 15:30:00+00:00
2024-11-11 23:10:10,491 - Short Sell 68.00 shares at 291.9 on 2024-10-17 15:45:00+00:00
2024-11-11 23:10:10,491 - Short Sell 68.00 shares at 292.39 on 2024-10-17 16:00:00+00:00
2024-11-11 23:10:10,491 - Short Sell 68.00 shares at 292.54 on 2024-10-17 16:15:00+00:00
2024-11-11 23:10:10,491 - Short Sell 68.00 shares at 291.55 on 2024-10-17 16:30:00+00:00
2024-11-11 23:10:10,491 - Short Sell 68.00 shares at 291.46 on 2024-10-17 16:45:00+00:00
2024-11-11 23:10:10,491 - Short Sell 68.00 shares at 291.11 on 2024-10-17 17:00:00+00:00
2024-11-11 23:10:10,491 - Short Sell 68.00 shares at 290.93 on 2024-10-17 17:15:00+00:00
2024-11-11 23:10:10,491 - Short Sell 68.00 shares at 291.09 on 2024-10-17 17:30:00+00:00
2024-11-11 23:10:10,492 - Short Sell 68.00 shares at 291.36 on 2024-10-17 17:45:00+00:00
2024-11-11 23:10:10,492 - Short Sell 68.00 shares at 291.18 on 2024-10-17 18:00:00+00:00
2024-11-11 23:10:10,492 - Short Sell 68.00 shares at 290.89 on 2024-10-17 18:15:00+00:00
2024-11-11 23:10:10,492 - Short Sell 68.00 shares at 291.26 on 2024-10-17 18:30:00+00:00
2024-11-11 23:10:10,492 - Short Sell 68.00 shares at 291.47 on 2024-10-17 18:45:00+00:00
2024-11-11 23:10:10,492 - Short Sell 68.00 shares at 291.23 on 2024-10-17 19:00:00+00:00
2024-11-11 23:10:10,492 - Short Sell 68.00 shares at 291.29 on 2024-10-17 19:15:00+00:00
2024-11-11 23:10:10,492 - Short Sell 68.00 shares at 291.55 on 2024-10-17 19:30:00+00:00
2024-11-11 23:10:10,492 - Short Sell 68.00 shares at 292.02 on 2024-10-17 19:45:00+00:00
2024-11-11 23:10:10,492 - Short Sell 68.00 shares at 291.3 on 2024-10-18 13:45:00+00:00
2024-11-11 23:10:10,492 - Short Sell 68.00 shares at 291.28 on 2024-10-18 14:00:00+00:00
2024-11-11 23:10:10,492 - Short Sell 68.00 shares at 291.56 on 2024-10-18 14:15:00+00:00
2024-11-11 23:10:10,492 - Short Sell 68.00 shares at 292.02 on 2024-10-18 14:30:00+00:00
2024-11-11 23:10:10,492 - Short Sell 68.00 shares at 292.15 on 2024-10-18 14:45:00+00:00
2024-11-11 23:10:10,492 - Short Sell 68.00 shares at 292.58 on 2024-10-18 15:00:00+00:00
2024-11-11 23:10:10,492 - Short Sell 68.00 shares at 292.48 on 2024-10-18 15:15:00+00:00
2024-11-11 23:10:10,492 - Short Sell 68.00 shares at 292.37 on 2024-10-18 15:30:00+00:00
2024-11-11 23:10:10,492 - Short Sell 68.00 shares at 292.0 on 2024-10-18 15:45:00+00:00
2024-11-11 23:10:10,492 - Short Sell 68.00 shares at 292.25 on 2024-10-18 16:00:00+00:00
2024-11-11 23:10:10,492 - Short Sell 68.00 shares at 292.43 on 2024-10-18 16:15:00+00:00
2024-11-11 23:10:10,492 - Short Sell 68.00 shares at 292.21 on 2024-10-18 16:30:00+00:00
2024-11-11 23:10:10,492 - Short Sell 68.00 shares at 292.51 on 2024-10-18 16:45:00+00:00
2024-11-11 23:10:10,492 - Short Sell 67.00 shares at 292.63 on 2024-10-18 17:00:00+00:00
2024-11-11 23:10:10,492 - Short Sell 67.00 shares at 292.61 on 2024-10-18 17:15:00+00:00
2024-11-11 23:10:10,492 - Short Sell 68.00 shares at 292.17 on 2024-10-18 17:30:00+00:00
2024-11-11 23:10:10,492 - Short Sell 68.00 shares at 291.98 on 2024-10-18 17:45:00+00:00
2024-11-11 23:10:10,492 - Short Sell 68.00 shares at 292.25 on 2024-10-18 18:00:00+00:00
2024-11-11 23:10:10,492 - Short Sell 68.00 shares at 292.43 on 2024-10-18 18:15:00+00:00
2024-11-11 23:10:10,492 - Short Sell 68.00 shares at 292.4 on 2024-10-18 18:30:00+00:00
2024-11-11 23:10:10,492 - Short Sell 68.00 shares at 292.14 on 2024-10-18 18:45:00+00:00
2024-11-11 23:10:10,492 - Short Sell 68.00 shares at 291.87 on 2024-10-18 19:00:00+00:00
2024-11-11 23:10:10,492 - Short Sell 68.00 shares at 291.49 on 2024-10-18 19:30:00+00:00
2024-11-11 23:10:10,492 - Short Sell 68.00 shares at 292.3 on 2024-10-18 19:45:00+00:00
2024-11-11 23:10:10,492 - Buy to cover -3874.00 shares at 290.7 on 2024-10-21 13:30:00+00:00 (Exit: Signal, Profit: 3456.680000000089, Duration: 6915.0 minutes)
2024-11-11 23:10:10,493 - Long Buy 68.00 shares at 290.67 on 2024-10-21 13:45:00+00:00
2024-11-11 23:10:10,493 - Long Buy 67.00 shares at 290.68 on 2024-10-21 14:00:00+00:00
2024-11-11 23:10:10,493 - Long Buy 66.00 shares at 290.67 on 2024-10-21 14:15:00+00:00
2024-11-11 23:10:10,493 - Long Buy 64.00 shares at 290.96 on 2024-10-21 14:30:00+00:00
2024-11-11 23:10:10,493 - Long Buy 63.00 shares at 290.28 on 2024-10-21 14:45:00+00:00
2024-11-11 23:10:10,493 - Long Buy 62.00 shares at 290.08 on 2024-10-21 15:00:00+00:00
2024-11-11 23:10:10,493 - Long Buy 61.00 shares at 289.32 on 2024-10-21 15:15:00+00:00
2024-11-11 23:10:10,493 - Long Buy 60.00 shares at 289.99 on 2024-10-21 15:30:00+00:00
2024-11-11 23:10:10,493 - Long Buy 58.00 shares at 290.34 on 2024-10-21 15:45:00+00:00
2024-11-11 23:10:10,493 - Long Buy 57.00 shares at 290.36 on 2024-10-21 16:00:00+00:00
2024-11-11 23:10:10,493 - Long Buy 56.00 shares at 290.6 on 2024-10-21 16:15:00+00:00
2024-11-11 23:10:10,493 - Long Buy 55.00 shares at 290.58 on 2024-10-21 16:30:00+00:00
2024-11-11 23:10:10,493 - Long Buy 54.00 shares at 290.99 on 2024-10-21 17:15:00+00:00
2024-11-11 23:10:10,493 - Long Buy 53.00 shares at 290.8 on 2024-10-21 17:30:00+00:00
2024-11-11 23:10:10,493 - Long Buy 52.00 shares at 290.87 on 2024-10-21 18:00:00+00:00
2024-11-11 23:10:10,493 - Long Buy 50.00 shares at 290.97 on 2024-10-21 18:15:00+00:00
2024-11-11 23:10:10,493 - Long Buy 50.00 shares at 290.75 on 2024-10-21 18:30:00+00:00
2024-11-11 23:10:10,493 - Long Buy 49.00 shares at 290.69 on 2024-10-21 18:45:00+00:00
2024-11-11 23:10:10,493 - Long Buy 47.00 shares at 290.93 on 2024-10-21 19:15:00+00:00
2024-11-11 23:10:10,493 - Long Buy 47.00 shares at 290.82 on 2024-10-21 19:30:00+00:00
2024-11-11 23:10:10,493 - Long Buy 46.00 shares at 289.13 on 2024-10-22 13:30:00+00:00
2024-11-11 23:10:10,493 - Long Buy 45.00 shares at 289.17 on 2024-10-22 13:45:00+00:00
2024-11-11 23:10:10,493 - Long Buy 44.00 shares at 289.06 on 2024-10-22 14:00:00+00:00
2024-11-11 23:10:10,493 - Sell to close 1274.00 shares at 289.48 on 2024-10-22 14:15:00+00:00 (Exit: Signal, Profit: -1169.949999999983, Duration: 1470.0 minutes)
2024-11-11 23:10:10,493 - Short Sell 69.00 shares at 289.49 on 2024-10-22 14:30:00+00:00
2024-11-11 23:10:10,493 - Short Sell 68.00 shares at 290.16 on 2024-10-22 14:45:00+00:00
2024-11-11 23:10:10,493 - Short Sell 68.00 shares at 290.4 on 2024-10-22 15:00:00+00:00
2024-11-11 23:10:10,493 - Short Sell 68.00 shares at 290.87 on 2024-10-22 15:15:00+00:00
2024-11-11 23:10:10,493 - Short Sell 68.00 shares at 290.94 on 2024-10-22 15:30:00+00:00
2024-11-11 23:10:10,493 - Short Sell 68.00 shares at 290.92 on 2024-10-22 15:45:00+00:00
2024-11-11 23:10:10,494 - Short Sell 68.00 shares at 290.95 on 2024-10-22 16:00:00+00:00
2024-11-11 23:10:10,494 - Short Sell 68.00 shares at 291.11 on 2024-10-22 16:15:00+00:00
2024-11-11 23:10:10,494 - Short Sell 68.00 shares at 291.05 on 2024-10-22 16:30:00+00:00
2024-11-11 23:10:10,494 - Short Sell 68.00 shares at 290.91 on 2024-10-22 16:45:00+00:00
2024-11-11 23:10:10,494 - Short Sell 68.00 shares at 291.08 on 2024-10-22 17:00:00+00:00
2024-11-11 23:10:10,494 - Short Sell 68.00 shares at 291.27 on 2024-10-22 17:15:00+00:00
2024-11-11 23:10:10,494 - Short Sell 68.00 shares at 291.02 on 2024-10-22 17:30:00+00:00
2024-11-11 23:10:10,494 - Short Sell 68.00 shares at 291.51 on 2024-10-22 17:45:00+00:00
2024-11-11 23:10:10,494 - Short Sell 68.00 shares at 291.4 on 2024-10-22 18:00:00+00:00
2024-11-11 23:10:10,494 - Short Sell 68.00 shares at 291.44 on 2024-10-22 18:15:00+00:00
2024-11-11 23:10:10,494 - Short Sell 68.00 shares at 291.31 on 2024-10-22 18:30:00+00:00
2024-11-11 23:10:10,494 - Short Sell 68.00 shares at 291.12 on 2024-10-22 18:45:00+00:00
2024-11-11 23:10:10,494 - Short Sell 68.00 shares at 291.36 on 2024-10-22 19:00:00+00:00
2024-11-11 23:10:10,494 - Short Sell 68.00 shares at 291.29 on 2024-10-22 19:15:00+00:00
2024-11-11 23:10:10,494 - Short Sell 68.00 shares at 291.46 on 2024-10-22 19:30:00+00:00
2024-11-11 23:10:10,494 - Short Sell 68.00 shares at 291.41 on 2024-10-22 19:45:00+00:00
2024-11-11 23:10:10,494 - Short Sell 68.00 shares at 290.85 on 2024-10-23 13:30:00+00:00
2024-11-11 23:10:10,494 - Short Sell 68.00 shares at 291.23 on 2024-10-23 13:45:00+00:00
2024-11-11 23:10:10,494 - Short Sell 68.00 shares at 291.47 on 2024-10-23 14:00:00+00:00
2024-11-11 23:10:10,494 - Short Sell 68.00 shares at 290.66 on 2024-10-23 14:15:00+00:00
2024-11-11 23:10:10,494 - Short Sell 68.00 shares at 290.66 on 2024-10-23 14:30:00+00:00
2024-11-11 23:10:10,494 - Short Sell 69.00 shares at 290.1 on 2024-10-23 14:45:00+00:00
2024-11-11 23:10:10,494 - Buy to cover -1906.00 shares at 289.71 on 2024-10-23 15:00:00+00:00 (Exit: Signal, Profit: 2418.2500000000223, Duration: 1470.0 minutes)
2024-11-11 23:10:10,494 - Long Buy 69.00 shares at 289.88 on 2024-10-23 15:15:00+00:00
2024-11-11 23:10:10,494 - Sell to close 69.00 shares at 291.04 on 2024-10-23 15:45:00+00:00 (Exit: Signal, Profit: 80.04000000000173, Duration: 30.0 minutes)
2024-11-11 23:10:10,494 - Short Sell 69.00 shares at 290.54 on 2024-10-23 16:00:00+00:00
2024-11-11 23:10:10,494 - Short Sell 69.00 shares at 290.65 on 2024-10-23 16:15:00+00:00
2024-11-11 23:10:10,494 - Short Sell 69.00 shares at 290.4 on 2024-10-23 16:30:00+00:00
2024-11-11 23:10:10,494 - Short Sell 69.00 shares at 290.62 on 2024-10-23 16:45:00+00:00
2024-11-11 23:10:10,495 - Short Sell 68.00 shares at 290.88 on 2024-10-24 14:15:00+00:00
2024-11-11 23:10:10,495 - Short Sell 68.00 shares at 290.93 on 2024-10-24 14:45:00+00:00
2024-11-11 23:10:10,495 - Short Sell 68.00 shares at 291.14 on 2024-10-24 15:00:00+00:00
2024-11-11 23:10:10,495 - Buy to cover -480.00 shares at 289.54 on 2024-10-24 16:00:00+00:00 (Exit: Signal, Profit: 573.889999999974, Duration: 1440.0 minutes)
2024-11-11 23:10:10,495 - Long Buy 69.00 shares at 289.92 on 2024-10-24 16:15:00+00:00
2024-11-11 23:10:10,495 - Long Buy 67.00 shares at 289.62 on 2024-10-24 16:30:00+00:00
2024-11-11 23:10:10,495 - Long Buy 66.00 shares at 289.72 on 2024-10-24 16:45:00+00:00
2024-11-11 23:10:10,495 - Long Buy 65.00 shares at 289.68 on 2024-10-24 17:15:00+00:00
2024-11-11 23:10:10,495 - Long Buy 64.00 shares at 288.92 on 2024-10-24 17:45:00+00:00
2024-11-11 23:10:10,495 - Long Buy 62.00 shares at 289.49 on 2024-10-24 18:00:00+00:00
2024-11-11 23:10:10,495 - Long Buy 61.00 shares at 289.57 on 2024-10-24 18:15:00+00:00
2024-11-11 23:10:10,495 - Long Buy 60.00 shares at 289.2 on 2024-10-24 18:30:00+00:00
2024-11-11 23:10:10,495 - Long Buy 59.00 shares at 289.28 on 2024-10-24 18:45:00+00:00
2024-11-11 23:10:10,495 - Long Buy 57.00 shares at 289.25 on 2024-10-24 19:00:00+00:00
2024-11-11 23:10:10,495 - Long Buy 56.00 shares at 289.11 on 2024-10-24 19:15:00+00:00
2024-11-11 23:10:10,495 - Long Buy 55.00 shares at 289.62 on 2024-10-24 19:30:00+00:00
2024-11-11 23:10:10,495 - Long Buy 54.00 shares at 289.5 on 2024-10-24 19:45:00+00:00
2024-11-11 23:10:10,495 - Long Buy 53.00 shares at 289.68 on 2024-10-25 13:30:00+00:00
2024-11-11 23:10:10,495 - Long Buy 52.00 shares at 289.34 on 2024-10-25 14:45:00+00:00
2024-11-11 23:10:10,495 - Long Buy 51.00 shares at 289.35 on 2024-10-25 15:00:00+00:00
2024-11-11 23:10:10,495 - Long Buy 50.00 shares at 289.17 on 2024-10-25 15:15:00+00:00
2024-11-11 23:10:10,495 - Long Buy 49.00 shares at 288.76 on 2024-10-25 15:30:00+00:00
2024-11-11 23:10:10,495 - Long Buy 48.00 shares at 289.28 on 2024-10-25 15:45:00+00:00
2024-11-11 23:10:10,495 - Long Buy 47.00 shares at 289.3 on 2024-10-25 16:00:00+00:00
2024-11-11 23:10:10,495 - Long Buy 46.00 shares at 289.62 on 2024-10-25 16:15:00+00:00
2024-11-11 23:10:10,496 - Long Buy 45.00 shares at 289.46 on 2024-10-25 16:45:00+00:00
2024-11-11 23:10:10,496 - Long Buy 44.00 shares at 289.06 on 2024-10-25 17:00:00+00:00
2024-11-11 23:10:10,496 - Long Buy 43.00 shares at 289.16 on 2024-10-25 17:15:00+00:00
2024-11-11 23:10:10,496 - Long Buy 43.00 shares at 288.33 on 2024-10-25 17:30:00+00:00
2024-11-11 23:10:10,496 - Long Buy 42.00 shares at 288.67 on 2024-10-25 17:45:00+00:00
2024-11-11 23:10:10,496 - Long Buy 41.00 shares at 288.66 on 2024-10-25 18:00:00+00:00
2024-11-11 23:10:10,496 - Long Buy 40.00 shares at 288.82 on 2024-10-25 18:15:00+00:00
2024-11-11 23:10:10,496 - Long Buy 39.00 shares at 288.87 on 2024-10-25 18:30:00+00:00
2024-11-11 23:10:10,496 - Long Buy 38.00 shares at 288.82 on 2024-10-25 18:45:00+00:00
2024-11-11 23:10:10,496 - Long Buy 38.00 shares at 288.42 on 2024-10-25 19:00:00+00:00
2024-11-11 23:10:10,496 - Long Buy 37.00 shares at 288.57 on 2024-10-25 19:15:00+00:00
2024-11-11 23:10:10,496 - Long Buy 36.00 shares at 288.1 on 2024-10-25 19:30:00+00:00
2024-11-11 23:10:10,496 - Long Buy 36.00 shares at 287.96 on 2024-10-25 19:45:00+00:00
2024-11-11 23:10:10,496 - Long Buy 35.00 shares at 288.01 on 2024-10-28 13:45:00+00:00
2024-11-11 23:10:10,496 - Long Buy 34.00 shares at 287.7 on 2024-10-28 14:00:00+00:00
2024-11-11 23:10:10,496 - Long Buy 33.00 shares at 288.06 on 2024-10-28 14:15:00+00:00
2024-11-11 23:10:10,496 - Long Buy 33.00 shares at 287.69 on 2024-10-28 14:30:00+00:00
2024-11-11 23:10:10,496 - Long Buy 32.00 shares at 288.06 on 2024-10-28 14:45:00+00:00
2024-11-11 23:10:10,496 - Long Buy 31.00 shares at 288.26 on 2024-10-28 15:00:00+00:00
2024-11-11 23:10:10,496 - Long Buy 31.00 shares at 287.74 on 2024-10-28 15:15:00+00:00
2024-11-11 23:10:10,496 - Long Buy 30.00 shares at 287.42 on 2024-10-28 15:30:00+00:00
2024-11-11 23:10:10,496 - Long Buy 30.00 shares at 287.55 on 2024-10-28 15:45:00+00:00
2024-11-11 23:10:10,496 - Long Buy 29.00 shares at 287.62 on 2024-10-28 16:00:00+00:00
2024-11-11 23:10:10,496 - Sell to close 2031.00 shares at 287.06 on 2024-10-28 16:15:00+00:00 (Exit: Stop_loss, Profit: -3901.919999999952, Duration: 5760.0 minutes)
2024-11-11 23:10:10,496 - Long Buy 70.00 shares at 285.51 on 2024-10-29 13:30:00+00:00
2024-11-11 23:10:10,496 - Long Buy 68.00 shares at 286.06 on 2024-10-29 13:45:00+00:00
2024-11-11 23:10:10,496 - Sell to close 138.00 shares at 287.27 on 2024-10-29 14:00:00+00:00 (Exit: Profit_take, Profit: 205.47999999999695, Duration: 30.0 minutes)
2024-11-11 23:10:10,496 - Short Sell 69.00 shares at 287.07 on 2024-10-29 14:15:00+00:00
2024-11-11 23:10:10,496 - Short Sell 69.00 shares at 287.49 on 2024-10-29 14:30:00+00:00
2024-11-11 23:10:10,497 - Short Sell 69.00 shares at 287.6 on 2024-10-29 14:45:00+00:00
2024-11-11 23:10:10,497 - Short Sell 69.00 shares at 287.11 on 2024-10-29 15:00:00+00:00
2024-11-11 23:10:10,497 - Short Sell 69.00 shares at 287.85 on 2024-10-29 15:15:00+00:00
2024-11-11 23:10:10,497 - Short Sell 69.00 shares at 288.55 on 2024-10-29 15:30:00+00:00
2024-11-11 23:10:10,497 - Short Sell 69.00 shares at 288.72 on 2024-10-29 15:45:00+00:00
2024-11-11 23:10:10,497 - Short Sell 69.00 shares at 289.08 on 2024-10-29 16:00:00+00:00
2024-11-11 23:10:10,497 - Short Sell 69.00 shares at 288.84 on 2024-10-29 16:15:00+00:00
2024-11-11 23:10:10,497 - Short Sell 69.00 shares at 288.77 on 2024-10-29 16:30:00+00:00
2024-11-11 23:10:10,497 - Short Sell 69.00 shares at 289.5 on 2024-10-29 16:45:00+00:00
2024-11-11 23:10:10,497 - Short Sell 69.00 shares at 289.3 on 2024-10-29 17:00:00+00:00
2024-11-11 23:10:10,497 - Short Sell 69.00 shares at 288.85 on 2024-10-29 17:15:00+00:00
2024-11-11 23:10:10,497 - Short Sell 69.00 shares at 288.96 on 2024-10-29 17:30:00+00:00
2024-11-11 23:10:10,497 - Short Sell 69.00 shares at 289.03 on 2024-10-29 17:45:00+00:00
2024-11-11 23:10:10,497 - Short Sell 69.00 shares at 288.35 on 2024-10-29 18:00:00+00:00
2024-11-11 23:10:10,497 - Short Sell 69.00 shares at 288.94 on 2024-10-29 18:15:00+00:00
2024-11-11 23:10:10,497 - Short Sell 69.00 shares at 288.76 on 2024-10-29 18:30:00+00:00
2024-11-11 23:10:10,497 - Short Sell 69.00 shares at 288.55 on 2024-10-29 18:45:00+00:00
2024-11-11 23:10:10,497 - Short Sell 69.00 shares at 288.65 on 2024-10-29 19:00:00+00:00
2024-11-11 23:10:10,497 - Short Sell 69.00 shares at 288.72 on 2024-10-29 19:15:00+00:00
2024-11-11 23:10:10,497 - Buy to cover -1449.00 shares at 287.95 on 2024-10-29 19:30:00+00:00 (Exit: Signal, Profit: 810.0600000001223, Duration: 315.0 minutes)
2024-11-11 23:10:10,497 - Long Buy 69.00 shares at 287.9 on 2024-10-29 19:45:00+00:00
2024-11-11 23:10:10,497 - Sell to close 69.00 shares at 290.97 on 2024-10-30 13:30:00+00:00 (Exit: Profit_take, Profit: 211.83000000000345, Duration: 1065.0 minutes)
2024-11-11 23:10:10,497 - Short Sell 68.00 shares at 291.59 on 2024-10-30 13:45:00+00:00
2024-11-11 23:10:10,497 - Short Sell 68.00 shares at 290.29 on 2024-10-30 14:00:00+00:00
2024-11-11 23:10:10,497 - Short Sell 68.00 shares at 290.6 on 2024-10-30 14:15:00+00:00
2024-11-11 23:10:10,497 - Short Sell 68.00 shares at 290.35 on 2024-10-30 14:30:00+00:00
2024-11-11 23:10:10,497 - Short Sell 68.00 shares at 290.18 on 2024-10-30 14:45:00+00:00
2024-11-11 23:10:10,497 - Short Sell 69.00 shares at 289.86 on 2024-10-30 15:00:00+00:00
2024-11-11 23:10:10,497 - Short Sell 68.00 shares at 290.73 on 2024-10-30 15:15:00+00:00
2024-11-11 23:10:10,497 - Short Sell 68.00 shares at 290.73 on 2024-10-30 15:30:00+00:00
2024-11-11 23:10:10,498 - Short Sell 68.00 shares at 290.89 on 2024-10-30 15:45:00+00:00
2024-11-11 23:10:10,498 - Short Sell 68.00 shares at 290.78 on 2024-10-30 16:00:00+00:00
2024-11-11 23:10:10,498 - Short Sell 68.00 shares at 291.25 on 2024-10-30 16:15:00+00:00
2024-11-11 23:10:10,498 - Short Sell 68.00 shares at 291.38 on 2024-10-30 16:30:00+00:00
2024-11-11 23:10:10,498 - Short Sell 68.00 shares at 290.86 on 2024-10-30 16:45:00+00:00
2024-11-11 23:10:10,498 - Short Sell 68.00 shares at 291.47 on 2024-10-30 17:00:00+00:00
2024-11-11 23:10:10,498 - Short Sell 68.00 shares at 291.51 on 2024-10-30 17:15:00+00:00
2024-11-11 23:10:10,498 - Short Sell 68.00 shares at 291.63 on 2024-10-30 17:30:00+00:00
2024-11-11 23:10:10,498 - Short Sell 68.00 shares at 291.74 on 2024-10-30 17:45:00+00:00
2024-11-11 23:10:10,498 - Short Sell 68.00 shares at 291.85 on 2024-10-30 18:00:00+00:00
2024-11-11 23:10:10,498 - Short Sell 68.00 shares at 291.87 on 2024-10-30 18:15:00+00:00
2024-11-11 23:10:10,498 - Short Sell 68.00 shares at 291.74 on 2024-10-30 18:30:00+00:00
2024-11-11 23:10:10,498 - Short Sell 68.00 shares at 291.73 on 2024-10-30 18:45:00+00:00
2024-11-11 23:10:10,498 - Short Sell 68.00 shares at 292.31 on 2024-10-30 19:00:00+00:00
2024-11-11 23:10:10,498 - Short Sell 68.00 shares at 292.0 on 2024-10-30 19:15:00+00:00
2024-11-11 23:10:10,498 - Short Sell 68.00 shares at 291.94 on 2024-10-30 19:30:00+00:00
2024-11-11 23:10:10,498 - Buy to cover -1633.00 shares at 292.86 on 2024-10-30 19:45:00+00:00 (Exit: Stop_loss, Profit: -2679.480000000093, Duration: 360.0 minutes)
2024-11-11 23:10:10,498 - Long Buy 68.00 shares at 290.81 on 2024-10-31 13:30:00+00:00
2024-11-11 23:10:10,498 - Long Buy 67.00 shares at 291.38 on 2024-10-31 13:45:00+00:00
2024-11-11 23:10:10,498 - Long Buy 66.00 shares at 289.55 on 2024-10-31 14:00:00+00:00
2024-11-11 23:10:10,498 - Long Buy 64.00 shares at 289.72 on 2024-10-31 14:15:00+00:00
2024-11-11 23:10:10,498 - Long Buy 63.00 shares at 291.03 on 2024-10-31 14:30:00+00:00
2024-11-11 23:10:10,498 - Long Buy 62.00 shares at 290.59 on 2024-10-31 14:45:00+00:00
2024-11-11 23:10:10,498 - Long Buy 60.00 shares at 290.21 on 2024-10-31 15:00:00+00:00
2024-11-11 23:10:10,498 - Long Buy 59.00 shares at 290.56 on 2024-10-31 15:15:00+00:00
2024-11-11 23:10:10,498 - Long Buy 58.00 shares at 290.83 on 2024-10-31 15:30:00+00:00
2024-11-11 23:10:10,498 - Long Buy 57.00 shares at 291.27 on 2024-10-31 15:45:00+00:00
2024-11-11 23:10:10,498 - Long Buy 56.00 shares at 291.34 on 2024-10-31 16:00:00+00:00
2024-11-11 23:10:10,498 - Long Buy 54.00 shares at 291.35 on 2024-10-31 16:15:00+00:00
2024-11-11 23:10:10,498 - Long Buy 54.00 shares at 290.65 on 2024-10-31 16:30:00+00:00
2024-11-11 23:10:10,498 - Long Buy 52.00 shares at 291.22 on 2024-10-31 16:45:00+00:00
2024-11-11 23:10:10,498 - Long Buy 51.00 shares at 290.71 on 2024-10-31 17:00:00+00:00
2024-11-11 23:10:10,498 - Long Buy 50.00 shares at 290.35 on 2024-10-31 17:15:00+00:00
2024-11-11 23:10:10,498 - Long Buy 49.00 shares at 290.22 on 2024-10-31 17:30:00+00:00
2024-11-11 23:10:10,498 - Long Buy 48.00 shares at 290.67 on 2024-10-31 17:45:00+00:00
2024-11-11 23:10:10,499 - Long Buy 47.00 shares at 290.73 on 2024-10-31 18:00:00+00:00
2024-11-11 23:10:10,499 - Long Buy 46.00 shares at 291.27 on 2024-10-31 18:15:00+00:00
2024-11-11 23:10:10,499 - Long Buy 45.00 shares at 291.08 on 2024-10-31 18:30:00+00:00
2024-11-11 23:10:10,499 - Long Buy 45.00 shares at 290.9 on 2024-10-31 18:45:00+00:00
2024-11-11 23:10:10,499 - Long Buy 44.00 shares at 290.74 on 2024-10-31 19:00:00+00:00
2024-11-11 23:10:10,499 - Long Buy 43.00 shares at 290.31 on 2024-10-31 19:15:00+00:00
2024-11-11 23:10:10,499 - Long Buy 42.00 shares at 290.05 on 2024-10-31 19:30:00+00:00
2024-11-11 23:10:10,499 - Long Buy 41.00 shares at 289.19 on 2024-10-31 19:45:00+00:00
2024-11-11 23:10:10,499 - Sell to close 1391.00 shares at 286.71 on 2024-11-01 13:30:00+00:00 (Exit: Stop_loss, Profit: -5483.689999999982, Duration: 1440.0 minutes)
2024-11-11 23:10:10,499 - Short Sell 68.00 shares at 289.8 on 2024-11-04 14:30:00+00:00
2024-11-11 23:10:10,499 - Short Sell 68.00 shares at 291.34 on 2024-11-04 14:45:00+00:00
2024-11-11 23:10:10,499 - Short Sell 68.00 shares at 291.68 on 2024-11-04 15:00:00+00:00
2024-11-11 23:10:10,499 - Short Sell 68.00 shares at 291.38 on 2024-11-04 15:15:00+00:00
2024-11-11 23:10:10,499 - Short Sell 68.00 shares at 290.63 on 2024-11-04 15:30:00+00:00
2024-11-11 23:10:10,499 - Short Sell 68.00 shares at 290.2 on 2024-11-04 15:45:00+00:00
2024-11-11 23:10:10,499 - Short Sell 68.00 shares at 290.0 on 2024-11-04 16:00:00+00:00
2024-11-11 23:10:10,499 - Short Sell 68.00 shares at 290.72 on 2024-11-04 16:15:00+00:00
2024-11-11 23:10:10,499 - Buy to cover -544.00 shares at 289.3 on 2024-11-04 16:30:00+00:00 (Exit: Signal, Profit: 771.7999999999938, Duration: 120.0 minutes)
2024-11-11 23:10:10,499 - Long Buy 68.00 shares at 289.68 on 2024-11-04 16:45:00+00:00
2024-11-11 23:10:10,499 - Long Buy 67.00 shares at 289.79 on 2024-11-04 17:00:00+00:00
2024-11-11 23:10:10,499 - Long Buy 65.00 shares at 290.27 on 2024-11-04 18:15:00+00:00
2024-11-11 23:10:10,499 - Long Buy 64.00 shares at 290.16 on 2024-11-04 19:30:00+00:00
2024-11-11 23:10:10,500 - Long Buy 63.00 shares at 290.05 on 2024-11-04 19:45:00+00:00
2024-11-11 23:10:10,500 - Long Buy 62.00 shares at 289.7 on 2024-11-04 20:00:00+00:00
2024-11-11 23:10:10,500 - Long Buy 60.00 shares at 289.69 on 2024-11-04 20:15:00+00:00
2024-11-11 23:10:10,500 - Long Buy 59.00 shares at 289.78 on 2024-11-04 20:30:00+00:00
2024-11-11 23:10:10,500 - Long Buy 58.00 shares at 289.92 on 2024-11-04 20:45:00+00:00
2024-11-11 23:10:10,500 - Long Buy 57.00 shares at 289.82 on 2024-11-05 14:30:00+00:00
2024-11-11 23:10:10,500 - Long Buy 56.00 shares at 290.0 on 2024-11-05 16:30:00+00:00
2024-11-11 23:10:10,500 - Sell to close 679.00 shares at 291.12 on 2024-11-05 17:30:00+00:00 (Exit: Signal, Profit: 830.4500000000423, Duration: 1485.0 minutes)
2024-11-11 23:10:10,500 - Short Sell 68.00 shares at 291.02 on 2024-11-05 17:45:00+00:00
2024-11-11 23:10:10,500 - Buy to cover -68.00 shares at 300.53 on 2024-11-06 14:30:00+00:00 (Exit: Stop_loss, Profit: -646.6799999999994, Duration: 1245.0 minutes)
2024-11-11 23:10:10,500 - Long Buy 65.00 shares at 303.88 on 2024-11-07 14:30:00+00:00
2024-11-11 23:10:10,500 - Long Buy 64.00 shares at 304.12 on 2024-11-07 14:45:00+00:00
2024-11-11 23:10:10,500 - Long Buy 62.00 shares at 303.88 on 2024-11-07 15:00:00+00:00
2024-11-11 23:10:10,500 - Long Buy 61.00 shares at 303.89 on 2024-11-07 15:15:00+00:00
2024-11-11 23:10:10,500 - Long Buy 60.00 shares at 303.7 on 2024-11-07 15:30:00+00:00
2024-11-11 23:10:10,501 - Long Buy 59.00 shares at 304.25 on 2024-11-07 15:45:00+00:00
2024-11-11 23:10:10,501 - Long Buy 57.00 shares at 304.53 on 2024-11-07 16:00:00+00:00
2024-11-11 23:10:10,501 - Long Buy 56.00 shares at 304.71 on 2024-11-07 16:15:00+00:00
2024-11-11 23:10:10,501 - Long Buy 55.00 shares at 304.82 on 2024-11-07 16:30:00+00:00
2024-11-11 23:10:10,501 - Long Buy 54.00 shares at 304.9 on 2024-11-07 16:45:00+00:00
2024-11-11 23:10:10,501 - Sell to close 593.00 shares at 306.0 on 2024-11-07 17:15:00+00:00 (Exit: Profit_take, Profit: 1039.8499999999494, Duration: 165.0 minutes)
2024-11-11 23:10:10,501 - Long Buy 65.00 shares at 304.95 on 2024-11-07 19:30:00+00:00
2024-11-11 23:10:10,501 - Sell to close 65.00 shares at 305.64 on 2024-11-07 20:30:00+00:00 (Exit: Signal, Profit: 44.84999999999985, Duration: 60.0 minutes)
2024-11-11 23:10:10,501 - Short Sell 64.00 shares at 306.26 on 2024-11-08 14:45:00+00:00
2024-11-11 23:10:10,501 - Short Sell 64.00 shares at 306.36 on 2024-11-08 15:00:00+00:00
2024-11-11 23:10:10,501 - Short Sell 64.00 shares at 306.18 on 2024-11-08 15:15:00+00:00
2024-11-11 23:10:10,501 - Short Sell 64.00 shares at 306.31 on 2024-11-08 15:30:00+00:00
2024-11-11 23:10:10,501 - Short Sell 65.00 shares at 306.1 on 2024-11-08 15:45:00+00:00
2024-11-11 23:10:10,501 - Short Sell 64.00 shares at 306.11 on 2024-11-08 16:15:00+00:00
2024-11-11 23:10:10,501 - Short Sell 64.00 shares at 306.44 on 2024-11-08 16:30:00+00:00
2024-11-11 23:10:10,501 - Short Sell 64.00 shares at 306.54 on 2024-11-08 16:45:00+00:00
2024-11-11 23:10:10,501 - Short Sell 64.00 shares at 306.25 on 2024-11-08 17:00:00+00:00
2024-11-11 23:10:10,501 - Short Sell 64.00 shares at 306.44 on 2024-11-08 17:15:00+00:00
2024-11-11 23:10:10,501 - Short Sell 64.00 shares at 306.75 on 2024-11-08 17:30:00+00:00
2024-11-11 23:10:10,501 - Short Sell 64.00 shares at 306.63 on 2024-11-08 17:45:00+00:00
2024-11-11 23:10:10,501 - Short Sell 64.00 shares at 306.56 on 2024-11-08 18:00:00+00:00
2024-11-11 23:10:10,501 - Short Sell 64.00 shares at 306.3 on 2024-11-08 18:15:00+00:00
2024-11-11 23:10:10,501 - Short Sell 64.00 shares at 306.18 on 2024-11-08 18:30:00+00:00
2024-11-11 23:10:10,502 - Short Sell 65.00 shares at 305.46 on 2024-11-08 20:30:00+00:00
2024-11-11 23:10:10,502 - Buy to cover -1026.00 shares at 304.68 on 2024-11-08 20:45:00+00:00 (Exit: Profit_take, Profit: 1665.560000000048, Duration: 360.0 minutes)
2024-11-11 23:10:10,503 - Final statisticsStock: ADP, 
total_trades: 20, 
winning_trades: 14, 
losing_trades: 6, 
average_return: -0.0003498152450064376, 
average_duration: 1485.75, 
final_balance: 996477.5699999977, 
final_portfolio_value: 996477.5699999977, 
sharpe_ratio: 6.559113100030558, 



