2024-11-11 22:21:48,535 - Starting GBMStrategy with initial capital: 1000000
2024-11-11 22:21:48,535 - Hyperparameters: {'threshold': 1.5, 'time_periods': 30, 'num_simulations': 150}
2024-11-11 22:23:13,534 - Long Buy 117.00 shares at 170.84 on 2024-10-11 14:30:00+00:00
2024-11-11 22:23:13,535 - Long Buy 114.00 shares at 170.87 on 2024-10-11 15:15:00+00:00
2024-11-11 22:23:13,536 - Sell to close 231.00 shares at 171.31 on 2024-10-11 15:45:00+00:00 (Exit: Signal, Profit: 105.15000000000379, Duration: 75.0 minutes)
2024-11-11 22:23:13,536 - Long Buy 117.00 shares at 170.66 on 2024-10-11 16:15:00+00:00
2024-11-11 22:23:13,536 - Long Buy 114.00 shares at 170.62 on 2024-10-11 16:30:00+00:00
2024-11-11 22:23:13,536 - Long Buy 112.00 shares at 170.74 on 2024-10-11 16:45:00+00:00
2024-11-11 22:23:13,536 - Long Buy 110.00 shares at 170.53 on 2024-10-11 17:00:00+00:00
2024-11-11 22:23:13,536 - Long Buy 108.00 shares at 170.64 on 2024-10-11 17:15:00+00:00
2024-11-11 22:23:13,536 - Long Buy 105.00 shares at 170.77 on 2024-10-11 17:30:00+00:00
2024-11-11 22:23:13,536 - Long Buy 104.00 shares at 170.43 on 2024-10-11 19:45:00+00:00
2024-11-11 22:23:13,536 - Long Buy 101.00 shares at 170.38 on 2024-10-14 13:30:00+00:00
2024-11-11 22:23:13,536 - Long Buy 99.00 shares at 170.4 on 2024-10-14 13:45:00+00:00
2024-11-11 22:23:13,536 - Long Buy 97.00 shares at 170.45 on 2024-10-14 14:00:00+00:00
2024-11-11 22:23:13,536 - Long Buy 95.00 shares at 170.48 on 2024-10-14 14:15:00+00:00
2024-11-11 22:23:13,536 - Long Buy 94.00 shares at 170.54 on 2024-10-14 14:30:00+00:00
2024-11-11 22:23:13,536 - Long Buy 92.00 shares at 170.49 on 2024-10-14 14:45:00+00:00
2024-11-11 22:23:13,536 - Sell to close 1348.00 shares at 171.13 on 2024-10-14 15:30:00+00:00 (Exit: Signal, Profit: 776.399999999969, Duration: 4275.0 minutes)
2024-11-11 22:23:13,536 - Short Sell 117.00 shares at 171.06 on 2024-10-14 15:45:00+00:00
2024-11-11 22:23:13,536 - Buy to cover -117.00 shares at 170.52 on 2024-10-14 16:30:00+00:00 (Exit: Signal, Profit: 63.17999999999907, Duration: 45.0 minutes)
2024-11-11 22:23:13,537 - Short Sell 117.00 shares at 171.08 on 2024-10-14 18:30:00+00:00
2024-11-11 22:23:13,537 - Short Sell 116.00 shares at 171.61 on 2024-10-14 19:45:00+00:00
2024-11-11 22:23:13,537 - Short Sell 116.00 shares at 172.06 on 2024-10-15 13:30:00+00:00
2024-11-11 22:23:13,537 - Buy to cover -349.00 shares at 172.7 on 2024-10-15 13:45:00+00:00 (Exit: Stop_loss, Profit: -390.2199999999975, Duration: 1155.0 minutes)
2024-11-11 22:23:13,537 - Long Buy 117.00 shares at 170.06 on 2024-10-16 13:30:00+00:00
2024-11-11 22:23:13,537 - Long Buy 115.00 shares at 170.0 on 2024-10-16 13:45:00+00:00
2024-11-11 22:23:13,537 - Long Buy 113.00 shares at 170.04 on 2024-10-16 14:00:00+00:00
2024-11-11 22:23:13,537 - Long Buy 110.00 shares at 169.8 on 2024-10-16 14:15:00+00:00
2024-11-11 22:23:13,537 - Long Buy 108.00 shares at 169.52 on 2024-10-16 14:30:00+00:00
2024-11-11 22:23:13,537 - Long Buy 106.00 shares at 169.46 on 2024-10-16 14:45:00+00:00
2024-11-11 22:23:13,537 - Long Buy 105.00 shares at 168.85 on 2024-10-16 15:00:00+00:00
2024-11-11 22:23:13,537 - Long Buy 102.00 shares at 169.67 on 2024-10-16 15:15:00+00:00
2024-11-11 22:23:13,537 - Long Buy 100.00 shares at 169.33 on 2024-10-16 15:30:00+00:00
2024-11-11 22:23:13,537 - Long Buy 98.00 shares at 169.27 on 2024-10-16 15:45:00+00:00
2024-11-11 22:23:13,537 - Long Buy 96.00 shares at 170.16 on 2024-10-16 16:00:00+00:00
2024-11-11 22:23:13,537 - Long Buy 94.00 shares at 169.97 on 2024-10-16 16:15:00+00:00
2024-11-11 22:23:13,537 - Long Buy 92.00 shares at 169.8 on 2024-10-16 16:30:00+00:00
2024-11-11 22:23:13,537 - Long Buy 90.00 shares at 169.71 on 2024-10-16 16:45:00+00:00
2024-11-11 22:23:13,537 - Long Buy 89.00 shares at 169.6 on 2024-10-16 17:00:00+00:00
2024-11-11 22:23:13,537 - Long Buy 87.00 shares at 169.59 on 2024-10-16 17:15:00+00:00
2024-11-11 22:23:13,538 - Sell to close 1622.00 shares at 169.65 on 2024-10-16 17:30:00+00:00 (Exit: Signal, Profit: -51.97999999994062, Duration: 240.0 minutes)
2024-11-11 22:23:13,538 - Short Sell 117.00 shares at 169.78 on 2024-10-16 17:45:00+00:00
2024-11-11 22:23:13,538 - Short Sell 117.00 shares at 169.97 on 2024-10-16 18:00:00+00:00
2024-11-11 22:23:13,538 - Short Sell 117.00 shares at 169.96 on 2024-10-16 18:15:00+00:00
2024-11-11 22:23:13,538 - Short Sell 117.00 shares at 169.84 on 2024-10-16 18:30:00+00:00
2024-11-11 22:23:13,538 - Short Sell 117.00 shares at 170.58 on 2024-10-17 13:30:00+00:00
2024-11-11 22:23:13,538 - Short Sell 117.00 shares at 170.54 on 2024-10-17 13:45:00+00:00
2024-11-11 22:23:13,538 - Short Sell 117.00 shares at 170.71 on 2024-10-17 14:00:00+00:00
2024-11-11 22:23:13,538 - Short Sell 117.00 shares at 170.0 on 2024-10-17 14:15:00+00:00
2024-11-11 22:23:13,538 - Buy to cover -936.00 shares at 169.21 on 2024-10-17 15:30:00+00:00 (Exit: Profit_take, Profit: 900.9000000000053, Duration: 1305.0 minutes)
2024-11-11 22:23:13,538 - Long Buy 118.00 shares at 169.19 on 2024-10-17 15:45:00+00:00
2024-11-11 22:23:13,538 - Long Buy 116.00 shares at 169.02 on 2024-10-17 17:00:00+00:00
2024-11-11 22:23:13,538 - Long Buy 113.00 shares at 169.01 on 2024-10-17 17:15:00+00:00
2024-11-11 22:23:13,538 - Long Buy 111.00 shares at 168.85 on 2024-10-17 17:45:00+00:00
2024-11-11 22:23:13,538 - Long Buy 109.00 shares at 169.09 on 2024-10-17 18:00:00+00:00
2024-11-11 22:23:13,538 - Long Buy 107.00 shares at 169.11 on 2024-10-17 18:15:00+00:00
2024-11-11 22:23:13,538 - Sell to close 674.00 shares at 169.23 on 2024-10-17 18:30:00+00:00 (Exit: Signal, Profit: 124.21999999999628, Duration: 165.0 minutes)
2024-11-11 22:23:13,538 - Short Sell 118.00 shares at 169.33 on 2024-10-17 18:45:00+00:00
2024-11-11 22:23:13,538 - Short Sell 118.00 shares at 169.5 on 2024-10-17 19:00:00+00:00
2024-11-11 22:23:13,538 - Short Sell 118.00 shares at 169.66 on 2024-10-17 19:45:00+00:00
2024-11-11 22:23:13,538 - Short Sell 118.00 shares at 169.34 on 2024-10-18 13:45:00+00:00
2024-11-11 22:23:13,539 - Short Sell 118.00 shares at 169.5 on 2024-10-18 15:15:00+00:00
2024-11-11 22:23:13,539 - Short Sell 118.00 shares at 169.55 on 2024-10-18 16:15:00+00:00
2024-11-11 22:23:13,539 - Short Sell 118.00 shares at 169.71 on 2024-10-18 16:30:00+00:00
2024-11-11 22:23:13,539 - Short Sell 118.00 shares at 169.71 on 2024-10-18 16:45:00+00:00
2024-11-11 22:23:13,539 - Short Sell 117.00 shares at 169.74 on 2024-10-18 17:00:00+00:00
2024-11-11 22:23:13,539 - Short Sell 118.00 shares at 169.27 on 2024-10-18 19:30:00+00:00
2024-11-11 22:23:13,539 - Short Sell 118.00 shares at 169.39 on 2024-10-18 19:45:00+00:00
2024-11-11 22:23:13,539 - Short Sell 117.00 shares at 170.05 on 2024-10-21 13:30:00+00:00
2024-11-11 22:23:13,539 - Short Sell 117.00 shares at 170.06 on 2024-10-21 13:45:00+00:00
2024-11-11 22:23:13,539 - Short Sell 118.00 shares at 169.49 on 2024-10-21 14:00:00+00:00
2024-11-11 22:23:13,539 - Short Sell 118.00 shares at 169.47 on 2024-10-21 14:30:00+00:00
2024-11-11 22:23:13,539 - Buy to cover -1767.00 shares at 168.9 on 2024-10-21 15:00:00+00:00 (Exit: Signal, Profit: 1208.7100000000214, Duration: 5535.0 minutes)
2024-11-11 22:23:13,539 - Long Buy 118.00 shares at 168.88 on 2024-10-21 16:00:00+00:00
2024-11-11 22:23:13,539 - Long Buy 116.00 shares at 168.9 on 2024-10-21 16:30:00+00:00
2024-11-11 22:23:13,539 - Sell to close 234.00 shares at 167.54 on 2024-10-22 13:30:00+00:00 (Exit: Stop_loss, Profit: -315.8800000000096, Duration: 1290.0 minutes)
2024-11-11 22:23:13,540 - Long Buy 119.00 shares at 167.18 on 2024-10-23 15:00:00+00:00
2024-11-11 22:23:13,540 - Long Buy 117.00 shares at 167.31 on 2024-10-23 15:15:00+00:00
2024-11-11 22:23:13,540 - Long Buy 115.00 shares at 167.34 on 2024-10-23 15:30:00+00:00
2024-11-11 22:23:13,540 - Long Buy 112.00 shares at 167.23 on 2024-10-23 16:15:00+00:00
2024-11-11 22:23:13,540 - Long Buy 110.00 shares at 166.99 on 2024-10-23 17:00:00+00:00
2024-11-11 22:23:13,540 - Long Buy 108.00 shares at 166.81 on 2024-10-23 17:15:00+00:00
2024-11-11 22:23:13,540 - Long Buy 106.00 shares at 166.74 on 2024-10-23 17:30:00+00:00
2024-11-11 22:23:13,540 - Long Buy 104.00 shares at 166.72 on 2024-10-23 17:45:00+00:00
2024-11-11 22:23:13,540 - Long Buy 102.00 shares at 166.1 on 2024-10-23 18:00:00+00:00
2024-11-11 22:23:13,540 - Long Buy 100.00 shares at 166.14 on 2024-10-23 18:15:00+00:00
2024-11-11 22:23:13,540 - Long Buy 98.00 shares at 166.34 on 2024-10-23 18:30:00+00:00
2024-11-11 22:23:13,540 - Long Buy 96.00 shares at 166.29 on 2024-10-23 18:45:00+00:00
2024-11-11 22:23:13,540 - Long Buy 94.00 shares at 166.35 on 2024-10-23 19:00:00+00:00
2024-11-11 22:23:13,540 - Long Buy 92.00 shares at 166.57 on 2024-10-23 19:15:00+00:00
2024-11-11 22:23:13,540 - Long Buy 90.00 shares at 166.71 on 2024-10-23 19:30:00+00:00
2024-11-11 22:23:13,540 - Long Buy 89.00 shares at 166.64 on 2024-10-23 19:45:00+00:00
2024-11-11 22:23:13,540 - Sell to close 1652.00 shares at 165.51 on 2024-10-24 13:30:00+00:00 (Exit: Stop_loss, Profit: -2036.2899999999922, Duration: 1350.0 minutes)
2024-11-11 22:23:13,541 - Short Sell 119.00 shares at 167.99 on 2024-10-25 14:00:00+00:00
2024-11-11 22:23:13,541 - Short Sell 118.00 shares at 168.16 on 2024-10-25 14:15:00+00:00
2024-11-11 22:23:13,541 - Short Sell 119.00 shares at 167.71 on 2024-10-25 14:30:00+00:00
2024-11-11 22:23:13,541 - Short Sell 119.00 shares at 167.56 on 2024-10-25 14:45:00+00:00
2024-11-11 22:23:13,541 - Buy to cover -475.00 shares at 166.99 on 2024-10-25 15:30:00+00:00 (Exit: Profit_take, Profit: 410.5700000000063, Duration: 90.0 minutes)
2024-11-11 22:23:13,541 - Short Sell 119.00 shares at 166.84 on 2024-10-25 17:00:00+00:00
2024-11-11 22:23:13,541 - Short Sell 119.00 shares at 166.92 on 2024-10-25 17:15:00+00:00
2024-11-11 22:23:13,541 - Buy to cover -238.00 shares at 166.53 on 2024-10-25 17:30:00+00:00 (Exit: Signal, Profit: 83.30000000000541, Duration: 30.0 minutes)
2024-11-11 22:23:13,541 - Short Sell 119.00 shares at 167.0 on 2024-10-25 18:15:00+00:00
2024-11-11 22:23:13,541 - Short Sell 119.00 shares at 167.03 on 2024-10-25 18:30:00+00:00
2024-11-11 22:23:13,541 - Short Sell 119.00 shares at 167.14 on 2024-10-25 18:45:00+00:00
2024-11-11 22:23:13,541 - Short Sell 118.00 shares at 168.24 on 2024-10-28 13:30:00+00:00
2024-11-11 22:23:13,541 - Buy to cover -475.00 shares at 168.84 on 2024-10-28 13:45:00+00:00 (Exit: Stop_loss, Profit: -707.4500000000136, Duration: 4050.0 minutes)
2024-11-11 22:23:13,541 - Long Buy 119.00 shares at 166.95 on 2024-10-29 13:30:00+00:00
2024-11-11 22:23:13,541 - Long Buy 117.00 shares at 166.41 on 2024-10-29 13:45:00+00:00
2024-11-11 22:23:13,542 - Long Buy 114.00 shares at 167.16 on 2024-10-29 14:00:00+00:00
2024-11-11 22:23:13,542 - Sell to close 350.00 shares at 167.77 on 2024-10-29 14:15:00+00:00 (Exit: Profit_take, Profit: 326.2399999999971, Duration: 45.0 minutes)
2024-11-11 22:23:13,542 - Long Buy 119.00 shares at 167.71 on 2024-10-29 15:15:00+00:00
2024-11-11 22:23:13,542 - Long Buy 116.00 shares at 167.72 on 2024-10-29 15:30:00+00:00
2024-11-11 22:23:13,542 - Long Buy 114.00 shares at 167.68 on 2024-10-29 15:45:00+00:00
2024-11-11 22:23:13,542 - Long Buy 112.00 shares at 167.68 on 2024-10-29 16:15:00+00:00
2024-11-11 22:23:13,542 - Long Buy 110.00 shares at 167.45 on 2024-10-29 16:30:00+00:00
2024-11-11 22:23:13,542 - Long Buy 107.00 shares at 167.62 on 2024-10-29 17:15:00+00:00
2024-11-11 22:23:13,542 - Long Buy 105.00 shares at 168.16 on 2024-10-29 19:00:00+00:00
2024-11-11 22:23:13,542 - Long Buy 103.00 shares at 168.05 on 2024-10-29 19:15:00+00:00
2024-11-11 22:23:13,542 - Long Buy 101.00 shares at 167.88 on 2024-10-29 19:30:00+00:00
2024-11-11 22:23:13,542 - Long Buy 99.00 shares at 167.49 on 2024-10-29 19:45:00+00:00
2024-11-11 22:23:13,542 - Long Buy 98.00 shares at 166.99 on 2024-10-30 13:30:00+00:00
2024-11-11 22:23:13,542 - Long Buy 95.00 shares at 167.92 on 2024-10-30 13:45:00+00:00
2024-11-11 22:23:13,542 - Long Buy 93.00 shares at 167.55 on 2024-10-30 14:15:00+00:00
2024-11-11 22:23:13,542 - Long Buy 91.00 shares at 167.68 on 2024-10-30 14:30:00+00:00
2024-11-11 22:23:13,542 - Long Buy 90.00 shares at 167.49 on 2024-10-30 14:45:00+00:00
2024-11-11 22:23:13,542 - Long Buy 88.00 shares at 167.39 on 2024-10-30 15:00:00+00:00
2024-11-11 22:23:13,542 - Long Buy 86.00 shares at 167.71 on 2024-10-30 16:15:00+00:00
2024-11-11 22:23:13,542 - Long Buy 84.00 shares at 167.69 on 2024-10-30 16:30:00+00:00
2024-11-11 22:23:13,542 - Long Buy 83.00 shares at 167.75 on 2024-10-30 16:45:00+00:00
2024-11-11 22:23:13,542 - Long Buy 81.00 shares at 167.62 on 2024-10-30 17:00:00+00:00
2024-11-11 22:23:13,542 - Long Buy 79.00 shares at 167.55 on 2024-10-30 17:15:00+00:00
2024-11-11 22:23:13,543 - Long Buy 78.00 shares at 167.71 on 2024-10-30 17:30:00+00:00
2024-11-11 22:23:13,543 - Long Buy 76.00 shares at 167.53 on 2024-10-30 17:45:00+00:00
2024-11-11 22:23:13,543 - Long Buy 75.00 shares at 167.69 on 2024-10-30 18:00:00+00:00
2024-11-11 22:23:13,543 - Long Buy 73.00 shares at 167.72 on 2024-10-30 18:15:00+00:00
2024-11-11 22:23:13,543 - Sell to close 2356.00 shares at 168.56 on 2024-10-30 19:15:00+00:00 (Exit: Profit_take, Profit: 2117.7099999998363, Duration: 1680.0 minutes)
2024-11-11 22:23:13,543 - Short Sell 118.00 shares at 168.91 on 2024-10-30 19:45:00+00:00
2024-11-11 22:23:13,543 - Buy to cover -118.00 shares at 181.08 on 2024-10-31 13:30:00+00:00 (Exit: Stop_loss, Profit: -1436.0600000000018, Duration: 1065.0 minutes)
2024-11-11 22:23:13,543 - Short Sell 110.00 shares at 181.84 on 2024-11-01 13:30:00+00:00
2024-11-11 22:23:13,543 - Short Sell 109.00 shares at 182.25 on 2024-11-01 13:45:00+00:00
2024-11-11 22:23:13,543 - Short Sell 109.00 shares at 182.65 on 2024-11-01 14:00:00+00:00
2024-11-11 22:23:13,543 - Short Sell 109.00 shares at 183.13 on 2024-11-01 14:15:00+00:00
2024-11-11 22:23:13,543 - Buy to cover -437.00 shares at 182.63 on 2024-11-01 14:30:00+00:00 (Exit: Signal, Profit: -71.64000000000286, Duration: 60.0 minutes)
2024-11-11 22:23:13,543 - Long Buy 109.00 shares at 182.49 on 2024-11-01 14:45:00+00:00
2024-11-11 22:23:13,543 - Long Buy 108.00 shares at 181.27 on 2024-11-01 15:00:00+00:00
2024-11-11 22:23:13,543 - Sell to close 217.00 shares at 180.59 on 2024-11-01 15:15:00+00:00 (Exit: Stop_loss, Profit: -280.53999999999684, Duration: 30.0 minutes)
2024-11-11 22:23:13,543 - Long Buy 111.00 shares at 179.64 on 2024-11-04 14:30:00+00:00
2024-11-11 22:23:13,544 - Sell to close 111.00 shares at 180.72 on 2024-11-04 14:45:00+00:00 (Exit: Profit_take, Profit: 119.88000000000139, Duration: 15.0 minutes)
2024-11-11 22:23:13,544 - Long Buy 111.00 shares at 180.3 on 2024-11-04 15:00:00+00:00
2024-11-11 22:23:13,544 - Long Buy 108.00 shares at 180.64 on 2024-11-04 15:15:00+00:00
2024-11-11 22:23:13,544 - Long Buy 106.00 shares at 180.16 on 2024-11-04 15:30:00+00:00
2024-11-11 22:23:13,544 - Long Buy 104.00 shares at 179.87 on 2024-11-04 15:45:00+00:00
2024-11-11 22:23:13,544 - Long Buy 102.00 shares at 179.76 on 2024-11-04 16:00:00+00:00
2024-11-11 22:23:13,544 - Long Buy 100.00 shares at 179.42 on 2024-11-04 16:15:00+00:00
2024-11-11 22:23:13,544 - Long Buy 99.00 shares at 179.03 on 2024-11-04 16:30:00+00:00
2024-11-11 22:23:13,544 - Long Buy 97.00 shares at 178.99 on 2024-11-04 16:45:00+00:00
2024-11-11 22:23:13,544 - Long Buy 95.00 shares at 179.03 on 2024-11-04 17:00:00+00:00
2024-11-11 22:23:13,544 - Sell to close 922.00 shares at 180.91 on 2024-11-05 14:45:00+00:00 (Exit: Profit_take, Profit: 1101.7899999999936, Duration: 1425.0 minutes)
2024-11-11 22:23:13,544 - Short Sell 110.00 shares at 180.91 on 2024-11-05 15:00:00+00:00
2024-11-11 22:23:13,544 - Short Sell 110.00 shares at 181.42 on 2024-11-05 15:15:00+00:00
2024-11-11 22:23:13,544 - Short Sell 110.00 shares at 182.1 on 2024-11-05 15:30:00+00:00
2024-11-11 22:23:13,544 - Short Sell 110.00 shares at 181.54 on 2024-11-05 15:45:00+00:00
2024-11-11 22:23:13,544 - Short Sell 110.00 shares at 181.98 on 2024-11-05 16:00:00+00:00
2024-11-11 22:23:13,544 - Short Sell 110.00 shares at 181.3 on 2024-11-05 16:15:00+00:00
2024-11-11 22:23:13,544 - Short Sell 110.00 shares at 181.01 on 2024-11-05 16:30:00+00:00
2024-11-11 22:23:13,544 - Short Sell 110.00 shares at 180.96 on 2024-11-05 16:45:00+00:00
2024-11-11 22:23:13,544 - Short Sell 110.00 shares at 180.84 on 2024-11-05 17:00:00+00:00
2024-11-11 22:23:13,544 - Short Sell 110.00 shares at 181.11 on 2024-11-05 17:15:00+00:00
2024-11-11 22:23:13,544 - Short Sell 110.00 shares at 181.13 on 2024-11-05 17:30:00+00:00
2024-11-11 22:23:13,545 - Short Sell 110.00 shares at 181.67 on 2024-11-05 19:30:00+00:00
2024-11-11 22:23:13,545 - Short Sell 110.00 shares at 181.81 on 2024-11-05 20:15:00+00:00
2024-11-11 22:23:13,545 - Short Sell 109.00 shares at 182.03 on 2024-11-05 20:45:00+00:00
2024-11-11 22:23:13,545 - Buy to cover -1539.00 shares at 189.09 on 2024-11-06 14:30:00+00:00 (Exit: Stop_loss, Profit: -11812.44, Duration: 1410.0 minutes)
2024-11-11 22:23:13,545 - Long Buy 103.00 shares at 190.44 on 2024-11-07 14:30:00+00:00
2024-11-11 22:23:13,545 - Long Buy 102.00 shares at 189.95 on 2024-11-07 14:45:00+00:00
2024-11-11 22:23:13,545 - Long Buy 99.00 shares at 190.67 on 2024-11-07 15:00:00+00:00
2024-11-11 22:23:13,545 - Long Buy 97.00 shares at 190.46 on 2024-11-07 15:15:00+00:00
2024-11-11 22:23:13,545 - Long Buy 95.00 shares at 190.98 on 2024-11-07 15:30:00+00:00
2024-11-11 22:23:13,545 - Long Buy 94.00 shares at 190.11 on 2024-11-07 15:45:00+00:00
2024-11-11 22:23:13,545 - Long Buy 92.00 shares at 189.52 on 2024-11-07 16:00:00+00:00
2024-11-11 22:23:13,545 - Long Buy 90.00 shares at 189.3 on 2024-11-07 16:15:00+00:00
2024-11-11 22:23:13,545 - Long Buy 88.00 shares at 189.58 on 2024-11-07 16:30:00+00:00
2024-11-11 22:23:13,545 - Sell to close 860.00 shares at 188.86 on 2024-11-07 16:45:00+00:00 (Exit: Stop_loss, Profit: -1090.8899999999749, Duration: 135.0 minutes)
2024-11-11 22:23:13,545 - Short Sell 103.00 shares at 190.36 on 2024-11-08 14:45:00+00:00
2024-11-11 22:23:13,545 - Short Sell 103.00 shares at 190.8 on 2024-11-08 15:00:00+00:00
2024-11-11 22:23:13,545 - Short Sell 103.00 shares at 190.94 on 2024-11-08 15:15:00+00:00
2024-11-11 22:23:13,545 - Short Sell 103.00 shares at 191.33 on 2024-11-08 15:30:00+00:00
2024-11-11 22:23:13,545 - Short Sell 103.00 shares at 190.76 on 2024-11-08 15:45:00+00:00
2024-11-11 22:23:13,546 - Short Sell 103.00 shares at 191.12 on 2024-11-08 16:00:00+00:00
2024-11-11 22:23:13,546 - Short Sell 103.00 shares at 190.75 on 2024-11-08 16:15:00+00:00
2024-11-11 22:23:13,546 - Short Sell 104.00 shares at 190.24 on 2024-11-08 16:30:00+00:00
2024-11-11 22:23:13,546 - Short Sell 103.00 shares at 190.63 on 2024-11-08 16:45:00+00:00
2024-11-11 22:23:13,546 - Short Sell 103.00 shares at 190.45 on 2024-11-08 17:00:00+00:00
2024-11-11 22:23:13,546 - Short Sell 103.00 shares at 190.51 on 2024-11-08 17:15:00+00:00
2024-11-11 22:23:13,546 - Short Sell 103.00 shares at 190.58 on 2024-11-08 17:30:00+00:00
2024-11-11 22:23:13,546 - Short Sell 103.00 shares at 190.53 on 2024-11-08 17:45:00+00:00
2024-11-11 22:23:13,546 - Short Sell 103.00 shares at 190.53 on 2024-11-08 19:15:00+00:00
2024-11-11 22:23:13,546 - Short Sell 103.00 shares at 190.58 on 2024-11-08 19:45:00+00:00
2024-11-11 22:23:13,546 - Short Sell 103.00 shares at 190.64 on 2024-11-08 20:00:00+00:00
2024-11-11 22:23:13,546 - Short Sell 103.00 shares at 190.56 on 2024-11-08 20:30:00+00:00
2024-11-11 22:23:13,546 - Short Sell 103.00 shares at 190.99 on 2024-11-08 20:45:00+00:00
2024-11-11 22:23:13,548 - Final statisticsStock: AME, 
total_trades: 22, 
winning_trades: 12, 
losing_trades: 10, 
average_return: -0.0049633106356155145, 
average_duration: 1157.7272727272727, 
final_balance: 1342861.8000000005, 
final_portfolio_value: 988575.3500000006, 
sharpe_ratio: 2.3774087953608665, 



