2024-11-11 22:24:43,490 - Starting GBMStrategy with initial capital: 1000000
2024-11-11 22:24:43,490 - Hyperparameters: {'threshold': 1.5, 'time_periods': 30, 'num_simulations': 150}
2024-11-11 22:29:23,173 - Short Sell 90.00 shares at 220.53 on 2024-10-11 14:30:00+00:00
2024-11-11 22:29:23,174 - Short Sell 90.00 shares at 220.93 on 2024-10-11 14:45:00+00:00
2024-11-11 22:29:23,175 - Short Sell 90.00 shares at 221.58 on 2024-10-11 15:00:00+00:00
2024-11-11 22:29:23,175 - Short Sell 90.00 shares at 221.97 on 2024-10-11 15:15:00+00:00
2024-11-11 22:29:23,175 - Short Sell 89.00 shares at 222.36 on 2024-10-11 15:30:00+00:00
2024-11-11 22:29:23,175 - Short Sell 89.00 shares at 222.31 on 2024-10-11 15:45:00+00:00
2024-11-11 22:29:23,175 - Short Sell 90.00 shares at 221.25 on 2024-10-11 16:00:00+00:00
2024-11-11 22:29:23,175 - Buy to cover -628.00 shares at 220.23 on 2024-10-11 17:45:00+00:00 (Exit: Profit_take, Profit: 834.590000000014, Duration: 195.0 minutes)
2024-11-11 22:29:23,175 - Short Sell 90.00 shares at 221.4 on 2024-10-14 14:00:00+00:00
2024-11-11 22:29:23,175 - Short Sell 90.00 shares at 221.34 on 2024-10-14 14:15:00+00:00
2024-11-11 22:29:23,175 - Short Sell 90.00 shares at 221.76 on 2024-10-14 14:30:00+00:00
2024-11-11 22:29:23,175 - Short Sell 90.00 shares at 221.56 on 2024-10-14 15:00:00+00:00
2024-11-11 22:29:23,175 - Short Sell 90.00 shares at 221.53 on 2024-10-14 15:30:00+00:00
2024-11-11 22:29:23,175 - Short Sell 90.00 shares at 221.83 on 2024-10-14 15:45:00+00:00
2024-11-11 22:29:23,175 - Short Sell 90.00 shares at 221.7 on 2024-10-14 16:00:00+00:00
2024-11-11 22:29:23,175 - Short Sell 90.00 shares at 221.82 on 2024-10-14 16:15:00+00:00
2024-11-11 22:29:23,175 - Short Sell 90.00 shares at 221.91 on 2024-10-14 16:30:00+00:00
2024-11-11 22:29:23,175 - Short Sell 90.00 shares at 222.1 on 2024-10-14 16:45:00+00:00
2024-11-11 22:29:23,175 - Short Sell 90.00 shares at 221.79 on 2024-10-14 17:00:00+00:00
2024-11-11 22:29:23,176 - Buy to cover -990.00 shares at 220.54 on 2024-10-14 18:45:00+00:00 (Exit: Profit_take, Profit: 1151.9999999999934, Duration: 285.0 minutes)
2024-11-11 22:29:23,176 - Short Sell 90.00 shares at 221.91 on 2024-10-14 19:15:00+00:00
2024-11-11 22:29:23,176 - Short Sell 90.00 shares at 222.21 on 2024-10-15 13:45:00+00:00
2024-11-11 22:29:23,176 - Short Sell 90.00 shares at 222.51 on 2024-10-15 14:00:00+00:00
2024-11-11 22:29:23,176 - Buy to cover -270.00 shares at 223.39 on 2024-10-15 14:15:00+00:00 (Exit: Stop_loss, Profit: -318.60000000000184, Duration: 1140.0 minutes)
2024-11-11 22:29:23,176 - Long Buy 90.00 shares at 221.45 on 2024-10-16 13:30:00+00:00
2024-11-11 22:29:23,176 - Long Buy 88.00 shares at 222.19 on 2024-10-16 13:45:00+00:00
2024-11-11 22:29:23,176 - Long Buy 86.00 shares at 222.0 on 2024-10-16 14:00:00+00:00
2024-11-11 22:29:23,176 - Long Buy 84.00 shares at 222.12 on 2024-10-16 14:15:00+00:00
2024-11-11 22:29:23,176 - Long Buy 83.00 shares at 222.03 on 2024-10-16 14:30:00+00:00
2024-11-11 22:29:23,176 - Long Buy 81.00 shares at 221.74 on 2024-10-16 14:45:00+00:00
2024-11-11 22:29:23,176 - Long Buy 80.00 shares at 221.17 on 2024-10-16 15:00:00+00:00
2024-11-11 22:29:23,176 - Long Buy 78.00 shares at 221.38 on 2024-10-16 15:15:00+00:00
2024-11-11 22:29:23,176 - Long Buy 77.00 shares at 221.3 on 2024-10-16 15:30:00+00:00
2024-11-11 22:29:23,176 - Long Buy 75.00 shares at 221.34 on 2024-10-16 15:45:00+00:00
2024-11-11 22:29:23,176 - Long Buy 74.00 shares at 221.21 on 2024-10-16 16:00:00+00:00
2024-11-11 22:29:23,176 - Long Buy 72.00 shares at 221.14 on 2024-10-16 16:15:00+00:00
2024-11-11 22:29:23,176 - Long Buy 71.00 shares at 221.01 on 2024-10-16 16:30:00+00:00
2024-11-11 22:29:23,176 - Long Buy 69.00 shares at 220.66 on 2024-10-16 16:45:00+00:00
2024-11-11 22:29:23,176 - Long Buy 68.00 shares at 220.27 on 2024-10-16 17:00:00+00:00
2024-11-11 22:29:23,176 - Long Buy 67.00 shares at 220.26 on 2024-10-16 17:15:00+00:00
2024-11-11 22:29:23,176 - Long Buy 66.00 shares at 220.08 on 2024-10-16 17:30:00+00:00
2024-11-11 22:29:23,177 - Sell to close 1309.00 shares at 219.9 on 2024-10-16 17:45:00+00:00 (Exit: Stop_loss, Profit: -1845.400000000065, Duration: 255.0 minutes)
2024-11-11 22:29:23,177 - Long Buy 91.00 shares at 219.58 on 2024-10-17 13:30:00+00:00
2024-11-11 22:29:23,177 - Long Buy 89.00 shares at 219.6 on 2024-10-17 14:15:00+00:00
2024-11-11 22:29:23,177 - Long Buy 87.00 shares at 219.43 on 2024-10-17 14:30:00+00:00
2024-11-11 22:29:23,177 - Long Buy 85.00 shares at 219.38 on 2024-10-17 14:45:00+00:00
2024-11-11 22:29:23,177 - Long Buy 84.00 shares at 218.37 on 2024-10-17 15:00:00+00:00
2024-11-11 22:29:23,177 - Long Buy 82.00 shares at 218.62 on 2024-10-17 15:15:00+00:00
2024-11-11 22:29:23,177 - Long Buy 81.00 shares at 218.43 on 2024-10-17 15:30:00+00:00
2024-11-11 22:29:23,177 - Long Buy 79.00 shares at 218.31 on 2024-10-17 15:45:00+00:00
2024-11-11 22:29:23,177 - Long Buy 78.00 shares at 218.22 on 2024-10-17 16:00:00+00:00
2024-11-11 22:29:23,177 - Long Buy 76.00 shares at 218.17 on 2024-10-17 16:15:00+00:00
2024-11-11 22:29:23,177 - Long Buy 74.00 shares at 218.24 on 2024-10-17 16:30:00+00:00
2024-11-11 22:29:23,177 - Long Buy 73.00 shares at 218.05 on 2024-10-17 16:45:00+00:00
2024-11-11 22:29:23,177 - Long Buy 72.00 shares at 217.98 on 2024-10-17 17:00:00+00:00
2024-11-11 22:29:23,177 - Sell to close 1051.00 shares at 217.59 on 2024-10-17 17:15:00+00:00 (Exit: Stop_loss, Profit: -1150.0900000000038, Duration: 225.0 minutes)
2024-11-11 22:29:23,177 - Short Sell 91.00 shares at 218.69 on 2024-10-18 13:30:00+00:00
2024-11-11 22:29:23,177 - Short Sell 91.00 shares at 219.02 on 2024-10-18 13:45:00+00:00
2024-11-11 22:29:23,177 - Short Sell 91.00 shares at 218.53 on 2024-10-18 14:00:00+00:00
2024-11-11 22:29:23,177 - Short Sell 91.00 shares at 218.48 on 2024-10-18 14:15:00+00:00
2024-11-11 22:29:23,177 - Short Sell 91.00 shares at 218.68 on 2024-10-18 14:45:00+00:00
2024-11-11 22:29:23,177 - Short Sell 91.00 shares at 218.53 on 2024-10-18 15:00:00+00:00
2024-11-11 22:29:23,177 - Short Sell 91.00 shares at 218.46 on 2024-10-18 17:00:00+00:00
2024-11-11 22:29:23,178 - Short Sell 91.00 shares at 218.46 on 2024-10-18 18:00:00+00:00
2024-11-11 22:29:23,178 - Short Sell 91.00 shares at 219.05 on 2024-10-18 18:15:00+00:00
2024-11-11 22:29:23,178 - Short Sell 91.00 shares at 218.78 on 2024-10-18 18:30:00+00:00
2024-11-11 22:29:23,178 - Short Sell 91.00 shares at 218.95 on 2024-10-18 18:45:00+00:00
2024-11-11 22:29:23,178 - Short Sell 91.00 shares at 218.53 on 2024-10-18 19:00:00+00:00
2024-11-11 22:29:23,178 - Short Sell 91.00 shares at 218.42 on 2024-10-18 19:30:00+00:00
2024-11-11 22:29:23,178 - Short Sell 91.00 shares at 219.07 on 2024-10-18 19:45:00+00:00
2024-11-11 22:29:23,178 - Short Sell 91.00 shares at 219.15 on 2024-10-21 13:30:00+00:00
2024-11-11 22:29:23,178 - Short Sell 91.00 shares at 219.26 on 2024-10-21 13:45:00+00:00
2024-11-11 22:29:23,178 - Short Sell 91.00 shares at 218.7 on 2024-10-21 14:00:00+00:00
2024-11-11 22:29:23,178 - Short Sell 91.00 shares at 218.68 on 2024-10-21 14:15:00+00:00
2024-11-11 22:29:23,178 - Short Sell 91.00 shares at 218.86 on 2024-10-21 14:30:00+00:00
2024-11-11 22:29:23,178 - Buy to cover -1729.00 shares at 217.92 on 2024-10-21 15:15:00+00:00 (Exit: Signal, Profit: 1439.6200000000538, Duration: 4425.0 minutes)
2024-11-11 22:29:23,178 - Short Sell 91.00 shares at 218.98 on 2024-10-21 16:00:00+00:00
2024-11-11 22:29:23,178 - Short Sell 91.00 shares at 219.23 on 2024-10-21 16:15:00+00:00
2024-11-11 22:29:23,178 - Short Sell 91.00 shares at 218.99 on 2024-10-21 16:30:00+00:00
2024-11-11 22:29:23,179 - Short Sell 91.00 shares at 218.92 on 2024-10-21 16:45:00+00:00
2024-11-11 22:29:23,179 - Short Sell 91.00 shares at 218.9 on 2024-10-21 17:00:00+00:00
2024-11-11 22:29:23,179 - Short Sell 91.00 shares at 218.78 on 2024-10-21 17:30:00+00:00
2024-11-11 22:29:23,179 - Short Sell 91.00 shares at 218.83 on 2024-10-21 17:45:00+00:00
2024-11-11 22:29:23,179 - Short Sell 91.00 shares at 219.03 on 2024-10-21 18:00:00+00:00
2024-11-11 22:29:23,179 - Short Sell 91.00 shares at 219.2 on 2024-10-21 18:15:00+00:00
2024-11-11 22:29:23,179 - Short Sell 91.00 shares at 219.0 on 2024-10-21 18:30:00+00:00
2024-11-11 22:29:23,179 - Short Sell 91.00 shares at 218.87 on 2024-10-21 19:00:00+00:00
2024-11-11 22:29:23,179 - Buy to cover -1001.00 shares at 217.58 on 2024-10-22 13:45:00+00:00 (Exit: Profit_take, Profit: 1396.8500000000383, Duration: 1305.0 minutes)
2024-11-11 22:29:23,179 - Short Sell 91.00 shares at 217.78 on 2024-10-22 14:00:00+00:00
2024-11-11 22:29:23,179 - Buy to cover -91.00 shares at 217.24 on 2024-10-22 14:15:00+00:00 (Exit: Signal, Profit: 49.139999999999276, Duration: 15.0 minutes)
2024-11-11 22:29:23,179 - Long Buy 92.00 shares at 216.8 on 2024-10-22 14:30:00+00:00
2024-11-11 22:29:23,179 - Long Buy 90.00 shares at 216.82 on 2024-10-22 14:45:00+00:00
2024-11-11 22:29:23,179 - Long Buy 88.00 shares at 216.94 on 2024-10-22 15:00:00+00:00
2024-11-11 22:29:23,179 - Long Buy 86.00 shares at 217.03 on 2024-10-22 15:15:00+00:00
2024-11-11 22:29:23,179 - Long Buy 85.00 shares at 216.74 on 2024-10-22 15:30:00+00:00
2024-11-11 22:29:23,179 - Long Buy 83.00 shares at 216.45 on 2024-10-22 15:45:00+00:00
2024-11-11 22:29:23,179 - Long Buy 81.00 shares at 216.59 on 2024-10-22 16:00:00+00:00
2024-11-11 22:29:23,179 - Long Buy 80.00 shares at 217.0 on 2024-10-22 16:30:00+00:00
2024-11-11 22:29:23,179 - Long Buy 78.00 shares at 216.78 on 2024-10-22 16:45:00+00:00
2024-11-11 22:29:23,179 - Long Buy 77.00 shares at 217.14 on 2024-10-22 17:00:00+00:00
2024-11-11 22:29:23,179 - Sell to close 840.00 shares at 217.96 on 2024-10-22 18:00:00+00:00 (Exit: Profit_take, Profit: 951.0399999999856, Duration: 210.0 minutes)
2024-11-11 22:29:23,179 - Short Sell 91.00 shares at 218.15 on 2024-10-22 18:15:00+00:00
2024-11-11 22:29:23,179 - Short Sell 91.00 shares at 218.08 on 2024-10-22 18:30:00+00:00
2024-11-11 22:29:23,180 - Buy to cover -182.00 shares at 216.92 on 2024-10-22 19:45:00+00:00 (Exit: Profit_take, Profit: 217.4900000000091, Duration: 90.0 minutes)
2024-11-11 22:29:23,180 - Long Buy 92.00 shares at 216.43 on 2024-10-23 15:00:00+00:00
2024-11-11 22:29:23,180 - Long Buy 90.00 shares at 216.43 on 2024-10-23 15:15:00+00:00
2024-11-11 22:29:23,180 - Long Buy 88.00 shares at 216.72 on 2024-10-23 15:30:00+00:00
2024-11-11 22:29:23,180 - Sell to close 270.00 shares at 217.46 on 2024-10-23 16:30:00+00:00 (Exit: Signal, Profit: 252.5799999999981, Duration: 90.0 minutes)
2024-11-11 22:29:23,180 - Short Sell 92.00 shares at 217.47 on 2024-10-23 16:45:00+00:00
2024-11-11 22:29:23,180 - Buy to cover -92.00 shares at 216.71 on 2024-10-23 17:15:00+00:00 (Exit: Signal, Profit: 69.92000000000178, Duration: 30.0 minutes)
2024-11-11 22:29:23,180 - Long Buy 92.00 shares at 216.47 on 2024-10-23 17:30:00+00:00
2024-11-11 22:29:23,180 - Long Buy 90.00 shares at 216.62 on 2024-10-23 17:45:00+00:00
2024-11-11 22:29:23,180 - Long Buy 89.00 shares at 216.38 on 2024-10-23 18:00:00+00:00
2024-11-11 22:29:23,180 - Long Buy 87.00 shares at 216.02 on 2024-10-23 18:15:00+00:00
2024-11-11 22:29:23,180 - Long Buy 85.00 shares at 216.71 on 2024-10-23 18:30:00+00:00
2024-11-11 22:29:23,180 - Long Buy 83.00 shares at 216.57 on 2024-10-23 18:45:00+00:00
2024-11-11 22:29:23,180 - Long Buy 82.00 shares at 216.1 on 2024-10-23 19:00:00+00:00
2024-11-11 22:29:23,180 - Long Buy 80.00 shares at 216.12 on 2024-10-23 19:15:00+00:00
2024-11-11 22:29:23,180 - Long Buy 79.00 shares at 216.24 on 2024-10-23 19:30:00+00:00
2024-11-11 22:29:23,180 - Long Buy 77.00 shares at 216.36 on 2024-10-23 19:45:00+00:00
2024-11-11 22:29:23,180 - Long Buy 76.00 shares at 214.79 on 2024-10-24 13:30:00+00:00
2024-11-11 22:29:23,180 - Sell to close 920.00 shares at 217.45 on 2024-10-24 14:45:00+00:00 (Exit: Profit_take, Profit: 1119.219999999965, Duration: 1275.0 minutes)
2024-11-11 22:29:23,180 - Long Buy 92.00 shares at 216.69 on 2024-10-24 16:00:00+00:00
2024-11-11 22:29:23,181 - Long Buy 90.00 shares at 216.88 on 2024-10-24 16:15:00+00:00
2024-11-11 22:29:23,181 - Long Buy 88.00 shares at 216.99 on 2024-10-24 16:30:00+00:00
2024-11-11 22:29:23,181 - Sell to close 270.00 shares at 217.56 on 2024-10-24 17:30:00+00:00 (Exit: Signal, Profit: 191.3999999999973, Duration: 90.0 minutes)
2024-11-11 22:29:23,181 - Long Buy 92.00 shares at 216.83 on 2024-10-24 17:45:00+00:00
2024-11-11 22:29:23,181 - Long Buy 90.00 shares at 216.87 on 2024-10-24 18:00:00+00:00
2024-11-11 22:29:23,181 - Long Buy 89.00 shares at 216.81 on 2024-10-24 18:30:00+00:00
2024-11-11 22:29:23,181 - Long Buy 87.00 shares at 216.34 on 2024-10-24 18:45:00+00:00
2024-11-11 22:29:23,181 - Long Buy 85.00 shares at 216.43 on 2024-10-24 19:00:00+00:00
2024-11-11 22:29:23,181 - Long Buy 83.00 shares at 216.5 on 2024-10-24 19:15:00+00:00
2024-11-11 22:29:23,181 - Long Buy 82.00 shares at 216.48 on 2024-10-25 14:15:00+00:00
2024-11-11 22:29:23,181 - Long Buy 80.00 shares at 216.51 on 2024-10-25 14:30:00+00:00
2024-11-11 22:29:23,181 - Long Buy 79.00 shares at 215.91 on 2024-10-25 14:45:00+00:00
2024-11-11 22:29:23,181 - Long Buy 77.00 shares at 215.62 on 2024-10-25 15:00:00+00:00
2024-11-11 22:29:23,181 - Sell to close 844.00 shares at 214.97 on 2024-10-25 15:15:00+00:00 (Exit: Stop_loss, Profit: -1247.4899999999834, Duration: 1290.0 minutes)
2024-11-11 22:29:23,181 - Short Sell 92.00 shares at 215.8 on 2024-10-28 13:30:00+00:00
2024-11-11 22:29:23,181 - Short Sell 92.00 shares at 215.84 on 2024-10-28 13:45:00+00:00
2024-11-11 22:29:23,181 - Short Sell 93.00 shares at 215.19 on 2024-10-28 14:00:00+00:00
2024-11-11 22:29:23,181 - Short Sell 93.00 shares at 214.83 on 2024-10-28 14:15:00+00:00
2024-11-11 22:29:23,181 - Buy to cover -370.00 shares at 214.28 on 2024-10-28 14:30:00+00:00 (Exit: Profit_take, Profit: 419.1399999999996, Duration: 60.0 minutes)
2024-11-11 22:29:23,181 - Long Buy 93.00 shares at 213.69 on 2024-10-28 14:45:00+00:00
2024-11-11 22:29:23,181 - Long Buy 92.00 shares at 213.39 on 2024-10-28 15:00:00+00:00
2024-11-11 22:29:23,182 - Long Buy 90.00 shares at 213.46 on 2024-10-28 15:15:00+00:00
2024-11-11 22:29:23,182 - Long Buy 88.00 shares at 213.03 on 2024-10-28 15:30:00+00:00
2024-11-11 22:29:23,182 - Long Buy 86.00 shares at 213.44 on 2024-10-28 15:45:00+00:00
2024-11-11 22:29:23,182 - Sell to close 449.00 shares at 214.53 on 2024-10-28 17:30:00+00:00 (Exit: Profit_take, Profit: 505.0400000000054, Duration: 165.0 minutes)
2024-11-11 22:29:23,182 - Short Sell 93.00 shares at 214.57 on 2024-10-28 18:00:00+00:00
2024-11-11 22:29:23,182 - Short Sell 93.00 shares at 215.07 on 2024-10-28 18:15:00+00:00
2024-11-11 22:29:23,182 - Short Sell 93.00 shares at 215.49 on 2024-10-28 18:30:00+00:00
2024-11-11 22:29:23,182 - Buy to cover -279.00 shares at 213.69 on 2024-10-28 19:45:00+00:00 (Exit: Profit_take, Profit: 377.57999999999754, Duration: 105.0 minutes)
2024-11-11 22:29:23,182 - Long Buy 94.00 shares at 213.33 on 2024-10-29 13:30:00+00:00
2024-11-11 22:29:23,182 - Long Buy 92.00 shares at 213.87 on 2024-10-29 13:45:00+00:00
2024-11-11 22:29:23,182 - Long Buy 90.00 shares at 213.41 on 2024-10-29 14:00:00+00:00
2024-11-11 22:29:23,182 - Long Buy 88.00 shares at 213.4 on 2024-10-29 14:15:00+00:00
2024-11-11 22:29:23,182 - Long Buy 86.00 shares at 213.48 on 2024-10-29 14:30:00+00:00
2024-11-11 22:29:23,182 - Long Buy 85.00 shares at 213.66 on 2024-10-29 14:45:00+00:00
2024-11-11 22:29:23,182 - Long Buy 83.00 shares at 213.54 on 2024-10-29 15:00:00+00:00
2024-11-11 22:29:23,182 - Long Buy 81.00 shares at 213.43 on 2024-10-29 15:15:00+00:00
2024-11-11 22:29:23,182 - Long Buy 80.00 shares at 213.36 on 2024-10-29 15:30:00+00:00
2024-11-11 22:29:23,182 - Long Buy 78.00 shares at 213.3 on 2024-10-29 15:45:00+00:00
2024-11-11 22:29:23,182 - Long Buy 76.00 shares at 213.86 on 2024-10-29 16:00:00+00:00
2024-11-11 22:29:23,182 - Long Buy 75.00 shares at 213.71 on 2024-10-29 17:15:00+00:00
2024-11-11 22:29:23,182 - Long Buy 73.00 shares at 213.62 on 2024-10-29 17:30:00+00:00
2024-11-11 22:29:23,182 - Long Buy 72.00 shares at 213.53 on 2024-10-29 18:00:00+00:00
2024-11-11 22:29:23,183 - Long Buy 70.00 shares at 213.8 on 2024-10-29 19:00:00+00:00
2024-11-11 22:29:23,183 - Long Buy 69.00 shares at 213.19 on 2024-10-29 19:30:00+00:00
2024-11-11 22:29:23,183 - Long Buy 68.00 shares at 212.77 on 2024-10-29 19:45:00+00:00
2024-11-11 22:29:23,183 - Long Buy 66.00 shares at 213.71 on 2024-10-30 13:30:00+00:00
2024-11-11 22:29:23,183 - Sell to close 1426.00 shares at 215.3 on 2024-10-30 13:45:00+00:00 (Exit: Profit_take, Profit: 2565.0500000000106, Duration: 1455.0 minutes)
2024-11-11 22:29:23,183 - Short Sell 93.00 shares at 215.2 on 2024-10-30 14:00:00+00:00
2024-11-11 22:29:23,183 - Short Sell 93.00 shares at 214.99 on 2024-10-30 14:15:00+00:00
2024-11-11 22:29:23,183 - Short Sell 93.00 shares at 214.54 on 2024-10-30 14:30:00+00:00
2024-11-11 22:29:23,183 - Buy to cover -279.00 shares at 213.78 on 2024-10-30 15:00:00+00:00 (Exit: Profit_take, Profit: 315.26999999999873, Duration: 60.0 minutes)
2024-11-11 22:29:23,183 - Long Buy 94.00 shares at 213.52 on 2024-10-30 15:15:00+00:00
2024-11-11 22:29:23,183 - Long Buy 92.00 shares at 213.56 on 2024-10-30 15:30:00+00:00
2024-11-11 22:29:23,183 - Long Buy 90.00 shares at 213.48 on 2024-10-30 15:45:00+00:00
2024-11-11 22:29:23,183 - Long Buy 89.00 shares at 213.04 on 2024-10-30 16:45:00+00:00
2024-11-11 22:29:23,183 - Long Buy 87.00 shares at 213.19 on 2024-10-30 17:00:00+00:00
2024-11-11 22:29:23,183 - Long Buy 85.00 shares at 213.49 on 2024-10-30 17:15:00+00:00
2024-11-11 22:29:23,183 - Long Buy 83.00 shares at 213.42 on 2024-10-30 17:45:00+00:00
2024-11-11 22:29:23,183 - Long Buy 82.00 shares at 213.14 on 2024-10-30 19:15:00+00:00
2024-11-11 22:29:23,183 - Long Buy 80.00 shares at 212.81 on 2024-10-30 19:30:00+00:00
2024-11-11 22:29:23,183 - Long Buy 79.00 shares at 212.49 on 2024-10-30 19:45:00+00:00
2024-11-11 22:29:23,183 - Long Buy 77.00 shares at 211.6 on 2024-10-31 13:30:00+00:00
2024-11-11 22:29:23,183 - Sell to close 938.00 shares at 211.5 on 2024-10-31 13:45:00+00:00 (Exit: Stop_loss, Profit: -1495.3900000000112, Duration: 1350.0 minutes)
2024-11-11 22:29:23,184 - Long Buy 95.00 shares at 210.95 on 2024-11-01 13:30:00+00:00
2024-11-11 22:29:23,184 - Long Buy 93.00 shares at 211.65 on 2024-11-01 13:45:00+00:00
2024-11-11 22:29:23,184 - Long Buy 91.00 shares at 211.43 on 2024-11-01 14:00:00+00:00
2024-11-11 22:29:23,184 - Long Buy 89.00 shares at 211.68 on 2024-11-01 14:15:00+00:00
2024-11-11 22:29:23,184 - Sell to close 368.00 shares at 211.73 on 2024-11-01 14:30:00+00:00 (Exit: Signal, Profit: 113.28999999998905, Duration: 60.0 minutes)
2024-11-11 22:29:23,184 - Short Sell 94.00 shares at 211.97 on 2024-11-01 14:45:00+00:00
2024-11-11 22:29:23,184 - Short Sell 94.00 shares at 212.11 on 2024-11-01 15:00:00+00:00
2024-11-11 22:29:23,184 - Short Sell 94.00 shares at 212.01 on 2024-11-01 15:30:00+00:00
2024-11-11 22:29:23,184 - Buy to cover -282.00 shares at 211.27 on 2024-11-01 16:15:00+00:00 (Exit: Signal, Profit: 214.32000000000545, Duration: 90.0 minutes)
2024-11-11 22:29:23,184 - Long Buy 95.00 shares at 210.93 on 2024-11-01 16:30:00+00:00
2024-11-11 22:29:23,184 - Long Buy 93.00 shares at 210.72 on 2024-11-01 16:45:00+00:00
2024-11-11 22:29:23,184 - Long Buy 91.00 shares at 210.59 on 2024-11-01 17:00:00+00:00
2024-11-11 22:29:23,184 - Long Buy 89.00 shares at 210.67 on 2024-11-01 17:15:00+00:00
2024-11-11 22:29:23,184 - Long Buy 88.00 shares at 210.11 on 2024-11-01 17:30:00+00:00
2024-11-11 22:29:23,184 - Long Buy 86.00 shares at 210.19 on 2024-11-01 17:45:00+00:00
2024-11-11 22:29:23,184 - Long Buy 84.00 shares at 209.89 on 2024-11-01 18:00:00+00:00
2024-11-11 22:29:23,184 - Long Buy 83.00 shares at 210.16 on 2024-11-01 18:15:00+00:00
2024-11-11 22:29:23,184 - Long Buy 81.00 shares at 210.62 on 2024-11-01 18:30:00+00:00
2024-11-11 22:29:23,184 - Long Buy 79.00 shares at 210.44 on 2024-11-01 18:45:00+00:00
2024-11-11 22:29:23,184 - Long Buy 78.00 shares at 210.31 on 2024-11-01 19:00:00+00:00
2024-11-11 22:29:23,184 - Long Buy 76.00 shares at 210.3 on 2024-11-01 19:15:00+00:00
2024-11-11 22:29:23,184 - Long Buy 75.00 shares at 210.53 on 2024-11-01 19:30:00+00:00
2024-11-11 22:29:23,184 - Long Buy 73.00 shares at 210.2 on 2024-11-01 19:45:00+00:00
2024-11-11 22:29:23,184 - Long Buy 72.00 shares at 210.99 on 2024-11-04 14:30:00+00:00
2024-11-11 22:29:23,184 - Long Buy 70.00 shares at 210.85 on 2024-11-04 14:45:00+00:00
2024-11-11 22:29:23,184 - Long Buy 69.00 shares at 210.94 on 2024-11-04 15:00:00+00:00
2024-11-11 22:29:23,184 - Long Buy 67.00 shares at 210.48 on 2024-11-04 15:15:00+00:00
2024-11-11 22:29:23,184 - Long Buy 66.00 shares at 209.9 on 2024-11-04 15:30:00+00:00
2024-11-11 22:29:23,185 - Long Buy 65.00 shares at 209.93 on 2024-11-04 15:45:00+00:00
2024-11-11 22:29:23,185 - Long Buy 64.00 shares at 210.21 on 2024-11-04 16:00:00+00:00
2024-11-11 22:29:23,185 - Long Buy 62.00 shares at 210.03 on 2024-11-04 16:15:00+00:00
2024-11-11 22:29:23,185 - Sell to close 1706.00 shares at 210.04 on 2024-11-04 16:30:00+00:00 (Exit: Signal, Profit: -648.7100000000156, Duration: 4320.0 minutes)
2024-11-11 22:29:23,185 - Long Buy 95.00 shares at 209.89 on 2024-11-04 16:45:00+00:00
2024-11-11 22:29:23,185 - Sell to close 95.00 shares at 210.81 on 2024-11-04 17:15:00+00:00 (Exit: Signal, Profit: 87.40000000000151, Duration: 30.0 minutes)
2024-11-11 22:29:23,185 - Short Sell 95.00 shares at 210.8 on 2024-11-04 17:30:00+00:00
2024-11-11 22:29:23,185 - Short Sell 95.00 shares at 210.55 on 2024-11-04 17:45:00+00:00
2024-11-11 22:29:23,185 - Short Sell 95.00 shares at 210.41 on 2024-11-04 18:00:00+00:00
2024-11-11 22:29:23,185 - Short Sell 95.00 shares at 210.36 on 2024-11-04 18:15:00+00:00
2024-11-11 22:29:23,185 - Buy to cover -380.00 shares at 209.44 on 2024-11-04 20:00:00+00:00 (Exit: Profit_take, Profit: 414.1999999999905, Duration: 150.0 minutes)
2024-11-11 22:29:23,185 - Long Buy 96.00 shares at 209.48 on 2024-11-04 20:15:00+00:00
2024-11-11 22:29:23,185 - Long Buy 94.00 shares at 209.25 on 2024-11-04 20:30:00+00:00
2024-11-11 22:29:23,185 - Sell to close 190.00 shares at 211.57 on 2024-11-05 14:30:00+00:00 (Exit: Profit_take, Profit: 418.7199999999973, Duration: 1095.0 minutes)
2024-11-11 22:29:23,185 - Short Sell 94.00 shares at 213.83 on 2024-11-05 14:45:00+00:00
2024-11-11 22:29:23,185 - Short Sell 93.00 shares at 214.59 on 2024-11-05 15:00:00+00:00
2024-11-11 22:29:23,185 - Short Sell 93.00 shares at 215.64 on 2024-11-05 15:15:00+00:00
2024-11-11 22:29:23,185 - Short Sell 93.00 shares at 215.08 on 2024-11-05 15:30:00+00:00
2024-11-11 22:29:23,185 - Short Sell 93.00 shares at 215.74 on 2024-11-05 15:45:00+00:00
2024-11-11 22:29:23,185 - Buy to cover -466.00 shares at 216.52 on 2024-11-05 16:00:00+00:00 (Exit: Stop_loss, Profit: -720.649999999998, Duration: 75.0 minutes)
2024-11-11 22:29:23,186 - Short Sell 91.00 shares at 218.99 on 2024-11-06 14:30:00+00:00
2024-11-11 22:29:23,186 - Short Sell 91.00 shares at 218.73 on 2024-11-06 14:45:00+00:00
2024-11-11 22:29:23,186 - Short Sell 92.00 shares at 218.05 on 2024-11-06 15:00:00+00:00
2024-11-11 22:29:23,186 - Short Sell 92.00 shares at 218.43 on 2024-11-06 15:15:00+00:00
2024-11-11 22:29:23,186 - Buy to cover -366.00 shares at 216.47 on 2024-11-06 15:30:00+00:00 (Exit: Profit_take, Profit: 760.6600000000132, Duration: 60.0 minutes)
2024-11-11 22:29:23,186 - Short Sell 92.00 shares at 217.06 on 2024-11-06 15:45:00+00:00
2024-11-11 22:29:23,186 - Short Sell 92.00 shares at 217.09 on 2024-11-06 16:00:00+00:00
2024-11-11 22:29:23,186 - Short Sell 92.00 shares at 217.52 on 2024-11-06 16:15:00+00:00
2024-11-11 22:29:23,186 - Short Sell 92.00 shares at 217.13 on 2024-11-06 16:30:00+00:00
2024-11-11 22:29:23,186 - Short Sell 92.00 shares at 217.53 on 2024-11-06 16:45:00+00:00
2024-11-11 22:29:23,186 - Short Sell 92.00 shares at 217.37 on 2024-11-06 17:00:00+00:00
2024-11-11 22:29:23,186 - Short Sell 92.00 shares at 217.24 on 2024-11-06 17:15:00+00:00
2024-11-11 22:29:23,186 - Short Sell 92.00 shares at 217.25 on 2024-11-06 17:30:00+00:00
2024-11-11 22:29:23,186 - Short Sell 92.00 shares at 217.23 on 2024-11-06 17:45:00+00:00
2024-11-11 22:29:23,186 - Short Sell 92.00 shares at 217.48 on 2024-11-06 18:00:00+00:00
2024-11-11 22:29:23,186 - Short Sell 92.00 shares at 217.73 on 2024-11-06 18:15:00+00:00
2024-11-11 22:29:23,186 - Buy to cover -1012.00 shares at 217.47 on 2024-11-06 18:30:00+00:00 (Exit: Signal, Profit: -141.68000000001496, Duration: 165.0 minutes)
2024-11-11 22:29:23,186 - Long Buy 92.00 shares at 217.44 on 2024-11-06 18:45:00+00:00
2024-11-11 22:29:23,186 - Long Buy 90.00 shares at 217.4 on 2024-11-06 19:00:00+00:00
2024-11-11 22:29:23,186 - Long Buy 88.00 shares at 217.37 on 2024-11-06 19:15:00+00:00
2024-11-11 22:29:23,186 - Long Buy 87.00 shares at 217.34 on 2024-11-06 19:30:00+00:00
2024-11-11 22:29:23,186 - Long Buy 85.00 shares at 217.1 on 2024-11-06 19:45:00+00:00
2024-11-11 22:29:23,186 - Sell to close 442.00 shares at 218.47 on 2024-11-06 20:15:00+00:00 (Exit: Profit_take, Profit: 502.62000000000285, Duration: 90.0 minutes)
2024-11-11 22:29:23,186 - Short Sell 92.00 shares at 218.42 on 2024-11-06 20:30:00+00:00
2024-11-11 22:29:23,186 - Short Sell 91.00 shares at 219.32 on 2024-11-06 20:45:00+00:00
2024-11-11 22:29:23,186 - Short Sell 91.00 shares at 219.06 on 2024-11-07 14:30:00+00:00
2024-11-11 22:29:23,186 - Short Sell 91.00 shares at 219.92 on 2024-11-07 14:45:00+00:00
2024-11-11 22:29:23,186 - Short Sell 91.00 shares at 220.55 on 2024-11-07 15:00:00+00:00
2024-11-11 22:29:23,186 - Short Sell 91.00 shares at 219.8 on 2024-11-07 15:15:00+00:00
2024-11-11 22:29:23,187 - Short Sell 91.00 shares at 220.28 on 2024-11-07 15:30:00+00:00
2024-11-11 22:29:23,187 - Short Sell 91.00 shares at 219.77 on 2024-11-07 15:45:00+00:00
2024-11-11 22:29:23,187 - Short Sell 91.00 shares at 219.61 on 2024-11-07 16:00:00+00:00
2024-11-11 22:29:23,187 - Short Sell 91.00 shares at 220.05 on 2024-11-07 16:15:00+00:00
2024-11-11 22:29:23,187 - Short Sell 91.00 shares at 220.2 on 2024-11-07 16:30:00+00:00
2024-11-11 22:29:23,187 - Short Sell 91.00 shares at 220.27 on 2024-11-07 16:45:00+00:00
2024-11-11 22:29:23,187 - Buy to cover -1093.00 shares at 220.98 on 2024-11-07 17:00:00+00:00 (Exit: Stop_loss, Profit: -1322.969999999974, Duration: 1230.0 minutes)
2024-11-11 22:29:23,187 - Short Sell 90.00 shares at 223.2 on 2024-11-08 14:30:00+00:00
2024-11-11 22:29:23,187 - Short Sell 89.00 shares at 223.99 on 2024-11-08 14:45:00+00:00
2024-11-11 22:29:23,187 - Short Sell 89.00 shares at 224.72 on 2024-11-08 15:00:00+00:00
2024-11-11 22:29:23,187 - Short Sell 89.00 shares at 225.24 on 2024-11-08 15:15:00+00:00
2024-11-11 22:29:23,187 - Buy to cover -357.00 shares at 225.84 on 2024-11-08 15:30:00+00:00 (Exit: Stop_loss, Profit: -555.3299999999994, Duration: 60.0 minutes)
2024-11-11 22:29:23,189 - Final statisticsStock: BR, 
total_trades: 33, 
winning_trades: 23, 
losing_trades: 10, 
average_return: 0.0020790408912330733, 
average_duration: 652.7272727272727, 
final_balance: 1004920.8300000002, 
final_portfolio_value: 1004920.8300000002, 
sharpe_ratio: 7.679510448183869, 



