2024-11-11 19:59:34,446 - Starting GBMStrategy with initial capital: 1000000
2024-11-11 19:59:34,446 - Hyperparameters: {'threshold': 1.5, 'time_periods': 30, 'num_simulations': 150}
2024-11-11 20:01:18,054 - Short Sell 229.00 shares at 87.15 on 2024-10-11 14:30:00+00:00
2024-11-11 20:01:18,054 - Short Sell 229.00 shares at 87.25 on 2024-10-11 14:45:00+00:00
2024-11-11 20:01:18,055 - Buy to cover -458.00 shares at 86.89 on 2024-10-11 15:15:00+00:00 (Exit: Signal, Profit: 141.98000000000755, Duration: 45.0 minutes)
2024-11-11 20:01:18,055 - Long Buy 230.00 shares at 86.91 on 2024-10-11 15:30:00+00:00
2024-11-11 20:01:18,055 - Long Buy 225.00 shares at 86.92 on 2024-10-11 15:45:00+00:00
2024-11-11 20:01:18,055 - Long Buy 221.00 shares at 86.84 on 2024-10-11 16:00:00+00:00
2024-11-11 20:01:18,055 - Long Buy 216.00 shares at 86.87 on 2024-10-11 16:15:00+00:00
2024-11-11 20:01:18,055 - Long Buy 212.00 shares at 86.72 on 2024-10-11 16:30:00+00:00
2024-11-11 20:01:18,055 - Long Buy 208.00 shares at 86.7 on 2024-10-11 16:45:00+00:00
2024-11-11 20:01:18,055 - Long Buy 204.00 shares at 86.74 on 2024-10-11 17:00:00+00:00
2024-11-11 20:01:18,055 - Long Buy 200.00 shares at 86.7 on 2024-10-11 17:15:00+00:00
2024-11-11 20:01:18,055 - Long Buy 196.00 shares at 86.8 on 2024-10-11 17:30:00+00:00
2024-11-11 20:01:18,055 - Long Buy 192.00 shares at 86.77 on 2024-10-11 17:45:00+00:00
2024-11-11 20:01:18,055 - Long Buy 188.00 shares at 86.83 on 2024-10-11 18:00:00+00:00
2024-11-11 20:01:18,056 - Long Buy 184.00 shares at 86.78 on 2024-10-11 18:15:00+00:00
2024-11-11 20:01:18,056 - Long Buy 180.00 shares at 86.86 on 2024-10-11 18:30:00+00:00
2024-11-11 20:01:18,056 - Long Buy 177.00 shares at 86.88 on 2024-10-11 18:45:00+00:00
2024-11-11 20:01:18,056 - Long Buy 173.00 shares at 86.91 on 2024-10-11 19:15:00+00:00
2024-11-11 20:01:18,056 - Long Buy 170.00 shares at 86.84 on 2024-10-11 19:30:00+00:00
2024-11-11 20:01:18,056 - Sell to close 3176.00 shares at 87.26 on 2024-10-14 13:45:00+00:00 (Exit: Profit_take, Profit: 1407.7100000000678, Duration: 4215.0 minutes)
2024-11-11 20:01:18,056 - Short Sell 229.00 shares at 87.45 on 2024-10-14 14:15:00+00:00
2024-11-11 20:01:18,056 - Short Sell 228.00 shares at 87.53 on 2024-10-14 14:30:00+00:00
2024-11-11 20:01:18,056 - Short Sell 228.00 shares at 87.59 on 2024-10-14 14:45:00+00:00
2024-11-11 20:01:18,056 - Short Sell 228.00 shares at 87.76 on 2024-10-14 15:00:00+00:00
2024-11-11 20:01:18,056 - Short Sell 228.00 shares at 87.67 on 2024-10-14 15:15:00+00:00
2024-11-11 20:01:18,056 - Buy to cover -1141.00 shares at 87.53 on 2024-10-14 15:30:00+00:00 (Exit: Signal, Profit: 79.7200000000129, Duration: 75.0 minutes)
2024-11-11 20:01:18,056 - Long Buy 229.00 shares at 87.38 on 2024-10-14 15:45:00+00:00
2024-11-11 20:01:18,056 - Long Buy 225.00 shares at 87.15 on 2024-10-14 16:00:00+00:00
2024-11-11 20:01:18,056 - Long Buy 221.00 shares at 86.95 on 2024-10-14 16:15:00+00:00
2024-11-11 20:01:18,056 - Long Buy 216.00 shares at 87.09 on 2024-10-14 16:30:00+00:00
2024-11-11 20:01:18,056 - Long Buy 211.00 shares at 87.22 on 2024-10-14 16:45:00+00:00
2024-11-11 20:01:18,056 - Long Buy 207.00 shares at 87.21 on 2024-10-14 17:00:00+00:00
2024-11-11 20:01:18,056 - Long Buy 203.00 shares at 87.34 on 2024-10-14 17:15:00+00:00
2024-11-11 20:01:18,056 - Long Buy 199.00 shares at 87.29 on 2024-10-14 17:30:00+00:00
2024-11-11 20:01:18,057 - Long Buy 195.00 shares at 87.27 on 2024-10-14 17:45:00+00:00
2024-11-11 20:01:18,057 - Long Buy 191.00 shares at 87.3 on 2024-10-14 18:00:00+00:00
2024-11-11 20:01:18,057 - Long Buy 187.00 shares at 87.34 on 2024-10-14 18:15:00+00:00
2024-11-11 20:01:18,057 - Long Buy 183.00 shares at 87.34 on 2024-10-14 18:30:00+00:00
2024-11-11 20:01:18,057 - Long Buy 180.00 shares at 87.34 on 2024-10-14 18:45:00+00:00
2024-11-11 20:01:18,057 - Long Buy 176.00 shares at 87.39 on 2024-10-14 19:00:00+00:00
2024-11-11 20:01:18,057 - Long Buy 172.00 shares at 87.41 on 2024-10-14 19:30:00+00:00
2024-11-11 20:01:18,057 - Sell to close 2995.00 shares at 87.93 on 2024-10-15 13:30:00+00:00 (Exit: Profit_take, Profit: 2003.4600000000269, Duration: 1305.0 minutes)
2024-11-11 20:01:18,057 - Long Buy 230.00 shares at 87.14 on 2024-10-15 14:00:00+00:00
2024-11-11 20:01:18,057 - Long Buy 225.00 shares at 87.34 on 2024-10-15 14:15:00+00:00
2024-11-11 20:01:18,057 - Long Buy 220.00 shares at 87.32 on 2024-10-15 14:30:00+00:00
2024-11-11 20:01:18,057 - Long Buy 217.00 shares at 87.04 on 2024-10-15 14:45:00+00:00
2024-11-11 20:01:18,057 - Long Buy 212.00 shares at 87.09 on 2024-10-15 15:00:00+00:00
2024-11-11 20:01:18,057 - Long Buy 208.00 shares at 87.21 on 2024-10-15 15:15:00+00:00
2024-11-11 20:01:18,057 - Long Buy 203.00 shares at 87.19 on 2024-10-15 15:30:00+00:00
2024-11-11 20:01:18,057 - Long Buy 200.00 shares at 87.13 on 2024-10-15 15:45:00+00:00
2024-11-11 20:01:18,057 - Long Buy 196.00 shares at 87.07 on 2024-10-15 16:00:00+00:00
2024-11-11 20:01:18,057 - Long Buy 192.00 shares at 87.08 on 2024-10-15 16:15:00+00:00
2024-11-11 20:01:18,057 - Long Buy 189.00 shares at 86.72 on 2024-10-15 16:30:00+00:00
2024-11-11 20:01:18,057 - Long Buy 185.00 shares at 86.79 on 2024-10-15 16:45:00+00:00
2024-11-11 20:01:18,057 - Long Buy 181.00 shares at 86.9 on 2024-10-15 17:00:00+00:00
2024-11-11 20:01:18,057 - Long Buy 177.00 shares at 86.95 on 2024-10-15 18:00:00+00:00
2024-11-11 20:01:18,057 - Long Buy 174.00 shares at 86.84 on 2024-10-15 18:15:00+00:00
2024-11-11 20:01:18,058 - Long Buy 171.00 shares at 86.69 on 2024-10-15 18:30:00+00:00
2024-11-11 20:01:18,058 - Long Buy 167.00 shares at 86.63 on 2024-10-15 18:45:00+00:00
2024-11-11 20:01:18,058 - Long Buy 164.00 shares at 86.55 on 2024-10-15 19:00:00+00:00
2024-11-11 20:01:18,058 - Long Buy 160.00 shares at 86.76 on 2024-10-15 19:15:00+00:00
2024-11-11 20:01:18,058 - Long Buy 157.00 shares at 86.67 on 2024-10-15 19:30:00+00:00
2024-11-11 20:01:18,058 - Long Buy 154.00 shares at 86.78 on 2024-10-15 19:45:00+00:00
2024-11-11 20:01:18,058 - Sell to close 3982.00 shares at 87.01 on 2024-10-16 17:30:00+00:00 (Exit: Signal, Profit: 154.88000000004516, Duration: 1650.0 minutes)
2024-11-11 20:01:18,058 - Short Sell 230.00 shares at 87.16 on 2024-10-16 17:45:00+00:00
2024-11-11 20:01:18,058 - Short Sell 230.00 shares at 87.14 on 2024-10-16 18:00:00+00:00
2024-11-11 20:01:18,058 - Short Sell 230.00 shares at 87.26 on 2024-10-16 18:15:00+00:00
2024-11-11 20:01:18,058 - Short Sell 230.00 shares at 87.28 on 2024-10-16 18:30:00+00:00
2024-11-11 20:01:18,058 - Short Sell 230.00 shares at 87.16 on 2024-10-16 18:45:00+00:00
2024-11-11 20:01:18,058 - Short Sell 230.00 shares at 87.11 on 2024-10-16 19:00:00+00:00
2024-11-11 20:01:18,058 - Short Sell 230.00 shares at 87.19 on 2024-10-16 19:15:00+00:00
2024-11-11 20:01:18,058 - Short Sell 230.00 shares at 87.19 on 2024-10-16 19:30:00+00:00
2024-11-11 20:01:18,058 - Short Sell 230.00 shares at 87.14 on 2024-10-17 13:30:00+00:00
2024-11-11 20:01:18,058 - Short Sell 230.00 shares at 87.22 on 2024-10-17 13:45:00+00:00
2024-11-11 20:01:18,059 - Short Sell 230.00 shares at 87.12 on 2024-10-17 14:00:00+00:00
2024-11-11 20:01:18,059 - Short Sell 230.00 shares at 87.17 on 2024-10-17 15:00:00+00:00
2024-11-11 20:01:18,059 - Short Sell 230.00 shares at 87.2 on 2024-10-17 15:30:00+00:00
2024-11-11 20:01:18,059 - Short Sell 230.00 shares at 87.21 on 2024-10-17 15:45:00+00:00
2024-11-11 20:01:18,059 - Short Sell 231.00 shares at 86.79 on 2024-10-17 18:30:00+00:00
2024-11-11 20:01:18,059 - Buy to cover -3451.00 shares at 86.69 on 2024-10-17 18:45:00+00:00 (Exit: Profit_take, Profit: 1607.800000000042, Duration: 1500.0 minutes)
2024-11-11 20:01:18,059 - Long Buy 232.00 shares at 86.61 on 2024-10-17 19:00:00+00:00
2024-11-11 20:01:18,059 - Long Buy 227.00 shares at 86.54 on 2024-10-17 19:15:00+00:00
2024-11-11 20:01:18,059 - Long Buy 223.00 shares at 86.58 on 2024-10-17 19:30:00+00:00
2024-11-11 20:01:18,059 - Long Buy 219.00 shares at 86.42 on 2024-10-17 19:45:00+00:00
2024-11-11 20:01:18,059 - Sell to close 901.00 shares at 87.21 on 2024-10-18 13:30:00+00:00 (Exit: Profit_take, Profit: 604.789999999994, Duration: 1110.0 minutes)
2024-11-11 20:01:18,059 - Short Sell 230.00 shares at 87.37 on 2024-10-18 13:45:00+00:00
2024-11-11 20:01:18,059 - Short Sell 228.00 shares at 87.95 on 2024-10-18 14:00:00+00:00
2024-11-11 20:01:18,059 - Short Sell 229.00 shares at 87.84 on 2024-10-18 14:15:00+00:00
2024-11-11 20:01:18,059 - Short Sell 228.00 shares at 87.92 on 2024-10-18 14:30:00+00:00
2024-11-11 20:01:18,059 - Short Sell 229.00 shares at 87.78 on 2024-10-18 14:45:00+00:00
2024-11-11 20:01:18,059 - Short Sell 229.00 shares at 87.83 on 2024-10-18 15:00:00+00:00
2024-11-11 20:01:18,060 - Short Sell 228.00 shares at 87.88 on 2024-10-18 15:15:00+00:00
2024-11-11 20:01:18,060 - Short Sell 228.00 shares at 88.08 on 2024-10-18 15:30:00+00:00
2024-11-11 20:01:18,060 - Short Sell 228.00 shares at 88.18 on 2024-10-18 15:45:00+00:00
2024-11-11 20:01:18,060 - Buy to cover -2057.00 shares at 88.37 on 2024-10-18 16:00:00+00:00 (Exit: Stop_loss, Profit: -1029.6599999999883, Duration: 135.0 minutes)
2024-11-11 20:01:18,060 - Long Buy 227.00 shares at 88.35 on 2024-10-21 13:30:00+00:00
2024-11-11 20:01:18,060 - Long Buy 223.00 shares at 88.18 on 2024-10-21 13:45:00+00:00
2024-11-11 20:01:18,060 - Sell to close 450.00 shares at 88.65 on 2024-10-21 14:00:00+00:00 (Exit: Signal, Profit: 172.91000000000807, Duration: 30.0 minutes)
2024-11-11 20:01:18,060 - Short Sell 226.00 shares at 88.58 on 2024-10-21 14:15:00+00:00
2024-11-11 20:01:18,060 - Short Sell 226.00 shares at 88.64 on 2024-10-21 14:30:00+00:00
2024-11-11 20:01:18,060 - Short Sell 226.00 shares at 88.75 on 2024-10-21 14:45:00+00:00
2024-11-11 20:01:18,060 - Buy to cover -678.00 shares at 88.2 on 2024-10-21 15:00:00+00:00 (Exit: Profit_take, Profit: 309.61999999999784, Duration: 45.0 minutes)
2024-11-11 20:01:18,060 - Long Buy 228.00 shares at 88.14 on 2024-10-21 15:15:00+00:00
2024-11-11 20:01:18,060 - Long Buy 223.00 shares at 88.23 on 2024-10-21 18:30:00+00:00
2024-11-11 20:01:18,061 - Long Buy 219.00 shares at 88.04 on 2024-10-21 19:30:00+00:00
2024-11-11 20:01:18,061 - Long Buy 214.00 shares at 88.07 on 2024-10-21 19:45:00+00:00
2024-11-11 20:01:18,061 - Long Buy 211.00 shares at 87.75 on 2024-10-22 13:30:00+00:00
2024-11-11 20:01:18,061 - Long Buy 206.00 shares at 87.97 on 2024-10-22 13:45:00+00:00
2024-11-11 20:01:18,061 - Long Buy 202.00 shares at 87.9 on 2024-10-22 14:00:00+00:00
2024-11-11 20:01:18,061 - Long Buy 198.00 shares at 87.77 on 2024-10-22 14:15:00+00:00
2024-11-11 20:01:18,061 - Long Buy 195.00 shares at 87.67 on 2024-10-22 14:30:00+00:00
2024-11-11 20:01:18,061 - Sell to close 1896.00 shares at 88.13 on 2024-10-22 15:00:00+00:00 (Exit: Signal, Profit: 328.5500000000095, Duration: 1425.0 minutes)
2024-11-11 20:01:18,061 - Short Sell 227.00 shares at 88.25 on 2024-10-22 15:15:00+00:00
2024-11-11 20:01:18,061 - Short Sell 227.00 shares at 88.23 on 2024-10-22 15:30:00+00:00
2024-11-11 20:01:18,061 - Short Sell 228.00 shares at 88.13 on 2024-10-22 15:45:00+00:00
2024-11-11 20:01:18,061 - Short Sell 227.00 shares at 88.26 on 2024-10-22 16:00:00+00:00
2024-11-11 20:01:18,061 - Short Sell 227.00 shares at 88.26 on 2024-10-22 16:15:00+00:00
2024-11-11 20:01:18,061 - Short Sell 228.00 shares at 88.19 on 2024-10-22 16:30:00+00:00
2024-11-11 20:01:18,061 - Short Sell 228.00 shares at 88.14 on 2024-10-22 16:45:00+00:00
2024-11-11 20:01:18,061 - Short Sell 228.00 shares at 88.17 on 2024-10-22 17:00:00+00:00
2024-11-11 20:01:18,061 - Short Sell 227.00 shares at 88.28 on 2024-10-22 17:15:00+00:00
2024-11-11 20:01:18,061 - Short Sell 227.00 shares at 88.33 on 2024-10-22 17:30:00+00:00
2024-11-11 20:01:18,061 - Short Sell 227.00 shares at 88.38 on 2024-10-22 17:45:00+00:00
2024-11-11 20:01:18,061 - Short Sell 228.00 shares at 88.15 on 2024-10-22 18:00:00+00:00
2024-11-11 20:01:18,062 - Buy to cover -2729.00 shares at 84.9 on 2024-10-23 13:30:00+00:00 (Exit: Profit_take, Profit: 9089.470000000014, Duration: 1335.0 minutes)
2024-11-11 20:01:18,062 - Long Buy 240.00 shares at 84.31 on 2024-10-23 13:45:00+00:00
2024-11-11 20:01:18,062 - Long Buy 237.00 shares at 83.75 on 2024-10-23 14:00:00+00:00
2024-11-11 20:01:18,062 - Long Buy 231.00 shares at 84.05 on 2024-10-23 14:15:00+00:00
2024-11-11 20:01:18,062 - Long Buy 227.00 shares at 84.07 on 2024-10-23 14:30:00+00:00
2024-11-11 20:01:18,062 - Long Buy 223.00 shares at 83.83 on 2024-10-23 14:45:00+00:00
2024-11-11 20:01:18,062 - Long Buy 219.00 shares at 83.73 on 2024-10-23 15:00:00+00:00
2024-11-11 20:01:18,062 - Sell to close 1377.00 shares at 84.17 on 2024-10-23 15:30:00+00:00 (Exit: Signal, Profit: 288.54000000001804, Duration: 105.0 minutes)
2024-11-11 20:01:18,062 - Short Sell 240.00 shares at 84.36 on 2024-10-23 15:45:00+00:00
2024-11-11 20:01:18,062 - Buy to cover -240.00 shares at 85.48 on 2024-10-23 16:00:00+00:00 (Exit: Stop_loss, Profit: -268.8000000000011, Duration: 15.0 minutes)
2024-11-11 20:01:18,062 - Short Sell 230.00 shares at 87.9 on 2024-10-24 13:30:00+00:00
2024-11-11 20:01:18,062 - Short Sell 231.00 shares at 87.77 on 2024-10-24 13:45:00+00:00
2024-11-11 20:01:18,062 - Buy to cover -461.00 shares at 87.03 on 2024-10-24 14:00:00+00:00 (Exit: Profit_take, Profit: 371.03999999999235, Duration: 30.0 minutes)
2024-11-11 20:01:18,062 - Short Sell 235.00 shares at 86.1 on 2024-10-24 14:15:00+00:00
2024-11-11 20:01:18,062 - Short Sell 235.00 shares at 86.19 on 2024-10-24 14:30:00+00:00
2024-11-11 20:01:18,062 - Short Sell 235.00 shares at 86.35 on 2024-10-24 14:45:00+00:00
2024-11-11 20:01:18,062 - Short Sell 235.00 shares at 86.23 on 2024-10-24 15:00:00+00:00
2024-11-11 20:01:18,063 - Short Sell 236.00 shares at 85.88 on 2024-10-24 15:15:00+00:00
2024-11-11 20:01:18,063 - Short Sell 236.00 shares at 85.76 on 2024-10-24 15:30:00+00:00
2024-11-11 20:01:18,063 - Short Sell 236.00 shares at 85.89 on 2024-10-24 15:45:00+00:00
2024-11-11 20:01:18,063 - Buy to cover -1648.00 shares at 85.84 on 2024-10-24 16:00:00+00:00 (Exit: Signal, Profit: 357.2100000000278, Duration: 105.0 minutes)
2024-11-11 20:01:18,063 - Long Buy 237.00 shares at 85.7 on 2024-10-24 16:15:00+00:00
2024-11-11 20:01:18,063 - Long Buy 232.00 shares at 85.65 on 2024-10-24 17:15:00+00:00
2024-11-11 20:01:18,063 - Long Buy 227.00 shares at 85.59 on 2024-10-24 17:30:00+00:00
2024-11-11 20:01:18,063 - Long Buy 223.00 shares at 85.54 on 2024-10-24 19:15:00+00:00
2024-11-11 20:01:18,063 - Long Buy 219.00 shares at 85.45 on 2024-10-24 19:30:00+00:00
2024-11-11 20:01:18,063 - Long Buy 215.00 shares at 85.12 on 2024-10-24 19:45:00+00:00
2024-11-11 20:01:18,063 - Sell to close 1353.00 shares at 84.52 on 2024-10-25 13:30:00+00:00 (Exit: Stop_loss, Profit: -1344.8400000000074, Duration: 1275.0 minutes)
2024-11-11 20:01:18,063 - Short Sell 237.00 shares at 85.5 on 2024-10-28 13:30:00+00:00
2024-11-11 20:01:18,063 - Short Sell 237.00 shares at 85.34 on 2024-10-28 13:45:00+00:00
2024-11-11 20:01:18,064 - Short Sell 238.00 shares at 85.1 on 2024-10-28 14:00:00+00:00
2024-11-11 20:01:18,064 - Short Sell 238.00 shares at 85.03 on 2024-10-28 14:15:00+00:00
2024-11-11 20:01:18,064 - Short Sell 238.00 shares at 84.96 on 2024-10-28 14:30:00+00:00
2024-11-11 20:01:18,064 - Short Sell 238.00 shares at 85.11 on 2024-10-28 14:45:00+00:00
2024-11-11 20:01:18,064 - Short Sell 238.00 shares at 85.0 on 2024-10-28 15:00:00+00:00
2024-11-11 20:01:18,064 - Short Sell 239.00 shares at 84.88 on 2024-10-28 15:15:00+00:00
2024-11-11 20:01:18,064 - Buy to cover -1903.00 shares at 84.67 on 2024-10-28 15:30:00+00:00 (Exit: Profit_take, Profit: 845.9899999999858, Duration: 120.0 minutes)
2024-11-11 20:01:18,064 - Short Sell 239.00 shares at 84.93 on 2024-10-28 15:45:00+00:00
2024-11-11 20:01:18,064 - Short Sell 239.00 shares at 84.92 on 2024-10-28 16:00:00+00:00
2024-11-11 20:01:18,064 - Short Sell 239.00 shares at 84.94 on 2024-10-28 16:15:00+00:00
2024-11-11 20:01:18,064 - Short Sell 239.00 shares at 84.92 on 2024-10-28 16:30:00+00:00
2024-11-11 20:01:18,064 - Short Sell 239.00 shares at 84.91 on 2024-10-28 18:00:00+00:00
2024-11-11 20:01:18,064 - Short Sell 239.00 shares at 84.94 on 2024-10-28 18:15:00+00:00
2024-11-11 20:01:18,064 - Buy to cover -1434.00 shares at 84.53 on 2024-10-29 13:30:00+00:00 (Exit: Signal, Profit: 568.8199999999921, Duration: 1305.0 minutes)
2024-11-11 20:01:18,065 - Long Buy 239.00 shares at 84.86 on 2024-10-29 19:00:00+00:00
2024-11-11 20:01:18,065 - Long Buy 234.00 shares at 84.8 on 2024-10-29 19:15:00+00:00
2024-11-11 20:01:18,065 - Long Buy 230.00 shares at 84.78 on 2024-10-29 19:30:00+00:00
2024-11-11 20:01:18,065 - Long Buy 226.00 shares at 84.56 on 2024-10-29 19:45:00+00:00
2024-11-11 20:01:18,065 - Sell to close 929.00 shares at 83.8 on 2024-10-30 13:30:00+00:00 (Exit: Stop_loss, Profit: -884.5000000000147, Duration: 1110.0 minutes)
2024-11-11 20:01:18,065 - Short Sell 240.00 shares at 84.48 on 2024-10-31 13:30:00+00:00
2024-11-11 20:01:18,065 - Short Sell 238.00 shares at 85.23 on 2024-10-31 13:45:00+00:00
2024-11-11 20:01:18,065 - Short Sell 239.00 shares at 84.81 on 2024-10-31 14:00:00+00:00
2024-11-11 20:01:18,065 - Buy to cover -717.00 shares at 84.34 on 2024-10-31 14:15:00+00:00 (Exit: Profit_take, Profit: 357.7499999999917, Duration: 45.0 minutes)
2024-11-11 20:01:18,065 - Short Sell 240.00 shares at 84.36 on 2024-10-31 14:30:00+00:00
2024-11-11 20:01:18,065 - Short Sell 240.00 shares at 84.36 on 2024-10-31 14:45:00+00:00
2024-11-11 20:01:18,066 - Buy to cover -480.00 shares at 83.66 on 2024-10-31 15:15:00+00:00 (Exit: Profit_take, Profit: 336.00000000000136, Duration: 45.0 minutes)
2024-11-11 20:01:18,066 - Long Buy 242.00 shares at 83.76 on 2024-10-31 15:45:00+00:00
2024-11-11 20:01:18,066 - Sell to close 242.00 shares at 84.21 on 2024-10-31 17:15:00+00:00 (Exit: Profit_take, Profit: 108.89999999999725, Duration: 90.0 minutes)
2024-11-11 20:01:18,066 - Short Sell 240.00 shares at 84.44 on 2024-10-31 17:30:00+00:00
2024-11-11 20:01:18,066 - Short Sell 240.00 shares at 84.47 on 2024-10-31 17:45:00+00:00
2024-11-11 20:01:18,066 - Short Sell 240.00 shares at 84.49 on 2024-10-31 18:00:00+00:00
2024-11-11 20:01:18,066 - Short Sell 239.00 shares at 84.63 on 2024-10-31 18:15:00+00:00
2024-11-11 20:01:18,066 - Short Sell 239.00 shares at 84.68 on 2024-10-31 18:30:00+00:00
2024-11-11 20:01:18,066 - Short Sell 240.00 shares at 84.56 on 2024-10-31 18:45:00+00:00
2024-11-11 20:01:18,066 - Short Sell 240.00 shares at 84.37 on 2024-10-31 19:00:00+00:00
2024-11-11 20:01:18,066 - Buy to cover -1678.00 shares at 83.93 on 2024-10-31 19:30:00+00:00 (Exit: Profit_take, Profit: 989.7500000000243, Duration: 120.0 minutes)
2024-11-11 20:01:18,066 - Short Sell 240.00 shares at 84.6 on 2024-11-01 13:30:00+00:00
2024-11-11 20:01:18,066 - Short Sell 240.00 shares at 84.47 on 2024-11-01 14:00:00+00:00
2024-11-11 20:01:18,066 - Short Sell 240.00 shares at 84.48 on 2024-11-01 14:15:00+00:00
2024-11-11 20:01:18,066 - Buy to cover -720.00 shares at 84.25 on 2024-11-01 14:30:00+00:00 (Exit: Signal, Profit: 191.99999999999932, Duration: 60.0 minutes)
2024-11-11 20:01:18,066 - Long Buy 241.00 shares at 84.22 on 2024-11-01 14:45:00+00:00
2024-11-11 20:01:18,066 - Long Buy 236.00 shares at 84.23 on 2024-11-01 15:00:00+00:00
2024-11-11 20:01:18,067 - Long Buy 232.00 shares at 84.16 on 2024-11-01 15:15:00+00:00
2024-11-11 20:01:18,067 - Long Buy 227.00 shares at 84.05 on 2024-11-01 15:30:00+00:00
2024-11-11 20:01:18,067 - Long Buy 223.00 shares at 84.09 on 2024-11-01 15:45:00+00:00
2024-11-11 20:01:18,067 - Long Buy 219.00 shares at 83.87 on 2024-11-01 16:00:00+00:00
2024-11-11 20:01:18,067 - Long Buy 215.00 shares at 83.75 on 2024-11-01 16:15:00+00:00
2024-11-11 20:01:18,067 - Long Buy 211.00 shares at 83.68 on 2024-11-01 16:30:00+00:00
2024-11-11 20:01:18,067 - Long Buy 206.00 shares at 83.79 on 2024-11-01 16:45:00+00:00
2024-11-11 20:01:18,067 - Long Buy 202.00 shares at 83.78 on 2024-11-01 17:00:00+00:00
2024-11-11 20:01:18,067 - Long Buy 198.00 shares at 83.76 on 2024-11-01 17:15:00+00:00
2024-11-11 20:01:18,067 - Long Buy 194.00 shares at 83.71 on 2024-11-01 17:30:00+00:00
2024-11-11 20:01:18,067 - Long Buy 190.00 shares at 83.73 on 2024-11-01 17:45:00+00:00
2024-11-11 20:01:18,067 - Long Buy 187.00 shares at 83.65 on 2024-11-01 18:00:00+00:00
2024-11-11 20:01:18,067 - Long Buy 183.00 shares at 83.72 on 2024-11-01 18:15:00+00:00
2024-11-11 20:01:18,067 - Long Buy 179.00 shares at 83.81 on 2024-11-01 18:30:00+00:00
2024-11-11 20:01:18,067 - Long Buy 175.00 shares at 83.81 on 2024-11-01 18:45:00+00:00
2024-11-11 20:01:18,067 - Long Buy 171.00 shares at 83.96 on 2024-11-01 19:00:00+00:00
2024-11-11 20:01:18,067 - Long Buy 168.00 shares at 83.9 on 2024-11-01 19:15:00+00:00
2024-11-11 20:01:18,067 - Long Buy 165.00 shares at 83.86 on 2024-11-01 19:30:00+00:00
2024-11-11 20:01:18,067 - Long Buy 162.00 shares at 83.63 on 2024-11-01 19:45:00+00:00
2024-11-11 20:01:18,067 - Sell to close 4184.00 shares at 84.8 on 2024-11-04 14:30:00+00:00 (Exit: Profit_take, Profit: 3854.5100000000025, Duration: 4305.0 minutes)
2024-11-11 20:01:18,067 - Short Sell 240.00 shares at 84.98 on 2024-11-04 14:45:00+00:00
2024-11-11 20:01:18,067 - Short Sell 239.00 shares at 85.24 on 2024-11-04 15:00:00+00:00
2024-11-11 20:01:18,067 - Buy to cover -479.00 shares at 84.5 on 2024-11-04 15:15:00+00:00 (Exit: Profit_take, Profit: 292.05999999999466, Duration: 30.0 minutes)
2024-11-11 20:01:18,068 - Long Buy 243.00 shares at 83.92 on 2024-11-04 16:30:00+00:00
2024-11-11 20:01:18,068 - Long Buy 238.00 shares at 83.92 on 2024-11-04 16:45:00+00:00
2024-11-11 20:01:18,068 - Long Buy 234.00 shares at 83.78 on 2024-11-04 17:00:00+00:00
2024-11-11 20:01:18,068 - Sell to close 715.00 shares at 84.34 on 2024-11-04 17:30:00+00:00 (Exit: Profit_take, Profit: 333.05999999999784, Duration: 60.0 minutes)
2024-11-11 20:01:18,068 - Short Sell 242.00 shares at 84.37 on 2024-11-04 17:45:00+00:00
2024-11-11 20:01:18,068 - Short Sell 241.00 shares at 84.47 on 2024-11-04 18:00:00+00:00
2024-11-11 20:01:18,068 - Short Sell 241.00 shares at 84.5 on 2024-11-04 18:15:00+00:00
2024-11-11 20:01:18,068 - Short Sell 241.00 shares at 84.51 on 2024-11-04 18:30:00+00:00
2024-11-11 20:01:18,068 - Short Sell 241.00 shares at 84.58 on 2024-11-04 18:45:00+00:00
2024-11-11 20:01:18,068 - Short Sell 240.00 shares at 84.73 on 2024-11-04 19:00:00+00:00
2024-11-11 20:01:18,068 - Short Sell 241.00 shares at 84.56 on 2024-11-04 19:15:00+00:00
2024-11-11 20:01:18,068 - Short Sell 241.00 shares at 84.48 on 2024-11-04 19:30:00+00:00
2024-11-11 20:01:18,068 - Short Sell 241.00 shares at 84.54 on 2024-11-04 19:45:00+00:00
2024-11-11 20:01:18,068 - Short Sell 241.00 shares at 84.46 on 2024-11-04 20:00:00+00:00
2024-11-11 20:01:18,068 - Short Sell 242.00 shares at 84.4 on 2024-11-04 20:15:00+00:00
2024-11-11 20:01:18,068 - Short Sell 241.00 shares at 84.49 on 2024-11-04 20:30:00+00:00
2024-11-11 20:01:18,068 - Short Sell 240.00 shares at 84.73 on 2024-11-04 20:45:00+00:00
2024-11-11 20:01:18,068 - Short Sell 242.00 shares at 84.4 on 2024-11-05 14:30:00+00:00
2024-11-11 20:01:18,068 - Short Sell 240.00 shares at 84.85 on 2024-11-05 14:45:00+00:00
2024-11-11 20:01:18,068 - Short Sell 240.00 shares at 84.84 on 2024-11-05 15:00:00+00:00
2024-11-11 20:01:18,068 - Short Sell 240.00 shares at 84.81 on 2024-11-05 15:15:00+00:00
2024-11-11 20:01:18,068 - Short Sell 240.00 shares at 84.94 on 2024-11-05 15:30:00+00:00
2024-11-11 20:01:18,068 - Short Sell 240.00 shares at 84.88 on 2024-11-05 15:45:00+00:00
2024-11-11 20:01:18,068 - Short Sell 239.00 shares at 85.08 on 2024-11-05 16:00:00+00:00
2024-11-11 20:01:18,068 - Short Sell 239.00 shares at 85.2 on 2024-11-05 16:15:00+00:00
2024-11-11 20:01:18,068 - Short Sell 239.00 shares at 85.05 on 2024-11-05 16:30:00+00:00
2024-11-11 20:01:18,069 - Short Sell 240.00 shares at 84.97 on 2024-11-05 16:45:00+00:00
2024-11-11 20:01:18,069 - Short Sell 239.00 shares at 85.2 on 2024-11-05 17:00:00+00:00
2024-11-11 20:01:18,069 - Short Sell 239.00 shares at 85.15 on 2024-11-05 17:15:00+00:00
2024-11-11 20:01:18,069 - Buy to cover -6010.00 shares at 85.35 on 2024-11-05 17:30:00+00:00 (Exit: Stop_loss, Profit: -3746.6500000000324, Duration: 1425.0 minutes)
2024-11-11 20:01:18,069 - Short Sell 235.00 shares at 86.54 on 2024-11-06 14:30:00+00:00
2024-11-11 20:01:18,069 - Buy to cover -235.00 shares at 85.93 on 2024-11-06 14:45:00+00:00 (Exit: Profit_take, Profit: 143.34999999999985, Duration: 15.0 minutes)
2024-11-11 20:01:18,069 - Short Sell 237.00 shares at 85.56 on 2024-11-06 15:15:00+00:00
2024-11-11 20:01:18,069 - Short Sell 237.00 shares at 85.63 on 2024-11-06 15:30:00+00:00
2024-11-11 20:01:18,069 - Short Sell 237.00 shares at 85.72 on 2024-11-06 15:45:00+00:00
2024-11-11 20:01:18,069 - Short Sell 236.00 shares at 86.08 on 2024-11-06 16:00:00+00:00
2024-11-11 20:01:18,069 - Buy to cover -947.00 shares at 86.5 on 2024-11-06 16:15:00+00:00 (Exit: Stop_loss, Profit: -712.9499999999977, Duration: 60.0 minutes)
2024-11-11 20:01:18,069 - Long Buy 235.00 shares at 86.27 on 2024-11-07 15:00:00+00:00
2024-11-11 20:01:18,069 - Long Buy 230.00 shares at 86.57 on 2024-11-07 15:15:00+00:00
2024-11-11 20:01:18,070 - Long Buy 225.00 shares at 86.57 on 2024-11-07 16:15:00+00:00
2024-11-11 20:01:18,070 - Long Buy 221.00 shares at 86.53 on 2024-11-07 16:30:00+00:00
2024-11-11 20:01:18,070 - Sell to close 911.00 shares at 86.95 on 2024-11-07 17:30:00+00:00 (Exit: Profit_take, Profit: 425.51999999999236, Duration: 150.0 minutes)
2024-11-11 20:01:18,070 - Long Buy 234.00 shares at 86.94 on 2024-11-07 19:30:00+00:00
2024-11-11 20:01:18,070 - Sell to close 234.00 shares at 87.15 on 2024-11-07 20:30:00+00:00 (Exit: Signal, Profit: 49.14000000000186, Duration: 60.0 minutes)
2024-11-11 20:01:18,070 - Short Sell 231.00 shares at 87.8 on 2024-11-08 14:30:00+00:00
2024-11-11 20:01:18,070 - Short Sell 231.00 shares at 88.06 on 2024-11-08 14:45:00+00:00
2024-11-11 20:01:18,070 - Short Sell 230.00 shares at 88.28 on 2024-11-08 15:00:00+00:00
2024-11-11 20:01:18,070 - Short Sell 230.00 shares at 88.15 on 2024-11-08 15:15:00+00:00
2024-11-11 20:01:18,070 - Short Sell 230.00 shares at 88.37 on 2024-11-08 15:30:00+00:00
2024-11-11 20:01:18,070 - Short Sell 230.00 shares at 88.44 on 2024-11-08 15:45:00+00:00
2024-11-11 20:01:18,070 - Short Sell 229.00 shares at 88.55 on 2024-11-08 16:00:00+00:00
2024-11-11 20:01:18,070 - Short Sell 229.00 shares at 88.64 on 2024-11-08 16:15:00+00:00
2024-11-11 20:01:18,070 - Buy to cover -1840.00 shares at 88.69 on 2024-11-08 16:30:00+00:00 (Exit: Stop_loss, Profit: -744.2300000000046, Duration: 120.0 minutes)
2024-11-11 20:01:18,073 - Final statisticsStock: BSX, 
total_trades: 34, 
winning_trades: 27, 
losing_trades: 7, 
average_return: 0.003225610767459645, 
average_duration: 691.7647058823529, 
final_balance: 1016682.8999999996, 
final_portfolio_value: 1016682.8999999996, 
sharpe_ratio: 2.447742181618329, 



