2024-11-11 19:32:16,862 - Starting GBMStrategy with initial capital: 1000000
2024-11-11 19:32:16,862 - Hyperparameters: {'threshold': 1.5, 'time_periods': 30, 'num_simulations': 150}
2024-11-11 19:33:26,476 - Long Buy 76.00 shares at 261.0 on 2024-10-11 14:30:00+00:00
2024-11-11 19:33:26,477 - Long Buy 75.00 shares at 260.65 on 2024-10-11 14:45:00+00:00
2024-11-11 19:33:26,478 - Sell to close 151.00 shares at 262.05 on 2024-10-11 15:00:00+00:00 (Exit: Signal, Profit: 184.7999999999999, Duration: 30.0 minutes)
2024-11-11 19:33:26,478 - Short Sell 76.00 shares at 262.77 on 2024-10-11 17:00:00+00:00
2024-11-11 19:33:26,478 - Short Sell 76.00 shares at 263.1 on 2024-10-11 17:15:00+00:00
2024-11-11 19:33:26,478 - Short Sell 75.00 shares at 263.44 on 2024-10-11 17:30:00+00:00
2024-11-11 19:33:26,478 - Short Sell 76.00 shares at 262.94 on 2024-10-11 17:45:00+00:00
2024-11-11 19:33:26,478 - Short Sell 76.00 shares at 262.98 on 2024-10-11 18:00:00+00:00
2024-11-11 19:33:26,478 - Short Sell 76.00 shares at 263.18 on 2024-10-11 18:15:00+00:00
2024-11-11 19:33:26,478 - Short Sell 76.00 shares at 263.02 on 2024-10-11 18:30:00+00:00
2024-11-11 19:33:26,478 - Short Sell 76.00 shares at 262.97 on 2024-10-11 18:45:00+00:00
2024-11-11 19:33:26,478 - Short Sell 75.00 shares at 263.5 on 2024-10-11 19:00:00+00:00
2024-11-11 19:33:26,478 - Short Sell 75.00 shares at 263.32 on 2024-10-11 19:30:00+00:00
2024-11-11 19:33:26,478 - Buy to cover -757.00 shares at 266.22 on 2024-10-11 19:45:00+00:00 (Exit: Stop_loss, Profit: -2346.0799999999863, Duration: 165.0 minutes)
2024-11-11 19:33:26,478 - Short Sell 74.00 shares at 269.04 on 2024-10-14 13:30:00+00:00
2024-11-11 19:33:26,478 - Short Sell 73.00 shares at 271.19 on 2024-10-14 13:45:00+00:00
2024-11-11 19:33:26,478 - Short Sell 74.00 shares at 269.36 on 2024-10-14 14:00:00+00:00
2024-11-11 19:33:26,478 - Short Sell 73.00 shares at 270.3 on 2024-10-14 14:15:00+00:00
2024-11-11 19:33:26,478 - Short Sell 73.00 shares at 270.74 on 2024-10-14 14:30:00+00:00
2024-11-11 19:33:26,478 - Short Sell 74.00 shares at 268.96 on 2024-10-14 14:45:00+00:00
2024-11-11 19:33:26,478 - Short Sell 74.00 shares at 268.76 on 2024-10-14 15:00:00+00:00
2024-11-11 19:33:26,478 - Buy to cover -515.00 shares at 267.9 on 2024-10-14 15:15:00+00:00 (Exit: Profit_take, Profit: 957.1699999999822, Duration: 105.0 minutes)
2024-11-11 19:33:26,478 - Short Sell 74.00 shares at 268.47 on 2024-10-14 15:30:00+00:00
2024-11-11 19:33:26,478 - Short Sell 74.00 shares at 268.78 on 2024-10-14 15:45:00+00:00
2024-11-11 19:33:26,479 - Short Sell 74.00 shares at 269.27 on 2024-10-14 16:00:00+00:00
2024-11-11 19:33:26,479 - Short Sell 73.00 shares at 270.39 on 2024-10-14 16:15:00+00:00
2024-11-11 19:33:26,479 - Short Sell 73.00 shares at 270.74 on 2024-10-14 16:30:00+00:00
2024-11-11 19:33:26,479 - Buy to cover -368.00 shares at 271.95 on 2024-10-14 16:45:00+00:00 (Exit: Stop_loss, Profit: -892.6299999999883, Duration: 75.0 minutes)
2024-11-11 19:33:26,479 - Long Buy 75.00 shares at 265.81 on 2024-10-15 13:30:00+00:00
2024-11-11 19:33:26,479 - Long Buy 73.00 shares at 265.53 on 2024-10-15 13:45:00+00:00
2024-11-11 19:33:26,479 - Long Buy 72.00 shares at 265.06 on 2024-10-15 14:15:00+00:00
2024-11-11 19:33:26,479 - Long Buy 71.00 shares at 264.47 on 2024-10-15 14:30:00+00:00
2024-11-11 19:33:26,479 - Long Buy 69.00 shares at 263.94 on 2024-10-15 14:45:00+00:00
2024-11-11 19:33:26,479 - Long Buy 68.00 shares at 263.94 on 2024-10-15 15:00:00+00:00
2024-11-11 19:33:26,479 - Long Buy 66.00 shares at 264.65 on 2024-10-15 15:15:00+00:00
2024-11-11 19:33:26,479 - Long Buy 65.00 shares at 264.27 on 2024-10-15 15:30:00+00:00
2024-11-11 19:33:26,479 - Long Buy 64.00 shares at 265.57 on 2024-10-15 15:45:00+00:00
2024-11-11 19:33:26,479 - Sell to close 623.00 shares at 266.5 on 2024-10-15 16:00:00+00:00 (Exit: Profit_take, Profit: 1047.6600000000158, Duration: 150.0 minutes)
2024-11-11 19:33:26,479 - Short Sell 74.00 shares at 268.11 on 2024-10-15 16:30:00+00:00
2024-11-11 19:33:26,479 - Short Sell 74.00 shares at 267.19 on 2024-10-15 16:45:00+00:00
2024-11-11 19:33:26,479 - Short Sell 74.00 shares at 267.42 on 2024-10-15 17:00:00+00:00
2024-11-11 19:33:26,479 - Short Sell 74.00 shares at 267.65 on 2024-10-15 17:15:00+00:00
2024-11-11 19:33:26,479 - Short Sell 74.00 shares at 268.23 on 2024-10-15 17:30:00+00:00
2024-11-11 19:33:26,479 - Buy to cover -370.00 shares at 266.14 on 2024-10-15 18:00:00+00:00 (Exit: Profit_take, Profit: 584.6000000000151, Duration: 90.0 minutes)
2024-11-11 19:33:26,479 - Long Buy 75.00 shares at 265.13 on 2024-10-15 19:15:00+00:00
2024-11-11 19:33:26,479 - Sell to close 75.00 shares at 267.38 on 2024-10-16 13:45:00+00:00 (Exit: Profit_take, Profit: 168.75, Duration: 1110.0 minutes)
2024-11-11 19:33:26,480 - Short Sell 74.00 shares at 269.25 on 2024-10-16 14:00:00+00:00
2024-11-11 19:33:26,480 - Short Sell 73.00 shares at 270.34 on 2024-10-16 14:15:00+00:00
2024-11-11 19:33:26,480 - Short Sell 73.00 shares at 270.63 on 2024-10-16 14:30:00+00:00
2024-11-11 19:33:26,480 - Buy to cover -220.00 shares at 273.75 on 2024-10-16 14:45:00+00:00 (Exit: Stop_loss, Profit: -809.6900000000039, Duration: 45.0 minutes)
2024-11-11 19:33:26,480 - Short Sell 71.00 shares at 279.02 on 2024-10-17 13:30:00+00:00
2024-11-11 19:33:26,480 - Buy to cover -71.00 shares at 275.83 on 2024-10-17 13:45:00+00:00 (Exit: Profit_take, Profit: 226.48999999999984, Duration: 15.0 minutes)
2024-11-11 19:33:26,480 - Short Sell 71.00 shares at 278.99 on 2024-10-17 14:00:00+00:00
2024-11-11 19:33:26,480 - Short Sell 71.00 shares at 280.89 on 2024-10-17 14:15:00+00:00
2024-11-11 19:33:26,480 - Short Sell 71.00 shares at 281.0 on 2024-10-17 14:30:00+00:00
2024-11-11 19:33:26,480 - Short Sell 70.00 shares at 281.57 on 2024-10-17 14:45:00+00:00
2024-11-11 19:33:26,480 - Short Sell 71.00 shares at 280.63 on 2024-10-17 15:00:00+00:00
2024-11-11 19:33:26,480 - Short Sell 71.00 shares at 280.5 on 2024-10-17 15:15:00+00:00
2024-11-11 19:33:26,480 - Short Sell 71.00 shares at 280.23 on 2024-10-17 15:30:00+00:00
2024-11-11 19:33:26,480 - Buy to cover -496.00 shares at 282.33 on 2024-10-17 15:45:00+00:00 (Exit: Stop_loss, Profit: -886.739999999997, Duration: 105.0 minutes)
2024-11-11 19:33:26,480 - Long Buy 73.00 shares at 270.86 on 2024-10-18 13:30:00+00:00
2024-11-11 19:33:26,480 - Long Buy 72.00 shares at 269.57 on 2024-10-18 13:45:00+00:00
2024-11-11 19:33:26,480 - Long Buy 70.00 shares at 270.98 on 2024-10-18 14:00:00+00:00
2024-11-11 19:33:26,480 - Long Buy 69.00 shares at 270.68 on 2024-10-18 14:15:00+00:00
2024-11-11 19:33:26,480 - Long Buy 68.00 shares at 270.57 on 2024-10-18 14:30:00+00:00
2024-11-11 19:33:26,480 - Long Buy 67.00 shares at 268.82 on 2024-10-18 14:45:00+00:00
2024-11-11 19:33:26,480 - Long Buy 65.00 shares at 270.21 on 2024-10-18 15:00:00+00:00
2024-11-11 19:33:26,480 - Long Buy 64.00 shares at 270.6 on 2024-10-18 15:15:00+00:00
2024-11-11 19:33:26,481 - Long Buy 62.00 shares at 270.95 on 2024-10-18 15:30:00+00:00
2024-11-11 19:33:26,481 - Long Buy 61.00 shares at 271.18 on 2024-10-18 15:45:00+00:00
2024-11-11 19:33:26,481 - Long Buy 60.00 shares at 269.84 on 2024-10-18 16:00:00+00:00
2024-11-11 19:33:26,481 - Long Buy 59.00 shares at 269.93 on 2024-10-18 16:15:00+00:00
2024-11-11 19:33:26,481 - Long Buy 58.00 shares at 269.77 on 2024-10-18 16:30:00+00:00
2024-11-11 19:33:26,481 - Long Buy 56.00 shares at 269.88 on 2024-10-18 16:45:00+00:00
2024-11-11 19:33:26,481 - Long Buy 55.00 shares at 270.48 on 2024-10-18 17:00:00+00:00
2024-11-11 19:33:26,481 - Long Buy 54.00 shares at 269.75 on 2024-10-18 17:15:00+00:00
2024-11-11 19:33:26,481 - Long Buy 53.00 shares at 269.41 on 2024-10-18 17:30:00+00:00
2024-11-11 19:33:26,481 - Long Buy 52.00 shares at 269.91 on 2024-10-18 17:45:00+00:00
2024-11-11 19:33:26,481 - Long Buy 51.00 shares at 270.53 on 2024-10-18 18:00:00+00:00
2024-11-11 19:33:26,481 - Long Buy 50.00 shares at 271.11 on 2024-10-18 18:15:00+00:00
2024-11-11 19:33:26,481 - Long Buy 49.00 shares at 270.63 on 2024-10-18 18:30:00+00:00
2024-11-11 19:33:26,481 - Long Buy 48.00 shares at 271.08 on 2024-10-18 18:45:00+00:00
2024-11-11 19:33:26,481 - Sell to close 1316.00 shares at 271.72 on 2024-10-18 19:00:00+00:00 (Exit: Profit_take, Profit: 1865.1499999999733, Duration: 330.0 minutes)
2024-11-11 19:33:26,481 - Long Buy 73.00 shares at 271.86 on 2024-10-18 19:15:00+00:00
2024-11-11 19:33:26,481 - Long Buy 72.00 shares at 271.63 on 2024-10-18 19:30:00+00:00
2024-11-11 19:33:26,481 - Long Buy 71.00 shares at 270.03 on 2024-10-18 19:45:00+00:00
2024-11-11 19:33:26,481 - Long Buy 69.00 shares at 271.08 on 2024-10-21 13:45:00+00:00
2024-11-11 19:33:26,481 - Sell to close 285.00 shares at 272.62 on 2024-10-21 14:00:00+00:00 (Exit: Profit_take, Profit: 416.9100000000057, Duration: 4005.0 minutes)
2024-11-11 19:33:26,481 - Long Buy 73.00 shares at 271.08 on 2024-10-21 14:15:00+00:00
2024-11-11 19:33:26,481 - Sell to close 73.00 shares at 273.38 on 2024-10-21 15:00:00+00:00 (Exit: Profit_take, Profit: 167.90000000000083, Duration: 45.0 minutes)
2024-11-11 19:33:26,482 - Long Buy 74.00 shares at 268.55 on 2024-10-22 13:30:00+00:00
2024-11-11 19:33:26,482 - Sell to close 74.00 shares at 270.73 on 2024-10-22 13:45:00+00:00 (Exit: Profit_take, Profit: 161.3200000000005, Duration: 15.0 minutes)
2024-11-11 19:33:26,482 - Short Sell 73.00 shares at 271.16 on 2024-10-22 14:00:00+00:00
2024-11-11 19:33:26,482 - Buy to cover -73.00 shares at 266.79 on 2024-10-22 14:15:00+00:00 (Exit: Profit_take, Profit: 319.01000000000033, Duration: 15.0 minutes)
2024-11-11 19:33:26,482 - Long Buy 74.00 shares at 267.86 on 2024-10-22 14:30:00+00:00
2024-11-11 19:33:26,482 - Long Buy 73.00 shares at 268.7 on 2024-10-22 14:45:00+00:00
2024-11-11 19:33:26,482 - Long Buy 71.00 shares at 268.71 on 2024-10-22 15:00:00+00:00
2024-11-11 19:33:26,482 - Long Buy 70.00 shares at 267.18 on 2024-10-22 15:15:00+00:00
2024-11-11 19:33:26,482 - Long Buy 69.00 shares at 266.32 on 2024-10-22 15:30:00+00:00
2024-11-11 19:33:26,482 - Long Buy 67.00 shares at 266.5 on 2024-10-22 15:45:00+00:00
2024-11-11 19:33:26,482 - Long Buy 66.00 shares at 267.31 on 2024-10-22 16:00:00+00:00
2024-11-11 19:33:26,482 - Long Buy 64.00 shares at 267.79 on 2024-10-22 16:15:00+00:00
2024-11-11 19:33:26,482 - Long Buy 63.00 shares at 266.85 on 2024-10-22 16:30:00+00:00
2024-11-11 19:33:26,482 - Long Buy 62.00 shares at 267.4 on 2024-10-22 16:45:00+00:00
2024-11-11 19:33:26,482 - Long Buy 61.00 shares at 267.54 on 2024-10-22 17:00:00+00:00
2024-11-11 19:33:26,482 - Long Buy 60.00 shares at 266.99 on 2024-10-22 17:15:00+00:00
2024-11-11 19:33:26,482 - Long Buy 59.00 shares at 266.68 on 2024-10-22 17:30:00+00:00
2024-11-11 19:33:26,482 - Long Buy 57.00 shares at 267.12 on 2024-10-22 17:45:00+00:00
2024-11-11 19:33:26,482 - Long Buy 56.00 shares at 267.18 on 2024-10-22 18:00:00+00:00
2024-11-11 19:33:26,482 - Long Buy 55.00 shares at 267.24 on 2024-10-22 18:15:00+00:00
2024-11-11 19:33:26,482 - Long Buy 54.00 shares at 267.91 on 2024-10-22 18:30:00+00:00
2024-11-11 19:33:26,482 - Long Buy 53.00 shares at 266.81 on 2024-10-22 18:45:00+00:00
2024-11-11 19:33:26,482 - Long Buy 52.00 shares at 266.86 on 2024-10-22 19:00:00+00:00
2024-11-11 19:33:26,482 - Long Buy 51.00 shares at 267.11 on 2024-10-22 19:15:00+00:00
2024-11-11 19:33:26,482 - Long Buy 50.00 shares at 266.44 on 2024-10-22 19:30:00+00:00
2024-11-11 19:33:26,482 - Sell to close 1287.00 shares at 265.99 on 2024-10-22 19:45:00+00:00 (Exit: Stop_loss, Profit: -1680.5499999999329, Duration: 315.0 minutes)
2024-11-11 19:33:26,482 - Long Buy 75.00 shares at 266.25 on 2024-10-23 13:30:00+00:00
2024-11-11 19:33:26,482 - Long Buy 73.00 shares at 266.52 on 2024-10-23 13:45:00+00:00
2024-11-11 19:33:26,482 - Long Buy 72.00 shares at 265.79 on 2024-10-23 14:00:00+00:00
2024-11-11 19:33:26,482 - Long Buy 70.00 shares at 266.91 on 2024-10-23 14:15:00+00:00
2024-11-11 19:33:26,482 - Long Buy 69.00 shares at 264.92 on 2024-10-23 14:30:00+00:00
2024-11-11 19:33:26,482 - Long Buy 68.00 shares at 265.6 on 2024-10-23 14:45:00+00:00
2024-11-11 19:33:26,482 - Long Buy 67.00 shares at 264.32 on 2024-10-23 15:00:00+00:00
2024-11-11 19:33:26,483 - Sell to close 494.00 shares at 264.04 on 2024-10-23 15:15:00+00:00 (Exit: Stop_loss, Profit: -859.2499999999641, Duration: 105.0 minutes)
2024-11-11 19:33:26,483 - Long Buy 75.00 shares at 263.1 on 2024-10-24 15:00:00+00:00
2024-11-11 19:33:26,483 - Sell to close 75.00 shares at 264.48 on 2024-10-24 15:30:00+00:00 (Exit: Profit_take, Profit: 103.49999999999966, Duration: 30.0 minutes)
2024-11-11 19:33:26,483 - Long Buy 75.00 shares at 263.92 on 2024-10-24 16:00:00+00:00
2024-11-11 19:33:26,483 - Sell to close 75.00 shares at 265.11 on 2024-10-24 16:15:00+00:00 (Exit: Signal, Profit: 89.24999999999983, Duration: 15.0 minutes)
2024-11-11 19:33:26,483 - Short Sell 75.00 shares at 265.42 on 2024-10-24 16:30:00+00:00
2024-11-11 19:33:26,483 - Short Sell 75.00 shares at 265.21 on 2024-10-24 16:45:00+00:00
2024-11-11 19:33:26,483 - Short Sell 75.00 shares at 265.74 on 2024-10-24 17:00:00+00:00
2024-11-11 19:33:26,483 - Short Sell 75.00 shares at 265.35 on 2024-10-24 17:15:00+00:00
2024-11-11 19:33:26,483 - Short Sell 75.00 shares at 265.8 on 2024-10-24 17:30:00+00:00
2024-11-11 19:33:26,483 - Buy to cover -375.00 shares at 264.07 on 2024-10-24 18:30:00+00:00 (Exit: Profit_take, Profit: 537.7500000000098, Duration: 120.0 minutes)
2024-11-11 19:33:26,483 - Short Sell 74.00 shares at 267.18 on 2024-10-25 13:30:00+00:00
2024-11-11 19:33:26,483 - Short Sell 74.00 shares at 267.81 on 2024-10-25 13:45:00+00:00
2024-11-11 19:33:26,483 - Short Sell 74.00 shares at 268.53 on 2024-10-25 14:00:00+00:00
2024-11-11 19:33:26,483 - Short Sell 74.00 shares at 268.98 on 2024-10-25 14:15:00+00:00
2024-11-11 19:33:26,483 - Short Sell 74.00 shares at 268.44 on 2024-10-25 14:30:00+00:00
2024-11-11 19:33:26,483 - Short Sell 74.00 shares at 267.84 on 2024-10-25 14:45:00+00:00
2024-11-11 19:33:26,483 - Short Sell 74.00 shares at 267.63 on 2024-10-25 15:00:00+00:00
2024-11-11 19:33:26,484 - Short Sell 74.00 shares at 266.88 on 2024-10-25 15:15:00+00:00
2024-11-11 19:33:26,484 - Short Sell 74.00 shares at 267.02 on 2024-10-25 15:30:00+00:00
2024-11-11 19:33:26,484 - Short Sell 75.00 shares at 266.6 on 2024-10-25 15:45:00+00:00
2024-11-11 19:33:26,484 - Buy to cover -741.00 shares at 265.69 on 2024-10-25 16:00:00+00:00 (Exit: Profit_take, Profit: 1481.649999999963, Duration: 150.0 minutes)
2024-11-11 19:33:26,484 - Long Buy 75.00 shares at 264.42 on 2024-10-25 17:00:00+00:00
2024-11-11 19:33:26,484 - Long Buy 74.00 shares at 264.6 on 2024-10-25 17:15:00+00:00
2024-11-11 19:33:26,484 - Long Buy 73.00 shares at 263.25 on 2024-10-25 17:30:00+00:00
2024-11-11 19:33:26,484 - Long Buy 71.00 shares at 264.05 on 2024-10-25 17:45:00+00:00
2024-11-11 19:33:26,484 - Long Buy 69.00 shares at 264.49 on 2024-10-25 18:00:00+00:00
2024-11-11 19:33:26,484 - Sell to close 362.00 shares at 265.62 on 2024-10-25 18:30:00+00:00 (Exit: Profit_take, Profit: 527.930000000002, Duration: 90.0 minutes)
2024-11-11 19:33:26,484 - Long Buy 75.00 shares at 264.51 on 2024-10-25 18:45:00+00:00
2024-11-11 19:33:26,484 - Long Buy 74.00 shares at 264.18 on 2024-10-25 19:00:00+00:00
2024-11-11 19:33:26,484 - Long Buy 72.00 shares at 264.1 on 2024-10-25 19:15:00+00:00
2024-11-11 19:33:26,484 - Long Buy 71.00 shares at 263.99 on 2024-10-25 19:30:00+00:00
2024-11-11 19:33:26,484 - Long Buy 69.00 shares at 264.32 on 2024-10-25 19:45:00+00:00
2024-11-11 19:33:26,484 - Sell to close 361.00 shares at 266.28 on 2024-10-28 13:30:00+00:00 (Exit: Profit_take, Profit: 742.9399999999852, Duration: 4005.0 minutes)
2024-11-11 19:33:26,484 - Short Sell 74.00 shares at 269.62 on 2024-10-28 13:45:00+00:00
2024-11-11 19:33:26,484 - Short Sell 74.00 shares at 270.73 on 2024-10-28 14:00:00+00:00
2024-11-11 19:33:26,484 - Short Sell 74.00 shares at 268.94 on 2024-10-28 14:15:00+00:00
2024-11-11 19:33:26,484 - Short Sell 74.00 shares at 268.88 on 2024-10-28 14:30:00+00:00
2024-11-11 19:33:26,484 - Short Sell 74.00 shares at 268.7 on 2024-10-28 14:45:00+00:00
2024-11-11 19:33:26,484 - Short Sell 74.00 shares at 268.47 on 2024-10-28 15:00:00+00:00
2024-11-11 19:33:26,484 - Short Sell 74.00 shares at 269.9 on 2024-10-28 15:15:00+00:00
2024-11-11 19:33:26,484 - Short Sell 74.00 shares at 268.53 on 2024-10-28 15:30:00+00:00
2024-11-11 19:33:26,484 - Short Sell 74.00 shares at 268.72 on 2024-10-28 15:45:00+00:00
2024-11-11 19:33:26,484 - Short Sell 74.00 shares at 268.8 on 2024-10-28 16:00:00+00:00
2024-11-11 19:33:26,484 - Short Sell 74.00 shares at 268.63 on 2024-10-28 16:15:00+00:00
2024-11-11 19:33:26,484 - Short Sell 74.00 shares at 269.15 on 2024-10-28 16:30:00+00:00
2024-11-11 19:33:26,484 - Short Sell 74.00 shares at 269.03 on 2024-10-28 16:45:00+00:00
2024-11-11 19:33:26,485 - Short Sell 74.00 shares at 269.09 on 2024-10-28 17:00:00+00:00
2024-11-11 19:33:26,485 - Short Sell 74.00 shares at 269.07 on 2024-10-28 17:15:00+00:00
2024-11-11 19:33:26,485 - Short Sell 74.00 shares at 269.11 on 2024-10-28 17:30:00+00:00
2024-11-11 19:33:26,485 - Short Sell 74.00 shares at 268.99 on 2024-10-28 17:45:00+00:00
2024-11-11 19:33:26,485 - Buy to cover -1258.00 shares at 268.86 on 2024-10-28 18:00:00+00:00 (Exit: Signal, Profit: 276.7599999999628, Duration: 255.0 minutes)
2024-11-11 19:33:26,485 - Long Buy 74.00 shares at 268.33 on 2024-10-28 18:15:00+00:00
2024-11-11 19:33:26,485 - Long Buy 73.00 shares at 268.31 on 2024-10-28 18:30:00+00:00
2024-11-11 19:33:26,485 - Long Buy 71.00 shares at 267.88 on 2024-10-28 18:45:00+00:00
2024-11-11 19:33:26,485 - Long Buy 70.00 shares at 267.85 on 2024-10-28 19:00:00+00:00
2024-11-11 19:33:26,486 - Long Buy 69.00 shares at 267.1 on 2024-10-28 19:45:00+00:00
2024-11-11 19:33:26,486 - Sell to close 357.00 shares at 265.62 on 2024-10-29 13:30:00+00:00 (Exit: Stop_loss, Profit: -815.5899999999858, Duration: 1155.0 minutes)
2024-11-11 19:33:26,486 - Long Buy 76.00 shares at 263.52 on 2024-10-30 13:30:00+00:00
2024-11-11 19:33:26,486 - Sell to close 76.00 shares at 265.99 on 2024-10-30 13:45:00+00:00 (Exit: Profit_take, Profit: 187.72000000000207, Duration: 15.0 minutes)
2024-11-11 19:33:26,486 - Long Buy 75.00 shares at 264.32 on 2024-10-30 14:15:00+00:00
2024-11-11 19:33:26,486 - Long Buy 74.00 shares at 264.34 on 2024-10-30 14:30:00+00:00
2024-11-11 19:33:26,486 - Long Buy 72.00 shares at 264.3 on 2024-10-30 14:45:00+00:00
2024-11-11 19:33:26,486 - Sell to close 221.00 shares at 266.02 on 2024-10-30 15:15:00+00:00 (Exit: Profit_take, Profit: 375.6599999999898, Duration: 60.0 minutes)
2024-11-11 19:33:26,486 - Long Buy 75.00 shares at 263.84 on 2024-10-30 16:30:00+00:00
2024-11-11 19:33:26,486 - Long Buy 74.00 shares at 263.39 on 2024-10-30 16:45:00+00:00
2024-11-11 19:33:26,486 - Long Buy 73.00 shares at 263.41 on 2024-10-30 17:00:00+00:00
2024-11-11 19:33:26,486 - Long Buy 71.00 shares at 263.72 on 2024-10-30 17:15:00+00:00
2024-11-11 19:33:26,486 - Long Buy 70.00 shares at 263.39 on 2024-10-30 17:30:00+00:00
2024-11-11 19:33:26,486 - Long Buy 68.00 shares at 263.22 on 2024-10-30 17:45:00+00:00
2024-11-11 19:33:26,486 - Long Buy 67.00 shares at 263.56 on 2024-10-30 18:00:00+00:00
2024-11-11 19:33:26,486 - Long Buy 66.00 shares at 263.23 on 2024-10-30 18:15:00+00:00
2024-11-11 19:33:26,486 - Long Buy 64.00 shares at 263.73 on 2024-10-30 18:30:00+00:00
2024-11-11 19:33:26,486 - Long Buy 63.00 shares at 263.63 on 2024-10-30 19:00:00+00:00
2024-11-11 19:33:26,486 - Long Buy 62.00 shares at 262.97 on 2024-10-30 19:15:00+00:00
2024-11-11 19:33:26,486 - Long Buy 61.00 shares at 262.15 on 2024-10-30 19:30:00+00:00
2024-11-11 19:33:26,486 - Long Buy 60.00 shares at 261.77 on 2024-10-30 19:45:00+00:00
2024-11-11 19:33:26,487 - Sell to close 874.00 shares at 263.63 on 2024-10-31 13:30:00+00:00 (Exit: Signal, Profit: 323.85000000001787, Duration: 1260.0 minutes)
2024-11-11 19:33:26,487 - Short Sell 76.00 shares at 262.57 on 2024-10-31 13:45:00+00:00
2024-11-11 19:33:26,487 - Short Sell 76.00 shares at 262.4 on 2024-10-31 14:15:00+00:00
2024-11-11 19:33:26,487 - Short Sell 76.00 shares at 262.48 on 2024-10-31 14:30:00+00:00
2024-11-11 19:33:26,487 - Buy to cover -228.00 shares at 260.51 on 2024-10-31 14:45:00+00:00 (Exit: Profit_take, Profit: 449.92000000000553, Duration: 60.0 minutes)
2024-11-11 19:33:26,487 - Long Buy 77.00 shares at 259.95 on 2024-10-31 15:00:00+00:00
2024-11-11 19:33:26,487 - Long Buy 75.00 shares at 260.61 on 2024-10-31 15:15:00+00:00
2024-11-11 19:33:26,487 - Sell to close 152.00 shares at 261.63 on 2024-10-31 15:45:00+00:00 (Exit: Profit_take, Profit: 205.86000000000422, Duration: 45.0 minutes)
2024-11-11 19:33:26,487 - Long Buy 76.00 shares at 263.24 on 2024-11-01 14:30:00+00:00
2024-11-11 19:33:26,487 - Long Buy 74.00 shares at 262.98 on 2024-11-01 15:00:00+00:00
2024-11-11 19:33:26,487 - Long Buy 73.00 shares at 262.5 on 2024-11-01 15:15:00+00:00
2024-11-11 19:33:26,487 - Long Buy 72.00 shares at 260.94 on 2024-11-01 15:30:00+00:00
2024-11-11 19:33:26,487 - Long Buy 70.00 shares at 261.09 on 2024-11-01 15:45:00+00:00
2024-11-11 19:33:26,487 - Long Buy 69.00 shares at 261.43 on 2024-11-01 16:00:00+00:00
2024-11-11 19:33:26,487 - Sell to close 434.00 shares at 260.32 on 2024-11-01 16:15:00+00:00 (Exit: Stop_loss, Profit: -753.0299999999953, Duration: 105.0 minutes)
2024-11-11 19:33:26,487 - Long Buy 87.00 shares at 229.5 on 2024-11-04 14:30:00+00:00
2024-11-11 19:33:26,487 - Long Buy 86.00 shares at 228.1 on 2024-11-04 14:45:00+00:00
2024-11-11 19:33:26,488 - Sell to close 173.00 shares at 226.75 on 2024-11-04 15:00:00+00:00 (Exit: Stop_loss, Profit: -355.3499999999966, Duration: 30.0 minutes)
2024-11-11 19:33:26,488 - Long Buy 87.00 shares at 230.06 on 2024-11-05 14:30:00+00:00
2024-11-11 19:33:26,488 - Long Buy 85.00 shares at 229.55 on 2024-11-05 14:45:00+00:00
2024-11-11 19:33:26,488 - Long Buy 83.00 shares at 229.75 on 2024-11-05 15:00:00+00:00
2024-11-11 19:33:26,488 - Sell to close 255.00 shares at 230.96 on 2024-11-05 15:30:00+00:00 (Exit: Profit_take, Profit: 298.57999999999805, Duration: 60.0 minutes)
2024-11-11 19:33:26,488 - Short Sell 85.00 shares at 234.96 on 2024-11-05 16:45:00+00:00
2024-11-11 19:33:26,488 - Buy to cover -85.00 shares at 234.15 on 2024-11-05 17:30:00+00:00 (Exit: Signal, Profit: 68.85000000000261, Duration: 45.0 minutes)
2024-11-11 19:33:26,488 - Long Buy 85.00 shares at 233.73 on 2024-11-05 17:45:00+00:00
2024-11-11 19:33:26,488 - Long Buy 84.00 shares at 233.42 on 2024-11-05 18:00:00+00:00
2024-11-11 19:33:26,488 - Long Buy 82.00 shares at 232.87 on 2024-11-05 18:30:00+00:00
2024-11-11 19:33:26,488 - Long Buy 80.00 shares at 233.11 on 2024-11-05 18:45:00+00:00
2024-11-11 19:33:26,488 - Long Buy 79.00 shares at 232.17 on 2024-11-05 19:00:00+00:00
2024-11-11 19:33:26,488 - Long Buy 77.00 shares at 232.65 on 2024-11-05 19:30:00+00:00
2024-11-11 19:33:26,488 - Long Buy 76.00 shares at 231.96 on 2024-11-05 19:45:00+00:00
2024-11-11 19:33:26,488 - Long Buy 74.00 shares at 232.38 on 2024-11-05 20:00:00+00:00
2024-11-11 19:33:26,488 - Long Buy 73.00 shares at 232.63 on 2024-11-05 20:15:00+00:00
2024-11-11 19:33:26,488 - Sell to close 710.00 shares at 238.94 on 2024-11-06 14:30:00+00:00 (Exit: Profit_take, Profit: 4366.380000000016, Duration: 1245.0 minutes)
2024-11-11 19:33:26,488 - Short Sell 84.00 shares at 239.31 on 2024-11-06 14:45:00+00:00
2024-11-11 19:33:26,488 - Buy to cover -84.00 shares at 237.8 on 2024-11-06 15:00:00+00:00 (Exit: Profit_take, Profit: 126.83999999999924, Duration: 15.0 minutes)
2024-11-11 19:33:26,489 - Short Sell 84.00 shares at 238.05 on 2024-11-06 15:15:00+00:00
2024-11-11 19:33:26,489 - Buy to cover -84.00 shares at 234.62 on 2024-11-06 15:30:00+00:00 (Exit: Profit_take, Profit: 288.1200000000006, Duration: 15.0 minutes)
2024-11-11 19:33:26,489 - Short Sell 85.00 shares at 236.41 on 2024-11-06 15:45:00+00:00
2024-11-11 19:33:26,489 - Short Sell 84.00 shares at 237.57 on 2024-11-06 16:00:00+00:00
2024-11-11 19:33:26,489 - Short Sell 84.00 shares at 238.19 on 2024-11-06 16:15:00+00:00
2024-11-11 19:33:26,489 - Buy to cover -253.00 shares at 235.13 on 2024-11-06 16:30:00+00:00 (Exit: Profit_take, Profit: 570.7999999999982, Duration: 45.0 minutes)
2024-11-11 19:33:26,489 - Short Sell 85.00 shares at 236.66 on 2024-11-06 16:45:00+00:00
2024-11-11 19:33:26,489 - Short Sell 85.00 shares at 236.71 on 2024-11-06 17:30:00+00:00
2024-11-11 19:33:26,489 - Short Sell 85.00 shares at 236.78 on 2024-11-06 17:45:00+00:00
2024-11-11 19:33:26,489 - Short Sell 85.00 shares at 236.99 on 2024-11-06 18:00:00+00:00
2024-11-11 19:33:26,489 - Short Sell 84.00 shares at 237.7 on 2024-11-06 18:30:00+00:00
2024-11-11 19:33:26,489 - Buy to cover -424.00 shares at 235.69 on 2024-11-06 18:45:00+00:00 (Exit: Profit_take, Profit: 541.1399999999967, Duration: 120.0 minutes)
2024-11-11 19:33:26,489 - Long Buy 85.00 shares at 235.47 on 2024-11-06 19:15:00+00:00
2024-11-11 19:33:26,489 - Long Buy 84.00 shares at 234.87 on 2024-11-06 20:15:00+00:00
2024-11-11 19:33:26,489 - Sell to close 169.00 shares at 242.17 on 2024-11-07 14:30:00+00:00 (Exit: Profit_take, Profit: 1182.6999999999973, Duration: 1155.0 minutes)
2024-11-11 19:33:26,489 - Short Sell 84.00 shares at 239.32 on 2024-11-07 14:45:00+00:00
2024-11-11 19:33:26,489 - Short Sell 84.00 shares at 239.14 on 2024-11-07 15:00:00+00:00
2024-11-11 19:33:26,489 - Short Sell 83.00 shares at 241.21 on 2024-11-07 15:15:00+00:00
2024-11-11 19:33:26,489 - Buy to cover -251.00 shares at 244.95 on 2024-11-07 15:30:00+00:00 (Exit: Stop_loss, Profit: -1271.3799999999997, Duration: 45.0 minutes)
2024-11-11 19:33:26,489 - Short Sell 82.00 shares at 244.21 on 2024-11-08 14:30:00+00:00
2024-11-11 19:33:26,490 - Buy to cover -82.00 shares at 242.92 on 2024-11-08 14:45:00+00:00 (Exit: Profit_take, Profit: 105.78000000000168, Duration: 15.0 minutes)
2024-11-11 19:33:26,490 - Long Buy 84.00 shares at 238.45 on 2024-11-08 15:00:00+00:00
2024-11-11 19:33:26,490 - Sell to close 84.00 shares at 240.42 on 2024-11-08 15:15:00+00:00 (Exit: Profit_take, Profit: 165.4799999999999, Duration: 15.0 minutes)
2024-11-11 19:33:26,490 - Long Buy 84.00 shares at 239.56 on 2024-11-08 15:30:00+00:00
2024-11-11 19:33:26,490 - Sell to close 84.00 shares at 240.84 on 2024-11-08 15:45:00+00:00 (Exit: Profit_take, Profit: 107.5200000000001, Duration: 15.0 minutes)
2024-11-11 19:33:26,490 - Long Buy 84.00 shares at 239.0 on 2024-11-08 16:15:00+00:00
2024-11-11 19:33:26,490 - Long Buy 83.00 shares at 237.26 on 2024-11-08 16:30:00+00:00
2024-11-11 19:33:26,490 - Long Buy 81.00 shares at 239.19 on 2024-11-08 16:45:00+00:00
2024-11-11 19:33:26,490 - Long Buy 79.00 shares at 238.99 on 2024-11-08 17:00:00+00:00
2024-11-11 19:33:26,490 - Long Buy 77.00 shares at 238.73 on 2024-11-08 17:15:00+00:00
2024-11-11 19:33:26,490 - Long Buy 76.00 shares at 239.52 on 2024-11-08 17:30:00+00:00
2024-11-11 19:33:26,490 - Sell to close 480.00 shares at 240.08 on 2024-11-08 17:45:00+00:00 (Exit: Profit_take, Profit: 629.4900000000189, Duration: 90.0 minutes)
2024-11-11 19:33:26,490 - Long Buy 84.00 shares at 239.67 on 2024-11-08 18:00:00+00:00
2024-11-11 19:33:26,490 - Long Buy 82.00 shares at 239.14 on 2024-11-08 18:15:00+00:00
2024-11-11 19:33:26,490 - Long Buy 81.00 shares at 239.1 on 2024-11-08 18:30:00+00:00
2024-11-11 19:33:26,490 - Long Buy 79.00 shares at 238.55 on 2024-11-08 18:45:00+00:00
2024-11-11 19:33:26,490 - Long Buy 77.00 shares at 239.08 on 2024-11-08 19:00:00+00:00
2024-11-11 19:33:26,490 - Long Buy 76.00 shares at 240.14 on 2024-11-08 19:15:00+00:00
2024-11-11 19:33:26,490 - Long Buy 74.00 shares at 239.59 on 2024-11-08 19:45:00+00:00
2024-11-11 19:33:26,490 - Long Buy 73.00 shares at 239.34 on 2024-11-08 20:00:00+00:00
2024-11-11 19:33:26,490 - Long Buy 71.00 shares at 238.98 on 2024-11-08 20:15:00+00:00
2024-11-11 19:33:26,490 - Sell to close 697.00 shares at 239.12 on 2024-11-08 20:30:00+00:00 (Exit: Signal, Profit: -116.52999999997326, Duration: 150.0 minutes)
2024-11-11 19:33:26,492 - Final statisticsStock: CEG, 
total_trades: 46, 
winning_trades: 35, 
losing_trades: 11, 
average_return: 0.003920722449300792, 
average_duration: 372.7173913043478, 
final_balance: 1009067.4100000001, 
final_portfolio_value: 1009067.4100000001, 
sharpe_ratio: 7.229730869520555, 



