2024-11-11 22:39:00,474 - Starting GBMStrategy with initial capital: 1000000
2024-11-11 22:39:00,474 - Hyperparameters: {'threshold': 1.5, 'time_periods': 30, 'num_simulations': 150}
2024-11-11 22:40:21,344 - Short Sell 125.00 shares at 159.27 on 2024-10-11 14:30:00+00:00
2024-11-11 22:40:21,345 - Short Sell 125.00 shares at 159.68 on 2024-10-11 14:45:00+00:00
2024-11-11 22:40:21,345 - Short Sell 125.00 shares at 159.72 on 2024-10-11 15:00:00+00:00
2024-11-11 22:40:21,345 - Short Sell 125.00 shares at 159.54 on 2024-10-11 15:15:00+00:00
2024-11-11 22:40:21,346 - Buy to cover -500.00 shares at 158.96 on 2024-10-11 15:45:00+00:00 (Exit: Signal, Profit: 296.25000000000057, Duration: 75.0 minutes)
2024-11-11 22:40:21,346 - Short Sell 125.00 shares at 160.03 on 2024-10-11 17:45:00+00:00
2024-11-11 22:40:21,346 - Short Sell 124.00 shares at 160.21 on 2024-10-11 18:00:00+00:00
2024-11-11 22:40:21,346 - Short Sell 124.00 shares at 160.25 on 2024-10-11 18:15:00+00:00
2024-11-11 22:40:21,346 - Short Sell 124.00 shares at 160.24 on 2024-10-11 18:30:00+00:00
2024-11-11 22:40:21,346 - Short Sell 124.00 shares at 160.34 on 2024-10-11 18:45:00+00:00
2024-11-11 22:40:21,346 - Short Sell 124.00 shares at 160.27 on 2024-10-11 19:00:00+00:00
2024-11-11 22:40:21,346 - Short Sell 124.00 shares at 160.47 on 2024-10-11 19:15:00+00:00
2024-11-11 22:40:21,346 - Short Sell 124.00 shares at 160.39 on 2024-10-11 19:30:00+00:00
2024-11-11 22:40:21,346 - Short Sell 124.00 shares at 160.32 on 2024-10-11 19:45:00+00:00
2024-11-11 22:40:21,346 - Short Sell 124.00 shares at 160.18 on 2024-10-14 13:30:00+00:00
2024-11-11 22:40:21,346 - Short Sell 124.00 shares at 160.52 on 2024-10-14 13:45:00+00:00
2024-11-11 22:40:21,346 - Short Sell 124.00 shares at 161.1 on 2024-10-14 14:00:00+00:00
2024-11-11 22:40:21,346 - Short Sell 123.00 shares at 161.2 on 2024-10-14 14:15:00+00:00
2024-11-11 22:40:21,346 - Short Sell 124.00 shares at 161.0 on 2024-10-14 14:30:00+00:00
2024-11-11 22:40:21,346 - Short Sell 123.00 shares at 161.3 on 2024-10-14 14:45:00+00:00
2024-11-11 22:40:21,346 - Short Sell 123.00 shares at 161.16 on 2024-10-14 15:00:00+00:00
2024-11-11 22:40:21,346 - Short Sell 124.00 shares at 161.11 on 2024-10-14 15:15:00+00:00
2024-11-11 22:40:21,346 - Short Sell 123.00 shares at 161.34 on 2024-10-14 15:30:00+00:00
2024-11-11 22:40:21,346 - Buy to cover -2229.00 shares at 161.03 on 2024-10-14 15:45:00+00:00 (Exit: Signal, Profit: -883.5200000000159, Duration: 4200.0 minutes)
2024-11-11 22:40:21,346 - Long Buy 124.00 shares at 160.89 on 2024-10-14 16:00:00+00:00
2024-11-11 22:40:21,346 - Long Buy 121.00 shares at 160.81 on 2024-10-14 16:15:00+00:00
2024-11-11 22:40:21,347 - Long Buy 119.00 shares at 160.84 on 2024-10-14 16:30:00+00:00
2024-11-11 22:40:21,347 - Long Buy 116.00 shares at 160.84 on 2024-10-14 17:00:00+00:00
2024-11-11 22:40:21,347 - Sell to close 480.00 shares at 161.5 on 2024-10-14 18:15:00+00:00 (Exit: Signal, Profit: 314.2299999999932, Duration: 135.0 minutes)
2024-11-11 22:40:21,347 - Short Sell 123.00 shares at 161.45 on 2024-10-14 18:30:00+00:00
2024-11-11 22:40:21,347 - Short Sell 123.00 shares at 161.48 on 2024-10-14 18:45:00+00:00
2024-11-11 22:40:21,347 - Short Sell 123.00 shares at 161.6 on 2024-10-14 19:30:00+00:00
2024-11-11 22:40:21,347 - Short Sell 123.00 shares at 161.52 on 2024-10-14 19:45:00+00:00
2024-11-11 22:40:21,347 - Buy to cover -492.00 shares at 162.93 on 2024-10-15 13:30:00+00:00 (Exit: Stop_loss, Profit: -697.409999999995, Duration: 1140.0 minutes)
2024-11-11 22:40:21,347 - Long Buy 123.00 shares at 161.89 on 2024-10-16 13:30:00+00:00
2024-11-11 22:40:21,347 - Long Buy 120.00 shares at 162.4 on 2024-10-16 13:45:00+00:00
2024-11-11 22:40:21,347 - Long Buy 118.00 shares at 162.03 on 2024-10-16 14:00:00+00:00
2024-11-11 22:40:21,347 - Long Buy 115.00 shares at 162.27 on 2024-10-16 14:15:00+00:00
2024-11-11 22:40:21,347 - Long Buy 113.00 shares at 162.31 on 2024-10-16 14:30:00+00:00
2024-11-11 22:40:21,347 - Long Buy 111.00 shares at 162.33 on 2024-10-16 14:45:00+00:00
2024-11-11 22:40:21,347 - Long Buy 109.00 shares at 162.4 on 2024-10-16 15:00:00+00:00
2024-11-11 22:40:21,347 - Long Buy 106.00 shares at 162.64 on 2024-10-16 15:15:00+00:00
2024-11-11 22:40:21,347 - Long Buy 104.00 shares at 162.71 on 2024-10-16 15:45:00+00:00
2024-11-11 22:40:21,348 - Long Buy 102.00 shares at 162.85 on 2024-10-16 17:30:00+00:00
2024-11-11 22:40:21,348 - Sell to close 1121.00 shares at 163.09 on 2024-10-16 18:00:00+00:00 (Exit: Signal, Profit: 809.1899999999764, Duration: 270.0 minutes)
2024-11-11 22:40:21,348 - Short Sell 122.00 shares at 163.5 on 2024-10-16 18:15:00+00:00
2024-11-11 22:40:21,348 - Short Sell 122.00 shares at 163.37 on 2024-10-16 19:30:00+00:00
2024-11-11 22:40:21,348 - Short Sell 122.00 shares at 163.43 on 2024-10-16 19:45:00+00:00
2024-11-11 22:40:21,348 - Buy to cover -366.00 shares at 162.57 on 2024-10-17 13:30:00+00:00 (Exit: Profit_take, Profit: 315.9800000000039, Duration: 1155.0 minutes)
2024-11-11 22:40:21,348 - Long Buy 123.00 shares at 162.49 on 2024-10-17 13:45:00+00:00
2024-11-11 22:40:21,348 - Long Buy 120.00 shares at 162.39 on 2024-10-17 17:00:00+00:00
2024-11-11 22:40:21,348 - Long Buy 118.00 shares at 162.36 on 2024-10-17 17:15:00+00:00
2024-11-11 22:40:21,348 - Long Buy 115.00 shares at 162.4 on 2024-10-17 17:30:00+00:00
2024-11-11 22:40:21,348 - Long Buy 113.00 shares at 162.49 on 2024-10-17 18:30:00+00:00
2024-11-11 22:40:21,348 - Sell to close 589.00 shares at 162.61 on 2024-10-17 18:45:00+00:00 (Exit: Signal, Profit: 108.37000000000276, Duration: 300.0 minutes)
2024-11-11 22:40:21,348 - Short Sell 122.00 shares at 162.66 on 2024-10-17 19:00:00+00:00
2024-11-11 22:40:21,349 - Buy to cover -122.00 shares at 161.28 on 2024-10-18 13:30:00+00:00 (Exit: Profit_take, Profit: 168.35999999999945, Duration: 1110.0 minutes)
2024-11-11 22:40:21,349 - Long Buy 123.00 shares at 161.77 on 2024-10-18 13:45:00+00:00
2024-11-11 22:40:21,349 - Long Buy 121.00 shares at 161.94 on 2024-10-18 14:00:00+00:00
2024-11-11 22:40:21,349 - Long Buy 118.00 shares at 161.66 on 2024-10-18 14:15:00+00:00
2024-11-11 22:40:21,349 - Long Buy 116.00 shares at 161.63 on 2024-10-18 14:30:00+00:00
2024-11-11 22:40:21,349 - Long Buy 113.00 shares at 162.06 on 2024-10-18 14:45:00+00:00
2024-11-11 22:40:21,349 - Long Buy 111.00 shares at 162.05 on 2024-10-18 15:00:00+00:00
2024-11-11 22:40:21,349 - Long Buy 109.00 shares at 162.11 on 2024-10-18 15:15:00+00:00
2024-11-11 22:40:21,349 - Long Buy 107.00 shares at 161.81 on 2024-10-18 15:30:00+00:00
2024-11-11 22:40:21,349 - Long Buy 105.00 shares at 161.75 on 2024-10-18 15:45:00+00:00
2024-11-11 22:40:21,349 - Long Buy 103.00 shares at 161.77 on 2024-10-18 16:00:00+00:00
2024-11-11 22:40:21,349 - Long Buy 101.00 shares at 161.78 on 2024-10-18 16:15:00+00:00
2024-11-11 22:40:21,349 - Long Buy 99.00 shares at 161.85 on 2024-10-18 16:30:00+00:00
2024-11-11 22:40:21,349 - Long Buy 97.00 shares at 161.95 on 2024-10-18 16:45:00+00:00
2024-11-11 22:40:21,349 - Long Buy 95.00 shares at 161.77 on 2024-10-18 19:00:00+00:00
2024-11-11 22:40:21,349 - Long Buy 93.00 shares at 161.47 on 2024-10-18 19:15:00+00:00
2024-11-11 22:40:21,349 - Long Buy 91.00 shares at 161.39 on 2024-10-18 19:30:00+00:00
2024-11-11 22:40:21,349 - Sell to close 1702.00 shares at 161.96 on 2024-10-18 19:45:00+00:00 (Exit: Signal, Profit: 265.03000000007756, Duration: 360.0 minutes)
2024-11-11 22:40:21,349 - Short Sell 123.00 shares at 161.79 on 2024-10-21 13:30:00+00:00
2024-11-11 22:40:21,349 - Buy to cover -123.00 shares at 161.11 on 2024-10-21 14:00:00+00:00 (Exit: Signal, Profit: 83.63999999999734, Duration: 30.0 minutes)
2024-11-11 22:40:21,349 - Long Buy 124.00 shares at 160.74 on 2024-10-21 14:15:00+00:00
2024-11-11 22:40:21,349 - Long Buy 121.00 shares at 161.13 on 2024-10-21 14:30:00+00:00
2024-11-11 22:40:21,350 - Long Buy 119.00 shares at 160.64 on 2024-10-21 14:45:00+00:00
2024-11-11 22:40:21,350 - Long Buy 117.00 shares at 160.19 on 2024-10-21 15:00:00+00:00
2024-11-11 22:40:21,350 - Long Buy 115.00 shares at 160.29 on 2024-10-21 15:15:00+00:00
2024-11-11 22:40:21,350 - Long Buy 112.00 shares at 160.3 on 2024-10-21 15:30:00+00:00
2024-11-11 22:40:21,350 - Long Buy 110.00 shares at 160.46 on 2024-10-21 15:45:00+00:00
2024-11-11 22:40:21,350 - Long Buy 108.00 shares at 160.55 on 2024-10-21 16:00:00+00:00
2024-11-11 22:40:21,350 - Long Buy 106.00 shares at 160.71 on 2024-10-21 16:15:00+00:00
2024-11-11 22:40:21,350 - Long Buy 103.00 shares at 160.75 on 2024-10-21 16:30:00+00:00
2024-11-11 22:40:21,350 - Long Buy 101.00 shares at 160.86 on 2024-10-21 16:45:00+00:00
2024-11-11 22:40:21,350 - Long Buy 99.00 shares at 160.88 on 2024-10-21 17:00:00+00:00
2024-11-11 22:40:21,350 - Long Buy 97.00 shares at 161.05 on 2024-10-21 17:15:00+00:00
2024-11-11 22:40:21,350 - Long Buy 95.00 shares at 160.94 on 2024-10-21 17:45:00+00:00
2024-11-11 22:40:21,350 - Long Buy 93.00 shares at 160.96 on 2024-10-21 18:00:00+00:00
2024-11-11 22:40:21,350 - Long Buy 92.00 shares at 160.73 on 2024-10-21 18:15:00+00:00
2024-11-11 22:40:21,350 - Long Buy 90.00 shares at 160.87 on 2024-10-21 18:30:00+00:00
2024-11-11 22:40:21,350 - Long Buy 88.00 shares at 160.72 on 2024-10-21 18:45:00+00:00
2024-11-11 22:40:21,350 - Long Buy 86.00 shares at 160.66 on 2024-10-21 19:00:00+00:00
2024-11-11 22:40:21,350 - Long Buy 84.00 shares at 160.83 on 2024-10-21 19:15:00+00:00
2024-11-11 22:40:21,350 - Long Buy 83.00 shares at 160.57 on 2024-10-21 19:30:00+00:00
2024-11-11 22:40:21,350 - Long Buy 81.00 shares at 160.39 on 2024-10-21 19:45:00+00:00
2024-11-11 22:40:21,350 - Sell to close 2224.00 shares at 159.05 on 2024-10-22 13:30:00+00:00 (Exit: Stop_loss, Profit: -3637.749999999952, Duration: 1395.0 minutes)
2024-11-11 22:40:21,350 - Long Buy 126.00 shares at 157.89 on 2024-10-23 13:30:00+00:00
2024-11-11 22:40:21,350 - Long Buy 123.00 shares at 157.7 on 2024-10-23 13:45:00+00:00
2024-11-11 22:40:21,350 - Long Buy 121.00 shares at 158.02 on 2024-10-23 14:00:00+00:00
2024-11-11 22:40:21,351 - Long Buy 118.00 shares at 157.99 on 2024-10-23 14:15:00+00:00
2024-11-11 22:40:21,351 - Long Buy 116.00 shares at 157.3 on 2024-10-23 14:30:00+00:00
2024-11-11 22:40:21,351 - Long Buy 114.00 shares at 157.32 on 2024-10-23 14:45:00+00:00
2024-11-11 22:40:21,351 - Sell to close 718.00 shares at 157.68 on 2024-10-23 15:00:00+00:00 (Exit: Signal, Profit: -21.51999999999873, Duration: 90.0 minutes)
2024-11-11 22:40:21,351 - Short Sell 125.00 shares at 158.33 on 2024-10-23 15:15:00+00:00
2024-11-11 22:40:21,351 - Short Sell 125.00 shares at 158.57 on 2024-10-23 15:30:00+00:00
2024-11-11 22:40:21,351 - Short Sell 125.00 shares at 158.47 on 2024-10-23 15:45:00+00:00
2024-11-11 22:40:21,351 - Short Sell 126.00 shares at 158.22 on 2024-10-23 16:00:00+00:00
2024-11-11 22:40:21,351 - Short Sell 125.00 shares at 158.42 on 2024-10-23 16:15:00+00:00
2024-11-11 22:40:21,351 - Short Sell 125.00 shares at 158.62 on 2024-10-23 16:30:00+00:00
2024-11-11 22:40:21,351 - Short Sell 125.00 shares at 158.65 on 2024-10-23 16:45:00+00:00
2024-11-11 22:40:21,351 - Short Sell 125.00 shares at 158.83 on 2024-10-23 17:00:00+00:00
2024-11-11 22:40:21,351 - Short Sell 125.00 shares at 158.67 on 2024-10-23 17:15:00+00:00
2024-11-11 22:40:21,351 - Short Sell 125.00 shares at 158.65 on 2024-10-23 17:30:00+00:00
2024-11-11 22:40:21,351 - Short Sell 125.00 shares at 158.95 on 2024-10-23 17:45:00+00:00
2024-11-11 22:40:21,351 - Short Sell 125.00 shares at 158.95 on 2024-10-23 18:00:00+00:00
2024-11-11 22:40:21,351 - Short Sell 125.00 shares at 159.1 on 2024-10-23 18:15:00+00:00
2024-11-11 22:40:21,351 - Short Sell 125.00 shares at 159.08 on 2024-10-23 18:30:00+00:00
2024-11-11 22:40:21,351 - Short Sell 125.00 shares at 158.99 on 2024-10-23 18:45:00+00:00
2024-11-11 22:40:21,351 - Short Sell 125.00 shares at 158.93 on 2024-10-23 19:00:00+00:00
2024-11-11 22:40:21,351 - Short Sell 125.00 shares at 158.88 on 2024-10-23 19:15:00+00:00
2024-11-11 22:40:21,351 - Short Sell 125.00 shares at 159.06 on 2024-10-23 19:30:00+00:00
2024-11-11 22:40:21,351 - Short Sell 125.00 shares at 159.03 on 2024-10-23 19:45:00+00:00
2024-11-11 22:40:21,351 - Short Sell 125.00 shares at 158.67 on 2024-10-24 13:30:00+00:00
2024-11-11 22:40:21,351 - Short Sell 125.00 shares at 158.68 on 2024-10-24 13:45:00+00:00
2024-11-11 22:40:21,351 - Short Sell 125.00 shares at 158.44 on 2024-10-24 14:00:00+00:00
2024-11-11 22:40:21,351 - Short Sell 125.00 shares at 159.23 on 2024-10-24 14:15:00+00:00
2024-11-11 22:40:21,351 - Short Sell 125.00 shares at 158.86 on 2024-10-24 14:30:00+00:00
2024-11-11 22:40:21,351 - Short Sell 125.00 shares at 158.47 on 2024-10-24 14:45:00+00:00
2024-11-11 22:40:21,351 - Short Sell 125.00 shares at 158.53 on 2024-10-24 15:00:00+00:00
2024-11-11 22:40:21,352 - Short Sell 126.00 shares at 158.35 on 2024-10-24 15:15:00+00:00
2024-11-11 22:40:21,352 - Short Sell 125.00 shares at 158.54 on 2024-10-24 15:30:00+00:00
2024-11-11 22:40:21,352 - Short Sell 125.00 shares at 158.77 on 2024-10-24 15:45:00+00:00
2024-11-11 22:40:21,352 - Buy to cover -3627.00 shares at 158.5 on 2024-10-24 16:00:00+00:00 (Exit: Signal, Profit: 804.5699999999898, Duration: 1485.0 minutes)
2024-11-11 22:40:21,352 - Long Buy 125.00 shares at 158.63 on 2024-10-24 16:15:00+00:00
2024-11-11 22:40:21,352 - Sell to close 125.00 shares at 158.89 on 2024-10-24 16:30:00+00:00 (Exit: Signal, Profit: 32.49999999999886, Duration: 15.0 minutes)
2024-11-11 22:40:21,352 - Short Sell 125.00 shares at 159.12 on 2024-10-24 16:45:00+00:00
2024-11-11 22:40:21,352 - Buy to cover -125.00 shares at 158.18 on 2024-10-25 13:30:00+00:00 (Exit: Profit_take, Profit: 117.49999999999972, Duration: 1245.0 minutes)
2024-11-11 22:40:21,352 - Long Buy 126.00 shares at 157.43 on 2024-10-25 13:45:00+00:00
2024-11-11 22:40:21,352 - Long Buy 124.00 shares at 157.39 on 2024-10-25 14:00:00+00:00
2024-11-11 22:40:21,352 - Long Buy 121.00 shares at 157.22 on 2024-10-25 14:15:00+00:00
2024-11-11 22:40:21,352 - Long Buy 119.00 shares at 157.31 on 2024-10-25 14:30:00+00:00
2024-11-11 22:40:21,352 - Long Buy 117.00 shares at 156.94 on 2024-10-25 14:45:00+00:00
2024-11-11 22:40:21,352 - Long Buy 114.00 shares at 157.07 on 2024-10-25 15:00:00+00:00
2024-11-11 22:40:21,352 - Long Buy 112.00 shares at 157.05 on 2024-10-25 15:15:00+00:00
2024-11-11 22:40:21,352 - Long Buy 110.00 shares at 157.08 on 2024-10-25 15:30:00+00:00
2024-11-11 22:40:21,352 - Long Buy 108.00 shares at 157.24 on 2024-10-25 15:45:00+00:00
2024-11-11 22:40:21,352 - Long Buy 105.00 shares at 157.38 on 2024-10-25 16:00:00+00:00
2024-11-11 22:40:21,352 - Long Buy 103.00 shares at 157.49 on 2024-10-25 16:15:00+00:00
2024-11-11 22:40:21,352 - Long Buy 101.00 shares at 157.31 on 2024-10-25 16:30:00+00:00
2024-11-11 22:40:21,352 - Long Buy 99.00 shares at 157.12 on 2024-10-25 16:45:00+00:00
2024-11-11 22:40:21,353 - Sell to close 1459.00 shares at 157.14 on 2024-10-25 17:00:00+00:00 (Exit: Signal, Profit: -136.63000000002805, Duration: 195.0 minutes)
2024-11-11 22:40:21,353 - Long Buy 127.00 shares at 156.66 on 2024-10-25 17:30:00+00:00
2024-11-11 22:40:21,353 - Long Buy 124.00 shares at 156.92 on 2024-10-25 17:45:00+00:00
2024-11-11 22:40:21,353 - Long Buy 122.00 shares at 156.76 on 2024-10-25 18:00:00+00:00
2024-11-11 22:40:21,353 - Long Buy 119.00 shares at 156.76 on 2024-10-25 19:30:00+00:00
2024-11-11 22:40:21,353 - Long Buy 117.00 shares at 156.74 on 2024-10-25 19:45:00+00:00
2024-11-11 22:40:21,353 - Sell to close 609.00 shares at 157.97 on 2024-10-28 13:30:00+00:00 (Exit: Profit_take, Profit: 732.0900000000013, Duration: 4080.0 minutes)
2024-11-11 22:40:21,353 - Short Sell 126.00 shares at 157.74 on 2024-10-28 14:00:00+00:00
2024-11-11 22:40:21,353 - Short Sell 126.00 shares at 157.65 on 2024-10-28 14:15:00+00:00
2024-11-11 22:40:21,353 - Short Sell 126.00 shares at 157.6 on 2024-10-28 14:45:00+00:00
2024-11-11 22:40:21,353 - Short Sell 126.00 shares at 157.63 on 2024-10-28 15:00:00+00:00
2024-11-11 22:40:21,353 - Buy to cover -504.00 shares at 157.43 on 2024-10-28 18:00:00+00:00 (Exit: Signal, Profit: 113.39999999999714, Duration: 240.0 minutes)
2024-11-11 22:40:21,353 - Long Buy 127.00 shares at 157.28 on 2024-10-28 18:15:00+00:00
2024-11-11 22:40:21,353 - Long Buy 124.00 shares at 157.37 on 2024-10-28 18:30:00+00:00
2024-11-11 22:40:21,353 - Long Buy 121.00 shares at 157.43 on 2024-10-28 18:45:00+00:00
2024-11-11 22:40:21,354 - Sell to close 372.00 shares at 157.92 on 2024-10-28 19:30:00+00:00 (Exit: Signal, Profit: 208.76999999998986, Duration: 75.0 minutes)
2024-11-11 22:40:21,354 - Long Buy 127.00 shares at 156.64 on 2024-10-29 13:30:00+00:00
2024-11-11 22:40:21,354 - Long Buy 125.00 shares at 156.58 on 2024-10-29 13:45:00+00:00
2024-11-11 22:40:21,354 - Long Buy 122.00 shares at 156.87 on 2024-10-29 14:00:00+00:00
2024-11-11 22:40:21,354 - Long Buy 119.00 shares at 157.03 on 2024-10-29 14:15:00+00:00
2024-11-11 22:40:21,355 - Long Buy 117.00 shares at 157.21 on 2024-10-29 14:30:00+00:00
2024-11-11 22:40:21,355 - Long Buy 114.00 shares at 157.2 on 2024-10-29 15:15:00+00:00
2024-11-11 22:40:21,355 - Sell to close 724.00 shares at 157.77 on 2024-10-29 16:00:00+00:00 (Exit: Profit_take, Profit: 620.6200000000058, Duration: 150.0 minutes)
2024-11-11 22:40:21,355 - Long Buy 127.00 shares at 157.12 on 2024-10-29 19:00:00+00:00
2024-11-11 22:40:21,355 - Sell to close 127.00 shares at 157.42 on 2024-10-29 19:30:00+00:00 (Exit: Signal, Profit: 38.099999999997834, Duration: 30.0 minutes)
2024-11-11 22:40:21,355 - Long Buy 127.00 shares at 156.84 on 2024-10-29 19:45:00+00:00
2024-11-11 22:40:21,355 - Long Buy 125.00 shares at 156.5 on 2024-10-30 13:30:00+00:00
2024-11-11 22:40:21,355 - Long Buy 122.00 shares at 156.93 on 2024-10-30 13:45:00+00:00
2024-11-11 22:40:21,355 - Long Buy 120.00 shares at 156.41 on 2024-10-30 14:00:00+00:00
2024-11-11 22:40:21,355 - Long Buy 118.00 shares at 156.06 on 2024-10-30 14:15:00+00:00
2024-11-11 22:40:21,355 - Long Buy 115.00 shares at 156.45 on 2024-10-30 14:30:00+00:00
2024-11-11 22:40:21,355 - Long Buy 113.00 shares at 156.2 on 2024-10-30 14:45:00+00:00
2024-11-11 22:40:21,355 - Long Buy 111.00 shares at 155.97 on 2024-10-30 15:00:00+00:00
2024-11-11 22:40:21,355 - Long Buy 109.00 shares at 155.75 on 2024-10-30 15:15:00+00:00
2024-11-11 22:40:21,355 - Long Buy 106.00 shares at 156.08 on 2024-10-30 15:30:00+00:00
2024-11-11 22:40:21,355 - Long Buy 104.00 shares at 156.44 on 2024-10-30 15:45:00+00:00
2024-11-11 22:40:21,355 - Long Buy 102.00 shares at 156.74 on 2024-10-30 16:00:00+00:00
2024-11-11 22:40:21,355 - Sell to close 1372.00 shares at 157.3 on 2024-10-30 16:30:00+00:00 (Exit: Profit_take, Profit: 1271.189999999996, Duration: 1245.0 minutes)
2024-11-11 22:40:21,356 - Long Buy 127.00 shares at 156.58 on 2024-10-30 19:30:00+00:00
2024-11-11 22:40:21,356 - Long Buy 125.00 shares at 156.55 on 2024-10-30 19:45:00+00:00
2024-11-11 22:40:21,356 - Sell to close 252.00 shares at 163.0 on 2024-10-31 13:30:00+00:00 (Exit: Profit_take, Profit: 1621.5899999999997, Duration: 1080.0 minutes)
2024-11-11 22:40:21,356 - Short Sell 124.00 shares at 160.51 on 2024-10-31 13:45:00+00:00
2024-11-11 22:40:21,356 - Short Sell 124.00 shares at 160.78 on 2024-10-31 14:00:00+00:00
2024-11-11 22:40:21,356 - Short Sell 124.00 shares at 160.85 on 2024-10-31 14:15:00+00:00
2024-11-11 22:40:21,356 - Short Sell 123.00 shares at 161.85 on 2024-10-31 14:30:00+00:00
2024-11-11 22:40:21,356 - Short Sell 124.00 shares at 161.54 on 2024-10-31 14:45:00+00:00
2024-11-11 22:40:21,356 - Short Sell 123.00 shares at 161.68 on 2024-10-31 15:00:00+00:00
2024-11-11 22:40:21,356 - Short Sell 124.00 shares at 160.99 on 2024-10-31 15:15:00+00:00
2024-11-11 22:40:21,356 - Short Sell 124.00 shares at 160.93 on 2024-10-31 15:30:00+00:00
2024-11-11 22:40:21,356 - Short Sell 124.00 shares at 161.02 on 2024-10-31 15:45:00+00:00
2024-11-11 22:40:21,356 - Buy to cover -1114.00 shares at 160.11 on 2024-10-31 16:00:00+00:00 (Exit: Profit_take, Profit: 1132.5299999999952, Duration: 135.0 minutes)
2024-11-11 22:40:21,356 - Short Sell 125.00 shares at 159.96 on 2024-10-31 16:15:00+00:00
2024-11-11 22:40:21,356 - Short Sell 125.00 shares at 159.68 on 2024-10-31 16:30:00+00:00
2024-11-11 22:40:21,356 - Short Sell 125.00 shares at 159.98 on 2024-10-31 16:45:00+00:00
2024-11-11 22:40:21,356 - Short Sell 125.00 shares at 159.7 on 2024-10-31 17:00:00+00:00
2024-11-11 22:40:21,356 - Short Sell 125.00 shares at 160.42 on 2024-10-31 17:15:00+00:00
2024-11-11 22:40:21,356 - Short Sell 125.00 shares at 159.96 on 2024-10-31 17:30:00+00:00
2024-11-11 22:40:21,356 - Short Sell 125.00 shares at 159.93 on 2024-10-31 17:45:00+00:00
2024-11-11 22:40:21,356 - Short Sell 125.00 shares at 160.17 on 2024-10-31 18:00:00+00:00
2024-11-11 22:40:21,356 - Short Sell 124.00 shares at 160.99 on 2024-10-31 18:15:00+00:00
2024-11-11 22:40:21,356 - Short Sell 125.00 shares at 160.13 on 2024-10-31 18:30:00+00:00
2024-11-11 22:40:21,356 - Short Sell 126.00 shares at 159.39 on 2024-10-31 18:45:00+00:00
2024-11-11 22:40:21,357 - Buy to cover -1375.00 shares at 158.71 on 2024-10-31 19:00:00+00:00 (Exit: Profit_take, Profit: 1810.9000000000037, Duration: 165.0 minutes)
2024-11-11 22:40:21,357 - Short Sell 126.00 shares at 159.0 on 2024-10-31 19:15:00+00:00
2024-11-11 22:40:21,357 - Short Sell 126.00 shares at 158.64 on 2024-10-31 19:30:00+00:00
2024-11-11 22:40:21,357 - Short Sell 126.00 shares at 158.5 on 2024-10-31 19:45:00+00:00
2024-11-11 22:40:21,357 - Short Sell 125.00 shares at 159.63 on 2024-11-01 13:30:00+00:00
2024-11-11 22:40:21,357 - Buy to cover -503.00 shares at 162.19 on 2024-11-01 13:45:00+00:00 (Exit: Stop_loss, Profit: -1634.1799999999955, Duration: 1110.0 minutes)
2024-11-11 22:40:21,357 - Short Sell 122.00 shares at 163.58 on 2024-11-04 14:45:00+00:00
2024-11-11 22:40:21,357 - Short Sell 122.00 shares at 163.64 on 2024-11-04 15:00:00+00:00
2024-11-11 22:40:21,357 - Short Sell 122.00 shares at 163.56 on 2024-11-04 15:15:00+00:00
2024-11-11 22:40:21,357 - Buy to cover -366.00 shares at 162.56 on 2024-11-04 15:30:00+00:00 (Exit: Profit_take, Profit: 378.1999999999993, Duration: 45.0 minutes)
2024-11-11 22:40:21,357 - Long Buy 123.00 shares at 162.93 on 2024-11-04 16:30:00+00:00
2024-11-11 22:40:21,357 - Long Buy 121.00 shares at 162.52 on 2024-11-04 18:00:00+00:00
2024-11-11 22:40:21,357 - Long Buy 118.00 shares at 162.64 on 2024-11-04 18:15:00+00:00
2024-11-11 22:40:21,357 - Long Buy 116.00 shares at 162.53 on 2024-11-04 18:45:00+00:00
2024-11-11 22:40:21,357 - Long Buy 114.00 shares at 162.34 on 2024-11-04 19:00:00+00:00
2024-11-11 22:40:21,357 - Long Buy 111.00 shares at 162.14 on 2024-11-04 19:15:00+00:00
2024-11-11 22:40:21,357 - Long Buy 109.00 shares at 162.38 on 2024-11-04 19:30:00+00:00
2024-11-11 22:40:21,357 - Long Buy 107.00 shares at 162.21 on 2024-11-04 19:45:00+00:00
2024-11-11 22:40:21,358 - Long Buy 105.00 shares at 162.12 on 2024-11-04 20:00:00+00:00
2024-11-11 22:40:21,358 - Long Buy 103.00 shares at 162.25 on 2024-11-04 20:15:00+00:00
2024-11-11 22:40:21,358 - Long Buy 101.00 shares at 162.35 on 2024-11-04 20:30:00+00:00
2024-11-11 22:40:21,358 - Long Buy 99.00 shares at 161.69 on 2024-11-05 14:30:00+00:00
2024-11-11 22:40:21,358 - Sell to close 1327.00 shares at 161.28 on 2024-11-05 14:45:00+00:00 (Exit: Stop_loss, Profit: -1430.9500000000048, Duration: 1335.0 minutes)
2024-11-11 22:40:21,358 - Short Sell 121.00 shares at 165.36 on 2024-11-06 14:30:00+00:00
2024-11-11 22:40:21,358 - Short Sell 120.00 shares at 166.14 on 2024-11-06 14:45:00+00:00
2024-11-11 22:40:21,358 - Buy to cover -241.00 shares at 164.2 on 2024-11-06 15:00:00+00:00 (Exit: Profit_take, Profit: 373.16000000000224, Duration: 30.0 minutes)
2024-11-11 22:40:21,358 - Short Sell 122.00 shares at 163.74 on 2024-11-06 15:15:00+00:00
2024-11-11 22:40:21,358 - Short Sell 122.00 shares at 164.37 on 2024-11-06 15:30:00+00:00
2024-11-11 22:40:21,358 - Short Sell 122.00 shares at 163.93 on 2024-11-06 15:45:00+00:00
2024-11-11 22:40:21,358 - Short Sell 122.00 shares at 163.96 on 2024-11-06 16:00:00+00:00
2024-11-11 22:40:21,358 - Short Sell 121.00 shares at 164.71 on 2024-11-06 16:15:00+00:00
2024-11-11 22:40:21,358 - Short Sell 121.00 shares at 165.28 on 2024-11-06 16:30:00+00:00
2024-11-11 22:40:21,358 - Short Sell 121.00 shares at 164.99 on 2024-11-06 16:45:00+00:00
2024-11-11 22:40:21,358 - Short Sell 121.00 shares at 164.98 on 2024-11-06 17:00:00+00:00
2024-11-11 22:40:21,358 - Short Sell 121.00 shares at 164.78 on 2024-11-06 17:15:00+00:00
2024-11-11 22:40:21,358 - Short Sell 121.00 shares at 164.47 on 2024-11-06 17:30:00+00:00
2024-11-11 22:40:21,358 - Short Sell 121.00 shares at 165.03 on 2024-11-06 17:45:00+00:00
2024-11-11 22:40:21,358 - Short Sell 121.00 shares at 164.5 on 2024-11-06 18:00:00+00:00
2024-11-11 22:40:21,358 - Short Sell 122.00 shares at 163.88 on 2024-11-06 18:15:00+00:00
2024-11-11 22:40:21,358 - Short Sell 122.00 shares at 164.17 on 2024-11-06 18:30:00+00:00
2024-11-11 22:40:21,359 - Buy to cover -1700.00 shares at 163.53 on 2024-11-06 19:30:00+00:00 (Exit: Profit_take, Profit: 1620.6399999999776, Duration: 255.0 minutes)
2024-11-11 22:40:21,359 - Long Buy 123.00 shares at 163.28 on 2024-11-06 19:45:00+00:00
2024-11-11 22:40:21,359 - Long Buy 120.00 shares at 163.36 on 2024-11-06 20:00:00+00:00
2024-11-11 22:40:21,359 - Long Buy 118.00 shares at 163.41 on 2024-11-06 20:15:00+00:00
2024-11-11 22:40:21,359 - Long Buy 115.00 shares at 163.09 on 2024-11-06 20:30:00+00:00
2024-11-11 22:40:21,359 - Long Buy 113.00 shares at 162.71 on 2024-11-06 20:45:00+00:00
2024-11-11 22:40:21,359 - Long Buy 111.00 shares at 163.06 on 2024-11-07 14:30:00+00:00
2024-11-11 22:40:21,359 - Long Buy 109.00 shares at 162.34 on 2024-11-07 14:45:00+00:00
2024-11-11 22:40:21,359 - Long Buy 107.00 shares at 162.04 on 2024-11-07 15:00:00+00:00
2024-11-11 22:40:21,359 - Long Buy 105.00 shares at 162.58 on 2024-11-07 15:15:00+00:00
2024-11-11 22:40:21,359 - Long Buy 102.00 shares at 163.24 on 2024-11-07 15:30:00+00:00
2024-11-11 22:40:21,359 - Sell to close 1123.00 shares at 163.77 on 2024-11-07 15:45:00+00:00 (Exit: Profit_take, Profit: 948.7299999999915, Duration: 1200.0 minutes)
2024-11-11 22:40:21,359 - Long Buy 123.00 shares at 163.16 on 2024-11-07 16:30:00+00:00
2024-11-11 22:40:21,359 - Long Buy 120.00 shares at 163.02 on 2024-11-07 16:45:00+00:00
2024-11-11 22:40:21,359 - Long Buy 118.00 shares at 163.13 on 2024-11-07 18:15:00+00:00
2024-11-11 22:40:21,359 - Long Buy 116.00 shares at 163.1 on 2024-11-07 18:30:00+00:00
2024-11-11 22:40:21,359 - Long Buy 113.00 shares at 162.87 on 2024-11-07 18:45:00+00:00
2024-11-11 22:40:21,359 - Long Buy 111.00 shares at 163.02 on 2024-11-07 19:00:00+00:00
2024-11-11 22:40:21,359 - Long Buy 109.00 shares at 163.08 on 2024-11-07 19:30:00+00:00
2024-11-11 22:40:21,359 - Long Buy 107.00 shares at 162.79 on 2024-11-07 20:45:00+00:00
2024-11-11 22:40:21,359 - Sell to close 917.00 shares at 164.08 on 2024-11-08 14:30:00+00:00 (Exit: Profit_take, Profit: 967.5599999999855, Duration: 1320.0 minutes)
2024-11-11 22:40:21,360 - Short Sell 122.00 shares at 164.0 on 2024-11-08 14:45:00+00:00
2024-11-11 22:40:21,360 - Short Sell 122.00 shares at 163.89 on 2024-11-08 15:00:00+00:00
2024-11-11 22:40:21,360 - Short Sell 122.00 shares at 163.94 on 2024-11-08 15:15:00+00:00
2024-11-11 22:40:21,360 - Short Sell 123.00 shares at 163.64 on 2024-11-08 15:30:00+00:00
2024-11-11 22:40:21,360 - Short Sell 122.00 shares at 163.83 on 2024-11-08 16:15:00+00:00
2024-11-11 22:40:21,360 - Short Sell 122.00 shares at 164.06 on 2024-11-08 16:30:00+00:00
2024-11-11 22:40:21,360 - Short Sell 122.00 shares at 164.7 on 2024-11-08 16:45:00+00:00
2024-11-11 22:40:21,360 - Short Sell 121.00 shares at 164.97 on 2024-11-08 17:00:00+00:00
2024-11-11 22:40:21,360 - Short Sell 122.00 shares at 164.66 on 2024-11-08 17:15:00+00:00
2024-11-11 22:40:21,360 - Short Sell 122.00 shares at 164.88 on 2024-11-08 17:30:00+00:00
2024-11-11 22:40:21,360 - Short Sell 121.00 shares at 164.96 on 2024-11-08 17:45:00+00:00
2024-11-11 22:40:21,360 - Short Sell 121.00 shares at 165.14 on 2024-11-08 18:00:00+00:00
2024-11-11 22:40:21,360 - Buy to cover -1462.00 shares at 165.54 on 2024-11-08 18:15:00+00:00 (Exit: Stop_loss, Profit: -1685.1700000000048, Duration: 210.0 minutes)
2024-11-11 22:40:21,362 - Final statisticsStock: CLX, 
total_trades: 33, 
winning_trades: 25, 
losing_trades: 8, 
average_return: 0.003019558323971337, 
average_duration: 785.0, 
final_balance: 1005025.9699999997, 
final_portfolio_value: 1005025.9699999997, 
sharpe_ratio: 7.984029288567675, 



