2024-11-11 22:16:17,548 - Starting GBMStrategy with initial capital: 1000000
2024-11-11 22:16:17,548 - Hyperparameters: {'threshold': 1.5, 'time_periods': 30, 'num_simulations': 150}
2024-11-11 22:17:36,627 - Short Sell 59.00 shares at 337.04 on 2024-10-11 14:30:00+00:00
2024-11-11 22:17:36,628 - Short Sell 59.00 shares at 337.29 on 2024-10-11 14:45:00+00:00
2024-11-11 22:17:36,628 - Short Sell 59.00 shares at 337.6 on 2024-10-11 15:00:00+00:00
2024-11-11 22:17:36,628 - Short Sell 59.00 shares at 337.25 on 2024-10-11 15:30:00+00:00
2024-11-11 22:17:36,628 - Buy to cover -236.00 shares at 335.12 on 2024-10-11 16:15:00+00:00 (Exit: Profit_take, Profit: 513.2999999999893, Duration: 105.0 minutes)
2024-11-11 22:17:36,628 - Long Buy 59.00 shares at 335.09 on 2024-10-11 16:30:00+00:00
2024-11-11 22:17:36,628 - Long Buy 58.00 shares at 335.5 on 2024-10-11 16:45:00+00:00
2024-11-11 22:17:36,628 - Long Buy 57.00 shares at 335.39 on 2024-10-11 17:00:00+00:00
2024-11-11 22:17:36,628 - Long Buy 56.00 shares at 335.21 on 2024-10-11 17:15:00+00:00
2024-11-11 22:17:36,628 - Long Buy 55.00 shares at 335.76 on 2024-10-11 17:30:00+00:00
2024-11-11 22:17:36,628 - Long Buy 54.00 shares at 335.1 on 2024-10-14 13:30:00+00:00
2024-11-11 22:17:36,628 - Sell to close 339.00 shares at 337.08 on 2024-10-14 14:30:00+00:00 (Exit: Profit_take, Profit: 589.6199999999876, Duration: 4200.0 minutes)
2024-11-11 22:17:36,628 - Short Sell 59.00 shares at 338.31 on 2024-10-14 15:00:00+00:00
2024-11-11 22:17:36,629 - Short Sell 59.00 shares at 338.32 on 2024-10-14 15:15:00+00:00
2024-11-11 22:17:36,629 - Buy to cover -118.00 shares at 337.93 on 2024-10-14 15:30:00+00:00 (Exit: Signal, Profit: 45.42999999999893, Duration: 30.0 minutes)
2024-11-11 22:17:36,629 - Long Buy 59.00 shares at 337.87 on 2024-10-14 15:45:00+00:00
2024-11-11 22:17:36,629 - Long Buy 58.00 shares at 337.93 on 2024-10-14 16:00:00+00:00
2024-11-11 22:17:36,629 - Long Buy 56.00 shares at 337.52 on 2024-10-14 16:15:00+00:00
2024-11-11 22:17:36,629 - Long Buy 55.00 shares at 337.32 on 2024-10-14 16:30:00+00:00
2024-11-11 22:17:36,629 - Long Buy 54.00 shares at 337.51 on 2024-10-14 16:45:00+00:00
2024-11-11 22:17:36,629 - Long Buy 53.00 shares at 337.06 on 2024-10-14 17:00:00+00:00
2024-11-11 22:17:36,629 - Long Buy 52.00 shares at 336.92 on 2024-10-14 17:15:00+00:00
2024-11-11 22:17:36,629 - Long Buy 51.00 shares at 337.43 on 2024-10-14 17:30:00+00:00
2024-11-11 22:17:36,629 - Long Buy 50.00 shares at 337.68 on 2024-10-14 17:45:00+00:00
2024-11-11 22:17:36,629 - Long Buy 49.00 shares at 336.38 on 2024-10-15 13:45:00+00:00
2024-11-11 22:17:36,629 - Long Buy 48.00 shares at 337.3 on 2024-10-15 14:00:00+00:00
2024-11-11 22:17:36,629 - Long Buy 47.00 shares at 336.53 on 2024-10-15 14:30:00+00:00
2024-11-11 22:17:36,630 - Sell to close 632.00 shares at 338.25 on 2024-10-15 16:30:00+00:00 (Exit: Signal, Profit: 593.5900000000311, Duration: 1485.0 minutes)
2024-11-11 22:17:36,630 - Long Buy 59.00 shares at 337.72 on 2024-10-15 16:45:00+00:00
2024-11-11 22:17:36,630 - Long Buy 58.00 shares at 336.57 on 2024-10-15 17:00:00+00:00
2024-11-11 22:17:36,630 - Long Buy 57.00 shares at 336.4 on 2024-10-15 17:15:00+00:00
2024-11-11 22:17:36,630 - Long Buy 55.00 shares at 337.08 on 2024-10-15 17:30:00+00:00
2024-11-11 22:17:36,630 - Long Buy 54.00 shares at 336.38 on 2024-10-15 17:45:00+00:00
2024-11-11 22:17:36,630 - Long Buy 53.00 shares at 336.04 on 2024-10-15 18:00:00+00:00
2024-11-11 22:17:36,630 - Long Buy 52.00 shares at 335.71 on 2024-10-15 18:15:00+00:00
2024-11-11 22:17:36,630 - Long Buy 51.00 shares at 335.81 on 2024-10-15 18:30:00+00:00
2024-11-11 22:17:36,630 - Long Buy 50.00 shares at 335.79 on 2024-10-15 18:45:00+00:00
2024-11-11 22:17:36,630 - Long Buy 49.00 shares at 335.26 on 2024-10-15 19:00:00+00:00
2024-11-11 22:17:36,630 - Sell to close 538.00 shares at 333.69 on 2024-10-15 19:15:00+00:00 (Exit: Stop_loss, Profit: -1410.6299999999892, Duration: 150.0 minutes)
2024-11-11 22:17:36,630 - Long Buy 59.00 shares at 334.69 on 2024-10-16 13:30:00+00:00
2024-11-11 22:17:36,630 - Long Buy 58.00 shares at 333.5 on 2024-10-16 13:45:00+00:00
2024-11-11 22:17:36,630 - Long Buy 57.00 shares at 333.56 on 2024-10-16 14:00:00+00:00
2024-11-11 22:17:36,630 - Long Buy 56.00 shares at 334.46 on 2024-10-16 14:15:00+00:00
2024-11-11 22:17:36,630 - Long Buy 55.00 shares at 334.18 on 2024-10-16 14:30:00+00:00
2024-11-11 22:17:36,630 - Long Buy 54.00 shares at 334.31 on 2024-10-16 14:45:00+00:00
2024-11-11 22:17:36,630 - Long Buy 53.00 shares at 333.41 on 2024-10-16 15:00:00+00:00
2024-11-11 22:17:36,630 - Long Buy 52.00 shares at 333.13 on 2024-10-16 15:15:00+00:00
2024-11-11 22:17:36,630 - Long Buy 51.00 shares at 332.46 on 2024-10-16 15:30:00+00:00
2024-11-11 22:17:36,630 - Long Buy 50.00 shares at 333.25 on 2024-10-16 15:45:00+00:00
2024-11-11 22:17:36,630 - Long Buy 49.00 shares at 332.9 on 2024-10-16 16:00:00+00:00
2024-11-11 22:17:36,630 - Long Buy 48.00 shares at 332.69 on 2024-10-16 16:15:00+00:00
2024-11-11 22:17:36,630 - Long Buy 47.00 shares at 332.42 on 2024-10-16 16:30:00+00:00
2024-11-11 22:17:36,631 - Long Buy 46.00 shares at 332.26 on 2024-10-16 16:45:00+00:00
2024-11-11 22:17:36,631 - Long Buy 45.00 shares at 331.92 on 2024-10-16 17:00:00+00:00
2024-11-11 22:17:36,631 - Long Buy 44.00 shares at 332.1 on 2024-10-16 17:15:00+00:00
2024-11-11 22:17:36,631 - Long Buy 43.00 shares at 331.75 on 2024-10-16 17:30:00+00:00
2024-11-11 22:17:36,631 - Long Buy 42.00 shares at 331.87 on 2024-10-16 17:45:00+00:00
2024-11-11 22:17:36,631 - Sell to close 909.00 shares at 332.45 on 2024-10-16 18:00:00+00:00 (Exit: Signal, Profit: -620.9400000000242, Duration: 270.0 minutes)
2024-11-11 22:17:36,631 - Short Sell 60.00 shares at 332.99 on 2024-10-16 18:15:00+00:00
2024-11-11 22:17:36,631 - Short Sell 60.00 shares at 332.85 on 2024-10-16 18:30:00+00:00
2024-11-11 22:17:36,631 - Short Sell 60.00 shares at 332.63 on 2024-10-16 18:45:00+00:00
2024-11-11 22:17:36,631 - Short Sell 60.00 shares at 332.76 on 2024-10-16 19:00:00+00:00
2024-11-11 22:17:36,631 - Short Sell 60.00 shares at 332.7 on 2024-10-16 19:15:00+00:00
2024-11-11 22:17:36,631 - Short Sell 59.00 shares at 333.7 on 2024-10-16 19:45:00+00:00
2024-11-11 22:17:36,631 - Short Sell 59.00 shares at 333.45 on 2024-10-17 13:30:00+00:00
2024-11-11 22:17:36,631 - Short Sell 59.00 shares at 334.31 on 2024-10-17 13:45:00+00:00
2024-11-11 22:17:36,631 - Short Sell 59.00 shares at 333.75 on 2024-10-17 14:00:00+00:00
2024-11-11 22:17:36,631 - Short Sell 59.00 shares at 333.47 on 2024-10-17 16:30:00+00:00
2024-11-11 22:17:36,631 - Short Sell 59.00 shares at 333.75 on 2024-10-17 16:45:00+00:00
2024-11-11 22:17:36,631 - Short Sell 59.00 shares at 333.62 on 2024-10-17 17:00:00+00:00
2024-11-11 22:17:36,631 - Short Sell 59.00 shares at 333.57 on 2024-10-17 17:30:00+00:00
2024-11-11 22:17:36,631 - Short Sell 59.00 shares at 333.5 on 2024-10-17 17:45:00+00:00
2024-11-11 22:17:36,631 - Buy to cover -831.00 shares at 332.93 on 2024-10-17 18:30:00+00:00 (Exit: Signal, Profit: 355.0499999999844, Duration: 1455.0 minutes)
2024-11-11 22:17:36,632 - Short Sell 59.00 shares at 333.54 on 2024-10-17 19:30:00+00:00
2024-11-11 22:17:36,632 - Short Sell 59.00 shares at 334.63 on 2024-10-18 13:30:00+00:00
2024-11-11 22:17:36,632 - Short Sell 59.00 shares at 335.64 on 2024-10-18 13:45:00+00:00
2024-11-11 22:17:36,632 - Short Sell 59.00 shares at 334.02 on 2024-10-18 14:00:00+00:00
2024-11-11 22:17:36,632 - Short Sell 59.00 shares at 335.11 on 2024-10-18 14:15:00+00:00
2024-11-11 22:17:36,632 - Short Sell 59.00 shares at 335.25 on 2024-10-18 14:30:00+00:00
2024-11-11 22:17:36,632 - Short Sell 59.00 shares at 336.07 on 2024-10-18 14:45:00+00:00
2024-11-11 22:17:36,632 - Buy to cover -413.00 shares at 336.64 on 2024-10-18 15:00:00+00:00 (Exit: Stop_loss, Profit: -720.9799999999882, Duration: 1170.0 minutes)
2024-11-11 22:17:36,632 - Long Buy 59.00 shares at 335.22 on 2024-10-21 13:45:00+00:00
2024-11-11 22:17:36,632 - Long Buy 58.00 shares at 334.72 on 2024-10-21 14:00:00+00:00
2024-11-11 22:17:36,632 - Long Buy 57.00 shares at 334.05 on 2024-10-21 14:15:00+00:00
2024-11-11 22:17:36,632 - Long Buy 56.00 shares at 334.36 on 2024-10-21 14:30:00+00:00
2024-11-11 22:17:36,632 - Long Buy 55.00 shares at 333.74 on 2024-10-21 14:45:00+00:00
2024-11-11 22:17:36,632 - Long Buy 54.00 shares at 333.68 on 2024-10-21 15:00:00+00:00
2024-11-11 22:17:36,632 - Long Buy 53.00 shares at 333.54 on 2024-10-21 15:15:00+00:00
2024-11-11 22:17:36,632 - Long Buy 52.00 shares at 333.69 on 2024-10-21 15:30:00+00:00
2024-11-11 22:17:36,632 - Long Buy 50.00 shares at 334.35 on 2024-10-21 15:45:00+00:00
2024-11-11 22:17:36,632 - Long Buy 49.00 shares at 333.75 on 2024-10-21 16:00:00+00:00
2024-11-11 22:17:36,632 - Long Buy 48.00 shares at 334.22 on 2024-10-21 16:15:00+00:00
2024-11-11 22:17:36,632 - Long Buy 47.00 shares at 334.21 on 2024-10-21 16:30:00+00:00
2024-11-11 22:17:36,632 - Long Buy 46.00 shares at 334.61 on 2024-10-21 16:45:00+00:00
2024-11-11 22:17:36,632 - Long Buy 46.00 shares at 334.49 on 2024-10-21 17:00:00+00:00
2024-11-11 22:17:36,632 - Long Buy 45.00 shares at 334.69 on 2024-10-21 17:15:00+00:00
2024-11-11 22:17:36,632 - Long Buy 44.00 shares at 334.98 on 2024-10-21 17:30:00+00:00
2024-11-11 22:17:36,632 - Long Buy 43.00 shares at 334.97 on 2024-10-21 17:45:00+00:00
2024-11-11 22:17:36,633 - Long Buy 42.00 shares at 334.41 on 2024-10-21 18:00:00+00:00
2024-11-11 22:17:36,633 - Long Buy 41.00 shares at 334.62 on 2024-10-21 18:15:00+00:00
2024-11-11 22:17:36,633 - Long Buy 40.00 shares at 334.53 on 2024-10-21 18:30:00+00:00
2024-11-11 22:17:36,633 - Long Buy 40.00 shares at 333.97 on 2024-10-21 18:45:00+00:00
2024-11-11 22:17:36,633 - Long Buy 39.00 shares at 334.63 on 2024-10-21 19:00:00+00:00
2024-11-11 22:17:36,633 - Long Buy 38.00 shares at 334.71 on 2024-10-21 19:15:00+00:00
2024-11-11 22:17:36,633 - Long Buy 37.00 shares at 334.13 on 2024-10-21 19:30:00+00:00
2024-11-11 22:17:36,633 - Long Buy 37.00 shares at 333.65 on 2024-10-21 19:45:00+00:00
2024-11-11 22:17:36,633 - Sell to close 1176.00 shares at 327.19 on 2024-10-22 13:30:00+00:00 (Exit: Stop_loss, Profit: -8371.43999999995, Duration: 1425.0 minutes)
2024-11-11 22:17:36,633 - Short Sell 59.00 shares at 330.57 on 2024-10-23 13:30:00+00:00
2024-11-11 22:17:36,633 - Short Sell 59.00 shares at 330.63 on 2024-10-23 13:45:00+00:00
2024-11-11 22:17:36,633 - Short Sell 59.00 shares at 330.79 on 2024-10-23 14:00:00+00:00
2024-11-11 22:17:36,633 - Short Sell 59.00 shares at 333.12 on 2024-10-23 14:15:00+00:00
2024-11-11 22:17:36,633 - Short Sell 59.00 shares at 333.04 on 2024-10-23 14:30:00+00:00
2024-11-11 22:17:36,633 - Short Sell 59.00 shares at 330.89 on 2024-10-23 14:45:00+00:00
2024-11-11 22:17:36,633 - Buy to cover -354.00 shares at 330.31 on 2024-10-23 15:00:00+00:00 (Exit: Signal, Profit: 423.61999999999705, Duration: 90.0 minutes)
2024-11-11 22:17:36,633 - Long Buy 59.00 shares at 330.56 on 2024-10-23 15:15:00+00:00
2024-11-11 22:17:36,633 - Long Buy 58.00 shares at 330.19 on 2024-10-23 17:00:00+00:00
2024-11-11 22:17:36,633 - Long Buy 57.00 shares at 329.93 on 2024-10-23 17:15:00+00:00
2024-11-11 22:17:36,634 - Long Buy 56.00 shares at 329.51 on 2024-10-23 17:30:00+00:00
2024-11-11 22:17:36,634 - Long Buy 55.00 shares at 329.24 on 2024-10-23 17:45:00+00:00
2024-11-11 22:17:36,634 - Long Buy 54.00 shares at 329.01 on 2024-10-23 18:00:00+00:00
2024-11-11 22:17:36,634 - Long Buy 53.00 shares at 329.52 on 2024-10-23 18:15:00+00:00
2024-11-11 22:17:36,634 - Long Buy 52.00 shares at 329.73 on 2024-10-24 13:30:00+00:00
2024-11-11 22:17:36,634 - Long Buy 51.00 shares at 329.61 on 2024-10-24 16:00:00+00:00
2024-11-11 22:17:36,634 - Long Buy 50.00 shares at 330.13 on 2024-10-24 16:15:00+00:00
2024-11-11 22:17:36,634 - Sell to close 545.00 shares at 331.19 on 2024-10-24 16:45:00+00:00 (Exit: Signal, Profit: 784.0500000000097, Duration: 1530.0 minutes)
2024-11-11 22:17:36,634 - Short Sell 59.00 shares at 331.58 on 2024-10-24 17:00:00+00:00
2024-11-11 22:17:36,634 - Short Sell 59.00 shares at 331.93 on 2024-10-24 17:15:00+00:00
2024-11-11 22:17:36,634 - Short Sell 59.00 shares at 332.42 on 2024-10-24 17:30:00+00:00
2024-11-11 22:17:36,634 - Short Sell 59.00 shares at 331.79 on 2024-10-24 17:45:00+00:00
2024-11-11 22:17:36,634 - Short Sell 59.00 shares at 332.3 on 2024-10-24 18:00:00+00:00
2024-11-11 22:17:36,634 - Short Sell 59.00 shares at 332.34 on 2024-10-24 18:15:00+00:00
2024-11-11 22:17:36,634 - Short Sell 59.00 shares at 332.39 on 2024-10-24 18:30:00+00:00
2024-11-11 22:17:36,634 - Short Sell 59.00 shares at 332.79 on 2024-10-24 18:45:00+00:00
2024-11-11 22:17:36,634 - Short Sell 59.00 shares at 333.16 on 2024-10-24 19:00:00+00:00
2024-11-11 22:17:36,634 - Short Sell 59.00 shares at 332.73 on 2024-10-24 19:15:00+00:00
2024-11-11 22:17:36,634 - Short Sell 59.00 shares at 332.47 on 2024-10-24 19:30:00+00:00
2024-11-11 22:17:36,634 - Short Sell 59.00 shares at 332.48 on 2024-10-24 19:45:00+00:00
2024-11-11 22:17:36,634 - Short Sell 59.00 shares at 333.1 on 2024-10-25 13:30:00+00:00
2024-11-11 22:17:36,634 - Short Sell 59.00 shares at 332.5 on 2024-10-25 13:45:00+00:00
2024-11-11 22:17:36,634 - Short Sell 59.00 shares at 334.57 on 2024-10-25 14:00:00+00:00
2024-11-11 22:17:36,635 - Short Sell 59.00 shares at 334.57 on 2024-10-25 14:15:00+00:00
2024-11-11 22:17:36,635 - Short Sell 59.00 shares at 333.39 on 2024-10-25 14:30:00+00:00
2024-11-11 22:17:36,635 - Short Sell 59.00 shares at 332.53 on 2024-10-25 14:45:00+00:00
2024-11-11 22:17:36,635 - Short Sell 59.00 shares at 332.18 on 2024-10-25 15:00:00+00:00
2024-11-11 22:17:36,635 - Buy to cover -1121.00 shares at 330.82 on 2024-10-25 15:15:00+00:00 (Exit: Profit_take, Profit: 2102.760000000076, Duration: 1335.0 minutes)
2024-11-11 22:17:36,635 - Short Sell 59.00 shares at 332.17 on 2024-10-25 16:15:00+00:00
2024-11-11 22:17:36,635 - Short Sell 59.00 shares at 332.53 on 2024-10-25 16:30:00+00:00
2024-11-11 22:17:36,635 - Short Sell 59.00 shares at 332.4 on 2024-10-25 16:45:00+00:00
2024-11-11 22:17:36,635 - Buy to cover -177.00 shares at 331.89 on 2024-10-25 17:00:00+00:00 (Exit: Signal, Profit: 84.37000000000376, Duration: 45.0 minutes)
2024-11-11 22:17:36,635 - Long Buy 60.00 shares at 331.41 on 2024-10-25 17:15:00+00:00
2024-11-11 22:17:36,635 - Long Buy 59.00 shares at 329.66 on 2024-10-25 17:30:00+00:00
2024-11-11 22:17:36,635 - Long Buy 57.00 shares at 330.74 on 2024-10-25 17:45:00+00:00
2024-11-11 22:17:36,635 - Long Buy 56.00 shares at 330.22 on 2024-10-25 18:00:00+00:00
2024-11-11 22:17:36,635 - Long Buy 55.00 shares at 331.35 on 2024-10-25 18:15:00+00:00
2024-11-11 22:17:36,635 - Long Buy 54.00 shares at 331.54 on 2024-10-25 18:30:00+00:00
2024-11-11 22:17:36,635 - Long Buy 53.00 shares at 331.4 on 2024-10-25 18:45:00+00:00
2024-11-11 22:17:36,635 - Long Buy 52.00 shares at 330.34 on 2024-10-25 19:00:00+00:00
2024-11-11 22:17:36,635 - Long Buy 51.00 shares at 329.18 on 2024-10-25 19:15:00+00:00
2024-11-11 22:17:36,635 - Long Buy 50.00 shares at 329.42 on 2024-10-25 19:30:00+00:00
2024-11-11 22:17:36,635 - Long Buy 49.00 shares at 329.14 on 2024-10-25 19:45:00+00:00
2024-11-11 22:17:36,635 - Long Buy 48.00 shares at 330.62 on 2024-10-28 13:30:00+00:00
2024-11-11 22:17:36,635 - Sell to close 644.00 shares at 332.21 on 2024-10-28 13:45:00+00:00 (Exit: Profit_take, Profit: 1138.1099999999908, Duration: 4110.0 minutes)
2024-11-11 22:17:36,635 - Long Buy 60.00 shares at 331.17 on 2024-10-28 14:00:00+00:00
2024-11-11 22:17:36,635 - Sell to close 60.00 shares at 333.24 on 2024-10-28 15:15:00+00:00 (Exit: Profit_take, Profit: 124.19999999999959, Duration: 75.0 minutes)
2024-11-11 22:17:36,636 - Short Sell 59.00 shares at 333.49 on 2024-10-28 15:30:00+00:00
2024-11-11 22:17:36,636 - Short Sell 59.00 shares at 333.58 on 2024-10-28 15:45:00+00:00
2024-11-11 22:17:36,636 - Short Sell 59.00 shares at 334.23 on 2024-10-28 16:00:00+00:00
2024-11-11 22:17:36,636 - Short Sell 59.00 shares at 334.07 on 2024-10-28 16:15:00+00:00
2024-11-11 22:17:36,636 - Short Sell 59.00 shares at 334.26 on 2024-10-28 16:30:00+00:00
2024-11-11 22:17:36,636 - Short Sell 59.00 shares at 333.84 on 2024-10-28 16:45:00+00:00
2024-11-11 22:17:36,636 - Short Sell 59.00 shares at 333.79 on 2024-10-28 17:00:00+00:00
2024-11-11 22:17:36,636 - Short Sell 59.00 shares at 334.28 on 2024-10-28 17:15:00+00:00
2024-11-11 22:17:36,636 - Short Sell 59.00 shares at 334.31 on 2024-10-28 17:30:00+00:00
2024-11-11 22:17:36,636 - Short Sell 59.00 shares at 334.57 on 2024-10-28 17:45:00+00:00
2024-11-11 22:17:36,636 - Short Sell 59.00 shares at 334.72 on 2024-10-28 18:00:00+00:00
2024-11-11 22:17:36,636 - Short Sell 59.00 shares at 334.87 on 2024-10-28 18:15:00+00:00
2024-11-11 22:17:36,636 - Short Sell 59.00 shares at 335.26 on 2024-10-28 19:15:00+00:00
2024-11-11 22:17:36,636 - Buy to cover -767.00 shares at 331.21 on 2024-10-29 13:30:00+00:00 (Exit: Profit_take, Profit: 2332.859999999981, Duration: 1320.0 minutes)
2024-11-11 22:17:36,636 - Long Buy 60.00 shares at 330.6 on 2024-10-29 13:45:00+00:00
2024-11-11 22:17:36,636 - Long Buy 59.00 shares at 331.3 on 2024-10-29 14:00:00+00:00
2024-11-11 22:17:36,636 - Long Buy 57.00 shares at 331.44 on 2024-10-29 14:15:00+00:00
2024-11-11 22:17:36,636 - Long Buy 56.00 shares at 332.16 on 2024-10-29 14:30:00+00:00
2024-11-11 22:17:36,636 - Long Buy 55.00 shares at 332.51 on 2024-10-29 14:45:00+00:00
2024-11-11 22:17:36,636 - Long Buy 54.00 shares at 332.39 on 2024-10-29 15:00:00+00:00
2024-11-11 22:17:36,636 - Long Buy 53.00 shares at 332.3 on 2024-10-29 15:15:00+00:00
2024-11-11 22:17:36,636 - Long Buy 52.00 shares at 332.7 on 2024-10-29 15:30:00+00:00
2024-11-11 22:17:36,636 - Long Buy 51.00 shares at 332.57 on 2024-10-29 15:45:00+00:00
2024-11-11 22:17:36,636 - Long Buy 50.00 shares at 332.59 on 2024-10-29 16:00:00+00:00
2024-11-11 22:17:36,636 - Long Buy 49.00 shares at 332.17 on 2024-10-29 16:15:00+00:00
2024-11-11 22:17:36,637 - Long Buy 48.00 shares at 331.92 on 2024-10-29 16:30:00+00:00
2024-11-11 22:17:36,637 - Long Buy 47.00 shares at 332.31 on 2024-10-29 16:45:00+00:00
2024-11-11 22:17:36,637 - Long Buy 46.00 shares at 332.6 on 2024-10-29 17:00:00+00:00
2024-11-11 22:17:36,637 - Long Buy 45.00 shares at 331.74 on 2024-10-29 17:15:00+00:00
2024-11-11 22:17:36,637 - Long Buy 44.00 shares at 330.96 on 2024-10-29 17:30:00+00:00
2024-11-11 22:17:36,637 - Long Buy 43.00 shares at 331.69 on 2024-10-29 17:45:00+00:00
2024-11-11 22:17:36,637 - Long Buy 42.00 shares at 331.21 on 2024-10-29 18:00:00+00:00
2024-11-11 22:17:36,637 - Long Buy 41.00 shares at 331.39 on 2024-10-29 18:15:00+00:00
2024-11-11 22:17:36,637 - Long Buy 41.00 shares at 332.45 on 2024-10-29 18:30:00+00:00
2024-11-11 22:17:36,637 - Long Buy 40.00 shares at 332.43 on 2024-10-29 18:45:00+00:00
2024-11-11 22:17:36,637 - Long Buy 39.00 shares at 331.5 on 2024-10-29 19:00:00+00:00
2024-11-11 22:17:36,637 - Long Buy 38.00 shares at 331.67 on 2024-10-29 19:15:00+00:00
2024-11-11 22:17:36,637 - Long Buy 37.00 shares at 331.68 on 2024-10-29 19:30:00+00:00
2024-11-11 22:17:36,637 - Long Buy 37.00 shares at 331.29 on 2024-10-29 19:45:00+00:00
2024-11-11 22:17:36,637 - Sell to close 1184.00 shares at 329.17 on 2024-10-30 13:30:00+00:00 (Exit: Stop_loss, Profit: -3245.6199999999626, Duration: 1425.0 minutes)
2024-11-11 22:17:36,637 - Long Buy 60.00 shares at 330.44 on 2024-10-31 13:30:00+00:00
2024-11-11 22:17:36,637 - Long Buy 58.00 shares at 330.99 on 2024-10-31 13:45:00+00:00
2024-11-11 22:17:36,637 - Long Buy 58.00 shares at 329.41 on 2024-10-31 14:00:00+00:00
2024-11-11 22:17:36,637 - Long Buy 56.00 shares at 328.95 on 2024-10-31 14:15:00+00:00
2024-11-11 22:17:36,637 - Long Buy 55.00 shares at 328.86 on 2024-10-31 14:30:00+00:00
2024-11-11 22:17:36,637 - Long Buy 54.00 shares at 328.38 on 2024-10-31 14:45:00+00:00
2024-11-11 22:17:36,637 - Sell to close 341.00 shares at 327.49 on 2024-10-31 15:00:00+00:00 (Exit: Stop_loss, Profit: -696.5299999999868, Duration: 90.0 minutes)
2024-11-11 22:17:36,638 - Long Buy 60.00 shares at 329.32 on 2024-11-01 13:30:00+00:00
2024-11-11 22:17:36,638 - Sell to close 60.00 shares at 331.13 on 2024-11-01 14:00:00+00:00 (Exit: Profit_take, Profit: 108.60000000000014, Duration: 30.0 minutes)
2024-11-11 22:17:36,638 - Long Buy 60.00 shares at 329.93 on 2024-11-01 14:30:00+00:00
2024-11-11 22:17:36,638 - Long Buy 59.00 shares at 329.84 on 2024-11-01 14:45:00+00:00
2024-11-11 22:17:36,638 - Long Buy 57.00 shares at 330.2 on 2024-11-01 15:00:00+00:00
2024-11-11 22:17:36,638 - Long Buy 56.00 shares at 330.74 on 2024-11-01 15:15:00+00:00
2024-11-11 22:17:36,638 - Long Buy 55.00 shares at 330.64 on 2024-11-01 15:30:00+00:00
2024-11-11 22:17:36,638 - Long Buy 54.00 shares at 330.4 on 2024-11-01 15:45:00+00:00
2024-11-11 22:17:36,638 - Long Buy 53.00 shares at 330.07 on 2024-11-01 16:00:00+00:00
2024-11-11 22:17:36,638 - Long Buy 52.00 shares at 329.89 on 2024-11-01 16:15:00+00:00
2024-11-11 22:17:36,638 - Long Buy 51.00 shares at 329.79 on 2024-11-01 16:30:00+00:00
2024-11-11 22:17:36,638 - Long Buy 50.00 shares at 329.0 on 2024-11-01 16:45:00+00:00
2024-11-11 22:17:36,638 - Long Buy 49.00 shares at 329.43 on 2024-11-01 17:00:00+00:00
2024-11-11 22:17:36,638 - Long Buy 48.00 shares at 329.92 on 2024-11-01 17:15:00+00:00
2024-11-11 22:17:36,638 - Long Buy 47.00 shares at 328.9 on 2024-11-01 17:30:00+00:00
2024-11-11 22:17:36,638 - Long Buy 46.00 shares at 329.21 on 2024-11-01 17:45:00+00:00
2024-11-11 22:17:36,638 - Long Buy 45.00 shares at 328.9 on 2024-11-01 18:00:00+00:00
2024-11-11 22:17:36,638 - Long Buy 44.00 shares at 329.64 on 2024-11-01 18:15:00+00:00
2024-11-11 22:17:36,638 - Long Buy 43.00 shares at 329.67 on 2024-11-01 18:30:00+00:00
2024-11-11 22:17:36,638 - Long Buy 42.00 shares at 329.81 on 2024-11-01 18:45:00+00:00
2024-11-11 22:17:36,638 - Long Buy 42.00 shares at 329.67 on 2024-11-01 19:00:00+00:00
2024-11-11 22:17:36,638 - Long Buy 41.00 shares at 329.36 on 2024-11-01 19:15:00+00:00
2024-11-11 22:17:36,638 - Long Buy 40.00 shares at 329.12 on 2024-11-01 19:30:00+00:00
2024-11-11 22:17:36,638 - Long Buy 39.00 shares at 328.69 on 2024-11-01 19:45:00+00:00
2024-11-11 22:17:36,638 - Long Buy 38.00 shares at 329.33 on 2024-11-04 14:30:00+00:00
2024-11-11 22:17:36,638 - Long Buy 38.00 shares at 329.02 on 2024-11-04 14:45:00+00:00
2024-11-11 22:17:36,639 - Long Buy 37.00 shares at 329.13 on 2024-11-04 15:00:00+00:00
2024-11-11 22:17:36,639 - Long Buy 36.00 shares at 328.38 on 2024-11-04 15:15:00+00:00
2024-11-11 22:17:36,639 - Long Buy 36.00 shares at 328.02 on 2024-11-04 15:30:00+00:00
2024-11-11 22:17:36,639 - Long Buy 35.00 shares at 327.65 on 2024-11-04 15:45:00+00:00
2024-11-11 22:17:36,639 - Sell to close 1293.00 shares at 327.0 on 2024-11-04 16:00:00+00:00 (Exit: Stop_loss, Profit: -3271.829999999897, Duration: 4410.0 minutes)
2024-11-11 22:17:36,639 - Short Sell 58.00 shares at 341.66 on 2024-11-05 14:30:00+00:00
2024-11-11 22:17:36,639 - Buy to cover -58.00 shares at 350.44 on 2024-11-05 14:45:00+00:00 (Exit: Stop_loss, Profit: -509.2399999999984, Duration: 15.0 minutes)
2024-11-11 22:17:36,639 - Short Sell 54.00 shares at 361.09 on 2024-11-06 14:30:00+00:00
2024-11-11 22:17:36,639 - Short Sell 54.00 shares at 361.25 on 2024-11-06 14:45:00+00:00
2024-11-11 22:17:36,639 - Short Sell 54.00 shares at 361.74 on 2024-11-06 15:00:00+00:00
2024-11-11 22:17:36,639 - Short Sell 54.00 shares at 360.29 on 2024-11-06 15:15:00+00:00
2024-11-11 22:17:36,639 - Buy to cover -216.00 shares at 355.47 on 2024-11-06 15:30:00+00:00 (Exit: Profit_take, Profit: 1214.4599999999882, Duration: 60.0 minutes)
2024-11-11 22:17:36,639 - Short Sell 55.00 shares at 357.02 on 2024-11-06 15:45:00+00:00
2024-11-11 22:17:36,639 - Short Sell 55.00 shares at 356.48 on 2024-11-06 16:00:00+00:00
2024-11-11 22:17:36,639 - Short Sell 55.00 shares at 355.54 on 2024-11-06 16:15:00+00:00
2024-11-11 22:17:36,640 - Buy to cover -165.00 shares at 354.23 on 2024-11-06 17:15:00+00:00 (Exit: Profit_take, Profit: 349.24999999999187, Duration: 90.0 minutes)
2024-11-11 22:17:36,640 - Short Sell 55.00 shares at 357.55 on 2024-11-06 18:00:00+00:00
2024-11-11 22:17:36,640 - Short Sell 55.00 shares at 358.26 on 2024-11-06 18:15:00+00:00
2024-11-11 22:17:36,640 - Buy to cover -110.00 shares at 357.86 on 2024-11-06 18:30:00+00:00 (Exit: Signal, Profit: 4.950000000001751, Duration: 30.0 minutes)
2024-11-11 22:17:36,640 - Long Buy 55.00 shares at 357.15 on 2024-11-06 18:45:00+00:00
2024-11-11 22:17:36,640 - Long Buy 54.00 shares at 354.69 on 2024-11-06 19:00:00+00:00
2024-11-11 22:17:36,640 - Long Buy 53.00 shares at 354.68 on 2024-11-06 19:15:00+00:00
2024-11-11 22:17:36,640 - Sell to close 162.00 shares at 353.46 on 2024-11-06 19:30:00+00:00 (Exit: Stop_loss, Profit: -334.02999999999463, Duration: 45.0 minutes)
2024-11-11 22:17:36,640 - Long Buy 55.00 shares at 356.58 on 2024-11-07 16:00:00+00:00
2024-11-11 22:17:36,640 - Long Buy 54.00 shares at 356.09 on 2024-11-07 16:30:00+00:00
2024-11-11 22:17:36,640 - Long Buy 53.00 shares at 355.81 on 2024-11-07 16:45:00+00:00
2024-11-11 22:17:36,640 - Long Buy 52.00 shares at 356.34 on 2024-11-07 17:00:00+00:00
2024-11-11 22:17:36,640 - Long Buy 51.00 shares at 356.26 on 2024-11-07 17:15:00+00:00
2024-11-11 22:17:36,640 - Long Buy 50.00 shares at 355.6 on 2024-11-07 18:30:00+00:00
2024-11-11 22:17:36,640 - Long Buy 49.00 shares at 356.24 on 2024-11-07 19:00:00+00:00
2024-11-11 22:17:36,640 - Long Buy 48.00 shares at 355.86 on 2024-11-07 19:30:00+00:00
2024-11-11 22:17:36,640 - Long Buy 47.00 shares at 354.7 on 2024-11-07 20:30:00+00:00
2024-11-11 22:17:36,640 - Long Buy 46.00 shares at 354.66 on 2024-11-07 20:45:00+00:00
2024-11-11 22:17:36,641 - Long Buy 45.00 shares at 354.0 on 2024-11-08 14:30:00+00:00
2024-11-11 22:17:36,641 - Long Buy 44.00 shares at 353.88 on 2024-11-08 14:45:00+00:00
2024-11-11 22:17:36,641 - Sell to close 594.00 shares at 353.4 on 2024-11-08 15:00:00+00:00 (Exit: Stop_loss, Profit: -1281.0500000000243, Duration: 1380.0 minutes)
2024-11-11 22:17:36,642 - Final statisticsStock: CMI, 
total_trades: 26, 
winning_trades: 16, 
losing_trades: 10, 
average_return: -0.0006283752098375703, 
average_duration: 1014.2307692307693, 
final_balance: 990301.9299999992, 
final_portfolio_value: 990301.9299999992, 
sharpe_ratio: -2.133405148731296, 



