2024-11-11 23:21:09,113 - Starting GBMStrategy with initial capital: 1000000
2024-11-11 23:21:09,113 - Hyperparameters: {'threshold': 1.5, 'time_periods': 30, 'num_simulations': 150}
2024-11-11 23:25:50,986 - Long Buy 89.00 shares at 223.36 on 2024-10-11 14:30:00+00:00
2024-11-11 23:25:50,988 - Sell to close 89.00 shares at 223.81 on 2024-10-11 14:45:00+00:00 (Exit: Signal, Profit: 40.04999999999899, Duration: 15.0 minutes)
2024-11-11 23:25:50,988 - Long Buy 89.00 shares at 223.24 on 2024-10-11 15:15:00+00:00
2024-11-11 23:25:50,988 - Long Buy 87.00 shares at 223.08 on 2024-10-11 16:00:00+00:00
2024-11-11 23:25:50,988 - Long Buy 86.00 shares at 222.8 on 2024-10-11 16:15:00+00:00
2024-11-11 23:25:50,988 - Long Buy 84.00 shares at 222.72 on 2024-10-11 16:30:00+00:00
2024-11-11 23:25:50,988 - Long Buy 82.00 shares at 222.59 on 2024-10-11 16:45:00+00:00
2024-11-11 23:25:50,988 - Long Buy 81.00 shares at 222.62 on 2024-10-11 17:00:00+00:00
2024-11-11 23:25:50,988 - Long Buy 79.00 shares at 222.66 on 2024-10-11 17:15:00+00:00
2024-11-11 23:25:50,989 - Long Buy 78.00 shares at 222.75 on 2024-10-11 17:30:00+00:00
2024-11-11 23:25:50,989 - Long Buy 76.00 shares at 222.73 on 2024-10-11 18:15:00+00:00
2024-11-11 23:25:50,989 - Long Buy 74.00 shares at 222.71 on 2024-10-11 18:30:00+00:00
2024-11-11 23:25:50,989 - Long Buy 73.00 shares at 222.76 on 2024-10-11 18:45:00+00:00
2024-11-11 23:25:50,989 - Long Buy 72.00 shares at 222.77 on 2024-10-11 19:00:00+00:00
2024-11-11 23:25:50,989 - Long Buy 70.00 shares at 222.67 on 2024-10-11 19:15:00+00:00
2024-11-11 23:25:50,989 - Long Buy 69.00 shares at 222.81 on 2024-10-11 19:30:00+00:00
2024-11-11 23:25:50,989 - Long Buy 67.00 shares at 222.56 on 2024-10-11 19:45:00+00:00
2024-11-11 23:25:50,989 - Long Buy 66.00 shares at 222.19 on 2024-10-14 13:30:00+00:00
2024-11-11 23:25:50,989 - Long Buy 65.00 shares at 222.25 on 2024-10-14 13:45:00+00:00
2024-11-11 23:25:50,989 - Sell to close 1298.00 shares at 223.72 on 2024-10-14 15:30:00+00:00 (Exit: Signal, Profit: 1301.6799999999434, Duration: 4335.0 minutes)
2024-11-11 23:25:50,989 - Short Sell 89.00 shares at 223.97 on 2024-10-14 16:15:00+00:00
2024-11-11 23:25:50,989 - Short Sell 89.00 shares at 223.99 on 2024-10-14 16:30:00+00:00
2024-11-11 23:25:50,989 - Short Sell 89.00 shares at 224.76 on 2024-10-14 16:45:00+00:00
2024-11-11 23:25:50,989 - Short Sell 89.00 shares at 224.89 on 2024-10-14 17:00:00+00:00
2024-11-11 23:25:50,989 - Short Sell 88.00 shares at 225.3 on 2024-10-14 17:15:00+00:00
2024-11-11 23:25:50,989 - Short Sell 89.00 shares at 224.97 on 2024-10-14 17:30:00+00:00
2024-11-11 23:25:50,989 - Short Sell 88.00 shares at 225.07 on 2024-10-14 17:45:00+00:00
2024-11-11 23:25:50,989 - Short Sell 88.00 shares at 225.31 on 2024-10-14 18:00:00+00:00
2024-11-11 23:25:50,989 - Short Sell 88.00 shares at 225.89 on 2024-10-14 18:15:00+00:00
2024-11-11 23:25:50,989 - Short Sell 88.00 shares at 225.76 on 2024-10-14 18:30:00+00:00
2024-11-11 23:25:50,989 - Short Sell 88.00 shares at 225.95 on 2024-10-14 18:45:00+00:00
2024-11-11 23:25:50,989 - Short Sell 88.00 shares at 225.74 on 2024-10-14 19:00:00+00:00
2024-11-11 23:25:50,989 - Short Sell 88.00 shares at 225.78 on 2024-10-14 19:15:00+00:00
2024-11-11 23:25:50,989 - Short Sell 88.00 shares at 225.76 on 2024-10-14 19:30:00+00:00
2024-11-11 23:25:50,989 - Short Sell 89.00 shares at 224.82 on 2024-10-14 19:45:00+00:00
2024-11-11 23:25:50,990 - Buy to cover -1326.00 shares at 227.94 on 2024-10-15 13:30:00+00:00 (Exit: Stop_loss, Profit: -3640.559999999988, Duration: 1275.0 minutes)
2024-11-11 23:25:50,990 - Short Sell 85.00 shares at 234.64 on 2024-10-16 13:30:00+00:00
2024-11-11 23:25:50,990 - Short Sell 85.00 shares at 234.75 on 2024-10-16 13:45:00+00:00
2024-11-11 23:25:50,990 - Short Sell 84.00 shares at 235.21 on 2024-10-16 14:00:00+00:00
2024-11-11 23:25:50,990 - Short Sell 84.00 shares at 235.29 on 2024-10-16 14:15:00+00:00
2024-11-11 23:25:50,990 - Short Sell 84.00 shares at 235.51 on 2024-10-16 14:30:00+00:00
2024-11-11 23:25:50,990 - Short Sell 84.00 shares at 235.46 on 2024-10-16 14:45:00+00:00
2024-11-11 23:25:50,990 - Short Sell 84.00 shares at 235.08 on 2024-10-16 15:00:00+00:00
2024-11-11 23:25:50,990 - Short Sell 84.00 shares at 235.3 on 2024-10-16 15:15:00+00:00
2024-11-11 23:25:50,990 - Short Sell 84.00 shares at 235.17 on 2024-10-16 15:30:00+00:00
2024-11-11 23:25:50,990 - Short Sell 84.00 shares at 235.51 on 2024-10-16 15:45:00+00:00
2024-11-11 23:25:50,990 - Short Sell 84.00 shares at 235.68 on 2024-10-16 16:00:00+00:00
2024-11-11 23:25:50,990 - Short Sell 84.00 shares at 235.83 on 2024-10-16 16:15:00+00:00
2024-11-11 23:25:50,990 - Short Sell 84.00 shares at 235.94 on 2024-10-16 16:30:00+00:00
2024-11-11 23:25:50,990 - Short Sell 84.00 shares at 235.94 on 2024-10-16 16:45:00+00:00
2024-11-11 23:25:50,990 - Short Sell 84.00 shares at 235.74 on 2024-10-16 17:00:00+00:00
2024-11-11 23:25:50,990 - Short Sell 84.00 shares at 235.71 on 2024-10-16 17:15:00+00:00
2024-11-11 23:25:50,990 - Buy to cover -1346.00 shares at 235.11 on 2024-10-16 17:30:00+00:00 (Exit: Signal, Profit: 419.1699999999747, Duration: 240.0 minutes)
2024-11-11 23:25:50,990 - Short Sell 84.00 shares at 236.26 on 2024-10-16 18:45:00+00:00
2024-11-11 23:25:50,990 - Short Sell 84.00 shares at 236.25 on 2024-10-16 19:00:00+00:00
2024-11-11 23:25:50,990 - Short Sell 84.00 shares at 236.74 on 2024-10-16 19:30:00+00:00
2024-11-11 23:25:50,990 - Short Sell 84.00 shares at 236.52 on 2024-10-16 19:45:00+00:00
2024-11-11 23:25:50,991 - Short Sell 84.00 shares at 236.38 on 2024-10-17 14:00:00+00:00
2024-11-11 23:25:50,991 - Short Sell 84.00 shares at 236.61 on 2024-10-17 15:15:00+00:00
2024-11-11 23:25:50,991 - Short Sell 84.00 shares at 235.47 on 2024-10-17 18:30:00+00:00
2024-11-11 23:25:50,991 - Short Sell 84.00 shares at 235.95 on 2024-10-17 18:45:00+00:00
2024-11-11 23:25:50,991 - Short Sell 84.00 shares at 236.06 on 2024-10-17 19:00:00+00:00
2024-11-11 23:25:50,991 - Short Sell 84.00 shares at 236.0 on 2024-10-17 19:15:00+00:00
2024-11-11 23:25:50,991 - Short Sell 84.00 shares at 235.92 on 2024-10-17 19:30:00+00:00
2024-11-11 23:25:50,991 - Short Sell 84.00 shares at 235.86 on 2024-10-18 13:30:00+00:00
2024-11-11 23:25:50,991 - Short Sell 84.00 shares at 236.46 on 2024-10-18 14:30:00+00:00
2024-11-11 23:25:50,991 - Short Sell 84.00 shares at 236.45 on 2024-10-18 14:45:00+00:00
2024-11-11 23:25:50,991 - Short Sell 84.00 shares at 236.24 on 2024-10-18 15:15:00+00:00
2024-11-11 23:25:50,991 - Short Sell 84.00 shares at 236.02 on 2024-10-18 15:30:00+00:00
2024-11-11 23:25:50,991 - Short Sell 84.00 shares at 236.2 on 2024-10-18 15:45:00+00:00
2024-11-11 23:25:50,991 - Short Sell 84.00 shares at 236.75 on 2024-10-18 16:00:00+00:00
2024-11-11 23:25:50,991 - Short Sell 84.00 shares at 237.18 on 2024-10-18 16:15:00+00:00
2024-11-11 23:25:50,991 - Short Sell 84.00 shares at 237.18 on 2024-10-18 16:30:00+00:00
2024-11-11 23:25:50,991 - Short Sell 83.00 shares at 237.42 on 2024-10-18 16:45:00+00:00
2024-11-11 23:25:50,991 - Buy to cover -1763.00 shares at 237.59 on 2024-10-18 17:00:00+00:00 (Exit: Stop_loss, Profit: -2139.31000000006, Duration: 2775.0 minutes)
2024-11-11 23:25:50,991 - Short Sell 83.00 shares at 238.36 on 2024-10-21 13:30:00+00:00
2024-11-11 23:25:50,991 - Buy to cover -83.00 shares at 236.61 on 2024-10-21 13:45:00+00:00 (Exit: Profit_take, Profit: 145.25, Duration: 15.0 minutes)
2024-11-11 23:25:50,992 - Short Sell 83.00 shares at 238.28 on 2024-10-21 14:00:00+00:00
2024-11-11 23:25:50,992 - Short Sell 83.00 shares at 238.5 on 2024-10-21 14:15:00+00:00
2024-11-11 23:25:50,992 - Short Sell 83.00 shares at 239.1 on 2024-10-21 14:30:00+00:00
2024-11-11 23:25:50,992 - Short Sell 83.00 shares at 238.14 on 2024-10-21 14:45:00+00:00
2024-11-11 23:25:50,992 - Short Sell 83.00 shares at 237.88 on 2024-10-21 15:00:00+00:00
2024-11-11 23:25:50,992 - Short Sell 83.00 shares at 237.81 on 2024-10-21 15:30:00+00:00
2024-11-11 23:25:50,992 - Short Sell 83.00 shares at 238.5 on 2024-10-21 16:30:00+00:00
2024-11-11 23:25:50,992 - Short Sell 83.00 shares at 238.57 on 2024-10-21 16:45:00+00:00
2024-11-11 23:25:50,992 - Short Sell 83.00 shares at 238.34 on 2024-10-21 17:00:00+00:00
2024-11-11 23:25:50,992 - Buy to cover -747.00 shares at 237.13 on 2024-10-21 17:45:00+00:00 (Exit: Profit_take, Profit: 908.8500000000014, Duration: 225.0 minutes)
2024-11-11 23:25:50,992 - Long Buy 84.00 shares at 236.26 on 2024-10-21 18:30:00+00:00
2024-11-11 23:25:50,992 - Long Buy 82.00 shares at 236.29 on 2024-10-21 18:45:00+00:00
2024-11-11 23:25:50,992 - Long Buy 81.00 shares at 236.27 on 2024-10-21 19:00:00+00:00
2024-11-11 23:25:50,992 - Long Buy 79.00 shares at 235.11 on 2024-10-22 13:30:00+00:00
2024-11-11 23:25:50,992 - Long Buy 78.00 shares at 234.76 on 2024-10-22 13:45:00+00:00
2024-11-11 23:25:50,992 - Long Buy 76.00 shares at 234.71 on 2024-10-22 14:00:00+00:00
2024-11-11 23:25:50,992 - Sell to close 480.00 shares at 233.99 on 2024-10-22 14:15:00+00:00 (Exit: Stop_loss, Profit: -767.2199999999748, Duration: 1185.0 minutes)
2024-11-11 23:25:50,992 - Long Buy 85.00 shares at 233.66 on 2024-10-23 13:30:00+00:00
2024-11-11 23:25:50,992 - Long Buy 83.00 shares at 233.26 on 2024-10-23 13:45:00+00:00
2024-11-11 23:25:50,993 - Long Buy 81.00 shares at 233.81 on 2024-10-23 14:15:00+00:00
2024-11-11 23:25:50,993 - Long Buy 80.00 shares at 233.56 on 2024-10-23 14:30:00+00:00
2024-11-11 23:25:50,993 - Long Buy 78.00 shares at 233.53 on 2024-10-23 14:45:00+00:00
2024-11-11 23:25:50,993 - Sell to close 407.00 shares at 233.54 on 2024-10-23 15:00:00+00:00 (Exit: Signal, Profit: -9.65000000000154, Duration: 90.0 minutes)
2024-11-11 23:25:50,993 - Short Sell 85.00 shares at 233.87 on 2024-10-23 15:15:00+00:00
2024-11-11 23:25:50,993 - Short Sell 85.00 shares at 233.87 on 2024-10-23 15:30:00+00:00
2024-11-11 23:25:50,993 - Short Sell 85.00 shares at 234.03 on 2024-10-23 16:15:00+00:00
2024-11-11 23:25:50,993 - Short Sell 85.00 shares at 234.31 on 2024-10-23 16:30:00+00:00
2024-11-11 23:25:50,993 - Short Sell 85.00 shares at 234.17 on 2024-10-23 16:45:00+00:00
2024-11-11 23:25:50,993 - Short Sell 85.00 shares at 234.07 on 2024-10-23 17:00:00+00:00
2024-11-11 23:25:50,993 - Short Sell 85.00 shares at 234.07 on 2024-10-23 17:15:00+00:00
2024-11-11 23:25:50,993 - Short Sell 85.00 shares at 234.26 on 2024-10-23 17:30:00+00:00
2024-11-11 23:25:50,993 - Short Sell 84.00 shares at 234.61 on 2024-10-23 17:45:00+00:00
2024-11-11 23:25:50,993 - Short Sell 84.00 shares at 234.8 on 2024-10-23 18:00:00+00:00
2024-11-11 23:25:50,993 - Short Sell 85.00 shares at 234.32 on 2024-10-23 18:15:00+00:00
2024-11-11 23:25:50,993 - Short Sell 84.00 shares at 234.6 on 2024-10-23 18:30:00+00:00
2024-11-11 23:25:50,993 - Short Sell 84.00 shares at 234.72 on 2024-10-23 18:45:00+00:00
2024-11-11 23:25:50,993 - Short Sell 84.00 shares at 234.66 on 2024-10-23 19:00:00+00:00
2024-11-11 23:25:50,993 - Short Sell 84.00 shares at 234.56 on 2024-10-23 19:15:00+00:00
2024-11-11 23:25:50,993 - Short Sell 84.00 shares at 234.77 on 2024-10-23 19:30:00+00:00
2024-11-11 23:25:50,993 - Short Sell 84.00 shares at 234.58 on 2024-10-23 19:45:00+00:00
2024-11-11 23:25:50,993 - Short Sell 84.00 shares at 235.19 on 2024-10-24 13:30:00+00:00
2024-11-11 23:25:50,993 - Short Sell 84.00 shares at 235.25 on 2024-10-24 13:45:00+00:00
2024-11-11 23:25:50,993 - Short Sell 84.00 shares at 235.65 on 2024-10-24 14:00:00+00:00
2024-11-11 23:25:50,993 - Buy to cover -1689.00 shares at 236.73 on 2024-10-24 14:15:00+00:00 (Exit: Stop_loss, Profit: -3739.7599999999793, Duration: 1380.0 minutes)
2024-11-11 23:25:50,994 - Long Buy 84.00 shares at 234.29 on 2024-10-25 13:45:00+00:00
2024-11-11 23:25:50,994 - Long Buy 82.00 shares at 234.71 on 2024-10-25 14:15:00+00:00
2024-11-11 23:25:50,994 - Long Buy 81.00 shares at 234.49 on 2024-10-25 14:45:00+00:00
2024-11-11 23:25:50,994 - Long Buy 79.00 shares at 234.39 on 2024-10-25 15:00:00+00:00
2024-11-11 23:25:50,994 - Long Buy 78.00 shares at 234.23 on 2024-10-25 15:15:00+00:00
2024-11-11 23:25:50,994 - Long Buy 76.00 shares at 234.29 on 2024-10-25 15:30:00+00:00
2024-11-11 23:25:50,994 - Long Buy 75.00 shares at 234.5 on 2024-10-25 15:45:00+00:00
2024-11-11 23:25:50,994 - Long Buy 73.00 shares at 234.27 on 2024-10-25 16:00:00+00:00
2024-11-11 23:25:50,994 - Long Buy 72.00 shares at 233.9 on 2024-10-25 16:15:00+00:00
2024-11-11 23:25:50,994 - Long Buy 70.00 shares at 233.74 on 2024-10-25 16:30:00+00:00
2024-11-11 23:25:50,994 - Long Buy 69.00 shares at 233.45 on 2024-10-25 16:45:00+00:00
2024-11-11 23:25:50,994 - Sell to close 839.00 shares at 233.66 on 2024-10-25 17:00:00+00:00 (Exit: Signal, Profit: -472.1799999999517, Duration: 195.0 minutes)
2024-11-11 23:25:50,994 - Short Sell 84.00 shares at 233.92 on 2024-10-25 17:15:00+00:00
2024-11-11 23:25:50,994 - Short Sell 84.00 shares at 233.74 on 2024-10-25 17:45:00+00:00
2024-11-11 23:25:50,994 - Short Sell 84.00 shares at 234.03 on 2024-10-25 18:00:00+00:00
2024-11-11 23:25:50,994 - Short Sell 84.00 shares at 233.94 on 2024-10-25 18:15:00+00:00
2024-11-11 23:25:50,994 - Short Sell 84.00 shares at 234.28 on 2024-10-25 18:30:00+00:00
2024-11-11 23:25:50,994 - Short Sell 84.00 shares at 234.37 on 2024-10-25 18:45:00+00:00
2024-11-11 23:25:50,994 - Short Sell 84.00 shares at 234.15 on 2024-10-25 19:00:00+00:00
2024-11-11 23:25:50,994 - Short Sell 84.00 shares at 234.36 on 2024-10-25 19:15:00+00:00
2024-11-11 23:25:50,994 - Short Sell 84.00 shares at 234.39 on 2024-10-25 19:30:00+00:00
2024-11-11 23:25:50,994 - Short Sell 84.00 shares at 234.52 on 2024-10-25 19:45:00+00:00
2024-11-11 23:25:50,994 - Short Sell 84.00 shares at 234.46 on 2024-10-28 13:30:00+00:00
2024-11-11 23:25:50,994 - Short Sell 84.00 shares at 234.33 on 2024-10-28 13:45:00+00:00
2024-11-11 23:25:50,994 - Short Sell 84.00 shares at 235.36 on 2024-10-28 14:00:00+00:00
2024-11-11 23:25:50,994 - Short Sell 84.00 shares at 234.62 on 2024-10-28 14:15:00+00:00
2024-11-11 23:25:50,994 - Short Sell 84.00 shares at 234.42 on 2024-10-28 14:30:00+00:00
2024-11-11 23:25:50,994 - Short Sell 84.00 shares at 234.64 on 2024-10-28 14:45:00+00:00
2024-11-11 23:25:50,994 - Short Sell 84.00 shares at 235.04 on 2024-10-28 15:00:00+00:00
2024-11-11 23:25:50,994 - Short Sell 84.00 shares at 234.54 on 2024-10-28 15:15:00+00:00
2024-11-11 23:25:50,994 - Short Sell 84.00 shares at 234.73 on 2024-10-28 15:30:00+00:00
2024-11-11 23:25:50,994 - Short Sell 84.00 shares at 234.79 on 2024-10-28 15:45:00+00:00
2024-11-11 23:25:50,995 - Short Sell 84.00 shares at 234.26 on 2024-10-28 16:00:00+00:00
2024-11-11 23:25:50,995 - Short Sell 84.00 shares at 234.5 on 2024-10-28 16:15:00+00:00
2024-11-11 23:25:50,995 - Short Sell 84.00 shares at 234.94 on 2024-10-28 16:30:00+00:00
2024-11-11 23:25:50,995 - Short Sell 84.00 shares at 234.65 on 2024-10-28 16:45:00+00:00
2024-11-11 23:25:50,995 - Short Sell 84.00 shares at 234.82 on 2024-10-28 17:00:00+00:00
2024-11-11 23:25:50,995 - Short Sell 84.00 shares at 234.86 on 2024-10-28 17:15:00+00:00
2024-11-11 23:25:50,995 - Short Sell 84.00 shares at 234.82 on 2024-10-28 17:30:00+00:00
2024-11-11 23:25:50,995 - Short Sell 84.00 shares at 234.64 on 2024-10-28 17:45:00+00:00
2024-11-11 23:25:50,995 - Short Sell 84.00 shares at 234.66 on 2024-10-28 18:00:00+00:00
2024-11-11 23:25:50,995 - Buy to cover -2436.00 shares at 234.41 on 2024-10-28 18:30:00+00:00 (Exit: Signal, Profit: 242.75999999988903, Duration: 4395.0 minutes)
2024-11-11 23:25:50,995 - Long Buy 84.00 shares at 234.37 on 2024-10-28 18:45:00+00:00
2024-11-11 23:25:50,995 - Long Buy 83.00 shares at 234.14 on 2024-10-28 19:15:00+00:00
2024-11-11 23:25:50,995 - Long Buy 81.00 shares at 234.03 on 2024-10-28 19:30:00+00:00
2024-11-11 23:25:50,995 - Long Buy 79.00 shares at 233.56 on 2024-10-28 19:45:00+00:00
2024-11-11 23:25:50,995 - Long Buy 78.00 shares at 233.54 on 2024-10-29 13:30:00+00:00
2024-11-11 23:25:50,995 - Long Buy 76.00 shares at 233.47 on 2024-10-29 13:45:00+00:00
2024-11-11 23:25:50,995 - Long Buy 75.00 shares at 233.62 on 2024-10-29 14:45:00+00:00
2024-11-11 23:25:50,995 - Long Buy 73.00 shares at 233.55 on 2024-10-29 15:00:00+00:00
2024-11-11 23:25:50,995 - Long Buy 72.00 shares at 233.05 on 2024-10-29 15:15:00+00:00
2024-11-11 23:25:50,995 - Long Buy 70.00 shares at 233.42 on 2024-10-29 15:30:00+00:00
2024-11-11 23:25:50,995 - Long Buy 69.00 shares at 233.23 on 2024-10-29 15:45:00+00:00
2024-11-11 23:25:50,995 - Long Buy 68.00 shares at 233.59 on 2024-10-29 16:00:00+00:00
2024-11-11 23:25:50,995 - Long Buy 66.00 shares at 233.18 on 2024-10-29 16:15:00+00:00
2024-11-11 23:25:50,995 - Long Buy 65.00 shares at 232.5 on 2024-10-29 16:30:00+00:00
2024-11-11 23:25:50,995 - Long Buy 64.00 shares at 233.06 on 2024-10-29 16:45:00+00:00
2024-11-11 23:25:50,995 - Long Buy 63.00 shares at 233.14 on 2024-10-29 17:00:00+00:00
2024-11-11 23:25:50,995 - Long Buy 61.00 shares at 232.67 on 2024-10-29 17:15:00+00:00
2024-11-11 23:25:50,995 - Long Buy 60.00 shares at 232.46 on 2024-10-29 17:30:00+00:00
2024-11-11 23:25:50,995 - Long Buy 59.00 shares at 232.34 on 2024-10-29 17:45:00+00:00
2024-11-11 23:25:50,996 - Long Buy 58.00 shares at 232.4 on 2024-10-29 18:00:00+00:00
2024-11-11 23:25:50,996 - Long Buy 57.00 shares at 232.96 on 2024-10-29 18:15:00+00:00
2024-11-11 23:25:50,996 - Long Buy 55.00 shares at 233.02 on 2024-10-29 18:30:00+00:00
2024-11-11 23:25:50,996 - Long Buy 54.00 shares at 232.69 on 2024-10-29 18:45:00+00:00
2024-11-11 23:25:50,996 - Long Buy 53.00 shares at 232.58 on 2024-10-29 19:00:00+00:00
2024-11-11 23:25:50,996 - Sell to close 1623.00 shares at 231.81 on 2024-10-29 19:45:00+00:00 (Exit: Stop_loss, Profit: -2347.8099999999185, Duration: 1500.0 minutes)
2024-11-11 23:25:50,996 - Long Buy 86.00 shares at 230.01 on 2024-10-30 13:30:00+00:00
2024-11-11 23:25:50,996 - Long Buy 84.00 shares at 229.6 on 2024-10-30 13:45:00+00:00
2024-11-11 23:25:50,996 - Long Buy 83.00 shares at 228.74 on 2024-10-30 14:00:00+00:00
2024-11-11 23:25:50,996 - Long Buy 81.00 shares at 229.35 on 2024-10-30 14:15:00+00:00
2024-11-11 23:25:50,996 - Long Buy 79.00 shares at 229.17 on 2024-10-30 14:30:00+00:00
2024-11-11 23:25:50,996 - Long Buy 77.00 shares at 229.87 on 2024-10-30 14:45:00+00:00
2024-11-11 23:25:50,996 - Long Buy 76.00 shares at 229.78 on 2024-10-30 15:00:00+00:00
2024-11-11 23:25:50,996 - Long Buy 74.00 shares at 229.7 on 2024-10-30 15:15:00+00:00
2024-11-11 23:25:50,996 - Long Buy 73.00 shares at 229.04 on 2024-10-30 15:30:00+00:00
2024-11-11 23:25:50,996 - Long Buy 71.00 shares at 229.62 on 2024-10-30 15:45:00+00:00
2024-11-11 23:25:50,996 - Long Buy 70.00 shares at 229.29 on 2024-10-30 16:00:00+00:00
2024-11-11 23:25:50,996 - Long Buy 69.00 shares at 229.12 on 2024-10-30 16:15:00+00:00
2024-11-11 23:25:50,996 - Long Buy 67.00 shares at 229.31 on 2024-10-30 16:30:00+00:00
2024-11-11 23:25:50,996 - Long Buy 66.00 shares at 229.12 on 2024-10-30 16:45:00+00:00
2024-11-11 23:25:50,996 - Long Buy 65.00 shares at 229.08 on 2024-10-30 17:00:00+00:00
2024-11-11 23:25:50,996 - Long Buy 64.00 shares at 228.85 on 2024-10-30 17:15:00+00:00
2024-11-11 23:25:50,996 - Long Buy 62.00 shares at 229.28 on 2024-10-30 17:30:00+00:00
2024-11-11 23:25:50,996 - Long Buy 61.00 shares at 229.78 on 2024-10-30 17:45:00+00:00
2024-11-11 23:25:50,996 - Long Buy 60.00 shares at 229.54 on 2024-10-30 18:00:00+00:00
2024-11-11 23:25:50,996 - Long Buy 58.00 shares at 229.33 on 2024-10-30 18:15:00+00:00
2024-11-11 23:25:50,996 - Long Buy 57.00 shares at 229.52 on 2024-10-30 18:30:00+00:00
2024-11-11 23:25:50,996 - Long Buy 56.00 shares at 229.58 on 2024-10-30 18:45:00+00:00
2024-11-11 23:25:50,996 - Long Buy 55.00 shares at 229.47 on 2024-10-30 19:00:00+00:00
2024-11-11 23:25:50,996 - Long Buy 54.00 shares at 229.61 on 2024-10-30 19:15:00+00:00
2024-11-11 23:25:50,996 - Long Buy 53.00 shares at 229.75 on 2024-10-30 19:30:00+00:00
2024-11-11 23:25:50,996 - Long Buy 52.00 shares at 229.48 on 2024-10-30 19:45:00+00:00
2024-11-11 23:25:50,996 - Sell to close 1753.00 shares at 230.59 on 2024-10-31 13:30:00+00:00 (Exit: Profit_take, Profit: 2049.829999999968, Duration: 1440.0 minutes)
2024-11-11 23:25:50,997 - Short Sell 85.00 shares at 231.38 on 2024-10-31 13:45:00+00:00
2024-11-11 23:25:50,997 - Short Sell 86.00 shares at 230.67 on 2024-10-31 14:00:00+00:00
2024-11-11 23:25:50,997 - Short Sell 86.00 shares at 230.16 on 2024-10-31 14:15:00+00:00
2024-11-11 23:25:50,997 - Short Sell 86.00 shares at 230.3 on 2024-10-31 14:30:00+00:00
2024-11-11 23:25:50,997 - Short Sell 85.00 shares at 230.71 on 2024-10-31 14:45:00+00:00
2024-11-11 23:25:50,997 - Short Sell 86.00 shares at 230.65 on 2024-10-31 15:00:00+00:00
2024-11-11 23:25:50,997 - Short Sell 86.00 shares at 230.37 on 2024-10-31 15:15:00+00:00
2024-11-11 23:25:50,997 - Short Sell 85.00 shares at 230.87 on 2024-10-31 15:30:00+00:00
2024-11-11 23:25:50,997 - Short Sell 85.00 shares at 230.93 on 2024-10-31 15:45:00+00:00
2024-11-11 23:25:50,997 - Short Sell 85.00 shares at 230.93 on 2024-10-31 16:00:00+00:00
2024-11-11 23:25:50,997 - Short Sell 85.00 shares at 230.7 on 2024-10-31 16:15:00+00:00
2024-11-11 23:25:50,997 - Short Sell 85.00 shares at 230.71 on 2024-10-31 16:30:00+00:00
2024-11-11 23:25:50,997 - Short Sell 86.00 shares at 230.25 on 2024-10-31 16:45:00+00:00
2024-11-11 23:25:50,997 - Short Sell 86.00 shares at 230.21 on 2024-10-31 17:00:00+00:00
2024-11-11 23:25:50,997 - Short Sell 86.00 shares at 230.4 on 2024-10-31 17:15:00+00:00
2024-11-11 23:25:50,997 - Short Sell 86.00 shares at 230.36 on 2024-10-31 17:45:00+00:00
2024-11-11 23:25:50,997 - Short Sell 86.00 shares at 230.25 on 2024-10-31 18:00:00+00:00
2024-11-11 23:25:50,997 - Buy to cover -1455.00 shares at 229.17 on 2024-10-31 19:30:00+00:00 (Exit: Profit_take, Profit: 2048.520000000089, Duration: 345.0 minutes)
2024-11-11 23:25:50,997 - Long Buy 87.00 shares at 228.09 on 2024-10-31 19:45:00+00:00
2024-11-11 23:25:50,997 - Sell to close 87.00 shares at 234.9 on 2024-11-01 13:30:00+00:00 (Exit: Profit_take, Profit: 592.4699999999978, Duration: 1065.0 minutes)
2024-11-11 23:25:50,997 - Short Sell 84.00 shares at 235.13 on 2024-11-01 13:45:00+00:00
2024-11-11 23:25:50,997 - Short Sell 84.00 shares at 236.63 on 2024-11-01 14:00:00+00:00
2024-11-11 23:25:50,997 - Short Sell 84.00 shares at 236.51 on 2024-11-01 14:15:00+00:00
2024-11-11 23:25:50,997 - Buy to cover -252.00 shares at 236.5 on 2024-11-01 14:30:00+00:00 (Exit: Signal, Profit: -103.3200000000063, Duration: 45.0 minutes)
2024-11-11 23:25:50,997 - Short Sell 84.00 shares at 236.76 on 2024-11-01 14:45:00+00:00
2024-11-11 23:25:50,997 - Buy to cover -84.00 shares at 235.43 on 2024-11-01 15:30:00+00:00 (Exit: Profit_take, Profit: 111.71999999999866, Duration: 45.0 minutes)
2024-11-11 23:25:50,998 - Long Buy 84.00 shares at 235.21 on 2024-11-01 15:45:00+00:00
2024-11-11 23:25:50,998 - Long Buy 82.00 shares at 235.29 on 2024-11-01 16:00:00+00:00
2024-11-11 23:25:50,998 - Long Buy 81.00 shares at 235.29 on 2024-11-01 16:15:00+00:00
2024-11-11 23:25:50,998 - Long Buy 79.00 shares at 235.44 on 2024-11-01 16:30:00+00:00
2024-11-11 23:25:50,998 - Long Buy 78.00 shares at 234.6 on 2024-11-01 16:45:00+00:00
2024-11-11 23:25:50,998 - Long Buy 76.00 shares at 234.4 on 2024-11-01 17:00:00+00:00
2024-11-11 23:25:50,998 - Long Buy 75.00 shares at 234.56 on 2024-11-01 17:15:00+00:00
2024-11-11 23:25:50,998 - Long Buy 73.00 shares at 234.37 on 2024-11-01 17:30:00+00:00
2024-11-11 23:25:50,998 - Long Buy 72.00 shares at 234.25 on 2024-11-01 17:45:00+00:00
2024-11-11 23:25:50,998 - Long Buy 70.00 shares at 234.09 on 2024-11-01 18:00:00+00:00
2024-11-11 23:25:50,998 - Long Buy 69.00 shares at 234.27 on 2024-11-01 18:15:00+00:00
2024-11-11 23:25:50,998 - Long Buy 67.00 shares at 234.75 on 2024-11-01 18:30:00+00:00
2024-11-11 23:25:50,998 - Long Buy 66.00 shares at 235.03 on 2024-11-01 18:45:00+00:00
2024-11-11 23:25:50,998 - Long Buy 65.00 shares at 234.76 on 2024-11-01 19:00:00+00:00
2024-11-11 23:25:50,998 - Long Buy 64.00 shares at 234.44 on 2024-11-01 19:15:00+00:00
2024-11-11 23:25:50,998 - Long Buy 62.00 shares at 234.25 on 2024-11-01 19:30:00+00:00
2024-11-11 23:25:50,998 - Long Buy 61.00 shares at 234.32 on 2024-11-01 19:45:00+00:00
2024-11-11 23:25:50,998 - Long Buy 60.00 shares at 234.2 on 2024-11-04 14:30:00+00:00
2024-11-11 23:25:50,998 - Long Buy 58.00 shares at 235.12 on 2024-11-04 14:45:00+00:00
2024-11-11 23:25:50,998 - Long Buy 57.00 shares at 234.4 on 2024-11-04 15:00:00+00:00
2024-11-11 23:25:50,998 - Long Buy 56.00 shares at 234.77 on 2024-11-04 15:15:00+00:00
2024-11-11 23:25:50,998 - Long Buy 55.00 shares at 234.42 on 2024-11-04 15:30:00+00:00
2024-11-11 23:25:50,998 - Long Buy 54.00 shares at 234.13 on 2024-11-04 15:45:00+00:00
2024-11-11 23:25:50,998 - Long Buy 53.00 shares at 233.7 on 2024-11-04 16:00:00+00:00
2024-11-11 23:25:50,998 - Long Buy 52.00 shares at 234.09 on 2024-11-04 16:15:00+00:00
2024-11-11 23:25:50,998 - Long Buy 51.00 shares at 233.93 on 2024-11-04 16:30:00+00:00
2024-11-11 23:25:50,998 - Sell to close 1720.00 shares at 234.53 on 2024-11-04 17:00:00+00:00 (Exit: Signal, Profit: -92.22999999994158, Duration: 4395.0 minutes)
2024-11-11 23:25:50,998 - Long Buy 85.00 shares at 233.33 on 2024-11-04 20:00:00+00:00
2024-11-11 23:25:50,999 - Long Buy 83.00 shares at 233.29 on 2024-11-04 20:15:00+00:00
2024-11-11 23:25:50,999 - Long Buy 81.00 shares at 233.34 on 2024-11-04 20:30:00+00:00
2024-11-11 23:25:50,999 - Long Buy 80.00 shares at 232.42 on 2024-11-05 14:30:00+00:00
2024-11-11 23:25:50,999 - Long Buy 78.00 shares at 233.14 on 2024-11-05 14:45:00+00:00
2024-11-11 23:25:50,999 - Sell to close 407.00 shares at 234.67 on 2024-11-05 15:15:00+00:00 (Exit: Profit_take, Profit: 635.5100000000066, Duration: 1155.0 minutes)
2024-11-11 23:25:50,999 - Short Sell 84.00 shares at 235.39 on 2024-11-05 15:45:00+00:00
2024-11-11 23:25:50,999 - Short Sell 84.00 shares at 235.18 on 2024-11-05 16:00:00+00:00
2024-11-11 23:25:50,999 - Short Sell 84.00 shares at 235.58 on 2024-11-05 16:15:00+00:00
2024-11-11 23:25:50,999 - Short Sell 84.00 shares at 235.49 on 2024-11-05 16:30:00+00:00
2024-11-11 23:25:50,999 - Short Sell 84.00 shares at 236.02 on 2024-11-05 16:45:00+00:00
2024-11-11 23:25:50,999 - Short Sell 84.00 shares at 236.03 on 2024-11-05 17:00:00+00:00
2024-11-11 23:25:50,999 - Short Sell 84.00 shares at 235.83 on 2024-11-05 17:15:00+00:00
2024-11-11 23:25:50,999 - Short Sell 84.00 shares at 236.16 on 2024-11-05 17:30:00+00:00
2024-11-11 23:25:50,999 - Short Sell 84.00 shares at 236.34 on 2024-11-05 17:45:00+00:00
2024-11-11 23:25:50,999 - Short Sell 84.00 shares at 236.5 on 2024-11-05 18:00:00+00:00
2024-11-11 23:25:50,999 - Buy to cover -840.00 shares at 235.36 on 2024-11-05 18:45:00+00:00 (Exit: Signal, Profit: 413.2799999999918, Duration: 180.0 minutes)
2024-11-11 23:25:50,999 - Long Buy 84.00 shares at 235.33 on 2024-11-05 19:00:00+00:00
2024-11-11 23:25:50,999 - Long Buy 82.00 shares at 235.17 on 2024-11-05 19:15:00+00:00
2024-11-11 23:25:50,999 - Long Buy 81.00 shares at 234.68 on 2024-11-05 19:30:00+00:00
2024-11-11 23:25:50,999 - Long Buy 79.00 shares at 234.73 on 2024-11-05 19:45:00+00:00
2024-11-11 23:25:50,999 - Long Buy 78.00 shares at 234.41 on 2024-11-05 20:00:00+00:00
2024-11-11 23:25:50,999 - Long Buy 76.00 shares at 234.17 on 2024-11-05 20:15:00+00:00
2024-11-11 23:25:50,999 - Long Buy 75.00 shares at 234.19 on 2024-11-05 20:30:00+00:00
2024-11-11 23:25:50,999 - Long Buy 73.00 shares at 234.01 on 2024-11-05 20:45:00+00:00
2024-11-11 23:25:50,999 - Sell to close 628.00 shares at 242.7 on 2024-11-06 14:30:00+00:00 (Exit: Profit_take, Profit: 5083.309999999978, Duration: 1170.0 minutes)
2024-11-11 23:25:50,999 - Short Sell 82.00 shares at 241.9 on 2024-11-06 14:45:00+00:00
2024-11-11 23:25:50,999 - Short Sell 82.00 shares at 242.12 on 2024-11-06 15:00:00+00:00
2024-11-11 23:25:50,999 - Short Sell 82.00 shares at 242.8 on 2024-11-06 15:15:00+00:00
2024-11-11 23:25:51,000 - Buy to cover -246.00 shares at 244.59 on 2024-11-06 15:30:00+00:00 (Exit: Stop_loss, Profit: -569.8999999999991, Duration: 45.0 minutes)
2024-11-11 23:25:51,000 - Short Sell 81.00 shares at 246.86 on 2024-11-07 14:30:00+00:00
2024-11-11 23:25:51,000 - Short Sell 80.00 shares at 247.17 on 2024-11-07 14:45:00+00:00
2024-11-11 23:25:51,000 - Short Sell 80.00 shares at 247.86 on 2024-11-07 15:00:00+00:00
2024-11-11 23:25:51,000 - Short Sell 80.00 shares at 248.72 on 2024-11-07 15:15:00+00:00
2024-11-11 23:25:51,000 - Short Sell 80.00 shares at 248.35 on 2024-11-07 15:30:00+00:00
2024-11-11 23:25:51,000 - Short Sell 80.00 shares at 248.72 on 2024-11-07 15:45:00+00:00
2024-11-11 23:25:51,000 - Short Sell 80.00 shares at 248.31 on 2024-11-07 16:00:00+00:00
2024-11-11 23:25:51,000 - Short Sell 80.00 shares at 248.49 on 2024-11-07 16:15:00+00:00
2024-11-11 23:25:51,000 - Short Sell 80.00 shares at 249.0 on 2024-11-07 16:30:00+00:00
2024-11-11 23:25:51,000 - Short Sell 80.00 shares at 248.77 on 2024-11-07 16:45:00+00:00
2024-11-11 23:25:51,000 - Buy to cover -801.00 shares at 249.58 on 2024-11-07 17:00:00+00:00 (Exit: Stop_loss, Profit: -1086.719999999993, Duration: 150.0 minutes)
2024-11-11 23:25:51,000 - Long Buy 80.00 shares at 248.2 on 2024-11-08 14:30:00+00:00
2024-11-11 23:25:51,000 - Sell to close 80.00 shares at 249.61 on 2024-11-08 14:45:00+00:00 (Exit: Profit_take, Profit: 112.800000000002, Duration: 15.0 minutes)
2024-11-11 23:25:51,000 - Short Sell 79.00 shares at 250.08 on 2024-11-08 15:00:00+00:00
2024-11-11 23:25:51,000 - Short Sell 79.00 shares at 250.84 on 2024-11-08 15:45:00+00:00
2024-11-11 23:25:51,000 - Short Sell 79.00 shares at 250.83 on 2024-11-08 16:00:00+00:00
2024-11-11 23:25:51,001 - Buy to cover -237.00 shares at 249.27 on 2024-11-08 18:30:00+00:00 (Exit: Profit_take, Profit: 311.2599999999998, Duration: 210.0 minutes)
2024-11-11 23:25:51,001 - Long Buy 80.00 shares at 248.49 on 2024-11-08 20:30:00+00:00
2024-11-11 23:25:51,001 - Long Buy 78.00 shares at 248.46 on 2024-11-08 20:45:00+00:00
2024-11-11 23:25:51,002 - Holding 158.0 shares as an open position at the end with unrealized return: -6.113235460429354e-05, Duration: 15.0 minutes
2024-11-11 23:25:51,003 - Final statisticsStock: COR, 
total_trades: 27, 
winning_trades: 15, 
losing_trades: 12, 
average_return: 0.002306881661334099, 
average_duration: 1033.3333333333333, 
final_balance: 960188.7200000001, 
final_portfolio_value: 999445.4000000001, 
sharpe_ratio: 4.292316129322392, 



