2024-11-11 19:35:44,693 - Starting GBMStrategy with initial capital: 1000000
2024-11-11 19:35:44,693 - Hyperparameters: {'threshold': 1.5, 'time_periods': 30, 'num_simulations': 150}
2024-11-11 19:36:47,467 - Long Buy 231.00 shares at 86.44 on 2024-10-11 14:30:00+00:00
2024-11-11 19:36:47,467 - Long Buy 227.00 shares at 86.27 on 2024-10-11 14:45:00+00:00
2024-11-11 19:36:47,467 - Long Buy 222.00 shares at 86.38 on 2024-10-11 15:00:00+00:00
2024-11-11 19:36:47,467 - Long Buy 218.00 shares at 86.27 on 2024-10-11 15:15:00+00:00
2024-11-11 19:36:47,467 - Long Buy 214.00 shares at 86.18 on 2024-10-11 15:30:00+00:00
2024-11-11 19:36:47,467 - Long Buy 209.00 shares at 86.13 on 2024-10-11 15:45:00+00:00
2024-11-11 19:36:47,467 - Long Buy 206.00 shares at 86.02 on 2024-10-11 16:00:00+00:00
2024-11-11 19:36:47,467 - Long Buy 202.00 shares at 85.96 on 2024-10-11 16:15:00+00:00
2024-11-11 19:36:47,467 - Long Buy 198.00 shares at 85.82 on 2024-10-11 16:30:00+00:00
2024-11-11 19:36:47,467 - Long Buy 193.00 shares at 86.02 on 2024-10-11 16:45:00+00:00
2024-11-11 19:36:47,467 - Long Buy 189.00 shares at 86.1 on 2024-10-11 17:00:00+00:00
2024-11-11 19:36:47,467 - Long Buy 185.00 shares at 86.17 on 2024-10-11 17:15:00+00:00
2024-11-11 19:36:47,468 - Sell to close 2494.00 shares at 86.59 on 2024-10-14 14:45:00+00:00 (Exit: Profit_take, Profit: 1085.0100000000336, Duration: 4335.0 minutes)
2024-11-11 19:36:47,468 - Short Sell 231.00 shares at 86.62 on 2024-10-14 15:30:00+00:00
2024-11-11 19:36:47,468 - Short Sell 231.00 shares at 86.63 on 2024-10-14 15:45:00+00:00
2024-11-11 19:36:47,468 - Short Sell 231.00 shares at 86.63 on 2024-10-14 16:00:00+00:00
2024-11-11 19:36:47,468 - Short Sell 231.00 shares at 86.65 on 2024-10-14 16:15:00+00:00
2024-11-11 19:36:47,468 - Short Sell 231.00 shares at 86.65 on 2024-10-14 16:30:00+00:00
2024-11-11 19:36:47,468 - Short Sell 230.00 shares at 86.7 on 2024-10-14 16:45:00+00:00
2024-11-11 19:36:47,468 - Short Sell 230.00 shares at 86.7 on 2024-10-14 17:00:00+00:00
2024-11-11 19:36:47,468 - Short Sell 230.00 shares at 86.73 on 2024-10-14 17:15:00+00:00
2024-11-11 19:36:47,468 - Short Sell 230.00 shares at 86.74 on 2024-10-14 17:30:00+00:00
2024-11-11 19:36:47,468 - Short Sell 231.00 shares at 86.67 on 2024-10-14 17:45:00+00:00
2024-11-11 19:36:47,468 - Short Sell 230.00 shares at 86.69 on 2024-10-14 18:00:00+00:00
2024-11-11 19:36:47,468 - Short Sell 230.00 shares at 86.71 on 2024-10-14 18:15:00+00:00
2024-11-11 19:36:47,468 - Short Sell 230.00 shares at 86.73 on 2024-10-14 18:30:00+00:00
2024-11-11 19:36:47,468 - Short Sell 230.00 shares at 86.87 on 2024-10-14 19:45:00+00:00
2024-11-11 19:36:47,468 - Short Sell 230.00 shares at 86.83 on 2024-10-15 13:30:00+00:00
2024-11-11 19:36:47,468 - Short Sell 230.00 shares at 86.73 on 2024-10-15 13:45:00+00:00
2024-11-11 19:36:47,468 - Short Sell 230.00 shares at 86.9 on 2024-10-15 14:00:00+00:00
2024-11-11 19:36:47,468 - Short Sell 230.00 shares at 86.95 on 2024-10-15 14:15:00+00:00
2024-11-11 19:36:47,468 - Buy to cover -4146.00 shares at 86.23 on 2024-10-15 15:00:00+00:00 (Exit: Profit_take, Profit: 2070.169999999986, Duration: 1410.0 minutes)
2024-11-11 19:36:47,468 - Long Buy 232.00 shares at 86.22 on 2024-10-15 15:15:00+00:00
2024-11-11 19:36:47,468 - Long Buy 228.00 shares at 86.02 on 2024-10-15 15:30:00+00:00
2024-11-11 19:36:47,469 - Long Buy 224.00 shares at 85.98 on 2024-10-15 15:45:00+00:00
2024-11-11 19:36:47,469 - Long Buy 219.00 shares at 86.09 on 2024-10-15 16:00:00+00:00
2024-11-11 19:36:47,469 - Long Buy 215.00 shares at 86.07 on 2024-10-15 16:15:00+00:00
2024-11-11 19:36:47,469 - Long Buy 211.00 shares at 85.76 on 2024-10-15 16:30:00+00:00
2024-11-11 19:36:47,469 - Long Buy 207.00 shares at 85.65 on 2024-10-15 16:45:00+00:00
2024-11-11 19:36:47,469 - Long Buy 203.00 shares at 85.63 on 2024-10-15 17:00:00+00:00
2024-11-11 19:36:47,469 - Long Buy 199.00 shares at 85.56 on 2024-10-15 17:15:00+00:00
2024-11-11 19:36:47,469 - Long Buy 195.00 shares at 85.54 on 2024-10-15 17:30:00+00:00
2024-11-11 19:36:47,469 - Long Buy 191.00 shares at 85.44 on 2024-10-15 17:45:00+00:00
2024-11-11 19:36:47,469 - Sell to close 2324.00 shares at 85.2 on 2024-10-15 18:00:00+00:00 (Exit: Stop_loss, Profit: -1462.6599999999787, Duration: 165.0 minutes)
2024-11-11 19:36:47,469 - Long Buy 235.00 shares at 85.13 on 2024-10-16 13:30:00+00:00
2024-11-11 19:36:47,469 - Long Buy 230.00 shares at 85.27 on 2024-10-16 13:45:00+00:00
2024-11-11 19:36:47,469 - Long Buy 225.00 shares at 85.45 on 2024-10-16 14:00:00+00:00
2024-11-11 19:36:47,469 - Long Buy 220.00 shares at 85.52 on 2024-10-16 14:15:00+00:00
2024-11-11 19:36:47,469 - Long Buy 216.00 shares at 85.29 on 2024-10-16 14:30:00+00:00
2024-11-11 19:36:47,469 - Long Buy 212.00 shares at 85.37 on 2024-10-16 14:45:00+00:00
2024-11-11 19:36:47,469 - Long Buy 208.00 shares at 85.3 on 2024-10-16 15:00:00+00:00
2024-11-11 19:36:47,469 - Long Buy 203.00 shares at 85.39 on 2024-10-16 15:15:00+00:00
2024-11-11 19:36:47,469 - Long Buy 199.00 shares at 85.5 on 2024-10-16 15:30:00+00:00
2024-11-11 19:36:47,469 - Long Buy 195.00 shares at 85.34 on 2024-10-16 15:45:00+00:00
2024-11-11 19:36:47,469 - Long Buy 192.00 shares at 85.16 on 2024-10-16 16:00:00+00:00
2024-11-11 19:36:47,469 - Long Buy 188.00 shares at 85.11 on 2024-10-16 16:15:00+00:00
2024-11-11 19:36:47,469 - Long Buy 184.00 shares at 85.15 on 2024-10-16 16:30:00+00:00
2024-11-11 19:36:47,469 - Long Buy 180.00 shares at 85.3 on 2024-10-16 16:45:00+00:00
2024-11-11 19:36:47,469 - Long Buy 177.00 shares at 85.34 on 2024-10-16 17:00:00+00:00
2024-11-11 19:36:47,469 - Long Buy 173.00 shares at 85.36 on 2024-10-16 17:15:00+00:00
2024-11-11 19:36:47,470 - Sell to close 3237.00 shares at 85.48 on 2024-10-16 17:30:00+00:00 (Exit: Signal, Profit: 541.5500000000686, Duration: 240.0 minutes)
2024-11-11 19:36:47,470 - Short Sell 234.00 shares at 85.55 on 2024-10-16 17:45:00+00:00
2024-11-11 19:36:47,470 - Short Sell 234.00 shares at 85.55 on 2024-10-16 18:00:00+00:00
2024-11-11 19:36:47,470 - Short Sell 234.00 shares at 85.53 on 2024-10-16 18:15:00+00:00
2024-11-11 19:36:47,470 - Short Sell 234.00 shares at 85.5 on 2024-10-16 18:30:00+00:00
2024-11-11 19:36:47,470 - Short Sell 234.00 shares at 85.54 on 2024-10-16 18:45:00+00:00
2024-11-11 19:36:47,470 - Short Sell 234.00 shares at 85.48 on 2024-10-16 19:00:00+00:00
2024-11-11 19:36:47,470 - Buy to cover -1404.00 shares at 85.04 on 2024-10-17 14:15:00+00:00 (Exit: Profit_take, Profit: 680.9399999999991, Duration: 1230.0 minutes)
2024-11-11 19:36:47,470 - Long Buy 235.00 shares at 85.09 on 2024-10-17 14:45:00+00:00
2024-11-11 19:36:47,470 - Long Buy 230.00 shares at 85.12 on 2024-10-17 15:00:00+00:00
2024-11-11 19:36:47,470 - Long Buy 226.00 shares at 85.1 on 2024-10-17 15:15:00+00:00
2024-11-11 19:36:47,470 - Long Buy 222.00 shares at 85.02 on 2024-10-17 15:30:00+00:00
2024-11-11 19:36:47,470 - Long Buy 217.00 shares at 85.1 on 2024-10-17 15:45:00+00:00
2024-11-11 19:36:47,470 - Long Buy 212.00 shares at 85.15 on 2024-10-17 16:00:00+00:00
2024-11-11 19:36:47,470 - Long Buy 208.00 shares at 85.11 on 2024-10-17 16:15:00+00:00
2024-11-11 19:36:47,470 - Long Buy 204.00 shares at 85.09 on 2024-10-17 17:00:00+00:00
2024-11-11 19:36:47,470 - Long Buy 200.00 shares at 85.03 on 2024-10-17 17:15:00+00:00
2024-11-11 19:36:47,470 - Long Buy 196.00 shares at 84.96 on 2024-10-17 17:30:00+00:00
2024-11-11 19:36:47,470 - Long Buy 192.00 shares at 85.03 on 2024-10-17 18:00:00+00:00
2024-11-11 19:36:47,470 - Long Buy 188.00 shares at 85.06 on 2024-10-17 18:15:00+00:00
2024-11-11 19:36:47,470 - Long Buy 185.00 shares at 85.05 on 2024-10-17 18:30:00+00:00
2024-11-11 19:36:47,470 - Long Buy 181.00 shares at 84.97 on 2024-10-17 19:00:00+00:00
2024-11-11 19:36:47,470 - Sell to close 2896.00 shares at 85.21 on 2024-10-17 19:45:00+00:00 (Exit: Signal, Profit: 418.6099999999724, Duration: 300.0 minutes)
2024-11-11 19:36:47,471 - Short Sell 234.00 shares at 85.43 on 2024-10-18 13:30:00+00:00
2024-11-11 19:36:47,471 - Buy to cover -234.00 shares at 84.93 on 2024-10-18 13:45:00+00:00 (Exit: Profit_take, Profit: 117.0, Duration: 15.0 minutes)
2024-11-11 19:36:47,471 - Short Sell 235.00 shares at 85.3 on 2024-10-18 15:45:00+00:00
2024-11-11 19:36:47,471 - Short Sell 235.00 shares at 85.38 on 2024-10-18 16:00:00+00:00
2024-11-11 19:36:47,471 - Short Sell 234.00 shares at 85.42 on 2024-10-18 16:15:00+00:00
2024-11-11 19:36:47,471 - Short Sell 235.00 shares at 85.34 on 2024-10-18 16:30:00+00:00
2024-11-11 19:36:47,471 - Short Sell 235.00 shares at 85.3 on 2024-10-18 16:45:00+00:00
2024-11-11 19:36:47,471 - Short Sell 235.00 shares at 85.39 on 2024-10-18 17:00:00+00:00
2024-11-11 19:36:47,471 - Short Sell 235.00 shares at 85.28 on 2024-10-18 17:30:00+00:00
2024-11-11 19:36:47,471 - Short Sell 236.00 shares at 85.05 on 2024-10-18 19:30:00+00:00
2024-11-11 19:36:47,471 - Short Sell 235.00 shares at 85.09 on 2024-10-18 19:45:00+00:00
2024-11-11 19:36:47,471 - Short Sell 235.00 shares at 85.28 on 2024-10-21 13:30:00+00:00
2024-11-11 19:36:47,471 - Buy to cover -2350.00 shares at 84.85 on 2024-10-21 14:00:00+00:00 (Exit: Profit_take, Profit: 1017.1799999999721, Duration: 4215.0 minutes)
2024-11-11 19:36:47,471 - Long Buy 237.00 shares at 84.59 on 2024-10-21 14:15:00+00:00
2024-11-11 19:36:47,471 - Long Buy 232.00 shares at 84.67 on 2024-10-21 14:30:00+00:00
2024-11-11 19:36:47,471 - Long Buy 227.00 shares at 84.66 on 2024-10-21 14:45:00+00:00
2024-11-11 19:36:47,471 - Long Buy 223.00 shares at 84.58 on 2024-10-21 15:00:00+00:00
2024-11-11 19:36:47,471 - Long Buy 219.00 shares at 84.5 on 2024-10-21 15:15:00+00:00
2024-11-11 19:36:47,471 - Long Buy 214.00 shares at 84.55 on 2024-10-21 15:30:00+00:00
2024-11-11 19:36:47,471 - Long Buy 210.00 shares at 84.58 on 2024-10-21 15:45:00+00:00
2024-11-11 19:36:47,471 - Long Buy 206.00 shares at 84.4 on 2024-10-21 16:00:00+00:00
2024-11-11 19:36:47,471 - Long Buy 202.00 shares at 84.49 on 2024-10-21 16:15:00+00:00
2024-11-11 19:36:47,471 - Long Buy 198.00 shares at 84.54 on 2024-10-21 16:30:00+00:00
2024-11-11 19:36:47,471 - Long Buy 194.00 shares at 84.63 on 2024-10-21 16:45:00+00:00
2024-11-11 19:36:47,472 - Long Buy 190.00 shares at 84.67 on 2024-10-21 17:00:00+00:00
2024-11-11 19:36:47,472 - Long Buy 186.00 shares at 84.65 on 2024-10-21 17:15:00+00:00
2024-11-11 19:36:47,472 - Long Buy 182.00 shares at 84.63 on 2024-10-21 17:30:00+00:00
2024-11-11 19:36:47,472 - Long Buy 179.00 shares at 84.63 on 2024-10-21 17:45:00+00:00
2024-11-11 19:36:47,472 - Long Buy 175.00 shares at 84.51 on 2024-10-21 18:00:00+00:00
2024-11-11 19:36:47,472 - Long Buy 172.00 shares at 84.58 on 2024-10-21 18:15:00+00:00
2024-11-11 19:36:47,472 - Long Buy 168.00 shares at 84.57 on 2024-10-21 18:30:00+00:00
2024-11-11 19:36:47,472 - Long Buy 165.00 shares at 84.58 on 2024-10-21 18:45:00+00:00
2024-11-11 19:36:47,472 - Long Buy 161.00 shares at 84.66 on 2024-10-21 19:00:00+00:00
2024-11-11 19:36:47,472 - Long Buy 158.00 shares at 84.67 on 2024-10-21 19:30:00+00:00
2024-11-11 19:36:47,472 - Long Buy 156.00 shares at 84.07 on 2024-10-22 13:30:00+00:00
2024-11-11 19:36:47,472 - Long Buy 153.00 shares at 84.14 on 2024-10-22 13:45:00+00:00
2024-11-11 19:36:47,472 - Sell to close 4407.00 shares at 84.24 on 2024-10-22 14:00:00+00:00 (Exit: Signal, Profit: -1376.830000000029, Duration: 1425.0 minutes)
2024-11-11 19:36:47,472 - Short Sell 238.00 shares at 84.21 on 2024-10-22 14:15:00+00:00
2024-11-11 19:36:47,472 - Short Sell 237.00 shares at 84.37 on 2024-10-22 14:30:00+00:00
2024-11-11 19:36:47,472 - Short Sell 237.00 shares at 84.39 on 2024-10-22 14:45:00+00:00
2024-11-11 19:36:47,472 - Short Sell 237.00 shares at 84.44 on 2024-10-22 15:00:00+00:00
2024-11-11 19:36:47,472 - Short Sell 237.00 shares at 84.53 on 2024-10-22 15:15:00+00:00
2024-11-11 19:36:47,472 - Short Sell 237.00 shares at 84.56 on 2024-10-22 15:30:00+00:00
2024-11-11 19:36:47,472 - Short Sell 237.00 shares at 84.48 on 2024-10-22 15:45:00+00:00
2024-11-11 19:36:47,472 - Short Sell 237.00 shares at 84.46 on 2024-10-22 16:00:00+00:00
2024-11-11 19:36:47,472 - Short Sell 237.00 shares at 84.43 on 2024-10-22 16:15:00+00:00
2024-11-11 19:36:47,472 - Short Sell 237.00 shares at 84.54 on 2024-10-22 16:30:00+00:00
2024-11-11 19:36:47,472 - Short Sell 237.00 shares at 84.54 on 2024-10-22 16:45:00+00:00
2024-11-11 19:36:47,472 - Short Sell 237.00 shares at 84.48 on 2024-10-22 17:00:00+00:00
2024-11-11 19:36:47,472 - Short Sell 237.00 shares at 84.49 on 2024-10-22 17:15:00+00:00
2024-11-11 19:36:47,472 - Short Sell 236.00 shares at 84.63 on 2024-10-22 17:30:00+00:00
2024-11-11 19:36:47,472 - Short Sell 236.00 shares at 84.65 on 2024-10-22 17:45:00+00:00
2024-11-11 19:36:47,472 - Short Sell 236.00 shares at 84.65 on 2024-10-22 18:00:00+00:00
2024-11-11 19:36:47,472 - Short Sell 236.00 shares at 84.63 on 2024-10-22 18:15:00+00:00
2024-11-11 19:36:47,472 - Short Sell 237.00 shares at 84.58 on 2024-10-22 18:30:00+00:00
2024-11-11 19:36:47,472 - Short Sell 237.00 shares at 84.55 on 2024-10-22 18:45:00+00:00
2024-11-11 19:36:47,472 - Short Sell 237.00 shares at 84.59 on 2024-10-22 19:00:00+00:00
2024-11-11 19:36:47,472 - Short Sell 236.00 shares at 84.63 on 2024-10-22 19:15:00+00:00
2024-11-11 19:36:47,472 - Short Sell 236.00 shares at 84.84 on 2024-10-22 19:30:00+00:00
2024-11-11 19:36:47,473 - Short Sell 235.00 shares at 84.9 on 2024-10-22 19:45:00+00:00
2024-11-11 19:36:47,473 - Short Sell 236.00 shares at 84.85 on 2024-10-23 13:30:00+00:00
2024-11-11 19:36:47,473 - Short Sell 235.00 shares at 84.95 on 2024-10-23 13:45:00+00:00
2024-11-11 19:36:47,473 - Short Sell 236.00 shares at 84.69 on 2024-10-23 14:00:00+00:00
2024-11-11 19:36:47,473 - Short Sell 235.00 shares at 84.9 on 2024-10-23 14:15:00+00:00
2024-11-11 19:36:47,473 - Short Sell 236.00 shares at 84.68 on 2024-10-23 14:30:00+00:00
2024-11-11 19:36:47,473 - Short Sell 237.00 shares at 84.55 on 2024-10-23 14:45:00+00:00
2024-11-11 19:36:47,473 - Buy to cover -6859.00 shares at 84.38 on 2024-10-23 15:00:00+00:00 (Exit: Signal, Profit: 1456.0700000002782, Duration: 1485.0 minutes)
2024-11-11 19:36:47,473 - Long Buy 238.00 shares at 84.34 on 2024-10-23 15:15:00+00:00
2024-11-11 19:36:47,473 - Long Buy 233.00 shares at 84.29 on 2024-10-23 16:00:00+00:00
2024-11-11 19:36:47,473 - Long Buy 228.00 shares at 84.33 on 2024-10-23 16:15:00+00:00
2024-11-11 19:36:47,473 - Long Buy 224.00 shares at 84.39 on 2024-10-23 16:30:00+00:00
2024-11-11 19:36:47,473 - Long Buy 219.00 shares at 84.43 on 2024-10-23 16:45:00+00:00
2024-11-11 19:36:47,473 - Long Buy 215.00 shares at 84.29 on 2024-10-23 17:00:00+00:00
2024-11-11 19:36:47,473 - Long Buy 211.00 shares at 84.23 on 2024-10-23 17:15:00+00:00
2024-11-11 19:36:47,473 - Long Buy 207.00 shares at 84.2 on 2024-10-23 17:30:00+00:00
2024-11-11 19:36:47,473 - Long Buy 203.00 shares at 84.08 on 2024-10-23 17:45:00+00:00
2024-11-11 19:36:47,473 - Long Buy 199.00 shares at 83.82 on 2024-10-23 18:00:00+00:00
2024-11-11 19:36:47,473 - Long Buy 195.00 shares at 83.92 on 2024-10-23 18:15:00+00:00
2024-11-11 19:36:47,473 - Long Buy 191.00 shares at 84.04 on 2024-10-23 18:30:00+00:00
2024-11-11 19:36:47,473 - Long Buy 187.00 shares at 84.13 on 2024-10-23 18:45:00+00:00
2024-11-11 19:36:47,473 - Long Buy 184.00 shares at 83.89 on 2024-10-24 13:30:00+00:00
2024-11-11 19:36:47,473 - Long Buy 180.00 shares at 84.14 on 2024-10-24 13:45:00+00:00
2024-11-11 19:36:47,473 - Long Buy 177.00 shares at 83.69 on 2024-10-24 14:00:00+00:00
2024-11-11 19:36:47,473 - Long Buy 173.00 shares at 84.0 on 2024-10-24 14:15:00+00:00
2024-11-11 19:36:47,473 - Long Buy 170.00 shares at 83.81 on 2024-10-24 14:30:00+00:00
2024-11-11 19:36:47,473 - Long Buy 166.00 shares at 83.94 on 2024-10-24 14:45:00+00:00
2024-11-11 19:36:47,473 - Long Buy 163.00 shares at 83.86 on 2024-10-24 15:00:00+00:00
2024-11-11 19:36:47,473 - Long Buy 159.00 shares at 83.95 on 2024-10-24 15:15:00+00:00
2024-11-11 19:36:47,473 - Long Buy 156.00 shares at 83.84 on 2024-10-24 15:30:00+00:00
2024-11-11 19:36:47,473 - Long Buy 153.00 shares at 83.79 on 2024-10-24 15:45:00+00:00
2024-11-11 19:36:47,473 - Long Buy 151.00 shares at 83.69 on 2024-10-24 16:00:00+00:00
2024-11-11 19:36:47,473 - Long Buy 147.00 shares at 83.73 on 2024-10-24 16:15:00+00:00
2024-11-11 19:36:47,474 - Sell to close 4729.00 shares at 84.03 on 2024-10-24 16:45:00+00:00 (Exit: Signal, Profit: -145.90999999987508, Duration: 1530.0 minutes)
2024-11-11 19:36:47,474 - Short Sell 238.00 shares at 84.07 on 2024-10-24 17:00:00+00:00
2024-11-11 19:36:47,474 - Short Sell 238.00 shares at 84.09 on 2024-10-24 17:15:00+00:00
2024-11-11 19:36:47,474 - Short Sell 238.00 shares at 84.25 on 2024-10-24 17:30:00+00:00
2024-11-11 19:36:47,474 - Short Sell 238.00 shares at 84.12 on 2024-10-24 17:45:00+00:00
2024-11-11 19:36:47,474 - Short Sell 238.00 shares at 84.21 on 2024-10-24 18:00:00+00:00
2024-11-11 19:36:47,474 - Short Sell 238.00 shares at 84.16 on 2024-10-24 18:15:00+00:00
2024-11-11 19:36:47,474 - Short Sell 238.00 shares at 84.13 on 2024-10-24 18:30:00+00:00
2024-11-11 19:36:47,474 - Short Sell 238.00 shares at 84.2 on 2024-10-24 18:45:00+00:00
2024-11-11 19:36:47,474 - Short Sell 238.00 shares at 84.23 on 2024-10-24 19:00:00+00:00
2024-11-11 19:36:47,474 - Short Sell 238.00 shares at 84.27 on 2024-10-24 19:15:00+00:00
2024-11-11 19:36:47,474 - Short Sell 238.00 shares at 84.17 on 2024-10-24 19:30:00+00:00
2024-11-11 19:36:47,474 - Short Sell 238.00 shares at 84.22 on 2024-10-24 19:45:00+00:00
2024-11-11 19:36:47,474 - Short Sell 239.00 shares at 84.01 on 2024-10-25 13:30:00+00:00
2024-11-11 19:36:47,474 - Short Sell 239.00 shares at 84.0 on 2024-10-25 13:45:00+00:00
2024-11-11 19:36:47,474 - Short Sell 237.00 shares at 84.38 on 2024-10-25 14:00:00+00:00
2024-11-11 19:36:47,474 - Short Sell 237.00 shares at 84.44 on 2024-10-25 14:15:00+00:00
2024-11-11 19:36:47,474 - Short Sell 238.00 shares at 84.28 on 2024-10-25 14:30:00+00:00
2024-11-11 19:36:47,474 - Short Sell 238.00 shares at 84.12 on 2024-10-25 14:45:00+00:00
2024-11-11 19:36:47,474 - Short Sell 238.00 shares at 84.15 on 2024-10-25 15:00:00+00:00
2024-11-11 19:36:47,474 - Buy to cover -4522.00 shares at 83.74 on 2024-10-25 16:00:00+00:00 (Exit: Profit_take, Profit: 2007.9099999999958, Duration: 1380.0 minutes)
2024-11-11 19:36:47,474 - Long Buy 240.00 shares at 83.53 on 2024-10-25 17:00:00+00:00
2024-11-11 19:36:47,474 - Long Buy 236.00 shares at 83.46 on 2024-10-25 17:15:00+00:00
2024-11-11 19:36:47,474 - Long Buy 232.00 shares at 83.31 on 2024-10-25 17:30:00+00:00
2024-11-11 19:36:47,474 - Long Buy 227.00 shares at 83.34 on 2024-10-25 17:45:00+00:00
2024-11-11 19:36:47,474 - Long Buy 223.00 shares at 83.26 on 2024-10-25 18:00:00+00:00
2024-11-11 19:36:47,474 - Long Buy 218.00 shares at 83.47 on 2024-10-25 18:15:00+00:00
2024-11-11 19:36:47,474 - Long Buy 213.00 shares at 83.45 on 2024-10-25 18:30:00+00:00
2024-11-11 19:36:47,474 - Long Buy 209.00 shares at 83.37 on 2024-10-25 19:00:00+00:00
2024-11-11 19:36:47,475 - Long Buy 205.00 shares at 83.4 on 2024-10-25 19:15:00+00:00
2024-11-11 19:36:47,475 - Long Buy 201.00 shares at 83.34 on 2024-10-25 19:30:00+00:00
2024-11-11 19:36:47,475 - Long Buy 197.00 shares at 83.28 on 2024-10-25 19:45:00+00:00
2024-11-11 19:36:47,475 - Sell to close 2401.00 shares at 83.76 on 2024-10-28 14:15:00+00:00 (Exit: Signal, Profit: 900.7800000000211, Duration: 4155.0 minutes)
2024-11-11 19:36:47,475 - Short Sell 240.00 shares at 83.77 on 2024-10-28 14:30:00+00:00
2024-11-11 19:36:47,475 - Short Sell 240.00 shares at 83.77 on 2024-10-28 14:45:00+00:00
2024-11-11 19:36:47,475 - Short Sell 239.00 shares at 83.99 on 2024-10-28 15:00:00+00:00
2024-11-11 19:36:47,475 - Short Sell 240.00 shares at 83.81 on 2024-10-28 16:15:00+00:00
2024-11-11 19:36:47,475 - Short Sell 240.00 shares at 83.92 on 2024-10-28 16:30:00+00:00
2024-11-11 19:36:47,475 - Short Sell 240.00 shares at 83.88 on 2024-10-28 17:15:00+00:00
2024-11-11 19:36:47,475 - Short Sell 240.00 shares at 83.85 on 2024-10-28 17:30:00+00:00
2024-11-11 19:36:47,475 - Short Sell 240.00 shares at 83.84 on 2024-10-28 17:45:00+00:00
2024-11-11 19:36:47,475 - Buy to cover -1919.00 shares at 83.65 on 2024-10-28 18:00:00+00:00 (Exit: Signal, Profit: 390.8599999999744, Duration: 210.0 minutes)
2024-11-11 19:36:47,475 - Long Buy 240.00 shares at 83.69 on 2024-10-28 18:15:00+00:00
2024-11-11 19:36:47,475 - Long Buy 235.00 shares at 83.7 on 2024-10-28 18:30:00+00:00
2024-11-11 19:36:47,475 - Long Buy 231.00 shares at 83.75 on 2024-10-28 18:45:00+00:00
2024-11-11 19:36:47,475 - Sell to close 706.00 shares at 83.99 on 2024-10-28 19:15:00+00:00 (Exit: Signal, Profit: 195.59000000000088, Duration: 60.0 minutes)
2024-11-11 19:36:47,475 - Long Buy 241.00 shares at 83.36 on 2024-10-29 13:30:00+00:00
2024-11-11 19:36:47,475 - Long Buy 236.00 shares at 83.58 on 2024-10-29 13:45:00+00:00
2024-11-11 19:36:47,475 - Long Buy 231.00 shares at 83.6 on 2024-10-29 14:00:00+00:00
2024-11-11 19:36:47,475 - Long Buy 226.00 shares at 83.64 on 2024-10-29 14:15:00+00:00
2024-11-11 19:36:47,475 - Long Buy 222.00 shares at 83.61 on 2024-10-29 15:45:00+00:00
2024-11-11 19:36:47,476 - Long Buy 217.00 shares at 83.63 on 2024-10-29 16:15:00+00:00
2024-11-11 19:36:47,476 - Long Buy 213.00 shares at 83.59 on 2024-10-29 16:30:00+00:00
2024-11-11 19:36:47,476 - Long Buy 209.00 shares at 83.52 on 2024-10-29 16:45:00+00:00
2024-11-11 19:36:47,476 - Long Buy 205.00 shares at 83.58 on 2024-10-29 17:00:00+00:00
2024-11-11 19:36:47,476 - Long Buy 201.00 shares at 83.56 on 2024-10-29 17:15:00+00:00
2024-11-11 19:36:47,476 - Long Buy 197.00 shares at 83.51 on 2024-10-29 17:30:00+00:00
2024-11-11 19:36:47,476 - Long Buy 193.00 shares at 83.58 on 2024-10-29 17:45:00+00:00
2024-11-11 19:36:47,476 - Long Buy 189.00 shares at 83.49 on 2024-10-29 18:00:00+00:00
2024-11-11 19:36:47,476 - Long Buy 186.00 shares at 83.34 on 2024-10-29 18:15:00+00:00
2024-11-11 19:36:47,476 - Long Buy 182.00 shares at 83.39 on 2024-10-29 18:30:00+00:00
2024-11-11 19:36:47,476 - Long Buy 178.00 shares at 83.43 on 2024-10-29 18:45:00+00:00
2024-11-11 19:36:47,476 - Long Buy 175.00 shares at 83.21 on 2024-10-29 19:00:00+00:00
2024-11-11 19:36:47,476 - Long Buy 171.00 shares at 83.3 on 2024-10-29 19:15:00+00:00
2024-11-11 19:36:47,476 - Long Buy 168.00 shares at 83.3 on 2024-10-29 19:30:00+00:00
2024-11-11 19:36:47,476 - Sell to close 3840.00 shares at 83.92 on 2024-10-30 13:30:00+00:00 (Exit: Profit_take, Profit: 1633.7500000000728, Duration: 1440.0 minutes)
2024-11-11 19:36:47,476 - Short Sell 239.00 shares at 84.32 on 2024-10-30 13:45:00+00:00
2024-11-11 19:36:47,476 - Short Sell 239.00 shares at 84.31 on 2024-10-30 14:00:00+00:00
2024-11-11 19:36:47,476 - Short Sell 240.00 shares at 83.99 on 2024-10-30 14:15:00+00:00
2024-11-11 19:36:47,476 - Short Sell 240.00 shares at 83.92 on 2024-10-30 14:30:00+00:00
2024-11-11 19:36:47,476 - Short Sell 241.00 shares at 83.78 on 2024-10-30 14:45:00+00:00
2024-11-11 19:36:47,476 - Short Sell 241.00 shares at 83.73 on 2024-10-30 15:00:00+00:00
2024-11-11 19:36:47,476 - Short Sell 241.00 shares at 83.67 on 2024-10-30 15:15:00+00:00
2024-11-11 19:36:47,476 - Short Sell 241.00 shares at 83.67 on 2024-10-30 15:30:00+00:00
2024-11-11 19:36:47,476 - Short Sell 241.00 shares at 83.58 on 2024-10-30 15:45:00+00:00
2024-11-11 19:36:47,476 - Buy to cover -2163.00 shares at 83.44 on 2024-10-30 16:15:00+00:00 (Exit: Profit_take, Profit: 961.8800000000184, Duration: 150.0 minutes)
2024-11-11 19:36:47,476 - Long Buy 242.00 shares at 83.23 on 2024-10-30 17:30:00+00:00
2024-11-11 19:36:47,477 - Long Buy 238.00 shares at 82.94 on 2024-10-31 13:30:00+00:00
2024-11-11 19:36:47,477 - Sell to close 480.00 shares at 83.54 on 2024-10-31 13:45:00+00:00 (Exit: Profit_take, Profit: 217.81999999999698, Duration: 1215.0 minutes)
2024-11-11 19:36:47,477 - Short Sell 242.00 shares at 83.49 on 2024-10-31 14:00:00+00:00
2024-11-11 19:36:47,477 - Buy to cover -242.00 shares at 83.11 on 2024-10-31 14:45:00+00:00 (Exit: Signal, Profit: 91.9599999999989, Duration: 45.0 minutes)
2024-11-11 19:36:47,477 - Long Buy 243.00 shares at 83.03 on 2024-10-31 15:00:00+00:00
2024-11-11 19:36:47,477 - Long Buy 238.00 shares at 82.98 on 2024-10-31 15:15:00+00:00
2024-11-11 19:36:47,477 - Long Buy 233.00 shares at 83.12 on 2024-10-31 15:30:00+00:00
2024-11-11 19:36:47,477 - Long Buy 229.00 shares at 83.07 on 2024-10-31 17:30:00+00:00
2024-11-11 19:36:47,477 - Long Buy 224.00 shares at 82.97 on 2024-10-31 19:45:00+00:00
2024-11-11 19:36:47,477 - Long Buy 220.00 shares at 82.75 on 2024-11-01 13:30:00+00:00
2024-11-11 19:36:47,477 - Long Buy 215.00 shares at 83.05 on 2024-11-01 13:45:00+00:00
2024-11-11 19:36:47,477 - Sell to close 1602.00 shares at 83.42 on 2024-11-01 14:15:00+00:00 (Exit: Profit_take, Profit: 677.2900000000063, Duration: 1395.0 minutes)
2024-11-11 19:36:47,477 - Long Buy 244.00 shares at 82.84 on 2024-11-01 14:30:00+00:00
2024-11-11 19:36:47,477 - Long Buy 239.00 shares at 82.78 on 2024-11-01 14:45:00+00:00
2024-11-11 19:36:47,477 - Long Buy 234.00 shares at 82.89 on 2024-11-01 15:00:00+00:00
2024-11-11 19:36:47,477 - Long Buy 229.00 shares at 83.05 on 2024-11-01 15:15:00+00:00
2024-11-11 19:36:47,477 - Long Buy 224.00 shares at 83.04 on 2024-11-01 15:30:00+00:00
2024-11-11 19:36:47,477 - Long Buy 221.00 shares at 82.73 on 2024-11-01 15:45:00+00:00
2024-11-11 19:36:47,477 - Long Buy 216.00 shares at 82.73 on 2024-11-01 16:00:00+00:00
2024-11-11 19:36:47,477 - Long Buy 212.00 shares at 82.61 on 2024-11-01 16:15:00+00:00
2024-11-11 19:36:47,477 - Long Buy 208.00 shares at 82.53 on 2024-11-01 16:30:00+00:00
2024-11-11 19:36:47,477 - Long Buy 204.00 shares at 82.56 on 2024-11-01 16:45:00+00:00
2024-11-11 19:36:47,478 - Long Buy 200.00 shares at 82.53 on 2024-11-01 17:00:00+00:00
2024-11-11 19:36:47,478 - Long Buy 196.00 shares at 82.63 on 2024-11-01 17:15:00+00:00
2024-11-11 19:36:47,478 - Long Buy 192.00 shares at 82.39 on 2024-11-01 17:30:00+00:00
2024-11-11 19:36:47,478 - Long Buy 188.00 shares at 82.38 on 2024-11-01 17:45:00+00:00
2024-11-11 19:36:47,478 - Long Buy 185.00 shares at 82.46 on 2024-11-01 18:00:00+00:00
2024-11-11 19:36:47,478 - Long Buy 180.00 shares at 82.63 on 2024-11-01 18:15:00+00:00
2024-11-11 19:36:47,478 - Long Buy 177.00 shares at 82.64 on 2024-11-01 18:30:00+00:00
2024-11-11 19:36:47,478 - Long Buy 173.00 shares at 82.71 on 2024-11-01 18:45:00+00:00
2024-11-11 19:36:47,478 - Long Buy 170.00 shares at 82.65 on 2024-11-01 19:00:00+00:00
2024-11-11 19:36:47,478 - Long Buy 167.00 shares at 82.59 on 2024-11-01 19:15:00+00:00
2024-11-11 19:36:47,478 - Long Buy 163.00 shares at 82.6 on 2024-11-01 19:30:00+00:00
2024-11-11 19:36:47,478 - Long Buy 160.00 shares at 82.5 on 2024-11-01 19:45:00+00:00
2024-11-11 19:36:47,478 - Long Buy 156.00 shares at 82.9 on 2024-11-04 14:30:00+00:00
2024-11-11 19:36:47,478 - Long Buy 153.00 shares at 82.84 on 2024-11-04 14:45:00+00:00
2024-11-11 19:36:47,478 - Long Buy 151.00 shares at 82.55 on 2024-11-04 15:00:00+00:00
2024-11-11 19:36:47,478 - Long Buy 148.00 shares at 82.53 on 2024-11-04 15:15:00+00:00
2024-11-11 19:36:47,478 - Long Buy 145.00 shares at 82.34 on 2024-11-04 15:30:00+00:00
2024-11-11 19:36:47,478 - Long Buy 142.00 shares at 82.28 on 2024-11-04 15:45:00+00:00
2024-11-11 19:36:47,478 - Long Buy 139.00 shares at 82.22 on 2024-11-04 16:00:00+00:00
2024-11-11 19:36:47,478 - Sell to close 5416.00 shares at 82.14 on 2024-11-04 16:15:00+00:00 (Exit: Stop_loss, Profit: -2734.910000000165, Duration: 4425.0 minutes)
2024-11-11 19:36:47,478 - Short Sell 236.00 shares at 85.44 on 2024-11-05 14:30:00+00:00
2024-11-11 19:36:47,478 - Short Sell 234.00 shares at 86.13 on 2024-11-05 14:45:00+00:00
2024-11-11 19:36:47,478 - Short Sell 234.00 shares at 86.16 on 2024-11-05 15:00:00+00:00
2024-11-11 19:36:47,478 - Short Sell 234.00 shares at 86.16 on 2024-11-05 15:15:00+00:00
2024-11-11 19:36:47,478 - Buy to cover -938.00 shares at 86.39 on 2024-11-05 15:30:00+00:00 (Exit: Stop_loss, Profit: -392.6799999999983, Duration: 60.0 minutes)
2024-11-11 19:36:47,479 - Long Buy 234.00 shares at 86.09 on 2024-11-06 14:30:00+00:00
2024-11-11 19:36:47,479 - Long Buy 229.00 shares at 86.28 on 2024-11-06 14:45:00+00:00
2024-11-11 19:36:47,479 - Long Buy 225.00 shares at 86.05 on 2024-11-06 15:00:00+00:00
2024-11-11 19:36:47,479 - Long Buy 220.00 shares at 85.93 on 2024-11-06 15:15:00+00:00
2024-11-11 19:36:47,479 - Long Buy 217.00 shares at 85.58 on 2024-11-06 15:30:00+00:00
2024-11-11 19:36:47,479 - Long Buy 212.00 shares at 85.61 on 2024-11-06 15:45:00+00:00
2024-11-11 19:36:47,479 - Long Buy 208.00 shares at 85.58 on 2024-11-06 16:00:00+00:00
2024-11-11 19:36:47,479 - Sell to close 1545.00 shares at 85.22 on 2024-11-06 16:15:00+00:00 (Exit: Stop_loss, Profit: -1024.9499999999762, Duration: 105.0 minutes)
2024-11-11 19:36:47,479 - Short Sell 235.00 shares at 85.45 on 2024-11-07 14:30:00+00:00
2024-11-11 19:36:47,479 - Short Sell 234.00 shares at 85.94 on 2024-11-07 14:45:00+00:00
2024-11-11 19:36:47,479 - Short Sell 234.00 shares at 85.78 on 2024-11-07 15:00:00+00:00
2024-11-11 19:36:47,479 - Short Sell 234.00 shares at 85.77 on 2024-11-07 15:15:00+00:00
2024-11-11 19:36:47,479 - Short Sell 233.00 shares at 86.1 on 2024-11-07 15:30:00+00:00
2024-11-11 19:36:47,479 - Short Sell 235.00 shares at 85.67 on 2024-11-07 15:45:00+00:00
2024-11-11 19:36:47,479 - Short Sell 235.00 shares at 85.61 on 2024-11-07 16:00:00+00:00
2024-11-11 19:36:47,479 - Short Sell 235.00 shares at 85.62 on 2024-11-07 16:15:00+00:00
2024-11-11 19:36:47,479 - Short Sell 234.00 shares at 85.77 on 2024-11-07 16:30:00+00:00
2024-11-11 19:36:47,479 - Short Sell 234.00 shares at 85.79 on 2024-11-07 16:45:00+00:00
2024-11-11 19:36:47,479 - Short Sell 234.00 shares at 85.8 on 2024-11-07 17:00:00+00:00
2024-11-11 19:36:47,479 - Short Sell 234.00 shares at 85.84 on 2024-11-07 17:15:00+00:00
2024-11-11 19:36:47,479 - Short Sell 234.00 shares at 85.88 on 2024-11-07 17:30:00+00:00
2024-11-11 19:36:47,479 - Short Sell 234.00 shares at 85.78 on 2024-11-07 17:45:00+00:00
2024-11-11 19:36:47,479 - Short Sell 235.00 shares at 85.65 on 2024-11-07 18:00:00+00:00
2024-11-11 19:36:47,479 - Short Sell 235.00 shares at 85.57 on 2024-11-07 18:15:00+00:00
2024-11-11 19:36:47,479 - Buy to cover -3749.00 shares at 85.4 on 2024-11-07 19:30:00+00:00 (Exit: Signal, Profit: 1315.549999999987, Duration: 300.0 minutes)
2024-11-11 19:36:47,480 - Short Sell 235.00 shares at 85.62 on 2024-11-07 19:45:00+00:00
2024-11-11 19:36:47,480 - Short Sell 234.00 shares at 85.91 on 2024-11-07 20:00:00+00:00
2024-11-11 19:36:47,480 - Short Sell 234.00 shares at 86.11 on 2024-11-07 20:15:00+00:00
2024-11-11 19:36:47,480 - Short Sell 233.00 shares at 86.44 on 2024-11-07 20:30:00+00:00
2024-11-11 19:36:47,480 - Buy to cover -936.00 shares at 86.59 on 2024-11-07 20:45:00+00:00 (Exit: Stop_loss, Profit: -534.3399999999976, Duration: 60.0 minutes)
2024-11-11 19:36:47,480 - Short Sell 235.00 shares at 85.67 on 2024-11-08 14:30:00+00:00
2024-11-11 19:36:47,480 - Short Sell 235.00 shares at 85.76 on 2024-11-08 14:45:00+00:00
2024-11-11 19:36:47,480 - Short Sell 234.00 shares at 86.07 on 2024-11-08 15:00:00+00:00
2024-11-11 19:36:47,480 - Short Sell 234.00 shares at 85.86 on 2024-11-08 15:15:00+00:00
2024-11-11 19:36:47,480 - Buy to cover -938.00 shares at 85.39 on 2024-11-08 16:00:00+00:00 (Exit: Profit_take, Profit: 421.8500000000021, Duration: 90.0 minutes)
2024-11-11 19:36:47,480 - Long Buy 237.00 shares at 85.04 on 2024-11-08 16:15:00+00:00
2024-11-11 19:36:47,480 - Long Buy 233.00 shares at 84.73 on 2024-11-08 16:30:00+00:00
2024-11-11 19:36:47,480 - Long Buy 228.00 shares at 84.66 on 2024-11-08 16:45:00+00:00
2024-11-11 19:36:47,480 - Long Buy 225.00 shares at 84.38 on 2024-11-08 17:00:00+00:00
2024-11-11 19:36:47,480 - Long Buy 220.00 shares at 84.24 on 2024-11-08 17:15:00+00:00
2024-11-11 19:36:47,480 - Sell to close 1143.00 shares at 84.11 on 2024-11-08 17:30:00+00:00 (Exit: Stop_loss, Profit: -579.6200000000092, Duration: 75.0 minutes)
2024-11-11 19:36:47,482 - Final statisticsStock: DD, 
total_trades: 27, 
winning_trades: 19, 
losing_trades: 8, 
average_return: 0.0015257284121701427, 
average_duration: 1167.2222222222222, 
final_balance: 1007949.8699999981, 
final_portfolio_value: 1007949.8699999981, 
sharpe_ratio: 2.110508468302601, 



