2024-11-11 21:15:22,494 - Starting GBMStrategy with initial capital: 1000000
2024-11-11 21:15:22,494 - Hyperparameters: {'threshold': 1.5, 'time_periods': 30, 'num_simulations': 150}
2024-11-11 21:16:41,380 - Short Sell 286.00 shares at 69.79 on 2024-10-11 14:30:00+00:00
2024-11-11 21:16:41,384 - Short Sell 286.00 shares at 69.84 on 2024-10-11 14:45:00+00:00
2024-11-11 21:16:41,384 - Short Sell 286.00 shares at 69.79 on 2024-10-11 15:00:00+00:00
2024-11-11 21:16:41,384 - Buy to cover -858.00 shares at 69.41 on 2024-10-11 15:15:00+00:00 (Exit: Profit_take, Profit: 340.3400000000075, Duration: 45.0 minutes)
2024-11-11 21:16:41,384 - Long Buy 288.00 shares at 69.4 on 2024-10-11 15:30:00+00:00
2024-11-11 21:16:41,384 - Long Buy 282.00 shares at 69.47 on 2024-10-11 15:45:00+00:00
2024-11-11 21:16:41,384 - Long Buy 276.00 shares at 69.45 on 2024-10-11 16:15:00+00:00
2024-11-11 21:16:41,384 - Long Buy 271.00 shares at 69.42 on 2024-10-11 16:30:00+00:00
2024-11-11 21:16:41,385 - Long Buy 265.00 shares at 69.45 on 2024-10-11 16:45:00+00:00
2024-11-11 21:16:41,385 - Long Buy 261.00 shares at 69.13 on 2024-10-11 17:30:00+00:00
2024-11-11 21:16:41,385 - Long Buy 256.00 shares at 69.16 on 2024-10-11 17:45:00+00:00
2024-11-11 21:16:41,385 - Long Buy 250.00 shares at 69.28 on 2024-10-11 18:00:00+00:00
2024-11-11 21:16:41,385 - Long Buy 245.00 shares at 69.38 on 2024-10-11 18:15:00+00:00
2024-11-11 21:16:41,385 - Long Buy 240.00 shares at 69.32 on 2024-10-11 19:00:00+00:00
2024-11-11 21:16:41,385 - Long Buy 236.00 shares at 69.17 on 2024-10-11 19:15:00+00:00
2024-11-11 21:16:41,385 - Sell to close 2870.00 shares at 68.88 on 2024-10-11 19:30:00+00:00 (Exit: Stop_loss, Profit: -1304.3200000000477, Duration: 240.0 minutes)
2024-11-11 21:16:41,385 - Long Buy 293.00 shares at 68.18 on 2024-10-14 13:30:00+00:00
2024-11-11 21:16:41,385 - Long Buy 287.00 shares at 68.11 on 2024-10-14 13:45:00+00:00
2024-11-11 21:16:41,385 - Long Buy 280.00 shares at 68.47 on 2024-10-14 14:00:00+00:00
2024-11-11 21:16:41,385 - Long Buy 275.00 shares at 68.33 on 2024-10-14 14:15:00+00:00
2024-11-11 21:16:41,385 - Long Buy 271.00 shares at 67.97 on 2024-10-14 14:30:00+00:00
2024-11-11 21:16:41,385 - Long Buy 265.00 shares at 68.03 on 2024-10-14 14:45:00+00:00
2024-11-11 21:16:41,385 - Long Buy 259.00 shares at 68.14 on 2024-10-14 15:00:00+00:00
2024-11-11 21:16:41,385 - Long Buy 254.00 shares at 68.09 on 2024-10-14 15:15:00+00:00
2024-11-11 21:16:41,386 - Sell to close 2184.00 shares at 68.26 on 2024-10-14 15:30:00+00:00 (Exit: Signal, Profit: 202.23999999996204, Duration: 120.0 minutes)
2024-11-11 21:16:41,386 - Long Buy 294.00 shares at 67.91 on 2024-10-14 16:30:00+00:00
2024-11-11 21:16:41,386 - Long Buy 288.00 shares at 67.86 on 2024-10-14 16:45:00+00:00
2024-11-11 21:16:41,386 - Long Buy 283.00 shares at 67.81 on 2024-10-14 17:00:00+00:00
2024-11-11 21:16:41,386 - Long Buy 277.00 shares at 67.77 on 2024-10-14 17:15:00+00:00
2024-11-11 21:16:41,386 - Long Buy 271.00 shares at 67.8 on 2024-10-14 17:30:00+00:00
2024-11-11 21:16:41,386 - Long Buy 266.00 shares at 67.8 on 2024-10-14 17:45:00+00:00
2024-11-11 21:16:41,386 - Long Buy 261.00 shares at 67.84 on 2024-10-14 18:00:00+00:00
2024-11-11 21:16:41,386 - Long Buy 256.00 shares at 67.78 on 2024-10-14 18:15:00+00:00
2024-11-11 21:16:41,386 - Long Buy 251.00 shares at 67.67 on 2024-10-14 18:30:00+00:00
2024-11-11 21:16:41,386 - Long Buy 246.00 shares at 67.48 on 2024-10-14 18:45:00+00:00
2024-11-11 21:16:41,386 - Long Buy 242.00 shares at 67.39 on 2024-10-14 19:00:00+00:00
2024-11-11 21:16:41,386 - Long Buy 237.00 shares at 67.35 on 2024-10-14 19:15:00+00:00
2024-11-11 21:16:41,386 - Sell to close 3172.00 shares at 67.0 on 2024-10-14 19:30:00+00:00 (Exit: Stop_loss, Profit: -2269.839999999985, Duration: 180.0 minutes)
2024-11-11 21:16:41,386 - Long Buy 295.00 shares at 67.58 on 2024-10-15 13:30:00+00:00
2024-11-11 21:16:41,386 - Sell to close 295.00 shares at 68.04 on 2024-10-15 14:00:00+00:00 (Exit: Profit_take, Profit: 135.70000000000235, Duration: 30.0 minutes)
2024-11-11 21:16:41,386 - Short Sell 291.00 shares at 68.41 on 2024-10-15 14:15:00+00:00
2024-11-11 21:16:41,386 - Short Sell 291.00 shares at 68.49 on 2024-10-15 15:15:00+00:00
2024-11-11 21:16:41,386 - Short Sell 291.00 shares at 68.46 on 2024-10-15 15:30:00+00:00
2024-11-11 21:16:41,386 - Buy to cover -873.00 shares at 67.99 on 2024-10-15 15:45:00+00:00 (Exit: Profit_take, Profit: 404.49000000000433, Duration: 90.0 minutes)
2024-11-11 21:16:41,386 - Long Buy 293.00 shares at 68.01 on 2024-10-15 16:30:00+00:00
2024-11-11 21:16:41,386 - Long Buy 288.00 shares at 67.78 on 2024-10-15 16:45:00+00:00
2024-11-11 21:16:41,386 - Long Buy 283.00 shares at 67.54 on 2024-10-15 17:00:00+00:00
2024-11-11 21:16:41,387 - Long Buy 277.00 shares at 67.56 on 2024-10-15 17:15:00+00:00
2024-11-11 21:16:41,387 - Long Buy 272.00 shares at 67.57 on 2024-10-15 17:30:00+00:00
2024-11-11 21:16:41,387 - Long Buy 267.00 shares at 67.37 on 2024-10-15 17:45:00+00:00
2024-11-11 21:16:41,387 - Long Buy 262.00 shares at 67.37 on 2024-10-15 18:00:00+00:00
2024-11-11 21:16:41,387 - Sell to close 1942.00 shares at 67.25 on 2024-10-15 18:15:00+00:00 (Exit: Stop_loss, Profit: -693.7799999999779, Duration: 105.0 minutes)
2024-11-11 21:16:41,387 - Long Buy 293.00 shares at 67.94 on 2024-10-16 13:30:00+00:00
2024-11-11 21:16:41,387 - Long Buy 288.00 shares at 67.82 on 2024-10-16 13:45:00+00:00
2024-11-11 21:16:41,387 - Long Buy 282.00 shares at 67.67 on 2024-10-16 14:00:00+00:00
2024-11-11 21:16:41,387 - Long Buy 277.00 shares at 67.7 on 2024-10-16 14:15:00+00:00
2024-11-11 21:16:41,387 - Long Buy 271.00 shares at 67.84 on 2024-10-16 14:30:00+00:00
2024-11-11 21:16:41,387 - Long Buy 265.00 shares at 67.83 on 2024-10-16 14:45:00+00:00
2024-11-11 21:16:41,387 - Long Buy 259.00 shares at 68.01 on 2024-10-16 15:00:00+00:00
2024-11-11 21:16:41,387 - Long Buy 255.00 shares at 67.87 on 2024-10-16 15:15:00+00:00
2024-11-11 21:16:41,387 - Sell to close 2190.00 shares at 68.54 on 2024-10-16 16:00:00+00:00 (Exit: Profit_take, Profit: 1547.150000000037, Duration: 150.0 minutes)
2024-11-11 21:16:41,387 - Short Sell 290.00 shares at 68.74 on 2024-10-16 16:30:00+00:00
2024-11-11 21:16:41,387 - Short Sell 289.00 shares at 68.94 on 2024-10-16 16:45:00+00:00
2024-11-11 21:16:41,387 - Short Sell 289.00 shares at 68.89 on 2024-10-16 17:00:00+00:00
2024-11-11 21:16:41,387 - Short Sell 290.00 shares at 68.82 on 2024-10-16 17:15:00+00:00
2024-11-11 21:16:41,387 - Buy to cover -1158.00 shares at 68.8 on 2024-10-16 17:30:00+00:00 (Exit: Signal, Profit: 54.869999999991535, Duration: 60.0 minutes)
2024-11-11 21:16:41,387 - Short Sell 288.00 shares at 69.12 on 2024-10-16 18:00:00+00:00
2024-11-11 21:16:41,387 - Short Sell 289.00 shares at 68.94 on 2024-10-16 18:15:00+00:00
2024-11-11 21:16:41,387 - Buy to cover -577.00 shares at 68.36 on 2024-10-16 19:00:00+00:00 (Exit: Profit_take, Profit: 386.5000000000007, Duration: 60.0 minutes)
2024-11-11 21:16:41,387 - Long Buy 292.00 shares at 68.22 on 2024-10-16 19:15:00+00:00
2024-11-11 21:16:41,388 - Long Buy 286.00 shares at 68.35 on 2024-10-16 19:30:00+00:00
2024-11-11 21:16:41,388 - Long Buy 282.00 shares at 68.02 on 2024-10-16 19:45:00+00:00
2024-11-11 21:16:41,388 - Long Buy 277.00 shares at 67.82 on 2024-10-17 13:30:00+00:00
2024-11-11 21:16:41,388 - Long Buy 270.00 shares at 68.03 on 2024-10-17 13:45:00+00:00
2024-11-11 21:16:41,388 - Sell to close 1407.00 shares at 67.64 on 2024-10-17 14:00:00+00:00 (Exit: Stop_loss, Profit: -634.740000000009, Duration: 1125.0 minutes)
2024-11-11 21:16:41,388 - Short Sell 292.00 shares at 68.21 on 2024-10-18 13:30:00+00:00
2024-11-11 21:16:41,388 - Short Sell 294.00 shares at 67.89 on 2024-10-18 13:45:00+00:00
2024-11-11 21:16:41,388 - Buy to cover -586.00 shares at 67.67 on 2024-10-18 14:00:00+00:00 (Exit: Profit_take, Profit: 222.35999999999714, Duration: 30.0 minutes)
2024-11-11 21:16:41,388 - Short Sell 294.00 shares at 67.74 on 2024-10-18 14:15:00+00:00
2024-11-11 21:16:41,388 - Short Sell 294.00 shares at 67.85 on 2024-10-18 14:45:00+00:00
2024-11-11 21:16:41,388 - Short Sell 295.00 shares at 67.62 on 2024-10-18 15:00:00+00:00
2024-11-11 21:16:41,388 - Short Sell 294.00 shares at 67.76 on 2024-10-18 15:15:00+00:00
2024-11-11 21:16:41,388 - Short Sell 294.00 shares at 67.81 on 2024-10-18 15:30:00+00:00
2024-11-11 21:16:41,388 - Short Sell 294.00 shares at 67.76 on 2024-10-18 15:45:00+00:00
2024-11-11 21:16:41,388 - Short Sell 294.00 shares at 67.77 on 2024-10-18 16:00:00+00:00
2024-11-11 21:16:41,388 - Short Sell 293.00 shares at 67.99 on 2024-10-18 16:15:00+00:00
2024-11-11 21:16:41,388 - Short Sell 294.00 shares at 67.76 on 2024-10-18 16:30:00+00:00
2024-11-11 21:16:41,388 - Short Sell 294.00 shares at 67.77 on 2024-10-18 16:45:00+00:00
2024-11-11 21:16:41,388 - Short Sell 294.00 shares at 67.71 on 2024-10-18 17:00:00+00:00
2024-11-11 21:16:41,388 - Short Sell 294.00 shares at 67.84 on 2024-10-18 17:15:00+00:00
2024-11-11 21:16:41,388 - Short Sell 294.00 shares at 67.83 on 2024-10-18 17:30:00+00:00
2024-11-11 21:16:41,388 - Short Sell 294.00 shares at 67.75 on 2024-10-18 17:45:00+00:00
2024-11-11 21:16:41,388 - Short Sell 294.00 shares at 67.82 on 2024-10-18 18:00:00+00:00
2024-11-11 21:16:41,388 - Short Sell 294.00 shares at 67.83 on 2024-10-18 18:15:00+00:00
2024-11-11 21:16:41,389 - Short Sell 294.00 shares at 67.83 on 2024-10-18 18:30:00+00:00
2024-11-11 21:16:41,389 - Short Sell 294.00 shares at 67.81 on 2024-10-18 18:45:00+00:00
2024-11-11 21:16:41,389 - Short Sell 292.00 shares at 68.09 on 2024-10-18 19:00:00+00:00
2024-11-11 21:16:41,389 - Short Sell 292.00 shares at 68.06 on 2024-10-18 19:15:00+00:00
2024-11-11 21:16:41,389 - Buy to cover -5876.00 shares at 68.17 on 2024-10-18 19:30:00+00:00 (Exit: Stop_loss, Profit: -2057.9899999998665, Duration: 315.0 minutes)
2024-11-11 21:16:41,389 - Long Buy 294.00 shares at 67.69 on 2024-10-21 13:45:00+00:00
2024-11-11 21:16:41,389 - Long Buy 289.00 shares at 67.4 on 2024-10-21 14:00:00+00:00
2024-11-11 21:16:41,389 - Long Buy 283.00 shares at 67.5 on 2024-10-21 14:15:00+00:00
2024-11-11 21:16:41,389 - Long Buy 277.00 shares at 67.59 on 2024-10-21 14:30:00+00:00
2024-11-11 21:16:41,389 - Long Buy 273.00 shares at 67.2 on 2024-10-21 14:45:00+00:00
2024-11-11 21:16:41,389 - Long Buy 266.00 shares at 67.49 on 2024-10-21 15:00:00+00:00
2024-11-11 21:16:41,389 - Long Buy 263.00 shares at 67.1 on 2024-10-21 15:15:00+00:00
2024-11-11 21:16:41,389 - Long Buy 258.00 shares at 67.03 on 2024-10-21 15:30:00+00:00
2024-11-11 21:16:41,389 - Long Buy 252.00 shares at 67.18 on 2024-10-21 15:45:00+00:00
2024-11-11 21:16:41,389 - Long Buy 246.00 shares at 67.3 on 2024-10-21 16:00:00+00:00
2024-11-11 21:16:41,389 - Long Buy 242.00 shares at 67.22 on 2024-10-21 16:15:00+00:00
2024-11-11 21:16:41,389 - Long Buy 237.00 shares at 67.25 on 2024-10-21 16:30:00+00:00
2024-11-11 21:16:41,389 - Long Buy 231.00 shares at 67.51 on 2024-10-21 16:45:00+00:00
2024-11-11 21:16:41,389 - Long Buy 227.00 shares at 67.54 on 2024-10-21 17:00:00+00:00
2024-11-11 21:16:41,389 - Long Buy 221.00 shares at 67.69 on 2024-10-21 17:15:00+00:00
2024-11-11 21:16:41,389 - Long Buy 217.00 shares at 67.56 on 2024-10-21 17:30:00+00:00
2024-11-11 21:16:41,389 - Long Buy 213.00 shares at 67.48 on 2024-10-21 17:45:00+00:00
2024-11-11 21:16:41,389 - Long Buy 210.00 shares at 67.24 on 2024-10-21 18:00:00+00:00
2024-11-11 21:16:41,389 - Long Buy 206.00 shares at 67.24 on 2024-10-21 18:15:00+00:00
2024-11-11 21:16:41,389 - Long Buy 202.00 shares at 67.23 on 2024-10-21 18:30:00+00:00
2024-11-11 21:16:41,389 - Long Buy 198.00 shares at 67.19 on 2024-10-21 18:45:00+00:00
2024-11-11 21:16:41,389 - Long Buy 193.00 shares at 67.37 on 2024-10-21 19:00:00+00:00
2024-11-11 21:16:41,389 - Long Buy 189.00 shares at 67.44 on 2024-10-21 19:15:00+00:00
2024-11-11 21:16:41,389 - Long Buy 185.00 shares at 67.44 on 2024-10-21 19:30:00+00:00
2024-11-11 21:16:41,389 - Long Buy 182.00 shares at 67.31 on 2024-10-21 19:45:00+00:00
2024-11-11 21:16:41,389 - Sell to close 5854.00 shares at 66.95 on 2024-10-22 13:30:00+00:00 (Exit: Stop_loss, Profit: -2459.669999999935, Duration: 1425.0 minutes)
2024-11-11 21:16:41,390 - Long Buy 299.00 shares at 66.3 on 2024-10-23 13:30:00+00:00
2024-11-11 21:16:41,390 - Long Buy 293.00 shares at 66.29 on 2024-10-23 13:45:00+00:00
2024-11-11 21:16:41,390 - Long Buy 287.00 shares at 66.31 on 2024-10-23 14:00:00+00:00
2024-11-11 21:16:41,390 - Long Buy 283.00 shares at 65.95 on 2024-10-23 14:15:00+00:00
2024-11-11 21:16:41,390 - Long Buy 278.00 shares at 65.83 on 2024-10-23 14:30:00+00:00
2024-11-11 21:16:41,390 - Long Buy 272.00 shares at 65.88 on 2024-10-23 14:45:00+00:00
2024-11-11 21:16:41,390 - Sell to close 1712.00 shares at 66.0 on 2024-10-23 15:00:00+00:00 (Exit: Signal, Profit: -169.5900000000065, Duration: 90.0 minutes)
2024-11-11 21:16:41,390 - Short Sell 299.00 shares at 66.4 on 2024-10-23 15:15:00+00:00
2024-11-11 21:16:41,390 - Short Sell 298.00 shares at 66.65 on 2024-10-23 15:30:00+00:00
2024-11-11 21:16:41,390 - Short Sell 297.00 shares at 66.77 on 2024-10-23 15:45:00+00:00
2024-11-11 21:16:41,390 - Short Sell 298.00 shares at 66.5 on 2024-10-23 16:00:00+00:00
2024-11-11 21:16:41,390 - Short Sell 297.00 shares at 66.81 on 2024-10-23 16:15:00+00:00
2024-11-11 21:16:41,390 - Short Sell 298.00 shares at 66.63 on 2024-10-23 16:30:00+00:00
2024-11-11 21:16:41,390 - Short Sell 297.00 shares at 66.7 on 2024-10-23 16:45:00+00:00
2024-11-11 21:16:41,390 - Short Sell 299.00 shares at 66.37 on 2024-10-23 17:00:00+00:00
2024-11-11 21:16:41,390 - Short Sell 299.00 shares at 66.36 on 2024-10-23 17:15:00+00:00
2024-11-11 21:16:41,390 - Buy to cover -2682.00 shares at 66.19 on 2024-10-23 17:30:00+00:00 (Exit: Profit_take, Profit: 1035.8900000000463, Duration: 135.0 minutes)
2024-11-11 21:16:41,390 - Short Sell 300.00 shares at 66.14 on 2024-10-23 17:45:00+00:00
2024-11-11 21:16:41,390 - Buy to cover -300.00 shares at 65.79 on 2024-10-23 18:00:00+00:00 (Exit: Profit_take, Profit: 104.9999999999983, Duration: 15.0 minutes)
2024-11-11 21:16:41,391 - Short Sell 300.00 shares at 66.14 on 2024-10-23 19:45:00+00:00
2024-11-11 21:16:41,391 - Short Sell 299.00 shares at 66.51 on 2024-10-24 13:30:00+00:00
2024-11-11 21:16:41,391 - Short Sell 300.00 shares at 66.24 on 2024-10-24 13:45:00+00:00
2024-11-11 21:16:41,391 - Short Sell 299.00 shares at 66.48 on 2024-10-24 14:15:00+00:00
2024-11-11 21:16:41,391 - Short Sell 300.00 shares at 66.3 on 2024-10-24 14:30:00+00:00
2024-11-11 21:16:41,391 - Short Sell 298.00 shares at 66.54 on 2024-10-24 14:45:00+00:00
2024-11-11 21:16:41,391 - Short Sell 298.00 shares at 66.56 on 2024-10-24 15:00:00+00:00
2024-11-11 21:16:41,391 - Short Sell 299.00 shares at 66.43 on 2024-10-24 15:15:00+00:00
2024-11-11 21:16:41,391 - Short Sell 299.00 shares at 66.52 on 2024-10-24 15:30:00+00:00
2024-11-11 21:16:41,391 - Short Sell 298.00 shares at 66.66 on 2024-10-24 15:45:00+00:00
2024-11-11 21:16:41,391 - Buy to cover -2990.00 shares at 66.59 on 2024-10-24 16:00:00+00:00 (Exit: Signal, Profit: -455.55999999998875, Duration: 1215.0 minutes)
2024-11-11 21:16:41,391 - Short Sell 297.00 shares at 66.84 on 2024-10-24 16:45:00+00:00
2024-11-11 21:16:41,391 - Buy to cover -297.00 shares at 66.49 on 2024-10-24 17:15:00+00:00 (Exit: Profit_take, Profit: 103.95000000000253, Duration: 30.0 minutes)
2024-11-11 21:16:41,391 - Long Buy 299.00 shares at 66.4 on 2024-10-24 18:30:00+00:00
2024-11-11 21:16:41,391 - Sell to close 299.00 shares at 66.76 on 2024-10-24 19:00:00+00:00 (Exit: Profit_take, Profit: 107.63999999999983, Duration: 30.0 minutes)
2024-11-11 21:16:41,391 - Short Sell 297.00 shares at 66.96 on 2024-10-24 19:45:00+00:00
2024-11-11 21:16:41,391 - Short Sell 297.00 shares at 66.9 on 2024-10-25 13:30:00+00:00
2024-11-11 21:16:41,391 - Short Sell 295.00 shares at 67.23 on 2024-10-25 13:45:00+00:00
2024-11-11 21:16:41,391 - Short Sell 294.00 shares at 67.45 on 2024-10-25 14:00:00+00:00
2024-11-11 21:16:41,391 - Short Sell 295.00 shares at 67.38 on 2024-10-25 14:15:00+00:00
2024-11-11 21:16:41,391 - Short Sell 296.00 shares at 67.11 on 2024-10-25 14:30:00+00:00
2024-11-11 21:16:41,391 - Buy to cover -1774.00 shares at 66.71 on 2024-10-25 14:45:00+00:00 (Exit: Profit_take, Profit: 817.6899999999866, Duration: 1140.0 minutes)
2024-11-11 21:16:41,392 - Short Sell 297.00 shares at 66.98 on 2024-10-25 15:30:00+00:00
2024-11-11 21:16:41,392 - Short Sell 296.00 shares at 67.09 on 2024-10-25 15:45:00+00:00
2024-11-11 21:16:41,392 - Short Sell 297.00 shares at 66.98 on 2024-10-25 16:00:00+00:00
2024-11-11 21:16:41,392 - Short Sell 296.00 shares at 67.16 on 2024-10-25 16:15:00+00:00
2024-11-11 21:16:41,392 - Short Sell 296.00 shares at 67.11 on 2024-10-25 16:30:00+00:00
2024-11-11 21:16:41,392 - Short Sell 296.00 shares at 67.08 on 2024-10-25 17:00:00+00:00
2024-11-11 21:16:41,392 - Short Sell 297.00 shares at 67.03 on 2024-10-25 17:15:00+00:00
2024-11-11 21:16:41,392 - Buy to cover -2075.00 shares at 66.78 on 2024-10-25 18:30:00+00:00 (Exit: Signal, Profit: 583.7699999999962, Duration: 180.0 minutes)
2024-11-11 21:16:41,392 - Long Buy 298.00 shares at 66.72 on 2024-10-25 18:45:00+00:00
2024-11-11 21:16:41,392 - Long Buy 293.00 shares at 66.61 on 2024-10-25 19:00:00+00:00
2024-11-11 21:16:41,392 - Long Buy 288.00 shares at 66.28 on 2024-10-25 19:15:00+00:00
2024-11-11 21:16:41,392 - Long Buy 283.00 shares at 66.24 on 2024-10-25 19:30:00+00:00
2024-11-11 21:16:41,392 - Long Buy 276.00 shares at 66.44 on 2024-10-25 19:45:00+00:00
2024-11-11 21:16:41,392 - Sell to close 1438.00 shares at 66.83 on 2024-10-28 13:30:00+00:00 (Exit: Profit_take, Profit: 530.249999999983, Duration: 4005.0 minutes)
2024-11-11 21:16:41,392 - Long Buy 299.00 shares at 66.47 on 2024-10-28 13:45:00+00:00
2024-11-11 21:16:41,392 - Long Buy 295.00 shares at 66.01 on 2024-10-28 14:00:00+00:00
2024-11-11 21:16:41,392 - Long Buy 288.00 shares at 66.41 on 2024-10-28 14:15:00+00:00
2024-11-11 21:16:41,392 - Long Buy 282.00 shares at 66.46 on 2024-10-28 14:30:00+00:00
2024-11-11 21:16:41,392 - Long Buy 276.00 shares at 66.44 on 2024-10-28 14:45:00+00:00
2024-11-11 21:16:41,392 - Long Buy 271.00 shares at 66.45 on 2024-10-28 15:00:00+00:00
2024-11-11 21:16:41,392 - Long Buy 266.00 shares at 66.31 on 2024-10-28 15:15:00+00:00
2024-11-11 21:16:41,392 - Long Buy 261.00 shares at 66.23 on 2024-10-28 15:30:00+00:00
2024-11-11 21:16:41,392 - Long Buy 256.00 shares at 66.18 on 2024-10-28 15:45:00+00:00
2024-11-11 21:16:41,392 - Long Buy 250.00 shares at 66.44 on 2024-10-28 16:00:00+00:00
2024-11-11 21:16:41,392 - Long Buy 245.00 shares at 66.45 on 2024-10-28 16:15:00+00:00
2024-11-11 21:16:41,392 - Long Buy 240.00 shares at 66.46 on 2024-10-28 16:30:00+00:00
2024-11-11 21:16:41,392 - Long Buy 235.00 shares at 66.41 on 2024-10-28 16:45:00+00:00
2024-11-11 21:16:41,392 - Long Buy 231.00 shares at 66.31 on 2024-10-28 17:00:00+00:00
2024-11-11 21:16:41,393 - Long Buy 226.00 shares at 66.37 on 2024-10-28 17:15:00+00:00
2024-11-11 21:16:41,393 - Long Buy 221.00 shares at 66.57 on 2024-10-28 17:30:00+00:00
2024-11-11 21:16:41,393 - Long Buy 216.00 shares at 66.59 on 2024-10-28 17:45:00+00:00
2024-11-11 21:16:41,393 - Long Buy 212.00 shares at 66.52 on 2024-10-28 18:00:00+00:00
2024-11-11 21:16:41,393 - Long Buy 208.00 shares at 66.41 on 2024-10-28 18:15:00+00:00
2024-11-11 21:16:41,393 - Sell to close 4778.00 shares at 66.89 on 2024-10-28 18:45:00+00:00 (Exit: Profit_take, Profit: 2398.020000000003, Duration: 300.0 minutes)
2024-11-11 21:16:41,393 - Short Sell 299.00 shares at 66.73 on 2024-10-28 19:00:00+00:00
2024-11-11 21:16:41,393 - Buy to cover -299.00 shares at 66.34 on 2024-10-28 19:15:00+00:00 (Exit: Profit_take, Profit: 116.61000000000017, Duration: 15.0 minutes)
2024-11-11 21:16:41,393 - Long Buy 301.00 shares at 66.23 on 2024-10-28 19:30:00+00:00
2024-11-11 21:16:41,393 - Long Buy 295.00 shares at 66.25 on 2024-10-28 19:45:00+00:00
2024-11-11 21:16:41,393 - Sell to close 596.00 shares at 65.41 on 2024-10-29 13:30:00+00:00 (Exit: Stop_loss, Profit: -494.61999999999773, Duration: 1080.0 minutes)
2024-11-11 21:16:41,393 - Short Sell 306.00 shares at 65.18 on 2024-10-30 13:45:00+00:00
2024-11-11 21:16:41,393 - Buy to cover -306.00 shares at 64.76 on 2024-10-30 14:30:00+00:00 (Exit: Profit_take, Profit: 128.52000000000052, Duration: 45.0 minutes)
2024-11-11 21:16:41,393 - Long Buy 310.00 shares at 64.24 on 2024-10-30 15:15:00+00:00
2024-11-11 21:16:41,393 - Long Buy 303.00 shares at 64.51 on 2024-10-30 15:30:00+00:00
2024-11-11 21:16:41,393 - Long Buy 298.00 shares at 64.25 on 2024-10-30 15:45:00+00:00
2024-11-11 21:16:41,393 - Long Buy 294.00 shares at 63.94 on 2024-10-30 16:00:00+00:00
2024-11-11 21:16:41,394 - Sell to close 1205.00 shares at 63.74 on 2024-10-30 16:15:00+00:00 (Exit: Stop_loss, Profit: -599.0900000000099, Duration: 60.0 minutes)
2024-11-11 21:16:41,394 - Long Buy 315.00 shares at 63.3 on 2024-10-31 13:30:00+00:00
2024-11-11 21:16:41,394 - Sell to close 315.00 shares at 63.56 on 2024-10-31 13:45:00+00:00 (Exit: Signal, Profit: 81.90000000000161, Duration: 15.0 minutes)
2024-11-11 21:16:41,394 - Long Buy 316.00 shares at 63.02 on 2024-10-31 14:00:00+00:00
2024-11-11 21:16:41,394 - Long Buy 310.00 shares at 63.01 on 2024-10-31 14:15:00+00:00
2024-11-11 21:16:41,394 - Long Buy 304.00 shares at 63.04 on 2024-10-31 14:30:00+00:00
2024-11-11 21:16:41,394 - Long Buy 297.00 shares at 63.14 on 2024-10-31 14:45:00+00:00
2024-11-11 21:16:41,394 - Sell to close 1227.00 shares at 63.71 on 2024-10-31 15:00:00+00:00 (Exit: Profit_take, Profit: 808.009999999996, Duration: 60.0 minutes)
2024-11-11 21:16:41,394 - Short Sell 314.00 shares at 63.62 on 2024-10-31 15:15:00+00:00
2024-11-11 21:16:41,394 - Buy to cover -314.00 shares at 63.23 on 2024-10-31 15:30:00+00:00 (Exit: Profit_take, Profit: 122.46000000000018, Duration: 15.0 minutes)
2024-11-11 21:16:41,394 - Short Sell 314.00 shares at 63.58 on 2024-10-31 15:45:00+00:00
2024-11-11 21:16:41,394 - Short Sell 314.00 shares at 63.6 on 2024-10-31 16:00:00+00:00
2024-11-11 21:16:41,394 - Short Sell 312.00 shares at 64.0 on 2024-10-31 16:15:00+00:00
2024-11-11 21:16:41,394 - Short Sell 312.00 shares at 64.02 on 2024-10-31 16:30:00+00:00
2024-11-11 21:16:41,394 - Short Sell 312.00 shares at 64.0 on 2024-10-31 16:45:00+00:00
2024-11-11 21:16:41,394 - Short Sell 312.00 shares at 63.92 on 2024-10-31 17:00:00+00:00
2024-11-11 21:16:41,394 - Buy to cover -1876.00 shares at 64.24 on 2024-10-31 17:15:00+00:00 (Exit: Stop_loss, Profit: -726.4399999999684, Duration: 90.0 minutes)
2024-11-11 21:16:41,394 - Short Sell 310.00 shares at 64.4 on 2024-11-01 13:30:00+00:00
2024-11-11 21:16:41,394 - Short Sell 308.00 shares at 64.81 on 2024-11-01 13:45:00+00:00
2024-11-11 21:16:41,394 - Buy to cover -618.00 shares at 65.55 on 2024-11-01 14:00:00+00:00 (Exit: Stop_loss, Profit: -584.4200000000067, Duration: 30.0 minutes)
2024-11-11 21:16:41,395 - Short Sell 286.00 shares at 69.6 on 2024-11-04 14:30:00+00:00
2024-11-11 21:16:41,395 - Short Sell 284.00 shares at 70.14 on 2024-11-04 14:45:00+00:00
2024-11-11 21:16:41,395 - Short Sell 284.00 shares at 70.04 on 2024-11-04 15:00:00+00:00
2024-11-11 21:16:41,395 - Buy to cover -854.00 shares at 69.37 on 2024-11-04 15:15:00+00:00 (Exit: Profit_take, Profit: 474.7399999999948, Duration: 45.0 minutes)
2024-11-11 21:16:41,395 - Short Sell 286.00 shares at 69.59 on 2024-11-04 15:30:00+00:00
2024-11-11 21:16:41,395 - Buy to cover -286.00 shares at 68.88 on 2024-11-04 15:45:00+00:00 (Exit: Profit_take, Profit: 203.06000000000228, Duration: 15.0 minutes)
2024-11-11 21:16:41,395 - Short Sell 293.00 shares at 68.03 on 2024-11-04 16:00:00+00:00
2024-11-11 21:16:41,395 - Short Sell 293.00 shares at 68.0 on 2024-11-04 16:15:00+00:00
2024-11-11 21:16:41,395 - Buy to cover -586.00 shares at 67.98 on 2024-11-04 16:30:00+00:00 (Exit: Signal, Profit: 20.509999999998, Duration: 30.0 minutes)
2024-11-11 21:16:41,395 - Long Buy 295.00 shares at 67.5 on 2024-11-04 17:30:00+00:00
2024-11-11 21:16:41,395 - Long Buy 289.00 shares at 67.55 on 2024-11-04 17:45:00+00:00
2024-11-11 21:16:41,395 - Long Buy 284.00 shares at 67.52 on 2024-11-04 18:00:00+00:00
2024-11-11 21:16:41,395 - Long Buy 278.00 shares at 67.41 on 2024-11-04 18:15:00+00:00
2024-11-11 21:16:41,395 - Long Buy 273.00 shares at 67.4 on 2024-11-04 18:30:00+00:00
2024-11-11 21:16:41,395 - Long Buy 267.00 shares at 67.42 on 2024-11-04 18:45:00+00:00
2024-11-11 21:16:41,395 - Long Buy 262.00 shares at 67.42 on 2024-11-04 19:00:00+00:00
2024-11-11 21:16:41,395 - Long Buy 257.00 shares at 67.38 on 2024-11-04 19:15:00+00:00
2024-11-11 21:16:41,395 - Long Buy 252.00 shares at 67.31 on 2024-11-04 19:30:00+00:00
2024-11-11 21:16:41,395 - Long Buy 248.00 shares at 66.98 on 2024-11-04 19:45:00+00:00
2024-11-11 21:16:41,395 - Sell to close 2705.00 shares at 66.84 on 2024-11-04 20:00:00+00:00 (Exit: Stop_loss, Profit: -1503.1099999999853, Duration: 150.0 minutes)
2024-11-11 21:16:41,396 - Long Buy 297.00 shares at 67.01 on 2024-11-05 14:30:00+00:00
2024-11-11 21:16:41,396 - Long Buy 293.00 shares at 66.55 on 2024-11-05 14:45:00+00:00
2024-11-11 21:16:41,396 - Long Buy 288.00 shares at 66.43 on 2024-11-05 15:00:00+00:00
2024-11-11 21:16:41,396 - Long Buy 281.00 shares at 66.79 on 2024-11-05 15:15:00+00:00
2024-11-11 21:16:41,396 - Long Buy 276.00 shares at 66.63 on 2024-11-05 15:30:00+00:00
2024-11-11 21:16:41,396 - Long Buy 271.00 shares at 66.34 on 2024-11-05 15:45:00+00:00
2024-11-11 21:16:41,396 - Sell to close 1706.00 shares at 66.2 on 2024-11-05 16:00:00+00:00 (Exit: Stop_loss, Profit: -731.7700000000068, Duration: 90.0 minutes)
2024-11-11 21:16:41,396 - Long Buy 319.00 shares at 62.45 on 2024-11-06 14:30:00+00:00
2024-11-11 21:16:41,396 - Sell to close 319.00 shares at 61.35 on 2024-11-06 14:45:00+00:00 (Exit: Stop_loss, Profit: -350.89999999999816, Duration: 15.0 minutes)
2024-11-11 21:16:41,396 - Short Sell 313.00 shares at 63.53 on 2024-11-07 14:30:00+00:00
2024-11-11 21:16:41,396 - Short Sell 313.00 shares at 63.51 on 2024-11-07 14:45:00+00:00
2024-11-11 21:16:41,396 - Buy to cover -626.00 shares at 62.86 on 2024-11-07 15:00:00+00:00 (Exit: Profit_take, Profit: 413.1600000000023, Duration: 30.0 minutes)
2024-11-11 21:16:41,396 - Short Sell 315.00 shares at 63.07 on 2024-11-07 15:15:00+00:00
2024-11-11 21:16:41,396 - Short Sell 315.00 shares at 63.22 on 2024-11-07 15:30:00+00:00
2024-11-11 21:16:41,396 - Short Sell 313.00 shares at 63.49 on 2024-11-07 15:45:00+00:00
2024-11-11 21:16:41,397 - Short Sell 314.00 shares at 63.41 on 2024-11-07 16:00:00+00:00
2024-11-11 21:16:41,397 - Short Sell 312.00 shares at 63.66 on 2024-11-07 16:15:00+00:00
2024-11-11 21:16:41,397 - Short Sell 313.00 shares at 63.5 on 2024-11-07 16:30:00+00:00
2024-11-11 21:16:41,397 - Short Sell 312.00 shares at 63.65 on 2024-11-07 16:45:00+00:00
2024-11-11 21:16:41,397 - Buy to cover -2194.00 shares at 63.94 on 2024-11-07 17:00:00+00:00 (Exit: Stop_loss, Profit: -1123.679999999996, Duration: 105.0 minutes)
2024-11-11 21:16:41,397 - Long Buy 324.00 shares at 61.4 on 2024-11-08 14:30:00+00:00
2024-11-11 21:16:41,397 - Long Buy 316.00 shares at 61.55 on 2024-11-08 14:45:00+00:00
2024-11-11 21:16:41,397 - Long Buy 310.00 shares at 61.63 on 2024-11-08 15:00:00+00:00
2024-11-11 21:16:41,397 - Sell to close 950.00 shares at 60.94 on 2024-11-08 15:15:00+00:00 (Exit: Stop_loss, Profit: -555.7000000000023, Duration: 45.0 minutes)
2024-11-11 21:16:41,399 - Final statisticsStock: DLTR, 
total_trades: 42, 
winning_trades: 25, 
losing_trades: 17, 
average_return: 0.0004730664415471811, 
average_duration: 310.7142857142857, 
final_balance: 994629.6100000001, 
final_portfolio_value: 994629.6100000001, 
sharpe_ratio: 2.5350845528442294, 



