2024-11-11 22:41:44,546 - Starting GBMStrategy with initial capital: 1000000
2024-11-11 22:41:44,546 - Hyperparameters: {'threshold': 1.5, 'time_periods': 30, 'num_simulations': 150}
2024-11-11 22:43:07,184 - Short Sell 104.00 shares at 191.13 on 2024-10-11 14:30:00+00:00
2024-11-11 22:43:07,185 - Short Sell 104.00 shares at 191.02 on 2024-10-11 14:45:00+00:00
2024-11-11 22:43:07,185 - Short Sell 104.00 shares at 190.7 on 2024-10-11 15:00:00+00:00
2024-11-11 22:43:07,185 - Short Sell 104.00 shares at 190.91 on 2024-10-11 15:30:00+00:00
2024-11-11 22:43:07,185 - Short Sell 104.00 shares at 190.75 on 2024-10-11 15:45:00+00:00
2024-11-11 22:43:07,185 - Short Sell 104.00 shares at 190.8 on 2024-10-11 16:00:00+00:00
2024-11-11 22:43:07,185 - Buy to cover -624.00 shares at 189.88 on 2024-10-11 17:00:00+00:00 (Exit: Profit_take, Profit: 627.1200000000149, Duration: 150.0 minutes)
2024-11-11 22:43:07,185 - Short Sell 104.00 shares at 191.47 on 2024-10-14 13:45:00+00:00
2024-11-11 22:43:07,185 - Short Sell 104.00 shares at 192.19 on 2024-10-14 14:00:00+00:00
2024-11-11 22:43:07,185 - Short Sell 104.00 shares at 192.0 on 2024-10-14 14:15:00+00:00
2024-11-11 22:43:07,185 - Short Sell 103.00 shares at 192.46 on 2024-10-14 14:30:00+00:00
2024-11-11 22:43:07,185 - Short Sell 103.00 shares at 192.74 on 2024-10-14 14:45:00+00:00
2024-11-11 22:43:07,185 - Short Sell 103.00 shares at 193.13 on 2024-10-14 15:00:00+00:00
2024-11-11 22:43:07,185 - Short Sell 103.00 shares at 192.57 on 2024-10-14 15:15:00+00:00
2024-11-11 22:43:07,185 - Short Sell 103.00 shares at 192.95 on 2024-10-14 15:30:00+00:00
2024-11-11 22:43:07,185 - Short Sell 103.00 shares at 193.03 on 2024-10-14 15:45:00+00:00
2024-11-11 22:43:07,185 - Short Sell 103.00 shares at 193.24 on 2024-10-14 16:00:00+00:00
2024-11-11 22:43:07,185 - Short Sell 103.00 shares at 193.11 on 2024-10-14 16:15:00+00:00
2024-11-11 22:43:07,185 - Short Sell 103.00 shares at 192.97 on 2024-10-14 16:45:00+00:00
2024-11-11 22:43:07,186 - Short Sell 103.00 shares at 192.96 on 2024-10-14 17:00:00+00:00
2024-11-11 22:43:07,186 - Short Sell 103.00 shares at 193.35 on 2024-10-14 17:15:00+00:00
2024-11-11 22:43:07,186 - Short Sell 103.00 shares at 193.26 on 2024-10-14 17:30:00+00:00
2024-11-11 22:43:07,186 - Short Sell 103.00 shares at 193.21 on 2024-10-14 17:45:00+00:00
2024-11-11 22:43:07,186 - Buy to cover -1651.00 shares at 193.39 on 2024-10-14 18:00:00+00:00 (Exit: Stop_loss, Profit: -993.3099999999159, Duration: 255.0 minutes)
2024-11-11 22:43:07,186 - Short Sell 103.00 shares at 193.25 on 2024-10-15 13:30:00+00:00
2024-11-11 22:43:07,186 - Short Sell 103.00 shares at 193.33 on 2024-10-15 13:45:00+00:00
2024-11-11 22:43:07,186 - Short Sell 103.00 shares at 193.84 on 2024-10-15 14:00:00+00:00
2024-11-11 22:43:07,186 - Short Sell 103.00 shares at 193.95 on 2024-10-15 14:15:00+00:00
2024-11-11 22:43:07,186 - Short Sell 103.00 shares at 193.66 on 2024-10-15 14:30:00+00:00
2024-11-11 22:43:07,186 - Short Sell 103.00 shares at 193.53 on 2024-10-15 16:15:00+00:00
2024-11-11 22:43:07,186 - Buy to cover -618.00 shares at 193.33 on 2024-10-15 16:30:00+00:00 (Exit: Signal, Profit: 162.7399999999925, Duration: 180.0 minutes)
2024-11-11 22:43:07,186 - Long Buy 103.00 shares at 193.08 on 2024-10-15 16:45:00+00:00
2024-11-11 22:43:07,187 - Long Buy 101.00 shares at 192.78 on 2024-10-15 17:00:00+00:00
2024-11-11 22:43:07,187 - Long Buy 99.00 shares at 192.77 on 2024-10-15 17:15:00+00:00
2024-11-11 22:43:07,187 - Long Buy 97.00 shares at 192.92 on 2024-10-15 17:30:00+00:00
2024-11-11 22:43:07,187 - Long Buy 95.00 shares at 193.03 on 2024-10-15 17:45:00+00:00
2024-11-11 22:43:07,187 - Long Buy 93.00 shares at 192.71 on 2024-10-15 18:00:00+00:00
2024-11-11 22:43:07,187 - Long Buy 92.00 shares at 192.35 on 2024-10-15 18:15:00+00:00
2024-11-11 22:43:07,187 - Long Buy 90.00 shares at 192.5 on 2024-10-15 18:30:00+00:00
2024-11-11 22:43:07,187 - Long Buy 88.00 shares at 192.27 on 2024-10-15 18:45:00+00:00
2024-11-11 22:43:07,187 - Long Buy 86.00 shares at 192.01 on 2024-10-15 19:00:00+00:00
2024-11-11 22:43:07,187 - Long Buy 85.00 shares at 191.58 on 2024-10-15 19:15:00+00:00
2024-11-11 22:43:07,187 - Long Buy 83.00 shares at 191.76 on 2024-10-15 19:30:00+00:00
2024-11-11 22:43:07,187 - Long Buy 82.00 shares at 191.28 on 2024-10-15 19:45:00+00:00
2024-11-11 22:43:07,187 - Long Buy 79.00 shares at 192.94 on 2024-10-16 13:30:00+00:00
2024-11-11 22:43:07,187 - Long Buy 78.00 shares at 192.78 on 2024-10-16 13:45:00+00:00
2024-11-11 22:43:07,187 - Sell to close 1351.00 shares at 193.67 on 2024-10-16 14:00:00+00:00 (Exit: Profit_take, Profit: 1614.539999999989, Duration: 1275.0 minutes)
2024-11-11 22:43:07,187 - Long Buy 103.00 shares at 192.99 on 2024-10-16 14:30:00+00:00
2024-11-11 22:43:07,187 - Long Buy 101.00 shares at 193.17 on 2024-10-16 17:30:00+00:00
2024-11-11 22:43:07,187 - Sell to close 204.00 shares at 193.72 on 2024-10-16 18:15:00+00:00 (Exit: Signal, Profit: 130.74000000000285, Duration: 225.0 minutes)
2024-11-11 22:43:07,187 - Long Buy 103.00 shares at 193.06 on 2024-10-16 19:15:00+00:00
2024-11-11 22:43:07,187 - Long Buy 101.00 shares at 192.91 on 2024-10-16 19:30:00+00:00
2024-11-11 22:43:07,187 - Long Buy 99.00 shares at 192.81 on 2024-10-16 19:45:00+00:00
2024-11-11 22:43:07,188 - Sell to close 303.00 shares at 195.27 on 2024-10-17 13:30:00+00:00 (Exit: Profit_take, Profit: 709.530000000005, Duration: 1095.0 minutes)
2024-11-11 22:43:07,188 - Short Sell 102.00 shares at 194.8 on 2024-10-17 13:45:00+00:00
2024-11-11 22:43:07,188 - Short Sell 102.00 shares at 194.77 on 2024-10-17 14:00:00+00:00
2024-11-11 22:43:07,188 - Short Sell 103.00 shares at 194.22 on 2024-10-17 14:15:00+00:00
2024-11-11 22:43:07,188 - Short Sell 103.00 shares at 194.05 on 2024-10-17 14:30:00+00:00
2024-11-11 22:43:07,188 - Short Sell 103.00 shares at 194.16 on 2024-10-17 14:45:00+00:00
2024-11-11 22:43:07,188 - Short Sell 103.00 shares at 193.99 on 2024-10-17 15:00:00+00:00
2024-11-11 22:43:07,188 - Short Sell 103.00 shares at 194.17 on 2024-10-17 15:15:00+00:00
2024-11-11 22:43:07,188 - Short Sell 103.00 shares at 194.0 on 2024-10-17 15:30:00+00:00
2024-11-11 22:43:07,188 - Short Sell 103.00 shares at 193.97 on 2024-10-17 15:45:00+00:00
2024-11-11 22:43:07,188 - Short Sell 103.00 shares at 194.28 on 2024-10-17 16:00:00+00:00
2024-11-11 22:43:07,188 - Short Sell 102.00 shares at 194.62 on 2024-10-17 16:15:00+00:00
2024-11-11 22:43:07,188 - Short Sell 102.00 shares at 194.81 on 2024-10-17 16:30:00+00:00
2024-11-11 22:43:07,188 - Short Sell 102.00 shares at 194.96 on 2024-10-17 16:45:00+00:00
2024-11-11 22:43:07,188 - Short Sell 102.00 shares at 194.75 on 2024-10-17 17:00:00+00:00
2024-11-11 22:43:07,188 - Short Sell 102.00 shares at 194.61 on 2024-10-17 17:15:00+00:00
2024-11-11 22:43:07,188 - Short Sell 102.00 shares at 194.75 on 2024-10-17 17:30:00+00:00
2024-11-11 22:43:07,188 - Short Sell 102.00 shares at 194.67 on 2024-10-17 17:45:00+00:00
2024-11-11 22:43:07,188 - Short Sell 102.00 shares at 194.69 on 2024-10-17 18:00:00+00:00
2024-11-11 22:43:07,188 - Short Sell 103.00 shares at 194.55 on 2024-10-17 18:15:00+00:00
2024-11-11 22:43:07,188 - Buy to cover -1947.00 shares at 194.48 on 2024-10-17 18:30:00+00:00 (Exit: Signal, Profit: -33.52999999998639, Duration: 285.0 minutes)
2024-11-11 22:43:07,188 - Short Sell 102.00 shares at 194.7 on 2024-10-17 18:45:00+00:00
2024-11-11 22:43:07,188 - Short Sell 102.00 shares at 195.08 on 2024-10-17 19:00:00+00:00
2024-11-11 22:43:07,188 - Short Sell 102.00 shares at 194.94 on 2024-10-17 19:45:00+00:00
2024-11-11 22:43:07,188 - Buy to cover -306.00 shares at 194.06 on 2024-10-18 14:00:00+00:00 (Exit: Signal, Profit: 259.0799999999992, Duration: 1155.0 minutes)
2024-11-11 22:43:07,189 - Short Sell 102.00 shares at 195.18 on 2024-10-18 15:30:00+00:00
2024-11-11 22:43:07,189 - Short Sell 102.00 shares at 195.17 on 2024-10-18 15:45:00+00:00
2024-11-11 22:43:07,189 - Short Sell 102.00 shares at 195.3 on 2024-10-18 16:00:00+00:00
2024-11-11 22:43:07,189 - Short Sell 102.00 shares at 195.5 on 2024-10-18 16:15:00+00:00
2024-11-11 22:43:07,189 - Buy to cover -408.00 shares at 194.22 on 2024-10-18 17:45:00+00:00 (Exit: Profit_take, Profit: 435.53999999999814, Duration: 135.0 minutes)
2024-11-11 22:43:07,189 - Long Buy 103.00 shares at 193.91 on 2024-10-18 18:30:00+00:00
2024-11-11 22:43:07,189 - Long Buy 101.00 shares at 193.78 on 2024-10-18 18:45:00+00:00
2024-11-11 22:43:07,189 - Long Buy 99.00 shares at 193.75 on 2024-10-18 19:00:00+00:00
2024-11-11 22:43:07,189 - Long Buy 97.00 shares at 193.69 on 2024-10-18 19:15:00+00:00
2024-11-11 22:43:07,189 - Long Buy 95.00 shares at 193.62 on 2024-10-18 19:30:00+00:00
2024-11-11 22:43:07,189 - Sell to close 495.00 shares at 194.41 on 2024-10-18 19:45:00+00:00 (Exit: Signal, Profit: 325.3600000000033, Duration: 75.0 minutes)
2024-11-11 22:43:07,189 - Long Buy 103.00 shares at 193.48 on 2024-10-21 13:45:00+00:00
2024-11-11 22:43:07,189 - Long Buy 101.00 shares at 193.28 on 2024-10-21 14:15:00+00:00
2024-11-11 22:43:07,189 - Long Buy 99.00 shares at 193.26 on 2024-10-21 14:30:00+00:00
2024-11-11 22:43:07,189 - Long Buy 97.00 shares at 192.93 on 2024-10-21 14:45:00+00:00
2024-11-11 22:43:07,189 - Long Buy 96.00 shares at 192.61 on 2024-10-21 15:00:00+00:00
2024-11-11 22:43:07,189 - Long Buy 94.00 shares at 192.42 on 2024-10-21 15:15:00+00:00
2024-11-11 22:43:07,189 - Long Buy 92.00 shares at 192.67 on 2024-10-21 15:30:00+00:00
2024-11-11 22:43:07,189 - Long Buy 90.00 shares at 192.59 on 2024-10-21 15:45:00+00:00
2024-11-11 22:43:07,189 - Long Buy 88.00 shares at 192.62 on 2024-10-21 16:00:00+00:00
2024-11-11 22:43:07,189 - Long Buy 86.00 shares at 192.86 on 2024-10-21 16:15:00+00:00
2024-11-11 22:43:07,189 - Long Buy 85.00 shares at 192.89 on 2024-10-21 16:30:00+00:00
2024-11-11 22:43:07,189 - Long Buy 83.00 shares at 193.0 on 2024-10-21 18:00:00+00:00
2024-11-11 22:43:07,190 - Long Buy 81.00 shares at 192.85 on 2024-10-21 18:15:00+00:00
2024-11-11 22:43:07,190 - Long Buy 80.00 shares at 192.79 on 2024-10-21 18:30:00+00:00
2024-11-11 22:43:07,190 - Long Buy 78.00 shares at 192.83 on 2024-10-21 18:45:00+00:00
2024-11-11 22:43:07,190 - Long Buy 76.00 shares at 192.99 on 2024-10-21 19:00:00+00:00
2024-11-11 22:43:07,190 - Long Buy 75.00 shares at 192.79 on 2024-10-21 19:15:00+00:00
2024-11-11 22:43:07,190 - Long Buy 74.00 shares at 192.43 on 2024-10-21 19:30:00+00:00
2024-11-11 22:43:07,190 - Long Buy 72.00 shares at 192.73 on 2024-10-21 19:45:00+00:00
2024-11-11 22:43:07,190 - Sell to close 1650.00 shares at 190.91 on 2024-10-22 13:30:00+00:00 (Exit: Stop_loss, Profit: -3210.7800000000266, Duration: 1425.0 minutes)
2024-11-11 22:43:07,190 - Short Sell 104.00 shares at 191.84 on 2024-10-23 13:45:00+00:00
2024-11-11 22:43:07,190 - Short Sell 104.00 shares at 192.1 on 2024-10-23 14:00:00+00:00
2024-11-11 22:43:07,190 - Short Sell 103.00 shares at 192.73 on 2024-10-23 14:15:00+00:00
2024-11-11 22:43:07,190 - Short Sell 104.00 shares at 192.16 on 2024-10-23 14:30:00+00:00
2024-11-11 22:43:07,190 - Short Sell 103.00 shares at 192.34 on 2024-10-23 14:45:00+00:00
2024-11-11 22:43:07,190 - Buy to cover -518.00 shares at 191.7 on 2024-10-23 15:00:00+00:00 (Exit: Signal, Profit: 276.0100000000116, Duration: 75.0 minutes)
2024-11-11 22:43:07,190 - Long Buy 104.00 shares at 191.63 on 2024-10-23 15:15:00+00:00
2024-11-11 22:43:07,190 - Long Buy 102.00 shares at 191.98 on 2024-10-23 15:30:00+00:00
2024-11-11 22:43:07,190 - Long Buy 100.00 shares at 192.13 on 2024-10-23 15:45:00+00:00
2024-11-11 22:43:07,190 - Long Buy 98.00 shares at 192.02 on 2024-10-23 16:00:00+00:00
2024-11-11 22:43:07,190 - Long Buy 96.00 shares at 191.99 on 2024-10-23 16:15:00+00:00
2024-11-11 22:43:07,190 - Long Buy 94.00 shares at 191.81 on 2024-10-23 17:00:00+00:00
2024-11-11 22:43:07,190 - Long Buy 92.00 shares at 191.76 on 2024-10-23 17:15:00+00:00
2024-11-11 22:43:07,190 - Long Buy 90.00 shares at 191.73 on 2024-10-23 17:30:00+00:00
2024-11-11 22:43:07,190 - Long Buy 88.00 shares at 191.48 on 2024-10-23 17:45:00+00:00
2024-11-11 22:43:07,190 - Long Buy 87.00 shares at 190.7 on 2024-10-23 18:00:00+00:00
2024-11-11 22:43:07,191 - Long Buy 85.00 shares at 190.99 on 2024-10-23 18:15:00+00:00
2024-11-11 22:43:07,191 - Long Buy 83.00 shares at 191.48 on 2024-10-23 18:30:00+00:00
2024-11-11 22:43:07,191 - Long Buy 82.00 shares at 191.44 on 2024-10-23 18:45:00+00:00
2024-11-11 22:43:07,191 - Long Buy 80.00 shares at 191.54 on 2024-10-23 19:00:00+00:00
2024-11-11 22:43:07,191 - Long Buy 78.00 shares at 191.66 on 2024-10-23 19:15:00+00:00
2024-11-11 22:43:07,191 - Long Buy 77.00 shares at 191.62 on 2024-10-23 19:45:00+00:00
2024-11-11 22:43:07,191 - Sell to close 1436.00 shares at 183.73 on 2024-10-24 13:30:00+00:00 (Exit: Stop_loss, Profit: -11358.590000000007, Duration: 1335.0 minutes)
2024-11-11 22:43:07,191 - Short Sell 106.00 shares at 186.56 on 2024-10-25 13:30:00+00:00
2024-11-11 22:43:07,191 - Short Sell 105.00 shares at 187.48 on 2024-10-25 13:45:00+00:00
2024-11-11 22:43:07,191 - Short Sell 105.00 shares at 187.96 on 2024-10-25 14:00:00+00:00
2024-11-11 22:43:07,191 - Short Sell 105.00 shares at 188.26 on 2024-10-25 14:15:00+00:00
2024-11-11 22:43:07,191 - Short Sell 105.00 shares at 187.67 on 2024-10-25 14:30:00+00:00
2024-11-11 22:43:07,191 - Short Sell 105.00 shares at 187.69 on 2024-10-25 14:45:00+00:00
2024-11-11 22:43:07,191 - Short Sell 105.00 shares at 187.88 on 2024-10-25 15:00:00+00:00
2024-11-11 22:43:07,191 - Short Sell 105.00 shares at 187.39 on 2024-10-25 15:15:00+00:00
2024-11-11 22:43:07,191 - Short Sell 105.00 shares at 187.49 on 2024-10-25 15:30:00+00:00
2024-11-11 22:43:07,191 - Short Sell 105.00 shares at 187.71 on 2024-10-25 15:45:00+00:00
2024-11-11 22:43:07,191 - Short Sell 105.00 shares at 187.53 on 2024-10-25 16:00:00+00:00
2024-11-11 22:43:07,191 - Short Sell 105.00 shares at 188.02 on 2024-10-25 16:15:00+00:00
2024-11-11 22:43:07,191 - Short Sell 105.00 shares at 187.84 on 2024-10-25 16:30:00+00:00
2024-11-11 22:43:07,191 - Short Sell 105.00 shares at 187.73 on 2024-10-25 16:45:00+00:00
2024-11-11 22:43:07,191 - Buy to cover -1471.00 shares at 187.3 on 2024-10-25 17:00:00+00:00 (Exit: Signal, Profit: 525.3099999999588, Duration: 210.0 minutes)
2024-11-11 22:43:07,191 - Long Buy 105.00 shares at 187.13 on 2024-10-25 17:15:00+00:00
2024-11-11 22:43:07,191 - Long Buy 104.00 shares at 186.32 on 2024-10-25 17:30:00+00:00
2024-11-11 22:43:07,192 - Long Buy 102.00 shares at 186.18 on 2024-10-25 17:45:00+00:00
2024-11-11 22:43:07,192 - Long Buy 100.00 shares at 186.08 on 2024-10-25 18:00:00+00:00
2024-11-11 22:43:07,192 - Long Buy 97.00 shares at 186.4 on 2024-10-25 18:15:00+00:00
2024-11-11 22:43:07,192 - Long Buy 95.00 shares at 186.44 on 2024-10-25 18:30:00+00:00
2024-11-11 22:43:07,192 - Long Buy 93.00 shares at 186.87 on 2024-10-25 18:45:00+00:00
2024-11-11 22:43:07,192 - Long Buy 92.00 shares at 186.62 on 2024-10-25 19:00:00+00:00
2024-11-11 22:43:07,192 - Long Buy 90.00 shares at 186.95 on 2024-10-25 19:15:00+00:00
2024-11-11 22:43:07,192 - Long Buy 88.00 shares at 186.73 on 2024-10-25 19:30:00+00:00
2024-11-11 22:43:07,192 - Long Buy 86.00 shares at 186.98 on 2024-10-25 19:45:00+00:00
2024-11-11 22:43:07,192 - Sell to close 1052.00 shares at 191.02 on 2024-10-28 13:30:00+00:00 (Exit: Profit_take, Profit: 4650.180000000026, Duration: 4095.0 minutes)
2024-11-11 22:43:07,192 - Short Sell 104.00 shares at 190.86 on 2024-10-28 13:45:00+00:00
2024-11-11 22:43:07,192 - Short Sell 104.00 shares at 190.19 on 2024-10-28 14:00:00+00:00
2024-11-11 22:43:07,192 - Short Sell 104.00 shares at 190.56 on 2024-10-28 14:15:00+00:00
2024-11-11 22:43:07,192 - Short Sell 104.00 shares at 190.25 on 2024-10-28 14:30:00+00:00
2024-11-11 22:43:07,192 - Short Sell 104.00 shares at 190.5 on 2024-10-28 14:45:00+00:00
2024-11-11 22:43:07,192 - Short Sell 104.00 shares at 191.03 on 2024-10-28 15:00:00+00:00
2024-11-11 22:43:07,192 - Short Sell 104.00 shares at 191.0 on 2024-10-28 15:15:00+00:00
2024-11-11 22:43:07,192 - Short Sell 104.00 shares at 190.88 on 2024-10-28 15:30:00+00:00
2024-11-11 22:43:07,192 - Short Sell 104.00 shares at 190.94 on 2024-10-28 15:45:00+00:00
2024-11-11 22:43:07,192 - Short Sell 103.00 shares at 191.15 on 2024-10-28 16:00:00+00:00
2024-11-11 22:43:07,192 - Short Sell 103.00 shares at 191.46 on 2024-10-28 16:15:00+00:00
2024-11-11 22:43:07,192 - Short Sell 104.00 shares at 191.05 on 2024-10-28 16:30:00+00:00
2024-11-11 22:43:07,192 - Short Sell 104.00 shares at 190.97 on 2024-10-28 16:45:00+00:00
2024-11-11 22:43:07,192 - Short Sell 104.00 shares at 190.72 on 2024-10-28 17:00:00+00:00
2024-11-11 22:43:07,192 - Short Sell 104.00 shares at 190.83 on 2024-10-28 17:15:00+00:00
2024-11-11 22:43:07,192 - Short Sell 104.00 shares at 191.03 on 2024-10-28 17:30:00+00:00
2024-11-11 22:43:07,192 - Short Sell 103.00 shares at 191.19 on 2024-10-28 17:45:00+00:00
2024-11-11 22:43:07,192 - Buy to cover -1765.00 shares at 190.77 on 2024-10-28 18:00:00+00:00 (Exit: Signal, Profit: 156.59000000007893, Duration: 255.0 minutes)
2024-11-11 22:43:07,193 - Short Sell 103.00 shares at 191.95 on 2024-10-28 19:30:00+00:00
2024-11-11 22:43:07,193 - Short Sell 103.00 shares at 192.47 on 2024-10-28 19:45:00+00:00
2024-11-11 22:43:07,193 - Buy to cover -206.00 shares at 189.9 on 2024-10-29 13:30:00+00:00 (Exit: Profit_take, Profit: 475.8599999999946, Duration: 1080.0 minutes)
2024-11-11 22:43:07,193 - Long Buy 105.00 shares at 189.41 on 2024-10-29 13:45:00+00:00
2024-11-11 22:43:07,193 - Long Buy 102.00 shares at 189.79 on 2024-10-29 14:00:00+00:00
2024-11-11 22:43:07,193 - Sell to close 207.00 shares at 190.6 on 2024-10-29 14:15:00+00:00 (Exit: Profit_take, Profit: 207.5700000000041, Duration: 30.0 minutes)
2024-11-11 22:43:07,193 - Long Buy 103.00 shares at 191.89 on 2024-10-29 19:00:00+00:00
2024-11-11 22:43:07,193 - Long Buy 101.00 shares at 191.77 on 2024-10-29 19:30:00+00:00
2024-11-11 22:43:07,193 - Sell to close 204.00 shares at 192.88 on 2024-10-30 13:45:00+00:00 (Exit: Profit_take, Profit: 214.07999999999663, Duration: 1125.0 minutes)
2024-11-11 22:43:07,193 - Short Sell 102.00 shares at 193.47 on 2024-10-30 14:00:00+00:00
2024-11-11 22:43:07,193 - Short Sell 103.00 shares at 192.9 on 2024-10-30 14:15:00+00:00
2024-11-11 22:43:07,193 - Short Sell 102.00 shares at 193.28 on 2024-10-30 14:30:00+00:00
2024-11-11 22:43:07,193 - Short Sell 102.00 shares at 193.45 on 2024-10-30 14:45:00+00:00
2024-11-11 22:43:07,193 - Short Sell 103.00 shares at 193.07 on 2024-10-30 15:00:00+00:00
2024-11-11 22:43:07,193 - Short Sell 102.00 shares at 193.55 on 2024-10-30 15:15:00+00:00
2024-11-11 22:43:07,193 - Short Sell 102.00 shares at 194.11 on 2024-10-30 15:30:00+00:00
2024-11-11 22:43:07,193 - Short Sell 102.00 shares at 194.03 on 2024-10-30 15:45:00+00:00
2024-11-11 22:43:07,194 - Short Sell 102.00 shares at 194.14 on 2024-10-30 16:00:00+00:00
2024-11-11 22:43:07,194 - Short Sell 102.00 shares at 194.04 on 2024-10-30 16:15:00+00:00
2024-11-11 22:43:07,194 - Short Sell 102.00 shares at 194.02 on 2024-10-30 16:30:00+00:00
2024-11-11 22:43:07,194 - Short Sell 102.00 shares at 193.79 on 2024-10-30 16:45:00+00:00
2024-11-11 22:43:07,194 - Short Sell 102.00 shares at 193.93 on 2024-10-30 17:00:00+00:00
2024-11-11 22:43:07,194 - Short Sell 102.00 shares at 193.49 on 2024-10-30 17:15:00+00:00
2024-11-11 22:43:07,194 - Short Sell 102.00 shares at 193.68 on 2024-10-30 17:30:00+00:00
2024-11-11 22:43:07,194 - Short Sell 102.00 shares at 193.64 on 2024-10-30 17:45:00+00:00
2024-11-11 22:43:07,194 - Short Sell 102.00 shares at 194.06 on 2024-10-30 18:00:00+00:00
2024-11-11 22:43:07,194 - Short Sell 102.00 shares at 193.82 on 2024-10-30 18:15:00+00:00
2024-11-11 22:43:07,194 - Short Sell 102.00 shares at 193.63 on 2024-10-30 18:30:00+00:00
2024-11-11 22:43:07,194 - Short Sell 102.00 shares at 193.6 on 2024-10-30 18:45:00+00:00
2024-11-11 22:43:07,194 - Short Sell 102.00 shares at 193.68 on 2024-10-30 19:00:00+00:00
2024-11-11 22:43:07,194 - Short Sell 102.00 shares at 193.74 on 2024-10-30 19:15:00+00:00
2024-11-11 22:43:07,194 - Short Sell 102.00 shares at 193.57 on 2024-10-30 19:30:00+00:00
2024-11-11 22:43:07,194 - Short Sell 103.00 shares at 193.04 on 2024-10-30 19:45:00+00:00
2024-11-11 22:43:07,194 - Buy to cover -2451.00 shares at 192.28 on 2024-10-31 13:30:00+00:00 (Exit: Profit_take, Profit: 3369.1899999999464, Duration: 1410.0 minutes)
2024-11-11 22:43:07,194 - Long Buy 103.00 shares at 192.31 on 2024-10-31 13:45:00+00:00
2024-11-11 22:43:07,194 - Long Buy 102.00 shares at 191.74 on 2024-10-31 14:00:00+00:00
2024-11-11 22:43:07,194 - Long Buy 100.00 shares at 191.33 on 2024-10-31 14:15:00+00:00
2024-11-11 22:43:07,194 - Long Buy 98.00 shares at 191.02 on 2024-10-31 14:30:00+00:00
2024-11-11 22:43:07,194 - Long Buy 96.00 shares at 190.59 on 2024-10-31 14:45:00+00:00
2024-11-11 22:43:07,194 - Sell to close 499.00 shares at 190.37 on 2024-10-31 15:00:00+00:00 (Exit: Stop_loss, Profit: -520.3800000000073, Duration: 75.0 minutes)
2024-11-11 22:43:07,194 - Long Buy 105.00 shares at 189.76 on 2024-11-01 13:30:00+00:00
2024-11-11 22:43:07,194 - Long Buy 102.00 shares at 190.25 on 2024-11-01 13:45:00+00:00
2024-11-11 22:43:07,194 - Sell to close 207.00 shares at 191.06 on 2024-11-01 14:00:00+00:00 (Exit: Profit_take, Profit: 219.1200000000005, Duration: 30.0 minutes)
2024-11-11 22:43:07,195 - Long Buy 104.00 shares at 191.59 on 2024-11-01 14:15:00+00:00
2024-11-11 22:43:07,195 - Long Buy 102.00 shares at 190.83 on 2024-11-01 14:30:00+00:00
2024-11-11 22:43:07,195 - Long Buy 100.00 shares at 190.84 on 2024-11-01 14:45:00+00:00
2024-11-11 22:43:07,195 - Long Buy 98.00 shares at 190.88 on 2024-11-01 15:00:00+00:00
2024-11-11 22:43:07,195 - Long Buy 96.00 shares at 190.82 on 2024-11-01 15:15:00+00:00
2024-11-11 22:43:07,195 - Long Buy 94.00 shares at 190.59 on 2024-11-01 15:30:00+00:00
2024-11-11 22:43:07,195 - Long Buy 93.00 shares at 190.18 on 2024-11-01 15:45:00+00:00
2024-11-11 22:43:07,195 - Long Buy 91.00 shares at 190.51 on 2024-11-01 16:00:00+00:00
2024-11-11 22:43:07,195 - Long Buy 89.00 shares at 190.24 on 2024-11-01 16:15:00+00:00
2024-11-11 22:43:07,195 - Long Buy 87.00 shares at 190.32 on 2024-11-01 16:30:00+00:00
2024-11-11 22:43:07,195 - Long Buy 85.00 shares at 189.88 on 2024-11-01 16:45:00+00:00
2024-11-11 22:43:07,195 - Long Buy 84.00 shares at 189.89 on 2024-11-01 17:00:00+00:00
2024-11-11 22:43:07,195 - Long Buy 82.00 shares at 189.87 on 2024-11-01 17:15:00+00:00
2024-11-11 22:43:07,195 - Sell to close 1205.00 shares at 189.26 on 2024-11-01 17:30:00+00:00 (Exit: Stop_loss, Profit: -1528.3900000000224, Duration: 195.0 minutes)
2024-11-11 22:43:07,195 - Long Buy 104.00 shares at 190.36 on 2024-11-04 14:30:00+00:00
2024-11-11 22:43:07,195 - Sell to close 104.00 shares at 191.61 on 2024-11-04 15:00:00+00:00 (Exit: Profit_take, Profit: 130.0, Duration: 30.0 minutes)
2024-11-11 22:43:07,195 - Long Buy 104.00 shares at 190.12 on 2024-11-04 16:15:00+00:00
2024-11-11 22:43:07,195 - Long Buy 103.00 shares at 189.65 on 2024-11-04 16:30:00+00:00
2024-11-11 22:43:07,195 - Long Buy 101.00 shares at 189.37 on 2024-11-04 16:45:00+00:00
2024-11-11 22:43:07,195 - Long Buy 99.00 shares at 189.39 on 2024-11-04 17:00:00+00:00
2024-11-11 22:43:07,195 - Long Buy 97.00 shares at 189.55 on 2024-11-04 17:15:00+00:00
2024-11-11 22:43:07,195 - Long Buy 95.00 shares at 189.59 on 2024-11-04 17:30:00+00:00
2024-11-11 22:43:07,195 - Long Buy 93.00 shares at 189.47 on 2024-11-04 17:45:00+00:00
2024-11-11 22:43:07,195 - Long Buy 91.00 shares at 189.29 on 2024-11-04 18:00:00+00:00
2024-11-11 22:43:07,195 - Long Buy 89.00 shares at 189.33 on 2024-11-04 18:15:00+00:00
2024-11-11 22:43:07,195 - Long Buy 87.00 shares at 189.3 on 2024-11-04 18:30:00+00:00
2024-11-11 22:43:07,196 - Long Buy 86.00 shares at 189.22 on 2024-11-04 18:45:00+00:00
2024-11-11 22:43:07,196 - Long Buy 84.00 shares at 189.4 on 2024-11-04 19:00:00+00:00
2024-11-11 22:43:07,196 - Long Buy 82.00 shares at 189.22 on 2024-11-04 19:15:00+00:00
2024-11-11 22:43:07,196 - Long Buy 81.00 shares at 189.19 on 2024-11-04 19:30:00+00:00
2024-11-11 22:43:07,196 - Long Buy 79.00 shares at 189.12 on 2024-11-04 19:45:00+00:00
2024-11-11 22:43:07,196 - Long Buy 77.00 shares at 189.02 on 2024-11-04 20:00:00+00:00
2024-11-11 22:43:07,196 - Long Buy 76.00 shares at 189.1 on 2024-11-04 20:15:00+00:00
2024-11-11 22:43:07,196 - Long Buy 74.00 shares at 188.9 on 2024-11-04 20:30:00+00:00
2024-11-11 22:43:07,196 - Long Buy 73.00 shares at 189.19 on 2024-11-04 20:45:00+00:00
2024-11-11 22:43:07,196 - Long Buy 71.00 shares at 189.3 on 2024-11-05 14:30:00+00:00
2024-11-11 22:43:07,196 - Sell to close 1742.00 shares at 190.8 on 2024-11-05 14:45:00+00:00 (Exit: Profit_take, Profit: 2508.88000000007, Duration: 1350.0 minutes)
2024-11-11 22:43:07,196 - Short Sell 104.00 shares at 190.94 on 2024-11-05 15:00:00+00:00
2024-11-11 22:43:07,196 - Short Sell 104.00 shares at 191.3 on 2024-11-05 15:15:00+00:00
2024-11-11 22:43:07,196 - Short Sell 104.00 shares at 191.41 on 2024-11-05 15:30:00+00:00
2024-11-11 22:43:07,196 - Short Sell 104.00 shares at 191.06 on 2024-11-05 16:30:00+00:00
2024-11-11 22:43:07,196 - Short Sell 104.00 shares at 191.28 on 2024-11-05 16:45:00+00:00
2024-11-11 22:43:07,196 - Short Sell 104.00 shares at 191.09 on 2024-11-05 17:00:00+00:00
2024-11-11 22:43:07,196 - Short Sell 104.00 shares at 191.12 on 2024-11-05 17:15:00+00:00
2024-11-11 22:43:07,196 - Short Sell 104.00 shares at 191.42 on 2024-11-05 17:30:00+00:00
2024-11-11 22:43:07,196 - Short Sell 104.00 shares at 191.41 on 2024-11-05 17:45:00+00:00
2024-11-11 22:43:07,196 - Short Sell 104.00 shares at 191.58 on 2024-11-05 18:00:00+00:00
2024-11-11 22:43:07,196 - Short Sell 103.00 shares at 192.1 on 2024-11-05 20:45:00+00:00
2024-11-11 22:43:07,196 - Buy to cover -1143.00 shares at 202.95 on 2024-11-06 14:30:00+00:00 (Exit: Stop_loss, Profit: -13274.109999999988, Duration: 1410.0 minutes)
2024-11-11 22:43:07,197 - Long Buy 97.00 shares at 201.43 on 2024-11-07 14:30:00+00:00
2024-11-11 22:43:07,197 - Long Buy 95.00 shares at 201.5 on 2024-11-07 14:45:00+00:00
2024-11-11 22:43:07,197 - Long Buy 93.00 shares at 201.97 on 2024-11-07 15:00:00+00:00
2024-11-11 22:43:07,197 - Long Buy 92.00 shares at 201.74 on 2024-11-07 15:15:00+00:00
2024-11-11 22:43:07,197 - Long Buy 90.00 shares at 201.42 on 2024-11-07 15:45:00+00:00
2024-11-11 22:43:07,197 - Long Buy 88.00 shares at 200.67 on 2024-11-07 16:00:00+00:00
2024-11-11 22:43:07,197 - Long Buy 87.00 shares at 200.68 on 2024-11-07 16:15:00+00:00
2024-11-11 22:43:07,197 - Long Buy 85.00 shares at 201.04 on 2024-11-07 16:30:00+00:00
2024-11-11 22:43:07,197 - Long Buy 83.00 shares at 200.95 on 2024-11-07 16:45:00+00:00
2024-11-11 22:43:07,197 - Long Buy 81.00 shares at 201.52 on 2024-11-07 18:15:00+00:00
2024-11-11 22:43:07,197 - Long Buy 80.00 shares at 201.43 on 2024-11-07 18:30:00+00:00
2024-11-11 22:43:07,197 - Long Buy 78.00 shares at 201.64 on 2024-11-07 18:45:00+00:00
2024-11-11 22:43:07,197 - Long Buy 76.00 shares at 201.43 on 2024-11-07 19:00:00+00:00
2024-11-11 22:43:07,197 - Long Buy 75.00 shares at 201.27 on 2024-11-07 19:15:00+00:00
2024-11-11 22:43:07,197 - Long Buy 74.00 shares at 200.84 on 2024-11-07 19:30:00+00:00
2024-11-11 22:43:07,197 - Sell to close 1274.00 shares at 202.2 on 2024-11-07 20:15:00+00:00 (Exit: Signal, Profit: 1133.6000000000101, Duration: 345.0 minutes)
2024-11-11 22:43:07,197 - Short Sell 97.00 shares at 202.27 on 2024-11-07 20:30:00+00:00
2024-11-11 22:43:07,197 - Short Sell 97.00 shares at 202.17 on 2024-11-08 14:30:00+00:00
2024-11-11 22:43:07,197 - Short Sell 97.00 shares at 202.65 on 2024-11-08 14:45:00+00:00
2024-11-11 22:43:07,197 - Short Sell 97.00 shares at 203.22 on 2024-11-08 15:00:00+00:00
2024-11-11 22:43:07,197 - Short Sell 96.00 shares at 203.49 on 2024-11-08 15:15:00+00:00
2024-11-11 22:43:07,197 - Short Sell 97.00 shares at 203.46 on 2024-11-08 15:30:00+00:00
2024-11-11 22:43:07,197 - Short Sell 97.00 shares at 203.17 on 2024-11-08 15:45:00+00:00
2024-11-11 22:43:07,197 - Short Sell 97.00 shares at 203.37 on 2024-11-08 16:00:00+00:00
2024-11-11 22:43:07,197 - Short Sell 97.00 shares at 202.81 on 2024-11-08 16:15:00+00:00
2024-11-11 22:43:07,198 - Short Sell 97.00 shares at 202.66 on 2024-11-08 16:30:00+00:00
2024-11-11 22:43:07,198 - Short Sell 97.00 shares at 202.59 on 2024-11-08 16:45:00+00:00
2024-11-11 22:43:07,198 - Short Sell 97.00 shares at 202.56 on 2024-11-08 17:00:00+00:00
2024-11-11 22:43:07,198 - Short Sell 97.00 shares at 202.56 on 2024-11-08 17:15:00+00:00
2024-11-11 22:43:07,198 - Short Sell 97.00 shares at 202.72 on 2024-11-08 17:30:00+00:00
2024-11-11 22:43:07,198 - Short Sell 97.00 shares at 202.63 on 2024-11-08 17:45:00+00:00
2024-11-11 22:43:07,198 - Short Sell 97.00 shares at 202.47 on 2024-11-08 18:00:00+00:00
2024-11-11 22:43:07,198 - Short Sell 97.00 shares at 202.34 on 2024-11-08 18:15:00+00:00
2024-11-11 22:43:07,198 - Short Sell 97.00 shares at 202.35 on 2024-11-08 18:45:00+00:00
2024-11-11 22:43:07,198 - Short Sell 97.00 shares at 202.37 on 2024-11-08 19:00:00+00:00
2024-11-11 22:43:07,198 - Short Sell 97.00 shares at 202.37 on 2024-11-08 19:30:00+00:00
2024-11-11 22:43:07,198 - Buy to cover -1939.00 shares at 201.61 on 2024-11-08 20:15:00+00:00 (Exit: Profit_take, Profit: 2135.030000000021, Duration: 1425.0 minutes)
2024-11-11 22:43:07,198 - Long Buy 98.00 shares at 201.59 on 2024-11-08 20:30:00+00:00
2024-11-11 22:43:07,199 - Holding 98.0 shares as an open position at the end with unrealized return: -0.0002976338112009637, Duration: 15.0 minutes
2024-11-11 22:43:07,200 - Final statisticsStock: DOV, 
total_trades: 29, 
winning_trades: 21, 
losing_trades: 8, 
average_return: 7.311318030926485e-05, 
average_duration: 715.3448275862069, 
final_balance: 969591.1599999998, 
final_portfolio_value: 989341.0999999997, 
sharpe_ratio: 5.247815068648606, 



