2024-11-11 20:06:09,949 - Starting GBMStrategy with initial capital: 1000000
2024-11-11 20:06:09,949 - Hyperparameters: {'threshold': 1.5, 'time_periods': 30, 'num_simulations': 150}
2024-11-11 20:07:55,356 - Short Sell 370.00 shares at 54.03 on 2024-10-11 14:30:00+00:00
2024-11-11 20:07:55,357 - Short Sell 369.00 shares at 54.13 on 2024-10-11 15:00:00+00:00
2024-11-11 20:07:55,357 - Short Sell 370.00 shares at 54.05 on 2024-10-11 15:30:00+00:00
2024-11-11 20:07:55,358 - Buy to cover -1109.00 shares at 53.8 on 2024-10-11 16:00:00+00:00 (Exit: Signal, Profit: 299.370000000012, Duration: 90.0 minutes)
2024-11-11 20:07:55,358 - Long Buy 371.00 shares at 53.8 on 2024-10-11 16:15:00+00:00
2024-11-11 20:07:55,358 - Long Buy 364.00 shares at 53.81 on 2024-10-11 16:30:00+00:00
2024-11-11 20:07:55,358 - Sell to close 735.00 shares at 54.13 on 2024-10-11 17:30:00+00:00 (Exit: Profit_take, Profit: 238.91000000000327, Duration: 75.0 minutes)
2024-11-11 20:07:55,358 - Short Sell 369.00 shares at 54.12 on 2024-10-11 17:45:00+00:00
2024-11-11 20:07:55,358 - Buy to cover -369.00 shares at 53.78 on 2024-10-11 19:45:00+00:00 (Exit: Profit_take, Profit: 125.45999999999864, Duration: 120.0 minutes)
2024-11-11 20:07:55,359 - Long Buy 372.00 shares at 53.66 on 2024-10-14 13:30:00+00:00
2024-11-11 20:07:55,359 - Long Buy 366.00 shares at 53.57 on 2024-10-14 13:45:00+00:00
2024-11-11 20:07:55,359 - Long Buy 358.00 shares at 53.68 on 2024-10-14 14:00:00+00:00
2024-11-11 20:07:55,359 - Long Buy 352.00 shares at 53.39 on 2024-10-14 14:15:00+00:00
2024-11-11 20:07:55,359 - Long Buy 344.00 shares at 53.54 on 2024-10-14 14:30:00+00:00
2024-11-11 20:07:55,359 - Long Buy 337.00 shares at 53.63 on 2024-10-14 14:45:00+00:00
2024-11-11 20:07:55,359 - Long Buy 330.00 shares at 53.64 on 2024-10-14 15:00:00+00:00
2024-11-11 20:07:55,359 - Long Buy 324.00 shares at 53.61 on 2024-10-14 15:15:00+00:00
2024-11-11 20:07:55,359 - Sell to close 2783.00 shares at 53.68 on 2024-10-14 15:30:00+00:00 (Exit: Signal, Profit: 250.6699999999822, Duration: 120.0 minutes)
2024-11-11 20:07:55,359 - Long Buy 374.00 shares at 53.52 on 2024-10-14 16:15:00+00:00
2024-11-11 20:07:55,359 - Long Buy 366.00 shares at 53.47 on 2024-10-14 16:30:00+00:00
2024-11-11 20:07:55,359 - Long Buy 359.00 shares at 53.44 on 2024-10-14 16:45:00+00:00
2024-11-11 20:07:55,359 - Long Buy 352.00 shares at 53.45 on 2024-10-14 17:00:00+00:00
2024-11-11 20:07:55,359 - Long Buy 345.00 shares at 53.51 on 2024-10-14 17:15:00+00:00
2024-11-11 20:07:55,359 - Long Buy 338.00 shares at 53.48 on 2024-10-14 17:45:00+00:00
2024-11-11 20:07:55,359 - Long Buy 331.00 shares at 53.5 on 2024-10-14 18:00:00+00:00
2024-11-11 20:07:55,359 - Long Buy 325.00 shares at 53.46 on 2024-10-14 18:15:00+00:00
2024-11-11 20:07:55,359 - Long Buy 318.00 shares at 53.42 on 2024-10-14 18:30:00+00:00
2024-11-11 20:07:55,359 - Long Buy 312.00 shares at 53.44 on 2024-10-14 18:45:00+00:00
2024-11-11 20:07:55,359 - Long Buy 306.00 shares at 53.38 on 2024-10-14 19:00:00+00:00
2024-11-11 20:07:55,359 - Long Buy 299.00 shares at 53.47 on 2024-10-14 19:15:00+00:00
2024-11-11 20:07:55,359 - Long Buy 294.00 shares at 53.45 on 2024-10-14 19:30:00+00:00
2024-11-11 20:07:55,360 - Long Buy 289.00 shares at 53.12 on 2024-10-15 13:30:00+00:00
2024-11-11 20:07:55,360 - Long Buy 283.00 shares at 53.19 on 2024-10-15 13:45:00+00:00
2024-11-11 20:07:55,360 - Long Buy 277.00 shares at 53.39 on 2024-10-15 14:00:00+00:00
2024-11-11 20:07:55,360 - Long Buy 271.00 shares at 53.41 on 2024-10-15 14:15:00+00:00
2024-11-11 20:07:55,360 - Long Buy 266.00 shares at 53.38 on 2024-10-15 14:30:00+00:00
2024-11-11 20:07:55,360 - Long Buy 260.00 shares at 53.44 on 2024-10-15 14:45:00+00:00
2024-11-11 20:07:55,360 - Long Buy 255.00 shares at 53.32 on 2024-10-15 15:00:00+00:00
2024-11-11 20:07:55,360 - Long Buy 250.00 shares at 53.35 on 2024-10-15 15:15:00+00:00
2024-11-11 20:07:55,360 - Long Buy 245.00 shares at 53.38 on 2024-10-15 15:30:00+00:00
2024-11-11 20:07:55,360 - Long Buy 240.00 shares at 53.34 on 2024-10-15 15:45:00+00:00
2024-11-11 20:07:55,360 - Long Buy 235.00 shares at 53.36 on 2024-10-15 16:00:00+00:00
2024-11-11 20:07:55,360 - Long Buy 231.00 shares at 53.37 on 2024-10-15 16:15:00+00:00
2024-11-11 20:07:55,360 - Long Buy 227.00 shares at 53.26 on 2024-10-15 16:30:00+00:00
2024-11-11 20:07:55,360 - Long Buy 222.00 shares at 53.3 on 2024-10-15 16:45:00+00:00
2024-11-11 20:07:55,360 - Long Buy 218.00 shares at 53.17 on 2024-10-15 17:00:00+00:00
2024-11-11 20:07:55,360 - Sell to close 8088.00 shares at 53.02 on 2024-10-15 17:15:00+00:00 (Exit: Stop_loss, Profit: -3033.859999999878, Duration: 1500.0 minutes)
2024-11-11 20:07:55,360 - Long Buy 376.00 shares at 53.04 on 2024-10-16 13:30:00+00:00
2024-11-11 20:07:55,360 - Long Buy 368.00 shares at 53.06 on 2024-10-16 13:45:00+00:00
2024-11-11 20:07:55,360 - Long Buy 360.00 shares at 53.19 on 2024-10-16 14:00:00+00:00
2024-11-11 20:07:55,360 - Long Buy 353.00 shares at 53.19 on 2024-10-16 14:15:00+00:00
2024-11-11 20:07:55,360 - Long Buy 347.00 shares at 53.05 on 2024-10-16 14:30:00+00:00
2024-11-11 20:07:55,360 - Long Buy 339.00 shares at 53.08 on 2024-10-16 14:45:00+00:00
2024-11-11 20:07:55,360 - Long Buy 334.00 shares at 52.93 on 2024-10-16 15:00:00+00:00
2024-11-11 20:07:55,360 - Long Buy 327.00 shares at 52.91 on 2024-10-16 15:15:00+00:00
2024-11-11 20:07:55,361 - Long Buy 321.00 shares at 52.9 on 2024-10-16 15:30:00+00:00
2024-11-11 20:07:55,361 - Long Buy 315.00 shares at 52.77 on 2024-10-16 15:45:00+00:00
2024-11-11 20:07:55,361 - Long Buy 309.00 shares at 52.66 on 2024-10-16 16:00:00+00:00
2024-11-11 20:07:55,361 - Sell to close 3749.00 shares at 52.64 on 2024-10-16 16:15:00+00:00 (Exit: Stop_loss, Profit: -1304.2799999999854, Duration: 165.0 minutes)
2024-11-11 20:07:55,361 - Short Sell 375.00 shares at 53.07 on 2024-10-17 13:45:00+00:00
2024-11-11 20:07:55,361 - Short Sell 375.00 shares at 53.07 on 2024-10-17 14:00:00+00:00
2024-11-11 20:07:55,361 - Buy to cover -750.00 shares at 52.78 on 2024-10-17 15:15:00+00:00 (Exit: Profit_take, Profit: 217.49999999999937, Duration: 90.0 minutes)
2024-11-11 20:07:55,361 - Long Buy 377.00 shares at 52.77 on 2024-10-17 15:45:00+00:00
2024-11-11 20:07:55,361 - Long Buy 370.00 shares at 52.76 on 2024-10-17 16:00:00+00:00
2024-11-11 20:07:55,361 - Sell to close 747.00 shares at 52.83 on 2024-10-17 18:30:00+00:00 (Exit: Signal, Profit: 48.51999999999524, Duration: 165.0 minutes)
2024-11-11 20:07:55,361 - Short Sell 377.00 shares at 52.88 on 2024-10-17 18:45:00+00:00
2024-11-11 20:07:55,361 - Short Sell 376.00 shares at 52.93 on 2024-10-17 19:30:00+00:00
2024-11-11 20:07:55,362 - Short Sell 375.00 shares at 53.08 on 2024-10-17 19:45:00+00:00
2024-11-11 20:07:55,362 - Short Sell 375.00 shares at 53.15 on 2024-10-18 13:30:00+00:00
2024-11-11 20:07:55,362 - Short Sell 375.00 shares at 53.06 on 2024-10-18 13:45:00+00:00
2024-11-11 20:07:55,362 - Short Sell 376.00 shares at 52.91 on 2024-10-18 14:45:00+00:00
2024-11-11 20:07:55,362 - Short Sell 376.00 shares at 52.97 on 2024-10-18 15:00:00+00:00
2024-11-11 20:07:55,362 - Short Sell 376.00 shares at 52.97 on 2024-10-18 15:15:00+00:00
2024-11-11 20:07:55,362 - Short Sell 375.00 shares at 53.05 on 2024-10-18 15:30:00+00:00
2024-11-11 20:07:55,362 - Short Sell 375.00 shares at 53.02 on 2024-10-18 15:45:00+00:00
2024-11-11 20:07:55,362 - Short Sell 375.00 shares at 53.12 on 2024-10-18 16:00:00+00:00
2024-11-11 20:07:55,362 - Short Sell 374.00 shares at 53.25 on 2024-10-18 16:15:00+00:00
2024-11-11 20:07:55,362 - Short Sell 374.00 shares at 53.16 on 2024-10-18 16:30:00+00:00
2024-11-11 20:07:55,362 - Short Sell 374.00 shares at 53.15 on 2024-10-18 16:45:00+00:00
2024-11-11 20:07:55,362 - Short Sell 374.00 shares at 53.19 on 2024-10-18 17:00:00+00:00
2024-11-11 20:07:55,362 - Short Sell 374.00 shares at 53.15 on 2024-10-18 17:15:00+00:00
2024-11-11 20:07:55,362 - Short Sell 374.00 shares at 53.15 on 2024-10-18 17:30:00+00:00
2024-11-11 20:07:55,362 - Short Sell 375.00 shares at 53.13 on 2024-10-18 17:45:00+00:00
2024-11-11 20:07:55,362 - Short Sell 374.00 shares at 53.22 on 2024-10-18 18:00:00+00:00
2024-11-11 20:07:55,362 - Short Sell 374.00 shares at 53.19 on 2024-10-18 18:15:00+00:00
2024-11-11 20:07:55,362 - Short Sell 374.00 shares at 53.16 on 2024-10-18 18:30:00+00:00
2024-11-11 20:07:55,362 - Short Sell 375.00 shares at 53.14 on 2024-10-18 18:45:00+00:00
2024-11-11 20:07:55,362 - Short Sell 375.00 shares at 53.09 on 2024-10-18 19:00:00+00:00
2024-11-11 20:07:55,362 - Short Sell 375.00 shares at 53.07 on 2024-10-18 19:15:00+00:00
2024-11-11 20:07:55,362 - Short Sell 375.00 shares at 53.11 on 2024-10-18 19:30:00+00:00
2024-11-11 20:07:55,362 - Short Sell 375.00 shares at 53.11 on 2024-10-18 19:45:00+00:00
2024-11-11 20:07:55,362 - Buy to cover -9747.00 shares at 52.86 on 2024-10-21 13:45:00+00:00 (Exit: Signal, Profit: 2266.2500000000277, Duration: 5460.0 minutes)
2024-11-11 20:07:55,363 - Long Buy 379.00 shares at 52.59 on 2024-10-21 14:00:00+00:00
2024-11-11 20:07:55,363 - Long Buy 373.00 shares at 52.49 on 2024-10-21 14:15:00+00:00
2024-11-11 20:07:55,363 - Long Buy 365.00 shares at 52.54 on 2024-10-21 14:30:00+00:00
2024-11-11 20:07:55,363 - Long Buy 358.00 shares at 52.41 on 2024-10-21 14:45:00+00:00
2024-11-11 20:07:55,363 - Long Buy 352.00 shares at 52.31 on 2024-10-21 15:00:00+00:00
2024-11-11 20:07:55,363 - Long Buy 345.00 shares at 52.23 on 2024-10-21 15:15:00+00:00
2024-11-11 20:07:55,363 - Long Buy 338.00 shares at 52.3 on 2024-10-21 15:30:00+00:00
2024-11-11 20:07:55,363 - Long Buy 331.00 shares at 52.28 on 2024-10-21 15:45:00+00:00
2024-11-11 20:07:55,363 - Long Buy 325.00 shares at 52.19 on 2024-10-21 16:00:00+00:00
2024-11-11 20:07:55,363 - Long Buy 319.00 shares at 52.22 on 2024-10-21 16:15:00+00:00
2024-11-11 20:07:55,363 - Long Buy 313.00 shares at 52.16 on 2024-10-21 16:30:00+00:00
2024-11-11 20:07:55,363 - Long Buy 306.00 shares at 52.19 on 2024-10-21 16:45:00+00:00
2024-11-11 20:07:55,363 - Long Buy 300.00 shares at 52.22 on 2024-10-21 17:00:00+00:00
2024-11-11 20:07:55,363 - Long Buy 294.00 shares at 52.16 on 2024-10-21 17:15:00+00:00
2024-11-11 20:07:55,363 - Long Buy 288.00 shares at 52.19 on 2024-10-21 17:30:00+00:00
2024-11-11 20:07:55,363 - Long Buy 283.00 shares at 52.15 on 2024-10-21 17:45:00+00:00
2024-11-11 20:07:55,363 - Long Buy 277.00 shares at 52.15 on 2024-10-21 18:00:00+00:00
2024-11-11 20:07:55,363 - Long Buy 271.00 shares at 52.19 on 2024-10-21 18:15:00+00:00
2024-11-11 20:07:55,363 - Long Buy 266.00 shares at 52.2 on 2024-10-21 18:30:00+00:00
2024-11-11 20:07:55,363 - Long Buy 260.00 shares at 52.19 on 2024-10-21 18:45:00+00:00
2024-11-11 20:07:55,363 - Long Buy 255.00 shares at 52.16 on 2024-10-21 19:00:00+00:00
2024-11-11 20:07:55,363 - Long Buy 250.00 shares at 52.24 on 2024-10-21 19:15:00+00:00
2024-11-11 20:07:55,363 - Long Buy 245.00 shares at 52.2 on 2024-10-21 19:30:00+00:00
2024-11-11 20:07:55,363 - Long Buy 240.00 shares at 52.21 on 2024-10-21 19:45:00+00:00
2024-11-11 20:07:55,363 - Sell to close 7333.00 shares at 51.76 on 2024-10-22 13:30:00+00:00 (Exit: Stop_loss, Profit: -3738.9300000000294, Duration: 1410.0 minutes)
2024-11-11 20:07:55,364 - Long Buy 386.00 shares at 51.56 on 2024-10-23 15:00:00+00:00
2024-11-11 20:07:55,364 - Long Buy 379.00 shares at 51.4 on 2024-10-23 15:15:00+00:00
2024-11-11 20:07:55,364 - Long Buy 371.00 shares at 51.53 on 2024-10-23 15:30:00+00:00
2024-11-11 20:07:55,364 - Long Buy 362.00 shares at 51.63 on 2024-10-23 15:45:00+00:00
2024-11-11 20:07:55,364 - Long Buy 356.00 shares at 51.52 on 2024-10-23 16:00:00+00:00
2024-11-11 20:07:55,364 - Long Buy 349.00 shares at 51.47 on 2024-10-23 16:15:00+00:00
2024-11-11 20:07:55,364 - Long Buy 342.00 shares at 51.45 on 2024-10-23 16:30:00+00:00
2024-11-11 20:07:55,364 - Long Buy 335.00 shares at 51.47 on 2024-10-23 16:45:00+00:00
2024-11-11 20:07:55,364 - Long Buy 329.00 shares at 51.38 on 2024-10-23 17:00:00+00:00
2024-11-11 20:07:55,364 - Long Buy 323.00 shares at 51.33 on 2024-10-23 17:15:00+00:00
2024-11-11 20:07:55,364 - Long Buy 316.00 shares at 51.37 on 2024-10-23 17:30:00+00:00
2024-11-11 20:07:55,364 - Long Buy 310.00 shares at 51.34 on 2024-10-23 17:45:00+00:00
2024-11-11 20:07:55,364 - Long Buy 305.00 shares at 51.16 on 2024-10-23 18:00:00+00:00
2024-11-11 20:07:55,364 - Long Buy 299.00 shares at 51.21 on 2024-10-23 18:15:00+00:00
2024-11-11 20:07:55,364 - Long Buy 292.00 shares at 51.32 on 2024-10-23 18:30:00+00:00
2024-11-11 20:07:55,364 - Long Buy 286.00 shares at 51.29 on 2024-10-23 18:45:00+00:00
2024-11-11 20:07:55,364 - Long Buy 280.00 shares at 51.36 on 2024-10-23 19:00:00+00:00
2024-11-11 20:07:55,364 - Long Buy 274.00 shares at 51.41 on 2024-10-23 19:15:00+00:00
2024-11-11 20:07:55,364 - Long Buy 268.00 shares at 51.48 on 2024-10-23 19:30:00+00:00
2024-11-11 20:07:55,364 - Long Buy 263.00 shares at 51.48 on 2024-10-23 19:45:00+00:00
2024-11-11 20:07:55,364 - Sell to close 6425.00 shares at 50.95 on 2024-10-24 13:30:00+00:00 (Exit: Stop_loss, Profit: -2984.1199999999894, Duration: 1350.0 minutes)
2024-11-11 20:07:55,365 - Long Buy 393.00 shares at 50.38 on 2024-10-25 13:30:00+00:00
2024-11-11 20:07:55,365 - Long Buy 386.00 shares at 50.27 on 2024-10-25 13:45:00+00:00
2024-11-11 20:07:55,365 - Long Buy 378.00 shares at 50.41 on 2024-10-25 14:00:00+00:00
2024-11-11 20:07:55,365 - Long Buy 370.00 shares at 50.45 on 2024-10-25 14:15:00+00:00
2024-11-11 20:07:55,365 - Long Buy 363.00 shares at 50.43 on 2024-10-25 14:30:00+00:00
2024-11-11 20:07:55,365 - Long Buy 356.00 shares at 50.3 on 2024-10-25 14:45:00+00:00
2024-11-11 20:07:55,365 - Long Buy 349.00 shares at 50.38 on 2024-10-25 15:00:00+00:00
2024-11-11 20:07:55,365 - Long Buy 343.00 shares at 50.22 on 2024-10-25 15:15:00+00:00
2024-11-11 20:07:55,365 - Long Buy 336.00 shares at 50.23 on 2024-10-25 15:30:00+00:00
2024-11-11 20:07:55,365 - Long Buy 329.00 shares at 50.16 on 2024-10-25 15:45:00+00:00
2024-11-11 20:07:55,365 - Long Buy 324.00 shares at 50.06 on 2024-10-25 16:00:00+00:00
2024-11-11 20:07:55,365 - Long Buy 317.00 shares at 50.09 on 2024-10-25 16:15:00+00:00
2024-11-11 20:07:55,365 - Long Buy 310.00 shares at 50.2 on 2024-10-25 16:30:00+00:00
2024-11-11 20:07:55,365 - Long Buy 304.00 shares at 50.12 on 2024-10-25 16:45:00+00:00
2024-11-11 20:07:55,365 - Long Buy 298.00 shares at 50.1 on 2024-10-25 17:00:00+00:00
2024-11-11 20:07:55,365 - Sell to close 5156.00 shares at 49.94 on 2024-10-25 17:30:00+00:00 (Exit: Stop_loss, Profit: -1661.5400000000197, Duration: 240.0 minutes)
2024-11-11 20:07:55,365 - Long Buy 397.00 shares at 49.87 on 2024-10-28 13:30:00+00:00
2024-11-11 20:07:55,365 - Long Buy 391.00 shares at 49.55 on 2024-10-28 13:45:00+00:00
2024-11-11 20:07:55,366 - Long Buy 384.00 shares at 49.54 on 2024-10-28 14:00:00+00:00
2024-11-11 20:07:55,366 - Long Buy 374.00 shares at 49.81 on 2024-10-28 14:15:00+00:00
2024-11-11 20:07:55,366 - Long Buy 367.00 shares at 49.72 on 2024-10-28 14:30:00+00:00
2024-11-11 20:07:55,366 - Long Buy 360.00 shares at 49.73 on 2024-10-28 14:45:00+00:00
2024-11-11 20:07:55,366 - Long Buy 352.00 shares at 49.83 on 2024-10-28 15:00:00+00:00
2024-11-11 20:07:55,366 - Long Buy 345.00 shares at 49.84 on 2024-10-28 15:15:00+00:00
2024-11-11 20:07:55,366 - Long Buy 339.00 shares at 49.73 on 2024-10-28 15:30:00+00:00
2024-11-11 20:07:55,366 - Long Buy 332.00 shares at 49.7 on 2024-10-28 15:45:00+00:00
2024-11-11 20:07:55,366 - Long Buy 325.00 shares at 49.8 on 2024-10-28 16:00:00+00:00
2024-11-11 20:07:55,366 - Long Buy 318.00 shares at 49.84 on 2024-10-28 16:15:00+00:00
2024-11-11 20:07:55,366 - Long Buy 311.00 shares at 49.86 on 2024-10-28 16:30:00+00:00
2024-11-11 20:07:55,366 - Long Buy 305.00 shares at 49.86 on 2024-10-28 16:45:00+00:00
2024-11-11 20:07:55,366 - Long Buy 299.00 shares at 49.82 on 2024-10-28 17:00:00+00:00
2024-11-11 20:07:55,366 - Long Buy 293.00 shares at 49.84 on 2024-10-28 17:15:00+00:00
2024-11-11 20:07:55,366 - Long Buy 287.00 shares at 49.93 on 2024-10-28 17:30:00+00:00
2024-11-11 20:07:55,366 - Long Buy 281.00 shares at 49.9 on 2024-10-28 17:45:00+00:00
2024-11-11 20:07:55,366 - Long Buy 276.00 shares at 49.84 on 2024-10-28 18:00:00+00:00
2024-11-11 20:07:55,366 - Long Buy 271.00 shares at 49.81 on 2024-10-28 18:15:00+00:00
2024-11-11 20:07:55,366 - Long Buy 265.00 shares at 49.8 on 2024-10-28 18:30:00+00:00
2024-11-11 20:07:55,366 - Long Buy 260.00 shares at 49.81 on 2024-10-28 18:45:00+00:00
2024-11-11 20:07:55,366 - Long Buy 255.00 shares at 49.83 on 2024-10-28 19:00:00+00:00
2024-11-11 20:07:55,366 - Sell to close 7387.00 shares at 50.02 on 2024-10-28 19:30:00+00:00 (Exit: Signal, Profit: 1721.5400000000038, Duration: 360.0 minutes)
2024-11-11 20:07:55,366 - Short Sell 396.00 shares at 50.11 on 2024-10-28 19:45:00+00:00
2024-11-11 20:07:55,366 - Buy to cover -396.00 shares at 49.65 on 2024-10-29 13:30:00+00:00 (Exit: Profit_take, Profit: 182.16000000000315, Duration: 1065.0 minutes)
2024-11-11 20:07:55,366 - Long Buy 399.00 shares at 49.65 on 2024-10-29 13:45:00+00:00
2024-11-11 20:07:55,366 - Long Buy 391.00 shares at 49.68 on 2024-10-29 14:00:00+00:00
2024-11-11 20:07:55,367 - Sell to close 790.00 shares at 49.92 on 2024-10-29 14:30:00+00:00 (Exit: Profit_take, Profit: 201.57000000000508, Duration: 45.0 minutes)
2024-11-11 20:07:55,367 - Long Buy 399.00 shares at 49.69 on 2024-10-29 15:15:00+00:00
2024-11-11 20:07:55,367 - Long Buy 391.00 shares at 49.73 on 2024-10-29 15:30:00+00:00
2024-11-11 20:07:55,367 - Long Buy 384.00 shares at 49.59 on 2024-10-29 15:45:00+00:00
2024-11-11 20:07:55,367 - Long Buy 376.00 shares at 49.59 on 2024-10-29 16:00:00+00:00
2024-11-11 20:07:55,367 - Long Buy 368.00 shares at 49.67 on 2024-10-29 16:15:00+00:00
2024-11-11 20:07:55,367 - Long Buy 361.00 shares at 49.7 on 2024-10-29 16:30:00+00:00
2024-11-11 20:07:55,367 - Long Buy 354.00 shares at 49.64 on 2024-10-29 16:45:00+00:00
2024-11-11 20:07:55,367 - Long Buy 347.00 shares at 49.63 on 2024-10-29 17:00:00+00:00
2024-11-11 20:07:55,367 - Long Buy 340.00 shares at 49.68 on 2024-10-29 17:15:00+00:00
2024-11-11 20:07:55,367 - Long Buy 333.00 shares at 49.6 on 2024-10-29 17:30:00+00:00
2024-11-11 20:07:55,367 - Long Buy 326.00 shares at 49.64 on 2024-10-29 17:45:00+00:00
2024-11-11 20:07:55,367 - Long Buy 320.00 shares at 49.61 on 2024-10-29 18:00:00+00:00
2024-11-11 20:07:55,367 - Long Buy 314.00 shares at 49.53 on 2024-10-29 18:15:00+00:00
2024-11-11 20:07:55,367 - Long Buy 308.00 shares at 49.58 on 2024-10-29 18:30:00+00:00
2024-11-11 20:07:55,367 - Long Buy 301.00 shares at 49.58 on 2024-10-29 18:45:00+00:00
2024-11-11 20:07:55,367 - Long Buy 297.00 shares at 49.39 on 2024-10-29 19:00:00+00:00
2024-11-11 20:07:55,367 - Long Buy 290.00 shares at 49.47 on 2024-10-29 19:15:00+00:00
2024-11-11 20:07:55,367 - Long Buy 285.00 shares at 49.39 on 2024-10-29 19:30:00+00:00
2024-11-11 20:07:55,367 - Long Buy 279.00 shares at 49.48 on 2024-10-29 19:45:00+00:00
2024-11-11 20:07:55,367 - Sell to close 6373.00 shares at 49.81 on 2024-10-30 13:30:00+00:00 (Exit: Signal, Profit: 1356.8799999999703, Duration: 1335.0 minutes)
2024-11-11 20:07:55,368 - Short Sell 396.00 shares at 50.14 on 2024-10-30 13:45:00+00:00
2024-11-11 20:07:55,368 - Short Sell 397.00 shares at 50.08 on 2024-10-30 14:00:00+00:00
2024-11-11 20:07:55,368 - Short Sell 398.00 shares at 49.88 on 2024-10-30 14:15:00+00:00
2024-11-11 20:07:55,368 - Buy to cover -1191.00 shares at 49.73 on 2024-10-30 14:30:00+00:00 (Exit: Profit_take, Profit: 361.0100000000032, Duration: 45.0 minutes)
2024-11-11 20:07:55,368 - Long Buy 402.00 shares at 49.38 on 2024-10-30 15:45:00+00:00
2024-11-11 20:07:55,368 - Long Buy 395.00 shares at 49.34 on 2024-10-30 16:00:00+00:00
2024-11-11 20:07:55,368 - Long Buy 387.00 shares at 49.3 on 2024-10-30 16:15:00+00:00
2024-11-11 20:07:55,368 - Long Buy 379.00 shares at 49.33 on 2024-10-30 16:30:00+00:00
2024-11-11 20:07:55,368 - Long Buy 372.00 shares at 49.3 on 2024-10-30 16:45:00+00:00
2024-11-11 20:07:55,368 - Long Buy 364.00 shares at 49.32 on 2024-10-30 17:00:00+00:00
2024-11-11 20:07:55,368 - Long Buy 357.00 shares at 49.27 on 2024-10-30 17:15:00+00:00
2024-11-11 20:07:55,368 - Long Buy 351.00 shares at 49.19 on 2024-10-30 17:30:00+00:00
2024-11-11 20:07:55,368 - Long Buy 343.00 shares at 49.29 on 2024-10-30 17:45:00+00:00
2024-11-11 20:07:55,368 - Long Buy 335.00 shares at 49.39 on 2024-10-30 18:00:00+00:00
2024-11-11 20:07:55,368 - Long Buy 329.00 shares at 49.37 on 2024-10-30 18:15:00+00:00
2024-11-11 20:07:55,368 - Long Buy 323.00 shares at 49.22 on 2024-10-30 18:30:00+00:00
2024-11-11 20:07:55,368 - Long Buy 316.00 shares at 49.26 on 2024-10-30 18:45:00+00:00
2024-11-11 20:07:55,368 - Long Buy 310.00 shares at 49.22 on 2024-10-30 19:00:00+00:00
2024-11-11 20:07:55,368 - Long Buy 304.00 shares at 49.23 on 2024-10-30 19:15:00+00:00
2024-11-11 20:07:55,368 - Long Buy 298.00 shares at 49.21 on 2024-10-30 19:30:00+00:00
2024-11-11 20:07:55,368 - Long Buy 291.00 shares at 49.35 on 2024-10-30 19:45:00+00:00
2024-11-11 20:07:55,368 - Long Buy 286.00 shares at 49.32 on 2024-10-31 13:30:00+00:00
2024-11-11 20:07:55,368 - Sell to close 6142.00 shares at 49.42 on 2024-10-31 13:45:00+00:00 (Exit: Signal, Profit: 761.1100000000355, Duration: 1320.0 minutes)
2024-11-11 20:07:55,368 - Long Buy 403.00 shares at 49.28 on 2024-10-31 14:00:00+00:00
2024-11-11 20:07:55,368 - Long Buy 395.00 shares at 49.28 on 2024-10-31 14:15:00+00:00
2024-11-11 20:07:55,369 - Long Buy 388.00 shares at 49.26 on 2024-10-31 14:30:00+00:00
2024-11-11 20:07:55,369 - Long Buy 380.00 shares at 49.22 on 2024-10-31 14:45:00+00:00
2024-11-11 20:07:55,369 - Long Buy 372.00 shares at 49.25 on 2024-10-31 15:00:00+00:00
2024-11-11 20:07:55,369 - Long Buy 365.00 shares at 49.26 on 2024-10-31 15:15:00+00:00
2024-11-11 20:07:55,369 - Long Buy 358.00 shares at 49.22 on 2024-10-31 15:30:00+00:00
2024-11-11 20:07:55,369 - Long Buy 351.00 shares at 49.24 on 2024-10-31 15:45:00+00:00
2024-11-11 20:07:55,369 - Long Buy 344.00 shares at 49.21 on 2024-10-31 18:00:00+00:00
2024-11-11 20:07:55,369 - Sell to close 3356.00 shares at 49.52 on 2024-10-31 19:00:00+00:00 (Exit: Profit_take, Profit: 914.060000000018, Duration: 300.0 minutes)
2024-11-11 20:07:55,369 - Short Sell 402.00 shares at 49.52 on 2024-10-31 19:15:00+00:00
2024-11-11 20:07:55,369 - Short Sell 401.00 shares at 49.58 on 2024-10-31 19:30:00+00:00
2024-11-11 20:07:55,369 - Buy to cover -803.00 shares at 49.23 on 2024-11-01 14:30:00+00:00 (Exit: Profit_take, Profit: 256.929999999999, Duration: 1155.0 minutes)
2024-11-11 20:07:55,369 - Long Buy 405.00 shares at 49.16 on 2024-11-01 14:45:00+00:00
2024-11-11 20:07:55,369 - Long Buy 396.00 shares at 49.22 on 2024-11-01 15:00:00+00:00
2024-11-11 20:07:55,369 - Sell to close 801.00 shares at 49.51 on 2024-11-01 15:15:00+00:00 (Exit: Profit_take, Profit: 256.58999999999793, Duration: 30.0 minutes)
2024-11-11 20:07:55,369 - Short Sell 402.00 shares at 49.51 on 2024-11-01 15:30:00+00:00
2024-11-11 20:07:55,369 - Buy to cover -402.00 shares at 49.31 on 2024-11-01 15:45:00+00:00 (Exit: Signal, Profit: 80.39999999999829, Duration: 15.0 minutes)
2024-11-11 20:07:55,370 - Long Buy 404.00 shares at 49.34 on 2024-11-01 16:00:00+00:00
2024-11-11 20:07:55,370 - Long Buy 397.00 shares at 49.21 on 2024-11-01 16:15:00+00:00
2024-11-11 20:07:55,370 - Long Buy 389.00 shares at 49.11 on 2024-11-01 16:30:00+00:00
2024-11-11 20:07:55,370 - Long Buy 382.00 shares at 49.1 on 2024-11-01 16:45:00+00:00
2024-11-11 20:07:55,370 - Long Buy 374.00 shares at 49.09 on 2024-11-01 17:00:00+00:00
2024-11-11 20:07:55,370 - Long Buy 366.00 shares at 49.13 on 2024-11-01 17:15:00+00:00
2024-11-11 20:07:55,370 - Long Buy 361.00 shares at 48.91 on 2024-11-01 17:30:00+00:00
2024-11-11 20:07:55,370 - Long Buy 354.00 shares at 48.88 on 2024-11-01 17:45:00+00:00
2024-11-11 20:07:55,370 - Long Buy 346.00 shares at 48.89 on 2024-11-01 18:00:00+00:00
2024-11-11 20:07:55,370 - Long Buy 339.00 shares at 49.0 on 2024-11-01 18:15:00+00:00
2024-11-11 20:07:55,370 - Long Buy 332.00 shares at 49.02 on 2024-11-01 18:30:00+00:00
2024-11-11 20:07:55,370 - Long Buy 325.00 shares at 49.0 on 2024-11-01 18:45:00+00:00
2024-11-11 20:07:55,370 - Long Buy 318.00 shares at 49.07 on 2024-11-01 19:00:00+00:00
2024-11-11 20:07:55,370 - Long Buy 313.00 shares at 48.98 on 2024-11-01 19:15:00+00:00
2024-11-11 20:07:55,370 - Long Buy 307.00 shares at 48.94 on 2024-11-01 19:30:00+00:00
2024-11-11 20:07:55,370 - Long Buy 300.00 shares at 48.96 on 2024-11-01 19:45:00+00:00
2024-11-11 20:07:55,370 - Sell to close 5607.00 shares at 48.18 on 2024-11-04 14:30:00+00:00 (Exit: Stop_loss, Profit: -4859.890000000013, Duration: 4230.0 minutes)
2024-11-11 20:07:55,370 - Long Buy 417.00 shares at 47.51 on 2024-11-05 14:30:00+00:00
2024-11-11 20:07:55,370 - Long Buy 409.00 shares at 47.47 on 2024-11-05 14:45:00+00:00
2024-11-11 20:07:55,370 - Long Buy 401.00 shares at 47.5 on 2024-11-05 15:00:00+00:00
2024-11-11 20:07:55,370 - Long Buy 392.00 shares at 47.53 on 2024-11-05 15:15:00+00:00
2024-11-11 20:07:55,371 - Long Buy 383.00 shares at 47.7 on 2024-11-05 15:30:00+00:00
2024-11-11 20:07:55,371 - Long Buy 376.00 shares at 47.58 on 2024-11-05 15:45:00+00:00
2024-11-11 20:07:55,371 - Long Buy 368.00 shares at 47.75 on 2024-11-05 16:00:00+00:00
2024-11-11 20:07:55,371 - Long Buy 362.00 shares at 47.55 on 2024-11-05 16:15:00+00:00
2024-11-11 20:07:55,371 - Long Buy 354.00 shares at 47.63 on 2024-11-05 16:30:00+00:00
2024-11-11 20:07:55,371 - Long Buy 347.00 shares at 47.62 on 2024-11-05 16:45:00+00:00
2024-11-11 20:07:55,371 - Long Buy 340.00 shares at 47.59 on 2024-11-05 17:00:00+00:00
2024-11-11 20:07:55,371 - Long Buy 334.00 shares at 47.54 on 2024-11-05 17:15:00+00:00
2024-11-11 20:07:55,371 - Sell to close 4483.00 shares at 47.63 on 2024-11-05 17:30:00+00:00 (Exit: Signal, Profit: 230.73000000001966, Duration: 180.0 minutes)
2024-11-11 20:07:55,371 - Short Sell 415.00 shares at 47.77 on 2024-11-05 17:45:00+00:00
2024-11-11 20:07:55,371 - Short Sell 415.00 shares at 47.73 on 2024-11-05 18:00:00+00:00
2024-11-11 20:07:55,371 - Short Sell 415.00 shares at 47.73 on 2024-11-05 18:15:00+00:00
2024-11-11 20:07:55,371 - Short Sell 415.00 shares at 47.74 on 2024-11-05 18:30:00+00:00
2024-11-11 20:07:55,371 - Short Sell 415.00 shares at 47.73 on 2024-11-05 18:45:00+00:00
2024-11-11 20:07:55,371 - Short Sell 415.00 shares at 47.8 on 2024-11-05 19:00:00+00:00
2024-11-11 20:07:55,371 - Short Sell 414.00 shares at 47.82 on 2024-11-05 19:15:00+00:00
2024-11-11 20:07:55,371 - Short Sell 415.00 shares at 47.77 on 2024-11-05 19:30:00+00:00
2024-11-11 20:07:55,371 - Short Sell 416.00 shares at 47.68 on 2024-11-05 19:45:00+00:00
2024-11-11 20:07:55,371 - Short Sell 415.00 shares at 47.74 on 2024-11-05 20:00:00+00:00
2024-11-11 20:07:55,371 - Short Sell 416.00 shares at 47.69 on 2024-11-05 20:15:00+00:00
2024-11-11 20:07:55,371 - Short Sell 416.00 shares at 47.7 on 2024-11-05 20:30:00+00:00
2024-11-11 20:07:55,371 - Short Sell 414.00 shares at 47.89 on 2024-11-05 20:45:00+00:00
2024-11-11 20:07:55,371 - Buy to cover -5396.00 shares at 48.56 on 2024-11-06 14:30:00+00:00 (Exit: Stop_loss, Profit: -4354.549999999957, Duration: 1245.0 minutes)
2024-11-11 20:07:55,372 - Short Sell 407.00 shares at 48.43 on 2024-11-07 14:45:00+00:00
2024-11-11 20:07:55,372 - Short Sell 407.00 shares at 48.44 on 2024-11-07 15:00:00+00:00
2024-11-11 20:07:55,372 - Short Sell 406.00 shares at 48.55 on 2024-11-07 15:15:00+00:00
2024-11-11 20:07:55,372 - Short Sell 406.00 shares at 48.65 on 2024-11-07 15:30:00+00:00
2024-11-11 20:07:55,372 - Short Sell 407.00 shares at 48.51 on 2024-11-07 15:45:00+00:00
2024-11-11 20:07:55,372 - Short Sell 406.00 shares at 48.57 on 2024-11-07 16:00:00+00:00
2024-11-11 20:07:55,372 - Short Sell 407.00 shares at 48.5 on 2024-11-07 16:15:00+00:00
2024-11-11 20:07:55,372 - Short Sell 406.00 shares at 48.55 on 2024-11-07 16:30:00+00:00
2024-11-11 20:07:55,372 - Short Sell 406.00 shares at 48.58 on 2024-11-07 16:45:00+00:00
2024-11-11 20:07:55,372 - Short Sell 406.00 shares at 48.59 on 2024-11-07 17:00:00+00:00
2024-11-11 20:07:55,372 - Short Sell 406.00 shares at 48.57 on 2024-11-07 17:15:00+00:00
2024-11-11 20:07:55,372 - Short Sell 406.00 shares at 48.58 on 2024-11-07 17:30:00+00:00
2024-11-11 20:07:55,372 - Short Sell 407.00 shares at 48.54 on 2024-11-07 17:45:00+00:00
2024-11-11 20:07:55,372 - Short Sell 406.00 shares at 48.55 on 2024-11-07 18:00:00+00:00
2024-11-11 20:07:55,372 - Short Sell 406.00 shares at 48.55 on 2024-11-07 18:15:00+00:00
2024-11-11 20:07:55,372 - Short Sell 407.00 shares at 48.46 on 2024-11-07 18:30:00+00:00
2024-11-11 20:07:55,372 - Buy to cover -6502.00 shares at 48.34 on 2024-11-07 19:30:00+00:00 (Exit: Signal, Profit: 1291.9199999999698, Duration: 285.0 minutes)
2024-11-11 20:07:55,372 - Short Sell 407.00 shares at 48.54 on 2024-11-07 19:45:00+00:00
2024-11-11 20:07:55,372 - Short Sell 406.00 shares at 48.71 on 2024-11-07 20:00:00+00:00
2024-11-11 20:07:55,372 - Short Sell 407.00 shares at 48.59 on 2024-11-07 20:15:00+00:00
2024-11-11 20:07:55,372 - Short Sell 407.00 shares at 48.59 on 2024-11-07 20:30:00+00:00
2024-11-11 20:07:55,373 - Short Sell 404.00 shares at 48.88 on 2024-11-07 20:45:00+00:00
2024-11-11 20:07:55,373 - Buy to cover -2031.00 shares at 47.58 on 2024-11-08 14:30:00+00:00 (Exit: Profit_take, Profit: 2196.840000000011, Duration: 1125.0 minutes)
2024-11-11 20:07:55,373 - Long Buy 419.00 shares at 47.22 on 2024-11-08 14:45:00+00:00
2024-11-11 20:07:55,373 - Long Buy 410.00 shares at 47.29 on 2024-11-08 15:00:00+00:00
2024-11-11 20:07:55,373 - Long Buy 405.00 shares at 46.93 on 2024-11-08 15:15:00+00:00
2024-11-11 20:07:55,373 - Long Buy 395.00 shares at 47.21 on 2024-11-08 15:30:00+00:00
2024-11-11 20:07:55,373 - Long Buy 386.00 shares at 47.3 on 2024-11-08 15:45:00+00:00
2024-11-11 20:07:55,373 - Long Buy 379.00 shares at 47.25 on 2024-11-08 16:00:00+00:00
2024-11-11 20:07:55,373 - Long Buy 374.00 shares at 46.96 on 2024-11-08 16:15:00+00:00
2024-11-11 20:07:55,373 - Sell to close 2768.00 shares at 46.74 on 2024-11-08 16:30:00+00:00 (Exit: Stop_loss, Profit: -1180.9500000000137, Duration: 105.0 minutes)
2024-11-11 20:07:55,375 - Final statisticsStock: DOW, 
total_trades: 28, 
winning_trades: 20, 
losing_trades: 8, 
average_return: 0.0010525197078602902, 
average_duration: 843.75, 
final_balance: 990140.3000000003, 
final_portfolio_value: 990140.3000000003, 
sharpe_ratio: 6.938759957094728, 



