2024-11-11 21:16:42,202 - Starting GBMStrategy with initial capital: 1000000
2024-11-11 21:16:42,202 - Hyperparameters: {'threshold': 1.5, 'time_periods': 30, 'num_simulations': 150}
2024-11-11 21:21:21,938 - Long Buy 160.00 shares at 124.46 on 2024-10-11 14:30:00+00:00
2024-11-11 21:21:21,940 - Long Buy 157.00 shares at 124.72 on 2024-10-11 14:45:00+00:00
2024-11-11 21:21:21,940 - Sell to close 317.00 shares at 125.1 on 2024-10-11 16:00:00+00:00 (Exit: Signal, Profit: 162.06000000000012, Duration: 90.0 minutes)
2024-11-11 21:21:21,940 - Short Sell 159.00 shares at 125.1 on 2024-10-11 16:30:00+00:00
2024-11-11 21:21:21,940 - Short Sell 159.00 shares at 125.13 on 2024-10-11 16:45:00+00:00
2024-11-11 21:21:21,941 - Short Sell 159.00 shares at 125.26 on 2024-10-14 13:45:00+00:00
2024-11-11 21:21:21,941 - Short Sell 159.00 shares at 125.23 on 2024-10-14 14:00:00+00:00
2024-11-11 21:21:21,941 - Short Sell 159.00 shares at 125.35 on 2024-10-14 14:15:00+00:00
2024-11-11 21:21:21,941 - Short Sell 159.00 shares at 125.36 on 2024-10-14 14:30:00+00:00
2024-11-11 21:21:21,941 - Short Sell 159.00 shares at 125.41 on 2024-10-14 14:45:00+00:00
2024-11-11 21:21:21,941 - Short Sell 159.00 shares at 125.3 on 2024-10-14 15:00:00+00:00
2024-11-11 21:21:21,941 - Short Sell 159.00 shares at 125.42 on 2024-10-14 15:15:00+00:00
2024-11-11 21:21:21,941 - Short Sell 159.00 shares at 125.62 on 2024-10-14 15:30:00+00:00
2024-11-11 21:21:21,941 - Short Sell 159.00 shares at 125.49 on 2024-10-14 15:45:00+00:00
2024-11-11 21:21:21,941 - Buy to cover -1749.00 shares at 125.29 on 2024-10-14 16:00:00+00:00 (Exit: Signal, Profit: 76.3199999999803, Duration: 4290.0 minutes)
2024-11-11 21:21:21,941 - Short Sell 159.00 shares at 125.68 on 2024-10-14 16:45:00+00:00
2024-11-11 21:21:21,941 - Short Sell 159.00 shares at 125.69 on 2024-10-14 18:15:00+00:00
2024-11-11 21:21:21,941 - Short Sell 159.00 shares at 125.64 on 2024-10-14 18:30:00+00:00
2024-11-11 21:21:21,941 - Short Sell 159.00 shares at 125.75 on 2024-10-14 19:15:00+00:00
2024-11-11 21:21:21,941 - Short Sell 159.00 shares at 125.8 on 2024-10-14 19:30:00+00:00
2024-11-11 21:21:21,941 - Short Sell 157.00 shares at 126.57 on 2024-10-15 13:30:00+00:00
2024-11-11 21:21:21,941 - Short Sell 158.00 shares at 126.48 on 2024-10-15 13:45:00+00:00
2024-11-11 21:21:21,941 - Buy to cover -1110.00 shares at 126.73 on 2024-10-15 14:00:00+00:00 (Exit: Stop_loss, Profit: -873.9300000000072, Duration: 1275.0 minutes)
2024-11-11 21:21:21,942 - Short Sell 155.00 shares at 128.16 on 2024-10-16 13:45:00+00:00
2024-11-11 21:21:21,942 - Short Sell 155.00 shares at 128.27 on 2024-10-16 14:30:00+00:00
2024-11-11 21:21:21,942 - Short Sell 156.00 shares at 128.11 on 2024-10-16 14:45:00+00:00
2024-11-11 21:21:21,942 - Short Sell 156.00 shares at 128.06 on 2024-10-16 15:00:00+00:00
2024-11-11 21:21:21,942 - Short Sell 156.00 shares at 128.12 on 2024-10-16 15:15:00+00:00
2024-11-11 21:21:21,942 - Short Sell 155.00 shares at 128.3 on 2024-10-16 15:30:00+00:00
2024-11-11 21:21:21,942 - Short Sell 155.00 shares at 128.25 on 2024-10-16 15:45:00+00:00
2024-11-11 21:21:21,942 - Short Sell 155.00 shares at 128.37 on 2024-10-16 16:00:00+00:00
2024-11-11 21:21:21,942 - Short Sell 155.00 shares at 128.26 on 2024-10-16 16:15:00+00:00
2024-11-11 21:21:21,942 - Short Sell 155.00 shares at 128.38 on 2024-10-16 16:30:00+00:00
2024-11-11 21:21:21,942 - Short Sell 155.00 shares at 128.46 on 2024-10-16 16:45:00+00:00
2024-11-11 21:21:21,942 - Short Sell 155.00 shares at 128.55 on 2024-10-16 17:00:00+00:00
2024-11-11 21:21:21,942 - Short Sell 155.00 shares at 128.52 on 2024-10-16 17:15:00+00:00
2024-11-11 21:21:21,942 - Short Sell 155.00 shares at 128.53 on 2024-10-16 17:30:00+00:00
2024-11-11 21:21:21,942 - Buy to cover -2173.00 shares at 128.37 on 2024-10-16 18:45:00+00:00 (Exit: Signal, Profit: -131.01999999993328, Duration: 300.0 minutes)
2024-11-11 21:21:21,942 - Long Buy 155.00 shares at 128.27 on 2024-10-17 13:30:00+00:00
2024-11-11 21:21:21,942 - Sell to close 155.00 shares at 128.85 on 2024-10-17 13:45:00+00:00 (Exit: Signal, Profit: 89.89999999999753, Duration: 15.0 minutes)
2024-11-11 21:21:21,942 - Short Sell 155.00 shares at 128.88 on 2024-10-17 16:30:00+00:00
2024-11-11 21:21:21,943 - Buy to cover -155.00 shares at 128.32 on 2024-10-17 18:30:00+00:00 (Exit: Signal, Profit: 86.80000000000035, Duration: 120.0 minutes)
2024-11-11 21:21:21,943 - Long Buy 156.00 shares at 128.09 on 2024-10-17 18:45:00+00:00
2024-11-11 21:21:21,943 - Sell to close 156.00 shares at 128.73 on 2024-10-17 19:15:00+00:00 (Exit: Signal, Profit: 99.83999999999787, Duration: 30.0 minutes)
2024-11-11 21:21:21,943 - Long Buy 155.00 shares at 128.19 on 2024-10-18 13:30:00+00:00
2024-11-11 21:21:21,943 - Long Buy 152.00 shares at 128.14 on 2024-10-18 14:00:00+00:00
2024-11-11 21:21:21,943 - Long Buy 149.00 shares at 128.18 on 2024-10-18 14:15:00+00:00
2024-11-11 21:21:21,943 - Sell to close 456.00 shares at 128.89 on 2024-10-18 15:00:00+00:00 (Exit: Profit_take, Profit: 328.28999999999473, Duration: 90.0 minutes)
2024-11-11 21:21:21,943 - Short Sell 154.00 shares at 129.07 on 2024-10-18 15:15:00+00:00
2024-11-11 21:21:21,943 - Short Sell 154.00 shares at 129.11 on 2024-10-18 15:30:00+00:00
2024-11-11 21:21:21,943 - Short Sell 154.00 shares at 129.12 on 2024-10-18 15:45:00+00:00
2024-11-11 21:21:21,943 - Short Sell 154.00 shares at 129.08 on 2024-10-18 16:00:00+00:00
2024-11-11 21:21:21,943 - Short Sell 154.00 shares at 129.04 on 2024-10-18 16:15:00+00:00
2024-11-11 21:21:21,943 - Short Sell 154.00 shares at 129.18 on 2024-10-18 16:30:00+00:00
2024-11-11 21:21:21,943 - Short Sell 154.00 shares at 129.07 on 2024-10-18 16:45:00+00:00
2024-11-11 21:21:21,943 - Short Sell 154.00 shares at 129.06 on 2024-10-18 17:00:00+00:00
2024-11-11 21:21:21,943 - Short Sell 155.00 shares at 129.0 on 2024-10-18 17:15:00+00:00
2024-11-11 21:21:21,943 - Short Sell 155.00 shares at 128.9 on 2024-10-18 17:30:00+00:00
2024-11-11 21:21:21,943 - Short Sell 155.00 shares at 128.8 on 2024-10-18 17:45:00+00:00
2024-11-11 21:21:21,943 - Short Sell 155.00 shares at 128.87 on 2024-10-18 18:00:00+00:00
2024-11-11 21:21:21,943 - Short Sell 154.00 shares at 129.03 on 2024-10-18 18:15:00+00:00
2024-11-11 21:21:21,943 - Short Sell 155.00 shares at 128.83 on 2024-10-18 18:30:00+00:00
2024-11-11 21:21:21,943 - Short Sell 155.00 shares at 128.79 on 2024-10-18 18:45:00+00:00
2024-11-11 21:21:21,943 - Buy to cover -2316.00 shares at 128.54 on 2024-10-18 19:30:00+00:00 (Exit: Signal, Profit: 1056.850000000137, Duration: 255.0 minutes)
2024-11-11 21:21:21,944 - Short Sell 155.00 shares at 128.9 on 2024-10-18 19:45:00+00:00
2024-11-11 21:21:21,944 - Short Sell 155.00 shares at 128.69 on 2024-10-21 13:30:00+00:00
2024-11-11 21:21:21,944 - Buy to cover -310.00 shares at 128.18 on 2024-10-21 14:15:00+00:00 (Exit: Signal, Profit: 190.649999999994, Duration: 3990.0 minutes)
2024-11-11 21:21:21,944 - Long Buy 155.00 shares at 128.41 on 2024-10-21 14:30:00+00:00
2024-11-11 21:21:21,944 - Long Buy 153.00 shares at 128.12 on 2024-10-21 14:45:00+00:00
2024-11-11 21:21:21,944 - Long Buy 150.00 shares at 127.62 on 2024-10-21 15:00:00+00:00
2024-11-11 21:21:21,944 - Long Buy 147.00 shares at 127.57 on 2024-10-21 15:15:00+00:00
2024-11-11 21:21:21,944 - Long Buy 144.00 shares at 127.58 on 2024-10-21 15:30:00+00:00
2024-11-11 21:21:21,944 - Long Buy 141.00 shares at 127.69 on 2024-10-21 15:45:00+00:00
2024-11-11 21:21:21,944 - Long Buy 139.00 shares at 127.53 on 2024-10-21 16:00:00+00:00
2024-11-11 21:21:21,944 - Long Buy 136.00 shares at 127.73 on 2024-10-21 16:15:00+00:00
2024-11-11 21:21:21,944 - Long Buy 133.00 shares at 127.65 on 2024-10-21 16:30:00+00:00
2024-11-11 21:21:21,944 - Long Buy 130.00 shares at 127.73 on 2024-10-21 16:45:00+00:00
2024-11-11 21:21:21,944 - Long Buy 128.00 shares at 127.82 on 2024-10-21 17:00:00+00:00
2024-11-11 21:21:21,944 - Long Buy 125.00 shares at 127.86 on 2024-10-21 17:15:00+00:00
2024-11-11 21:21:21,944 - Long Buy 123.00 shares at 127.77 on 2024-10-21 17:30:00+00:00
2024-11-11 21:21:21,944 - Long Buy 120.00 shares at 127.79 on 2024-10-21 17:45:00+00:00
2024-11-11 21:21:21,944 - Long Buy 118.00 shares at 127.84 on 2024-10-21 18:00:00+00:00
2024-11-11 21:21:21,944 - Long Buy 115.00 shares at 127.83 on 2024-10-21 18:15:00+00:00
2024-11-11 21:21:21,944 - Long Buy 113.00 shares at 127.85 on 2024-10-21 18:30:00+00:00
2024-11-11 21:21:21,944 - Long Buy 111.00 shares at 127.66 on 2024-10-21 18:45:00+00:00
2024-11-11 21:21:21,944 - Long Buy 108.00 shares at 128.03 on 2024-10-21 19:00:00+00:00
2024-11-11 21:21:21,944 - Long Buy 106.00 shares at 128.16 on 2024-10-21 19:15:00+00:00
2024-11-11 21:21:21,944 - Long Buy 104.00 shares at 127.98 on 2024-10-21 19:30:00+00:00
2024-11-11 21:21:21,944 - Long Buy 102.00 shares at 127.94 on 2024-10-21 19:45:00+00:00
2024-11-11 21:21:21,944 - Long Buy 101.00 shares at 127.15 on 2024-10-22 13:30:00+00:00
2024-11-11 21:21:21,944 - Long Buy 98.00 shares at 127.94 on 2024-10-22 13:45:00+00:00
2024-11-11 21:21:21,944 - Long Buy 96.00 shares at 127.61 on 2024-10-22 14:00:00+00:00
2024-11-11 21:21:21,944 - Long Buy 95.00 shares at 127.4 on 2024-10-22 14:15:00+00:00
2024-11-11 21:21:21,944 - Long Buy 93.00 shares at 127.53 on 2024-10-22 14:30:00+00:00
2024-11-11 21:21:21,944 - Sell to close 3284.00 shares at 128.28 on 2024-10-22 15:00:00+00:00 (Exit: Signal, Profit: 1650.740000000052, Duration: 1470.0 minutes)
2024-11-11 21:21:21,945 - Short Sell 156.00 shares at 128.41 on 2024-10-22 15:15:00+00:00
2024-11-11 21:21:21,945 - Short Sell 156.00 shares at 128.38 on 2024-10-22 15:30:00+00:00
2024-11-11 21:21:21,945 - Short Sell 156.00 shares at 128.25 on 2024-10-22 15:45:00+00:00
2024-11-11 21:21:21,945 - Short Sell 156.00 shares at 128.41 on 2024-10-22 16:00:00+00:00
2024-11-11 21:21:21,945 - Short Sell 156.00 shares at 128.34 on 2024-10-22 16:15:00+00:00
2024-11-11 21:21:21,945 - Short Sell 156.00 shares at 128.51 on 2024-10-22 16:30:00+00:00
2024-11-11 21:21:21,945 - Short Sell 156.00 shares at 128.41 on 2024-10-22 16:45:00+00:00
2024-11-11 21:21:21,945 - Short Sell 156.00 shares at 128.36 on 2024-10-22 17:00:00+00:00
2024-11-11 21:21:21,945 - Short Sell 156.00 shares at 128.41 on 2024-10-22 17:15:00+00:00
2024-11-11 21:21:21,945 - Short Sell 156.00 shares at 128.3 on 2024-10-22 17:30:00+00:00
2024-11-11 21:21:21,945 - Short Sell 156.00 shares at 128.28 on 2024-10-22 17:45:00+00:00
2024-11-11 21:21:21,945 - Short Sell 156.00 shares at 128.25 on 2024-10-22 18:00:00+00:00
2024-11-11 21:21:21,945 - Short Sell 156.00 shares at 128.28 on 2024-10-22 19:00:00+00:00
2024-11-11 21:21:21,945 - Short Sell 156.00 shares at 128.33 on 2024-10-22 19:30:00+00:00
2024-11-11 21:21:21,945 - Short Sell 155.00 shares at 128.72 on 2024-10-23 13:30:00+00:00
2024-11-11 21:21:21,945 - Short Sell 155.00 shares at 128.65 on 2024-10-23 13:45:00+00:00
2024-11-11 21:21:21,945 - Short Sell 155.00 shares at 128.77 on 2024-10-23 14:00:00+00:00
2024-11-11 21:21:21,945 - Short Sell 155.00 shares at 128.58 on 2024-10-23 14:15:00+00:00
2024-11-11 21:21:21,945 - Short Sell 155.00 shares at 128.69 on 2024-10-23 14:30:00+00:00
2024-11-11 21:21:21,945 - Short Sell 155.00 shares at 128.76 on 2024-10-23 14:45:00+00:00
2024-11-11 21:21:21,945 - Short Sell 155.00 shares at 128.84 on 2024-10-23 15:00:00+00:00
2024-11-11 21:21:21,945 - Short Sell 155.00 shares at 128.97 on 2024-10-23 15:15:00+00:00
2024-11-11 21:21:21,945 - Short Sell 155.00 shares at 129.1 on 2024-10-23 15:30:00+00:00
2024-11-11 21:21:21,945 - Short Sell 154.00 shares at 129.18 on 2024-10-23 15:45:00+00:00
2024-11-11 21:21:21,945 - Short Sell 154.00 shares at 129.22 on 2024-10-23 16:00:00+00:00
2024-11-11 21:21:21,945 - Short Sell 154.00 shares at 129.3 on 2024-10-23 16:15:00+00:00
2024-11-11 21:21:21,945 - Short Sell 154.00 shares at 129.33 on 2024-10-23 16:30:00+00:00
2024-11-11 21:21:21,945 - Buy to cover -4195.00 shares at 129.55 on 2024-10-23 16:45:00+00:00 (Exit: Stop_loss, Profit: -3862.710000000491, Duration: 1530.0 minutes)
2024-11-11 21:21:21,946 - Short Sell 152.00 shares at 131.3 on 2024-10-24 13:30:00+00:00
2024-11-11 21:21:21,946 - Short Sell 152.00 shares at 130.71 on 2024-10-24 13:45:00+00:00
2024-11-11 21:21:21,946 - Buy to cover -304.00 shares at 130.22 on 2024-10-24 14:00:00+00:00 (Exit: Profit_take, Profit: 238.6400000000076, Duration: 30.0 minutes)
2024-11-11 21:21:21,946 - Short Sell 153.00 shares at 130.55 on 2024-10-24 14:15:00+00:00
2024-11-11 21:21:21,946 - Short Sell 153.00 shares at 130.12 on 2024-10-24 14:30:00+00:00
2024-11-11 21:21:21,946 - Short Sell 153.00 shares at 130.46 on 2024-10-24 14:45:00+00:00
2024-11-11 21:21:21,946 - Short Sell 153.00 shares at 130.16 on 2024-10-24 15:00:00+00:00
2024-11-11 21:21:21,946 - Short Sell 153.00 shares at 130.25 on 2024-10-24 15:15:00+00:00
2024-11-11 21:21:21,946 - Short Sell 153.00 shares at 130.3 on 2024-10-24 15:30:00+00:00
2024-11-11 21:21:21,946 - Short Sell 153.00 shares at 130.15 on 2024-10-24 15:45:00+00:00
2024-11-11 21:21:21,946 - Short Sell 153.00 shares at 130.18 on 2024-10-24 16:00:00+00:00
2024-11-11 21:21:21,946 - Buy to cover -1224.00 shares at 130.07 on 2024-10-24 16:15:00+00:00 (Exit: Signal, Profit: 246.3299999999847, Duration: 120.0 minutes)
2024-11-11 21:21:21,946 - Long Buy 153.00 shares at 130.06 on 2024-10-24 16:30:00+00:00
2024-11-11 21:21:21,946 - Long Buy 150.00 shares at 130.05 on 2024-10-24 16:45:00+00:00
2024-11-11 21:21:21,946 - Long Buy 147.00 shares at 129.78 on 2024-10-24 17:00:00+00:00
2024-11-11 21:21:21,946 - Long Buy 145.00 shares at 129.48 on 2024-10-24 17:15:00+00:00
2024-11-11 21:21:21,946 - Long Buy 142.00 shares at 129.61 on 2024-10-24 17:30:00+00:00
2024-11-11 21:21:21,946 - Long Buy 139.00 shares at 129.64 on 2024-10-24 17:45:00+00:00
2024-11-11 21:21:21,946 - Long Buy 136.00 shares at 129.52 on 2024-10-24 18:00:00+00:00
2024-11-11 21:21:21,946 - Long Buy 134.00 shares at 129.47 on 2024-10-24 18:15:00+00:00
2024-11-11 21:21:21,946 - Long Buy 131.00 shares at 129.52 on 2024-10-24 18:30:00+00:00
2024-11-11 21:21:21,946 - Long Buy 128.00 shares at 129.56 on 2024-10-24 18:45:00+00:00
2024-11-11 21:21:21,946 - Long Buy 126.00 shares at 129.36 on 2024-10-24 19:00:00+00:00
2024-11-11 21:21:21,946 - Long Buy 123.00 shares at 129.26 on 2024-10-24 19:15:00+00:00
2024-11-11 21:21:21,946 - Long Buy 121.00 shares at 129.53 on 2024-10-24 19:30:00+00:00
2024-11-11 21:21:21,946 - Long Buy 118.00 shares at 129.71 on 2024-10-24 19:45:00+00:00
2024-11-11 21:21:21,946 - Long Buy 117.00 shares at 128.81 on 2024-10-25 13:30:00+00:00
2024-11-11 21:21:21,946 - Long Buy 114.00 shares at 128.77 on 2024-10-25 13:45:00+00:00
2024-11-11 21:21:21,946 - Sell to close 2124.00 shares at 128.69 on 2024-10-25 14:00:00+00:00 (Exit: Stop_loss, Profit: -1788.2600000000457, Duration: 1290.0 minutes)
2024-11-11 21:21:21,947 - Long Buy 156.00 shares at 127.08 on 2024-10-28 14:00:00+00:00
2024-11-11 21:21:21,947 - Long Buy 154.00 shares at 126.84 on 2024-10-28 14:30:00+00:00
2024-11-11 21:21:21,947 - Long Buy 151.00 shares at 126.75 on 2024-10-28 14:45:00+00:00
2024-11-11 21:21:21,947 - Long Buy 147.00 shares at 127.02 on 2024-10-28 15:00:00+00:00
2024-11-11 21:21:21,947 - Long Buy 145.00 shares at 126.75 on 2024-10-28 15:15:00+00:00
2024-11-11 21:21:21,947 - Long Buy 142.00 shares at 126.64 on 2024-10-28 15:30:00+00:00
2024-11-11 21:21:21,947 - Long Buy 139.00 shares at 126.83 on 2024-10-28 15:45:00+00:00
2024-11-11 21:21:21,947 - Long Buy 136.00 shares at 126.88 on 2024-10-28 16:00:00+00:00
2024-11-11 21:21:21,947 - Long Buy 134.00 shares at 126.65 on 2024-10-28 16:15:00+00:00
2024-11-11 21:21:21,947 - Long Buy 131.00 shares at 126.71 on 2024-10-28 16:30:00+00:00
2024-11-11 21:21:21,947 - Long Buy 128.00 shares at 126.55 on 2024-10-28 16:45:00+00:00
2024-11-11 21:21:21,947 - Long Buy 126.00 shares at 126.6 on 2024-10-28 17:00:00+00:00
2024-11-11 21:21:21,947 - Long Buy 123.00 shares at 126.63 on 2024-10-28 17:15:00+00:00
2024-11-11 21:21:21,947 - Long Buy 121.00 shares at 126.73 on 2024-10-28 17:30:00+00:00
2024-11-11 21:21:21,947 - Long Buy 118.00 shares at 126.72 on 2024-10-28 17:45:00+00:00
2024-11-11 21:21:21,947 - Long Buy 116.00 shares at 126.7 on 2024-10-28 18:00:00+00:00
2024-11-11 21:21:21,947 - Long Buy 114.00 shares at 126.6 on 2024-10-28 18:15:00+00:00
2024-11-11 21:21:21,947 - Sell to close 2281.00 shares at 126.95 on 2024-10-28 19:15:00+00:00 (Exit: Signal, Profit: 444.7499999999947, Duration: 315.0 minutes)
2024-11-11 21:21:21,947 - Short Sell 157.00 shares at 126.95 on 2024-10-28 19:30:00+00:00
2024-11-11 21:21:21,947 - Buy to cover -157.00 shares at 125.41 on 2024-10-29 13:30:00+00:00 (Exit: Profit_take, Profit: 241.780000000001, Duration: 1080.0 minutes)
2024-11-11 21:21:21,947 - Long Buy 159.00 shares at 125.03 on 2024-10-29 13:45:00+00:00
2024-11-11 21:21:21,947 - Long Buy 156.00 shares at 124.9 on 2024-10-29 14:00:00+00:00
2024-11-11 21:21:21,948 - Long Buy 153.00 shares at 124.99 on 2024-10-29 14:15:00+00:00
2024-11-11 21:21:21,948 - Long Buy 150.00 shares at 124.93 on 2024-10-29 14:30:00+00:00
2024-11-11 21:21:21,948 - Long Buy 147.00 shares at 124.67 on 2024-10-29 14:45:00+00:00
2024-11-11 21:21:21,948 - Long Buy 144.00 shares at 124.55 on 2024-10-29 15:00:00+00:00
2024-11-11 21:21:21,948 - Long Buy 142.00 shares at 124.46 on 2024-10-29 15:15:00+00:00
2024-11-11 21:21:21,948 - Long Buy 139.00 shares at 124.56 on 2024-10-29 15:30:00+00:00
2024-11-11 21:21:21,948 - Long Buy 136.00 shares at 124.39 on 2024-10-29 15:45:00+00:00
2024-11-11 21:21:21,948 - Long Buy 133.00 shares at 124.62 on 2024-10-29 16:00:00+00:00
2024-11-11 21:21:21,948 - Long Buy 131.00 shares at 124.57 on 2024-10-29 16:15:00+00:00
2024-11-11 21:21:21,948 - Long Buy 128.00 shares at 124.58 on 2024-10-29 16:30:00+00:00
2024-11-11 21:21:21,948 - Long Buy 125.00 shares at 124.79 on 2024-10-29 16:45:00+00:00
2024-11-11 21:21:21,948 - Long Buy 123.00 shares at 124.84 on 2024-10-29 17:00:00+00:00
2024-11-11 21:21:21,948 - Long Buy 120.00 shares at 124.69 on 2024-10-29 17:15:00+00:00
2024-11-11 21:21:21,948 - Long Buy 118.00 shares at 124.42 on 2024-10-29 17:30:00+00:00
2024-11-11 21:21:21,948 - Long Buy 116.00 shares at 124.35 on 2024-10-29 17:45:00+00:00
2024-11-11 21:21:21,948 - Long Buy 114.00 shares at 124.18 on 2024-10-29 18:00:00+00:00
2024-11-11 21:21:21,948 - Long Buy 111.00 shares at 124.26 on 2024-10-29 18:15:00+00:00
2024-11-11 21:21:21,948 - Long Buy 109.00 shares at 124.3 on 2024-10-29 18:30:00+00:00
2024-11-11 21:21:21,948 - Long Buy 107.00 shares at 124.41 on 2024-10-29 18:45:00+00:00
2024-11-11 21:21:21,948 - Sell to close 2761.00 shares at 124.47 on 2024-10-29 19:00:00+00:00 (Exit: Signal, Profit: -403.7099999999689, Duration: 315.0 minutes)
2024-11-11 21:21:21,948 - Long Buy 160.00 shares at 124.27 on 2024-10-29 19:30:00+00:00
2024-11-11 21:21:21,948 - Long Buy 157.00 shares at 123.96 on 2024-10-29 19:45:00+00:00
2024-11-11 21:21:21,948 - Long Buy 154.00 shares at 124.07 on 2024-10-30 14:00:00+00:00
2024-11-11 21:21:21,948 - Long Buy 151.00 shares at 123.73 on 2024-10-30 14:15:00+00:00
2024-11-11 21:21:21,948 - Long Buy 148.00 shares at 123.64 on 2024-10-30 14:30:00+00:00
2024-11-11 21:21:21,948 - Long Buy 145.00 shares at 123.78 on 2024-10-30 14:45:00+00:00
2024-11-11 21:21:21,948 - Long Buy 142.00 shares at 123.75 on 2024-10-30 15:00:00+00:00
2024-11-11 21:21:21,948 - Long Buy 140.00 shares at 123.7 on 2024-10-30 15:15:00+00:00
2024-11-11 21:21:21,948 - Long Buy 137.00 shares at 124.01 on 2024-10-30 15:30:00+00:00
2024-11-11 21:21:21,948 - Long Buy 134.00 shares at 124.14 on 2024-10-30 15:45:00+00:00
2024-11-11 21:21:21,948 - Long Buy 131.00 shares at 124.07 on 2024-10-30 16:00:00+00:00
2024-11-11 21:21:21,948 - Long Buy 128.00 shares at 124.05 on 2024-10-30 16:30:00+00:00
2024-11-11 21:21:21,948 - Long Buy 126.00 shares at 123.9 on 2024-10-30 16:45:00+00:00
2024-11-11 21:21:21,949 - Long Buy 124.00 shares at 123.79 on 2024-10-30 17:00:00+00:00
2024-11-11 21:21:21,949 - Long Buy 121.00 shares at 123.83 on 2024-10-30 17:15:00+00:00
2024-11-11 21:21:21,949 - Long Buy 119.00 shares at 123.87 on 2024-10-30 17:30:00+00:00
2024-11-11 21:21:21,949 - Long Buy 116.00 shares at 123.84 on 2024-10-30 17:45:00+00:00
2024-11-11 21:21:21,949 - Long Buy 114.00 shares at 123.82 on 2024-10-30 18:00:00+00:00
2024-11-11 21:21:21,949 - Long Buy 112.00 shares at 123.8 on 2024-10-30 18:15:00+00:00
2024-11-11 21:21:21,949 - Long Buy 110.00 shares at 123.68 on 2024-10-30 18:30:00+00:00
2024-11-11 21:21:21,949 - Long Buy 107.00 shares at 123.69 on 2024-10-30 18:45:00+00:00
2024-11-11 21:21:21,949 - Long Buy 105.00 shares at 123.63 on 2024-10-30 19:00:00+00:00
2024-11-11 21:21:21,949 - Long Buy 103.00 shares at 123.73 on 2024-10-30 19:15:00+00:00
2024-11-11 21:21:21,949 - Long Buy 101.00 shares at 124.03 on 2024-10-30 19:30:00+00:00
2024-11-11 21:21:21,949 - Sell to close 3085.00 shares at 124.85 on 2024-10-31 13:30:00+00:00 (Exit: Profit_take, Profit: 3010.4599999999923, Duration: 2520.0 minutes)
2024-11-11 21:21:21,949 - Short Sell 159.00 shares at 125.29 on 2024-10-31 13:45:00+00:00
2024-11-11 21:21:21,949 - Short Sell 160.00 shares at 125.07 on 2024-10-31 14:00:00+00:00
2024-11-11 21:21:21,949 - Short Sell 160.00 shares at 124.6 on 2024-10-31 14:15:00+00:00
2024-11-11 21:21:21,949 - Short Sell 160.00 shares at 124.73 on 2024-10-31 14:30:00+00:00
2024-11-11 21:21:21,949 - Short Sell 160.00 shares at 124.76 on 2024-10-31 14:45:00+00:00
2024-11-11 21:21:21,949 - Short Sell 160.00 shares at 124.72 on 2024-10-31 15:00:00+00:00
2024-11-11 21:21:21,949 - Short Sell 160.00 shares at 124.49 on 2024-10-31 15:15:00+00:00
2024-11-11 21:21:21,949 - Short Sell 160.00 shares at 124.9 on 2024-10-31 15:30:00+00:00
2024-11-11 21:21:21,949 - Short Sell 160.00 shares at 124.8 on 2024-10-31 15:45:00+00:00
2024-11-11 21:21:21,949 - Short Sell 160.00 shares at 125.02 on 2024-10-31 16:00:00+00:00
2024-11-11 21:21:21,949 - Short Sell 160.00 shares at 124.94 on 2024-10-31 16:15:00+00:00
2024-11-11 21:21:21,949 - Short Sell 160.00 shares at 124.71 on 2024-10-31 16:30:00+00:00
2024-11-11 21:21:21,949 - Short Sell 160.00 shares at 124.63 on 2024-10-31 16:45:00+00:00
2024-11-11 21:21:21,949 - Short Sell 160.00 shares at 124.72 on 2024-10-31 17:00:00+00:00
2024-11-11 21:21:21,949 - Short Sell 160.00 shares at 125.01 on 2024-10-31 17:15:00+00:00
2024-11-11 21:21:21,949 - Short Sell 160.00 shares at 124.99 on 2024-10-31 17:30:00+00:00
2024-11-11 21:21:21,949 - Short Sell 159.00 shares at 125.18 on 2024-10-31 17:45:00+00:00
2024-11-11 21:21:21,949 - Short Sell 159.00 shares at 125.14 on 2024-10-31 18:00:00+00:00
2024-11-11 21:21:21,949 - Short Sell 159.00 shares at 125.17 on 2024-10-31 18:15:00+00:00
2024-11-11 21:21:21,949 - Short Sell 159.00 shares at 125.13 on 2024-10-31 18:30:00+00:00
2024-11-11 21:21:21,949 - Short Sell 159.00 shares at 125.1 on 2024-10-31 18:45:00+00:00
2024-11-11 21:21:21,949 - Short Sell 160.00 shares at 124.83 on 2024-10-31 19:00:00+00:00
2024-11-11 21:21:21,949 - Short Sell 160.00 shares at 124.72 on 2024-10-31 19:15:00+00:00
2024-11-11 21:21:21,950 - Buy to cover -3674.00 shares at 124.19 on 2024-10-31 19:45:00+00:00 (Exit: Profit_take, Profit: 2598.930000000043, Duration: 360.0 minutes)
2024-11-11 21:21:21,950 - Long Buy 162.00 shares at 123.73 on 2024-11-01 13:45:00+00:00
2024-11-11 21:21:21,950 - Long Buy 158.00 shares at 123.75 on 2024-11-01 14:30:00+00:00
2024-11-11 21:21:21,950 - Long Buy 155.00 shares at 123.79 on 2024-11-01 14:45:00+00:00
2024-11-11 21:21:21,950 - Long Buy 152.00 shares at 123.64 on 2024-11-01 15:00:00+00:00
2024-11-11 21:21:21,950 - Long Buy 150.00 shares at 123.31 on 2024-11-01 15:15:00+00:00
2024-11-11 21:21:21,950 - Long Buy 147.00 shares at 123.05 on 2024-11-01 15:30:00+00:00
2024-11-11 21:21:21,950 - Long Buy 144.00 shares at 123.14 on 2024-11-01 15:45:00+00:00
2024-11-11 21:21:21,950 - Sell to close 1068.00 shares at 122.94 on 2024-11-01 16:00:00+00:00 (Exit: Stop_loss, Profit: -594.579999999995, Duration: 135.0 minutes)
2024-11-11 21:21:21,950 - Long Buy 165.00 shares at 121.55 on 2024-11-04 14:30:00+00:00
2024-11-11 21:21:21,950 - Long Buy 161.00 shares at 121.34 on 2024-11-04 14:45:00+00:00
2024-11-11 21:21:21,950 - Long Buy 158.00 shares at 121.53 on 2024-11-04 15:00:00+00:00
2024-11-11 21:21:21,950 - Long Buy 155.00 shares at 121.24 on 2024-11-04 15:15:00+00:00
2024-11-11 21:21:21,950 - Long Buy 152.00 shares at 120.99 on 2024-11-04 15:30:00+00:00
2024-11-11 21:21:21,950 - Long Buy 149.00 shares at 120.97 on 2024-11-04 15:45:00+00:00
2024-11-11 21:21:21,950 - Long Buy 147.00 shares at 120.76 on 2024-11-04 16:00:00+00:00
2024-11-11 21:21:21,950 - Long Buy 144.00 shares at 120.6 on 2024-11-04 16:15:00+00:00
2024-11-11 21:21:21,950 - Long Buy 141.00 shares at 120.5 on 2024-11-04 16:30:00+00:00
2024-11-11 21:21:21,950 - Sell to close 1372.00 shares at 120.27 on 2024-11-04 17:00:00+00:00 (Exit: Stop_loss, Profit: -1098.6199999999965, Duration: 150.0 minutes)
2024-11-11 21:21:21,950 - Short Sell 164.00 shares at 122.1 on 2024-11-05 14:30:00+00:00
2024-11-11 21:21:21,950 - Short Sell 163.00 shares at 122.27 on 2024-11-05 14:45:00+00:00
2024-11-11 21:21:21,951 - Short Sell 163.00 shares at 122.38 on 2024-11-05 15:00:00+00:00
2024-11-11 21:21:21,951 - Short Sell 163.00 shares at 122.32 on 2024-11-05 15:15:00+00:00
2024-11-11 21:21:21,951 - Short Sell 163.00 shares at 122.41 on 2024-11-05 15:30:00+00:00
2024-11-11 21:21:21,951 - Short Sell 163.00 shares at 122.32 on 2024-11-05 15:45:00+00:00
2024-11-11 21:21:21,951 - Short Sell 163.00 shares at 122.39 on 2024-11-05 16:00:00+00:00
2024-11-11 21:21:21,951 - Short Sell 163.00 shares at 122.32 on 2024-11-05 16:15:00+00:00
2024-11-11 21:21:21,951 - Short Sell 163.00 shares at 122.29 on 2024-11-05 16:30:00+00:00
2024-11-11 21:21:21,951 - Short Sell 163.00 shares at 122.28 on 2024-11-05 16:45:00+00:00
2024-11-11 21:21:21,951 - Short Sell 163.00 shares at 122.38 on 2024-11-05 17:00:00+00:00
2024-11-11 21:21:21,951 - Short Sell 163.00 shares at 122.24 on 2024-11-05 17:15:00+00:00
2024-11-11 21:21:21,951 - Short Sell 163.00 shares at 122.42 on 2024-11-05 17:30:00+00:00
2024-11-11 21:21:21,951 - Short Sell 163.00 shares at 122.49 on 2024-11-05 17:45:00+00:00
2024-11-11 21:21:21,951 - Short Sell 163.00 shares at 122.55 on 2024-11-05 18:00:00+00:00
2024-11-11 21:21:21,951 - Short Sell 163.00 shares at 122.55 on 2024-11-05 18:15:00+00:00
2024-11-11 21:21:21,951 - Short Sell 163.00 shares at 122.59 on 2024-11-05 18:45:00+00:00
2024-11-11 21:21:21,951 - Short Sell 163.00 shares at 122.69 on 2024-11-05 19:00:00+00:00
2024-11-11 21:21:21,951 - Short Sell 162.00 shares at 122.78 on 2024-11-05 19:15:00+00:00
2024-11-11 21:21:21,951 - Short Sell 162.00 shares at 122.91 on 2024-11-05 19:30:00+00:00
2024-11-11 21:21:21,951 - Short Sell 162.00 shares at 122.9 on 2024-11-05 19:45:00+00:00
2024-11-11 21:21:21,951 - Short Sell 162.00 shares at 123.08 on 2024-11-05 20:00:00+00:00
2024-11-11 21:21:21,951 - Short Sell 162.00 shares at 123.1 on 2024-11-05 20:15:00+00:00
2024-11-11 21:21:21,951 - Short Sell 162.00 shares at 123.26 on 2024-11-05 20:30:00+00:00
2024-11-11 21:21:21,951 - Buy to cover -3907.00 shares at 123.47 on 2024-11-05 20:45:00+00:00 (Exit: Stop_loss, Profit: -3626.9599999999405, Duration: 375.0 minutes)
2024-11-11 21:21:21,951 - Short Sell 161.00 shares at 123.46 on 2024-11-06 14:30:00+00:00
2024-11-11 21:21:21,951 - Short Sell 162.00 shares at 123.03 on 2024-11-06 14:45:00+00:00
2024-11-11 21:21:21,951 - Short Sell 162.00 shares at 122.99 on 2024-11-06 15:00:00+00:00
2024-11-11 21:21:21,951 - Buy to cover -485.00 shares at 122.48 on 2024-11-06 15:15:00+00:00 (Exit: Profit_take, Profit: 329.4999999999911, Duration: 45.0 minutes)
2024-11-11 21:21:21,951 - Long Buy 164.00 shares at 121.5 on 2024-11-06 15:30:00+00:00
2024-11-11 21:21:21,951 - Long Buy 161.00 shares at 121.25 on 2024-11-06 15:45:00+00:00
2024-11-11 21:21:21,951 - Long Buy 158.00 shares at 121.2 on 2024-11-06 16:00:00+00:00
2024-11-11 21:21:21,951 - Long Buy 154.00 shares at 121.48 on 2024-11-06 16:15:00+00:00
2024-11-11 21:21:21,951 - Long Buy 151.00 shares at 121.27 on 2024-11-06 16:30:00+00:00
2024-11-11 21:21:21,951 - Long Buy 148.00 shares at 121.69 on 2024-11-06 16:45:00+00:00
2024-11-11 21:21:21,952 - Long Buy 145.00 shares at 121.76 on 2024-11-06 17:00:00+00:00
2024-11-11 21:21:21,952 - Long Buy 142.00 shares at 121.62 on 2024-11-06 17:15:00+00:00
2024-11-11 21:21:21,952 - Long Buy 139.00 shares at 121.65 on 2024-11-06 17:30:00+00:00
2024-11-11 21:21:21,952 - Long Buy 136.00 shares at 121.74 on 2024-11-06 17:45:00+00:00
2024-11-11 21:21:21,952 - Long Buy 133.00 shares at 121.99 on 2024-11-06 18:30:00+00:00
2024-11-11 21:21:21,952 - Long Buy 131.00 shares at 121.91 on 2024-11-06 18:45:00+00:00
2024-11-11 21:21:21,952 - Long Buy 128.00 shares at 121.78 on 2024-11-06 19:30:00+00:00
2024-11-11 21:21:21,952 - Long Buy 126.00 shares at 121.77 on 2024-11-06 19:45:00+00:00
2024-11-11 21:21:21,952 - Long Buy 123.00 shares at 121.83 on 2024-11-06 20:15:00+00:00
2024-11-11 21:21:21,952 - Long Buy 121.00 shares at 121.8 on 2024-11-06 20:30:00+00:00
2024-11-11 21:21:21,952 - Long Buy 119.00 shares at 121.56 on 2024-11-06 20:45:00+00:00
2024-11-11 21:21:21,952 - Sell to close 2379.00 shares at 122.62 on 2024-11-07 14:30:00+00:00 (Exit: Profit_take, Profit: 2380.8199999999933, Duration: 1380.0 minutes)
2024-11-11 21:21:21,952 - Short Sell 163.00 shares at 122.51 on 2024-11-07 14:45:00+00:00
2024-11-11 21:21:21,952 - Short Sell 163.00 shares at 122.34 on 2024-11-07 15:00:00+00:00
2024-11-11 21:21:21,952 - Short Sell 163.00 shares at 122.45 on 2024-11-07 15:15:00+00:00
2024-11-11 21:21:21,952 - Short Sell 162.00 shares at 123.0 on 2024-11-07 15:30:00+00:00
2024-11-11 21:21:21,952 - Short Sell 163.00 shares at 122.77 on 2024-11-07 15:45:00+00:00
2024-11-11 21:21:21,952 - Short Sell 162.00 shares at 122.89 on 2024-11-07 16:00:00+00:00
2024-11-11 21:21:21,952 - Short Sell 163.00 shares at 122.58 on 2024-11-07 16:15:00+00:00
2024-11-11 21:21:21,952 - Short Sell 163.00 shares at 122.59 on 2024-11-07 16:30:00+00:00
2024-11-11 21:21:21,952 - Short Sell 163.00 shares at 122.56 on 2024-11-07 16:45:00+00:00
2024-11-11 21:21:21,952 - Short Sell 163.00 shares at 122.52 on 2024-11-07 17:00:00+00:00
2024-11-11 21:21:21,952 - Buy to cover -1628.00 shares at 118.54 on 2024-11-07 18:15:00+00:00 (Exit: Profit_take, Profit: 6643.220000000009, Duration: 210.0 minutes)
2024-11-11 21:21:21,952 - Long Buy 172.00 shares at 116.72 on 2024-11-07 18:30:00+00:00
2024-11-11 21:21:21,952 - Long Buy 169.00 shares at 116.48 on 2024-11-07 18:45:00+00:00
2024-11-11 21:21:21,952 - Sell to close 341.00 shares at 117.55 on 2024-11-07 19:00:00+00:00 (Exit: Profit_take, Profit: 323.5900000000013, Duration: 30.0 minutes)
2024-11-11 21:21:21,952 - Long Buy 171.00 shares at 117.23 on 2024-11-07 19:15:00+00:00
2024-11-11 21:21:21,953 - Sell to close 171.00 shares at 117.54 on 2024-11-07 19:30:00+00:00 (Exit: Signal, Profit: 53.01000000000039, Duration: 15.0 minutes)
2024-11-11 21:21:21,953 - Short Sell 171.00 shares at 117.81 on 2024-11-07 19:45:00+00:00
2024-11-11 21:21:21,953 - Short Sell 170.00 shares at 117.94 on 2024-11-07 20:00:00+00:00
2024-11-11 21:21:21,953 - Short Sell 171.00 shares at 117.64 on 2024-11-07 20:15:00+00:00
2024-11-11 21:21:21,953 - Short Sell 171.00 shares at 117.43 on 2024-11-07 20:30:00+00:00
2024-11-11 21:21:21,953 - Buy to cover -683.00 shares at 117.05 on 2024-11-07 20:45:00+00:00 (Exit: Profit_take, Profit: 447.1299999999979, Duration: 60.0 minutes)
2024-11-11 21:21:21,953 - Short Sell 170.00 shares at 118.34 on 2024-11-08 14:30:00+00:00
2024-11-11 21:21:21,953 - Short Sell 170.00 shares at 118.19 on 2024-11-08 14:45:00+00:00
2024-11-11 21:21:21,953 - Short Sell 170.00 shares at 118.49 on 2024-11-08 15:00:00+00:00
2024-11-11 21:21:21,953 - Short Sell 169.00 shares at 118.92 on 2024-11-08 15:15:00+00:00
2024-11-11 21:21:21,953 - Short Sell 169.00 shares at 118.94 on 2024-11-08 15:30:00+00:00
2024-11-11 21:21:21,953 - Short Sell 169.00 shares at 119.14 on 2024-11-08 15:45:00+00:00
2024-11-11 21:21:21,953 - Short Sell 169.00 shares at 118.96 on 2024-11-08 16:00:00+00:00
2024-11-11 21:21:21,953 - Short Sell 169.00 shares at 118.82 on 2024-11-08 16:15:00+00:00
2024-11-11 21:21:21,953 - Short Sell 170.00 shares at 118.58 on 2024-11-08 16:30:00+00:00
2024-11-11 21:21:21,953 - Short Sell 170.00 shares at 118.54 on 2024-11-08 16:45:00+00:00
2024-11-11 21:21:21,953 - Short Sell 170.00 shares at 118.53 on 2024-11-08 17:00:00+00:00
2024-11-11 21:21:21,953 - Short Sell 170.00 shares at 118.42 on 2024-11-08 17:15:00+00:00
2024-11-11 21:21:21,953 - Short Sell 170.00 shares at 118.49 on 2024-11-08 17:30:00+00:00
2024-11-11 21:21:21,953 - Short Sell 170.00 shares at 118.44 on 2024-11-08 17:45:00+00:00
2024-11-11 21:21:21,953 - Short Sell 170.00 shares at 118.17 on 2024-11-08 18:00:00+00:00
2024-11-11 21:21:21,953 - Short Sell 171.00 shares at 118.07 on 2024-11-08 18:15:00+00:00
2024-11-11 21:21:21,953 - Short Sell 170.00 shares at 118.09 on 2024-11-08 18:30:00+00:00
2024-11-11 21:21:21,953 - Short Sell 171.00 shares at 118.0 on 2024-11-08 18:45:00+00:00
2024-11-11 21:21:21,953 - Short Sell 171.00 shares at 117.92 on 2024-11-08 19:00:00+00:00
2024-11-11 21:21:21,953 - Short Sell 171.00 shares at 117.96 on 2024-11-08 19:15:00+00:00
2024-11-11 21:21:21,953 - Short Sell 170.00 shares at 118.15 on 2024-11-08 19:30:00+00:00
2024-11-11 21:21:21,953 - Short Sell 171.00 shares at 118.07 on 2024-11-08 19:45:00+00:00
2024-11-11 21:21:21,953 - Buy to cover -3740.00 shares at 117.81 on 2024-11-08 20:00:00+00:00 (Exit: Profit_take, Profit: 2274.9399999999187, Duration: 330.0 minutes)
2024-11-11 21:21:21,953 - Short Sell 171.00 shares at 117.82 on 2024-11-08 20:15:00+00:00
2024-11-11 21:21:21,953 - Buy to cover -171.00 shares at 117.8 on 2024-11-08 20:30:00+00:00 (Exit: Signal, Profit: 3.4199999999968895, Duration: 15.0 minutes)
2024-11-11 21:21:21,955 - Final statisticsStock: DTE, 
total_trades: 31, 
winning_trades: 23, 
losing_trades: 8, 
average_return: 0.0032048221223382727, 
average_duration: 717.0967741935484, 
final_balance: 1010598.18, 
final_portfolio_value: 1010598.18, 
sharpe_ratio: 9.244021301371042, 



