2024-11-11 22:04:22,340 - Starting GBMStrategy with initial capital: 1000000
2024-11-11 22:04:22,340 - Hyperparameters: {'threshold': 1.5, 'time_periods': 30, 'num_simulations': 150}
2024-11-11 22:08:57,260 - Short Sell 78.00 shares at 256.08 on 2024-10-11 14:30:00+00:00
2024-11-11 22:08:57,262 - Buy to cover -78.00 shares at 255.66 on 2024-10-11 15:00:00+00:00 (Exit: Signal, Profit: 32.759999999999025, Duration: 30.0 minutes)
2024-11-11 22:08:57,262 - Long Buy 78.00 shares at 255.56 on 2024-10-11 15:15:00+00:00
2024-11-11 22:08:57,262 - Long Buy 76.00 shares at 255.08 on 2024-10-11 15:30:00+00:00
2024-11-11 22:08:57,262 - Long Buy 75.00 shares at 254.91 on 2024-10-11 15:45:00+00:00
2024-11-11 22:08:57,262 - Long Buy 74.00 shares at 254.03 on 2024-10-11 16:00:00+00:00
2024-11-11 22:08:57,262 - Long Buy 72.00 shares at 254.01 on 2024-10-11 16:15:00+00:00
2024-11-11 22:08:57,262 - Long Buy 71.00 shares at 253.55 on 2024-10-11 16:30:00+00:00
2024-11-11 22:08:57,262 - Long Buy 69.00 shares at 253.73 on 2024-10-11 16:45:00+00:00
2024-11-11 22:08:57,262 - Long Buy 68.00 shares at 253.65 on 2024-10-11 17:00:00+00:00
2024-11-11 22:08:57,262 - Long Buy 67.00 shares at 253.96 on 2024-10-11 17:15:00+00:00
2024-11-11 22:08:57,262 - Long Buy 65.00 shares at 253.55 on 2024-10-11 17:30:00+00:00
2024-11-11 22:08:57,262 - Long Buy 64.00 shares at 253.4 on 2024-10-11 17:45:00+00:00
2024-11-11 22:08:57,262 - Long Buy 63.00 shares at 253.11 on 2024-10-11 18:00:00+00:00
2024-11-11 22:08:57,262 - Sell to close 842.00 shares at 252.95 on 2024-10-11 18:15:00+00:00 (Exit: Stop_loss, Profit: -958.2700000000293, Duration: 180.0 minutes)
2024-11-11 22:08:57,263 - Long Buy 78.00 shares at 253.85 on 2024-10-14 13:30:00+00:00
2024-11-11 22:08:57,263 - Long Buy 76.00 shares at 254.4 on 2024-10-14 13:45:00+00:00
2024-11-11 22:08:57,263 - Long Buy 75.00 shares at 255.08 on 2024-10-14 14:00:00+00:00
2024-11-11 22:08:57,263 - Long Buy 73.00 shares at 255.32 on 2024-10-14 14:30:00+00:00
2024-11-11 22:08:57,263 - Sell to close 302.00 shares at 255.99 on 2024-10-14 14:45:00+00:00 (Exit: Profit_take, Profit: 404.9200000000034, Duration: 75.0 minutes)
2024-11-11 22:08:57,263 - Short Sell 77.00 shares at 256.29 on 2024-10-14 15:30:00+00:00
2024-11-11 22:08:57,263 - Buy to cover -77.00 shares at 255.95 on 2024-10-14 16:00:00+00:00 (Exit: Signal, Profit: 26.18000000000245, Duration: 30.0 minutes)
2024-11-11 22:08:57,263 - Long Buy 78.00 shares at 255.8 on 2024-10-14 16:30:00+00:00
2024-11-11 22:08:57,263 - Sell to close 78.00 shares at 258.54 on 2024-10-15 13:30:00+00:00 (Exit: Profit_take, Profit: 213.7200000000007, Duration: 1260.0 minutes)
2024-11-11 22:08:57,263 - Short Sell 77.00 shares at 259.48 on 2024-10-15 13:45:00+00:00
2024-11-11 22:08:57,263 - Short Sell 77.00 shares at 259.47 on 2024-10-15 14:00:00+00:00
2024-11-11 22:08:57,263 - Short Sell 76.00 shares at 260.48 on 2024-10-15 14:15:00+00:00
2024-11-11 22:08:57,263 - Short Sell 76.00 shares at 260.85 on 2024-10-15 14:30:00+00:00
2024-11-11 22:08:57,263 - Short Sell 76.00 shares at 260.03 on 2024-10-15 14:45:00+00:00
2024-11-11 22:08:57,263 - Short Sell 76.00 shares at 259.75 on 2024-10-15 15:00:00+00:00
2024-11-11 22:08:57,263 - Short Sell 76.00 shares at 260.5 on 2024-10-15 15:15:00+00:00
2024-11-11 22:08:57,263 - Short Sell 76.00 shares at 260.59 on 2024-10-15 15:30:00+00:00
2024-11-11 22:08:57,263 - Short Sell 76.00 shares at 260.89 on 2024-10-15 15:45:00+00:00
2024-11-11 22:08:57,263 - Short Sell 76.00 shares at 261.25 on 2024-10-15 16:00:00+00:00
2024-11-11 22:08:57,263 - Short Sell 76.00 shares at 261.39 on 2024-10-15 16:15:00+00:00
2024-11-11 22:08:57,264 - Buy to cover -838.00 shares at 260.19 on 2024-10-15 16:30:00+00:00 (Exit: Signal, Profit: 195.41000000002919, Duration: 165.0 minutes)
2024-11-11 22:08:57,264 - Long Buy 77.00 shares at 259.64 on 2024-10-15 16:45:00+00:00
2024-11-11 22:08:57,264 - Long Buy 75.00 shares at 259.39 on 2024-10-15 17:00:00+00:00
2024-11-11 22:08:57,264 - Long Buy 73.00 shares at 259.81 on 2024-10-15 17:15:00+00:00
2024-11-11 22:08:57,264 - Long Buy 72.00 shares at 260.19 on 2024-10-15 17:30:00+00:00
2024-11-11 22:08:57,264 - Long Buy 70.00 shares at 259.94 on 2024-10-15 17:45:00+00:00
2024-11-11 22:08:57,264 - Long Buy 69.00 shares at 259.48 on 2024-10-15 18:00:00+00:00
2024-11-11 22:08:57,264 - Long Buy 68.00 shares at 258.89 on 2024-10-15 18:15:00+00:00
2024-11-11 22:08:57,264 - Long Buy 67.00 shares at 258.9 on 2024-10-15 18:30:00+00:00
2024-11-11 22:08:57,264 - Long Buy 65.00 shares at 258.85 on 2024-10-15 18:45:00+00:00
2024-11-11 22:08:57,264 - Long Buy 64.00 shares at 258.78 on 2024-10-15 19:00:00+00:00
2024-11-11 22:08:57,264 - Long Buy 63.00 shares at 258.55 on 2024-10-15 19:15:00+00:00
2024-11-11 22:08:57,264 - Long Buy 62.00 shares at 258.43 on 2024-10-15 19:30:00+00:00
2024-11-11 22:08:57,264 - Long Buy 60.00 shares at 258.37 on 2024-10-15 19:45:00+00:00
2024-11-11 22:08:57,264 - Long Buy 59.00 shares at 259.68 on 2024-10-16 13:30:00+00:00
2024-11-11 22:08:57,264 - Long Buy 58.00 shares at 259.7 on 2024-10-16 13:45:00+00:00
2024-11-11 22:08:57,264 - Long Buy 57.00 shares at 258.45 on 2024-10-16 14:00:00+00:00
2024-11-11 22:08:57,264 - Long Buy 55.00 shares at 259.13 on 2024-10-16 14:15:00+00:00
2024-11-11 22:08:57,264 - Long Buy 54.00 shares at 258.73 on 2024-10-16 14:30:00+00:00
2024-11-11 22:08:57,264 - Long Buy 53.00 shares at 259.24 on 2024-10-16 14:45:00+00:00
2024-11-11 22:08:57,264 - Long Buy 52.00 shares at 259.42 on 2024-10-16 15:00:00+00:00
2024-11-11 22:08:57,264 - Long Buy 51.00 shares at 260.03 on 2024-10-16 15:15:00+00:00
2024-11-11 22:08:57,264 - Long Buy 50.00 shares at 260.25 on 2024-10-16 15:30:00+00:00
2024-11-11 22:08:57,264 - Long Buy 49.00 shares at 259.69 on 2024-10-16 15:45:00+00:00
2024-11-11 22:08:57,264 - Long Buy 48.00 shares at 260.05 on 2024-10-16 16:00:00+00:00
2024-11-11 22:08:57,264 - Long Buy 47.00 shares at 260.1 on 2024-10-16 16:15:00+00:00
2024-11-11 22:08:57,264 - Long Buy 46.00 shares at 260.31 on 2024-10-16 16:30:00+00:00
2024-11-11 22:08:57,264 - Long Buy 45.00 shares at 260.02 on 2024-10-16 16:45:00+00:00
2024-11-11 22:08:57,264 - Long Buy 44.00 shares at 259.91 on 2024-10-16 17:00:00+00:00
2024-11-11 22:08:57,264 - Long Buy 43.00 shares at 259.98 on 2024-10-16 17:15:00+00:00
2024-11-11 22:08:57,264 - Long Buy 43.00 shares at 259.7 on 2024-10-16 17:30:00+00:00
2024-11-11 22:08:57,265 - Sell to close 1739.00 shares at 260.49 on 2024-10-16 18:00:00+00:00 (Exit: Signal, Profit: 1862.469999999977, Duration: 1515.0 minutes)
2024-11-11 22:08:57,265 - Short Sell 76.00 shares at 260.63 on 2024-10-16 18:15:00+00:00
2024-11-11 22:08:57,265 - Short Sell 76.00 shares at 260.38 on 2024-10-16 19:00:00+00:00
2024-11-11 22:08:57,265 - Short Sell 76.00 shares at 260.45 on 2024-10-16 19:15:00+00:00
2024-11-11 22:08:57,265 - Buy to cover -228.00 shares at 258.97 on 2024-10-17 13:30:00+00:00 (Exit: Profit_take, Profit: 345.79999999999654, Duration: 1155.0 minutes)
2024-11-11 22:08:57,265 - Long Buy 77.00 shares at 259.05 on 2024-10-17 13:45:00+00:00
2024-11-11 22:08:57,265 - Long Buy 75.00 shares at 258.7 on 2024-10-17 14:00:00+00:00
2024-11-11 22:08:57,265 - Long Buy 74.00 shares at 258.9 on 2024-10-17 14:15:00+00:00
2024-11-11 22:08:57,265 - Long Buy 73.00 shares at 258.26 on 2024-10-17 14:30:00+00:00
2024-11-11 22:08:57,265 - Long Buy 71.00 shares at 258.32 on 2024-10-17 14:45:00+00:00
2024-11-11 22:08:57,265 - Long Buy 70.00 shares at 258.06 on 2024-10-17 15:00:00+00:00
2024-11-11 22:08:57,265 - Long Buy 68.00 shares at 257.92 on 2024-10-17 15:15:00+00:00
2024-11-11 22:08:57,265 - Long Buy 67.00 shares at 257.48 on 2024-10-17 15:30:00+00:00
2024-11-11 22:08:57,265 - Long Buy 66.00 shares at 257.79 on 2024-10-17 15:45:00+00:00
2024-11-11 22:08:57,265 - Long Buy 64.00 shares at 257.74 on 2024-10-17 16:00:00+00:00
2024-11-11 22:08:57,265 - Long Buy 63.00 shares at 257.57 on 2024-10-17 16:15:00+00:00
2024-11-11 22:08:57,265 - Long Buy 62.00 shares at 257.5 on 2024-10-17 16:30:00+00:00
2024-11-11 22:08:57,265 - Long Buy 61.00 shares at 257.51 on 2024-10-17 16:45:00+00:00
2024-11-11 22:08:57,265 - Long Buy 60.00 shares at 257.32 on 2024-10-17 17:00:00+00:00
2024-11-11 22:08:57,265 - Long Buy 58.00 shares at 257.03 on 2024-10-17 17:15:00+00:00
2024-11-11 22:08:57,265 - Long Buy 57.00 shares at 257.19 on 2024-10-17 17:30:00+00:00
2024-11-11 22:08:57,265 - Long Buy 56.00 shares at 256.89 on 2024-10-17 17:45:00+00:00
2024-11-11 22:08:57,265 - Long Buy 55.00 shares at 257.0 on 2024-10-17 18:00:00+00:00
2024-11-11 22:08:57,265 - Long Buy 54.00 shares at 257.02 on 2024-10-17 18:15:00+00:00
2024-11-11 22:08:57,265 - Long Buy 53.00 shares at 256.88 on 2024-10-17 18:30:00+00:00
2024-11-11 22:08:57,265 - Long Buy 52.00 shares at 256.79 on 2024-10-17 18:45:00+00:00
2024-11-11 22:08:57,265 - Long Buy 51.00 shares at 256.76 on 2024-10-17 19:15:00+00:00
2024-11-11 22:08:57,265 - Sell to close 1387.00 shares at 259.53 on 2024-10-18 13:30:00+00:00 (Exit: Profit_take, Profit: 2533.849999999868, Duration: 1425.0 minutes)
2024-11-11 22:08:57,266 - Short Sell 77.00 shares at 260.16 on 2024-10-18 13:45:00+00:00
2024-11-11 22:08:57,266 - Short Sell 77.00 shares at 260.78 on 2024-10-18 14:00:00+00:00
2024-11-11 22:08:57,266 - Short Sell 77.00 shares at 260.32 on 2024-10-18 14:15:00+00:00
2024-11-11 22:08:57,266 - Short Sell 77.00 shares at 260.78 on 2024-10-18 14:30:00+00:00
2024-11-11 22:08:57,266 - Short Sell 77.00 shares at 260.84 on 2024-10-18 14:45:00+00:00
2024-11-11 22:08:57,266 - Short Sell 76.00 shares at 261.1 on 2024-10-18 15:00:00+00:00
2024-11-11 22:08:57,266 - Short Sell 76.00 shares at 261.23 on 2024-10-18 15:15:00+00:00
2024-11-11 22:08:57,266 - Short Sell 76.00 shares at 260.95 on 2024-10-18 15:30:00+00:00
2024-11-11 22:08:57,266 - Short Sell 76.00 shares at 261.16 on 2024-10-18 15:45:00+00:00
2024-11-11 22:08:57,266 - Short Sell 76.00 shares at 262.0 on 2024-10-18 16:00:00+00:00
2024-11-11 22:08:57,266 - Short Sell 76.00 shares at 262.14 on 2024-10-18 16:15:00+00:00
2024-11-11 22:08:57,266 - Short Sell 76.00 shares at 262.52 on 2024-10-18 16:30:00+00:00
2024-11-11 22:08:57,266 - Short Sell 76.00 shares at 262.41 on 2024-10-18 16:45:00+00:00
2024-11-11 22:08:57,266 - Short Sell 76.00 shares at 262.56 on 2024-10-18 17:00:00+00:00
2024-11-11 22:08:57,266 - Short Sell 76.00 shares at 261.67 on 2024-10-18 17:15:00+00:00
2024-11-11 22:08:57,266 - Short Sell 76.00 shares at 261.49 on 2024-10-18 17:30:00+00:00
2024-11-11 22:08:57,266 - Short Sell 76.00 shares at 261.32 on 2024-10-18 17:45:00+00:00
2024-11-11 22:08:57,266 - Short Sell 76.00 shares at 261.23 on 2024-10-18 18:00:00+00:00
2024-11-11 22:08:57,266 - Short Sell 76.00 shares at 261.34 on 2024-10-18 18:15:00+00:00
2024-11-11 22:08:57,266 - Short Sell 76.00 shares at 261.19 on 2024-10-18 18:30:00+00:00
2024-11-11 22:08:57,266 - Short Sell 77.00 shares at 261.01 on 2024-10-18 18:45:00+00:00
2024-11-11 22:08:57,266 - Short Sell 77.00 shares at 260.78 on 2024-10-18 19:00:00+00:00
2024-11-11 22:08:57,266 - Short Sell 77.00 shares at 260.35 on 2024-10-18 19:15:00+00:00
2024-11-11 22:08:57,266 - Short Sell 77.00 shares at 260.86 on 2024-10-18 19:30:00+00:00
2024-11-11 22:08:57,266 - Short Sell 76.00 shares at 261.37 on 2024-10-18 19:45:00+00:00
2024-11-11 22:08:57,266 - Short Sell 76.00 shares at 261.06 on 2024-10-21 13:30:00+00:00
2024-11-11 22:08:57,266 - Buy to cover -1985.00 shares at 260.11 on 2024-10-21 13:45:00+00:00 (Exit: Signal, Profit: 2266.6499999999446, Duration: 4320.0 minutes)
2024-11-11 22:08:57,266 - Short Sell 77.00 shares at 261.05 on 2024-10-21 14:00:00+00:00
2024-11-11 22:08:57,266 - Short Sell 77.00 shares at 260.82 on 2024-10-21 14:15:00+00:00
2024-11-11 22:08:57,266 - Buy to cover -154.00 shares at 259.35 on 2024-10-21 14:45:00+00:00 (Exit: Profit_take, Profit: 244.0900000000056, Duration: 45.0 minutes)
2024-11-11 22:08:57,266 - Long Buy 77.00 shares at 258.99 on 2024-10-21 15:00:00+00:00
2024-11-11 22:08:57,267 - Long Buy 76.00 shares at 258.64 on 2024-10-21 15:15:00+00:00
2024-11-11 22:08:57,267 - Long Buy 74.00 shares at 259.12 on 2024-10-21 15:30:00+00:00
2024-11-11 22:08:57,267 - Long Buy 73.00 shares at 259.13 on 2024-10-21 15:45:00+00:00
2024-11-11 22:08:57,267 - Long Buy 71.00 shares at 258.4 on 2024-10-21 16:00:00+00:00
2024-11-11 22:08:57,267 - Long Buy 70.00 shares at 258.79 on 2024-10-21 16:15:00+00:00
2024-11-11 22:08:57,267 - Long Buy 68.00 shares at 259.21 on 2024-10-21 16:30:00+00:00
2024-11-11 22:08:57,267 - Long Buy 67.00 shares at 259.36 on 2024-10-21 16:45:00+00:00
2024-11-11 22:08:57,267 - Long Buy 66.00 shares at 259.28 on 2024-10-21 17:00:00+00:00
2024-11-11 22:08:57,267 - Long Buy 64.00 shares at 259.17 on 2024-10-21 17:15:00+00:00
2024-11-11 22:08:57,267 - Long Buy 63.00 shares at 259.51 on 2024-10-21 17:30:00+00:00
2024-11-11 22:08:57,267 - Long Buy 62.00 shares at 259.6 on 2024-10-21 17:45:00+00:00
2024-11-11 22:08:57,267 - Long Buy 61.00 shares at 259.25 on 2024-10-21 18:00:00+00:00
2024-11-11 22:08:57,267 - Long Buy 59.00 shares at 259.31 on 2024-10-21 18:15:00+00:00
2024-11-11 22:08:57,267 - Long Buy 58.00 shares at 259.04 on 2024-10-21 18:30:00+00:00
2024-11-11 22:08:57,267 - Long Buy 57.00 shares at 258.87 on 2024-10-21 18:45:00+00:00
2024-11-11 22:08:57,267 - Long Buy 56.00 shares at 259.15 on 2024-10-21 19:00:00+00:00
2024-11-11 22:08:57,267 - Long Buy 55.00 shares at 259.36 on 2024-10-21 19:15:00+00:00
2024-11-11 22:08:57,267 - Long Buy 54.00 shares at 259.2 on 2024-10-21 19:30:00+00:00
2024-11-11 22:08:57,267 - Long Buy 53.00 shares at 259.23 on 2024-10-21 19:45:00+00:00
2024-11-11 22:08:57,267 - Long Buy 52.00 shares at 257.88 on 2024-10-22 13:30:00+00:00
2024-11-11 22:08:57,267 - Long Buy 51.00 shares at 257.83 on 2024-10-22 13:45:00+00:00
2024-11-11 22:08:57,267 - Sell to close 1387.00 shares at 258.05 on 2024-10-22 14:00:00+00:00 (Exit: Signal, Profit: -1349.4100000000897, Duration: 1380.0 minutes)
2024-11-11 22:08:57,267 - Long Buy 78.00 shares at 257.53 on 2024-10-22 14:15:00+00:00
2024-11-11 22:08:57,267 - Long Buy 76.00 shares at 257.29 on 2024-10-22 14:30:00+00:00
2024-11-11 22:08:57,267 - Sell to close 154.00 shares at 258.33 on 2024-10-22 14:45:00+00:00 (Exit: Signal, Profit: 141.43999999999767, Duration: 30.0 minutes)
2024-11-11 22:08:57,267 - Short Sell 77.00 shares at 258.63 on 2024-10-22 15:00:00+00:00
2024-11-11 22:08:57,267 - Short Sell 77.00 shares at 258.28 on 2024-10-22 15:15:00+00:00
2024-11-11 22:08:57,267 - Short Sell 77.00 shares at 258.53 on 2024-10-22 15:30:00+00:00
2024-11-11 22:08:57,267 - Short Sell 77.00 shares at 258.34 on 2024-10-22 16:00:00+00:00
2024-11-11 22:08:57,267 - Short Sell 77.00 shares at 258.57 on 2024-10-22 16:15:00+00:00
2024-11-11 22:08:57,268 - Short Sell 77.00 shares at 258.63 on 2024-10-22 16:30:00+00:00
2024-11-11 22:08:57,268 - Short Sell 77.00 shares at 259.03 on 2024-10-22 16:45:00+00:00
2024-11-11 22:08:57,268 - Short Sell 77.00 shares at 259.49 on 2024-10-22 17:00:00+00:00
2024-11-11 22:08:57,268 - Short Sell 77.00 shares at 259.5 on 2024-10-22 17:15:00+00:00
2024-11-11 22:08:57,268 - Short Sell 77.00 shares at 259.87 on 2024-10-22 17:30:00+00:00
2024-11-11 22:08:57,268 - Short Sell 77.00 shares at 259.85 on 2024-10-22 17:45:00+00:00
2024-11-11 22:08:57,268 - Short Sell 77.00 shares at 259.66 on 2024-10-22 18:00:00+00:00
2024-11-11 22:08:57,268 - Short Sell 77.00 shares at 259.34 on 2024-10-22 18:15:00+00:00
2024-11-11 22:08:57,268 - Short Sell 77.00 shares at 259.43 on 2024-10-22 18:30:00+00:00
2024-11-11 22:08:57,268 - Short Sell 77.00 shares at 259.3 on 2024-10-22 18:45:00+00:00
2024-11-11 22:08:57,268 - Short Sell 77.00 shares at 258.66 on 2024-10-22 19:00:00+00:00
2024-11-11 22:08:57,268 - Short Sell 77.00 shares at 258.76 on 2024-10-22 19:30:00+00:00
2024-11-11 22:08:57,268 - Short Sell 77.00 shares at 259.63 on 2024-10-23 14:00:00+00:00
2024-11-11 22:08:57,268 - Short Sell 77.00 shares at 259.24 on 2024-10-23 14:15:00+00:00
2024-11-11 22:08:57,268 - Short Sell 77.00 shares at 258.82 on 2024-10-23 14:30:00+00:00
2024-11-11 22:08:57,268 - Buy to cover -1540.00 shares at 257.69 on 2024-10-23 15:00:00+00:00 (Exit: Profit_take, Profit: 2137.519999999964, Duration: 1440.0 minutes)
2024-11-11 22:08:57,268 - Long Buy 78.00 shares at 257.62 on 2024-10-23 15:15:00+00:00
2024-11-11 22:08:57,268 - Long Buy 76.00 shares at 258.17 on 2024-10-23 15:30:00+00:00
2024-11-11 22:08:57,268 - Long Buy 75.00 shares at 257.91 on 2024-10-23 16:00:00+00:00
2024-11-11 22:08:57,268 - Long Buy 73.00 shares at 258.17 on 2024-10-23 16:15:00+00:00
2024-11-11 22:08:57,268 - Long Buy 72.00 shares at 258.1 on 2024-10-23 16:30:00+00:00
2024-11-11 22:08:57,268 - Long Buy 70.00 shares at 258.11 on 2024-10-23 17:00:00+00:00
2024-11-11 22:08:57,268 - Long Buy 69.00 shares at 257.86 on 2024-10-23 18:00:00+00:00
2024-11-11 22:08:57,268 - Long Buy 67.00 shares at 257.77 on 2024-10-23 18:15:00+00:00
2024-11-11 22:08:57,268 - Sell to close 580.00 shares at 259.77 on 2024-10-23 19:30:00+00:00 (Exit: Profit_take, Profit: 1047.8299999999854, Duration: 255.0 minutes)
2024-11-11 22:08:57,268 - Long Buy 78.00 shares at 257.25 on 2024-10-24 13:30:00+00:00
2024-11-11 22:08:57,269 - Sell to close 78.00 shares at 258.95 on 2024-10-24 14:15:00+00:00 (Exit: Profit_take, Profit: 132.5999999999991, Duration: 45.0 minutes)
2024-11-11 22:08:57,269 - Long Buy 78.00 shares at 257.71 on 2024-10-24 15:30:00+00:00
2024-11-11 22:08:57,269 - Long Buy 76.00 shares at 257.75 on 2024-10-24 15:45:00+00:00
2024-11-11 22:08:57,269 - Long Buy 75.00 shares at 256.97 on 2024-10-24 16:00:00+00:00
2024-11-11 22:08:57,269 - Long Buy 73.00 shares at 257.12 on 2024-10-24 16:15:00+00:00
2024-11-11 22:08:57,269 - Long Buy 72.00 shares at 257.29 on 2024-10-24 16:30:00+00:00
2024-11-11 22:08:57,269 - Long Buy 70.00 shares at 257.23 on 2024-10-24 16:45:00+00:00
2024-11-11 22:08:57,269 - Long Buy 69.00 shares at 257.28 on 2024-10-24 18:15:00+00:00
2024-11-11 22:08:57,269 - Long Buy 68.00 shares at 257.09 on 2024-10-24 18:30:00+00:00
2024-11-11 22:08:57,269 - Long Buy 66.00 shares at 257.09 on 2024-10-24 18:45:00+00:00
2024-11-11 22:08:57,269 - Long Buy 65.00 shares at 257.09 on 2024-10-24 19:00:00+00:00
2024-11-11 22:08:57,269 - Long Buy 64.00 shares at 257.06 on 2024-10-24 19:15:00+00:00
2024-11-11 22:08:57,269 - Long Buy 63.00 shares at 256.65 on 2024-10-24 19:30:00+00:00
2024-11-11 22:08:57,269 - Long Buy 61.00 shares at 256.41 on 2024-10-24 19:45:00+00:00
2024-11-11 22:08:57,269 - Long Buy 60.00 shares at 256.84 on 2024-10-25 13:30:00+00:00
2024-11-11 22:08:57,269 - Long Buy 59.00 shares at 255.93 on 2024-10-25 13:45:00+00:00
2024-11-11 22:08:57,269 - Long Buy 58.00 shares at 256.58 on 2024-10-25 14:00:00+00:00
2024-11-11 22:08:57,269 - Long Buy 57.00 shares at 256.34 on 2024-10-25 14:15:00+00:00
2024-11-11 22:08:57,269 - Long Buy 56.00 shares at 256.35 on 2024-10-25 14:30:00+00:00
2024-11-11 22:08:57,269 - Long Buy 54.00 shares at 255.94 on 2024-10-25 14:45:00+00:00
2024-11-11 22:08:57,269 - Long Buy 53.00 shares at 255.93 on 2024-10-25 15:00:00+00:00
2024-11-11 22:08:57,269 - Sell to close 1297.00 shares at 255.16 on 2024-10-25 15:15:00+00:00 (Exit: Stop_loss, Profit: -2240.3199999999774, Duration: 1425.0 minutes)
2024-11-11 22:08:57,270 - Short Sell 78.00 shares at 256.2 on 2024-10-28 13:30:00+00:00
2024-11-11 22:08:57,270 - Short Sell 78.00 shares at 256.76 on 2024-10-28 13:45:00+00:00
2024-11-11 22:08:57,270 - Short Sell 78.00 shares at 256.66 on 2024-10-28 14:00:00+00:00
2024-11-11 22:08:57,270 - Short Sell 78.00 shares at 257.17 on 2024-10-28 14:15:00+00:00
2024-11-11 22:08:57,270 - Short Sell 78.00 shares at 256.56 on 2024-10-28 14:30:00+00:00
2024-11-11 22:08:57,270 - Short Sell 78.00 shares at 256.86 on 2024-10-28 14:45:00+00:00
2024-11-11 22:08:57,270 - Short Sell 78.00 shares at 257.1 on 2024-10-28 15:00:00+00:00
2024-11-11 22:08:57,270 - Short Sell 78.00 shares at 256.68 on 2024-10-28 15:15:00+00:00
2024-11-11 22:08:57,270 - Short Sell 78.00 shares at 256.52 on 2024-10-28 15:30:00+00:00
2024-11-11 22:08:57,270 - Short Sell 78.00 shares at 256.73 on 2024-10-28 15:45:00+00:00
2024-11-11 22:08:57,270 - Short Sell 78.00 shares at 256.63 on 2024-10-28 16:00:00+00:00
2024-11-11 22:08:57,270 - Short Sell 78.00 shares at 256.61 on 2024-10-28 16:15:00+00:00
2024-11-11 22:08:57,270 - Short Sell 78.00 shares at 256.44 on 2024-10-28 16:30:00+00:00
2024-11-11 22:08:57,270 - Short Sell 78.00 shares at 256.18 on 2024-10-28 16:45:00+00:00
2024-11-11 22:08:57,270 - Short Sell 78.00 shares at 256.08 on 2024-10-28 17:00:00+00:00
2024-11-11 22:08:57,270 - Short Sell 78.00 shares at 256.47 on 2024-10-28 17:15:00+00:00
2024-11-11 22:08:57,270 - Short Sell 78.00 shares at 256.13 on 2024-10-28 17:30:00+00:00
2024-11-11 22:08:57,270 - Short Sell 78.00 shares at 256.31 on 2024-10-28 17:45:00+00:00
2024-11-11 22:08:57,270 - Short Sell 78.00 shares at 256.5 on 2024-10-28 18:00:00+00:00
2024-11-11 22:08:57,270 - Short Sell 78.00 shares at 256.51 on 2024-10-28 18:15:00+00:00
2024-11-11 22:08:57,270 - Short Sell 78.00 shares at 256.84 on 2024-10-28 19:15:00+00:00
2024-11-11 22:08:57,270 - Short Sell 78.00 shares at 256.72 on 2024-10-28 19:30:00+00:00
2024-11-11 22:08:57,271 - Buy to cover -1716.00 shares at 251.71 on 2024-10-29 13:30:00+00:00 (Exit: Profit_take, Profit: 8349.119999999868, Duration: 1440.0 minutes)
2024-11-11 22:08:57,272 - Long Buy 79.00 shares at 253.87 on 2024-10-29 13:45:00+00:00
2024-11-11 22:08:57,272 - Long Buy 78.00 shares at 253.84 on 2024-10-29 14:00:00+00:00
2024-11-11 22:08:57,272 - Long Buy 76.00 shares at 254.68 on 2024-10-29 14:15:00+00:00
2024-11-11 22:08:57,272 - Long Buy 75.00 shares at 253.86 on 2024-10-29 14:30:00+00:00
2024-11-11 22:08:57,272 - Long Buy 73.00 shares at 255.18 on 2024-10-29 14:45:00+00:00
2024-11-11 22:08:57,272 - Long Buy 72.00 shares at 252.96 on 2024-10-29 15:00:00+00:00
2024-11-11 22:08:57,272 - Sell to close 453.00 shares at 252.47 on 2024-10-29 15:15:00+00:00 (Exit: Stop_loss, Profit: -722.7799999999829, Duration: 90.0 minutes)
2024-11-11 22:08:57,272 - Short Sell 79.00 shares at 255.77 on 2024-10-30 13:30:00+00:00
2024-11-11 22:08:57,272 - Short Sell 79.00 shares at 256.77 on 2024-10-30 13:45:00+00:00
2024-11-11 22:08:57,272 - Buy to cover -158.00 shares at 254.98 on 2024-10-30 14:15:00+00:00 (Exit: Profit_take, Profit: 203.82000000000772, Duration: 45.0 minutes)
2024-11-11 22:08:57,272 - Short Sell 79.00 shares at 255.46 on 2024-10-30 14:45:00+00:00
2024-11-11 22:08:57,272 - Buy to cover -79.00 shares at 253.77 on 2024-10-30 15:00:00+00:00 (Exit: Profit_take, Profit: 133.50999999999982, Duration: 15.0 minutes)
2024-11-11 22:08:57,272 - Long Buy 79.00 shares at 253.76 on 2024-10-30 15:45:00+00:00
2024-11-11 22:08:57,272 - Long Buy 78.00 shares at 253.58 on 2024-10-30 16:00:00+00:00
2024-11-11 22:08:57,272 - Long Buy 76.00 shares at 254.12 on 2024-10-30 16:30:00+00:00
2024-11-11 22:08:57,272 - Long Buy 75.00 shares at 254.05 on 2024-10-30 16:45:00+00:00
2024-11-11 22:08:57,272 - Long Buy 73.00 shares at 253.91 on 2024-10-30 17:15:00+00:00
2024-11-11 22:08:57,272 - Long Buy 72.00 shares at 253.44 on 2024-10-30 17:30:00+00:00
2024-11-11 22:08:57,272 - Long Buy 71.00 shares at 252.78 on 2024-10-30 17:45:00+00:00
2024-11-11 22:08:57,273 - Long Buy 69.00 shares at 253.32 on 2024-10-30 18:00:00+00:00
2024-11-11 22:08:57,273 - Long Buy 68.00 shares at 252.95 on 2024-10-30 18:15:00+00:00
2024-11-11 22:08:57,273 - Long Buy 66.00 shares at 253.63 on 2024-10-30 18:30:00+00:00
2024-11-11 22:08:57,273 - Long Buy 65.00 shares at 253.29 on 2024-10-30 18:45:00+00:00
2024-11-11 22:08:57,273 - Long Buy 64.00 shares at 252.79 on 2024-10-30 19:00:00+00:00
2024-11-11 22:08:57,273 - Long Buy 63.00 shares at 253.0 on 2024-10-30 19:15:00+00:00
2024-11-11 22:08:57,273 - Long Buy 61.00 shares at 252.49 on 2024-10-30 19:30:00+00:00
2024-11-11 22:08:57,273 - Long Buy 60.00 shares at 252.48 on 2024-10-30 19:45:00+00:00
2024-11-11 22:08:57,273 - Sell to close 1040.00 shares at 250.7 on 2024-10-31 13:30:00+00:00 (Exit: Stop_loss, Profit: -2747.0000000000186, Duration: 1305.0 minutes)
2024-11-11 22:08:57,273 - Long Buy 82.00 shares at 246.1 on 2024-11-01 13:30:00+00:00
2024-11-11 22:08:57,273 - Long Buy 80.00 shares at 245.83 on 2024-11-01 13:45:00+00:00
2024-11-11 22:08:57,273 - Long Buy 79.00 shares at 246.05 on 2024-11-01 14:00:00+00:00
2024-11-11 22:08:57,273 - Long Buy 77.00 shares at 246.07 on 2024-11-01 14:15:00+00:00
2024-11-11 22:08:57,273 - Long Buy 75.00 shares at 245.82 on 2024-11-01 14:30:00+00:00
2024-11-11 22:08:57,273 - Long Buy 74.00 shares at 245.54 on 2024-11-01 14:45:00+00:00
2024-11-11 22:08:57,273 - Long Buy 73.00 shares at 245.18 on 2024-11-01 15:00:00+00:00
2024-11-11 22:08:57,273 - Long Buy 71.00 shares at 245.25 on 2024-11-01 15:15:00+00:00
2024-11-11 22:08:57,273 - Long Buy 70.00 shares at 244.88 on 2024-11-01 15:30:00+00:00
2024-11-11 22:08:57,273 - Long Buy 69.00 shares at 244.54 on 2024-11-01 15:45:00+00:00
2024-11-11 22:08:57,273 - Long Buy 67.00 shares at 244.47 on 2024-11-01 16:00:00+00:00
2024-11-11 22:08:57,273 - Long Buy 66.00 shares at 244.72 on 2024-11-01 16:15:00+00:00
2024-11-11 22:08:57,273 - Long Buy 64.00 shares at 244.85 on 2024-11-01 16:30:00+00:00
2024-11-11 22:08:57,273 - Long Buy 63.00 shares at 244.84 on 2024-11-01 16:45:00+00:00
2024-11-11 22:08:57,273 - Long Buy 62.00 shares at 244.91 on 2024-11-01 17:00:00+00:00
2024-11-11 22:08:57,273 - Long Buy 61.00 shares at 245.24 on 2024-11-01 17:15:00+00:00
2024-11-11 22:08:57,273 - Long Buy 59.00 shares at 244.88 on 2024-11-01 17:30:00+00:00
2024-11-11 22:08:57,273 - Long Buy 58.00 shares at 245.0 on 2024-11-01 17:45:00+00:00
2024-11-11 22:08:57,273 - Long Buy 57.00 shares at 244.59 on 2024-11-01 18:00:00+00:00
2024-11-11 22:08:57,273 - Long Buy 56.00 shares at 245.0 on 2024-11-01 18:15:00+00:00
2024-11-11 22:08:57,274 - Long Buy 55.00 shares at 244.92 on 2024-11-01 18:30:00+00:00
2024-11-11 22:08:57,274 - Long Buy 54.00 shares at 244.88 on 2024-11-01 18:45:00+00:00
2024-11-11 22:08:57,274 - Long Buy 53.00 shares at 244.95 on 2024-11-01 19:00:00+00:00
2024-11-11 22:08:57,274 - Long Buy 52.00 shares at 244.96 on 2024-11-01 19:15:00+00:00
2024-11-11 22:08:57,274 - Long Buy 51.00 shares at 244.95 on 2024-11-01 19:30:00+00:00
2024-11-11 22:08:57,274 - Long Buy 50.00 shares at 244.5 on 2024-11-01 19:45:00+00:00
2024-11-11 22:08:57,274 - Long Buy 49.00 shares at 244.42 on 2024-11-04 14:30:00+00:00
2024-11-11 22:08:57,274 - Long Buy 48.00 shares at 244.68 on 2024-11-04 14:45:00+00:00
2024-11-11 22:08:57,274 - Long Buy 47.00 shares at 245.14 on 2024-11-04 15:00:00+00:00
2024-11-11 22:08:57,274 - Long Buy 46.00 shares at 244.86 on 2024-11-04 15:30:00+00:00
2024-11-11 22:08:57,274 - Long Buy 45.00 shares at 243.98 on 2024-11-04 15:45:00+00:00
2024-11-11 22:08:57,274 - Long Buy 44.00 shares at 244.2 on 2024-11-04 16:00:00+00:00
2024-11-11 22:08:57,274 - Long Buy 43.00 shares at 243.84 on 2024-11-04 16:15:00+00:00
2024-11-11 22:08:57,274 - Sell to close 2000.00 shares at 242.91 on 2024-11-04 16:30:00+00:00 (Exit: Stop_loss, Profit: -4281.309999999962, Duration: 4500.0 minutes)
2024-11-11 22:08:57,274 - Short Sell 82.00 shares at 245.51 on 2024-11-05 14:45:00+00:00
2024-11-11 22:08:57,274 - Short Sell 82.00 shares at 245.29 on 2024-11-05 15:00:00+00:00
2024-11-11 22:08:57,274 - Short Sell 82.00 shares at 245.24 on 2024-11-05 15:15:00+00:00
2024-11-11 22:08:57,274 - Short Sell 82.00 shares at 244.89 on 2024-11-05 15:30:00+00:00
2024-11-11 22:08:57,274 - Short Sell 82.00 shares at 245.37 on 2024-11-05 15:45:00+00:00
2024-11-11 22:08:57,274 - Short Sell 81.00 shares at 246.17 on 2024-11-05 16:00:00+00:00
2024-11-11 22:08:57,274 - Short Sell 81.00 shares at 246.73 on 2024-11-05 16:15:00+00:00
2024-11-11 22:08:57,274 - Short Sell 81.00 shares at 246.19 on 2024-11-05 16:30:00+00:00
2024-11-11 22:08:57,274 - Short Sell 81.00 shares at 246.45 on 2024-11-05 16:45:00+00:00
2024-11-11 22:08:57,274 - Short Sell 81.00 shares at 246.59 on 2024-11-05 17:00:00+00:00
2024-11-11 22:08:57,274 - Short Sell 81.00 shares at 246.69 on 2024-11-05 17:15:00+00:00
2024-11-11 22:08:57,274 - Short Sell 81.00 shares at 246.95 on 2024-11-05 17:30:00+00:00
2024-11-11 22:08:57,275 - Short Sell 81.00 shares at 247.02 on 2024-11-05 18:45:00+00:00
2024-11-11 22:08:57,275 - Buy to cover -1058.00 shares at 247.42 on 2024-11-06 15:15:00+00:00 (Exit: Stop_loss, Profit: -1417.7699999999759, Duration: 1470.0 minutes)
2024-11-11 22:08:57,275 - Long Buy 81.00 shares at 245.53 on 2024-11-07 14:30:00+00:00
2024-11-11 22:08:57,275 - Long Buy 80.00 shares at 245.47 on 2024-11-07 14:45:00+00:00
2024-11-11 22:08:57,275 - Long Buy 78.00 shares at 245.24 on 2024-11-07 15:00:00+00:00
2024-11-11 22:08:57,275 - Long Buy 77.00 shares at 244.94 on 2024-11-07 15:15:00+00:00
2024-11-11 22:08:57,275 - Long Buy 75.00 shares at 244.94 on 2024-11-07 15:30:00+00:00
2024-11-11 22:08:57,275 - Long Buy 74.00 shares at 245.05 on 2024-11-07 15:45:00+00:00
2024-11-11 22:08:57,275 - Long Buy 72.00 shares at 245.34 on 2024-11-07 16:00:00+00:00
2024-11-11 22:08:57,275 - Long Buy 71.00 shares at 245.36 on 2024-11-07 16:15:00+00:00
2024-11-11 22:08:57,275 - Long Buy 69.00 shares at 245.34 on 2024-11-07 16:30:00+00:00
2024-11-11 22:08:57,275 - Long Buy 68.00 shares at 245.04 on 2024-11-07 16:45:00+00:00
2024-11-11 22:08:57,275 - Long Buy 66.00 shares at 246.05 on 2024-11-07 17:00:00+00:00
2024-11-11 22:08:57,275 - Long Buy 65.00 shares at 246.3 on 2024-11-07 17:15:00+00:00
2024-11-11 22:08:57,275 - Long Buy 64.00 shares at 246.06 on 2024-11-07 17:30:00+00:00
2024-11-11 22:08:57,275 - Long Buy 63.00 shares at 246.04 on 2024-11-07 17:45:00+00:00
2024-11-11 22:08:57,275 - Long Buy 61.00 shares at 245.89 on 2024-11-07 18:00:00+00:00
2024-11-11 22:08:57,275 - Long Buy 60.00 shares at 245.56 on 2024-11-07 18:15:00+00:00
2024-11-11 22:08:57,275 - Long Buy 59.00 shares at 245.57 on 2024-11-07 18:30:00+00:00
2024-11-11 22:08:57,275 - Long Buy 58.00 shares at 245.69 on 2024-11-07 18:45:00+00:00
2024-11-11 22:08:57,275 - Long Buy 57.00 shares at 245.74 on 2024-11-07 19:00:00+00:00
2024-11-11 22:08:57,275 - Long Buy 55.00 shares at 245.93 on 2024-11-07 19:15:00+00:00
2024-11-11 22:08:57,275 - Long Buy 54.00 shares at 245.86 on 2024-11-07 19:30:00+00:00
2024-11-11 22:08:57,276 - Sell to close 1407.00 shares at 246.5 on 2024-11-07 20:00:00+00:00 (Exit: Signal, Profit: 1351.9799999999964, Duration: 330.0 minutes)
2024-11-11 22:08:57,276 - Short Sell 81.00 shares at 246.86 on 2024-11-07 20:15:00+00:00
2024-11-11 22:08:57,276 - Short Sell 81.00 shares at 246.69 on 2024-11-07 20:30:00+00:00
2024-11-11 22:08:57,276 - Short Sell 81.00 shares at 246.29 on 2024-11-07 20:45:00+00:00
2024-11-11 22:08:57,276 - Short Sell 81.00 shares at 248.56 on 2024-11-08 14:30:00+00:00
2024-11-11 22:08:57,276 - Buy to cover -324.00 shares at 248.8 on 2024-11-08 14:45:00+00:00 (Exit: Stop_loss, Profit: -550.8000000000055, Duration: 1110.0 minutes)
2024-11-11 22:08:57,278 - Final statisticsStock: ECL, 
total_trades: 26, 
winning_trades: 18, 
losing_trades: 8, 
average_return: 0.0019869485041805615, 
average_duration: 964.6153846153846, 
final_balance: 1007356.0099999998, 
final_portfolio_value: 1007356.0099999998, 
sharpe_ratio: 6.868225865605697, 



