2024-11-11 22:14:55,455 - Starting GBMStrategy with initial capital: 1000000
2024-11-11 22:14:55,455 - Hyperparameters: {'threshold': 1.5, 'time_periods': 30, 'num_simulations': 150}
2024-11-11 22:16:16,738 - Long Buy 180.00 shares at 110.98 on 2024-10-11 14:30:00+00:00
2024-11-11 22:16:16,739 - Long Buy 176.00 shares at 110.91 on 2024-10-11 14:45:00+00:00
2024-11-11 22:16:16,739 - Long Buy 173.00 shares at 110.68 on 2024-10-11 16:00:00+00:00
2024-11-11 22:16:16,739 - Long Buy 170.00 shares at 110.7 on 2024-10-11 16:15:00+00:00
2024-11-11 22:16:16,739 - Long Buy 166.00 shares at 110.7 on 2024-10-11 16:30:00+00:00
2024-11-11 22:16:16,739 - Long Buy 163.00 shares at 110.83 on 2024-10-11 16:45:00+00:00
2024-11-11 22:16:16,739 - Long Buy 159.00 shares at 110.86 on 2024-10-11 18:00:00+00:00
2024-11-11 22:16:16,740 - Long Buy 156.00 shares at 110.79 on 2024-10-11 18:15:00+00:00
2024-11-11 22:16:16,740 - Long Buy 153.00 shares at 110.62 on 2024-10-11 18:30:00+00:00
2024-11-11 22:16:16,740 - Long Buy 150.00 shares at 110.66 on 2024-10-11 18:45:00+00:00
2024-11-11 22:16:16,740 - Long Buy 147.00 shares at 110.73 on 2024-10-11 19:00:00+00:00
2024-11-11 22:16:16,740 - Long Buy 144.00 shares at 110.63 on 2024-10-11 19:15:00+00:00
2024-11-11 22:16:16,740 - Long Buy 141.00 shares at 110.74 on 2024-10-11 19:30:00+00:00
2024-11-11 22:16:16,740 - Long Buy 139.00 shares at 110.57 on 2024-10-11 19:45:00+00:00
2024-11-11 22:16:16,740 - Sell to close 2217.00 shares at 109.54 on 2024-10-14 13:30:00+00:00 (Exit: Stop_loss, Profit: -2679.9499999999734, Duration: 4260.0 minutes)
2024-11-11 22:16:16,740 - Long Buy 181.00 shares at 110.03 on 2024-10-15 13:30:00+00:00
2024-11-11 22:16:16,740 - Long Buy 177.00 shares at 110.18 on 2024-10-15 13:45:00+00:00
2024-11-11 22:16:16,740 - Sell to close 358.00 shares at 110.8 on 2024-10-15 14:00:00+00:00 (Exit: Profit_take, Profit: 249.1099999999979, Duration: 30.0 minutes)
2024-11-11 22:16:16,740 - Short Sell 179.00 shares at 111.36 on 2024-10-15 15:15:00+00:00
2024-11-11 22:16:16,740 - Short Sell 178.00 shares at 111.54 on 2024-10-15 15:30:00+00:00
2024-11-11 22:16:16,740 - Short Sell 178.00 shares at 111.54 on 2024-10-15 15:45:00+00:00
2024-11-11 22:16:16,740 - Short Sell 178.00 shares at 111.73 on 2024-10-15 16:00:00+00:00
2024-11-11 22:16:16,740 - Short Sell 178.00 shares at 111.53 on 2024-10-15 16:15:00+00:00
2024-11-11 22:16:16,741 - Buy to cover -891.00 shares at 111.33 on 2024-10-15 16:30:00+00:00 (Exit: Signal, Profit: 186.92999999999037, Duration: 75.0 minutes)
2024-11-11 22:16:16,741 - Long Buy 179.00 shares at 111.18 on 2024-10-15 16:45:00+00:00
2024-11-11 22:16:16,741 - Long Buy 176.00 shares at 110.86 on 2024-10-15 17:00:00+00:00
2024-11-11 22:16:16,741 - Long Buy 172.00 shares at 110.89 on 2024-10-15 17:15:00+00:00
2024-11-11 22:16:16,741 - Long Buy 169.00 shares at 111.05 on 2024-10-15 17:30:00+00:00
2024-11-11 22:16:16,741 - Long Buy 165.00 shares at 111.06 on 2024-10-15 17:45:00+00:00
2024-11-11 22:16:16,741 - Long Buy 162.00 shares at 110.98 on 2024-10-15 18:00:00+00:00
2024-11-11 22:16:16,741 - Long Buy 159.00 shares at 110.67 on 2024-10-15 18:15:00+00:00
2024-11-11 22:16:16,741 - Long Buy 156.00 shares at 110.73 on 2024-10-15 18:30:00+00:00
2024-11-11 22:16:16,741 - Long Buy 153.00 shares at 110.72 on 2024-10-15 18:45:00+00:00
2024-11-11 22:16:16,741 - Long Buy 150.00 shares at 110.58 on 2024-10-15 19:00:00+00:00
2024-11-11 22:16:16,741 - Long Buy 147.00 shares at 110.39 on 2024-10-15 19:15:00+00:00
2024-11-11 22:16:16,741 - Long Buy 144.00 shares at 110.44 on 2024-10-15 19:30:00+00:00
2024-11-11 22:16:16,741 - Long Buy 141.00 shares at 110.38 on 2024-10-15 19:45:00+00:00
2024-11-11 22:16:16,741 - Long Buy 138.00 shares at 110.72 on 2024-10-16 13:30:00+00:00
2024-11-11 22:16:16,741 - Long Buy 136.00 shares at 110.53 on 2024-10-16 13:45:00+00:00
2024-11-11 22:16:16,741 - Long Buy 133.00 shares at 110.44 on 2024-10-16 14:00:00+00:00
2024-11-11 22:16:16,741 - Long Buy 130.00 shares at 110.44 on 2024-10-16 14:15:00+00:00
2024-11-11 22:16:16,741 - Sell to close 2610.00 shares at 110.02 on 2024-10-16 14:30:00+00:00 (Exit: Stop_loss, Profit: -1853.570000000024, Duration: 1305.0 minutes)
2024-11-11 22:16:16,742 - Long Buy 182.00 shares at 108.98 on 2024-10-17 13:30:00+00:00
2024-11-11 22:16:16,742 - Long Buy 179.00 shares at 108.85 on 2024-10-17 13:45:00+00:00
2024-11-11 22:16:16,742 - Long Buy 176.00 shares at 108.37 on 2024-10-17 14:00:00+00:00
2024-11-11 22:16:16,742 - Long Buy 173.00 shares at 108.24 on 2024-10-17 14:15:00+00:00
2024-11-11 22:16:16,742 - Long Buy 169.00 shares at 108.25 on 2024-10-17 14:30:00+00:00
2024-11-11 22:16:16,742 - Long Buy 166.00 shares at 108.27 on 2024-10-17 14:45:00+00:00
2024-11-11 22:16:16,742 - Long Buy 163.00 shares at 108.05 on 2024-10-17 15:00:00+00:00
2024-11-11 22:16:16,742 - Long Buy 159.00 shares at 108.14 on 2024-10-17 15:15:00+00:00
2024-11-11 22:16:16,742 - Long Buy 156.00 shares at 108.11 on 2024-10-17 15:30:00+00:00
2024-11-11 22:16:16,742 - Long Buy 153.00 shares at 108.22 on 2024-10-17 15:45:00+00:00
2024-11-11 22:16:16,742 - Long Buy 150.00 shares at 108.52 on 2024-10-17 16:00:00+00:00
2024-11-11 22:16:16,742 - Long Buy 146.00 shares at 108.64 on 2024-10-17 16:15:00+00:00
2024-11-11 22:16:16,742 - Long Buy 143.00 shares at 108.77 on 2024-10-17 16:30:00+00:00
2024-11-11 22:16:16,742 - Long Buy 140.00 shares at 108.82 on 2024-10-17 16:45:00+00:00
2024-11-11 22:16:16,742 - Long Buy 138.00 shares at 108.7 on 2024-10-17 17:00:00+00:00
2024-11-11 22:16:16,742 - Long Buy 135.00 shares at 108.59 on 2024-10-17 17:15:00+00:00
2024-11-11 22:16:16,742 - Long Buy 133.00 shares at 108.44 on 2024-10-17 17:30:00+00:00
2024-11-11 22:16:16,742 - Long Buy 130.00 shares at 108.56 on 2024-10-17 17:45:00+00:00
2024-11-11 22:16:16,742 - Long Buy 127.00 shares at 108.61 on 2024-10-17 18:00:00+00:00
2024-11-11 22:16:16,742 - Long Buy 125.00 shares at 108.54 on 2024-10-17 18:15:00+00:00
2024-11-11 22:16:16,742 - Sell to close 3043.00 shares at 108.61 on 2024-10-17 18:30:00+00:00 (Exit: Signal, Profit: 401.89000000004955, Duration: 300.0 minutes)
2024-11-11 22:16:16,742 - Short Sell 183.00 shares at 108.78 on 2024-10-17 18:45:00+00:00
2024-11-11 22:16:16,742 - Short Sell 182.00 shares at 108.95 on 2024-10-17 19:00:00+00:00
2024-11-11 22:16:16,742 - Short Sell 182.00 shares at 109.05 on 2024-10-17 19:15:00+00:00
2024-11-11 22:16:16,742 - Short Sell 182.00 shares at 109.26 on 2024-10-17 19:30:00+00:00
2024-11-11 22:16:16,742 - Short Sell 181.00 shares at 109.46 on 2024-10-17 19:45:00+00:00
2024-11-11 22:16:16,742 - Short Sell 182.00 shares at 109.07 on 2024-10-18 13:30:00+00:00
2024-11-11 22:16:16,742 - Short Sell 183.00 shares at 108.75 on 2024-10-18 13:45:00+00:00
2024-11-11 22:16:16,742 - Buy to cover -1275.00 shares at 108.18 on 2024-10-18 14:00:00+00:00 (Exit: Profit_take, Profit: 1102.8099999999893, Duration: 1155.0 minutes)
2024-11-11 22:16:16,742 - Long Buy 184.00 shares at 108.23 on 2024-10-18 14:15:00+00:00
2024-11-11 22:16:16,743 - Sell to close 184.00 shares at 108.96 on 2024-10-18 15:30:00+00:00 (Exit: Profit_take, Profit: 134.31999999999812, Duration: 75.0 minutes)
2024-11-11 22:16:16,743 - Short Sell 182.00 shares at 109.06 on 2024-10-18 15:45:00+00:00
2024-11-11 22:16:16,743 - Short Sell 182.00 shares at 109.15 on 2024-10-18 16:00:00+00:00
2024-11-11 22:16:16,743 - Short Sell 182.00 shares at 109.34 on 2024-10-18 16:15:00+00:00
2024-11-11 22:16:16,743 - Short Sell 182.00 shares at 109.27 on 2024-10-18 16:30:00+00:00
2024-11-11 22:16:16,743 - Short Sell 182.00 shares at 109.19 on 2024-10-18 16:45:00+00:00
2024-11-11 22:16:16,743 - Short Sell 182.00 shares at 109.15 on 2024-10-18 17:00:00+00:00
2024-11-11 22:16:16,743 - Short Sell 182.00 shares at 109.16 on 2024-10-18 17:15:00+00:00
2024-11-11 22:16:16,743 - Short Sell 182.00 shares at 109.36 on 2024-10-18 17:30:00+00:00
2024-11-11 22:16:16,743 - Short Sell 182.00 shares at 109.34 on 2024-10-18 17:45:00+00:00
2024-11-11 22:16:16,743 - Short Sell 182.00 shares at 109.47 on 2024-10-18 18:00:00+00:00
2024-11-11 22:16:16,743 - Short Sell 182.00 shares at 109.35 on 2024-10-18 18:15:00+00:00
2024-11-11 22:16:16,743 - Short Sell 182.00 shares at 109.25 on 2024-10-18 18:30:00+00:00
2024-11-11 22:16:16,743 - Short Sell 182.00 shares at 109.1 on 2024-10-18 18:45:00+00:00
2024-11-11 22:16:16,743 - Short Sell 183.00 shares at 109.0 on 2024-10-18 19:00:00+00:00
2024-11-11 22:16:16,743 - Short Sell 183.00 shares at 108.86 on 2024-10-18 19:15:00+00:00
2024-11-11 22:16:16,743 - Buy to cover -2732.00 shares at 108.71 on 2024-10-18 19:30:00+00:00 (Exit: Signal, Profit: 1347.240000000032, Duration: 225.0 minutes)
2024-11-11 22:16:16,743 - Long Buy 184.00 shares at 108.48 on 2024-10-21 13:30:00+00:00
2024-11-11 22:16:16,743 - Long Buy 180.00 shares at 108.51 on 2024-10-21 13:45:00+00:00
2024-11-11 22:16:16,743 - Long Buy 177.00 shares at 107.96 on 2024-10-21 14:00:00+00:00
2024-11-11 22:16:16,743 - Long Buy 174.00 shares at 107.69 on 2024-10-21 14:15:00+00:00
2024-11-11 22:16:16,743 - Long Buy 171.00 shares at 107.59 on 2024-10-21 14:30:00+00:00
2024-11-11 22:16:16,743 - Long Buy 167.00 shares at 107.54 on 2024-10-21 14:45:00+00:00
2024-11-11 22:16:16,743 - Sell to close 1053.00 shares at 107.42 on 2024-10-21 15:00:00+00:00 (Exit: Stop_loss, Profit: -582.9099999999802, Duration: 90.0 minutes)
2024-11-11 22:16:16,744 - Long Buy 186.00 shares at 106.93 on 2024-10-22 13:30:00+00:00
2024-11-11 22:16:16,744 - Long Buy 183.00 shares at 106.92 on 2024-10-22 13:45:00+00:00
2024-11-11 22:16:16,744 - Long Buy 179.00 shares at 106.78 on 2024-10-22 14:00:00+00:00
2024-11-11 22:16:16,744 - Long Buy 176.00 shares at 106.47 on 2024-10-22 14:15:00+00:00
2024-11-11 22:16:16,744 - Sell to close 724.00 shares at 107.25 on 2024-10-22 19:30:00+00:00 (Exit: Signal, Profit: 341.32000000001085, Duration: 360.0 minutes)
2024-11-11 22:16:16,744 - Short Sell 186.00 shares at 107.34 on 2024-10-23 13:30:00+00:00
2024-11-11 22:16:16,744 - Short Sell 186.00 shares at 107.26 on 2024-10-23 14:15:00+00:00
2024-11-11 22:16:16,744 - Buy to cover -372.00 shares at 106.8 on 2024-10-23 15:00:00+00:00 (Exit: Signal, Profit: 186.0000000000053, Duration: 90.0 minutes)
2024-11-11 22:16:16,744 - Long Buy 187.00 shares at 106.69 on 2024-10-23 15:15:00+00:00
2024-11-11 22:16:16,744 - Long Buy 183.00 shares at 106.91 on 2024-10-23 15:30:00+00:00
2024-11-11 22:16:16,744 - Long Buy 179.00 shares at 106.8 on 2024-10-23 16:00:00+00:00
2024-11-11 22:16:16,744 - Long Buy 176.00 shares at 106.83 on 2024-10-23 16:15:00+00:00
2024-11-11 22:16:16,744 - Long Buy 172.00 shares at 106.8 on 2024-10-23 16:30:00+00:00
2024-11-11 22:16:16,744 - Long Buy 169.00 shares at 106.84 on 2024-10-23 16:45:00+00:00
2024-11-11 22:16:16,744 - Long Buy 166.00 shares at 106.59 on 2024-10-23 17:00:00+00:00
2024-11-11 22:16:16,744 - Long Buy 162.00 shares at 106.48 on 2024-10-23 17:15:00+00:00
2024-11-11 22:16:16,744 - Long Buy 159.00 shares at 106.48 on 2024-10-23 17:30:00+00:00
2024-11-11 22:16:16,745 - Long Buy 156.00 shares at 106.32 on 2024-10-23 17:45:00+00:00
2024-11-11 22:16:16,745 - Sell to close 1709.00 shares at 105.85 on 2024-10-23 18:00:00+00:00 (Exit: Stop_loss, Profit: -1422.6900000000405, Duration: 165.0 minutes)
2024-11-11 22:16:16,745 - Long Buy 187.00 shares at 106.53 on 2024-10-24 14:00:00+00:00
2024-11-11 22:16:16,745 - Long Buy 183.00 shares at 106.69 on 2024-10-24 15:00:00+00:00
2024-11-11 22:16:16,745 - Long Buy 179.00 shares at 106.55 on 2024-10-24 15:15:00+00:00
2024-11-11 22:16:16,745 - Long Buy 176.00 shares at 106.44 on 2024-10-24 15:30:00+00:00
2024-11-11 22:16:16,745 - Long Buy 172.00 shares at 106.39 on 2024-10-24 15:45:00+00:00
2024-11-11 22:16:16,745 - Long Buy 170.00 shares at 106.09 on 2024-10-24 16:00:00+00:00
2024-11-11 22:16:16,745 - Long Buy 166.00 shares at 106.28 on 2024-10-24 16:15:00+00:00
2024-11-11 22:16:16,745 - Long Buy 163.00 shares at 106.2 on 2024-10-24 16:30:00+00:00
2024-11-11 22:16:16,745 - Long Buy 159.00 shares at 106.19 on 2024-10-24 17:00:00+00:00
2024-11-11 22:16:16,745 - Sell to close 1555.00 shares at 106.6 on 2024-10-24 17:30:00+00:00 (Exit: Signal, Profit: 340.0599999999811, Duration: 210.0 minutes)
2024-11-11 22:16:16,745 - Short Sell 187.00 shares at 106.59 on 2024-10-24 18:00:00+00:00
2024-11-11 22:16:16,745 - Short Sell 187.00 shares at 106.62 on 2024-10-24 18:15:00+00:00
2024-11-11 22:16:16,745 - Short Sell 187.00 shares at 106.64 on 2024-10-24 19:00:00+00:00
2024-11-11 22:16:16,745 - Short Sell 187.00 shares at 106.67 on 2024-10-24 19:15:00+00:00
2024-11-11 22:16:16,745 - Short Sell 187.00 shares at 106.67 on 2024-10-24 19:30:00+00:00
2024-11-11 22:16:16,745 - Short Sell 186.00 shares at 106.73 on 2024-10-24 19:45:00+00:00
2024-11-11 22:16:16,745 - Buy to cover -1121.00 shares at 106.11 on 2024-10-25 13:30:00+00:00 (Exit: Profit_take, Profit: 608.9999999999939, Duration: 1170.0 minutes)
2024-11-11 22:16:16,745 - Short Sell 187.00 shares at 106.76 on 2024-10-25 14:00:00+00:00
2024-11-11 22:16:16,745 - Short Sell 186.00 shares at 106.86 on 2024-10-25 14:15:00+00:00
2024-11-11 22:16:16,745 - Short Sell 187.00 shares at 106.74 on 2024-10-25 14:30:00+00:00
2024-11-11 22:16:16,746 - Buy to cover -560.00 shares at 106.23 on 2024-10-25 15:15:00+00:00 (Exit: Profit_take, Profit: 311.66000000000054, Duration: 75.0 minutes)
2024-11-11 22:16:16,746 - Long Buy 188.00 shares at 105.99 on 2024-10-25 15:30:00+00:00
2024-11-11 22:16:16,746 - Long Buy 184.00 shares at 105.82 on 2024-10-25 16:00:00+00:00
2024-11-11 22:16:16,746 - Long Buy 181.00 shares at 105.98 on 2024-10-25 16:15:00+00:00
2024-11-11 22:16:16,746 - Long Buy 177.00 shares at 105.92 on 2024-10-25 16:30:00+00:00
2024-11-11 22:16:16,746 - Long Buy 174.00 shares at 105.83 on 2024-10-25 16:45:00+00:00
2024-11-11 22:16:16,746 - Long Buy 170.00 shares at 105.75 on 2024-10-25 17:00:00+00:00
2024-11-11 22:16:16,746 - Long Buy 167.00 shares at 105.7 on 2024-10-25 17:15:00+00:00
2024-11-11 22:16:16,746 - Long Buy 164.00 shares at 105.52 on 2024-10-25 17:30:00+00:00
2024-11-11 22:16:16,746 - Long Buy 161.00 shares at 105.43 on 2024-10-25 17:45:00+00:00
2024-11-11 22:16:16,746 - Long Buy 158.00 shares at 105.33 on 2024-10-25 18:00:00+00:00
2024-11-11 22:16:16,746 - Long Buy 154.00 shares at 105.56 on 2024-10-25 18:15:00+00:00
2024-11-11 22:16:16,746 - Long Buy 151.00 shares at 105.54 on 2024-10-25 18:30:00+00:00
2024-11-11 22:16:16,746 - Long Buy 148.00 shares at 105.65 on 2024-10-25 18:45:00+00:00
2024-11-11 22:16:16,746 - Long Buy 145.00 shares at 105.4 on 2024-10-25 19:00:00+00:00
2024-11-11 22:16:16,746 - Long Buy 142.00 shares at 105.39 on 2024-10-25 19:15:00+00:00
2024-11-11 22:16:16,746 - Long Buy 139.00 shares at 105.51 on 2024-10-25 19:30:00+00:00
2024-11-11 22:16:16,746 - Long Buy 137.00 shares at 105.42 on 2024-10-25 19:45:00+00:00
2024-11-11 22:16:16,746 - Sell to close 2740.00 shares at 106.2 on 2024-10-28 13:30:00+00:00 (Exit: Profit_take, Profit: 1509.5200000000423, Duration: 4200.0 minutes)
2024-11-11 22:16:16,746 - Short Sell 188.00 shares at 106.29 on 2024-10-28 14:15:00+00:00
2024-11-11 22:16:16,746 - Short Sell 188.00 shares at 106.24 on 2024-10-28 14:30:00+00:00
2024-11-11 22:16:16,746 - Short Sell 187.00 shares at 106.59 on 2024-10-28 14:45:00+00:00
2024-11-11 22:16:16,746 - Short Sell 187.00 shares at 106.78 on 2024-10-28 15:00:00+00:00
2024-11-11 22:16:16,746 - Short Sell 187.00 shares at 106.62 on 2024-10-28 15:15:00+00:00
2024-11-11 22:16:16,746 - Short Sell 187.00 shares at 106.47 on 2024-10-28 15:30:00+00:00
2024-11-11 22:16:16,746 - Short Sell 187.00 shares at 106.42 on 2024-10-28 15:45:00+00:00
2024-11-11 22:16:16,746 - Short Sell 187.00 shares at 106.59 on 2024-10-28 16:00:00+00:00
2024-11-11 22:16:16,746 - Short Sell 187.00 shares at 106.7 on 2024-10-28 16:15:00+00:00
2024-11-11 22:16:16,746 - Short Sell 187.00 shares at 106.54 on 2024-10-28 16:30:00+00:00
2024-11-11 22:16:16,746 - Short Sell 187.00 shares at 106.59 on 2024-10-28 16:45:00+00:00
2024-11-11 22:16:16,746 - Short Sell 187.00 shares at 106.48 on 2024-10-28 17:00:00+00:00
2024-11-11 22:16:16,746 - Short Sell 187.00 shares at 106.54 on 2024-10-28 17:15:00+00:00
2024-11-11 22:16:16,746 - Short Sell 187.00 shares at 106.59 on 2024-10-28 17:30:00+00:00
2024-11-11 22:16:16,747 - Short Sell 187.00 shares at 106.61 on 2024-10-28 17:45:00+00:00
2024-11-11 22:16:16,747 - Buy to cover -2807.00 shares at 106.46 on 2024-10-28 18:00:00+00:00 (Exit: Signal, Profit: 214.66000000008785, Duration: 225.0 minutes)
2024-11-11 22:16:16,747 - Long Buy 187.00 shares at 106.43 on 2024-10-28 18:15:00+00:00
2024-11-11 22:16:16,747 - Sell to close 187.00 shares at 106.78 on 2024-10-28 19:15:00+00:00 (Exit: Signal, Profit: 65.4500000000016, Duration: 60.0 minutes)
2024-11-11 22:16:16,747 - Short Sell 187.00 shares at 106.85 on 2024-10-28 19:30:00+00:00
2024-11-11 22:16:16,747 - Buy to cover -187.00 shares at 105.99 on 2024-10-29 13:30:00+00:00 (Exit: Profit_take, Profit: 160.82000000000255, Duration: 1080.0 minutes)
2024-11-11 22:16:16,747 - Long Buy 189.00 shares at 105.82 on 2024-10-29 13:45:00+00:00
2024-11-11 22:16:16,747 - Long Buy 185.00 shares at 105.67 on 2024-10-29 14:00:00+00:00
2024-11-11 22:16:16,747 - Long Buy 182.00 shares at 105.48 on 2024-10-29 14:15:00+00:00
2024-11-11 22:16:16,747 - Long Buy 177.00 shares at 105.91 on 2024-10-29 14:30:00+00:00
2024-11-11 22:16:16,747 - Long Buy 174.00 shares at 105.95 on 2024-10-29 14:45:00+00:00
2024-11-11 22:16:16,747 - Long Buy 171.00 shares at 105.77 on 2024-10-29 15:00:00+00:00
2024-11-11 22:16:16,747 - Long Buy 167.00 shares at 105.7 on 2024-10-29 15:15:00+00:00
2024-11-11 22:16:16,747 - Long Buy 164.00 shares at 105.69 on 2024-10-29 15:30:00+00:00
2024-11-11 22:16:16,747 - Long Buy 161.00 shares at 105.52 on 2024-10-29 15:45:00+00:00
2024-11-11 22:16:16,747 - Long Buy 158.00 shares at 105.61 on 2024-10-29 16:00:00+00:00
2024-11-11 22:16:16,747 - Long Buy 154.00 shares at 105.61 on 2024-10-29 16:15:00+00:00
2024-11-11 22:16:16,747 - Long Buy 151.00 shares at 105.49 on 2024-10-29 16:30:00+00:00
2024-11-11 22:16:16,747 - Long Buy 149.00 shares at 105.41 on 2024-10-29 16:45:00+00:00
2024-11-11 22:16:16,747 - Long Buy 146.00 shares at 105.45 on 2024-10-29 17:00:00+00:00
2024-11-11 22:16:16,747 - Long Buy 143.00 shares at 105.45 on 2024-10-29 17:15:00+00:00
2024-11-11 22:16:16,747 - Long Buy 140.00 shares at 105.15 on 2024-10-29 17:30:00+00:00
2024-11-11 22:16:16,747 - Long Buy 137.00 shares at 105.33 on 2024-10-29 17:45:00+00:00
2024-11-11 22:16:16,747 - Long Buy 135.00 shares at 105.22 on 2024-10-29 18:00:00+00:00
2024-11-11 22:16:16,747 - Long Buy 132.00 shares at 105.11 on 2024-10-29 18:15:00+00:00
2024-11-11 22:16:16,747 - Long Buy 129.00 shares at 105.33 on 2024-10-29 18:30:00+00:00
2024-11-11 22:16:16,747 - Long Buy 127.00 shares at 105.23 on 2024-10-29 18:45:00+00:00
2024-11-11 22:16:16,748 - Long Buy 124.00 shares at 105.05 on 2024-10-29 19:00:00+00:00
2024-11-11 22:16:16,748 - Long Buy 122.00 shares at 105.02 on 2024-10-29 19:15:00+00:00
2024-11-11 22:16:16,748 - Sell to close 3517.00 shares at 104.81 on 2024-10-29 19:30:00+00:00 (Exit: Stop_loss, Profit: -2452.6400000000926, Duration: 345.0 minutes)
2024-11-11 22:16:16,748 - Short Sell 188.00 shares at 105.7 on 2024-10-30 13:30:00+00:00
2024-11-11 22:16:16,748 - Buy to cover -188.00 shares at 106.83 on 2024-10-30 13:45:00+00:00 (Exit: Stop_loss, Profit: -212.43999999999647, Duration: 15.0 minutes)
2024-11-11 22:16:16,748 - Short Sell 189.00 shares at 105.09 on 2024-10-31 13:30:00+00:00
2024-11-11 22:16:16,748 - Short Sell 189.00 shares at 105.49 on 2024-10-31 13:45:00+00:00
2024-11-11 22:16:16,748 - Short Sell 189.00 shares at 105.28 on 2024-10-31 15:00:00+00:00
2024-11-11 22:16:16,748 - Short Sell 188.00 shares at 105.79 on 2024-10-31 15:15:00+00:00
2024-11-11 22:16:16,748 - Short Sell 189.00 shares at 105.42 on 2024-10-31 15:30:00+00:00
2024-11-11 22:16:16,748 - Short Sell 189.00 shares at 105.51 on 2024-10-31 15:45:00+00:00
2024-11-11 22:16:16,748 - Short Sell 189.00 shares at 105.47 on 2024-10-31 16:00:00+00:00
2024-11-11 22:16:16,748 - Short Sell 189.00 shares at 105.35 on 2024-10-31 16:15:00+00:00
2024-11-11 22:16:16,748 - Short Sell 189.00 shares at 105.37 on 2024-10-31 16:30:00+00:00
2024-11-11 22:16:16,748 - Short Sell 189.00 shares at 105.33 on 2024-10-31 16:45:00+00:00
2024-11-11 22:16:16,748 - Short Sell 188.00 shares at 105.65 on 2024-10-31 17:00:00+00:00
2024-11-11 22:16:16,748 - Short Sell 189.00 shares at 105.57 on 2024-10-31 17:15:00+00:00
2024-11-11 22:16:16,748 - Short Sell 189.00 shares at 105.33 on 2024-10-31 17:30:00+00:00
2024-11-11 22:16:16,748 - Short Sell 189.00 shares at 105.27 on 2024-10-31 18:45:00+00:00
2024-11-11 22:16:16,748 - Short Sell 189.00 shares at 105.3 on 2024-10-31 19:15:00+00:00
2024-11-11 22:16:16,748 - Short Sell 189.00 shares at 105.32 on 2024-10-31 19:30:00+00:00
2024-11-11 22:16:16,749 - Buy to cover -3022.00 shares at 103.4 on 2024-11-01 13:30:00+00:00 (Exit: Profit_take, Profit: 6069.819999999975, Duration: 1440.0 minutes)
2024-11-11 22:16:16,749 - Long Buy 195.00 shares at 102.64 on 2024-11-01 13:45:00+00:00
2024-11-11 22:16:16,749 - Long Buy 191.00 shares at 102.71 on 2024-11-01 14:00:00+00:00
2024-11-11 22:16:16,749 - Long Buy 188.00 shares at 102.42 on 2024-11-01 14:15:00+00:00
2024-11-11 22:16:16,749 - Long Buy 185.00 shares at 102.14 on 2024-11-01 14:30:00+00:00
2024-11-11 22:16:16,749 - Sell to close 759.00 shares at 101.57 on 2024-11-01 14:45:00+00:00 (Exit: Stop_loss, Profit: -691.6400000000111, Duration: 60.0 minutes)
2024-11-11 22:16:16,749 - Long Buy 197.00 shares at 101.86 on 2024-11-04 14:30:00+00:00
2024-11-11 22:16:16,749 - Long Buy 192.00 shares at 102.06 on 2024-11-04 14:45:00+00:00
2024-11-11 22:16:16,749 - Long Buy 189.00 shares at 101.73 on 2024-11-04 15:15:00+00:00
2024-11-11 22:16:16,749 - Long Buy 185.00 shares at 101.72 on 2024-11-04 15:30:00+00:00
2024-11-11 22:16:16,749 - Long Buy 182.00 shares at 101.38 on 2024-11-04 15:45:00+00:00
2024-11-11 22:16:16,749 - Long Buy 179.00 shares at 101.29 on 2024-11-04 16:00:00+00:00
2024-11-11 22:16:16,749 - Sell to close 1124.00 shares at 100.97 on 2024-11-04 16:15:00+00:00 (Exit: Stop_loss, Profit: -798.9000000000071, Duration: 105.0 minutes)
2024-11-11 22:16:16,749 - Long Buy 201.00 shares at 99.45 on 2024-11-05 14:30:00+00:00
2024-11-11 22:16:16,749 - Long Buy 196.00 shares at 99.85 on 2024-11-05 14:45:00+00:00
2024-11-11 22:16:16,749 - Long Buy 193.00 shares at 99.75 on 2024-11-05 15:00:00+00:00
2024-11-11 22:16:16,749 - Long Buy 189.00 shares at 99.69 on 2024-11-05 15:15:00+00:00
2024-11-11 22:16:16,749 - Long Buy 185.00 shares at 99.92 on 2024-11-05 15:30:00+00:00
2024-11-11 22:16:16,749 - Long Buy 182.00 shares at 99.52 on 2024-11-05 15:45:00+00:00
2024-11-11 22:16:16,749 - Long Buy 177.00 shares at 99.98 on 2024-11-05 16:00:00+00:00
2024-11-11 22:16:16,749 - Long Buy 174.00 shares at 100.02 on 2024-11-05 16:15:00+00:00
2024-11-11 22:16:16,750 - Sell to close 1497.00 shares at 100.35 on 2024-11-05 16:30:00+00:00 (Exit: Profit_take, Profit: 872.9599999999641, Duration: 120.0 minutes)
2024-11-11 22:16:16,750 - Long Buy 199.00 shares at 100.57 on 2024-11-05 16:45:00+00:00
2024-11-11 22:16:16,750 - Sell to close 199.00 shares at 100.81 on 2024-11-05 17:30:00+00:00 (Exit: Signal, Profit: 47.75999999999898, Duration: 45.0 minutes)
2024-11-11 22:16:16,750 - Short Sell 199.00 shares at 100.82 on 2024-11-05 17:45:00+00:00
2024-11-11 22:16:16,750 - Buy to cover -199.00 shares at 100.49 on 2024-11-05 19:45:00+00:00 (Exit: Signal, Profit: 65.67000000000249, Duration: 120.0 minutes)
2024-11-11 22:16:16,750 - Long Buy 199.00 shares at 100.41 on 2024-11-05 20:30:00+00:00
2024-11-11 22:16:16,750 - Sell to close 199.00 shares at 103.47 on 2024-11-06 14:30:00+00:00 (Exit: Profit_take, Profit: 608.9400000000005, Duration: 1080.0 minutes)
2024-11-11 22:16:16,750 - Short Sell 194.00 shares at 103.17 on 2024-11-06 14:45:00+00:00
2024-11-11 22:16:16,750 - Short Sell 193.00 shares at 103.98 on 2024-11-06 15:00:00+00:00
2024-11-11 22:16:16,750 - Buy to cover -387.00 shares at 104.49 on 2024-11-06 15:15:00+00:00 (Exit: Stop_loss, Profit: -354.5100000000017, Duration: 30.0 minutes)
2024-11-11 22:16:16,750 - Short Sell 192.00 shares at 104.4 on 2024-11-07 14:45:00+00:00
2024-11-11 22:16:16,750 - Short Sell 192.00 shares at 104.09 on 2024-11-07 15:00:00+00:00
2024-11-11 22:16:16,750 - Short Sell 192.00 shares at 104.41 on 2024-11-07 15:30:00+00:00
2024-11-11 22:16:16,750 - Short Sell 192.00 shares at 104.19 on 2024-11-07 15:45:00+00:00
2024-11-11 22:16:16,751 - Buy to cover -768.00 shares at 103.53 on 2024-11-07 16:30:00+00:00 (Exit: Profit_take, Profit: 570.2399999999943, Duration: 105.0 minutes)
2024-11-11 22:16:16,751 - Long Buy 194.00 shares at 103.27 on 2024-11-07 18:30:00+00:00
2024-11-11 22:16:16,751 - Long Buy 190.00 shares at 103.37 on 2024-11-07 18:45:00+00:00
2024-11-11 22:16:16,751 - Long Buy 186.00 shares at 103.23 on 2024-11-07 19:00:00+00:00
2024-11-11 22:16:16,751 - Sell to close 570.00 shares at 103.51 on 2024-11-07 19:30:00+00:00 (Exit: Signal, Profit: 125.23999999999617, Duration: 60.0 minutes)
2024-11-11 22:16:16,751 - Short Sell 193.00 shares at 103.8 on 2024-11-07 19:45:00+00:00
2024-11-11 22:16:16,751 - Short Sell 193.00 shares at 104.02 on 2024-11-07 20:00:00+00:00
2024-11-11 22:16:16,751 - Short Sell 193.00 shares at 103.83 on 2024-11-07 20:15:00+00:00
2024-11-11 22:16:16,751 - Short Sell 193.00 shares at 103.61 on 2024-11-07 20:30:00+00:00
2024-11-11 22:16:16,751 - Buy to cover -772.00 shares at 102.42 on 2024-11-08 14:30:00+00:00 (Exit: Profit_take, Profit: 1076.9399999999969, Duration: 1125.0 minutes)
2024-11-11 22:16:16,751 - Long Buy 197.00 shares at 101.62 on 2024-11-08 14:45:00+00:00
2024-11-11 22:16:16,751 - Sell to close 197.00 shares at 102.31 on 2024-11-08 15:00:00+00:00 (Exit: Profit_take, Profit: 135.93000000000234, Duration: 15.0 minutes)
2024-11-11 22:16:16,751 - Long Buy 197.00 shares at 102.09 on 2024-11-08 15:15:00+00:00
2024-11-11 22:16:16,751 - Long Buy 192.00 shares at 102.34 on 2024-11-08 15:30:00+00:00
2024-11-11 22:16:16,751 - Long Buy 189.00 shares at 101.94 on 2024-11-08 15:45:00+00:00
2024-11-11 22:16:16,751 - Long Buy 185.00 shares at 101.88 on 2024-11-08 16:00:00+00:00
2024-11-11 22:16:16,751 - Long Buy 181.00 shares at 102.14 on 2024-11-08 16:15:00+00:00
2024-11-11 22:16:16,751 - Long Buy 178.00 shares at 101.98 on 2024-11-08 16:30:00+00:00
2024-11-11 22:16:16,751 - Long Buy 174.00 shares at 101.99 on 2024-11-08 16:45:00+00:00
2024-11-11 22:16:16,751 - Long Buy 172.00 shares at 101.45 on 2024-11-08 17:00:00+00:00
2024-11-11 22:16:16,751 - Long Buy 168.00 shares at 101.37 on 2024-11-08 17:15:00+00:00
2024-11-11 22:16:16,751 - Sell to close 1636.00 shares at 101.27 on 2024-11-08 17:30:00+00:00 (Exit: Stop_loss, Profit: -1063.3500000000038, Duration: 135.0 minutes)
2024-11-11 22:16:16,753 - Final statisticsStock: EMN, 
total_trades: 34, 
winning_trades: 24, 
losing_trades: 10, 
average_return: 0.0023283447392736236, 
average_duration: 586.7647058823529, 
final_balance: 1004621.6900000004, 
final_portfolio_value: 1004621.6900000004, 
sharpe_ratio: -0.2557955978063045, 



