2024-11-11 22:40:22,167 - Starting GBMStrategy with initial capital: 1000000
2024-11-11 22:40:22,167 - Hyperparameters: {'threshold': 1.5, 'time_periods': 30, 'num_simulations': 150}
2024-11-11 22:41:44,047 - Long Buy 178.00 shares at 112.19 on 2024-10-11 14:30:00+00:00
2024-11-11 22:41:44,047 - Sell to close 178.00 shares at 112.49 on 2024-10-11 14:45:00+00:00 (Exit: Signal, Profit: 53.399999999999494, Duration: 15.0 minutes)
2024-11-11 22:41:44,047 - Short Sell 177.00 shares at 112.63 on 2024-10-11 15:00:00+00:00
2024-11-11 22:41:44,047 - Short Sell 177.00 shares at 112.45 on 2024-10-11 15:15:00+00:00
2024-11-11 22:41:44,047 - Short Sell 177.00 shares at 112.41 on 2024-10-11 15:30:00+00:00
2024-11-11 22:41:44,048 - Short Sell 177.00 shares at 112.46 on 2024-10-11 15:45:00+00:00
2024-11-11 22:41:44,048 - Buy to cover -708.00 shares at 112.02 on 2024-10-11 16:15:00+00:00 (Exit: Signal, Profit: 330.9900000000008, Duration: 75.0 minutes)
2024-11-11 22:41:44,048 - Long Buy 178.00 shares at 111.97 on 2024-10-11 16:30:00+00:00
2024-11-11 22:41:44,048 - Long Buy 175.00 shares at 111.99 on 2024-10-11 16:45:00+00:00
2024-11-11 22:41:44,048 - Long Buy 171.00 shares at 111.93 on 2024-10-11 17:00:00+00:00
2024-11-11 22:41:44,048 - Long Buy 168.00 shares at 112.05 on 2024-10-11 17:15:00+00:00
2024-11-11 22:41:44,048 - Sell to close 692.00 shares at 112.59 on 2024-10-11 19:00:00+00:00 (Exit: Profit_take, Profit: 418.94000000000847, Duration: 150.0 minutes)
2024-11-11 22:41:44,048 - Short Sell 177.00 shares at 112.57 on 2024-10-11 19:15:00+00:00
2024-11-11 22:41:44,048 - Buy to cover -177.00 shares at 111.65 on 2024-10-14 13:30:00+00:00 (Exit: Profit_take, Profit: 162.8399999999978, Duration: 3975.0 minutes)
2024-11-11 22:41:44,048 - Long Buy 178.00 shares at 111.88 on 2024-10-14 13:45:00+00:00
2024-11-11 22:41:44,048 - Long Buy 175.00 shares at 111.92 on 2024-10-14 14:00:00+00:00
2024-11-11 22:41:44,048 - Long Buy 171.00 shares at 111.91 on 2024-10-14 14:15:00+00:00
2024-11-11 22:41:44,048 - Sell to close 524.00 shares at 112.51 on 2024-10-14 15:00:00+00:00 (Exit: Profit_take, Profit: 317.9900000000051, Duration: 75.0 minutes)
2024-11-11 22:41:44,048 - Long Buy 178.00 shares at 112.4 on 2024-10-14 15:30:00+00:00
2024-11-11 22:41:44,048 - Sell to close 178.00 shares at 112.62 on 2024-10-14 18:00:00+00:00 (Exit: Signal, Profit: 39.1599999999998, Duration: 150.0 minutes)
2024-11-11 22:41:44,049 - Short Sell 177.00 shares at 112.68 on 2024-10-14 19:45:00+00:00
2024-11-11 22:41:44,049 - Buy to cover -177.00 shares at 110.45 on 2024-10-15 13:30:00+00:00 (Exit: Profit_take, Profit: 394.7100000000007, Duration: 1065.0 minutes)
2024-11-11 22:41:44,049 - Long Buy 181.00 shares at 110.65 on 2024-10-15 13:45:00+00:00
2024-11-11 22:41:44,049 - Long Buy 176.00 shares at 111.01 on 2024-10-15 14:00:00+00:00
2024-11-11 22:41:44,049 - Long Buy 173.00 shares at 110.96 on 2024-10-15 14:15:00+00:00
2024-11-11 22:41:44,049 - Long Buy 171.00 shares at 110.28 on 2024-10-15 14:30:00+00:00
2024-11-11 22:41:44,049 - Long Buy 167.00 shares at 110.03 on 2024-10-15 14:45:00+00:00
2024-11-11 22:41:44,049 - Long Buy 164.00 shares at 110.09 on 2024-10-15 15:00:00+00:00
2024-11-11 22:41:44,049 - Long Buy 161.00 shares at 110.23 on 2024-10-15 15:15:00+00:00
2024-11-11 22:41:44,049 - Long Buy 157.00 shares at 110.58 on 2024-10-15 15:30:00+00:00
2024-11-11 22:41:44,049 - Long Buy 154.00 shares at 110.31 on 2024-10-15 15:45:00+00:00
2024-11-11 22:41:44,049 - Long Buy 151.00 shares at 110.59 on 2024-10-15 16:00:00+00:00
2024-11-11 22:41:44,049 - Long Buy 148.00 shares at 110.6 on 2024-10-15 16:15:00+00:00
2024-11-11 22:41:44,049 - Long Buy 145.00 shares at 110.43 on 2024-10-15 16:30:00+00:00
2024-11-11 22:41:44,049 - Long Buy 142.00 shares at 110.29 on 2024-10-15 16:45:00+00:00
2024-11-11 22:41:44,049 - Long Buy 140.00 shares at 110.0 on 2024-10-15 17:00:00+00:00
2024-11-11 22:41:44,049 - Long Buy 137.00 shares at 109.95 on 2024-10-15 17:15:00+00:00
2024-11-11 22:41:44,049 - Long Buy 134.00 shares at 110.11 on 2024-10-15 17:30:00+00:00
2024-11-11 22:41:44,049 - Long Buy 131.00 shares at 109.99 on 2024-10-15 17:45:00+00:00
2024-11-11 22:41:44,049 - Sell to close 2632.00 shares at 109.84 on 2024-10-15 18:00:00+00:00 (Exit: Stop_loss, Profit: -1414.0899999999815, Duration: 255.0 minutes)
2024-11-11 22:41:44,049 - Long Buy 181.00 shares at 109.94 on 2024-10-16 13:30:00+00:00
2024-11-11 22:41:44,049 - Sell to close 181.00 shares at 110.66 on 2024-10-16 14:00:00+00:00 (Exit: Profit_take, Profit: 130.3199999999998, Duration: 30.0 minutes)
2024-11-11 22:41:44,050 - Short Sell 180.00 shares at 110.87 on 2024-10-16 17:30:00+00:00
2024-11-11 22:41:44,050 - Short Sell 180.00 shares at 110.98 on 2024-10-16 18:00:00+00:00
2024-11-11 22:41:44,050 - Short Sell 180.00 shares at 111.12 on 2024-10-16 18:15:00+00:00
2024-11-11 22:41:44,050 - Short Sell 180.00 shares at 111.01 on 2024-10-16 18:30:00+00:00
2024-11-11 22:41:44,050 - Buy to cover -720.00 shares at 110.41 on 2024-10-17 14:15:00+00:00 (Exit: Profit_take, Profit: 421.20000000001596, Duration: 1245.0 minutes)
2024-11-11 22:41:44,050 - Long Buy 181.00 shares at 110.17 on 2024-10-17 14:30:00+00:00
2024-11-11 22:41:44,050 - Long Buy 178.00 shares at 110.11 on 2024-10-17 14:45:00+00:00
2024-11-11 22:41:44,050 - Long Buy 174.00 shares at 109.95 on 2024-10-17 15:00:00+00:00
2024-11-11 22:41:44,050 - Long Buy 171.00 shares at 110.11 on 2024-10-17 15:15:00+00:00
2024-11-11 22:41:44,050 - Long Buy 167.00 shares at 110.26 on 2024-10-17 15:30:00+00:00
2024-11-11 22:41:44,050 - Long Buy 163.00 shares at 110.36 on 2024-10-17 15:45:00+00:00
2024-11-11 22:41:44,050 - Sell to close 1034.00 shares at 110.74 on 2024-10-17 16:30:00+00:00 (Exit: Profit_take, Profit: 602.5999999999972, Duration: 120.0 minutes)
2024-11-11 22:41:44,050 - Long Buy 181.00 shares at 110.35 on 2024-10-17 18:15:00+00:00
2024-11-11 22:41:44,050 - Sell to close 181.00 shares at 110.5 on 2024-10-17 18:30:00+00:00 (Exit: Signal, Profit: 27.15000000000103, Duration: 15.0 minutes)
2024-11-11 22:41:44,050 - Short Sell 181.00 shares at 110.56 on 2024-10-17 18:45:00+00:00
2024-11-11 22:41:44,050 - Short Sell 181.00 shares at 110.53 on 2024-10-17 19:00:00+00:00
2024-11-11 22:41:44,051 - Buy to cover -362.00 shares at 110.14 on 2024-10-18 13:45:00+00:00 (Exit: Signal, Profit: 146.6100000000004, Duration: 1140.0 minutes)
2024-11-11 22:41:44,051 - Long Buy 182.00 shares at 109.93 on 2024-10-18 14:00:00+00:00
2024-11-11 22:41:44,051 - Long Buy 178.00 shares at 109.95 on 2024-10-18 14:15:00+00:00
2024-11-11 22:41:44,051 - Sell to close 360.00 shares at 110.49 on 2024-10-18 15:45:00+00:00 (Exit: Profit_take, Profit: 198.0399999999986, Duration: 105.0 minutes)
2024-11-11 22:41:44,051 - Short Sell 180.00 shares at 110.73 on 2024-10-18 16:45:00+00:00
2024-11-11 22:41:44,051 - Short Sell 180.00 shares at 110.8 on 2024-10-18 17:00:00+00:00
2024-11-11 22:41:44,051 - Short Sell 181.00 shares at 110.34 on 2024-10-18 19:30:00+00:00
2024-11-11 22:41:44,051 - Short Sell 181.00 shares at 110.43 on 2024-10-18 19:45:00+00:00
2024-11-11 22:41:44,051 - Buy to cover -722.00 shares at 109.96 on 2024-10-21 14:15:00+00:00 (Exit: Profit_take, Profit: 443.650000000008, Duration: 4170.0 minutes)
2024-11-11 22:41:44,051 - Long Buy 182.00 shares at 109.96 on 2024-10-21 14:45:00+00:00
2024-11-11 22:41:44,051 - Long Buy 178.00 shares at 109.87 on 2024-10-21 15:00:00+00:00
2024-11-11 22:41:44,051 - Long Buy 175.00 shares at 109.73 on 2024-10-21 15:15:00+00:00
2024-11-11 22:41:44,051 - Long Buy 171.00 shares at 109.8 on 2024-10-21 15:30:00+00:00
2024-11-11 22:41:44,051 - Long Buy 168.00 shares at 109.95 on 2024-10-21 15:45:00+00:00
2024-11-11 22:41:44,051 - Long Buy 165.00 shares at 109.79 on 2024-10-21 16:00:00+00:00
2024-11-11 22:41:44,051 - Long Buy 161.00 shares at 109.81 on 2024-10-21 16:15:00+00:00
2024-11-11 22:41:44,051 - Long Buy 158.00 shares at 109.84 on 2024-10-21 16:30:00+00:00
2024-11-11 22:41:44,051 - Long Buy 155.00 shares at 109.91 on 2024-10-21 16:45:00+00:00
2024-11-11 22:41:44,052 - Long Buy 152.00 shares at 109.98 on 2024-10-21 17:15:00+00:00
2024-11-11 22:41:44,052 - Long Buy 149.00 shares at 109.93 on 2024-10-21 17:30:00+00:00
2024-11-11 22:41:44,052 - Long Buy 146.00 shares at 109.67 on 2024-10-21 18:00:00+00:00
2024-11-11 22:41:44,052 - Long Buy 143.00 shares at 109.75 on 2024-10-21 18:15:00+00:00
2024-11-11 22:41:44,052 - Long Buy 140.00 shares at 109.86 on 2024-10-21 18:45:00+00:00
2024-11-11 22:41:44,052 - Sell to close 2243.00 shares at 110.41 on 2024-10-21 19:45:00+00:00 (Exit: Profit_take, Profit: 1261.369999999986, Duration: 300.0 minutes)
2024-11-11 22:41:44,052 - Long Buy 184.00 shares at 109.06 on 2024-10-22 13:30:00+00:00
2024-11-11 22:41:44,052 - Long Buy 180.00 shares at 109.02 on 2024-10-22 13:45:00+00:00
2024-11-11 22:41:44,052 - Long Buy 177.00 shares at 108.66 on 2024-10-22 14:00:00+00:00
2024-11-11 22:41:44,052 - Long Buy 173.00 shares at 108.73 on 2024-10-22 14:15:00+00:00
2024-11-11 22:41:44,052 - Sell to close 714.00 shares at 109.34 on 2024-10-22 14:45:00+00:00 (Exit: Signal, Profit: 335.0100000000011, Duration: 75.0 minutes)
2024-11-11 22:41:44,052 - Short Sell 183.00 shares at 109.38 on 2024-10-22 15:00:00+00:00
2024-11-11 22:41:44,052 - Short Sell 183.00 shares at 109.54 on 2024-10-22 15:15:00+00:00
2024-11-11 22:41:44,052 - Short Sell 183.00 shares at 109.47 on 2024-10-22 15:30:00+00:00
2024-11-11 22:41:44,052 - Short Sell 183.00 shares at 109.35 on 2024-10-22 15:45:00+00:00
2024-11-11 22:41:44,052 - Short Sell 183.00 shares at 109.51 on 2024-10-22 16:00:00+00:00
2024-11-11 22:41:44,052 - Short Sell 183.00 shares at 109.67 on 2024-10-22 16:15:00+00:00
2024-11-11 22:41:44,052 - Short Sell 182.00 shares at 109.77 on 2024-10-22 16:30:00+00:00
2024-11-11 22:41:44,052 - Short Sell 182.00 shares at 109.71 on 2024-10-22 16:45:00+00:00
2024-11-11 22:41:44,052 - Short Sell 183.00 shares at 109.64 on 2024-10-22 17:00:00+00:00
2024-11-11 22:41:44,052 - Short Sell 182.00 shares at 109.69 on 2024-10-22 17:15:00+00:00
2024-11-11 22:41:44,052 - Short Sell 182.00 shares at 109.82 on 2024-10-22 17:30:00+00:00
2024-11-11 22:41:44,052 - Short Sell 182.00 shares at 109.92 on 2024-10-22 17:45:00+00:00
2024-11-11 22:41:44,052 - Short Sell 182.00 shares at 109.84 on 2024-10-22 18:00:00+00:00
2024-11-11 22:41:44,052 - Short Sell 182.00 shares at 109.74 on 2024-10-22 18:15:00+00:00
2024-11-11 22:41:44,052 - Short Sell 183.00 shares at 109.68 on 2024-10-22 18:30:00+00:00
2024-11-11 22:41:44,052 - Short Sell 183.00 shares at 109.69 on 2024-10-22 18:45:00+00:00
2024-11-11 22:41:44,053 - Short Sell 182.00 shares at 109.92 on 2024-10-22 19:00:00+00:00
2024-11-11 22:41:44,053 - Short Sell 182.00 shares at 109.84 on 2024-10-22 19:15:00+00:00
2024-11-11 22:41:44,053 - Short Sell 182.00 shares at 109.73 on 2024-10-22 19:30:00+00:00
2024-11-11 22:41:44,053 - Short Sell 183.00 shares at 109.5 on 2024-10-22 19:45:00+00:00
2024-11-11 22:41:44,053 - Buy to cover -3650.00 shares at 109.09 on 2024-10-23 14:00:00+00:00 (Exit: Profit_take, Profit: 2117.549999999961, Duration: 1380.0 minutes)
2024-11-11 22:41:44,053 - Long Buy 185.00 shares at 108.3 on 2024-10-23 15:00:00+00:00
2024-11-11 22:41:44,053 - Long Buy 182.00 shares at 108.27 on 2024-10-23 15:15:00+00:00
2024-11-11 22:41:44,053 - Long Buy 178.00 shares at 108.48 on 2024-10-23 15:30:00+00:00
2024-11-11 22:41:44,053 - Long Buy 174.00 shares at 108.52 on 2024-10-23 15:45:00+00:00
2024-11-11 22:41:44,053 - Long Buy 171.00 shares at 108.42 on 2024-10-23 16:00:00+00:00
2024-11-11 22:41:44,053 - Long Buy 167.00 shares at 108.35 on 2024-10-23 16:15:00+00:00
2024-11-11 22:41:44,053 - Long Buy 164.00 shares at 108.47 on 2024-10-23 16:30:00+00:00
2024-11-11 22:41:44,053 - Long Buy 160.00 shares at 108.69 on 2024-10-23 17:00:00+00:00
2024-11-11 22:41:44,053 - Long Buy 157.00 shares at 108.6 on 2024-10-23 17:15:00+00:00
2024-11-11 22:41:44,053 - Long Buy 154.00 shares at 108.45 on 2024-10-23 17:30:00+00:00
2024-11-11 22:41:44,053 - Long Buy 151.00 shares at 108.39 on 2024-10-23 17:45:00+00:00
2024-11-11 22:41:44,053 - Long Buy 149.00 shares at 107.93 on 2024-10-23 18:00:00+00:00
2024-11-11 22:41:44,053 - Long Buy 145.00 shares at 108.25 on 2024-10-23 18:15:00+00:00
2024-11-11 22:41:44,053 - Long Buy 142.00 shares at 108.48 on 2024-10-23 18:30:00+00:00
2024-11-11 22:41:44,053 - Long Buy 140.00 shares at 108.42 on 2024-10-23 18:45:00+00:00
2024-11-11 22:41:44,053 - Long Buy 137.00 shares at 108.44 on 2024-10-23 19:00:00+00:00
2024-11-11 22:41:44,053 - Long Buy 134.00 shares at 108.59 on 2024-10-23 19:15:00+00:00
2024-11-11 22:41:44,053 - Long Buy 131.00 shares at 108.5 on 2024-10-23 19:45:00+00:00
2024-11-11 22:41:44,053 - Long Buy 129.00 shares at 108.17 on 2024-10-24 13:30:00+00:00
2024-11-11 22:41:44,053 - Long Buy 126.00 shares at 108.41 on 2024-10-24 13:45:00+00:00
2024-11-11 22:41:44,053 - Long Buy 124.00 shares at 108.36 on 2024-10-24 14:00:00+00:00
2024-11-11 22:41:44,053 - Long Buy 121.00 shares at 108.56 on 2024-10-24 14:15:00+00:00
2024-11-11 22:41:44,053 - Long Buy 119.00 shares at 108.32 on 2024-10-24 14:30:00+00:00
2024-11-11 22:41:44,053 - Long Buy 116.00 shares at 108.43 on 2024-10-24 14:45:00+00:00
2024-11-11 22:41:44,053 - Long Buy 114.00 shares at 108.3 on 2024-10-24 15:00:00+00:00
2024-11-11 22:41:44,054 - Long Buy 112.00 shares at 108.12 on 2024-10-24 15:15:00+00:00
2024-11-11 22:41:44,054 - Long Buy 110.00 shares at 107.78 on 2024-10-24 15:30:00+00:00
2024-11-11 22:41:44,054 - Sell to close 3892.00 shares at 107.73 on 2024-10-24 15:45:00+00:00 (Exit: Stop_loss, Profit: -2526.549999999987, Duration: 1485.0 minutes)
2024-11-11 22:41:44,054 - Short Sell 185.00 shares at 108.39 on 2024-10-25 13:30:00+00:00
2024-11-11 22:41:44,054 - Short Sell 185.00 shares at 108.27 on 2024-10-25 13:45:00+00:00
2024-11-11 22:41:44,054 - Short Sell 184.00 shares at 108.82 on 2024-10-25 14:00:00+00:00
2024-11-11 22:41:44,054 - Short Sell 184.00 shares at 109.02 on 2024-10-25 14:15:00+00:00
2024-11-11 22:41:44,054 - Short Sell 184.00 shares at 108.76 on 2024-10-25 14:30:00+00:00
2024-11-11 22:41:44,054 - Short Sell 184.00 shares at 108.72 on 2024-10-25 14:45:00+00:00
2024-11-11 22:41:44,054 - Short Sell 184.00 shares at 108.87 on 2024-10-25 15:00:00+00:00
2024-11-11 22:41:44,054 - Short Sell 184.00 shares at 108.71 on 2024-10-25 15:15:00+00:00
2024-11-11 22:41:44,054 - Short Sell 184.00 shares at 108.64 on 2024-10-25 15:30:00+00:00
2024-11-11 22:41:44,054 - Short Sell 184.00 shares at 108.63 on 2024-10-25 15:45:00+00:00
2024-11-11 22:41:44,054 - Short Sell 185.00 shares at 108.47 on 2024-10-25 16:00:00+00:00
2024-11-11 22:41:44,054 - Short Sell 184.00 shares at 108.7 on 2024-10-25 16:15:00+00:00
2024-11-11 22:41:44,054 - Short Sell 184.00 shares at 108.76 on 2024-10-25 16:30:00+00:00
2024-11-11 22:41:44,054 - Short Sell 184.00 shares at 108.59 on 2024-10-25 16:45:00+00:00
2024-11-11 22:41:44,054 - Buy to cover -2579.00 shares at 108.4 on 2024-10-25 17:00:00+00:00 (Exit: Signal, Profit: 689.9299999999961, Duration: 210.0 minutes)
2024-11-11 22:41:44,054 - Long Buy 185.00 shares at 108.42 on 2024-10-25 17:15:00+00:00
2024-11-11 22:41:44,054 - Long Buy 182.00 shares at 108.08 on 2024-10-25 17:30:00+00:00
2024-11-11 22:41:44,054 - Long Buy 178.00 shares at 108.18 on 2024-10-25 17:45:00+00:00
2024-11-11 22:41:44,054 - Long Buy 174.00 shares at 108.05 on 2024-10-25 18:00:00+00:00
2024-11-11 22:41:44,054 - Long Buy 170.00 shares at 108.35 on 2024-10-25 18:15:00+00:00
2024-11-11 22:41:44,054 - Long Buy 167.00 shares at 108.26 on 2024-10-25 19:00:00+00:00
2024-11-11 22:41:44,054 - Long Buy 164.00 shares at 108.3 on 2024-10-25 19:15:00+00:00
2024-11-11 22:41:44,054 - Long Buy 161.00 shares at 108.14 on 2024-10-25 19:30:00+00:00
2024-11-11 22:41:44,055 - Long Buy 158.00 shares at 108.15 on 2024-10-25 19:45:00+00:00
2024-11-11 22:41:44,055 - Sell to close 1539.00 shares at 109.01 on 2024-10-28 13:30:00+00:00 (Exit: Profit_take, Profit: 1223.0299999999586, Duration: 4095.0 minutes)
2024-11-11 22:41:44,055 - Short Sell 184.00 shares at 109.02 on 2024-10-28 13:45:00+00:00
2024-11-11 22:41:44,055 - Short Sell 184.00 shares at 108.88 on 2024-10-28 14:00:00+00:00
2024-11-11 22:41:44,055 - Short Sell 184.00 shares at 108.96 on 2024-10-28 14:15:00+00:00
2024-11-11 22:41:44,055 - Short Sell 184.00 shares at 108.87 on 2024-10-28 14:30:00+00:00
2024-11-11 22:41:44,055 - Short Sell 184.00 shares at 108.92 on 2024-10-28 14:45:00+00:00
2024-11-11 22:41:44,055 - Short Sell 184.00 shares at 109.0 on 2024-10-28 15:00:00+00:00
2024-11-11 22:41:44,055 - Short Sell 184.00 shares at 108.91 on 2024-10-28 16:00:00+00:00
2024-11-11 22:41:44,055 - Short Sell 184.00 shares at 108.99 on 2024-10-28 16:15:00+00:00
2024-11-11 22:41:44,055 - Short Sell 184.00 shares at 108.98 on 2024-10-28 16:30:00+00:00
2024-11-11 22:41:44,055 - Short Sell 184.00 shares at 108.97 on 2024-10-28 16:45:00+00:00
2024-11-11 22:41:44,055 - Short Sell 184.00 shares at 108.93 on 2024-10-28 17:00:00+00:00
2024-11-11 22:41:44,055 - Short Sell 184.00 shares at 109.03 on 2024-10-28 17:15:00+00:00
2024-11-11 22:41:44,055 - Short Sell 184.00 shares at 109.1 on 2024-10-28 17:30:00+00:00
2024-11-11 22:41:44,055 - Short Sell 184.00 shares at 109.02 on 2024-10-28 17:45:00+00:00
2024-11-11 22:41:44,055 - Short Sell 184.00 shares at 109.05 on 2024-10-28 18:00:00+00:00
2024-11-11 22:41:44,055 - Buy to cover -2760.00 shares at 108.73 on 2024-10-28 19:45:00+00:00 (Exit: Signal, Profit: 677.1200000000431, Duration: 360.0 minutes)
2024-11-11 22:41:44,055 - Long Buy 186.00 shares at 108.17 on 2024-10-29 13:30:00+00:00
2024-11-11 22:41:44,055 - Long Buy 182.00 shares at 108.17 on 2024-10-29 13:45:00+00:00
2024-11-11 22:41:44,055 - Sell to close 368.00 shares at 109.02 on 2024-10-29 14:00:00+00:00 (Exit: Profit_take, Profit: 312.80000000000314, Duration: 30.0 minutes)
2024-11-11 22:41:44,055 - Short Sell 183.00 shares at 109.6 on 2024-10-29 14:30:00+00:00
2024-11-11 22:41:44,056 - Buy to cover -183.00 shares at 109.04 on 2024-10-29 15:00:00+00:00 (Exit: Profit_take, Profit: 102.47999999999782, Duration: 30.0 minutes)
2024-11-11 22:41:44,056 - Short Sell 183.00 shares at 109.48 on 2024-10-29 15:45:00+00:00
2024-11-11 22:41:44,056 - Short Sell 183.00 shares at 109.56 on 2024-10-29 16:00:00+00:00
2024-11-11 22:41:44,056 - Short Sell 183.00 shares at 109.44 on 2024-10-29 16:15:00+00:00
2024-11-11 22:41:44,056 - Short Sell 183.00 shares at 109.41 on 2024-10-29 16:45:00+00:00
2024-11-11 22:41:44,056 - Short Sell 184.00 shares at 109.4 on 2024-10-29 17:00:00+00:00
2024-11-11 22:41:44,056 - Short Sell 184.00 shares at 109.4 on 2024-10-29 18:15:00+00:00
2024-11-11 22:41:44,056 - Short Sell 183.00 shares at 109.59 on 2024-10-29 18:30:00+00:00
2024-11-11 22:41:44,056 - Short Sell 183.00 shares at 109.66 on 2024-10-29 18:45:00+00:00
2024-11-11 22:41:44,056 - Buy to cover -1466.00 shares at 109.52 on 2024-10-29 19:00:00+00:00 (Exit: Signal, Profit: -40.49999999999352, Duration: 195.0 minutes)
2024-11-11 22:41:44,056 - Long Buy 183.00 shares at 109.53 on 2024-10-29 19:15:00+00:00
2024-11-11 22:41:44,056 - Long Buy 180.00 shares at 109.32 on 2024-10-29 19:30:00+00:00
2024-11-11 22:41:44,056 - Long Buy 177.00 shares at 108.92 on 2024-10-29 19:45:00+00:00
2024-11-11 22:41:44,056 - Long Buy 173.00 shares at 109.24 on 2024-10-30 13:30:00+00:00
2024-11-11 22:41:44,056 - Sell to close 713.00 shares at 109.93 on 2024-10-30 14:00:00+00:00 (Exit: Profit_take, Profit: 481.1400000000087, Duration: 1125.0 minutes)
2024-11-11 22:41:44,056 - Long Buy 184.00 shares at 109.22 on 2024-10-30 15:00:00+00:00
2024-11-11 22:41:44,056 - Long Buy 180.00 shares at 109.32 on 2024-10-30 15:15:00+00:00
2024-11-11 22:41:44,056 - Long Buy 176.00 shares at 109.44 on 2024-10-30 15:30:00+00:00
2024-11-11 22:41:44,056 - Long Buy 173.00 shares at 109.35 on 2024-10-30 16:00:00+00:00
2024-11-11 22:41:44,056 - Long Buy 170.00 shares at 109.18 on 2024-10-30 16:15:00+00:00
2024-11-11 22:41:44,056 - Long Buy 167.00 shares at 108.95 on 2024-10-30 16:30:00+00:00
2024-11-11 22:41:44,056 - Long Buy 164.00 shares at 108.77 on 2024-10-30 16:45:00+00:00
2024-11-11 22:41:44,056 - Long Buy 160.00 shares at 108.95 on 2024-10-30 17:00:00+00:00
2024-11-11 22:41:44,056 - Long Buy 157.00 shares at 108.87 on 2024-10-30 17:15:00+00:00
2024-11-11 22:41:44,057 - Long Buy 154.00 shares at 108.78 on 2024-10-30 17:30:00+00:00
2024-11-11 22:41:44,057 - Long Buy 150.00 shares at 109.04 on 2024-10-30 17:45:00+00:00
2024-11-11 22:41:44,057 - Long Buy 147.00 shares at 109.19 on 2024-10-30 18:00:00+00:00
2024-11-11 22:41:44,057 - Long Buy 145.00 shares at 108.99 on 2024-10-30 18:15:00+00:00
2024-11-11 22:41:44,057 - Long Buy 142.00 shares at 108.97 on 2024-10-30 18:30:00+00:00
2024-11-11 22:41:44,057 - Long Buy 139.00 shares at 109.09 on 2024-10-30 18:45:00+00:00
2024-11-11 22:41:44,057 - Long Buy 136.00 shares at 109.09 on 2024-10-30 19:00:00+00:00
2024-11-11 22:41:44,057 - Long Buy 133.00 shares at 109.03 on 2024-10-30 19:15:00+00:00
2024-11-11 22:41:44,057 - Long Buy 131.00 shares at 109.02 on 2024-10-30 19:30:00+00:00
2024-11-11 22:41:44,057 - Long Buy 128.00 shares at 109.06 on 2024-10-30 19:45:00+00:00
2024-11-11 22:41:44,057 - Sell to close 2936.00 shares at 109.11 on 2024-10-31 13:30:00+00:00 (Exit: Signal, Profit: 97.390000000035, Duration: 1350.0 minutes)
2024-11-11 22:41:44,057 - Long Buy 185.00 shares at 108.78 on 2024-10-31 14:00:00+00:00
2024-11-11 22:41:44,057 - Long Buy 181.00 shares at 108.62 on 2024-10-31 14:15:00+00:00
2024-11-11 22:41:44,057 - Long Buy 178.00 shares at 108.42 on 2024-10-31 14:30:00+00:00
2024-11-11 22:41:44,057 - Long Buy 174.00 shares at 108.34 on 2024-10-31 14:45:00+00:00
2024-11-11 22:41:44,057 - Long Buy 171.00 shares at 108.31 on 2024-10-31 15:00:00+00:00
2024-11-11 22:41:44,057 - Long Buy 168.00 shares at 108.08 on 2024-10-31 15:15:00+00:00
2024-11-11 22:41:44,057 - Long Buy 165.00 shares at 108.04 on 2024-10-31 15:30:00+00:00
2024-11-11 22:41:44,057 - Long Buy 161.00 shares at 108.11 on 2024-10-31 15:45:00+00:00
2024-11-11 22:41:44,057 - Long Buy 158.00 shares at 108.31 on 2024-10-31 16:00:00+00:00
2024-11-11 22:41:44,057 - Long Buy 154.00 shares at 108.51 on 2024-10-31 16:15:00+00:00
2024-11-11 22:41:44,057 - Long Buy 151.00 shares at 108.55 on 2024-10-31 16:30:00+00:00
2024-11-11 22:41:44,057 - Long Buy 148.00 shares at 108.6 on 2024-10-31 16:45:00+00:00
2024-11-11 22:41:44,057 - Long Buy 145.00 shares at 108.77 on 2024-10-31 17:00:00+00:00
2024-11-11 22:41:44,057 - Long Buy 142.00 shares at 108.52 on 2024-10-31 17:15:00+00:00
2024-11-11 22:41:44,057 - Long Buy 140.00 shares at 108.52 on 2024-10-31 17:30:00+00:00
2024-11-11 22:41:44,057 - Long Buy 137.00 shares at 108.55 on 2024-10-31 17:45:00+00:00
2024-11-11 22:41:44,057 - Long Buy 134.00 shares at 108.5 on 2024-10-31 18:00:00+00:00
2024-11-11 22:41:44,057 - Long Buy 131.00 shares at 108.4 on 2024-10-31 18:15:00+00:00
2024-11-11 22:41:44,057 - Long Buy 129.00 shares at 108.41 on 2024-10-31 18:30:00+00:00
2024-11-11 22:41:44,057 - Long Buy 126.00 shares at 108.48 on 2024-10-31 18:45:00+00:00
2024-11-11 22:41:44,057 - Long Buy 124.00 shares at 108.52 on 2024-10-31 19:00:00+00:00
2024-11-11 22:41:44,058 - Long Buy 121.00 shares at 108.48 on 2024-10-31 19:15:00+00:00
2024-11-11 22:41:44,058 - Long Buy 119.00 shares at 108.33 on 2024-10-31 19:30:00+00:00
2024-11-11 22:41:44,058 - Long Buy 117.00 shares at 108.25 on 2024-10-31 19:45:00+00:00
2024-11-11 22:41:44,058 - Long Buy 114.00 shares at 108.68 on 2024-11-01 13:30:00+00:00
2024-11-11 22:41:44,058 - Sell to close 3673.00 shares at 109.25 on 2024-11-01 14:00:00+00:00 (Exit: Profit_take, Profit: 2975.6699999999764, Duration: 1440.0 minutes)
2024-11-11 22:41:44,058 - Long Buy 185.00 shares at 108.89 on 2024-11-01 14:30:00+00:00
2024-11-11 22:41:44,058 - Long Buy 181.00 shares at 108.87 on 2024-11-01 14:45:00+00:00
2024-11-11 22:41:44,058 - Long Buy 178.00 shares at 108.72 on 2024-11-01 15:00:00+00:00
2024-11-11 22:41:44,058 - Long Buy 174.00 shares at 108.72 on 2024-11-01 15:15:00+00:00
2024-11-11 22:41:44,058 - Long Buy 171.00 shares at 108.51 on 2024-11-01 15:30:00+00:00
2024-11-11 22:41:44,058 - Long Buy 168.00 shares at 108.38 on 2024-11-01 15:45:00+00:00
2024-11-11 22:41:44,058 - Long Buy 165.00 shares at 108.42 on 2024-11-01 16:00:00+00:00
2024-11-11 22:41:44,058 - Long Buy 161.00 shares at 108.41 on 2024-11-01 16:15:00+00:00
2024-11-11 22:41:44,058 - Long Buy 158.00 shares at 108.29 on 2024-11-01 16:30:00+00:00
2024-11-11 22:41:44,058 - Long Buy 155.00 shares at 108.32 on 2024-11-01 16:45:00+00:00
2024-11-11 22:41:44,058 - Long Buy 152.00 shares at 108.43 on 2024-11-01 17:00:00+00:00
2024-11-11 22:41:44,058 - Long Buy 149.00 shares at 108.51 on 2024-11-01 17:15:00+00:00
2024-11-11 22:41:44,058 - Long Buy 146.00 shares at 108.19 on 2024-11-01 17:30:00+00:00
2024-11-11 22:41:44,058 - Long Buy 143.00 shares at 108.25 on 2024-11-01 17:45:00+00:00
2024-11-11 22:41:44,058 - Long Buy 140.00 shares at 108.23 on 2024-11-01 18:00:00+00:00
2024-11-11 22:41:44,058 - Long Buy 137.00 shares at 108.27 on 2024-11-01 18:15:00+00:00
2024-11-11 22:41:44,058 - Long Buy 135.00 shares at 108.34 on 2024-11-01 18:30:00+00:00
2024-11-11 22:41:44,058 - Long Buy 132.00 shares at 108.46 on 2024-11-01 18:45:00+00:00
2024-11-11 22:41:44,058 - Long Buy 129.00 shares at 108.66 on 2024-11-01 19:00:00+00:00
2024-11-11 22:41:44,058 - Long Buy 126.00 shares at 108.57 on 2024-11-01 19:15:00+00:00
2024-11-11 22:41:44,058 - Long Buy 124.00 shares at 108.64 on 2024-11-01 19:30:00+00:00
2024-11-11 22:41:44,058 - Long Buy 122.00 shares at 108.44 on 2024-11-01 19:45:00+00:00
2024-11-11 22:41:44,058 - Sell to close 3331.00 shares at 109.86 on 2024-11-04 14:30:00+00:00 (Exit: Profit_take, Profit: 4567.67, Duration: 4320.0 minutes)
2024-11-11 22:41:44,058 - Short Sell 183.00 shares at 110.7 on 2024-11-04 14:45:00+00:00
2024-11-11 22:41:44,058 - Buy to cover -183.00 shares at 110.08 on 2024-11-04 15:00:00+00:00 (Exit: Profit_take, Profit: 113.46000000000343, Duration: 15.0 minutes)
2024-11-11 22:41:44,059 - Short Sell 184.00 shares at 109.71 on 2024-11-04 15:15:00+00:00
2024-11-11 22:41:44,059 - Short Sell 184.00 shares at 109.78 on 2024-11-04 15:30:00+00:00
2024-11-11 22:41:44,059 - Buy to cover -368.00 shares at 109.04 on 2024-11-04 16:30:00+00:00 (Exit: Profit_take, Profit: 259.4399999999994, Duration: 75.0 minutes)
2024-11-11 22:41:44,059 - Long Buy 186.00 shares at 109.12 on 2024-11-04 16:45:00+00:00
2024-11-11 22:41:44,059 - Long Buy 183.00 shares at 108.66 on 2024-11-04 17:00:00+00:00
2024-11-11 22:41:44,059 - Sell to close 369.00 shares at 109.46 on 2024-11-04 17:30:00+00:00 (Exit: Profit_take, Profit: 209.6399999999981, Duration: 45.0 minutes)
2024-11-11 22:41:44,059 - Short Sell 185.00 shares at 109.54 on 2024-11-04 18:15:00+00:00
2024-11-11 22:41:44,059 - Short Sell 185.00 shares at 109.54 on 2024-11-04 18:30:00+00:00
2024-11-11 22:41:44,059 - Short Sell 184.00 shares at 109.88 on 2024-11-04 19:00:00+00:00
2024-11-11 22:41:44,059 - Short Sell 184.00 shares at 109.74 on 2024-11-04 19:15:00+00:00
2024-11-11 22:41:44,059 - Short Sell 184.00 shares at 109.81 on 2024-11-04 19:30:00+00:00
2024-11-11 22:41:44,059 - Short Sell 184.00 shares at 109.78 on 2024-11-04 19:45:00+00:00
2024-11-11 22:41:44,059 - Short Sell 184.00 shares at 109.81 on 2024-11-04 20:00:00+00:00
2024-11-11 22:41:44,059 - Short Sell 184.00 shares at 109.78 on 2024-11-04 20:15:00+00:00
2024-11-11 22:41:44,059 - Short Sell 185.00 shares at 109.74 on 2024-11-04 20:30:00+00:00
2024-11-11 22:41:44,059 - Short Sell 184.00 shares at 109.8 on 2024-11-04 20:45:00+00:00
2024-11-11 22:41:44,059 - Buy to cover -1843.00 shares at 119.04 on 2024-11-05 14:30:00+00:00 (Exit: Stop_loss, Profit: -17136.619999999995, Duration: 1215.0 minutes)
2024-11-11 22:41:44,059 - Short Sell 159.00 shares at 125.38 on 2024-11-06 14:30:00+00:00
2024-11-11 22:41:44,059 - Short Sell 159.00 shares at 125.25 on 2024-11-06 14:45:00+00:00
2024-11-11 22:41:44,059 - Short Sell 159.00 shares at 125.52 on 2024-11-06 15:00:00+00:00
2024-11-11 22:41:44,060 - Short Sell 158.00 shares at 126.14 on 2024-11-06 15:15:00+00:00
2024-11-11 22:41:44,060 - Short Sell 158.00 shares at 126.19 on 2024-11-06 15:30:00+00:00
2024-11-11 22:41:44,060 - Short Sell 157.00 shares at 126.39 on 2024-11-06 15:45:00+00:00
2024-11-11 22:41:44,060 - Short Sell 158.00 shares at 125.94 on 2024-11-06 16:00:00+00:00
2024-11-11 22:41:44,060 - Short Sell 158.00 shares at 125.92 on 2024-11-06 16:15:00+00:00
2024-11-11 22:41:44,060 - Short Sell 157.00 shares at 126.47 on 2024-11-06 16:30:00+00:00
2024-11-11 22:41:44,060 - Short Sell 158.00 shares at 125.9 on 2024-11-06 16:45:00+00:00
2024-11-11 22:41:44,060 - Short Sell 158.00 shares at 126.11 on 2024-11-06 17:00:00+00:00
2024-11-11 22:41:44,060 - Short Sell 158.00 shares at 125.95 on 2024-11-06 17:15:00+00:00
2024-11-11 22:41:44,060 - Buy to cover -1897.00 shares at 126.78 on 2024-11-06 17:30:00+00:00 (Exit: Stop_loss, Profit: -1615.0899999999842, Duration: 180.0 minutes)
2024-11-11 22:41:44,060 - Long Buy 159.00 shares at 124.71 on 2024-11-07 14:30:00+00:00
2024-11-11 22:41:44,060 - Sell to close 159.00 shares at 125.63 on 2024-11-07 14:45:00+00:00 (Exit: Profit_take, Profit: 146.28000000000026, Duration: 15.0 minutes)
2024-11-11 22:41:44,060 - Long Buy 158.00 shares at 125.82 on 2024-11-07 15:00:00+00:00
2024-11-11 22:41:44,060 - Long Buy 155.00 shares at 125.55 on 2024-11-07 15:15:00+00:00
2024-11-11 22:41:44,060 - Long Buy 152.00 shares at 125.83 on 2024-11-07 15:30:00+00:00
2024-11-11 22:41:44,060 - Long Buy 148.00 shares at 125.93 on 2024-11-07 15:45:00+00:00
2024-11-11 22:41:44,060 - Long Buy 147.00 shares at 125.08 on 2024-11-07 16:00:00+00:00
2024-11-11 22:41:44,060 - Long Buy 143.00 shares at 125.27 on 2024-11-07 16:15:00+00:00
2024-11-11 22:41:44,060 - Long Buy 140.00 shares at 125.93 on 2024-11-07 16:30:00+00:00
2024-11-11 22:41:44,060 - Long Buy 137.00 shares at 126.23 on 2024-11-07 16:45:00+00:00
2024-11-11 22:41:44,060 - Long Buy 134.00 shares at 126.31 on 2024-11-07 17:00:00+00:00
2024-11-11 22:41:44,060 - Long Buy 131.00 shares at 126.3 on 2024-11-07 17:15:00+00:00
2024-11-11 22:41:44,060 - Sell to close 1445.00 shares at 126.45 on 2024-11-07 17:30:00+00:00 (Exit: Profit_take, Profit: 921.7200000000022, Duration: 150.0 minutes)
2024-11-11 22:41:44,061 - Long Buy 157.00 shares at 126.77 on 2024-11-07 19:30:00+00:00
2024-11-11 22:41:44,061 - Sell to close 157.00 shares at 127.08 on 2024-11-07 19:45:00+00:00 (Exit: Signal, Profit: 48.67000000000036, Duration: 15.0 minutes)
2024-11-11 22:41:44,061 - Short Sell 156.00 shares at 127.18 on 2024-11-07 20:00:00+00:00
2024-11-11 22:41:44,061 - Short Sell 156.00 shares at 127.22 on 2024-11-07 20:15:00+00:00
2024-11-11 22:41:44,061 - Short Sell 156.00 shares at 127.21 on 2024-11-07 20:30:00+00:00
2024-11-11 22:41:44,061 - Short Sell 156.00 shares at 127.65 on 2024-11-08 14:45:00+00:00
2024-11-11 22:41:44,061 - Short Sell 156.00 shares at 127.53 on 2024-11-08 15:00:00+00:00
2024-11-11 22:41:44,061 - Short Sell 155.00 shares at 128.24 on 2024-11-08 15:15:00+00:00
2024-11-11 22:41:44,061 - Short Sell 155.00 shares at 128.32 on 2024-11-08 15:30:00+00:00
2024-11-11 22:41:44,061 - Short Sell 155.00 shares at 128.35 on 2024-11-08 15:45:00+00:00
2024-11-11 22:41:44,061 - Short Sell 155.00 shares at 127.95 on 2024-11-08 16:00:00+00:00
2024-11-11 22:41:44,061 - Short Sell 156.00 shares at 127.8 on 2024-11-08 16:15:00+00:00
2024-11-11 22:41:44,061 - Short Sell 156.00 shares at 127.62 on 2024-11-08 16:30:00+00:00
2024-11-11 22:41:44,061 - Short Sell 156.00 shares at 127.73 on 2024-11-08 16:45:00+00:00
2024-11-11 22:41:44,061 - Short Sell 156.00 shares at 127.81 on 2024-11-08 17:00:00+00:00
2024-11-11 22:41:44,061 - Short Sell 155.00 shares at 127.9 on 2024-11-08 17:15:00+00:00
2024-11-11 22:41:44,061 - Short Sell 155.00 shares at 127.88 on 2024-11-08 17:30:00+00:00
2024-11-11 22:41:44,061 - Short Sell 156.00 shares at 127.38 on 2024-11-08 20:30:00+00:00
2024-11-11 22:41:44,063 - Final statisticsStock: EMR, 
total_trades: 37, 
winning_trades: 32, 
losing_trades: 5, 
average_return: 0.0020579437595234368, 
average_duration: 829.4594594594595, 
final_balance: 1315554.5999999999, 
final_portfolio_value: 998677.1999999998, 
sharpe_ratio: 9.181534056718805, 



