2024-11-11 19:28:04,895 - Starting GBMStrategy with initial capital: 1000000
2024-11-11 19:28:04,895 - Hyperparameters: {'threshold': 1.5, 'time_periods': 30, 'num_simulations': 150}
2024-11-11 19:31:12,273 - Long Buy 505.00 shares at 39.55 on 2024-10-11 14:30:00+00:00
2024-11-11 19:31:12,275 - Sell to close 505.00 shares at 39.65 on 2024-10-11 14:45:00+00:00 (Exit: Signal, Profit: 50.50000000000072, Duration: 15.0 minutes)
2024-11-11 19:31:12,275 - Short Sell 503.00 shares at 39.71 on 2024-10-11 15:00:00+00:00
2024-11-11 19:31:12,275 - Short Sell 503.00 shares at 39.73 on 2024-10-11 15:15:00+00:00
2024-11-11 19:31:12,275 - Short Sell 502.00 shares at 39.82 on 2024-10-11 15:30:00+00:00
2024-11-11 19:31:12,275 - Short Sell 501.00 shares at 39.86 on 2024-10-11 15:45:00+00:00
2024-11-11 19:31:12,275 - Short Sell 501.00 shares at 39.9 on 2024-10-11 16:00:00+00:00
2024-11-11 19:31:12,275 - Short Sell 501.00 shares at 39.88 on 2024-10-11 16:15:00+00:00
2024-11-11 19:31:12,275 - Short Sell 501.00 shares at 39.9 on 2024-10-11 16:30:00+00:00
2024-11-11 19:31:12,275 - Short Sell 501.00 shares at 39.91 on 2024-10-11 16:45:00+00:00
2024-11-11 19:31:12,275 - Short Sell 501.00 shares at 39.89 on 2024-10-11 17:00:00+00:00
2024-11-11 19:31:12,275 - Short Sell 501.00 shares at 39.87 on 2024-10-11 17:15:00+00:00
2024-11-11 19:31:12,275 - Short Sell 501.00 shares at 39.89 on 2024-10-11 17:30:00+00:00
2024-11-11 19:31:12,275 - Short Sell 502.00 shares at 39.82 on 2024-10-11 17:45:00+00:00
2024-11-11 19:31:12,275 - Short Sell 501.00 shares at 39.88 on 2024-10-11 18:00:00+00:00
2024-11-11 19:31:12,275 - Short Sell 501.00 shares at 39.86 on 2024-10-11 18:15:00+00:00
2024-11-11 19:31:12,275 - Short Sell 501.00 shares at 39.86 on 2024-10-11 18:30:00+00:00
2024-11-11 19:31:12,275 - Short Sell 501.00 shares at 39.89 on 2024-10-11 18:45:00+00:00
2024-11-11 19:31:12,275 - Short Sell 501.00 shares at 39.89 on 2024-10-11 19:00:00+00:00
2024-11-11 19:31:12,275 - Short Sell 501.00 shares at 39.89 on 2024-10-11 19:15:00+00:00
2024-11-11 19:31:12,275 - Short Sell 502.00 shares at 39.83 on 2024-10-11 19:30:00+00:00
2024-11-11 19:31:12,275 - Short Sell 503.00 shares at 39.75 on 2024-10-11 19:45:00+00:00
2024-11-11 19:31:12,275 - Short Sell 503.00 shares at 39.77 on 2024-10-14 13:30:00+00:00
2024-11-11 19:31:12,275 - Short Sell 501.00 shares at 39.9 on 2024-10-14 13:45:00+00:00
2024-11-11 19:31:12,275 - Short Sell 499.00 shares at 39.98 on 2024-10-14 14:00:00+00:00
2024-11-11 19:31:12,275 - Short Sell 499.00 shares at 40.0 on 2024-10-14 14:15:00+00:00
2024-11-11 19:31:12,275 - Short Sell 499.00 shares at 39.98 on 2024-10-14 14:30:00+00:00
2024-11-11 19:31:12,275 - Short Sell 499.00 shares at 39.96 on 2024-10-14 14:45:00+00:00
2024-11-11 19:31:12,275 - Short Sell 502.00 shares at 39.85 on 2024-10-14 15:00:00+00:00
2024-11-11 19:31:12,275 - Short Sell 500.00 shares at 39.92 on 2024-10-14 15:15:00+00:00
2024-11-11 19:31:12,275 - Short Sell 499.00 shares at 40.0 on 2024-10-14 15:30:00+00:00
2024-11-11 19:31:12,275 - Short Sell 499.00 shares at 39.98 on 2024-10-14 15:45:00+00:00
2024-11-11 19:31:12,275 - Short Sell 500.00 shares at 39.95 on 2024-10-14 16:00:00+00:00
2024-11-11 19:31:12,276 - Short Sell 498.00 shares at 40.03 on 2024-10-14 16:45:00+00:00
2024-11-11 19:31:12,276 - Short Sell 498.00 shares at 40.01 on 2024-10-14 17:00:00+00:00
2024-11-11 19:31:12,276 - Short Sell 499.00 shares at 39.98 on 2024-10-14 17:15:00+00:00
2024-11-11 19:31:12,276 - Buy to cover -17024.00 shares at 39.83 on 2024-10-14 18:30:00+00:00 (Exit: Signal, Profit: 1057.9100000003064, Duration: 4530.0 minutes)
2024-11-11 19:31:12,276 - Short Sell 497.00 shares at 40.28 on 2024-10-15 13:30:00+00:00
2024-11-11 19:31:12,276 - Short Sell 496.00 shares at 40.34 on 2024-10-15 13:45:00+00:00
2024-11-11 19:31:12,276 - Short Sell 495.00 shares at 40.41 on 2024-10-15 14:00:00+00:00
2024-11-11 19:31:12,276 - Short Sell 492.00 shares at 40.66 on 2024-10-15 14:15:00+00:00
2024-11-11 19:31:12,276 - Buy to cover -1980.00 shares at 40.71 on 2024-10-15 14:30:00+00:00 (Exit: Stop_loss, Profit: -570.329999999999, Duration: 60.0 minutes)
2024-11-11 19:31:12,276 - Short Sell 490.00 shares at 40.79 on 2024-10-16 13:30:00+00:00
2024-11-11 19:31:12,276 - Short Sell 490.00 shares at 40.8 on 2024-10-16 13:45:00+00:00
2024-11-11 19:31:12,276 - Short Sell 490.00 shares at 40.77 on 2024-10-16 14:45:00+00:00
2024-11-11 19:31:12,276 - Short Sell 490.00 shares at 40.8 on 2024-10-16 16:00:00+00:00
2024-11-11 19:31:12,276 - Short Sell 490.00 shares at 40.83 on 2024-10-16 16:30:00+00:00
2024-11-11 19:31:12,276 - Short Sell 489.00 shares at 40.86 on 2024-10-16 16:45:00+00:00
2024-11-11 19:31:12,276 - Short Sell 489.00 shares at 40.9 on 2024-10-16 17:00:00+00:00
2024-11-11 19:31:12,276 - Short Sell 489.00 shares at 40.88 on 2024-10-16 17:15:00+00:00
2024-11-11 19:31:12,277 - Buy to cover -3917.00 shares at 40.88 on 2024-10-16 17:30:00+00:00 (Exit: Signal, Profit: -200.90000000001754, Duration: 240.0 minutes)
2024-11-11 19:31:12,277 - Short Sell 488.00 shares at 40.98 on 2024-10-16 19:45:00+00:00
2024-11-11 19:31:12,277 - Short Sell 487.00 shares at 41.05 on 2024-10-17 13:45:00+00:00
2024-11-11 19:31:12,277 - Buy to cover -975.00 shares at 40.75 on 2024-10-17 15:30:00+00:00 (Exit: Profit_take, Profit: 258.3399999999978, Duration: 1185.0 minutes)
2024-11-11 19:31:12,277 - Long Buy 491.00 shares at 40.75 on 2024-10-17 15:45:00+00:00
2024-11-11 19:31:12,277 - Long Buy 481.00 shares at 40.75 on 2024-10-17 16:00:00+00:00
2024-11-11 19:31:12,277 - Long Buy 471.00 shares at 40.77 on 2024-10-17 17:00:00+00:00
2024-11-11 19:31:12,277 - Long Buy 462.00 shares at 40.73 on 2024-10-17 17:15:00+00:00
2024-11-11 19:31:12,277 - Long Buy 452.00 shares at 40.76 on 2024-10-17 17:30:00+00:00
2024-11-11 19:31:12,277 - Long Buy 443.00 shares at 40.75 on 2024-10-17 17:45:00+00:00
2024-11-11 19:31:12,277 - Long Buy 435.00 shares at 40.72 on 2024-10-17 18:00:00+00:00
2024-11-11 19:31:12,277 - Long Buy 426.00 shares at 40.71 on 2024-10-17 18:15:00+00:00
2024-11-11 19:31:12,277 - Sell to close 3661.00 shares at 40.75 on 2024-10-17 18:30:00+00:00 (Exit: Signal, Profit: 25.390000000004875, Duration: 165.0 minutes)
2024-11-11 19:31:12,277 - Short Sell 490.00 shares at 40.76 on 2024-10-17 18:45:00+00:00
2024-11-11 19:31:12,277 - Short Sell 490.00 shares at 40.82 on 2024-10-17 19:00:00+00:00
2024-11-11 19:31:12,277 - Short Sell 489.00 shares at 40.84 on 2024-10-17 19:15:00+00:00
2024-11-11 19:31:12,277 - Short Sell 489.00 shares at 40.84 on 2024-10-17 19:30:00+00:00
2024-11-11 19:31:12,277 - Short Sell 490.00 shares at 40.78 on 2024-10-17 19:45:00+00:00
2024-11-11 19:31:12,277 - Buy to cover -2448.00 shares at 40.57 on 2024-10-18 13:30:00+00:00 (Exit: Profit_take, Profit: 582.5600000000036, Duration: 1125.0 minutes)
2024-11-11 19:31:12,278 - Short Sell 489.00 shares at 40.89 on 2024-10-18 15:00:00+00:00
2024-11-11 19:31:12,278 - Short Sell 489.00 shares at 40.88 on 2024-10-18 15:15:00+00:00
2024-11-11 19:31:12,278 - Short Sell 489.00 shares at 40.93 on 2024-10-18 15:30:00+00:00
2024-11-11 19:31:12,278 - Short Sell 489.00 shares at 40.92 on 2024-10-18 15:45:00+00:00
2024-11-11 19:31:12,278 - Short Sell 489.00 shares at 40.91 on 2024-10-18 16:00:00+00:00
2024-11-11 19:31:12,278 - Short Sell 489.00 shares at 40.87 on 2024-10-18 16:15:00+00:00
2024-11-11 19:31:12,278 - Short Sell 489.00 shares at 40.93 on 2024-10-18 16:30:00+00:00
2024-11-11 19:31:12,278 - Short Sell 489.00 shares at 40.94 on 2024-10-18 16:45:00+00:00
2024-11-11 19:31:12,278 - Short Sell 487.00 shares at 41.02 on 2024-10-18 17:00:00+00:00
2024-11-11 19:31:12,278 - Short Sell 488.00 shares at 40.98 on 2024-10-18 17:15:00+00:00
2024-11-11 19:31:12,278 - Short Sell 488.00 shares at 40.97 on 2024-10-18 17:30:00+00:00
2024-11-11 19:31:12,278 - Short Sell 489.00 shares at 40.94 on 2024-10-18 17:45:00+00:00
2024-11-11 19:31:12,278 - Short Sell 487.00 shares at 41.02 on 2024-10-18 18:00:00+00:00
2024-11-11 19:31:12,278 - Short Sell 486.00 shares at 41.11 on 2024-10-18 18:15:00+00:00
2024-11-11 19:31:12,278 - Short Sell 487.00 shares at 41.07 on 2024-10-18 18:30:00+00:00
2024-11-11 19:31:12,278 - Short Sell 487.00 shares at 41.07 on 2024-10-18 18:45:00+00:00
2024-11-11 19:31:12,278 - Short Sell 488.00 shares at 41.0 on 2024-10-18 19:00:00+00:00
2024-11-11 19:31:12,278 - Short Sell 488.00 shares at 40.97 on 2024-10-18 19:15:00+00:00
2024-11-11 19:31:12,278 - Short Sell 488.00 shares at 40.99 on 2024-10-18 19:30:00+00:00
2024-11-11 19:31:12,278 - Buy to cover -9275.00 shares at 40.86 on 2024-10-21 13:45:00+00:00 (Exit: Signal, Profit: 1009.3900000000322, Duration: 4245.0 minutes)
2024-11-11 19:31:12,278 - Long Buy 490.00 shares at 40.86 on 2024-10-21 14:00:00+00:00
2024-11-11 19:31:12,278 - Long Buy 481.00 shares at 40.83 on 2024-10-21 14:15:00+00:00
2024-11-11 19:31:12,278 - Long Buy 470.00 shares at 40.89 on 2024-10-21 14:30:00+00:00
2024-11-11 19:31:12,278 - Long Buy 462.00 shares at 40.75 on 2024-10-21 14:45:00+00:00
2024-11-11 19:31:12,278 - Long Buy 455.00 shares at 40.6 on 2024-10-21 15:00:00+00:00
2024-11-11 19:31:12,278 - Long Buy 446.00 shares at 40.6 on 2024-10-21 15:15:00+00:00
2024-11-11 19:31:12,278 - Long Buy 437.00 shares at 40.63 on 2024-10-21 15:30:00+00:00
2024-11-11 19:31:12,278 - Long Buy 427.00 shares at 40.67 on 2024-10-21 15:45:00+00:00
2024-11-11 19:31:12,278 - Long Buy 419.00 shares at 40.63 on 2024-10-21 16:00:00+00:00
2024-11-11 19:31:12,278 - Long Buy 411.00 shares at 40.66 on 2024-10-21 16:15:00+00:00
2024-11-11 19:31:12,278 - Long Buy 402.00 shares at 40.66 on 2024-10-21 16:30:00+00:00
2024-11-11 19:31:12,278 - Long Buy 394.00 shares at 40.65 on 2024-10-21 16:45:00+00:00
2024-11-11 19:31:12,278 - Long Buy 387.00 shares at 40.65 on 2024-10-21 17:00:00+00:00
2024-11-11 19:31:12,279 - Long Buy 379.00 shares at 40.66 on 2024-10-21 17:15:00+00:00
2024-11-11 19:31:12,279 - Long Buy 371.00 shares at 40.63 on 2024-10-21 17:30:00+00:00
2024-11-11 19:31:12,279 - Long Buy 364.00 shares at 40.59 on 2024-10-21 17:45:00+00:00
2024-11-11 19:31:12,279 - Long Buy 357.00 shares at 40.6 on 2024-10-21 18:00:00+00:00
2024-11-11 19:31:12,279 - Long Buy 350.00 shares at 40.62 on 2024-10-21 18:15:00+00:00
2024-11-11 19:31:12,279 - Long Buy 343.00 shares at 40.63 on 2024-10-21 18:30:00+00:00
2024-11-11 19:31:12,279 - Long Buy 336.00 shares at 40.63 on 2024-10-21 18:45:00+00:00
2024-11-11 19:31:12,279 - Long Buy 329.00 shares at 40.65 on 2024-10-21 19:00:00+00:00
2024-11-11 19:31:12,279 - Long Buy 322.00 shares at 40.65 on 2024-10-21 19:15:00+00:00
2024-11-11 19:31:12,279 - Long Buy 316.00 shares at 40.59 on 2024-10-21 19:30:00+00:00
2024-11-11 19:31:12,279 - Long Buy 311.00 shares at 40.52 on 2024-10-21 19:45:00+00:00
2024-11-11 19:31:12,279 - Sell to close 9459.00 shares at 40.29 on 2024-10-22 13:30:00+00:00 (Exit: Stop_loss, Profit: -3581.429999999898, Duration: 1410.0 minutes)
2024-11-11 19:31:12,279 - Short Sell 492.00 shares at 40.58 on 2024-10-23 13:30:00+00:00
2024-11-11 19:31:12,279 - Buy to cover -492.00 shares at 40.49 on 2024-10-23 15:00:00+00:00 (Exit: Signal, Profit: 44.27999999999818, Duration: 90.0 minutes)
2024-11-11 19:31:12,279 - Short Sell 492.00 shares at 40.59 on 2024-10-23 15:30:00+00:00
2024-11-11 19:31:12,279 - Short Sell 492.00 shares at 40.59 on 2024-10-23 15:45:00+00:00
2024-11-11 19:31:12,279 - Short Sell 492.00 shares at 40.58 on 2024-10-23 16:00:00+00:00
2024-11-11 19:31:12,279 - Short Sell 492.00 shares at 40.58 on 2024-10-23 16:15:00+00:00
2024-11-11 19:31:12,279 - Short Sell 492.00 shares at 40.59 on 2024-10-23 16:30:00+00:00
2024-11-11 19:31:12,279 - Short Sell 491.00 shares at 40.6 on 2024-10-23 16:45:00+00:00
2024-11-11 19:31:12,279 - Short Sell 490.00 shares at 40.67 on 2024-10-23 17:00:00+00:00
2024-11-11 19:31:12,279 - Short Sell 492.00 shares at 40.59 on 2024-10-23 17:15:00+00:00
2024-11-11 19:31:12,279 - Short Sell 491.00 shares at 40.66 on 2024-10-23 17:30:00+00:00
2024-11-11 19:31:12,279 - Short Sell 490.00 shares at 40.69 on 2024-10-23 17:45:00+00:00
2024-11-11 19:31:12,279 - Short Sell 490.00 shares at 40.67 on 2024-10-23 18:00:00+00:00
2024-11-11 19:31:12,280 - Short Sell 490.00 shares at 40.67 on 2024-10-23 18:15:00+00:00
2024-11-11 19:31:12,280 - Short Sell 491.00 shares at 40.66 on 2024-10-23 18:30:00+00:00
2024-11-11 19:31:12,280 - Short Sell 490.00 shares at 40.68 on 2024-10-23 18:45:00+00:00
2024-11-11 19:31:12,280 - Short Sell 490.00 shares at 40.68 on 2024-10-23 19:00:00+00:00
2024-11-11 19:31:12,280 - Short Sell 490.00 shares at 40.71 on 2024-10-23 19:15:00+00:00
2024-11-11 19:31:12,280 - Short Sell 490.00 shares at 40.69 on 2024-10-23 19:30:00+00:00
2024-11-11 19:31:12,280 - Short Sell 489.00 shares at 40.74 on 2024-10-23 19:45:00+00:00
2024-11-11 19:31:12,280 - Short Sell 486.00 shares at 40.97 on 2024-10-24 13:30:00+00:00
2024-11-11 19:31:12,280 - Short Sell 487.00 shares at 40.89 on 2024-10-24 13:45:00+00:00
2024-11-11 19:31:12,280 - Short Sell 489.00 shares at 40.78 on 2024-10-24 14:00:00+00:00
2024-11-11 19:31:12,280 - Short Sell 487.00 shares at 40.87 on 2024-10-24 14:15:00+00:00
2024-11-11 19:31:12,280 - Short Sell 488.00 shares at 40.85 on 2024-10-24 14:30:00+00:00
2024-11-11 19:31:12,280 - Short Sell 487.00 shares at 40.87 on 2024-10-24 14:45:00+00:00
2024-11-11 19:31:12,280 - Short Sell 489.00 shares at 40.77 on 2024-10-24 15:00:00+00:00
2024-11-11 19:31:12,280 - Short Sell 489.00 shares at 40.75 on 2024-10-24 15:15:00+00:00
2024-11-11 19:31:12,280 - Short Sell 490.00 shares at 40.69 on 2024-10-24 15:30:00+00:00
2024-11-11 19:31:12,280 - Short Sell 492.00 shares at 40.63 on 2024-10-24 15:45:00+00:00
2024-11-11 19:31:12,280 - Short Sell 491.00 shares at 40.66 on 2024-10-24 16:00:00+00:00
2024-11-11 19:31:12,280 - Buy to cover -14209.00 shares at 40.55 on 2024-10-24 18:15:00+00:00 (Exit: Signal, Profit: 2160.7199999999775, Duration: 1605.0 minutes)
2024-11-11 19:31:12,280 - Short Sell 491.00 shares at 40.72 on 2024-10-24 19:45:00+00:00
2024-11-11 19:31:12,280 - Short Sell 491.00 shares at 40.75 on 2024-10-25 13:30:00+00:00
2024-11-11 19:31:12,280 - Short Sell 491.00 shares at 40.73 on 2024-10-25 14:00:00+00:00
2024-11-11 19:31:12,280 - Buy to cover -1473.00 shares at 40.49 on 2024-10-25 15:00:00+00:00 (Exit: Profit_take, Profit: 358.4299999999985, Duration: 1155.0 minutes)
2024-11-11 19:31:12,280 - Long Buy 495.00 shares at 40.43 on 2024-10-25 15:15:00+00:00
2024-11-11 19:31:12,280 - Long Buy 485.00 shares at 40.41 on 2024-10-25 15:30:00+00:00
2024-11-11 19:31:12,281 - Long Buy 475.00 shares at 40.44 on 2024-10-25 15:45:00+00:00
2024-11-11 19:31:12,281 - Long Buy 466.00 shares at 40.37 on 2024-10-25 16:00:00+00:00
2024-11-11 19:31:12,281 - Long Buy 457.00 shares at 40.34 on 2024-10-25 16:15:00+00:00
2024-11-11 19:31:12,281 - Long Buy 448.00 shares at 40.38 on 2024-10-25 16:30:00+00:00
2024-11-11 19:31:12,281 - Long Buy 440.00 shares at 40.3 on 2024-10-25 16:45:00+00:00
2024-11-11 19:31:12,281 - Long Buy 432.00 shares at 40.21 on 2024-10-25 17:00:00+00:00
2024-11-11 19:31:12,281 - Long Buy 423.00 shares at 40.22 on 2024-10-25 17:15:00+00:00
2024-11-11 19:31:12,281 - Long Buy 415.00 shares at 40.16 on 2024-10-25 17:30:00+00:00
2024-11-11 19:31:12,281 - Long Buy 407.00 shares at 40.18 on 2024-10-25 17:45:00+00:00
2024-11-11 19:31:12,281 - Long Buy 399.00 shares at 40.12 on 2024-10-25 18:00:00+00:00
2024-11-11 19:31:12,281 - Long Buy 391.00 shares at 40.12 on 2024-10-25 18:15:00+00:00
2024-11-11 19:31:12,281 - Long Buy 384.00 shares at 40.09 on 2024-10-25 18:30:00+00:00
2024-11-11 19:31:12,281 - Long Buy 376.00 shares at 40.12 on 2024-10-25 18:45:00+00:00
2024-11-11 19:31:12,281 - Long Buy 369.00 shares at 40.05 on 2024-10-25 19:00:00+00:00
2024-11-11 19:31:12,281 - Long Buy 361.00 shares at 40.07 on 2024-10-25 19:15:00+00:00
2024-11-11 19:31:12,281 - Sell to close 7223.00 shares at 40.01 on 2024-10-25 19:30:00+00:00 (Exit: Stop_loss, Profit: -1720.1500000000608, Duration: 255.0 minutes)
2024-11-11 19:31:12,281 - Short Sell 494.00 shares at 40.45 on 2024-10-28 13:30:00+00:00
2024-11-11 19:31:12,281 - Short Sell 494.00 shares at 40.4 on 2024-10-28 13:45:00+00:00
2024-11-11 19:31:12,281 - Short Sell 495.00 shares at 40.38 on 2024-10-28 14:15:00+00:00
2024-11-11 19:31:12,281 - Short Sell 494.00 shares at 40.4 on 2024-10-28 15:45:00+00:00
2024-11-11 19:31:12,281 - Short Sell 494.00 shares at 40.4 on 2024-10-28 16:00:00+00:00
2024-11-11 19:31:12,281 - Buy to cover -2471.00 shares at 40.32 on 2024-10-28 18:00:00+00:00 (Exit: Signal, Profit: 212.48000000000263, Duration: 270.0 minutes)
2024-11-11 19:31:12,281 - Long Buy 496.00 shares at 40.3 on 2024-10-28 18:15:00+00:00
2024-11-11 19:31:12,281 - Long Buy 485.00 shares at 40.32 on 2024-10-28 18:30:00+00:00
2024-11-11 19:31:12,281 - Long Buy 477.00 shares at 40.23 on 2024-10-28 19:45:00+00:00
2024-11-11 19:31:12,282 - Sell to close 1458.00 shares at 39.82 on 2024-10-29 13:30:00+00:00 (Exit: Stop_loss, Profit: -676.1500000000017, Duration: 1155.0 minutes)
2024-11-11 19:31:12,282 - Short Sell 503.00 shares at 39.68 on 2024-10-30 13:30:00+00:00
2024-11-11 19:31:12,282 - Short Sell 502.00 shares at 39.75 on 2024-10-30 13:45:00+00:00
2024-11-11 19:31:12,282 - Short Sell 503.00 shares at 39.7 on 2024-10-30 14:00:00+00:00
2024-11-11 19:31:12,282 - Short Sell 504.00 shares at 39.64 on 2024-10-30 14:15:00+00:00
2024-11-11 19:31:12,282 - Short Sell 503.00 shares at 39.7 on 2024-10-30 14:30:00+00:00
2024-11-11 19:31:12,282 - Short Sell 502.00 shares at 39.74 on 2024-10-30 14:45:00+00:00
2024-11-11 19:31:12,282 - Short Sell 502.00 shares at 39.73 on 2024-10-30 15:00:00+00:00
2024-11-11 19:31:12,282 - Short Sell 502.00 shares at 39.73 on 2024-10-30 15:15:00+00:00
2024-11-11 19:31:12,282 - Short Sell 500.00 shares at 39.86 on 2024-10-30 15:30:00+00:00
2024-11-11 19:31:12,282 - Short Sell 499.00 shares at 39.95 on 2024-10-30 15:45:00+00:00
2024-11-11 19:31:12,282 - Short Sell 499.00 shares at 39.95 on 2024-10-30 16:00:00+00:00
2024-11-11 19:31:12,282 - Short Sell 499.00 shares at 39.97 on 2024-10-30 16:15:00+00:00
2024-11-11 19:31:12,282 - Short Sell 499.00 shares at 39.97 on 2024-10-30 16:30:00+00:00
2024-11-11 19:31:12,282 - Buy to cover -6517.00 shares at 40.05 on 2024-10-30 16:45:00+00:00 (Exit: Stop_loss, Profit: -1646.9900000000325, Duration: 195.0 minutes)
2024-11-11 19:31:12,282 - Long Buy 504.00 shares at 39.56 on 2024-10-31 13:30:00+00:00
2024-11-11 19:31:12,282 - Long Buy 493.00 shares at 39.63 on 2024-10-31 13:45:00+00:00
2024-11-11 19:31:12,282 - Long Buy 484.00 shares at 39.52 on 2024-10-31 14:00:00+00:00
2024-11-11 19:31:12,282 - Long Buy 475.00 shares at 39.48 on 2024-10-31 14:15:00+00:00
2024-11-11 19:31:12,282 - Long Buy 465.00 shares at 39.52 on 2024-10-31 14:30:00+00:00
2024-11-11 19:31:12,282 - Long Buy 457.00 shares at 39.38 on 2024-10-31 14:45:00+00:00
2024-11-11 19:31:12,282 - Long Buy 448.00 shares at 39.44 on 2024-10-31 15:00:00+00:00
2024-11-11 19:31:12,282 - Long Buy 439.00 shares at 39.39 on 2024-10-31 15:15:00+00:00
2024-11-11 19:31:12,283 - Long Buy 430.00 shares at 39.45 on 2024-10-31 15:30:00+00:00
2024-11-11 19:31:12,283 - Long Buy 421.00 shares at 39.44 on 2024-10-31 15:45:00+00:00
2024-11-11 19:31:12,283 - Long Buy 411.00 shares at 39.65 on 2024-10-31 16:00:00+00:00
2024-11-11 19:31:12,283 - Long Buy 403.00 shares at 39.55 on 2024-10-31 16:15:00+00:00
2024-11-11 19:31:12,283 - Long Buy 396.00 shares at 39.45 on 2024-10-31 16:30:00+00:00
2024-11-11 19:31:12,283 - Long Buy 389.00 shares at 39.37 on 2024-10-31 16:45:00+00:00
2024-11-11 19:31:12,283 - Long Buy 382.00 shares at 39.36 on 2024-10-31 17:00:00+00:00
2024-11-11 19:31:12,283 - Long Buy 373.00 shares at 39.51 on 2024-10-31 17:15:00+00:00
2024-11-11 19:31:12,283 - Long Buy 365.00 shares at 39.52 on 2024-10-31 17:30:00+00:00
2024-11-11 19:31:12,283 - Long Buy 357.00 shares at 39.58 on 2024-10-31 17:45:00+00:00
2024-11-11 19:31:12,283 - Long Buy 350.00 shares at 39.61 on 2024-10-31 18:00:00+00:00
2024-11-11 19:31:12,283 - Long Buy 343.00 shares at 39.58 on 2024-10-31 18:30:00+00:00
2024-11-11 19:31:12,283 - Long Buy 336.00 shares at 39.59 on 2024-10-31 18:45:00+00:00
2024-11-11 19:31:12,283 - Long Buy 330.00 shares at 39.48 on 2024-10-31 19:00:00+00:00
2024-11-11 19:31:12,283 - Long Buy 324.00 shares at 39.47 on 2024-10-31 19:15:00+00:00
2024-11-11 19:31:12,283 - Long Buy 318.00 shares at 39.37 on 2024-10-31 19:30:00+00:00
2024-11-11 19:31:12,283 - Long Buy 312.00 shares at 39.3 on 2024-10-31 19:45:00+00:00
2024-11-11 19:31:12,283 - Long Buy 306.00 shares at 39.31 on 2024-11-01 13:30:00+00:00
2024-11-11 19:31:12,283 - Sell to close 10311.00 shares at 39.23 on 2024-11-01 13:45:00+00:00 (Exit: Stop_loss, Profit: -2626.5299999998906, Duration: 1455.0 minutes)
2024-11-11 19:31:12,283 - Long Buy 518.00 shares at 38.36 on 2024-11-04 14:30:00+00:00
2024-11-11 19:31:12,283 - Long Buy 510.00 shares at 38.17 on 2024-11-04 14:45:00+00:00
2024-11-11 19:31:12,283 - Long Buy 500.00 shares at 38.19 on 2024-11-04 15:00:00+00:00
2024-11-11 19:31:12,283 - Long Buy 490.00 shares at 38.2 on 2024-11-04 15:15:00+00:00
2024-11-11 19:31:12,283 - Long Buy 481.00 shares at 38.11 on 2024-11-04 15:30:00+00:00
2024-11-11 19:31:12,283 - Long Buy 471.00 shares at 38.11 on 2024-11-04 15:45:00+00:00
2024-11-11 19:31:12,283 - Long Buy 463.00 shares at 38.06 on 2024-11-04 16:00:00+00:00
2024-11-11 19:31:12,283 - Long Buy 454.00 shares at 38.02 on 2024-11-04 16:15:00+00:00
2024-11-11 19:31:12,283 - Long Buy 445.00 shares at 37.98 on 2024-11-04 16:30:00+00:00
2024-11-11 19:31:12,283 - Long Buy 436.00 shares at 37.99 on 2024-11-04 16:45:00+00:00
2024-11-11 19:31:12,284 - Long Buy 428.00 shares at 37.98 on 2024-11-04 17:00:00+00:00
2024-11-11 19:31:12,284 - Sell to close 5196.00 shares at 37.94 on 2024-11-04 19:45:00+00:00 (Exit: Stop_loss, Profit: -897.7000000000108, Duration: 315.0 minutes)
2024-11-11 19:31:12,284 - Short Sell 520.00 shares at 38.18 on 2024-11-05 14:45:00+00:00
2024-11-11 19:31:12,284 - Short Sell 521.00 shares at 38.12 on 2024-11-05 15:00:00+00:00
2024-11-11 19:31:12,284 - Short Sell 520.00 shares at 38.18 on 2024-11-05 15:15:00+00:00
2024-11-11 19:31:12,284 - Short Sell 519.00 shares at 38.26 on 2024-11-05 15:30:00+00:00
2024-11-11 19:31:12,284 - Short Sell 519.00 shares at 38.23 on 2024-11-05 15:45:00+00:00
2024-11-11 19:31:12,284 - Short Sell 519.00 shares at 38.25 on 2024-11-05 16:00:00+00:00
2024-11-11 19:31:12,284 - Short Sell 519.00 shares at 38.26 on 2024-11-05 16:15:00+00:00
2024-11-11 19:31:12,284 - Short Sell 520.00 shares at 38.22 on 2024-11-05 16:30:00+00:00
2024-11-11 19:31:12,284 - Short Sell 519.00 shares at 38.23 on 2024-11-05 16:45:00+00:00
2024-11-11 19:31:12,284 - Short Sell 519.00 shares at 38.25 on 2024-11-05 17:00:00+00:00
2024-11-11 19:31:12,284 - Short Sell 519.00 shares at 38.23 on 2024-11-05 17:15:00+00:00
2024-11-11 19:31:12,284 - Short Sell 519.00 shares at 38.26 on 2024-11-05 17:30:00+00:00
2024-11-11 19:31:12,284 - Short Sell 519.00 shares at 38.27 on 2024-11-05 17:45:00+00:00
2024-11-11 19:31:12,284 - Short Sell 518.00 shares at 38.3 on 2024-11-05 18:00:00+00:00
2024-11-11 19:31:12,284 - Short Sell 518.00 shares at 38.3 on 2024-11-05 18:30:00+00:00
2024-11-11 19:31:12,284 - Short Sell 518.00 shares at 38.33 on 2024-11-05 18:45:00+00:00
2024-11-11 19:31:12,284 - Short Sell 518.00 shares at 38.32 on 2024-11-05 19:00:00+00:00
2024-11-11 19:31:12,284 - Short Sell 518.00 shares at 38.3 on 2024-11-05 19:15:00+00:00
2024-11-11 19:31:12,284 - Short Sell 517.00 shares at 38.34 on 2024-11-05 19:30:00+00:00
2024-11-11 19:31:12,284 - Short Sell 517.00 shares at 38.34 on 2024-11-05 19:45:00+00:00
2024-11-11 19:31:12,284 - Short Sell 517.00 shares at 38.36 on 2024-11-05 20:00:00+00:00
2024-11-11 19:31:12,284 - Short Sell 517.00 shares at 38.34 on 2024-11-05 20:15:00+00:00
2024-11-11 19:31:12,284 - Short Sell 517.00 shares at 38.34 on 2024-11-05 20:30:00+00:00
2024-11-11 19:31:12,284 - Short Sell 515.00 shares at 38.48 on 2024-11-05 20:45:00+00:00
2024-11-11 19:31:12,284 - Short Sell 517.00 shares at 38.37 on 2024-11-06 14:30:00+00:00
2024-11-11 19:31:12,284 - Short Sell 518.00 shares at 38.33 on 2024-11-06 14:45:00+00:00
2024-11-11 19:31:12,285 - Buy to cover -13477.00 shares at 38.05 on 2024-11-06 15:15:00+00:00 (Exit: Profit_take, Profit: 3154.400000000057, Duration: 1470.0 minutes)
2024-11-11 19:31:12,285 - Long Buy 525.00 shares at 37.95 on 2024-11-06 15:30:00+00:00
2024-11-11 19:31:12,285 - Long Buy 514.00 shares at 37.96 on 2024-11-06 15:45:00+00:00
2024-11-11 19:31:12,285 - Long Buy 503.00 shares at 38.07 on 2024-11-06 16:00:00+00:00
2024-11-11 19:31:12,285 - Sell to close 1542.00 shares at 38.25 on 2024-11-06 16:15:00+00:00 (Exit: Profit_take, Profit: 397.09999999999445, Duration: 45.0 minutes)
2024-11-11 19:31:12,285 - Short Sell 520.00 shares at 38.34 on 2024-11-06 17:00:00+00:00
2024-11-11 19:31:12,285 - Short Sell 519.00 shares at 38.38 on 2024-11-06 17:30:00+00:00
2024-11-11 19:31:12,285 - Short Sell 518.00 shares at 38.45 on 2024-11-06 17:45:00+00:00
2024-11-11 19:31:12,285 - Short Sell 518.00 shares at 38.49 on 2024-11-06 18:00:00+00:00
2024-11-11 19:31:12,285 - Short Sell 517.00 shares at 38.52 on 2024-11-06 18:15:00+00:00
2024-11-11 19:31:12,285 - Short Sell 517.00 shares at 38.55 on 2024-11-06 18:30:00+00:00
2024-11-11 19:31:12,285 - Buy to cover -3109.00 shares at 38.45 on 2024-11-06 18:45:00+00:00 (Exit: Signal, Profit: 15.079999999975314, Duration: 105.0 minutes)
2024-11-11 19:31:12,285 - Long Buy 519.00 shares at 38.42 on 2024-11-06 19:00:00+00:00
2024-11-11 19:31:12,285 - Long Buy 508.00 shares at 38.45 on 2024-11-06 19:15:00+00:00
2024-11-11 19:31:12,285 - Long Buy 498.00 shares at 38.44 on 2024-11-06 19:30:00+00:00
2024-11-11 19:31:12,285 - Long Buy 488.00 shares at 38.44 on 2024-11-06 19:45:00+00:00
2024-11-11 19:31:12,285 - Long Buy 479.00 shares at 38.41 on 2024-11-06 20:15:00+00:00
2024-11-11 19:31:12,285 - Long Buy 470.00 shares at 38.32 on 2024-11-06 20:45:00+00:00
2024-11-11 19:31:12,285 - Long Buy 462.00 shares at 38.25 on 2024-11-07 14:30:00+00:00
2024-11-11 19:31:12,285 - Long Buy 451.00 shares at 38.35 on 2024-11-07 14:45:00+00:00
2024-11-11 19:31:12,285 - Long Buy 443.00 shares at 38.3 on 2024-11-07 15:00:00+00:00
2024-11-11 19:31:12,285 - Long Buy 433.00 shares at 38.4 on 2024-11-07 15:15:00+00:00
2024-11-11 19:31:12,285 - Long Buy 424.00 shares at 38.41 on 2024-11-07 15:30:00+00:00
2024-11-11 19:31:12,285 - Long Buy 415.00 shares at 38.41 on 2024-11-07 15:45:00+00:00
2024-11-11 19:31:12,285 - Long Buy 408.00 shares at 38.37 on 2024-11-07 16:15:00+00:00
2024-11-11 19:31:12,285 - Long Buy 399.00 shares at 38.37 on 2024-11-07 16:30:00+00:00
2024-11-11 19:31:12,285 - Long Buy 392.00 shares at 38.33 on 2024-11-07 16:45:00+00:00
2024-11-11 19:31:12,285 - Long Buy 384.00 shares at 38.34 on 2024-11-07 17:00:00+00:00
2024-11-11 19:31:12,285 - Long Buy 377.00 shares at 38.29 on 2024-11-07 17:15:00+00:00
2024-11-11 19:31:12,285 - Long Buy 369.00 shares at 38.29 on 2024-11-07 17:30:00+00:00
2024-11-11 19:31:12,286 - Long Buy 362.00 shares at 38.29 on 2024-11-07 17:45:00+00:00
2024-11-11 19:31:12,286 - Long Buy 355.00 shares at 38.28 on 2024-11-07 18:00:00+00:00
2024-11-11 19:31:12,286 - Long Buy 349.00 shares at 38.15 on 2024-11-07 18:15:00+00:00
2024-11-11 19:31:12,286 - Long Buy 342.00 shares at 38.14 on 2024-11-07 18:30:00+00:00
2024-11-11 19:31:12,286 - Long Buy 335.00 shares at 38.15 on 2024-11-07 18:45:00+00:00
2024-11-11 19:31:12,286 - Sell to close 9662.00 shares at 38.08 on 2024-11-07 19:00:00+00:00 (Exit: Stop_loss, Profit: -2507.3999999999046, Duration: 1440.0 minutes)
2024-11-11 19:31:12,286 - Short Sell 521.00 shares at 38.13 on 2024-11-08 14:45:00+00:00
2024-11-11 19:31:12,286 - Short Sell 521.00 shares at 38.19 on 2024-11-08 15:00:00+00:00
2024-11-11 19:31:12,286 - Short Sell 520.00 shares at 38.24 on 2024-11-08 15:30:00+00:00
2024-11-11 19:31:12,286 - Short Sell 519.00 shares at 38.28 on 2024-11-08 15:45:00+00:00
2024-11-11 19:31:12,286 - Short Sell 521.00 shares at 38.19 on 2024-11-08 17:00:00+00:00
2024-11-11 19:31:12,286 - Short Sell 521.00 shares at 38.19 on 2024-11-08 17:15:00+00:00
2024-11-11 19:31:12,286 - Short Sell 520.00 shares at 38.24 on 2024-11-08 17:30:00+00:00
2024-11-11 19:31:12,286 - Short Sell 520.00 shares at 38.24 on 2024-11-08 17:45:00+00:00
2024-11-11 19:31:12,286 - Short Sell 520.00 shares at 38.22 on 2024-11-08 18:00:00+00:00
2024-11-11 19:31:12,286 - Short Sell 520.00 shares at 38.2 on 2024-11-08 19:00:00+00:00
2024-11-11 19:31:12,286 - Short Sell 520.00 shares at 38.2 on 2024-11-08 19:15:00+00:00
2024-11-11 19:31:12,286 - Short Sell 520.00 shares at 38.25 on 2024-11-08 19:30:00+00:00
2024-11-11 19:31:12,286 - Short Sell 519.00 shares at 38.26 on 2024-11-08 19:45:00+00:00
2024-11-11 19:31:12,286 - Short Sell 520.00 shares at 38.22 on 2024-11-08 20:00:00+00:00
2024-11-11 19:31:12,286 - Short Sell 520.00 shares at 38.25 on 2024-11-08 20:15:00+00:00
2024-11-11 19:31:12,286 - Buy to cover -7802.00 shares at 38.23 on 2024-11-08 20:30:00+00:00 (Exit: Signal, Profit: -78.30000000000777, Duration: 345.0 minutes)
2024-11-11 19:31:12,286 - Long Buy 522.00 shares at 38.11 on 2024-11-08 20:45:00+00:00
2024-11-11 19:31:12,287 - Holding 522.0 shares as an open position at the end with unrealized return: 0.0, Duration: 0.0 minutes
2024-11-11 19:31:12,288 - Final statisticsStock: EXC, 
total_trades: 24, 
winning_trades: 13, 
losing_trades: 11, 
average_return: -0.0005503685910007786, 
average_duration: 953.125, 
final_balance: 974927.2800000004, 
final_portfolio_value: 994820.7000000004, 
sharpe_ratio: 1.9592908978503318, 



