2024-11-11 22:23:14,338 - Starting GBMStrategy with initial capital: 1000000
2024-11-11 22:23:14,338 - Hyperparameters: {'threshold': 1.5, 'time_periods': 30, 'num_simulations': 150}
2024-11-11 22:24:42,623 - Long Buy 120.00 shares at 165.95 on 2024-10-11 14:30:00+00:00
2024-11-11 22:24:42,624 - Sell to close 120.00 shares at 166.28 on 2024-10-11 14:45:00+00:00 (Exit: Signal, Profit: 39.6000000000015, Duration: 15.0 minutes)
2024-11-11 22:24:42,624 - Short Sell 120.00 shares at 166.53 on 2024-10-11 15:00:00+00:00
2024-11-11 22:24:42,624 - Short Sell 119.00 shares at 166.75 on 2024-10-14 13:45:00+00:00
2024-11-11 22:24:42,624 - Short Sell 119.00 shares at 167.15 on 2024-10-14 14:00:00+00:00
2024-11-11 22:24:42,624 - Short Sell 119.00 shares at 167.4 on 2024-10-14 14:15:00+00:00
2024-11-11 22:24:42,624 - Buy to cover -477.00 shares at 168.0 on 2024-10-14 14:30:00+00:00 (Exit: Stop_loss, Profit: -497.70000000000164, Duration: 4290.0 minutes)
2024-11-11 22:24:42,625 - Long Buy 119.00 shares at 167.11 on 2024-10-15 13:45:00+00:00
2024-11-11 22:24:42,625 - Long Buy 117.00 shares at 167.11 on 2024-10-15 14:30:00+00:00
2024-11-11 22:24:42,625 - Sell to close 236.00 shares at 168.04 on 2024-10-15 15:15:00+00:00 (Exit: Profit_take, Profit: 219.4799999999949, Duration: 90.0 minutes)
2024-11-11 22:24:42,625 - Short Sell 118.00 shares at 168.2 on 2024-10-15 15:30:00+00:00
2024-11-11 22:24:42,625 - Short Sell 118.00 shares at 168.38 on 2024-10-15 16:00:00+00:00
2024-11-11 22:24:42,625 - Short Sell 118.00 shares at 168.44 on 2024-10-15 16:15:00+00:00
2024-11-11 22:24:42,625 - Short Sell 118.00 shares at 168.54 on 2024-10-15 16:30:00+00:00
2024-11-11 22:24:42,625 - Short Sell 118.00 shares at 168.62 on 2024-10-15 16:45:00+00:00
2024-11-11 22:24:42,625 - Buy to cover -590.00 shares at 168.22 on 2024-10-15 17:15:00+00:00 (Exit: Signal, Profit: 127.44000000000483, Duration: 105.0 minutes)
2024-11-11 22:24:42,625 - Long Buy 119.00 shares at 167.99 on 2024-10-15 17:30:00+00:00
2024-11-11 22:24:42,625 - Long Buy 116.00 shares at 167.54 on 2024-10-15 17:45:00+00:00
2024-11-11 22:24:42,625 - Long Buy 114.00 shares at 167.36 on 2024-10-15 18:00:00+00:00
2024-11-11 22:24:42,625 - Long Buy 112.00 shares at 167.02 on 2024-10-15 18:15:00+00:00
2024-11-11 22:24:42,625 - Long Buy 110.00 shares at 166.88 on 2024-10-15 18:30:00+00:00
2024-11-11 22:24:42,625 - Long Buy 108.00 shares at 166.64 on 2024-10-15 18:45:00+00:00
2024-11-11 22:24:42,625 - Long Buy 106.00 shares at 166.52 on 2024-10-15 19:00:00+00:00
2024-11-11 22:24:42,625 - Long Buy 104.00 shares at 166.65 on 2024-10-15 19:15:00+00:00
2024-11-11 22:24:42,625 - Long Buy 102.00 shares at 166.64 on 2024-10-15 19:30:00+00:00
2024-11-11 22:24:42,625 - Long Buy 99.00 shares at 166.88 on 2024-10-15 19:45:00+00:00
2024-11-11 22:24:42,625 - Long Buy 97.00 shares at 167.08 on 2024-10-16 13:30:00+00:00
2024-11-11 22:24:42,625 - Long Buy 95.00 shares at 167.63 on 2024-10-16 13:45:00+00:00
2024-11-11 22:24:42,625 - Long Buy 93.00 shares at 167.18 on 2024-10-16 14:00:00+00:00
2024-11-11 22:24:42,625 - Long Buy 92.00 shares at 167.28 on 2024-10-16 14:15:00+00:00
2024-11-11 22:24:42,625 - Long Buy 90.00 shares at 167.24 on 2024-10-16 14:30:00+00:00
2024-11-11 22:24:42,626 - Long Buy 88.00 shares at 167.54 on 2024-10-16 14:45:00+00:00
2024-11-11 22:24:42,626 - Long Buy 86.00 shares at 167.42 on 2024-10-16 15:00:00+00:00
2024-11-11 22:24:42,626 - Long Buy 84.00 shares at 167.31 on 2024-10-16 15:15:00+00:00
2024-11-11 22:24:42,626 - Long Buy 83.00 shares at 167.37 on 2024-10-16 15:30:00+00:00
2024-11-11 22:24:42,626 - Long Buy 81.00 shares at 167.6 on 2024-10-16 15:45:00+00:00
2024-11-11 22:24:42,626 - Long Buy 79.00 shares at 167.62 on 2024-10-16 16:00:00+00:00
2024-11-11 22:24:42,626 - Long Buy 78.00 shares at 167.85 on 2024-10-16 16:15:00+00:00
2024-11-11 22:24:42,626 - Long Buy 76.00 shares at 167.84 on 2024-10-16 16:30:00+00:00
2024-11-11 22:24:42,626 - Long Buy 75.00 shares at 167.55 on 2024-10-16 16:45:00+00:00
2024-11-11 22:24:42,626 - Long Buy 73.00 shares at 167.32 on 2024-10-16 17:00:00+00:00
2024-11-11 22:24:42,626 - Long Buy 72.00 shares at 167.48 on 2024-10-16 17:15:00+00:00
2024-11-11 22:24:42,626 - Long Buy 70.00 shares at 167.32 on 2024-10-16 17:30:00+00:00
2024-11-11 22:24:42,626 - Long Buy 69.00 shares at 167.14 on 2024-10-16 17:45:00+00:00
2024-11-11 22:24:42,626 - Long Buy 68.00 shares at 167.12 on 2024-10-16 18:00:00+00:00
2024-11-11 22:24:42,626 - Long Buy 66.00 shares at 167.13 on 2024-10-16 19:30:00+00:00
2024-11-11 22:24:42,626 - Long Buy 65.00 shares at 167.12 on 2024-10-16 19:45:00+00:00
2024-11-11 22:24:42,626 - Long Buy 64.00 shares at 166.74 on 2024-10-17 13:45:00+00:00
2024-11-11 22:24:42,626 - Long Buy 63.00 shares at 166.89 on 2024-10-17 14:00:00+00:00
2024-11-11 22:24:42,626 - Long Buy 61.00 shares at 166.56 on 2024-10-17 14:15:00+00:00
2024-11-11 22:24:42,626 - Long Buy 60.00 shares at 166.63 on 2024-10-17 14:30:00+00:00
2024-11-11 22:24:42,626 - Long Buy 59.00 shares at 167.01 on 2024-10-17 15:00:00+00:00
2024-11-11 22:24:42,626 - Long Buy 58.00 shares at 167.13 on 2024-10-17 15:45:00+00:00
2024-11-11 22:24:42,626 - Long Buy 56.00 shares at 167.05 on 2024-10-17 16:00:00+00:00
2024-11-11 22:24:42,626 - Long Buy 55.00 shares at 167.1 on 2024-10-17 16:15:00+00:00
2024-11-11 22:24:42,626 - Long Buy 54.00 shares at 167.09 on 2024-10-17 16:30:00+00:00
2024-11-11 22:24:42,626 - Long Buy 53.00 shares at 166.91 on 2024-10-17 16:45:00+00:00
2024-11-11 22:24:42,626 - Long Buy 52.00 shares at 166.81 on 2024-10-17 17:00:00+00:00
2024-11-11 22:24:42,626 - Long Buy 51.00 shares at 166.59 on 2024-10-17 17:15:00+00:00
2024-11-11 22:24:42,626 - Long Buy 50.00 shares at 166.64 on 2024-10-17 17:30:00+00:00
2024-11-11 22:24:42,626 - Long Buy 49.00 shares at 166.9 on 2024-10-17 17:45:00+00:00
2024-11-11 22:24:42,626 - Long Buy 48.00 shares at 166.88 on 2024-10-17 18:00:00+00:00
2024-11-11 22:24:42,627 - Long Buy 47.00 shares at 166.69 on 2024-10-17 18:15:00+00:00
2024-11-11 22:24:42,627 - Long Buy 46.00 shares at 166.64 on 2024-10-17 18:30:00+00:00
2024-11-11 22:24:42,627 - Long Buy 45.00 shares at 166.52 on 2024-10-17 19:30:00+00:00
2024-11-11 22:24:42,627 - Long Buy 44.00 shares at 166.52 on 2024-10-17 19:45:00+00:00
2024-11-11 22:24:42,627 - Sell to close 3785.00 shares at 167.81 on 2024-10-18 13:30:00+00:00 (Exit: Signal, Profit: 2563.8800000001784, Duration: 4080.0 minutes)
2024-11-11 22:24:42,627 - Short Sell 119.00 shares at 167.23 on 2024-10-18 13:45:00+00:00
2024-11-11 22:24:42,627 - Short Sell 120.00 shares at 167.05 on 2024-10-18 16:15:00+00:00
2024-11-11 22:24:42,627 - Short Sell 119.00 shares at 167.14 on 2024-10-18 16:30:00+00:00
2024-11-11 22:24:42,627 - Short Sell 119.00 shares at 167.31 on 2024-10-18 16:45:00+00:00
2024-11-11 22:24:42,627 - Short Sell 119.00 shares at 167.39 on 2024-10-18 17:00:00+00:00
2024-11-11 22:24:42,627 - Short Sell 119.00 shares at 167.32 on 2024-10-18 17:15:00+00:00
2024-11-11 22:24:42,627 - Short Sell 119.00 shares at 167.67 on 2024-10-18 17:30:00+00:00
2024-11-11 22:24:42,627 - Short Sell 119.00 shares at 167.35 on 2024-10-18 17:45:00+00:00
2024-11-11 22:24:42,627 - Short Sell 119.00 shares at 167.49 on 2024-10-18 18:00:00+00:00
2024-11-11 22:24:42,627 - Short Sell 119.00 shares at 167.46 on 2024-10-18 18:15:00+00:00
2024-11-11 22:24:42,627 - Short Sell 119.00 shares at 167.23 on 2024-10-18 18:30:00+00:00
2024-11-11 22:24:42,627 - Buy to cover -1310.00 shares at 167.05 on 2024-10-18 19:30:00+00:00 (Exit: Signal, Profit: 367.70999999996235, Duration: 345.0 minutes)
2024-11-11 22:24:42,627 - Short Sell 119.00 shares at 167.58 on 2024-10-18 19:45:00+00:00
2024-11-11 22:24:42,627 - Short Sell 119.00 shares at 167.78 on 2024-10-21 13:30:00+00:00
2024-11-11 22:24:42,627 - Short Sell 119.00 shares at 167.52 on 2024-10-21 13:45:00+00:00
2024-11-11 22:24:42,627 - Short Sell 119.00 shares at 167.47 on 2024-10-21 14:00:00+00:00
2024-11-11 22:24:42,627 - Short Sell 119.00 shares at 167.39 on 2024-10-21 14:15:00+00:00
2024-11-11 22:24:42,627 - Buy to cover -595.00 shares at 166.83 on 2024-10-21 14:45:00+00:00 (Exit: Signal, Profit: 427.20999999999367, Duration: 4020.0 minutes)
2024-11-11 22:24:42,628 - Long Buy 120.00 shares at 166.43 on 2024-10-21 15:00:00+00:00
2024-11-11 22:24:42,628 - Long Buy 118.00 shares at 166.51 on 2024-10-21 15:15:00+00:00
2024-11-11 22:24:42,628 - Long Buy 115.00 shares at 166.58 on 2024-10-21 15:30:00+00:00
2024-11-11 22:24:42,628 - Long Buy 113.00 shares at 166.75 on 2024-10-21 15:45:00+00:00
2024-11-11 22:24:42,628 - Long Buy 111.00 shares at 166.56 on 2024-10-21 16:00:00+00:00
2024-11-11 22:24:42,628 - Long Buy 108.00 shares at 166.64 on 2024-10-21 16:15:00+00:00
2024-11-11 22:24:42,628 - Long Buy 106.00 shares at 166.64 on 2024-10-21 17:15:00+00:00
2024-11-11 22:24:42,628 - Long Buy 104.00 shares at 166.7 on 2024-10-21 17:30:00+00:00
2024-11-11 22:24:42,628 - Long Buy 102.00 shares at 166.68 on 2024-10-21 18:00:00+00:00
2024-11-11 22:24:42,628 - Long Buy 100.00 shares at 166.52 on 2024-10-21 18:15:00+00:00
2024-11-11 22:24:42,628 - Long Buy 98.00 shares at 166.49 on 2024-10-21 18:30:00+00:00
2024-11-11 22:24:42,628 - Long Buy 96.00 shares at 166.49 on 2024-10-21 18:45:00+00:00
2024-11-11 22:24:42,628 - Long Buy 94.00 shares at 166.6 on 2024-10-21 19:00:00+00:00
2024-11-11 22:24:42,628 - Long Buy 92.00 shares at 166.62 on 2024-10-21 19:15:00+00:00
2024-11-11 22:24:42,628 - Long Buy 90.00 shares at 166.52 on 2024-10-21 19:30:00+00:00
2024-11-11 22:24:42,628 - Long Buy 89.00 shares at 166.53 on 2024-10-21 19:45:00+00:00
2024-11-11 22:24:42,628 - Sell to close 1656.00 shares at 165.02 on 2024-10-22 13:30:00+00:00 (Exit: Stop_loss, Profit: -2581.859999999974, Duration: 1350.0 minutes)
2024-11-11 22:24:42,628 - Long Buy 123.00 shares at 162.3 on 2024-10-23 13:30:00+00:00
2024-11-11 22:24:42,628 - Long Buy 120.00 shares at 162.39 on 2024-10-23 13:45:00+00:00
2024-11-11 22:24:42,628 - Long Buy 118.00 shares at 162.12 on 2024-10-23 14:00:00+00:00
2024-11-11 22:24:42,628 - Long Buy 116.00 shares at 162.16 on 2024-10-23 14:15:00+00:00
2024-11-11 22:24:42,628 - Long Buy 113.00 shares at 162.42 on 2024-10-23 14:30:00+00:00
2024-11-11 22:24:42,628 - Long Buy 111.00 shares at 162.11 on 2024-10-23 14:45:00+00:00
2024-11-11 22:24:42,628 - Sell to close 701.00 shares at 162.31 on 2024-10-23 15:00:00+00:00 (Exit: Signal, Profit: 41.21999999998269, Duration: 90.0 minutes)
2024-11-11 22:24:42,629 - Short Sell 123.00 shares at 162.29 on 2024-10-23 15:15:00+00:00
2024-11-11 22:24:42,629 - Short Sell 123.00 shares at 162.39 on 2024-10-23 15:30:00+00:00
2024-11-11 22:24:42,629 - Short Sell 123.00 shares at 162.67 on 2024-10-23 15:45:00+00:00
2024-11-11 22:24:42,629 - Buy to cover -369.00 shares at 161.74 on 2024-10-23 17:00:00+00:00 (Exit: Signal, Profit: 261.99000000000296, Duration: 105.0 minutes)
2024-11-11 22:24:42,629 - Long Buy 123.00 shares at 161.66 on 2024-10-23 17:15:00+00:00
2024-11-11 22:24:42,629 - Long Buy 121.00 shares at 161.53 on 2024-10-23 17:30:00+00:00
2024-11-11 22:24:42,629 - Long Buy 119.00 shares at 161.4 on 2024-10-23 17:45:00+00:00
2024-11-11 22:24:42,629 - Long Buy 117.00 shares at 161.04 on 2024-10-23 18:00:00+00:00
2024-11-11 22:24:42,629 - Long Buy 114.00 shares at 161.27 on 2024-10-23 18:15:00+00:00
2024-11-11 22:24:42,629 - Long Buy 112.00 shares at 161.23 on 2024-10-23 18:30:00+00:00
2024-11-11 22:24:42,629 - Long Buy 109.00 shares at 161.3 on 2024-10-23 18:45:00+00:00
2024-11-11 22:24:42,629 - Long Buy 107.00 shares at 161.43 on 2024-10-23 19:00:00+00:00
2024-11-11 22:24:42,629 - Long Buy 105.00 shares at 161.38 on 2024-10-23 19:15:00+00:00
2024-11-11 22:24:42,629 - Long Buy 103.00 shares at 161.47 on 2024-10-23 19:30:00+00:00
2024-11-11 22:24:42,629 - Long Buy 101.00 shares at 161.58 on 2024-10-23 19:45:00+00:00
2024-11-11 22:24:42,629 - Long Buy 99.00 shares at 161.78 on 2024-10-24 13:30:00+00:00
2024-11-11 22:24:42,629 - Sell to close 1330.00 shares at 162.53 on 2024-10-24 13:45:00+00:00 (Exit: Profit_take, Profit: 1477.9500000000094, Duration: 1230.0 minutes)
2024-11-11 22:24:42,629 - Short Sell 123.00 shares at 162.54 on 2024-10-24 14:30:00+00:00
2024-11-11 22:24:42,629 - Buy to cover -123.00 shares at 161.61 on 2024-10-24 16:00:00+00:00 (Exit: Profit_take, Profit: 114.38999999999734, Duration: 90.0 minutes)
2024-11-11 22:24:42,629 - Short Sell 123.00 shares at 162.08 on 2024-10-24 16:15:00+00:00
2024-11-11 22:24:42,629 - Short Sell 123.00 shares at 162.14 on 2024-10-24 16:30:00+00:00
2024-11-11 22:24:42,629 - Short Sell 123.00 shares at 162.12 on 2024-10-24 16:45:00+00:00
2024-11-11 22:24:42,629 - Short Sell 123.00 shares at 162.25 on 2024-10-24 17:30:00+00:00
2024-11-11 22:24:42,630 - Short Sell 123.00 shares at 162.08 on 2024-10-24 18:00:00+00:00
2024-11-11 22:24:42,630 - Short Sell 123.00 shares at 162.12 on 2024-10-24 18:15:00+00:00
2024-11-11 22:24:42,630 - Short Sell 123.00 shares at 162.15 on 2024-10-24 19:15:00+00:00
2024-11-11 22:24:42,630 - Short Sell 123.00 shares at 162.6 on 2024-10-25 13:30:00+00:00
2024-11-11 22:24:42,630 - Short Sell 123.00 shares at 162.6 on 2024-10-25 13:45:00+00:00
2024-11-11 22:24:42,630 - Short Sell 123.00 shares at 162.82 on 2024-10-25 14:00:00+00:00
2024-11-11 22:24:42,630 - Short Sell 122.00 shares at 163.03 on 2024-10-25 14:15:00+00:00
2024-11-11 22:24:42,630 - Short Sell 122.00 shares at 163.18 on 2024-10-25 14:30:00+00:00
2024-11-11 22:24:42,630 - Short Sell 122.00 shares at 163.03 on 2024-10-25 14:45:00+00:00
2024-11-11 22:24:42,630 - Short Sell 122.00 shares at 163.17 on 2024-10-25 15:00:00+00:00
2024-11-11 22:24:42,630 - Short Sell 123.00 shares at 162.79 on 2024-10-25 15:15:00+00:00
2024-11-11 22:24:42,630 - Short Sell 123.00 shares at 162.86 on 2024-10-25 15:30:00+00:00
2024-11-11 22:24:42,630 - Short Sell 123.00 shares at 162.9 on 2024-10-25 15:45:00+00:00
2024-11-11 22:24:42,630 - Short Sell 123.00 shares at 162.77 on 2024-10-25 16:00:00+00:00
2024-11-11 22:24:42,630 - Short Sell 123.00 shares at 162.86 on 2024-10-25 16:15:00+00:00
2024-11-11 22:24:42,630 - Short Sell 123.00 shares at 162.89 on 2024-10-25 16:30:00+00:00
2024-11-11 22:24:42,630 - Short Sell 123.00 shares at 162.79 on 2024-10-25 16:45:00+00:00
2024-11-11 22:24:42,630 - Short Sell 123.00 shares at 162.86 on 2024-10-25 17:00:00+00:00
2024-11-11 22:24:42,630 - Buy to cover -2702.00 shares at 162.66 on 2024-10-25 17:15:00+00:00 (Exit: Signal, Profit: -54.65999999997939, Duration: 1500.0 minutes)
2024-11-11 22:24:42,630 - Long Buy 123.00 shares at 162.33 on 2024-10-25 17:30:00+00:00
2024-11-11 22:24:42,630 - Long Buy 120.00 shares at 162.44 on 2024-10-25 17:45:00+00:00
2024-11-11 22:24:42,630 - Long Buy 118.00 shares at 162.26 on 2024-10-25 18:00:00+00:00
2024-11-11 22:24:42,630 - Long Buy 116.00 shares at 162.59 on 2024-10-25 18:15:00+00:00
2024-11-11 22:24:42,630 - Long Buy 113.00 shares at 162.39 on 2024-10-25 18:30:00+00:00
2024-11-11 22:24:42,630 - Long Buy 111.00 shares at 162.45 on 2024-10-25 19:15:00+00:00
2024-11-11 22:24:42,630 - Long Buy 109.00 shares at 162.4 on 2024-10-25 19:30:00+00:00
2024-11-11 22:24:42,630 - Long Buy 107.00 shares at 162.37 on 2024-10-25 19:45:00+00:00
2024-11-11 22:24:42,630 - Sell to close 917.00 shares at 164.23 on 2024-10-28 13:30:00+00:00 (Exit: Profit_take, Profit: 1675.1900000000264, Duration: 4080.0 minutes)
2024-11-11 22:24:42,630 - Short Sell 122.00 shares at 163.9 on 2024-10-28 13:45:00+00:00
2024-11-11 22:24:42,631 - Short Sell 122.00 shares at 164.28 on 2024-10-28 14:00:00+00:00
2024-11-11 22:24:42,631 - Short Sell 121.00 shares at 164.78 on 2024-10-28 14:15:00+00:00
2024-11-11 22:24:42,631 - Short Sell 122.00 shares at 164.51 on 2024-10-28 14:30:00+00:00
2024-11-11 22:24:42,631 - Short Sell 121.00 shares at 164.7 on 2024-10-28 14:45:00+00:00
2024-11-11 22:24:42,631 - Short Sell 121.00 shares at 164.84 on 2024-10-28 15:00:00+00:00
2024-11-11 22:24:42,631 - Short Sell 121.00 shares at 164.96 on 2024-10-28 15:15:00+00:00
2024-11-11 22:24:42,631 - Short Sell 121.00 shares at 164.82 on 2024-10-28 15:30:00+00:00
2024-11-11 22:24:42,631 - Short Sell 121.00 shares at 165.42 on 2024-10-28 15:45:00+00:00
2024-11-11 22:24:42,631 - Short Sell 121.00 shares at 165.51 on 2024-10-28 16:00:00+00:00
2024-11-11 22:24:42,631 - Short Sell 121.00 shares at 165.49 on 2024-10-28 16:15:00+00:00
2024-11-11 22:24:42,631 - Short Sell 121.00 shares at 165.32 on 2024-10-28 16:30:00+00:00
2024-11-11 22:24:42,631 - Short Sell 121.00 shares at 165.16 on 2024-10-28 16:45:00+00:00
2024-11-11 22:24:42,631 - Short Sell 121.00 shares at 165.43 on 2024-10-28 17:00:00+00:00
2024-11-11 22:24:42,631 - Short Sell 121.00 shares at 165.4 on 2024-10-28 17:15:00+00:00
2024-11-11 22:24:42,631 - Short Sell 121.00 shares at 165.53 on 2024-10-28 17:30:00+00:00
2024-11-11 22:24:42,631 - Buy to cover -1939.00 shares at 165.65 on 2024-10-28 17:45:00+00:00 (Exit: Stop_loss, Profit: -1256.6099999999885, Duration: 240.0 minutes)
2024-11-11 22:24:42,631 - Long Buy 121.00 shares at 165.26 on 2024-10-29 13:30:00+00:00
2024-11-11 22:24:42,631 - Sell to close 121.00 shares at 165.98 on 2024-10-29 13:45:00+00:00 (Exit: Signal, Profit: 87.11999999999986, Duration: 15.0 minutes)
2024-11-11 22:24:42,631 - Short Sell 120.00 shares at 166.42 on 2024-10-29 14:00:00+00:00
2024-11-11 22:24:42,631 - Short Sell 120.00 shares at 166.35 on 2024-10-29 14:15:00+00:00
2024-11-11 22:24:42,631 - Short Sell 120.00 shares at 166.58 on 2024-10-29 14:30:00+00:00
2024-11-11 22:24:42,631 - Short Sell 120.00 shares at 166.98 on 2024-10-29 14:45:00+00:00
2024-11-11 22:24:42,631 - Short Sell 120.00 shares at 166.77 on 2024-10-29 15:00:00+00:00
2024-11-11 22:24:42,631 - Short Sell 120.00 shares at 166.9 on 2024-10-29 15:15:00+00:00
2024-11-11 22:24:42,631 - Short Sell 120.00 shares at 166.92 on 2024-10-29 15:30:00+00:00
2024-11-11 22:24:42,631 - Short Sell 120.00 shares at 167.01 on 2024-10-29 15:45:00+00:00
2024-11-11 22:24:42,631 - Short Sell 119.00 shares at 167.22 on 2024-10-29 16:00:00+00:00
2024-11-11 22:24:42,632 - Short Sell 120.00 shares at 167.07 on 2024-10-29 16:15:00+00:00
2024-11-11 22:24:42,632 - Short Sell 119.00 shares at 167.28 on 2024-10-29 16:30:00+00:00
2024-11-11 22:24:42,632 - Short Sell 119.00 shares at 167.66 on 2024-10-29 16:45:00+00:00
2024-11-11 22:24:42,632 - Short Sell 119.00 shares at 167.75 on 2024-10-29 17:00:00+00:00
2024-11-11 22:24:42,632 - Short Sell 119.00 shares at 167.65 on 2024-10-29 17:15:00+00:00
2024-11-11 22:24:42,632 - Short Sell 119.00 shares at 167.37 on 2024-10-29 17:30:00+00:00
2024-11-11 22:24:42,632 - Short Sell 119.00 shares at 167.7 on 2024-10-29 17:45:00+00:00
2024-11-11 22:24:42,632 - Short Sell 119.00 shares at 167.58 on 2024-10-29 18:00:00+00:00
2024-11-11 22:24:42,632 - Short Sell 120.00 shares at 166.93 on 2024-10-29 18:15:00+00:00
2024-11-11 22:24:42,632 - Short Sell 120.00 shares at 166.59 on 2024-10-29 18:30:00+00:00
2024-11-11 22:24:42,632 - Short Sell 120.00 shares at 166.69 on 2024-10-29 18:45:00+00:00
2024-11-11 22:24:42,632 - Buy to cover -2392.00 shares at 166.63 on 2024-10-29 19:00:00+00:00 (Exit: Signal, Profit: 1051.2299999999152, Duration: 300.0 minutes)
2024-11-11 22:24:42,632 - Long Buy 120.00 shares at 166.42 on 2024-10-29 19:15:00+00:00
2024-11-11 22:24:42,632 - Long Buy 118.00 shares at 166.27 on 2024-10-29 19:45:00+00:00
2024-11-11 22:24:42,632 - Sell to close 238.00 shares at 197.53 on 2024-10-30 13:30:00+00:00 (Exit: Profit_take, Profit: 7421.880000000006, Duration: 1095.0 minutes)
2024-11-11 22:24:42,632 - Short Sell 100.00 shares at 200.75 on 2024-10-30 13:45:00+00:00
2024-11-11 22:24:42,632 - Short Sell 100.00 shares at 201.47 on 2024-10-30 14:00:00+00:00
2024-11-11 22:24:42,632 - Buy to cover -200.00 shares at 203.91 on 2024-10-30 14:15:00+00:00 (Exit: Stop_loss, Profit: -559.9999999999966, Duration: 30.0 minutes)
2024-11-11 22:24:42,632 - Long Buy 99.00 shares at 203.26 on 2024-10-31 13:30:00+00:00
2024-11-11 22:24:42,632 - Long Buy 97.00 shares at 203.83 on 2024-10-31 13:45:00+00:00
2024-11-11 22:24:42,632 - Long Buy 95.00 shares at 204.07 on 2024-10-31 14:00:00+00:00
2024-11-11 22:24:42,632 - Long Buy 93.00 shares at 203.26 on 2024-10-31 14:15:00+00:00
2024-11-11 22:24:42,632 - Long Buy 91.00 shares at 203.71 on 2024-10-31 14:30:00+00:00
2024-11-11 22:24:42,632 - Long Buy 90.00 shares at 202.31 on 2024-10-31 14:45:00+00:00
2024-11-11 22:24:42,632 - Long Buy 88.00 shares at 203.21 on 2024-10-31 15:00:00+00:00
2024-11-11 22:24:42,633 - Long Buy 86.00 shares at 202.81 on 2024-10-31 15:15:00+00:00
2024-11-11 22:24:42,633 - Long Buy 84.00 shares at 203.78 on 2024-10-31 15:30:00+00:00
2024-11-11 22:24:42,633 - Long Buy 82.00 shares at 203.46 on 2024-10-31 15:45:00+00:00
2024-11-11 22:24:42,633 - Long Buy 81.00 shares at 203.2 on 2024-10-31 16:00:00+00:00
2024-11-11 22:24:42,633 - Long Buy 80.00 shares at 202.16 on 2024-10-31 16:15:00+00:00
2024-11-11 22:24:42,633 - Sell to close 1066.00 shares at 201.22 on 2024-10-31 16:30:00+00:00 (Exit: Stop_loss, Profit: -2186.4499999999925, Duration: 180.0 minutes)
2024-11-11 22:24:42,633 - Long Buy 100.00 shares at 200.36 on 2024-11-01 13:30:00+00:00
2024-11-11 22:24:42,633 - Sell to close 100.00 shares at 197.84 on 2024-11-01 13:45:00+00:00 (Exit: Stop_loss, Profit: -252.00000000000102, Duration: 15.0 minutes)
2024-11-11 22:24:42,633 - Short Sell 101.00 shares at 199.59 on 2024-11-04 16:30:00+00:00
2024-11-11 22:24:42,633 - Short Sell 100.00 shares at 200.4 on 2024-11-04 17:00:00+00:00
2024-11-11 22:24:42,633 - Short Sell 100.00 shares at 200.31 on 2024-11-04 17:15:00+00:00
2024-11-11 22:24:42,633 - Buy to cover -301.00 shares at 201.66 on 2024-11-05 14:30:00+00:00 (Exit: Stop_loss, Profit: -470.0699999999985, Duration: 1320.0 minutes)
2024-11-11 22:24:42,634 - Short Sell 97.00 shares at 206.89 on 2024-11-06 14:30:00+00:00
2024-11-11 22:24:42,634 - Short Sell 97.00 shares at 206.74 on 2024-11-06 14:45:00+00:00
2024-11-11 22:24:42,634 - Short Sell 96.00 shares at 207.92 on 2024-11-06 15:00:00+00:00
2024-11-11 22:24:42,634 - Buy to cover -290.00 shares at 209.0 on 2024-11-06 15:15:00+00:00 (Exit: Stop_loss, Profit: -527.5699999999986, Duration: 45.0 minutes)
2024-11-11 22:24:42,634 - Short Sell 95.00 shares at 211.15 on 2024-11-07 14:30:00+00:00
2024-11-11 22:24:42,634 - Short Sell 95.00 shares at 211.21 on 2024-11-07 14:45:00+00:00
2024-11-11 22:24:42,634 - Buy to cover -190.00 shares at 209.74 on 2024-11-07 15:00:00+00:00 (Exit: Profit_take, Profit: 273.59999999999417, Duration: 30.0 minutes)
2024-11-11 22:24:42,634 - Short Sell 95.00 shares at 211.99 on 2024-11-07 15:30:00+00:00
2024-11-11 22:24:42,634 - Short Sell 95.00 shares at 212.02 on 2024-11-07 15:45:00+00:00
2024-11-11 22:24:42,634 - Short Sell 95.00 shares at 211.43 on 2024-11-07 16:00:00+00:00
2024-11-11 22:24:42,634 - Buy to cover -285.00 shares at 210.44 on 2024-11-07 19:00:00+00:00 (Exit: Profit_take, Profit: 391.40000000000043, Duration: 210.0 minutes)
2024-11-11 22:24:42,635 - Long Buy 95.00 shares at 210.05 on 2024-11-07 19:30:00+00:00
2024-11-11 22:24:42,635 - Sell to close 95.00 shares at 211.18 on 2024-11-08 14:30:00+00:00 (Exit: Profit_take, Profit: 107.34999999999957, Duration: 1140.0 minutes)
2024-11-11 22:24:42,635 - Short Sell 94.00 shares at 212.31 on 2024-11-08 14:45:00+00:00
2024-11-11 22:24:42,635 - Short Sell 94.00 shares at 213.48 on 2024-11-08 15:00:00+00:00
2024-11-11 22:24:42,635 - Short Sell 94.00 shares at 214.17 on 2024-11-08 15:15:00+00:00
2024-11-11 22:24:42,635 - Buy to cover -282.00 shares at 214.61 on 2024-11-08 15:30:00+00:00 (Exit: Stop_loss, Profit: -363.7800000000138, Duration: 45.0 minutes)
2024-11-11 22:24:42,637 - Final statisticsStock: GRMN, 
total_trades: 27, 
winning_trades: 17, 
losing_trades: 10, 
average_return: 0.006729335817824775, 
average_duration: 965.0, 
final_balance: 1007897.939999999, 
final_portfolio_value: 1007897.939999999, 
sharpe_ratio: -1.8248787443545043, 



