2024-11-11 21:52:40,996 - Starting GBMStrategy with initial capital: 1000000
2024-11-11 21:52:40,996 - Hyperparameters: {'threshold': 1.5, 'time_periods': 30, 'num_simulations': 150}
2024-11-11 21:54:00,664 - Short Sell 18.00 shares at 1075.87 on 2024-10-11 14:30:00+00:00
2024-11-11 21:54:00,666 - Short Sell 18.00 shares at 1080.37 on 2024-10-11 14:45:00+00:00
2024-11-11 21:54:00,666 - Short Sell 18.00 shares at 1081.03 on 2024-10-11 15:00:00+00:00
2024-11-11 21:54:00,666 - Short Sell 18.00 shares at 1082.17 on 2024-10-11 15:45:00+00:00
2024-11-11 21:54:00,666 - Buy to cover -72.00 shares at 1087.19 on 2024-10-11 16:00:00+00:00 (Exit: Stop_loss, Profit: -527.7600000000111, Duration: 90.0 minutes)
2024-11-11 21:54:00,666 - Short Sell 18.00 shares at 1093.41 on 2024-10-14 13:30:00+00:00
2024-11-11 21:54:00,666 - Buy to cover -18.00 shares at 1085.42 on 2024-10-14 13:45:00+00:00 (Exit: Profit_take, Profit: 143.82000000000016, Duration: 15.0 minutes)
2024-11-11 21:54:00,666 - Short Sell 18.00 shares at 1093.22 on 2024-10-14 14:30:00+00:00
2024-11-11 21:54:00,666 - Short Sell 18.00 shares at 1095.04 on 2024-10-14 14:45:00+00:00
2024-11-11 21:54:00,666 - Short Sell 18.00 shares at 1093.39 on 2024-10-14 15:00:00+00:00
2024-11-11 21:54:00,666 - Short Sell 18.00 shares at 1093.39 on 2024-10-14 15:15:00+00:00
2024-11-11 21:54:00,666 - Short Sell 18.00 shares at 1098.04 on 2024-10-14 15:30:00+00:00
2024-11-11 21:54:00,666 - Short Sell 18.00 shares at 1098.75 on 2024-10-14 15:45:00+00:00
2024-11-11 21:54:00,666 - Short Sell 18.00 shares at 1100.4 on 2024-10-14 16:00:00+00:00
2024-11-11 21:54:00,667 - Short Sell 18.00 shares at 1101.18 on 2024-10-14 16:15:00+00:00
2024-11-11 21:54:00,667 - Short Sell 18.00 shares at 1098.14 on 2024-10-14 16:30:00+00:00
2024-11-11 21:54:00,667 - Short Sell 18.00 shares at 1100.21 on 2024-10-14 18:00:00+00:00
2024-11-11 21:54:00,667 - Short Sell 18.00 shares at 1101.4 on 2024-10-14 18:15:00+00:00
2024-11-11 21:54:00,667 - Short Sell 18.00 shares at 1101.92 on 2024-10-14 18:30:00+00:00
2024-11-11 21:54:00,667 - Short Sell 18.00 shares at 1102.59 on 2024-10-14 18:45:00+00:00
2024-11-11 21:54:00,667 - Short Sell 18.00 shares at 1103.13 on 2024-10-14 19:00:00+00:00
2024-11-11 21:54:00,667 - Short Sell 18.00 shares at 1102.16 on 2024-10-14 19:15:00+00:00
2024-11-11 21:54:00,667 - Short Sell 18.00 shares at 1101.87 on 2024-10-15 14:00:00+00:00
2024-11-11 21:54:00,667 - Buy to cover -288.00 shares at 1104.78 on 2024-10-15 14:15:00+00:00 (Exit: Stop_loss, Profit: -1649.6999999999607, Duration: 1425.0 minutes)
2024-11-11 21:54:00,667 - Short Sell 18.00 shares at 1108.76 on 2024-10-16 13:45:00+00:00
2024-11-11 21:54:00,667 - Short Sell 17.00 shares at 1112.92 on 2024-10-16 14:00:00+00:00
2024-11-11 21:54:00,667 - Short Sell 17.00 shares at 1112.49 on 2024-10-16 14:15:00+00:00
2024-11-11 21:54:00,667 - Short Sell 17.00 shares at 1113.82 on 2024-10-16 14:30:00+00:00
2024-11-11 21:54:00,667 - Short Sell 17.00 shares at 1112.65 on 2024-10-16 14:45:00+00:00
2024-11-11 21:54:00,667 - Short Sell 18.00 shares at 1108.67 on 2024-10-16 15:00:00+00:00
2024-11-11 21:54:00,667 - Short Sell 17.00 shares at 1111.44 on 2024-10-16 15:15:00+00:00
2024-11-11 21:54:00,667 - Short Sell 17.00 shares at 1112.98 on 2024-10-16 15:30:00+00:00
2024-11-11 21:54:00,667 - Short Sell 17.00 shares at 1112.68 on 2024-10-16 15:45:00+00:00
2024-11-11 21:54:00,667 - Short Sell 17.00 shares at 1113.14 on 2024-10-16 16:00:00+00:00
2024-11-11 21:54:00,667 - Short Sell 17.00 shares at 1113.91 on 2024-10-16 16:15:00+00:00
2024-11-11 21:54:00,667 - Short Sell 17.00 shares at 1113.17 on 2024-10-16 16:30:00+00:00
2024-11-11 21:54:00,668 - Short Sell 17.00 shares at 1112.4 on 2024-10-16 16:45:00+00:00
2024-11-11 21:54:00,668 - Short Sell 17.00 shares at 1112.46 on 2024-10-16 17:00:00+00:00
2024-11-11 21:54:00,668 - Short Sell 17.00 shares at 1111.93 on 2024-10-16 17:15:00+00:00
2024-11-11 21:54:00,668 - Buy to cover -257.00 shares at 1110.65 on 2024-10-16 17:30:00+00:00 (Exit: Signal, Profit: 398.5199999999604, Duration: 225.0 minutes)
2024-11-11 21:54:00,668 - Long Buy 18.00 shares at 1106.68 on 2024-10-17 13:45:00+00:00
2024-11-11 21:54:00,668 - Sell to close 18.00 shares at 1113.01 on 2024-10-17 14:00:00+00:00 (Exit: Profit_take, Profit: 113.93999999999869, Duration: 15.0 minutes)
2024-11-11 21:54:00,669 - Short Sell 17.00 shares at 1115.78 on 2024-10-17 18:30:00+00:00
2024-11-11 21:54:00,669 - Short Sell 17.00 shares at 1118.12 on 2024-10-17 18:45:00+00:00
2024-11-11 21:54:00,669 - Short Sell 17.00 shares at 1119.25 on 2024-10-17 19:00:00+00:00
2024-11-11 21:54:00,669 - Short Sell 17.00 shares at 1117.65 on 2024-10-17 19:15:00+00:00
2024-11-11 21:54:00,669 - Short Sell 17.00 shares at 1119.96 on 2024-10-17 19:45:00+00:00
2024-11-11 21:54:00,669 - Short Sell 17.00 shares at 1122.96 on 2024-10-18 13:30:00+00:00
2024-11-11 21:54:00,669 - Short Sell 17.00 shares at 1120.07 on 2024-10-18 13:45:00+00:00
2024-11-11 21:54:00,669 - Short Sell 17.00 shares at 1120.57 on 2024-10-18 14:00:00+00:00
2024-11-11 21:54:00,669 - Short Sell 17.00 shares at 1121.59 on 2024-10-18 14:30:00+00:00
2024-11-11 21:54:00,669 - Short Sell 17.00 shares at 1123.26 on 2024-10-18 14:45:00+00:00
2024-11-11 21:54:00,669 - Short Sell 17.00 shares at 1122.58 on 2024-10-18 15:00:00+00:00
2024-11-11 21:54:00,669 - Short Sell 17.00 shares at 1123.73 on 2024-10-18 15:15:00+00:00
2024-11-11 21:54:00,669 - Short Sell 17.00 shares at 1122.59 on 2024-10-18 15:30:00+00:00
2024-11-11 21:54:00,669 - Short Sell 17.00 shares at 1121.28 on 2024-10-18 15:45:00+00:00
2024-11-11 21:54:00,669 - Short Sell 17.00 shares at 1123.24 on 2024-10-18 16:15:00+00:00
2024-11-11 21:54:00,669 - Short Sell 17.00 shares at 1123.1 on 2024-10-18 16:30:00+00:00
2024-11-11 21:54:00,669 - Short Sell 17.00 shares at 1124.49 on 2024-10-18 16:45:00+00:00
2024-11-11 21:54:00,669 - Short Sell 17.00 shares at 1125.3 on 2024-10-18 17:00:00+00:00
2024-11-11 21:54:00,669 - Short Sell 17.00 shares at 1122.91 on 2024-10-18 17:15:00+00:00
2024-11-11 21:54:00,669 - Short Sell 17.00 shares at 1124.87 on 2024-10-18 17:30:00+00:00
2024-11-11 21:54:00,669 - Short Sell 17.00 shares at 1122.88 on 2024-10-18 17:45:00+00:00
2024-11-11 21:54:00,669 - Short Sell 17.00 shares at 1123.74 on 2024-10-18 18:00:00+00:00
2024-11-11 21:54:00,669 - Short Sell 17.00 shares at 1126.2 on 2024-10-18 18:15:00+00:00
2024-11-11 21:54:00,669 - Short Sell 17.00 shares at 1125.26 on 2024-10-18 18:30:00+00:00
2024-11-11 21:54:00,669 - Buy to cover -408.00 shares at 1127.53 on 2024-10-18 18:45:00+00:00 (Exit: Stop_loss, Profit: -2198.7800000000643, Duration: 1455.0 minutes)
2024-11-11 21:54:00,669 - Short Sell 17.00 shares at 1127.87 on 2024-10-21 13:30:00+00:00
2024-11-11 21:54:00,669 - Short Sell 17.00 shares at 1128.5 on 2024-10-21 13:45:00+00:00
2024-11-11 21:54:00,670 - Buy to cover -34.00 shares at 1119.82 on 2024-10-21 14:45:00+00:00 (Exit: Profit_take, Profit: 284.4099999999926, Duration: 75.0 minutes)
2024-11-11 21:54:00,670 - Long Buy 17.00 shares at 1116.43 on 2024-10-21 15:00:00+00:00
2024-11-11 21:54:00,670 - Long Buy 17.00 shares at 1113.83 on 2024-10-21 15:15:00+00:00
2024-11-11 21:54:00,670 - Long Buy 17.00 shares at 1114.66 on 2024-10-21 15:30:00+00:00
2024-11-11 21:54:00,670 - Long Buy 16.00 shares at 1116.23 on 2024-10-21 15:45:00+00:00
2024-11-11 21:54:00,670 - Long Buy 16.00 shares at 1115.52 on 2024-10-21 16:00:00+00:00
2024-11-11 21:54:00,670 - Long Buy 16.00 shares at 1117.56 on 2024-10-21 16:15:00+00:00
2024-11-11 21:54:00,670 - Long Buy 15.00 shares at 1119.25 on 2024-10-21 16:30:00+00:00
2024-11-11 21:54:00,670 - Long Buy 15.00 shares at 1121.5 on 2024-10-21 16:45:00+00:00
2024-11-11 21:54:00,670 - Long Buy 15.00 shares at 1121.56 on 2024-10-21 17:00:00+00:00
2024-11-11 21:54:00,670 - Long Buy 14.00 shares at 1121.36 on 2024-10-21 17:15:00+00:00
2024-11-11 21:54:00,670 - Long Buy 14.00 shares at 1120.91 on 2024-10-21 17:30:00+00:00
2024-11-11 21:54:00,670 - Long Buy 14.00 shares at 1121.69 on 2024-10-21 18:00:00+00:00
2024-11-11 21:54:00,670 - Long Buy 14.00 shares at 1121.03 on 2024-10-21 18:15:00+00:00
2024-11-11 21:54:00,670 - Long Buy 13.00 shares at 1120.66 on 2024-10-21 18:30:00+00:00
2024-11-11 21:54:00,670 - Long Buy 13.00 shares at 1121.5 on 2024-10-21 18:45:00+00:00
2024-11-11 21:54:00,670 - Long Buy 13.00 shares at 1119.41 on 2024-10-21 19:15:00+00:00
2024-11-11 21:54:00,670 - Long Buy 13.00 shares at 1119.24 on 2024-10-21 19:30:00+00:00
2024-11-11 21:54:00,670 - Long Buy 12.00 shares at 1120.66 on 2024-10-21 19:45:00+00:00
2024-11-11 21:54:00,670 - Sell to close 264.00 shares at 1107.13 on 2024-10-22 13:30:00+00:00 (Exit: Stop_loss, Profit: -3093.240000000038, Duration: 1350.0 minutes)
2024-11-11 21:54:00,670 - Long Buy 18.00 shares at 1097.16 on 2024-10-23 13:30:00+00:00
2024-11-11 21:54:00,670 - Long Buy 17.00 shares at 1096.3 on 2024-10-23 13:45:00+00:00
2024-11-11 21:54:00,671 - Long Buy 17.00 shares at 1094.79 on 2024-10-23 14:00:00+00:00
2024-11-11 21:54:00,671 - Long Buy 17.00 shares at 1096.65 on 2024-10-23 14:15:00+00:00
2024-11-11 21:54:00,671 - Long Buy 16.00 shares at 1094.93 on 2024-10-23 14:30:00+00:00
2024-11-11 21:54:00,671 - Long Buy 16.00 shares at 1094.85 on 2024-10-23 14:45:00+00:00
2024-11-11 21:54:00,671 - Long Buy 16.00 shares at 1089.62 on 2024-10-23 15:15:00+00:00
2024-11-11 21:54:00,671 - Long Buy 15.00 shares at 1090.86 on 2024-10-23 15:30:00+00:00
2024-11-11 21:54:00,671 - Long Buy 15.00 shares at 1092.37 on 2024-10-23 15:45:00+00:00
2024-11-11 21:54:00,671 - Long Buy 15.00 shares at 1089.06 on 2024-10-23 16:00:00+00:00
2024-11-11 21:54:00,671 - Long Buy 14.00 shares at 1090.55 on 2024-10-23 16:15:00+00:00
2024-11-11 21:54:00,671 - Long Buy 14.00 shares at 1092.1 on 2024-10-23 16:30:00+00:00
2024-11-11 21:54:00,671 - Long Buy 14.00 shares at 1091.37 on 2024-10-23 16:45:00+00:00
2024-11-11 21:54:00,671 - Long Buy 14.00 shares at 1089.0 on 2024-10-23 17:00:00+00:00
2024-11-11 21:54:00,671 - Long Buy 13.00 shares at 1090.16 on 2024-10-23 17:15:00+00:00
2024-11-11 21:54:00,671 - Long Buy 13.00 shares at 1088.98 on 2024-10-23 17:30:00+00:00
2024-11-11 21:54:00,671 - Long Buy 13.00 shares at 1089.14 on 2024-10-23 17:45:00+00:00
2024-11-11 21:54:00,671 - Long Buy 13.00 shares at 1089.51 on 2024-10-23 18:00:00+00:00
2024-11-11 21:54:00,671 - Sell to close 270.00 shares at 1085.68 on 2024-10-23 18:15:00+00:00 (Exit: Stop_loss, Profit: -1795.1600000000712, Duration: 285.0 minutes)
2024-11-11 21:54:00,671 - Long Buy 18.00 shares at 1085.77 on 2024-10-24 13:30:00+00:00
2024-11-11 21:54:00,671 - Long Buy 17.00 shares at 1087.65 on 2024-10-24 13:45:00+00:00
2024-11-11 21:54:00,671 - Long Buy 17.00 shares at 1089.79 on 2024-10-24 14:00:00+00:00
2024-11-11 21:54:00,671 - Long Buy 17.00 shares at 1090.36 on 2024-10-24 14:15:00+00:00
2024-11-11 21:54:00,671 - Long Buy 16.00 shares at 1089.03 on 2024-10-24 14:45:00+00:00
2024-11-11 21:54:00,671 - Long Buy 16.00 shares at 1088.56 on 2024-10-24 15:00:00+00:00
2024-11-11 21:54:00,671 - Long Buy 16.00 shares at 1087.57 on 2024-10-24 15:15:00+00:00
2024-11-11 21:54:00,671 - Long Buy 15.00 shares at 1087.55 on 2024-10-24 15:30:00+00:00
2024-11-11 21:54:00,671 - Long Buy 15.00 shares at 1089.45 on 2024-10-24 15:45:00+00:00
2024-11-11 21:54:00,671 - Long Buy 15.00 shares at 1086.87 on 2024-10-24 16:00:00+00:00
2024-11-11 21:54:00,671 - Long Buy 14.00 shares at 1087.77 on 2024-10-24 16:15:00+00:00
2024-11-11 21:54:00,671 - Sell to close 176.00 shares at 1092.25 on 2024-10-24 17:15:00+00:00 (Exit: Signal, Profit: 710.1499999999869, Duration: 225.0 minutes)
2024-11-11 21:54:00,672 - Short Sell 18.00 shares at 1092.17 on 2024-10-24 17:30:00+00:00
2024-11-11 21:54:00,672 - Buy to cover -18.00 shares at 1086.0 on 2024-10-24 18:45:00+00:00 (Exit: Profit_take, Profit: 111.06000000000131, Duration: 75.0 minutes)
2024-11-11 21:54:00,672 - Long Buy 18.00 shares at 1084.56 on 2024-10-24 19:15:00+00:00
2024-11-11 21:54:00,672 - Long Buy 17.00 shares at 1084.91 on 2024-10-24 19:30:00+00:00
2024-11-11 21:54:00,672 - Long Buy 17.00 shares at 1082.08 on 2024-10-24 19:45:00+00:00
2024-11-11 21:54:00,672 - Sell to close 52.00 shares at 1090.09 on 2024-10-25 13:30:00+00:00 (Exit: Profit_take, Profit: 323.7699999999895, Duration: 1095.0 minutes)
2024-11-11 21:54:00,672 - Short Sell 18.00 shares at 1095.12 on 2024-10-25 14:00:00+00:00
2024-11-11 21:54:00,672 - Short Sell 18.00 shares at 1097.53 on 2024-10-25 14:15:00+00:00
2024-11-11 21:54:00,672 - Buy to cover -36.00 shares at 1088.24 on 2024-10-25 14:45:00+00:00 (Exit: Profit_take, Profit: 291.0599999999931, Duration: 45.0 minutes)
2024-11-11 21:54:00,672 - Long Buy 18.00 shares at 1085.01 on 2024-10-25 15:15:00+00:00
2024-11-11 21:54:00,672 - Long Buy 17.00 shares at 1086.5 on 2024-10-25 17:00:00+00:00
2024-11-11 21:54:00,672 - Long Buy 17.00 shares at 1086.14 on 2024-10-25 17:15:00+00:00
2024-11-11 21:54:00,672 - Long Buy 17.00 shares at 1085.71 on 2024-10-25 17:30:00+00:00
2024-11-11 21:54:00,672 - Sell to close 69.00 shares at 1092.75 on 2024-10-25 18:45:00+00:00 (Exit: Profit_take, Profit: 477.62000000001717, Duration: 210.0 minutes)
2024-11-11 21:54:00,672 - Short Sell 18.00 shares at 1090.99 on 2024-10-25 19:00:00+00:00
2024-11-11 21:54:00,672 - Short Sell 18.00 shares at 1091.27 on 2024-10-25 19:15:00+00:00
2024-11-11 21:54:00,672 - Short Sell 18.00 shares at 1091.5 on 2024-10-25 19:30:00+00:00
2024-11-11 21:54:00,672 - Buy to cover -54.00 shares at 1106.69 on 2024-10-28 13:30:00+00:00 (Exit: Stop_loss, Profit: -833.5799999999908, Duration: 3990.0 minutes)
2024-11-11 21:54:00,673 - Long Buy 18.00 shares at 1098.39 on 2024-10-29 13:30:00+00:00
2024-11-11 21:54:00,673 - Long Buy 17.00 shares at 1098.98 on 2024-10-29 13:45:00+00:00
2024-11-11 21:54:00,673 - Sell to close 35.00 shares at 1106.56 on 2024-10-29 14:30:00+00:00 (Exit: Profit_take, Profit: 275.91999999999985, Duration: 60.0 minutes)
2024-11-11 21:54:00,673 - Long Buy 18.00 shares at 1099.07 on 2024-10-29 15:15:00+00:00
2024-11-11 21:54:00,673 - Long Buy 17.00 shares at 1099.47 on 2024-10-29 15:30:00+00:00
2024-11-11 21:54:00,673 - Long Buy 17.00 shares at 1098.79 on 2024-10-29 17:30:00+00:00
2024-11-11 21:54:00,673 - Sell to close 52.00 shares at 1105.14 on 2024-10-29 18:30:00+00:00 (Exit: Profit_take, Profit: 313.60000000000036, Duration: 195.0 minutes)
2024-11-11 21:54:00,673 - Long Buy 18.00 shares at 1103.04 on 2024-10-29 19:00:00+00:00
2024-11-11 21:54:00,673 - Long Buy 17.00 shares at 1101.86 on 2024-10-29 19:15:00+00:00
2024-11-11 21:54:00,673 - Long Buy 17.00 shares at 1101.61 on 2024-10-29 19:30:00+00:00
2024-11-11 21:54:00,673 - Long Buy 17.00 shares at 1099.17 on 2024-10-29 19:45:00+00:00
2024-11-11 21:54:00,673 - Long Buy 16.00 shares at 1097.05 on 2024-10-30 13:30:00+00:00
2024-11-11 21:54:00,673 - Long Buy 16.00 shares at 1102.39 on 2024-10-30 14:15:00+00:00
2024-11-11 21:54:00,673 - Long Buy 16.00 shares at 1101.5 on 2024-10-30 14:30:00+00:00
2024-11-11 21:54:00,674 - Sell to close 117.00 shares at 1109.81 on 2024-10-30 15:30:00+00:00 (Exit: Profit_take, Profit: 1033.1300000000338, Duration: 1230.0 minutes)
2024-11-11 21:54:00,674 - Short Sell 17.00 shares at 1110.06 on 2024-10-30 18:00:00+00:00
2024-11-11 21:54:00,674 - Short Sell 17.00 shares at 1110.43 on 2024-10-30 18:30:00+00:00
2024-11-11 21:54:00,674 - Buy to cover -34.00 shares at 1098.87 on 2024-10-30 19:45:00+00:00 (Exit: Profit_take, Profit: 386.75000000000773, Duration: 105.0 minutes)
2024-11-11 21:54:00,674 - Short Sell 17.00 shares at 1120.0 on 2024-10-31 13:30:00+00:00
2024-11-11 21:54:00,674 - Short Sell 17.00 shares at 1115.0 on 2024-10-31 13:45:00+00:00
2024-11-11 21:54:00,674 - Buy to cover -34.00 shares at 1111.0 on 2024-10-31 14:00:00+00:00 (Exit: Profit_take, Profit: 221.0, Duration: 30.0 minutes)
2024-11-11 21:54:00,674 - Short Sell 17.00 shares at 1112.1 on 2024-10-31 14:15:00+00:00
2024-11-11 21:54:00,674 - Short Sell 17.00 shares at 1112.96 on 2024-10-31 14:30:00+00:00
2024-11-11 21:54:00,674 - Short Sell 17.00 shares at 1107.02 on 2024-10-31 14:45:00+00:00
2024-11-11 21:54:00,674 - Buy to cover -51.00 shares at 1094.72 on 2024-10-31 15:00:00+00:00 (Exit: Profit_take, Profit: 814.6400000000012, Duration: 45.0 minutes)
2024-11-11 21:54:00,674 - Short Sell 18.00 shares at 1102.84 on 2024-10-31 15:30:00+00:00
2024-11-11 21:54:00,674 - Buy to cover -18.00 shares at 1096.3 on 2024-10-31 16:00:00+00:00 (Exit: Profit_take, Profit: 117.71999999999935, Duration: 30.0 minutes)
2024-11-11 21:54:00,674 - Short Sell 18.00 shares at 1103.98 on 2024-10-31 16:15:00+00:00
2024-11-11 21:54:00,674 - Short Sell 17.00 shares at 1106.73 on 2024-10-31 16:30:00+00:00
2024-11-11 21:54:00,674 - Short Sell 18.00 shares at 1105.61 on 2024-10-31 16:45:00+00:00
2024-11-11 21:54:00,674 - Short Sell 17.00 shares at 1108.8 on 2024-10-31 17:00:00+00:00
2024-11-11 21:54:00,674 - Short Sell 17.00 shares at 1113.47 on 2024-10-31 17:15:00+00:00
2024-11-11 21:54:00,675 - Buy to cover -87.00 shares at 1119.82 on 2024-10-31 17:30:00+00:00 (Exit: Stop_loss, Profit: -1058.7199999999941, Duration: 75.0 minutes)
2024-11-11 21:54:00,675 - Short Sell 18.00 shares at 1104.79 on 2024-11-01 13:30:00+00:00
2024-11-11 21:54:00,675 - Short Sell 17.00 shares at 1106.71 on 2024-11-01 13:45:00+00:00
2024-11-11 21:54:00,675 - Short Sell 17.00 shares at 1114.63 on 2024-11-01 14:00:00+00:00
2024-11-11 21:54:00,675 - Buy to cover -52.00 shares at 1117.32 on 2024-11-01 14:15:00+00:00 (Exit: Stop_loss, Profit: -451.63999999999214, Duration: 45.0 minutes)
2024-11-11 21:54:00,675 - Long Buy 18.00 shares at 1101.53 on 2024-11-04 14:30:00+00:00
2024-11-11 21:54:00,675 - Long Buy 17.00 shares at 1104.02 on 2024-11-04 14:45:00+00:00
2024-11-11 21:54:00,675 - Long Buy 17.00 shares at 1099.51 on 2024-11-04 15:00:00+00:00
2024-11-11 21:54:00,675 - Long Buy 17.00 shares at 1097.36 on 2024-11-04 15:15:00+00:00
2024-11-11 21:54:00,675 - Long Buy 16.00 shares at 1097.68 on 2024-11-04 15:30:00+00:00
2024-11-11 21:54:00,675 - Long Buy 16.00 shares at 1094.99 on 2024-11-04 15:45:00+00:00
2024-11-11 21:54:00,675 - Long Buy 16.00 shares at 1099.65 on 2024-11-04 16:00:00+00:00
2024-11-11 21:54:00,675 - Long Buy 15.00 shares at 1101.6 on 2024-11-04 16:15:00+00:00
2024-11-11 21:54:00,675 - Long Buy 15.00 shares at 1097.9 on 2024-11-04 16:30:00+00:00
2024-11-11 21:54:00,675 - Long Buy 15.00 shares at 1098.29 on 2024-11-04 16:45:00+00:00
2024-11-11 21:54:00,675 - Long Buy 14.00 shares at 1096.56 on 2024-11-04 17:00:00+00:00
2024-11-11 21:54:00,675 - Long Buy 14.00 shares at 1098.57 on 2024-11-04 17:30:00+00:00
2024-11-11 21:54:00,675 - Long Buy 14.00 shares at 1099.04 on 2024-11-04 17:45:00+00:00
2024-11-11 21:54:00,675 - Long Buy 14.00 shares at 1097.31 on 2024-11-04 18:00:00+00:00
2024-11-11 21:54:00,675 - Long Buy 13.00 shares at 1097.32 on 2024-11-04 18:15:00+00:00
2024-11-11 21:54:00,675 - Long Buy 13.00 shares at 1097.52 on 2024-11-04 18:30:00+00:00
2024-11-11 21:54:00,675 - Long Buy 13.00 shares at 1096.29 on 2024-11-04 18:45:00+00:00
2024-11-11 21:54:00,675 - Long Buy 12.00 shares at 1097.79 on 2024-11-04 19:00:00+00:00
2024-11-11 21:54:00,675 - Long Buy 12.00 shares at 1096.11 on 2024-11-04 19:15:00+00:00
2024-11-11 21:54:00,675 - Long Buy 12.00 shares at 1096.47 on 2024-11-04 19:30:00+00:00
2024-11-11 21:54:00,675 - Long Buy 12.00 shares at 1096.48 on 2024-11-04 19:45:00+00:00
2024-11-11 21:54:00,676 - Long Buy 12.00 shares at 1096.08 on 2024-11-04 20:00:00+00:00
2024-11-11 21:54:00,676 - Long Buy 11.00 shares at 1096.57 on 2024-11-04 20:15:00+00:00
2024-11-11 21:54:00,676 - Long Buy 11.00 shares at 1096.38 on 2024-11-04 20:30:00+00:00
2024-11-11 21:54:00,676 - Long Buy 11.00 shares at 1095.99 on 2024-11-04 20:45:00+00:00
2024-11-11 21:54:00,676 - Sell to close 350.00 shares at 1103.8 on 2024-11-05 15:00:00+00:00 (Exit: Profit_take, Profit: 2004.4499999999516, Duration: 1470.0 minutes)
2024-11-11 21:54:00,676 - Short Sell 17.00 shares at 1110.34 on 2024-11-05 15:15:00+00:00
2024-11-11 21:54:00,676 - Short Sell 17.00 shares at 1110.89 on 2024-11-05 15:30:00+00:00
2024-11-11 21:54:00,676 - Short Sell 17.00 shares at 1111.97 on 2024-11-05 15:45:00+00:00
2024-11-11 21:54:00,676 - Short Sell 17.00 shares at 1111.94 on 2024-11-05 16:00:00+00:00
2024-11-11 21:54:00,676 - Short Sell 17.00 shares at 1112.77 on 2024-11-05 16:15:00+00:00
2024-11-11 21:54:00,676 - Short Sell 17.00 shares at 1113.5 on 2024-11-05 16:30:00+00:00
2024-11-11 21:54:00,676 - Short Sell 17.00 shares at 1113.14 on 2024-11-05 16:45:00+00:00
2024-11-11 21:54:00,676 - Short Sell 17.00 shares at 1113.82 on 2024-11-05 17:00:00+00:00
2024-11-11 21:54:00,676 - Short Sell 17.00 shares at 1115.28 on 2024-11-05 17:15:00+00:00
2024-11-11 21:54:00,676 - Buy to cover -153.00 shares at 1115.28 on 2024-11-05 17:30:00+00:00 (Exit: Signal, Profit: -405.7899999999672, Duration: 135.0 minutes)
2024-11-11 21:54:00,676 - Long Buy 17.00 shares at 1113.81 on 2024-11-05 17:45:00+00:00
2024-11-11 21:54:00,676 - Sell to close 17.00 shares at 1119.05 on 2024-11-05 18:45:00+00:00 (Exit: Signal, Profit: 89.08000000000015, Duration: 60.0 minutes)
2024-11-11 21:54:00,676 - Short Sell 17.00 shares at 1119.05 on 2024-11-05 19:00:00+00:00
2024-11-11 21:54:00,676 - Short Sell 17.00 shares at 1120.79 on 2024-11-05 19:15:00+00:00
2024-11-11 21:54:00,676 - Short Sell 17.00 shares at 1122.18 on 2024-11-05 19:30:00+00:00
2024-11-11 21:54:00,676 - Short Sell 17.00 shares at 1119.07 on 2024-11-05 20:30:00+00:00
2024-11-11 21:54:00,676 - Short Sell 17.00 shares at 1122.27 on 2024-11-05 20:45:00+00:00
2024-11-11 21:54:00,676 - Buy to cover -85.00 shares at 1171.93 on 2024-11-06 14:30:00+00:00 (Exit: Stop_loss, Profit: -4356.930000000022, Duration: 1170.0 minutes)
2024-11-11 21:54:00,677 - Short Sell 16.00 shares at 1190.33 on 2024-11-07 14:45:00+00:00
2024-11-11 21:54:00,677 - Short Sell 16.00 shares at 1191.18 on 2024-11-07 15:30:00+00:00
2024-11-11 21:54:00,677 - Short Sell 16.00 shares at 1190.73 on 2024-11-07 15:45:00+00:00
2024-11-11 21:54:00,677 - Buy to cover -48.00 shares at 1182.85 on 2024-11-07 16:45:00+00:00 (Exit: Profit_take, Profit: 379.0400000000045, Duration: 120.0 minutes)
2024-11-11 21:54:00,677 - Short Sell 16.00 shares at 1191.92 on 2024-11-07 17:45:00+00:00
2024-11-11 21:54:00,677 - Short Sell 16.00 shares at 1192.24 on 2024-11-07 18:00:00+00:00
2024-11-11 21:54:00,677 - Buy to cover -32.00 shares at 1185.21 on 2024-11-07 18:45:00+00:00 (Exit: Profit_take, Profit: 219.8399999999965, Duration: 60.0 minutes)
2024-11-11 21:54:00,677 - Long Buy 16.00 shares at 1179.93 on 2024-11-07 19:30:00+00:00
2024-11-11 21:54:00,677 - Sell to close 16.00 shares at 1183.2 on 2024-11-07 19:45:00+00:00 (Exit: Signal, Profit: 52.31999999999971, Duration: 15.0 minutes)
2024-11-11 21:54:00,677 - Short Sell 16.00 shares at 1186.46 on 2024-11-07 20:00:00+00:00
2024-11-11 21:54:00,677 - Short Sell 16.00 shares at 1188.05 on 2024-11-07 20:15:00+00:00
2024-11-11 21:54:00,677 - Short Sell 16.00 shares at 1185.1 on 2024-11-07 20:30:00+00:00
2024-11-11 21:54:00,677 - Short Sell 16.00 shares at 1189.14 on 2024-11-07 20:45:00+00:00
2024-11-11 21:54:00,677 - Short Sell 16.00 shares at 1190.43 on 2024-11-08 14:30:00+00:00
2024-11-11 21:54:00,677 - Short Sell 16.00 shares at 1192.1 on 2024-11-08 14:45:00+00:00
2024-11-11 21:54:00,677 - Short Sell 16.00 shares at 1195.74 on 2024-11-08 15:00:00+00:00
2024-11-11 21:54:00,677 - Buy to cover -112.00 shares at 1199.74 on 2024-11-08 15:15:00+00:00 (Exit: Stop_loss, Profit: -1138.560000000005, Duration: 1155.0 minutes)
2024-11-11 21:54:00,680 - Final statisticsStock: GWW, 
total_trades: 32, 
winning_trades: 21, 
losing_trades: 11, 
average_return: 0.00030730130526708977, 
average_duration: 517.96875, 
final_balance: 991251.9800000001, 
final_portfolio_value: 991251.9800000001, 
sharpe_ratio: 7.663175784580359, 



