2024-11-11 20:35:50,933 - Starting GBMStrategy with initial capital: 1000000
2024-11-11 20:35:50,933 - Hyperparameters: {'threshold': 1.5, 'time_periods': 30, 'num_simulations': 150}
2024-11-11 20:37:26,464 - Short Sell 275.00 shares at 72.7 on 2024-10-11 14:30:00+00:00
2024-11-11 20:37:26,465 - Short Sell 275.00 shares at 72.65 on 2024-10-11 15:00:00+00:00
2024-11-11 20:37:26,465 - Buy to cover -550.00 shares at 72.51 on 2024-10-11 15:15:00+00:00 (Exit: Signal, Profit: 90.74999999999562, Duration: 45.0 minutes)
2024-11-11 20:37:26,465 - Long Buy 275.00 shares at 72.48 on 2024-10-11 15:30:00+00:00
2024-11-11 20:37:26,465 - Long Buy 270.00 shares at 72.47 on 2024-10-11 15:45:00+00:00
2024-11-11 20:37:26,465 - Long Buy 265.00 shares at 72.33 on 2024-10-11 16:00:00+00:00
2024-11-11 20:37:26,465 - Long Buy 260.00 shares at 72.22 on 2024-10-11 16:15:00+00:00
2024-11-11 20:37:26,465 - Long Buy 255.00 shares at 72.11 on 2024-10-11 16:30:00+00:00
2024-11-11 20:37:26,465 - Long Buy 250.00 shares at 72.12 on 2024-10-11 16:45:00+00:00
2024-11-11 20:37:26,465 - Long Buy 245.00 shares at 72.08 on 2024-10-11 17:00:00+00:00
2024-11-11 20:37:26,465 - Long Buy 240.00 shares at 72.12 on 2024-10-11 17:15:00+00:00
2024-11-11 20:37:26,465 - Long Buy 236.00 shares at 72.12 on 2024-10-11 17:30:00+00:00
2024-11-11 20:37:26,465 - Long Buy 231.00 shares at 72.21 on 2024-10-11 17:45:00+00:00
2024-11-11 20:37:26,465 - Long Buy 226.00 shares at 72.11 on 2024-10-11 18:00:00+00:00
2024-11-11 20:37:26,465 - Long Buy 222.00 shares at 72.16 on 2024-10-11 18:15:00+00:00
2024-11-11 20:37:26,465 - Long Buy 217.00 shares at 72.06 on 2024-10-11 18:30:00+00:00
2024-11-11 20:37:26,466 - Long Buy 213.00 shares at 72.08 on 2024-10-11 18:45:00+00:00
2024-11-11 20:37:26,466 - Long Buy 208.00 shares at 72.19 on 2024-10-11 19:00:00+00:00
2024-11-11 20:37:26,466 - Long Buy 204.00 shares at 72.16 on 2024-10-11 19:15:00+00:00
2024-11-11 20:37:26,466 - Long Buy 200.00 shares at 72.13 on 2024-10-11 19:30:00+00:00
2024-11-11 20:37:26,466 - Long Buy 196.00 shares at 72.12 on 2024-10-11 19:45:00+00:00
2024-11-11 20:37:26,466 - Sell to close 4213.00 shares at 71.61 on 2024-10-14 13:30:00+00:00 (Exit: Stop_loss, Profit: -2442.0200000000527, Duration: 4200.0 minutes)
2024-11-11 20:37:26,466 - Short Sell 275.00 shares at 72.42 on 2024-10-15 13:30:00+00:00
2024-11-11 20:37:26,466 - Short Sell 274.00 shares at 72.58 on 2024-10-15 13:45:00+00:00
2024-11-11 20:37:26,466 - Short Sell 273.00 shares at 72.95 on 2024-10-15 14:00:00+00:00
2024-11-11 20:37:26,466 - Short Sell 274.00 shares at 72.67 on 2024-10-15 14:15:00+00:00
2024-11-11 20:37:26,466 - Short Sell 275.00 shares at 72.53 on 2024-10-15 14:30:00+00:00
2024-11-11 20:37:26,466 - Short Sell 273.00 shares at 72.82 on 2024-10-15 14:45:00+00:00
2024-11-11 20:37:26,466 - Short Sell 275.00 shares at 72.42 on 2024-10-15 15:00:00+00:00
2024-11-11 20:37:26,466 - Buy to cover -1919.00 shares at 72.26 on 2024-10-15 15:15:00+00:00 (Exit: Profit_take, Profit: 703.5199999999629, Duration: 105.0 minutes)
2024-11-11 20:37:26,466 - Short Sell 276.00 shares at 72.33 on 2024-10-15 15:30:00+00:00
2024-11-11 20:37:26,466 - Short Sell 277.00 shares at 71.98 on 2024-10-15 15:45:00+00:00
2024-11-11 20:37:26,466 - Short Sell 277.00 shares at 71.95 on 2024-10-15 16:00:00+00:00
2024-11-11 20:37:26,467 - Short Sell 276.00 shares at 72.17 on 2024-10-15 16:15:00+00:00
2024-11-11 20:37:26,467 - Buy to cover -1106.00 shares at 72.04 on 2024-10-15 16:30:00+00:00 (Exit: Signal, Profit: 74.37000000001058, Duration: 60.0 minutes)
2024-11-11 20:37:26,467 - Long Buy 277.00 shares at 71.84 on 2024-10-15 16:45:00+00:00
2024-11-11 20:37:26,467 - Long Buy 272.00 shares at 71.81 on 2024-10-15 17:00:00+00:00
2024-11-11 20:37:26,467 - Long Buy 266.00 shares at 71.89 on 2024-10-15 17:15:00+00:00
2024-11-11 20:37:26,467 - Long Buy 261.00 shares at 71.97 on 2024-10-15 17:30:00+00:00
2024-11-11 20:37:26,467 - Long Buy 256.00 shares at 71.9 on 2024-10-15 17:45:00+00:00
2024-11-11 20:37:26,467 - Long Buy 251.00 shares at 71.89 on 2024-10-15 18:00:00+00:00
2024-11-11 20:37:26,467 - Long Buy 246.00 shares at 71.79 on 2024-10-15 18:15:00+00:00
2024-11-11 20:37:26,467 - Long Buy 241.00 shares at 71.83 on 2024-10-15 18:30:00+00:00
2024-11-11 20:37:26,467 - Long Buy 237.00 shares at 71.7 on 2024-10-15 18:45:00+00:00
2024-11-11 20:37:26,467 - Long Buy 232.00 shares at 71.56 on 2024-10-15 19:00:00+00:00
2024-11-11 20:37:26,467 - Long Buy 228.00 shares at 71.54 on 2024-10-15 19:15:00+00:00
2024-11-11 20:37:26,467 - Long Buy 223.00 shares at 71.56 on 2024-10-15 19:30:00+00:00
2024-11-11 20:37:26,467 - Long Buy 218.00 shares at 71.64 on 2024-10-15 19:45:00+00:00
2024-11-11 20:37:26,467 - Long Buy 214.00 shares at 71.76 on 2024-10-16 13:30:00+00:00
2024-11-11 20:37:26,467 - Long Buy 210.00 shares at 71.64 on 2024-10-16 13:45:00+00:00
2024-11-11 20:37:26,467 - Long Buy 205.00 shares at 71.71 on 2024-10-16 14:15:00+00:00
2024-11-11 20:37:26,467 - Long Buy 201.00 shares at 71.76 on 2024-10-16 14:30:00+00:00
2024-11-11 20:37:26,467 - Long Buy 197.00 shares at 71.87 on 2024-10-16 15:00:00+00:00
2024-11-11 20:37:26,467 - Sell to close 4235.00 shares at 72.28 on 2024-10-16 15:30:00+00:00 (Exit: Profit_take, Profit: 2179.649999999995, Duration: 1365.0 minutes)
2024-11-11 20:37:26,467 - Long Buy 278.00 shares at 71.86 on 2024-10-16 17:00:00+00:00
2024-11-11 20:37:26,468 - Long Buy 272.00 shares at 71.87 on 2024-10-16 17:15:00+00:00
2024-11-11 20:37:26,468 - Long Buy 267.00 shares at 71.84 on 2024-10-16 17:30:00+00:00
2024-11-11 20:37:26,468 - Long Buy 262.00 shares at 71.79 on 2024-10-16 17:45:00+00:00
2024-11-11 20:37:26,468 - Long Buy 257.00 shares at 71.7 on 2024-10-16 18:00:00+00:00
2024-11-11 20:37:26,468 - Long Buy 252.00 shares at 71.76 on 2024-10-16 18:15:00+00:00
2024-11-11 20:37:26,468 - Long Buy 247.00 shares at 71.72 on 2024-10-16 18:30:00+00:00
2024-11-11 20:37:26,468 - Long Buy 242.00 shares at 71.71 on 2024-10-16 18:45:00+00:00
2024-11-11 20:37:26,468 - Long Buy 237.00 shares at 71.6 on 2024-10-16 19:15:00+00:00
2024-11-11 20:37:26,468 - Long Buy 233.00 shares at 71.6 on 2024-10-16 19:45:00+00:00
2024-11-11 20:37:26,468 - Long Buy 228.00 shares at 71.69 on 2024-10-17 13:30:00+00:00
2024-11-11 20:37:26,468 - Long Buy 223.00 shares at 71.61 on 2024-10-17 13:45:00+00:00
2024-11-11 20:37:26,468 - Long Buy 219.00 shares at 71.45 on 2024-10-17 14:00:00+00:00
2024-11-11 20:37:26,468 - Long Buy 215.00 shares at 71.38 on 2024-10-17 14:15:00+00:00
2024-11-11 20:37:26,468 - Long Buy 210.00 shares at 71.66 on 2024-10-17 14:30:00+00:00
2024-11-11 20:37:26,468 - Long Buy 206.00 shares at 71.59 on 2024-10-17 14:45:00+00:00
2024-11-11 20:37:26,468 - Long Buy 202.00 shares at 71.6 on 2024-10-17 15:00:00+00:00
2024-11-11 20:37:26,468 - Long Buy 198.00 shares at 71.58 on 2024-10-17 15:15:00+00:00
2024-11-11 20:37:26,468 - Long Buy 194.00 shares at 71.52 on 2024-10-17 15:30:00+00:00
2024-11-11 20:37:26,468 - Long Buy 191.00 shares at 71.41 on 2024-10-17 15:45:00+00:00
2024-11-11 20:37:26,468 - Long Buy 186.00 shares at 71.54 on 2024-10-17 16:00:00+00:00
2024-11-11 20:37:26,468 - Long Buy 183.00 shares at 71.54 on 2024-10-17 16:15:00+00:00
2024-11-11 20:37:26,468 - Long Buy 179.00 shares at 71.63 on 2024-10-17 16:30:00+00:00
2024-11-11 20:37:26,468 - Long Buy 175.00 shares at 71.66 on 2024-10-17 16:45:00+00:00
2024-11-11 20:37:26,468 - Long Buy 172.00 shares at 71.57 on 2024-10-17 17:00:00+00:00
2024-11-11 20:37:26,468 - Long Buy 169.00 shares at 71.5 on 2024-10-17 17:15:00+00:00
2024-11-11 20:37:26,468 - Long Buy 165.00 shares at 71.49 on 2024-10-17 17:30:00+00:00
2024-11-11 20:37:26,468 - Long Buy 162.00 shares at 71.53 on 2024-10-17 17:45:00+00:00
2024-11-11 20:37:26,468 - Long Buy 159.00 shares at 71.5 on 2024-10-17 18:00:00+00:00
2024-11-11 20:37:26,468 - Long Buy 155.00 shares at 71.61 on 2024-10-17 18:15:00+00:00
2024-11-11 20:37:26,469 - Long Buy 152.00 shares at 71.51 on 2024-10-17 18:30:00+00:00
2024-11-11 20:37:26,469 - Long Buy 149.00 shares at 71.46 on 2024-10-17 19:00:00+00:00
2024-11-11 20:37:26,469 - Long Buy 147.00 shares at 71.4 on 2024-10-17 19:15:00+00:00
2024-11-11 20:37:26,469 - Sell to close 6786.00 shares at 71.81 on 2024-10-17 19:45:00+00:00 (Exit: Signal, Profit: 1281.9400000000257, Duration: 1605.0 minutes)
2024-11-11 20:37:26,469 - Short Sell 279.00 shares at 71.75 on 2024-10-18 13:45:00+00:00
2024-11-11 20:37:26,469 - Short Sell 278.00 shares at 71.89 on 2024-10-18 14:00:00+00:00
2024-11-11 20:37:26,469 - Short Sell 278.00 shares at 71.89 on 2024-10-18 14:15:00+00:00
2024-11-11 20:37:26,469 - Short Sell 277.00 shares at 72.21 on 2024-10-18 14:30:00+00:00
2024-11-11 20:37:26,469 - Short Sell 276.00 shares at 72.36 on 2024-10-18 14:45:00+00:00
2024-11-11 20:37:26,469 - Buy to cover -1388.00 shares at 72.53 on 2024-10-18 15:00:00+00:00 (Exit: Stop_loss, Profit: -709.0200000000098, Duration: 75.0 minutes)
2024-11-11 20:37:26,469 - Long Buy 277.00 shares at 72.28 on 2024-10-21 13:30:00+00:00
2024-11-11 20:37:26,469 - Sell to close 277.00 shares at 72.65 on 2024-10-21 13:45:00+00:00 (Exit: Profit_take, Profit: 102.49000000000126, Duration: 15.0 minutes)
2024-11-11 20:37:26,469 - Long Buy 276.00 shares at 72.45 on 2024-10-21 14:00:00+00:00
2024-11-11 20:37:26,469 - Long Buy 272.00 shares at 72.0 on 2024-10-21 14:15:00+00:00
2024-11-11 20:37:26,469 - Long Buy 267.00 shares at 72.02 on 2024-10-21 14:30:00+00:00
2024-11-11 20:37:26,469 - Sell to close 815.00 shares at 71.68 on 2024-10-21 14:45:00+00:00 (Exit: Stop_loss, Profit: -390.33999999998565, Duration: 45.0 minutes)
2024-11-11 20:37:26,470 - Long Buy 281.00 shares at 71.19 on 2024-10-22 13:30:00+00:00
2024-11-11 20:37:26,470 - Long Buy 275.00 shares at 71.17 on 2024-10-22 13:45:00+00:00
2024-11-11 20:37:26,470 - Long Buy 270.00 shares at 71.0 on 2024-10-22 14:00:00+00:00
2024-11-11 20:37:26,470 - Sell to close 826.00 shares at 71.3 on 2024-10-22 14:30:00+00:00 (Exit: Signal, Profit: 147.65999999999565, Duration: 60.0 minutes)
2024-11-11 20:37:26,470 - Short Sell 280.00 shares at 71.28 on 2024-10-22 14:45:00+00:00
2024-11-11 20:37:26,470 - Short Sell 280.00 shares at 71.32 on 2024-10-22 15:00:00+00:00
2024-11-11 20:37:26,470 - Short Sell 280.00 shares at 71.3 on 2024-10-22 15:45:00+00:00
2024-11-11 20:37:26,470 - Buy to cover -840.00 shares at 71.0 on 2024-10-22 16:15:00+00:00 (Exit: Signal, Profit: 251.9999999999976, Duration: 90.0 minutes)
2024-11-11 20:37:26,470 - Long Buy 282.00 shares at 70.93 on 2024-10-22 18:45:00+00:00
2024-11-11 20:37:26,470 - Sell to close 282.00 shares at 71.65 on 2024-10-23 13:30:00+00:00 (Exit: Profit_take, Profit: 203.03999999999968, Duration: 1125.0 minutes)
2024-11-11 20:37:26,471 - Short Sell 279.00 shares at 71.7 on 2024-10-23 14:00:00+00:00
2024-11-11 20:37:26,471 - Short Sell 280.00 shares at 71.51 on 2024-10-23 14:15:00+00:00
2024-11-11 20:37:26,471 - Buy to cover -559.00 shares at 71.24 on 2024-10-23 14:30:00+00:00 (Exit: Profit_take, Profit: 203.9400000000075, Duration: 30.0 minutes)
2024-11-11 20:37:26,471 - Long Buy 281.00 shares at 71.14 on 2024-10-23 15:00:00+00:00
2024-11-11 20:37:26,471 - Long Buy 275.00 shares at 71.22 on 2024-10-23 15:15:00+00:00
2024-11-11 20:37:26,471 - Long Buy 271.00 shares at 70.84 on 2024-10-23 16:00:00+00:00
2024-11-11 20:37:26,471 - Long Buy 265.00 shares at 71.08 on 2024-10-23 16:15:00+00:00
2024-11-11 20:37:26,471 - Long Buy 260.00 shares at 70.92 on 2024-10-23 16:30:00+00:00
2024-11-11 20:37:26,471 - Long Buy 255.00 shares at 70.82 on 2024-10-23 16:45:00+00:00
2024-11-11 20:37:26,471 - Long Buy 250.00 shares at 70.73 on 2024-10-23 17:00:00+00:00
2024-11-11 20:37:26,471 - Long Buy 245.00 shares at 70.77 on 2024-10-23 17:15:00+00:00
2024-11-11 20:37:26,471 - Sell to close 2102.00 shares at 70.46 on 2024-10-23 17:30:00+00:00 (Exit: Stop_loss, Profit: -1022.2099999999859, Duration: 150.0 minutes)
2024-11-11 20:37:26,471 - Long Buy 298.00 shares at 66.99 on 2024-10-24 13:30:00+00:00
2024-11-11 20:37:26,471 - Long Buy 295.00 shares at 66.41 on 2024-10-24 13:45:00+00:00
2024-11-11 20:37:26,471 - Sell to close 593.00 shares at 67.25 on 2024-10-24 14:00:00+00:00 (Exit: Profit_take, Profit: 325.279999999999, Duration: 30.0 minutes)
2024-11-11 20:37:26,471 - Long Buy 296.00 shares at 67.61 on 2024-10-24 14:15:00+00:00
2024-11-11 20:37:26,471 - Long Buy 291.00 shares at 67.37 on 2024-10-24 14:30:00+00:00
2024-11-11 20:37:26,471 - Sell to close 587.00 shares at 66.92 on 2024-10-24 14:45:00+00:00 (Exit: Stop_loss, Profit: -335.1900000000039, Duration: 30.0 minutes)
2024-11-11 20:37:26,472 - Short Sell 294.00 shares at 67.85 on 2024-10-25 13:30:00+00:00
2024-11-11 20:37:26,472 - Buy to cover -294.00 shares at 67.5 on 2024-10-25 13:45:00+00:00 (Exit: Profit_take, Profit: 102.89999999999833, Duration: 15.0 minutes)
2024-11-11 20:37:26,472 - Short Sell 295.00 shares at 67.76 on 2024-10-25 14:00:00+00:00
2024-11-11 20:37:26,472 - Short Sell 295.00 shares at 67.84 on 2024-10-25 14:15:00+00:00
2024-11-11 20:37:26,472 - Short Sell 295.00 shares at 67.76 on 2024-10-25 14:30:00+00:00
2024-11-11 20:37:26,472 - Short Sell 293.00 shares at 68.17 on 2024-10-25 14:45:00+00:00
2024-11-11 20:37:26,472 - Short Sell 292.00 shares at 68.36 on 2024-10-25 15:00:00+00:00
2024-11-11 20:37:26,472 - Short Sell 293.00 shares at 68.1 on 2024-10-25 15:15:00+00:00
2024-11-11 20:37:26,472 - Buy to cover -1763.00 shares at 67.64 on 2024-10-25 15:30:00+00:00 (Exit: Profit_take, Profit: 630.1099999999728, Duration: 90.0 minutes)
2024-11-11 20:37:26,472 - Short Sell 295.00 shares at 67.71 on 2024-10-25 15:45:00+00:00
2024-11-11 20:37:26,472 - Short Sell 296.00 shares at 67.61 on 2024-10-25 16:00:00+00:00
2024-11-11 20:37:26,472 - Short Sell 297.00 shares at 67.33 on 2024-10-25 16:15:00+00:00
2024-11-11 20:37:26,472 - Buy to cover -888.00 shares at 67.09 on 2024-10-25 16:30:00+00:00 (Exit: Profit_take, Profit: 408.0999999999924, Duration: 45.0 minutes)
2024-11-11 20:37:26,472 - Short Sell 297.00 shares at 67.25 on 2024-10-25 16:45:00+00:00
2024-11-11 20:37:26,472 - Buy to cover -297.00 shares at 66.92 on 2024-10-25 17:00:00+00:00 (Exit: Signal, Profit: 98.0099999999995, Duration: 15.0 minutes)
2024-11-11 20:37:26,472 - Long Buy 299.00 shares at 66.94 on 2024-10-25 17:15:00+00:00
2024-11-11 20:37:26,472 - Long Buy 293.00 shares at 66.8 on 2024-10-25 17:30:00+00:00
2024-11-11 20:37:26,472 - Long Buy 287.00 shares at 66.94 on 2024-10-25 17:45:00+00:00
2024-11-11 20:37:26,472 - Long Buy 282.00 shares at 66.69 on 2024-10-25 18:00:00+00:00
2024-11-11 20:37:26,473 - Long Buy 276.00 shares at 66.8 on 2024-10-25 18:15:00+00:00
2024-11-11 20:37:26,473 - Long Buy 271.00 shares at 66.76 on 2024-10-25 18:30:00+00:00
2024-11-11 20:37:26,473 - Long Buy 266.00 shares at 66.7 on 2024-10-25 18:45:00+00:00
2024-11-11 20:37:26,473 - Long Buy 261.00 shares at 66.47 on 2024-10-25 19:00:00+00:00
2024-11-11 20:37:26,473 - Long Buy 256.00 shares at 66.56 on 2024-10-25 19:15:00+00:00
2024-11-11 20:37:26,473 - Long Buy 250.00 shares at 66.67 on 2024-10-25 19:30:00+00:00
2024-11-11 20:37:26,473 - Long Buy 246.00 shares at 66.42 on 2024-10-25 19:45:00+00:00
2024-11-11 20:37:26,473 - Sell to close 2987.00 shares at 65.45 on 2024-10-28 13:30:00+00:00 (Exit: Stop_loss, Profit: -3772.479999999955, Duration: 4095.0 minutes)
2024-11-11 20:37:26,473 - Short Sell 303.00 shares at 65.88 on 2024-10-29 13:30:00+00:00
2024-11-11 20:37:26,473 - Short Sell 301.00 shares at 66.2 on 2024-10-29 14:00:00+00:00
2024-11-11 20:37:26,473 - Short Sell 301.00 shares at 66.18 on 2024-10-29 14:15:00+00:00
2024-11-11 20:37:26,473 - Short Sell 300.00 shares at 66.32 on 2024-10-29 14:30:00+00:00
2024-11-11 20:37:26,473 - Short Sell 302.00 shares at 66.1 on 2024-10-29 14:45:00+00:00
2024-11-11 20:37:26,473 - Short Sell 302.00 shares at 66.05 on 2024-10-29 15:00:00+00:00
2024-11-11 20:37:26,473 - Short Sell 302.00 shares at 66.03 on 2024-10-29 15:15:00+00:00
2024-11-11 20:37:26,473 - Short Sell 302.00 shares at 66.09 on 2024-10-29 15:30:00+00:00
2024-11-11 20:37:26,473 - Short Sell 302.00 shares at 66.07 on 2024-10-29 15:45:00+00:00
2024-11-11 20:37:26,473 - Short Sell 302.00 shares at 66.07 on 2024-10-29 16:00:00+00:00
2024-11-11 20:37:26,473 - Short Sell 301.00 shares at 66.12 on 2024-10-29 16:15:00+00:00
2024-11-11 20:37:26,474 - Short Sell 301.00 shares at 66.18 on 2024-10-29 16:30:00+00:00
2024-11-11 20:37:26,474 - Short Sell 300.00 shares at 66.34 on 2024-10-29 16:45:00+00:00
2024-11-11 20:37:26,474 - Short Sell 301.00 shares at 66.27 on 2024-10-29 17:00:00+00:00
2024-11-11 20:37:26,474 - Short Sell 303.00 shares at 65.93 on 2024-10-29 17:15:00+00:00
2024-11-11 20:37:26,474 - Buy to cover -4523.00 shares at 65.7 on 2024-10-29 17:30:00+00:00 (Exit: Profit_take, Profit: 1907.0999999999492, Duration: 240.0 minutes)
2024-11-11 20:37:26,474 - Long Buy 304.00 shares at 65.73 on 2024-10-29 19:00:00+00:00
2024-11-11 20:37:26,474 - Sell to close 304.00 shares at 65.9 on 2024-10-29 19:15:00+00:00 (Exit: Signal, Profit: 51.68000000000052, Duration: 15.0 minutes)
2024-11-11 20:37:26,474 - Long Buy 304.00 shares at 65.62 on 2024-10-29 19:45:00+00:00
2024-11-11 20:37:26,474 - Long Buy 299.00 shares at 65.44 on 2024-10-30 13:30:00+00:00
2024-11-11 20:37:26,474 - Sell to close 603.00 shares at 66.19 on 2024-10-30 13:45:00+00:00 (Exit: Profit_take, Profit: 397.5300000000004, Duration: 1080.0 minutes)
2024-11-11 20:37:26,474 - Short Sell 301.00 shares at 66.32 on 2024-10-30 14:00:00+00:00
2024-11-11 20:37:26,474 - Short Sell 301.00 shares at 66.32 on 2024-10-30 14:15:00+00:00
2024-11-11 20:37:26,474 - Short Sell 302.00 shares at 66.11 on 2024-10-30 14:30:00+00:00
2024-11-11 20:37:26,474 - Short Sell 302.00 shares at 66.1 on 2024-10-30 14:45:00+00:00
2024-11-11 20:37:26,474 - Short Sell 302.00 shares at 66.06 on 2024-10-30 15:00:00+00:00
2024-11-11 20:37:26,474 - Short Sell 302.00 shares at 66.1 on 2024-10-30 15:30:00+00:00
2024-11-11 20:37:26,474 - Buy to cover -1810.00 shares at 66.85 on 2024-10-30 15:45:00+00:00 (Exit: Stop_loss, Profit: -1234.1199999999847, Duration: 105.0 minutes)
2024-11-11 20:37:26,475 - Long Buy 301.00 shares at 66.25 on 2024-10-31 13:30:00+00:00
2024-11-11 20:37:26,475 - Long Buy 295.00 shares at 66.28 on 2024-10-31 13:45:00+00:00
2024-11-11 20:37:26,475 - Long Buy 290.00 shares at 66.06 on 2024-10-31 14:00:00+00:00
2024-11-11 20:37:26,475 - Long Buy 285.00 shares at 65.98 on 2024-10-31 14:15:00+00:00
2024-11-11 20:37:26,475 - Long Buy 279.00 shares at 65.99 on 2024-10-31 14:30:00+00:00
2024-11-11 20:37:26,475 - Long Buy 273.00 shares at 66.1 on 2024-10-31 14:45:00+00:00
2024-11-11 20:37:26,475 - Long Buy 267.00 shares at 66.28 on 2024-10-31 15:00:00+00:00
2024-11-11 20:37:26,475 - Long Buy 261.00 shares at 66.25 on 2024-10-31 15:15:00+00:00
2024-11-11 20:37:26,475 - Long Buy 256.00 shares at 66.22 on 2024-10-31 15:30:00+00:00
2024-11-11 20:37:26,475 - Long Buy 251.00 shares at 66.37 on 2024-10-31 15:45:00+00:00
2024-11-11 20:37:26,475 - Long Buy 246.00 shares at 66.34 on 2024-10-31 16:00:00+00:00
2024-11-11 20:37:26,475 - Long Buy 241.00 shares at 66.32 on 2024-10-31 16:15:00+00:00
2024-11-11 20:37:26,475 - Long Buy 236.00 shares at 66.29 on 2024-10-31 16:30:00+00:00
2024-11-11 20:37:26,475 - Long Buy 232.00 shares at 66.17 on 2024-10-31 18:00:00+00:00
2024-11-11 20:37:26,475 - Long Buy 227.00 shares at 66.15 on 2024-10-31 18:15:00+00:00
2024-11-11 20:37:26,475 - Long Buy 223.00 shares at 66.19 on 2024-10-31 18:30:00+00:00
2024-11-11 20:37:26,475 - Long Buy 218.00 shares at 66.14 on 2024-10-31 18:45:00+00:00
2024-11-11 20:37:26,475 - Long Buy 214.00 shares at 66.06 on 2024-10-31 19:00:00+00:00
2024-11-11 20:37:26,475 - Long Buy 210.00 shares at 66.04 on 2024-10-31 19:15:00+00:00
2024-11-11 20:37:26,475 - Long Buy 206.00 shares at 65.86 on 2024-10-31 19:30:00+00:00
2024-11-11 20:37:26,475 - Sell to close 5011.00 shares at 65.62 on 2024-10-31 19:45:00+00:00 (Exit: Stop_loss, Profit: -2755.4200000001974, Duration: 375.0 minutes)
2024-11-11 20:37:26,475 - Long Buy 304.00 shares at 65.39 on 2024-11-01 13:30:00+00:00
2024-11-11 20:37:26,475 - Long Buy 300.00 shares at 65.06 on 2024-11-01 13:45:00+00:00
2024-11-11 20:37:26,475 - Long Buy 293.00 shares at 65.32 on 2024-11-01 14:00:00+00:00
2024-11-11 20:37:26,476 - Long Buy 286.00 shares at 65.55 on 2024-11-01 14:15:00+00:00
2024-11-11 20:37:26,476 - Sell to close 1183.00 shares at 65.59 on 2024-11-01 14:30:00+00:00 (Exit: Signal, Profit: 310.3500000000035, Duration: 60.0 minutes)
2024-11-11 20:37:26,476 - Short Sell 303.00 shares at 65.64 on 2024-11-01 14:45:00+00:00
2024-11-11 20:37:26,476 - Short Sell 303.00 shares at 65.78 on 2024-11-01 15:00:00+00:00
2024-11-11 20:37:26,476 - Short Sell 302.00 shares at 65.81 on 2024-11-01 15:15:00+00:00
2024-11-11 20:37:26,476 - Short Sell 302.00 shares at 65.95 on 2024-11-01 15:30:00+00:00
2024-11-11 20:37:26,476 - Short Sell 302.00 shares at 65.87 on 2024-11-01 15:45:00+00:00
2024-11-11 20:37:26,476 - Short Sell 303.00 shares at 65.74 on 2024-11-01 16:00:00+00:00
2024-11-11 20:37:26,476 - Short Sell 302.00 shares at 65.84 on 2024-11-01 16:15:00+00:00
2024-11-11 20:37:26,476 - Short Sell 302.00 shares at 65.94 on 2024-11-01 16:30:00+00:00
2024-11-11 20:37:26,476 - Short Sell 302.00 shares at 65.81 on 2024-11-01 16:45:00+00:00
2024-11-11 20:37:26,476 - Short Sell 302.00 shares at 65.85 on 2024-11-01 17:00:00+00:00
2024-11-11 20:37:26,476 - Short Sell 302.00 shares at 65.85 on 2024-11-01 17:15:00+00:00
2024-11-11 20:37:26,476 - Buy to cover -3325.00 shares at 65.49 on 2024-11-01 18:00:00+00:00 (Exit: Profit_take, Profit: 1115.0700000000363, Duration: 195.0 minutes)
2024-11-11 20:37:26,476 - Short Sell 302.00 shares at 65.98 on 2024-11-01 19:00:00+00:00
2024-11-11 20:37:26,476 - Short Sell 302.00 shares at 65.95 on 2024-11-01 19:15:00+00:00
2024-11-11 20:37:26,476 - Short Sell 301.00 shares at 66.25 on 2024-11-04 14:30:00+00:00
2024-11-11 20:37:26,476 - Short Sell 301.00 shares at 66.21 on 2024-11-04 14:45:00+00:00
2024-11-11 20:37:26,476 - Buy to cover -1206.00 shares at 66.62 on 2024-11-04 15:00:00+00:00 (Exit: Stop_loss, Profit: -630.4000000000124, Duration: 4080.0 minutes)
2024-11-11 20:37:26,477 - Long Buy 303.00 shares at 65.8 on 2024-11-05 14:30:00+00:00
2024-11-11 20:37:26,477 - Long Buy 296.00 shares at 65.82 on 2024-11-05 14:45:00+00:00
2024-11-11 20:37:26,477 - Long Buy 291.00 shares at 65.82 on 2024-11-05 15:00:00+00:00
2024-11-11 20:37:26,477 - Long Buy 284.00 shares at 66.04 on 2024-11-05 15:15:00+00:00
2024-11-11 20:37:26,477 - Sell to close 1174.00 shares at 66.26 on 2024-11-05 15:30:00+00:00 (Exit: Profit_take, Profit: 460.1400000000158, Duration: 60.0 minutes)
2024-11-11 20:37:26,477 - Long Buy 300.00 shares at 66.4 on 2024-11-05 16:00:00+00:00
2024-11-11 20:37:26,477 - Sell to close 300.00 shares at 66.75 on 2024-11-05 17:15:00+00:00 (Exit: Profit_take, Profit: 104.9999999999983, Duration: 75.0 minutes)
2024-11-11 20:37:26,477 - Short Sell 298.00 shares at 66.89 on 2024-11-05 17:30:00+00:00
2024-11-11 20:37:26,477 - Buy to cover -298.00 shares at 66.64 on 2024-11-05 18:00:00+00:00 (Exit: Signal, Profit: 74.5, Duration: 30.0 minutes)
2024-11-11 20:37:26,477 - Long Buy 314.00 shares at 63.4 on 2024-11-06 14:30:00+00:00
2024-11-11 20:37:26,477 - Long Buy 309.00 shares at 63.3 on 2024-11-06 14:45:00+00:00
2024-11-11 20:37:26,477 - Long Buy 301.00 shares at 63.62 on 2024-11-06 15:00:00+00:00
2024-11-11 20:37:26,477 - Sell to close 924.00 shares at 64.05 on 2024-11-06 15:15:00+00:00 (Exit: Profit_take, Profit: 565.2800000000008, Duration: 45.0 minutes)
2024-11-11 20:37:26,478 - Long Buy 316.00 shares at 63.18 on 2024-11-06 15:30:00+00:00
2024-11-11 20:37:26,478 - Long Buy 309.00 shares at 63.14 on 2024-11-06 15:45:00+00:00
2024-11-11 20:37:26,478 - Long Buy 302.00 shares at 63.31 on 2024-11-06 16:00:00+00:00
2024-11-11 20:37:26,478 - Long Buy 296.00 shares at 63.46 on 2024-11-06 16:15:00+00:00
2024-11-11 20:37:26,478 - Long Buy 291.00 shares at 63.28 on 2024-11-06 16:30:00+00:00
2024-11-11 20:37:26,478 - Long Buy 285.00 shares at 63.33 on 2024-11-06 16:45:00+00:00
2024-11-11 20:37:26,478 - Long Buy 279.00 shares at 63.21 on 2024-11-06 17:00:00+00:00
2024-11-11 20:37:26,478 - Long Buy 275.00 shares at 63.03 on 2024-11-06 17:15:00+00:00
2024-11-11 20:37:26,478 - Long Buy 270.00 shares at 62.88 on 2024-11-06 17:30:00+00:00
2024-11-11 20:37:26,478 - Long Buy 263.00 shares at 63.17 on 2024-11-06 17:45:00+00:00
2024-11-11 20:37:26,478 - Long Buy 258.00 shares at 63.19 on 2024-11-06 18:00:00+00:00
2024-11-11 20:37:26,478 - Long Buy 252.00 shares at 63.37 on 2024-11-06 18:15:00+00:00
2024-11-11 20:37:26,478 - Sell to close 3396.00 shares at 63.41 on 2024-11-06 18:30:00+00:00 (Exit: Signal, Profit: 665.4999999999957, Duration: 180.0 minutes)
2024-11-11 20:37:26,478 - Short Sell 312.00 shares at 63.96 on 2024-11-06 19:00:00+00:00
2024-11-11 20:37:26,478 - Short Sell 313.00 shares at 63.71 on 2024-11-06 19:15:00+00:00
2024-11-11 20:37:26,478 - Buy to cover -625.00 shares at 63.46 on 2024-11-06 19:30:00+00:00 (Exit: Profit_take, Profit: 234.25000000000028, Duration: 30.0 minutes)
2024-11-11 20:37:26,478 - Short Sell 313.00 shares at 63.77 on 2024-11-06 19:45:00+00:00
2024-11-11 20:37:26,478 - Buy to cover -313.00 shares at 63.39 on 2024-11-06 20:30:00+00:00 (Exit: Profit_take, Profit: 118.9400000000008, Duration: 45.0 minutes)
2024-11-11 20:37:26,478 - Short Sell 310.00 shares at 64.37 on 2024-11-07 14:30:00+00:00
2024-11-11 20:37:26,478 - Buy to cover -310.00 shares at 63.76 on 2024-11-07 14:45:00+00:00 (Exit: Profit_take, Profit: 189.100000000002, Duration: 15.0 minutes)
2024-11-11 20:37:26,479 - Short Sell 310.00 shares at 64.31 on 2024-11-07 15:00:00+00:00
2024-11-11 20:37:26,479 - Short Sell 312.00 shares at 64.02 on 2024-11-07 15:15:00+00:00
2024-11-11 20:37:26,479 - Short Sell 310.00 shares at 64.3 on 2024-11-07 15:30:00+00:00
2024-11-11 20:37:26,479 - Short Sell 311.00 shares at 64.27 on 2024-11-07 15:45:00+00:00
2024-11-11 20:37:26,479 - Short Sell 311.00 shares at 64.12 on 2024-11-07 16:00:00+00:00
2024-11-11 20:37:26,479 - Short Sell 311.00 shares at 64.19 on 2024-11-07 16:15:00+00:00
2024-11-11 20:37:26,479 - Short Sell 312.00 shares at 64.08 on 2024-11-07 16:30:00+00:00
2024-11-11 20:37:26,479 - Short Sell 312.00 shares at 64.05 on 2024-11-07 16:45:00+00:00
2024-11-11 20:37:26,479 - Short Sell 312.00 shares at 64.01 on 2024-11-07 17:00:00+00:00
2024-11-11 20:37:26,479 - Short Sell 312.00 shares at 64.05 on 2024-11-07 17:15:00+00:00
2024-11-11 20:37:26,479 - Short Sell 311.00 shares at 64.11 on 2024-11-07 17:30:00+00:00
2024-11-11 20:37:26,479 - Short Sell 312.00 shares at 63.93 on 2024-11-07 17:45:00+00:00
2024-11-11 20:37:26,479 - Short Sell 313.00 shares at 63.82 on 2024-11-07 18:00:00+00:00
2024-11-11 20:37:26,479 - Buy to cover -4049.00 shares at 63.69 on 2024-11-07 18:15:00+00:00 (Exit: Profit_take, Profit: 1646.2199999999111, Duration: 195.0 minutes)
2024-11-11 20:37:26,479 - Short Sell 313.00 shares at 63.9 on 2024-11-07 18:45:00+00:00
2024-11-11 20:37:26,479 - Short Sell 313.00 shares at 63.87 on 2024-11-07 19:15:00+00:00
2024-11-11 20:37:26,479 - Short Sell 313.00 shares at 63.89 on 2024-11-07 19:30:00+00:00
2024-11-11 20:37:26,479 - Short Sell 312.00 shares at 64.03 on 2024-11-07 20:00:00+00:00
2024-11-11 20:37:26,479 - Short Sell 312.00 shares at 64.11 on 2024-11-07 20:15:00+00:00
2024-11-11 20:37:26,479 - Short Sell 311.00 shares at 64.21 on 2024-11-07 20:30:00+00:00
2024-11-11 20:37:26,479 - Short Sell 312.00 shares at 64.15 on 2024-11-07 20:45:00+00:00
2024-11-11 20:37:26,479 - Short Sell 311.00 shares at 64.26 on 2024-11-08 14:30:00+00:00
2024-11-11 20:37:26,479 - Short Sell 312.00 shares at 64.1 on 2024-11-08 14:45:00+00:00
2024-11-11 20:37:26,479 - Buy to cover -2809.00 shares at 64.45 on 2024-11-08 15:00:00+00:00 (Exit: Stop_loss, Profit: -1102.6200000000263, Duration: 1215.0 minutes)
2024-11-11 20:37:26,481 - Final statisticsStock: HAS, 
total_trades: 39, 
winning_trades: 29, 
losing_trades: 10, 
average_return: 0.0018031887384443272, 
average_duration: 546.9230769230769, 
final_balance: 1000250.6000000003, 
final_portfolio_value: 1000250.6000000003, 
sharpe_ratio: 7.760148985036784, 



