2024-11-11 22:53:57,100 - Starting GBMStrategy with initial capital: 1000000
2024-11-11 22:53:57,100 - Hyperparameters: {'threshold': 1.5, 'time_periods': 30, 'num_simulations': 150}
2024-11-11 22:55:18,159 - Long Buy 963.00 shares at 20.75 on 2024-10-11 14:30:00+00:00
2024-11-11 22:55:18,159 - Long Buy 946.00 shares at 20.71 on 2024-10-11 14:45:00+00:00
2024-11-11 22:55:18,159 - Long Buy 927.00 shares at 20.71 on 2024-10-11 15:15:00+00:00
2024-11-11 22:55:18,159 - Long Buy 909.00 shares at 20.7 on 2024-10-11 15:30:00+00:00
2024-11-11 22:55:18,159 - Long Buy 891.00 shares at 20.69 on 2024-10-11 15:45:00+00:00
2024-11-11 22:55:18,159 - Long Buy 873.00 shares at 20.7 on 2024-10-11 16:00:00+00:00
2024-11-11 22:55:18,160 - Long Buy 855.00 shares at 20.7 on 2024-10-11 16:15:00+00:00
2024-11-11 22:55:18,160 - Long Buy 840.00 shares at 20.67 on 2024-10-11 16:30:00+00:00
2024-11-11 22:55:18,160 - Long Buy 822.00 shares at 20.68 on 2024-10-11 16:45:00+00:00
2024-11-11 22:55:18,160 - Long Buy 806.00 shares at 20.68 on 2024-10-11 17:00:00+00:00
2024-11-11 22:55:18,160 - Long Buy 790.00 shares at 20.68 on 2024-10-11 19:45:00+00:00
2024-11-11 22:55:18,160 - Sell to close 9622.00 shares at 20.87 on 2024-10-14 13:45:00+00:00 (Exit: Profit_take, Profit: 1651.329999999996, Duration: 4275.0 minutes)
2024-11-11 22:55:18,160 - Long Buy 968.00 shares at 20.68 on 2024-10-14 14:15:00+00:00
2024-11-11 22:55:18,160 - Sell to close 968.00 shares at 20.85 on 2024-10-14 15:00:00+00:00 (Exit: Profit_take, Profit: 164.5600000000051, Duration: 45.0 minutes)
2024-11-11 22:55:18,160 - Long Buy 968.00 shares at 20.68 on 2024-10-14 15:30:00+00:00
2024-11-11 22:55:18,160 - Long Buy 947.00 shares at 20.72 on 2024-10-14 15:45:00+00:00
2024-11-11 22:55:18,160 - Long Buy 930.00 shares at 20.69 on 2024-10-14 16:00:00+00:00
2024-11-11 22:55:18,160 - Long Buy 909.00 shares at 20.73 on 2024-10-14 16:15:00+00:00
2024-11-11 22:55:18,160 - Long Buy 891.00 shares at 20.72 on 2024-10-14 16:30:00+00:00
2024-11-11 22:55:18,160 - Long Buy 875.00 shares at 20.7 on 2024-10-14 17:30:00+00:00
2024-11-11 22:55:18,160 - Long Buy 857.00 shares at 20.71 on 2024-10-14 17:45:00+00:00
2024-11-11 22:55:18,161 - Sell to close 6377.00 shares at 20.89 on 2024-10-15 13:30:00+00:00 (Exit: Profit_take, Profit: 1167.6899999999998, Duration: 1320.0 minutes)
2024-11-11 22:55:18,161 - Short Sell 959.00 shares at 20.91 on 2024-10-15 13:45:00+00:00
2024-11-11 22:55:18,161 - Short Sell 956.00 shares at 20.96 on 2024-10-15 14:00:00+00:00
2024-11-11 22:55:18,161 - Short Sell 957.00 shares at 20.94 on 2024-10-15 14:15:00+00:00
2024-11-11 22:55:18,161 - Short Sell 960.00 shares at 20.88 on 2024-10-15 14:30:00+00:00
2024-11-11 22:55:18,161 - Short Sell 960.00 shares at 20.88 on 2024-10-15 14:45:00+00:00
2024-11-11 22:55:18,161 - Buy to cover -4792.00 shares at 20.75 on 2024-10-15 15:15:00+00:00 (Exit: Profit_take, Profit: 785.6300000000036, Duration: 90.0 minutes)
2024-11-11 22:55:18,161 - Long Buy 967.00 shares at 20.74 on 2024-10-15 16:30:00+00:00
2024-11-11 22:55:18,161 - Long Buy 949.00 shares at 20.71 on 2024-10-15 16:45:00+00:00
2024-11-11 22:55:18,161 - Long Buy 931.00 shares at 20.71 on 2024-10-15 17:00:00+00:00
2024-11-11 22:55:18,161 - Long Buy 913.00 shares at 20.69 on 2024-10-15 17:15:00+00:00
2024-11-11 22:55:18,161 - Long Buy 893.00 shares at 20.72 on 2024-10-15 17:30:00+00:00
2024-11-11 22:55:18,161 - Long Buy 877.00 shares at 20.69 on 2024-10-15 17:45:00+00:00
2024-11-11 22:55:18,161 - Long Buy 860.00 shares at 20.68 on 2024-10-15 18:00:00+00:00
2024-11-11 22:55:18,161 - Long Buy 841.00 shares at 20.7 on 2024-10-15 18:15:00+00:00
2024-11-11 22:55:18,161 - Sell to close 7231.00 shares at 20.82 on 2024-10-15 19:30:00+00:00 (Exit: Profit_take, Profit: 827.4799999999955, Duration: 180.0 minutes)
2024-11-11 22:55:18,161 - Short Sell 964.00 shares at 20.84 on 2024-10-16 14:00:00+00:00
2024-11-11 22:55:18,161 - Short Sell 961.00 shares at 20.89 on 2024-10-16 14:15:00+00:00
2024-11-11 22:55:18,161 - Short Sell 962.00 shares at 20.88 on 2024-10-16 14:30:00+00:00
2024-11-11 22:55:18,161 - Short Sell 960.00 shares at 20.92 on 2024-10-16 14:45:00+00:00
2024-11-11 22:55:18,161 - Short Sell 959.00 shares at 20.93 on 2024-10-16 15:00:00+00:00
2024-11-11 22:55:18,161 - Short Sell 963.00 shares at 20.86 on 2024-10-16 15:15:00+00:00
2024-11-11 22:55:18,162 - Short Sell 963.00 shares at 20.86 on 2024-10-16 15:30:00+00:00
2024-11-11 22:55:18,162 - Short Sell 962.00 shares at 20.87 on 2024-10-16 15:45:00+00:00
2024-11-11 22:55:18,162 - Buy to cover -7694.00 shares at 20.77 on 2024-10-16 16:00:00+00:00 (Exit: Profit_take, Profit: 855.5999999999797, Duration: 120.0 minutes)
2024-11-11 22:55:18,162 - Short Sell 964.00 shares at 20.84 on 2024-10-16 17:30:00+00:00
2024-11-11 22:55:18,162 - Short Sell 966.00 shares at 20.81 on 2024-10-16 17:45:00+00:00
2024-11-11 22:55:18,162 - Short Sell 964.00 shares at 20.85 on 2024-10-16 18:00:00+00:00
2024-11-11 22:55:18,162 - Short Sell 964.00 shares at 20.85 on 2024-10-16 18:15:00+00:00
2024-11-11 22:55:18,162 - Short Sell 964.00 shares at 20.85 on 2024-10-16 18:30:00+00:00
2024-11-11 22:55:18,162 - Short Sell 962.00 shares at 20.88 on 2024-10-16 18:45:00+00:00
2024-11-11 22:55:18,162 - Short Sell 961.00 shares at 20.91 on 2024-10-16 19:00:00+00:00
2024-11-11 22:55:18,162 - Short Sell 960.00 shares at 20.92 on 2024-10-16 19:15:00+00:00
2024-11-11 22:55:18,162 - Short Sell 962.00 shares at 20.88 on 2024-10-16 19:30:00+00:00
2024-11-11 22:55:18,162 - Short Sell 962.00 shares at 20.89 on 2024-10-16 19:45:00+00:00
2024-11-11 22:55:18,162 - Buy to cover -9629.00 shares at 20.76 on 2024-10-17 13:30:00+00:00 (Exit: Profit_take, Profit: 1039.3899999999996, Duration: 1200.0 minutes)
2024-11-11 22:55:18,162 - Short Sell 961.00 shares at 20.94 on 2024-10-17 14:15:00+00:00
2024-11-11 22:55:18,162 - Short Sell 964.00 shares at 20.88 on 2024-10-17 14:30:00+00:00
2024-11-11 22:55:18,162 - Short Sell 964.00 shares at 20.87 on 2024-10-17 14:45:00+00:00
2024-11-11 22:55:18,162 - Short Sell 959.00 shares at 20.98 on 2024-10-17 15:00:00+00:00
2024-11-11 22:55:18,162 - Short Sell 960.00 shares at 20.96 on 2024-10-17 15:15:00+00:00
2024-11-11 22:55:18,162 - Short Sell 962.00 shares at 20.92 on 2024-10-17 15:30:00+00:00
2024-11-11 22:55:18,162 - Short Sell 964.00 shares at 20.88 on 2024-10-17 15:45:00+00:00
2024-11-11 22:55:18,162 - Short Sell 964.00 shares at 20.88 on 2024-10-17 16:00:00+00:00
2024-11-11 22:55:18,162 - Short Sell 961.00 shares at 20.94 on 2024-10-17 16:15:00+00:00
2024-11-11 22:55:18,162 - Short Sell 960.00 shares at 20.95 on 2024-10-17 16:30:00+00:00
2024-11-11 22:55:18,162 - Short Sell 959.00 shares at 20.97 on 2024-10-17 16:45:00+00:00
2024-11-11 22:55:18,162 - Short Sell 960.00 shares at 20.96 on 2024-10-17 17:00:00+00:00
2024-11-11 22:55:18,162 - Short Sell 962.00 shares at 20.91 on 2024-10-17 17:15:00+00:00
2024-11-11 22:55:18,163 - Short Sell 964.00 shares at 20.88 on 2024-10-17 17:30:00+00:00
2024-11-11 22:55:18,163 - Short Sell 963.00 shares at 20.9 on 2024-10-17 17:45:00+00:00
2024-11-11 22:55:18,163 - Short Sell 965.00 shares at 20.87 on 2024-10-17 18:00:00+00:00
2024-11-11 22:55:18,163 - Buy to cover -15392.00 shares at 20.83 on 2024-10-17 18:30:00+00:00 (Exit: Signal, Profit: 1355.240000000063, Duration: 255.0 minutes)
2024-11-11 22:55:18,163 - Short Sell 965.00 shares at 20.87 on 2024-10-17 18:45:00+00:00
2024-11-11 22:55:18,163 - Short Sell 965.00 shares at 20.87 on 2024-10-17 19:00:00+00:00
2024-11-11 22:55:18,163 - Short Sell 965.00 shares at 20.88 on 2024-10-17 19:15:00+00:00
2024-11-11 22:55:18,163 - Short Sell 965.00 shares at 20.88 on 2024-10-17 19:30:00+00:00
2024-11-11 22:55:18,163 - Short Sell 962.00 shares at 20.93 on 2024-10-17 19:45:00+00:00
2024-11-11 22:55:18,163 - Buy to cover -4822.00 shares at 20.61 on 2024-10-18 13:45:00+00:00 (Exit: Profit_take, Profit: 1330.7399999999996, Duration: 1140.0 minutes)
2024-11-11 22:55:18,163 - Long Buy 979.00 shares at 20.61 on 2024-10-18 14:00:00+00:00
2024-11-11 22:55:18,163 - Long Buy 960.00 shares at 20.59 on 2024-10-18 14:15:00+00:00
2024-11-11 22:55:18,163 - Long Buy 940.00 shares at 20.61 on 2024-10-18 14:30:00+00:00
2024-11-11 22:55:18,163 - Long Buy 926.00 shares at 20.5 on 2024-10-18 14:45:00+00:00
2024-11-11 22:55:18,163 - Long Buy 909.00 shares at 20.48 on 2024-10-18 15:00:00+00:00
2024-11-11 22:55:18,163 - Long Buy 892.00 shares at 20.45 on 2024-10-18 15:15:00+00:00
2024-11-11 22:55:18,163 - Long Buy 875.00 shares at 20.42 on 2024-10-18 15:30:00+00:00
2024-11-11 22:55:18,163 - Long Buy 858.00 shares at 20.41 on 2024-10-18 15:45:00+00:00
2024-11-11 22:55:18,163 - Long Buy 840.00 shares at 20.42 on 2024-10-18 16:00:00+00:00
2024-11-11 22:55:18,163 - Long Buy 818.00 shares at 20.55 on 2024-10-18 16:15:00+00:00
2024-11-11 22:55:18,164 - Long Buy 802.00 shares at 20.55 on 2024-10-18 16:30:00+00:00
2024-11-11 22:55:18,164 - Sell to close 9799.00 shares at 20.63 on 2024-10-18 16:45:00+00:00 (Exit: Profit_take, Profit: 1172.5799999999513, Duration: 165.0 minutes)
2024-11-11 22:55:18,164 - Long Buy 979.00 shares at 20.64 on 2024-10-18 17:00:00+00:00
2024-11-11 22:55:18,164 - Long Buy 959.00 shares at 20.63 on 2024-10-18 17:15:00+00:00
2024-11-11 22:55:18,164 - Long Buy 937.00 shares at 20.69 on 2024-10-18 17:30:00+00:00
2024-11-11 22:55:18,164 - Long Buy 918.00 shares at 20.7 on 2024-10-18 17:45:00+00:00
2024-11-11 22:55:18,164 - Long Buy 901.00 shares at 20.68 on 2024-10-18 18:00:00+00:00
2024-11-11 22:55:18,164 - Long Buy 883.00 shares at 20.68 on 2024-10-18 18:15:00+00:00
2024-11-11 22:55:18,164 - Long Buy 865.00 shares at 20.69 on 2024-10-18 18:30:00+00:00
2024-11-11 22:55:18,164 - Long Buy 845.00 shares at 20.75 on 2024-10-18 18:45:00+00:00
2024-11-11 22:55:18,164 - Long Buy 828.00 shares at 20.75 on 2024-10-18 19:00:00+00:00
2024-11-11 22:55:18,164 - Long Buy 812.00 shares at 20.73 on 2024-10-18 19:15:00+00:00
2024-11-11 22:55:18,164 - Long Buy 798.00 shares at 20.67 on 2024-10-18 19:30:00+00:00
2024-11-11 22:55:18,164 - Long Buy 782.00 shares at 20.69 on 2024-10-18 19:45:00+00:00
2024-11-11 22:55:18,164 - Sell to close 10507.00 shares at 20.52 on 2024-10-21 13:30:00+00:00 (Exit: Stop_loss, Profit: -1787.9400000000128, Duration: 4110.0 minutes)
2024-11-11 22:55:18,164 - Long Buy 1023.00 shares at 19.71 on 2024-10-22 13:30:00+00:00
2024-11-11 22:55:18,164 - Long Buy 1004.00 shares at 19.67 on 2024-10-22 13:45:00+00:00
2024-11-11 22:55:18,164 - Long Buy 985.00 shares at 19.66 on 2024-10-22 14:00:00+00:00
2024-11-11 22:55:18,164 - Long Buy 967.00 shares at 19.62 on 2024-10-22 14:15:00+00:00
2024-11-11 22:55:18,164 - Long Buy 947.00 shares at 19.63 on 2024-10-22 14:30:00+00:00
2024-11-11 22:55:18,164 - Sell to close 4926.00 shares at 19.72 on 2024-10-22 15:00:00+00:00 (Exit: Signal, Profit: 301.4600000000064, Duration: 90.0 minutes)
2024-11-11 22:55:18,164 - Short Sell 1021.00 shares at 19.75 on 2024-10-22 15:15:00+00:00
2024-11-11 22:55:18,165 - Short Sell 1017.00 shares at 19.82 on 2024-10-22 15:30:00+00:00
2024-11-11 22:55:18,165 - Short Sell 1017.00 shares at 19.82 on 2024-10-22 15:45:00+00:00
2024-11-11 22:55:18,165 - Short Sell 1016.00 shares at 19.84 on 2024-10-22 16:00:00+00:00
2024-11-11 22:55:18,165 - Short Sell 1016.00 shares at 19.85 on 2024-10-22 16:15:00+00:00
2024-11-11 22:55:18,165 - Short Sell 1015.00 shares at 19.86 on 2024-10-22 16:30:00+00:00
2024-11-11 22:55:18,165 - Short Sell 1015.00 shares at 19.86 on 2024-10-22 16:45:00+00:00
2024-11-11 22:55:18,165 - Short Sell 1018.00 shares at 19.82 on 2024-10-22 17:00:00+00:00
2024-11-11 22:55:18,165 - Short Sell 1018.00 shares at 19.82 on 2024-10-22 17:15:00+00:00
2024-11-11 22:55:18,165 - Short Sell 1016.00 shares at 19.85 on 2024-10-22 17:30:00+00:00
2024-11-11 22:55:18,165 - Short Sell 1015.00 shares at 19.87 on 2024-10-22 17:45:00+00:00
2024-11-11 22:55:18,165 - Short Sell 1016.00 shares at 19.85 on 2024-10-22 18:00:00+00:00
2024-11-11 22:55:18,165 - Short Sell 1016.00 shares at 19.84 on 2024-10-22 18:15:00+00:00
2024-11-11 22:55:18,165 - Short Sell 1018.00 shares at 19.82 on 2024-10-22 18:30:00+00:00
2024-11-11 22:55:18,165 - Short Sell 1018.00 shares at 19.82 on 2024-10-22 18:45:00+00:00
2024-11-11 22:55:18,165 - Short Sell 1014.00 shares at 19.88 on 2024-10-22 19:00:00+00:00
2024-11-11 22:55:18,165 - Short Sell 1014.00 shares at 19.88 on 2024-10-22 19:15:00+00:00
2024-11-11 22:55:18,165 - Short Sell 1013.00 shares at 19.89 on 2024-10-22 19:30:00+00:00
2024-11-11 22:55:18,165 - Short Sell 1012.00 shares at 19.9 on 2024-10-22 19:45:00+00:00
2024-11-11 22:55:18,165 - Short Sell 1018.00 shares at 19.82 on 2024-10-23 13:30:00+00:00
2024-11-11 22:55:18,165 - Short Sell 1021.00 shares at 19.78 on 2024-10-23 13:45:00+00:00
2024-11-11 22:55:18,165 - Buy to cover -21344.00 shares at 19.73 on 2024-10-23 14:00:00+00:00 (Exit: Profit_take, Profit: 2346.230000000086, Duration: 1365.0 minutes)
2024-11-11 22:55:18,165 - Long Buy 1031.00 shares at 19.6 on 2024-10-23 15:00:00+00:00
2024-11-11 22:55:18,165 - Long Buy 1011.00 shares at 19.6 on 2024-10-23 15:15:00+00:00
2024-11-11 22:55:18,165 - Long Buy 992.00 shares at 19.57 on 2024-10-23 15:30:00+00:00
2024-11-11 22:55:18,165 - Long Buy 973.00 shares at 19.56 on 2024-10-23 15:45:00+00:00
2024-11-11 22:55:18,165 - Long Buy 957.00 shares at 19.48 on 2024-10-23 16:00:00+00:00
2024-11-11 22:55:18,165 - Long Buy 939.00 shares at 19.45 on 2024-10-23 16:15:00+00:00
2024-11-11 22:55:18,165 - Long Buy 920.00 shares at 19.46 on 2024-10-23 16:30:00+00:00
2024-11-11 22:55:18,165 - Long Buy 902.00 shares at 19.46 on 2024-10-23 16:45:00+00:00
2024-11-11 22:55:18,165 - Sell to close 7725.00 shares at 19.38 on 2024-10-23 17:00:00+00:00 (Exit: Stop_loss, Profit: -1120.050000000029, Duration: 120.0 minutes)
2024-11-11 22:55:18,166 - Long Buy 1044.00 shares at 19.35 on 2024-10-24 13:30:00+00:00
2024-11-11 22:55:18,166 - Long Buy 1021.00 shares at 19.39 on 2024-10-24 13:45:00+00:00
2024-11-11 22:55:18,166 - Long Buy 1003.00 shares at 19.33 on 2024-10-24 14:00:00+00:00
2024-11-11 22:55:18,166 - Long Buy 985.00 shares at 19.3 on 2024-10-24 14:15:00+00:00
2024-11-11 22:55:18,166 - Long Buy 963.00 shares at 19.33 on 2024-10-24 14:30:00+00:00
2024-11-11 22:55:18,166 - Long Buy 946.00 shares at 19.3 on 2024-10-24 14:45:00+00:00
2024-11-11 22:55:18,166 - Long Buy 924.00 shares at 19.36 on 2024-10-24 15:00:00+00:00
2024-11-11 22:55:18,166 - Long Buy 907.00 shares at 19.32 on 2024-10-24 15:15:00+00:00
2024-11-11 22:55:18,166 - Long Buy 889.00 shares at 19.32 on 2024-10-24 15:30:00+00:00
2024-11-11 22:55:18,166 - Long Buy 870.00 shares at 19.34 on 2024-10-24 15:45:00+00:00
2024-11-11 22:55:18,166 - Long Buy 855.00 shares at 19.3 on 2024-10-24 16:00:00+00:00
2024-11-11 22:55:18,166 - Sell to close 10407.00 shares at 19.39 on 2024-10-24 17:30:00+00:00 (Exit: Signal, Profit: 607.4000000000314, Duration: 240.0 minutes)
2024-11-11 22:55:18,166 - Long Buy 1048.00 shares at 19.28 on 2024-10-24 18:30:00+00:00
2024-11-11 22:55:18,166 - Long Buy 1028.00 shares at 19.26 on 2024-10-24 18:45:00+00:00
2024-11-11 22:55:18,166 - Sell to close 2076.00 shares at 19.41 on 2024-10-24 19:45:00+00:00 (Exit: Profit_take, Profit: 290.4399999999971, Duration: 75.0 minutes)
2024-11-11 22:55:18,166 - Short Sell 1027.00 shares at 19.68 on 2024-10-25 13:30:00+00:00
2024-11-11 22:55:18,166 - Short Sell 1025.00 shares at 19.71 on 2024-10-25 13:45:00+00:00
2024-11-11 22:55:18,166 - Short Sell 1025.00 shares at 19.71 on 2024-10-25 14:00:00+00:00
2024-11-11 22:55:18,166 - Short Sell 1019.00 shares at 19.82 on 2024-10-25 14:15:00+00:00
2024-11-11 22:55:18,166 - Short Sell 1022.00 shares at 19.78 on 2024-10-25 14:30:00+00:00
2024-11-11 22:55:18,166 - Short Sell 1023.00 shares at 19.76 on 2024-10-25 14:45:00+00:00
2024-11-11 22:55:18,166 - Short Sell 1021.00 shares at 19.79 on 2024-10-25 15:00:00+00:00
2024-11-11 22:55:18,166 - Short Sell 1026.00 shares at 19.71 on 2024-10-25 15:15:00+00:00
2024-11-11 22:55:18,166 - Short Sell 1026.00 shares at 19.71 on 2024-10-25 15:30:00+00:00
2024-11-11 22:55:18,166 - Short Sell 1027.00 shares at 19.69 on 2024-10-25 15:45:00+00:00
2024-11-11 22:55:18,167 - Short Sell 1029.00 shares at 19.66 on 2024-10-25 16:00:00+00:00
2024-11-11 22:55:18,167 - Buy to cover -11270.00 shares at 19.63 on 2024-10-25 16:15:00+00:00 (Exit: Profit_take, Profit: 1115.2600000000145, Duration: 165.0 minutes)
2024-11-11 22:55:18,167 - Short Sell 1030.00 shares at 19.64 on 2024-10-25 16:30:00+00:00
2024-11-11 22:55:18,167 - Short Sell 1030.00 shares at 19.64 on 2024-10-25 16:45:00+00:00
2024-11-11 22:55:18,167 - Buy to cover -2060.00 shares at 19.61 on 2024-10-25 17:00:00+00:00 (Exit: Signal, Profit: 61.80000000000234, Duration: 30.0 minutes)
2024-11-11 22:55:18,167 - Long Buy 1035.00 shares at 19.55 on 2024-10-25 17:15:00+00:00
2024-11-11 22:55:18,167 - Long Buy 1015.00 shares at 19.54 on 2024-10-25 17:30:00+00:00
2024-11-11 22:55:18,167 - Long Buy 994.00 shares at 19.55 on 2024-10-25 17:45:00+00:00
2024-11-11 22:55:18,167 - Long Buy 975.00 shares at 19.54 on 2024-10-25 18:00:00+00:00
2024-11-11 22:55:18,167 - Long Buy 955.00 shares at 19.55 on 2024-10-25 18:15:00+00:00
2024-11-11 22:55:18,167 - Long Buy 935.00 shares at 19.57 on 2024-10-25 18:30:00+00:00
2024-11-11 22:55:18,167 - Long Buy 916.00 shares at 19.57 on 2024-10-25 18:45:00+00:00
2024-11-11 22:55:18,167 - Long Buy 898.00 shares at 19.57 on 2024-10-25 19:00:00+00:00
2024-11-11 22:55:18,167 - Long Buy 881.00 shares at 19.54 on 2024-10-25 19:15:00+00:00
2024-11-11 22:55:18,167 - Long Buy 864.00 shares at 19.52 on 2024-10-25 19:30:00+00:00
2024-11-11 22:55:18,167 - Long Buy 850.00 shares at 19.45 on 2024-10-25 19:45:00+00:00
2024-11-11 22:55:18,167 - Long Buy 829.00 shares at 19.54 on 2024-10-28 13:30:00+00:00
2024-11-11 22:55:18,167 - Sell to close 11147.00 shares at 19.73 on 2024-10-28 13:45:00+00:00 (Exit: Profit_take, Profit: 2099.3999999999673, Duration: 4110.0 minutes)
2024-11-11 22:55:18,167 - Short Sell 1027.00 shares at 19.75 on 2024-10-28 14:00:00+00:00
2024-11-11 22:55:18,167 - Short Sell 1028.00 shares at 19.73 on 2024-10-28 14:15:00+00:00
2024-11-11 22:55:18,167 - Short Sell 1025.00 shares at 19.78 on 2024-10-28 14:30:00+00:00
2024-11-11 22:55:18,167 - Short Sell 1026.00 shares at 19.77 on 2024-10-28 14:45:00+00:00
2024-11-11 22:55:18,167 - Short Sell 1023.00 shares at 19.82 on 2024-10-28 15:00:00+00:00
2024-11-11 22:55:18,167 - Short Sell 1024.00 shares at 19.8 on 2024-10-28 15:15:00+00:00
2024-11-11 22:55:18,167 - Short Sell 1026.00 shares at 19.77 on 2024-10-28 15:30:00+00:00
2024-11-11 22:55:18,167 - Short Sell 1023.00 shares at 19.82 on 2024-10-28 15:45:00+00:00
2024-11-11 22:55:18,167 - Short Sell 1021.00 shares at 19.85 on 2024-10-28 16:00:00+00:00
2024-11-11 22:55:18,167 - Short Sell 1020.00 shares at 19.86 on 2024-10-28 16:15:00+00:00
2024-11-11 22:55:18,167 - Short Sell 1021.00 shares at 19.85 on 2024-10-28 16:30:00+00:00
2024-11-11 22:55:18,168 - Short Sell 1021.00 shares at 19.84 on 2024-10-28 16:45:00+00:00
2024-11-11 22:55:18,168 - Short Sell 1025.00 shares at 19.79 on 2024-10-28 17:00:00+00:00
2024-11-11 22:55:18,168 - Short Sell 1023.00 shares at 19.82 on 2024-10-28 17:15:00+00:00
2024-11-11 22:55:18,168 - Short Sell 1021.00 shares at 19.85 on 2024-10-28 17:30:00+00:00
2024-11-11 22:55:18,168 - Short Sell 1019.00 shares at 19.88 on 2024-10-28 17:45:00+00:00
2024-11-11 22:55:18,168 - Buy to cover -16373.00 shares at 19.84 on 2024-10-28 18:00:00+00:00 (Exit: Signal, Profit: -472.4500000000104, Duration: 240.0 minutes)
2024-11-11 22:55:18,168 - Long Buy 1021.00 shares at 19.84 on 2024-10-28 18:15:00+00:00
2024-11-11 22:55:18,168 - Long Buy 1002.00 shares at 19.83 on 2024-10-28 18:30:00+00:00
2024-11-11 22:55:18,168 - Long Buy 982.00 shares at 19.82 on 2024-10-28 18:45:00+00:00
2024-11-11 22:55:18,168 - Long Buy 962.00 shares at 19.82 on 2024-10-28 19:00:00+00:00
2024-11-11 22:55:18,168 - Long Buy 943.00 shares at 19.82 on 2024-10-28 19:15:00+00:00
2024-11-11 22:55:18,168 - Long Buy 926.00 shares at 19.79 on 2024-10-28 19:30:00+00:00
2024-11-11 22:55:18,168 - Long Buy 909.00 shares at 19.74 on 2024-10-28 19:45:00+00:00
2024-11-11 22:55:18,168 - Long Buy 890.00 shares at 19.76 on 2024-10-29 13:30:00+00:00
2024-11-11 22:55:18,168 - Long Buy 870.00 shares at 19.82 on 2024-10-29 13:45:00+00:00
2024-11-11 22:55:18,168 - Sell to close 8505.00 shares at 19.92 on 2024-10-29 14:15:00+00:00 (Exit: Profit_take, Profit: 973.9600000000396, Duration: 1200.0 minutes)
2024-11-11 22:55:18,168 - Long Buy 1016.00 shares at 19.96 on 2024-10-29 19:00:00+00:00
2024-11-11 22:55:18,168 - Long Buy 997.00 shares at 19.94 on 2024-10-29 19:15:00+00:00
2024-11-11 22:55:18,168 - Long Buy 978.00 shares at 19.92 on 2024-10-29 19:30:00+00:00
2024-11-11 22:55:18,168 - Long Buy 961.00 shares at 19.87 on 2024-10-29 19:45:00+00:00
2024-11-11 22:55:18,169 - Sell to close 3952.00 shares at 20.27 on 2024-10-30 13:30:00+00:00 (Exit: Profit_take, Profit: 1370.669999999997, Duration: 1110.0 minutes)
2024-11-11 22:55:18,169 - Short Sell 986.00 shares at 20.6 on 2024-10-30 13:45:00+00:00
2024-11-11 22:55:18,169 - Short Sell 978.00 shares at 20.77 on 2024-10-30 14:00:00+00:00
2024-11-11 22:55:18,169 - Short Sell 987.00 shares at 20.59 on 2024-10-30 14:15:00+00:00
2024-11-11 22:55:18,169 - Buy to cover -2951.00 shares at 20.38 on 2024-10-30 14:30:00+00:00 (Exit: Profit_take, Profit: 805.6100000000092, Duration: 45.0 minutes)
2024-11-11 22:55:18,169 - Short Sell 997.00 shares at 20.39 on 2024-10-30 14:45:00+00:00
2024-11-11 22:55:18,169 - Short Sell 998.00 shares at 20.37 on 2024-10-30 15:00:00+00:00
2024-11-11 22:55:18,169 - Short Sell 995.00 shares at 20.42 on 2024-10-30 15:15:00+00:00
2024-11-11 22:55:18,169 - Short Sell 994.00 shares at 20.44 on 2024-10-30 15:30:00+00:00
2024-11-11 22:55:18,169 - Short Sell 996.00 shares at 20.41 on 2024-10-30 15:45:00+00:00
2024-11-11 22:55:18,169 - Short Sell 993.00 shares at 20.46 on 2024-10-30 16:00:00+00:00
2024-11-11 22:55:18,169 - Short Sell 992.00 shares at 20.49 on 2024-10-30 16:15:00+00:00
2024-11-11 22:55:18,169 - Buy to cover -6965.00 shares at 20.61 on 2024-10-30 16:30:00+00:00 (Exit: Stop_loss, Profit: -1284.080000000014, Duration: 105.0 minutes)
2024-11-11 22:55:18,169 - Long Buy 1014.00 shares at 20.02 on 2024-10-31 13:30:00+00:00
2024-11-11 22:55:18,169 - Long Buy 999.00 shares at 19.92 on 2024-10-31 13:45:00+00:00
2024-11-11 22:55:18,169 - Long Buy 983.00 shares at 19.83 on 2024-10-31 14:00:00+00:00
2024-11-11 22:55:18,169 - Long Buy 964.00 shares at 19.82 on 2024-10-31 14:15:00+00:00
2024-11-11 22:55:18,169 - Sell to close 3960.00 shares at 19.73 on 2024-10-31 14:30:00+00:00 (Exit: Stop_loss, Profit: -668.9299999999985, Duration: 60.0 minutes)
2024-11-11 22:55:18,169 - Long Buy 1016.00 shares at 19.97 on 2024-11-01 13:30:00+00:00
2024-11-11 22:55:18,169 - Long Buy 994.00 shares at 20.0 on 2024-11-01 13:45:00+00:00
2024-11-11 22:55:18,170 - Long Buy 971.00 shares at 20.07 on 2024-11-01 14:00:00+00:00
2024-11-11 22:55:18,170 - Long Buy 950.00 shares at 20.1 on 2024-11-01 14:15:00+00:00
2024-11-11 22:55:18,170 - Long Buy 937.00 shares at 19.98 on 2024-11-01 14:30:00+00:00
2024-11-11 22:55:18,170 - Long Buy 914.00 shares at 20.07 on 2024-11-01 14:45:00+00:00
2024-11-11 22:55:18,170 - Sell to close 5782.00 shares at 20.21 on 2024-11-01 15:00:00+00:00 (Exit: Profit_take, Profit: 1036.49, Duration: 90.0 minutes)
2024-11-11 22:55:18,170 - Short Sell 1005.00 shares at 20.2 on 2024-11-01 15:15:00+00:00
2024-11-11 22:55:18,170 - Short Sell 1008.00 shares at 20.16 on 2024-11-01 15:30:00+00:00
2024-11-11 22:55:18,170 - Short Sell 1008.00 shares at 20.15 on 2024-11-01 16:00:00+00:00
2024-11-11 22:55:18,170 - Buy to cover -3021.00 shares at 20.02 on 2024-11-01 16:30:00+00:00 (Exit: Profit_take, Profit: 453.0599999999977, Duration: 75.0 minutes)
2024-11-11 22:55:18,170 - Long Buy 1015.00 shares at 20.01 on 2024-11-01 18:15:00+00:00
2024-11-11 22:55:18,170 - Sell to close 1015.00 shares at 20.13 on 2024-11-01 19:00:00+00:00 (Exit: Profit_take, Profit: 121.7999999999974, Duration: 45.0 minutes)
2024-11-11 22:55:18,170 - Short Sell 1006.00 shares at 20.21 on 2024-11-04 14:30:00+00:00
2024-11-11 22:55:18,170 - Short Sell 1003.00 shares at 20.26 on 2024-11-04 15:15:00+00:00
2024-11-11 22:55:18,170 - Buy to cover -2009.00 shares at 20.39 on 2024-11-04 15:30:00+00:00 (Exit: Stop_loss, Profit: -311.4699999999962, Duration: 60.0 minutes)
2024-11-11 22:55:18,170 - Long Buy 1011.00 shares at 20.09 on 2024-11-05 14:30:00+00:00
2024-11-11 22:55:18,170 - Sell to close 1011.00 shares at 20.23 on 2024-11-05 14:45:00+00:00 (Exit: Profit_take, Profit: 141.5400000000006, Duration: 15.0 minutes)
2024-11-11 22:55:18,171 - Long Buy 1012.00 shares at 20.07 on 2024-11-05 15:15:00+00:00
2024-11-11 22:55:18,171 - Long Buy 993.00 shares at 20.05 on 2024-11-05 15:45:00+00:00
2024-11-11 22:55:18,171 - Long Buy 974.00 shares at 20.04 on 2024-11-05 16:00:00+00:00
2024-11-11 22:55:18,171 - Long Buy 957.00 shares at 19.98 on 2024-11-05 16:15:00+00:00
2024-11-11 22:55:18,171 - Long Buy 938.00 shares at 19.98 on 2024-11-05 16:30:00+00:00
2024-11-11 22:55:18,171 - Long Buy 920.00 shares at 19.96 on 2024-11-05 16:45:00+00:00
2024-11-11 22:55:18,171 - Long Buy 901.00 shares at 19.98 on 2024-11-05 17:00:00+00:00
2024-11-11 22:55:18,171 - Long Buy 884.00 shares at 19.95 on 2024-11-05 17:15:00+00:00
2024-11-11 22:55:18,171 - Sell to close 7579.00 shares at 19.99 on 2024-11-05 17:30:00+00:00 (Exit: Signal, Profit: -98.31999999996916, Duration: 135.0 minutes)
2024-11-11 22:55:18,171 - Short Sell 1017.00 shares at 19.98 on 2024-11-05 17:45:00+00:00
2024-11-11 22:55:18,171 - Buy to cover -1017.00 shares at 19.88 on 2024-11-05 19:45:00+00:00 (Exit: Profit_take, Profit: 101.70000000000144, Duration: 120.0 minutes)
2024-11-11 22:55:18,171 - Short Sell 964.00 shares at 21.07 on 2024-11-06 14:30:00+00:00
2024-11-11 22:55:18,171 - Short Sell 969.00 shares at 20.97 on 2024-11-06 14:45:00+00:00
2024-11-11 22:55:18,171 - Short Sell 967.00 shares at 21.01 on 2024-11-06 15:00:00+00:00
2024-11-11 22:55:18,171 - Short Sell 966.00 shares at 21.03 on 2024-11-06 15:15:00+00:00
2024-11-11 22:55:18,171 - Short Sell 969.00 shares at 20.98 on 2024-11-06 15:30:00+00:00
2024-11-11 22:55:18,171 - Short Sell 966.00 shares at 21.04 on 2024-11-06 15:45:00+00:00
2024-11-11 22:55:18,171 - Short Sell 965.00 shares at 21.06 on 2024-11-06 16:00:00+00:00
2024-11-11 22:55:18,171 - Short Sell 963.00 shares at 21.09 on 2024-11-06 16:15:00+00:00
2024-11-11 22:55:18,171 - Short Sell 965.00 shares at 21.06 on 2024-11-06 16:30:00+00:00
2024-11-11 22:55:18,171 - Short Sell 965.00 shares at 21.05 on 2024-11-06 16:45:00+00:00
2024-11-11 22:55:18,171 - Short Sell 964.00 shares at 21.07 on 2024-11-06 17:00:00+00:00
2024-11-11 22:55:18,171 - Short Sell 967.00 shares at 21.02 on 2024-11-06 17:15:00+00:00
2024-11-11 22:55:18,171 - Buy to cover -11590.00 shares at 21.22 on 2024-11-06 17:30:00+00:00 (Exit: Stop_loss, Profit: -2115.9399999999237, Duration: 180.0 minutes)
2024-11-11 22:55:18,172 - Short Sell 948.00 shares at 21.39 on 2024-11-07 14:30:00+00:00
2024-11-11 22:55:18,172 - Short Sell 947.00 shares at 21.42 on 2024-11-07 14:45:00+00:00
2024-11-11 22:55:18,172 - Short Sell 946.00 shares at 21.44 on 2024-11-07 15:30:00+00:00
2024-11-11 22:55:18,172 - Short Sell 946.00 shares at 21.44 on 2024-11-07 16:45:00+00:00
2024-11-11 22:55:18,172 - Short Sell 944.00 shares at 21.48 on 2024-11-07 17:00:00+00:00
2024-11-11 22:55:18,172 - Short Sell 944.00 shares at 21.48 on 2024-11-07 17:15:00+00:00
2024-11-11 22:55:18,172 - Short Sell 941.00 shares at 21.53 on 2024-11-07 17:30:00+00:00
2024-11-11 22:55:18,172 - Short Sell 943.00 shares at 21.49 on 2024-11-07 17:45:00+00:00
2024-11-11 22:55:18,172 - Short Sell 945.00 shares at 21.45 on 2024-11-07 18:00:00+00:00
2024-11-11 22:55:18,172 - Short Sell 946.00 shares at 21.44 on 2024-11-07 18:15:00+00:00
2024-11-11 22:55:18,172 - Short Sell 945.00 shares at 21.45 on 2024-11-07 18:30:00+00:00
2024-11-11 22:55:18,172 - Short Sell 944.00 shares at 21.48 on 2024-11-07 18:45:00+00:00
2024-11-11 22:55:18,172 - Short Sell 940.00 shares at 21.54 on 2024-11-07 19:00:00+00:00
2024-11-11 22:55:18,172 - Short Sell 940.00 shares at 21.55 on 2024-11-07 19:15:00+00:00
2024-11-11 22:55:18,172 - Buy to cover -13219.00 shares at 21.53 on 2024-11-07 19:30:00+00:00 (Exit: Signal, Profit: -794.6300000000829, Duration: 300.0 minutes)
2024-11-11 22:55:18,172 - Short Sell 938.00 shares at 21.6 on 2024-11-07 19:45:00+00:00
2024-11-11 22:55:18,172 - Short Sell 937.00 shares at 21.63 on 2024-11-07 20:00:00+00:00
2024-11-11 22:55:18,172 - Short Sell 937.00 shares at 21.62 on 2024-11-07 20:15:00+00:00
2024-11-11 22:55:18,172 - Buy to cover -2812.00 shares at 21.45 on 2024-11-07 20:45:00+00:00 (Exit: Profit_take, Profit: 468.65000000000356, Duration: 60.0 minutes)
2024-11-11 22:55:18,172 - Short Sell 936.00 shares at 21.66 on 2024-11-08 14:30:00+00:00
2024-11-11 22:55:18,172 - Short Sell 932.00 shares at 21.74 on 2024-11-08 14:45:00+00:00
2024-11-11 22:55:18,172 - Short Sell 931.00 shares at 21.76 on 2024-11-08 15:00:00+00:00
2024-11-11 22:55:18,172 - Short Sell 935.00 shares at 21.68 on 2024-11-08 15:15:00+00:00
2024-11-11 22:55:18,172 - Short Sell 930.00 shares at 21.78 on 2024-11-08 15:30:00+00:00
2024-11-11 22:55:18,172 - Buy to cover -4664.00 shares at 21.89 on 2024-11-08 15:45:00+00:00 (Exit: Stop_loss, Profit: -774.7599999999878, Duration: 75.0 minutes)
2024-11-11 22:55:18,174 - Final statisticsStock: HPE, 
total_trades: 36, 
winning_trades: 26, 
losing_trades: 10, 
average_return: 0.0034446258476648626, 
average_duration: 639.1666666666666, 
final_balance: 1013217.1400000004, 
final_portfolio_value: 1013217.1400000004, 
sharpe_ratio: 5.359911947719187, 



