2024-11-11 21:03:32,460 - Starting GBMStrategy with initial capital: 1000000
2024-11-11 21:03:32,460 - Hyperparameters: {'threshold': 1.5, 'time_periods': 30, 'num_simulations': 150}
2024-11-11 21:08:06,282 - Short Sell 106.00 shares at 187.62 on 2024-10-11 14:30:00+00:00
2024-11-11 21:08:06,283 - Short Sell 106.00 shares at 188.22 on 2024-10-11 14:45:00+00:00
2024-11-11 21:08:06,283 - Short Sell 106.00 shares at 188.34 on 2024-10-11 15:00:00+00:00
2024-11-11 21:08:06,283 - Short Sell 106.00 shares at 188.0 on 2024-10-11 15:15:00+00:00
2024-11-11 21:08:06,283 - Short Sell 106.00 shares at 188.12 on 2024-10-11 15:30:00+00:00
2024-11-11 21:08:06,284 - Buy to cover -530.00 shares at 187.23 on 2024-10-11 16:00:00+00:00 (Exit: Signal, Profit: 439.9000000000066, Duration: 90.0 minutes)
2024-11-11 21:08:06,284 - Long Buy 107.00 shares at 186.8 on 2024-10-11 16:30:00+00:00
2024-11-11 21:08:06,284 - Long Buy 104.00 shares at 186.98 on 2024-10-11 16:45:00+00:00
2024-11-11 21:08:06,284 - Long Buy 102.00 shares at 187.14 on 2024-10-11 17:00:00+00:00
2024-11-11 21:08:06,284 - Long Buy 100.00 shares at 187.03 on 2024-10-11 17:15:00+00:00
2024-11-11 21:08:06,284 - Long Buy 98.00 shares at 186.85 on 2024-10-11 17:30:00+00:00
2024-11-11 21:08:06,284 - Long Buy 96.00 shares at 186.71 on 2024-10-11 17:45:00+00:00
2024-11-11 21:08:06,284 - Long Buy 94.00 shares at 187.0 on 2024-10-11 18:00:00+00:00
2024-11-11 21:08:06,284 - Long Buy 93.00 shares at 186.96 on 2024-10-11 18:15:00+00:00
2024-11-11 21:08:06,284 - Long Buy 91.00 shares at 186.94 on 2024-10-11 18:30:00+00:00
2024-11-11 21:08:06,284 - Long Buy 89.00 shares at 186.99 on 2024-10-11 19:00:00+00:00
2024-11-11 21:08:06,284 - Long Buy 87.00 shares at 186.41 on 2024-10-11 19:30:00+00:00
2024-11-11 21:08:06,284 - Long Buy 86.00 shares at 185.99 on 2024-10-11 19:45:00+00:00
2024-11-11 21:08:06,284 - Long Buy 84.00 shares at 185.49 on 2024-10-14 13:30:00+00:00
2024-11-11 21:08:06,284 - Long Buy 82.00 shares at 186.33 on 2024-10-14 13:45:00+00:00
2024-11-11 21:08:06,284 - Long Buy 80.00 shares at 186.5 on 2024-10-14 14:00:00+00:00
2024-11-11 21:08:06,284 - Long Buy 79.00 shares at 186.39 on 2024-10-14 14:15:00+00:00
2024-11-11 21:08:06,284 - Long Buy 78.00 shares at 185.52 on 2024-10-14 14:30:00+00:00
2024-11-11 21:08:06,284 - Long Buy 76.00 shares at 185.67 on 2024-10-14 14:45:00+00:00
2024-11-11 21:08:06,284 - Long Buy 75.00 shares at 185.68 on 2024-10-14 15:00:00+00:00
2024-11-11 21:08:06,284 - Long Buy 73.00 shares at 185.47 on 2024-10-14 15:15:00+00:00
2024-11-11 21:08:06,284 - Sell to close 1774.00 shares at 185.8 on 2024-10-14 15:30:00+00:00 (Exit: Signal, Profit: -1234.6200000000517, Duration: 4260.0 minutes)
2024-11-11 21:08:06,284 - Short Sell 107.00 shares at 185.71 on 2024-10-14 15:45:00+00:00
2024-11-11 21:08:06,284 - Short Sell 107.00 shares at 185.73 on 2024-10-14 16:00:00+00:00
2024-11-11 21:08:06,285 - Short Sell 107.00 shares at 185.71 on 2024-10-14 16:45:00+00:00
2024-11-11 21:08:06,285 - Short Sell 107.00 shares at 185.71 on 2024-10-14 17:00:00+00:00
2024-11-11 21:08:06,285 - Short Sell 107.00 shares at 185.93 on 2024-10-14 18:00:00+00:00
2024-11-11 21:08:06,285 - Short Sell 107.00 shares at 186.19 on 2024-10-14 18:15:00+00:00
2024-11-11 21:08:06,285 - Short Sell 107.00 shares at 185.92 on 2024-10-14 18:30:00+00:00
2024-11-11 21:08:06,285 - Short Sell 107.00 shares at 185.85 on 2024-10-14 18:45:00+00:00
2024-11-11 21:08:06,285 - Short Sell 107.00 shares at 185.96 on 2024-10-14 19:15:00+00:00
2024-11-11 21:08:06,285 - Short Sell 107.00 shares at 185.88 on 2024-10-14 19:30:00+00:00
2024-11-11 21:08:06,285 - Short Sell 107.00 shares at 186.03 on 2024-10-14 19:45:00+00:00
2024-11-11 21:08:06,285 - Short Sell 107.00 shares at 186.28 on 2024-10-15 13:30:00+00:00
2024-11-11 21:08:06,285 - Short Sell 107.00 shares at 186.22 on 2024-10-15 13:45:00+00:00
2024-11-11 21:08:06,285 - Short Sell 107.00 shares at 186.47 on 2024-10-15 14:00:00+00:00
2024-11-11 21:08:06,285 - Short Sell 106.00 shares at 187.33 on 2024-10-15 14:15:00+00:00
2024-11-11 21:08:06,285 - Buy to cover -1604.00 shares at 187.43 on 2024-10-15 14:30:00+00:00 (Exit: Stop_loss, Profit: -2196.6099999999706, Duration: 1365.0 minutes)
2024-11-11 21:08:06,285 - Long Buy 107.00 shares at 185.24 on 2024-10-16 13:30:00+00:00
2024-11-11 21:08:06,285 - Long Buy 105.00 shares at 185.3 on 2024-10-16 14:00:00+00:00
2024-11-11 21:08:06,285 - Long Buy 103.00 shares at 184.93 on 2024-10-16 14:15:00+00:00
2024-11-11 21:08:06,285 - Long Buy 101.00 shares at 185.18 on 2024-10-16 14:30:00+00:00
2024-11-11 21:08:06,285 - Long Buy 99.00 shares at 184.93 on 2024-10-16 14:45:00+00:00
2024-11-11 21:08:06,285 - Long Buy 97.00 shares at 184.65 on 2024-10-16 15:00:00+00:00
2024-11-11 21:08:06,285 - Long Buy 95.00 shares at 184.21 on 2024-10-16 15:15:00+00:00
2024-11-11 21:08:06,285 - Long Buy 94.00 shares at 184.2 on 2024-10-16 15:30:00+00:00
2024-11-11 21:08:06,285 - Sell to close 801.00 shares at 184.0 on 2024-10-16 15:45:00+00:00 (Exit: Stop_loss, Profit: -678.0199999999782, Duration: 135.0 minutes)
2024-11-11 21:08:06,286 - Long Buy 108.00 shares at 184.0 on 2024-10-17 18:30:00+00:00
2024-11-11 21:08:06,286 - Long Buy 106.00 shares at 183.94 on 2024-10-17 18:45:00+00:00
2024-11-11 21:08:06,286 - Long Buy 104.00 shares at 183.82 on 2024-10-17 19:00:00+00:00
2024-11-11 21:08:06,286 - Long Buy 102.00 shares at 183.8 on 2024-10-17 19:15:00+00:00
2024-11-11 21:08:06,286 - Sell to close 420.00 shares at 185.71 on 2024-10-18 13:30:00+00:00 (Exit: Profit_take, Profit: 763.6799999999971, Duration: 1140.0 minutes)
2024-11-11 21:08:06,286 - Short Sell 107.00 shares at 184.79 on 2024-10-18 13:45:00+00:00
2024-11-11 21:08:06,286 - Short Sell 107.00 shares at 184.87 on 2024-10-18 14:00:00+00:00
2024-11-11 21:08:06,286 - Short Sell 107.00 shares at 185.04 on 2024-10-18 14:15:00+00:00
2024-11-11 21:08:06,286 - Short Sell 107.00 shares at 184.68 on 2024-10-18 14:30:00+00:00
2024-11-11 21:08:06,286 - Short Sell 107.00 shares at 185.09 on 2024-10-18 14:45:00+00:00
2024-11-11 21:08:06,286 - Short Sell 107.00 shares at 185.49 on 2024-10-18 15:00:00+00:00
2024-11-11 21:08:06,286 - Short Sell 107.00 shares at 185.51 on 2024-10-18 15:15:00+00:00
2024-11-11 21:08:06,286 - Short Sell 107.00 shares at 184.9 on 2024-10-18 15:30:00+00:00
2024-11-11 21:08:06,286 - Short Sell 107.00 shares at 184.94 on 2024-10-18 15:45:00+00:00
2024-11-11 21:08:06,286 - Short Sell 107.00 shares at 185.54 on 2024-10-18 16:00:00+00:00
2024-11-11 21:08:06,286 - Short Sell 107.00 shares at 185.69 on 2024-10-18 16:15:00+00:00
2024-11-11 21:08:06,286 - Short Sell 107.00 shares at 185.58 on 2024-10-18 16:30:00+00:00
2024-11-11 21:08:06,286 - Short Sell 107.00 shares at 185.5 on 2024-10-18 16:45:00+00:00
2024-11-11 21:08:06,286 - Short Sell 107.00 shares at 185.48 on 2024-10-18 17:00:00+00:00
2024-11-11 21:08:06,287 - Short Sell 107.00 shares at 185.53 on 2024-10-18 17:15:00+00:00
2024-11-11 21:08:06,287 - Short Sell 107.00 shares at 185.34 on 2024-10-18 17:30:00+00:00
2024-11-11 21:08:06,287 - Short Sell 107.00 shares at 185.37 on 2024-10-18 17:45:00+00:00
2024-11-11 21:08:06,287 - Short Sell 107.00 shares at 185.48 on 2024-10-18 18:00:00+00:00
2024-11-11 21:08:06,287 - Short Sell 107.00 shares at 185.52 on 2024-10-18 18:15:00+00:00
2024-11-11 21:08:06,287 - Short Sell 107.00 shares at 185.59 on 2024-10-18 18:30:00+00:00
2024-11-11 21:08:06,287 - Short Sell 107.00 shares at 185.59 on 2024-10-18 18:45:00+00:00
2024-11-11 21:08:06,287 - Short Sell 107.00 shares at 185.26 on 2024-10-18 19:00:00+00:00
2024-11-11 21:08:06,287 - Short Sell 107.00 shares at 185.1 on 2024-10-18 19:15:00+00:00
2024-11-11 21:08:06,287 - Short Sell 107.00 shares at 185.32 on 2024-10-18 19:30:00+00:00
2024-11-11 21:08:06,287 - Short Sell 107.00 shares at 185.63 on 2024-10-18 19:45:00+00:00
2024-11-11 21:08:06,287 - Short Sell 106.00 shares at 186.25 on 2024-10-21 13:30:00+00:00
2024-11-11 21:08:06,287 - Short Sell 106.00 shares at 186.52 on 2024-10-21 13:45:00+00:00
2024-11-11 21:08:06,287 - Short Sell 106.00 shares at 186.36 on 2024-10-21 14:00:00+00:00
2024-11-11 21:08:06,287 - Short Sell 107.00 shares at 185.71 on 2024-10-21 14:15:00+00:00
2024-11-11 21:08:06,287 - Short Sell 106.00 shares at 186.06 on 2024-10-21 14:30:00+00:00
2024-11-11 21:08:06,287 - Buy to cover -3206.00 shares at 184.4 on 2024-10-21 15:00:00+00:00 (Exit: Profit_take, Profit: 3387.520000000043, Duration: 4395.0 minutes)
2024-11-11 21:08:06,287 - Long Buy 108.00 shares at 184.24 on 2024-10-21 15:15:00+00:00
2024-11-11 21:08:06,287 - Long Buy 106.00 shares at 184.61 on 2024-10-21 15:30:00+00:00
2024-11-11 21:08:06,287 - Long Buy 104.00 shares at 184.67 on 2024-10-21 15:45:00+00:00
2024-11-11 21:08:06,287 - Long Buy 102.00 shares at 184.55 on 2024-10-21 17:45:00+00:00
2024-11-11 21:08:06,287 - Long Buy 100.00 shares at 184.56 on 2024-10-21 18:00:00+00:00
2024-11-11 21:08:06,287 - Long Buy 98.00 shares at 184.53 on 2024-10-21 18:45:00+00:00
2024-11-11 21:08:06,287 - Long Buy 96.00 shares at 184.38 on 2024-10-21 19:15:00+00:00
2024-11-11 21:08:06,287 - Long Buy 94.00 shares at 183.59 on 2024-10-22 13:30:00+00:00
2024-11-11 21:08:06,287 - Long Buy 92.00 shares at 184.45 on 2024-10-22 13:45:00+00:00
2024-11-11 21:08:06,287 - Long Buy 90.00 shares at 183.81 on 2024-10-22 14:00:00+00:00
2024-11-11 21:08:06,287 - Long Buy 88.00 shares at 183.94 on 2024-10-22 14:15:00+00:00
2024-11-11 21:08:06,288 - Long Buy 87.00 shares at 183.54 on 2024-10-22 14:30:00+00:00
2024-11-11 21:08:06,288 - Long Buy 85.00 shares at 183.72 on 2024-10-22 14:45:00+00:00
2024-11-11 21:08:06,288 - Long Buy 83.00 shares at 184.02 on 2024-10-22 15:00:00+00:00
2024-11-11 21:08:06,288 - Long Buy 82.00 shares at 183.71 on 2024-10-22 15:15:00+00:00
2024-11-11 21:08:06,288 - Long Buy 80.00 shares at 183.66 on 2024-10-22 15:30:00+00:00
2024-11-11 21:08:06,288 - Long Buy 78.00 shares at 183.7 on 2024-10-22 15:45:00+00:00
2024-11-11 21:08:06,288 - Long Buy 77.00 shares at 183.71 on 2024-10-22 16:00:00+00:00
2024-11-11 21:08:06,288 - Long Buy 75.00 shares at 183.76 on 2024-10-22 16:15:00+00:00
2024-11-11 21:08:06,288 - Long Buy 74.00 shares at 183.89 on 2024-10-22 16:30:00+00:00
2024-11-11 21:08:06,288 - Long Buy 72.00 shares at 183.93 on 2024-10-22 16:45:00+00:00
2024-11-11 21:08:06,288 - Long Buy 71.00 shares at 183.87 on 2024-10-22 17:00:00+00:00
2024-11-11 21:08:06,288 - Long Buy 70.00 shares at 183.47 on 2024-10-22 17:15:00+00:00
2024-11-11 21:08:06,288 - Long Buy 68.00 shares at 183.27 on 2024-10-22 17:30:00+00:00
2024-11-11 21:08:06,288 - Long Buy 67.00 shares at 183.54 on 2024-10-22 17:45:00+00:00
2024-11-11 21:08:06,288 - Long Buy 65.00 shares at 183.54 on 2024-10-22 18:00:00+00:00
2024-11-11 21:08:06,288 - Long Buy 64.00 shares at 183.7 on 2024-10-22 18:15:00+00:00
2024-11-11 21:08:06,288 - Long Buy 63.00 shares at 183.35 on 2024-10-22 18:30:00+00:00
2024-11-11 21:08:06,288 - Long Buy 62.00 shares at 183.64 on 2024-10-22 18:45:00+00:00
2024-11-11 21:08:06,288 - Long Buy 60.00 shares at 183.44 on 2024-10-22 19:00:00+00:00
2024-11-11 21:08:06,288 - Long Buy 59.00 shares at 183.45 on 2024-10-22 19:15:00+00:00
2024-11-11 21:08:06,288 - Long Buy 58.00 shares at 183.44 on 2024-10-22 19:30:00+00:00
2024-11-11 21:08:06,288 - Long Buy 57.00 shares at 183.44 on 2024-10-22 19:45:00+00:00
2024-11-11 21:08:06,288 - Sell to close 2635.00 shares at 179.93 on 2024-10-23 13:30:00+00:00 (Exit: Stop_loss, Profit: -10506.050000000107, Duration: 2775.0 minutes)
2024-11-11 21:08:06,288 - Short Sell 108.00 shares at 182.8 on 2024-10-24 13:30:00+00:00
2024-11-11 21:08:06,288 - Short Sell 108.00 shares at 182.84 on 2024-10-24 13:45:00+00:00
2024-11-11 21:08:06,288 - Short Sell 108.00 shares at 182.68 on 2024-10-24 14:15:00+00:00
2024-11-11 21:08:06,288 - Short Sell 108.00 shares at 182.86 on 2024-10-24 14:45:00+00:00
2024-11-11 21:08:06,289 - Short Sell 108.00 shares at 182.81 on 2024-10-24 15:00:00+00:00
2024-11-11 21:08:06,289 - Buy to cover -540.00 shares at 182.31 on 2024-10-24 16:00:00+00:00 (Exit: Signal, Profit: 263.51999999999975, Duration: 150.0 minutes)
2024-11-11 21:08:06,289 - Long Buy 108.00 shares at 182.36 on 2024-10-24 16:15:00+00:00
2024-11-11 21:08:06,289 - Long Buy 106.00 shares at 181.9 on 2024-10-24 16:30:00+00:00
2024-11-11 21:08:06,289 - Long Buy 104.00 shares at 182.28 on 2024-10-24 16:45:00+00:00
2024-11-11 21:08:06,289 - Long Buy 102.00 shares at 181.88 on 2024-10-24 17:00:00+00:00
2024-11-11 21:08:06,289 - Long Buy 100.00 shares at 181.87 on 2024-10-24 17:15:00+00:00
2024-11-11 21:08:06,289 - Long Buy 98.00 shares at 181.68 on 2024-10-24 17:30:00+00:00
2024-11-11 21:08:06,289 - Long Buy 96.00 shares at 181.63 on 2024-10-24 17:45:00+00:00
2024-11-11 21:08:06,289 - Long Buy 94.00 shares at 181.81 on 2024-10-24 18:00:00+00:00
2024-11-11 21:08:06,289 - Long Buy 92.00 shares at 182.02 on 2024-10-24 18:15:00+00:00
2024-11-11 21:08:06,289 - Long Buy 90.00 shares at 181.95 on 2024-10-24 18:30:00+00:00
2024-11-11 21:08:06,289 - Long Buy 88.00 shares at 182.14 on 2024-10-24 18:45:00+00:00
2024-11-11 21:08:06,289 - Long Buy 87.00 shares at 182.11 on 2024-10-24 19:15:00+00:00
2024-11-11 21:08:06,289 - Long Buy 85.00 shares at 181.99 on 2024-10-25 13:45:00+00:00
2024-11-11 21:08:06,289 - Long Buy 83.00 shares at 182.02 on 2024-10-25 14:00:00+00:00
2024-11-11 21:08:06,289 - Long Buy 82.00 shares at 181.95 on 2024-10-25 14:15:00+00:00
2024-11-11 21:08:06,289 - Long Buy 80.00 shares at 181.92 on 2024-10-25 15:00:00+00:00
2024-11-11 21:08:06,289 - Long Buy 79.00 shares at 181.76 on 2024-10-25 15:15:00+00:00
2024-11-11 21:08:06,289 - Long Buy 77.00 shares at 181.95 on 2024-10-25 15:30:00+00:00
2024-11-11 21:08:06,289 - Long Buy 75.00 shares at 181.8 on 2024-10-25 16:00:00+00:00
2024-11-11 21:08:06,289 - Long Buy 74.00 shares at 181.73 on 2024-10-25 16:15:00+00:00
2024-11-11 21:08:06,289 - Long Buy 72.00 shares at 181.77 on 2024-10-25 16:30:00+00:00
2024-11-11 21:08:06,289 - Long Buy 71.00 shares at 181.65 on 2024-10-25 16:45:00+00:00
2024-11-11 21:08:06,289 - Sell to close 1943.00 shares at 181.86 on 2024-10-25 17:00:00+00:00 (Exit: Signal, Profit: -129.77999999995714, Duration: 1485.0 minutes)
2024-11-11 21:08:06,289 - Long Buy 109.00 shares at 181.43 on 2024-10-25 17:30:00+00:00
2024-11-11 21:08:06,290 - Long Buy 107.00 shares at 181.25 on 2024-10-25 19:15:00+00:00
2024-11-11 21:08:06,290 - Long Buy 104.00 shares at 181.15 on 2024-10-25 19:30:00+00:00
2024-11-11 21:08:06,290 - Sell to close 320.00 shares at 183.78 on 2024-10-28 13:30:00+00:00 (Exit: Profit_take, Profit: 800.3799999999956, Duration: 4080.0 minutes)
2024-11-11 21:08:06,290 - Short Sell 108.00 shares at 183.13 on 2024-10-28 13:45:00+00:00
2024-11-11 21:08:06,290 - Short Sell 107.00 shares at 183.66 on 2024-10-28 14:00:00+00:00
2024-11-11 21:08:06,290 - Short Sell 107.00 shares at 184.21 on 2024-10-28 14:15:00+00:00
2024-11-11 21:08:06,290 - Short Sell 107.00 shares at 183.76 on 2024-10-28 14:30:00+00:00
2024-11-11 21:08:06,290 - Short Sell 107.00 shares at 183.63 on 2024-10-28 14:45:00+00:00
2024-11-11 21:08:06,290 - Short Sell 107.00 shares at 183.83 on 2024-10-28 15:00:00+00:00
2024-11-11 21:08:06,290 - Short Sell 107.00 shares at 183.61 on 2024-10-28 15:15:00+00:00
2024-11-11 21:08:06,290 - Short Sell 108.00 shares at 183.44 on 2024-10-28 15:30:00+00:00
2024-11-11 21:08:06,290 - Short Sell 107.00 shares at 183.61 on 2024-10-28 15:45:00+00:00
2024-11-11 21:08:06,290 - Short Sell 108.00 shares at 183.19 on 2024-10-28 16:00:00+00:00
2024-11-11 21:08:06,290 - Short Sell 108.00 shares at 183.28 on 2024-10-28 16:15:00+00:00
2024-11-11 21:08:06,290 - Short Sell 108.00 shares at 183.2 on 2024-10-28 16:30:00+00:00
2024-11-11 21:08:06,290 - Short Sell 108.00 shares at 183.08 on 2024-10-28 16:45:00+00:00
2024-11-11 21:08:06,290 - Short Sell 108.00 shares at 183.15 on 2024-10-28 17:00:00+00:00
2024-11-11 21:08:06,290 - Short Sell 108.00 shares at 182.85 on 2024-10-28 17:15:00+00:00
2024-11-11 21:08:06,290 - Short Sell 108.00 shares at 182.87 on 2024-10-28 17:30:00+00:00
2024-11-11 21:08:06,290 - Short Sell 108.00 shares at 182.91 on 2024-10-28 17:45:00+00:00
2024-11-11 21:08:06,290 - Buy to cover -1829.00 shares at 182.58 on 2024-10-28 18:00:00+00:00 (Exit: Signal, Profit: 1455.14999999994, Duration: 255.0 minutes)
2024-11-11 21:08:06,290 - Long Buy 108.00 shares at 182.58 on 2024-10-28 18:15:00+00:00
2024-11-11 21:08:06,290 - Long Buy 106.00 shares at 182.7 on 2024-10-28 18:30:00+00:00
2024-11-11 21:08:06,290 - Long Buy 104.00 shares at 182.53 on 2024-10-28 18:45:00+00:00
2024-11-11 21:08:06,290 - Long Buy 102.00 shares at 182.7 on 2024-10-28 19:00:00+00:00
2024-11-11 21:08:06,290 - Long Buy 100.00 shares at 181.71 on 2024-10-29 13:30:00+00:00
2024-11-11 21:08:06,290 - Long Buy 98.00 shares at 181.8 on 2024-10-29 13:45:00+00:00
2024-11-11 21:08:06,291 - Long Buy 96.00 shares at 182.19 on 2024-10-29 16:30:00+00:00
2024-11-11 21:08:06,291 - Long Buy 94.00 shares at 182.27 on 2024-10-29 17:00:00+00:00
2024-11-11 21:08:06,291 - Long Buy 92.00 shares at 181.87 on 2024-10-29 17:15:00+00:00
2024-11-11 21:08:06,291 - Long Buy 91.00 shares at 181.65 on 2024-10-29 17:30:00+00:00
2024-11-11 21:08:06,291 - Long Buy 89.00 shares at 181.82 on 2024-10-29 17:45:00+00:00
2024-11-11 21:08:06,291 - Long Buy 87.00 shares at 181.77 on 2024-10-29 18:00:00+00:00
2024-11-11 21:08:06,291 - Long Buy 85.00 shares at 181.92 on 2024-10-29 18:15:00+00:00
2024-11-11 21:08:06,291 - Sell to close 1252.00 shares at 181.3 on 2024-10-29 18:30:00+00:00 (Exit: Stop_loss, Profit: -1048.1399999999744, Duration: 1455.0 minutes)
2024-11-11 21:08:06,291 - Long Buy 110.00 shares at 179.85 on 2024-10-30 13:30:00+00:00
2024-11-11 21:08:06,291 - Long Buy 108.00 shares at 179.28 on 2024-10-30 13:45:00+00:00
2024-11-11 21:08:06,291 - Long Buy 106.00 shares at 179.08 on 2024-10-30 14:00:00+00:00
2024-11-11 21:08:06,291 - Long Buy 103.00 shares at 179.52 on 2024-10-30 14:15:00+00:00
2024-11-11 21:08:06,291 - Long Buy 102.00 shares at 178.76 on 2024-10-30 14:30:00+00:00
2024-11-11 21:08:06,291 - Long Buy 100.00 shares at 178.69 on 2024-10-30 14:45:00+00:00
2024-11-11 21:08:06,291 - Long Buy 98.00 shares at 178.8 on 2024-10-30 15:00:00+00:00
2024-11-11 21:08:06,291 - Long Buy 96.00 shares at 178.74 on 2024-10-30 15:15:00+00:00
2024-11-11 21:08:06,291 - Long Buy 94.00 shares at 178.93 on 2024-10-30 15:30:00+00:00
2024-11-11 21:08:06,291 - Long Buy 92.00 shares at 178.69 on 2024-10-30 15:45:00+00:00
2024-11-11 21:08:06,291 - Long Buy 90.00 shares at 178.81 on 2024-10-30 16:00:00+00:00
2024-11-11 21:08:06,291 - Long Buy 88.00 shares at 178.7 on 2024-10-30 16:15:00+00:00
2024-11-11 21:08:06,291 - Long Buy 87.00 shares at 178.33 on 2024-10-30 16:30:00+00:00
2024-11-11 21:08:06,291 - Long Buy 85.00 shares at 178.61 on 2024-10-30 16:45:00+00:00
2024-11-11 21:08:06,291 - Long Buy 83.00 shares at 178.3 on 2024-10-30 17:00:00+00:00
2024-11-11 21:08:06,291 - Long Buy 82.00 shares at 178.55 on 2024-10-30 17:15:00+00:00
2024-11-11 21:08:06,291 - Sell to close 1524.00 shares at 178.05 on 2024-10-30 17:30:00+00:00 (Exit: Stop_loss, Profit: -1268.5000000000582, Duration: 240.0 minutes)
2024-11-11 21:08:06,292 - Short Sell 111.00 shares at 177.83 on 2024-10-31 13:30:00+00:00
2024-11-11 21:08:06,292 - Short Sell 111.00 shares at 178.33 on 2024-10-31 13:45:00+00:00
2024-11-11 21:08:06,292 - Short Sell 110.00 shares at 178.43 on 2024-10-31 14:00:00+00:00
2024-11-11 21:08:06,292 - Short Sell 110.00 shares at 178.72 on 2024-10-31 14:15:00+00:00
2024-11-11 21:08:06,292 - Short Sell 110.00 shares at 178.91 on 2024-10-31 14:30:00+00:00
2024-11-11 21:08:06,292 - Short Sell 110.00 shares at 178.9 on 2024-10-31 14:45:00+00:00
2024-11-11 21:08:06,292 - Short Sell 110.00 shares at 179.0 on 2024-10-31 15:00:00+00:00
2024-11-11 21:08:06,292 - Short Sell 110.00 shares at 178.78 on 2024-10-31 15:15:00+00:00
2024-11-11 21:08:06,292 - Short Sell 110.00 shares at 178.68 on 2024-10-31 15:30:00+00:00
2024-11-11 21:08:06,292 - Short Sell 110.00 shares at 178.96 on 2024-10-31 15:45:00+00:00
2024-11-11 21:08:06,292 - Short Sell 110.00 shares at 179.23 on 2024-10-31 16:00:00+00:00
2024-11-11 21:08:06,292 - Short Sell 110.00 shares at 179.17 on 2024-10-31 16:15:00+00:00
2024-11-11 21:08:06,292 - Short Sell 110.00 shares at 179.51 on 2024-10-31 16:30:00+00:00
2024-11-11 21:08:06,292 - Short Sell 110.00 shares at 178.84 on 2024-10-31 16:45:00+00:00
2024-11-11 21:08:06,292 - Short Sell 110.00 shares at 178.48 on 2024-10-31 17:00:00+00:00
2024-11-11 21:08:06,292 - Short Sell 110.00 shares at 178.58 on 2024-10-31 17:15:00+00:00
2024-11-11 21:08:06,292 - Short Sell 110.00 shares at 178.61 on 2024-10-31 17:30:00+00:00
2024-11-11 21:08:06,292 - Short Sell 110.00 shares at 178.83 on 2024-10-31 17:45:00+00:00
2024-11-11 21:08:06,292 - Short Sell 110.00 shares at 178.64 on 2024-10-31 18:00:00+00:00
2024-11-11 21:08:06,292 - Short Sell 110.00 shares at 178.9 on 2024-10-31 18:15:00+00:00
2024-11-11 21:08:06,292 - Short Sell 110.00 shares at 178.7 on 2024-10-31 18:30:00+00:00
2024-11-11 21:08:06,292 - Short Sell 110.00 shares at 178.84 on 2024-10-31 18:45:00+00:00
2024-11-11 21:08:06,292 - Short Sell 111.00 shares at 178.33 on 2024-10-31 19:00:00+00:00
2024-11-11 21:08:06,292 - Short Sell 111.00 shares at 178.3 on 2024-10-31 19:15:00+00:00
2024-11-11 21:08:06,292 - Buy to cover -2644.00 shares at 177.59 on 2024-10-31 19:45:00+00:00 (Exit: Profit_take, Profit: 3009.830000000001, Duration: 375.0 minutes)
2024-11-11 21:08:06,292 - Short Sell 111.00 shares at 178.31 on 2024-11-01 14:00:00+00:00
2024-11-11 21:08:06,292 - Buy to cover -111.00 shares at 177.75 on 2024-11-01 14:30:00+00:00 (Exit: Signal, Profit: 62.16000000000025, Duration: 30.0 minutes)
2024-11-11 21:08:06,292 - Short Sell 111.00 shares at 178.4 on 2024-11-01 15:00:00+00:00
2024-11-11 21:08:06,293 - Short Sell 111.00 shares at 178.35 on 2024-11-01 15:15:00+00:00
2024-11-11 21:08:06,293 - Short Sell 111.00 shares at 178.84 on 2024-11-01 15:30:00+00:00
2024-11-11 21:08:06,293 - Short Sell 111.00 shares at 178.61 on 2024-11-01 15:45:00+00:00
2024-11-11 21:08:06,293 - Short Sell 111.00 shares at 178.62 on 2024-11-01 16:00:00+00:00
2024-11-11 21:08:06,293 - Short Sell 111.00 shares at 178.55 on 2024-11-01 16:15:00+00:00
2024-11-11 21:08:06,293 - Short Sell 111.00 shares at 178.4 on 2024-11-01 16:30:00+00:00
2024-11-11 21:08:06,293 - Short Sell 111.00 shares at 178.44 on 2024-11-01 17:00:00+00:00
2024-11-11 21:08:06,293 - Short Sell 111.00 shares at 178.52 on 2024-11-01 17:15:00+00:00
2024-11-11 21:08:06,293 - Short Sell 111.00 shares at 178.46 on 2024-11-01 18:30:00+00:00
2024-11-11 21:08:06,293 - Short Sell 111.00 shares at 178.71 on 2024-11-01 18:45:00+00:00
2024-11-11 21:08:06,293 - Short Sell 111.00 shares at 178.63 on 2024-11-01 19:00:00+00:00
2024-11-11 21:08:06,293 - Short Sell 111.00 shares at 178.65 on 2024-11-01 19:15:00+00:00
2024-11-11 21:08:06,293 - Short Sell 110.00 shares at 178.91 on 2024-11-01 19:30:00+00:00
2024-11-11 21:08:06,293 - Short Sell 110.00 shares at 179.27 on 2024-11-01 19:45:00+00:00
2024-11-11 21:08:06,293 - Short Sell 110.00 shares at 179.02 on 2024-11-04 14:30:00+00:00
2024-11-11 21:08:06,293 - Short Sell 110.00 shares at 179.63 on 2024-11-04 14:45:00+00:00
2024-11-11 21:08:06,293 - Short Sell 110.00 shares at 179.34 on 2024-11-04 15:00:00+00:00
2024-11-11 21:08:06,293 - Short Sell 111.00 shares at 178.59 on 2024-11-04 15:15:00+00:00
2024-11-11 21:08:06,293 - Short Sell 111.00 shares at 178.57 on 2024-11-04 15:30:00+00:00
2024-11-11 21:08:06,293 - Buy to cover -2215.00 shares at 178.12 on 2024-11-04 16:30:00+00:00 (Exit: Signal, Profit: 1338.6400000000408, Duration: 4410.0 minutes)
2024-11-11 21:08:06,293 - Short Sell 111.00 shares at 178.5 on 2024-11-04 17:15:00+00:00
2024-11-11 21:08:06,293 - Short Sell 111.00 shares at 178.92 on 2024-11-04 18:30:00+00:00
2024-11-11 21:08:06,293 - Short Sell 111.00 shares at 178.86 on 2024-11-04 18:45:00+00:00
2024-11-11 21:08:06,293 - Short Sell 111.00 shares at 178.9 on 2024-11-04 19:45:00+00:00
2024-11-11 21:08:06,293 - Short Sell 111.00 shares at 178.84 on 2024-11-04 20:30:00+00:00
2024-11-11 21:08:06,294 - Short Sell 111.00 shares at 179.0 on 2024-11-04 20:45:00+00:00
2024-11-11 21:08:06,294 - Short Sell 111.00 shares at 179.13 on 2024-11-05 14:30:00+00:00
2024-11-11 21:08:06,294 - Short Sell 111.00 shares at 179.03 on 2024-11-05 14:45:00+00:00
2024-11-11 21:08:06,294 - Short Sell 111.00 shares at 178.86 on 2024-11-05 15:00:00+00:00
2024-11-11 21:08:06,294 - Short Sell 110.00 shares at 179.63 on 2024-11-05 15:15:00+00:00
2024-11-11 21:08:06,294 - Short Sell 110.00 shares at 179.86 on 2024-11-05 15:30:00+00:00
2024-11-11 21:08:06,294 - Short Sell 110.00 shares at 179.21 on 2024-11-05 15:45:00+00:00
2024-11-11 21:08:06,294 - Short Sell 110.00 shares at 179.36 on 2024-11-05 16:00:00+00:00
2024-11-11 21:08:06,294 - Short Sell 110.00 shares at 179.34 on 2024-11-05 16:15:00+00:00
2024-11-11 21:08:06,294 - Short Sell 110.00 shares at 179.39 on 2024-11-05 16:30:00+00:00
2024-11-11 21:08:06,294 - Short Sell 110.00 shares at 179.2 on 2024-11-05 16:45:00+00:00
2024-11-11 21:08:06,294 - Short Sell 111.00 shares at 179.15 on 2024-11-05 17:00:00+00:00
2024-11-11 21:08:06,294 - Short Sell 111.00 shares at 179.15 on 2024-11-05 17:15:00+00:00
2024-11-11 21:08:06,294 - Short Sell 110.00 shares at 179.28 on 2024-11-05 17:30:00+00:00
2024-11-11 21:08:06,294 - Short Sell 110.00 shares at 179.3 on 2024-11-05 18:00:00+00:00
2024-11-11 21:08:06,294 - Short Sell 110.00 shares at 179.5 on 2024-11-05 18:30:00+00:00
2024-11-11 21:08:06,294 - Short Sell 110.00 shares at 179.59 on 2024-11-05 18:45:00+00:00
2024-11-11 21:08:06,294 - Short Sell 110.00 shares at 179.62 on 2024-11-05 19:00:00+00:00
2024-11-11 21:08:06,294 - Short Sell 110.00 shares at 179.69 on 2024-11-05 19:15:00+00:00
2024-11-11 21:08:06,294 - Short Sell 110.00 shares at 179.55 on 2024-11-05 19:45:00+00:00
2024-11-11 21:08:06,294 - Short Sell 110.00 shares at 179.63 on 2024-11-05 20:00:00+00:00
2024-11-11 21:08:06,294 - Short Sell 110.00 shares at 179.86 on 2024-11-05 20:15:00+00:00
2024-11-11 21:08:06,294 - Short Sell 110.00 shares at 179.96 on 2024-11-05 20:30:00+00:00
2024-11-11 21:08:06,294 - Buy to cover -3091.00 shares at 180.14 on 2024-11-05 20:45:00+00:00 (Exit: Stop_loss, Profit: -2610.29999999982, Duration: 1650.0 minutes)
2024-11-11 21:08:06,294 - Short Sell 110.00 shares at 179.94 on 2024-11-06 14:30:00+00:00
2024-11-11 21:08:06,294 - Buy to cover -110.00 shares at 178.93 on 2024-11-06 14:45:00+00:00 (Exit: Profit_take, Profit: 111.10000000000213, Duration: 15.0 minutes)
2024-11-11 21:08:06,294 - Long Buy 111.00 shares at 178.19 on 2024-11-06 15:00:00+00:00
2024-11-11 21:08:06,294 - Long Buy 109.00 shares at 178.16 on 2024-11-06 15:15:00+00:00
2024-11-11 21:08:06,294 - Long Buy 107.00 shares at 177.98 on 2024-11-06 15:30:00+00:00
2024-11-11 21:08:06,294 - Long Buy 105.00 shares at 177.03 on 2024-11-06 15:45:00+00:00
2024-11-11 21:08:06,294 - Long Buy 102.00 shares at 177.98 on 2024-11-06 16:00:00+00:00
2024-11-11 21:08:06,295 - Long Buy 100.00 shares at 177.99 on 2024-11-06 16:45:00+00:00
2024-11-11 21:08:06,295 - Long Buy 98.00 shares at 177.87 on 2024-11-06 17:00:00+00:00
2024-11-11 21:08:06,295 - Long Buy 96.00 shares at 178.13 on 2024-11-06 17:15:00+00:00
2024-11-11 21:08:06,295 - Long Buy 95.00 shares at 177.68 on 2024-11-06 17:30:00+00:00
2024-11-11 21:08:06,295 - Long Buy 93.00 shares at 177.7 on 2024-11-06 17:45:00+00:00
2024-11-11 21:08:06,295 - Long Buy 91.00 shares at 178.04 on 2024-11-06 18:00:00+00:00
2024-11-11 21:08:06,295 - Long Buy 89.00 shares at 177.96 on 2024-11-06 18:15:00+00:00
2024-11-11 21:08:06,295 - Sell to close 1196.00 shares at 178.28 on 2024-11-06 18:30:00+00:00 (Exit: Signal, Profit: 461.85999999997466, Duration: 210.0 minutes)
2024-11-11 21:08:06,295 - Short Sell 111.00 shares at 178.14 on 2024-11-06 18:45:00+00:00
2024-11-11 21:08:06,295 - Short Sell 111.00 shares at 178.16 on 2024-11-06 19:00:00+00:00
2024-11-11 21:08:06,295 - Short Sell 111.00 shares at 178.19 on 2024-11-06 19:15:00+00:00
2024-11-11 21:08:06,295 - Buy to cover -333.00 shares at 176.75 on 2024-11-06 20:45:00+00:00 (Exit: Profit_take, Profit: 470.6399999999978, Duration: 120.0 minutes)
2024-11-11 21:08:06,295 - Long Buy 112.00 shares at 175.86 on 2024-11-07 14:30:00+00:00
2024-11-11 21:08:06,295 - Long Buy 110.00 shares at 176.19 on 2024-11-07 14:45:00+00:00
2024-11-11 21:08:06,295 - Long Buy 108.00 shares at 176.61 on 2024-11-07 15:00:00+00:00
2024-11-11 21:08:06,295 - Long Buy 106.00 shares at 175.99 on 2024-11-07 15:15:00+00:00
2024-11-11 21:08:06,295 - Long Buy 103.00 shares at 176.19 on 2024-11-07 15:30:00+00:00
2024-11-11 21:08:06,295 - Long Buy 101.00 shares at 176.34 on 2024-11-07 15:45:00+00:00
2024-11-11 21:08:06,295 - Long Buy 100.00 shares at 175.6 on 2024-11-07 16:00:00+00:00
2024-11-11 21:08:06,295 - Long Buy 98.00 shares at 175.46 on 2024-11-07 16:15:00+00:00
2024-11-11 21:08:06,295 - Sell to close 838.00 shares at 174.46 on 2024-11-07 16:30:00+00:00 (Exit: Stop_loss, Profit: -1321.5500000000206, Duration: 120.0 minutes)
2024-11-11 21:08:06,295 - Short Sell 114.00 shares at 173.58 on 2024-11-08 14:30:00+00:00
2024-11-11 21:08:06,295 - Short Sell 113.00 shares at 174.16 on 2024-11-08 14:45:00+00:00
2024-11-11 21:08:06,296 - Buy to cover -227.00 shares at 172.86 on 2024-11-08 15:00:00+00:00 (Exit: Profit_take, Profit: 228.97999999999624, Duration: 30.0 minutes)
2024-11-11 21:08:06,296 - Short Sell 114.00 shares at 172.68 on 2024-11-08 15:15:00+00:00
2024-11-11 21:08:06,296 - Short Sell 114.00 shares at 172.87 on 2024-11-08 15:30:00+00:00
2024-11-11 21:08:06,296 - Short Sell 114.00 shares at 172.8 on 2024-11-08 15:45:00+00:00
2024-11-11 21:08:06,296 - Short Sell 114.00 shares at 173.6 on 2024-11-08 16:00:00+00:00
2024-11-11 21:08:06,296 - Short Sell 114.00 shares at 173.55 on 2024-11-08 16:15:00+00:00
2024-11-11 21:08:06,296 - Short Sell 114.00 shares at 173.63 on 2024-11-08 16:30:00+00:00
2024-11-11 21:08:06,296 - Short Sell 114.00 shares at 173.67 on 2024-11-08 16:45:00+00:00
2024-11-11 21:08:06,296 - Short Sell 113.00 shares at 174.1 on 2024-11-08 17:00:00+00:00
2024-11-11 21:08:06,296 - Short Sell 113.00 shares at 174.14 on 2024-11-08 17:15:00+00:00
2024-11-11 21:08:06,296 - Buy to cover -1024.00 shares at 174.52 on 2024-11-08 17:30:00+00:00 (Exit: Stop_loss, Profit: -1098.1600000000326, Duration: 135.0 minutes)
2024-11-11 21:08:06,297 - Final statisticsStock: HSY, 
total_trades: 23, 
winning_trades: 13, 
losing_trades: 10, 
average_return: 0.00036502785794609847, 
average_duration: 1257.391304347826, 
final_balance: 990701.6299999994, 
final_portfolio_value: 990701.6299999994, 
sharpe_ratio: 5.025139481957976, 



