2024-11-11 19:36:47,954 - Starting GBMStrategy with initial capital: 1000000
2024-11-11 19:36:47,954 - Hyperparameters: {'threshold': 1.5, 'time_periods': 30, 'num_simulations': 150}
2024-11-11 19:37:52,404 - Short Sell 44.00 shares at 449.75 on 2024-10-11 14:30:00+00:00
2024-11-11 19:37:52,404 - Short Sell 44.00 shares at 451.31 on 2024-10-11 14:45:00+00:00
2024-11-11 19:37:52,404 - Short Sell 44.00 shares at 452.36 on 2024-10-11 15:00:00+00:00
2024-11-11 19:37:52,404 - Short Sell 44.00 shares at 452.31 on 2024-10-11 15:15:00+00:00
2024-11-11 19:37:52,404 - Short Sell 44.00 shares at 453.45 on 2024-10-11 15:30:00+00:00
2024-11-11 19:37:52,404 - Short Sell 44.00 shares at 452.51 on 2024-10-11 15:45:00+00:00
2024-11-11 19:37:52,404 - Short Sell 44.00 shares at 453.09 on 2024-10-11 16:00:00+00:00
2024-11-11 19:37:52,404 - Short Sell 44.00 shares at 451.85 on 2024-10-11 16:15:00+00:00
2024-11-11 19:37:52,404 - Short Sell 44.00 shares at 451.85 on 2024-10-11 16:30:00+00:00
2024-11-11 19:37:52,404 - Short Sell 44.00 shares at 451.99 on 2024-10-11 16:45:00+00:00
2024-11-11 19:37:52,404 - Short Sell 44.00 shares at 452.05 on 2024-10-11 17:00:00+00:00
2024-11-11 19:37:52,404 - Short Sell 44.00 shares at 452.27 on 2024-10-11 17:15:00+00:00
2024-11-11 19:37:52,405 - Short Sell 44.00 shares at 453.36 on 2024-10-11 17:30:00+00:00
2024-11-11 19:37:52,405 - Short Sell 44.00 shares at 453.65 on 2024-10-11 17:45:00+00:00
2024-11-11 19:37:52,405 - Short Sell 44.00 shares at 453.84 on 2024-10-11 18:00:00+00:00
2024-11-11 19:37:52,405 - Short Sell 44.00 shares at 453.68 on 2024-10-11 18:15:00+00:00
2024-11-11 19:37:52,405 - Short Sell 44.00 shares at 453.98 on 2024-10-11 18:30:00+00:00
2024-11-11 19:37:52,405 - Buy to cover -748.00 shares at 454.59 on 2024-10-11 18:45:00+00:00 (Exit: Stop_loss, Profit: -1528.1199999999708, Duration: 255.0 minutes)
2024-11-11 19:37:52,405 - Short Sell 43.00 shares at 457.56 on 2024-10-14 13:30:00+00:00
2024-11-11 19:37:52,405 - Short Sell 43.00 shares at 457.96 on 2024-10-14 13:45:00+00:00
2024-11-11 19:37:52,405 - Short Sell 43.00 shares at 456.25 on 2024-10-14 14:00:00+00:00
2024-11-11 19:37:52,405 - Short Sell 43.00 shares at 456.88 on 2024-10-14 14:15:00+00:00
2024-11-11 19:37:52,405 - Short Sell 43.00 shares at 457.16 on 2024-10-14 14:30:00+00:00
2024-11-11 19:37:52,405 - Short Sell 43.00 shares at 457.39 on 2024-10-14 14:45:00+00:00
2024-11-11 19:37:52,405 - Short Sell 43.00 shares at 458.62 on 2024-10-14 15:00:00+00:00
2024-11-11 19:37:52,405 - Short Sell 43.00 shares at 459.12 on 2024-10-14 15:15:00+00:00
2024-11-11 19:37:52,405 - Short Sell 43.00 shares at 460.22 on 2024-10-14 15:30:00+00:00
2024-11-11 19:37:52,405 - Buy to cover -387.00 shares at 460.99 on 2024-10-14 15:45:00+00:00 (Exit: Stop_loss, Profit: -1193.2499999999927, Duration: 135.0 minutes)
2024-11-11 19:37:52,405 - Long Buy 43.00 shares at 457.84 on 2024-10-15 13:45:00+00:00
2024-11-11 19:37:52,405 - Long Buy 42.00 shares at 458.17 on 2024-10-15 14:15:00+00:00
2024-11-11 19:37:52,405 - Sell to close 85.00 shares at 451.15 on 2024-10-15 14:30:00+00:00 (Exit: Stop_loss, Profit: -582.509999999995, Duration: 45.0 minutes)
2024-11-11 19:37:52,406 - Short Sell 43.00 shares at 456.8 on 2024-10-16 13:30:00+00:00
2024-11-11 19:37:52,406 - Short Sell 43.00 shares at 455.57 on 2024-10-16 13:45:00+00:00
2024-11-11 19:37:52,406 - Short Sell 43.00 shares at 456.77 on 2024-10-16 14:00:00+00:00
2024-11-11 19:37:52,406 - Short Sell 43.00 shares at 454.99 on 2024-10-16 14:15:00+00:00
2024-11-11 19:37:52,406 - Buy to cover -172.00 shares at 453.36 on 2024-10-16 14:30:00+00:00 (Exit: Profit_take, Profit: 459.66999999999257, Duration: 60.0 minutes)
2024-11-11 19:37:52,406 - Short Sell 43.00 shares at 454.66 on 2024-10-16 14:45:00+00:00
2024-11-11 19:37:52,406 - Short Sell 43.00 shares at 454.64 on 2024-10-16 15:00:00+00:00
2024-11-11 19:37:52,406 - Short Sell 43.00 shares at 455.65 on 2024-10-16 15:15:00+00:00
2024-11-11 19:37:52,406 - Short Sell 43.00 shares at 455.81 on 2024-10-16 15:30:00+00:00
2024-11-11 19:37:52,406 - Short Sell 43.00 shares at 455.52 on 2024-10-16 15:45:00+00:00
2024-11-11 19:37:52,406 - Short Sell 43.00 shares at 456.5 on 2024-10-16 16:00:00+00:00
2024-11-11 19:37:52,406 - Short Sell 43.00 shares at 456.26 on 2024-10-16 16:15:00+00:00
2024-11-11 19:37:52,406 - Short Sell 43.00 shares at 455.89 on 2024-10-16 16:30:00+00:00
2024-11-11 19:37:52,406 - Short Sell 43.00 shares at 454.46 on 2024-10-16 16:45:00+00:00
2024-11-11 19:37:52,406 - Short Sell 43.00 shares at 454.48 on 2024-10-16 17:00:00+00:00
2024-11-11 19:37:52,406 - Buy to cover -430.00 shares at 453.78 on 2024-10-16 17:30:00+00:00 (Exit: Signal, Profit: 691.0099999999875, Duration: 165.0 minutes)
2024-11-11 19:37:52,406 - Long Buy 43.00 shares at 453.7 on 2024-10-16 18:30:00+00:00
2024-11-11 19:37:52,406 - Long Buy 43.00 shares at 452.74 on 2024-10-16 18:45:00+00:00
2024-11-11 19:37:52,406 - Long Buy 42.00 shares at 453.4 on 2024-10-16 19:15:00+00:00
2024-11-11 19:37:52,407 - Long Buy 41.00 shares at 453.13 on 2024-10-16 19:30:00+00:00
2024-11-11 19:37:52,407 - Sell to close 169.00 shares at 457.88 on 2024-10-17 13:30:00+00:00 (Exit: Profit_take, Profit: 783.6700000000003, Duration: 1140.0 minutes)
2024-11-11 19:37:52,407 - Short Sell 43.00 shares at 456.6 on 2024-10-17 13:45:00+00:00
2024-11-11 19:37:52,407 - Buy to cover -43.00 shares at 453.95 on 2024-10-17 14:00:00+00:00 (Exit: Profit_take, Profit: 113.94999999999902, Duration: 15.0 minutes)
2024-11-11 19:37:52,407 - Short Sell 43.00 shares at 456.33 on 2024-10-17 15:45:00+00:00
2024-11-11 19:37:52,407 - Short Sell 43.00 shares at 456.4 on 2024-10-17 16:00:00+00:00
2024-11-11 19:37:52,407 - Short Sell 43.00 shares at 457.23 on 2024-10-17 16:15:00+00:00
2024-11-11 19:37:52,407 - Short Sell 43.00 shares at 458.17 on 2024-10-17 16:30:00+00:00
2024-11-11 19:37:52,407 - Short Sell 43.00 shares at 457.87 on 2024-10-17 16:45:00+00:00
2024-11-11 19:37:52,407 - Short Sell 43.00 shares at 457.7 on 2024-10-17 17:00:00+00:00
2024-11-11 19:37:52,407 - Short Sell 43.00 shares at 458.3 on 2024-10-17 17:15:00+00:00
2024-11-11 19:37:52,407 - Short Sell 43.00 shares at 458.98 on 2024-10-17 17:30:00+00:00
2024-11-11 19:37:52,407 - Short Sell 43.00 shares at 458.58 on 2024-10-17 17:45:00+00:00
2024-11-11 19:37:52,407 - Short Sell 43.00 shares at 457.17 on 2024-10-17 18:00:00+00:00
2024-11-11 19:37:52,407 - Short Sell 43.00 shares at 456.85 on 2024-10-17 18:30:00+00:00
2024-11-11 19:37:52,407 - Short Sell 43.00 shares at 456.77 on 2024-10-17 18:45:00+00:00
2024-11-11 19:37:52,407 - Short Sell 43.00 shares at 457.24 on 2024-10-17 19:00:00+00:00
2024-11-11 19:37:52,407 - Short Sell 43.00 shares at 457.35 on 2024-10-17 19:45:00+00:00
2024-11-11 19:37:52,407 - Short Sell 43.00 shares at 458.27 on 2024-10-18 13:30:00+00:00
2024-11-11 19:37:52,407 - Buy to cover -645.00 shares at 454.63 on 2024-10-18 13:45:00+00:00 (Exit: Profit_take, Profit: 1881.6799999999898, Duration: 1320.0 minutes)
2024-11-11 19:37:52,407 - Long Buy 43.00 shares at 455.11 on 2024-10-18 14:00:00+00:00
2024-11-11 19:37:52,407 - Long Buy 43.00 shares at 455.38 on 2024-10-18 14:15:00+00:00
2024-11-11 19:37:52,407 - Sell to close 86.00 shares at 459.33 on 2024-10-18 16:15:00+00:00 (Exit: Profit_take, Profit: 351.30999999999824, Duration: 135.0 minutes)
2024-11-11 19:37:52,408 - Short Sell 43.00 shares at 459.6 on 2024-10-18 16:30:00+00:00
2024-11-11 19:37:52,408 - Short Sell 43.00 shares at 460.1 on 2024-10-18 16:45:00+00:00
2024-11-11 19:37:52,408 - Short Sell 43.00 shares at 459.91 on 2024-10-18 17:00:00+00:00
2024-11-11 19:37:52,408 - Short Sell 43.00 shares at 459.83 on 2024-10-18 17:15:00+00:00
2024-11-11 19:37:52,408 - Short Sell 43.00 shares at 459.38 on 2024-10-18 17:30:00+00:00
2024-11-11 19:37:52,408 - Short Sell 43.00 shares at 458.75 on 2024-10-18 17:45:00+00:00
2024-11-11 19:37:52,408 - Short Sell 43.00 shares at 458.9 on 2024-10-18 18:00:00+00:00
2024-11-11 19:37:52,408 - Short Sell 43.00 shares at 458.87 on 2024-10-18 18:15:00+00:00
2024-11-11 19:37:52,408 - Short Sell 43.00 shares at 458.6 on 2024-10-18 18:45:00+00:00
2024-11-11 19:37:52,408 - Short Sell 43.00 shares at 459.51 on 2024-10-18 19:00:00+00:00
2024-11-11 19:37:52,408 - Short Sell 43.00 shares at 459.1 on 2024-10-18 19:15:00+00:00
2024-11-11 19:37:52,408 - Buy to cover -473.00 shares at 458.9 on 2024-10-18 19:30:00+00:00 (Exit: Signal, Profit: 199.94999999997947, Duration: 180.0 minutes)
2024-11-11 19:37:52,408 - Long Buy 43.00 shares at 456.94 on 2024-10-18 19:45:00+00:00
2024-11-11 19:37:52,408 - Long Buy 42.00 shares at 457.73 on 2024-10-21 13:30:00+00:00
2024-11-11 19:37:52,408 - Long Buy 42.00 shares at 457.57 on 2024-10-21 13:45:00+00:00
2024-11-11 19:37:52,408 - Long Buy 41.00 shares at 456.81 on 2024-10-21 14:00:00+00:00
2024-11-11 19:37:52,408 - Long Buy 40.00 shares at 456.1 on 2024-10-21 14:15:00+00:00
2024-11-11 19:37:52,408 - Long Buy 39.00 shares at 455.83 on 2024-10-21 14:30:00+00:00
2024-11-11 19:37:52,408 - Long Buy 38.00 shares at 456.26 on 2024-10-21 14:45:00+00:00
2024-11-11 19:37:52,408 - Long Buy 38.00 shares at 455.75 on 2024-10-21 15:00:00+00:00
2024-11-11 19:37:52,408 - Long Buy 37.00 shares at 454.69 on 2024-10-21 15:15:00+00:00
2024-11-11 19:37:52,408 - Long Buy 36.00 shares at 455.98 on 2024-10-21 15:30:00+00:00
2024-11-11 19:37:52,408 - Long Buy 35.00 shares at 456.48 on 2024-10-21 15:45:00+00:00
2024-11-11 19:37:52,408 - Long Buy 35.00 shares at 455.58 on 2024-10-21 16:00:00+00:00
2024-11-11 19:37:52,408 - Long Buy 34.00 shares at 455.65 on 2024-10-21 16:15:00+00:00
2024-11-11 19:37:52,408 - Long Buy 33.00 shares at 455.77 on 2024-10-21 16:30:00+00:00
2024-11-11 19:37:52,408 - Long Buy 33.00 shares at 456.11 on 2024-10-21 16:45:00+00:00
2024-11-11 19:37:52,408 - Long Buy 32.00 shares at 456.67 on 2024-10-21 17:00:00+00:00
2024-11-11 19:37:52,408 - Long Buy 31.00 shares at 456.5 on 2024-10-21 17:15:00+00:00
2024-11-11 19:37:52,408 - Long Buy 31.00 shares at 456.59 on 2024-10-21 17:30:00+00:00
2024-11-11 19:37:52,408 - Long Buy 30.00 shares at 457.4 on 2024-10-21 17:45:00+00:00
2024-11-11 19:37:52,408 - Long Buy 30.00 shares at 456.27 on 2024-10-21 18:00:00+00:00
2024-11-11 19:37:52,408 - Long Buy 29.00 shares at 455.56 on 2024-10-21 18:15:00+00:00
2024-11-11 19:37:52,409 - Long Buy 28.00 shares at 455.5 on 2024-10-21 18:30:00+00:00
2024-11-11 19:37:52,409 - Long Buy 28.00 shares at 455.42 on 2024-10-21 18:45:00+00:00
2024-11-11 19:37:52,409 - Long Buy 27.00 shares at 456.31 on 2024-10-21 19:00:00+00:00
2024-11-11 19:37:52,409 - Long Buy 27.00 shares at 456.12 on 2024-10-21 19:15:00+00:00
2024-11-11 19:37:52,409 - Long Buy 26.00 shares at 455.24 on 2024-10-21 19:30:00+00:00
2024-11-11 19:37:52,409 - Long Buy 26.00 shares at 456.91 on 2024-10-21 19:45:00+00:00
2024-11-11 19:37:52,409 - Sell to close 911.00 shares at 452.79 on 2024-10-22 13:30:00+00:00 (Exit: Stop_loss, Profit: -3149.1799999998602, Duration: 5385.0 minutes)
2024-11-11 19:37:52,409 - Long Buy 44.00 shares at 447.54 on 2024-10-23 13:30:00+00:00
2024-11-11 19:37:52,409 - Long Buy 43.00 shares at 448.02 on 2024-10-23 13:45:00+00:00
2024-11-11 19:37:52,409 - Long Buy 42.00 shares at 448.4 on 2024-10-23 14:00:00+00:00
2024-11-11 19:37:52,409 - Long Buy 41.00 shares at 448.94 on 2024-10-23 14:15:00+00:00
2024-11-11 19:37:52,409 - Long Buy 41.00 shares at 449.06 on 2024-10-23 14:30:00+00:00
2024-11-11 19:37:52,409 - Long Buy 40.00 shares at 448.59 on 2024-10-23 14:45:00+00:00
2024-11-11 19:37:52,409 - Long Buy 39.00 shares at 445.71 on 2024-10-23 15:00:00+00:00
2024-11-11 19:37:52,409 - Long Buy 39.00 shares at 445.11 on 2024-10-23 15:15:00+00:00
2024-11-11 19:37:52,409 - Long Buy 38.00 shares at 446.06 on 2024-10-23 15:30:00+00:00
2024-11-11 19:37:52,409 - Long Buy 37.00 shares at 445.72 on 2024-10-23 15:45:00+00:00
2024-11-11 19:37:52,409 - Long Buy 36.00 shares at 444.98 on 2024-10-23 16:00:00+00:00
2024-11-11 19:37:52,409 - Long Buy 36.00 shares at 444.84 on 2024-10-23 16:15:00+00:00
2024-11-11 19:37:52,409 - Long Buy 35.00 shares at 444.63 on 2024-10-23 16:30:00+00:00
2024-11-11 19:37:52,409 - Long Buy 34.00 shares at 445.04 on 2024-10-23 16:45:00+00:00
2024-11-11 19:37:52,409 - Sell to close 545.00 shares at 443.25 on 2024-10-23 17:00:00+00:00 (Exit: Stop_loss, Profit: -1890.5999999999733, Duration: 210.0 minutes)
2024-11-11 19:37:52,409 - Long Buy 44.00 shares at 443.37 on 2024-10-24 13:30:00+00:00
2024-11-11 19:37:52,409 - Sell to close 44.00 shares at 446.32 on 2024-10-24 13:45:00+00:00 (Exit: Profit_take, Profit: 129.800000000002, Duration: 15.0 minutes)
2024-11-11 19:37:52,410 - Long Buy 44.00 shares at 446.15 on 2024-10-24 14:00:00+00:00
2024-11-11 19:37:52,410 - Long Buy 43.00 shares at 446.56 on 2024-10-24 14:15:00+00:00
2024-11-11 19:37:52,410 - Long Buy 42.00 shares at 446.21 on 2024-10-24 14:45:00+00:00
2024-11-11 19:37:52,410 - Long Buy 42.00 shares at 446.83 on 2024-10-24 15:45:00+00:00
2024-11-11 19:37:52,410 - Long Buy 41.00 shares at 446.34 on 2024-10-24 16:00:00+00:00
2024-11-11 19:37:52,410 - Sell to close 212.00 shares at 448.26 on 2024-10-24 16:30:00+00:00 (Exit: Signal, Profit: 390.81999999999266, Duration: 150.0 minutes)
2024-11-11 19:37:52,410 - Short Sell 44.00 shares at 448.31 on 2024-10-24 16:45:00+00:00
2024-11-11 19:37:52,410 - Short Sell 44.00 shares at 448.61 on 2024-10-24 17:00:00+00:00
2024-11-11 19:37:52,410 - Short Sell 44.00 shares at 448.97 on 2024-10-24 17:15:00+00:00
2024-11-11 19:37:52,410 - Short Sell 44.00 shares at 449.52 on 2024-10-24 17:30:00+00:00
2024-11-11 19:37:52,410 - Short Sell 44.00 shares at 448.74 on 2024-10-24 17:45:00+00:00
2024-11-11 19:37:52,410 - Short Sell 44.00 shares at 448.76 on 2024-10-24 18:00:00+00:00
2024-11-11 19:37:52,410 - Short Sell 44.00 shares at 448.56 on 2024-10-24 18:15:00+00:00
2024-11-11 19:37:52,410 - Short Sell 44.00 shares at 449.99 on 2024-10-24 19:30:00+00:00
2024-11-11 19:37:52,410 - Short Sell 44.00 shares at 450.09 on 2024-10-24 19:45:00+00:00
2024-11-11 19:37:52,410 - Short Sell 44.00 shares at 450.0 on 2024-10-25 13:30:00+00:00
2024-11-11 19:37:52,410 - Short Sell 44.00 shares at 451.0 on 2024-10-25 13:45:00+00:00
2024-11-11 19:37:52,410 - Short Sell 44.00 shares at 450.9 on 2024-10-25 14:00:00+00:00
2024-11-11 19:37:52,410 - Short Sell 44.00 shares at 450.48 on 2024-10-25 14:15:00+00:00
2024-11-11 19:37:52,410 - Short Sell 44.00 shares at 449.5 on 2024-10-25 14:30:00+00:00
2024-11-11 19:37:52,410 - Short Sell 44.00 shares at 449.05 on 2024-10-25 14:45:00+00:00
2024-11-11 19:37:52,410 - Buy to cover -660.00 shares at 446.49 on 2024-10-25 15:15:00+00:00 (Exit: Profit_take, Profit: 1985.7200000000023, Duration: 1350.0 minutes)
2024-11-11 19:37:52,410 - Long Buy 44.00 shares at 445.55 on 2024-10-25 17:00:00+00:00
2024-11-11 19:37:52,410 - Long Buy 44.00 shares at 444.91 on 2024-10-25 17:15:00+00:00
2024-11-11 19:37:52,411 - Long Buy 43.00 shares at 443.55 on 2024-10-25 17:30:00+00:00
2024-11-11 19:37:52,411 - Long Buy 42.00 shares at 444.52 on 2024-10-25 17:45:00+00:00
2024-11-11 19:37:52,411 - Long Buy 41.00 shares at 444.03 on 2024-10-25 18:00:00+00:00
2024-11-11 19:37:52,411 - Long Buy 40.00 shares at 444.9 on 2024-10-25 18:15:00+00:00
2024-11-11 19:37:52,411 - Long Buy 39.00 shares at 444.86 on 2024-10-25 18:30:00+00:00
2024-11-11 19:37:52,411 - Long Buy 39.00 shares at 444.9 on 2024-10-25 18:45:00+00:00
2024-11-11 19:37:52,411 - Long Buy 38.00 shares at 443.84 on 2024-10-25 19:00:00+00:00
2024-11-11 19:37:52,411 - Long Buy 37.00 shares at 444.0 on 2024-10-25 19:15:00+00:00
2024-11-11 19:37:52,411 - Long Buy 36.00 shares at 444.21 on 2024-10-25 19:30:00+00:00
2024-11-11 19:37:52,411 - Long Buy 36.00 shares at 444.25 on 2024-10-25 19:45:00+00:00
2024-11-11 19:37:52,411 - Sell to close 479.00 shares at 449.69 on 2024-10-28 13:30:00+00:00 (Exit: Profit_take, Profit: 2498.4299999999776, Duration: 4110.0 minutes)
2024-11-11 19:37:52,411 - Short Sell 44.00 shares at 451.65 on 2024-10-28 13:45:00+00:00
2024-11-11 19:37:52,411 - Short Sell 44.00 shares at 450.72 on 2024-10-28 14:00:00+00:00
2024-11-11 19:37:52,411 - Short Sell 44.00 shares at 451.06 on 2024-10-28 14:15:00+00:00
2024-11-11 19:37:52,411 - Short Sell 44.00 shares at 449.53 on 2024-10-28 14:30:00+00:00
2024-11-11 19:37:52,411 - Short Sell 44.00 shares at 450.01 on 2024-10-28 14:45:00+00:00
2024-11-11 19:37:52,411 - Short Sell 44.00 shares at 451.93 on 2024-10-28 15:00:00+00:00
2024-11-11 19:37:52,411 - Short Sell 44.00 shares at 451.79 on 2024-10-28 15:15:00+00:00
2024-11-11 19:37:52,411 - Short Sell 44.00 shares at 451.29 on 2024-10-28 15:30:00+00:00
2024-11-11 19:37:52,411 - Short Sell 44.00 shares at 452.46 on 2024-10-28 15:45:00+00:00
2024-11-11 19:37:52,411 - Short Sell 44.00 shares at 453.11 on 2024-10-28 16:00:00+00:00
2024-11-11 19:37:52,411 - Short Sell 44.00 shares at 453.13 on 2024-10-28 16:15:00+00:00
2024-11-11 19:37:52,411 - Short Sell 44.00 shares at 452.24 on 2024-10-28 16:30:00+00:00
2024-11-11 19:37:52,411 - Short Sell 44.00 shares at 452.7 on 2024-10-28 16:45:00+00:00
2024-11-11 19:37:52,411 - Short Sell 44.00 shares at 453.14 on 2024-10-28 17:00:00+00:00
2024-11-11 19:37:52,411 - Short Sell 44.00 shares at 452.53 on 2024-10-28 17:15:00+00:00
2024-11-11 19:37:52,411 - Short Sell 44.00 shares at 452.58 on 2024-10-28 17:30:00+00:00
2024-11-11 19:37:52,411 - Short Sell 44.00 shares at 452.31 on 2024-10-28 17:45:00+00:00
2024-11-11 19:37:52,411 - Buy to cover -748.00 shares at 452.17 on 2024-10-28 18:00:00+00:00 (Exit: Signal, Profit: -207.2400000000241, Duration: 255.0 minutes)
2024-11-11 19:37:52,411 - Long Buy 44.00 shares at 451.58 on 2024-10-28 18:30:00+00:00
2024-11-11 19:37:52,412 - Long Buy 43.00 shares at 449.69 on 2024-10-28 19:45:00+00:00
2024-11-11 19:37:52,412 - Sell to close 87.00 shares at 433.76 on 2024-10-29 13:30:00+00:00 (Exit: Stop_loss, Profit: -1469.0700000000018, Duration: 1140.0 minutes)
2024-11-11 19:37:52,412 - Long Buy 46.00 shares at 433.99 on 2024-10-30 13:30:00+00:00
2024-11-11 19:37:52,412 - Sell to close 46.00 shares at 439.07 on 2024-10-30 13:45:00+00:00 (Exit: Profit_take, Profit: 233.67999999999927, Duration: 15.0 minutes)
2024-11-11 19:37:52,412 - Long Buy 45.00 shares at 439.38 on 2024-10-30 14:00:00+00:00
2024-11-11 19:37:52,412 - Long Buy 44.00 shares at 438.46 on 2024-10-30 14:15:00+00:00
2024-11-11 19:37:52,412 - Long Buy 43.00 shares at 440.22 on 2024-10-30 14:30:00+00:00
2024-11-11 19:37:52,412 - Long Buy 42.00 shares at 440.99 on 2024-10-30 14:45:00+00:00
2024-11-11 19:37:52,412 - Long Buy 41.00 shares at 440.91 on 2024-10-30 15:00:00+00:00
2024-11-11 19:37:52,412 - Long Buy 41.00 shares at 440.96 on 2024-10-30 15:15:00+00:00
2024-11-11 19:37:52,412 - Long Buy 40.00 shares at 440.19 on 2024-10-30 15:30:00+00:00
2024-11-11 19:37:52,412 - Long Buy 39.00 shares at 438.49 on 2024-10-30 15:45:00+00:00
2024-11-11 19:37:52,412 - Long Buy 38.00 shares at 438.01 on 2024-10-30 16:00:00+00:00
2024-11-11 19:37:52,412 - Long Buy 38.00 shares at 437.04 on 2024-10-30 16:15:00+00:00
2024-11-11 19:37:52,412 - Long Buy 37.00 shares at 436.7 on 2024-10-30 16:30:00+00:00
2024-11-11 19:37:52,412 - Sell to close 448.00 shares at 436.02 on 2024-10-30 16:45:00+00:00 (Exit: Stop_loss, Profit: -1453.6000000000095, Duration: 165.0 minutes)
2024-11-11 19:37:52,412 - Long Buy 46.00 shares at 429.23 on 2024-10-31 13:30:00+00:00
2024-11-11 19:37:52,412 - Long Buy 45.00 shares at 429.92 on 2024-10-31 13:45:00+00:00
2024-11-11 19:37:52,412 - Long Buy 44.00 shares at 427.87 on 2024-10-31 14:00:00+00:00
2024-11-11 19:37:52,412 - Long Buy 43.00 shares at 427.51 on 2024-10-31 14:15:00+00:00
2024-11-11 19:37:52,412 - Long Buy 43.00 shares at 426.5 on 2024-10-31 14:30:00+00:00
2024-11-11 19:37:52,413 - Sell to close 221.00 shares at 425.06 on 2024-10-31 14:45:00+00:00 (Exit: Stop_loss, Profit: -701.4300000000056, Duration: 75.0 minutes)
2024-11-11 19:37:52,413 - Long Buy 47.00 shares at 422.64 on 2024-11-01 13:30:00+00:00
2024-11-11 19:37:52,413 - Long Buy 46.00 shares at 424.0 on 2024-11-01 13:45:00+00:00
2024-11-11 19:37:52,413 - Sell to close 93.00 shares at 427.61 on 2024-11-01 14:00:00+00:00 (Exit: Profit_take, Profit: 399.6500000000013, Duration: 30.0 minutes)
2024-11-11 19:37:52,413 - Long Buy 46.00 shares at 427.72 on 2024-11-01 14:15:00+00:00
2024-11-11 19:37:52,413 - Long Buy 46.00 shares at 424.93 on 2024-11-01 14:30:00+00:00
2024-11-11 19:37:52,413 - Long Buy 45.00 shares at 426.0 on 2024-11-01 14:45:00+00:00
2024-11-11 19:37:52,413 - Long Buy 44.00 shares at 426.02 on 2024-11-01 15:00:00+00:00
2024-11-11 19:37:52,413 - Long Buy 43.00 shares at 425.5 on 2024-11-01 15:15:00+00:00
2024-11-11 19:37:52,413 - Long Buy 42.00 shares at 425.21 on 2024-11-01 15:30:00+00:00
2024-11-11 19:37:52,413 - Long Buy 41.00 shares at 426.36 on 2024-11-01 15:45:00+00:00
2024-11-11 19:37:52,413 - Long Buy 40.00 shares at 426.36 on 2024-11-01 16:00:00+00:00
2024-11-11 19:37:52,413 - Long Buy 39.00 shares at 425.16 on 2024-11-01 16:15:00+00:00
2024-11-11 19:37:52,413 - Long Buy 39.00 shares at 425.03 on 2024-11-01 16:30:00+00:00
2024-11-11 19:37:52,413 - Long Buy 38.00 shares at 424.6 on 2024-11-01 16:45:00+00:00
2024-11-11 19:37:52,413 - Long Buy 37.00 shares at 426.31 on 2024-11-01 17:00:00+00:00
2024-11-11 19:37:52,413 - Long Buy 36.00 shares at 425.07 on 2024-11-01 17:15:00+00:00
2024-11-11 19:37:52,413 - Long Buy 36.00 shares at 424.66 on 2024-11-01 17:30:00+00:00
2024-11-11 19:37:52,413 - Long Buy 35.00 shares at 425.94 on 2024-11-01 18:45:00+00:00
2024-11-11 19:37:52,413 - Long Buy 34.00 shares at 425.7 on 2024-11-01 19:45:00+00:00
2024-11-11 19:37:52,413 - Sell to close 641.00 shares at 429.66 on 2024-11-04 14:45:00+00:00 (Exit: Profit_take, Profit: 2547.1400000000285, Duration: 4350.0 minutes)
2024-11-11 19:37:52,414 - Long Buy 47.00 shares at 424.08 on 2024-11-04 16:30:00+00:00
2024-11-11 19:37:52,414 - Long Buy 46.00 shares at 423.39 on 2024-11-04 16:45:00+00:00
2024-11-11 19:37:52,414 - Long Buy 45.00 shares at 422.56 on 2024-11-04 17:00:00+00:00
2024-11-11 19:37:52,414 - Long Buy 44.00 shares at 424.66 on 2024-11-04 17:15:00+00:00
2024-11-11 19:37:52,414 - Long Buy 43.00 shares at 424.22 on 2024-11-04 17:30:00+00:00
2024-11-11 19:37:52,414 - Long Buy 42.00 shares at 424.3 on 2024-11-04 17:45:00+00:00
2024-11-11 19:37:52,414 - Long Buy 41.00 shares at 424.31 on 2024-11-04 18:00:00+00:00
2024-11-11 19:37:52,414 - Long Buy 41.00 shares at 424.18 on 2024-11-04 18:15:00+00:00
2024-11-11 19:37:52,414 - Long Buy 40.00 shares at 425.25 on 2024-11-04 18:30:00+00:00
2024-11-11 19:37:52,414 - Long Buy 39.00 shares at 425.07 on 2024-11-04 18:45:00+00:00
2024-11-11 19:37:52,414 - Long Buy 38.00 shares at 424.69 on 2024-11-04 19:15:00+00:00
2024-11-11 19:37:52,414 - Long Buy 37.00 shares at 424.44 on 2024-11-04 19:45:00+00:00
2024-11-11 19:37:52,414 - Long Buy 37.00 shares at 424.73 on 2024-11-04 20:15:00+00:00
2024-11-11 19:37:52,414 - Sell to close 540.00 shares at 431.15 on 2024-11-05 14:30:00+00:00 (Exit: Profit_take, Profit: 3717.6699999999346, Duration: 1320.0 minutes)
2024-11-11 19:37:52,414 - Short Sell 46.00 shares at 434.94 on 2024-11-05 14:45:00+00:00
2024-11-11 19:37:52,414 - Short Sell 46.00 shares at 434.97 on 2024-11-05 15:00:00+00:00
2024-11-11 19:37:52,414 - Short Sell 46.00 shares at 434.72 on 2024-11-05 15:15:00+00:00
2024-11-11 19:37:52,414 - Short Sell 45.00 shares at 436.67 on 2024-11-05 15:30:00+00:00
2024-11-11 19:37:52,414 - Short Sell 46.00 shares at 433.79 on 2024-11-05 15:45:00+00:00
2024-11-11 19:37:52,414 - Short Sell 46.00 shares at 435.31 on 2024-11-05 16:00:00+00:00
2024-11-11 19:37:52,414 - Short Sell 46.00 shares at 434.03 on 2024-11-05 16:15:00+00:00
2024-11-11 19:37:52,414 - Short Sell 46.00 shares at 434.88 on 2024-11-05 16:30:00+00:00
2024-11-11 19:37:52,414 - Short Sell 46.00 shares at 436.25 on 2024-11-05 16:45:00+00:00
2024-11-11 19:37:52,414 - Short Sell 46.00 shares at 434.42 on 2024-11-05 17:00:00+00:00
2024-11-11 19:37:52,414 - Short Sell 46.00 shares at 434.66 on 2024-11-05 17:15:00+00:00
2024-11-11 19:37:52,414 - Short Sell 46.00 shares at 435.15 on 2024-11-05 17:30:00+00:00
2024-11-11 19:37:52,414 - Buy to cover -551.00 shares at 433.69 on 2024-11-05 17:45:00+00:00 (Exit: Signal, Profit: 710.4800000000075, Duration: 180.0 minutes)
2024-11-11 19:37:52,414 - Short Sell 46.00 shares at 435.67 on 2024-11-05 18:00:00+00:00
2024-11-11 19:37:52,414 - Short Sell 46.00 shares at 435.76 on 2024-11-05 18:15:00+00:00
2024-11-11 19:37:52,414 - Short Sell 46.00 shares at 435.69 on 2024-11-05 18:30:00+00:00
2024-11-11 19:37:52,415 - Short Sell 46.00 shares at 436.35 on 2024-11-05 19:00:00+00:00
2024-11-11 19:37:52,415 - Short Sell 45.00 shares at 437.13 on 2024-11-05 19:15:00+00:00
2024-11-11 19:37:52,415 - Short Sell 45.00 shares at 437.48 on 2024-11-05 19:30:00+00:00
2024-11-11 19:37:52,415 - Short Sell 46.00 shares at 436.46 on 2024-11-05 19:45:00+00:00
2024-11-11 19:37:52,415 - Short Sell 45.00 shares at 437.46 on 2024-11-05 20:00:00+00:00
2024-11-11 19:37:52,415 - Short Sell 45.00 shares at 438.84 on 2024-11-05 20:15:00+00:00
2024-11-11 19:37:52,415 - Short Sell 45.00 shares at 438.54 on 2024-11-05 20:30:00+00:00
2024-11-11 19:37:52,415 - Buy to cover -455.00 shares at 439.92 on 2024-11-05 20:45:00+00:00 (Exit: Stop_loss, Profit: -1361.5700000000074, Duration: 165.0 minutes)
2024-11-11 19:37:52,415 - Short Sell 42.00 shares at 468.88 on 2024-11-06 14:30:00+00:00
2024-11-11 19:37:52,415 - Buy to cover -42.00 shares at 464.27 on 2024-11-06 14:45:00+00:00 (Exit: Profit_take, Profit: 193.62000000000057, Duration: 15.0 minutes)
2024-11-11 19:37:52,415 - Short Sell 43.00 shares at 465.99 on 2024-11-06 15:00:00+00:00
2024-11-11 19:37:52,415 - Short Sell 42.00 shares at 468.47 on 2024-11-06 15:15:00+00:00
2024-11-11 19:37:52,415 - Short Sell 42.00 shares at 467.04 on 2024-11-06 15:30:00+00:00
2024-11-11 19:37:52,415 - Short Sell 42.00 shares at 469.87 on 2024-11-06 15:45:00+00:00
2024-11-11 19:37:52,415 - Buy to cover -169.00 shares at 473.0 on 2024-11-06 16:00:00+00:00 (Exit: Stop_loss, Profit: -873.4700000000007, Duration: 60.0 minutes)
2024-11-11 19:37:52,415 - Long Buy 42.00 shares at 470.13 on 2024-11-07 14:30:00+00:00
2024-11-11 19:37:52,415 - Long Buy 41.00 shares at 471.83 on 2024-11-07 14:45:00+00:00
2024-11-11 19:37:52,415 - Long Buy 40.00 shares at 470.53 on 2024-11-07 15:00:00+00:00
2024-11-11 19:37:52,415 - Long Buy 40.00 shares at 470.82 on 2024-11-07 15:15:00+00:00
2024-11-11 19:37:52,415 - Sell to close 163.00 shares at 475.09 on 2024-11-07 15:30:00+00:00 (Exit: Profit_take, Profit: 695.1800000000087, Duration: 60.0 minutes)
2024-11-11 19:37:52,415 - Long Buy 42.00 shares at 471.58 on 2024-11-07 15:45:00+00:00
2024-11-11 19:37:52,415 - Long Buy 41.00 shares at 470.98 on 2024-11-07 16:00:00+00:00
2024-11-11 19:37:52,415 - Long Buy 41.00 shares at 468.72 on 2024-11-07 16:15:00+00:00
2024-11-11 19:37:52,415 - Long Buy 40.00 shares at 470.03 on 2024-11-07 16:30:00+00:00
2024-11-11 19:37:52,416 - Long Buy 39.00 shares at 469.37 on 2024-11-07 16:45:00+00:00
2024-11-11 19:37:52,416 - Long Buy 38.00 shares at 468.49 on 2024-11-07 17:00:00+00:00
2024-11-11 19:37:52,416 - Long Buy 37.00 shares at 469.07 on 2024-11-07 17:15:00+00:00
2024-11-11 19:37:52,416 - Long Buy 37.00 shares at 470.74 on 2024-11-07 17:30:00+00:00
2024-11-11 19:37:52,416 - Long Buy 36.00 shares at 471.66 on 2024-11-07 17:45:00+00:00
2024-11-11 19:37:52,416 - Long Buy 35.00 shares at 470.05 on 2024-11-07 18:00:00+00:00
2024-11-11 19:37:52,416 - Long Buy 34.00 shares at 470.5 on 2024-11-07 18:15:00+00:00
2024-11-11 19:37:52,416 - Long Buy 34.00 shares at 470.54 on 2024-11-07 18:30:00+00:00
2024-11-11 19:37:52,416 - Long Buy 33.00 shares at 471.99 on 2024-11-07 18:45:00+00:00
2024-11-11 19:37:52,416 - Long Buy 33.00 shares at 468.7 on 2024-11-07 19:00:00+00:00
2024-11-11 19:37:52,416 - Long Buy 32.00 shares at 469.0 on 2024-11-07 19:15:00+00:00
2024-11-11 19:37:52,416 - Long Buy 31.00 shares at 467.74 on 2024-11-07 19:30:00+00:00
2024-11-11 19:37:52,416 - Long Buy 31.00 shares at 467.75 on 2024-11-07 19:45:00+00:00
2024-11-11 19:37:52,416 - Long Buy 30.00 shares at 467.31 on 2024-11-07 20:00:00+00:00
2024-11-11 19:37:52,416 - Sell to close 644.00 shares at 466.43 on 2024-11-07 20:15:00+00:00 (Exit: Stop_loss, Profit: -2132.4900000000416, Duration: 270.0 minutes)
2024-11-11 19:37:52,416 - Long Buy 43.00 shares at 464.31 on 2024-11-08 14:30:00+00:00
2024-11-11 19:37:52,416 - Long Buy 42.00 shares at 464.86 on 2024-11-08 14:45:00+00:00
2024-11-11 19:37:52,416 - Long Buy 41.00 shares at 464.37 on 2024-11-08 15:00:00+00:00
2024-11-11 19:37:52,416 - Long Buy 40.00 shares at 464.77 on 2024-11-08 15:15:00+00:00
2024-11-11 19:37:52,416 - Long Buy 39.00 shares at 466.4 on 2024-11-08 15:30:00+00:00
2024-11-11 19:37:52,416 - Sell to close 205.00 shares at 467.77 on 2024-11-08 15:45:00+00:00 (Exit: Profit_take, Profit: 583.830000000012, Duration: 75.0 minutes)
2024-11-11 19:37:52,416 - Long Buy 43.00 shares at 466.03 on 2024-11-08 16:30:00+00:00
2024-11-11 19:37:52,416 - Long Buy 42.00 shares at 466.37 on 2024-11-08 17:00:00+00:00
2024-11-11 19:37:52,416 - Long Buy 41.00 shares at 466.23 on 2024-11-08 17:15:00+00:00
2024-11-11 19:37:52,416 - Long Buy 40.00 shares at 465.65 on 2024-11-08 20:30:00+00:00
2024-11-11 19:37:52,417 - Sell to close 166.00 shares at 467.86 on 2024-11-08 20:45:00+00:00 (Exit: Signal, Profit: 296.4999999999933, Duration: 255.0 minutes)
2024-11-11 19:37:52,418 - Final statisticsStock: HUBB, 
total_trades: 32, 
winning_trades: 20, 
losing_trades: 12, 
average_return: 0.0009611287917998855, 
average_duration: 721.875, 
final_balance: 1002321.2299999997, 
final_portfolio_value: 1002321.2299999997, 
sharpe_ratio: 5.000314525601298, 



