2024-11-11 21:21:22,435 - Starting GBMStrategy with initial capital: 1000000
2024-11-11 21:21:22,435 - Hyperparameters: {'threshold': 1.5, 'time_periods': 30, 'num_simulations': 150}
2024-11-11 21:22:44,133 - Long Buy 86.00 shares at 231.61 on 2024-10-11 14:30:00+00:00
2024-11-11 21:22:44,134 - Long Buy 84.00 shares at 231.4 on 2024-10-11 14:45:00+00:00
2024-11-11 21:22:44,134 - Long Buy 82.00 shares at 231.52 on 2024-10-11 15:00:00+00:00
2024-11-11 21:22:44,134 - Long Buy 81.00 shares at 231.37 on 2024-10-11 15:15:00+00:00
2024-11-11 21:22:44,134 - Long Buy 79.00 shares at 231.15 on 2024-10-11 15:30:00+00:00
2024-11-11 21:22:44,134 - Long Buy 78.00 shares at 231.12 on 2024-10-11 15:45:00+00:00
2024-11-11 21:22:44,134 - Long Buy 76.00 shares at 230.78 on 2024-10-11 16:00:00+00:00
2024-11-11 21:22:44,134 - Long Buy 75.00 shares at 230.66 on 2024-10-11 16:15:00+00:00
2024-11-11 21:22:44,134 - Long Buy 73.00 shares at 231.08 on 2024-10-11 16:30:00+00:00
2024-11-11 21:22:44,134 - Long Buy 72.00 shares at 231.2 on 2024-10-11 16:45:00+00:00
2024-11-11 21:22:44,134 - Long Buy 70.00 shares at 230.8 on 2024-10-11 17:00:00+00:00
2024-11-11 21:22:44,134 - Long Buy 69.00 shares at 230.79 on 2024-10-11 17:15:00+00:00
2024-11-11 21:22:44,134 - Sell to close 925.00 shares at 232.39 on 2024-10-11 18:45:00+00:00 (Exit: Profit_take, Profit: 1156.3399999999647, Duration: 255.0 minutes)
2024-11-11 21:22:44,135 - Short Sell 86.00 shares at 232.8 on 2024-10-11 19:00:00+00:00
2024-11-11 21:22:44,135 - Short Sell 86.00 shares at 232.58 on 2024-10-11 19:15:00+00:00
2024-11-11 21:22:44,135 - Short Sell 86.00 shares at 232.74 on 2024-10-11 19:30:00+00:00
2024-11-11 21:22:44,135 - Short Sell 85.00 shares at 233.36 on 2024-10-11 19:45:00+00:00
2024-11-11 21:22:44,135 - Buy to cover -343.00 shares at 235.08 on 2024-10-14 13:30:00+00:00 (Exit: Stop_loss, Profit: -758.5200000000093, Duration: 3990.0 minutes)
2024-11-11 21:22:44,135 - Short Sell 84.00 shares at 236.31 on 2024-10-15 14:00:00+00:00
2024-11-11 21:22:44,135 - Short Sell 84.00 shares at 236.91 on 2024-10-15 14:15:00+00:00
2024-11-11 21:22:44,135 - Short Sell 84.00 shares at 236.8 on 2024-10-15 14:30:00+00:00
2024-11-11 21:22:44,135 - Short Sell 84.00 shares at 236.43 on 2024-10-15 14:45:00+00:00
2024-11-11 21:22:44,135 - Short Sell 84.00 shares at 236.31 on 2024-10-15 15:45:00+00:00
2024-11-11 21:22:44,135 - Short Sell 84.00 shares at 236.19 on 2024-10-15 16:00:00+00:00
2024-11-11 21:22:44,135 - Short Sell 84.00 shares at 236.25 on 2024-10-15 16:15:00+00:00
2024-11-11 21:22:44,136 - Buy to cover -588.00 shares at 236.21 on 2024-10-15 16:30:00+00:00 (Exit: Signal, Profit: 145.31999999997765, Duration: 150.0 minutes)
2024-11-11 21:22:44,136 - Long Buy 84.00 shares at 236.04 on 2024-10-15 16:45:00+00:00
2024-11-11 21:22:44,136 - Long Buy 83.00 shares at 236.02 on 2024-10-15 17:00:00+00:00
2024-11-11 21:22:44,136 - Long Buy 81.00 shares at 235.87 on 2024-10-15 17:15:00+00:00
2024-11-11 21:22:44,136 - Long Buy 80.00 shares at 235.08 on 2024-10-15 17:45:00+00:00
2024-11-11 21:22:44,136 - Long Buy 78.00 shares at 234.42 on 2024-10-15 18:00:00+00:00
2024-11-11 21:22:44,136 - Long Buy 77.00 shares at 233.8 on 2024-10-15 18:15:00+00:00
2024-11-11 21:22:44,136 - Sell to close 483.00 shares at 233.2 on 2024-10-15 18:30:00+00:00 (Exit: Stop_loss, Profit: -980.6500000000178, Duration: 105.0 minutes)
2024-11-11 21:22:44,136 - Long Buy 85.00 shares at 232.62 on 2024-10-16 13:30:00+00:00
2024-11-11 21:22:44,136 - Long Buy 84.00 shares at 232.54 on 2024-10-16 13:45:00+00:00
2024-11-11 21:22:44,136 - Long Buy 82.00 shares at 231.99 on 2024-10-16 14:00:00+00:00
2024-11-11 21:22:44,136 - Long Buy 81.00 shares at 232.18 on 2024-10-16 14:15:00+00:00
2024-11-11 21:22:44,136 - Long Buy 79.00 shares at 231.95 on 2024-10-16 14:30:00+00:00
2024-11-11 21:22:44,136 - Long Buy 78.00 shares at 231.81 on 2024-10-16 14:45:00+00:00
2024-11-11 21:22:44,136 - Long Buy 76.00 shares at 231.32 on 2024-10-16 15:00:00+00:00
2024-11-11 21:22:44,136 - Long Buy 75.00 shares at 231.32 on 2024-10-16 15:15:00+00:00
2024-11-11 21:22:44,136 - Long Buy 73.00 shares at 231.91 on 2024-10-16 15:30:00+00:00
2024-11-11 21:22:44,136 - Long Buy 71.00 shares at 231.83 on 2024-10-16 15:45:00+00:00
2024-11-11 21:22:44,136 - Long Buy 70.00 shares at 231.95 on 2024-10-16 16:00:00+00:00
2024-11-11 21:22:44,136 - Long Buy 69.00 shares at 231.79 on 2024-10-16 16:15:00+00:00
2024-11-11 21:22:44,136 - Long Buy 67.00 shares at 232.11 on 2024-10-16 16:30:00+00:00
2024-11-11 21:22:44,136 - Long Buy 66.00 shares at 232.64 on 2024-10-16 16:45:00+00:00
2024-11-11 21:22:44,136 - Long Buy 64.00 shares at 232.95 on 2024-10-16 17:00:00+00:00
2024-11-11 21:22:44,136 - Long Buy 63.00 shares at 232.9 on 2024-10-16 17:15:00+00:00
2024-11-11 21:22:44,136 - Sell to close 1183.00 shares at 232.95 on 2024-10-16 17:30:00+00:00 (Exit: Signal, Profit: 1002.9999999999683, Duration: 240.0 minutes)
2024-11-11 21:22:44,136 - Short Sell 85.00 shares at 233.13 on 2024-10-16 18:15:00+00:00
2024-11-11 21:22:44,137 - Short Sell 85.00 shares at 233.29 on 2024-10-16 18:30:00+00:00
2024-11-11 21:22:44,137 - Short Sell 85.00 shares at 233.37 on 2024-10-16 19:15:00+00:00
2024-11-11 21:22:44,137 - Short Sell 85.00 shares at 233.46 on 2024-10-16 19:30:00+00:00
2024-11-11 21:22:44,137 - Short Sell 85.00 shares at 233.63 on 2024-10-16 19:45:00+00:00
2024-11-11 21:22:44,137 - Buy to cover -425.00 shares at 232.16 on 2024-10-17 13:30:00+00:00 (Exit: Profit_take, Profit: 516.8000000000035, Duration: 1155.0 minutes)
2024-11-11 21:22:44,137 - Long Buy 86.00 shares at 231.76 on 2024-10-17 13:45:00+00:00
2024-11-11 21:22:44,137 - Long Buy 84.00 shares at 231.48 on 2024-10-17 14:00:00+00:00
2024-11-11 21:22:44,137 - Long Buy 82.00 shares at 231.86 on 2024-10-17 14:15:00+00:00
2024-11-11 21:22:44,137 - Long Buy 81.00 shares at 231.6 on 2024-10-17 14:30:00+00:00
2024-11-11 21:22:44,137 - Long Buy 79.00 shares at 231.83 on 2024-10-17 14:45:00+00:00
2024-11-11 21:22:44,137 - Long Buy 78.00 shares at 231.84 on 2024-10-17 15:00:00+00:00
2024-11-11 21:22:44,137 - Long Buy 76.00 shares at 232.23 on 2024-10-17 15:15:00+00:00
2024-11-11 21:22:44,137 - Sell to close 566.00 shares at 233.0 on 2024-10-17 16:45:00+00:00 (Exit: Profit_take, Profit: 682.6300000000035, Duration: 180.0 minutes)
2024-11-11 21:22:44,137 - Short Sell 86.00 shares at 232.63 on 2024-10-17 18:30:00+00:00
2024-11-11 21:22:44,137 - Short Sell 86.00 shares at 232.73 on 2024-10-17 18:45:00+00:00
2024-11-11 21:22:44,137 - Short Sell 86.00 shares at 232.86 on 2024-10-17 19:45:00+00:00
2024-11-11 21:22:44,137 - Buy to cover -258.00 shares at 231.99 on 2024-10-18 13:30:00+00:00 (Exit: Signal, Profit: 193.49999999999267, Duration: 1140.0 minutes)
2024-11-11 21:22:44,137 - Long Buy 86.00 shares at 231.14 on 2024-10-18 13:45:00+00:00
2024-11-11 21:22:44,137 - Long Buy 84.00 shares at 231.46 on 2024-10-18 14:00:00+00:00
2024-11-11 21:22:44,137 - Long Buy 83.00 shares at 231.52 on 2024-10-18 14:15:00+00:00
2024-11-11 21:22:44,138 - Long Buy 81.00 shares at 232.02 on 2024-10-18 15:30:00+00:00
2024-11-11 21:22:44,138 - Long Buy 79.00 shares at 231.88 on 2024-10-18 16:15:00+00:00
2024-11-11 21:22:44,138 - Long Buy 78.00 shares at 231.99 on 2024-10-18 17:15:00+00:00
2024-11-11 21:22:44,138 - Long Buy 76.00 shares at 231.9 on 2024-10-18 17:30:00+00:00
2024-11-11 21:22:44,138 - Long Buy 75.00 shares at 231.44 on 2024-10-18 17:45:00+00:00
2024-11-11 21:22:44,138 - Long Buy 73.00 shares at 231.72 on 2024-10-18 18:00:00+00:00
2024-11-11 21:22:44,138 - Long Buy 72.00 shares at 231.9 on 2024-10-18 18:15:00+00:00
2024-11-11 21:22:44,138 - Long Buy 70.00 shares at 231.84 on 2024-10-18 18:30:00+00:00
2024-11-11 21:22:44,138 - Long Buy 69.00 shares at 231.59 on 2024-10-18 18:45:00+00:00
2024-11-11 21:22:44,138 - Long Buy 67.00 shares at 231.78 on 2024-10-18 19:00:00+00:00
2024-11-11 21:22:44,138 - Long Buy 66.00 shares at 231.47 on 2024-10-18 19:15:00+00:00
2024-11-11 21:22:44,138 - Sell to close 1059.00 shares at 231.49 on 2024-10-18 19:30:00+00:00 (Exit: Signal, Profit: -205.83999999996635, Duration: 345.0 minutes)
2024-11-11 21:22:44,138 - Short Sell 86.00 shares at 232.09 on 2024-10-18 19:45:00+00:00
2024-11-11 21:22:44,138 - Short Sell 86.00 shares at 231.76 on 2024-10-21 13:30:00+00:00
2024-11-11 21:22:44,138 - Short Sell 86.00 shares at 231.73 on 2024-10-21 13:45:00+00:00
2024-11-11 21:22:44,138 - Short Sell 86.00 shares at 231.94 on 2024-10-21 14:00:00+00:00
2024-11-11 21:22:44,138 - Short Sell 86.00 shares at 231.71 on 2024-10-21 14:15:00+00:00
2024-11-11 21:22:44,138 - Short Sell 86.00 shares at 231.81 on 2024-10-21 14:30:00+00:00
2024-11-11 21:22:44,138 - Buy to cover -516.00 shares at 230.92 on 2024-10-21 15:00:00+00:00 (Exit: Signal, Profit: 474.7200000000082, Duration: 4035.0 minutes)
2024-11-11 21:22:44,138 - Long Buy 86.00 shares at 230.64 on 2024-10-21 15:15:00+00:00
2024-11-11 21:22:44,138 - Long Buy 85.00 shares at 230.91 on 2024-10-21 15:30:00+00:00
2024-11-11 21:22:44,139 - Long Buy 83.00 shares at 231.32 on 2024-10-22 14:00:00+00:00
2024-11-11 21:22:44,139 - Long Buy 81.00 shares at 231.32 on 2024-10-22 14:15:00+00:00
2024-11-11 21:22:44,139 - Long Buy 80.00 shares at 231.11 on 2024-10-22 14:30:00+00:00
2024-11-11 21:22:44,139 - Sell to close 415.00 shares at 232.26 on 2024-10-22 15:00:00+00:00 (Exit: Profit_take, Profit: 500.23000000000366, Duration: 1425.0 minutes)
2024-11-11 21:22:44,139 - Short Sell 86.00 shares at 232.46 on 2024-10-22 15:15:00+00:00
2024-11-11 21:22:44,139 - Short Sell 86.00 shares at 232.51 on 2024-10-22 15:30:00+00:00
2024-11-11 21:22:44,139 - Short Sell 86.00 shares at 232.38 on 2024-10-22 15:45:00+00:00
2024-11-11 21:22:44,139 - Short Sell 86.00 shares at 232.35 on 2024-10-22 16:00:00+00:00
2024-11-11 21:22:44,139 - Short Sell 86.00 shares at 232.3 on 2024-10-22 16:15:00+00:00
2024-11-11 21:22:44,139 - Short Sell 86.00 shares at 232.6 on 2024-10-22 16:30:00+00:00
2024-11-11 21:22:44,139 - Short Sell 86.00 shares at 232.55 on 2024-10-22 16:45:00+00:00
2024-11-11 21:22:44,139 - Short Sell 86.00 shares at 232.39 on 2024-10-22 17:00:00+00:00
2024-11-11 21:22:44,139 - Short Sell 86.00 shares at 232.26 on 2024-10-22 17:15:00+00:00
2024-11-11 21:22:44,139 - Short Sell 86.00 shares at 232.85 on 2024-10-22 17:30:00+00:00
2024-11-11 21:22:44,139 - Short Sell 86.00 shares at 232.41 on 2024-10-22 17:45:00+00:00
2024-11-11 21:22:44,139 - Short Sell 86.00 shares at 232.03 on 2024-10-22 18:00:00+00:00
2024-11-11 21:22:44,139 - Short Sell 86.00 shares at 232.07 on 2024-10-22 18:15:00+00:00
2024-11-11 21:22:44,139 - Short Sell 86.00 shares at 231.89 on 2024-10-22 18:30:00+00:00
2024-11-11 21:22:44,139 - Short Sell 86.00 shares at 231.97 on 2024-10-22 18:45:00+00:00
2024-11-11 21:22:44,139 - Short Sell 86.00 shares at 232.17 on 2024-10-22 19:00:00+00:00
2024-11-11 21:22:44,139 - Short Sell 86.00 shares at 232.61 on 2024-10-22 19:15:00+00:00
2024-11-11 21:22:44,139 - Short Sell 86.00 shares at 232.92 on 2024-10-22 19:30:00+00:00
2024-11-11 21:22:44,139 - Short Sell 86.00 shares at 232.26 on 2024-10-22 19:45:00+00:00
2024-11-11 21:22:44,139 - Buy to cover -1634.00 shares at 231.08 on 2024-10-23 13:30:00+00:00 (Exit: Profit_take, Profit: 2103.5599999999567, Duration: 1335.0 minutes)
2024-11-11 21:22:44,139 - Short Sell 86.00 shares at 232.52 on 2024-10-23 14:00:00+00:00
2024-11-11 21:22:44,139 - Short Sell 86.00 shares at 233.01 on 2024-10-23 14:15:00+00:00
2024-11-11 21:22:44,139 - Short Sell 86.00 shares at 232.84 on 2024-10-23 14:30:00+00:00
2024-11-11 21:22:44,139 - Short Sell 86.00 shares at 232.73 on 2024-10-23 14:45:00+00:00
2024-11-11 21:22:44,139 - Buy to cover -344.00 shares at 231.84 on 2024-10-23 15:00:00+00:00 (Exit: Signal, Profit: 321.6400000000008, Duration: 60.0 minutes)
2024-11-11 21:22:44,140 - Long Buy 86.00 shares at 231.78 on 2024-10-23 15:15:00+00:00
2024-11-11 21:22:44,140 - Long Buy 84.00 shares at 232.51 on 2024-10-23 15:30:00+00:00
2024-11-11 21:22:44,140 - Long Buy 83.00 shares at 232.42 on 2024-10-23 16:15:00+00:00
2024-11-11 21:22:44,140 - Long Buy 81.00 shares at 232.3 on 2024-10-23 17:15:00+00:00
2024-11-11 21:22:44,140 - Long Buy 79.00 shares at 232.19 on 2024-10-23 17:30:00+00:00
2024-11-11 21:22:44,140 - Long Buy 78.00 shares at 231.45 on 2024-10-23 17:45:00+00:00
2024-11-11 21:22:44,140 - Long Buy 77.00 shares at 231.45 on 2024-10-23 18:00:00+00:00
2024-11-11 21:22:44,140 - Long Buy 75.00 shares at 231.45 on 2024-10-23 18:15:00+00:00
2024-11-11 21:22:44,140 - Long Buy 73.00 shares at 232.11 on 2024-10-23 18:30:00+00:00
2024-11-11 21:22:44,140 - Sell to close 716.00 shares at 216.94 on 2024-10-24 13:30:00+00:00 (Exit: Stop_loss, Profit: -10762.580000000005, Duration: 1335.0 minutes)
2024-11-11 21:22:44,140 - Long Buy 91.00 shares at 217.2 on 2024-10-25 17:00:00+00:00
2024-11-11 21:22:44,140 - Long Buy 90.00 shares at 216.36 on 2024-10-25 17:15:00+00:00
2024-11-11 21:22:44,140 - Long Buy 88.00 shares at 215.19 on 2024-10-25 17:30:00+00:00
2024-11-11 21:22:44,140 - Sell to close 269.00 shares at 214.6 on 2024-10-25 17:45:00+00:00 (Exit: Stop_loss, Profit: -446.92000000000627, Duration: 45.0 minutes)
2024-11-11 21:22:44,141 - Long Buy 92.00 shares at 215.57 on 2024-10-28 13:30:00+00:00
2024-11-11 21:22:44,141 - Long Buy 90.00 shares at 214.8 on 2024-10-28 13:45:00+00:00
2024-11-11 21:22:44,141 - Long Buy 89.00 shares at 214.06 on 2024-10-28 14:00:00+00:00
2024-11-11 21:22:44,141 - Long Buy 87.00 shares at 214.36 on 2024-10-28 14:15:00+00:00
2024-11-11 21:22:44,141 - Long Buy 85.00 shares at 213.44 on 2024-10-28 14:30:00+00:00
2024-11-11 21:22:44,141 - Sell to close 443.00 shares at 213.33 on 2024-10-28 14:45:00+00:00 (Exit: Stop_loss, Profit: -502.3099999999931, Duration: 75.0 minutes)
2024-11-11 21:22:44,141 - Long Buy 93.00 shares at 211.75 on 2024-10-29 13:30:00+00:00
2024-11-11 21:22:44,141 - Sell to close 93.00 shares at 212.91 on 2024-10-29 13:45:00+00:00 (Exit: Profit_take, Profit: 107.87999999999968, Duration: 15.0 minutes)
2024-11-11 21:22:44,141 - Long Buy 93.00 shares at 212.53 on 2024-10-29 14:00:00+00:00
2024-11-11 21:22:44,141 - Long Buy 91.00 shares at 212.33 on 2024-10-29 14:45:00+00:00
2024-11-11 21:22:44,141 - Long Buy 90.00 shares at 211.92 on 2024-10-29 15:00:00+00:00
2024-11-11 21:22:44,141 - Long Buy 88.00 shares at 211.62 on 2024-10-29 15:15:00+00:00
2024-11-11 21:22:44,141 - Long Buy 86.00 shares at 211.74 on 2024-10-29 15:30:00+00:00
2024-11-11 21:22:44,141 - Long Buy 84.00 shares at 211.46 on 2024-10-29 15:45:00+00:00
2024-11-11 21:22:44,141 - Long Buy 83.00 shares at 211.74 on 2024-10-29 16:00:00+00:00
2024-11-11 21:22:44,141 - Long Buy 81.00 shares at 211.66 on 2024-10-29 16:15:00+00:00
2024-11-11 21:22:44,141 - Long Buy 79.00 shares at 211.8 on 2024-10-29 16:30:00+00:00
2024-11-11 21:22:44,141 - Long Buy 78.00 shares at 211.97 on 2024-10-29 16:45:00+00:00
2024-11-11 21:22:44,141 - Long Buy 76.00 shares at 211.88 on 2024-10-29 17:00:00+00:00
2024-11-11 21:22:44,141 - Long Buy 75.00 shares at 211.59 on 2024-10-29 17:15:00+00:00
2024-11-11 21:22:44,141 - Long Buy 74.00 shares at 210.73 on 2024-10-29 17:30:00+00:00
2024-11-11 21:22:44,141 - Long Buy 72.00 shares at 211.2 on 2024-10-29 17:45:00+00:00
2024-11-11 21:22:44,142 - Sell to close 1150.00 shares at 210.44 on 2024-10-29 18:00:00+00:00 (Exit: Stop_loss, Profit: -1506.2500000000043, Duration: 240.0 minutes)
2024-11-11 21:22:44,142 - Long Buy 94.00 shares at 208.88 on 2024-10-30 13:30:00+00:00
2024-11-11 21:22:44,142 - Long Buy 93.00 shares at 208.65 on 2024-10-30 13:45:00+00:00
2024-11-11 21:22:44,142 - Long Buy 91.00 shares at 208.51 on 2024-10-30 14:00:00+00:00
2024-11-11 21:22:44,142 - Long Buy 89.00 shares at 208.43 on 2024-10-30 14:15:00+00:00
2024-11-11 21:22:44,142 - Long Buy 88.00 shares at 207.98 on 2024-10-30 14:30:00+00:00
2024-11-11 21:22:44,142 - Long Buy 86.00 shares at 207.7 on 2024-10-30 14:45:00+00:00
2024-11-11 21:22:44,142 - Long Buy 84.00 shares at 207.21 on 2024-10-30 15:00:00+00:00
2024-11-11 21:22:44,142 - Sell to close 625.00 shares at 206.77 on 2024-10-30 15:15:00+00:00 (Exit: Stop_loss, Profit: -902.6799999999823, Duration: 105.0 minutes)
2024-11-11 21:22:44,142 - Long Buy 96.00 shares at 204.56 on 2024-10-31 13:30:00+00:00
2024-11-11 21:22:44,142 - Sell to close 96.00 shares at 205.59 on 2024-10-31 13:45:00+00:00 (Exit: Profit_take, Profit: 98.87999999999738, Duration: 15.0 minutes)
2024-11-11 21:22:44,142 - Short Sell 96.00 shares at 205.79 on 2024-10-31 14:15:00+00:00
2024-11-11 21:22:44,142 - Short Sell 96.00 shares at 206.23 on 2024-10-31 14:30:00+00:00
2024-11-11 21:22:44,142 - Short Sell 96.00 shares at 205.88 on 2024-10-31 14:45:00+00:00
2024-11-11 21:22:44,142 - Short Sell 96.00 shares at 205.95 on 2024-10-31 15:00:00+00:00
2024-11-11 21:22:44,142 - Short Sell 96.00 shares at 206.42 on 2024-10-31 15:15:00+00:00
2024-11-11 21:22:44,142 - Short Sell 96.00 shares at 206.46 on 2024-10-31 15:30:00+00:00
2024-11-11 21:22:44,142 - Short Sell 95.00 shares at 206.81 on 2024-10-31 15:45:00+00:00
2024-11-11 21:22:44,142 - Short Sell 95.00 shares at 206.89 on 2024-10-31 16:00:00+00:00
2024-11-11 21:22:44,142 - Short Sell 95.00 shares at 206.92 on 2024-10-31 16:15:00+00:00
2024-11-11 21:22:44,142 - Short Sell 95.00 shares at 207.07 on 2024-10-31 16:30:00+00:00
2024-11-11 21:22:44,143 - Short Sell 95.00 shares at 207.2 on 2024-10-31 16:45:00+00:00
2024-11-11 21:22:44,143 - Short Sell 95.00 shares at 207.83 on 2024-10-31 17:00:00+00:00
2024-11-11 21:22:44,143 - Buy to cover -1146.00 shares at 207.89 on 2024-10-31 17:15:00+00:00 (Exit: Stop_loss, Profit: -1457.4599999999932, Duration: 180.0 minutes)
2024-11-11 21:22:44,143 - Short Sell 95.00 shares at 208.29 on 2024-11-01 13:30:00+00:00
2024-11-11 21:22:44,143 - Short Sell 95.00 shares at 207.82 on 2024-11-01 13:45:00+00:00
2024-11-11 21:22:44,143 - Short Sell 94.00 shares at 209.14 on 2024-11-01 14:00:00+00:00
2024-11-11 21:22:44,143 - Short Sell 94.00 shares at 209.51 on 2024-11-01 14:15:00+00:00
2024-11-11 21:22:44,143 - Buy to cover -378.00 shares at 208.57 on 2024-11-01 14:30:00+00:00 (Exit: Signal, Profit: 44.09000000000731, Duration: 60.0 minutes)
2024-11-11 21:22:44,143 - Long Buy 94.00 shares at 209.26 on 2024-11-01 14:45:00+00:00
2024-11-11 21:22:44,143 - Long Buy 93.00 shares at 208.4 on 2024-11-01 17:30:00+00:00
2024-11-11 21:22:44,143 - Long Buy 91.00 shares at 208.18 on 2024-11-01 17:45:00+00:00
2024-11-11 21:22:44,143 - Long Buy 89.00 shares at 208.27 on 2024-11-01 18:00:00+00:00
2024-11-11 21:22:44,143 - Long Buy 87.00 shares at 208.43 on 2024-11-01 18:15:00+00:00
2024-11-11 21:22:44,143 - Long Buy 85.00 shares at 208.44 on 2024-11-01 18:45:00+00:00
2024-11-11 21:22:44,143 - Long Buy 84.00 shares at 208.12 on 2024-11-01 19:30:00+00:00
2024-11-11 21:22:44,143 - Long Buy 82.00 shares at 208.23 on 2024-11-01 19:45:00+00:00
2024-11-11 21:22:44,143 - Sell to close 705.00 shares at 206.89 on 2024-11-04 14:30:00+00:00 (Exit: Stop_loss, Profit: -1082.3500000000226, Duration: 4305.0 minutes)
2024-11-11 21:22:44,144 - Short Sell 95.00 shares at 207.91 on 2024-11-05 15:30:00+00:00
2024-11-11 21:22:44,144 - Short Sell 95.00 shares at 207.32 on 2024-11-05 17:30:00+00:00
2024-11-11 21:22:44,144 - Buy to cover -190.00 shares at 211.43 on 2024-11-06 14:30:00+00:00 (Exit: Stop_loss, Profit: -724.8500000000049, Duration: 1380.0 minutes)
2024-11-11 21:22:44,144 - Short Sell 92.00 shares at 213.8 on 2024-11-07 14:30:00+00:00
2024-11-11 21:22:44,144 - Short Sell 92.00 shares at 214.01 on 2024-11-07 14:45:00+00:00
2024-11-11 21:22:44,144 - Buy to cover -184.00 shares at 212.81 on 2024-11-07 15:30:00+00:00 (Exit: Profit_take, Profit: 201.48000000000502, Duration: 60.0 minutes)
2024-11-11 21:22:44,145 - Long Buy 92.00 shares at 212.56 on 2024-11-07 19:30:00+00:00
2024-11-11 21:22:44,145 - Sell to close 92.00 shares at 213.31 on 2024-11-07 19:45:00+00:00 (Exit: Signal, Profit: 69.0, Duration: 15.0 minutes)
2024-11-11 21:22:44,145 - Short Sell 92.00 shares at 213.64 on 2024-11-07 20:00:00+00:00
2024-11-11 21:22:44,145 - Short Sell 92.00 shares at 213.85 on 2024-11-07 20:15:00+00:00
2024-11-11 21:22:44,145 - Short Sell 92.00 shares at 214.03 on 2024-11-07 20:30:00+00:00
2024-11-11 21:22:44,145 - Short Sell 92.00 shares at 213.75 on 2024-11-07 20:45:00+00:00
2024-11-11 21:22:44,145 - Short Sell 92.00 shares at 213.53 on 2024-11-08 14:30:00+00:00
2024-11-11 21:22:44,145 - Short Sell 92.00 shares at 213.97 on 2024-11-08 15:00:00+00:00
2024-11-11 21:22:44,145 - Short Sell 91.00 shares at 214.78 on 2024-11-08 15:15:00+00:00
2024-11-11 21:22:44,145 - Buy to cover -643.00 shares at 215.77 on 2024-11-08 15:30:00+00:00 (Exit: Stop_loss, Profit: -1180.2899999999913, Duration: 1170.0 minutes)
2024-11-11 21:22:44,147 - Final statisticsStock: IBM, 
total_trades: 27, 
winning_trades: 15, 
losing_trades: 12, 
average_return: -0.003264056436715317, 
average_duration: 867.2222222222222, 
final_balance: 987108.3700000014, 
final_portfolio_value: 987108.3700000014, 
sharpe_ratio: 3.3573551462824476, 



