2024-11-11 21:27:21,034 - Starting GBMStrategy with initial capital: 1000000
2024-11-11 21:27:21,034 - Hyperparameters: {'threshold': 1.5, 'time_periods': 30, 'num_simulations': 150}
2024-11-11 21:28:42,346 - Long Buy 72.00 shares at 275.48 on 2024-10-11 14:30:00+00:00
2024-11-11 21:28:42,347 - Sell to close 72.00 shares at 275.8 on 2024-10-11 14:45:00+00:00 (Exit: Signal, Profit: 23.03999999999951, Duration: 15.0 minutes)
2024-11-11 21:28:42,347 - Short Sell 72.00 shares at 275.87 on 2024-10-11 15:15:00+00:00
2024-11-11 21:28:42,347 - Short Sell 72.00 shares at 276.44 on 2024-10-11 15:30:00+00:00
2024-11-11 21:28:42,347 - Short Sell 72.00 shares at 276.19 on 2024-10-11 15:45:00+00:00
2024-11-11 21:28:42,348 - Short Sell 72.00 shares at 276.96 on 2024-10-14 13:30:00+00:00
2024-11-11 21:28:42,348 - Short Sell 72.00 shares at 277.5 on 2024-10-14 13:45:00+00:00
2024-11-11 21:28:42,348 - Buy to cover -360.00 shares at 278.29 on 2024-10-14 14:00:00+00:00 (Exit: Stop_loss, Profit: -611.2800000000129, Duration: 4245.0 minutes)
2024-11-11 21:28:42,348 - Short Sell 70.00 shares at 283.81 on 2024-10-15 13:30:00+00:00
2024-11-11 21:28:42,348 - Short Sell 70.00 shares at 283.53 on 2024-10-15 13:45:00+00:00
2024-11-11 21:28:42,348 - Short Sell 70.00 shares at 285.25 on 2024-10-15 14:00:00+00:00
2024-11-11 21:28:42,348 - Short Sell 69.00 shares at 285.82 on 2024-10-15 14:15:00+00:00
2024-11-11 21:28:42,348 - Short Sell 69.00 shares at 285.94 on 2024-10-15 14:30:00+00:00
2024-11-11 21:28:42,348 - Short Sell 70.00 shares at 285.19 on 2024-10-15 14:45:00+00:00
2024-11-11 21:28:42,348 - Short Sell 69.00 shares at 285.51 on 2024-10-15 15:00:00+00:00
2024-11-11 21:28:42,348 - Buy to cover -487.00 shares at 286.9 on 2024-10-15 15:15:00+00:00 (Exit: Stop_loss, Profit: -924.0699999999716, Duration: 105.0 minutes)
2024-11-11 21:28:42,348 - Long Buy 70.00 shares at 282.42 on 2024-10-16 13:30:00+00:00
2024-11-11 21:28:42,348 - Long Buy 69.00 shares at 283.29 on 2024-10-16 13:45:00+00:00
2024-11-11 21:28:42,348 - Long Buy 67.00 shares at 282.78 on 2024-10-16 14:00:00+00:00
2024-11-11 21:28:42,348 - Long Buy 66.00 shares at 282.3 on 2024-10-16 14:15:00+00:00
2024-11-11 21:28:42,348 - Long Buy 65.00 shares at 281.68 on 2024-10-16 14:30:00+00:00
2024-11-11 21:28:42,349 - Long Buy 64.00 shares at 281.48 on 2024-10-16 14:45:00+00:00
2024-11-11 21:28:42,349 - Long Buy 62.00 shares at 281.17 on 2024-10-16 15:00:00+00:00
2024-11-11 21:28:42,349 - Long Buy 61.00 shares at 281.71 on 2024-10-16 15:15:00+00:00
2024-11-11 21:28:42,349 - Long Buy 60.00 shares at 282.0 on 2024-10-16 15:30:00+00:00
2024-11-11 21:28:42,349 - Long Buy 59.00 shares at 282.0 on 2024-10-16 15:45:00+00:00
2024-11-11 21:28:42,349 - Long Buy 57.00 shares at 282.18 on 2024-10-16 16:00:00+00:00
2024-11-11 21:28:42,349 - Long Buy 56.00 shares at 282.21 on 2024-10-16 16:15:00+00:00
2024-11-11 21:28:42,349 - Long Buy 55.00 shares at 282.07 on 2024-10-16 16:30:00+00:00
2024-11-11 21:28:42,349 - Long Buy 54.00 shares at 282.03 on 2024-10-16 16:45:00+00:00
2024-11-11 21:28:42,349 - Long Buy 53.00 shares at 281.93 on 2024-10-16 17:00:00+00:00
2024-11-11 21:28:42,349 - Long Buy 52.00 shares at 282.41 on 2024-10-16 17:15:00+00:00
2024-11-11 21:28:42,349 - Sell to close 970.00 shares at 282.65 on 2024-10-16 17:30:00+00:00 (Exit: Signal, Profit: 518.1599999999884, Duration: 240.0 minutes)
2024-11-11 21:28:42,349 - Short Sell 70.00 shares at 282.74 on 2024-10-16 17:45:00+00:00
2024-11-11 21:28:42,349 - Short Sell 70.00 shares at 283.31 on 2024-10-16 18:00:00+00:00
2024-11-11 21:28:42,349 - Short Sell 70.00 shares at 283.5 on 2024-10-16 18:15:00+00:00
2024-11-11 21:28:42,349 - Short Sell 70.00 shares at 283.29 on 2024-10-16 18:30:00+00:00
2024-11-11 21:28:42,349 - Short Sell 70.00 shares at 283.38 on 2024-10-16 18:45:00+00:00
2024-11-11 21:28:42,349 - Short Sell 70.00 shares at 283.36 on 2024-10-16 19:00:00+00:00
2024-11-11 21:28:42,349 - Short Sell 70.00 shares at 283.66 on 2024-10-16 19:15:00+00:00
2024-11-11 21:28:42,349 - Short Sell 70.00 shares at 283.82 on 2024-10-16 19:30:00+00:00
2024-11-11 21:28:42,349 - Short Sell 70.00 shares at 284.15 on 2024-10-16 19:45:00+00:00
2024-11-11 21:28:42,349 - Short Sell 70.00 shares at 284.25 on 2024-10-17 13:30:00+00:00
2024-11-11 21:28:42,349 - Short Sell 70.00 shares at 283.51 on 2024-10-17 13:45:00+00:00
2024-11-11 21:28:42,349 - Short Sell 70.00 shares at 283.18 on 2024-10-17 14:00:00+00:00
2024-11-11 21:28:42,349 - Buy to cover -840.00 shares at 281.81 on 2024-10-17 15:00:00+00:00 (Exit: Profit_take, Profit: 1430.1000000000363, Duration: 1275.0 minutes)
2024-11-11 21:28:42,350 - Long Buy 71.00 shares at 281.79 on 2024-10-17 16:00:00+00:00
2024-11-11 21:28:42,350 - Long Buy 69.00 shares at 281.61 on 2024-10-17 18:00:00+00:00
2024-11-11 21:28:42,350 - Long Buy 68.00 shares at 281.38 on 2024-10-17 18:15:00+00:00
2024-11-11 21:28:42,350 - Long Buy 66.00 shares at 281.27 on 2024-10-17 18:30:00+00:00
2024-11-11 21:28:42,350 - Long Buy 65.00 shares at 280.35 on 2024-10-18 13:45:00+00:00
2024-11-11 21:28:42,350 - Sell to close 339.00 shares at 279.24 on 2024-10-18 14:00:00+00:00 (Exit: Stop_loss, Profit: -696.2300000000029, Duration: 1320.0 minutes)
2024-11-11 21:28:42,350 - Short Sell 70.00 shares at 282.14 on 2024-10-21 13:30:00+00:00
2024-11-11 21:28:42,350 - Short Sell 70.00 shares at 282.01 on 2024-10-21 13:45:00+00:00
2024-11-11 21:28:42,350 - Buy to cover -140.00 shares at 279.93 on 2024-10-21 14:15:00+00:00 (Exit: Profit_take, Profit: 300.29999999999745, Duration: 45.0 minutes)
2024-11-11 21:28:42,350 - Long Buy 71.00 shares at 279.98 on 2024-10-21 14:30:00+00:00
2024-11-11 21:28:42,350 - Long Buy 70.00 shares at 279.01 on 2024-10-21 14:45:00+00:00
2024-11-11 21:28:42,350 - Long Buy 69.00 shares at 278.18 on 2024-10-21 15:00:00+00:00
2024-11-11 21:28:42,350 - Long Buy 67.00 shares at 277.89 on 2024-10-21 15:15:00+00:00
2024-11-11 21:28:42,350 - Long Buy 66.00 shares at 278.07 on 2024-10-21 15:30:00+00:00
2024-11-11 21:28:42,350 - Long Buy 65.00 shares at 278.0 on 2024-10-21 15:45:00+00:00
2024-11-11 21:28:42,350 - Long Buy 63.00 shares at 277.46 on 2024-10-21 16:00:00+00:00
2024-11-11 21:28:42,350 - Long Buy 62.00 shares at 277.28 on 2024-10-21 16:15:00+00:00
2024-11-11 21:28:42,350 - Sell to close 533.00 shares at 276.99 on 2024-10-21 16:30:00+00:00 (Exit: Stop_loss, Profit: -680.6199999999612, Duration: 120.0 minutes)
2024-11-11 21:28:42,351 - Long Buy 74.00 shares at 268.33 on 2024-10-22 13:30:00+00:00
2024-11-11 21:28:42,351 - Long Buy 72.00 shares at 269.46 on 2024-10-22 13:45:00+00:00
2024-11-11 21:28:42,351 - Sell to close 146.00 shares at 269.87 on 2024-10-22 14:00:00+00:00 (Exit: Signal, Profit: 143.48000000000513, Duration: 30.0 minutes)
2024-11-11 21:28:42,351 - Short Sell 73.00 shares at 270.73 on 2024-10-22 14:15:00+00:00
2024-11-11 21:28:42,351 - Short Sell 73.00 shares at 271.24 on 2024-10-22 14:30:00+00:00
2024-11-11 21:28:42,351 - Short Sell 73.00 shares at 270.84 on 2024-10-22 14:45:00+00:00
2024-11-11 21:28:42,351 - Short Sell 73.00 shares at 270.3 on 2024-10-22 15:00:00+00:00
2024-11-11 21:28:42,351 - Short Sell 73.00 shares at 270.41 on 2024-10-22 15:15:00+00:00
2024-11-11 21:28:42,351 - Short Sell 73.00 shares at 270.97 on 2024-10-22 15:30:00+00:00
2024-11-11 21:28:42,351 - Short Sell 73.00 shares at 270.78 on 2024-10-22 15:45:00+00:00
2024-11-11 21:28:42,351 - Short Sell 73.00 shares at 271.48 on 2024-10-22 16:00:00+00:00
2024-11-11 21:28:42,351 - Short Sell 73.00 shares at 271.71 on 2024-10-22 16:15:00+00:00
2024-11-11 21:28:42,351 - Short Sell 73.00 shares at 272.41 on 2024-10-22 16:30:00+00:00
2024-11-11 21:28:42,351 - Short Sell 73.00 shares at 272.09 on 2024-10-22 16:45:00+00:00
2024-11-11 21:28:42,351 - Short Sell 73.00 shares at 272.1 on 2024-10-22 17:00:00+00:00
2024-11-11 21:28:42,351 - Short Sell 73.00 shares at 272.37 on 2024-10-22 17:15:00+00:00
2024-11-11 21:28:42,351 - Short Sell 73.00 shares at 272.67 on 2024-10-22 17:30:00+00:00
2024-11-11 21:28:42,351 - Short Sell 73.00 shares at 272.53 on 2024-10-22 17:45:00+00:00
2024-11-11 21:28:42,351 - Short Sell 73.00 shares at 272.27 on 2024-10-22 18:00:00+00:00
2024-11-11 21:28:42,351 - Short Sell 73.00 shares at 272.79 on 2024-10-22 18:15:00+00:00
2024-11-11 21:28:42,351 - Short Sell 73.00 shares at 272.32 on 2024-10-22 18:30:00+00:00
2024-11-11 21:28:42,351 - Short Sell 73.00 shares at 272.31 on 2024-10-22 18:45:00+00:00
2024-11-11 21:28:42,351 - Short Sell 73.00 shares at 272.78 on 2024-10-22 19:00:00+00:00
2024-11-11 21:28:42,351 - Short Sell 73.00 shares at 272.79 on 2024-10-22 19:15:00+00:00
2024-11-11 21:28:42,351 - Buy to cover -1533.00 shares at 273.28 on 2024-10-22 19:30:00+00:00 (Exit: Stop_loss, Profit: -2262.2700000000714, Duration: 315.0 minutes)
2024-11-11 21:28:42,351 - Short Sell 73.00 shares at 271.22 on 2024-10-23 13:30:00+00:00
2024-11-11 21:28:42,351 - Short Sell 73.00 shares at 271.55 on 2024-10-23 13:45:00+00:00
2024-11-11 21:28:42,352 - Short Sell 73.00 shares at 271.07 on 2024-10-23 14:00:00+00:00
2024-11-11 21:28:42,352 - Short Sell 73.00 shares at 271.48 on 2024-10-23 14:15:00+00:00
2024-11-11 21:28:42,352 - Short Sell 73.00 shares at 270.78 on 2024-10-23 14:30:00+00:00
2024-11-11 21:28:42,352 - Short Sell 73.00 shares at 271.06 on 2024-10-23 14:45:00+00:00
2024-11-11 21:28:42,352 - Short Sell 73.00 shares at 271.3 on 2024-10-23 15:00:00+00:00
2024-11-11 21:28:42,352 - Buy to cover -511.00 shares at 270.75 on 2024-10-23 15:15:00+00:00 (Exit: Signal, Profit: 234.32999999999436, Duration: 105.0 minutes)
2024-11-11 21:28:42,352 - Short Sell 73.00 shares at 271.43 on 2024-10-23 15:30:00+00:00
2024-11-11 21:28:42,352 - Buy to cover -73.00 shares at 269.69 on 2024-10-23 18:00:00+00:00 (Exit: Profit_take, Profit: 127.02000000000066, Duration: 150.0 minutes)
2024-11-11 21:28:42,352 - Long Buy 73.00 shares at 269.65 on 2024-10-23 18:15:00+00:00
2024-11-11 21:28:42,352 - Long Buy 72.00 shares at 270.09 on 2024-10-23 18:30:00+00:00
2024-11-11 21:28:42,352 - Long Buy 71.00 shares at 269.97 on 2024-10-23 18:45:00+00:00
2024-11-11 21:28:42,352 - Long Buy 69.00 shares at 269.45 on 2024-10-23 19:00:00+00:00
2024-11-11 21:28:42,352 - Long Buy 68.00 shares at 269.6 on 2024-10-23 19:15:00+00:00
2024-11-11 21:28:42,352 - Long Buy 66.00 shares at 269.76 on 2024-10-23 19:30:00+00:00
2024-11-11 21:28:42,352 - Long Buy 65.00 shares at 270.03 on 2024-10-23 19:45:00+00:00
2024-11-11 21:28:42,352 - Sell to close 484.00 shares at 271.89 on 2024-10-24 14:00:00+00:00 (Exit: Profit_take, Profit: 1014.9999999999898, Duration: 1185.0 minutes)
2024-11-11 21:28:42,352 - Long Buy 73.00 shares at 270.15 on 2024-10-24 16:00:00+00:00
2024-11-11 21:28:42,352 - Sell to close 73.00 shares at 271.17 on 2024-10-24 16:45:00+00:00 (Exit: Signal, Profit: 74.46000000000282, Duration: 45.0 minutes)
2024-11-11 21:28:42,352 - Short Sell 73.00 shares at 271.21 on 2024-10-24 17:00:00+00:00
2024-11-11 21:28:42,353 - Short Sell 73.00 shares at 271.47 on 2024-10-24 17:15:00+00:00
2024-11-11 21:28:42,353 - Short Sell 73.00 shares at 271.76 on 2024-10-24 17:30:00+00:00
2024-11-11 21:28:42,353 - Short Sell 73.00 shares at 271.4 on 2024-10-24 17:45:00+00:00
2024-11-11 21:28:42,353 - Short Sell 73.00 shares at 271.63 on 2024-10-24 18:00:00+00:00
2024-11-11 21:28:42,353 - Short Sell 73.00 shares at 271.41 on 2024-10-24 18:15:00+00:00
2024-11-11 21:28:42,353 - Short Sell 73.00 shares at 271.28 on 2024-10-24 18:30:00+00:00
2024-11-11 21:28:42,353 - Short Sell 73.00 shares at 271.67 on 2024-10-24 18:45:00+00:00
2024-11-11 21:28:42,353 - Short Sell 73.00 shares at 271.67 on 2024-10-24 19:00:00+00:00
2024-11-11 21:28:42,353 - Short Sell 73.00 shares at 271.98 on 2024-10-24 19:15:00+00:00
2024-11-11 21:28:42,353 - Short Sell 73.00 shares at 272.12 on 2024-10-24 19:30:00+00:00
2024-11-11 21:28:42,353 - Buy to cover -803.00 shares at 270.19 on 2024-10-25 13:30:00+00:00 (Exit: Profit_take, Profit: 1132.2299999999746, Duration: 1230.0 minutes)
2024-11-11 21:28:42,353 - Long Buy 74.00 shares at 269.08 on 2024-10-25 14:45:00+00:00
2024-11-11 21:28:42,353 - Long Buy 72.00 shares at 269.01 on 2024-10-25 15:00:00+00:00
2024-11-11 21:28:42,353 - Long Buy 71.00 shares at 268.46 on 2024-10-25 15:15:00+00:00
2024-11-11 21:28:42,353 - Long Buy 70.00 shares at 268.4 on 2024-10-25 15:30:00+00:00
2024-11-11 21:28:42,353 - Long Buy 68.00 shares at 268.67 on 2024-10-25 15:45:00+00:00
2024-11-11 21:28:42,353 - Long Buy 67.00 shares at 268.44 on 2024-10-25 16:00:00+00:00
2024-11-11 21:28:42,353 - Long Buy 65.00 shares at 269.07 on 2024-10-25 16:15:00+00:00
2024-11-11 21:28:42,353 - Long Buy 64.00 shares at 268.99 on 2024-10-25 16:30:00+00:00
2024-11-11 21:28:42,353 - Long Buy 63.00 shares at 268.09 on 2024-10-25 16:45:00+00:00
2024-11-11 21:28:42,353 - Long Buy 62.00 shares at 267.69 on 2024-10-25 17:00:00+00:00
2024-11-11 21:28:42,353 - Long Buy 61.00 shares at 267.31 on 2024-10-25 17:15:00+00:00
2024-11-11 21:28:42,353 - Long Buy 60.00 shares at 266.39 on 2024-10-25 17:30:00+00:00
2024-11-11 21:28:42,353 - Long Buy 58.00 shares at 266.8 on 2024-10-25 17:45:00+00:00
2024-11-11 21:28:42,353 - Long Buy 57.00 shares at 266.72 on 2024-10-25 18:00:00+00:00
2024-11-11 21:28:42,353 - Long Buy 56.00 shares at 267.44 on 2024-10-25 18:15:00+00:00
2024-11-11 21:28:42,353 - Long Buy 55.00 shares at 267.47 on 2024-10-25 18:30:00+00:00
2024-11-11 21:28:42,353 - Long Buy 54.00 shares at 267.46 on 2024-10-25 18:45:00+00:00
2024-11-11 21:28:42,353 - Long Buy 53.00 shares at 266.89 on 2024-10-25 19:00:00+00:00
2024-11-11 21:28:42,353 - Long Buy 52.00 shares at 267.01 on 2024-10-25 19:15:00+00:00
2024-11-11 21:28:42,353 - Long Buy 51.00 shares at 266.8 on 2024-10-25 19:30:00+00:00
2024-11-11 21:28:42,354 - Sell to close 1233.00 shares at 270.84 on 2024-10-28 13:30:00+00:00 (Exit: Profit_take, Profit: 3636.4500000000035, Duration: 4245.0 minutes)
2024-11-11 21:28:42,354 - Short Sell 74.00 shares at 269.72 on 2024-10-28 13:45:00+00:00
2024-11-11 21:28:42,354 - Short Sell 74.00 shares at 269.54 on 2024-10-28 14:00:00+00:00
2024-11-11 21:28:42,354 - Short Sell 74.00 shares at 270.44 on 2024-10-28 14:15:00+00:00
2024-11-11 21:28:42,354 - Short Sell 74.00 shares at 269.46 on 2024-10-28 14:30:00+00:00
2024-11-11 21:28:42,354 - Short Sell 74.00 shares at 269.63 on 2024-10-28 14:45:00+00:00
2024-11-11 21:28:42,354 - Short Sell 74.00 shares at 269.88 on 2024-10-28 15:00:00+00:00
2024-11-11 21:28:42,354 - Short Sell 74.00 shares at 269.31 on 2024-10-28 15:15:00+00:00
2024-11-11 21:28:42,354 - Buy to cover -518.00 shares at 268.34 on 2024-10-28 15:45:00+00:00 (Exit: Profit_take, Profit: 710.4000000000269, Duration: 120.0 minutes)
2024-11-11 21:28:42,354 - Long Buy 74.00 shares at 268.06 on 2024-10-28 18:00:00+00:00
2024-11-11 21:28:42,354 - Long Buy 73.00 shares at 268.03 on 2024-10-28 18:15:00+00:00
2024-11-11 21:28:42,354 - Sell to close 147.00 shares at 262.31 on 2024-10-29 13:30:00+00:00 (Exit: Stop_loss, Profit: -843.0599999999941, Duration: 1170.0 minutes)
2024-11-11 21:28:42,354 - Short Sell 75.00 shares at 264.91 on 2024-10-30 13:45:00+00:00
2024-11-11 21:28:42,354 - Short Sell 75.00 shares at 264.84 on 2024-10-30 14:00:00+00:00
2024-11-11 21:28:42,354 - Short Sell 75.00 shares at 264.84 on 2024-10-30 14:15:00+00:00
2024-11-11 21:28:42,355 - Short Sell 75.00 shares at 264.5 on 2024-10-30 14:30:00+00:00
2024-11-11 21:28:42,355 - Short Sell 75.00 shares at 264.44 on 2024-10-30 14:45:00+00:00
2024-11-11 21:28:42,355 - Short Sell 76.00 shares at 263.97 on 2024-10-30 15:00:00+00:00
2024-11-11 21:28:42,355 - Short Sell 75.00 shares at 264.13 on 2024-10-30 15:30:00+00:00
2024-11-11 21:28:42,355 - Buy to cover -526.00 shares at 263.16 on 2024-10-30 16:15:00+00:00 (Exit: Profit_take, Profit: 714.059999999971, Duration: 150.0 minutes)
2024-11-11 21:28:42,355 - Long Buy 76.00 shares at 262.04 on 2024-10-30 17:30:00+00:00
2024-11-11 21:28:42,355 - Long Buy 75.00 shares at 262.02 on 2024-10-30 17:45:00+00:00
2024-11-11 21:28:42,355 - Long Buy 73.00 shares at 262.14 on 2024-10-30 18:15:00+00:00
2024-11-11 21:28:42,355 - Long Buy 72.00 shares at 261.88 on 2024-10-30 18:30:00+00:00
2024-11-11 21:28:42,355 - Long Buy 70.00 shares at 261.73 on 2024-10-30 18:45:00+00:00
2024-11-11 21:28:42,355 - Long Buy 69.00 shares at 261.35 on 2024-10-30 19:00:00+00:00
2024-11-11 21:28:42,355 - Long Buy 68.00 shares at 261.32 on 2024-10-30 19:15:00+00:00
2024-11-11 21:28:42,355 - Long Buy 66.00 shares at 261.49 on 2024-10-30 19:30:00+00:00
2024-11-11 21:28:42,355 - Long Buy 65.00 shares at 261.49 on 2024-10-30 19:45:00+00:00
2024-11-11 21:28:42,355 - Sell to close 634.00 shares at 262.3 on 2024-10-31 13:30:00+00:00 (Exit: Signal, Profit: 360.880000000011, Duration: 1200.0 minutes)
2024-11-11 21:28:42,355 - Short Sell 76.00 shares at 263.25 on 2024-10-31 13:45:00+00:00
2024-11-11 21:28:42,355 - Short Sell 76.00 shares at 262.42 on 2024-10-31 14:00:00+00:00
2024-11-11 21:28:42,355 - Short Sell 76.00 shares at 261.94 on 2024-10-31 14:15:00+00:00
2024-11-11 21:28:42,355 - Short Sell 76.00 shares at 262.04 on 2024-10-31 14:30:00+00:00
2024-11-11 21:28:42,355 - Short Sell 76.00 shares at 262.36 on 2024-10-31 17:00:00+00:00
2024-11-11 21:28:42,355 - Short Sell 76.00 shares at 262.33 on 2024-10-31 17:30:00+00:00
2024-11-11 21:28:42,355 - Short Sell 76.00 shares at 262.43 on 2024-10-31 17:45:00+00:00
2024-11-11 21:28:42,355 - Short Sell 76.00 shares at 262.4 on 2024-10-31 18:00:00+00:00
2024-11-11 21:28:42,356 - Short Sell 76.00 shares at 262.78 on 2024-10-31 18:15:00+00:00
2024-11-11 21:28:42,356 - Short Sell 76.00 shares at 262.69 on 2024-10-31 18:30:00+00:00
2024-11-11 21:28:42,356 - Short Sell 76.00 shares at 262.46 on 2024-10-31 18:45:00+00:00
2024-11-11 21:28:42,356 - Short Sell 76.00 shares at 262.92 on 2024-10-31 19:15:00+00:00
2024-11-11 21:28:42,356 - Short Sell 76.00 shares at 263.16 on 2024-10-31 19:30:00+00:00
2024-11-11 21:28:42,356 - Buy to cover -988.00 shares at 266.0 on 2024-11-01 13:30:00+00:00 (Exit: Stop_loss, Profit: -3406.3199999999997, Duration: 1425.0 minutes)
2024-11-11 21:28:42,356 - Long Buy 75.00 shares at 264.02 on 2024-11-04 14:30:00+00:00
2024-11-11 21:28:42,356 - Sell to close 75.00 shares at 267.24 on 2024-11-04 14:45:00+00:00 (Exit: Profit_take, Profit: 241.50000000000205, Duration: 15.0 minutes)
2024-11-11 21:28:42,356 - Short Sell 74.00 shares at 267.25 on 2024-11-04 15:15:00+00:00
2024-11-11 21:28:42,356 - Short Sell 75.00 shares at 266.98 on 2024-11-04 16:00:00+00:00
2024-11-11 21:28:42,356 - Buy to cover -149.00 shares at 265.19 on 2024-11-04 16:30:00+00:00 (Exit: Profit_take, Profit: 286.68999999999676, Duration: 75.0 minutes)
2024-11-11 21:28:42,356 - Long Buy 75.00 shares at 265.18 on 2024-11-04 16:45:00+00:00
2024-11-11 21:28:42,356 - Long Buy 74.00 shares at 264.9 on 2024-11-04 17:00:00+00:00
2024-11-11 21:28:42,356 - Long Buy 72.00 shares at 265.21 on 2024-11-04 18:45:00+00:00
2024-11-11 21:28:42,356 - Long Buy 71.00 shares at 265.19 on 2024-11-04 19:00:00+00:00
2024-11-11 21:28:42,356 - Long Buy 69.00 shares at 265.08 on 2024-11-04 19:15:00+00:00
2024-11-11 21:28:42,356 - Long Buy 68.00 shares at 265.11 on 2024-11-04 19:45:00+00:00
2024-11-11 21:28:42,356 - Long Buy 67.00 shares at 264.91 on 2024-11-04 20:00:00+00:00
2024-11-11 21:28:42,356 - Long Buy 65.00 shares at 265.0 on 2024-11-04 20:15:00+00:00
2024-11-11 21:28:42,357 - Long Buy 64.00 shares at 265.15 on 2024-11-04 20:30:00+00:00
2024-11-11 21:28:42,357 - Long Buy 63.00 shares at 265.13 on 2024-11-04 20:45:00+00:00
2024-11-11 21:28:42,357 - Sell to close 688.00 shares at 266.86 on 2024-11-05 14:30:00+00:00 (Exit: Profit_take, Profit: 1220.2100000000119, Duration: 1305.0 minutes)
2024-11-11 21:28:42,357 - Short Sell 74.00 shares at 267.69 on 2024-11-05 15:00:00+00:00
2024-11-11 21:28:42,357 - Short Sell 75.00 shares at 267.35 on 2024-11-05 15:15:00+00:00
2024-11-11 21:28:42,357 - Short Sell 74.00 shares at 267.53 on 2024-11-05 15:30:00+00:00
2024-11-11 21:28:42,357 - Short Sell 75.00 shares at 267.03 on 2024-11-05 16:00:00+00:00
2024-11-11 21:28:42,357 - Short Sell 75.00 shares at 267.21 on 2024-11-05 16:30:00+00:00
2024-11-11 21:28:42,357 - Short Sell 75.00 shares at 267.24 on 2024-11-05 16:45:00+00:00
2024-11-11 21:28:42,357 - Short Sell 75.00 shares at 266.99 on 2024-11-05 17:00:00+00:00
2024-11-11 21:28:42,357 - Short Sell 75.00 shares at 267.26 on 2024-11-05 17:15:00+00:00
2024-11-11 21:28:42,357 - Short Sell 74.00 shares at 267.75 on 2024-11-05 17:30:00+00:00
2024-11-11 21:28:42,357 - Short Sell 74.00 shares at 267.75 on 2024-11-05 17:45:00+00:00
2024-11-11 21:28:42,357 - Short Sell 74.00 shares at 267.8 on 2024-11-05 18:00:00+00:00
2024-11-11 21:28:42,357 - Short Sell 74.00 shares at 267.8 on 2024-11-05 18:15:00+00:00
2024-11-11 21:28:42,357 - Short Sell 74.00 shares at 267.98 on 2024-11-05 18:30:00+00:00
2024-11-11 21:28:42,357 - Short Sell 74.00 shares at 267.91 on 2024-11-05 18:45:00+00:00
2024-11-11 21:28:42,357 - Short Sell 74.00 shares at 268.05 on 2024-11-05 19:00:00+00:00
2024-11-11 21:28:42,357 - Short Sell 74.00 shares at 268.04 on 2024-11-05 19:15:00+00:00
2024-11-11 21:28:42,357 - Short Sell 74.00 shares at 268.31 on 2024-11-05 19:30:00+00:00
2024-11-11 21:28:42,357 - Short Sell 74.00 shares at 268.03 on 2024-11-05 19:45:00+00:00
2024-11-11 21:28:42,357 - Short Sell 74.00 shares at 268.44 on 2024-11-05 20:00:00+00:00
2024-11-11 21:28:42,357 - Short Sell 74.00 shares at 268.39 on 2024-11-05 20:15:00+00:00
2024-11-11 21:28:42,357 - Short Sell 74.00 shares at 268.49 on 2024-11-05 20:30:00+00:00
2024-11-11 21:28:42,357 - Short Sell 74.00 shares at 269.24 on 2024-11-05 20:45:00+00:00
2024-11-11 21:28:42,357 - Buy to cover -1634.00 shares at 260.67 on 2024-11-06 14:30:00+00:00 (Exit: Profit_take, Profit: 11697.020000000044, Duration: 1410.0 minutes)
2024-11-11 21:28:42,357 - Long Buy 77.00 shares at 261.14 on 2024-11-06 14:45:00+00:00
2024-11-11 21:28:42,357 - Long Buy 76.00 shares at 260.4 on 2024-11-06 15:00:00+00:00
2024-11-11 21:28:42,357 - Long Buy 74.00 shares at 260.46 on 2024-11-06 15:15:00+00:00
2024-11-11 21:28:42,357 - Long Buy 73.00 shares at 258.68 on 2024-11-06 15:30:00+00:00
2024-11-11 21:28:42,358 - Sell to close 300.00 shares at 257.55 on 2024-11-06 15:45:00+00:00 (Exit: Stop_loss, Profit: -790.8599999999751, Duration: 60.0 minutes)
2024-11-11 21:28:42,358 - Short Sell 76.00 shares at 264.77 on 2024-11-07 14:30:00+00:00
2024-11-11 21:28:42,358 - Short Sell 76.00 shares at 265.99 on 2024-11-07 14:45:00+00:00
2024-11-11 21:28:42,358 - Short Sell 76.00 shares at 265.49 on 2024-11-07 15:00:00+00:00
2024-11-11 21:28:42,358 - Short Sell 76.00 shares at 266.28 on 2024-11-07 15:15:00+00:00
2024-11-11 21:28:42,358 - Short Sell 76.00 shares at 266.66 on 2024-11-07 15:30:00+00:00
2024-11-11 21:28:42,358 - Short Sell 76.00 shares at 265.26 on 2024-11-07 15:45:00+00:00
2024-11-11 21:28:42,358 - Short Sell 76.00 shares at 264.61 on 2024-11-07 16:00:00+00:00
2024-11-11 21:28:42,358 - Buy to cover -532.00 shares at 264.19 on 2024-11-07 16:15:00+00:00 (Exit: Profit_take, Profit: 739.4799999999927, Duration: 105.0 minutes)
2024-11-11 21:28:42,358 - Short Sell 76.00 shares at 264.41 on 2024-11-07 16:30:00+00:00
2024-11-11 21:28:42,358 - Short Sell 76.00 shares at 264.17 on 2024-11-07 16:45:00+00:00
2024-11-11 21:28:42,358 - Short Sell 76.00 shares at 265.13 on 2024-11-07 17:00:00+00:00
2024-11-11 21:28:42,358 - Short Sell 76.00 shares at 264.96 on 2024-11-07 17:15:00+00:00
2024-11-11 21:28:42,358 - Short Sell 76.00 shares at 264.98 on 2024-11-07 17:30:00+00:00
2024-11-11 21:28:42,358 - Short Sell 76.00 shares at 264.95 on 2024-11-07 17:45:00+00:00
2024-11-11 21:28:42,358 - Short Sell 76.00 shares at 264.97 on 2024-11-07 18:00:00+00:00
2024-11-11 21:28:42,358 - Short Sell 76.00 shares at 265.01 on 2024-11-07 18:15:00+00:00
2024-11-11 21:28:42,358 - Short Sell 76.00 shares at 264.99 on 2024-11-07 18:30:00+00:00
2024-11-11 21:28:42,358 - Short Sell 76.00 shares at 264.78 on 2024-11-07 18:45:00+00:00
2024-11-11 21:28:42,358 - Short Sell 76.00 shares at 264.0 on 2024-11-07 19:00:00+00:00
2024-11-11 21:28:42,358 - Short Sell 76.00 shares at 264.42 on 2024-11-07 19:15:00+00:00
2024-11-11 21:28:42,358 - Short Sell 76.00 shares at 264.84 on 2024-11-07 19:30:00+00:00
2024-11-11 21:28:42,358 - Short Sell 76.00 shares at 265.64 on 2024-11-07 19:45:00+00:00
2024-11-11 21:28:42,358 - Short Sell 76.00 shares at 266.28 on 2024-11-07 20:00:00+00:00
2024-11-11 21:28:42,358 - Short Sell 76.00 shares at 266.17 on 2024-11-07 20:15:00+00:00
2024-11-11 21:28:42,358 - Short Sell 76.00 shares at 266.46 on 2024-11-07 20:30:00+00:00
2024-11-11 21:28:42,358 - Short Sell 76.00 shares at 266.31 on 2024-11-07 20:45:00+00:00
2024-11-11 21:28:42,359 - Buy to cover -1368.00 shares at 269.06 on 2024-11-08 14:30:00+00:00 (Exit: Stop_loss, Profit: -5366.359999999889, Duration: 1320.0 minutes)
2024-11-11 21:28:42,360 - Final statisticsStock: LOW, 
total_trades: 28, 
winning_trades: 19, 
losing_trades: 9, 
average_return: 0.0013229436350711288, 
average_duration: 822.3214285714286, 
final_balance: 1009023.7399999991, 
final_portfolio_value: 1009023.7399999991, 
sharpe_ratio: 4.414686507953324, 



