2024-11-11 21:55:24,736 - Starting GBMStrategy with initial capital: 1000000
2024-11-11 21:55:24,736 - Hyperparameters: {'threshold': 1.5, 'time_periods': 30, 'num_simulations': 150}
2024-11-11 21:56:46,726 - Long Buy 211.00 shares at 94.7 on 2024-10-11 14:30:00+00:00
2024-11-11 21:56:46,727 - Long Buy 207.00 shares at 94.65 on 2024-10-11 14:45:00+00:00
2024-11-11 21:56:46,727 - Long Buy 203.00 shares at 94.49 on 2024-10-11 15:15:00+00:00
2024-11-11 21:56:46,727 - Long Buy 199.00 shares at 94.53 on 2024-10-11 15:30:00+00:00
2024-11-11 21:56:46,727 - Long Buy 195.00 shares at 94.34 on 2024-10-11 15:45:00+00:00
2024-11-11 21:56:46,727 - Long Buy 192.00 shares at 94.15 on 2024-10-11 16:00:00+00:00
2024-11-11 21:56:46,727 - Long Buy 187.00 shares at 94.32 on 2024-10-11 16:15:00+00:00
2024-11-11 21:56:46,727 - Long Buy 184.00 shares at 94.18 on 2024-10-11 16:30:00+00:00
2024-11-11 21:56:46,727 - Long Buy 180.00 shares at 94.25 on 2024-10-11 16:45:00+00:00
2024-11-11 21:56:46,727 - Long Buy 176.00 shares at 94.25 on 2024-10-11 17:00:00+00:00
2024-11-11 21:56:46,727 - Long Buy 173.00 shares at 94.3 on 2024-10-11 17:15:00+00:00
2024-11-11 21:56:46,727 - Long Buy 169.00 shares at 94.27 on 2024-10-11 17:30:00+00:00
2024-11-11 21:56:46,727 - Long Buy 166.00 shares at 94.2 on 2024-10-11 17:45:00+00:00
2024-11-11 21:56:46,727 - Long Buy 163.00 shares at 94.04 on 2024-10-11 18:00:00+00:00
2024-11-11 21:56:46,727 - Long Buy 160.00 shares at 93.99 on 2024-10-11 18:15:00+00:00
2024-11-11 21:56:46,727 - Long Buy 157.00 shares at 94.0 on 2024-10-11 18:30:00+00:00
2024-11-11 21:56:46,727 - Long Buy 154.00 shares at 94.08 on 2024-10-11 18:45:00+00:00
2024-11-11 21:56:46,727 - Long Buy 150.00 shares at 94.12 on 2024-10-11 19:00:00+00:00
2024-11-11 21:56:46,728 - Long Buy 147.00 shares at 94.04 on 2024-10-11 19:15:00+00:00
2024-11-11 21:56:46,728 - Long Buy 145.00 shares at 94.05 on 2024-10-11 19:30:00+00:00
2024-11-11 21:56:46,728 - Sell to close 3518.00 shares at 93.8 on 2024-10-11 19:45:00+00:00 (Exit: Stop_loss, Profit: -1646.950000000052, Duration: 315.0 minutes)
2024-11-11 21:56:46,728 - Long Buy 213.00 shares at 93.56 on 2024-10-14 13:30:00+00:00
2024-11-11 21:56:46,728 - Long Buy 209.00 shares at 93.47 on 2024-10-14 13:45:00+00:00
2024-11-11 21:56:46,728 - Long Buy 204.00 shares at 93.62 on 2024-10-14 14:00:00+00:00
2024-11-11 21:56:46,728 - Long Buy 201.00 shares at 93.15 on 2024-10-14 14:15:00+00:00
2024-11-11 21:56:46,728 - Long Buy 197.00 shares at 93.44 on 2024-10-14 14:30:00+00:00
2024-11-11 21:56:46,728 - Long Buy 193.00 shares at 93.34 on 2024-10-14 14:45:00+00:00
2024-11-11 21:56:46,728 - Long Buy 189.00 shares at 93.31 on 2024-10-14 15:00:00+00:00
2024-11-11 21:56:46,728 - Long Buy 185.00 shares at 93.31 on 2024-10-14 15:15:00+00:00
2024-11-11 21:56:46,728 - Sell to close 1591.00 shares at 93.36 on 2024-10-14 15:30:00+00:00 (Exit: Signal, Profit: -69.61999999996625, Duration: 120.0 minutes)
2024-11-11 21:56:46,728 - Long Buy 214.00 shares at 93.14 on 2024-10-14 15:45:00+00:00
2024-11-11 21:56:46,728 - Long Buy 210.00 shares at 93.12 on 2024-10-14 16:00:00+00:00
2024-11-11 21:56:46,729 - Long Buy 206.00 shares at 93.03 on 2024-10-14 16:15:00+00:00
2024-11-11 21:56:46,729 - Long Buy 202.00 shares at 93.02 on 2024-10-14 16:30:00+00:00
2024-11-11 21:56:46,729 - Long Buy 197.00 shares at 93.07 on 2024-10-14 16:45:00+00:00
2024-11-11 21:56:46,729 - Long Buy 194.00 shares at 93.04 on 2024-10-14 17:00:00+00:00
2024-11-11 21:56:46,729 - Long Buy 189.00 shares at 93.11 on 2024-10-14 17:15:00+00:00
2024-11-11 21:56:46,729 - Long Buy 186.00 shares at 93.0 on 2024-10-14 17:45:00+00:00
2024-11-11 21:56:46,729 - Long Buy 182.00 shares at 93.09 on 2024-10-14 18:45:00+00:00
2024-11-11 21:56:46,729 - Long Buy 179.00 shares at 93.01 on 2024-10-14 19:00:00+00:00
2024-11-11 21:56:46,729 - Sell to close 1959.00 shares at 92.45 on 2024-10-15 13:30:00+00:00 (Exit: Stop_loss, Profit: -1203.340000000005, Duration: 1305.0 minutes)
2024-11-11 21:56:46,729 - Long Buy 216.00 shares at 92.3 on 2024-10-16 14:30:00+00:00
2024-11-11 21:56:46,729 - Long Buy 212.00 shares at 92.17 on 2024-10-16 15:00:00+00:00
2024-11-11 21:56:46,729 - Long Buy 207.00 shares at 92.16 on 2024-10-16 15:15:00+00:00
2024-11-11 21:56:46,729 - Long Buy 203.00 shares at 92.24 on 2024-10-16 15:30:00+00:00
2024-11-11 21:56:46,729 - Long Buy 199.00 shares at 92.0 on 2024-10-16 15:45:00+00:00
2024-11-11 21:56:46,729 - Long Buy 196.00 shares at 91.98 on 2024-10-16 16:00:00+00:00
2024-11-11 21:56:46,729 - Long Buy 192.00 shares at 91.94 on 2024-10-16 16:15:00+00:00
2024-11-11 21:56:46,729 - Long Buy 188.00 shares at 91.95 on 2024-10-16 16:30:00+00:00
2024-11-11 21:56:46,729 - Long Buy 184.00 shares at 91.87 on 2024-10-16 16:45:00+00:00
2024-11-11 21:56:46,729 - Long Buy 180.00 shares at 92.06 on 2024-10-16 17:00:00+00:00
2024-11-11 21:56:46,730 - Long Buy 177.00 shares at 92.03 on 2024-10-16 17:15:00+00:00
2024-11-11 21:56:46,730 - Sell to close 2154.00 shares at 92.15 on 2024-10-16 17:30:00+00:00 (Exit: Signal, Profit: 173.0700000000439, Duration: 180.0 minutes)
2024-11-11 21:56:46,730 - Short Sell 216.00 shares at 92.1 on 2024-10-16 17:45:00+00:00
2024-11-11 21:56:46,730 - Short Sell 216.00 shares at 92.12 on 2024-10-16 18:00:00+00:00
2024-11-11 21:56:46,730 - Buy to cover -432.00 shares at 91.93 on 2024-10-16 18:15:00+00:00 (Exit: Signal, Profit: 77.76000000000295, Duration: 30.0 minutes)
2024-11-11 21:56:46,730 - Long Buy 217.00 shares at 91.81 on 2024-10-16 18:30:00+00:00
2024-11-11 21:56:46,730 - Long Buy 213.00 shares at 91.76 on 2024-10-16 18:45:00+00:00
2024-11-11 21:56:46,730 - Long Buy 208.00 shares at 91.7 on 2024-10-16 19:00:00+00:00
2024-11-11 21:56:46,730 - Long Buy 204.00 shares at 91.76 on 2024-10-16 19:15:00+00:00
2024-11-11 21:56:46,730 - Long Buy 200.00 shares at 91.79 on 2024-10-16 19:30:00+00:00
2024-11-11 21:56:46,730 - Long Buy 196.00 shares at 91.66 on 2024-10-17 14:15:00+00:00
2024-11-11 21:56:46,730 - Long Buy 193.00 shares at 91.58 on 2024-10-17 14:30:00+00:00
2024-11-11 21:56:46,730 - Long Buy 189.00 shares at 91.51 on 2024-10-17 14:45:00+00:00
2024-11-11 21:56:46,730 - Long Buy 185.00 shares at 91.35 on 2024-10-17 15:00:00+00:00
2024-11-11 21:56:46,730 - Long Buy 182.00 shares at 91.23 on 2024-10-17 15:15:00+00:00
2024-11-11 21:56:46,730 - Long Buy 178.00 shares at 91.41 on 2024-10-17 15:30:00+00:00
2024-11-11 21:56:46,730 - Sell to close 2165.00 shares at 91.19 on 2024-10-17 15:45:00+00:00 (Exit: Stop_loss, Profit: -902.2199999999676, Duration: 1275.0 minutes)
2024-11-11 21:56:46,730 - Short Sell 217.00 shares at 91.73 on 2024-10-18 13:30:00+00:00
2024-11-11 21:56:46,730 - Buy to cover -217.00 shares at 90.95 on 2024-10-18 14:00:00+00:00 (Exit: Profit_take, Profit: 169.26000000000025, Duration: 30.0 minutes)
2024-11-11 21:56:46,730 - Long Buy 219.00 shares at 90.83 on 2024-10-18 14:15:00+00:00
2024-11-11 21:56:46,730 - Long Buy 214.00 shares at 90.93 on 2024-10-18 14:30:00+00:00
2024-11-11 21:56:46,731 - Long Buy 210.00 shares at 90.98 on 2024-10-18 14:45:00+00:00
2024-11-11 21:56:46,731 - Sell to close 643.00 shares at 91.4 on 2024-10-18 15:30:00+00:00 (Exit: Profit_take, Profit: 313.61000000000695, Duration: 75.0 minutes)
2024-11-11 21:56:46,731 - Short Sell 218.00 shares at 91.42 on 2024-10-18 16:00:00+00:00
2024-11-11 21:56:46,731 - Short Sell 217.00 shares at 91.56 on 2024-10-18 16:15:00+00:00
2024-11-11 21:56:46,731 - Short Sell 218.00 shares at 91.4 on 2024-10-18 16:30:00+00:00
2024-11-11 21:56:46,731 - Short Sell 217.00 shares at 91.61 on 2024-10-18 17:00:00+00:00
2024-11-11 21:56:46,731 - Short Sell 217.00 shares at 91.51 on 2024-10-18 17:15:00+00:00
2024-11-11 21:56:46,731 - Short Sell 217.00 shares at 91.55 on 2024-10-18 17:30:00+00:00
2024-11-11 21:56:46,731 - Short Sell 218.00 shares at 91.46 on 2024-10-18 17:45:00+00:00
2024-11-11 21:56:46,731 - Short Sell 217.00 shares at 91.71 on 2024-10-18 18:00:00+00:00
2024-11-11 21:56:46,731 - Short Sell 217.00 shares at 91.61 on 2024-10-18 18:15:00+00:00
2024-11-11 21:56:46,731 - Short Sell 217.00 shares at 91.48 on 2024-10-18 18:30:00+00:00
2024-11-11 21:56:46,731 - Short Sell 217.00 shares at 91.55 on 2024-10-18 18:45:00+00:00
2024-11-11 21:56:46,731 - Short Sell 217.00 shares at 91.48 on 2024-10-18 19:00:00+00:00
2024-11-11 21:56:46,731 - Short Sell 217.00 shares at 91.51 on 2024-10-18 19:15:00+00:00
2024-11-11 21:56:46,731 - Short Sell 217.00 shares at 91.55 on 2024-10-18 19:30:00+00:00
2024-11-11 21:56:46,731 - Buy to cover -3041.00 shares at 91.39 on 2024-10-21 13:30:00+00:00 (Exit: Signal, Profit: 421.090000000005, Duration: 4170.0 minutes)
2024-11-11 21:56:46,731 - Long Buy 219.00 shares at 90.99 on 2024-10-21 13:45:00+00:00
2024-11-11 21:56:46,731 - Long Buy 215.00 shares at 90.74 on 2024-10-21 14:00:00+00:00
2024-11-11 21:56:46,731 - Long Buy 211.00 shares at 90.42 on 2024-10-21 14:15:00+00:00
2024-11-11 21:56:46,731 - Long Buy 207.00 shares at 90.49 on 2024-10-21 14:30:00+00:00
2024-11-11 21:56:46,731 - Long Buy 203.00 shares at 90.27 on 2024-10-21 14:45:00+00:00
2024-11-11 21:56:46,731 - Long Buy 200.00 shares at 90.13 on 2024-10-21 15:00:00+00:00
2024-11-11 21:56:46,731 - Sell to close 1255.00 shares at 90.08 on 2024-10-21 15:15:00+00:00 (Exit: Stop_loss, Profit: -546.3699999999848, Duration: 90.0 minutes)
2024-11-11 21:56:46,732 - Long Buy 224.00 shares at 88.87 on 2024-10-22 13:30:00+00:00
2024-11-11 21:56:46,732 - Long Buy 219.00 shares at 89.07 on 2024-10-22 13:45:00+00:00
2024-11-11 21:56:46,732 - Long Buy 215.00 shares at 88.98 on 2024-10-22 14:00:00+00:00
2024-11-11 21:56:46,732 - Long Buy 211.00 shares at 88.71 on 2024-10-22 14:15:00+00:00
2024-11-11 21:56:46,732 - Long Buy 207.00 shares at 88.83 on 2024-10-22 14:30:00+00:00
2024-11-11 21:56:46,732 - Long Buy 202.00 shares at 88.91 on 2024-10-22 14:45:00+00:00
2024-11-11 21:56:46,732 - Long Buy 198.00 shares at 88.88 on 2024-10-22 15:00:00+00:00
2024-11-11 21:56:46,732 - Sell to close 1476.00 shares at 89.25 on 2024-10-22 16:15:00+00:00 (Exit: Signal, Profit: 525.4100000000116, Duration: 165.0 minutes)
2024-11-11 21:56:46,732 - Short Sell 223.00 shares at 89.37 on 2024-10-22 16:30:00+00:00
2024-11-11 21:56:46,732 - Short Sell 223.00 shares at 89.28 on 2024-10-22 16:45:00+00:00
2024-11-11 21:56:46,732 - Short Sell 223.00 shares at 89.34 on 2024-10-22 17:30:00+00:00
2024-11-11 21:56:46,732 - Short Sell 223.00 shares at 89.39 on 2024-10-22 17:45:00+00:00
2024-11-11 21:56:46,732 - Short Sell 223.00 shares at 89.42 on 2024-10-22 18:00:00+00:00
2024-11-11 21:56:46,732 - Short Sell 223.00 shares at 89.42 on 2024-10-22 18:15:00+00:00
2024-11-11 21:56:46,732 - Short Sell 223.00 shares at 89.34 on 2024-10-22 18:30:00+00:00
2024-11-11 21:56:46,732 - Short Sell 223.00 shares at 89.32 on 2024-10-22 18:45:00+00:00
2024-11-11 21:56:46,732 - Short Sell 223.00 shares at 89.41 on 2024-10-22 19:00:00+00:00
2024-11-11 21:56:46,732 - Short Sell 222.00 shares at 89.45 on 2024-10-22 19:15:00+00:00
2024-11-11 21:56:46,732 - Short Sell 222.00 shares at 89.52 on 2024-10-22 19:30:00+00:00
2024-11-11 21:56:46,732 - Short Sell 222.00 shares at 89.51 on 2024-10-22 19:45:00+00:00
2024-11-11 21:56:46,732 - Buy to cover -2673.00 shares at 88.94 on 2024-10-23 13:30:00+00:00 (Exit: Profit_take, Profit: 1222.6099999999817, Duration: 1260.0 minutes)
2024-11-11 21:56:46,732 - Long Buy 224.00 shares at 88.77 on 2024-10-23 14:00:00+00:00
2024-11-11 21:56:46,732 - Long Buy 220.00 shares at 88.72 on 2024-10-23 15:00:00+00:00
2024-11-11 21:56:46,732 - Long Buy 216.00 shares at 88.56 on 2024-10-23 15:15:00+00:00
2024-11-11 21:56:46,732 - Sell to close 660.00 shares at 88.99 on 2024-10-23 15:45:00+00:00 (Exit: Signal, Profit: 201.55999999998926, Duration: 105.0 minutes)
2024-11-11 21:56:46,733 - Long Buy 225.00 shares at 88.73 on 2024-10-23 16:30:00+00:00
2024-11-11 21:56:46,733 - Long Buy 220.00 shares at 88.7 on 2024-10-23 16:45:00+00:00
2024-11-11 21:56:46,733 - Long Buy 216.00 shares at 88.59 on 2024-10-23 17:00:00+00:00
2024-11-11 21:56:46,733 - Long Buy 212.00 shares at 88.5 on 2024-10-23 17:15:00+00:00
2024-11-11 21:56:46,733 - Long Buy 208.00 shares at 88.58 on 2024-10-23 17:30:00+00:00
2024-11-11 21:56:46,733 - Long Buy 204.00 shares at 88.5 on 2024-10-23 17:45:00+00:00
2024-11-11 21:56:46,733 - Long Buy 200.00 shares at 88.25 on 2024-10-23 18:00:00+00:00
2024-11-11 21:56:46,733 - Long Buy 196.00 shares at 88.34 on 2024-10-23 18:15:00+00:00
2024-11-11 21:56:46,733 - Long Buy 192.00 shares at 88.46 on 2024-10-23 18:30:00+00:00
2024-11-11 21:56:46,733 - Long Buy 188.00 shares at 88.45 on 2024-10-23 18:45:00+00:00
2024-11-11 21:56:46,733 - Long Buy 184.00 shares at 88.57 on 2024-10-23 19:00:00+00:00
2024-11-11 21:56:46,733 - Long Buy 180.00 shares at 88.55 on 2024-10-24 13:30:00+00:00
2024-11-11 21:56:46,733 - Long Buy 177.00 shares at 88.4 on 2024-10-24 13:45:00+00:00
2024-11-11 21:56:46,733 - Long Buy 174.00 shares at 88.28 on 2024-10-24 14:00:00+00:00
2024-11-11 21:56:46,733 - Long Buy 170.00 shares at 88.48 on 2024-10-24 14:15:00+00:00
2024-11-11 21:56:46,733 - Long Buy 167.00 shares at 88.18 on 2024-10-24 14:30:00+00:00
2024-11-11 21:56:46,733 - Long Buy 163.00 shares at 88.3 on 2024-10-24 14:45:00+00:00
2024-11-11 21:56:46,733 - Long Buy 160.00 shares at 88.38 on 2024-10-24 15:00:00+00:00
2024-11-11 21:56:46,733 - Long Buy 157.00 shares at 88.19 on 2024-10-24 15:15:00+00:00
2024-11-11 21:56:46,733 - Long Buy 154.00 shares at 88.12 on 2024-10-24 15:30:00+00:00
2024-11-11 21:56:46,733 - Long Buy 151.00 shares at 88.07 on 2024-10-24 15:45:00+00:00
2024-11-11 21:56:46,733 - Sell to close 3898.00 shares at 87.87 on 2024-10-24 16:00:00+00:00 (Exit: Stop_loss, Profit: -2174.27000000007, Duration: 1410.0 minutes)
2024-11-11 21:56:46,733 - Short Sell 225.00 shares at 88.36 on 2024-10-25 13:30:00+00:00
2024-11-11 21:56:46,733 - Short Sell 225.00 shares at 88.4 on 2024-10-25 14:00:00+00:00
2024-11-11 21:56:46,733 - Short Sell 225.00 shares at 88.44 on 2024-10-25 14:15:00+00:00
2024-11-11 21:56:46,734 - Short Sell 225.00 shares at 88.39 on 2024-10-25 14:30:00+00:00
2024-11-11 21:56:46,734 - Short Sell 225.00 shares at 88.29 on 2024-10-25 14:45:00+00:00
2024-11-11 21:56:46,734 - Short Sell 225.00 shares at 88.42 on 2024-10-25 15:00:00+00:00
2024-11-11 21:56:46,734 - Buy to cover -1350.00 shares at 87.78 on 2024-10-25 16:00:00+00:00 (Exit: Profit_take, Profit: 814.5000000000074, Duration: 150.0 minutes)
2024-11-11 21:56:46,734 - Short Sell 226.00 shares at 87.98 on 2024-10-25 17:00:00+00:00
2024-11-11 21:56:46,734 - Buy to cover -226.00 shares at 87.9 on 2024-10-25 17:15:00+00:00 (Exit: Signal, Profit: 18.079999999999615, Duration: 15.0 minutes)
2024-11-11 21:56:46,734 - Long Buy 227.00 shares at 87.68 on 2024-10-25 17:30:00+00:00
2024-11-11 21:56:46,734 - Long Buy 222.00 shares at 87.76 on 2024-10-25 17:45:00+00:00
2024-11-11 21:56:46,734 - Long Buy 218.00 shares at 87.62 on 2024-10-25 18:00:00+00:00
2024-11-11 21:56:46,734 - Long Buy 213.00 shares at 87.75 on 2024-10-25 18:15:00+00:00
2024-11-11 21:56:46,734 - Long Buy 209.00 shares at 87.77 on 2024-10-25 18:30:00+00:00
2024-11-11 21:56:46,734 - Long Buy 205.00 shares at 87.72 on 2024-10-25 19:00:00+00:00
2024-11-11 21:56:46,734 - Long Buy 201.00 shares at 87.64 on 2024-10-25 19:15:00+00:00
2024-11-11 21:56:46,734 - Long Buy 197.00 shares at 87.62 on 2024-10-25 19:30:00+00:00
2024-11-11 21:56:46,734 - Long Buy 194.00 shares at 87.48 on 2024-10-25 19:45:00+00:00
2024-11-11 21:56:46,734 - Long Buy 190.00 shares at 87.23 on 2024-10-28 13:30:00+00:00
2024-11-11 21:56:46,734 - Long Buy 186.00 shares at 87.23 on 2024-10-28 13:45:00+00:00
2024-11-11 21:56:46,734 - Long Buy 183.00 shares at 87.16 on 2024-10-28 14:00:00+00:00
2024-11-11 21:56:46,734 - Long Buy 178.00 shares at 87.53 on 2024-10-28 14:15:00+00:00
2024-11-11 21:56:46,734 - Long Buy 175.00 shares at 87.45 on 2024-10-28 14:30:00+00:00
2024-11-11 21:56:46,734 - Long Buy 172.00 shares at 87.47 on 2024-10-28 14:45:00+00:00
2024-11-11 21:56:46,734 - Long Buy 168.00 shares at 87.52 on 2024-10-28 15:00:00+00:00
2024-11-11 21:56:46,734 - Long Buy 165.00 shares at 87.39 on 2024-10-28 15:15:00+00:00
2024-11-11 21:56:46,734 - Long Buy 162.00 shares at 87.26 on 2024-10-28 15:30:00+00:00
2024-11-11 21:56:46,734 - Long Buy 159.00 shares at 87.22 on 2024-10-28 15:45:00+00:00
2024-11-11 21:56:46,734 - Long Buy 155.00 shares at 87.37 on 2024-10-28 16:00:00+00:00
2024-11-11 21:56:46,734 - Long Buy 152.00 shares at 87.42 on 2024-10-28 16:15:00+00:00
2024-11-11 21:56:46,734 - Long Buy 149.00 shares at 87.47 on 2024-10-28 16:30:00+00:00
2024-11-11 21:56:46,734 - Long Buy 146.00 shares at 87.35 on 2024-10-28 16:45:00+00:00
2024-11-11 21:56:46,735 - Long Buy 143.00 shares at 87.31 on 2024-10-28 17:00:00+00:00
2024-11-11 21:56:46,735 - Long Buy 140.00 shares at 87.37 on 2024-10-28 17:15:00+00:00
2024-11-11 21:56:46,735 - Long Buy 137.00 shares at 87.42 on 2024-10-28 17:30:00+00:00
2024-11-11 21:56:46,735 - Long Buy 135.00 shares at 87.34 on 2024-10-28 17:45:00+00:00
2024-11-11 21:56:46,735 - Sell to close 4781.00 shares at 87.35 on 2024-10-28 18:00:00+00:00 (Exit: Signal, Profit: -637.4600000000006, Duration: 4350.0 minutes)
2024-11-11 21:56:46,735 - Short Sell 228.00 shares at 87.41 on 2024-10-28 18:15:00+00:00
2024-11-11 21:56:46,735 - Short Sell 227.00 shares at 87.47 on 2024-10-28 18:45:00+00:00
2024-11-11 21:56:46,735 - Short Sell 227.00 shares at 87.53 on 2024-10-28 19:00:00+00:00
2024-11-11 21:56:46,735 - Short Sell 227.00 shares at 87.66 on 2024-10-28 19:15:00+00:00
2024-11-11 21:56:46,735 - Short Sell 226.00 shares at 87.8 on 2024-10-28 19:30:00+00:00
2024-11-11 21:56:46,735 - Short Sell 227.00 shares at 87.73 on 2024-10-28 19:45:00+00:00
2024-11-11 21:56:46,735 - Buy to cover -1362.00 shares at 87.18 on 2024-10-29 13:45:00+00:00 (Exit: Signal, Profit: 571.6499999999887, Duration: 1170.0 minutes)
2024-11-11 21:56:46,735 - Short Sell 228.00 shares at 87.48 on 2024-10-29 14:30:00+00:00
2024-11-11 21:56:46,735 - Buy to cover -228.00 shares at 87.16 on 2024-10-29 15:15:00+00:00 (Exit: Signal, Profit: 72.96000000000168, Duration: 45.0 minutes)
2024-11-11 21:56:46,735 - Long Buy 229.00 shares at 86.99 on 2024-10-29 15:45:00+00:00
2024-11-11 21:56:46,735 - Long Buy 224.00 shares at 87.06 on 2024-10-29 16:00:00+00:00
2024-11-11 21:56:46,735 - Long Buy 219.00 shares at 87.1 on 2024-10-29 16:45:00+00:00
2024-11-11 21:56:46,735 - Long Buy 215.00 shares at 87.12 on 2024-10-29 17:00:00+00:00
2024-11-11 21:56:46,735 - Long Buy 211.00 shares at 87.11 on 2024-10-29 17:15:00+00:00
2024-11-11 21:56:46,735 - Long Buy 207.00 shares at 87.0 on 2024-10-29 17:30:00+00:00
2024-11-11 21:56:46,735 - Long Buy 203.00 shares at 87.07 on 2024-10-29 17:45:00+00:00
2024-11-11 21:56:46,735 - Long Buy 199.00 shares at 87.04 on 2024-10-29 18:00:00+00:00
2024-11-11 21:56:46,736 - Long Buy 195.00 shares at 86.98 on 2024-10-29 18:15:00+00:00
2024-11-11 21:56:46,736 - Long Buy 191.00 shares at 87.03 on 2024-10-29 19:00:00+00:00
2024-11-11 21:56:46,736 - Long Buy 187.00 shares at 87.03 on 2024-10-29 19:30:00+00:00
2024-11-11 21:56:46,736 - Sell to close 2280.00 shares at 87.77 on 2024-10-30 13:30:00+00:00 (Exit: Profit_take, Profit: 1643.9299999999946, Duration: 1305.0 minutes)
2024-11-11 21:56:46,736 - Short Sell 226.00 shares at 88.12 on 2024-10-30 13:45:00+00:00
2024-11-11 21:56:46,736 - Short Sell 226.00 shares at 88.06 on 2024-10-30 14:00:00+00:00
2024-11-11 21:56:46,736 - Buy to cover -452.00 shares at 87.64 on 2024-10-30 14:15:00+00:00 (Exit: Profit_take, Profit: 203.4000000000077, Duration: 30.0 minutes)
2024-11-11 21:56:46,736 - Short Sell 228.00 shares at 87.39 on 2024-10-30 14:30:00+00:00
2024-11-11 21:56:46,736 - Short Sell 228.00 shares at 87.46 on 2024-10-30 14:45:00+00:00
2024-11-11 21:56:46,736 - Buy to cover -456.00 shares at 86.94 on 2024-10-30 16:15:00+00:00 (Exit: Profit_take, Profit: 221.16000000000622, Duration: 105.0 minutes)
2024-11-11 21:56:46,736 - Long Buy 230.00 shares at 86.91 on 2024-10-30 16:45:00+00:00
2024-11-11 21:56:46,736 - Long Buy 225.00 shares at 86.89 on 2024-10-30 17:30:00+00:00
2024-11-11 21:56:46,736 - Long Buy 220.00 shares at 87.12 on 2024-10-31 13:30:00+00:00
2024-11-11 21:56:46,736 - Sell to close 675.00 shares at 87.37 on 2024-10-31 13:45:00+00:00 (Exit: Signal, Profit: 268.799999999996, Duration: 1260.0 minutes)
2024-11-11 21:56:46,736 - Short Sell 229.00 shares at 87.29 on 2024-10-31 14:00:00+00:00
2024-11-11 21:56:46,736 - Short Sell 228.00 shares at 87.48 on 2024-10-31 14:15:00+00:00
2024-11-11 21:56:46,737 - Buy to cover -457.00 shares at 86.97 on 2024-10-31 15:30:00+00:00 (Exit: Signal, Profit: 189.5600000000038, Duration: 90.0 minutes)
2024-11-11 21:56:46,737 - Long Buy 230.00 shares at 86.95 on 2024-10-31 15:45:00+00:00
2024-11-11 21:56:46,737 - Long Buy 225.00 shares at 86.85 on 2024-10-31 19:45:00+00:00
2024-11-11 21:56:46,737 - Long Buy 221.00 shares at 86.73 on 2024-11-01 13:30:00+00:00
2024-11-11 21:56:46,737 - Sell to close 676.00 shares at 87.46 on 2024-11-01 13:45:00+00:00 (Exit: Profit_take, Profit: 415.8799999999917, Duration: 1320.0 minutes)
2024-11-11 21:56:46,737 - Short Sell 228.00 shares at 87.62 on 2024-11-01 14:15:00+00:00
2024-11-11 21:56:46,737 - Buy to cover -228.00 shares at 86.99 on 2024-11-01 14:30:00+00:00 (Exit: Profit_take, Profit: 143.6400000000022, Duration: 15.0 minutes)
2024-11-11 21:56:46,737 - Long Buy 230.00 shares at 86.78 on 2024-11-01 14:45:00+00:00
2024-11-11 21:56:46,737 - Long Buy 225.00 shares at 87.09 on 2024-11-01 15:00:00+00:00
2024-11-11 21:56:46,737 - Long Buy 220.00 shares at 87.33 on 2024-11-01 15:15:00+00:00
2024-11-11 21:56:46,737 - Long Buy 216.00 shares at 87.03 on 2024-11-01 15:30:00+00:00
2024-11-11 21:56:46,737 - Long Buy 212.00 shares at 86.81 on 2024-11-01 15:45:00+00:00
2024-11-11 21:56:46,737 - Long Buy 207.00 shares at 87.06 on 2024-11-01 16:00:00+00:00
2024-11-11 21:56:46,737 - Long Buy 203.00 shares at 86.93 on 2024-11-01 16:15:00+00:00
2024-11-11 21:56:46,737 - Long Buy 200.00 shares at 86.74 on 2024-11-01 16:30:00+00:00
2024-11-11 21:56:46,737 - Long Buy 196.00 shares at 86.84 on 2024-11-01 16:45:00+00:00
2024-11-11 21:56:46,737 - Long Buy 192.00 shares at 86.63 on 2024-11-01 17:00:00+00:00
2024-11-11 21:56:46,737 - Long Buy 188.00 shares at 86.63 on 2024-11-01 17:15:00+00:00
2024-11-11 21:56:46,737 - Long Buy 185.00 shares at 86.53 on 2024-11-01 17:30:00+00:00
2024-11-11 21:56:46,737 - Long Buy 181.00 shares at 86.54 on 2024-11-01 17:45:00+00:00
2024-11-11 21:56:46,737 - Long Buy 177.00 shares at 86.55 on 2024-11-01 18:00:00+00:00
2024-11-11 21:56:46,737 - Long Buy 173.00 shares at 86.75 on 2024-11-01 18:15:00+00:00
2024-11-11 21:56:46,737 - Long Buy 170.00 shares at 86.72 on 2024-11-01 18:30:00+00:00
2024-11-11 21:56:46,737 - Long Buy 167.00 shares at 86.78 on 2024-11-01 18:45:00+00:00
2024-11-11 21:56:46,738 - Long Buy 163.00 shares at 86.87 on 2024-11-01 19:00:00+00:00
2024-11-11 21:56:46,738 - Long Buy 160.00 shares at 86.63 on 2024-11-01 19:15:00+00:00
2024-11-11 21:56:46,738 - Sell to close 3665.00 shares at 86.41 on 2024-11-01 19:30:00+00:00 (Exit: Stop_loss, Profit: -1487.2099999999632, Duration: 285.0 minutes)
2024-11-11 21:56:46,738 - Long Buy 233.00 shares at 85.62 on 2024-11-04 14:30:00+00:00
2024-11-11 21:56:46,738 - Long Buy 228.00 shares at 85.54 on 2024-11-04 14:45:00+00:00
2024-11-11 21:56:46,738 - Long Buy 226.00 shares at 84.9 on 2024-11-04 15:00:00+00:00
2024-11-11 21:56:46,738 - Long Buy 221.00 shares at 84.91 on 2024-11-04 15:15:00+00:00
2024-11-11 21:56:46,738 - Long Buy 217.00 shares at 84.83 on 2024-11-04 15:30:00+00:00
2024-11-11 21:56:46,738 - Long Buy 213.00 shares at 84.8 on 2024-11-04 15:45:00+00:00
2024-11-11 21:56:46,738 - Long Buy 208.00 shares at 84.92 on 2024-11-04 16:00:00+00:00
2024-11-11 21:56:46,738 - Long Buy 204.00 shares at 84.78 on 2024-11-04 16:15:00+00:00
2024-11-11 21:56:46,738 - Sell to close 1750.00 shares at 84.42 on 2024-11-04 16:30:00+00:00 (Exit: Stop_loss, Profit: -1099.0799999999829, Duration: 120.0 minutes)
2024-11-11 21:56:46,738 - Long Buy 237.00 shares at 84.11 on 2024-11-05 14:30:00+00:00
2024-11-11 21:56:46,738 - Long Buy 233.00 shares at 83.76 on 2024-11-05 14:45:00+00:00
2024-11-11 21:56:46,738 - Long Buy 228.00 shares at 83.73 on 2024-11-05 15:00:00+00:00
2024-11-11 21:56:46,738 - Long Buy 224.00 shares at 83.62 on 2024-11-05 15:15:00+00:00
2024-11-11 21:56:46,738 - Long Buy 219.00 shares at 83.87 on 2024-11-05 15:30:00+00:00
2024-11-11 21:56:46,738 - Long Buy 215.00 shares at 83.55 on 2024-11-05 15:45:00+00:00
2024-11-11 21:56:46,738 - Long Buy 210.00 shares at 83.92 on 2024-11-05 16:00:00+00:00
2024-11-11 21:56:46,738 - Long Buy 207.00 shares at 83.72 on 2024-11-05 16:15:00+00:00
2024-11-11 21:56:46,738 - Long Buy 202.00 shares at 83.96 on 2024-11-05 16:30:00+00:00
2024-11-11 21:56:46,738 - Long Buy 198.00 shares at 84.02 on 2024-11-05 16:45:00+00:00
2024-11-11 21:56:46,738 - Long Buy 194.00 shares at 84.03 on 2024-11-05 17:00:00+00:00
2024-11-11 21:56:46,738 - Long Buy 189.00 shares at 84.19 on 2024-11-05 17:15:00+00:00
2024-11-11 21:56:46,738 - Sell to close 2556.00 shares at 84.4 on 2024-11-05 17:30:00+00:00 (Exit: Profit_take, Profit: 1361.2999999999722, Duration: 180.0 minutes)
2024-11-11 21:56:46,738 - Short Sell 236.00 shares at 84.54 on 2024-11-05 17:45:00+00:00
2024-11-11 21:56:46,739 - Short Sell 236.00 shares at 84.6 on 2024-11-05 18:00:00+00:00
2024-11-11 21:56:46,739 - Short Sell 235.00 shares at 84.68 on 2024-11-05 18:15:00+00:00
2024-11-11 21:56:46,739 - Short Sell 236.00 shares at 84.65 on 2024-11-05 18:30:00+00:00
2024-11-11 21:56:46,739 - Short Sell 235.00 shares at 84.73 on 2024-11-05 18:45:00+00:00
2024-11-11 21:56:46,739 - Short Sell 235.00 shares at 84.83 on 2024-11-05 19:00:00+00:00
2024-11-11 21:56:46,739 - Short Sell 235.00 shares at 84.82 on 2024-11-05 19:15:00+00:00
2024-11-11 21:56:46,739 - Short Sell 235.00 shares at 84.99 on 2024-11-05 19:30:00+00:00
2024-11-11 21:56:46,739 - Short Sell 235.00 shares at 84.99 on 2024-11-05 19:45:00+00:00
2024-11-11 21:56:46,739 - Short Sell 234.00 shares at 85.16 on 2024-11-05 20:00:00+00:00
2024-11-11 21:56:46,739 - Short Sell 234.00 shares at 85.08 on 2024-11-05 20:15:00+00:00
2024-11-11 21:56:46,739 - Short Sell 234.00 shares at 85.16 on 2024-11-05 20:30:00+00:00
2024-11-11 21:56:46,739 - Short Sell 233.00 shares at 85.37 on 2024-11-05 20:45:00+00:00
2024-11-11 21:56:46,739 - Buy to cover -3053.00 shares at 86.63 on 2024-11-06 14:30:00+00:00 (Exit: Stop_loss, Profit: -5307.739999999978, Duration: 1245.0 minutes)
2024-11-11 21:56:46,739 - Short Sell 229.00 shares at 86.63 on 2024-11-07 14:30:00+00:00
2024-11-11 21:56:46,739 - Short Sell 229.00 shares at 86.8 on 2024-11-07 14:45:00+00:00
2024-11-11 21:56:46,739 - Short Sell 228.00 shares at 86.84 on 2024-11-07 15:00:00+00:00
2024-11-11 21:56:46,739 - Short Sell 228.00 shares at 86.94 on 2024-11-07 15:15:00+00:00
2024-11-11 21:56:46,739 - Short Sell 228.00 shares at 87.02 on 2024-11-07 15:30:00+00:00
2024-11-11 21:56:46,739 - Short Sell 229.00 shares at 86.81 on 2024-11-07 15:45:00+00:00
2024-11-11 21:56:46,739 - Short Sell 229.00 shares at 86.73 on 2024-11-07 16:00:00+00:00
2024-11-11 21:56:46,739 - Short Sell 229.00 shares at 86.64 on 2024-11-07 16:15:00+00:00
2024-11-11 21:56:46,739 - Short Sell 229.00 shares at 86.64 on 2024-11-07 16:30:00+00:00
2024-11-11 21:56:46,739 - Short Sell 229.00 shares at 86.62 on 2024-11-07 16:45:00+00:00
2024-11-11 21:56:46,739 - Short Sell 229.00 shares at 86.76 on 2024-11-07 17:00:00+00:00
2024-11-11 21:56:46,739 - Short Sell 229.00 shares at 86.76 on 2024-11-07 17:15:00+00:00
2024-11-11 21:56:46,739 - Short Sell 229.00 shares at 86.77 on 2024-11-07 17:30:00+00:00
2024-11-11 21:56:46,739 - Short Sell 229.00 shares at 86.77 on 2024-11-07 17:45:00+00:00
2024-11-11 21:56:46,739 - Short Sell 229.00 shares at 86.67 on 2024-11-07 18:00:00+00:00
2024-11-11 21:56:46,740 - Short Sell 229.00 shares at 86.71 on 2024-11-07 18:15:00+00:00
2024-11-11 21:56:46,740 - Short Sell 229.00 shares at 86.59 on 2024-11-07 18:30:00+00:00
2024-11-11 21:56:46,740 - Short Sell 229.00 shares at 86.66 on 2024-11-07 18:45:00+00:00
2024-11-11 21:56:46,740 - Short Sell 228.00 shares at 86.8 on 2024-11-07 19:00:00+00:00
2024-11-11 21:56:46,740 - Short Sell 228.00 shares at 86.95 on 2024-11-07 19:15:00+00:00
2024-11-11 21:56:46,740 - Buy to cover -4575.00 shares at 86.9 on 2024-11-07 19:30:00+00:00 (Exit: Signal, Profit: -661.8599999999517, Duration: 300.0 minutes)
2024-11-11 21:56:46,740 - Short Sell 227.00 shares at 87.2 on 2024-11-07 19:45:00+00:00
2024-11-11 21:56:46,740 - Short Sell 227.00 shares at 87.44 on 2024-11-07 20:00:00+00:00
2024-11-11 21:56:46,740 - Short Sell 227.00 shares at 87.41 on 2024-11-07 20:15:00+00:00
2024-11-11 21:56:46,740 - Short Sell 227.00 shares at 87.16 on 2024-11-07 20:30:00+00:00
2024-11-11 21:56:46,740 - Short Sell 227.00 shares at 87.36 on 2024-11-07 20:45:00+00:00
2024-11-11 21:56:46,740 - Buy to cover -1135.00 shares at 85.74 on 2024-11-08 14:30:00+00:00 (Exit: Profit_take, Profit: 1786.4899999999977, Duration: 1125.0 minutes)
2024-11-11 21:56:46,740 - Long Buy 232.00 shares at 85.69 on 2024-11-08 14:45:00+00:00
2024-11-11 21:56:46,740 - Sell to close 232.00 shares at 86.39 on 2024-11-08 15:00:00+00:00 (Exit: Profit_take, Profit: 162.40000000000066, Duration: 15.0 minutes)
2024-11-11 21:56:46,740 - Long Buy 231.00 shares at 86.0 on 2024-11-08 15:15:00+00:00
2024-11-11 21:56:46,740 - Long Buy 226.00 shares at 86.06 on 2024-11-08 15:30:00+00:00
2024-11-11 21:56:46,740 - Long Buy 222.00 shares at 86.01 on 2024-11-08 15:45:00+00:00
2024-11-11 21:56:46,740 - Long Buy 217.00 shares at 86.15 on 2024-11-08 16:00:00+00:00
2024-11-11 21:56:46,740 - Long Buy 215.00 shares at 85.38 on 2024-11-08 16:15:00+00:00
2024-11-11 21:56:46,740 - Sell to close 1111.00 shares at 85.16 on 2024-11-08 16:30:00+00:00 (Exit: Stop_loss, Profit: -848.2700000000088, Duration: 75.0 minutes)
2024-11-11 21:56:46,742 - Final statisticsStock: LYB, 
total_trades: 34, 
winning_trades: 22, 
losing_trades: 12, 
average_return: 0.0014624787793317475, 
average_duration: 697.9411764705883, 
final_balance: 994393.73, 
final_portfolio_value: 994393.73, 
sharpe_ratio: 6.02861448754214, 



