2024-11-11 22:10:18,337 - Starting GBMStrategy with initial capital: 1000000
2024-11-11 22:10:18,337 - Hyperparameters: {'threshold': 1.5, 'time_periods': 30, 'num_simulations': 150}
2024-11-11 22:14:54,661 - Long Buy 591.00 shares at 33.79 on 2024-10-11 14:30:00+00:00
2024-11-11 22:14:54,662 - Long Buy 578.00 shares at 33.86 on 2024-10-11 14:45:00+00:00
2024-11-11 22:14:54,662 - Long Buy 566.00 shares at 33.91 on 2024-10-11 15:00:00+00:00
2024-11-11 22:14:54,662 - Long Buy 555.00 shares at 33.89 on 2024-10-11 15:45:00+00:00
2024-11-11 22:14:54,663 - Sell to close 2290.00 shares at 33.99 on 2024-10-11 16:45:00+00:00 (Exit: Signal, Profit: 294.12000000000387, Duration: 135.0 minutes)
2024-11-11 22:14:54,663 - Long Buy 590.00 shares at 33.87 on 2024-10-11 18:15:00+00:00
2024-11-11 22:14:54,663 - Long Buy 579.00 shares at 33.83 on 2024-10-11 18:30:00+00:00
2024-11-11 22:14:54,663 - Sell to close 1169.00 shares at 34.01 on 2024-10-14 13:30:00+00:00 (Exit: Signal, Profit: 186.82000000000136, Duration: 4035.0 minutes)
2024-11-11 22:14:54,663 - Short Sell 587.00 shares at 34.05 on 2024-10-14 13:45:00+00:00
2024-11-11 22:14:54,663 - Short Sell 587.00 shares at 34.08 on 2024-10-14 14:00:00+00:00
2024-11-11 22:14:54,663 - Short Sell 587.00 shares at 34.06 on 2024-10-14 14:15:00+00:00
2024-11-11 22:14:54,663 - Short Sell 587.00 shares at 34.08 on 2024-10-14 14:30:00+00:00
2024-11-11 22:14:54,663 - Short Sell 586.00 shares at 34.11 on 2024-10-14 14:45:00+00:00
2024-11-11 22:14:54,663 - Short Sell 586.00 shares at 34.09 on 2024-10-14 15:00:00+00:00
2024-11-11 22:14:54,663 - Short Sell 586.00 shares at 34.13 on 2024-10-14 15:15:00+00:00
2024-11-11 22:14:54,663 - Short Sell 585.00 shares at 34.18 on 2024-10-14 15:30:00+00:00
2024-11-11 22:14:54,663 - Short Sell 585.00 shares at 34.15 on 2024-10-14 15:45:00+00:00
2024-11-11 22:14:54,663 - Short Sell 584.00 shares at 34.19 on 2024-10-14 16:45:00+00:00
2024-11-11 22:14:54,663 - Short Sell 585.00 shares at 34.17 on 2024-10-14 17:00:00+00:00
2024-11-11 22:14:54,663 - Short Sell 585.00 shares at 34.18 on 2024-10-14 17:15:00+00:00
2024-11-11 22:14:54,663 - Short Sell 584.00 shares at 34.2 on 2024-10-14 18:15:00+00:00
2024-11-11 22:14:54,663 - Short Sell 584.00 shares at 34.2 on 2024-10-14 18:30:00+00:00
2024-11-11 22:14:54,664 - Short Sell 584.00 shares at 34.2 on 2024-10-14 18:45:00+00:00
2024-11-11 22:14:54,664 - Short Sell 584.00 shares at 34.22 on 2024-10-14 19:00:00+00:00
2024-11-11 22:14:54,664 - Short Sell 584.00 shares at 34.22 on 2024-10-14 19:15:00+00:00
2024-11-11 22:14:54,664 - Short Sell 583.00 shares at 34.25 on 2024-10-14 19:30:00+00:00
2024-11-11 22:14:54,664 - Short Sell 584.00 shares at 34.22 on 2024-10-14 19:45:00+00:00
2024-11-11 22:14:54,664 - Buy to cover -11117.00 shares at 34.46 on 2024-10-15 13:30:00+00:00 (Exit: Stop_loss, Profit: -3371.600000000064, Duration: 1425.0 minutes)
2024-11-11 22:14:54,664 - Short Sell 571.00 shares at 34.89 on 2024-10-16 13:45:00+00:00
2024-11-11 22:14:54,664 - Short Sell 571.00 shares at 34.87 on 2024-10-16 14:30:00+00:00
2024-11-11 22:14:54,664 - Short Sell 572.00 shares at 34.86 on 2024-10-16 15:30:00+00:00
2024-11-11 22:14:54,664 - Short Sell 571.00 shares at 34.9 on 2024-10-16 16:00:00+00:00
2024-11-11 22:14:54,664 - Short Sell 571.00 shares at 34.87 on 2024-10-16 16:15:00+00:00
2024-11-11 22:14:54,664 - Short Sell 571.00 shares at 34.91 on 2024-10-16 16:30:00+00:00
2024-11-11 22:14:54,664 - Short Sell 571.00 shares at 34.9 on 2024-10-16 16:45:00+00:00
2024-11-11 22:14:54,664 - Short Sell 570.00 shares at 34.94 on 2024-10-16 17:00:00+00:00
2024-11-11 22:14:54,664 - Short Sell 570.00 shares at 34.94 on 2024-10-16 17:15:00+00:00
2024-11-11 22:14:54,664 - Short Sell 570.00 shares at 34.95 on 2024-10-16 17:30:00+00:00
2024-11-11 22:14:54,664 - Short Sell 569.00 shares at 34.98 on 2024-10-16 17:45:00+00:00
2024-11-11 22:14:54,664 - Short Sell 569.00 shares at 34.98 on 2024-10-16 18:00:00+00:00
2024-11-11 22:14:54,664 - Short Sell 570.00 shares at 34.97 on 2024-10-16 18:15:00+00:00
2024-11-11 22:14:54,664 - Short Sell 568.00 shares at 35.05 on 2024-10-16 19:30:00+00:00
2024-11-11 22:14:54,665 - Short Sell 567.00 shares at 35.09 on 2024-10-16 19:45:00+00:00
2024-11-11 22:14:54,665 - Short Sell 568.00 shares at 35.03 on 2024-10-17 13:45:00+00:00
2024-11-11 22:14:54,665 - Short Sell 569.00 shares at 35.02 on 2024-10-17 14:00:00+00:00
2024-11-11 22:14:54,665 - Short Sell 568.00 shares at 35.04 on 2024-10-17 16:30:00+00:00
2024-11-11 22:14:54,665 - Buy to cover -10256.00 shares at 34.91 on 2024-10-17 18:45:00+00:00 (Exit: Signal, Profit: 459.9100000000624, Duration: 1740.0 minutes)
2024-11-11 22:14:54,665 - Short Sell 570.00 shares at 34.98 on 2024-10-17 19:00:00+00:00
2024-11-11 22:14:54,665 - Short Sell 569.00 shares at 35.05 on 2024-10-17 19:15:00+00:00
2024-11-11 22:14:54,665 - Short Sell 569.00 shares at 35.02 on 2024-10-17 19:30:00+00:00
2024-11-11 22:14:54,665 - Buy to cover -1708.00 shares at 34.86 on 2024-10-18 13:30:00+00:00 (Exit: Signal, Profit: 267.54999999999234, Duration: 1110.0 minutes)
2024-11-11 22:14:54,665 - Long Buy 572.00 shares at 34.87 on 2024-10-18 13:45:00+00:00
2024-11-11 22:14:54,665 - Long Buy 562.00 shares at 34.8 on 2024-10-18 14:00:00+00:00
2024-11-11 22:14:54,665 - Long Buy 550.00 shares at 34.8 on 2024-10-18 14:15:00+00:00
2024-11-11 22:14:54,665 - Long Buy 539.00 shares at 34.84 on 2024-10-18 14:30:00+00:00
2024-11-11 22:14:54,665 - Sell to close 2223.00 shares at 35.02 on 2024-10-18 15:15:00+00:00 (Exit: Profit_take, Profit: 427.46000000000936, Duration: 90.0 minutes)
2024-11-11 22:14:54,665 - Short Sell 569.00 shares at 35.04 on 2024-10-18 15:30:00+00:00
2024-11-11 22:14:54,665 - Short Sell 569.00 shares at 35.05 on 2024-10-18 15:45:00+00:00
2024-11-11 22:14:54,665 - Short Sell 569.00 shares at 35.06 on 2024-10-18 16:00:00+00:00
2024-11-11 22:14:54,665 - Short Sell 569.00 shares at 35.07 on 2024-10-18 16:15:00+00:00
2024-11-11 22:14:54,665 - Short Sell 568.00 shares at 35.09 on 2024-10-18 16:30:00+00:00
2024-11-11 22:14:54,665 - Short Sell 569.00 shares at 35.08 on 2024-10-18 16:45:00+00:00
2024-11-11 22:14:54,666 - Short Sell 568.00 shares at 35.11 on 2024-10-18 17:00:00+00:00
2024-11-11 22:14:54,666 - Short Sell 569.00 shares at 35.08 on 2024-10-18 17:15:00+00:00
2024-11-11 22:14:54,666 - Short Sell 569.00 shares at 35.07 on 2024-10-18 17:30:00+00:00
2024-11-11 22:14:54,666 - Short Sell 569.00 shares at 35.07 on 2024-10-18 17:45:00+00:00
2024-11-11 22:14:54,666 - Short Sell 568.00 shares at 35.09 on 2024-10-18 18:00:00+00:00
2024-11-11 22:14:54,666 - Short Sell 568.00 shares at 35.13 on 2024-10-18 18:15:00+00:00
2024-11-11 22:14:54,666 - Short Sell 568.00 shares at 35.11 on 2024-10-18 18:30:00+00:00
2024-11-11 22:14:54,666 - Short Sell 568.00 shares at 35.12 on 2024-10-18 18:45:00+00:00
2024-11-11 22:14:54,666 - Short Sell 569.00 shares at 35.07 on 2024-10-18 19:00:00+00:00
2024-11-11 22:14:54,666 - Short Sell 569.00 shares at 35.05 on 2024-10-18 19:30:00+00:00
2024-11-11 22:14:54,666 - Short Sell 567.00 shares at 35.14 on 2024-10-18 19:45:00+00:00
2024-11-11 22:14:54,666 - Short Sell 568.00 shares at 35.13 on 2024-10-21 13:30:00+00:00
2024-11-11 22:14:54,666 - Short Sell 569.00 shares at 35.05 on 2024-10-21 13:45:00+00:00
2024-11-11 22:14:54,666 - Short Sell 568.00 shares at 35.13 on 2024-10-21 14:30:00+00:00
2024-11-11 22:14:54,666 - Buy to cover -11370.00 shares at 34.91 on 2024-10-21 15:00:00+00:00 (Exit: Profit_take, Profit: 2012.1700000001847, Duration: 4290.0 minutes)
2024-11-11 22:14:54,666 - Long Buy 572.00 shares at 34.93 on 2024-10-21 15:15:00+00:00
2024-11-11 22:14:54,666 - Long Buy 561.00 shares at 34.9 on 2024-10-21 15:30:00+00:00
2024-11-11 22:14:54,666 - Long Buy 550.00 shares at 34.89 on 2024-10-21 15:45:00+00:00
2024-11-11 22:14:54,666 - Long Buy 540.00 shares at 34.86 on 2024-10-21 16:00:00+00:00
2024-11-11 22:14:54,666 - Long Buy 528.00 shares at 34.93 on 2024-10-21 16:15:00+00:00
2024-11-11 22:14:54,666 - Long Buy 517.00 shares at 34.92 on 2024-10-21 16:30:00+00:00
2024-11-11 22:14:54,666 - Long Buy 507.00 shares at 34.93 on 2024-10-21 16:45:00+00:00
2024-11-11 22:14:54,666 - Long Buy 496.00 shares at 34.95 on 2024-10-21 17:00:00+00:00
2024-11-11 22:14:54,666 - Long Buy 487.00 shares at 34.95 on 2024-10-21 17:15:00+00:00
2024-11-11 22:14:54,666 - Long Buy 477.00 shares at 34.95 on 2024-10-21 17:30:00+00:00
2024-11-11 22:14:54,666 - Long Buy 467.00 shares at 34.94 on 2024-10-21 17:45:00+00:00
2024-11-11 22:14:54,666 - Long Buy 458.00 shares at 34.93 on 2024-10-21 18:00:00+00:00
2024-11-11 22:14:54,666 - Long Buy 449.00 shares at 34.93 on 2024-10-21 19:45:00+00:00
2024-11-11 22:14:54,666 - Long Buy 444.00 shares at 34.66 on 2024-10-22 13:30:00+00:00
2024-11-11 22:14:54,667 - Long Buy 433.00 shares at 34.8 on 2024-10-22 13:45:00+00:00
2024-11-11 22:14:54,667 - Long Buy 425.00 shares at 34.73 on 2024-10-22 14:00:00+00:00
2024-11-11 22:14:54,667 - Sell to close 7911.00 shares at 34.63 on 2024-10-22 14:15:00+00:00 (Exit: Stop_loss, Profit: -2064.20000000006, Duration: 1380.0 minutes)
2024-11-11 22:14:54,667 - Short Sell 571.00 shares at 34.94 on 2024-10-23 13:30:00+00:00
2024-11-11 22:14:54,667 - Short Sell 570.00 shares at 35.01 on 2024-10-23 13:45:00+00:00
2024-11-11 22:14:54,667 - Short Sell 570.00 shares at 35.0 on 2024-10-23 14:00:00+00:00
2024-11-11 22:14:54,667 - Short Sell 571.00 shares at 34.93 on 2024-10-23 14:15:00+00:00
2024-11-11 22:14:54,667 - Short Sell 571.00 shares at 34.95 on 2024-10-23 14:30:00+00:00
2024-11-11 22:14:54,667 - Short Sell 570.00 shares at 34.98 on 2024-10-23 14:45:00+00:00
2024-11-11 22:14:54,667 - Buy to cover -3423.00 shares at 34.98 on 2024-10-23 15:00:00+00:00 (Exit: Signal, Profit: -40.02000000000709, Duration: 90.0 minutes)
2024-11-11 22:14:54,667 - Short Sell 570.00 shares at 35.02 on 2024-10-23 15:30:00+00:00
2024-11-11 22:14:54,667 - Short Sell 569.00 shares at 35.05 on 2024-10-23 15:45:00+00:00
2024-11-11 22:14:54,667 - Short Sell 568.00 shares at 35.09 on 2024-10-23 16:00:00+00:00
2024-11-11 22:14:54,667 - Short Sell 568.00 shares at 35.13 on 2024-10-23 16:15:00+00:00
2024-11-11 22:14:54,667 - Short Sell 567.00 shares at 35.15 on 2024-10-23 16:30:00+00:00
2024-11-11 22:14:54,667 - Short Sell 567.00 shares at 35.16 on 2024-10-23 16:45:00+00:00
2024-11-11 22:14:54,667 - Short Sell 567.00 shares at 35.18 on 2024-10-23 17:00:00+00:00
2024-11-11 22:14:54,667 - Short Sell 567.00 shares at 35.16 on 2024-10-23 17:15:00+00:00
2024-11-11 22:14:54,667 - Short Sell 566.00 shares at 35.2 on 2024-10-23 17:30:00+00:00
2024-11-11 22:14:54,667 - Short Sell 566.00 shares at 35.2 on 2024-10-23 17:45:00+00:00
2024-11-11 22:14:54,667 - Short Sell 567.00 shares at 35.16 on 2024-10-23 18:00:00+00:00
2024-11-11 22:14:54,667 - Short Sell 567.00 shares at 35.16 on 2024-10-23 18:15:00+00:00
2024-11-11 22:14:54,667 - Short Sell 567.00 shares at 35.16 on 2024-10-23 18:30:00+00:00
2024-11-11 22:14:54,667 - Short Sell 567.00 shares at 35.19 on 2024-10-23 18:45:00+00:00
2024-11-11 22:14:54,667 - Short Sell 567.00 shares at 35.17 on 2024-10-23 19:00:00+00:00
2024-11-11 22:14:54,667 - Short Sell 567.00 shares at 35.19 on 2024-10-23 19:15:00+00:00
2024-11-11 22:14:54,668 - Short Sell 566.00 shares at 35.23 on 2024-10-23 19:30:00+00:00
2024-11-11 22:14:54,668 - Short Sell 564.00 shares at 35.29 on 2024-10-23 19:45:00+00:00
2024-11-11 22:14:54,668 - Buy to cover -10207.00 shares at 35.44 on 2024-10-24 13:30:00+00:00 (Exit: Stop_loss, Profit: -2853.5700000000033, Duration: 1320.0 minutes)
2024-11-11 22:14:54,668 - Short Sell 563.00 shares at 35.31 on 2024-10-25 13:45:00+00:00
2024-11-11 22:14:54,668 - Buy to cover -563.00 shares at 35.09 on 2024-10-25 15:30:00+00:00 (Exit: Profit_take, Profit: 123.85999999999936, Duration: 105.0 minutes)
2024-11-11 22:14:54,668 - Long Buy 568.00 shares at 35.04 on 2024-10-25 16:00:00+00:00
2024-11-11 22:14:54,668 - Long Buy 557.00 shares at 35.02 on 2024-10-25 16:15:00+00:00
2024-11-11 22:14:54,668 - Long Buy 545.00 shares at 35.05 on 2024-10-25 16:30:00+00:00
2024-11-11 22:14:54,668 - Long Buy 535.00 shares at 35.01 on 2024-10-25 16:45:00+00:00
2024-11-11 22:14:54,668 - Long Buy 525.00 shares at 34.94 on 2024-10-25 17:00:00+00:00
2024-11-11 22:14:54,668 - Long Buy 514.00 shares at 34.97 on 2024-10-25 17:15:00+00:00
2024-11-11 22:14:54,668 - Long Buy 504.00 shares at 34.95 on 2024-10-25 17:30:00+00:00
2024-11-11 22:14:54,668 - Long Buy 494.00 shares at 34.96 on 2024-10-25 17:45:00+00:00
2024-11-11 22:14:54,668 - Long Buy 485.00 shares at 34.92 on 2024-10-25 18:00:00+00:00
2024-11-11 22:14:54,668 - Long Buy 475.00 shares at 34.91 on 2024-10-25 18:15:00+00:00
2024-11-11 22:14:54,668 - Long Buy 466.00 shares at 34.9 on 2024-10-25 18:30:00+00:00
2024-11-11 22:14:54,668 - Long Buy 456.00 shares at 34.91 on 2024-10-25 18:45:00+00:00
2024-11-11 22:14:54,668 - Long Buy 448.00 shares at 34.84 on 2024-10-25 19:00:00+00:00
2024-11-11 22:14:54,668 - Long Buy 439.00 shares at 34.86 on 2024-10-25 19:15:00+00:00
2024-11-11 22:14:54,668 - Long Buy 430.00 shares at 34.84 on 2024-10-25 19:30:00+00:00
2024-11-11 22:14:54,668 - Long Buy 422.00 shares at 34.83 on 2024-10-25 19:45:00+00:00
2024-11-11 22:14:54,668 - Sell to close 7863.00 shares at 35.12 on 2024-10-28 13:30:00+00:00 (Exit: Profit_take, Profit: 1411.849999999877, Duration: 4170.0 minutes)
2024-11-11 22:14:54,669 - Short Sell 567.00 shares at 35.13 on 2024-10-28 13:45:00+00:00
2024-11-11 22:14:54,669 - Short Sell 567.00 shares at 35.12 on 2024-10-28 14:00:00+00:00
2024-11-11 22:14:54,669 - Short Sell 567.00 shares at 35.15 on 2024-10-28 14:15:00+00:00
2024-11-11 22:14:54,669 - Short Sell 568.00 shares at 35.09 on 2024-10-28 14:30:00+00:00
2024-11-11 22:14:54,669 - Short Sell 567.00 shares at 35.11 on 2024-10-28 14:45:00+00:00
2024-11-11 22:14:54,669 - Short Sell 566.00 shares at 35.16 on 2024-10-28 15:00:00+00:00
2024-11-11 22:14:54,669 - Short Sell 566.00 shares at 35.16 on 2024-10-28 15:15:00+00:00
2024-11-11 22:14:54,669 - Short Sell 568.00 shares at 35.09 on 2024-10-28 15:30:00+00:00
2024-11-11 22:14:54,669 - Short Sell 567.00 shares at 35.14 on 2024-10-28 15:45:00+00:00
2024-11-11 22:14:54,669 - Short Sell 567.00 shares at 35.14 on 2024-10-28 16:00:00+00:00
2024-11-11 22:14:54,669 - Short Sell 567.00 shares at 35.11 on 2024-10-28 16:15:00+00:00
2024-11-11 22:14:54,669 - Short Sell 567.00 shares at 35.13 on 2024-10-28 16:30:00+00:00
2024-11-11 22:14:54,669 - Short Sell 567.00 shares at 35.11 on 2024-10-28 16:45:00+00:00
2024-11-11 22:14:54,669 - Short Sell 567.00 shares at 35.14 on 2024-10-28 17:15:00+00:00
2024-11-11 22:14:54,669 - Short Sell 567.00 shares at 35.14 on 2024-10-28 17:30:00+00:00
2024-11-11 22:14:54,669 - Short Sell 567.00 shares at 35.13 on 2024-10-28 17:45:00+00:00
2024-11-11 22:14:54,669 - Buy to cover -9072.00 shares at 35.13 on 2024-10-28 18:00:00+00:00 (Exit: Signal, Profit: -17.150000000029763, Duration: 255.0 minutes)
2024-11-11 22:14:54,669 - Long Buy 567.00 shares at 35.11 on 2024-10-28 18:15:00+00:00
2024-11-11 22:14:54,669 - Long Buy 560.00 shares at 34.87 on 2024-10-29 13:30:00+00:00
2024-11-11 22:14:54,669 - Sell to close 1127.00 shares at 34.76 on 2024-10-29 13:45:00+00:00 (Exit: Stop_loss, Profit: -260.0499999999909, Duration: 1170.0 minutes)
2024-11-11 22:14:54,669 - Short Sell 565.00 shares at 35.24 on 2024-10-30 13:30:00+00:00
2024-11-11 22:14:54,670 - Short Sell 564.00 shares at 35.3 on 2024-10-30 13:45:00+00:00
2024-11-11 22:14:54,670 - Short Sell 566.00 shares at 35.19 on 2024-10-30 14:00:00+00:00
2024-11-11 22:14:54,670 - Buy to cover -1695.00 shares at 35.01 on 2024-10-30 14:15:00+00:00 (Exit: Profit_take, Profit: 395.39000000000095, Duration: 45.0 minutes)
2024-11-11 22:14:54,670 - Short Sell 568.00 shares at 35.05 on 2024-10-30 14:30:00+00:00
2024-11-11 22:14:54,670 - Short Sell 569.00 shares at 35.01 on 2024-10-30 14:45:00+00:00
2024-11-11 22:14:54,670 - Buy to cover -1137.00 shares at 34.85 on 2024-10-30 15:00:00+00:00 (Exit: Profit_take, Profit: 204.63999999999737, Duration: 30.0 minutes)
2024-11-11 22:14:54,670 - Short Sell 570.00 shares at 34.98 on 2024-10-30 15:15:00+00:00
2024-11-11 22:14:54,670 - Short Sell 568.00 shares at 35.05 on 2024-10-30 15:30:00+00:00
2024-11-11 22:14:54,670 - Short Sell 566.00 shares at 35.19 on 2024-10-30 15:45:00+00:00
2024-11-11 22:14:54,670 - Short Sell 566.00 shares at 35.19 on 2024-10-30 16:00:00+00:00
2024-11-11 22:14:54,670 - Short Sell 564.00 shares at 35.3 on 2024-10-30 16:15:00+00:00
2024-11-11 22:14:54,670 - Short Sell 565.00 shares at 35.23 on 2024-10-30 16:30:00+00:00
2024-11-11 22:14:54,670 - Short Sell 567.00 shares at 35.16 on 2024-10-30 16:45:00+00:00
2024-11-11 22:14:54,670 - Short Sell 567.00 shares at 35.13 on 2024-10-30 17:00:00+00:00
2024-11-11 22:14:54,670 - Short Sell 568.00 shares at 35.08 on 2024-10-30 17:15:00+00:00
2024-11-11 22:14:54,670 - Short Sell 566.00 shares at 35.2 on 2024-10-30 17:30:00+00:00
2024-11-11 22:14:54,670 - Short Sell 564.00 shares at 35.29 on 2024-10-30 17:45:00+00:00
2024-11-11 22:14:54,670 - Buy to cover -6231.00 shares at 35.34 on 2024-10-30 18:00:00+00:00 (Exit: Stop_loss, Profit: -1100.6800000000371, Duration: 165.0 minutes)
2024-11-11 22:14:54,670 - Short Sell 566.00 shares at 35.18 on 2024-10-31 13:30:00+00:00
2024-11-11 22:14:54,670 - Short Sell 562.00 shares at 35.41 on 2024-10-31 13:45:00+00:00
2024-11-11 22:14:54,670 - Short Sell 564.00 shares at 35.31 on 2024-10-31 14:00:00+00:00
2024-11-11 22:14:54,670 - Short Sell 566.00 shares at 35.19 on 2024-10-31 14:15:00+00:00
2024-11-11 22:14:54,670 - Short Sell 566.00 shares at 35.19 on 2024-10-31 14:30:00+00:00
2024-11-11 22:14:54,670 - Short Sell 566.00 shares at 35.19 on 2024-10-31 15:00:00+00:00
2024-11-11 22:14:54,670 - Short Sell 564.00 shares at 35.27 on 2024-10-31 15:30:00+00:00
2024-11-11 22:14:54,670 - Short Sell 564.00 shares at 35.27 on 2024-10-31 15:45:00+00:00
2024-11-11 22:14:54,671 - Short Sell 563.00 shares at 35.35 on 2024-10-31 16:00:00+00:00
2024-11-11 22:14:54,671 - Short Sell 564.00 shares at 35.31 on 2024-10-31 16:15:00+00:00
2024-11-11 22:14:54,671 - Short Sell 565.00 shares at 35.25 on 2024-10-31 16:30:00+00:00
2024-11-11 22:14:54,671 - Short Sell 565.00 shares at 35.22 on 2024-10-31 17:00:00+00:00
2024-11-11 22:14:54,671 - Short Sell 564.00 shares at 35.29 on 2024-10-31 17:15:00+00:00
2024-11-11 22:14:54,671 - Short Sell 564.00 shares at 35.29 on 2024-10-31 17:30:00+00:00
2024-11-11 22:14:54,671 - Short Sell 563.00 shares at 35.32 on 2024-10-31 17:45:00+00:00
2024-11-11 22:14:54,671 - Short Sell 563.00 shares at 35.34 on 2024-10-31 18:00:00+00:00
2024-11-11 22:14:54,671 - Short Sell 563.00 shares at 35.33 on 2024-10-31 18:15:00+00:00
2024-11-11 22:14:54,671 - Short Sell 564.00 shares at 35.3 on 2024-10-31 18:30:00+00:00
2024-11-11 22:14:54,671 - Short Sell 563.00 shares at 35.35 on 2024-10-31 18:45:00+00:00
2024-11-11 22:14:54,671 - Short Sell 565.00 shares at 35.25 on 2024-10-31 19:15:00+00:00
2024-11-11 22:14:54,671 - Buy to cover -11284.00 shares at 35.08 on 2024-11-01 14:30:00+00:00 (Exit: Profit_take, Profit: 2261.0299999998783, Duration: 1500.0 minutes)
2024-11-11 22:14:54,671 - Long Buy 569.00 shares at 35.09 on 2024-11-01 14:45:00+00:00
2024-11-11 22:14:54,671 - Long Buy 558.00 shares at 35.05 on 2024-11-01 15:00:00+00:00
2024-11-11 22:14:54,671 - Long Buy 548.00 shares at 34.98 on 2024-11-01 15:15:00+00:00
2024-11-11 22:14:54,671 - Long Buy 537.00 shares at 34.95 on 2024-11-01 15:30:00+00:00
2024-11-11 22:14:54,671 - Long Buy 527.00 shares at 34.93 on 2024-11-01 15:45:00+00:00
2024-11-11 22:14:54,671 - Long Buy 517.00 shares at 34.87 on 2024-11-01 16:00:00+00:00
2024-11-11 22:14:54,671 - Long Buy 506.00 shares at 34.89 on 2024-11-01 16:15:00+00:00
2024-11-11 22:14:54,671 - Long Buy 496.00 shares at 34.9 on 2024-11-01 16:30:00+00:00
2024-11-11 22:14:54,671 - Long Buy 487.00 shares at 34.84 on 2024-11-01 16:45:00+00:00
2024-11-11 22:14:54,671 - Long Buy 477.00 shares at 34.87 on 2024-11-01 17:00:00+00:00
2024-11-11 22:14:54,671 - Long Buy 468.00 shares at 34.84 on 2024-11-01 17:15:00+00:00
2024-11-11 22:14:54,671 - Sell to close 5690.00 shares at 34.72 on 2024-11-01 17:30:00+00:00 (Exit: Stop_loss, Profit: -1210.3299999999922, Duration: 165.0 minutes)
2024-11-11 22:14:54,671 - Long Buy 574.00 shares at 34.7 on 2024-11-04 14:30:00+00:00
2024-11-11 22:14:54,672 - Long Buy 564.00 shares at 34.61 on 2024-11-04 14:45:00+00:00
2024-11-11 22:14:54,672 - Sell to close 1138.00 shares at 34.84 on 2024-11-04 15:00:00+00:00 (Exit: Profit_take, Profit: 210.08000000000374, Duration: 30.0 minutes)
2024-11-11 22:14:54,672 - Long Buy 571.00 shares at 34.88 on 2024-11-04 15:15:00+00:00
2024-11-11 22:14:54,672 - Long Buy 561.00 shares at 34.84 on 2024-11-04 15:30:00+00:00
2024-11-11 22:14:54,672 - Long Buy 549.00 shares at 34.84 on 2024-11-04 15:45:00+00:00
2024-11-11 22:14:54,672 - Long Buy 539.00 shares at 34.82 on 2024-11-04 16:00:00+00:00
2024-11-11 22:14:54,672 - Long Buy 528.00 shares at 34.82 on 2024-11-04 16:15:00+00:00
2024-11-11 22:14:54,672 - Long Buy 518.00 shares at 34.81 on 2024-11-04 16:30:00+00:00
2024-11-11 22:14:54,672 - Sell to close 3266.00 shares at 34.87 on 2024-11-04 17:15:00+00:00 (Exit: Signal, Profit: 112.0199999999716, Duration: 120.0 minutes)
2024-11-11 22:14:54,672 - Short Sell 571.00 shares at 34.91 on 2024-11-04 17:30:00+00:00
2024-11-11 22:14:54,672 - Short Sell 571.00 shares at 34.9 on 2024-11-04 17:45:00+00:00
2024-11-11 22:14:54,672 - Short Sell 570.00 shares at 34.94 on 2024-11-04 18:00:00+00:00
2024-11-11 22:14:54,672 - Short Sell 570.00 shares at 34.95 on 2024-11-04 18:15:00+00:00
2024-11-11 22:14:54,672 - Short Sell 570.00 shares at 34.98 on 2024-11-04 18:30:00+00:00
2024-11-11 22:14:54,672 - Short Sell 569.00 shares at 35.01 on 2024-11-04 18:45:00+00:00
2024-11-11 22:14:54,672 - Short Sell 570.00 shares at 34.98 on 2024-11-04 19:00:00+00:00
2024-11-11 22:14:54,672 - Short Sell 571.00 shares at 34.91 on 2024-11-04 19:15:00+00:00
2024-11-11 22:14:54,672 - Buy to cover -4562.00 shares at 34.77 on 2024-11-04 19:45:00+00:00 (Exit: Profit_take, Profit: 809.5699999999865, Duration: 135.0 minutes)
2024-11-11 22:14:54,672 - Long Buy 575.00 shares at 34.71 on 2024-11-04 20:00:00+00:00
2024-11-11 22:14:54,672 - Long Buy 564.00 shares at 34.68 on 2024-11-04 20:15:00+00:00
2024-11-11 22:14:54,672 - Long Buy 552.00 shares at 34.73 on 2024-11-04 20:30:00+00:00
2024-11-11 22:14:54,672 - Long Buy 544.00 shares at 34.54 on 2024-11-05 14:30:00+00:00
2024-11-11 22:14:54,672 - Long Buy 530.00 shares at 34.73 on 2024-11-05 14:45:00+00:00
2024-11-11 22:14:54,672 - Sell to close 2765.00 shares at 34.86 on 2024-11-05 15:30:00+00:00 (Exit: Profit_take, Profit: 502.5100000000044, Duration: 1170.0 minutes)
2024-11-11 22:14:54,673 - Short Sell 573.00 shares at 34.82 on 2024-11-05 17:30:00+00:00
2024-11-11 22:14:54,673 - Short Sell 572.00 shares at 34.88 on 2024-11-05 17:45:00+00:00
2024-11-11 22:14:54,673 - Short Sell 572.00 shares at 34.87 on 2024-11-05 18:00:00+00:00
2024-11-11 22:14:54,673 - Short Sell 573.00 shares at 34.86 on 2024-11-05 18:15:00+00:00
2024-11-11 22:14:54,673 - Short Sell 573.00 shares at 34.83 on 2024-11-05 18:30:00+00:00
2024-11-11 22:14:54,673 - Short Sell 572.00 shares at 34.9 on 2024-11-05 18:45:00+00:00
2024-11-11 22:14:54,673 - Short Sell 572.00 shares at 34.91 on 2024-11-05 19:00:00+00:00
2024-11-11 22:14:54,673 - Short Sell 570.00 shares at 34.97 on 2024-11-05 19:15:00+00:00
2024-11-11 22:14:54,673 - Short Sell 571.00 shares at 34.95 on 2024-11-05 19:30:00+00:00
2024-11-11 22:14:54,673 - Short Sell 570.00 shares at 34.97 on 2024-11-05 19:45:00+00:00
2024-11-11 22:14:54,673 - Short Sell 569.00 shares at 35.05 on 2024-11-05 20:00:00+00:00
2024-11-11 22:14:54,673 - Short Sell 569.00 shares at 35.03 on 2024-11-05 20:15:00+00:00
2024-11-11 22:14:54,673 - Short Sell 568.00 shares at 35.07 on 2024-11-05 20:30:00+00:00
2024-11-11 22:14:54,673 - Buy to cover -7424.00 shares at 35.23 on 2024-11-05 20:45:00+00:00 (Exit: Stop_loss, Profit: -2217.440000000024, Duration: 195.0 minutes)
2024-11-11 22:14:54,673 - Short Sell 564.00 shares at 35.28 on 2024-11-06 14:30:00+00:00
2024-11-11 22:14:54,673 - Short Sell 565.00 shares at 35.23 on 2024-11-06 14:45:00+00:00
2024-11-11 22:14:54,673 - Short Sell 564.00 shares at 35.28 on 2024-11-06 15:00:00+00:00
2024-11-11 22:14:54,673 - Short Sell 564.00 shares at 35.28 on 2024-11-06 15:15:00+00:00
2024-11-11 22:14:54,673 - Short Sell 567.00 shares at 35.16 on 2024-11-06 15:30:00+00:00
2024-11-11 22:14:54,673 - Short Sell 565.00 shares at 35.23 on 2024-11-06 15:45:00+00:00
2024-11-11 22:14:54,673 - Short Sell 564.00 shares at 35.28 on 2024-11-06 16:00:00+00:00
2024-11-11 22:14:54,673 - Short Sell 563.00 shares at 35.37 on 2024-11-06 16:15:00+00:00
2024-11-11 22:14:54,673 - Short Sell 564.00 shares at 35.29 on 2024-11-06 16:30:00+00:00
2024-11-11 22:14:54,673 - Short Sell 564.00 shares at 35.32 on 2024-11-06 16:45:00+00:00
2024-11-11 22:14:54,673 - Short Sell 563.00 shares at 35.37 on 2024-11-06 17:00:00+00:00
2024-11-11 22:14:54,673 - Short Sell 562.00 shares at 35.38 on 2024-11-06 17:15:00+00:00
2024-11-11 22:14:54,673 - Short Sell 563.00 shares at 35.37 on 2024-11-06 17:30:00+00:00
2024-11-11 22:14:54,673 - Short Sell 562.00 shares at 35.4 on 2024-11-06 17:45:00+00:00
2024-11-11 22:14:54,673 - Short Sell 562.00 shares at 35.41 on 2024-11-06 18:00:00+00:00
2024-11-11 22:14:54,673 - Short Sell 561.00 shares at 35.45 on 2024-11-06 18:15:00+00:00
2024-11-11 22:14:54,674 - Buy to cover -9017.00 shares at 35.39 on 2024-11-06 18:30:00+00:00 (Exit: Signal, Profit: -644.129999999931, Duration: 240.0 minutes)
2024-11-11 22:14:54,674 - Long Buy 563.00 shares at 35.37 on 2024-11-06 18:45:00+00:00
2024-11-11 22:14:54,674 - Long Buy 552.00 shares at 35.32 on 2024-11-06 19:00:00+00:00
2024-11-11 22:14:54,674 - Long Buy 541.00 shares at 35.36 on 2024-11-06 19:15:00+00:00
2024-11-11 22:14:54,674 - Long Buy 530.00 shares at 35.33 on 2024-11-06 19:30:00+00:00
2024-11-11 22:14:54,674 - Long Buy 519.00 shares at 35.35 on 2024-11-06 19:45:00+00:00
2024-11-11 22:14:54,674 - Long Buy 508.00 shares at 35.4 on 2024-11-06 20:15:00+00:00
2024-11-11 22:14:54,674 - Long Buy 501.00 shares at 35.16 on 2024-11-06 20:45:00+00:00
2024-11-11 22:14:54,674 - Long Buy 489.00 shares at 35.3 on 2024-11-07 14:30:00+00:00
2024-11-11 22:14:54,674 - Long Buy 482.00 shares at 35.13 on 2024-11-07 14:45:00+00:00
2024-11-11 22:14:54,674 - Long Buy 473.00 shares at 35.11 on 2024-11-07 15:00:00+00:00
2024-11-11 22:14:54,674 - Long Buy 462.00 shares at 35.2 on 2024-11-07 15:15:00+00:00
2024-11-11 22:14:54,674 - Long Buy 451.00 shares at 35.31 on 2024-11-07 15:30:00+00:00
2024-11-11 22:14:54,674 - Long Buy 443.00 shares at 35.26 on 2024-11-07 15:45:00+00:00
2024-11-11 22:14:54,674 - Long Buy 434.00 shares at 35.27 on 2024-11-07 16:00:00+00:00
2024-11-11 22:14:54,674 - Long Buy 426.00 shares at 35.2 on 2024-11-07 16:15:00+00:00
2024-11-11 22:14:54,674 - Long Buy 418.00 shares at 35.19 on 2024-11-07 16:30:00+00:00
2024-11-11 22:14:54,674 - Long Buy 409.00 shares at 35.19 on 2024-11-07 16:45:00+00:00
2024-11-11 22:14:54,674 - Long Buy 401.00 shares at 35.17 on 2024-11-07 17:00:00+00:00
2024-11-11 22:14:54,674 - Long Buy 394.00 shares at 35.09 on 2024-11-07 17:15:00+00:00
2024-11-11 22:14:54,674 - Long Buy 386.00 shares at 35.1 on 2024-11-07 17:30:00+00:00
2024-11-11 22:14:54,674 - Sell to close 9382.00 shares at 35.08 on 2024-11-07 17:45:00+00:00 (Exit: Stop_loss, Profit: -1579.57999999991, Duration: 1380.0 minutes)
2024-11-11 22:14:54,674 - Short Sell 561.00 shares at 35.4 on 2024-11-08 14:30:00+00:00
2024-11-11 22:14:54,674 - Short Sell 559.00 shares at 35.51 on 2024-11-08 14:45:00+00:00
2024-11-11 22:14:54,674 - Short Sell 558.00 shares at 35.63 on 2024-11-08 15:00:00+00:00
2024-11-11 22:14:54,674 - Short Sell 557.00 shares at 35.69 on 2024-11-08 15:15:00+00:00
2024-11-11 22:14:54,674 - Short Sell 556.00 shares at 35.74 on 2024-11-08 15:30:00+00:00
2024-11-11 22:14:54,674 - Buy to cover -2791.00 shares at 35.83 on 2024-11-08 15:45:00+00:00 (Exit: Stop_loss, Profit: -659.7299999999981, Duration: 75.0 minutes)
2024-11-11 22:14:54,676 - Final statisticsStock: NI, 
total_trades: 27, 
winning_trades: 15, 
losing_trades: 12, 
average_return: 0.0002176410811922562, 
average_duration: 983.8888888888889, 
final_balance: 993660.5000000005, 
final_portfolio_value: 993660.5000000005, 
sharpe_ratio: 4.524362045138516, 



