2024-11-11 20:46:07,018 - Starting GBMStrategy with initial capital: 1000000
2024-11-11 20:46:07,018 - Hyperparameters: {'threshold': 1.5, 'time_periods': 30, 'num_simulations': 150}
2024-11-11 20:47:29,423 - Short Sell 80.00 shares at 249.19 on 2024-10-11 14:30:00+00:00
2024-11-11 20:47:29,423 - Short Sell 80.00 shares at 249.79 on 2024-10-11 14:45:00+00:00
2024-11-11 20:47:29,423 - Short Sell 79.00 shares at 250.07 on 2024-10-11 15:00:00+00:00
2024-11-11 20:47:29,423 - Short Sell 80.00 shares at 249.63 on 2024-10-11 15:15:00+00:00
2024-11-11 20:47:29,423 - Short Sell 79.00 shares at 250.01 on 2024-10-11 15:30:00+00:00
2024-11-11 20:47:29,423 - Short Sell 80.00 shares at 249.94 on 2024-10-11 15:45:00+00:00
2024-11-11 20:47:29,423 - Buy to cover -478.00 shares at 248.52 on 2024-10-11 16:45:00+00:00 (Exit: Profit_take, Profit: 597.7599999999838, Duration: 135.0 minutes)
2024-11-11 20:47:29,423 - Long Buy 80.00 shares at 248.32 on 2024-10-11 17:15:00+00:00
2024-11-11 20:47:29,423 - Sell to close 80.00 shares at 249.66 on 2024-10-11 18:15:00+00:00 (Exit: Profit_take, Profit: 107.20000000000027, Duration: 60.0 minutes)
2024-11-11 20:47:29,424 - Short Sell 80.00 shares at 250.14 on 2024-10-11 18:30:00+00:00
2024-11-11 20:47:29,424 - Short Sell 80.00 shares at 250.07 on 2024-10-11 18:45:00+00:00
2024-11-11 20:47:29,424 - Short Sell 79.00 shares at 250.54 on 2024-10-11 19:00:00+00:00
2024-11-11 20:47:29,424 - Short Sell 80.00 shares at 250.18 on 2024-10-11 19:15:00+00:00
2024-11-11 20:47:29,424 - Short Sell 79.00 shares at 250.21 on 2024-10-11 19:45:00+00:00
2024-11-11 20:47:29,424 - Buy to cover -398.00 shares at 248.37 on 2024-10-14 13:30:00+00:00 (Exit: Profit_take, Profit: 739.1899999999831, Duration: 4020.0 minutes)
2024-11-11 20:47:29,424 - Short Sell 80.00 shares at 249.86 on 2024-10-14 14:00:00+00:00
2024-11-11 20:47:29,424 - Short Sell 79.00 shares at 250.63 on 2024-10-14 14:15:00+00:00
2024-11-11 20:47:29,424 - Short Sell 79.00 shares at 250.59 on 2024-10-14 14:30:00+00:00
2024-11-11 20:47:29,424 - Short Sell 79.00 shares at 250.95 on 2024-10-14 14:45:00+00:00
2024-11-11 20:47:29,424 - Short Sell 79.00 shares at 251.78 on 2024-10-14 15:00:00+00:00
2024-11-11 20:47:29,424 - Short Sell 79.00 shares at 251.51 on 2024-10-14 15:15:00+00:00
2024-11-11 20:47:29,424 - Short Sell 79.00 shares at 251.62 on 2024-10-14 15:30:00+00:00
2024-11-11 20:47:29,424 - Short Sell 79.00 shares at 251.76 on 2024-10-14 15:45:00+00:00
2024-11-11 20:47:29,424 - Short Sell 79.00 shares at 252.15 on 2024-10-14 16:00:00+00:00
2024-11-11 20:47:29,424 - Short Sell 79.00 shares at 252.19 on 2024-10-14 16:15:00+00:00
2024-11-11 20:47:29,424 - Short Sell 79.00 shares at 252.22 on 2024-10-14 16:30:00+00:00
2024-11-11 20:47:29,424 - Buy to cover -870.00 shares at 252.5 on 2024-10-14 16:45:00+00:00 (Exit: Stop_loss, Profit: -969.5999999999435, Duration: 165.0 minutes)
2024-11-11 20:47:29,424 - Short Sell 78.00 shares at 254.26 on 2024-10-15 13:30:00+00:00
2024-11-11 20:47:29,424 - Short Sell 78.00 shares at 253.69 on 2024-10-15 13:45:00+00:00
2024-11-11 20:47:29,424 - Short Sell 78.00 shares at 254.28 on 2024-10-15 14:00:00+00:00
2024-11-11 20:47:29,424 - Short Sell 78.00 shares at 255.9 on 2024-10-15 14:15:00+00:00
2024-11-11 20:47:29,425 - Short Sell 78.00 shares at 255.82 on 2024-10-15 14:30:00+00:00
2024-11-11 20:47:29,425 - Buy to cover -390.00 shares at 256.4 on 2024-10-15 14:45:00+00:00 (Exit: Stop_loss, Profit: -627.8999999999832, Duration: 75.0 minutes)
2024-11-11 20:47:29,425 - Short Sell 77.00 shares at 257.92 on 2024-10-16 13:30:00+00:00
2024-11-11 20:47:29,425 - Short Sell 77.00 shares at 259.11 on 2024-10-16 13:45:00+00:00
2024-11-11 20:47:29,425 - Short Sell 77.00 shares at 257.57 on 2024-10-16 14:00:00+00:00
2024-11-11 20:47:29,425 - Buy to cover -231.00 shares at 256.36 on 2024-10-16 14:30:00+00:00 (Exit: Profit_take, Profit: 425.0399999999942, Duration: 60.0 minutes)
2024-11-11 20:47:29,425 - Long Buy 78.00 shares at 255.62 on 2024-10-16 14:45:00+00:00
2024-11-11 20:47:29,425 - Long Buy 76.00 shares at 255.58 on 2024-10-16 15:00:00+00:00
2024-11-11 20:47:29,425 - Long Buy 75.00 shares at 255.88 on 2024-10-16 15:15:00+00:00
2024-11-11 20:47:29,425 - Long Buy 73.00 shares at 256.3 on 2024-10-16 17:30:00+00:00
2024-11-11 20:47:29,425 - Long Buy 72.00 shares at 255.97 on 2024-10-16 17:45:00+00:00
2024-11-11 20:47:29,425 - Long Buy 70.00 shares at 255.85 on 2024-10-16 19:00:00+00:00
2024-11-11 20:47:29,425 - Long Buy 69.00 shares at 256.01 on 2024-10-16 19:15:00+00:00
2024-11-11 20:47:29,425 - Long Buy 68.00 shares at 255.55 on 2024-10-16 19:45:00+00:00
2024-11-11 20:47:29,425 - Sell to close 581.00 shares at 249.75 on 2024-10-17 13:30:00+00:00 (Exit: Stop_loss, Profit: -3540.019999999982, Duration: 1365.0 minutes)
2024-11-11 20:47:29,426 - Short Sell 79.00 shares at 250.15 on 2024-10-18 13:30:00+00:00
2024-11-11 20:47:29,426 - Short Sell 79.00 shares at 250.71 on 2024-10-18 13:45:00+00:00
2024-11-11 20:47:29,426 - Short Sell 79.00 shares at 249.89 on 2024-10-18 14:00:00+00:00
2024-11-11 20:47:29,426 - Short Sell 79.00 shares at 249.28 on 2024-10-18 14:15:00+00:00
2024-11-11 20:47:29,426 - Short Sell 79.00 shares at 250.03 on 2024-10-18 14:30:00+00:00
2024-11-11 20:47:29,426 - Short Sell 79.00 shares at 250.83 on 2024-10-18 14:45:00+00:00
2024-11-11 20:47:29,426 - Short Sell 79.00 shares at 251.53 on 2024-10-18 15:00:00+00:00
2024-11-11 20:47:29,426 - Buy to cover -553.00 shares at 252.44 on 2024-10-18 15:15:00+00:00 (Exit: Stop_loss, Profit: -1158.140000000002, Duration: 105.0 minutes)
2024-11-11 20:47:29,426 - Long Buy 79.00 shares at 250.34 on 2024-10-21 13:30:00+00:00
2024-11-11 20:47:29,426 - Long Buy 78.00 shares at 250.0 on 2024-10-21 13:45:00+00:00
2024-11-11 20:47:29,426 - Long Buy 76.00 shares at 250.09 on 2024-10-21 14:00:00+00:00
2024-11-11 20:47:29,426 - Long Buy 75.00 shares at 249.45 on 2024-10-21 14:15:00+00:00
2024-11-11 20:47:29,426 - Long Buy 73.00 shares at 250.0 on 2024-10-21 14:30:00+00:00
2024-11-11 20:47:29,426 - Long Buy 72.00 shares at 249.2 on 2024-10-21 14:45:00+00:00
2024-11-11 20:47:29,426 - Long Buy 70.00 shares at 248.59 on 2024-10-21 15:00:00+00:00
2024-11-11 20:47:29,426 - Long Buy 69.00 shares at 248.3 on 2024-10-21 15:15:00+00:00
2024-11-11 20:47:29,426 - Long Buy 68.00 shares at 248.36 on 2024-10-21 15:30:00+00:00
2024-11-11 20:47:29,426 - Long Buy 66.00 shares at 248.47 on 2024-10-21 15:45:00+00:00
2024-11-11 20:47:29,426 - Long Buy 65.00 shares at 248.81 on 2024-10-21 16:00:00+00:00
2024-11-11 20:47:29,426 - Long Buy 64.00 shares at 248.78 on 2024-10-21 16:15:00+00:00
2024-11-11 20:47:29,426 - Long Buy 62.00 shares at 249.17 on 2024-10-21 16:30:00+00:00
2024-11-11 20:47:29,426 - Long Buy 61.00 shares at 249.48 on 2024-10-21 16:45:00+00:00
2024-11-11 20:47:29,426 - Long Buy 60.00 shares at 249.28 on 2024-10-21 17:00:00+00:00
2024-11-11 20:47:29,426 - Long Buy 59.00 shares at 249.25 on 2024-10-21 17:15:00+00:00
2024-11-11 20:47:29,427 - Long Buy 57.00 shares at 249.34 on 2024-10-21 17:30:00+00:00
2024-11-11 20:47:29,427 - Long Buy 56.00 shares at 249.17 on 2024-10-21 17:45:00+00:00
2024-11-11 20:47:29,427 - Long Buy 55.00 shares at 248.81 on 2024-10-21 18:00:00+00:00
2024-11-11 20:47:29,427 - Long Buy 54.00 shares at 248.5 on 2024-10-21 18:15:00+00:00
2024-11-11 20:47:29,427 - Long Buy 53.00 shares at 248.5 on 2024-10-21 18:30:00+00:00
2024-11-11 20:47:29,427 - Long Buy 52.00 shares at 248.24 on 2024-10-21 18:45:00+00:00
2024-11-11 20:47:29,427 - Long Buy 51.00 shares at 248.86 on 2024-10-21 19:00:00+00:00
2024-11-11 20:47:29,427 - Long Buy 50.00 shares at 248.56 on 2024-10-21 19:15:00+00:00
2024-11-11 20:47:29,427 - Long Buy 49.00 shares at 248.28 on 2024-10-21 19:30:00+00:00
2024-11-11 20:47:29,427 - Long Buy 48.00 shares at 248.07 on 2024-10-21 19:45:00+00:00
2024-11-11 20:47:29,427 - Sell to close 1622.00 shares at 255.78 on 2024-10-22 13:30:00+00:00 (Exit: Profit_take, Profit: 10903.500000000005, Duration: 1440.0 minutes)
2024-11-11 20:47:29,427 - Short Sell 78.00 shares at 256.13 on 2024-10-22 13:45:00+00:00
2024-11-11 20:47:29,427 - Short Sell 78.00 shares at 256.75 on 2024-10-22 14:00:00+00:00
2024-11-11 20:47:29,427 - Buy to cover -156.00 shares at 255.33 on 2024-10-22 14:15:00+00:00 (Exit: Signal, Profit: 173.1599999999977, Duration: 30.0 minutes)
2024-11-11 20:47:29,427 - Short Sell 78.00 shares at 257.03 on 2024-10-22 15:15:00+00:00
2024-11-11 20:47:29,427 - Short Sell 78.00 shares at 257.66 on 2024-10-22 15:30:00+00:00
2024-11-11 20:47:29,427 - Short Sell 77.00 shares at 258.3 on 2024-10-22 15:45:00+00:00
2024-11-11 20:47:29,428 - Short Sell 77.00 shares at 259.49 on 2024-10-22 16:00:00+00:00
2024-11-11 20:47:29,428 - Buy to cover -310.00 shares at 260.11 on 2024-10-22 16:15:00+00:00 (Exit: Stop_loss, Profit: -618.4500000000014, Duration: 60.0 minutes)
2024-11-11 20:47:29,428 - Long Buy 78.00 shares at 256.19 on 2024-10-23 15:00:00+00:00
2024-11-11 20:47:29,428 - Long Buy 76.00 shares at 256.31 on 2024-10-23 15:15:00+00:00
2024-11-11 20:47:29,428 - Sell to close 154.00 shares at 257.54 on 2024-10-23 15:30:00+00:00 (Exit: Profit_take, Profit: 198.7799999999968, Duration: 30.0 minutes)
2024-11-11 20:47:29,428 - Short Sell 78.00 shares at 257.69 on 2024-10-23 16:00:00+00:00
2024-11-11 20:47:29,428 - Buy to cover -78.00 shares at 256.16 on 2024-10-23 16:45:00+00:00 (Exit: Profit_take, Profit: 119.33999999999787, Duration: 45.0 minutes)
2024-11-11 20:47:29,428 - Long Buy 78.00 shares at 255.84 on 2024-10-23 17:00:00+00:00
2024-11-11 20:47:29,428 - Long Buy 77.00 shares at 255.87 on 2024-10-23 17:15:00+00:00
2024-11-11 20:47:29,428 - Long Buy 75.00 shares at 255.85 on 2024-10-23 17:45:00+00:00
2024-11-11 20:47:29,428 - Long Buy 74.00 shares at 255.53 on 2024-10-23 18:00:00+00:00
2024-11-11 20:47:29,428 - Long Buy 72.00 shares at 255.96 on 2024-10-23 18:15:00+00:00
2024-11-11 20:47:29,428 - Sell to close 376.00 shares at 257.38 on 2024-10-23 19:15:00+00:00 (Exit: Profit_take, Profit: 590.2799999999902, Duration: 135.0 minutes)
2024-11-11 20:47:29,428 - Long Buy 78.00 shares at 255.03 on 2024-10-24 14:00:00+00:00
2024-11-11 20:47:29,428 - Long Buy 77.00 shares at 255.58 on 2024-10-24 14:15:00+00:00
2024-11-11 20:47:29,428 - Long Buy 75.00 shares at 255.02 on 2024-10-24 14:30:00+00:00
2024-11-11 20:47:29,428 - Long Buy 74.00 shares at 254.11 on 2024-10-24 14:45:00+00:00
2024-11-11 20:47:29,429 - Long Buy 73.00 shares at 253.97 on 2024-10-24 15:00:00+00:00
2024-11-11 20:47:29,429 - Sell to close 377.00 shares at 252.66 on 2024-10-24 15:15:00+00:00 (Exit: Stop_loss, Profit: -789.6300000000017, Duration: 75.0 minutes)
2024-11-11 20:47:29,429 - Short Sell 79.00 shares at 254.44 on 2024-10-25 13:30:00+00:00
2024-11-11 20:47:29,429 - Buy to cover -79.00 shares at 252.87 on 2024-10-25 13:45:00+00:00 (Exit: Profit_take, Profit: 124.02999999999722, Duration: 15.0 minutes)
2024-11-11 20:47:29,429 - Short Sell 79.00 shares at 254.02 on 2024-10-25 14:15:00+00:00
2024-11-11 20:47:29,429 - Short Sell 79.00 shares at 253.96 on 2024-10-25 14:30:00+00:00
2024-11-11 20:47:29,429 - Buy to cover -158.00 shares at 252.57 on 2024-10-25 15:15:00+00:00 (Exit: Profit_take, Profit: 224.35999999999802, Duration: 60.0 minutes)
2024-11-11 20:47:29,429 - Long Buy 80.00 shares at 251.59 on 2024-10-25 17:00:00+00:00
2024-11-11 20:47:29,429 - Long Buy 78.00 shares at 251.07 on 2024-10-25 17:30:00+00:00
2024-11-11 20:47:29,429 - Long Buy 77.00 shares at 250.81 on 2024-10-25 17:45:00+00:00
2024-11-11 20:47:29,429 - Long Buy 75.00 shares at 250.91 on 2024-10-25 18:00:00+00:00
2024-11-11 20:47:29,429 - Long Buy 73.00 shares at 251.07 on 2024-10-25 18:15:00+00:00
2024-11-11 20:47:29,429 - Long Buy 72.00 shares at 251.0 on 2024-10-25 18:30:00+00:00
2024-11-11 20:47:29,429 - Long Buy 71.00 shares at 251.01 on 2024-10-25 19:00:00+00:00
2024-11-11 20:47:29,429 - Sell to close 526.00 shares at 252.48 on 2024-10-28 13:30:00+00:00 (Exit: Profit_take, Profit: 741.379999999989, Duration: 4110.0 minutes)
2024-11-11 20:47:29,430 - Short Sell 79.00 shares at 252.98 on 2024-10-28 15:15:00+00:00
2024-11-11 20:47:29,430 - Buy to cover -79.00 shares at 251.56 on 2024-10-28 16:45:00+00:00 (Exit: Profit_take, Profit: 112.17999999999901, Duration: 90.0 minutes)
2024-11-11 20:47:29,430 - Short Sell 79.00 shares at 252.77 on 2024-10-28 18:00:00+00:00
2024-11-11 20:47:29,430 - Short Sell 79.00 shares at 252.75 on 2024-10-28 18:15:00+00:00
2024-11-11 20:47:29,430 - Short Sell 79.00 shares at 253.02 on 2024-10-28 19:00:00+00:00
2024-11-11 20:47:29,430 - Short Sell 79.00 shares at 253.29 on 2024-10-28 19:15:00+00:00
2024-11-11 20:47:29,430 - Short Sell 79.00 shares at 253.71 on 2024-10-28 19:30:00+00:00
2024-11-11 20:47:29,430 - Short Sell 79.00 shares at 253.52 on 2024-10-28 19:45:00+00:00
2024-11-11 20:47:29,430 - Short Sell 79.00 shares at 253.67 on 2024-10-29 14:00:00+00:00
2024-11-11 20:47:29,430 - Short Sell 79.00 shares at 253.99 on 2024-10-29 14:15:00+00:00
2024-11-11 20:47:29,430 - Buy to cover -632.00 shares at 255.22 on 2024-10-29 14:30:00+00:00 (Exit: Stop_loss, Profit: -1188.1599999999971, Duration: 1230.0 minutes)
2024-11-11 20:47:29,430 - Short Sell 79.00 shares at 253.8 on 2024-10-30 13:30:00+00:00
2024-11-11 20:47:29,430 - Short Sell 79.00 shares at 254.31 on 2024-10-30 13:45:00+00:00
2024-11-11 20:47:29,430 - Buy to cover -158.00 shares at 252.63 on 2024-10-30 15:15:00+00:00 (Exit: Profit_take, Profit: 225.1500000000018, Duration: 105.0 minutes)
2024-11-11 20:47:29,431 - Long Buy 79.00 shares at 252.46 on 2024-10-30 16:15:00+00:00
2024-11-11 20:47:29,431 - Long Buy 78.00 shares at 252.2 on 2024-10-30 16:30:00+00:00
2024-11-11 20:47:29,431 - Long Buy 76.00 shares at 252.28 on 2024-10-30 16:45:00+00:00
2024-11-11 20:47:29,431 - Long Buy 75.00 shares at 252.41 on 2024-10-30 17:00:00+00:00
2024-11-11 20:47:29,431 - Long Buy 73.00 shares at 252.16 on 2024-10-30 18:30:00+00:00
2024-11-11 20:47:29,431 - Long Buy 72.00 shares at 252.1 on 2024-10-30 18:45:00+00:00
2024-11-11 20:47:29,431 - Long Buy 70.00 shares at 251.85 on 2024-10-30 19:00:00+00:00
2024-11-11 20:47:29,431 - Long Buy 69.00 shares at 252.15 on 2024-10-30 19:15:00+00:00
2024-11-11 20:47:29,431 - Long Buy 67.00 shares at 252.2 on 2024-10-30 19:30:00+00:00
2024-11-11 20:47:29,431 - Sell to close 659.00 shares at 252.99 on 2024-10-31 13:30:00+00:00 (Exit: Signal, Profit: 516.3100000000203, Duration: 1275.0 minutes)
2024-11-11 20:47:29,431 - Short Sell 79.00 shares at 253.84 on 2024-10-31 13:45:00+00:00
2024-11-11 20:47:29,431 - Short Sell 79.00 shares at 253.41 on 2024-10-31 14:00:00+00:00
2024-11-11 20:47:29,431 - Short Sell 79.00 shares at 253.67 on 2024-10-31 14:15:00+00:00
2024-11-11 20:47:29,431 - Short Sell 79.00 shares at 253.29 on 2024-10-31 14:30:00+00:00
2024-11-11 20:47:29,431 - Buy to cover -316.00 shares at 251.92 on 2024-10-31 15:15:00+00:00 (Exit: Profit_take, Profit: 515.8699999999978, Duration: 90.0 minutes)
2024-11-11 20:47:29,431 - Short Sell 79.00 shares at 253.77 on 2024-10-31 16:15:00+00:00
2024-11-11 20:47:29,431 - Buy to cover -79.00 shares at 251.79 on 2024-10-31 19:30:00+00:00 (Exit: Profit_take, Profit: 156.42000000000144, Duration: 195.0 minutes)
2024-11-11 20:47:29,432 - Long Buy 80.00 shares at 250.43 on 2024-10-31 19:45:00+00:00
2024-11-11 20:47:29,432 - Sell to close 80.00 shares at 252.13 on 2024-11-01 13:30:00+00:00 (Exit: Profit_take, Profit: 135.9999999999991, Duration: 1065.0 minutes)
2024-11-11 20:47:29,432 - Long Buy 79.00 shares at 252.22 on 2024-11-01 14:30:00+00:00
2024-11-11 20:47:29,432 - Long Buy 78.00 shares at 252.38 on 2024-11-01 14:45:00+00:00
2024-11-11 20:47:29,432 - Long Buy 76.00 shares at 252.21 on 2024-11-01 15:00:00+00:00
2024-11-11 20:47:29,432 - Long Buy 75.00 shares at 252.24 on 2024-11-01 15:45:00+00:00
2024-11-11 20:47:29,432 - Long Buy 73.00 shares at 252.23 on 2024-11-01 16:00:00+00:00
2024-11-11 20:47:29,432 - Long Buy 72.00 shares at 251.71 on 2024-11-01 16:15:00+00:00
2024-11-11 20:47:29,432 - Long Buy 71.00 shares at 251.52 on 2024-11-01 16:30:00+00:00
2024-11-11 20:47:29,432 - Long Buy 69.00 shares at 251.35 on 2024-11-01 16:45:00+00:00
2024-11-11 20:47:29,432 - Long Buy 68.00 shares at 251.64 on 2024-11-01 17:00:00+00:00
2024-11-11 20:47:29,432 - Long Buy 66.00 shares at 251.17 on 2024-11-01 17:30:00+00:00
2024-11-11 20:47:29,432 - Long Buy 65.00 shares at 251.06 on 2024-11-01 17:45:00+00:00
2024-11-11 20:47:29,432 - Long Buy 64.00 shares at 250.36 on 2024-11-01 18:00:00+00:00
2024-11-11 20:47:29,432 - Long Buy 63.00 shares at 250.78 on 2024-11-01 18:15:00+00:00
2024-11-11 20:47:29,432 - Long Buy 61.00 shares at 250.78 on 2024-11-01 18:30:00+00:00
2024-11-11 20:47:29,432 - Long Buy 60.00 shares at 250.88 on 2024-11-01 18:45:00+00:00
2024-11-11 20:47:29,432 - Long Buy 59.00 shares at 251.17 on 2024-11-01 19:00:00+00:00
2024-11-11 20:47:29,432 - Long Buy 58.00 shares at 250.88 on 2024-11-01 19:15:00+00:00
2024-11-11 20:47:29,432 - Long Buy 57.00 shares at 250.54 on 2024-11-01 19:30:00+00:00
2024-11-11 20:47:29,432 - Long Buy 56.00 shares at 249.98 on 2024-11-01 19:45:00+00:00
2024-11-11 20:47:29,432 - Long Buy 54.00 shares at 250.59 on 2024-11-04 14:30:00+00:00
2024-11-11 20:47:29,432 - Sell to close 1324.00 shares at 249.51 on 2024-11-04 14:45:00+00:00 (Exit: Stop_loss, Profit: -2444.5099999999948, Duration: 4335.0 minutes)
2024-11-11 20:47:29,432 - Short Sell 80.00 shares at 248.77 on 2024-11-05 14:30:00+00:00
2024-11-11 20:47:29,433 - Short Sell 80.00 shares at 249.55 on 2024-11-05 14:45:00+00:00
2024-11-11 20:47:29,433 - Short Sell 80.00 shares at 250.55 on 2024-11-05 15:00:00+00:00
2024-11-11 20:47:29,433 - Short Sell 80.00 shares at 250.0 on 2024-11-05 15:15:00+00:00
2024-11-11 20:47:29,433 - Buy to cover -320.00 shares at 251.44 on 2024-11-05 15:30:00+00:00 (Exit: Stop_loss, Profit: -551.1999999999898, Duration: 60.0 minutes)
2024-11-11 20:47:29,433 - Short Sell 74.00 shares at 271.17 on 2024-11-06 14:30:00+00:00
2024-11-11 20:47:29,433 - Short Sell 74.00 shares at 271.45 on 2024-11-06 14:45:00+00:00
2024-11-11 20:47:29,433 - Short Sell 73.00 shares at 273.65 on 2024-11-06 15:00:00+00:00
2024-11-11 20:47:29,433 - Short Sell 73.00 shares at 272.84 on 2024-11-06 15:15:00+00:00
2024-11-11 20:47:29,433 - Short Sell 73.00 shares at 273.26 on 2024-11-06 15:30:00+00:00
2024-11-11 20:47:29,433 - Short Sell 73.00 shares at 273.51 on 2024-11-06 15:45:00+00:00
2024-11-11 20:47:29,433 - Buy to cover -440.00 shares at 274.22 on 2024-11-06 16:00:00+00:00 (Exit: Stop_loss, Profit: -694.9400000000333, Duration: 90.0 minutes)
2024-11-11 20:47:29,433 - Long Buy 73.00 shares at 273.52 on 2024-11-07 14:30:00+00:00
2024-11-11 20:47:29,433 - Long Buy 72.00 shares at 271.52 on 2024-11-07 14:45:00+00:00
2024-11-11 20:47:29,433 - Sell to close 145.00 shares at 270.53 on 2024-11-07 15:00:00+00:00 (Exit: Stop_loss, Profit: -289.55000000000155, Duration: 30.0 minutes)
2024-11-11 20:47:29,433 - Short Sell 73.00 shares at 271.82 on 2024-11-08 14:30:00+00:00
2024-11-11 20:47:29,434 - Short Sell 73.00 shares at 273.62 on 2024-11-08 14:45:00+00:00
2024-11-11 20:47:29,434 - Short Sell 73.00 shares at 274.15 on 2024-11-08 15:00:00+00:00
2024-11-11 20:47:29,434 - Short Sell 73.00 shares at 273.56 on 2024-11-08 15:15:00+00:00
2024-11-11 20:47:29,434 - Buy to cover -292.00 shares at 275.68 on 2024-11-08 15:30:00+00:00 (Exit: Stop_loss, Profit: -698.610000000012, Duration: 60.0 minutes)
2024-11-11 20:47:29,435 - Final statisticsStock: NSC, 
total_trades: 30, 
winning_trades: 18, 
losing_trades: 12, 
average_return: 0.0007897433464245783, 
average_duration: 687.0, 
final_balance: 1003035.2399999995, 
final_portfolio_value: 1003035.2399999995, 
sharpe_ratio: 2.090365825424284, 



