2024-11-11 20:48:52,722 - Starting GBMStrategy with initial capital: 1000000
2024-11-11 20:48:52,722 - Hyperparameters: {'threshold': 1.5, 'time_periods': 30, 'num_simulations': 150}
2024-11-11 20:50:20,654 - Long Buy 16.00 shares at 1185.38 on 2024-10-11 14:30:00+00:00
2024-11-11 20:50:20,656 - Sell to close 16.00 shares at 1187.59 on 2024-10-11 14:45:00+00:00 (Exit: Signal, Profit: 35.359999999996944, Duration: 15.0 minutes)
2024-11-11 20:50:20,656 - Short Sell 16.00 shares at 1187.58 on 2024-10-11 15:00:00+00:00
2024-11-11 20:50:20,656 - Short Sell 16.00 shares at 1190.32 on 2024-10-11 15:30:00+00:00
2024-11-11 20:50:20,656 - Short Sell 16.00 shares at 1190.0 on 2024-10-11 15:45:00+00:00
2024-11-11 20:50:20,656 - Short Sell 16.00 shares at 1188.77 on 2024-10-11 16:00:00+00:00
2024-11-11 20:50:20,656 - Buy to cover -64.00 shares at 1182.66 on 2024-10-14 13:30:00+00:00 (Exit: Profit_take, Profit: 416.4799999999959, Duration: 4230.0 minutes)
2024-11-11 20:50:20,656 - Short Sell 16.00 shares at 1192.71 on 2024-10-14 14:15:00+00:00
2024-11-11 20:50:20,656 - Short Sell 16.00 shares at 1195.37 on 2024-10-14 14:30:00+00:00
2024-11-11 20:50:20,656 - Short Sell 16.00 shares at 1194.39 on 2024-10-14 14:45:00+00:00
2024-11-11 20:50:20,656 - Short Sell 16.00 shares at 1193.83 on 2024-10-14 15:00:00+00:00
2024-11-11 20:50:20,656 - Short Sell 16.00 shares at 1193.17 on 2024-10-14 15:15:00+00:00
2024-11-11 20:50:20,656 - Short Sell 16.00 shares at 1195.76 on 2024-10-14 15:30:00+00:00
2024-11-11 20:50:20,656 - Short Sell 16.00 shares at 1195.21 on 2024-10-14 15:45:00+00:00
2024-11-11 20:50:20,657 - Short Sell 16.00 shares at 1195.16 on 2024-10-14 16:00:00+00:00
2024-11-11 20:50:20,657 - Short Sell 16.00 shares at 1198.0 on 2024-10-14 16:15:00+00:00
2024-11-11 20:50:20,657 - Short Sell 16.00 shares at 1196.76 on 2024-10-14 16:30:00+00:00
2024-11-11 20:50:20,657 - Short Sell 16.00 shares at 1200.0 on 2024-10-14 16:45:00+00:00
2024-11-11 20:50:20,657 - Short Sell 16.00 shares at 1197.81 on 2024-10-14 17:00:00+00:00
2024-11-11 20:50:20,657 - Short Sell 16.00 shares at 1198.05 on 2024-10-14 17:15:00+00:00
2024-11-11 20:50:20,657 - Short Sell 16.00 shares at 1197.47 on 2024-10-14 17:30:00+00:00
2024-11-11 20:50:20,657 - Short Sell 16.00 shares at 1199.18 on 2024-10-14 17:45:00+00:00
2024-11-11 20:50:20,657 - Short Sell 16.00 shares at 1201.59 on 2024-10-14 18:00:00+00:00
2024-11-11 20:50:20,657 - Short Sell 16.00 shares at 1202.32 on 2024-10-14 18:15:00+00:00
2024-11-11 20:50:20,657 - Short Sell 16.00 shares at 1203.95 on 2024-10-14 18:30:00+00:00
2024-11-11 20:50:20,657 - Short Sell 16.00 shares at 1201.79 on 2024-10-14 18:45:00+00:00
2024-11-11 20:50:20,657 - Short Sell 16.00 shares at 1201.43 on 2024-10-14 19:00:00+00:00
2024-11-11 20:50:20,657 - Short Sell 16.00 shares at 1203.19 on 2024-10-14 19:15:00+00:00
2024-11-11 20:50:20,657 - Short Sell 16.00 shares at 1201.51 on 2024-10-14 19:30:00+00:00
2024-11-11 20:50:20,657 - Short Sell 16.00 shares at 1203.4 on 2024-10-14 19:45:00+00:00
2024-11-11 20:50:20,657 - Buy to cover -368.00 shares at 1206.05 on 2024-10-15 13:30:00+00:00 (Exit: Stop_loss, Profit: -2833.5999999998494, Duration: 1395.0 minutes)
2024-11-11 20:50:20,657 - Long Buy 16.00 shares at 1192.93 on 2024-10-16 13:30:00+00:00
2024-11-11 20:50:20,657 - Long Buy 16.00 shares at 1192.48 on 2024-10-16 13:45:00+00:00
2024-11-11 20:50:20,657 - Long Buy 16.00 shares at 1196.06 on 2024-10-16 14:00:00+00:00
2024-11-11 20:50:20,657 - Long Buy 15.00 shares at 1195.22 on 2024-10-16 14:15:00+00:00
2024-11-11 20:50:20,657 - Long Buy 15.00 shares at 1198.24 on 2024-10-16 16:00:00+00:00
2024-11-11 20:50:20,658 - Long Buy 15.00 shares at 1197.9 on 2024-10-16 16:15:00+00:00
2024-11-11 20:50:20,658 - Long Buy 14.00 shares at 1196.15 on 2024-10-16 16:45:00+00:00
2024-11-11 20:50:20,658 - Long Buy 14.00 shares at 1193.79 on 2024-10-16 17:00:00+00:00
2024-11-11 20:50:20,658 - Long Buy 14.00 shares at 1192.37 on 2024-10-16 17:15:00+00:00
2024-11-11 20:50:20,658 - Long Buy 14.00 shares at 1192.17 on 2024-10-16 17:30:00+00:00
2024-11-11 20:50:20,658 - Sell to close 149.00 shares at 1195.47 on 2024-10-16 17:45:00+00:00 (Exit: Signal, Profit: 108.39000000003148, Duration: 255.0 minutes)
2024-11-11 20:50:20,658 - Short Sell 16.00 shares at 1199.7 on 2024-10-16 18:00:00+00:00
2024-11-11 20:50:20,658 - Short Sell 16.00 shares at 1202.08 on 2024-10-16 18:15:00+00:00
2024-11-11 20:50:20,658 - Short Sell 16.00 shares at 1201.26 on 2024-10-16 18:30:00+00:00
2024-11-11 20:50:20,658 - Short Sell 16.00 shares at 1199.48 on 2024-10-16 18:45:00+00:00
2024-11-11 20:50:20,658 - Short Sell 16.00 shares at 1199.4 on 2024-10-16 19:00:00+00:00
2024-11-11 20:50:20,658 - Short Sell 16.00 shares at 1200.22 on 2024-10-16 19:15:00+00:00
2024-11-11 20:50:20,658 - Short Sell 16.00 shares at 1201.96 on 2024-10-16 19:30:00+00:00
2024-11-11 20:50:20,658 - Short Sell 16.00 shares at 1199.19 on 2024-10-16 19:45:00+00:00
2024-11-11 20:50:20,658 - Short Sell 16.00 shares at 1195.96 on 2024-10-17 13:30:00+00:00
2024-11-11 20:50:20,658 - Short Sell 16.00 shares at 1203.5 on 2024-10-17 13:45:00+00:00
2024-11-11 20:50:20,658 - Short Sell 16.00 shares at 1204.11 on 2024-10-17 14:00:00+00:00
2024-11-11 20:50:20,658 - Short Sell 16.00 shares at 1203.61 on 2024-10-17 14:15:00+00:00
2024-11-11 20:50:20,658 - Short Sell 16.00 shares at 1206.62 on 2024-10-17 14:30:00+00:00
2024-11-11 20:50:20,658 - Short Sell 16.00 shares at 1204.46 on 2024-10-17 14:45:00+00:00
2024-11-11 20:50:20,658 - Short Sell 16.00 shares at 1200.54 on 2024-10-17 15:00:00+00:00
2024-11-11 20:50:20,658 - Short Sell 16.00 shares at 1202.92 on 2024-10-17 15:15:00+00:00
2024-11-11 20:50:20,658 - Short Sell 16.00 shares at 1201.09 on 2024-10-17 15:30:00+00:00
2024-11-11 20:50:20,658 - Short Sell 16.00 shares at 1202.77 on 2024-10-17 15:45:00+00:00
2024-11-11 20:50:20,658 - Short Sell 16.00 shares at 1203.33 on 2024-10-17 16:00:00+00:00
2024-11-11 20:50:20,658 - Short Sell 16.00 shares at 1204.26 on 2024-10-17 16:15:00+00:00
2024-11-11 20:50:20,658 - Short Sell 16.00 shares at 1202.0 on 2024-10-17 16:30:00+00:00
2024-11-11 20:50:20,658 - Short Sell 16.00 shares at 1203.5 on 2024-10-17 16:45:00+00:00
2024-11-11 20:50:20,658 - Short Sell 16.00 shares at 1202.28 on 2024-10-17 17:00:00+00:00
2024-11-11 20:50:20,658 - Short Sell 16.00 shares at 1201.3 on 2024-10-17 17:15:00+00:00
2024-11-11 20:50:20,658 - Short Sell 16.00 shares at 1202.34 on 2024-10-17 17:30:00+00:00
2024-11-11 20:50:20,659 - Short Sell 16.00 shares at 1203.57 on 2024-10-17 17:45:00+00:00
2024-11-11 20:50:20,659 - Short Sell 16.00 shares at 1201.38 on 2024-10-17 18:00:00+00:00
2024-11-11 20:50:20,659 - Short Sell 16.00 shares at 1202.71 on 2024-10-17 18:15:00+00:00
2024-11-11 20:50:20,659 - Short Sell 16.00 shares at 1203.32 on 2024-10-17 18:30:00+00:00
2024-11-11 20:50:20,659 - Buy to cover -464.00 shares at 1201.0 on 2024-10-17 19:00:00+00:00 (Exit: Signal, Profit: 477.7600000001403, Duration: 1500.0 minutes)
2024-11-11 20:50:20,659 - Long Buy 16.00 shares at 1201.49 on 2024-10-17 19:15:00+00:00
2024-11-11 20:50:20,659 - Sell to close 16.00 shares at 1205.12 on 2024-10-17 19:45:00+00:00 (Exit: Signal, Profit: 58.07999999999811, Duration: 30.0 minutes)
2024-11-11 20:50:20,659 - Short Sell 16.00 shares at 1209.04 on 2024-10-18 14:00:00+00:00
2024-11-11 20:50:20,659 - Short Sell 16.00 shares at 1210.86 on 2024-10-18 14:15:00+00:00
2024-11-11 20:50:20,659 - Short Sell 16.00 shares at 1209.59 on 2024-10-18 14:30:00+00:00
2024-11-11 20:50:20,659 - Short Sell 16.00 shares at 1211.38 on 2024-10-18 14:45:00+00:00
2024-11-11 20:50:20,659 - Short Sell 16.00 shares at 1211.75 on 2024-10-18 15:00:00+00:00
2024-11-11 20:50:20,659 - Short Sell 16.00 shares at 1213.21 on 2024-10-18 15:15:00+00:00
2024-11-11 20:50:20,659 - Short Sell 16.00 shares at 1213.29 on 2024-10-18 15:30:00+00:00
2024-11-11 20:50:20,659 - Short Sell 16.00 shares at 1213.54 on 2024-10-18 15:45:00+00:00
2024-11-11 20:50:20,659 - Short Sell 16.00 shares at 1213.17 on 2024-10-18 16:00:00+00:00
2024-11-11 20:50:20,659 - Short Sell 16.00 shares at 1214.4 on 2024-10-18 16:15:00+00:00
2024-11-11 20:50:20,659 - Short Sell 16.00 shares at 1214.12 on 2024-10-18 16:30:00+00:00
2024-11-11 20:50:20,659 - Short Sell 16.00 shares at 1215.96 on 2024-10-18 16:45:00+00:00
2024-11-11 20:50:20,659 - Short Sell 16.00 shares at 1215.55 on 2024-10-18 17:00:00+00:00
2024-11-11 20:50:20,659 - Short Sell 16.00 shares at 1212.76 on 2024-10-18 17:15:00+00:00
2024-11-11 20:50:20,659 - Short Sell 16.00 shares at 1212.2 on 2024-10-18 17:30:00+00:00
2024-11-11 20:50:20,659 - Short Sell 16.00 shares at 1212.2 on 2024-10-18 17:45:00+00:00
2024-11-11 20:50:20,659 - Short Sell 16.00 shares at 1215.88 on 2024-10-18 18:00:00+00:00
2024-11-11 20:50:20,659 - Short Sell 16.00 shares at 1216.43 on 2024-10-18 18:15:00+00:00
2024-11-11 20:50:20,659 - Short Sell 16.00 shares at 1212.94 on 2024-10-18 18:30:00+00:00
2024-11-11 20:50:20,659 - Short Sell 16.00 shares at 1212.64 on 2024-10-18 18:45:00+00:00
2024-11-11 20:50:20,659 - Short Sell 16.00 shares at 1210.55 on 2024-10-18 19:00:00+00:00
2024-11-11 20:50:20,660 - Short Sell 16.00 shares at 1210.9 on 2024-10-18 19:15:00+00:00
2024-11-11 20:50:20,660 - Buy to cover -352.00 shares at 1207.4 on 2024-10-18 19:30:00+00:00 (Exit: Signal, Profit: 1912.959999999941, Duration: 330.0 minutes)
2024-11-11 20:50:20,660 - Short Sell 16.00 shares at 1217.55 on 2024-10-21 13:30:00+00:00
2024-11-11 20:50:20,660 - Short Sell 16.00 shares at 1215.97 on 2024-10-21 14:00:00+00:00
2024-11-11 20:50:20,660 - Short Sell 16.00 shares at 1215.33 on 2024-10-21 14:15:00+00:00
2024-11-11 20:50:20,660 - Short Sell 16.00 shares at 1217.54 on 2024-10-21 14:30:00+00:00
2024-11-11 20:50:20,660 - Short Sell 16.00 shares at 1213.0 on 2024-10-21 14:45:00+00:00
2024-11-11 20:50:20,660 - Buy to cover -80.00 shares at 1208.94 on 2024-10-21 15:00:00+00:00 (Exit: Profit_take, Profit: 555.03999999999, Duration: 90.0 minutes)
2024-11-11 20:50:20,660 - Short Sell 16.00 shares at 1214.01 on 2024-10-21 15:30:00+00:00
2024-11-11 20:50:20,660 - Short Sell 16.00 shares at 1215.78 on 2024-10-21 15:45:00+00:00
2024-11-11 20:50:20,660 - Short Sell 16.00 shares at 1216.15 on 2024-10-21 16:00:00+00:00
2024-11-11 20:50:20,660 - Short Sell 16.00 shares at 1217.88 on 2024-10-21 16:15:00+00:00
2024-11-11 20:50:20,660 - Short Sell 16.00 shares at 1217.99 on 2024-10-21 16:30:00+00:00
2024-11-11 20:50:20,660 - Short Sell 16.00 shares at 1219.4 on 2024-10-21 16:45:00+00:00
2024-11-11 20:50:20,660 - Short Sell 16.00 shares at 1218.78 on 2024-10-21 17:00:00+00:00
2024-11-11 20:50:20,660 - Short Sell 16.00 shares at 1220.16 on 2024-10-21 17:15:00+00:00
2024-11-11 20:50:20,660 - Short Sell 16.00 shares at 1220.0 on 2024-10-21 17:30:00+00:00
2024-11-11 20:50:20,660 - Short Sell 16.00 shares at 1220.24 on 2024-10-21 17:45:00+00:00
2024-11-11 20:50:20,660 - Short Sell 16.00 shares at 1220.77 on 2024-10-21 18:00:00+00:00
2024-11-11 20:50:20,660 - Short Sell 16.00 shares at 1217.79 on 2024-10-21 18:15:00+00:00
2024-11-11 20:50:20,660 - Short Sell 16.00 shares at 1218.93 on 2024-10-21 18:30:00+00:00
2024-11-11 20:50:20,660 - Short Sell 16.00 shares at 1215.81 on 2024-10-21 18:45:00+00:00
2024-11-11 20:50:20,660 - Short Sell 16.00 shares at 1218.25 on 2024-10-21 19:00:00+00:00
2024-11-11 20:50:20,660 - Short Sell 16.00 shares at 1219.0 on 2024-10-21 19:15:00+00:00
2024-11-11 20:50:20,660 - Short Sell 16.00 shares at 1219.04 on 2024-10-21 19:30:00+00:00
2024-11-11 20:50:20,660 - Short Sell 16.00 shares at 1219.08 on 2024-10-21 19:45:00+00:00
2024-11-11 20:50:20,660 - Buy to cover -288.00 shares at 1197.19 on 2024-10-22 13:30:00+00:00 (Exit: Profit_take, Profit: 6074.240000000063, Duration: 1320.0 minutes)
2024-11-11 20:50:20,660 - Long Buy 16.00 shares at 1199.52 on 2024-10-22 13:45:00+00:00
2024-11-11 20:50:20,661 - Sell to close 16.00 shares at 1202.13 on 2024-10-22 14:00:00+00:00 (Exit: Signal, Profit: 41.76000000000204, Duration: 15.0 minutes)
2024-11-11 20:50:20,661 - Short Sell 16.00 shares at 1200.83 on 2024-10-22 14:15:00+00:00
2024-11-11 20:50:20,661 - Short Sell 16.00 shares at 1201.5 on 2024-10-22 14:45:00+00:00
2024-11-11 20:50:20,661 - Short Sell 16.00 shares at 1205.75 on 2024-10-22 15:00:00+00:00
2024-11-11 20:50:20,661 - Short Sell 16.00 shares at 1202.49 on 2024-10-22 15:15:00+00:00
2024-11-11 20:50:20,661 - Short Sell 16.00 shares at 1204.52 on 2024-10-22 15:30:00+00:00
2024-11-11 20:50:20,661 - Short Sell 16.00 shares at 1205.45 on 2024-10-22 16:00:00+00:00
2024-11-11 20:50:20,661 - Short Sell 16.00 shares at 1205.94 on 2024-10-22 16:15:00+00:00
2024-11-11 20:50:20,661 - Short Sell 16.00 shares at 1205.67 on 2024-10-22 16:30:00+00:00
2024-11-11 20:50:20,661 - Short Sell 16.00 shares at 1203.11 on 2024-10-22 16:45:00+00:00
2024-11-11 20:50:20,661 - Short Sell 16.00 shares at 1203.92 on 2024-10-22 17:15:00+00:00
2024-11-11 20:50:20,661 - Short Sell 16.00 shares at 1205.47 on 2024-10-22 17:30:00+00:00
2024-11-11 20:50:20,661 - Short Sell 16.00 shares at 1207.93 on 2024-10-22 17:45:00+00:00
2024-11-11 20:50:20,661 - Short Sell 16.00 shares at 1208.38 on 2024-10-22 18:00:00+00:00
2024-11-11 20:50:20,661 - Buy to cover -208.00 shares at 1211.95 on 2024-10-22 18:15:00+00:00 (Exit: Stop_loss, Profit: -1510.2400000000052, Duration: 240.0 minutes)
2024-11-11 20:50:20,661 - Short Sell 16.00 shares at 1206.62 on 2024-10-23 14:15:00+00:00
2024-11-11 20:50:20,661 - Short Sell 16.00 shares at 1201.15 on 2024-10-23 15:00:00+00:00
2024-11-11 20:50:20,661 - Short Sell 16.00 shares at 1203.51 on 2024-10-23 15:30:00+00:00
2024-11-11 20:50:20,661 - Short Sell 16.00 shares at 1203.77 on 2024-10-23 15:45:00+00:00
2024-11-11 20:50:20,661 - Short Sell 16.00 shares at 1203.54 on 2024-10-23 16:00:00+00:00
2024-11-11 20:50:20,661 - Short Sell 16.00 shares at 1204.51 on 2024-10-23 16:30:00+00:00
2024-11-11 20:50:20,662 - Buy to cover -96.00 shares at 1197.25 on 2024-10-23 19:00:00+00:00 (Exit: Profit_take, Profit: 633.5999999999913, Duration: 285.0 minutes)
2024-11-11 20:50:20,662 - Long Buy 16.00 shares at 1195.75 on 2024-10-24 13:45:00+00:00
2024-11-11 20:50:20,662 - Sell to close 16.00 shares at 1206.52 on 2024-10-24 14:15:00+00:00 (Exit: Profit_take, Profit: 172.3199999999997, Duration: 30.0 minutes)
2024-11-11 20:50:20,662 - Short Sell 16.00 shares at 1209.5 on 2024-10-24 14:45:00+00:00
2024-11-11 20:50:20,662 - Short Sell 16.00 shares at 1205.86 on 2024-10-24 15:00:00+00:00
2024-11-11 20:50:20,662 - Short Sell 16.00 shares at 1206.75 on 2024-10-24 15:30:00+00:00
2024-11-11 20:50:20,662 - Buy to cover -48.00 shares at 1198.72 on 2024-10-24 15:45:00+00:00 (Exit: Profit_take, Profit: 415.19999999999345, Duration: 60.0 minutes)
2024-11-11 20:50:20,662 - Long Buy 16.00 shares at 1189.38 on 2024-10-24 16:00:00+00:00
2024-11-11 20:50:20,662 - Long Buy 16.00 shares at 1194.2 on 2024-10-24 16:15:00+00:00
2024-11-11 20:50:20,662 - Long Buy 16.00 shares at 1196.83 on 2024-10-24 16:30:00+00:00
2024-11-11 20:50:20,662 - Sell to close 48.00 shares at 1201.43 on 2024-10-24 16:45:00+00:00 (Exit: Profit_take, Profit: 382.08000000000175, Duration: 45.0 minutes)
2024-11-11 20:50:20,662 - Short Sell 16.00 shares at 1206.1 on 2024-10-24 17:00:00+00:00
2024-11-11 20:50:20,662 - Short Sell 16.00 shares at 1205.23 on 2024-10-24 17:15:00+00:00
2024-11-11 20:50:20,662 - Short Sell 16.00 shares at 1204.37 on 2024-10-24 17:30:00+00:00
2024-11-11 20:50:20,662 - Short Sell 16.00 shares at 1204.33 on 2024-10-24 17:45:00+00:00
2024-11-11 20:50:20,662 - Short Sell 16.00 shares at 1204.08 on 2024-10-24 18:00:00+00:00
2024-11-11 20:50:20,662 - Short Sell 16.00 shares at 1201.79 on 2024-10-24 18:15:00+00:00
2024-11-11 20:50:20,662 - Short Sell 16.00 shares at 1203.19 on 2024-10-24 18:45:00+00:00
2024-11-11 20:50:20,662 - Short Sell 16.00 shares at 1204.36 on 2024-10-24 19:00:00+00:00
2024-11-11 20:50:20,662 - Short Sell 16.00 shares at 1204.78 on 2024-10-24 19:15:00+00:00
2024-11-11 20:50:20,662 - Short Sell 16.00 shares at 1205.11 on 2024-10-24 19:30:00+00:00
2024-11-11 20:50:20,663 - Short Sell 16.00 shares at 1207.52 on 2024-10-25 13:30:00+00:00
2024-11-11 20:50:20,663 - Short Sell 16.00 shares at 1208.71 on 2024-10-25 13:45:00+00:00
2024-11-11 20:50:20,663 - Buy to cover -192.00 shares at 1211.8 on 2024-10-25 14:00:00+00:00 (Exit: Stop_loss, Profit: -1312.4799999999523, Duration: 1260.0 minutes)
2024-11-11 20:50:20,663 - Long Buy 16.00 shares at 1198.09 on 2024-10-28 14:00:00+00:00
2024-11-11 20:50:20,663 - Long Buy 16.00 shares at 1199.64 on 2024-10-28 15:00:00+00:00
2024-11-11 20:50:20,663 - Long Buy 16.00 shares at 1199.2 on 2024-10-28 15:15:00+00:00
2024-11-11 20:50:20,663 - Long Buy 15.00 shares at 1196.07 on 2024-10-28 15:30:00+00:00
2024-11-11 20:50:20,663 - Long Buy 15.00 shares at 1196.4 on 2024-10-28 15:45:00+00:00
2024-11-11 20:50:20,663 - Long Buy 15.00 shares at 1197.25 on 2024-10-28 16:00:00+00:00
2024-11-11 20:50:20,663 - Long Buy 14.00 shares at 1194.65 on 2024-10-28 16:15:00+00:00
2024-11-11 20:50:20,663 - Long Buy 14.00 shares at 1192.99 on 2024-10-28 16:30:00+00:00
2024-11-11 20:50:20,663 - Long Buy 14.00 shares at 1196.31 on 2024-10-28 16:45:00+00:00
2024-11-11 20:50:20,663 - Long Buy 14.00 shares at 1196.48 on 2024-10-28 17:00:00+00:00
2024-11-11 20:50:20,663 - Long Buy 13.00 shares at 1200.17 on 2024-10-28 18:00:00+00:00
2024-11-11 20:50:20,663 - Long Buy 13.00 shares at 1199.78 on 2024-10-28 18:15:00+00:00
2024-11-11 20:50:20,663 - Long Buy 13.00 shares at 1197.15 on 2024-10-28 18:30:00+00:00
2024-11-11 20:50:20,663 - Long Buy 13.00 shares at 1198.73 on 2024-10-28 18:45:00+00:00
2024-11-11 20:50:20,663 - Long Buy 12.00 shares at 1197.66 on 2024-10-28 19:00:00+00:00
2024-11-11 20:50:20,663 - Long Buy 12.00 shares at 1198.64 on 2024-10-28 19:15:00+00:00
2024-11-11 20:50:20,663 - Long Buy 12.00 shares at 1197.38 on 2024-10-28 19:45:00+00:00
2024-11-11 20:50:20,663 - Long Buy 12.00 shares at 1194.19 on 2024-10-29 13:30:00+00:00
2024-11-11 20:50:20,663 - Long Buy 11.00 shares at 1191.82 on 2024-10-29 13:45:00+00:00
2024-11-11 20:50:20,663 - Long Buy 11.00 shares at 1195.35 on 2024-10-29 14:00:00+00:00
2024-11-11 20:50:20,664 - Long Buy 11.00 shares at 1193.67 on 2024-10-29 14:15:00+00:00
2024-11-11 20:50:20,664 - Long Buy 11.00 shares at 1193.67 on 2024-10-29 14:30:00+00:00
2024-11-11 20:50:20,664 - Sell to close 293.00 shares at 1187.61 on 2024-10-29 14:45:00+00:00 (Exit: Stop_loss, Profit: -2672.8100000000522, Duration: 1485.0 minutes)
2024-11-11 20:50:20,664 - Long Buy 16.00 shares at 1181.2 on 2024-10-30 13:30:00+00:00
2024-11-11 20:50:20,664 - Long Buy 16.00 shares at 1180.01 on 2024-10-30 13:45:00+00:00
2024-11-11 20:50:20,664 - Long Buy 16.00 shares at 1176.52 on 2024-10-30 14:00:00+00:00
2024-11-11 20:50:20,664 - Long Buy 16.00 shares at 1176.72 on 2024-10-30 14:15:00+00:00
2024-11-11 20:50:20,664 - Long Buy 15.00 shares at 1174.97 on 2024-10-30 14:30:00+00:00
2024-11-11 20:50:20,664 - Long Buy 15.00 shares at 1176.21 on 2024-10-30 14:45:00+00:00
2024-11-11 20:50:20,664 - Long Buy 15.00 shares at 1172.52 on 2024-10-30 15:00:00+00:00
2024-11-11 20:50:20,664 - Long Buy 14.00 shares at 1173.18 on 2024-10-30 15:15:00+00:00
2024-11-11 20:50:20,664 - Long Buy 14.00 shares at 1175.04 on 2024-10-30 15:30:00+00:00
2024-11-11 20:50:20,664 - Long Buy 14.00 shares at 1176.64 on 2024-10-30 15:45:00+00:00
2024-11-11 20:50:20,664 - Long Buy 14.00 shares at 1175.74 on 2024-10-30 16:00:00+00:00
2024-11-11 20:50:20,664 - Long Buy 13.00 shares at 1172.07 on 2024-10-30 16:15:00+00:00
2024-11-11 20:50:20,664 - Long Buy 13.00 shares at 1170.04 on 2024-10-30 16:30:00+00:00
2024-11-11 20:50:20,664 - Long Buy 13.00 shares at 1170.04 on 2024-10-30 16:45:00+00:00
2024-11-11 20:50:20,664 - Long Buy 13.00 shares at 1172.33 on 2024-10-30 17:00:00+00:00
2024-11-11 20:50:20,664 - Sell to close 217.00 shares at 1168.61 on 2024-10-30 17:15:00+00:00 (Exit: Stop_loss, Profit: -1404.9699999999557, Duration: 225.0 minutes)
2024-11-11 20:50:20,664 - Short Sell 17.00 shares at 1165.3 on 2024-10-31 13:30:00+00:00
2024-11-11 20:50:20,665 - Short Sell 17.00 shares at 1167.33 on 2024-10-31 13:45:00+00:00
2024-11-11 20:50:20,665 - Buy to cover -34.00 shares at 1159.94 on 2024-10-31 14:00:00+00:00 (Exit: Profit_take, Profit: 216.75, Duration: 30.0 minutes)
2024-11-11 20:50:20,665 - Long Buy 17.00 shares at 1153.7 on 2024-10-31 14:15:00+00:00
2024-11-11 20:50:20,665 - Long Buy 16.00 shares at 1158.09 on 2024-10-31 14:30:00+00:00
2024-11-11 20:50:20,665 - Long Buy 16.00 shares at 1156.0 on 2024-10-31 14:45:00+00:00
2024-11-11 20:50:20,665 - Long Buy 16.00 shares at 1154.94 on 2024-10-31 15:00:00+00:00
2024-11-11 20:50:20,665 - Long Buy 16.00 shares at 1155.24 on 2024-10-31 15:15:00+00:00
2024-11-11 20:50:20,665 - Long Buy 15.00 shares at 1154.2 on 2024-10-31 15:30:00+00:00
2024-11-11 20:50:20,665 - Long Buy 15.00 shares at 1153.5 on 2024-10-31 15:45:00+00:00
2024-11-11 20:50:20,665 - Long Buy 15.00 shares at 1154.25 on 2024-10-31 16:00:00+00:00
2024-11-11 20:50:20,665 - Long Buy 14.00 shares at 1156.94 on 2024-10-31 16:15:00+00:00
2024-11-11 20:50:20,665 - Long Buy 14.00 shares at 1156.8 on 2024-10-31 16:30:00+00:00
2024-11-11 20:50:20,665 - Long Buy 14.00 shares at 1157.82 on 2024-10-31 16:45:00+00:00
2024-11-11 20:50:20,665 - Long Buy 13.00 shares at 1158.3 on 2024-10-31 17:00:00+00:00
2024-11-11 20:50:20,665 - Long Buy 13.00 shares at 1156.28 on 2024-10-31 17:15:00+00:00
2024-11-11 20:50:20,665 - Long Buy 13.00 shares at 1154.71 on 2024-10-31 17:30:00+00:00
2024-11-11 20:50:20,665 - Long Buy 13.00 shares at 1155.0 on 2024-10-31 17:45:00+00:00
2024-11-11 20:50:20,665 - Long Buy 12.00 shares at 1154.87 on 2024-10-31 18:00:00+00:00
2024-11-11 20:50:20,665 - Long Buy 12.00 shares at 1155.02 on 2024-10-31 18:15:00+00:00
2024-11-11 20:50:20,665 - Long Buy 12.00 shares at 1157.53 on 2024-10-31 18:30:00+00:00
2024-11-11 20:50:20,665 - Long Buy 12.00 shares at 1157.58 on 2024-10-31 18:45:00+00:00
2024-11-11 20:50:20,665 - Long Buy 11.00 shares at 1153.61 on 2024-10-31 19:00:00+00:00
2024-11-11 20:50:20,665 - Long Buy 11.00 shares at 1155.32 on 2024-10-31 19:15:00+00:00
2024-11-11 20:50:20,665 - Long Buy 11.00 shares at 1153.42 on 2024-10-31 19:30:00+00:00
2024-11-11 20:50:20,665 - Long Buy 11.00 shares at 1153.13 on 2024-10-31 19:45:00+00:00
2024-11-11 20:50:20,665 - Long Buy 11.00 shares at 1151.03 on 2024-11-01 13:30:00+00:00
2024-11-11 20:50:20,665 - Long Buy 10.00 shares at 1149.23 on 2024-11-01 13:45:00+00:00
2024-11-11 20:50:20,665 - Long Buy 10.00 shares at 1159.09 on 2024-11-01 14:30:00+00:00
2024-11-11 20:50:20,665 - Long Buy 10.00 shares at 1158.27 on 2024-11-01 14:45:00+00:00
2024-11-11 20:50:20,665 - Long Buy 10.00 shares at 1153.49 on 2024-11-01 15:00:00+00:00
2024-11-11 20:50:20,665 - Long Buy 10.00 shares at 1152.78 on 2024-11-01 15:15:00+00:00
2024-11-11 20:50:20,665 - Long Buy 9.00 shares at 1151.27 on 2024-11-01 15:30:00+00:00
2024-11-11 20:50:20,666 - Long Buy 9.00 shares at 1150.76 on 2024-11-01 15:45:00+00:00
2024-11-11 20:50:20,666 - Long Buy 9.00 shares at 1151.04 on 2024-11-01 16:00:00+00:00
2024-11-11 20:50:20,666 - Sell to close 400.00 shares at 1148.93 on 2024-11-01 16:15:00+00:00 (Exit: Stop_loss, Profit: -2413.9200000002347, Duration: 1560.0 minutes)
2024-11-11 20:50:20,666 - Long Buy 17.00 shares at 1156.13 on 2024-11-04 16:15:00+00:00
2024-11-11 20:50:20,666 - Long Buy 16.00 shares at 1153.9 on 2024-11-04 16:30:00+00:00
2024-11-11 20:50:20,666 - Long Buy 16.00 shares at 1153.4 on 2024-11-04 16:45:00+00:00
2024-11-11 20:50:20,666 - Long Buy 16.00 shares at 1153.63 on 2024-11-04 17:00:00+00:00
2024-11-11 20:50:20,666 - Long Buy 16.00 shares at 1153.24 on 2024-11-04 18:00:00+00:00
2024-11-11 20:50:20,666 - Long Buy 15.00 shares at 1152.02 on 2024-11-04 18:45:00+00:00
2024-11-11 20:50:20,666 - Sell to close 96.00 shares at 1162.09 on 2024-11-05 15:00:00+00:00 (Exit: Profit_take, Profit: 799.4100000000035, Duration: 1365.0 minutes)
2024-11-11 20:50:20,666 - Short Sell 17.00 shares at 1164.48 on 2024-11-05 15:15:00+00:00
2024-11-11 20:50:20,666 - Short Sell 17.00 shares at 1163.28 on 2024-11-05 15:30:00+00:00
2024-11-11 20:50:20,666 - Short Sell 17.00 shares at 1161.22 on 2024-11-05 15:45:00+00:00
2024-11-11 20:50:20,666 - Buy to cover -51.00 shares at 1155.71 on 2024-11-05 16:00:00+00:00 (Exit: Profit_take, Profit: 371.44999999999845, Duration: 45.0 minutes)
2024-11-11 20:50:20,667 - Short Sell 17.00 shares at 1159.49 on 2024-11-05 17:30:00+00:00
2024-11-11 20:50:20,667 - Short Sell 17.00 shares at 1161.2 on 2024-11-05 17:45:00+00:00
2024-11-11 20:50:20,667 - Short Sell 17.00 shares at 1160.97 on 2024-11-05 18:00:00+00:00
2024-11-11 20:50:20,667 - Short Sell 17.00 shares at 1160.3 on 2024-11-05 18:15:00+00:00
2024-11-11 20:50:20,667 - Short Sell 17.00 shares at 1161.6 on 2024-11-05 18:30:00+00:00
2024-11-11 20:50:20,667 - Short Sell 17.00 shares at 1161.77 on 2024-11-05 18:45:00+00:00
2024-11-11 20:50:20,667 - Short Sell 17.00 shares at 1163.27 on 2024-11-05 19:00:00+00:00
2024-11-11 20:50:20,667 - Short Sell 17.00 shares at 1162.09 on 2024-11-05 19:15:00+00:00
2024-11-11 20:50:20,667 - Short Sell 17.00 shares at 1161.9 on 2024-11-05 19:30:00+00:00
2024-11-11 20:50:20,667 - Short Sell 17.00 shares at 1162.08 on 2024-11-05 19:45:00+00:00
2024-11-11 20:50:20,667 - Short Sell 17.00 shares at 1163.73 on 2024-11-05 20:00:00+00:00
2024-11-11 20:50:20,667 - Short Sell 17.00 shares at 1163.66 on 2024-11-05 20:15:00+00:00
2024-11-11 20:50:20,667 - Short Sell 17.00 shares at 1162.02 on 2024-11-05 20:45:00+00:00
2024-11-11 20:50:20,667 - Buy to cover -221.00 shares at 1219.85 on 2024-11-06 14:30:00+00:00 (Exit: Stop_loss, Profit: -12817.489999999978, Duration: 1260.0 minutes)
2024-11-11 20:50:20,667 - Long Buy 16.00 shares at 1222.3 on 2024-11-07 14:30:00+00:00
2024-11-11 20:50:20,667 - Long Buy 15.00 shares at 1223.53 on 2024-11-07 14:45:00+00:00
2024-11-11 20:50:20,667 - Long Buy 15.00 shares at 1223.68 on 2024-11-07 15:00:00+00:00
2024-11-11 20:50:20,667 - Long Buy 15.00 shares at 1220.25 on 2024-11-07 15:15:00+00:00
2024-11-11 20:50:20,667 - Long Buy 14.00 shares at 1222.78 on 2024-11-07 15:30:00+00:00
2024-11-11 20:50:20,667 - Long Buy 14.00 shares at 1221.92 on 2024-11-07 15:45:00+00:00
2024-11-11 20:50:20,667 - Long Buy 14.00 shares at 1219.55 on 2024-11-07 16:00:00+00:00
2024-11-11 20:50:20,667 - Long Buy 14.00 shares at 1217.99 on 2024-11-07 16:15:00+00:00
2024-11-11 20:50:20,667 - Long Buy 13.00 shares at 1218.41 on 2024-11-07 16:30:00+00:00
2024-11-11 20:50:20,667 - Long Buy 13.00 shares at 1217.52 on 2024-11-07 16:45:00+00:00
2024-11-11 20:50:20,667 - Long Buy 13.00 shares at 1220.06 on 2024-11-07 17:00:00+00:00
2024-11-11 20:50:20,668 - Long Buy 13.00 shares at 1221.39 on 2024-11-07 17:15:00+00:00
2024-11-11 20:50:20,668 - Long Buy 12.00 shares at 1221.15 on 2024-11-07 17:30:00+00:00
2024-11-11 20:50:20,668 - Long Buy 12.00 shares at 1219.02 on 2024-11-07 17:45:00+00:00
2024-11-11 20:50:20,668 - Long Buy 12.00 shares at 1219.47 on 2024-11-07 18:00:00+00:00
2024-11-11 20:50:20,668 - Long Buy 12.00 shares at 1216.63 on 2024-11-07 18:15:00+00:00
2024-11-11 20:50:20,668 - Long Buy 11.00 shares at 1216.63 on 2024-11-07 18:30:00+00:00
2024-11-11 20:50:20,668 - Long Buy 11.00 shares at 1220.94 on 2024-11-07 18:45:00+00:00
2024-11-11 20:50:20,668 - Long Buy 11.00 shares at 1220.63 on 2024-11-07 19:00:00+00:00
2024-11-11 20:50:20,668 - Long Buy 11.00 shares at 1221.35 on 2024-11-07 19:15:00+00:00
2024-11-11 20:50:20,668 - Sell to close 261.00 shares at 1222.84 on 2024-11-07 19:30:00+00:00 (Exit: Signal, Profit: 644.9499999999769, Duration: 300.0 minutes)
2024-11-11 20:50:20,668 - Long Buy 16.00 shares at 1218.07 on 2024-11-07 20:30:00+00:00
2024-11-11 20:50:20,668 - Long Buy 15.00 shares at 1213.24 on 2024-11-07 20:45:00+00:00
2024-11-11 20:50:20,668 - Sell to close 31.00 shares at 1229.0 on 2024-11-08 14:30:00+00:00 (Exit: Profit_take, Profit: 411.2799999999995, Duration: 1080.0 minutes)
2024-11-11 20:50:20,668 - Short Sell 16.00 shares at 1229.4 on 2024-11-08 14:45:00+00:00
2024-11-11 20:50:20,668 - Short Sell 16.00 shares at 1231.9 on 2024-11-08 15:00:00+00:00
2024-11-11 20:50:20,668 - Short Sell 16.00 shares at 1228.24 on 2024-11-08 15:15:00+00:00
2024-11-11 20:50:20,668 - Short Sell 16.00 shares at 1233.8 on 2024-11-08 15:30:00+00:00
2024-11-11 20:50:20,668 - Short Sell 16.00 shares at 1231.36 on 2024-11-08 15:45:00+00:00
2024-11-11 20:50:20,668 - Short Sell 16.00 shares at 1229.03 on 2024-11-08 16:00:00+00:00
2024-11-11 20:50:20,668 - Short Sell 16.00 shares at 1227.58 on 2024-11-08 16:15:00+00:00
2024-11-11 20:50:20,668 - Short Sell 16.00 shares at 1227.45 on 2024-11-08 16:45:00+00:00
2024-11-11 20:50:20,668 - Short Sell 16.00 shares at 1229.16 on 2024-11-08 17:00:00+00:00
2024-11-11 20:50:20,668 - Short Sell 16.00 shares at 1226.83 on 2024-11-08 17:15:00+00:00
2024-11-11 20:50:20,668 - Short Sell 16.00 shares at 1226.94 on 2024-11-08 17:30:00+00:00
2024-11-11 20:50:20,668 - Buy to cover -176.00 shares at 1222.88 on 2024-11-08 18:15:00+00:00 (Exit: Profit_take, Profit: 1120.1599999999817, Duration: 210.0 minutes)
2024-11-11 20:50:20,669 - Long Buy 16.00 shares at 1217.84 on 2024-11-08 20:30:00+00:00
2024-11-11 20:50:20,670 - Holding 16.0 shares as an open position at the end with unrealized return: 0.0004105629639361493, Duration: 15.0 minutes
2024-11-11 20:50:20,671 - Final statisticsStock: ORLY, 
total_trades: 27, 
winning_trades: 20, 
losing_trades: 7, 
average_return: 0.000773780884190958, 
average_duration: 691.6666666666666, 
final_balance: 970396.3200000006, 
final_portfolio_value: 989889.7600000006, 
sharpe_ratio: 9.796825468193797, 



