2024-11-11 20:21:14,346 - Starting GBMStrategy with initial capital: 1000000
2024-11-11 20:21:14,346 - Hyperparameters: {'threshold': 1.5, 'time_periods': 30, 'num_simulations': 150}
2024-11-11 20:22:57,283 - Short Sell 190.00 shares at 104.79 on 2024-10-11 14:30:00+00:00
2024-11-11 20:22:57,285 - Short Sell 190.00 shares at 104.84 on 2024-10-11 14:45:00+00:00
2024-11-11 20:22:57,285 - Short Sell 190.00 shares at 105.23 on 2024-10-11 15:00:00+00:00
2024-11-11 20:22:57,285 - Short Sell 189.00 shares at 105.27 on 2024-10-11 15:15:00+00:00
2024-11-11 20:22:57,285 - Short Sell 189.00 shares at 105.3 on 2024-10-11 15:30:00+00:00
2024-11-11 20:22:57,285 - Short Sell 190.00 shares at 104.92 on 2024-10-11 15:45:00+00:00
2024-11-11 20:22:57,285 - Buy to cover -1138.00 shares at 104.56 on 2024-10-11 16:00:00+00:00 (Exit: Signal, Profit: 566.6500000000069, Duration: 90.0 minutes)
2024-11-11 20:22:57,285 - Long Buy 191.00 shares at 104.24 on 2024-10-11 16:15:00+00:00
2024-11-11 20:22:57,285 - Long Buy 188.00 shares at 104.08 on 2024-10-11 16:30:00+00:00
2024-11-11 20:22:57,285 - Long Buy 184.00 shares at 104.34 on 2024-10-11 16:45:00+00:00
2024-11-11 20:22:57,285 - Long Buy 180.00 shares at 104.24 on 2024-10-11 17:00:00+00:00
2024-11-11 20:22:57,286 - Long Buy 177.00 shares at 104.3 on 2024-10-11 17:15:00+00:00
2024-11-11 20:22:57,286 - Long Buy 173.00 shares at 104.43 on 2024-10-11 17:30:00+00:00
2024-11-11 20:22:57,286 - Long Buy 169.00 shares at 104.42 on 2024-10-11 17:45:00+00:00
2024-11-11 20:22:57,286 - Long Buy 166.00 shares at 104.37 on 2024-10-11 18:00:00+00:00
2024-11-11 20:22:57,286 - Long Buy 163.00 shares at 104.35 on 2024-10-11 18:15:00+00:00
2024-11-11 20:22:57,286 - Long Buy 160.00 shares at 104.28 on 2024-10-11 18:30:00+00:00
2024-11-11 20:22:57,286 - Long Buy 156.00 shares at 104.32 on 2024-10-11 18:45:00+00:00
2024-11-11 20:22:57,286 - Long Buy 153.00 shares at 104.47 on 2024-10-11 19:15:00+00:00
2024-11-11 20:22:57,286 - Long Buy 151.00 shares at 104.05 on 2024-10-11 19:45:00+00:00
2024-11-11 20:22:57,286 - Long Buy 147.00 shares at 104.34 on 2024-10-14 13:30:00+00:00
2024-11-11 20:22:57,286 - Sell to close 2358.00 shares at 105.08 on 2024-10-14 14:00:00+00:00 (Exit: Profit_take, Profit: 1838.8999999999735, Duration: 4185.0 minutes)
2024-11-11 20:22:57,286 - Short Sell 190.00 shares at 105.23 on 2024-10-14 14:15:00+00:00
2024-11-11 20:22:57,286 - Short Sell 189.00 shares at 105.52 on 2024-10-14 14:30:00+00:00
2024-11-11 20:22:57,286 - Short Sell 189.00 shares at 105.73 on 2024-10-14 14:45:00+00:00
2024-11-11 20:22:57,286 - Short Sell 189.00 shares at 105.91 on 2024-10-14 15:00:00+00:00
2024-11-11 20:22:57,286 - Short Sell 189.00 shares at 105.75 on 2024-10-14 15:15:00+00:00
2024-11-11 20:22:57,286 - Buy to cover -946.00 shares at 105.72 on 2024-10-14 15:30:00+00:00 (Exit: Signal, Profit: -87.42999999999083, Duration: 75.0 minutes)
2024-11-11 20:22:57,286 - Long Buy 190.00 shares at 105.44 on 2024-10-14 17:15:00+00:00
2024-11-11 20:22:57,287 - Long Buy 186.00 shares at 105.5 on 2024-10-14 17:30:00+00:00
2024-11-11 20:22:57,287 - Long Buy 182.00 shares at 105.5 on 2024-10-14 18:00:00+00:00
2024-11-11 20:22:57,287 - Long Buy 178.00 shares at 105.42 on 2024-10-14 18:15:00+00:00
2024-11-11 20:22:57,287 - Long Buy 175.00 shares at 105.31 on 2024-10-14 19:00:00+00:00
2024-11-11 20:22:57,287 - Long Buy 172.00 shares at 105.29 on 2024-10-14 19:15:00+00:00
2024-11-11 20:22:57,287 - Long Buy 168.00 shares at 105.3 on 2024-10-14 19:30:00+00:00
2024-11-11 20:22:57,287 - Long Buy 165.00 shares at 105.4 on 2024-10-14 19:45:00+00:00
2024-11-11 20:22:57,287 - Long Buy 162.00 shares at 105.05 on 2024-10-15 13:45:00+00:00
2024-11-11 20:22:57,287 - Long Buy 159.00 shares at 105.14 on 2024-10-15 14:00:00+00:00
2024-11-11 20:22:57,287 - Long Buy 155.00 shares at 105.34 on 2024-10-15 14:15:00+00:00
2024-11-11 20:22:57,287 - Long Buy 152.00 shares at 105.34 on 2024-10-15 14:45:00+00:00
2024-11-11 20:22:57,287 - Long Buy 149.00 shares at 105.31 on 2024-10-15 15:45:00+00:00
2024-11-11 20:22:57,287 - Long Buy 146.00 shares at 105.41 on 2024-10-15 16:00:00+00:00
2024-11-11 20:22:57,287 - Long Buy 143.00 shares at 105.2 on 2024-10-15 16:30:00+00:00
2024-11-11 20:22:57,287 - Long Buy 140.00 shares at 105.17 on 2024-10-15 16:45:00+00:00
2024-11-11 20:22:57,287 - Long Buy 138.00 shares at 105.17 on 2024-10-15 17:00:00+00:00
2024-11-11 20:22:57,287 - Long Buy 135.00 shares at 105.16 on 2024-10-15 17:15:00+00:00
2024-11-11 20:22:57,287 - Long Buy 132.00 shares at 105.34 on 2024-10-15 17:30:00+00:00
2024-11-11 20:22:57,287 - Long Buy 129.00 shares at 105.24 on 2024-10-15 17:45:00+00:00
2024-11-11 20:22:57,287 - Long Buy 127.00 shares at 105.15 on 2024-10-15 18:00:00+00:00
2024-11-11 20:22:57,287 - Long Buy 125.00 shares at 104.94 on 2024-10-15 18:15:00+00:00
2024-11-11 20:22:57,288 - Long Buy 122.00 shares at 104.95 on 2024-10-15 18:30:00+00:00
2024-11-11 20:22:57,288 - Long Buy 120.00 shares at 104.9 on 2024-10-15 18:45:00+00:00
2024-11-11 20:22:57,288 - Long Buy 118.00 shares at 104.74 on 2024-10-15 19:00:00+00:00
2024-11-11 20:22:57,288 - Long Buy 115.00 shares at 104.8 on 2024-10-15 19:15:00+00:00
2024-11-11 20:22:57,288 - Long Buy 113.00 shares at 104.85 on 2024-10-15 19:30:00+00:00
2024-11-11 20:22:57,288 - Sell to close 3996.00 shares at 104.51 on 2024-10-15 19:45:00+00:00 (Exit: Stop_loss, Profit: -2857.84000000006, Duration: 1590.0 minutes)
2024-11-11 20:22:57,288 - Long Buy 190.00 shares at 105.05 on 2024-10-16 13:30:00+00:00
2024-11-11 20:22:57,288 - Long Buy 186.00 shares at 105.19 on 2024-10-16 13:45:00+00:00
2024-11-11 20:22:57,288 - Long Buy 182.00 shares at 105.18 on 2024-10-16 14:00:00+00:00
2024-11-11 20:22:57,288 - Long Buy 179.00 shares at 104.91 on 2024-10-16 14:30:00+00:00
2024-11-11 20:22:57,288 - Long Buy 175.00 shares at 104.96 on 2024-10-16 14:45:00+00:00
2024-11-11 20:22:57,288 - Long Buy 172.00 shares at 104.95 on 2024-10-16 15:00:00+00:00
2024-11-11 20:22:57,288 - Long Buy 168.00 shares at 105.01 on 2024-10-16 15:15:00+00:00
2024-11-11 20:22:57,288 - Long Buy 165.00 shares at 104.96 on 2024-10-16 15:30:00+00:00
2024-11-11 20:22:57,288 - Long Buy 162.00 shares at 105.01 on 2024-10-16 15:45:00+00:00
2024-11-11 20:22:57,288 - Long Buy 158.00 shares at 105.1 on 2024-10-16 16:00:00+00:00
2024-11-11 20:22:57,288 - Long Buy 155.00 shares at 104.98 on 2024-10-16 16:15:00+00:00
2024-11-11 20:22:57,288 - Long Buy 152.00 shares at 105.07 on 2024-10-16 16:30:00+00:00
2024-11-11 20:22:57,288 - Long Buy 149.00 shares at 105.05 on 2024-10-16 16:45:00+00:00
2024-11-11 20:22:57,288 - Long Buy 146.00 shares at 105.07 on 2024-10-16 17:00:00+00:00
2024-11-11 20:22:57,288 - Long Buy 143.00 shares at 105.1 on 2024-10-16 17:30:00+00:00
2024-11-11 20:22:57,288 - Sell to close 2482.00 shares at 105.36 on 2024-10-16 18:15:00+00:00 (Exit: Signal, Profit: 795.6200000000601, Duration: 285.0 minutes)
2024-11-11 20:22:57,289 - Short Sell 188.00 shares at 106.09 on 2024-10-17 13:30:00+00:00
2024-11-11 20:22:57,289 - Short Sell 189.00 shares at 105.77 on 2024-10-17 13:45:00+00:00
2024-11-11 20:22:57,289 - Short Sell 189.00 shares at 105.67 on 2024-10-17 14:00:00+00:00
2024-11-11 20:22:57,289 - Buy to cover -566.00 shares at 105.15 on 2024-10-17 14:15:00+00:00 (Exit: Profit_take, Profit: 392.18000000000006, Duration: 45.0 minutes)
2024-11-11 20:22:57,289 - Short Sell 189.00 shares at 105.54 on 2024-10-17 16:45:00+00:00
2024-11-11 20:22:57,289 - Short Sell 190.00 shares at 105.29 on 2024-10-17 18:30:00+00:00
2024-11-11 20:22:57,289 - Short Sell 190.00 shares at 105.29 on 2024-10-17 18:45:00+00:00
2024-11-11 20:22:57,289 - Buy to cover -569.00 shares at 105.03 on 2024-10-17 19:15:00+00:00 (Exit: Signal, Profit: 195.19000000001023, Duration: 150.0 minutes)
2024-11-11 20:22:57,289 - Long Buy 190.00 shares at 105.08 on 2024-10-17 19:30:00+00:00
2024-11-11 20:22:57,289 - Sell to close 190.00 shares at 105.65 on 2024-10-18 13:30:00+00:00 (Exit: Profit_take, Profit: 108.3000000000014, Duration: 1080.0 minutes)
2024-11-11 20:22:57,289 - Short Sell 189.00 shares at 105.45 on 2024-10-18 13:45:00+00:00
2024-11-11 20:22:57,289 - Short Sell 189.00 shares at 105.51 on 2024-10-18 14:30:00+00:00
2024-11-11 20:22:57,290 - Short Sell 189.00 shares at 105.68 on 2024-10-18 14:45:00+00:00
2024-11-11 20:22:57,290 - Short Sell 189.00 shares at 105.57 on 2024-10-18 15:00:00+00:00
2024-11-11 20:22:57,290 - Short Sell 189.00 shares at 105.74 on 2024-10-18 15:15:00+00:00
2024-11-11 20:22:57,290 - Short Sell 189.00 shares at 105.66 on 2024-10-18 15:30:00+00:00
2024-11-11 20:22:57,290 - Short Sell 189.00 shares at 105.67 on 2024-10-18 15:45:00+00:00
2024-11-11 20:22:57,290 - Short Sell 189.00 shares at 105.63 on 2024-10-18 16:00:00+00:00
2024-11-11 20:22:57,290 - Short Sell 189.00 shares at 105.75 on 2024-10-18 16:15:00+00:00
2024-11-11 20:22:57,290 - Short Sell 189.00 shares at 105.83 on 2024-10-18 16:30:00+00:00
2024-11-11 20:22:57,290 - Short Sell 188.00 shares at 105.9 on 2024-10-18 16:45:00+00:00
2024-11-11 20:22:57,290 - Short Sell 188.00 shares at 106.12 on 2024-10-18 17:00:00+00:00
2024-11-11 20:22:57,290 - Short Sell 188.00 shares at 106.0 on 2024-10-18 17:15:00+00:00
2024-11-11 20:22:57,290 - Short Sell 188.00 shares at 106.02 on 2024-10-18 17:30:00+00:00
2024-11-11 20:22:57,290 - Short Sell 189.00 shares at 105.88 on 2024-10-18 17:45:00+00:00
2024-11-11 20:22:57,290 - Short Sell 188.00 shares at 106.0 on 2024-10-18 18:00:00+00:00
2024-11-11 20:22:57,290 - Short Sell 188.00 shares at 106.02 on 2024-10-18 18:15:00+00:00
2024-11-11 20:22:57,290 - Short Sell 188.00 shares at 105.96 on 2024-10-18 18:30:00+00:00
2024-11-11 20:22:57,290 - Short Sell 188.00 shares at 105.99 on 2024-10-18 18:45:00+00:00
2024-11-11 20:22:57,290 - Short Sell 188.00 shares at 105.94 on 2024-10-18 19:00:00+00:00
2024-11-11 20:22:57,290 - Short Sell 188.00 shares at 105.9 on 2024-10-18 19:15:00+00:00
2024-11-11 20:22:57,290 - Short Sell 188.00 shares at 106.01 on 2024-10-18 19:45:00+00:00
2024-11-11 20:22:57,290 - Buy to cover -4147.00 shares at 105.73 on 2024-10-21 14:15:00+00:00 (Exit: Signal, Profit: 407.30000000004975, Duration: 4350.0 minutes)
2024-11-11 20:22:57,290 - Long Buy 189.00 shares at 105.63 on 2024-10-21 14:30:00+00:00
2024-11-11 20:22:57,290 - Long Buy 186.00 shares at 105.44 on 2024-10-21 14:45:00+00:00
2024-11-11 20:22:57,290 - Long Buy 182.00 shares at 105.12 on 2024-10-21 15:00:00+00:00
2024-11-11 20:22:57,291 - Long Buy 179.00 shares at 105.12 on 2024-10-21 15:15:00+00:00
2024-11-11 20:22:57,291 - Long Buy 175.00 shares at 105.49 on 2024-10-21 15:30:00+00:00
2024-11-11 20:22:57,291 - Long Buy 171.00 shares at 105.42 on 2024-10-21 15:45:00+00:00
2024-11-11 20:22:57,291 - Long Buy 168.00 shares at 105.41 on 2024-10-21 16:00:00+00:00
2024-11-11 20:22:57,291 - Long Buy 164.00 shares at 105.56 on 2024-10-21 16:15:00+00:00
2024-11-11 20:22:57,291 - Long Buy 161.00 shares at 105.56 on 2024-10-21 16:30:00+00:00
2024-11-11 20:22:57,291 - Long Buy 158.00 shares at 105.55 on 2024-10-21 16:45:00+00:00
2024-11-11 20:22:57,291 - Long Buy 155.00 shares at 105.63 on 2024-10-21 17:00:00+00:00
2024-11-11 20:22:57,291 - Long Buy 151.00 shares at 105.57 on 2024-10-21 17:15:00+00:00
2024-11-11 20:22:57,291 - Long Buy 149.00 shares at 105.53 on 2024-10-21 17:30:00+00:00
2024-11-11 20:22:57,291 - Long Buy 145.00 shares at 105.59 on 2024-10-21 17:45:00+00:00
2024-11-11 20:22:57,291 - Long Buy 143.00 shares at 105.32 on 2024-10-21 18:00:00+00:00
2024-11-11 20:22:57,291 - Long Buy 140.00 shares at 105.31 on 2024-10-21 18:15:00+00:00
2024-11-11 20:22:57,291 - Long Buy 137.00 shares at 105.24 on 2024-10-21 18:30:00+00:00
2024-11-11 20:22:57,291 - Long Buy 135.00 shares at 105.33 on 2024-10-21 18:45:00+00:00
2024-11-11 20:22:57,291 - Long Buy 132.00 shares at 105.41 on 2024-10-21 19:00:00+00:00
2024-11-11 20:22:57,291 - Long Buy 129.00 shares at 105.42 on 2024-10-21 19:15:00+00:00
2024-11-11 20:22:57,291 - Long Buy 126.00 shares at 105.45 on 2024-10-21 19:30:00+00:00
2024-11-11 20:22:57,291 - Long Buy 124.00 shares at 105.54 on 2024-10-21 19:45:00+00:00
2024-11-11 20:22:57,291 - Sell to close 3399.00 shares at 103.93 on 2024-10-22 13:30:00+00:00 (Exit: Stop_loss, Profit: -5123.299999999962, Duration: 1380.0 minutes)
2024-11-11 20:22:57,292 - Long Buy 192.00 shares at 103.29 on 2024-10-23 13:30:00+00:00
2024-11-11 20:22:57,292 - Long Buy 189.00 shares at 102.97 on 2024-10-23 13:45:00+00:00
2024-11-11 20:22:57,292 - Long Buy 185.00 shares at 102.9 on 2024-10-23 14:00:00+00:00
2024-11-11 20:22:57,292 - Long Buy 182.00 shares at 103.0 on 2024-10-23 14:15:00+00:00
2024-11-11 20:22:57,292 - Long Buy 178.00 shares at 102.92 on 2024-10-23 14:30:00+00:00
2024-11-11 20:22:57,292 - Long Buy 175.00 shares at 102.8 on 2024-10-23 14:45:00+00:00
2024-11-11 20:22:57,292 - Long Buy 171.00 shares at 102.7 on 2024-10-23 15:00:00+00:00
2024-11-11 20:22:57,292 - Long Buy 168.00 shares at 102.71 on 2024-10-23 15:15:00+00:00
2024-11-11 20:22:57,292 - Sell to close 1440.00 shares at 103.0 on 2024-10-23 16:30:00+00:00 (Exit: Signal, Profit: 117.75000000000546, Duration: 180.0 minutes)
2024-11-11 20:22:57,292 - Short Sell 193.00 shares at 103.07 on 2024-10-23 16:45:00+00:00
2024-11-11 20:22:57,292 - Short Sell 193.00 shares at 103.07 on 2024-10-23 17:00:00+00:00
2024-11-11 20:22:57,292 - Short Sell 193.00 shares at 103.01 on 2024-10-23 17:30:00+00:00
2024-11-11 20:22:57,292 - Buy to cover -579.00 shares at 101.98 on 2024-10-24 13:30:00+00:00 (Exit: Profit_take, Profit: 619.5299999999961, Duration: 1245.0 minutes)
2024-11-11 20:22:57,292 - Long Buy 195.00 shares at 102.21 on 2024-10-24 13:45:00+00:00
2024-11-11 20:22:57,292 - Long Buy 190.00 shares at 102.4 on 2024-10-24 14:00:00+00:00
2024-11-11 20:22:57,293 - Long Buy 186.00 shares at 102.67 on 2024-10-24 16:00:00+00:00
2024-11-11 20:22:57,293 - Sell to close 571.00 shares at 102.95 on 2024-10-24 16:45:00+00:00 (Exit: Profit_take, Profit: 300.88000000001296, Duration: 180.0 minutes)
2024-11-11 20:22:57,293 - Short Sell 193.00 shares at 103.08 on 2024-10-24 17:00:00+00:00
2024-11-11 20:22:57,293 - Short Sell 193.00 shares at 103.2 on 2024-10-24 17:15:00+00:00
2024-11-11 20:22:57,293 - Short Sell 193.00 shares at 103.19 on 2024-10-24 17:30:00+00:00
2024-11-11 20:22:57,293 - Short Sell 193.00 shares at 102.95 on 2024-10-24 17:45:00+00:00
2024-11-11 20:22:57,293 - Short Sell 193.00 shares at 102.99 on 2024-10-24 18:00:00+00:00
2024-11-11 20:22:57,293 - Buy to cover -965.00 shares at 102.49 on 2024-10-24 19:00:00+00:00 (Exit: Profit_take, Profit: 571.2800000000125, Duration: 120.0 minutes)
2024-11-11 20:22:57,293 - Long Buy 194.00 shares at 102.46 on 2024-10-24 19:15:00+00:00
2024-11-11 20:22:57,293 - Long Buy 190.00 shares at 102.5 on 2024-10-24 19:30:00+00:00
2024-11-11 20:22:57,293 - Long Buy 187.00 shares at 102.48 on 2024-10-24 19:45:00+00:00
2024-11-11 20:22:57,293 - Long Buy 183.00 shares at 102.28 on 2024-10-25 13:30:00+00:00
2024-11-11 20:22:57,293 - Long Buy 179.00 shares at 102.39 on 2024-10-25 13:45:00+00:00
2024-11-11 20:22:57,293 - Long Buy 176.00 shares at 102.48 on 2024-10-25 14:15:00+00:00
2024-11-11 20:22:57,293 - Long Buy 172.00 shares at 102.43 on 2024-10-25 14:30:00+00:00
2024-11-11 20:22:57,293 - Long Buy 169.00 shares at 102.21 on 2024-10-25 14:45:00+00:00
2024-11-11 20:22:57,293 - Long Buy 166.00 shares at 102.2 on 2024-10-25 15:00:00+00:00
2024-11-11 20:22:57,293 - Long Buy 163.00 shares at 101.93 on 2024-10-25 15:15:00+00:00
2024-11-11 20:22:57,293 - Long Buy 160.00 shares at 101.88 on 2024-10-25 15:30:00+00:00
2024-11-11 20:22:57,293 - Long Buy 156.00 shares at 101.97 on 2024-10-25 15:45:00+00:00
2024-11-11 20:22:57,293 - Long Buy 153.00 shares at 101.77 on 2024-10-25 16:00:00+00:00
2024-11-11 20:22:57,294 - Long Buy 150.00 shares at 101.97 on 2024-10-25 16:15:00+00:00
2024-11-11 20:22:57,294 - Long Buy 147.00 shares at 101.85 on 2024-10-25 16:30:00+00:00
2024-11-11 20:22:57,294 - Long Buy 144.00 shares at 101.77 on 2024-10-25 16:45:00+00:00
2024-11-11 20:22:57,294 - Long Buy 142.00 shares at 101.62 on 2024-10-25 17:00:00+00:00
2024-11-11 20:22:57,294 - Sell to close 2831.00 shares at 101.57 on 2024-10-25 17:15:00+00:00 (Exit: Stop_loss, Profit: -1655.3999999999796, Duration: 1320.0 minutes)
2024-11-11 20:22:57,294 - Short Sell 194.00 shares at 102.36 on 2024-10-28 13:30:00+00:00
2024-11-11 20:22:57,294 - Short Sell 195.00 shares at 102.04 on 2024-10-28 13:45:00+00:00
2024-11-11 20:22:57,294 - Short Sell 195.00 shares at 102.09 on 2024-10-28 14:15:00+00:00
2024-11-11 20:22:57,294 - Buy to cover -584.00 shares at 101.63 on 2024-10-28 15:15:00+00:00 (Exit: Profit_take, Profit: 311.2700000000084, Duration: 105.0 minutes)
2024-11-11 20:22:57,294 - Long Buy 196.00 shares at 101.42 on 2024-10-28 16:30:00+00:00
2024-11-11 20:22:57,294 - Long Buy 192.00 shares at 101.29 on 2024-10-28 16:45:00+00:00
2024-11-11 20:22:57,294 - Long Buy 189.00 shares at 101.11 on 2024-10-28 17:00:00+00:00
2024-11-11 20:22:57,294 - Long Buy 185.00 shares at 101.33 on 2024-10-28 17:15:00+00:00
2024-11-11 20:22:57,294 - Long Buy 181.00 shares at 101.32 on 2024-10-28 17:30:00+00:00
2024-11-11 20:22:57,294 - Long Buy 177.00 shares at 101.25 on 2024-10-28 17:45:00+00:00
2024-11-11 20:22:57,294 - Sell to close 1120.00 shares at 101.3 on 2024-10-28 18:00:00+00:00 (Exit: Signal, Profit: 13.989999999998872, Duration: 90.0 minutes)
2024-11-11 20:22:57,294 - Short Sell 196.00 shares at 101.34 on 2024-10-28 18:15:00+00:00
2024-11-11 20:22:57,295 - Short Sell 196.00 shares at 101.36 on 2024-10-28 18:45:00+00:00
2024-11-11 20:22:57,295 - Short Sell 196.00 shares at 101.39 on 2024-10-28 19:00:00+00:00
2024-11-11 20:22:57,295 - Short Sell 196.00 shares at 101.52 on 2024-10-28 19:15:00+00:00
2024-11-11 20:22:57,295 - Short Sell 196.00 shares at 101.59 on 2024-10-28 19:30:00+00:00
2024-11-11 20:22:57,295 - Short Sell 196.00 shares at 101.48 on 2024-10-28 19:45:00+00:00
2024-11-11 20:22:57,295 - Buy to cover -1176.00 shares at 100.95 on 2024-10-29 13:30:00+00:00 (Exit: Signal, Profit: 584.0800000000036, Duration: 1155.0 minutes)
2024-11-11 20:22:57,295 - Long Buy 198.00 shares at 100.7 on 2024-10-29 13:45:00+00:00
2024-11-11 20:22:57,295 - Long Buy 193.00 shares at 101.04 on 2024-10-29 14:00:00+00:00
2024-11-11 20:22:57,295 - Long Buy 189.00 shares at 101.03 on 2024-10-29 14:15:00+00:00
2024-11-11 20:22:57,295 - Sell to close 580.00 shares at 101.57 on 2024-10-29 15:45:00+00:00 (Exit: Profit_take, Profit: 376.60999999999035, Duration: 120.0 minutes)
2024-11-11 20:22:57,295 - Short Sell 195.00 shares at 101.97 on 2024-10-29 16:00:00+00:00
2024-11-11 20:22:57,295 - Short Sell 196.00 shares at 101.65 on 2024-10-29 16:15:00+00:00
2024-11-11 20:22:57,295 - Short Sell 196.00 shares at 101.7 on 2024-10-29 16:30:00+00:00
2024-11-11 20:22:57,295 - Short Sell 196.00 shares at 101.61 on 2024-10-29 16:45:00+00:00
2024-11-11 20:22:57,295 - Short Sell 196.00 shares at 101.72 on 2024-10-29 17:00:00+00:00
2024-11-11 20:22:57,295 - Short Sell 196.00 shares at 101.64 on 2024-10-29 18:15:00+00:00
2024-11-11 20:22:57,295 - Short Sell 195.00 shares at 101.88 on 2024-10-29 18:30:00+00:00
2024-11-11 20:22:57,295 - Short Sell 195.00 shares at 101.79 on 2024-10-29 18:45:00+00:00
2024-11-11 20:22:57,296 - Buy to cover -1565.00 shares at 101.59 on 2024-10-29 19:00:00+00:00 (Exit: Signal, Profit: 242.17000000002395, Duration: 180.0 minutes)
2024-11-11 20:22:57,296 - Long Buy 196.00 shares at 101.7 on 2024-10-29 19:15:00+00:00
2024-11-11 20:22:57,296 - Long Buy 192.00 shares at 101.64 on 2024-10-29 19:30:00+00:00
2024-11-11 20:22:57,296 - Long Buy 189.00 shares at 101.37 on 2024-10-29 19:45:00+00:00
2024-11-11 20:22:57,296 - Sell to close 577.00 shares at 98.23 on 2024-10-30 13:30:00+00:00 (Exit: Stop_loss, Profit: -1928.2999999999963, Duration: 1095.0 minutes)
2024-11-11 20:22:57,296 - Short Sell 202.00 shares at 98.35 on 2024-10-31 13:30:00+00:00
2024-11-11 20:22:57,296 - Short Sell 201.00 shares at 98.9 on 2024-10-31 13:45:00+00:00
2024-11-11 20:22:57,296 - Short Sell 201.00 shares at 98.69 on 2024-10-31 14:00:00+00:00
2024-11-11 20:22:57,296 - Short Sell 201.00 shares at 98.83 on 2024-10-31 14:15:00+00:00
2024-11-11 20:22:57,296 - Short Sell 200.00 shares at 99.06 on 2024-10-31 14:30:00+00:00
2024-11-11 20:22:57,296 - Short Sell 201.00 shares at 98.97 on 2024-10-31 14:45:00+00:00
2024-11-11 20:22:57,296 - Short Sell 202.00 shares at 98.52 on 2024-10-31 15:00:00+00:00
2024-11-11 20:22:57,296 - Short Sell 201.00 shares at 98.86 on 2024-10-31 15:15:00+00:00
2024-11-11 20:22:57,296 - Short Sell 201.00 shares at 99.04 on 2024-10-31 15:30:00+00:00
2024-11-11 20:22:57,296 - Short Sell 200.00 shares at 99.33 on 2024-10-31 15:45:00+00:00
2024-11-11 20:22:57,296 - Buy to cover -2010.00 shares at 99.61 on 2024-10-31 16:00:00+00:00 (Exit: Stop_loss, Profit: -1519.0700000000047, Duration: 150.0 minutes)
2024-11-11 20:22:57,297 - Short Sell 201.00 shares at 98.76 on 2024-11-01 13:30:00+00:00
2024-11-11 20:22:57,297 - Short Sell 200.00 shares at 99.29 on 2024-11-01 13:45:00+00:00
2024-11-11 20:22:57,297 - Short Sell 199.00 shares at 99.66 on 2024-11-01 14:00:00+00:00
2024-11-11 20:22:57,297 - Buy to cover -600.00 shares at 99.88 on 2024-11-01 14:15:00+00:00 (Exit: Stop_loss, Profit: -386.8999999999943, Duration: 45.0 minutes)
2024-11-11 20:22:57,297 - Long Buy 200.00 shares at 99.28 on 2024-11-04 16:30:00+00:00
2024-11-11 20:22:57,297 - Long Buy 196.00 shares at 99.32 on 2024-11-04 16:45:00+00:00
2024-11-11 20:22:57,297 - Long Buy 192.00 shares at 99.31 on 2024-11-04 17:00:00+00:00
2024-11-11 20:22:57,297 - Sell to close 588.00 shares at 99.67 on 2024-11-04 17:30:00+00:00 (Exit: Signal, Profit: 215.71999999999173, Duration: 60.0 minutes)
2024-11-11 20:22:57,298 - Short Sell 199.00 shares at 99.85 on 2024-11-05 14:30:00+00:00
2024-11-11 20:22:57,298 - Short Sell 198.00 shares at 100.13 on 2024-11-05 15:15:00+00:00
2024-11-11 20:22:57,298 - Short Sell 198.00 shares at 100.34 on 2024-11-05 15:30:00+00:00
2024-11-11 20:22:57,298 - Short Sell 198.00 shares at 100.11 on 2024-11-05 15:45:00+00:00
2024-11-11 20:22:57,298 - Short Sell 198.00 shares at 100.31 on 2024-11-05 16:00:00+00:00
2024-11-11 20:22:57,298 - Short Sell 198.00 shares at 100.19 on 2024-11-05 16:15:00+00:00
2024-11-11 20:22:57,298 - Short Sell 198.00 shares at 100.27 on 2024-11-05 16:30:00+00:00
2024-11-11 20:22:57,298 - Short Sell 198.00 shares at 100.27 on 2024-11-05 16:45:00+00:00
2024-11-11 20:22:57,298 - Short Sell 198.00 shares at 100.22 on 2024-11-05 17:00:00+00:00
2024-11-11 20:22:57,298 - Short Sell 198.00 shares at 100.27 on 2024-11-05 17:15:00+00:00
2024-11-11 20:22:57,298 - Short Sell 198.00 shares at 100.3 on 2024-11-05 17:30:00+00:00
2024-11-11 20:22:57,298 - Short Sell 197.00 shares at 100.59 on 2024-11-05 18:45:00+00:00
2024-11-11 20:22:57,298 - Short Sell 197.00 shares at 100.54 on 2024-11-05 19:00:00+00:00
2024-11-11 20:22:57,298 - Buy to cover -2573.00 shares at 99.1 on 2024-11-06 14:30:00+00:00 (Exit: Profit_take, Profit: 2985.6400000000003, Duration: 1440.0 minutes)
2024-11-11 20:22:57,298 - Long Buy 200.00 shares at 99.4 on 2024-11-06 14:45:00+00:00
2024-11-11 20:22:57,298 - Long Buy 196.00 shares at 99.58 on 2024-11-06 15:00:00+00:00
2024-11-11 20:22:57,298 - Long Buy 191.00 shares at 99.87 on 2024-11-06 15:15:00+00:00
2024-11-11 20:22:57,298 - Long Buy 188.00 shares at 99.85 on 2024-11-06 15:45:00+00:00
2024-11-11 20:22:57,299 - Sell to close 775.00 shares at 100.34 on 2024-11-06 16:00:00+00:00 (Exit: Profit_take, Profit: 518.8499999999973, Duration: 75.0 minutes)
2024-11-11 20:22:57,299 - Short Sell 197.00 shares at 101.03 on 2024-11-06 18:15:00+00:00
2024-11-11 20:22:57,299 - Buy to cover -197.00 shares at 100.71 on 2024-11-06 18:30:00+00:00 (Exit: Signal, Profit: 63.040000000001456, Duration: 15.0 minutes)
2024-11-11 20:22:57,299 - Long Buy 198.00 shares at 100.6 on 2024-11-06 18:45:00+00:00
2024-11-11 20:22:57,299 - Long Buy 194.00 shares at 100.57 on 2024-11-06 19:00:00+00:00
2024-11-11 20:22:57,299 - Long Buy 190.00 shares at 100.58 on 2024-11-06 19:15:00+00:00
2024-11-11 20:22:57,299 - Long Buy 186.00 shares at 100.62 on 2024-11-06 19:30:00+00:00
2024-11-11 20:22:57,299 - Long Buy 183.00 shares at 100.45 on 2024-11-06 19:45:00+00:00
2024-11-11 20:22:57,299 - Long Buy 179.00 shares at 100.64 on 2024-11-06 20:00:00+00:00
2024-11-11 20:22:57,299 - Long Buy 175.00 shares at 100.73 on 2024-11-06 20:30:00+00:00
2024-11-11 20:22:57,299 - Long Buy 172.00 shares at 100.56 on 2024-11-06 20:45:00+00:00
2024-11-11 20:22:57,299 - Sell to close 1477.00 shares at 101.65 on 2024-11-07 14:30:00+00:00 (Exit: Profit_take, Profit: 1561.169999999999, Duration: 1185.0 minutes)
2024-11-11 20:22:57,299 - Short Sell 196.00 shares at 101.7 on 2024-11-07 14:45:00+00:00
2024-11-11 20:22:57,299 - Short Sell 196.00 shares at 101.55 on 2024-11-07 15:00:00+00:00
2024-11-11 20:22:57,299 - Short Sell 197.00 shares at 101.41 on 2024-11-07 15:15:00+00:00
2024-11-11 20:22:57,299 - Short Sell 196.00 shares at 101.51 on 2024-11-07 15:30:00+00:00
2024-11-11 20:22:57,300 - Buy to cover -785.00 shares at 101.01 on 2024-11-07 18:30:00+00:00 (Exit: Profit_take, Profit: 417.8800000000046, Duration: 225.0 minutes)
2024-11-11 20:22:57,300 - Long Buy 197.00 shares at 101.07 on 2024-11-07 19:30:00+00:00
2024-11-11 20:22:57,300 - Sell to close 197.00 shares at 101.4 on 2024-11-07 19:45:00+00:00 (Exit: Signal, Profit: 65.01000000000526, Duration: 15.0 minutes)
2024-11-11 20:22:57,300 - Long Buy 198.00 shares at 100.94 on 2024-11-07 20:45:00+00:00
2024-11-11 20:22:57,300 - Long Buy 194.00 shares at 100.82 on 2024-11-08 14:30:00+00:00
2024-11-11 20:22:57,300 - Sell to close 392.00 shares at 101.55 on 2024-11-08 15:15:00+00:00 (Exit: Profit_take, Profit: 262.40000000000384, Duration: 1110.0 minutes)
2024-11-11 20:22:57,300 - Short Sell 196.00 shares at 101.56 on 2024-11-08 15:30:00+00:00
2024-11-11 20:22:57,300 - Buy to cover -196.00 shares at 100.92 on 2024-11-08 16:15:00+00:00 (Exit: Profit_take, Profit: 125.4400000000029, Duration: 45.0 minutes)
2024-11-11 20:22:57,300 - Long Buy 198.00 shares at 100.89 on 2024-11-08 16:30:00+00:00
2024-11-11 20:22:57,300 - Long Buy 194.00 shares at 100.84 on 2024-11-08 16:45:00+00:00
2024-11-11 20:22:57,300 - Long Buy 190.00 shares at 100.61 on 2024-11-08 17:00:00+00:00
2024-11-11 20:22:57,300 - Long Buy 187.00 shares at 100.62 on 2024-11-08 17:15:00+00:00
2024-11-11 20:22:57,300 - Long Buy 183.00 shares at 100.64 on 2024-11-08 17:30:00+00:00
2024-11-11 20:22:57,300 - Long Buy 179.00 shares at 100.68 on 2024-11-08 17:45:00+00:00
2024-11-11 20:22:57,301 - Long Buy 176.00 shares at 100.63 on 2024-11-08 18:00:00+00:00
2024-11-11 20:22:57,301 - Long Buy 172.00 shares at 100.67 on 2024-11-08 18:15:00+00:00
2024-11-11 20:22:57,301 - Long Buy 169.00 shares at 100.65 on 2024-11-08 18:30:00+00:00
2024-11-11 20:22:57,301 - Long Buy 166.00 shares at 100.5 on 2024-11-08 18:45:00+00:00
2024-11-11 20:22:57,301 - Long Buy 162.00 shares at 100.53 on 2024-11-08 19:00:00+00:00
2024-11-11 20:22:57,301 - Long Buy 159.00 shares at 100.58 on 2024-11-08 19:15:00+00:00
2024-11-11 20:22:57,301 - Long Buy 156.00 shares at 100.55 on 2024-11-08 19:30:00+00:00
2024-11-11 20:22:57,301 - Long Buy 153.00 shares at 100.42 on 2024-11-08 19:45:00+00:00
2024-11-11 20:22:57,301 - Long Buy 150.00 shares at 100.24 on 2024-11-08 20:00:00+00:00
2024-11-11 20:22:57,301 - Long Buy 147.00 shares at 100.01 on 2024-11-08 20:15:00+00:00
2024-11-11 20:22:57,301 - Sell to close 2741.00 shares at 100.08 on 2024-11-08 20:30:00+00:00 (Exit: Signal, Profit: -1375.1600000000708, Duration: 240.0 minutes)
2024-11-11 20:22:57,303 - Final statisticsStock: OTIS, 
total_trades: 33, 
winning_trades: 25, 
losing_trades: 8, 
average_return: 0.0014866523715789139, 
average_duration: 715.9090909090909, 
final_balance: 998723.4500000007, 
final_portfolio_value: 998723.4500000007, 
sharpe_ratio: 6.432290851298969, 



