2024-11-11 21:14:01,276 - Starting GBMStrategy with initial capital: 1000000
2024-11-11 21:14:01,276 - Hyperparameters: {'threshold': 1.5, 'time_periods': 30, 'num_simulations': 150}
2024-11-11 21:15:21,695 - Long Buy 632.00 shares at 31.6 on 2024-10-11 14:30:00+00:00
2024-11-11 21:15:21,696 - Long Buy 620.00 shares at 31.59 on 2024-10-11 14:45:00+00:00
2024-11-11 21:15:21,696 - Long Buy 606.00 shares at 31.67 on 2024-10-11 15:00:00+00:00
2024-11-11 21:15:21,696 - Long Buy 595.00 shares at 31.62 on 2024-10-11 18:15:00+00:00
2024-11-11 21:15:21,696 - Long Buy 583.00 shares at 31.61 on 2024-10-11 18:30:00+00:00
2024-11-11 21:15:21,696 - Long Buy 571.00 shares at 31.61 on 2024-10-11 18:45:00+00:00
2024-11-11 21:15:21,697 - Sell to close 3607.00 shares at 31.87 on 2024-10-14 13:30:00+00:00 (Exit: Profit_take, Profit: 914.2299999999839, Duration: 4260.0 minutes)
2024-11-11 21:15:21,697 - Short Sell 627.00 shares at 31.9 on 2024-10-14 13:45:00+00:00
2024-11-11 21:15:21,697 - Short Sell 626.00 shares at 31.95 on 2024-10-14 14:00:00+00:00
2024-11-11 21:15:21,697 - Short Sell 625.00 shares at 31.98 on 2024-10-14 14:15:00+00:00
2024-11-11 21:15:21,697 - Short Sell 626.00 shares at 31.96 on 2024-10-14 14:30:00+00:00
2024-11-11 21:15:21,697 - Short Sell 624.00 shares at 32.07 on 2024-10-14 14:45:00+00:00
2024-11-11 21:15:21,697 - Short Sell 624.00 shares at 32.03 on 2024-10-14 15:00:00+00:00
2024-11-11 21:15:21,697 - Short Sell 624.00 shares at 32.05 on 2024-10-14 15:15:00+00:00
2024-11-11 21:15:21,697 - Short Sell 623.00 shares at 32.09 on 2024-10-14 15:30:00+00:00
2024-11-11 21:15:21,697 - Short Sell 623.00 shares at 32.07 on 2024-10-14 15:45:00+00:00
2024-11-11 21:15:21,697 - Short Sell 623.00 shares at 32.1 on 2024-10-14 16:45:00+00:00
2024-11-11 21:15:21,697 - Short Sell 622.00 shares at 32.12 on 2024-10-14 18:45:00+00:00
2024-11-11 21:15:21,697 - Short Sell 621.00 shares at 32.16 on 2024-10-14 19:00:00+00:00
2024-11-11 21:15:21,697 - Short Sell 621.00 shares at 32.16 on 2024-10-14 19:15:00+00:00
2024-11-11 21:15:21,697 - Short Sell 622.00 shares at 32.12 on 2024-10-14 19:30:00+00:00
2024-11-11 21:15:21,697 - Buy to cover -8731.00 shares at 32.31 on 2024-10-15 13:30:00+00:00 (Exit: Stop_loss, Profit: -2234.5700000000274, Duration: 1425.0 minutes)
2024-11-11 21:15:21,698 - Short Sell 611.00 shares at 32.65 on 2024-10-16 13:45:00+00:00
2024-11-11 21:15:21,698 - Buy to cover -611.00 shares at 32.48 on 2024-10-16 15:45:00+00:00 (Exit: Profit_take, Profit: 103.87000000000104, Duration: 120.0 minutes)
2024-11-11 21:15:21,698 - Long Buy 613.00 shares at 32.57 on 2024-10-16 17:30:00+00:00
2024-11-11 21:15:21,698 - Sell to close 613.00 shares at 32.61 on 2024-10-16 18:15:00+00:00 (Exit: Signal, Profit: 24.519999999999477, Duration: 45.0 minutes)
2024-11-11 21:15:21,698 - Short Sell 612.00 shares at 32.62 on 2024-10-16 18:30:00+00:00
2024-11-11 21:15:21,698 - Short Sell 612.00 shares at 32.63 on 2024-10-16 19:00:00+00:00
2024-11-11 21:15:21,698 - Short Sell 612.00 shares at 32.62 on 2024-10-16 19:15:00+00:00
2024-11-11 21:15:21,698 - Short Sell 611.00 shares at 32.65 on 2024-10-16 19:30:00+00:00
2024-11-11 21:15:21,699 - Short Sell 612.00 shares at 32.63 on 2024-10-16 19:45:00+00:00
2024-11-11 21:15:21,699 - Buy to cover -3059.00 shares at 32.47 on 2024-10-17 13:30:00+00:00 (Exit: Signal, Profit: 489.42000000000803, Duration: 1140.0 minutes)
2024-11-11 21:15:21,699 - Long Buy 614.00 shares at 32.52 on 2024-10-17 13:45:00+00:00
2024-11-11 21:15:21,699 - Long Buy 602.00 shares at 32.52 on 2024-10-17 14:00:00+00:00
2024-11-11 21:15:21,699 - Long Buy 591.00 shares at 32.45 on 2024-10-17 14:15:00+00:00
2024-11-11 21:15:21,699 - Long Buy 578.00 shares at 32.51 on 2024-10-17 14:30:00+00:00
2024-11-11 21:15:21,699 - Long Buy 567.00 shares at 32.48 on 2024-10-17 14:45:00+00:00
2024-11-11 21:15:21,699 - Long Buy 556.00 shares at 32.44 on 2024-10-17 15:00:00+00:00
2024-11-11 21:15:21,699 - Long Buy 546.00 shares at 32.41 on 2024-10-17 15:15:00+00:00
2024-11-11 21:15:21,699 - Long Buy 535.00 shares at 32.41 on 2024-10-17 15:30:00+00:00
2024-11-11 21:15:21,699 - Long Buy 525.00 shares at 32.38 on 2024-10-17 15:45:00+00:00
2024-11-11 21:15:21,699 - Long Buy 514.00 shares at 32.4 on 2024-10-17 16:00:00+00:00
2024-11-11 21:15:21,699 - Long Buy 503.00 shares at 32.44 on 2024-10-17 16:15:00+00:00
2024-11-11 21:15:21,699 - Long Buy 492.00 shares at 32.48 on 2024-10-17 16:30:00+00:00
2024-11-11 21:15:21,699 - Long Buy 483.00 shares at 32.44 on 2024-10-17 16:45:00+00:00
2024-11-11 21:15:21,699 - Long Buy 474.00 shares at 32.38 on 2024-10-17 17:00:00+00:00
2024-11-11 21:15:21,699 - Long Buy 465.00 shares at 32.36 on 2024-10-17 17:15:00+00:00
2024-11-11 21:15:21,699 - Long Buy 456.00 shares at 32.35 on 2024-10-17 17:30:00+00:00
2024-11-11 21:15:21,699 - Long Buy 447.00 shares at 32.34 on 2024-10-17 17:45:00+00:00
2024-11-11 21:15:21,699 - Long Buy 439.00 shares at 32.3 on 2024-10-17 18:00:00+00:00
2024-11-11 21:15:21,699 - Long Buy 430.00 shares at 32.3 on 2024-10-17 18:15:00+00:00
2024-11-11 21:15:21,699 - Sell to close 9817.00 shares at 32.33 on 2024-10-17 19:00:00+00:00 (Exit: Signal, Profit: -908.3500000000167, Duration: 315.0 minutes)
2024-11-11 21:15:21,699 - Short Sell 616.00 shares at 32.4 on 2024-10-17 19:15:00+00:00
2024-11-11 21:15:21,699 - Short Sell 616.00 shares at 32.4 on 2024-10-17 19:30:00+00:00
2024-11-11 21:15:21,699 - Short Sell 616.00 shares at 32.37 on 2024-10-17 19:45:00+00:00
2024-11-11 21:15:21,699 - Short Sell 616.00 shares at 32.38 on 2024-10-18 13:30:00+00:00
2024-11-11 21:15:21,699 - Short Sell 615.00 shares at 32.45 on 2024-10-18 13:45:00+00:00
2024-11-11 21:15:21,699 - Short Sell 615.00 shares at 32.46 on 2024-10-18 14:00:00+00:00
2024-11-11 21:15:21,700 - Short Sell 614.00 shares at 32.48 on 2024-10-18 14:15:00+00:00
2024-11-11 21:15:21,700 - Short Sell 614.00 shares at 32.5 on 2024-10-18 14:30:00+00:00
2024-11-11 21:15:21,700 - Short Sell 611.00 shares at 32.63 on 2024-10-18 14:45:00+00:00
2024-11-11 21:15:21,700 - Short Sell 611.00 shares at 32.64 on 2024-10-18 15:00:00+00:00
2024-11-11 21:15:21,700 - Short Sell 610.00 shares at 32.65 on 2024-10-18 15:15:00+00:00
2024-11-11 21:15:21,700 - Short Sell 610.00 shares at 32.67 on 2024-10-18 15:30:00+00:00
2024-11-11 21:15:21,700 - Short Sell 610.00 shares at 32.67 on 2024-10-18 15:45:00+00:00
2024-11-11 21:15:21,700 - Short Sell 610.00 shares at 32.65 on 2024-10-18 16:00:00+00:00
2024-11-11 21:15:21,700 - Short Sell 611.00 shares at 32.62 on 2024-10-18 16:15:00+00:00
2024-11-11 21:15:21,700 - Short Sell 611.00 shares at 32.64 on 2024-10-18 16:30:00+00:00
2024-11-11 21:15:21,700 - Short Sell 611.00 shares at 32.64 on 2024-10-18 16:45:00+00:00
2024-11-11 21:15:21,700 - Short Sell 610.00 shares at 32.65 on 2024-10-18 17:00:00+00:00
2024-11-11 21:15:21,700 - Short Sell 611.00 shares at 32.62 on 2024-10-18 17:15:00+00:00
2024-11-11 21:15:21,700 - Short Sell 611.00 shares at 32.62 on 2024-10-18 17:30:00+00:00
2024-11-11 21:15:21,700 - Short Sell 612.00 shares at 32.59 on 2024-10-18 17:45:00+00:00
2024-11-11 21:15:21,700 - Short Sell 611.00 shares at 32.61 on 2024-10-18 18:00:00+00:00
2024-11-11 21:15:21,700 - Short Sell 610.00 shares at 32.67 on 2024-10-18 18:15:00+00:00
2024-11-11 21:15:21,700 - Short Sell 611.00 shares at 32.64 on 2024-10-18 18:30:00+00:00
2024-11-11 21:15:21,700 - Short Sell 610.00 shares at 32.65 on 2024-10-18 18:45:00+00:00
2024-11-11 21:15:21,700 - Short Sell 611.00 shares at 32.62 on 2024-10-18 19:00:00+00:00
2024-11-11 21:15:21,700 - Short Sell 613.00 shares at 32.57 on 2024-10-18 19:15:00+00:00
2024-11-11 21:15:21,700 - Buy to cover -16527.00 shares at 32.56 on 2024-10-18 19:30:00+00:00 (Exit: Signal, Profit: 220.72000000014398, Duration: 1455.0 minutes)
2024-11-11 21:15:21,700 - Short Sell 611.00 shares at 32.66 on 2024-10-18 19:45:00+00:00
2024-11-11 21:15:21,700 - Short Sell 606.00 shares at 32.9 on 2024-10-21 13:30:00+00:00
2024-11-11 21:15:21,700 - Short Sell 607.00 shares at 32.87 on 2024-10-21 13:45:00+00:00
2024-11-11 21:15:21,700 - Short Sell 607.00 shares at 32.89 on 2024-10-21 14:00:00+00:00
2024-11-11 21:15:21,700 - Short Sell 606.00 shares at 32.93 on 2024-10-21 14:15:00+00:00
2024-11-11 21:15:21,700 - Buy to cover -3037.00 shares at 33.02 on 2024-10-21 14:30:00+00:00 (Exit: Stop_loss, Profit: -517.1800000000186, Duration: 4005.0 minutes)
2024-11-11 21:15:21,701 - Short Sell 610.00 shares at 32.68 on 2024-10-22 13:45:00+00:00
2024-11-11 21:15:21,701 - Buy to cover -610.00 shares at 32.58 on 2024-10-22 14:00:00+00:00 (Exit: Signal, Profit: 61.00000000000087, Duration: 15.0 minutes)
2024-11-11 21:15:21,701 - Long Buy 615.00 shares at 32.45 on 2024-10-22 14:15:00+00:00
2024-11-11 21:15:21,701 - Long Buy 603.00 shares at 32.43 on 2024-10-22 14:30:00+00:00
2024-11-11 21:15:21,701 - Long Buy 589.00 shares at 32.51 on 2024-10-22 14:45:00+00:00
2024-11-11 21:15:21,701 - Long Buy 576.00 shares at 32.6 on 2024-10-22 15:00:00+00:00
2024-11-11 21:15:21,701 - Long Buy 564.00 shares at 32.62 on 2024-10-22 15:15:00+00:00
2024-11-11 21:15:21,701 - Long Buy 553.00 shares at 32.63 on 2024-10-22 15:30:00+00:00
2024-11-11 21:15:21,701 - Long Buy 542.00 shares at 32.61 on 2024-10-22 15:45:00+00:00
2024-11-11 21:15:21,701 - Long Buy 531.00 shares at 32.63 on 2024-10-22 16:00:00+00:00
2024-11-11 21:15:21,701 - Long Buy 520.00 shares at 32.61 on 2024-10-22 17:00:00+00:00
2024-11-11 21:15:21,701 - Long Buy 510.00 shares at 32.59 on 2024-10-22 17:30:00+00:00
2024-11-11 21:15:21,701 - Long Buy 500.00 shares at 32.57 on 2024-10-22 17:45:00+00:00
2024-11-11 21:15:21,701 - Sell to close 6103.00 shares at 32.9 on 2024-10-23 13:30:00+00:00 (Exit: Profit_take, Profit: 2044.3499999999228, Duration: 1395.0 minutes)
2024-11-11 21:15:21,701 - Short Sell 609.00 shares at 32.84 on 2024-10-23 13:45:00+00:00
2024-11-11 21:15:21,701 - Short Sell 608.00 shares at 32.87 on 2024-10-23 14:00:00+00:00
2024-11-11 21:15:21,701 - Short Sell 609.00 shares at 32.82 on 2024-10-23 14:15:00+00:00
2024-11-11 21:15:21,701 - Short Sell 609.00 shares at 32.83 on 2024-10-23 14:30:00+00:00
2024-11-11 21:15:21,701 - Short Sell 608.00 shares at 32.86 on 2024-10-23 14:45:00+00:00
2024-11-11 21:15:21,701 - Short Sell 608.00 shares at 32.87 on 2024-10-23 15:00:00+00:00
2024-11-11 21:15:21,701 - Short Sell 607.00 shares at 32.9 on 2024-10-23 15:15:00+00:00
2024-11-11 21:15:21,701 - Short Sell 606.00 shares at 32.95 on 2024-10-23 15:30:00+00:00
2024-11-11 21:15:21,701 - Short Sell 607.00 shares at 32.92 on 2024-10-23 15:45:00+00:00
2024-11-11 21:15:21,701 - Short Sell 607.00 shares at 32.93 on 2024-10-23 16:00:00+00:00
2024-11-11 21:15:21,702 - Short Sell 606.00 shares at 32.98 on 2024-10-23 16:15:00+00:00
2024-11-11 21:15:21,702 - Short Sell 606.00 shares at 32.98 on 2024-10-23 16:30:00+00:00
2024-11-11 21:15:21,702 - Short Sell 605.00 shares at 33.0 on 2024-10-23 16:45:00+00:00
2024-11-11 21:15:21,702 - Short Sell 604.00 shares at 33.04 on 2024-10-23 17:00:00+00:00
2024-11-11 21:15:21,702 - Short Sell 605.00 shares at 32.99 on 2024-10-23 17:15:00+00:00
2024-11-11 21:15:21,702 - Short Sell 605.00 shares at 33.02 on 2024-10-23 17:30:00+00:00
2024-11-11 21:15:21,702 - Short Sell 604.00 shares at 33.05 on 2024-10-23 17:45:00+00:00
2024-11-11 21:15:21,702 - Short Sell 605.00 shares at 33.02 on 2024-10-23 18:00:00+00:00
2024-11-11 21:15:21,702 - Short Sell 605.00 shares at 33.0 on 2024-10-23 18:15:00+00:00
2024-11-11 21:15:21,702 - Short Sell 605.00 shares at 33.01 on 2024-10-23 18:30:00+00:00
2024-11-11 21:15:21,702 - Short Sell 604.00 shares at 33.05 on 2024-10-23 18:45:00+00:00
2024-11-11 21:15:21,702 - Short Sell 604.00 shares at 33.05 on 2024-10-23 19:00:00+00:00
2024-11-11 21:15:21,702 - Short Sell 604.00 shares at 33.04 on 2024-10-23 19:15:00+00:00
2024-11-11 21:15:21,702 - Short Sell 603.00 shares at 33.09 on 2024-10-23 19:30:00+00:00
2024-11-11 21:15:21,702 - Short Sell 602.00 shares at 33.12 on 2024-10-23 19:45:00+00:00
2024-11-11 21:15:21,702 - Short Sell 602.00 shares at 33.14 on 2024-10-24 13:30:00+00:00
2024-11-11 21:15:21,702 - Short Sell 603.00 shares at 33.08 on 2024-10-24 13:45:00+00:00
2024-11-11 21:15:21,702 - Short Sell 607.00 shares at 32.96 on 2024-10-24 14:00:00+00:00
2024-11-11 21:15:21,702 - Short Sell 604.00 shares at 33.05 on 2024-10-24 14:15:00+00:00
2024-11-11 21:15:21,702 - Short Sell 605.00 shares at 33.02 on 2024-10-24 14:30:00+00:00
2024-11-11 21:15:21,702 - Short Sell 605.00 shares at 33.02 on 2024-10-24 14:45:00+00:00
2024-11-11 21:15:21,702 - Short Sell 609.00 shares at 32.87 on 2024-10-24 16:00:00+00:00
2024-11-11 21:15:21,702 - Short Sell 609.00 shares at 32.88 on 2024-10-24 16:15:00+00:00
2024-11-11 21:15:21,702 - Short Sell 610.00 shares at 32.86 on 2024-10-24 16:45:00+00:00
2024-11-11 21:15:21,702 - Short Sell 610.00 shares at 32.86 on 2024-10-24 17:00:00+00:00
2024-11-11 21:15:21,702 - Short Sell 610.00 shares at 32.86 on 2024-10-24 17:15:00+00:00
2024-11-11 21:15:21,702 - Buy to cover -21819.00 shares at 32.8 on 2024-10-24 17:45:00+00:00 (Exit: Profit_take, Profit: 3647.5399999999336, Duration: 1680.0 minutes)
2024-11-11 21:15:21,702 - Long Buy 612.00 shares at 32.77 on 2024-10-24 18:15:00+00:00
2024-11-11 21:15:21,702 - Long Buy 600.00 shares at 32.77 on 2024-10-24 18:30:00+00:00
2024-11-11 21:15:21,702 - Long Buy 588.00 shares at 32.76 on 2024-10-24 19:15:00+00:00
2024-11-11 21:15:21,703 - Long Buy 577.00 shares at 32.73 on 2024-10-25 15:30:00+00:00
2024-11-11 21:15:21,703 - Long Buy 566.00 shares at 32.68 on 2024-10-25 16:00:00+00:00
2024-11-11 21:15:21,703 - Long Buy 555.00 shares at 32.65 on 2024-10-25 16:15:00+00:00
2024-11-11 21:15:21,703 - Long Buy 544.00 shares at 32.66 on 2024-10-25 16:30:00+00:00
2024-11-11 21:15:21,703 - Long Buy 534.00 shares at 32.63 on 2024-10-25 16:45:00+00:00
2024-11-11 21:15:21,703 - Long Buy 524.00 shares at 32.57 on 2024-10-25 17:00:00+00:00
2024-11-11 21:15:21,703 - Long Buy 513.00 shares at 32.6 on 2024-10-25 17:15:00+00:00
2024-11-11 21:15:21,703 - Sell to close 5613.00 shares at 32.55 on 2024-10-25 17:30:00+00:00 (Exit: Stop_loss, Profit: -761.7500000000123, Duration: 1395.0 minutes)
2024-11-11 21:15:21,703 - Short Sell 613.00 shares at 32.71 on 2024-10-28 13:30:00+00:00
2024-11-11 21:15:21,703 - Short Sell 613.00 shares at 32.71 on 2024-10-28 13:45:00+00:00
2024-11-11 21:15:21,703 - Short Sell 613.00 shares at 32.72 on 2024-10-28 15:45:00+00:00
2024-11-11 21:15:21,703 - Short Sell 613.00 shares at 32.72 on 2024-10-28 16:00:00+00:00
2024-11-11 21:15:21,703 - Short Sell 612.00 shares at 32.73 on 2024-10-28 17:15:00+00:00
2024-11-11 21:15:21,703 - Short Sell 612.00 shares at 32.76 on 2024-10-28 17:30:00+00:00
2024-11-11 21:15:21,703 - Short Sell 612.00 shares at 32.75 on 2024-10-28 17:45:00+00:00
2024-11-11 21:15:21,703 - Buy to cover -4288.00 shares at 32.71 on 2024-10-28 18:00:00+00:00 (Exit: Signal, Profit: 79.58000000000447, Duration: 270.0 minutes)
2024-11-11 21:15:21,703 - Long Buy 613.00 shares at 32.69 on 2024-10-28 18:15:00+00:00
2024-11-11 21:15:21,703 - Long Buy 601.00 shares at 32.7 on 2024-10-28 18:45:00+00:00
2024-11-11 21:15:21,704 - Sell to close 1214.00 shares at 32.8 on 2024-10-28 19:30:00+00:00 (Exit: Signal, Profit: 127.52999999999687, Duration: 75.0 minutes)
2024-11-11 21:15:21,704 - Long Buy 621.00 shares at 32.3 on 2024-10-29 13:30:00+00:00
2024-11-11 21:15:21,704 - Long Buy 609.00 shares at 32.27 on 2024-10-29 13:45:00+00:00
2024-11-11 21:15:21,704 - Long Buy 598.00 shares at 32.2 on 2024-10-29 14:00:00+00:00
2024-11-11 21:15:21,704 - Long Buy 585.00 shares at 32.23 on 2024-10-29 14:15:00+00:00
2024-11-11 21:15:21,704 - Long Buy 573.00 shares at 32.27 on 2024-10-29 14:30:00+00:00
2024-11-11 21:15:21,704 - Long Buy 563.00 shares at 32.2 on 2024-10-29 14:45:00+00:00
2024-11-11 21:15:21,704 - Long Buy 551.00 shares at 32.25 on 2024-10-29 15:00:00+00:00
2024-11-11 21:15:21,704 - Long Buy 540.00 shares at 32.23 on 2024-10-29 15:15:00+00:00
2024-11-11 21:15:21,704 - Long Buy 529.00 shares at 32.24 on 2024-10-29 15:30:00+00:00
2024-11-11 21:15:21,704 - Long Buy 519.00 shares at 32.22 on 2024-10-29 15:45:00+00:00
2024-11-11 21:15:21,704 - Long Buy 507.00 shares at 32.3 on 2024-10-29 16:00:00+00:00
2024-11-11 21:15:21,704 - Long Buy 497.00 shares at 32.3 on 2024-10-29 16:15:00+00:00
2024-11-11 21:15:21,704 - Long Buy 488.00 shares at 32.27 on 2024-10-29 16:30:00+00:00
2024-11-11 21:15:21,704 - Long Buy 477.00 shares at 32.3 on 2024-10-29 16:45:00+00:00
2024-11-11 21:15:21,704 - Long Buy 467.00 shares at 32.34 on 2024-10-29 17:00:00+00:00
2024-11-11 21:15:21,704 - Long Buy 459.00 shares at 32.29 on 2024-10-29 17:15:00+00:00
2024-11-11 21:15:21,704 - Long Buy 450.00 shares at 32.23 on 2024-10-29 17:30:00+00:00
2024-11-11 21:15:21,704 - Long Buy 442.00 shares at 32.21 on 2024-10-29 17:45:00+00:00
2024-11-11 21:15:21,704 - Long Buy 433.00 shares at 32.19 on 2024-10-29 18:00:00+00:00
2024-11-11 21:15:21,704 - Long Buy 424.00 shares at 32.22 on 2024-10-29 18:15:00+00:00
2024-11-11 21:15:21,704 - Long Buy 415.00 shares at 32.24 on 2024-10-29 18:30:00+00:00
2024-11-11 21:15:21,704 - Long Buy 407.00 shares at 32.24 on 2024-10-29 18:45:00+00:00
2024-11-11 21:15:21,704 - Sell to close 11154.00 shares at 32.27 on 2024-10-29 19:00:00+00:00 (Exit: Signal, Profit: 199.19999999999985, Duration: 330.0 minutes)
2024-11-11 21:15:21,704 - Long Buy 622.00 shares at 32.22 on 2024-10-29 19:30:00+00:00
2024-11-11 21:15:21,704 - Long Buy 612.00 shares at 32.12 on 2024-10-29 19:45:00+00:00
2024-11-11 21:15:21,704 - Long Buy 598.00 shares at 32.19 on 2024-10-30 14:00:00+00:00
2024-11-11 21:15:21,704 - Long Buy 587.00 shares at 32.13 on 2024-10-30 14:15:00+00:00
2024-11-11 21:15:21,705 - Long Buy 576.00 shares at 32.14 on 2024-10-30 14:30:00+00:00
2024-11-11 21:15:21,705 - Long Buy 564.00 shares at 32.15 on 2024-10-30 14:45:00+00:00
2024-11-11 21:15:21,705 - Long Buy 553.00 shares at 32.13 on 2024-10-30 15:00:00+00:00
2024-11-11 21:15:21,705 - Long Buy 542.00 shares at 32.13 on 2024-10-30 15:15:00+00:00
2024-11-11 21:15:21,705 - Sell to close 4654.00 shares at 32.31 on 2024-10-30 16:15:00+00:00 (Exit: Signal, Profit: 734.940000000027, Duration: 1245.0 minutes)
2024-11-11 21:15:21,705 - Short Sell 617.00 shares at 32.51 on 2024-10-31 13:30:00+00:00
2024-11-11 21:15:21,705 - Short Sell 614.00 shares at 32.7 on 2024-10-31 13:45:00+00:00
2024-11-11 21:15:21,705 - Short Sell 614.00 shares at 32.67 on 2024-10-31 14:00:00+00:00
2024-11-11 21:15:21,705 - Short Sell 616.00 shares at 32.59 on 2024-10-31 14:15:00+00:00
2024-11-11 21:15:21,705 - Short Sell 614.00 shares at 32.66 on 2024-10-31 14:30:00+00:00
2024-11-11 21:15:21,705 - Short Sell 614.00 shares at 32.66 on 2024-10-31 14:45:00+00:00
2024-11-11 21:15:21,705 - Short Sell 615.00 shares at 32.62 on 2024-10-31 15:00:00+00:00
2024-11-11 21:15:21,705 - Short Sell 616.00 shares at 32.57 on 2024-10-31 15:15:00+00:00
2024-11-11 21:15:21,705 - Short Sell 614.00 shares at 32.68 on 2024-10-31 15:30:00+00:00
2024-11-11 21:15:21,705 - Short Sell 614.00 shares at 32.68 on 2024-10-31 15:45:00+00:00
2024-11-11 21:15:21,705 - Short Sell 611.00 shares at 32.83 on 2024-10-31 16:00:00+00:00
2024-11-11 21:15:21,705 - Short Sell 612.00 shares at 32.77 on 2024-10-31 16:15:00+00:00
2024-11-11 21:15:21,705 - Short Sell 613.00 shares at 32.74 on 2024-10-31 16:30:00+00:00
2024-11-11 21:15:21,705 - Short Sell 612.00 shares at 32.78 on 2024-10-31 16:45:00+00:00
2024-11-11 21:15:21,705 - Short Sell 612.00 shares at 32.77 on 2024-10-31 17:00:00+00:00
2024-11-11 21:15:21,705 - Buy to cover -9208.00 shares at 32.84 on 2024-10-31 17:15:00+00:00 (Exit: Stop_loss, Profit: -1456.90000000012, Duration: 225.0 minutes)
2024-11-11 21:15:21,705 - Short Sell 614.00 shares at 32.66 on 2024-11-01 13:30:00+00:00
2024-11-11 21:15:21,706 - Short Sell 609.00 shares at 32.88 on 2024-11-01 13:45:00+00:00
2024-11-11 21:15:21,706 - Buy to cover -1223.00 shares at 33.03 on 2024-11-01 14:00:00+00:00 (Exit: Stop_loss, Profit: -318.5299999999937, Duration: 30.0 minutes)
2024-11-11 21:15:21,706 - Long Buy 624.00 shares at 32.09 on 2024-11-04 14:30:00+00:00
2024-11-11 21:15:21,706 - Long Buy 615.00 shares at 31.94 on 2024-11-04 14:45:00+00:00
2024-11-11 21:15:21,706 - Sell to close 1239.00 shares at 32.25 on 2024-11-04 15:00:00+00:00 (Exit: Profit_take, Profit: 290.48999999999063, Duration: 30.0 minutes)
2024-11-11 21:15:21,706 - Long Buy 620.00 shares at 32.32 on 2024-11-04 15:15:00+00:00
2024-11-11 21:15:21,706 - Long Buy 608.00 shares at 32.3 on 2024-11-04 15:30:00+00:00
2024-11-11 21:15:21,706 - Long Buy 597.00 shares at 32.23 on 2024-11-04 15:45:00+00:00
2024-11-11 21:15:21,706 - Long Buy 588.00 shares at 32.09 on 2024-11-04 16:00:00+00:00
2024-11-11 21:15:21,706 - Long Buy 575.00 shares at 32.16 on 2024-11-04 16:15:00+00:00
2024-11-11 21:15:21,706 - Sell to close 2988.00 shares at 32.25 on 2024-11-04 16:30:00+00:00 (Exit: Signal, Profit: 83.97000000000676, Duration: 75.0 minutes)
2024-11-11 21:15:21,706 - Short Sell 622.00 shares at 32.2 on 2024-11-04 16:45:00+00:00
2024-11-11 21:15:21,706 - Buy to cover -622.00 shares at 32.02 on 2024-11-04 17:15:00+00:00 (Exit: Profit_take, Profit: 111.95999999999982, Duration: 30.0 minutes)
2024-11-11 21:15:21,706 - Long Buy 624.00 shares at 32.11 on 2024-11-04 17:30:00+00:00
2024-11-11 21:15:21,706 - Long Buy 612.00 shares at 32.11 on 2024-11-04 17:45:00+00:00
2024-11-11 21:15:21,706 - Sell to close 1236.00 shares at 32.27 on 2024-11-04 18:30:00+00:00 (Exit: Signal, Profit: 197.76000000000457, Duration: 60.0 minutes)
2024-11-11 21:15:21,706 - Short Sell 622.00 shares at 32.23 on 2024-11-04 19:00:00+00:00
2024-11-11 21:15:21,707 - Buy to cover -622.00 shares at 32.07 on 2024-11-04 20:15:00+00:00 (Exit: Signal, Profit: 99.51999999999788, Duration: 75.0 minutes)
2024-11-11 21:15:21,707 - Long Buy 625.00 shares at 32.06 on 2024-11-04 20:30:00+00:00
2024-11-11 21:15:21,707 - Long Buy 613.00 shares at 32.05 on 2024-11-04 20:45:00+00:00
2024-11-11 21:15:21,707 - Long Buy 602.00 shares at 31.98 on 2024-11-05 14:30:00+00:00
2024-11-11 21:15:21,707 - Sell to close 1840.00 shares at 32.23 on 2024-11-05 15:00:00+00:00 (Exit: Profit_take, Profit: 367.08999999999946, Duration: 1110.0 minutes)
2024-11-11 21:15:21,707 - Short Sell 620.00 shares at 32.33 on 2024-11-05 16:00:00+00:00
2024-11-11 21:15:21,707 - Short Sell 621.00 shares at 32.3 on 2024-11-05 16:15:00+00:00
2024-11-11 21:15:21,707 - Short Sell 621.00 shares at 32.3 on 2024-11-05 16:30:00+00:00
2024-11-11 21:15:21,707 - Short Sell 621.00 shares at 32.29 on 2024-11-05 16:45:00+00:00
2024-11-11 21:15:21,707 - Short Sell 621.00 shares at 32.29 on 2024-11-05 17:00:00+00:00
2024-11-11 21:15:21,707 - Short Sell 621.00 shares at 32.3 on 2024-11-05 17:15:00+00:00
2024-11-11 21:15:21,707 - Buy to cover -3725.00 shares at 32.27 on 2024-11-05 17:30:00+00:00 (Exit: Signal, Profit: 117.92999999998824, Duration: 90.0 minutes)
2024-11-11 21:15:21,707 - Short Sell 620.00 shares at 32.36 on 2024-11-05 17:45:00+00:00
2024-11-11 21:15:21,707 - Short Sell 620.00 shares at 32.37 on 2024-11-05 18:00:00+00:00
2024-11-11 21:15:21,707 - Short Sell 618.00 shares at 32.45 on 2024-11-05 18:15:00+00:00
2024-11-11 21:15:21,707 - Short Sell 618.00 shares at 32.45 on 2024-11-05 18:30:00+00:00
2024-11-11 21:15:21,707 - Short Sell 619.00 shares at 32.41 on 2024-11-05 18:45:00+00:00
2024-11-11 21:15:21,707 - Short Sell 618.00 shares at 32.46 on 2024-11-05 19:00:00+00:00
2024-11-11 21:15:21,707 - Short Sell 617.00 shares at 32.5 on 2024-11-05 19:15:00+00:00
2024-11-11 21:15:21,707 - Short Sell 617.00 shares at 32.5 on 2024-11-05 19:30:00+00:00
2024-11-11 21:15:21,707 - Short Sell 617.00 shares at 32.49 on 2024-11-05 19:45:00+00:00
2024-11-11 21:15:21,707 - Short Sell 618.00 shares at 32.45 on 2024-11-05 20:00:00+00:00
2024-11-11 21:15:21,707 - Short Sell 618.00 shares at 32.45 on 2024-11-05 20:15:00+00:00
2024-11-11 21:15:21,707 - Short Sell 616.00 shares at 32.54 on 2024-11-05 20:30:00+00:00
2024-11-11 21:15:21,707 - Short Sell 615.00 shares at 32.59 on 2024-11-05 20:45:00+00:00
2024-11-11 21:15:21,707 - Short Sell 614.00 shares at 32.61 on 2024-11-06 14:30:00+00:00
2024-11-11 21:15:21,707 - Short Sell 615.00 shares at 32.59 on 2024-11-06 14:45:00+00:00
2024-11-11 21:15:21,707 - Short Sell 617.00 shares at 32.52 on 2024-11-06 15:00:00+00:00
2024-11-11 21:15:21,707 - Short Sell 615.00 shares at 32.58 on 2024-11-06 15:15:00+00:00
2024-11-11 21:15:21,707 - Short Sell 618.00 shares at 32.45 on 2024-11-06 15:30:00+00:00
2024-11-11 21:15:21,708 - Short Sell 619.00 shares at 32.41 on 2024-11-06 15:45:00+00:00
2024-11-11 21:15:21,708 - Short Sell 619.00 shares at 32.44 on 2024-11-06 16:00:00+00:00
2024-11-11 21:15:21,708 - Short Sell 616.00 shares at 32.55 on 2024-11-06 16:15:00+00:00
2024-11-11 21:15:21,708 - Short Sell 616.00 shares at 32.55 on 2024-11-06 16:30:00+00:00
2024-11-11 21:15:21,708 - Short Sell 615.00 shares at 32.59 on 2024-11-06 16:45:00+00:00
2024-11-11 21:15:21,708 - Short Sell 612.00 shares at 32.67 on 2024-11-06 17:00:00+00:00
2024-11-11 21:15:21,708 - Short Sell 615.00 shares at 32.59 on 2024-11-06 17:15:00+00:00
2024-11-11 21:15:21,708 - Short Sell 614.00 shares at 32.62 on 2024-11-06 17:30:00+00:00
2024-11-11 21:15:21,708 - Short Sell 614.00 shares at 32.61 on 2024-11-06 17:45:00+00:00
2024-11-11 21:15:21,708 - Short Sell 613.00 shares at 32.64 on 2024-11-06 18:00:00+00:00
2024-11-11 21:15:21,708 - Short Sell 612.00 shares at 32.67 on 2024-11-06 18:15:00+00:00
2024-11-11 21:15:21,708 - Buy to cover -17875.00 shares at 32.73 on 2024-11-06 18:30:00+00:00 (Exit: Stop_loss, Profit: -3740.7600000000753, Duration: 1485.0 minutes)
2024-11-11 21:15:21,708 - Long Buy 614.00 shares at 32.52 on 2024-11-07 15:00:00+00:00
2024-11-11 21:15:21,708 - Long Buy 602.00 shares at 32.52 on 2024-11-07 15:15:00+00:00
2024-11-11 21:15:21,708 - Long Buy 589.00 shares at 32.56 on 2024-11-07 15:45:00+00:00
2024-11-11 21:15:21,708 - Long Buy 577.00 shares at 32.58 on 2024-11-07 16:00:00+00:00
2024-11-11 21:15:21,708 - Long Buy 568.00 shares at 32.45 on 2024-11-07 16:15:00+00:00
2024-11-11 21:15:21,708 - Long Buy 557.00 shares at 32.43 on 2024-11-07 16:30:00+00:00
2024-11-11 21:15:21,708 - Long Buy 547.00 shares at 32.38 on 2024-11-07 16:45:00+00:00
2024-11-11 21:15:21,708 - Long Buy 535.00 shares at 32.4 on 2024-11-07 17:00:00+00:00
2024-11-11 21:15:21,708 - Long Buy 526.00 shares at 32.34 on 2024-11-07 17:15:00+00:00
2024-11-11 21:15:21,708 - Long Buy 515.00 shares at 32.35 on 2024-11-07 17:30:00+00:00
2024-11-11 21:15:21,708 - Long Buy 505.00 shares at 32.33 on 2024-11-07 17:45:00+00:00
2024-11-11 21:15:21,708 - Long Buy 495.00 shares at 32.34 on 2024-11-07 18:00:00+00:00
2024-11-11 21:15:21,708 - Sell to close 6630.00 shares at 32.16 on 2024-11-07 18:15:00+00:00 (Exit: Stop_loss, Profit: -1847.029999999945, Duration: 195.0 minutes)
2024-11-11 21:15:21,708 - Short Sell 613.00 shares at 32.54 on 2024-11-08 14:30:00+00:00
2024-11-11 21:15:21,709 - Short Sell 611.00 shares at 32.66 on 2024-11-08 14:45:00+00:00
2024-11-11 21:15:21,709 - Short Sell 609.00 shares at 32.75 on 2024-11-08 15:00:00+00:00
2024-11-11 21:15:21,709 - Short Sell 608.00 shares at 32.8 on 2024-11-08 15:15:00+00:00
2024-11-11 21:15:21,709 - Buy to cover -2441.00 shares at 32.87 on 2024-11-08 15:30:00+00:00 (Exit: Stop_loss, Profit: -446.2399999999978, Duration: 60.0 minutes)
2024-11-11 21:15:21,710 - Final statisticsStock: PPL, 
total_trades: 28, 
winning_trades: 19, 
losing_trades: 9, 
average_return: 0.0008853277174529281, 
average_duration: 808.3928571428571, 
final_balance: 997684.3100000016, 
final_portfolio_value: 997684.3100000016, 
sharpe_ratio: 3.1274121757459543, 



