2024-11-11 19:41:22,515 - Starting GBMStrategy with initial capital: 1000000
2024-11-11 19:41:22,515 - Hyperparameters: {'threshold': 1.5, 'time_periods': 30, 'num_simulations': 150}
2024-11-11 19:42:51,606 - Short Sell 102.00 shares at 195.25 on 2024-10-11 14:30:00+00:00
2024-11-11 19:42:51,607 - Short Sell 102.00 shares at 195.63 on 2024-10-11 14:45:00+00:00
2024-11-11 19:42:51,607 - Short Sell 102.00 shares at 195.69 on 2024-10-11 15:00:00+00:00
2024-11-11 19:42:51,607 - Short Sell 102.00 shares at 195.27 on 2024-10-11 15:15:00+00:00
2024-11-11 19:42:51,607 - Short Sell 102.00 shares at 195.72 on 2024-10-11 15:30:00+00:00
2024-11-11 19:42:51,607 - Short Sell 102.00 shares at 195.52 on 2024-10-11 15:45:00+00:00
2024-11-11 19:42:51,607 - Short Sell 102.00 shares at 195.36 on 2024-10-11 16:00:00+00:00
2024-11-11 19:42:51,607 - Short Sell 102.00 shares at 195.71 on 2024-10-11 16:15:00+00:00
2024-11-11 19:42:51,607 - Buy to cover -816.00 shares at 194.34 on 2024-10-11 19:00:00+00:00 (Exit: Profit_take, Profit: 961.8600000000065, Duration: 270.0 minutes)
2024-11-11 19:42:51,608 - Long Buy 103.00 shares at 193.91 on 2024-10-14 14:00:00+00:00
2024-11-11 19:42:51,608 - Sell to close 103.00 shares at 195.78 on 2024-10-14 14:30:00+00:00 (Exit: Profit_take, Profit: 192.61000000000047, Duration: 30.0 minutes)
2024-11-11 19:42:51,608 - Short Sell 102.00 shares at 195.94 on 2024-10-14 14:45:00+00:00
2024-11-11 19:42:51,608 - Short Sell 101.00 shares at 196.45 on 2024-10-14 15:00:00+00:00
2024-11-11 19:42:51,608 - Short Sell 102.00 shares at 196.03 on 2024-10-14 15:15:00+00:00
2024-11-11 19:42:51,608 - Short Sell 101.00 shares at 196.5 on 2024-10-14 15:30:00+00:00
2024-11-11 19:42:51,608 - Short Sell 101.00 shares at 196.56 on 2024-10-14 16:00:00+00:00
2024-11-11 19:42:51,608 - Short Sell 101.00 shares at 196.6 on 2024-10-14 16:15:00+00:00
2024-11-11 19:42:51,608 - Short Sell 101.00 shares at 196.86 on 2024-10-14 16:30:00+00:00
2024-11-11 19:42:51,608 - Short Sell 101.00 shares at 197.38 on 2024-10-14 16:45:00+00:00
2024-11-11 19:42:51,608 - Short Sell 101.00 shares at 197.24 on 2024-10-14 17:00:00+00:00
2024-11-11 19:42:51,608 - Short Sell 101.00 shares at 196.84 on 2024-10-14 17:15:00+00:00
2024-11-11 19:42:51,608 - Short Sell 101.00 shares at 197.17 on 2024-10-14 17:30:00+00:00
2024-11-11 19:42:51,608 - Short Sell 101.00 shares at 197.32 on 2024-10-14 17:45:00+00:00
2024-11-11 19:42:51,608 - Short Sell 101.00 shares at 197.23 on 2024-10-14 18:00:00+00:00
2024-11-11 19:42:51,608 - Short Sell 101.00 shares at 197.26 on 2024-10-14 18:15:00+00:00
2024-11-11 19:42:51,608 - Short Sell 101.00 shares at 197.84 on 2024-10-14 18:30:00+00:00
2024-11-11 19:42:51,608 - Short Sell 101.00 shares at 197.58 on 2024-10-14 18:45:00+00:00
2024-11-11 19:42:51,609 - Short Sell 101.00 shares at 197.82 on 2024-10-14 19:00:00+00:00
2024-11-11 19:42:51,609 - Short Sell 101.00 shares at 197.68 on 2024-10-14 19:15:00+00:00
2024-11-11 19:42:51,609 - Short Sell 101.00 shares at 197.35 on 2024-10-14 19:30:00+00:00
2024-11-11 19:42:51,609 - Short Sell 101.00 shares at 196.84 on 2024-10-14 19:45:00+00:00
2024-11-11 19:42:51,609 - Buy to cover -2022.00 shares at 199.44 on 2024-10-15 13:30:00+00:00 (Exit: Stop_loss, Profit: -4886.219999999909, Duration: 1365.0 minutes)
2024-11-11 19:42:51,609 - Long Buy 98.00 shares at 201.52 on 2024-10-16 13:30:00+00:00
2024-11-11 19:42:51,609 - Long Buy 97.00 shares at 201.29 on 2024-10-16 13:45:00+00:00
2024-11-11 19:42:51,609 - Long Buy 94.00 shares at 202.39 on 2024-10-16 14:00:00+00:00
2024-11-11 19:42:51,609 - Long Buy 92.00 shares at 202.02 on 2024-10-16 14:15:00+00:00
2024-11-11 19:42:51,609 - Long Buy 91.00 shares at 201.91 on 2024-10-16 14:30:00+00:00
2024-11-11 19:42:51,609 - Sell to close 472.00 shares at 203.21 on 2024-10-16 14:45:00+00:00 (Exit: Profit_take, Profit: 656.720000000003, Duration: 75.0 minutes)
2024-11-11 19:42:51,609 - Long Buy 98.00 shares at 203.17 on 2024-10-16 15:00:00+00:00
2024-11-11 19:42:51,609 - Long Buy 96.00 shares at 202.82 on 2024-10-16 15:15:00+00:00
2024-11-11 19:42:51,609 - Long Buy 94.00 shares at 202.15 on 2024-10-16 15:30:00+00:00
2024-11-11 19:42:51,610 - Long Buy 92.00 shares at 202.56 on 2024-10-16 15:45:00+00:00
2024-11-11 19:42:51,610 - Long Buy 90.00 shares at 202.91 on 2024-10-16 16:00:00+00:00
2024-11-11 19:42:51,610 - Long Buy 89.00 shares at 202.46 on 2024-10-16 16:15:00+00:00
2024-11-11 19:42:51,610 - Long Buy 87.00 shares at 201.89 on 2024-10-16 16:30:00+00:00
2024-11-11 19:42:51,610 - Long Buy 85.00 shares at 202.02 on 2024-10-16 16:45:00+00:00
2024-11-11 19:42:51,610 - Long Buy 84.00 shares at 201.69 on 2024-10-16 17:00:00+00:00
2024-11-11 19:42:51,610 - Long Buy 82.00 shares at 201.77 on 2024-10-16 17:15:00+00:00
2024-11-11 19:42:51,610 - Sell to close 897.00 shares at 202.19 on 2024-10-16 17:30:00+00:00 (Exit: Signal, Profit: -158.64000000000902, Duration: 150.0 minutes)
2024-11-11 19:42:51,610 - Short Sell 98.00 shares at 202.49 on 2024-10-16 17:45:00+00:00
2024-11-11 19:42:51,610 - Short Sell 98.00 shares at 202.78 on 2024-10-16 18:00:00+00:00
2024-11-11 19:42:51,610 - Short Sell 98.00 shares at 202.93 on 2024-10-16 18:15:00+00:00
2024-11-11 19:42:51,611 - Short Sell 98.00 shares at 202.31 on 2024-10-16 18:30:00+00:00
2024-11-11 19:42:51,611 - Buy to cover -392.00 shares at 203.87 on 2024-10-17 13:30:00+00:00 (Exit: Stop_loss, Profit: -487.0600000000027, Duration: 1185.0 minutes)
2024-11-11 19:42:51,611 - Long Buy 99.00 shares at 199.7 on 2024-10-18 13:30:00+00:00
2024-11-11 19:42:51,611 - Long Buy 98.00 shares at 199.0 on 2024-10-18 13:45:00+00:00
2024-11-11 19:42:51,611 - Long Buy 95.00 shares at 199.6 on 2024-10-18 14:00:00+00:00
2024-11-11 19:42:51,611 - Long Buy 93.00 shares at 200.24 on 2024-10-18 14:15:00+00:00
2024-11-11 19:42:51,611 - Long Buy 91.00 shares at 200.26 on 2024-10-18 14:30:00+00:00
2024-11-11 19:42:51,611 - Long Buy 90.00 shares at 199.66 on 2024-10-18 14:45:00+00:00
2024-11-11 19:42:51,611 - Long Buy 88.00 shares at 199.62 on 2024-10-18 15:00:00+00:00
2024-11-11 19:42:51,611 - Long Buy 86.00 shares at 199.33 on 2024-10-18 15:15:00+00:00
2024-11-11 19:42:51,611 - Long Buy 85.00 shares at 199.61 on 2024-10-18 15:30:00+00:00
2024-11-11 19:42:51,611 - Long Buy 83.00 shares at 199.52 on 2024-10-18 15:45:00+00:00
2024-11-11 19:42:51,611 - Long Buy 81.00 shares at 199.46 on 2024-10-18 16:00:00+00:00
2024-11-11 19:42:51,611 - Long Buy 79.00 shares at 199.77 on 2024-10-18 16:15:00+00:00
2024-11-11 19:42:51,612 - Long Buy 78.00 shares at 200.21 on 2024-10-18 16:30:00+00:00
2024-11-11 19:42:51,612 - Long Buy 76.00 shares at 199.97 on 2024-10-18 16:45:00+00:00
2024-11-11 19:42:51,612 - Long Buy 75.00 shares at 199.75 on 2024-10-18 17:00:00+00:00
2024-11-11 19:42:51,612 - Long Buy 73.00 shares at 199.53 on 2024-10-18 17:15:00+00:00
2024-11-11 19:42:51,612 - Long Buy 72.00 shares at 199.55 on 2024-10-18 17:30:00+00:00
2024-11-11 19:42:51,612 - Long Buy 71.00 shares at 199.44 on 2024-10-18 17:45:00+00:00
2024-11-11 19:42:51,612 - Long Buy 69.00 shares at 199.49 on 2024-10-18 18:00:00+00:00
2024-11-11 19:42:51,612 - Long Buy 68.00 shares at 200.0 on 2024-10-18 18:15:00+00:00
2024-11-11 19:42:51,612 - Long Buy 66.00 shares at 200.23 on 2024-10-18 18:30:00+00:00
2024-11-11 19:42:51,612 - Long Buy 65.00 shares at 200.22 on 2024-10-18 18:45:00+00:00
2024-11-11 19:42:51,612 - Long Buy 63.00 shares at 200.25 on 2024-10-18 19:00:00+00:00
2024-11-11 19:42:51,612 - Long Buy 62.00 shares at 199.76 on 2024-10-18 19:15:00+00:00
2024-11-11 19:42:51,612 - Long Buy 61.00 shares at 199.75 on 2024-10-18 19:30:00+00:00
2024-11-11 19:42:51,612 - Long Buy 60.00 shares at 199.36 on 2024-10-21 13:30:00+00:00
2024-11-11 19:42:51,612 - Sell to close 2027.00 shares at 200.72 on 2024-10-21 14:00:00+00:00 (Exit: Signal, Profit: 2005.3300000000556, Duration: 4350.0 minutes)
2024-11-11 19:42:51,612 - Short Sell 99.00 shares at 200.35 on 2024-10-21 14:15:00+00:00
2024-11-11 19:42:51,612 - Short Sell 99.00 shares at 200.25 on 2024-10-21 14:45:00+00:00
2024-11-11 19:42:51,612 - Buy to cover -198.00 shares at 199.25 on 2024-10-21 15:15:00+00:00 (Exit: Profit_take, Profit: 207.89999999999662, Duration: 60.0 minutes)
2024-11-11 19:42:51,612 - Short Sell 99.00 shares at 200.43 on 2024-10-21 15:45:00+00:00
2024-11-11 19:42:51,613 - Short Sell 99.00 shares at 200.69 on 2024-10-21 17:00:00+00:00
2024-11-11 19:42:51,613 - Short Sell 99.00 shares at 200.65 on 2024-10-21 17:15:00+00:00
2024-11-11 19:42:51,613 - Buy to cover -297.00 shares at 199.57 on 2024-10-21 18:00:00+00:00 (Exit: Profit_take, Profit: 302.9400000000115, Duration: 135.0 minutes)
2024-11-11 19:42:51,613 - Short Sell 99.00 shares at 200.5 on 2024-10-22 14:00:00+00:00
2024-11-11 19:42:51,613 - Short Sell 99.00 shares at 200.97 on 2024-10-22 14:15:00+00:00
2024-11-11 19:42:51,613 - Short Sell 99.00 shares at 201.36 on 2024-10-22 14:30:00+00:00
2024-11-11 19:42:51,613 - Short Sell 98.00 shares at 202.34 on 2024-10-22 14:45:00+00:00
2024-11-11 19:42:51,613 - Short Sell 98.00 shares at 202.31 on 2024-10-22 15:00:00+00:00
2024-11-11 19:42:51,613 - Short Sell 98.00 shares at 201.88 on 2024-10-22 15:15:00+00:00
2024-11-11 19:42:51,613 - Short Sell 98.00 shares at 202.04 on 2024-10-22 15:30:00+00:00
2024-11-11 19:42:51,613 - Short Sell 98.00 shares at 202.5 on 2024-10-22 15:45:00+00:00
2024-11-11 19:42:51,613 - Buy to cover -787.00 shares at 202.76 on 2024-10-22 16:00:00+00:00 (Exit: Stop_loss, Profit: -807.0900000000258, Duration: 120.0 minutes)
2024-11-11 19:42:51,614 - Short Sell 98.00 shares at 201.75 on 2024-10-23 13:30:00+00:00
2024-11-11 19:42:51,614 - Buy to cover -98.00 shares at 200.53 on 2024-10-23 13:45:00+00:00 (Exit: Profit_take, Profit: 119.55999999999989, Duration: 15.0 minutes)
2024-11-11 19:42:51,614 - Short Sell 99.00 shares at 200.62 on 2024-10-23 14:00:00+00:00
2024-11-11 19:42:51,614 - Short Sell 98.00 shares at 201.92 on 2024-10-23 14:15:00+00:00
2024-11-11 19:42:51,614 - Short Sell 98.00 shares at 202.16 on 2024-10-23 14:30:00+00:00
2024-11-11 19:42:51,614 - Short Sell 98.00 shares at 201.84 on 2024-10-23 14:45:00+00:00
2024-11-11 19:42:51,614 - Buy to cover -393.00 shares at 201.63 on 2024-10-23 15:00:00+00:00 (Exit: Signal, Profit: 0.9500000000138016, Duration: 60.0 minutes)
2024-11-11 19:42:51,614 - Short Sell 98.00 shares at 202.45 on 2024-10-23 15:30:00+00:00
2024-11-11 19:42:51,614 - Short Sell 98.00 shares at 202.55 on 2024-10-23 15:45:00+00:00
2024-11-11 19:42:51,614 - Buy to cover -196.00 shares at 201.34 on 2024-10-23 16:15:00+00:00 (Exit: Profit_take, Profit: 227.35999999999933, Duration: 45.0 minutes)
2024-11-11 19:42:51,614 - Long Buy 99.00 shares at 200.36 on 2024-10-23 17:00:00+00:00
2024-11-11 19:42:51,614 - Long Buy 97.00 shares at 200.63 on 2024-10-23 17:15:00+00:00
2024-11-11 19:42:51,614 - Long Buy 95.00 shares at 200.21 on 2024-10-23 17:30:00+00:00
2024-11-11 19:42:51,614 - Long Buy 93.00 shares at 200.11 on 2024-10-23 17:45:00+00:00
2024-11-11 19:42:51,614 - Long Buy 92.00 shares at 199.74 on 2024-10-23 18:00:00+00:00
2024-11-11 19:42:51,614 - Long Buy 90.00 shares at 200.22 on 2024-10-23 18:15:00+00:00
2024-11-11 19:42:51,614 - Long Buy 88.00 shares at 200.44 on 2024-10-23 18:30:00+00:00
2024-11-11 19:42:51,614 - Long Buy 86.00 shares at 200.75 on 2024-10-23 18:45:00+00:00
2024-11-11 19:42:51,614 - Long Buy 84.00 shares at 200.7 on 2024-10-23 19:00:00+00:00
2024-11-11 19:42:51,615 - Long Buy 83.00 shares at 200.58 on 2024-10-23 19:15:00+00:00
2024-11-11 19:42:51,615 - Long Buy 81.00 shares at 200.95 on 2024-10-23 19:30:00+00:00
2024-11-11 19:42:51,615 - Long Buy 79.00 shares at 201.14 on 2024-10-23 19:45:00+00:00
2024-11-11 19:42:51,615 - Sell to close 1067.00 shares at 201.81 on 2024-10-24 13:45:00+00:00 (Exit: Profit_take, Profit: 1431.2900000000247, Duration: 1245.0 minutes)
2024-11-11 19:42:51,615 - Short Sell 98.00 shares at 203.7 on 2024-10-24 14:15:00+00:00
2024-11-11 19:42:51,615 - Short Sell 98.00 shares at 203.72 on 2024-10-24 14:30:00+00:00
2024-11-11 19:42:51,615 - Short Sell 98.00 shares at 203.91 on 2024-10-24 14:45:00+00:00
2024-11-11 19:42:51,615 - Buy to cover -294.00 shares at 202.64 on 2024-10-24 15:00:00+00:00 (Exit: Profit_take, Profit: 334.18000000000524, Duration: 45.0 minutes)
2024-11-11 19:42:51,615 - Long Buy 99.00 shares at 201.06 on 2024-10-24 16:00:00+00:00
2024-11-11 19:42:51,615 - Long Buy 97.00 shares at 201.23 on 2024-10-24 16:15:00+00:00
2024-11-11 19:42:51,615 - Sell to close 196.00 shares at 201.67 on 2024-10-24 16:30:00+00:00 (Exit: Signal, Profit: 103.06999999999562, Duration: 30.0 minutes)
2024-11-11 19:42:51,615 - Short Sell 99.00 shares at 201.99 on 2024-10-24 16:45:00+00:00
2024-11-11 19:42:51,615 - Short Sell 99.00 shares at 201.83 on 2024-10-24 17:15:00+00:00
2024-11-11 19:42:51,615 - Short Sell 99.00 shares at 201.88 on 2024-10-24 17:30:00+00:00
2024-11-11 19:42:51,615 - Short Sell 99.00 shares at 202.02 on 2024-10-24 18:15:00+00:00
2024-11-11 19:42:51,615 - Short Sell 99.00 shares at 202.04 on 2024-10-24 18:30:00+00:00
2024-11-11 19:42:51,615 - Short Sell 98.00 shares at 202.09 on 2024-10-24 18:45:00+00:00
2024-11-11 19:42:51,616 - Short Sell 98.00 shares at 202.37 on 2024-10-24 19:00:00+00:00
2024-11-11 19:42:51,616 - Short Sell 98.00 shares at 202.34 on 2024-10-24 19:15:00+00:00
2024-11-11 19:42:51,616 - Short Sell 98.00 shares at 202.7 on 2024-10-24 19:30:00+00:00
2024-11-11 19:42:51,616 - Short Sell 98.00 shares at 202.95 on 2024-10-24 19:45:00+00:00
2024-11-11 19:42:51,616 - Short Sell 98.00 shares at 202.69 on 2024-10-25 14:15:00+00:00
2024-11-11 19:42:51,616 - Buy to cover -1083.00 shares at 200.99 on 2024-10-25 15:15:00+00:00 (Exit: Profit_take, Profit: 1377.7900000000075, Duration: 1350.0 minutes)
2024-11-11 19:42:51,616 - Long Buy 99.00 shares at 200.72 on 2024-10-25 17:00:00+00:00
2024-11-11 19:42:51,616 - Long Buy 97.00 shares at 200.48 on 2024-10-25 17:15:00+00:00
2024-11-11 19:42:51,616 - Long Buy 96.00 shares at 200.13 on 2024-10-25 17:30:00+00:00
2024-11-11 19:42:51,616 - Long Buy 94.00 shares at 199.93 on 2024-10-25 17:45:00+00:00
2024-11-11 19:42:51,616 - Long Buy 92.00 shares at 199.86 on 2024-10-25 18:00:00+00:00
2024-11-11 19:42:51,616 - Long Buy 90.00 shares at 200.3 on 2024-10-25 18:15:00+00:00
2024-11-11 19:42:51,616 - Long Buy 88.00 shares at 200.79 on 2024-10-25 18:30:00+00:00
2024-11-11 19:42:51,616 - Long Buy 86.00 shares at 200.7 on 2024-10-25 18:45:00+00:00
2024-11-11 19:42:51,616 - Long Buy 85.00 shares at 200.19 on 2024-10-25 19:00:00+00:00
2024-11-11 19:42:51,616 - Long Buy 83.00 shares at 200.73 on 2024-10-25 19:15:00+00:00
2024-11-11 19:42:51,616 - Long Buy 81.00 shares at 200.58 on 2024-10-25 19:30:00+00:00
2024-11-11 19:42:51,617 - Sell to close 991.00 shares at 203.09 on 2024-10-28 13:30:00+00:00 (Exit: Profit_take, Profit: 2670.890000000026, Duration: 4110.0 minutes)
2024-11-11 19:42:51,617 - Short Sell 98.00 shares at 203.14 on 2024-10-28 13:45:00+00:00
2024-11-11 19:42:51,617 - Short Sell 98.00 shares at 203.43 on 2024-10-28 14:00:00+00:00
2024-11-11 19:42:51,617 - Short Sell 99.00 shares at 202.27 on 2024-10-28 14:15:00+00:00
2024-11-11 19:42:51,617 - Short Sell 99.00 shares at 202.32 on 2024-10-28 14:30:00+00:00
2024-11-11 19:42:51,617 - Short Sell 98.00 shares at 202.96 on 2024-10-28 14:45:00+00:00
2024-11-11 19:42:51,617 - Short Sell 98.00 shares at 203.6 on 2024-10-28 15:00:00+00:00
2024-11-11 19:42:51,617 - Short Sell 98.00 shares at 203.55 on 2024-10-28 15:15:00+00:00
2024-11-11 19:42:51,617 - Short Sell 98.00 shares at 203.19 on 2024-10-28 15:30:00+00:00
2024-11-11 19:42:51,617 - Short Sell 99.00 shares at 202.8 on 2024-10-28 15:45:00+00:00
2024-11-11 19:42:51,617 - Short Sell 98.00 shares at 203.47 on 2024-10-28 16:00:00+00:00
2024-11-11 19:42:51,617 - Short Sell 98.00 shares at 202.99 on 2024-10-28 16:15:00+00:00
2024-11-11 19:42:51,617 - Short Sell 98.00 shares at 203.23 on 2024-10-28 16:30:00+00:00
2024-11-11 19:42:51,617 - Short Sell 99.00 shares at 202.58 on 2024-10-28 16:45:00+00:00
2024-11-11 19:42:51,617 - Short Sell 99.00 shares at 202.71 on 2024-10-28 17:00:00+00:00
2024-11-11 19:42:51,617 - Short Sell 98.00 shares at 203.02 on 2024-10-28 17:15:00+00:00
2024-11-11 19:42:51,617 - Short Sell 98.00 shares at 203.04 on 2024-10-28 17:30:00+00:00
2024-11-11 19:42:51,617 - Short Sell 98.00 shares at 203.42 on 2024-10-28 17:45:00+00:00
2024-11-11 19:42:51,617 - Short Sell 98.00 shares at 203.63 on 2024-10-28 18:00:00+00:00
2024-11-11 19:42:51,617 - Buy to cover -1769.00 shares at 203.05 on 2024-10-28 18:45:00+00:00 (Exit: Signal, Profit: 41.529999999974166, Duration: 300.0 minutes)
2024-11-11 19:42:51,617 - Short Sell 98.00 shares at 204.28 on 2024-10-28 19:15:00+00:00
2024-11-11 19:42:51,618 - Short Sell 98.00 shares at 204.0 on 2024-10-28 19:30:00+00:00
2024-11-11 19:42:51,618 - Buy to cover -196.00 shares at 206.2 on 2024-10-29 13:30:00+00:00 (Exit: Stop_loss, Profit: -403.7599999999949, Duration: 1095.0 minutes)
2024-11-11 19:42:51,618 - Long Buy 96.00 shares at 208.42 on 2024-10-30 13:30:00+00:00
2024-11-11 19:42:51,618 - Long Buy 94.00 shares at 208.75 on 2024-10-30 13:45:00+00:00
2024-11-11 19:42:51,618 - Long Buy 92.00 shares at 208.52 on 2024-10-30 14:00:00+00:00
2024-11-11 19:42:51,618 - Long Buy 90.00 shares at 207.8 on 2024-10-30 14:15:00+00:00
2024-11-11 19:42:51,618 - Long Buy 89.00 shares at 207.38 on 2024-10-30 14:30:00+00:00
2024-11-11 19:42:51,618 - Long Buy 87.00 shares at 208.7 on 2024-10-30 14:45:00+00:00
2024-11-11 19:42:51,618 - Long Buy 85.00 shares at 208.23 on 2024-10-30 15:00:00+00:00
2024-11-11 19:42:51,618 - Long Buy 83.00 shares at 208.78 on 2024-10-30 15:15:00+00:00
2024-11-11 19:42:51,618 - Long Buy 81.00 shares at 209.14 on 2024-10-30 15:30:00+00:00
2024-11-11 19:42:51,618 - Sell to close 797.00 shares at 209.53 on 2024-10-30 15:45:00+00:00 (Exit: Profit_take, Profit: 896.4000000000264, Duration: 135.0 minutes)
2024-11-11 19:42:51,618 - Long Buy 95.00 shares at 209.74 on 2024-10-30 16:00:00+00:00
2024-11-11 19:42:51,619 - Long Buy 93.00 shares at 209.8 on 2024-10-30 16:45:00+00:00
2024-11-11 19:42:51,619 - Long Buy 92.00 shares at 209.56 on 2024-10-30 19:00:00+00:00
2024-11-11 19:42:51,619 - Long Buy 90.00 shares at 209.49 on 2024-10-30 19:15:00+00:00
2024-11-11 19:42:51,619 - Long Buy 88.00 shares at 209.05 on 2024-10-30 19:30:00+00:00
2024-11-11 19:42:51,619 - Sell to close 458.00 shares at 208.32 on 2024-10-30 19:45:00+00:00 (Exit: Stop_loss, Profit: -556.160000000003, Duration: 225.0 minutes)
2024-11-11 19:42:51,619 - Short Sell 94.00 shares at 211.76 on 2024-10-31 13:30:00+00:00
2024-11-11 19:42:51,619 - Buy to cover -94.00 shares at 209.31 on 2024-10-31 13:45:00+00:00 (Exit: Profit_take, Profit: 230.29999999999893, Duration: 15.0 minutes)
2024-11-11 19:42:51,619 - Long Buy 96.00 shares at 207.9 on 2024-10-31 14:15:00+00:00
2024-11-11 19:42:51,619 - Long Buy 94.00 shares at 207.66 on 2024-10-31 14:45:00+00:00
2024-11-11 19:42:51,619 - Long Buy 92.00 shares at 207.64 on 2024-10-31 15:00:00+00:00
2024-11-11 19:42:51,619 - Sell to close 282.00 shares at 209.62 on 2024-10-31 15:30:00+00:00 (Exit: Profit_take, Profit: 531.5200000000018, Duration: 75.0 minutes)
2024-11-11 19:42:51,619 - Short Sell 96.00 shares at 208.87 on 2024-10-31 15:45:00+00:00
2024-11-11 19:42:51,619 - Short Sell 96.00 shares at 209.31 on 2024-10-31 16:00:00+00:00
2024-11-11 19:42:51,619 - Short Sell 96.00 shares at 209.25 on 2024-10-31 16:15:00+00:00
2024-11-11 19:42:51,619 - Short Sell 96.00 shares at 209.08 on 2024-10-31 16:30:00+00:00
2024-11-11 19:42:51,620 - Buy to cover -384.00 shares at 207.93 on 2024-10-31 17:00:00+00:00 (Exit: Profit_take, Profit: 459.8399999999856, Duration: 75.0 minutes)
2024-11-11 19:42:51,620 - Long Buy 96.00 shares at 207.37 on 2024-10-31 18:30:00+00:00
2024-11-11 19:42:51,620 - Long Buy 95.00 shares at 207.0 on 2024-10-31 18:45:00+00:00
2024-11-11 19:42:51,620 - Long Buy 93.00 shares at 206.35 on 2024-10-31 19:00:00+00:00
2024-11-11 19:42:51,620 - Long Buy 91.00 shares at 206.99 on 2024-10-31 19:15:00+00:00
2024-11-11 19:42:51,620 - Long Buy 89.00 shares at 206.81 on 2024-10-31 19:30:00+00:00
2024-11-11 19:42:51,620 - Long Buy 88.00 shares at 206.35 on 2024-10-31 19:45:00+00:00
2024-11-11 19:42:51,620 - Sell to close 552.00 shares at 204.31 on 2024-11-01 13:30:00+00:00 (Exit: Stop_loss, Profit: -1384.9299999999976, Duration: 1140.0 minutes)
2024-11-11 19:42:51,620 - Long Buy 99.00 shares at 201.33 on 2024-11-04 14:30:00+00:00
2024-11-11 19:42:51,620 - Long Buy 98.00 shares at 200.71 on 2024-11-04 14:45:00+00:00
2024-11-11 19:42:51,620 - Long Buy 95.00 shares at 201.2 on 2024-11-04 15:00:00+00:00
2024-11-11 19:42:51,620 - Long Buy 93.00 shares at 201.4 on 2024-11-04 15:15:00+00:00
2024-11-11 19:42:51,620 - Long Buy 91.00 shares at 201.83 on 2024-11-04 15:30:00+00:00
2024-11-11 19:42:51,621 - Sell to close 476.00 shares at 202.53 on 2024-11-04 15:45:00+00:00 (Exit: Profit_take, Profit: 592.3000000000083, Duration: 75.0 minutes)
2024-11-11 19:42:51,621 - Long Buy 98.00 shares at 203.08 on 2024-11-04 16:00:00+00:00
2024-11-11 19:42:51,621 - Long Buy 97.00 shares at 202.57 on 2024-11-04 16:15:00+00:00
2024-11-11 19:42:51,621 - Long Buy 95.00 shares at 201.82 on 2024-11-04 16:30:00+00:00
2024-11-11 19:42:51,621 - Long Buy 93.00 shares at 201.87 on 2024-11-04 16:45:00+00:00
2024-11-11 19:42:51,621 - Long Buy 91.00 shares at 202.18 on 2024-11-04 17:00:00+00:00
2024-11-11 19:42:51,621 - Sell to close 474.00 shares at 203.17 on 2024-11-04 17:15:00+00:00 (Exit: Signal, Profit: 406.2599999999842, Duration: 75.0 minutes)
2024-11-11 19:42:51,621 - Short Sell 99.00 shares at 202.92 on 2024-11-04 17:30:00+00:00
2024-11-11 19:42:51,621 - Short Sell 98.00 shares at 203.14 on 2024-11-04 18:15:00+00:00
2024-11-11 19:42:51,621 - Short Sell 98.00 shares at 203.15 on 2024-11-04 18:45:00+00:00
2024-11-11 19:42:51,621 - Short Sell 98.00 shares at 203.3 on 2024-11-04 19:00:00+00:00
2024-11-11 19:42:51,621 - Short Sell 98.00 shares at 203.52 on 2024-11-04 19:15:00+00:00
2024-11-11 19:42:51,621 - Short Sell 98.00 shares at 203.87 on 2024-11-04 19:30:00+00:00
2024-11-11 19:42:51,621 - Short Sell 98.00 shares at 204.26 on 2024-11-04 19:45:00+00:00
2024-11-11 19:42:51,621 - Short Sell 98.00 shares at 204.67 on 2024-11-04 20:00:00+00:00
2024-11-11 19:42:51,621 - Short Sell 98.00 shares at 204.27 on 2024-11-04 20:15:00+00:00
2024-11-11 19:42:51,621 - Short Sell 98.00 shares at 203.76 on 2024-11-04 20:30:00+00:00
2024-11-11 19:42:51,621 - Short Sell 98.00 shares at 204.43 on 2024-11-04 20:45:00+00:00
2024-11-11 19:42:51,621 - Buy to cover -1079.00 shares at 208.86 on 2024-11-05 14:30:00+00:00 (Exit: Stop_loss, Profit: -5510.600000000037, Duration: 1260.0 minutes)
2024-11-11 19:42:51,622 - Short Sell 88.00 shares at 224.74 on 2024-11-06 14:30:00+00:00
2024-11-11 19:42:51,622 - Short Sell 89.00 shares at 223.71 on 2024-11-06 14:45:00+00:00
2024-11-11 19:42:51,622 - Short Sell 89.00 shares at 223.27 on 2024-11-06 15:00:00+00:00
2024-11-11 19:42:51,622 - Short Sell 89.00 shares at 223.25 on 2024-11-06 15:15:00+00:00
2024-11-11 19:42:51,622 - Short Sell 89.00 shares at 224.26 on 2024-11-06 15:30:00+00:00
2024-11-11 19:42:51,622 - Short Sell 89.00 shares at 223.23 on 2024-11-06 15:45:00+00:00
2024-11-11 19:42:51,622 - Short Sell 89.00 shares at 224.17 on 2024-11-06 16:00:00+00:00
2024-11-11 19:42:51,622 - Short Sell 89.00 shares at 224.01 on 2024-11-06 16:15:00+00:00
2024-11-11 19:42:51,622 - Short Sell 89.00 shares at 224.16 on 2024-11-06 16:30:00+00:00
2024-11-11 19:42:51,622 - Short Sell 88.00 shares at 224.82 on 2024-11-06 16:45:00+00:00
2024-11-11 19:42:51,622 - Short Sell 89.00 shares at 224.03 on 2024-11-06 17:00:00+00:00
2024-11-11 19:42:51,622 - Short Sell 89.00 shares at 224.1 on 2024-11-06 17:15:00+00:00
2024-11-11 19:42:51,622 - Short Sell 88.00 shares at 224.87 on 2024-11-06 17:30:00+00:00
2024-11-11 19:42:51,622 - Short Sell 88.00 shares at 224.81 on 2024-11-06 17:45:00+00:00
2024-11-11 19:42:51,622 - Short Sell 89.00 shares at 224.3 on 2024-11-06 18:00:00+00:00
2024-11-11 19:42:51,622 - Short Sell 88.00 shares at 225.34 on 2024-11-06 18:15:00+00:00
2024-11-11 19:42:51,622 - Buy to cover -1419.00 shares at 224.75 on 2024-11-06 18:30:00+00:00 (Exit: Signal, Profit: -795.6000000000296, Duration: 240.0 minutes)
2024-11-11 19:42:51,622 - Short Sell 88.00 shares at 226.13 on 2024-11-06 19:00:00+00:00
2024-11-11 19:42:51,623 - Short Sell 88.00 shares at 226.16 on 2024-11-06 19:30:00+00:00
2024-11-11 19:42:51,623 - Short Sell 88.00 shares at 226.19 on 2024-11-06 19:45:00+00:00
2024-11-11 19:42:51,623 - Short Sell 88.00 shares at 226.36 on 2024-11-06 20:00:00+00:00
2024-11-11 19:42:51,623 - Short Sell 88.00 shares at 226.8 on 2024-11-06 20:30:00+00:00
2024-11-11 19:42:51,623 - Short Sell 88.00 shares at 226.7 on 2024-11-06 20:45:00+00:00
2024-11-11 19:42:51,623 - Buy to cover -528.00 shares at 223.03 on 2024-11-07 14:30:00+00:00 (Exit: Profit_take, Profit: 1774.0800000000072, Duration: 1170.0 minutes)
2024-11-11 19:42:51,623 - Long Buy 89.00 shares at 223.41 on 2024-11-07 14:45:00+00:00
2024-11-11 19:42:51,623 - Long Buy 87.00 shares at 223.36 on 2024-11-07 15:00:00+00:00
2024-11-11 19:42:51,623 - Long Buy 85.00 shares at 223.59 on 2024-11-07 15:15:00+00:00
2024-11-11 19:42:51,623 - Long Buy 84.00 shares at 223.92 on 2024-11-07 15:30:00+00:00
2024-11-11 19:42:51,623 - Long Buy 82.00 shares at 222.67 on 2024-11-07 15:45:00+00:00
2024-11-11 19:42:51,623 - Long Buy 81.00 shares at 222.51 on 2024-11-07 16:00:00+00:00
2024-11-11 19:42:51,623 - Long Buy 79.00 shares at 222.46 on 2024-11-07 16:15:00+00:00
2024-11-11 19:42:51,623 - Long Buy 78.00 shares at 222.83 on 2024-11-07 16:30:00+00:00
2024-11-11 19:42:51,623 - Long Buy 76.00 shares at 223.12 on 2024-11-07 16:45:00+00:00
2024-11-11 19:42:51,623 - Long Buy 74.00 shares at 223.06 on 2024-11-07 17:00:00+00:00
2024-11-11 19:42:51,623 - Long Buy 73.00 shares at 222.89 on 2024-11-07 17:15:00+00:00
2024-11-11 19:42:51,623 - Long Buy 71.00 shares at 223.3 on 2024-11-07 17:30:00+00:00
2024-11-11 19:42:51,623 - Long Buy 70.00 shares at 223.3 on 2024-11-07 17:45:00+00:00
2024-11-11 19:42:51,623 - Long Buy 69.00 shares at 223.13 on 2024-11-07 18:00:00+00:00
2024-11-11 19:42:51,623 - Long Buy 67.00 shares at 223.05 on 2024-11-07 18:15:00+00:00
2024-11-11 19:42:51,623 - Long Buy 66.00 shares at 222.92 on 2024-11-07 18:30:00+00:00
2024-11-11 19:42:51,623 - Long Buy 65.00 shares at 222.89 on 2024-11-07 18:45:00+00:00
2024-11-11 19:42:51,624 - Sell to close 1296.00 shares at 221.4 on 2024-11-07 19:00:00+00:00 (Exit: Stop_loss, Profit: -2193.8899999999194, Duration: 255.0 minutes)
2024-11-11 19:42:51,624 - Short Sell 89.00 shares at 223.16 on 2024-11-08 14:30:00+00:00
2024-11-11 19:42:51,624 - Short Sell 88.00 shares at 224.69 on 2024-11-08 14:45:00+00:00
2024-11-11 19:42:51,624 - Short Sell 88.00 shares at 224.55 on 2024-11-08 15:00:00+00:00
2024-11-11 19:42:51,624 - Short Sell 88.00 shares at 224.84 on 2024-11-08 15:15:00+00:00
2024-11-11 19:42:51,624 - Buy to cover -353.00 shares at 225.59 on 2024-11-08 15:30:00+00:00 (Exit: Stop_loss, Profit: -452.9900000000035, Duration: 60.0 minutes)
2024-11-11 19:42:51,626 - Final statisticsStock: RCL, 
total_trades: 33, 
winning_trades: 22, 
losing_trades: 11, 
average_return: 0.0014591316038959502, 
average_duration: 631.3636363636364, 
final_balance: 997887.7399999995, 
final_portfolio_value: 997887.7399999995, 
sharpe_ratio: 6.67427616899311, 



