2024-11-11 21:33:22,277 - Starting GBMStrategy with initial capital: 1000000
2024-11-11 21:33:22,277 - Hyperparameters: {'threshold': 1.5, 'time_periods': 30, 'num_simulations': 150}
2024-11-11 21:34:41,271 - Short Sell 36.00 shares at 545.8 on 2024-10-11 14:30:00+00:00
2024-11-11 21:34:41,272 - Short Sell 36.00 shares at 547.51 on 2024-10-11 14:45:00+00:00
2024-11-11 21:34:41,272 - Short Sell 36.00 shares at 547.53 on 2024-10-11 15:00:00+00:00
2024-11-11 21:34:41,272 - Short Sell 36.00 shares at 547.55 on 2024-10-11 15:15:00+00:00
2024-11-11 21:34:41,272 - Short Sell 36.00 shares at 549.72 on 2024-10-11 15:30:00+00:00
2024-11-11 21:34:41,272 - Short Sell 36.00 shares at 550.13 on 2024-10-11 15:45:00+00:00
2024-11-11 21:34:41,272 - Short Sell 36.00 shares at 548.87 on 2024-10-11 16:00:00+00:00
2024-11-11 21:34:41,272 - Short Sell 36.00 shares at 548.62 on 2024-10-11 16:15:00+00:00
2024-11-11 21:34:41,272 - Short Sell 36.00 shares at 548.52 on 2024-10-11 16:30:00+00:00
2024-11-11 21:34:41,272 - Short Sell 36.00 shares at 548.27 on 2024-10-11 16:45:00+00:00
2024-11-11 21:34:41,272 - Short Sell 36.00 shares at 547.85 on 2024-10-11 17:00:00+00:00
2024-11-11 21:34:41,272 - Short Sell 36.00 shares at 547.84 on 2024-10-11 17:15:00+00:00
2024-11-11 21:34:41,272 - Short Sell 36.00 shares at 548.76 on 2024-10-11 17:30:00+00:00
2024-11-11 21:34:41,272 - Short Sell 36.00 shares at 549.06 on 2024-10-11 17:45:00+00:00
2024-11-11 21:34:41,272 - Short Sell 36.00 shares at 548.61 on 2024-10-11 18:00:00+00:00
2024-11-11 21:34:41,272 - Short Sell 36.00 shares at 548.35 on 2024-10-11 18:15:00+00:00
2024-11-11 21:34:41,272 - Short Sell 36.00 shares at 548.51 on 2024-10-11 18:30:00+00:00
2024-11-11 21:34:41,272 - Short Sell 36.00 shares at 550.04 on 2024-10-11 18:45:00+00:00
2024-11-11 21:34:41,272 - Short Sell 36.00 shares at 550.27 on 2024-10-11 19:00:00+00:00
2024-11-11 21:34:41,272 - Short Sell 36.00 shares at 550.41 on 2024-10-11 19:15:00+00:00
2024-11-11 21:34:41,272 - Short Sell 36.00 shares at 550.58 on 2024-10-11 19:30:00+00:00
2024-11-11 21:34:41,272 - Buy to cover -756.00 shares at 551.56 on 2024-10-11 19:45:00+00:00 (Exit: Stop_loss, Profit: -2158.559999999891, Duration: 315.0 minutes)
2024-11-11 21:34:41,272 - Short Sell 36.00 shares at 551.11 on 2024-10-14 13:30:00+00:00
2024-11-11 21:34:41,273 - Short Sell 36.00 shares at 553.33 on 2024-10-14 13:45:00+00:00
2024-11-11 21:34:41,273 - Short Sell 36.00 shares at 553.98 on 2024-10-14 14:00:00+00:00
2024-11-11 21:34:41,273 - Short Sell 35.00 shares at 554.6 on 2024-10-14 14:15:00+00:00
2024-11-11 21:34:41,273 - Short Sell 36.00 shares at 553.71 on 2024-10-14 14:30:00+00:00
2024-11-11 21:34:41,273 - Short Sell 36.00 shares at 552.47 on 2024-10-14 14:45:00+00:00
2024-11-11 21:34:41,273 - Short Sell 36.00 shares at 552.07 on 2024-10-14 15:00:00+00:00
2024-11-11 21:34:41,273 - Short Sell 36.00 shares at 553.15 on 2024-10-14 15:15:00+00:00
2024-11-11 21:34:41,273 - Short Sell 36.00 shares at 554.0 on 2024-10-14 15:30:00+00:00
2024-11-11 21:34:41,273 - Short Sell 36.00 shares at 553.99 on 2024-10-14 15:45:00+00:00
2024-11-11 21:34:41,273 - Short Sell 35.00 shares at 554.63 on 2024-10-14 16:00:00+00:00
2024-11-11 21:34:41,273 - Short Sell 35.00 shares at 554.29 on 2024-10-14 16:15:00+00:00
2024-11-11 21:34:41,273 - Short Sell 35.00 shares at 554.21 on 2024-10-14 16:30:00+00:00
2024-11-11 21:34:41,273 - Short Sell 35.00 shares at 554.4 on 2024-10-14 16:45:00+00:00
2024-11-11 21:34:41,273 - Short Sell 36.00 shares at 554.04 on 2024-10-14 17:00:00+00:00
2024-11-11 21:34:41,273 - Short Sell 36.00 shares at 554.12 on 2024-10-14 17:15:00+00:00
2024-11-11 21:34:41,273 - Short Sell 35.00 shares at 556.0 on 2024-10-15 13:30:00+00:00
2024-11-11 21:34:41,273 - Short Sell 35.00 shares at 556.15 on 2024-10-15 13:45:00+00:00
2024-11-11 21:34:41,273 - Buy to cover -641.00 shares at 558.49 on 2024-10-15 14:00:00+00:00 (Exit: Stop_loss, Profit: -2947.370000000069, Duration: 1470.0 minutes)
2024-11-11 21:34:41,273 - Long Buy 35.00 shares at 554.71 on 2024-10-16 13:30:00+00:00
2024-11-11 21:34:41,274 - Long Buy 35.00 shares at 557.15 on 2024-10-16 13:45:00+00:00
2024-11-11 21:34:41,274 - Long Buy 34.00 shares at 556.92 on 2024-10-16 14:00:00+00:00
2024-11-11 21:34:41,274 - Long Buy 33.00 shares at 557.09 on 2024-10-16 14:15:00+00:00
2024-11-11 21:34:41,274 - Long Buy 33.00 shares at 556.67 on 2024-10-16 14:30:00+00:00
2024-11-11 21:34:41,274 - Long Buy 32.00 shares at 556.38 on 2024-10-16 14:45:00+00:00
2024-11-11 21:34:41,274 - Long Buy 31.00 shares at 556.72 on 2024-10-16 15:00:00+00:00
2024-11-11 21:34:41,274 - Long Buy 30.00 shares at 558.44 on 2024-10-16 15:15:00+00:00
2024-11-11 21:34:41,274 - Sell to close 263.00 shares at 560.08 on 2024-10-16 16:15:00+00:00 (Exit: Profit_take, Profit: 880.8999999999915, Duration: 165.0 minutes)
2024-11-11 21:34:41,274 - Long Buy 35.00 shares at 558.73 on 2024-10-16 17:30:00+00:00
2024-11-11 21:34:41,274 - Sell to close 35.00 shares at 560.81 on 2024-10-16 18:15:00+00:00 (Exit: Signal, Profit: 72.79999999999745, Duration: 45.0 minutes)
2024-11-11 21:34:41,274 - Short Sell 35.00 shares at 560.51 on 2024-10-16 18:30:00+00:00
2024-11-11 21:34:41,274 - Short Sell 35.00 shares at 560.32 on 2024-10-16 19:15:00+00:00
2024-11-11 21:34:41,274 - Short Sell 35.00 shares at 560.66 on 2024-10-16 19:30:00+00:00
2024-11-11 21:34:41,274 - Short Sell 35.00 shares at 560.76 on 2024-10-16 19:45:00+00:00
2024-11-11 21:34:41,275 - Short Sell 35.00 shares at 562.4 on 2024-10-17 13:30:00+00:00
2024-11-11 21:34:41,275 - Short Sell 35.00 shares at 560.76 on 2024-10-17 13:45:00+00:00
2024-11-11 21:34:41,275 - Short Sell 35.00 shares at 561.0 on 2024-10-17 14:00:00+00:00
2024-11-11 21:34:41,275 - Short Sell 35.00 shares at 560.88 on 2024-10-17 14:15:00+00:00
2024-11-11 21:34:41,275 - Short Sell 35.00 shares at 561.33 on 2024-10-17 14:30:00+00:00
2024-11-11 21:34:41,275 - Short Sell 35.00 shares at 562.44 on 2024-10-17 14:45:00+00:00
2024-11-11 21:34:41,275 - Short Sell 35.00 shares at 561.61 on 2024-10-17 15:00:00+00:00
2024-11-11 21:34:41,275 - Short Sell 35.00 shares at 562.27 on 2024-10-17 15:15:00+00:00
2024-11-11 21:34:41,275 - Short Sell 35.00 shares at 562.39 on 2024-10-17 15:30:00+00:00
2024-11-11 21:34:41,275 - Short Sell 35.00 shares at 562.71 on 2024-10-17 15:45:00+00:00
2024-11-11 21:34:41,275 - Short Sell 35.00 shares at 563.66 on 2024-10-17 16:00:00+00:00
2024-11-11 21:34:41,275 - Short Sell 35.00 shares at 564.15 on 2024-10-17 16:15:00+00:00
2024-11-11 21:34:41,275 - Short Sell 35.00 shares at 564.5 on 2024-10-17 16:30:00+00:00
2024-11-11 21:34:41,275 - Buy to cover -595.00 shares at 565.47 on 2024-10-17 16:45:00+00:00 (Exit: Stop_loss, Profit: -2122.4000000000988, Duration: 1335.0 minutes)
2024-11-11 21:34:41,275 - Short Sell 35.00 shares at 565.34 on 2024-10-18 13:30:00+00:00
2024-11-11 21:34:41,275 - Buy to cover -35.00 shares at 561.64 on 2024-10-18 13:45:00+00:00 (Exit: Profit_take, Profit: 129.5000000000016, Duration: 15.0 minutes)
2024-11-11 21:34:41,275 - Long Buy 35.00 shares at 561.66 on 2024-10-18 14:00:00+00:00
2024-11-11 21:34:41,275 - Long Buy 34.00 shares at 561.4 on 2024-10-18 14:15:00+00:00
2024-11-11 21:34:41,275 - Long Buy 34.00 shares at 561.3 on 2024-10-18 14:30:00+00:00
2024-11-11 21:34:41,275 - Long Buy 33.00 shares at 561.55 on 2024-10-18 14:45:00+00:00
2024-11-11 21:34:41,275 - Long Buy 32.00 shares at 561.79 on 2024-10-18 15:00:00+00:00
2024-11-11 21:34:41,275 - Long Buy 32.00 shares at 562.15 on 2024-10-18 15:15:00+00:00
2024-11-11 21:34:41,275 - Long Buy 31.00 shares at 561.59 on 2024-10-18 15:30:00+00:00
2024-11-11 21:34:41,275 - Long Buy 30.00 shares at 561.49 on 2024-10-18 15:45:00+00:00
2024-11-11 21:34:41,275 - Long Buy 30.00 shares at 561.75 on 2024-10-18 16:00:00+00:00
2024-11-11 21:34:41,275 - Long Buy 29.00 shares at 561.71 on 2024-10-18 16:15:00+00:00
2024-11-11 21:34:41,275 - Long Buy 29.00 shares at 560.81 on 2024-10-18 16:30:00+00:00
2024-11-11 21:34:41,275 - Long Buy 28.00 shares at 561.08 on 2024-10-18 16:45:00+00:00
2024-11-11 21:34:41,276 - Long Buy 27.00 shares at 561.01 on 2024-10-18 17:00:00+00:00
2024-11-11 21:34:41,276 - Long Buy 27.00 shares at 560.77 on 2024-10-18 17:15:00+00:00
2024-11-11 21:34:41,276 - Long Buy 26.00 shares at 561.03 on 2024-10-18 17:30:00+00:00
2024-11-11 21:34:41,276 - Long Buy 26.00 shares at 560.07 on 2024-10-18 17:45:00+00:00
2024-11-11 21:34:41,276 - Long Buy 25.00 shares at 559.75 on 2024-10-18 18:00:00+00:00
2024-11-11 21:34:41,276 - Long Buy 25.00 shares at 559.63 on 2024-10-18 18:15:00+00:00
2024-11-11 21:34:41,276 - Long Buy 24.00 shares at 558.32 on 2024-10-18 18:30:00+00:00
2024-11-11 21:34:41,276 - Long Buy 24.00 shares at 558.99 on 2024-10-18 18:45:00+00:00
2024-11-11 21:34:41,276 - Long Buy 23.00 shares at 558.81 on 2024-10-18 19:00:00+00:00
2024-11-11 21:34:41,276 - Long Buy 23.00 shares at 558.57 on 2024-10-18 19:15:00+00:00
2024-11-11 21:34:41,276 - Long Buy 23.00 shares at 558.38 on 2024-10-18 19:30:00+00:00
2024-11-11 21:34:41,276 - Long Buy 22.00 shares at 557.51 on 2024-10-18 19:45:00+00:00
2024-11-11 21:34:41,276 - Long Buy 22.00 shares at 557.48 on 2024-10-21 13:30:00+00:00
2024-11-11 21:34:41,276 - Long Buy 21.00 shares at 557.3 on 2024-10-21 13:45:00+00:00
2024-11-11 21:34:41,276 - Long Buy 21.00 shares at 557.9 on 2024-10-21 14:00:00+00:00
2024-11-11 21:34:41,276 - Long Buy 20.00 shares at 557.28 on 2024-10-21 14:15:00+00:00
2024-11-11 21:34:41,276 - Sell to close 756.00 shares at 556.16 on 2024-10-21 14:30:00+00:00 (Exit: Stop_loss, Profit: -3113.6399999999676, Duration: 4350.0 minutes)
2024-11-11 21:34:41,276 - Long Buy 35.00 shares at 554.62 on 2024-10-22 13:30:00+00:00
2024-11-11 21:34:41,276 - Long Buy 35.00 shares at 552.31 on 2024-10-22 13:45:00+00:00
2024-11-11 21:34:41,276 - Long Buy 34.00 shares at 551.31 on 2024-10-22 14:00:00+00:00
2024-11-11 21:34:41,276 - Long Buy 33.00 shares at 551.71 on 2024-10-22 14:15:00+00:00
2024-11-11 21:34:41,276 - Long Buy 33.00 shares at 550.95 on 2024-10-22 14:30:00+00:00
2024-11-11 21:34:41,276 - Sell to close 170.00 shares at 552.94 on 2024-10-22 14:45:00+00:00 (Exit: Signal, Profit: 124.9300000000062, Duration: 75.0 minutes)
2024-11-11 21:34:41,276 - Short Sell 35.00 shares at 553.93 on 2024-10-22 15:30:00+00:00
2024-11-11 21:34:41,277 - Short Sell 35.00 shares at 553.56 on 2024-10-22 17:00:00+00:00
2024-11-11 21:34:41,277 - Buy to cover -70.00 shares at 543.39 on 2024-10-23 13:30:00+00:00 (Exit: Profit_take, Profit: 724.8499999999933, Duration: 1320.0 minutes)
2024-11-11 21:34:41,277 - Long Buy 36.00 shares at 544.6 on 2024-10-23 13:45:00+00:00
2024-11-11 21:34:41,277 - Long Buy 35.00 shares at 540.89 on 2024-10-23 14:00:00+00:00
2024-11-11 21:34:41,277 - Long Buy 35.00 shares at 539.37 on 2024-10-23 14:15:00+00:00
2024-11-11 21:34:41,277 - Sell to close 106.00 shares at 538.13 on 2024-10-23 14:30:00+00:00 (Exit: Stop_loss, Profit: -372.9199999999944, Duration: 45.0 minutes)
2024-11-11 21:34:41,277 - Short Sell 36.00 shares at 543.74 on 2024-10-24 13:30:00+00:00
2024-11-11 21:34:41,277 - Short Sell 36.00 shares at 545.98 on 2024-10-24 13:45:00+00:00
2024-11-11 21:34:41,277 - Short Sell 36.00 shares at 545.34 on 2024-10-24 14:00:00+00:00
2024-11-11 21:34:41,277 - Short Sell 36.00 shares at 547.91 on 2024-10-24 14:15:00+00:00
2024-11-11 21:34:41,277 - Short Sell 36.00 shares at 548.26 on 2024-10-24 14:30:00+00:00
2024-11-11 21:34:41,277 - Buy to cover -180.00 shares at 549.59 on 2024-10-24 14:45:00+00:00 (Exit: Stop_loss, Profit: -601.9200000000092, Duration: 75.0 minutes)
2024-11-11 21:34:41,277 - Long Buy 36.00 shares at 544.71 on 2024-10-25 13:30:00+00:00
2024-11-11 21:34:41,278 - Long Buy 35.00 shares at 546.05 on 2024-10-25 14:30:00+00:00
2024-11-11 21:34:41,278 - Long Buy 35.00 shares at 543.9 on 2024-10-25 14:45:00+00:00
2024-11-11 21:34:41,278 - Long Buy 34.00 shares at 543.59 on 2024-10-25 15:00:00+00:00
2024-11-11 21:34:41,278 - Long Buy 33.00 shares at 542.37 on 2024-10-25 15:15:00+00:00
2024-11-11 21:34:41,278 - Long Buy 33.00 shares at 542.04 on 2024-10-25 15:30:00+00:00
2024-11-11 21:34:41,278 - Long Buy 32.00 shares at 542.0 on 2024-10-25 15:45:00+00:00
2024-11-11 21:34:41,278 - Long Buy 31.00 shares at 542.08 on 2024-10-25 16:00:00+00:00
2024-11-11 21:34:41,278 - Long Buy 31.00 shares at 542.23 on 2024-10-25 16:15:00+00:00
2024-11-11 21:34:41,278 - Long Buy 30.00 shares at 542.25 on 2024-10-25 16:30:00+00:00
2024-11-11 21:34:41,278 - Long Buy 29.00 shares at 542.54 on 2024-10-25 16:45:00+00:00
2024-11-11 21:34:41,278 - Long Buy 29.00 shares at 542.24 on 2024-10-25 17:00:00+00:00
2024-11-11 21:34:41,278 - Long Buy 28.00 shares at 542.12 on 2024-10-25 17:15:00+00:00
2024-11-11 21:34:41,278 - Sell to close 416.00 shares at 540.04 on 2024-10-25 17:30:00+00:00 (Exit: Stop_loss, Profit: -1231.8500000000458, Duration: 240.0 minutes)
2024-11-11 21:34:41,278 - Short Sell 36.00 shares at 544.63 on 2024-10-28 14:15:00+00:00
2024-11-11 21:34:41,278 - Short Sell 36.00 shares at 545.1 on 2024-10-28 14:30:00+00:00
2024-11-11 21:34:41,278 - Short Sell 36.00 shares at 543.98 on 2024-10-28 14:45:00+00:00
2024-11-11 21:34:41,278 - Short Sell 36.00 shares at 543.97 on 2024-10-28 15:00:00+00:00
2024-11-11 21:34:41,278 - Short Sell 36.00 shares at 544.24 on 2024-10-28 15:45:00+00:00
2024-11-11 21:34:41,278 - Short Sell 36.00 shares at 544.42 on 2024-10-28 16:15:00+00:00
2024-11-11 21:34:41,278 - Short Sell 36.00 shares at 544.5 on 2024-10-28 16:45:00+00:00
2024-11-11 21:34:41,278 - Short Sell 36.00 shares at 544.47 on 2024-10-28 18:00:00+00:00
2024-11-11 21:34:41,278 - Short Sell 36.00 shares at 545.57 on 2024-10-28 18:45:00+00:00
2024-11-11 21:34:41,278 - Short Sell 36.00 shares at 545.0 on 2024-10-28 19:00:00+00:00
2024-11-11 21:34:41,278 - Short Sell 36.00 shares at 545.06 on 2024-10-28 19:15:00+00:00
2024-11-11 21:34:41,278 - Short Sell 36.00 shares at 545.15 on 2024-10-28 19:45:00+00:00
2024-11-11 21:34:41,279 - Short Sell 36.00 shares at 546.37 on 2024-10-29 13:45:00+00:00
2024-11-11 21:34:41,279 - Short Sell 36.00 shares at 547.83 on 2024-10-29 14:00:00+00:00
2024-11-11 21:34:41,279 - Buy to cover -504.00 shares at 549.74 on 2024-10-29 14:15:00+00:00 (Exit: Stop_loss, Profit: -2378.5200000000304, Duration: 1440.0 minutes)
2024-11-11 21:34:41,280 - Short Sell 35.00 shares at 551.46 on 2024-10-30 14:15:00+00:00
2024-11-11 21:34:41,280 - Buy to cover -35.00 shares at 548.21 on 2024-10-30 15:00:00+00:00 (Exit: Profit_take, Profit: 113.75, Duration: 45.0 minutes)
2024-11-11 21:34:41,280 - Long Buy 36.00 shares at 547.24 on 2024-10-30 15:15:00+00:00
2024-11-11 21:34:41,280 - Long Buy 35.00 shares at 547.88 on 2024-10-30 15:30:00+00:00
2024-11-11 21:34:41,280 - Long Buy 34.00 shares at 546.82 on 2024-10-30 15:45:00+00:00
2024-11-11 21:34:41,280 - Long Buy 34.00 shares at 546.83 on 2024-10-30 16:00:00+00:00
2024-11-11 21:34:41,280 - Long Buy 33.00 shares at 547.49 on 2024-10-30 16:15:00+00:00
2024-11-11 21:34:41,280 - Long Buy 32.00 shares at 546.84 on 2024-10-30 16:30:00+00:00
2024-11-11 21:34:41,280 - Long Buy 32.00 shares at 546.01 on 2024-10-30 16:45:00+00:00
2024-11-11 21:34:41,280 - Long Buy 31.00 shares at 545.62 on 2024-10-30 17:00:00+00:00
2024-11-11 21:34:41,280 - Long Buy 30.00 shares at 545.57 on 2024-10-30 17:15:00+00:00
2024-11-11 21:34:41,280 - Long Buy 30.00 shares at 545.13 on 2024-10-30 17:30:00+00:00
2024-11-11 21:34:41,280 - Long Buy 29.00 shares at 544.55 on 2024-10-30 17:45:00+00:00
2024-11-11 21:34:41,280 - Long Buy 29.00 shares at 545.68 on 2024-10-30 18:00:00+00:00
2024-11-11 21:34:41,280 - Long Buy 28.00 shares at 544.85 on 2024-10-30 18:15:00+00:00
2024-11-11 21:34:41,280 - Long Buy 27.00 shares at 545.06 on 2024-10-30 18:30:00+00:00
2024-11-11 21:34:41,281 - Long Buy 27.00 shares at 544.77 on 2024-10-30 18:45:00+00:00
2024-11-11 21:34:41,281 - Long Buy 26.00 shares at 544.31 on 2024-10-30 19:00:00+00:00
2024-11-11 21:34:41,281 - Long Buy 26.00 shares at 544.75 on 2024-10-30 19:15:00+00:00
2024-11-11 21:34:41,281 - Long Buy 25.00 shares at 545.44 on 2024-10-30 19:30:00+00:00
2024-11-11 21:34:41,281 - Long Buy 25.00 shares at 547.51 on 2024-10-30 19:45:00+00:00
2024-11-11 21:34:41,281 - Long Buy 24.00 shares at 545.46 on 2024-10-31 13:30:00+00:00
2024-11-11 21:34:41,281 - Long Buy 24.00 shares at 545.91 on 2024-10-31 14:00:00+00:00
2024-11-11 21:34:41,281 - Long Buy 23.00 shares at 545.92 on 2024-10-31 14:15:00+00:00
2024-11-11 21:34:41,281 - Long Buy 23.00 shares at 545.59 on 2024-10-31 14:30:00+00:00
2024-11-11 21:34:41,281 - Long Buy 22.00 shares at 544.91 on 2024-10-31 14:45:00+00:00
2024-11-11 21:34:41,281 - Long Buy 22.00 shares at 544.26 on 2024-10-31 15:00:00+00:00
2024-11-11 21:34:41,281 - Long Buy 22.00 shares at 545.08 on 2024-10-31 15:15:00+00:00
2024-11-11 21:34:41,281 - Long Buy 21.00 shares at 542.89 on 2024-10-31 15:30:00+00:00
2024-11-11 21:34:41,281 - Long Buy 21.00 shares at 543.38 on 2024-10-31 15:45:00+00:00
2024-11-11 21:34:41,281 - Long Buy 20.00 shares at 542.65 on 2024-10-31 16:00:00+00:00
2024-11-11 21:34:41,281 - Sell to close 791.00 shares at 541.93 on 2024-10-31 16:15:00+00:00 (Exit: Stop_loss, Profit: -2920.4700000001512, Duration: 1500.0 minutes)
2024-11-11 21:34:41,281 - Long Buy 36.00 shares at 536.14 on 2024-11-01 13:30:00+00:00
2024-11-11 21:34:41,281 - Long Buy 35.00 shares at 537.3 on 2024-11-01 13:45:00+00:00
2024-11-11 21:34:41,281 - Sell to close 71.00 shares at 540.63 on 2024-11-01 14:00:00+00:00 (Exit: Profit_take, Profit: 278.1899999999973, Duration: 30.0 minutes)
2024-11-11 21:34:41,281 - Long Buy 36.00 shares at 541.43 on 2024-11-01 14:15:00+00:00
2024-11-11 21:34:41,281 - Long Buy 35.00 shares at 541.33 on 2024-11-01 14:30:00+00:00
2024-11-11 21:34:41,281 - Sell to close 71.00 shares at 542.59 on 2024-11-01 14:45:00+00:00 (Exit: Signal, Profit: 85.86000000000081, Duration: 30.0 minutes)
2024-11-11 21:34:41,281 - Short Sell 36.00 shares at 542.34 on 2024-11-01 15:00:00+00:00
2024-11-11 21:34:41,281 - Short Sell 36.00 shares at 542.44 on 2024-11-01 15:15:00+00:00
2024-11-11 21:34:41,281 - Buy to cover -72.00 shares at 540.65 on 2024-11-01 15:45:00+00:00 (Exit: Signal, Profit: 125.28000000000065, Duration: 45.0 minutes)
2024-11-11 21:34:41,282 - Long Buy 36.00 shares at 540.62 on 2024-11-01 16:00:00+00:00
2024-11-11 21:34:41,282 - Long Buy 35.00 shares at 539.02 on 2024-11-01 17:00:00+00:00
2024-11-11 21:34:41,282 - Long Buy 35.00 shares at 540.07 on 2024-11-01 17:15:00+00:00
2024-11-11 21:34:41,282 - Long Buy 34.00 shares at 540.17 on 2024-11-01 17:45:00+00:00
2024-11-11 21:34:41,282 - Long Buy 33.00 shares at 538.55 on 2024-11-04 14:30:00+00:00
2024-11-11 21:34:41,282 - Long Buy 33.00 shares at 539.12 on 2024-11-04 16:30:00+00:00
2024-11-11 21:34:41,282 - Long Buy 32.00 shares at 538.35 on 2024-11-04 16:45:00+00:00
2024-11-11 21:34:41,282 - Long Buy 31.00 shares at 539.0 on 2024-11-04 17:00:00+00:00
2024-11-11 21:34:41,282 - Sell to close 269.00 shares at 540.72 on 2024-11-04 19:00:00+00:00 (Exit: Signal, Profit: 358.1200000000098, Duration: 4500.0 minutes)
2024-11-11 21:34:41,282 - Short Sell 36.00 shares at 542.05 on 2024-11-04 20:45:00+00:00
2024-11-11 21:34:41,282 - Short Sell 36.00 shares at 544.2 on 2024-11-05 14:30:00+00:00
2024-11-11 21:34:41,282 - Short Sell 36.00 shares at 544.64 on 2024-11-05 14:45:00+00:00
2024-11-11 21:34:41,282 - Short Sell 36.00 shares at 544.29 on 2024-11-05 15:00:00+00:00
2024-11-11 21:34:41,282 - Short Sell 36.00 shares at 544.36 on 2024-11-05 15:15:00+00:00
2024-11-11 21:34:41,282 - Short Sell 36.00 shares at 545.03 on 2024-11-05 15:30:00+00:00
2024-11-11 21:34:41,282 - Short Sell 36.00 shares at 544.97 on 2024-11-05 15:45:00+00:00
2024-11-11 21:34:41,282 - Short Sell 36.00 shares at 544.37 on 2024-11-05 16:00:00+00:00
2024-11-11 21:34:41,282 - Short Sell 36.00 shares at 544.48 on 2024-11-05 16:15:00+00:00
2024-11-11 21:34:41,282 - Short Sell 36.00 shares at 544.0 on 2024-11-05 16:30:00+00:00
2024-11-11 21:34:41,283 - Short Sell 36.00 shares at 544.34 on 2024-11-05 16:45:00+00:00
2024-11-11 21:34:41,283 - Short Sell 36.00 shares at 544.12 on 2024-11-05 17:00:00+00:00
2024-11-11 21:34:41,283 - Short Sell 36.00 shares at 543.9 on 2024-11-05 17:15:00+00:00
2024-11-11 21:34:41,283 - Buy to cover -468.00 shares at 543.57 on 2024-11-05 17:30:00+00:00 (Exit: Signal, Profit: 300.2400000000257, Duration: 1245.0 minutes)
2024-11-11 21:34:41,283 - Long Buy 36.00 shares at 543.35 on 2024-11-05 17:45:00+00:00
2024-11-11 21:34:41,283 - Long Buy 35.00 shares at 543.39 on 2024-11-05 18:00:00+00:00
2024-11-11 21:34:41,283 - Long Buy 34.00 shares at 542.53 on 2024-11-05 18:15:00+00:00
2024-11-11 21:34:41,283 - Long Buy 34.00 shares at 543.19 on 2024-11-05 18:45:00+00:00
2024-11-11 21:34:41,283 - Long Buy 33.00 shares at 541.28 on 2024-11-05 19:45:00+00:00
2024-11-11 21:34:41,283 - Long Buy 32.00 shares at 541.57 on 2024-11-05 20:00:00+00:00
2024-11-11 21:34:41,283 - Long Buy 32.00 shares at 541.4 on 2024-11-05 20:15:00+00:00
2024-11-11 21:34:41,283 - Long Buy 31.00 shares at 540.53 on 2024-11-05 20:30:00+00:00
2024-11-11 21:34:41,283 - Long Buy 30.00 shares at 542.7 on 2024-11-05 20:45:00+00:00
2024-11-11 21:34:41,283 - Sell to close 297.00 shares at 555.51 on 2024-11-06 14:30:00+00:00 (Exit: Profit_take, Profit: 3938.030000000005, Duration: 1245.0 minutes)
2024-11-11 21:34:41,283 - Short Sell 35.00 shares at 553.16 on 2024-11-06 14:45:00+00:00
2024-11-11 21:34:41,283 - Short Sell 35.00 shares at 557.88 on 2024-11-06 15:00:00+00:00
2024-11-11 21:34:41,283 - Buy to cover -70.00 shares at 559.68 on 2024-11-06 15:15:00+00:00 (Exit: Stop_loss, Profit: -291.20000000000573, Duration: 30.0 minutes)
2024-11-11 21:34:41,283 - Short Sell 34.00 shares at 566.68 on 2024-11-07 14:30:00+00:00
2024-11-11 21:34:41,283 - Short Sell 34.00 shares at 566.83 on 2024-11-07 15:00:00+00:00
2024-11-11 21:34:41,283 - Short Sell 34.00 shares at 567.58 on 2024-11-07 15:15:00+00:00
2024-11-11 21:34:41,283 - Short Sell 34.00 shares at 568.59 on 2024-11-07 15:30:00+00:00
2024-11-11 21:34:41,283 - Buy to cover -136.00 shares at 570.99 on 2024-11-07 15:45:00+00:00 (Exit: Stop_loss, Profit: -485.5200000000068, Duration: 75.0 minutes)
2024-11-11 21:34:41,284 - Short Sell 34.00 shares at 571.86 on 2024-11-08 14:45:00+00:00
2024-11-11 21:34:41,284 - Short Sell 34.00 shares at 572.19 on 2024-11-08 15:00:00+00:00
2024-11-11 21:34:41,284 - Short Sell 34.00 shares at 572.81 on 2024-11-08 15:15:00+00:00
2024-11-11 21:34:41,284 - Short Sell 34.00 shares at 571.79 on 2024-11-08 15:30:00+00:00
2024-11-11 21:34:41,284 - Short Sell 34.00 shares at 573.06 on 2024-11-08 15:45:00+00:00
2024-11-11 21:34:41,284 - Short Sell 34.00 shares at 572.26 on 2024-11-08 16:00:00+00:00
2024-11-11 21:34:41,284 - Short Sell 34.00 shares at 570.18 on 2024-11-08 16:15:00+00:00
2024-11-11 21:34:41,284 - Short Sell 34.00 shares at 571.08 on 2024-11-08 16:30:00+00:00
2024-11-11 21:34:41,284 - Short Sell 34.00 shares at 570.91 on 2024-11-08 16:45:00+00:00
2024-11-11 21:34:41,284 - Short Sell 34.00 shares at 571.42 on 2024-11-08 17:00:00+00:00
2024-11-11 21:34:41,284 - Short Sell 34.00 shares at 570.81 on 2024-11-08 17:15:00+00:00
2024-11-11 21:34:41,284 - Short Sell 34.00 shares at 570.49 on 2024-11-08 17:30:00+00:00
2024-11-11 21:34:41,284 - Short Sell 34.00 shares at 570.64 on 2024-11-08 17:45:00+00:00
2024-11-11 21:34:41,284 - Short Sell 34.00 shares at 570.32 on 2024-11-08 18:00:00+00:00
2024-11-11 21:34:41,284 - Buy to cover -476.00 shares at 568.52 on 2024-11-08 20:00:00+00:00 (Exit: Profit_take, Profit: 1378.3599999999756, Duration: 315.0 minutes)
2024-11-11 21:34:41,284 - Short Sell 34.00 shares at 567.21 on 2024-11-08 20:30:00+00:00
2024-11-11 21:34:41,284 - Short Sell 34.00 shares at 567.64 on 2024-11-08 20:45:00+00:00
2024-11-11 21:34:41,286 - Final statisticsStock: ROP, 
total_trades: 24, 
winning_trades: 13, 
losing_trades: 11, 
average_return: 0.0005681987854985612, 
average_duration: 831.25, 
final_balance: 1028471.3400000002, 
final_portfolio_value: 989871.8200000002, 
sharpe_ratio: 2.718255946909253, 



