2024-11-11 23:04:09,780 - Starting GBMStrategy with initial capital: 1000000
2024-11-11 23:04:09,781 - Hyperparameters: {'threshold': 1.5, 'time_periods': 30, 'num_simulations': 150}
2024-11-11 23:08:51,040 - Long Buy 152.00 shares at 130.94 on 2024-10-11 14:30:00+00:00
2024-11-11 23:08:51,041 - Sell to close 152.00 shares at 131.72 on 2024-10-11 14:45:00+00:00 (Exit: Profit_take, Profit: 118.56000000000017, Duration: 15.0 minutes)
2024-11-11 23:08:51,041 - Short Sell 151.00 shares at 131.6 on 2024-10-11 15:00:00+00:00
2024-11-11 23:08:51,042 - Short Sell 152.00 shares at 131.58 on 2024-10-11 15:15:00+00:00
2024-11-11 23:08:51,042 - Short Sell 151.00 shares at 131.81 on 2024-10-11 15:30:00+00:00
2024-11-11 23:08:51,042 - Short Sell 151.00 shares at 131.86 on 2024-10-11 15:45:00+00:00
2024-11-11 23:08:51,042 - Short Sell 151.00 shares at 131.65 on 2024-10-11 16:00:00+00:00
2024-11-11 23:08:51,042 - Short Sell 151.00 shares at 131.61 on 2024-10-11 16:15:00+00:00
2024-11-11 23:08:51,042 - Short Sell 152.00 shares at 131.48 on 2024-10-11 16:30:00+00:00
2024-11-11 23:08:51,042 - Short Sell 151.00 shares at 131.81 on 2024-10-11 16:45:00+00:00
2024-11-11 23:08:51,042 - Short Sell 151.00 shares at 131.74 on 2024-10-11 17:00:00+00:00
2024-11-11 23:08:51,042 - Short Sell 151.00 shares at 132.05 on 2024-10-11 17:15:00+00:00
2024-11-11 23:08:51,042 - Short Sell 151.00 shares at 131.93 on 2024-10-11 17:30:00+00:00
2024-11-11 23:08:51,042 - Short Sell 151.00 shares at 131.8 on 2024-10-11 17:45:00+00:00
2024-11-11 23:08:51,042 - Short Sell 151.00 shares at 131.8 on 2024-10-11 18:00:00+00:00
2024-11-11 23:08:51,042 - Short Sell 151.00 shares at 131.75 on 2024-10-11 18:15:00+00:00
2024-11-11 23:08:51,042 - Short Sell 151.00 shares at 131.77 on 2024-10-11 18:30:00+00:00
2024-11-11 23:08:51,042 - Short Sell 151.00 shares at 131.81 on 2024-10-11 18:45:00+00:00
2024-11-11 23:08:51,042 - Short Sell 151.00 shares at 131.77 on 2024-10-11 19:00:00+00:00
2024-11-11 23:08:51,042 - Short Sell 151.00 shares at 131.67 on 2024-10-11 19:15:00+00:00
2024-11-11 23:08:51,042 - Short Sell 151.00 shares at 131.75 on 2024-10-11 19:30:00+00:00
2024-11-11 23:08:51,042 - Short Sell 151.00 shares at 131.9 on 2024-10-11 19:45:00+00:00
2024-11-11 23:08:51,042 - Short Sell 150.00 shares at 132.31 on 2024-10-14 13:30:00+00:00
2024-11-11 23:08:51,042 - Buy to cover -3172.00 shares at 133.22 on 2024-10-14 13:45:00+00:00 (Exit: Stop_loss, Profit: -4558.140000000033, Duration: 4245.0 minutes)
2024-11-11 23:08:51,042 - Short Sell 148.00 shares at 134.26 on 2024-10-15 13:30:00+00:00
2024-11-11 23:08:51,042 - Short Sell 148.00 shares at 134.34 on 2024-10-15 13:45:00+00:00
2024-11-11 23:08:51,042 - Short Sell 147.00 shares at 134.63 on 2024-10-15 14:00:00+00:00
2024-11-11 23:08:51,042 - Short Sell 148.00 shares at 133.81 on 2024-10-15 14:15:00+00:00
2024-11-11 23:08:51,043 - Buy to cover -591.00 shares at 130.62 on 2024-10-15 14:30:00+00:00 (Exit: Profit_take, Profit: 2150.8700000000063, Duration: 60.0 minutes)
2024-11-11 23:08:51,043 - Long Buy 153.00 shares at 130.36 on 2024-10-15 14:45:00+00:00
2024-11-11 23:08:51,043 - Long Buy 149.00 shares at 130.75 on 2024-10-15 15:00:00+00:00
2024-11-11 23:08:51,043 - Long Buy 147.00 shares at 130.12 on 2024-10-15 15:15:00+00:00
2024-11-11 23:08:51,043 - Long Buy 144.00 shares at 130.16 on 2024-10-15 15:30:00+00:00
2024-11-11 23:08:51,043 - Long Buy 141.00 shares at 129.66 on 2024-10-15 15:45:00+00:00
2024-11-11 23:08:51,043 - Long Buy 139.00 shares at 129.59 on 2024-10-15 16:00:00+00:00
2024-11-11 23:08:51,043 - Sell to close 873.00 shares at 128.98 on 2024-10-15 16:15:00+00:00 (Exit: Stop_loss, Profit: -993.0400000000077, Duration: 90.0 minutes)
2024-11-11 23:08:51,043 - Long Buy 155.00 shares at 128.41 on 2024-10-16 13:45:00+00:00
2024-11-11 23:08:51,043 - Sell to close 155.00 shares at 129.77 on 2024-10-16 14:00:00+00:00 (Exit: Profit_take, Profit: 210.80000000000211, Duration: 15.0 minutes)
2024-11-11 23:08:51,043 - Short Sell 153.00 shares at 129.69 on 2024-10-16 14:15:00+00:00
2024-11-11 23:08:51,043 - Buy to cover -153.00 shares at 128.62 on 2024-10-16 15:30:00+00:00 (Exit: Profit_take, Profit: 163.70999999999896, Duration: 75.0 minutes)
2024-11-11 23:08:51,043 - Long Buy 155.00 shares at 127.85 on 2024-10-16 16:15:00+00:00
2024-11-11 23:08:51,043 - Long Buy 152.00 shares at 127.83 on 2024-10-16 16:30:00+00:00
2024-11-11 23:08:51,043 - Long Buy 149.00 shares at 127.94 on 2024-10-16 16:45:00+00:00
2024-11-11 23:08:51,043 - Long Buy 147.00 shares at 127.7 on 2024-10-16 17:00:00+00:00
2024-11-11 23:08:51,043 - Long Buy 143.00 shares at 127.86 on 2024-10-16 17:15:00+00:00
2024-11-11 23:08:51,044 - Sell to close 746.00 shares at 128.14 on 2024-10-16 17:30:00+00:00 (Exit: Signal, Profit: 226.5900000000037, Duration: 75.0 minutes)
2024-11-11 23:08:51,044 - Long Buy 156.00 shares at 127.61 on 2024-10-16 17:45:00+00:00
2024-11-11 23:08:51,044 - Long Buy 153.00 shares at 127.58 on 2024-10-16 18:00:00+00:00
2024-11-11 23:08:51,044 - Long Buy 150.00 shares at 127.56 on 2024-10-16 18:15:00+00:00
2024-11-11 23:08:51,044 - Long Buy 147.00 shares at 127.2 on 2024-10-16 18:30:00+00:00
2024-11-11 23:08:51,044 - Long Buy 144.00 shares at 127.43 on 2024-10-16 18:45:00+00:00
2024-11-11 23:08:51,044 - Long Buy 141.00 shares at 127.35 on 2024-10-16 19:00:00+00:00
2024-11-11 23:08:51,044 - Long Buy 139.00 shares at 126.99 on 2024-10-16 19:15:00+00:00
2024-11-11 23:08:51,044 - Long Buy 136.00 shares at 126.97 on 2024-10-16 19:30:00+00:00
2024-11-11 23:08:51,044 - Long Buy 133.00 shares at 126.98 on 2024-10-16 19:45:00+00:00
2024-11-11 23:08:51,044 - Sell to close 1299.00 shares at 129.63 on 2024-10-17 13:30:00+00:00 (Exit: Profit_take, Profit: 3015.930000000024, Duration: 1185.0 minutes)
2024-11-11 23:08:51,044 - Short Sell 154.00 shares at 129.16 on 2024-10-17 13:45:00+00:00
2024-11-11 23:08:51,044 - Short Sell 154.00 shares at 129.88 on 2024-10-17 14:00:00+00:00
2024-11-11 23:08:51,044 - Short Sell 153.00 shares at 130.05 on 2024-10-17 14:15:00+00:00
2024-11-11 23:08:51,044 - Short Sell 154.00 shares at 129.84 on 2024-10-17 14:30:00+00:00
2024-11-11 23:08:51,044 - Short Sell 153.00 shares at 129.97 on 2024-10-17 14:45:00+00:00
2024-11-11 23:08:51,044 - Short Sell 153.00 shares at 130.09 on 2024-10-17 15:00:00+00:00
2024-11-11 23:08:51,044 - Short Sell 154.00 shares at 129.8 on 2024-10-17 15:15:00+00:00
2024-11-11 23:08:51,044 - Short Sell 154.00 shares at 129.89 on 2024-10-17 15:30:00+00:00
2024-11-11 23:08:51,044 - Short Sell 153.00 shares at 130.16 on 2024-10-17 15:45:00+00:00
2024-11-11 23:08:51,044 - Short Sell 153.00 shares at 130.33 on 2024-10-17 16:00:00+00:00
2024-11-11 23:08:51,044 - Short Sell 154.00 shares at 129.89 on 2024-10-17 16:15:00+00:00
2024-11-11 23:08:51,044 - Short Sell 154.00 shares at 129.91 on 2024-10-17 16:30:00+00:00
2024-11-11 23:08:51,044 - Short Sell 154.00 shares at 129.66 on 2024-10-17 16:45:00+00:00
2024-11-11 23:08:51,044 - Short Sell 154.00 shares at 129.62 on 2024-10-17 17:00:00+00:00
2024-11-11 23:08:51,044 - Short Sell 154.00 shares at 129.72 on 2024-10-17 17:15:00+00:00
2024-11-11 23:08:51,045 - Short Sell 154.00 shares at 129.27 on 2024-10-17 17:30:00+00:00
2024-11-11 23:08:51,045 - Short Sell 155.00 shares at 129.19 on 2024-10-17 17:45:00+00:00
2024-11-11 23:08:51,045 - Buy to cover -2614.00 shares at 129.11 on 2024-10-17 18:00:00+00:00 (Exit: Profit_take, Profit: 1775.2700000000532, Duration: 255.0 minutes)
2024-11-11 23:08:51,045 - Long Buy 156.00 shares at 128.04 on 2024-10-17 18:30:00+00:00
2024-11-11 23:08:51,045 - Sell to close 156.00 shares at 128.64 on 2024-10-17 19:00:00+00:00 (Exit: Signal, Profit: 93.59999999999911, Duration: 30.0 minutes)
2024-11-11 23:08:51,045 - Long Buy 157.00 shares at 127.21 on 2024-10-17 19:45:00+00:00
2024-11-11 23:08:51,045 - Sell to close 157.00 shares at 128.06 on 2024-10-18 13:30:00+00:00 (Exit: Profit_take, Profit: 133.45000000000357, Duration: 1065.0 minutes)
2024-11-11 23:08:51,045 - Long Buy 157.00 shares at 127.13 on 2024-10-18 13:45:00+00:00
2024-11-11 23:08:51,045 - Long Buy 154.00 shares at 127.0 on 2024-10-18 14:00:00+00:00
2024-11-11 23:08:51,045 - Long Buy 151.00 shares at 127.21 on 2024-10-18 14:15:00+00:00
2024-11-11 23:08:51,045 - Long Buy 148.00 shares at 126.75 on 2024-10-18 14:30:00+00:00
2024-11-11 23:08:51,045 - Long Buy 146.00 shares at 126.28 on 2024-10-18 14:45:00+00:00
2024-11-11 23:08:51,045 - Long Buy 143.00 shares at 126.37 on 2024-10-18 15:00:00+00:00
2024-11-11 23:08:51,045 - Long Buy 140.00 shares at 126.28 on 2024-10-18 15:15:00+00:00
2024-11-11 23:08:51,045 - Long Buy 138.00 shares at 125.98 on 2024-10-18 15:30:00+00:00
2024-11-11 23:08:51,045 - Long Buy 135.00 shares at 126.12 on 2024-10-18 15:45:00+00:00
2024-11-11 23:08:51,045 - Sell to close 1312.00 shares at 125.75 on 2024-10-18 16:00:00+00:00 (Exit: Stop_loss, Profit: -1099.550000000016, Duration: 135.0 minutes)
2024-11-11 23:08:51,045 - Long Buy 159.00 shares at 125.27 on 2024-10-21 13:30:00+00:00
2024-11-11 23:08:51,045 - Long Buy 156.00 shares at 125.72 on 2024-10-21 13:45:00+00:00
2024-11-11 23:08:51,045 - Long Buy 152.00 shares at 125.89 on 2024-10-21 14:00:00+00:00
2024-11-11 23:08:51,045 - Long Buy 150.00 shares at 125.67 on 2024-10-21 14:15:00+00:00
2024-11-11 23:08:51,045 - Long Buy 147.00 shares at 125.01 on 2024-10-21 14:30:00+00:00
2024-11-11 23:08:51,046 - Long Buy 144.00 shares at 125.43 on 2024-10-21 14:45:00+00:00
2024-11-11 23:08:51,046 - Long Buy 141.00 shares at 125.25 on 2024-10-21 15:00:00+00:00
2024-11-11 23:08:51,046 - Long Buy 138.00 shares at 125.21 on 2024-10-21 15:15:00+00:00
2024-11-11 23:08:51,046 - Long Buy 135.00 shares at 125.58 on 2024-10-21 15:30:00+00:00
2024-11-11 23:08:51,046 - Long Buy 133.00 shares at 125.56 on 2024-10-21 15:45:00+00:00
2024-11-11 23:08:51,046 - Long Buy 130.00 shares at 125.41 on 2024-10-21 16:00:00+00:00
2024-11-11 23:08:51,046 - Long Buy 128.00 shares at 125.13 on 2024-10-21 16:15:00+00:00
2024-11-11 23:08:51,046 - Long Buy 125.00 shares at 125.07 on 2024-10-21 16:30:00+00:00
2024-11-11 23:08:51,046 - Long Buy 123.00 shares at 125.21 on 2024-10-21 16:45:00+00:00
2024-11-11 23:08:51,046 - Long Buy 120.00 shares at 125.38 on 2024-10-21 17:00:00+00:00
2024-11-11 23:08:51,046 - Long Buy 117.00 shares at 125.49 on 2024-10-21 17:15:00+00:00
2024-11-11 23:08:51,046 - Long Buy 115.00 shares at 125.49 on 2024-10-21 17:30:00+00:00
2024-11-11 23:08:51,046 - Long Buy 113.00 shares at 125.47 on 2024-10-21 17:45:00+00:00
2024-11-11 23:08:51,046 - Long Buy 110.00 shares at 125.62 on 2024-10-21 18:00:00+00:00
2024-11-11 23:08:51,046 - Long Buy 108.00 shares at 125.61 on 2024-10-21 18:15:00+00:00
2024-11-11 23:08:51,046 - Long Buy 106.00 shares at 125.37 on 2024-10-21 18:30:00+00:00
2024-11-11 23:08:51,046 - Long Buy 104.00 shares at 125.45 on 2024-10-21 18:45:00+00:00
2024-11-11 23:08:51,046 - Long Buy 102.00 shares at 125.52 on 2024-10-21 19:00:00+00:00
2024-11-11 23:08:51,046 - Long Buy 100.00 shares at 125.41 on 2024-10-21 19:15:00+00:00
2024-11-11 23:08:51,046 - Long Buy 98.00 shares at 125.47 on 2024-10-21 19:30:00+00:00
2024-11-11 23:08:51,046 - Long Buy 96.00 shares at 125.51 on 2024-10-22 13:30:00+00:00
2024-11-11 23:08:51,046 - Long Buy 94.00 shares at 125.39 on 2024-10-22 13:45:00+00:00
2024-11-11 23:08:51,046 - Sell to close 3344.00 shares at 125.87 on 2024-10-22 14:00:00+00:00 (Exit: Signal, Profit: 1475.1200000000215, Duration: 1470.0 minutes)
2024-11-11 23:08:51,046 - Short Sell 159.00 shares at 126.01 on 2024-10-22 14:15:00+00:00
2024-11-11 23:08:51,046 - Short Sell 159.00 shares at 125.95 on 2024-10-22 14:30:00+00:00
2024-11-11 23:08:51,046 - Short Sell 159.00 shares at 125.92 on 2024-10-22 14:45:00+00:00
2024-11-11 23:08:51,046 - Buy to cover -477.00 shares at 125.32 on 2024-10-22 15:45:00+00:00 (Exit: Profit_take, Profit: 305.28000000000026, Duration: 90.0 minutes)
2024-11-11 23:08:51,047 - Short Sell 159.00 shares at 125.98 on 2024-10-22 17:45:00+00:00
2024-11-11 23:08:51,047 - Buy to cover -159.00 shares at 125.32 on 2024-10-22 19:45:00+00:00 (Exit: Profit_take, Profit: 104.94000000000172, Duration: 120.0 minutes)
2024-11-11 23:08:51,047 - Short Sell 158.00 shares at 126.28 on 2024-10-23 13:45:00+00:00
2024-11-11 23:08:51,047 - Short Sell 159.00 shares at 126.13 on 2024-10-23 14:00:00+00:00
2024-11-11 23:08:51,047 - Short Sell 159.00 shares at 126.1 on 2024-10-23 14:15:00+00:00
2024-11-11 23:08:51,047 - Buy to cover -476.00 shares at 125.3 on 2024-10-23 15:00:00+00:00 (Exit: Profit_take, Profit: 414.0100000000013, Duration: 75.0 minutes)
2024-11-11 23:08:51,047 - Long Buy 160.00 shares at 125.11 on 2024-10-23 15:15:00+00:00
2024-11-11 23:08:51,047 - Long Buy 157.00 shares at 125.06 on 2024-10-23 16:00:00+00:00
2024-11-11 23:08:51,047 - Long Buy 154.00 shares at 124.78 on 2024-10-23 16:15:00+00:00
2024-11-11 23:08:51,047 - Long Buy 151.00 shares at 124.65 on 2024-10-23 16:30:00+00:00
2024-11-11 23:08:51,047 - Long Buy 148.00 shares at 124.49 on 2024-10-23 16:45:00+00:00
2024-11-11 23:08:51,047 - Sell to close 770.00 shares at 123.97 on 2024-10-23 17:00:00+00:00 (Exit: Stop_loss, Profit: -657.9100000000103, Duration: 105.0 minutes)
2024-11-11 23:08:51,047 - Long Buy 177.00 shares at 113.29 on 2024-10-24 13:30:00+00:00
2024-11-11 23:08:51,047 - Sell to close 177.00 shares at 114.37 on 2024-10-24 13:45:00+00:00 (Exit: Profit_take, Profit: 191.15999999999968, Duration: 15.0 minutes)
2024-11-11 23:08:51,047 - Long Buy 177.00 shares at 112.97 on 2024-10-24 14:00:00+00:00
2024-11-11 23:08:51,047 - Sell to close 177.00 shares at 114.66 on 2024-10-24 14:15:00+00:00 (Exit: Profit_take, Profit: 299.1299999999996, Duration: 15.0 minutes)
2024-11-11 23:08:51,047 - Long Buy 175.00 shares at 114.13 on 2024-10-24 14:30:00+00:00
2024-11-11 23:08:51,047 - Long Buy 173.00 shares at 113.51 on 2024-10-24 14:45:00+00:00
2024-11-11 23:08:51,047 - Long Buy 169.00 shares at 113.94 on 2024-10-24 15:00:00+00:00
2024-11-11 23:08:51,047 - Long Buy 166.00 shares at 113.74 on 2024-10-24 15:15:00+00:00
2024-11-11 23:08:51,048 - Long Buy 163.00 shares at 113.15 on 2024-10-24 15:30:00+00:00
2024-11-11 23:08:51,048 - Sell to close 846.00 shares at 112.82 on 2024-10-24 15:45:00+00:00 (Exit: Stop_loss, Profit: -744.4099999999902, Duration: 75.0 minutes)
2024-11-11 23:08:51,048 - Short Sell 177.00 shares at 113.17 on 2024-10-25 17:00:00+00:00
2024-11-11 23:08:51,048 - Buy to cover -177.00 shares at 112.58 on 2024-10-25 17:30:00+00:00 (Exit: Profit_take, Profit: 104.4300000000006, Duration: 30.0 minutes)
2024-11-11 23:08:51,048 - Long Buy 178.00 shares at 112.47 on 2024-10-25 17:45:00+00:00
2024-11-11 23:08:51,048 - Long Buy 175.00 shares at 112.22 on 2024-10-25 18:00:00+00:00
2024-11-11 23:08:51,048 - Long Buy 171.00 shares at 112.18 on 2024-10-25 18:15:00+00:00
2024-11-11 23:08:51,048 - Long Buy 168.00 shares at 112.11 on 2024-10-25 18:30:00+00:00
2024-11-11 23:08:51,048 - Long Buy 164.00 shares at 112.24 on 2024-10-25 18:45:00+00:00
2024-11-11 23:08:51,048 - Long Buy 161.00 shares at 111.96 on 2024-10-25 19:00:00+00:00
2024-11-11 23:08:51,048 - Long Buy 158.00 shares at 112.15 on 2024-10-25 19:15:00+00:00
2024-11-11 23:08:51,048 - Long Buy 155.00 shares at 111.78 on 2024-10-25 19:45:00+00:00
2024-11-11 23:08:51,048 - Long Buy 153.00 shares at 111.51 on 2024-10-28 13:30:00+00:00
2024-11-11 23:08:51,048 - Sell to close 1483.00 shares at 111.26 on 2024-10-28 13:45:00+00:00 (Exit: Stop_loss, Profit: -1216.3899999999862, Duration: 4080.0 minutes)
2024-11-11 23:08:51,049 - Short Sell 178.00 shares at 111.91 on 2024-10-29 13:30:00+00:00
2024-11-11 23:08:51,049 - Short Sell 179.00 shares at 111.62 on 2024-10-29 13:45:00+00:00
2024-11-11 23:08:51,049 - Short Sell 179.00 shares at 111.34 on 2024-10-29 14:00:00+00:00
2024-11-11 23:08:51,049 - Short Sell 180.00 shares at 111.09 on 2024-10-29 14:15:00+00:00
2024-11-11 23:08:51,049 - Short Sell 180.00 shares at 111.17 on 2024-10-29 14:30:00+00:00
2024-11-11 23:08:51,049 - Short Sell 179.00 shares at 111.56 on 2024-10-29 14:45:00+00:00
2024-11-11 23:08:51,049 - Short Sell 179.00 shares at 111.44 on 2024-10-29 15:00:00+00:00
2024-11-11 23:08:51,049 - Short Sell 178.00 shares at 111.91 on 2024-10-29 15:15:00+00:00
2024-11-11 23:08:51,049 - Buy to cover -1432.00 shares at 112.44 on 2024-10-29 15:30:00+00:00 (Exit: Stop_loss, Profit: -1340.4799999999564, Duration: 120.0 minutes)
2024-11-11 23:08:51,049 - Long Buy 178.00 shares at 111.9 on 2024-10-30 13:30:00+00:00
2024-11-11 23:08:51,049 - Long Buy 174.00 shares at 112.17 on 2024-10-30 13:45:00+00:00
2024-11-11 23:08:51,049 - Long Buy 171.00 shares at 112.0 on 2024-10-30 14:30:00+00:00
2024-11-11 23:08:51,049 - Long Buy 168.00 shares at 111.77 on 2024-10-30 14:45:00+00:00
2024-11-11 23:08:51,049 - Sell to close 691.00 shares at 110.42 on 2024-10-30 15:00:00+00:00 (Exit: Stop_loss, Profit: -1064.9199999999958, Duration: 90.0 minutes)
2024-11-11 23:08:51,049 - Long Buy 184.00 shares at 108.39 on 2024-10-31 13:30:00+00:00
2024-11-11 23:08:51,049 - Long Buy 182.00 shares at 107.47 on 2024-10-31 13:45:00+00:00
2024-11-11 23:08:51,049 - Long Buy 178.00 shares at 107.57 on 2024-10-31 14:00:00+00:00
2024-11-11 23:08:51,049 - Long Buy 175.00 shares at 107.39 on 2024-10-31 14:15:00+00:00
2024-11-11 23:08:51,050 - Sell to close 719.00 shares at 107.12 on 2024-10-31 14:30:00+00:00 (Exit: Stop_loss, Profit: -424.7300000000024, Duration: 60.0 minutes)
2024-11-11 23:08:51,050 - Long Buy 186.00 shares at 107.05 on 2024-11-01 13:30:00+00:00
2024-11-11 23:08:51,050 - Long Buy 182.00 shares at 106.98 on 2024-11-01 13:45:00+00:00
2024-11-11 23:08:51,050 - Long Buy 178.00 shares at 107.23 on 2024-11-01 14:00:00+00:00
2024-11-11 23:08:51,050 - Long Buy 175.00 shares at 107.24 on 2024-11-01 14:15:00+00:00
2024-11-11 23:08:51,050 - Long Buy 172.00 shares at 106.56 on 2024-11-01 14:30:00+00:00
2024-11-11 23:08:51,050 - Long Buy 170.00 shares at 106.24 on 2024-11-01 17:30:00+00:00
2024-11-11 23:08:51,050 - Long Buy 166.00 shares at 106.25 on 2024-11-01 17:45:00+00:00
2024-11-11 23:08:51,050 - Long Buy 163.00 shares at 106.37 on 2024-11-01 18:00:00+00:00
2024-11-11 23:08:51,050 - Long Buy 159.00 shares at 106.3 on 2024-11-01 18:30:00+00:00
2024-11-11 23:08:51,050 - Sell to close 1551.00 shares at 105.12 on 2024-11-04 14:30:00+00:00 (Exit: Stop_loss, Profit: -2461.1100000000415, Duration: 4380.0 minutes)
2024-11-11 23:08:51,050 - Long Buy 190.00 shares at 104.35 on 2024-11-05 14:30:00+00:00
2024-11-11 23:08:51,050 - Long Buy 186.00 shares at 104.58 on 2024-11-05 14:45:00+00:00
2024-11-11 23:08:51,050 - Long Buy 184.00 shares at 103.86 on 2024-11-05 15:00:00+00:00
2024-11-11 23:08:51,051 - Long Buy 180.00 shares at 104.2 on 2024-11-05 15:15:00+00:00
2024-11-11 23:08:51,051 - Long Buy 175.00 shares at 104.61 on 2024-11-05 15:30:00+00:00
2024-11-11 23:08:51,051 - Long Buy 172.00 shares at 104.28 on 2024-11-05 15:45:00+00:00
2024-11-11 23:08:51,051 - Long Buy 168.00 shares at 104.51 on 2024-11-05 16:00:00+00:00
2024-11-11 23:08:51,051 - Sell to close 1255.00 shares at 104.97 on 2024-11-05 16:45:00+00:00 (Exit: Profit_take, Profit: 792.1399999999708, Duration: 135.0 minutes)
2024-11-11 23:08:51,051 - Long Buy 189.00 shares at 105.24 on 2024-11-05 17:30:00+00:00
2024-11-11 23:08:51,051 - Long Buy 186.00 shares at 105.01 on 2024-11-05 18:00:00+00:00
2024-11-11 23:08:51,051 - Long Buy 182.00 shares at 104.89 on 2024-11-05 18:30:00+00:00
2024-11-11 23:08:51,051 - Long Buy 179.00 shares at 104.56 on 2024-11-05 19:45:00+00:00
2024-11-11 23:08:51,051 - Sell to close 736.00 shares at 109.2 on 2024-11-06 14:30:00+00:00 (Exit: Profit_take, Profit: 3142.760000000002, Duration: 1260.0 minutes)
2024-11-11 23:08:51,051 - Short Sell 186.00 shares at 107.48 on 2024-11-06 14:45:00+00:00
2024-11-11 23:08:51,051 - Short Sell 184.00 shares at 108.27 on 2024-11-06 15:00:00+00:00
2024-11-11 23:08:51,051 - Short Sell 184.00 shares at 108.15 on 2024-11-06 15:15:00+00:00
2024-11-11 23:08:51,051 - Short Sell 186.00 shares at 107.51 on 2024-11-06 15:30:00+00:00
2024-11-11 23:08:51,051 - Short Sell 185.00 shares at 107.71 on 2024-11-06 15:45:00+00:00
2024-11-11 23:08:51,051 - Short Sell 184.00 shares at 108.29 on 2024-11-06 16:00:00+00:00
2024-11-11 23:08:51,051 - Short Sell 184.00 shares at 108.12 on 2024-11-06 16:15:00+00:00
2024-11-11 23:08:51,051 - Short Sell 185.00 shares at 108.02 on 2024-11-06 16:30:00+00:00
2024-11-11 23:08:51,051 - Short Sell 184.00 shares at 108.27 on 2024-11-06 16:45:00+00:00
2024-11-11 23:08:51,051 - Short Sell 184.00 shares at 108.21 on 2024-11-06 17:00:00+00:00
2024-11-11 23:08:51,051 - Short Sell 185.00 shares at 108.05 on 2024-11-06 17:15:00+00:00
2024-11-11 23:08:51,051 - Short Sell 184.00 shares at 108.3 on 2024-11-06 17:30:00+00:00
2024-11-11 23:08:51,051 - Short Sell 184.00 shares at 108.16 on 2024-11-06 17:45:00+00:00
2024-11-11 23:08:51,051 - Short Sell 184.00 shares at 108.34 on 2024-11-06 18:00:00+00:00
2024-11-11 23:08:51,051 - Buy to cover -2583.00 shares at 108.56 on 2024-11-06 18:15:00+00:00 (Exit: Stop_loss, Profit: -1286.799999999945, Duration: 210.0 minutes)
2024-11-11 23:08:51,052 - Short Sell 178.00 shares at 111.9 on 2024-11-07 14:30:00+00:00
2024-11-11 23:08:51,052 - Short Sell 178.00 shares at 111.88 on 2024-11-07 14:45:00+00:00
2024-11-11 23:08:51,052 - Short Sell 178.00 shares at 111.64 on 2024-11-07 15:00:00+00:00
2024-11-11 23:08:51,052 - Buy to cover -534.00 shares at 111.22 on 2024-11-07 15:15:00+00:00 (Exit: Profit_take, Profit: 313.2799999999959, Duration: 45.0 minutes)
2024-11-11 23:08:51,052 - Short Sell 179.00 shares at 111.54 on 2024-11-07 15:30:00+00:00
2024-11-11 23:08:51,052 - Short Sell 179.00 shares at 111.41 on 2024-11-07 15:45:00+00:00
2024-11-11 23:08:51,052 - Short Sell 179.00 shares at 111.14 on 2024-11-07 16:00:00+00:00
2024-11-11 23:08:51,052 - Short Sell 179.00 shares at 111.22 on 2024-11-07 16:15:00+00:00
2024-11-11 23:08:51,052 - Short Sell 179.00 shares at 111.48 on 2024-11-07 16:30:00+00:00
2024-11-11 23:08:51,052 - Short Sell 179.00 shares at 111.39 on 2024-11-07 16:45:00+00:00
2024-11-11 23:08:51,052 - Short Sell 179.00 shares at 111.58 on 2024-11-07 17:00:00+00:00
2024-11-11 23:08:51,052 - Short Sell 178.00 shares at 111.73 on 2024-11-07 17:15:00+00:00
2024-11-11 23:08:51,052 - Short Sell 178.00 shares at 112.07 on 2024-11-07 17:30:00+00:00
2024-11-11 23:08:51,052 - Short Sell 177.00 shares at 112.2 on 2024-11-07 17:45:00+00:00
2024-11-11 23:08:51,052 - Short Sell 178.00 shares at 112.09 on 2024-11-07 18:00:00+00:00
2024-11-11 23:08:51,052 - Short Sell 178.00 shares at 111.9 on 2024-11-07 18:15:00+00:00
2024-11-11 23:08:51,052 - Short Sell 179.00 shares at 111.61 on 2024-11-07 18:30:00+00:00
2024-11-11 23:08:51,052 - Short Sell 178.00 shares at 111.68 on 2024-11-07 18:45:00+00:00
2024-11-11 23:08:51,052 - Short Sell 179.00 shares at 111.5 on 2024-11-07 19:00:00+00:00
2024-11-11 23:08:51,052 - Short Sell 179.00 shares at 111.57 on 2024-11-07 19:15:00+00:00
2024-11-11 23:08:51,052 - Short Sell 178.00 shares at 111.9 on 2024-11-07 19:45:00+00:00
2024-11-11 23:08:51,052 - Buy to cover -3035.00 shares at 110.21 on 2024-11-08 14:30:00+00:00 (Exit: Profit_take, Profit: 4360.669999999975, Duration: 1380.0 minutes)
2024-11-11 23:08:51,052 - Long Buy 182.00 shares at 109.9 on 2024-11-08 14:45:00+00:00
2024-11-11 23:08:51,052 - Long Buy 178.00 shares at 110.0 on 2024-11-08 15:00:00+00:00
2024-11-11 23:08:51,052 - Sell to close 360.00 shares at 110.69 on 2024-11-08 15:15:00+00:00 (Exit: Profit_take, Profit: 266.59999999999627, Duration: 30.0 minutes)
2024-11-11 23:08:51,052 - Long Buy 181.00 shares at 110.51 on 2024-11-08 15:30:00+00:00
2024-11-11 23:08:51,053 - Long Buy 178.00 shares at 110.5 on 2024-11-08 16:15:00+00:00
2024-11-11 23:08:51,053 - Sell to close 359.00 shares at 109.92 on 2024-11-08 16:30:00+00:00 (Exit: Stop_loss, Profit: -210.02999999999932, Duration: 60.0 minutes)
2024-11-11 23:08:51,054 - Final statisticsStock: TER, 
total_trades: 33, 
winning_trades: 21, 
losing_trades: 12, 
average_return: 0.0033503913981692834, 
average_duration: 639.0909090909091, 
final_balance: 1003600.7899999993, 
final_portfolio_value: 1003600.7899999993, 
sharpe_ratio: 6.729532292880429, 



