2024-11-11 19:15:28,744 - Starting GBMStrategy with initial capital: 1000000
2024-11-11 19:15:28,744 - Hyperparameters: {'threshold': 1.5, 'time_periods': 30, 'num_simulations': 150}
2024-11-11 19:18:35,179 - Short Sell 228.00 shares at 87.71 on 2024-10-11 14:30:00+00:00
2024-11-11 19:18:35,180 - Short Sell 227.00 shares at 87.87 on 2024-10-11 14:45:00+00:00
2024-11-11 19:18:35,180 - Short Sell 227.00 shares at 87.83 on 2024-10-11 15:00:00+00:00
2024-11-11 19:18:35,180 - Short Sell 227.00 shares at 87.83 on 2024-10-11 15:45:00+00:00
2024-11-11 19:18:35,180 - Buy to cover -909.00 shares at 87.37 on 2024-10-11 16:15:00+00:00 (Exit: Profit_take, Profit: 399.8599999999998, Duration: 105.0 minutes)
2024-11-11 19:18:35,180 - Long Buy 229.00 shares at 87.37 on 2024-10-11 16:30:00+00:00
2024-11-11 19:18:35,180 - Long Buy 224.00 shares at 87.39 on 2024-10-11 16:45:00+00:00
2024-11-11 19:18:35,180 - Long Buy 220.00 shares at 87.3 on 2024-10-11 17:00:00+00:00
2024-11-11 19:18:35,180 - Long Buy 215.00 shares at 87.25 on 2024-10-11 17:15:00+00:00
2024-11-11 19:18:35,180 - Long Buy 211.00 shares at 87.38 on 2024-10-11 17:30:00+00:00
2024-11-11 19:18:35,181 - Sell to close 1099.00 shares at 87.79 on 2024-10-11 19:15:00+00:00 (Exit: Profit_take, Profit: 496.19000000001756, Duration: 165.0 minutes)
2024-11-11 19:18:35,181 - Short Sell 227.00 shares at 88.09 on 2024-10-14 15:30:00+00:00
2024-11-11 19:18:35,181 - Short Sell 227.00 shares at 88.03 on 2024-10-14 15:45:00+00:00
2024-11-11 19:18:35,181 - Short Sell 227.00 shares at 88.08 on 2024-10-14 16:30:00+00:00
2024-11-11 19:18:35,181 - Short Sell 227.00 shares at 88.17 on 2024-10-14 16:45:00+00:00
2024-11-11 19:18:35,181 - Short Sell 226.00 shares at 88.2 on 2024-10-14 17:00:00+00:00
2024-11-11 19:18:35,181 - Short Sell 226.00 shares at 88.23 on 2024-10-14 17:15:00+00:00
2024-11-11 19:18:35,181 - Short Sell 226.00 shares at 88.22 on 2024-10-14 17:30:00+00:00
2024-11-11 19:18:35,181 - Short Sell 226.00 shares at 88.2 on 2024-10-14 17:45:00+00:00
2024-11-11 19:18:35,181 - Short Sell 226.00 shares at 88.26 on 2024-10-14 18:00:00+00:00
2024-11-11 19:18:35,181 - Short Sell 226.00 shares at 88.28 on 2024-10-14 18:15:00+00:00
2024-11-11 19:18:35,181 - Short Sell 226.00 shares at 88.4 on 2024-10-14 18:30:00+00:00
2024-11-11 19:18:35,181 - Short Sell 226.00 shares at 88.35 on 2024-10-14 18:45:00+00:00
2024-11-11 19:18:35,181 - Short Sell 226.00 shares at 88.37 on 2024-10-14 19:00:00+00:00
2024-11-11 19:18:35,181 - Short Sell 226.00 shares at 88.44 on 2024-10-14 19:45:00+00:00
2024-11-11 19:18:35,181 - Short Sell 225.00 shares at 88.62 on 2024-10-15 13:30:00+00:00
2024-11-11 19:18:35,181 - Short Sell 226.00 shares at 88.25 on 2024-10-15 13:45:00+00:00
2024-11-11 19:18:35,181 - Short Sell 225.00 shares at 88.64 on 2024-10-15 14:00:00+00:00
2024-11-11 19:18:35,181 - Short Sell 224.00 shares at 88.83 on 2024-10-15 14:15:00+00:00
2024-11-11 19:18:35,181 - Short Sell 225.00 shares at 88.73 on 2024-10-15 14:30:00+00:00
2024-11-11 19:18:35,181 - Short Sell 225.00 shares at 88.58 on 2024-10-15 14:45:00+00:00
2024-11-11 19:18:35,181 - Short Sell 224.00 shares at 88.84 on 2024-10-15 15:00:00+00:00
2024-11-11 19:18:35,181 - Short Sell 224.00 shares at 88.87 on 2024-10-15 15:15:00+00:00
2024-11-11 19:18:35,181 - Short Sell 224.00 shares at 88.88 on 2024-10-15 15:30:00+00:00
2024-11-11 19:18:35,181 - Short Sell 224.00 shares at 88.87 on 2024-10-15 15:45:00+00:00
2024-11-11 19:18:35,181 - Buy to cover -5414.00 shares at 88.98 on 2024-10-15 16:00:00+00:00 (Exit: Stop_loss, Profit: -2959.3200000000493, Duration: 1470.0 minutes)
2024-11-11 19:18:35,182 - Long Buy 226.00 shares at 88.0 on 2024-10-16 13:30:00+00:00
2024-11-11 19:18:35,182 - Long Buy 221.00 shares at 88.3 on 2024-10-16 13:45:00+00:00
2024-11-11 19:18:35,182 - Long Buy 217.00 shares at 88.1 on 2024-10-16 14:00:00+00:00
2024-11-11 19:18:35,182 - Long Buy 213.00 shares at 87.9 on 2024-10-16 14:15:00+00:00
2024-11-11 19:18:35,182 - Long Buy 209.00 shares at 87.85 on 2024-10-16 14:30:00+00:00
2024-11-11 19:18:35,182 - Long Buy 204.00 shares at 88.09 on 2024-10-16 14:45:00+00:00
2024-11-11 19:18:35,182 - Long Buy 200.00 shares at 88.13 on 2024-10-16 15:00:00+00:00
2024-11-11 19:18:35,182 - Long Buy 196.00 shares at 88.06 on 2024-10-16 15:15:00+00:00
2024-11-11 19:18:35,182 - Long Buy 192.00 shares at 88.16 on 2024-10-16 15:30:00+00:00
2024-11-11 19:18:35,182 - Long Buy 189.00 shares at 88.03 on 2024-10-16 15:45:00+00:00
2024-11-11 19:18:35,182 - Long Buy 185.00 shares at 87.98 on 2024-10-16 16:00:00+00:00
2024-11-11 19:18:35,182 - Long Buy 181.00 shares at 87.89 on 2024-10-16 16:15:00+00:00
2024-11-11 19:18:35,182 - Long Buy 178.00 shares at 87.91 on 2024-10-16 16:30:00+00:00
2024-11-11 19:18:35,182 - Long Buy 174.00 shares at 87.84 on 2024-10-16 16:45:00+00:00
2024-11-11 19:18:35,182 - Long Buy 170.00 shares at 88.09 on 2024-10-16 17:00:00+00:00
2024-11-11 19:18:35,182 - Long Buy 167.00 shares at 88.05 on 2024-10-16 17:15:00+00:00
2024-11-11 19:18:35,182 - Long Buy 164.00 shares at 87.96 on 2024-10-16 17:30:00+00:00
2024-11-11 19:18:35,182 - Long Buy 161.00 shares at 87.9 on 2024-10-16 19:00:00+00:00
2024-11-11 19:18:35,182 - Long Buy 158.00 shares at 87.86 on 2024-10-16 19:15:00+00:00
2024-11-11 19:18:35,182 - Long Buy 154.00 shares at 87.84 on 2024-10-16 19:30:00+00:00
2024-11-11 19:18:35,182 - Long Buy 152.00 shares at 87.63 on 2024-10-16 19:45:00+00:00
2024-11-11 19:18:35,183 - Sell to close 3911.00 shares at 88.2 on 2024-10-17 13:30:00+00:00 (Exit: Signal, Profit: 823.819999999911, Duration: 1440.0 minutes)
2024-11-11 19:18:35,183 - Short Sell 226.00 shares at 88.36 on 2024-10-17 13:45:00+00:00
2024-11-11 19:18:35,183 - Short Sell 225.00 shares at 88.61 on 2024-10-17 14:00:00+00:00
2024-11-11 19:18:35,183 - Short Sell 225.00 shares at 88.57 on 2024-10-17 14:15:00+00:00
2024-11-11 19:18:35,183 - Short Sell 225.00 shares at 88.7 on 2024-10-17 14:30:00+00:00
2024-11-11 19:18:35,183 - Short Sell 225.00 shares at 88.59 on 2024-10-17 14:45:00+00:00
2024-11-11 19:18:35,183 - Short Sell 225.00 shares at 88.56 on 2024-10-17 15:00:00+00:00
2024-11-11 19:18:35,183 - Short Sell 225.00 shares at 88.71 on 2024-10-17 15:15:00+00:00
2024-11-11 19:18:35,183 - Short Sell 224.00 shares at 88.86 on 2024-10-17 15:30:00+00:00
2024-11-11 19:18:35,183 - Short Sell 224.00 shares at 88.93 on 2024-10-17 15:45:00+00:00
2024-11-11 19:18:35,183 - Short Sell 224.00 shares at 88.97 on 2024-10-17 16:00:00+00:00
2024-11-11 19:18:35,183 - Short Sell 224.00 shares at 88.95 on 2024-10-17 16:15:00+00:00
2024-11-11 19:18:35,183 - Buy to cover -2472.00 shares at 89.27 on 2024-10-17 16:30:00+00:00 (Exit: Stop_loss, Profit: -1385.539999999989, Duration: 165.0 minutes)
2024-11-11 19:18:35,183 - Short Sell 221.00 shares at 90.22 on 2024-10-18 13:30:00+00:00
2024-11-11 19:18:35,183 - Short Sell 221.00 shares at 90.24 on 2024-10-18 13:45:00+00:00
2024-11-11 19:18:35,183 - Short Sell 222.00 shares at 89.83 on 2024-10-18 14:00:00+00:00
2024-11-11 19:18:35,183 - Short Sell 222.00 shares at 89.86 on 2024-10-18 14:15:00+00:00
2024-11-11 19:18:35,183 - Short Sell 221.00 shares at 89.89 on 2024-10-18 14:30:00+00:00
2024-11-11 19:18:35,183 - Short Sell 221.00 shares at 90.03 on 2024-10-18 14:45:00+00:00
2024-11-11 19:18:35,183 - Short Sell 221.00 shares at 90.04 on 2024-10-18 15:00:00+00:00
2024-11-11 19:18:35,183 - Short Sell 221.00 shares at 90.03 on 2024-10-18 15:15:00+00:00
2024-11-11 19:18:35,183 - Short Sell 221.00 shares at 90.09 on 2024-10-18 15:30:00+00:00
2024-11-11 19:18:35,184 - Short Sell 221.00 shares at 89.93 on 2024-10-18 15:45:00+00:00
2024-11-11 19:18:35,184 - Short Sell 221.00 shares at 90.05 on 2024-10-18 16:00:00+00:00
2024-11-11 19:18:35,184 - Short Sell 220.00 shares at 90.24 on 2024-10-18 16:15:00+00:00
2024-11-11 19:18:35,184 - Short Sell 220.00 shares at 90.25 on 2024-10-18 16:30:00+00:00
2024-11-11 19:18:35,184 - Short Sell 220.00 shares at 90.23 on 2024-10-18 16:45:00+00:00
2024-11-11 19:18:35,184 - Short Sell 220.00 shares at 90.32 on 2024-10-18 17:00:00+00:00
2024-11-11 19:18:35,184 - Short Sell 220.00 shares at 90.29 on 2024-10-18 17:15:00+00:00
2024-11-11 19:18:35,184 - Short Sell 220.00 shares at 90.23 on 2024-10-18 17:30:00+00:00
2024-11-11 19:18:35,184 - Short Sell 221.00 shares at 90.12 on 2024-10-18 17:45:00+00:00
2024-11-11 19:18:35,184 - Short Sell 220.00 shares at 90.23 on 2024-10-18 18:00:00+00:00
2024-11-11 19:18:35,184 - Short Sell 220.00 shares at 90.3 on 2024-10-18 18:15:00+00:00
2024-11-11 19:18:35,184 - Short Sell 221.00 shares at 90.19 on 2024-10-18 18:30:00+00:00
2024-11-11 19:18:35,184 - Short Sell 221.00 shares at 90.17 on 2024-10-18 18:45:00+00:00
2024-11-11 19:18:35,184 - Short Sell 221.00 shares at 89.94 on 2024-10-18 19:00:00+00:00
2024-11-11 19:18:35,184 - Buy to cover -5077.00 shares at 89.62 on 2024-10-18 19:15:00+00:00 (Exit: Profit_take, Profit: 2527.979999999929, Duration: 345.0 minutes)
2024-11-11 19:18:35,184 - Short Sell 223.00 shares at 89.64 on 2024-10-18 19:30:00+00:00
2024-11-11 19:18:35,184 - Short Sell 222.00 shares at 90.06 on 2024-10-18 19:45:00+00:00
2024-11-11 19:18:35,184 - Buy to cover -445.00 shares at 90.58 on 2024-10-21 13:30:00+00:00 (Exit: Stop_loss, Profit: -325.0599999999987, Duration: 3960.0 minutes)
2024-11-11 19:18:35,184 - Long Buy 227.00 shares at 87.79 on 2024-10-22 13:30:00+00:00
2024-11-11 19:18:35,184 - Long Buy 222.00 shares at 87.89 on 2024-10-22 13:45:00+00:00
2024-11-11 19:18:35,184 - Long Buy 220.00 shares at 87.23 on 2024-10-22 14:00:00+00:00
2024-11-11 19:18:35,184 - Sell to close 669.00 shares at 86.95 on 2024-10-22 14:15:00+00:00 (Exit: Stop_loss, Profit: -460.9600000000083, Duration: 45.0 minutes)
2024-11-11 19:18:35,185 - Long Buy 228.00 shares at 87.58 on 2024-10-23 13:30:00+00:00
2024-11-11 19:18:35,185 - Long Buy 223.00 shares at 87.51 on 2024-10-23 14:00:00+00:00
2024-11-11 19:18:35,185 - Long Buy 219.00 shares at 87.47 on 2024-10-23 14:15:00+00:00
2024-11-11 19:18:35,185 - Long Buy 215.00 shares at 87.44 on 2024-10-23 14:30:00+00:00
2024-11-11 19:18:35,185 - Long Buy 211.00 shares at 87.24 on 2024-10-23 14:45:00+00:00
2024-11-11 19:18:35,185 - Sell to close 1096.00 shares at 86.97 on 2024-10-23 15:00:00+00:00 (Exit: Stop_loss, Profit: -527.0200000000061, Duration: 90.0 minutes)
2024-11-11 19:18:35,185 - Long Buy 246.00 shares at 81.15 on 2024-10-24 13:30:00+00:00
2024-11-11 19:18:35,185 - Sell to close 246.00 shares at 81.77 on 2024-10-24 13:45:00+00:00 (Exit: Profit_take, Profit: 152.51999999999762, Duration: 15.0 minutes)
2024-11-11 19:18:35,185 - Long Buy 245.00 shares at 81.52 on 2024-10-24 14:00:00+00:00
2024-11-11 19:18:35,185 - Long Buy 240.00 shares at 81.56 on 2024-10-24 14:15:00+00:00
2024-11-11 19:18:35,185 - Long Buy 234.00 shares at 81.83 on 2024-10-24 14:30:00+00:00
2024-11-11 19:18:35,185 - Long Buy 229.00 shares at 81.95 on 2024-10-24 14:45:00+00:00
2024-11-11 19:18:35,185 - Long Buy 225.00 shares at 81.6 on 2024-10-24 15:00:00+00:00
2024-11-11 19:18:35,185 - Long Buy 221.00 shares at 81.63 on 2024-10-24 15:15:00+00:00
2024-11-11 19:18:35,185 - Long Buy 217.00 shares at 81.52 on 2024-10-24 15:30:00+00:00
2024-11-11 19:18:35,185 - Sell to close 1611.00 shares at 81.09 on 2024-10-24 15:45:00+00:00 (Exit: Stop_loss, Profit: -915.6500000000158, Duration: 105.0 minutes)
2024-11-11 19:18:35,185 - Short Sell 241.00 shares at 82.68 on 2024-10-25 13:30:00+00:00
2024-11-11 19:18:35,186 - Buy to cover -241.00 shares at 82.13 on 2024-10-25 13:45:00+00:00 (Exit: Profit_take, Profit: 132.55000000000274, Duration: 15.0 minutes)
2024-11-11 19:18:35,186 - Short Sell 242.00 shares at 82.27 on 2024-10-25 14:00:00+00:00
2024-11-11 19:18:35,186 - Short Sell 242.00 shares at 82.42 on 2024-10-25 14:15:00+00:00
2024-11-11 19:18:35,186 - Short Sell 242.00 shares at 82.34 on 2024-10-25 14:30:00+00:00
2024-11-11 19:18:35,186 - Short Sell 242.00 shares at 82.36 on 2024-10-25 14:45:00+00:00
2024-11-11 19:18:35,186 - Short Sell 242.00 shares at 82.36 on 2024-10-25 15:00:00+00:00
2024-11-11 19:18:35,186 - Short Sell 243.00 shares at 82.14 on 2024-10-25 15:15:00+00:00
2024-11-11 19:18:35,186 - Short Sell 243.00 shares at 81.97 on 2024-10-25 15:30:00+00:00
2024-11-11 19:18:35,186 - Short Sell 242.00 shares at 82.45 on 2024-10-25 15:45:00+00:00
2024-11-11 19:18:35,186 - Short Sell 242.00 shares at 82.22 on 2024-10-25 16:00:00+00:00
2024-11-11 19:18:35,186 - Short Sell 242.00 shares at 82.36 on 2024-10-25 16:15:00+00:00
2024-11-11 19:18:35,186 - Short Sell 241.00 shares at 82.46 on 2024-10-25 16:30:00+00:00
2024-11-11 19:18:35,186 - Short Sell 242.00 shares at 82.2 on 2024-10-25 16:45:00+00:00
2024-11-11 19:18:35,186 - Buy to cover -2905.00 shares at 82.02 on 2024-10-25 17:00:00+00:00 (Exit: Signal, Profit: 800.6499999999775, Duration: 180.0 minutes)
2024-11-11 19:18:35,186 - Short Sell 242.00 shares at 82.42 on 2024-10-25 17:45:00+00:00
2024-11-11 19:18:35,186 - Short Sell 242.00 shares at 82.48 on 2024-10-25 18:15:00+00:00
2024-11-11 19:18:35,186 - Short Sell 242.00 shares at 82.47 on 2024-10-25 18:30:00+00:00
2024-11-11 19:18:35,186 - Short Sell 240.00 shares at 83.06 on 2024-10-28 13:30:00+00:00
2024-11-11 19:18:35,186 - Short Sell 240.00 shares at 83.0 on 2024-10-28 13:45:00+00:00
2024-11-11 19:18:35,186 - Short Sell 241.00 shares at 82.61 on 2024-10-28 14:00:00+00:00
2024-11-11 19:18:35,186 - Short Sell 241.00 shares at 82.79 on 2024-10-28 14:15:00+00:00
2024-11-11 19:18:35,186 - Short Sell 241.00 shares at 82.65 on 2024-10-28 14:30:00+00:00
2024-11-11 19:18:35,186 - Short Sell 241.00 shares at 82.8 on 2024-10-28 14:45:00+00:00
2024-11-11 19:18:35,187 - Short Sell 240.00 shares at 83.02 on 2024-10-28 15:00:00+00:00
2024-11-11 19:18:35,187 - Short Sell 240.00 shares at 83.04 on 2024-10-28 15:15:00+00:00
2024-11-11 19:18:35,187 - Short Sell 241.00 shares at 82.86 on 2024-10-28 15:30:00+00:00
2024-11-11 19:18:35,187 - Short Sell 241.00 shares at 82.85 on 2024-10-28 15:45:00+00:00
2024-11-11 19:18:35,187 - Short Sell 241.00 shares at 82.84 on 2024-10-28 16:00:00+00:00
2024-11-11 19:18:35,187 - Short Sell 240.00 shares at 83.02 on 2024-10-28 16:15:00+00:00
2024-11-11 19:18:35,187 - Short Sell 240.00 shares at 83.02 on 2024-10-28 16:30:00+00:00
2024-11-11 19:18:35,187 - Short Sell 240.00 shares at 83.11 on 2024-10-28 16:45:00+00:00
2024-11-11 19:18:35,187 - Buy to cover -4093.00 shares at 83.17 on 2024-10-28 17:00:00+00:00 (Exit: Stop_loss, Profit: -1411.0699999999683, Duration: 4275.0 minutes)
2024-11-11 19:18:35,187 - Long Buy 241.00 shares at 82.56 on 2024-10-29 13:30:00+00:00
2024-11-11 19:18:35,187 - Long Buy 237.00 shares at 82.45 on 2024-10-29 13:45:00+00:00
2024-11-11 19:18:35,187 - Long Buy 231.00 shares at 82.86 on 2024-10-29 14:00:00+00:00
2024-11-11 19:18:35,187 - Long Buy 227.00 shares at 82.7 on 2024-10-29 15:00:00+00:00
2024-11-11 19:18:35,187 - Long Buy 222.00 shares at 82.66 on 2024-10-29 15:15:00+00:00
2024-11-11 19:18:35,187 - Long Buy 218.00 shares at 82.55 on 2024-10-29 16:15:00+00:00
2024-11-11 19:18:35,187 - Long Buy 213.00 shares at 82.69 on 2024-10-29 16:30:00+00:00
2024-11-11 19:18:35,187 - Long Buy 209.00 shares at 82.57 on 2024-10-29 17:15:00+00:00
2024-11-11 19:18:35,187 - Long Buy 205.00 shares at 82.44 on 2024-10-29 17:30:00+00:00
2024-11-11 19:18:35,187 - Long Buy 201.00 shares at 82.59 on 2024-10-29 17:45:00+00:00
2024-11-11 19:18:35,187 - Long Buy 198.00 shares at 82.3 on 2024-10-29 18:00:00+00:00
2024-11-11 19:18:35,187 - Long Buy 194.00 shares at 82.34 on 2024-10-29 18:15:00+00:00
2024-11-11 19:18:35,187 - Long Buy 190.00 shares at 82.4 on 2024-10-29 18:30:00+00:00
2024-11-11 19:18:35,188 - Long Buy 186.00 shares at 82.34 on 2024-10-29 18:45:00+00:00
2024-11-11 19:18:35,188 - Long Buy 182.00 shares at 82.33 on 2024-10-29 19:00:00+00:00
2024-11-11 19:18:35,188 - Sell to close 3154.00 shares at 82.11 on 2024-10-29 19:30:00+00:00 (Exit: Stop_loss, Profit: -1318.1999999999573, Duration: 360.0 minutes)
2024-11-11 19:18:35,188 - Long Buy 243.00 shares at 81.69 on 2024-10-30 13:30:00+00:00
2024-11-11 19:18:35,188 - Sell to close 243.00 shares at 82.3 on 2024-10-30 13:45:00+00:00 (Exit: Profit_take, Profit: 148.22999999999985, Duration: 15.0 minutes)
2024-11-11 19:18:35,188 - Short Sell 241.00 shares at 82.59 on 2024-10-30 14:00:00+00:00
2024-11-11 19:18:35,188 - Buy to cover -241.00 shares at 82.15 on 2024-10-30 16:15:00+00:00 (Exit: Profit_take, Profit: 106.03999999999945, Duration: 135.0 minutes)
2024-11-11 19:18:35,188 - Long Buy 243.00 shares at 81.88 on 2024-10-30 16:45:00+00:00
2024-11-11 19:18:35,188 - Sell to close 243.00 shares at 82.37 on 2024-10-30 17:45:00+00:00 (Exit: Profit_take, Profit: 119.07000000000221, Duration: 60.0 minutes)
2024-11-11 19:18:35,188 - Long Buy 243.00 shares at 81.97 on 2024-10-31 13:30:00+00:00
2024-11-11 19:18:35,188 - Long Buy 239.00 shares at 81.53 on 2024-10-31 14:00:00+00:00
2024-11-11 19:18:35,188 - Long Buy 234.00 shares at 81.52 on 2024-10-31 14:15:00+00:00
2024-11-11 19:18:35,188 - Long Buy 230.00 shares at 81.34 on 2024-10-31 14:30:00+00:00
2024-11-11 19:18:35,188 - Sell to close 946.00 shares at 81.19 on 2024-10-31 14:45:00+00:00 (Exit: Stop_loss, Profit: -382.52000000000913, Duration: 75.0 minutes)
2024-11-11 19:18:35,189 - Long Buy 244.00 shares at 81.48 on 2024-11-01 13:30:00+00:00
2024-11-11 19:18:35,189 - Long Buy 240.00 shares at 81.29 on 2024-11-01 13:45:00+00:00
2024-11-11 19:18:35,189 - Sell to close 484.00 shares at 81.84 on 2024-11-01 14:15:00+00:00 (Exit: Profit_take, Profit: 219.84000000000265, Duration: 45.0 minutes)
2024-11-11 19:18:35,189 - Long Buy 244.00 shares at 81.54 on 2024-11-01 14:30:00+00:00
2024-11-11 19:18:35,189 - Long Buy 239.00 shares at 81.47 on 2024-11-01 14:45:00+00:00
2024-11-11 19:18:35,189 - Long Buy 235.00 shares at 81.35 on 2024-11-01 15:00:00+00:00
2024-11-11 19:18:35,189 - Long Buy 230.00 shares at 81.39 on 2024-11-01 15:15:00+00:00
2024-11-11 19:18:35,189 - Long Buy 226.00 shares at 81.33 on 2024-11-01 15:30:00+00:00
2024-11-11 19:18:35,189 - Long Buy 221.00 shares at 81.19 on 2024-11-01 15:45:00+00:00
2024-11-11 19:18:35,189 - Long Buy 217.00 shares at 81.17 on 2024-11-01 16:00:00+00:00
2024-11-11 19:18:35,189 - Long Buy 213.00 shares at 81.15 on 2024-11-01 16:15:00+00:00
2024-11-11 19:18:35,189 - Long Buy 208.00 shares at 81.19 on 2024-11-01 16:30:00+00:00
2024-11-11 19:18:35,189 - Long Buy 204.00 shares at 81.25 on 2024-11-01 17:30:00+00:00
2024-11-11 19:18:35,189 - Long Buy 200.00 shares at 81.27 on 2024-11-01 17:45:00+00:00
2024-11-11 19:18:35,189 - Long Buy 196.00 shares at 81.26 on 2024-11-01 18:00:00+00:00
2024-11-11 19:18:35,189 - Long Buy 192.00 shares at 81.41 on 2024-11-01 18:15:00+00:00
2024-11-11 19:18:35,189 - Sell to close 2825.00 shares at 81.81 on 2024-11-01 19:00:00+00:00 (Exit: Profit_take, Profit: 1412.6000000000224, Duration: 270.0 minutes)
2024-11-11 19:18:35,189 - Short Sell 241.00 shares at 82.49 on 2024-11-04 14:45:00+00:00
2024-11-11 19:18:35,189 - Short Sell 241.00 shares at 82.76 on 2024-11-04 15:00:00+00:00
2024-11-11 19:18:35,189 - Short Sell 241.00 shares at 82.77 on 2024-11-04 15:15:00+00:00
2024-11-11 19:18:35,189 - Short Sell 241.00 shares at 82.66 on 2024-11-04 15:30:00+00:00
2024-11-11 19:18:35,190 - Short Sell 242.00 shares at 82.45 on 2024-11-04 15:45:00+00:00
2024-11-11 19:18:35,190 - Buy to cover -1206.00 shares at 82.05 on 2024-11-04 16:30:00+00:00 (Exit: Profit_take, Profit: 694.4799999999985, Duration: 105.0 minutes)
2024-11-11 19:18:35,190 - Long Buy 243.00 shares at 81.94 on 2024-11-04 16:45:00+00:00
2024-11-11 19:18:35,190 - Long Buy 238.00 shares at 82.06 on 2024-11-04 17:00:00+00:00
2024-11-11 19:18:35,190 - Sell to close 481.00 shares at 82.45 on 2024-11-04 17:30:00+00:00 (Exit: Profit_take, Profit: 216.75000000000384, Duration: 45.0 minutes)
2024-11-11 19:18:35,190 - Short Sell 240.00 shares at 82.87 on 2024-11-05 14:30:00+00:00
2024-11-11 19:18:35,190 - Short Sell 239.00 shares at 83.31 on 2024-11-05 14:45:00+00:00
2024-11-11 19:18:35,190 - Short Sell 240.00 shares at 83.02 on 2024-11-05 15:00:00+00:00
2024-11-11 19:18:35,190 - Short Sell 240.00 shares at 82.92 on 2024-11-05 15:15:00+00:00
2024-11-11 19:18:35,190 - Short Sell 240.00 shares at 83.13 on 2024-11-05 15:30:00+00:00
2024-11-11 19:18:35,190 - Buy to cover -1199.00 shares at 82.59 on 2024-11-05 15:45:00+00:00 (Exit: Profit_take, Profit: 551.279999999991, Duration: 75.0 minutes)
2024-11-11 19:18:35,190 - Short Sell 241.00 shares at 82.82 on 2024-11-05 16:00:00+00:00
2024-11-11 19:18:35,190 - Short Sell 241.00 shares at 82.81 on 2024-11-05 16:15:00+00:00
2024-11-11 19:18:35,190 - Short Sell 241.00 shares at 82.83 on 2024-11-05 16:30:00+00:00
2024-11-11 19:18:35,190 - Short Sell 241.00 shares at 82.84 on 2024-11-05 17:15:00+00:00
2024-11-11 19:18:35,190 - Short Sell 240.00 shares at 82.94 on 2024-11-05 17:30:00+00:00
2024-11-11 19:18:35,190 - Short Sell 240.00 shares at 83.05 on 2024-11-05 17:45:00+00:00
2024-11-11 19:18:35,191 - Short Sell 239.00 shares at 83.35 on 2024-11-05 20:45:00+00:00
2024-11-11 19:18:35,191 - Buy to cover -1683.00 shares at 87.77 on 2024-11-06 14:30:00+00:00 (Exit: Stop_loss, Profit: -8115.359999999985, Duration: 1350.0 minutes)
2024-11-11 19:18:35,191 - Long Buy 227.00 shares at 87.17 on 2024-11-07 14:30:00+00:00
2024-11-11 19:18:35,191 - Sell to close 227.00 shares at 88.01 on 2024-11-07 15:00:00+00:00 (Exit: Profit_take, Profit: 190.68000000000077, Duration: 30.0 minutes)
2024-11-11 19:18:35,191 - Short Sell 224.00 shares at 88.24 on 2024-11-07 15:45:00+00:00
2024-11-11 19:18:35,191 - Buy to cover -224.00 shares at 88.09 on 2024-11-07 19:30:00+00:00 (Exit: Signal, Profit: 33.59999999999809, Duration: 225.0 minutes)
2024-11-11 19:18:35,191 - Short Sell 224.00 shares at 88.47 on 2024-11-07 20:00:00+00:00
2024-11-11 19:18:35,191 - Buy to cover -224.00 shares at 87.92 on 2024-11-07 20:30:00+00:00 (Exit: Profit_take, Profit: 123.19999999999936, Duration: 30.0 minutes)
2024-11-11 19:18:35,191 - Long Buy 225.00 shares at 87.88 on 2024-11-07 20:45:00+00:00
2024-11-11 19:18:35,191 - Sell to close 225.00 shares at 88.52 on 2024-11-08 14:45:00+00:00 (Exit: Profit_take, Profit: 144.0000000000001, Duration: 1080.0 minutes)
2024-11-11 19:18:35,192 - Short Sell 223.00 shares at 88.84 on 2024-11-08 15:00:00+00:00
2024-11-11 19:18:35,192 - Short Sell 223.00 shares at 88.7 on 2024-11-08 15:15:00+00:00
2024-11-11 19:18:35,192 - Short Sell 223.00 shares at 88.71 on 2024-11-08 15:30:00+00:00
2024-11-11 19:18:35,192 - Short Sell 223.00 shares at 88.88 on 2024-11-08 15:45:00+00:00
2024-11-11 19:18:35,192 - Short Sell 222.00 shares at 89.16 on 2024-11-08 16:00:00+00:00
2024-11-11 19:18:35,192 - Short Sell 222.00 shares at 88.92 on 2024-11-08 16:15:00+00:00
2024-11-11 19:18:35,192 - Short Sell 223.00 shares at 88.74 on 2024-11-08 16:30:00+00:00
2024-11-11 19:18:35,192 - Short Sell 223.00 shares at 88.75 on 2024-11-08 17:45:00+00:00
2024-11-11 19:18:35,192 - Short Sell 223.00 shares at 88.83 on 2024-11-08 19:00:00+00:00
2024-11-11 19:18:35,192 - Short Sell 223.00 shares at 88.76 on 2024-11-08 19:15:00+00:00
2024-11-11 19:18:35,192 - Buy to cover -2228.00 shares at 88.03 on 2024-11-08 19:45:00+00:00 (Exit: Profit_take, Profit: 1779.749999999995, Duration: 285.0 minutes)
2024-11-11 19:18:35,192 - Long Buy 226.00 shares at 87.67 on 2024-11-08 20:30:00+00:00
2024-11-11 19:18:35,192 - Long Buy 222.00 shares at 87.57 on 2024-11-08 20:45:00+00:00
2024-11-11 19:18:35,193 - Holding 448.0 shares as an open position at the end with unrealized return: -0.0005757380911378669, Duration: 15.0 minutes
2024-11-11 19:18:35,194 - Final statisticsStock: TXT, 
total_trades: 31, 
winning_trades: 20, 
losing_trades: 11, 
average_return: 0.00013671874674823454, 
average_duration: 534.6774193548387, 
final_balance: 954018.4300000004, 
final_portfolio_value: 993249.7900000004, 
sharpe_ratio: 6.825594707066803, 



