2024-11-11 19:22:48,825 - Starting GBMStrategy with initial capital: 1000000
2024-11-11 19:22:48,825 - Hyperparameters: {'threshold': 1.5, 'time_periods': 30, 'num_simulations': 150}
2024-11-11 19:23:51,010 - Long Buy 82.00 shares at 241.06 on 2024-10-11 14:30:00+00:00
2024-11-11 19:23:51,011 - Sell to close 82.00 shares at 241.58 on 2024-10-11 14:45:00+00:00 (Exit: Signal, Profit: 42.63999999999851, Duration: 15.0 minutes)
2024-11-11 19:23:51,011 - Short Sell 82.00 shares at 241.65 on 2024-10-11 15:00:00+00:00
2024-11-11 19:23:51,011 - Buy to cover -82.00 shares at 240.86 on 2024-10-11 16:30:00+00:00 (Exit: Signal, Profit: 64.77999999999702, Duration: 90.0 minutes)
2024-11-11 19:23:51,011 - Short Sell 82.00 shares at 242.32 on 2024-10-11 18:30:00+00:00
2024-11-11 19:23:51,011 - Short Sell 82.00 shares at 242.25 on 2024-10-11 18:45:00+00:00
2024-11-11 19:23:51,011 - Short Sell 82.00 shares at 242.35 on 2024-10-11 19:00:00+00:00
2024-11-11 19:23:51,011 - Short Sell 82.00 shares at 242.16 on 2024-10-11 19:15:00+00:00
2024-11-11 19:23:51,011 - Short Sell 82.00 shares at 242.25 on 2024-10-11 19:30:00+00:00
2024-11-11 19:23:51,011 - Short Sell 82.00 shares at 242.32 on 2024-10-11 19:45:00+00:00
2024-11-11 19:23:51,011 - Short Sell 82.00 shares at 242.75 on 2024-10-14 13:30:00+00:00
2024-11-11 19:23:51,011 - Short Sell 82.00 shares at 242.33 on 2024-10-14 13:45:00+00:00
2024-11-11 19:23:51,011 - Short Sell 81.00 shares at 243.84 on 2024-10-14 14:00:00+00:00
2024-11-11 19:23:51,011 - Short Sell 81.00 shares at 244.33 on 2024-10-14 14:15:00+00:00
2024-11-11 19:23:51,011 - Short Sell 81.00 shares at 244.4 on 2024-10-14 14:30:00+00:00
2024-11-11 19:23:51,011 - Short Sell 81.00 shares at 244.41 on 2024-10-14 14:45:00+00:00
2024-11-11 19:23:51,012 - Buy to cover -980.00 shares at 244.84 on 2024-10-14 15:00:00+00:00 (Exit: Stop_loss, Profit: -1831.960000000011, Duration: 4110.0 minutes)
2024-11-11 19:23:51,012 - Short Sell 81.00 shares at 245.71 on 2024-10-15 13:30:00+00:00
2024-11-11 19:23:51,012 - Short Sell 81.00 shares at 245.92 on 2024-10-15 13:45:00+00:00
2024-11-11 19:23:51,012 - Short Sell 80.00 shares at 246.62 on 2024-10-15 14:00:00+00:00
2024-11-11 19:23:51,012 - Short Sell 80.00 shares at 247.77 on 2024-10-15 14:15:00+00:00
2024-11-11 19:23:51,012 - Short Sell 80.00 shares at 247.57 on 2024-10-15 14:30:00+00:00
2024-11-11 19:23:51,012 - Short Sell 80.00 shares at 247.73 on 2024-10-15 14:45:00+00:00
2024-11-11 19:23:51,012 - Short Sell 80.00 shares at 247.61 on 2024-10-15 15:00:00+00:00
2024-11-11 19:23:51,012 - Short Sell 80.00 shares at 247.67 on 2024-10-15 15:15:00+00:00
2024-11-11 19:23:51,012 - Short Sell 80.00 shares at 247.61 on 2024-10-15 15:30:00+00:00
2024-11-11 19:23:51,012 - Short Sell 80.00 shares at 247.37 on 2024-10-15 15:45:00+00:00
2024-11-11 19:23:51,012 - Short Sell 80.00 shares at 247.62 on 2024-10-15 16:00:00+00:00
2024-11-11 19:23:51,012 - Short Sell 80.00 shares at 247.91 on 2024-10-15 16:15:00+00:00
2024-11-11 19:23:51,012 - Buy to cover -962.00 shares at 247.91 on 2024-10-15 16:30:00+00:00 (Exit: Signal, Profit: -628.9899999999955, Duration: 180.0 minutes)
2024-11-11 19:23:51,012 - Long Buy 80.00 shares at 247.45 on 2024-10-15 16:45:00+00:00
2024-11-11 19:23:51,012 - Long Buy 79.00 shares at 246.78 on 2024-10-15 17:00:00+00:00
2024-11-11 19:23:51,012 - Long Buy 77.00 shares at 247.16 on 2024-10-15 17:15:00+00:00
2024-11-11 19:23:51,012 - Long Buy 75.00 shares at 247.33 on 2024-10-15 17:30:00+00:00
2024-11-11 19:23:51,012 - Long Buy 74.00 shares at 246.79 on 2024-10-15 17:45:00+00:00
2024-11-11 19:23:51,012 - Long Buy 73.00 shares at 246.54 on 2024-10-15 18:00:00+00:00
2024-11-11 19:23:51,012 - Long Buy 71.00 shares at 245.95 on 2024-10-15 18:15:00+00:00
2024-11-11 19:23:51,012 - Long Buy 70.00 shares at 246.05 on 2024-10-15 18:30:00+00:00
2024-11-11 19:23:51,012 - Long Buy 69.00 shares at 246.28 on 2024-10-15 18:45:00+00:00
2024-11-11 19:23:51,012 - Long Buy 67.00 shares at 246.13 on 2024-10-15 19:00:00+00:00
2024-11-11 19:23:51,012 - Long Buy 66.00 shares at 245.99 on 2024-10-15 19:15:00+00:00
2024-11-11 19:23:51,012 - Long Buy 65.00 shares at 246.01 on 2024-10-15 19:30:00+00:00
2024-11-11 19:23:51,012 - Long Buy 63.00 shares at 245.92 on 2024-10-15 19:45:00+00:00
2024-11-11 19:23:51,013 - Sell to close 929.00 shares at 249.09 on 2024-10-16 13:30:00+00:00 (Exit: Profit_take, Profit: 2383.1100000000224, Duration: 1245.0 minutes)
2024-11-11 19:23:51,013 - Short Sell 80.00 shares at 249.88 on 2024-10-16 13:45:00+00:00
2024-11-11 19:23:51,013 - Short Sell 80.00 shares at 249.59 on 2024-10-16 14:00:00+00:00
2024-11-11 19:23:51,013 - Short Sell 80.00 shares at 249.28 on 2024-10-16 14:15:00+00:00
2024-11-11 19:23:51,013 - Short Sell 80.00 shares at 248.77 on 2024-10-16 14:30:00+00:00
2024-11-11 19:23:51,013 - Buy to cover -320.00 shares at 247.8 on 2024-10-16 14:45:00+00:00 (Exit: Profit_take, Profit: 505.600000000004, Duration: 60.0 minutes)
2024-11-11 19:23:51,013 - Long Buy 80.00 shares at 247.36 on 2024-10-16 15:00:00+00:00
2024-11-11 19:23:51,013 - Long Buy 79.00 shares at 247.41 on 2024-10-16 15:15:00+00:00
2024-11-11 19:23:51,013 - Long Buy 77.00 shares at 248.04 on 2024-10-16 17:30:00+00:00
2024-11-11 19:23:51,013 - Sell to close 236.00 shares at 248.69 on 2024-10-16 18:15:00+00:00 (Exit: Signal, Profit: 257.5699999999981, Duration: 195.0 minutes)
2024-11-11 19:23:51,013 - Short Sell 80.00 shares at 248.72 on 2024-10-16 18:30:00+00:00
2024-11-11 19:23:51,013 - Buy to cover -80.00 shares at 244.26 on 2024-10-17 13:30:00+00:00 (Exit: Profit_take, Profit: 356.79999999999836, Duration: 1140.0 minutes)
2024-11-11 19:23:51,013 - Long Buy 81.00 shares at 244.68 on 2024-10-17 13:45:00+00:00
2024-11-11 19:23:51,013 - Long Buy 80.00 shares at 243.95 on 2024-10-17 14:00:00+00:00
2024-11-11 19:23:51,013 - Long Buy 79.00 shares at 243.22 on 2024-10-17 14:15:00+00:00
2024-11-11 19:23:51,013 - Long Buy 77.00 shares at 243.3 on 2024-10-17 14:30:00+00:00
2024-11-11 19:23:51,013 - Long Buy 75.00 shares at 243.14 on 2024-10-17 14:45:00+00:00
2024-11-11 19:23:51,013 - Long Buy 74.00 shares at 242.84 on 2024-10-17 15:00:00+00:00
2024-11-11 19:23:51,013 - Long Buy 73.00 shares at 242.99 on 2024-10-17 15:15:00+00:00
2024-11-11 19:23:51,013 - Long Buy 71.00 shares at 242.6 on 2024-10-17 15:30:00+00:00
2024-11-11 19:23:51,013 - Sell to close 610.00 shares at 241.79 on 2024-10-17 15:45:00+00:00 (Exit: Stop_loss, Profit: -960.1900000000367, Duration: 120.0 minutes)
2024-11-11 19:23:51,014 - Short Sell 82.00 shares at 242.69 on 2024-10-18 13:30:00+00:00
2024-11-11 19:23:51,014 - Short Sell 82.00 shares at 242.62 on 2024-10-18 13:45:00+00:00
2024-11-11 19:23:51,014 - Short Sell 82.00 shares at 242.9 on 2024-10-18 14:00:00+00:00
2024-11-11 19:23:51,014 - Short Sell 82.00 shares at 242.74 on 2024-10-18 14:15:00+00:00
2024-11-11 19:23:51,014 - Short Sell 82.00 shares at 243.18 on 2024-10-18 14:30:00+00:00
2024-11-11 19:23:51,014 - Short Sell 82.00 shares at 243.75 on 2024-10-18 14:45:00+00:00
2024-11-11 19:23:51,014 - Short Sell 81.00 shares at 244.12 on 2024-10-18 15:00:00+00:00
2024-11-11 19:23:51,014 - Short Sell 81.00 shares at 244.2 on 2024-10-18 15:15:00+00:00
2024-11-11 19:23:51,014 - Short Sell 81.00 shares at 243.91 on 2024-10-18 15:30:00+00:00
2024-11-11 19:23:51,014 - Short Sell 82.00 shares at 243.42 on 2024-10-18 15:45:00+00:00
2024-11-11 19:23:51,014 - Short Sell 81.00 shares at 244.02 on 2024-10-18 16:00:00+00:00
2024-11-11 19:23:51,014 - Short Sell 81.00 shares at 244.18 on 2024-10-18 16:15:00+00:00
2024-11-11 19:23:51,014 - Short Sell 81.00 shares at 244.5 on 2024-10-18 16:30:00+00:00
2024-11-11 19:23:51,014 - Short Sell 81.00 shares at 244.43 on 2024-10-18 16:45:00+00:00
2024-11-11 19:23:51,014 - Short Sell 81.00 shares at 244.52 on 2024-10-18 17:00:00+00:00
2024-11-11 19:23:51,014 - Short Sell 81.00 shares at 244.41 on 2024-10-18 17:15:00+00:00
2024-11-11 19:23:51,014 - Short Sell 81.00 shares at 244.3 on 2024-10-18 17:30:00+00:00
2024-11-11 19:23:51,014 - Short Sell 81.00 shares at 243.91 on 2024-10-18 17:45:00+00:00
2024-11-11 19:23:51,014 - Short Sell 81.00 shares at 244.1 on 2024-10-18 18:00:00+00:00
2024-11-11 19:23:51,014 - Short Sell 81.00 shares at 244.32 on 2024-10-18 18:15:00+00:00
2024-11-11 19:23:51,014 - Short Sell 81.00 shares at 244.35 on 2024-10-18 18:30:00+00:00
2024-11-11 19:23:51,014 - Short Sell 81.00 shares at 244.01 on 2024-10-18 18:45:00+00:00
2024-11-11 19:23:51,014 - Short Sell 82.00 shares at 243.87 on 2024-10-18 19:00:00+00:00
2024-11-11 19:23:51,014 - Short Sell 82.00 shares at 243.66 on 2024-10-18 19:15:00+00:00
2024-11-11 19:23:51,014 - Short Sell 81.00 shares at 243.94 on 2024-10-18 19:30:00+00:00
2024-11-11 19:23:51,014 - Short Sell 81.00 shares at 244.11 on 2024-10-18 19:45:00+00:00
2024-11-11 19:23:51,014 - Buy to cover -2115.00 shares at 241.24 on 2024-10-21 13:30:00+00:00 (Exit: Profit_take, Profit: 5519.189999999943, Duration: 4320.0 minutes)
2024-11-11 19:23:51,014 - Long Buy 83.00 shares at 240.7 on 2024-10-21 13:45:00+00:00
2024-11-11 19:23:51,014 - Long Buy 81.00 shares at 240.47 on 2024-10-21 14:00:00+00:00
2024-11-11 19:23:51,014 - Long Buy 80.00 shares at 239.88 on 2024-10-21 14:15:00+00:00
2024-11-11 19:23:51,015 - Long Buy 78.00 shares at 240.56 on 2024-10-21 14:30:00+00:00
2024-11-11 19:23:51,015 - Long Buy 77.00 shares at 240.13 on 2024-10-21 14:45:00+00:00
2024-11-11 19:23:51,015 - Long Buy 75.00 shares at 239.94 on 2024-10-21 15:00:00+00:00
2024-11-11 19:23:51,015 - Long Buy 74.00 shares at 239.83 on 2024-10-21 15:15:00+00:00
2024-11-11 19:23:51,015 - Long Buy 72.00 shares at 239.78 on 2024-10-21 15:30:00+00:00
2024-11-11 19:23:51,015 - Long Buy 71.00 shares at 240.09 on 2024-10-21 15:45:00+00:00
2024-11-11 19:23:51,015 - Long Buy 70.00 shares at 239.88 on 2024-10-21 16:00:00+00:00
2024-11-11 19:23:51,015 - Long Buy 68.00 shares at 240.09 on 2024-10-21 16:15:00+00:00
2024-11-11 19:23:51,015 - Long Buy 67.00 shares at 240.16 on 2024-10-21 16:30:00+00:00
2024-11-11 19:23:51,015 - Long Buy 65.00 shares at 240.34 on 2024-10-21 16:45:00+00:00
2024-11-11 19:23:51,015 - Long Buy 64.00 shares at 240.25 on 2024-10-21 17:00:00+00:00
2024-11-11 19:23:51,015 - Long Buy 63.00 shares at 240.13 on 2024-10-21 17:15:00+00:00
2024-11-11 19:23:51,015 - Long Buy 62.00 shares at 240.04 on 2024-10-21 17:30:00+00:00
2024-11-11 19:23:51,015 - Long Buy 60.00 shares at 240.09 on 2024-10-21 17:45:00+00:00
2024-11-11 19:23:51,015 - Long Buy 59.00 shares at 239.87 on 2024-10-21 18:00:00+00:00
2024-11-11 19:23:51,015 - Long Buy 58.00 shares at 239.68 on 2024-10-21 18:15:00+00:00
2024-11-11 19:23:51,015 - Long Buy 57.00 shares at 240.07 on 2024-10-21 18:30:00+00:00
2024-11-11 19:23:51,015 - Long Buy 56.00 shares at 239.81 on 2024-10-21 18:45:00+00:00
2024-11-11 19:23:51,015 - Long Buy 54.00 shares at 240.16 on 2024-10-21 19:00:00+00:00
2024-11-11 19:23:51,015 - Long Buy 53.00 shares at 240.08 on 2024-10-21 19:15:00+00:00
2024-11-11 19:23:51,015 - Long Buy 52.00 shares at 240.13 on 2024-10-21 19:30:00+00:00
2024-11-11 19:23:51,015 - Long Buy 51.00 shares at 240.34 on 2024-10-21 19:45:00+00:00
2024-11-11 19:23:51,015 - Long Buy 50.00 shares at 239.88 on 2024-10-22 13:30:00+00:00
2024-11-11 19:23:51,015 - Long Buy 49.00 shares at 239.05 on 2024-10-22 13:45:00+00:00
2024-11-11 19:23:51,015 - Sell to close 1749.00 shares at 239.32 on 2024-10-22 14:00:00+00:00 (Exit: Signal, Profit: -1317.2100000000635, Duration: 1455.0 minutes)
2024-11-11 19:23:51,015 - Short Sell 83.00 shares at 239.95 on 2024-10-22 14:30:00+00:00
2024-11-11 19:23:51,015 - Short Sell 83.00 shares at 240.38 on 2024-10-22 14:45:00+00:00
2024-11-11 19:23:51,015 - Short Sell 83.00 shares at 240.39 on 2024-10-22 15:00:00+00:00
2024-11-11 19:23:51,015 - Short Sell 83.00 shares at 240.35 on 2024-10-22 15:15:00+00:00
2024-11-11 19:23:51,015 - Short Sell 83.00 shares at 240.33 on 2024-10-22 15:30:00+00:00
2024-11-11 19:23:51,015 - Short Sell 83.00 shares at 240.29 on 2024-10-22 15:45:00+00:00
2024-11-11 19:23:51,015 - Short Sell 83.00 shares at 240.6 on 2024-10-22 16:00:00+00:00
2024-11-11 19:23:51,015 - Short Sell 83.00 shares at 240.87 on 2024-10-22 16:15:00+00:00
2024-11-11 19:23:51,015 - Short Sell 83.00 shares at 241.13 on 2024-10-22 16:30:00+00:00
2024-11-11 19:23:51,015 - Short Sell 83.00 shares at 240.97 on 2024-10-22 16:45:00+00:00
2024-11-11 19:23:51,016 - Short Sell 83.00 shares at 240.78 on 2024-10-22 17:00:00+00:00
2024-11-11 19:23:51,016 - Short Sell 83.00 shares at 241.11 on 2024-10-22 17:15:00+00:00
2024-11-11 19:23:51,016 - Short Sell 83.00 shares at 241.51 on 2024-10-22 17:30:00+00:00
2024-11-11 19:23:51,016 - Short Sell 83.00 shares at 241.41 on 2024-10-22 17:45:00+00:00
2024-11-11 19:23:51,016 - Short Sell 83.00 shares at 241.56 on 2024-10-22 18:00:00+00:00
2024-11-11 19:23:51,016 - Short Sell 83.00 shares at 241.69 on 2024-10-22 18:15:00+00:00
2024-11-11 19:23:51,016 - Short Sell 83.00 shares at 241.27 on 2024-10-22 18:30:00+00:00
2024-11-11 19:23:51,016 - Short Sell 83.00 shares at 241.54 on 2024-10-22 18:45:00+00:00
2024-11-11 19:23:51,016 - Short Sell 83.00 shares at 241.37 on 2024-10-22 19:00:00+00:00
2024-11-11 19:23:51,016 - Short Sell 83.00 shares at 241.18 on 2024-10-22 19:15:00+00:00
2024-11-11 19:23:51,016 - Short Sell 83.00 shares at 241.35 on 2024-10-22 19:30:00+00:00
2024-11-11 19:23:51,016 - Short Sell 83.00 shares at 241.49 on 2024-10-22 19:45:00+00:00
2024-11-11 19:23:51,016 - Short Sell 83.00 shares at 240.86 on 2024-10-23 13:30:00+00:00
2024-11-11 19:23:51,016 - Short Sell 83.00 shares at 241.24 on 2024-10-23 13:45:00+00:00
2024-11-11 19:23:51,016 - Short Sell 83.00 shares at 241.15 on 2024-10-23 14:00:00+00:00
2024-11-11 19:23:51,016 - Short Sell 83.00 shares at 240.95 on 2024-10-23 14:15:00+00:00
2024-11-11 19:23:51,016 - Short Sell 83.00 shares at 241.2 on 2024-10-23 14:30:00+00:00
2024-11-11 19:23:51,016 - Short Sell 83.00 shares at 241.01 on 2024-10-23 14:45:00+00:00
2024-11-11 19:23:51,016 - Buy to cover -2324.00 shares at 240.68 on 2024-10-23 15:00:00+00:00 (Exit: Signal, Profit: 737.8699999997913, Duration: 1470.0 minutes)
2024-11-11 19:23:51,016 - Short Sell 83.00 shares at 241.57 on 2024-10-23 15:30:00+00:00
2024-11-11 19:23:51,016 - Short Sell 83.00 shares at 241.62 on 2024-10-23 15:45:00+00:00
2024-11-11 19:23:51,016 - Short Sell 83.00 shares at 241.46 on 2024-10-23 16:00:00+00:00
2024-11-11 19:23:51,016 - Short Sell 83.00 shares at 241.42 on 2024-10-23 16:15:00+00:00
2024-11-11 19:23:51,016 - Short Sell 83.00 shares at 241.48 on 2024-10-23 16:30:00+00:00
2024-11-11 19:23:51,016 - Short Sell 83.00 shares at 241.54 on 2024-10-23 17:00:00+00:00
2024-11-11 19:23:51,016 - Short Sell 83.00 shares at 241.55 on 2024-10-23 17:15:00+00:00
2024-11-11 19:23:51,016 - Short Sell 83.00 shares at 241.76 on 2024-10-23 19:15:00+00:00
2024-11-11 19:23:51,016 - Buy to cover -664.00 shares at 230.65 on 2024-10-24 13:30:00+00:00 (Exit: Profit_take, Profit: 7237.599999999985, Duration: 1320.0 minutes)
2024-11-11 19:23:51,017 - Long Buy 87.00 shares at 230.63 on 2024-10-24 13:45:00+00:00
2024-11-11 19:23:51,017 - Long Buy 86.00 shares at 230.26 on 2024-10-24 14:00:00+00:00
2024-11-11 19:23:51,017 - Long Buy 84.00 shares at 230.86 on 2024-10-24 14:15:00+00:00
2024-11-11 19:23:51,017 - Long Buy 82.00 shares at 230.25 on 2024-10-24 14:30:00+00:00
2024-11-11 19:23:51,017 - Long Buy 81.00 shares at 230.29 on 2024-10-24 14:45:00+00:00
2024-11-11 19:23:51,017 - Long Buy 79.00 shares at 230.2 on 2024-10-24 15:00:00+00:00
2024-11-11 19:23:51,017 - Long Buy 78.00 shares at 229.08 on 2024-10-24 15:15:00+00:00
2024-11-11 19:23:51,017 - Long Buy 76.00 shares at 228.98 on 2024-10-24 15:30:00+00:00
2024-11-11 19:23:51,017 - Long Buy 75.00 shares at 229.09 on 2024-10-24 15:45:00+00:00
2024-11-11 19:23:51,017 - Long Buy 73.00 shares at 228.62 on 2024-10-24 16:00:00+00:00
2024-11-11 19:23:51,017 - Long Buy 72.00 shares at 228.64 on 2024-10-24 16:15:00+00:00
2024-11-11 19:23:51,017 - Sell to close 873.00 shares at 228.06 on 2024-10-24 16:30:00+00:00 (Exit: Stop_loss, Profit: -1486.6299999999976, Duration: 165.0 minutes)
2024-11-11 19:23:51,017 - Short Sell 87.00 shares at 231.03 on 2024-10-25 13:30:00+00:00
2024-11-11 19:23:51,017 - Buy to cover -87.00 shares at 229.39 on 2024-10-25 13:45:00+00:00 (Exit: Profit_take, Profit: 142.6800000000013, Duration: 15.0 minutes)
2024-11-11 19:23:51,017 - Short Sell 87.00 shares at 230.05 on 2024-10-25 14:00:00+00:00
2024-11-11 19:23:51,017 - Short Sell 87.00 shares at 231.17 on 2024-10-25 14:15:00+00:00
2024-11-11 19:23:51,017 - Short Sell 87.00 shares at 231.48 on 2024-10-25 14:30:00+00:00
2024-11-11 19:23:51,017 - Short Sell 87.00 shares at 231.3 on 2024-10-25 14:45:00+00:00
2024-11-11 19:23:51,017 - Short Sell 87.00 shares at 231.03 on 2024-10-25 15:00:00+00:00
2024-11-11 19:23:51,017 - Short Sell 87.00 shares at 230.5 on 2024-10-25 15:15:00+00:00
2024-11-11 19:23:51,017 - Short Sell 87.00 shares at 230.99 on 2024-10-25 15:30:00+00:00
2024-11-11 19:23:51,017 - Short Sell 87.00 shares at 231.03 on 2024-10-25 15:45:00+00:00
2024-11-11 19:23:51,017 - Short Sell 87.00 shares at 230.95 on 2024-10-25 16:00:00+00:00
2024-11-11 19:23:51,017 - Short Sell 87.00 shares at 231.02 on 2024-10-25 16:15:00+00:00
2024-11-11 19:23:51,017 - Short Sell 87.00 shares at 231.19 on 2024-10-25 16:30:00+00:00
2024-11-11 19:23:51,017 - Short Sell 87.00 shares at 231.05 on 2024-10-25 16:45:00+00:00
2024-11-11 19:23:51,017 - Short Sell 87.00 shares at 231.09 on 2024-10-25 17:00:00+00:00
2024-11-11 19:23:51,017 - Buy to cover -1131.00 shares at 230.42 on 2024-10-25 17:30:00+00:00 (Exit: Signal, Profit: 642.929999999979, Duration: 210.0 minutes)
2024-11-11 19:23:51,018 - Long Buy 87.00 shares at 230.5 on 2024-10-25 17:45:00+00:00
2024-11-11 19:23:51,018 - Sell to close 87.00 shares at 231.65 on 2024-10-25 18:45:00+00:00 (Exit: Signal, Profit: 100.0500000000005, Duration: 60.0 minutes)
2024-11-11 19:23:51,018 - Short Sell 87.00 shares at 232.43 on 2024-10-28 13:30:00+00:00
2024-11-11 19:23:51,018 - Short Sell 87.00 shares at 231.95 on 2024-10-28 13:45:00+00:00
2024-11-11 19:23:51,018 - Short Sell 87.00 shares at 232.46 on 2024-10-28 14:00:00+00:00
2024-11-11 19:23:51,018 - Short Sell 86.00 shares at 233.31 on 2024-10-28 14:15:00+00:00
2024-11-11 19:23:51,018 - Short Sell 87.00 shares at 232.32 on 2024-10-28 14:30:00+00:00
2024-11-11 19:23:51,018 - Short Sell 87.00 shares at 232.48 on 2024-10-28 14:45:00+00:00
2024-11-11 19:23:51,018 - Short Sell 87.00 shares at 232.31 on 2024-10-28 15:00:00+00:00
2024-11-11 19:23:51,018 - Short Sell 87.00 shares at 232.48 on 2024-10-28 16:00:00+00:00
2024-11-11 19:23:51,018 - Buy to cover -695.00 shares at 231.94 on 2024-10-28 18:00:00+00:00 (Exit: Signal, Profit: 365.77000000000226, Duration: 270.0 minutes)
2024-11-11 19:23:51,018 - Long Buy 87.00 shares at 231.67 on 2024-10-28 18:15:00+00:00
2024-11-11 19:23:51,018 - Long Buy 85.00 shares at 231.64 on 2024-10-28 18:30:00+00:00
2024-11-11 19:23:51,018 - Sell to close 172.00 shares at 233.3 on 2024-10-29 14:00:00+00:00 (Exit: Profit_take, Profit: 282.9100000000079, Duration: 1185.0 minutes)
2024-11-11 19:23:51,018 - Short Sell 86.00 shares at 233.45 on 2024-10-29 14:15:00+00:00
2024-11-11 19:23:51,018 - Short Sell 86.00 shares at 234.01 on 2024-10-29 14:30:00+00:00
2024-11-11 19:23:51,018 - Short Sell 86.00 shares at 234.04 on 2024-10-29 14:45:00+00:00
2024-11-11 19:23:51,018 - Short Sell 86.00 shares at 233.86 on 2024-10-29 15:00:00+00:00
2024-11-11 19:23:51,019 - Short Sell 86.00 shares at 233.45 on 2024-10-29 15:15:00+00:00
2024-11-11 19:23:51,019 - Short Sell 86.00 shares at 233.77 on 2024-10-29 15:30:00+00:00
2024-11-11 19:23:51,019 - Short Sell 86.00 shares at 233.45 on 2024-10-29 15:45:00+00:00
2024-11-11 19:23:51,019 - Short Sell 86.00 shares at 234.04 on 2024-10-29 16:00:00+00:00
2024-11-11 19:23:51,019 - Short Sell 86.00 shares at 233.82 on 2024-10-29 16:15:00+00:00
2024-11-11 19:23:51,019 - Short Sell 86.00 shares at 234.15 on 2024-10-29 16:30:00+00:00
2024-11-11 19:23:51,019 - Short Sell 86.00 shares at 234.11 on 2024-10-29 16:45:00+00:00
2024-11-11 19:23:51,019 - Short Sell 86.00 shares at 234.04 on 2024-10-29 17:00:00+00:00
2024-11-11 19:23:51,019 - Short Sell 86.00 shares at 233.79 on 2024-10-29 17:15:00+00:00
2024-11-11 19:23:51,019 - Short Sell 86.00 shares at 233.89 on 2024-10-29 17:30:00+00:00
2024-11-11 19:23:51,019 - Short Sell 86.00 shares at 234.12 on 2024-10-29 17:45:00+00:00
2024-11-11 19:23:51,019 - Short Sell 86.00 shares at 233.85 on 2024-10-29 18:00:00+00:00
2024-11-11 19:23:51,019 - Short Sell 86.00 shares at 233.91 on 2024-10-29 18:15:00+00:00
2024-11-11 19:23:51,019 - Short Sell 86.00 shares at 233.63 on 2024-10-29 18:30:00+00:00
2024-11-11 19:23:51,019 - Buy to cover -1548.00 shares at 232.8 on 2024-10-29 19:00:00+00:00 (Exit: Signal, Profit: 1632.2799999999966, Duration: 285.0 minutes)
2024-11-11 19:23:51,019 - Long Buy 87.00 shares at 232.8 on 2024-10-29 19:15:00+00:00
2024-11-11 19:23:51,019 - Long Buy 85.00 shares at 232.59 on 2024-10-29 19:30:00+00:00
2024-11-11 19:23:51,019 - Long Buy 83.00 shares at 232.02 on 2024-10-29 19:45:00+00:00
2024-11-11 19:23:51,019 - Sell to close 255.00 shares at 234.23 on 2024-10-30 14:00:00+00:00 (Exit: Profit_take, Profit: 447.2399999999962, Duration: 1125.0 minutes)
2024-11-11 19:23:51,019 - Short Sell 86.00 shares at 234.29 on 2024-10-30 14:15:00+00:00
2024-11-11 19:23:51,019 - Short Sell 86.00 shares at 234.35 on 2024-10-30 14:30:00+00:00
2024-11-11 19:23:51,019 - Short Sell 86.00 shares at 234.02 on 2024-10-30 14:45:00+00:00
2024-11-11 19:23:51,019 - Buy to cover -258.00 shares at 232.33 on 2024-10-30 15:15:00+00:00 (Exit: Profit_take, Profit: 487.61999999998915, Duration: 60.0 minutes)
2024-11-11 19:23:51,019 - Long Buy 87.00 shares at 232.12 on 2024-10-30 16:45:00+00:00
2024-11-11 19:23:51,020 - Long Buy 85.00 shares at 231.79 on 2024-10-31 13:30:00+00:00
2024-11-11 19:23:51,020 - Sell to close 172.00 shares at 232.67 on 2024-10-31 13:45:00+00:00 (Exit: Signal, Profit: 122.64999999999998, Duration: 1260.0 minutes)
2024-11-11 19:23:51,020 - Short Sell 87.00 shares at 232.77 on 2024-10-31 14:00:00+00:00
2024-11-11 19:23:51,020 - Short Sell 87.00 shares at 233.14 on 2024-10-31 14:15:00+00:00
2024-11-11 19:23:51,020 - Short Sell 87.00 shares at 233.21 on 2024-10-31 14:30:00+00:00
2024-11-11 19:23:51,020 - Short Sell 86.00 shares at 233.37 on 2024-10-31 14:45:00+00:00
2024-11-11 19:23:51,020 - Short Sell 86.00 shares at 233.39 on 2024-10-31 15:00:00+00:00
2024-11-11 19:23:51,020 - Short Sell 87.00 shares at 233.1 on 2024-10-31 15:15:00+00:00
2024-11-11 19:23:51,020 - Short Sell 87.00 shares at 232.93 on 2024-10-31 15:30:00+00:00
2024-11-11 19:23:51,020 - Short Sell 87.00 shares at 233.13 on 2024-10-31 15:45:00+00:00
2024-11-11 19:23:51,020 - Short Sell 86.00 shares at 233.61 on 2024-10-31 16:00:00+00:00
2024-11-11 19:23:51,020 - Short Sell 86.00 shares at 233.6 on 2024-10-31 16:15:00+00:00
2024-11-11 19:23:51,020 - Short Sell 87.00 shares at 233.09 on 2024-10-31 16:30:00+00:00
2024-11-11 19:23:51,020 - Short Sell 87.00 shares at 233.23 on 2024-10-31 17:00:00+00:00
2024-11-11 19:23:51,020 - Short Sell 86.00 shares at 233.49 on 2024-10-31 17:15:00+00:00
2024-11-11 19:23:51,020 - Short Sell 87.00 shares at 233.26 on 2024-10-31 17:30:00+00:00
2024-11-11 19:23:51,020 - Short Sell 87.00 shares at 233.32 on 2024-10-31 17:45:00+00:00
2024-11-11 19:23:51,020 - Short Sell 87.00 shares at 233.23 on 2024-10-31 18:00:00+00:00
2024-11-11 19:23:51,020 - Short Sell 86.00 shares at 233.64 on 2024-10-31 18:15:00+00:00
2024-11-11 19:23:51,020 - Short Sell 86.00 shares at 233.53 on 2024-10-31 18:30:00+00:00
2024-11-11 19:23:51,020 - Short Sell 86.00 shares at 233.56 on 2024-10-31 18:45:00+00:00
2024-11-11 19:23:51,020 - Short Sell 86.00 shares at 233.68 on 2024-10-31 19:00:00+00:00
2024-11-11 19:23:51,020 - Buy to cover -1731.00 shares at 232.08 on 2024-10-31 19:45:00+00:00 (Exit: Profit_take, Profit: 2134.009999999968, Duration: 345.0 minutes)
2024-11-11 19:23:51,020 - Short Sell 87.00 shares at 233.6 on 2024-11-01 13:30:00+00:00
2024-11-11 19:23:51,020 - Short Sell 86.00 shares at 233.99 on 2024-11-01 13:45:00+00:00
2024-11-11 19:23:51,020 - Short Sell 86.00 shares at 234.74 on 2024-11-01 14:00:00+00:00
2024-11-11 19:23:51,020 - Short Sell 86.00 shares at 234.16 on 2024-11-01 14:15:00+00:00
2024-11-11 19:23:51,020 - Buy to cover -345.00 shares at 233.84 on 2024-11-01 14:30:00+00:00 (Exit: Signal, Profit: 96.93999999999292, Duration: 60.0 minutes)
2024-11-11 19:23:51,020 - Long Buy 87.00 shares at 233.8 on 2024-11-01 14:45:00+00:00
2024-11-11 19:23:51,021 - Long Buy 85.00 shares at 233.72 on 2024-11-01 15:45:00+00:00
2024-11-11 19:23:51,021 - Long Buy 83.00 shares at 233.09 on 2024-11-01 17:30:00+00:00
2024-11-11 19:23:51,021 - Long Buy 82.00 shares at 232.87 on 2024-11-01 17:45:00+00:00
2024-11-11 19:23:51,021 - Long Buy 80.00 shares at 232.66 on 2024-11-01 18:00:00+00:00
2024-11-11 19:23:51,021 - Long Buy 79.00 shares at 232.87 on 2024-11-01 18:15:00+00:00
2024-11-11 19:23:51,021 - Long Buy 77.00 shares at 233.17 on 2024-11-01 18:30:00+00:00
2024-11-11 19:23:51,021 - Long Buy 75.00 shares at 233.13 on 2024-11-01 18:45:00+00:00
2024-11-11 19:23:51,021 - Long Buy 74.00 shares at 233.18 on 2024-11-01 19:15:00+00:00
2024-11-11 19:23:51,021 - Long Buy 72.00 shares at 232.82 on 2024-11-01 19:30:00+00:00
2024-11-11 19:23:51,021 - Long Buy 71.00 shares at 232.68 on 2024-11-01 19:45:00+00:00
2024-11-11 19:23:51,021 - Long Buy 70.00 shares at 232.41 on 2024-11-04 14:30:00+00:00
2024-11-11 19:23:51,021 - Sell to close 935.00 shares at 231.86 on 2024-11-04 14:45:00+00:00 (Exit: Stop_loss, Profit: -1115.2200000000328, Duration: 4320.0 minutes)
2024-11-11 19:23:51,021 - Short Sell 87.00 shares at 231.39 on 2024-11-05 14:45:00+00:00
2024-11-11 19:23:51,021 - Short Sell 87.00 shares at 232.5 on 2024-11-05 15:00:00+00:00
2024-11-11 19:23:51,021 - Short Sell 87.00 shares at 232.68 on 2024-11-05 15:15:00+00:00
2024-11-11 19:23:51,021 - Short Sell 87.00 shares at 233.19 on 2024-11-05 15:30:00+00:00
2024-11-11 19:23:51,021 - Short Sell 87.00 shares at 232.97 on 2024-11-05 15:45:00+00:00
2024-11-11 19:23:51,021 - Short Sell 87.00 shares at 232.66 on 2024-11-05 16:00:00+00:00
2024-11-11 19:23:51,021 - Short Sell 87.00 shares at 232.83 on 2024-11-05 16:15:00+00:00
2024-11-11 19:23:51,021 - Short Sell 87.00 shares at 232.87 on 2024-11-05 16:30:00+00:00
2024-11-11 19:23:51,021 - Short Sell 87.00 shares at 232.81 on 2024-11-05 16:45:00+00:00
2024-11-11 19:23:51,021 - Short Sell 87.00 shares at 232.72 on 2024-11-05 17:00:00+00:00
2024-11-11 19:23:51,021 - Short Sell 87.00 shares at 232.95 on 2024-11-05 17:15:00+00:00
2024-11-11 19:23:51,022 - Buy to cover -957.00 shares at 232.64 on 2024-11-05 17:30:00+00:00 (Exit: Signal, Profit: 46.11000000001246, Duration: 165.0 minutes)
2024-11-11 19:23:51,022 - Long Buy 87.00 shares at 232.54 on 2024-11-05 17:45:00+00:00
2024-11-11 19:23:51,022 - Long Buy 85.00 shares at 232.12 on 2024-11-05 18:00:00+00:00
2024-11-11 19:23:51,022 - Long Buy 84.00 shares at 232.32 on 2024-11-05 18:15:00+00:00
2024-11-11 19:23:51,022 - Long Buy 82.00 shares at 232.3 on 2024-11-05 18:30:00+00:00
2024-11-11 19:23:51,022 - Long Buy 80.00 shares at 232.51 on 2024-11-05 18:45:00+00:00
2024-11-11 19:23:51,022 - Sell to close 418.00 shares at 233.88 on 2024-11-05 20:45:00+00:00 (Exit: Profit_take, Profit: 636.379999999994, Duration: 180.0 minutes)
2024-11-11 19:23:51,022 - Short Sell 82.00 shares at 245.94 on 2024-11-06 14:30:00+00:00
2024-11-11 19:23:51,022 - Buy to cover -82.00 shares at 243.1 on 2024-11-06 14:45:00+00:00 (Exit: Profit_take, Profit: 232.87999999999795, Duration: 15.0 minutes)
2024-11-11 19:23:51,022 - Short Sell 83.00 shares at 244.39 on 2024-11-06 15:00:00+00:00
2024-11-11 19:23:51,022 - Short Sell 83.00 shares at 244.28 on 2024-11-06 15:15:00+00:00
2024-11-11 19:23:51,022 - Short Sell 83.00 shares at 244.69 on 2024-11-06 15:30:00+00:00
2024-11-11 19:23:51,022 - Short Sell 83.00 shares at 243.65 on 2024-11-06 15:45:00+00:00
2024-11-11 19:23:51,022 - Short Sell 83.00 shares at 244.96 on 2024-11-06 16:00:00+00:00
2024-11-11 19:23:51,022 - Short Sell 82.00 shares at 245.45 on 2024-11-06 16:15:00+00:00
2024-11-11 19:23:51,022 - Buy to cover -497.00 shares at 247.55 on 2024-11-06 16:30:00+00:00 (Exit: Stop_loss, Profit: -1481.939999999997, Duration: 90.0 minutes)
2024-11-11 19:23:51,022 - Long Buy 82.00 shares at 247.07 on 2024-11-07 14:30:00+00:00
2024-11-11 19:23:51,022 - Long Buy 80.00 shares at 246.8 on 2024-11-07 14:45:00+00:00
2024-11-11 19:23:51,022 - Long Buy 79.00 shares at 245.81 on 2024-11-07 15:00:00+00:00
2024-11-11 19:23:51,022 - Long Buy 77.00 shares at 245.25 on 2024-11-07 15:15:00+00:00
2024-11-11 19:23:51,022 - Long Buy 76.00 shares at 245.52 on 2024-11-07 15:30:00+00:00
2024-11-11 19:23:51,022 - Sell to close 394.00 shares at 244.43 on 2024-11-07 15:45:00+00:00 (Exit: Stop_loss, Profit: -661.0800000000015, Duration: 75.0 minutes)
2024-11-11 19:23:51,023 - Long Buy 83.00 shares at 243.02 on 2024-11-08 14:30:00+00:00
2024-11-11 19:23:51,023 - Long Buy 81.00 shares at 243.04 on 2024-11-08 15:15:00+00:00
2024-11-11 19:23:51,023 - Long Buy 80.00 shares at 242.78 on 2024-11-08 16:15:00+00:00
2024-11-11 19:23:51,023 - Long Buy 78.00 shares at 242.75 on 2024-11-08 16:30:00+00:00
2024-11-11 19:23:51,023 - Long Buy 77.00 shares at 242.58 on 2024-11-08 16:45:00+00:00
2024-11-11 19:23:51,023 - Long Buy 75.00 shares at 242.58 on 2024-11-08 17:00:00+00:00
2024-11-11 19:23:51,023 - Long Buy 74.00 shares at 242.47 on 2024-11-08 17:15:00+00:00
2024-11-11 19:23:51,023 - Long Buy 72.00 shares at 242.59 on 2024-11-08 17:30:00+00:00
2024-11-11 19:23:51,023 - Long Buy 71.00 shares at 242.6 on 2024-11-08 17:45:00+00:00
2024-11-11 19:23:51,023 - Long Buy 69.00 shares at 242.59 on 2024-11-08 18:00:00+00:00
2024-11-11 19:23:51,023 - Long Buy 68.00 shares at 242.34 on 2024-11-08 18:15:00+00:00
2024-11-11 19:23:51,023 - Long Buy 67.00 shares at 242.38 on 2024-11-08 18:30:00+00:00
2024-11-11 19:23:51,023 - Long Buy 65.00 shares at 242.71 on 2024-11-08 18:45:00+00:00
2024-11-11 19:23:51,023 - Long Buy 64.00 shares at 242.56 on 2024-11-08 19:00:00+00:00
2024-11-11 19:23:51,023 - Long Buy 63.00 shares at 242.39 on 2024-11-08 19:15:00+00:00
2024-11-11 19:23:51,023 - Long Buy 61.00 shares at 242.77 on 2024-11-08 19:30:00+00:00
2024-11-11 19:23:51,023 - Long Buy 60.00 shares at 242.22 on 2024-11-08 19:45:00+00:00
2024-11-11 19:23:51,023 - Long Buy 59.00 shares at 242.04 on 2024-11-08 20:00:00+00:00
2024-11-11 19:23:51,023 - Long Buy 58.00 shares at 242.03 on 2024-11-08 20:15:00+00:00
2024-11-11 19:23:51,023 - Long Buy 57.00 shares at 241.71 on 2024-11-08 20:30:00+00:00
2024-11-11 19:23:51,023 - Long Buy 56.00 shares at 241.67 on 2024-11-08 20:45:00+00:00
2024-11-11 19:23:51,024 - Holding 1438.0 shares as an open position at the end with unrealized return: -0.0034339116606031932, Duration: 375.0 minutes
2024-11-11 19:23:51,025 - Final statisticsStock: UNP, 
total_trades: 32, 
winning_trades: 23, 
losing_trades: 9, 
average_return: 0.003707381639840252, 
average_duration: 811.875, 
final_balance: 666273.460000001, 
final_portfolio_value: 1013794.920000001, 
sharpe_ratio: 4.849161080374139, 



