2024-11-11 21:02:10,723 - Starting GBMStrategy with initial capital: 1000000
2024-11-11 21:02:10,723 - Hyperparameters: {'threshold': 1.5, 'time_periods': 30, 'num_simulations': 150}
2024-11-11 21:03:31,676 - Long Buy 24.00 shares at 816.58 on 2024-10-11 14:30:00+00:00
2024-11-11 21:03:31,677 - Long Buy 24.00 shares at 816.4 on 2024-10-11 14:45:00+00:00
2024-11-11 21:03:31,677 - Long Buy 23.00 shares at 814.58 on 2024-10-11 16:00:00+00:00
2024-11-11 21:03:31,677 - Long Buy 23.00 shares at 810.06 on 2024-10-11 16:15:00+00:00
2024-11-11 21:03:31,677 - Long Buy 22.00 shares at 810.8 on 2024-10-11 16:30:00+00:00
2024-11-11 21:03:31,677 - Long Buy 22.00 shares at 813.27 on 2024-10-11 16:45:00+00:00
2024-11-11 21:03:31,677 - Long Buy 21.00 shares at 810.78 on 2024-10-11 17:00:00+00:00
2024-11-11 21:03:31,677 - Long Buy 21.00 shares at 812.86 on 2024-10-11 17:15:00+00:00
2024-11-11 21:03:31,677 - Long Buy 21.00 shares at 812.28 on 2024-10-11 17:30:00+00:00
2024-11-11 21:03:31,677 - Long Buy 20.00 shares at 814.77 on 2024-10-11 17:45:00+00:00
2024-11-11 21:03:31,677 - Long Buy 20.00 shares at 814.05 on 2024-10-11 18:00:00+00:00
2024-11-11 21:03:31,677 - Long Buy 19.00 shares at 813.9 on 2024-10-11 18:15:00+00:00
2024-11-11 21:03:31,677 - Long Buy 19.00 shares at 812.13 on 2024-10-11 18:30:00+00:00
2024-11-11 21:03:31,677 - Long Buy 19.00 shares at 813.01 on 2024-10-11 18:45:00+00:00
2024-11-11 21:03:31,677 - Long Buy 18.00 shares at 814.79 on 2024-10-11 19:00:00+00:00
2024-11-11 21:03:31,677 - Long Buy 18.00 shares at 813.34 on 2024-10-11 19:15:00+00:00
2024-11-11 21:03:31,678 - Long Buy 17.00 shares at 813.84 on 2024-10-11 19:30:00+00:00
2024-11-11 21:03:31,678 - Sell to close 351.00 shares at 818.41 on 2024-10-11 19:45:00+00:00 (Exit: Profit_take, Profit: 1760.0299999999108, Duration: 315.0 minutes)
2024-11-11 21:03:31,678 - Short Sell 24.00 shares at 826.15 on 2024-10-14 14:30:00+00:00
2024-11-11 21:03:31,678 - Short Sell 24.00 shares at 828.23 on 2024-10-14 14:45:00+00:00
2024-11-11 21:03:31,678 - Short Sell 24.00 shares at 832.1 on 2024-10-14 15:00:00+00:00
2024-11-11 21:03:31,678 - Short Sell 24.00 shares at 831.69 on 2024-10-14 15:15:00+00:00
2024-11-11 21:03:31,678 - Short Sell 24.00 shares at 834.25 on 2024-10-14 15:30:00+00:00
2024-11-11 21:03:31,678 - Buy to cover -120.00 shares at 836.04 on 2024-10-14 15:45:00+00:00 (Exit: Stop_loss, Profit: -666.7199999999912, Duration: 75.0 minutes)
2024-11-11 21:03:31,678 - Short Sell 23.00 shares at 840.5 on 2024-10-15 14:00:00+00:00
2024-11-11 21:03:31,678 - Short Sell 23.00 shares at 837.52 on 2024-10-15 14:15:00+00:00
2024-11-11 21:03:31,678 - Short Sell 23.00 shares at 836.13 on 2024-10-15 14:30:00+00:00
2024-11-11 21:03:31,678 - Short Sell 23.00 shares at 841.34 on 2024-10-15 14:45:00+00:00
2024-11-11 21:03:31,678 - Short Sell 23.00 shares at 839.37 on 2024-10-15 15:00:00+00:00
2024-11-11 21:03:31,678 - Short Sell 23.00 shares at 841.25 on 2024-10-15 15:15:00+00:00
2024-11-11 21:03:31,678 - Short Sell 23.00 shares at 842.47 on 2024-10-15 15:30:00+00:00
2024-11-11 21:03:31,678 - Short Sell 23.00 shares at 842.43 on 2024-10-15 15:45:00+00:00
2024-11-11 21:03:31,678 - Short Sell 23.00 shares at 841.24 on 2024-10-15 16:00:00+00:00
2024-11-11 21:03:31,678 - Short Sell 23.00 shares at 842.0 on 2024-10-15 16:15:00+00:00
2024-11-11 21:03:31,679 - Buy to cover -230.00 shares at 841.8 on 2024-10-15 16:30:00+00:00 (Exit: Signal, Profit: -316.25000000002615, Duration: 150.0 minutes)
2024-11-11 21:03:31,679 - Short Sell 23.00 shares at 843.73 on 2024-10-15 17:15:00+00:00
2024-11-11 21:03:31,679 - Short Sell 23.00 shares at 844.67 on 2024-10-15 17:30:00+00:00
2024-11-11 21:03:31,679 - Buy to cover -46.00 shares at 839.04 on 2024-10-15 19:00:00+00:00 (Exit: Profit_take, Profit: 237.35999999999854, Duration: 105.0 minutes)
2024-11-11 21:03:31,679 - Long Buy 23.00 shares at 837.65 on 2024-10-15 19:15:00+00:00
2024-11-11 21:03:31,679 - Long Buy 23.00 shares at 835.84 on 2024-10-15 19:30:00+00:00
2024-11-11 21:03:31,679 - Long Buy 23.00 shares at 834.6 on 2024-10-15 19:45:00+00:00
2024-11-11 21:03:31,679 - Long Buy 22.00 shares at 839.61 on 2024-10-16 13:30:00+00:00
2024-11-11 21:03:31,679 - Sell to close 91.00 shares at 848.04 on 2024-10-16 13:45:00+00:00 (Exit: Profit_take, Profit: 1014.1499999999949, Duration: 1110.0 minutes)
2024-11-11 21:03:31,680 - Short Sell 23.00 shares at 857.28 on 2024-10-16 14:00:00+00:00
2024-11-11 21:03:31,680 - Short Sell 23.00 shares at 853.76 on 2024-10-16 14:15:00+00:00
2024-11-11 21:03:31,680 - Short Sell 23.00 shares at 851.32 on 2024-10-16 14:30:00+00:00
2024-11-11 21:03:31,680 - Short Sell 23.00 shares at 854.71 on 2024-10-16 14:45:00+00:00
2024-11-11 21:03:31,680 - Short Sell 23.00 shares at 850.76 on 2024-10-16 15:00:00+00:00
2024-11-11 21:03:31,680 - Short Sell 23.00 shares at 852.0 on 2024-10-16 15:15:00+00:00
2024-11-11 21:03:31,680 - Short Sell 23.00 shares at 851.3 on 2024-10-16 15:30:00+00:00
2024-11-11 21:03:31,680 - Short Sell 23.00 shares at 849.95 on 2024-10-16 15:45:00+00:00
2024-11-11 21:03:31,680 - Short Sell 23.00 shares at 852.28 on 2024-10-16 16:00:00+00:00
2024-11-11 21:03:31,680 - Short Sell 23.00 shares at 850.94 on 2024-10-16 16:15:00+00:00
2024-11-11 21:03:31,680 - Short Sell 23.00 shares at 849.9 on 2024-10-16 16:30:00+00:00
2024-11-11 21:03:31,680 - Short Sell 23.00 shares at 848.97 on 2024-10-16 16:45:00+00:00
2024-11-11 21:03:31,680 - Short Sell 23.00 shares at 848.29 on 2024-10-16 17:00:00+00:00
2024-11-11 21:03:31,680 - Short Sell 23.00 shares at 848.34 on 2024-10-16 17:15:00+00:00
2024-11-11 21:03:31,680 - Short Sell 23.00 shares at 848.61 on 2024-10-16 17:30:00+00:00
2024-11-11 21:03:31,680 - Short Sell 23.00 shares at 849.93 on 2024-10-16 17:45:00+00:00
2024-11-11 21:03:31,680 - Short Sell 23.00 shares at 850.98 on 2024-10-16 18:00:00+00:00
2024-11-11 21:03:31,680 - Short Sell 23.00 shares at 852.47 on 2024-10-16 18:15:00+00:00
2024-11-11 21:03:31,680 - Short Sell 23.00 shares at 850.03 on 2024-10-16 18:30:00+00:00
2024-11-11 21:03:31,680 - Buy to cover -437.00 shares at 846.86 on 2024-10-16 18:45:00+00:00 (Exit: Profit_take, Profit: 1874.040000000024, Duration: 285.0 minutes)
2024-11-11 21:03:31,680 - Long Buy 23.00 shares at 844.79 on 2024-10-16 19:00:00+00:00
2024-11-11 21:03:31,680 - Long Buy 23.00 shares at 842.88 on 2024-10-16 19:15:00+00:00
2024-11-11 21:03:31,680 - Long Buy 22.00 shares at 843.99 on 2024-10-16 19:30:00+00:00
2024-11-11 21:03:31,680 - Long Buy 22.00 shares at 846.05 on 2024-10-16 19:45:00+00:00
2024-11-11 21:03:31,680 - Long Buy 21.00 shares at 844.22 on 2024-10-17 13:45:00+00:00
2024-11-11 21:03:31,680 - Long Buy 21.00 shares at 842.9 on 2024-10-17 14:00:00+00:00
2024-11-11 21:03:31,680 - Long Buy 21.00 shares at 839.69 on 2024-10-17 14:15:00+00:00
2024-11-11 21:03:31,680 - Long Buy 20.00 shares at 840.48 on 2024-10-17 14:30:00+00:00
2024-11-11 21:03:31,680 - Long Buy 20.00 shares at 841.87 on 2024-10-17 14:45:00+00:00
2024-11-11 21:03:31,680 - Long Buy 20.00 shares at 840.46 on 2024-10-17 15:00:00+00:00
2024-11-11 21:03:31,681 - Long Buy 19.00 shares at 842.16 on 2024-10-17 15:15:00+00:00
2024-11-11 21:03:31,681 - Long Buy 19.00 shares at 842.23 on 2024-10-17 15:30:00+00:00
2024-11-11 21:03:31,681 - Long Buy 18.00 shares at 842.75 on 2024-10-17 15:45:00+00:00
2024-11-11 21:03:31,681 - Long Buy 18.00 shares at 841.94 on 2024-10-17 16:00:00+00:00
2024-11-11 21:03:31,681 - Long Buy 18.00 shares at 842.99 on 2024-10-17 16:15:00+00:00
2024-11-11 21:03:31,681 - Long Buy 17.00 shares at 845.01 on 2024-10-17 16:30:00+00:00
2024-11-11 21:03:31,681 - Long Buy 17.00 shares at 842.79 on 2024-10-17 16:45:00+00:00
2024-11-11 21:03:31,681 - Long Buy 17.00 shares at 841.08 on 2024-10-17 17:00:00+00:00
2024-11-11 21:03:31,681 - Long Buy 16.00 shares at 840.81 on 2024-10-17 17:15:00+00:00
2024-11-11 21:03:31,681 - Long Buy 16.00 shares at 841.03 on 2024-10-17 17:30:00+00:00
2024-11-11 21:03:31,681 - Long Buy 16.00 shares at 841.28 on 2024-10-17 17:45:00+00:00
2024-11-11 21:03:31,681 - Long Buy 15.00 shares at 839.31 on 2024-10-17 18:00:00+00:00
2024-11-11 21:03:31,681 - Long Buy 15.00 shares at 838.78 on 2024-10-17 18:15:00+00:00
2024-11-11 21:03:31,681 - Sell to close 434.00 shares at 840.3 on 2024-10-17 18:30:00+00:00 (Exit: Signal, Profit: -860.1800000000142, Duration: 1410.0 minutes)
2024-11-11 21:03:31,681 - Short Sell 23.00 shares at 840.54 on 2024-10-17 19:45:00+00:00
2024-11-11 21:03:31,681 - Buy to cover -23.00 shares at 834.1 on 2024-10-18 13:30:00+00:00 (Exit: Profit_take, Profit: 148.11999999999864, Duration: 1065.0 minutes)
2024-11-11 21:03:31,681 - Long Buy 24.00 shares at 834.92 on 2024-10-18 13:45:00+00:00
2024-11-11 21:03:31,681 - Long Buy 23.00 shares at 830.0 on 2024-10-18 14:00:00+00:00
2024-11-11 21:03:31,681 - Long Buy 23.00 shares at 829.35 on 2024-10-18 14:15:00+00:00
2024-11-11 21:03:31,681 - Long Buy 22.00 shares at 830.39 on 2024-10-18 14:30:00+00:00
2024-11-11 21:03:31,681 - Long Buy 22.00 shares at 829.98 on 2024-10-18 14:45:00+00:00
2024-11-11 21:03:31,681 - Long Buy 21.00 shares at 829.93 on 2024-10-18 15:00:00+00:00
2024-11-11 21:03:31,681 - Long Buy 21.00 shares at 832.59 on 2024-10-18 15:15:00+00:00
2024-11-11 21:03:31,681 - Long Buy 20.00 shares at 834.47 on 2024-10-18 15:30:00+00:00
2024-11-11 21:03:31,681 - Long Buy 20.00 shares at 833.05 on 2024-10-18 15:45:00+00:00
2024-11-11 21:03:31,681 - Long Buy 20.00 shares at 830.87 on 2024-10-18 16:00:00+00:00
2024-11-11 21:03:31,681 - Long Buy 19.00 shares at 832.86 on 2024-10-18 16:15:00+00:00
2024-11-11 21:03:31,681 - Long Buy 19.00 shares at 832.35 on 2024-10-18 16:30:00+00:00
2024-11-11 21:03:31,682 - Long Buy 19.00 shares at 832.59 on 2024-10-18 16:45:00+00:00
2024-11-11 21:03:31,682 - Long Buy 18.00 shares at 835.13 on 2024-10-18 17:00:00+00:00
2024-11-11 21:03:31,682 - Long Buy 18.00 shares at 834.24 on 2024-10-18 17:15:00+00:00
2024-11-11 21:03:31,682 - Long Buy 17.00 shares at 835.62 on 2024-10-18 17:30:00+00:00
2024-11-11 21:03:31,682 - Long Buy 17.00 shares at 834.98 on 2024-10-18 17:45:00+00:00
2024-11-11 21:03:31,682 - Sell to close 343.00 shares at 837.9 on 2024-10-18 18:00:00+00:00 (Exit: Profit_take, Profit: 1880.6500000000733, Duration: 255.0 minutes)
2024-11-11 21:03:31,682 - Long Buy 24.00 shares at 837.24 on 2024-10-18 19:30:00+00:00
2024-11-11 21:03:31,682 - Sell to close 24.00 shares at 839.23 on 2024-10-18 19:45:00+00:00 (Exit: Signal, Profit: 47.75999999999749, Duration: 15.0 minutes)
2024-11-11 21:03:31,682 - Long Buy 24.00 shares at 835.0 on 2024-10-21 14:00:00+00:00
2024-11-11 21:03:31,682 - Long Buy 23.00 shares at 829.92 on 2024-10-21 14:15:00+00:00
2024-11-11 21:03:31,682 - Long Buy 23.00 shares at 831.12 on 2024-10-21 14:30:00+00:00
2024-11-11 21:03:31,682 - Long Buy 22.00 shares at 831.29 on 2024-10-21 14:45:00+00:00
2024-11-11 21:03:31,682 - Long Buy 22.00 shares at 830.2 on 2024-10-21 15:00:00+00:00
2024-11-11 21:03:31,682 - Long Buy 21.00 shares at 830.3 on 2024-10-21 15:15:00+00:00
2024-11-11 21:03:31,682 - Long Buy 21.00 shares at 832.17 on 2024-10-21 15:30:00+00:00
2024-11-11 21:03:31,682 - Long Buy 21.00 shares at 833.47 on 2024-10-21 15:45:00+00:00
2024-11-11 21:03:31,682 - Long Buy 20.00 shares at 832.81 on 2024-10-21 16:00:00+00:00
2024-11-11 21:03:31,682 - Long Buy 20.00 shares at 834.0 on 2024-10-21 16:15:00+00:00
2024-11-11 21:03:31,682 - Sell to close 217.00 shares at 836.34 on 2024-10-21 17:00:00+00:00 (Exit: Profit_take, Profit: 938.1400000000596, Duration: 180.0 minutes)
2024-11-11 21:03:31,682 - Long Buy 24.00 shares at 833.28 on 2024-10-21 17:30:00+00:00
2024-11-11 21:03:31,682 - Long Buy 23.00 shares at 834.12 on 2024-10-21 17:45:00+00:00
2024-11-11 21:03:31,682 - Long Buy 23.00 shares at 830.69 on 2024-10-21 18:00:00+00:00
2024-11-11 21:03:31,682 - Long Buy 22.00 shares at 830.54 on 2024-10-21 18:15:00+00:00
2024-11-11 21:03:31,682 - Long Buy 22.00 shares at 829.0 on 2024-10-21 18:30:00+00:00
2024-11-11 21:03:31,683 - Long Buy 21.00 shares at 829.93 on 2024-10-21 18:45:00+00:00
2024-11-11 21:03:31,683 - Long Buy 21.00 shares at 831.18 on 2024-10-21 19:00:00+00:00
2024-11-11 21:03:31,683 - Long Buy 21.00 shares at 830.79 on 2024-10-21 19:15:00+00:00
2024-11-11 21:03:31,683 - Long Buy 20.00 shares at 830.32 on 2024-10-21 19:30:00+00:00
2024-11-11 21:03:31,683 - Long Buy 20.00 shares at 832.46 on 2024-10-21 19:45:00+00:00
2024-11-11 21:03:31,683 - Sell to close 217.00 shares at 824.43 on 2024-10-22 13:30:00+00:00 (Exit: Stop_loss, Profit: -1483.4200000000005, Duration: 1200.0 minutes)
2024-11-11 21:03:31,683 - Short Sell 23.00 shares at 842.54 on 2024-10-23 13:30:00+00:00
2024-11-11 21:03:31,683 - Short Sell 23.00 shares at 843.12 on 2024-10-23 13:45:00+00:00
2024-11-11 21:03:31,683 - Short Sell 23.00 shares at 839.09 on 2024-10-23 14:00:00+00:00
2024-11-11 21:03:31,683 - Short Sell 23.00 shares at 844.63 on 2024-10-23 14:15:00+00:00
2024-11-11 21:03:31,683 - Short Sell 23.00 shares at 843.82 on 2024-10-23 14:30:00+00:00
2024-11-11 21:03:31,683 - Short Sell 23.00 shares at 845.53 on 2024-10-23 14:45:00+00:00
2024-11-11 21:03:31,683 - Buy to cover -138.00 shares at 842.29 on 2024-10-23 15:00:00+00:00 (Exit: Signal, Profit: 114.77000000000544, Duration: 90.0 minutes)
2024-11-11 21:03:31,683 - Long Buy 23.00 shares at 839.71 on 2024-10-23 15:15:00+00:00
2024-11-11 21:03:31,683 - Long Buy 23.00 shares at 843.54 on 2024-10-23 15:30:00+00:00
2024-11-11 21:03:31,683 - Long Buy 22.00 shares at 841.49 on 2024-10-23 15:45:00+00:00
2024-11-11 21:03:31,683 - Long Buy 22.00 shares at 837.4 on 2024-10-23 16:00:00+00:00
2024-11-11 21:03:31,683 - Long Buy 22.00 shares at 836.48 on 2024-10-23 16:15:00+00:00
2024-11-11 21:03:31,683 - Long Buy 21.00 shares at 836.11 on 2024-10-23 16:30:00+00:00
2024-11-11 21:03:31,683 - Sell to close 133.00 shares at 834.61 on 2024-10-23 16:45:00+00:00 (Exit: Stop_loss, Profit: -608.0699999999938, Duration: 90.0 minutes)
2024-11-11 21:03:31,684 - Long Buy 24.00 shares at 811.25 on 2024-10-24 13:30:00+00:00
2024-11-11 21:03:31,684 - Sell to close 24.00 shares at 831.38 on 2024-10-24 13:45:00+00:00 (Exit: Profit_take, Profit: 483.1199999999999, Duration: 15.0 minutes)
2024-11-11 21:03:31,684 - Long Buy 24.00 shares at 827.92 on 2024-10-24 14:00:00+00:00
2024-11-11 21:03:31,684 - Sell to close 24.00 shares at 819.57 on 2024-10-24 14:15:00+00:00 (Exit: Stop_loss, Profit: -200.39999999999782, Duration: 15.0 minutes)
2024-11-11 21:03:31,684 - Short Sell 24.00 shares at 826.87 on 2024-10-25 13:30:00+00:00
2024-11-11 21:03:31,684 - Short Sell 24.00 shares at 824.18 on 2024-10-25 13:45:00+00:00
2024-11-11 21:03:31,684 - Short Sell 24.00 shares at 825.32 on 2024-10-25 14:00:00+00:00
2024-11-11 21:03:31,684 - Short Sell 24.00 shares at 825.16 on 2024-10-25 14:15:00+00:00
2024-11-11 21:03:31,684 - Buy to cover -96.00 shares at 816.58 on 2024-10-25 14:30:00+00:00 (Exit: Profit_take, Profit: 845.0400000000009, Duration: 60.0 minutes)
2024-11-11 21:03:31,684 - Long Buy 24.00 shares at 816.98 on 2024-10-25 17:00:00+00:00
2024-11-11 21:03:31,684 - Long Buy 24.00 shares at 815.36 on 2024-10-25 17:15:00+00:00
2024-11-11 21:03:31,684 - Long Buy 23.00 shares at 813.12 on 2024-10-25 17:30:00+00:00
2024-11-11 21:03:31,684 - Long Buy 23.00 shares at 812.47 on 2024-10-25 17:45:00+00:00
2024-11-11 21:03:31,684 - Long Buy 22.00 shares at 810.0 on 2024-10-25 18:00:00+00:00
2024-11-11 21:03:31,684 - Long Buy 22.00 shares at 811.25 on 2024-10-25 18:15:00+00:00
2024-11-11 21:03:31,684 - Long Buy 21.00 shares at 811.96 on 2024-10-25 18:30:00+00:00
2024-11-11 21:03:31,684 - Long Buy 21.00 shares at 813.5 on 2024-10-25 18:45:00+00:00
2024-11-11 21:03:31,685 - Long Buy 21.00 shares at 812.2 on 2024-10-25 19:00:00+00:00
2024-11-11 21:03:31,685 - Long Buy 20.00 shares at 811.21 on 2024-10-25 19:15:00+00:00
2024-11-11 21:03:31,685 - Long Buy 20.00 shares at 809.04 on 2024-10-25 19:30:00+00:00
2024-11-11 21:03:31,685 - Long Buy 19.00 shares at 812.42 on 2024-10-25 19:45:00+00:00
2024-11-11 21:03:31,685 - Sell to close 260.00 shares at 817.55 on 2024-10-28 13:30:00+00:00 (Exit: Profit_take, Profit: 1298.9299999999434, Duration: 4110.0 minutes)
2024-11-11 21:03:31,685 - Short Sell 24.00 shares at 822.09 on 2024-10-28 14:15:00+00:00
2024-11-11 21:03:31,685 - Short Sell 24.00 shares at 823.94 on 2024-10-28 14:45:00+00:00
2024-11-11 21:03:31,685 - Short Sell 24.00 shares at 827.76 on 2024-10-28 15:00:00+00:00
2024-11-11 21:03:31,685 - Buy to cover -72.00 shares at 828.88 on 2024-10-28 15:15:00+00:00 (Exit: Stop_loss, Profit: -308.3999999999978, Duration: 60.0 minutes)
2024-11-11 21:03:31,685 - Long Buy 24.00 shares at 815.97 on 2024-10-29 13:30:00+00:00
2024-11-11 21:03:31,685 - Long Buy 24.00 shares at 815.58 on 2024-10-29 13:45:00+00:00
2024-11-11 21:03:31,685 - Long Buy 23.00 shares at 817.05 on 2024-10-29 14:00:00+00:00
2024-11-11 21:03:31,685 - Long Buy 23.00 shares at 818.78 on 2024-10-29 14:15:00+00:00
2024-11-11 21:03:31,685 - Long Buy 22.00 shares at 820.19 on 2024-10-29 14:30:00+00:00
2024-11-11 21:03:31,685 - Long Buy 22.00 shares at 817.69 on 2024-10-29 14:45:00+00:00
2024-11-11 21:03:31,685 - Long Buy 21.00 shares at 816.13 on 2024-10-29 15:00:00+00:00
2024-11-11 21:03:31,685 - Long Buy 21.00 shares at 814.92 on 2024-10-29 15:15:00+00:00
2024-11-11 21:03:31,685 - Long Buy 21.00 shares at 815.06 on 2024-10-29 15:30:00+00:00
2024-11-11 21:03:31,685 - Long Buy 20.00 shares at 814.5 on 2024-10-29 15:45:00+00:00
2024-11-11 21:03:31,685 - Long Buy 20.00 shares at 814.58 on 2024-10-29 16:00:00+00:00
2024-11-11 21:03:31,685 - Long Buy 19.00 shares at 813.02 on 2024-10-29 16:15:00+00:00
2024-11-11 21:03:31,686 - Sell to close 260.00 shares at 811.4 on 2024-10-29 16:30:00+00:00 (Exit: Stop_loss, Profit: -1247.9400000000032, Duration: 180.0 minutes)
2024-11-11 21:03:31,686 - Long Buy 24.00 shares at 806.34 on 2024-10-30 13:30:00+00:00
2024-11-11 21:03:31,686 - Sell to close 24.00 shares at 813.1 on 2024-10-30 13:45:00+00:00 (Exit: Profit_take, Profit: 162.23999999999978, Duration: 15.0 minutes)
2024-11-11 21:03:31,686 - Short Sell 24.00 shares at 815.21 on 2024-10-30 14:00:00+00:00
2024-11-11 21:03:31,686 - Buy to cover -24.00 shares at 810.33 on 2024-10-30 16:30:00+00:00 (Exit: Profit_take, Profit: 117.11999999999989, Duration: 150.0 minutes)
2024-11-11 21:03:31,686 - Short Sell 24.00 shares at 816.63 on 2024-10-30 17:45:00+00:00
2024-11-11 21:03:31,686 - Short Sell 24.00 shares at 820.7 on 2024-10-30 18:00:00+00:00
2024-11-11 21:03:31,686 - Short Sell 24.00 shares at 819.6 on 2024-10-30 18:15:00+00:00
2024-11-11 21:03:31,686 - Short Sell 24.00 shares at 818.51 on 2024-10-30 18:30:00+00:00
2024-11-11 21:03:31,686 - Short Sell 24.00 shares at 818.57 on 2024-10-30 18:45:00+00:00
2024-11-11 21:03:31,686 - Short Sell 24.00 shares at 819.2 on 2024-10-30 19:00:00+00:00
2024-11-11 21:03:31,686 - Short Sell 24.00 shares at 816.99 on 2024-10-30 19:15:00+00:00
2024-11-11 21:03:31,686 - Buy to cover -168.00 shares at 813.25 on 2024-10-30 19:30:00+00:00 (Exit: Profit_take, Profit: 898.8000000000229, Duration: 105.0 minutes)
2024-11-11 21:03:31,686 - Short Sell 24.00 shares at 816.3 on 2024-10-31 13:30:00+00:00
2024-11-11 21:03:31,686 - Short Sell 24.00 shares at 816.79 on 2024-10-31 13:45:00+00:00
2024-11-11 21:03:31,686 - Short Sell 24.00 shares at 814.63 on 2024-10-31 14:00:00+00:00
2024-11-11 21:03:31,687 - Buy to cover -72.00 shares at 810.1 on 2024-10-31 14:15:00+00:00 (Exit: Profit_take, Profit: 418.0799999999963, Duration: 45.0 minutes)
2024-11-11 21:03:31,687 - Long Buy 24.00 shares at 809.5 on 2024-10-31 14:30:00+00:00
2024-11-11 21:03:31,687 - Long Buy 24.00 shares at 808.26 on 2024-10-31 14:45:00+00:00
2024-11-11 21:03:31,687 - Long Buy 23.00 shares at 807.46 on 2024-10-31 15:00:00+00:00
2024-11-11 21:03:31,687 - Long Buy 23.00 shares at 807.84 on 2024-10-31 15:15:00+00:00
2024-11-11 21:03:31,687 - Long Buy 22.00 shares at 809.67 on 2024-10-31 15:30:00+00:00
2024-11-11 21:03:31,687 - Long Buy 22.00 shares at 807.92 on 2024-10-31 15:45:00+00:00
2024-11-11 21:03:31,687 - Long Buy 22.00 shares at 806.57 on 2024-10-31 16:00:00+00:00
2024-11-11 21:03:31,687 - Long Buy 21.00 shares at 807.81 on 2024-10-31 16:15:00+00:00
2024-11-11 21:03:31,687 - Sell to close 181.00 shares at 814.23 on 2024-10-31 17:30:00+00:00 (Exit: Profit_take, Profit: 1101.959999999982, Duration: 180.0 minutes)
2024-11-11 21:03:31,687 - Long Buy 24.00 shares at 808.27 on 2024-10-31 18:30:00+00:00
2024-11-11 21:03:31,687 - Long Buy 24.00 shares at 809.05 on 2024-10-31 18:45:00+00:00
2024-11-11 21:03:31,687 - Sell to close 48.00 shares at 813.64 on 2024-10-31 19:15:00+00:00 (Exit: Profit_take, Profit: 239.04000000000633, Duration: 45.0 minutes)
2024-11-11 21:03:31,687 - Short Sell 24.00 shares at 816.91 on 2024-11-01 13:30:00+00:00
2024-11-11 21:03:31,687 - Short Sell 24.00 shares at 819.7 on 2024-11-01 14:15:00+00:00
2024-11-11 21:03:31,687 - Buy to cover -48.00 shares at 811.68 on 2024-11-01 14:30:00+00:00 (Exit: Profit_take, Profit: 318.0, Duration: 60.0 minutes)
2024-11-11 21:03:31,687 - Long Buy 24.00 shares at 811.49 on 2024-11-01 14:45:00+00:00
2024-11-11 21:03:31,687 - Long Buy 24.00 shares at 811.14 on 2024-11-01 15:00:00+00:00
2024-11-11 21:03:31,687 - Long Buy 23.00 shares at 812.33 on 2024-11-01 15:15:00+00:00
2024-11-11 21:03:31,687 - Long Buy 23.00 shares at 807.47 on 2024-11-01 15:30:00+00:00
2024-11-11 21:03:31,687 - Long Buy 23.00 shares at 805.01 on 2024-11-01 15:45:00+00:00
2024-11-11 21:03:31,687 - Long Buy 22.00 shares at 804.91 on 2024-11-01 16:00:00+00:00
2024-11-11 21:03:31,688 - Sell to close 139.00 shares at 799.09 on 2024-11-01 16:15:00+00:00 (Exit: Stop_loss, Profit: -1348.2599999999993, Duration: 90.0 minutes)
2024-11-11 21:03:31,688 - Long Buy 25.00 shares at 799.44 on 2024-11-04 14:30:00+00:00
2024-11-11 21:03:31,688 - Long Buy 24.00 shares at 800.73 on 2024-11-04 14:45:00+00:00
2024-11-11 21:03:31,688 - Long Buy 24.00 shares at 798.71 on 2024-11-04 15:00:00+00:00
2024-11-11 21:03:31,688 - Long Buy 23.00 shares at 797.03 on 2024-11-04 15:15:00+00:00
2024-11-11 21:03:31,688 - Long Buy 23.00 shares at 795.52 on 2024-11-04 15:30:00+00:00
2024-11-11 21:03:31,688 - Long Buy 22.00 shares at 794.43 on 2024-11-04 15:45:00+00:00
2024-11-11 21:03:31,688 - Long Buy 22.00 shares at 794.3 on 2024-11-04 16:00:00+00:00
2024-11-11 21:03:31,688 - Sell to close 163.00 shares at 791.05 on 2024-11-04 16:15:00+00:00 (Exit: Stop_loss, Profit: -1012.1200000000053, Duration: 105.0 minutes)
2024-11-11 21:03:31,688 - Short Sell 25.00 shares at 795.65 on 2024-11-05 15:30:00+00:00
2024-11-11 21:03:31,688 - Buy to cover -25.00 shares at 794.06 on 2024-11-05 17:30:00+00:00 (Exit: Signal, Profit: 39.750000000000796, Duration: 120.0 minutes)
2024-11-11 21:03:31,688 - Long Buy 25.00 shares at 793.53 on 2024-11-05 17:45:00+00:00
2024-11-11 21:03:31,688 - Long Buy 24.00 shares at 793.51 on 2024-11-05 18:00:00+00:00
2024-11-11 21:03:31,689 - Sell to close 49.00 shares at 798.0 on 2024-11-05 20:45:00+00:00 (Exit: Profit_take, Profit: 219.51000000000056, Duration: 180.0 minutes)
2024-11-11 21:03:31,689 - Short Sell 23.00 shares at 860.01 on 2024-11-06 14:30:00+00:00
2024-11-11 21:03:31,689 - Short Sell 23.00 shares at 868.18 on 2024-11-06 14:45:00+00:00
2024-11-11 21:03:31,689 - Short Sell 23.00 shares at 864.72 on 2024-11-06 15:00:00+00:00
2024-11-11 21:03:31,689 - Buy to cover -69.00 shares at 873.49 on 2024-11-06 15:15:00+00:00 (Exit: Stop_loss, Profit: -633.880000000004, Duration: 45.0 minutes)
2024-11-11 21:03:31,689 - Long Buy 23.00 shares at 858.69 on 2024-11-07 14:30:00+00:00
2024-11-11 21:03:31,689 - Sell to close 23.00 shares at 865.37 on 2024-11-07 14:45:00+00:00 (Exit: Profit_take, Profit: 153.63999999999623, Duration: 15.0 minutes)
2024-11-11 21:03:31,689 - Long Buy 23.00 shares at 867.41 on 2024-11-07 15:00:00+00:00
2024-11-11 21:03:31,689 - Long Buy 22.00 shares at 869.74 on 2024-11-07 15:15:00+00:00
2024-11-11 21:03:31,689 - Long Buy 22.00 shares at 869.95 on 2024-11-07 15:30:00+00:00
2024-11-11 21:03:31,689 - Long Buy 21.00 shares at 867.79 on 2024-11-07 15:45:00+00:00
2024-11-11 21:03:31,689 - Long Buy 21.00 shares at 869.53 on 2024-11-07 16:00:00+00:00
2024-11-11 21:03:31,689 - Long Buy 20.00 shares at 868.24 on 2024-11-07 16:15:00+00:00
2024-11-11 21:03:31,689 - Long Buy 20.00 shares at 866.78 on 2024-11-07 16:30:00+00:00
2024-11-11 21:03:31,689 - Long Buy 20.00 shares at 864.23 on 2024-11-07 16:45:00+00:00
2024-11-11 21:03:31,689 - Long Buy 19.00 shares at 868.37 on 2024-11-07 17:00:00+00:00
2024-11-11 21:03:31,689 - Long Buy 19.00 shares at 867.88 on 2024-11-07 17:15:00+00:00
2024-11-11 21:03:31,689 - Long Buy 19.00 shares at 866.63 on 2024-11-07 17:30:00+00:00
2024-11-11 21:03:31,689 - Long Buy 18.00 shares at 871.66 on 2024-11-07 17:45:00+00:00
2024-11-11 21:03:31,689 - Long Buy 18.00 shares at 868.43 on 2024-11-07 18:00:00+00:00
2024-11-11 21:03:31,689 - Long Buy 17.00 shares at 868.47 on 2024-11-07 18:15:00+00:00
2024-11-11 21:03:31,690 - Long Buy 17.00 shares at 867.95 on 2024-11-07 18:30:00+00:00
2024-11-11 21:03:31,690 - Long Buy 17.00 shares at 868.29 on 2024-11-07 18:45:00+00:00
2024-11-11 21:03:31,690 - Long Buy 16.00 shares at 866.7 on 2024-11-07 19:00:00+00:00
2024-11-11 21:03:31,690 - Long Buy 16.00 shares at 866.59 on 2024-11-07 19:15:00+00:00
2024-11-11 21:03:31,690 - Long Buy 16.00 shares at 866.57 on 2024-11-07 19:30:00+00:00
2024-11-11 21:03:31,690 - Sell to close 361.00 shares at 871.07 on 2024-11-07 19:45:00+00:00 (Exit: Signal, Profit: 1109.7700000000114, Duration: 285.0 minutes)
2024-11-11 21:03:31,690 - Short Sell 23.00 shares at 868.57 on 2024-11-07 20:00:00+00:00
2024-11-11 21:03:31,690 - Buy to cover -23.00 shares at 862.63 on 2024-11-07 20:30:00+00:00 (Exit: Profit_take, Profit: 136.62000000000126, Duration: 30.0 minutes)
2024-11-11 21:03:31,690 - Long Buy 23.00 shares at 862.14 on 2024-11-07 20:45:00+00:00
2024-11-11 21:03:31,690 - Sell to close 23.00 shares at 873.55 on 2024-11-08 14:30:00+00:00 (Exit: Profit_take, Profit: 262.42999999999665, Duration: 1065.0 minutes)
2024-11-11 21:03:31,690 - Short Sell 23.00 shares at 870.0 on 2024-11-08 14:45:00+00:00
2024-11-11 21:03:31,690 - Short Sell 23.00 shares at 874.4 on 2024-11-08 15:30:00+00:00
2024-11-11 21:03:31,690 - Short Sell 23.00 shares at 874.48 on 2024-11-08 15:45:00+00:00
2024-11-11 21:03:31,690 - Buy to cover -69.00 shares at 876.22 on 2024-11-08 16:00:00+00:00 (Exit: Stop_loss, Profit: -224.94000000000722, Duration: 75.0 minutes)
2024-11-11 21:03:31,692 - Final statisticsStock: URI, 
total_trades: 37, 
winning_trades: 25, 
losing_trades: 12, 
average_return: 0.002817792597658621, 
average_duration: 362.02702702702703, 
final_balance: 1006908.4899999999, 
final_portfolio_value: 1006908.4899999999, 
sharpe_ratio: 3.49685017275514, 



