2024-11-11 20:47:30,214 - Starting GBMStrategy with initial capital: 1000000
2024-11-11 20:47:30,214 - Hyperparameters: {'threshold': 1.5, 'time_periods': 30, 'num_simulations': 150}
2024-11-11 20:48:50,714 - Short Sell 107.00 shares at 186.77 on 2024-10-11 14:30:00+00:00
2024-11-11 20:48:50,714 - Short Sell 106.00 shares at 186.93 on 2024-10-11 14:45:00+00:00
2024-11-11 20:48:50,714 - Short Sell 106.00 shares at 187.45 on 2024-10-11 15:00:00+00:00
2024-11-11 20:48:50,714 - Short Sell 106.00 shares at 187.01 on 2024-10-11 15:15:00+00:00
2024-11-11 20:48:50,714 - Short Sell 106.00 shares at 187.0 on 2024-10-11 15:30:00+00:00
2024-11-11 20:48:50,714 - Short Sell 106.00 shares at 187.47 on 2024-10-11 15:45:00+00:00
2024-11-11 20:48:50,714 - Short Sell 106.00 shares at 187.45 on 2024-10-11 16:00:00+00:00
2024-11-11 20:48:50,714 - Short Sell 106.00 shares at 187.59 on 2024-10-11 16:15:00+00:00
2024-11-11 20:48:50,714 - Short Sell 106.00 shares at 187.37 on 2024-10-11 16:30:00+00:00
2024-11-11 20:48:50,714 - Short Sell 106.00 shares at 187.83 on 2024-10-11 16:45:00+00:00
2024-11-11 20:48:50,714 - Short Sell 106.00 shares at 187.9 on 2024-10-11 17:00:00+00:00
2024-11-11 20:48:50,715 - Short Sell 106.00 shares at 187.88 on 2024-10-11 17:15:00+00:00
2024-11-11 20:48:50,715 - Short Sell 106.00 shares at 187.82 on 2024-10-11 17:30:00+00:00
2024-11-11 20:48:50,715 - Short Sell 106.00 shares at 187.83 on 2024-10-11 17:45:00+00:00
2024-11-11 20:48:50,715 - Short Sell 106.00 shares at 187.85 on 2024-10-11 18:00:00+00:00
2024-11-11 20:48:50,715 - Short Sell 106.00 shares at 187.63 on 2024-10-11 18:15:00+00:00
2024-11-11 20:48:50,715 - Short Sell 106.00 shares at 187.73 on 2024-10-11 18:30:00+00:00
2024-11-11 20:48:50,715 - Short Sell 106.00 shares at 188.18 on 2024-10-11 18:45:00+00:00
2024-11-11 20:48:50,715 - Short Sell 105.00 shares at 188.38 on 2024-10-11 19:00:00+00:00
2024-11-11 20:48:50,715 - Short Sell 106.00 shares at 188.28 on 2024-10-11 19:15:00+00:00
2024-11-11 20:48:50,715 - Short Sell 106.00 shares at 188.25 on 2024-10-11 19:30:00+00:00
2024-11-11 20:48:50,715 - Short Sell 106.00 shares at 188.03 on 2024-10-11 19:45:00+00:00
2024-11-11 20:48:50,715 - Short Sell 106.00 shares at 188.33 on 2024-10-14 13:30:00+00:00
2024-11-11 20:48:50,715 - Short Sell 105.00 shares at 188.47 on 2024-10-14 13:45:00+00:00
2024-11-11 20:48:50,715 - Buy to cover -2543.00 shares at 188.83 on 2024-10-14 14:00:00+00:00 (Exit: Stop_loss, Profit: -2809.1900000001124, Duration: 4290.0 minutes)
2024-11-11 20:48:50,715 - Short Sell 104.00 shares at 189.99 on 2024-10-15 13:45:00+00:00
2024-11-11 20:48:50,715 - Short Sell 105.00 shares at 189.92 on 2024-10-15 14:00:00+00:00
2024-11-11 20:48:50,715 - Short Sell 104.00 shares at 190.52 on 2024-10-15 14:15:00+00:00
2024-11-11 20:48:50,715 - Short Sell 104.00 shares at 190.28 on 2024-10-15 14:30:00+00:00
2024-11-11 20:48:50,715 - Short Sell 104.00 shares at 190.19 on 2024-10-15 14:45:00+00:00
2024-11-11 20:48:50,715 - Short Sell 104.00 shares at 190.53 on 2024-10-15 15:00:00+00:00
2024-11-11 20:48:50,715 - Short Sell 104.00 shares at 190.37 on 2024-10-15 15:15:00+00:00
2024-11-11 20:48:50,715 - Short Sell 104.00 shares at 190.44 on 2024-10-15 15:30:00+00:00
2024-11-11 20:48:50,715 - Short Sell 104.00 shares at 190.02 on 2024-10-15 15:45:00+00:00
2024-11-11 20:48:50,716 - Short Sell 104.00 shares at 190.67 on 2024-10-15 16:00:00+00:00
2024-11-11 20:48:50,716 - Short Sell 104.00 shares at 190.56 on 2024-10-15 16:15:00+00:00
2024-11-11 20:48:50,716 - Buy to cover -1145.00 shares at 189.9 on 2024-10-15 16:30:00+00:00 (Exit: Signal, Profit: 477.3800000000041, Duration: 165.0 minutes)
2024-11-11 20:48:50,716 - Long Buy 105.00 shares at 189.63 on 2024-10-15 16:45:00+00:00
2024-11-11 20:48:50,716 - Long Buy 103.00 shares at 189.25 on 2024-10-15 17:00:00+00:00
2024-11-11 20:48:50,716 - Long Buy 101.00 shares at 189.03 on 2024-10-15 17:15:00+00:00
2024-11-11 20:48:50,716 - Long Buy 99.00 shares at 188.95 on 2024-10-15 17:30:00+00:00
2024-11-11 20:48:50,716 - Long Buy 97.00 shares at 188.9 on 2024-10-15 17:45:00+00:00
2024-11-11 20:48:50,716 - Long Buy 95.00 shares at 188.7 on 2024-10-15 18:00:00+00:00
2024-11-11 20:48:50,716 - Long Buy 93.00 shares at 188.74 on 2024-10-15 18:15:00+00:00
2024-11-11 20:48:50,716 - Long Buy 91.00 shares at 188.56 on 2024-10-15 18:30:00+00:00
2024-11-11 20:48:50,716 - Long Buy 90.00 shares at 188.61 on 2024-10-15 18:45:00+00:00
2024-11-11 20:48:50,716 - Long Buy 88.00 shares at 188.44 on 2024-10-15 19:00:00+00:00
2024-11-11 20:48:50,716 - Long Buy 86.00 shares at 188.06 on 2024-10-15 19:15:00+00:00
2024-11-11 20:48:50,716 - Long Buy 84.00 shares at 188.21 on 2024-10-15 19:30:00+00:00
2024-11-11 20:48:50,716 - Long Buy 83.00 shares at 188.02 on 2024-10-15 19:45:00+00:00
2024-11-11 20:48:50,716 - Long Buy 81.00 shares at 188.49 on 2024-10-16 13:30:00+00:00
2024-11-11 20:48:50,716 - Long Buy 80.00 shares at 188.25 on 2024-10-16 13:45:00+00:00
2024-11-11 20:48:50,716 - Long Buy 78.00 shares at 187.92 on 2024-10-16 14:00:00+00:00
2024-11-11 20:48:50,716 - Long Buy 76.00 shares at 188.3 on 2024-10-16 14:15:00+00:00
2024-11-11 20:48:50,717 - Long Buy 75.00 shares at 187.99 on 2024-10-16 14:30:00+00:00
2024-11-11 20:48:50,717 - Sell to close 1605.00 shares at 187.67 on 2024-10-16 14:45:00+00:00 (Exit: Stop_loss, Profit: -1494.7899999999909, Duration: 1320.0 minutes)
2024-11-11 20:48:50,717 - Long Buy 107.00 shares at 185.96 on 2024-10-17 13:45:00+00:00
2024-11-11 20:48:50,717 - Long Buy 104.00 shares at 186.17 on 2024-10-17 14:30:00+00:00
2024-11-11 20:48:50,717 - Long Buy 102.00 shares at 185.91 on 2024-10-17 14:45:00+00:00
2024-11-11 20:48:50,717 - Long Buy 101.00 shares at 185.5 on 2024-10-17 15:00:00+00:00
2024-11-11 20:48:50,717 - Long Buy 99.00 shares at 185.69 on 2024-10-17 15:15:00+00:00
2024-11-11 20:48:50,717 - Long Buy 97.00 shares at 185.56 on 2024-10-17 15:30:00+00:00
2024-11-11 20:48:50,717 - Long Buy 95.00 shares at 185.71 on 2024-10-17 15:45:00+00:00
2024-11-11 20:48:50,717 - Long Buy 93.00 shares at 185.49 on 2024-10-17 16:00:00+00:00
2024-11-11 20:48:50,717 - Long Buy 91.00 shares at 185.39 on 2024-10-17 16:15:00+00:00
2024-11-11 20:48:50,717 - Long Buy 89.00 shares at 184.97 on 2024-10-17 16:30:00+00:00
2024-11-11 20:48:50,717 - Long Buy 88.00 shares at 184.93 on 2024-10-17 16:45:00+00:00
2024-11-11 20:48:50,717 - Long Buy 86.00 shares at 184.91 on 2024-10-17 17:00:00+00:00
2024-11-11 20:48:50,717 - Sell to close 1152.00 shares at 184.71 on 2024-10-17 17:15:00+00:00 (Exit: Stop_loss, Profit: -956.369999999959, Duration: 210.0 minutes)
2024-11-11 20:48:50,717 - Short Sell 106.00 shares at 186.55 on 2024-10-18 13:30:00+00:00
2024-11-11 20:48:50,717 - Short Sell 106.00 shares at 186.28 on 2024-10-18 13:45:00+00:00
2024-11-11 20:48:50,717 - Short Sell 106.00 shares at 187.07 on 2024-10-18 14:00:00+00:00
2024-11-11 20:48:50,717 - Short Sell 106.00 shares at 187.05 on 2024-10-18 14:15:00+00:00
2024-11-11 20:48:50,717 - Short Sell 106.00 shares at 187.16 on 2024-10-18 14:30:00+00:00
2024-11-11 20:48:50,717 - Short Sell 106.00 shares at 187.51 on 2024-10-18 14:45:00+00:00
2024-11-11 20:48:50,717 - Short Sell 105.00 shares at 187.87 on 2024-10-18 15:00:00+00:00
2024-11-11 20:48:50,718 - Short Sell 106.00 shares at 187.45 on 2024-10-18 15:15:00+00:00
2024-11-11 20:48:50,718 - Short Sell 106.00 shares at 187.29 on 2024-10-18 15:30:00+00:00
2024-11-11 20:48:50,718 - Short Sell 106.00 shares at 187.34 on 2024-10-18 15:45:00+00:00
2024-11-11 20:48:50,718 - Short Sell 106.00 shares at 187.49 on 2024-10-18 16:00:00+00:00
2024-11-11 20:48:50,718 - Short Sell 106.00 shares at 187.63 on 2024-10-18 16:15:00+00:00
2024-11-11 20:48:50,718 - Short Sell 105.00 shares at 187.78 on 2024-10-18 16:30:00+00:00
2024-11-11 20:48:50,718 - Short Sell 106.00 shares at 187.64 on 2024-10-18 16:45:00+00:00
2024-11-11 20:48:50,718 - Short Sell 105.00 shares at 188.1 on 2024-10-18 17:00:00+00:00
2024-11-11 20:48:50,718 - Short Sell 105.00 shares at 187.81 on 2024-10-18 17:15:00+00:00
2024-11-11 20:48:50,718 - Short Sell 106.00 shares at 187.49 on 2024-10-18 17:30:00+00:00
2024-11-11 20:48:50,718 - Short Sell 106.00 shares at 187.13 on 2024-10-18 17:45:00+00:00
2024-11-11 20:48:50,718 - Short Sell 106.00 shares at 187.42 on 2024-10-18 18:00:00+00:00
2024-11-11 20:48:50,718 - Short Sell 105.00 shares at 187.69 on 2024-10-18 18:15:00+00:00
2024-11-11 20:48:50,718 - Short Sell 106.00 shares at 187.66 on 2024-10-18 18:30:00+00:00
2024-11-11 20:48:50,718 - Short Sell 105.00 shares at 187.72 on 2024-10-18 18:45:00+00:00
2024-11-11 20:48:50,718 - Short Sell 106.00 shares at 187.4 on 2024-10-18 19:00:00+00:00
2024-11-11 20:48:50,718 - Short Sell 106.00 shares at 187.34 on 2024-10-18 19:15:00+00:00
2024-11-11 20:48:50,718 - Short Sell 106.00 shares at 187.38 on 2024-10-18 19:30:00+00:00
2024-11-11 20:48:50,718 - Short Sell 105.00 shares at 187.67 on 2024-10-18 19:45:00+00:00
2024-11-11 20:48:50,718 - Buy to cover -2749.00 shares at 186.86 on 2024-10-21 13:45:00+00:00 (Exit: Signal, Profit: 1536.739999999959, Duration: 4335.0 minutes)
2024-11-11 20:48:50,718 - Long Buy 106.00 shares at 186.98 on 2024-10-21 14:00:00+00:00
2024-11-11 20:48:50,718 - Long Buy 104.00 shares at 186.7 on 2024-10-21 14:30:00+00:00
2024-11-11 20:48:50,718 - Long Buy 102.00 shares at 186.08 on 2024-10-21 14:45:00+00:00
2024-11-11 20:48:50,718 - Long Buy 100.00 shares at 185.97 on 2024-10-21 15:00:00+00:00
2024-11-11 20:48:50,718 - Long Buy 99.00 shares at 185.53 on 2024-10-21 15:15:00+00:00
2024-11-11 20:48:50,718 - Long Buy 96.00 shares at 185.9 on 2024-10-21 15:30:00+00:00
2024-11-11 20:48:50,718 - Long Buy 94.00 shares at 186.09 on 2024-10-21 15:45:00+00:00
2024-11-11 20:48:50,718 - Long Buy 92.00 shares at 186.47 on 2024-10-21 16:00:00+00:00
2024-11-11 20:48:50,718 - Long Buy 91.00 shares at 186.54 on 2024-10-21 16:15:00+00:00
2024-11-11 20:48:50,718 - Long Buy 89.00 shares at 186.42 on 2024-10-21 16:30:00+00:00
2024-11-11 20:48:50,718 - Long Buy 87.00 shares at 186.62 on 2024-10-21 16:45:00+00:00
2024-11-11 20:48:50,719 - Long Buy 85.00 shares at 186.91 on 2024-10-21 17:00:00+00:00
2024-11-11 20:48:50,719 - Long Buy 84.00 shares at 186.48 on 2024-10-21 17:15:00+00:00
2024-11-11 20:48:50,719 - Long Buy 82.00 shares at 186.57 on 2024-10-21 17:30:00+00:00
2024-11-11 20:48:50,719 - Long Buy 80.00 shares at 186.49 on 2024-10-21 17:45:00+00:00
2024-11-11 20:48:50,719 - Long Buy 79.00 shares at 186.65 on 2024-10-21 18:00:00+00:00
2024-11-11 20:48:50,719 - Long Buy 77.00 shares at 186.58 on 2024-10-21 18:15:00+00:00
2024-11-11 20:48:50,719 - Long Buy 75.00 shares at 186.63 on 2024-10-21 18:30:00+00:00
2024-11-11 20:48:50,719 - Long Buy 74.00 shares at 186.72 on 2024-10-21 18:45:00+00:00
2024-11-11 20:48:50,719 - Long Buy 72.00 shares at 186.81 on 2024-10-21 19:00:00+00:00
2024-11-11 20:48:50,719 - Long Buy 71.00 shares at 186.74 on 2024-10-21 19:15:00+00:00
2024-11-11 20:48:50,719 - Long Buy 70.00 shares at 186.0 on 2024-10-22 13:30:00+00:00
2024-11-11 20:48:50,719 - Long Buy 69.00 shares at 185.61 on 2024-10-22 13:45:00+00:00
2024-11-11 20:48:50,719 - Sell to close 1978.00 shares at 185.71 on 2024-10-22 14:00:00+00:00 (Exit: Signal, Profit: -1375.5899999999572, Duration: 1440.0 minutes)
2024-11-11 20:48:50,719 - Short Sell 106.00 shares at 186.13 on 2024-10-22 14:15:00+00:00
2024-11-11 20:48:50,719 - Short Sell 107.00 shares at 185.91 on 2024-10-22 14:30:00+00:00
2024-11-11 20:48:50,719 - Short Sell 107.00 shares at 185.98 on 2024-10-22 14:45:00+00:00
2024-11-11 20:48:50,719 - Short Sell 106.00 shares at 186.07 on 2024-10-22 15:00:00+00:00
2024-11-11 20:48:50,719 - Short Sell 106.00 shares at 186.34 on 2024-10-22 15:15:00+00:00
2024-11-11 20:48:50,719 - Short Sell 107.00 shares at 185.86 on 2024-10-22 15:30:00+00:00
2024-11-11 20:48:50,719 - Short Sell 107.00 shares at 185.87 on 2024-10-22 15:45:00+00:00
2024-11-11 20:48:50,719 - Short Sell 106.00 shares at 186.07 on 2024-10-22 16:15:00+00:00
2024-11-11 20:48:50,719 - Short Sell 106.00 shares at 186.13 on 2024-10-22 17:15:00+00:00
2024-11-11 20:48:50,719 - Short Sell 106.00 shares at 186.35 on 2024-10-22 17:30:00+00:00
2024-11-11 20:48:50,719 - Short Sell 106.00 shares at 186.36 on 2024-10-22 17:45:00+00:00
2024-11-11 20:48:50,719 - Short Sell 106.00 shares at 186.24 on 2024-10-22 18:00:00+00:00
2024-11-11 20:48:50,719 - Short Sell 106.00 shares at 186.25 on 2024-10-22 18:15:00+00:00
2024-11-11 20:48:50,719 - Short Sell 106.00 shares at 186.12 on 2024-10-22 18:30:00+00:00
2024-11-11 20:48:50,719 - Short Sell 106.00 shares at 186.25 on 2024-10-22 18:45:00+00:00
2024-11-11 20:48:50,719 - Short Sell 106.00 shares at 186.78 on 2024-10-22 19:00:00+00:00
2024-11-11 20:48:50,719 - Short Sell 106.00 shares at 186.74 on 2024-10-22 19:15:00+00:00
2024-11-11 20:48:50,719 - Short Sell 106.00 shares at 186.95 on 2024-10-22 19:30:00+00:00
2024-11-11 20:48:50,720 - Short Sell 106.00 shares at 186.9 on 2024-10-22 19:45:00+00:00
2024-11-11 20:48:50,720 - Short Sell 106.00 shares at 186.23 on 2024-10-23 13:30:00+00:00
2024-11-11 20:48:50,720 - Short Sell 106.00 shares at 186.22 on 2024-10-23 13:45:00+00:00
2024-11-11 20:48:50,720 - Short Sell 106.00 shares at 186.75 on 2024-10-23 14:00:00+00:00
2024-11-11 20:48:50,720 - Short Sell 106.00 shares at 186.53 on 2024-10-23 14:15:00+00:00
2024-11-11 20:48:50,720 - Short Sell 106.00 shares at 186.45 on 2024-10-23 14:30:00+00:00
2024-11-11 20:48:50,720 - Short Sell 106.00 shares at 186.45 on 2024-10-23 14:45:00+00:00
2024-11-11 20:48:50,720 - Buy to cover -2654.00 shares at 185.94 on 2024-10-23 15:00:00+00:00 (Exit: Signal, Profit: 999.4400000000403, Duration: 1485.0 minutes)
2024-11-11 20:48:50,720 - Long Buy 107.00 shares at 186.04 on 2024-10-23 15:15:00+00:00
2024-11-11 20:48:50,720 - Sell to close 107.00 shares at 186.99 on 2024-10-23 15:30:00+00:00 (Exit: Profit_take, Profit: 101.65000000000182, Duration: 15.0 minutes)
2024-11-11 20:48:50,720 - Short Sell 106.00 shares at 187.09 on 2024-10-23 15:45:00+00:00
2024-11-11 20:48:50,720 - Short Sell 106.00 shares at 186.77 on 2024-10-23 16:00:00+00:00
2024-11-11 20:48:50,720 - Short Sell 106.00 shares at 186.77 on 2024-10-23 16:15:00+00:00
2024-11-11 20:48:50,720 - Buy to cover -318.00 shares at 186.09 on 2024-10-23 17:00:00+00:00 (Exit: Signal, Profit: 250.16000000000747, Duration: 75.0 minutes)
2024-11-11 20:48:50,720 - Long Buy 107.00 shares at 186.15 on 2024-10-23 17:15:00+00:00
2024-11-11 20:48:50,720 - Long Buy 104.00 shares at 186.15 on 2024-10-23 17:30:00+00:00
2024-11-11 20:48:50,720 - Long Buy 103.00 shares at 185.9 on 2024-10-23 18:00:00+00:00
2024-11-11 20:48:50,720 - Long Buy 100.00 shares at 186.1 on 2024-10-23 18:15:00+00:00
2024-11-11 20:48:50,720 - Long Buy 98.00 shares at 186.03 on 2024-10-23 19:00:00+00:00
2024-11-11 20:48:50,720 - Long Buy 96.00 shares at 185.88 on 2024-10-23 19:15:00+00:00
2024-11-11 20:48:50,720 - Long Buy 95.00 shares at 185.91 on 2024-10-23 19:30:00+00:00
2024-11-11 20:48:50,720 - Long Buy 93.00 shares at 185.86 on 2024-10-23 19:45:00+00:00
2024-11-11 20:48:50,720 - Long Buy 91.00 shares at 185.75 on 2024-10-24 13:30:00+00:00
2024-11-11 20:48:50,720 - Long Buy 89.00 shares at 185.62 on 2024-10-24 15:15:00+00:00
2024-11-11 20:48:50,720 - Long Buy 87.00 shares at 185.46 on 2024-10-24 15:30:00+00:00
2024-11-11 20:48:50,721 - Long Buy 85.00 shares at 185.98 on 2024-10-24 15:45:00+00:00
2024-11-11 20:48:50,721 - Long Buy 84.00 shares at 185.62 on 2024-10-24 16:00:00+00:00
2024-11-11 20:48:50,721 - Long Buy 82.00 shares at 185.74 on 2024-10-24 16:15:00+00:00
2024-11-11 20:48:50,721 - Long Buy 81.00 shares at 185.7 on 2024-10-24 16:30:00+00:00
2024-11-11 20:48:50,721 - Sell to close 1395.00 shares at 186.17 on 2024-10-24 16:45:00+00:00 (Exit: Signal, Profit: 418.7399999999918, Duration: 1410.0 minutes)
2024-11-11 20:48:50,721 - Long Buy 107.00 shares at 185.61 on 2024-10-24 18:30:00+00:00
2024-11-11 20:48:50,721 - Long Buy 105.00 shares at 185.5 on 2024-10-24 19:00:00+00:00
2024-11-11 20:48:50,721 - Long Buy 103.00 shares at 185.34 on 2024-10-24 19:15:00+00:00
2024-11-11 20:48:50,721 - Long Buy 101.00 shares at 185.48 on 2024-10-24 19:30:00+00:00
2024-11-11 20:48:50,721 - Long Buy 99.00 shares at 185.13 on 2024-10-24 19:45:00+00:00
2024-11-11 20:48:50,721 - Sell to close 515.00 shares at 189.27 on 2024-10-25 13:30:00+00:00 (Exit: Profit_take, Profit: 1984.9100000000003, Duration: 1140.0 minutes)
2024-11-11 20:48:50,721 - Short Sell 105.00 shares at 189.53 on 2024-10-25 13:45:00+00:00
2024-11-11 20:48:50,721 - Short Sell 105.00 shares at 189.19 on 2024-10-25 14:00:00+00:00
2024-11-11 20:48:50,721 - Buy to cover -210.00 shares at 187.66 on 2024-10-25 14:15:00+00:00 (Exit: Profit_take, Profit: 357.0000000000036, Duration: 30.0 minutes)
2024-11-11 20:48:50,721 - Short Sell 106.00 shares at 187.52 on 2024-10-25 14:30:00+00:00
2024-11-11 20:48:50,721 - Buy to cover -106.00 shares at 185.68 on 2024-10-25 14:45:00+00:00 (Exit: Profit_take, Profit: 195.04000000000337, Duration: 15.0 minutes)
2024-11-11 20:48:50,721 - Short Sell 107.00 shares at 186.49 on 2024-10-25 15:00:00+00:00
2024-11-11 20:48:50,721 - Short Sell 107.00 shares at 186.44 on 2024-10-25 15:30:00+00:00
2024-11-11 20:48:50,721 - Short Sell 107.00 shares at 186.51 on 2024-10-25 15:45:00+00:00
2024-11-11 20:48:50,721 - Buy to cover -321.00 shares at 185.48 on 2024-10-25 16:45:00+00:00 (Exit: Profit_take, Profit: 321.0, Duration: 105.0 minutes)
2024-11-11 20:48:50,721 - Long Buy 107.00 shares at 185.31 on 2024-10-25 17:00:00+00:00
2024-11-11 20:48:50,721 - Long Buy 106.00 shares at 184.58 on 2024-10-25 17:15:00+00:00
2024-11-11 20:48:50,722 - Long Buy 104.00 shares at 184.19 on 2024-10-25 17:30:00+00:00
2024-11-11 20:48:50,722 - Long Buy 102.00 shares at 183.73 on 2024-10-25 17:45:00+00:00
2024-11-11 20:48:50,722 - Sell to close 419.00 shares at 182.98 on 2024-10-25 18:00:00+00:00 (Exit: Stop_loss, Profit: -621.2499999999969, Duration: 60.0 minutes)
2024-11-11 20:48:50,722 - Long Buy 108.00 shares at 183.5 on 2024-10-28 13:30:00+00:00
2024-11-11 20:48:50,722 - Long Buy 106.00 shares at 183.11 on 2024-10-28 13:45:00+00:00
2024-11-11 20:48:50,722 - Long Buy 105.00 shares at 182.86 on 2024-10-28 14:00:00+00:00
2024-11-11 20:48:50,722 - Long Buy 103.00 shares at 182.28 on 2024-10-28 14:15:00+00:00
2024-11-11 20:48:50,722 - Long Buy 101.00 shares at 182.38 on 2024-10-28 14:30:00+00:00
2024-11-11 20:48:50,722 - Sell to close 523.00 shares at 181.62 on 2024-10-28 14:45:00+00:00 (Exit: Stop_loss, Profit: -635.9199999999987, Duration: 75.0 minutes)
2024-11-11 20:48:50,722 - Long Buy 111.00 shares at 178.95 on 2024-10-29 13:30:00+00:00
2024-11-11 20:48:50,722 - Long Buy 109.00 shares at 178.88 on 2024-10-29 13:45:00+00:00
2024-11-11 20:48:50,722 - Long Buy 107.00 shares at 178.87 on 2024-10-29 14:00:00+00:00
2024-11-11 20:48:50,722 - Long Buy 105.00 shares at 178.42 on 2024-10-29 14:15:00+00:00
2024-11-11 20:48:50,722 - Long Buy 103.00 shares at 178.69 on 2024-10-29 14:30:00+00:00
2024-11-11 20:48:50,722 - Long Buy 100.00 shares at 179.07 on 2024-10-29 14:45:00+00:00
2024-11-11 20:48:50,722 - Long Buy 98.00 shares at 178.89 on 2024-10-29 15:00:00+00:00
2024-11-11 20:48:50,722 - Long Buy 96.00 shares at 179.0 on 2024-10-29 15:15:00+00:00
2024-11-11 20:48:50,722 - Long Buy 94.00 shares at 179.22 on 2024-10-29 15:30:00+00:00
2024-11-11 20:48:50,722 - Long Buy 92.00 shares at 179.48 on 2024-10-29 15:45:00+00:00
2024-11-11 20:48:50,722 - Sell to close 1015.00 shares at 179.93 on 2024-10-29 16:00:00+00:00 (Exit: Profit_take, Profit: 1008.260000000007, Duration: 150.0 minutes)
2024-11-11 20:48:50,723 - Long Buy 111.00 shares at 179.27 on 2024-10-29 17:15:00+00:00
2024-11-11 20:48:50,723 - Long Buy 109.00 shares at 179.29 on 2024-10-29 17:30:00+00:00
2024-11-11 20:48:50,723 - Long Buy 107.00 shares at 179.23 on 2024-10-29 17:45:00+00:00
2024-11-11 20:48:50,723 - Long Buy 105.00 shares at 179.19 on 2024-10-29 18:00:00+00:00
2024-11-11 20:48:50,723 - Long Buy 102.00 shares at 179.28 on 2024-10-29 18:15:00+00:00
2024-11-11 20:48:50,723 - Long Buy 100.00 shares at 179.29 on 2024-10-29 18:30:00+00:00
2024-11-11 20:48:50,723 - Long Buy 98.00 shares at 179.05 on 2024-10-29 18:45:00+00:00
2024-11-11 20:48:50,723 - Long Buy 97.00 shares at 178.69 on 2024-10-29 19:45:00+00:00
2024-11-11 20:48:50,723 - Long Buy 95.00 shares at 178.43 on 2024-10-30 13:30:00+00:00
2024-11-11 20:48:50,723 - Long Buy 93.00 shares at 178.34 on 2024-10-30 14:00:00+00:00
2024-11-11 20:48:50,723 - Long Buy 91.00 shares at 178.49 on 2024-10-30 14:15:00+00:00
2024-11-11 20:48:50,723 - Long Buy 90.00 shares at 177.87 on 2024-10-30 14:30:00+00:00
2024-11-11 20:48:50,723 - Long Buy 88.00 shares at 177.8 on 2024-10-30 14:45:00+00:00
2024-11-11 20:48:50,723 - Long Buy 86.00 shares at 177.62 on 2024-10-30 15:00:00+00:00
2024-11-11 20:48:50,723 - Sell to close 1372.00 shares at 177.4 on 2024-10-30 15:15:00+00:00 (Exit: Stop_loss, Profit: -1845.8099999999918, Duration: 1320.0 minutes)
2024-11-11 20:48:50,723 - Short Sell 111.00 shares at 178.45 on 2024-10-31 13:30:00+00:00
2024-11-11 20:48:50,723 - Short Sell 111.00 shares at 178.64 on 2024-10-31 13:45:00+00:00
2024-11-11 20:48:50,723 - Short Sell 112.00 shares at 178.02 on 2024-10-31 14:00:00+00:00
2024-11-11 20:48:50,723 - Buy to cover -334.00 shares at 177.43 on 2024-10-31 14:15:00+00:00 (Exit: Profit_take, Profit: 313.6099999999925, Duration: 45.0 minutes)
2024-11-11 20:48:50,723 - Long Buy 112.00 shares at 176.7 on 2024-10-31 16:00:00+00:00
2024-11-11 20:48:50,723 - Long Buy 110.00 shares at 176.7 on 2024-10-31 16:30:00+00:00
2024-11-11 20:48:50,724 - Sell to close 222.00 shares at 177.85 on 2024-11-01 14:15:00+00:00 (Exit: Profit_take, Profit: 255.30000000000757, Duration: 1335.0 minutes)
2024-11-11 20:48:50,724 - Long Buy 112.00 shares at 177.3 on 2024-11-01 14:30:00+00:00
2024-11-11 20:48:50,724 - Long Buy 110.00 shares at 177.41 on 2024-11-01 14:45:00+00:00
2024-11-11 20:48:50,724 - Long Buy 108.00 shares at 177.58 on 2024-11-01 15:00:00+00:00
2024-11-11 20:48:50,724 - Long Buy 106.00 shares at 176.68 on 2024-11-01 15:15:00+00:00
2024-11-11 20:48:50,724 - Long Buy 104.00 shares at 176.65 on 2024-11-01 15:30:00+00:00
2024-11-11 20:48:50,724 - Long Buy 102.00 shares at 176.41 on 2024-11-01 15:45:00+00:00
2024-11-11 20:48:50,724 - Long Buy 100.00 shares at 176.34 on 2024-11-01 16:00:00+00:00
2024-11-11 20:48:50,724 - Long Buy 98.00 shares at 176.9 on 2024-11-01 16:15:00+00:00
2024-11-11 20:48:50,724 - Long Buy 96.00 shares at 176.53 on 2024-11-01 16:30:00+00:00
2024-11-11 20:48:50,724 - Long Buy 94.00 shares at 176.05 on 2024-11-01 16:45:00+00:00
2024-11-11 20:48:50,724 - Long Buy 92.00 shares at 176.45 on 2024-11-01 17:00:00+00:00
2024-11-11 20:48:50,724 - Long Buy 90.00 shares at 176.59 on 2024-11-01 17:15:00+00:00
2024-11-11 20:48:50,724 - Long Buy 89.00 shares at 176.03 on 2024-11-01 17:30:00+00:00
2024-11-11 20:48:50,724 - Sell to close 1301.00 shares at 175.72 on 2024-11-01 17:45:00+00:00 (Exit: Stop_loss, Profit: -1292.0700000000534, Duration: 195.0 minutes)
2024-11-11 20:48:50,724 - Long Buy 112.00 shares at 176.88 on 2024-11-04 14:30:00+00:00
2024-11-11 20:48:50,724 - Long Buy 110.00 shares at 176.87 on 2024-11-04 15:15:00+00:00
2024-11-11 20:48:50,724 - Long Buy 108.00 shares at 176.86 on 2024-11-04 15:30:00+00:00
2024-11-11 20:48:50,724 - Long Buy 106.00 shares at 176.88 on 2024-11-04 15:45:00+00:00
2024-11-11 20:48:50,724 - Long Buy 104.00 shares at 176.53 on 2024-11-04 16:00:00+00:00
2024-11-11 20:48:50,724 - Long Buy 102.00 shares at 176.49 on 2024-11-04 16:15:00+00:00
2024-11-11 20:48:50,724 - Long Buy 100.00 shares at 176.0 on 2024-11-04 16:30:00+00:00
2024-11-11 20:48:50,724 - Long Buy 98.00 shares at 176.28 on 2024-11-04 16:45:00+00:00
2024-11-11 20:48:50,725 - Sell to close 840.00 shares at 176.76 on 2024-11-04 17:45:00+00:00 (Exit: Signal, Profit: 125.44000000001006, Duration: 195.0 minutes)
2024-11-11 20:48:50,725 - Short Sell 112.00 shares at 177.09 on 2024-11-04 18:15:00+00:00
2024-11-11 20:48:50,725 - Short Sell 112.00 shares at 177.15 on 2024-11-04 18:30:00+00:00
2024-11-11 20:48:50,725 - Short Sell 112.00 shares at 177.27 on 2024-11-04 18:45:00+00:00
2024-11-11 20:48:50,725 - Short Sell 112.00 shares at 177.42 on 2024-11-04 19:00:00+00:00
2024-11-11 20:48:50,725 - Short Sell 112.00 shares at 177.32 on 2024-11-04 19:15:00+00:00
2024-11-11 20:48:50,725 - Short Sell 112.00 shares at 177.63 on 2024-11-04 19:30:00+00:00
2024-11-11 20:48:50,725 - Short Sell 112.00 shares at 177.67 on 2024-11-04 19:45:00+00:00
2024-11-11 20:48:50,725 - Short Sell 112.00 shares at 177.3 on 2024-11-04 20:00:00+00:00
2024-11-11 20:48:50,725 - Short Sell 112.00 shares at 177.39 on 2024-11-04 20:15:00+00:00
2024-11-11 20:48:50,725 - Short Sell 112.00 shares at 177.27 on 2024-11-04 20:30:00+00:00
2024-11-11 20:48:50,725 - Short Sell 112.00 shares at 177.86 on 2024-11-04 20:45:00+00:00
2024-11-11 20:48:50,725 - Short Sell 112.00 shares at 177.87 on 2024-11-05 14:30:00+00:00
2024-11-11 20:48:50,725 - Short Sell 111.00 shares at 178.04 on 2024-11-05 14:45:00+00:00
2024-11-11 20:48:50,725 - Short Sell 111.00 shares at 178.46 on 2024-11-05 15:00:00+00:00
2024-11-11 20:48:50,725 - Short Sell 111.00 shares at 178.5 on 2024-11-05 15:15:00+00:00
2024-11-11 20:48:50,725 - Short Sell 111.00 shares at 178.55 on 2024-11-05 15:30:00+00:00
2024-11-11 20:48:50,725 - Short Sell 111.00 shares at 178.43 on 2024-11-05 15:45:00+00:00
2024-11-11 20:48:50,725 - Short Sell 111.00 shares at 178.43 on 2024-11-05 16:00:00+00:00
2024-11-11 20:48:50,725 - Short Sell 111.00 shares at 178.06 on 2024-11-05 16:15:00+00:00
2024-11-11 20:48:50,725 - Short Sell 111.00 shares at 178.46 on 2024-11-05 16:30:00+00:00
2024-11-11 20:48:50,725 - Short Sell 111.00 shares at 178.65 on 2024-11-05 16:45:00+00:00
2024-11-11 20:48:50,725 - Short Sell 111.00 shares at 178.66 on 2024-11-05 17:00:00+00:00
2024-11-11 20:48:50,725 - Buy to cover -2454.00 shares at 179.14 on 2024-11-05 17:15:00+00:00 (Exit: Stop_loss, Profit: -3084.0399999999217, Duration: 1380.0 minutes)
2024-11-11 20:48:50,725 - Short Sell 108.00 shares at 183.99 on 2024-11-06 14:30:00+00:00
2024-11-11 20:48:50,725 - Buy to cover -108.00 shares at 182.68 on 2024-11-06 14:45:00+00:00 (Exit: Profit_take, Profit: 141.48000000000025, Duration: 15.0 minutes)
2024-11-11 20:48:50,726 - Short Sell 107.00 shares at 184.18 on 2024-11-06 15:00:00+00:00
2024-11-11 20:48:50,726 - Short Sell 108.00 shares at 183.7 on 2024-11-06 15:15:00+00:00
2024-11-11 20:48:50,726 - Short Sell 107.00 shares at 184.28 on 2024-11-06 15:30:00+00:00
2024-11-11 20:48:50,726 - Short Sell 108.00 shares at 183.65 on 2024-11-06 15:45:00+00:00
2024-11-11 20:48:50,726 - Short Sell 108.00 shares at 184.04 on 2024-11-06 16:00:00+00:00
2024-11-11 20:48:50,726 - Short Sell 107.00 shares at 184.43 on 2024-11-06 16:15:00+00:00
2024-11-11 20:48:50,726 - Short Sell 108.00 shares at 183.82 on 2024-11-06 16:30:00+00:00
2024-11-11 20:48:50,726 - Short Sell 108.00 shares at 183.95 on 2024-11-06 16:45:00+00:00
2024-11-11 20:48:50,726 - Short Sell 108.00 shares at 184.06 on 2024-11-06 17:00:00+00:00
2024-11-11 20:48:50,726 - Short Sell 108.00 shares at 183.77 on 2024-11-06 17:15:00+00:00
2024-11-11 20:48:50,726 - Short Sell 108.00 shares at 183.85 on 2024-11-06 17:30:00+00:00
2024-11-11 20:48:50,726 - Short Sell 107.00 shares at 184.32 on 2024-11-06 17:45:00+00:00
2024-11-11 20:48:50,726 - Short Sell 107.00 shares at 184.13 on 2024-11-06 18:00:00+00:00
2024-11-11 20:48:50,726 - Short Sell 107.00 shares at 184.68 on 2024-11-06 18:15:00+00:00
2024-11-11 20:48:50,726 - Short Sell 107.00 shares at 184.94 on 2024-11-06 18:30:00+00:00
2024-11-11 20:48:50,726 - Short Sell 107.00 shares at 185.39 on 2024-11-06 18:45:00+00:00
2024-11-11 20:48:50,726 - Short Sell 107.00 shares at 185.02 on 2024-11-06 19:00:00+00:00
2024-11-11 20:48:50,726 - Short Sell 107.00 shares at 185.18 on 2024-11-06 19:15:00+00:00
2024-11-11 20:48:50,726 - Short Sell 107.00 shares at 185.03 on 2024-11-06 20:15:00+00:00
2024-11-11 20:48:50,726 - Short Sell 107.00 shares at 185.43 on 2024-11-06 20:30:00+00:00
2024-11-11 20:48:50,726 - Buy to cover -2148.00 shares at 186.61 on 2024-11-06 20:45:00+00:00 (Exit: Stop_loss, Profit: -4767.489999999963, Duration: 345.0 minutes)
2024-11-11 20:48:50,726 - Short Sell 106.00 shares at 186.69 on 2024-11-07 14:30:00+00:00
2024-11-11 20:48:50,726 - Short Sell 106.00 shares at 186.26 on 2024-11-07 14:45:00+00:00
2024-11-11 20:48:50,726 - Short Sell 106.00 shares at 186.17 on 2024-11-07 15:00:00+00:00
2024-11-11 20:48:50,726 - Short Sell 106.00 shares at 186.16 on 2024-11-07 15:15:00+00:00
2024-11-11 20:48:50,726 - Short Sell 106.00 shares at 185.92 on 2024-11-07 15:30:00+00:00
2024-11-11 20:48:50,726 - Short Sell 106.00 shares at 186.43 on 2024-11-07 15:45:00+00:00
2024-11-11 20:48:50,726 - Short Sell 106.00 shares at 186.04 on 2024-11-07 16:00:00+00:00
2024-11-11 20:48:50,726 - Short Sell 106.00 shares at 185.89 on 2024-11-07 16:15:00+00:00
2024-11-11 20:48:50,726 - Short Sell 106.00 shares at 186.17 on 2024-11-07 16:30:00+00:00
2024-11-11 20:48:50,726 - Short Sell 106.00 shares at 186.4 on 2024-11-07 16:45:00+00:00
2024-11-11 20:48:50,726 - Short Sell 106.00 shares at 186.42 on 2024-11-07 17:00:00+00:00
2024-11-11 20:48:50,727 - Short Sell 106.00 shares at 186.59 on 2024-11-07 17:15:00+00:00
2024-11-11 20:48:50,727 - Short Sell 106.00 shares at 186.49 on 2024-11-07 17:30:00+00:00
2024-11-11 20:48:50,727 - Short Sell 106.00 shares at 186.28 on 2024-11-07 17:45:00+00:00
2024-11-11 20:48:50,727 - Short Sell 105.00 shares at 186.67 on 2024-11-07 18:00:00+00:00
2024-11-11 20:48:50,727 - Short Sell 105.00 shares at 186.64 on 2024-11-07 18:15:00+00:00
2024-11-11 20:48:50,727 - Short Sell 106.00 shares at 186.31 on 2024-11-07 18:30:00+00:00
2024-11-11 20:48:50,727 - Short Sell 106.00 shares at 186.43 on 2024-11-07 18:45:00+00:00
2024-11-11 20:48:50,727 - Short Sell 106.00 shares at 186.37 on 2024-11-07 19:00:00+00:00
2024-11-11 20:48:50,727 - Short Sell 105.00 shares at 186.64 on 2024-11-07 19:15:00+00:00
2024-11-11 20:48:50,727 - Short Sell 105.00 shares at 186.89 on 2024-11-07 19:30:00+00:00
2024-11-11 20:48:50,727 - Buy to cover -2222.00 shares at 186.27 on 2024-11-07 20:30:00+00:00 (Exit: Signal, Profit: 230.37999999994804, Duration: 360.0 minutes)
2024-11-11 20:48:50,727 - Long Buy 106.00 shares at 185.96 on 2024-11-07 20:45:00+00:00
2024-11-11 20:48:50,727 - Long Buy 104.00 shares at 185.81 on 2024-11-08 14:30:00+00:00
2024-11-11 20:48:50,727 - Long Buy 102.00 shares at 185.64 on 2024-11-08 14:45:00+00:00
2024-11-11 20:48:50,727 - Long Buy 100.00 shares at 186.04 on 2024-11-08 15:00:00+00:00
2024-11-11 20:48:50,727 - Long Buy 98.00 shares at 185.8 on 2024-11-08 15:15:00+00:00
2024-11-11 20:48:50,727 - Long Buy 96.00 shares at 185.4 on 2024-11-08 15:30:00+00:00
2024-11-11 20:48:50,727 - Long Buy 94.00 shares at 185.64 on 2024-11-08 15:45:00+00:00
2024-11-11 20:48:50,727 - Long Buy 92.00 shares at 185.58 on 2024-11-08 16:00:00+00:00
2024-11-11 20:48:50,727 - Long Buy 90.00 shares at 185.46 on 2024-11-08 16:15:00+00:00
2024-11-11 20:48:50,727 - Long Buy 89.00 shares at 185.05 on 2024-11-08 16:30:00+00:00
2024-11-11 20:48:50,727 - Long Buy 87.00 shares at 184.99 on 2024-11-08 16:45:00+00:00
2024-11-11 20:48:50,727 - Long Buy 85.00 shares at 185.05 on 2024-11-08 17:00:00+00:00
2024-11-11 20:48:50,727 - Long Buy 84.00 shares at 184.87 on 2024-11-08 17:15:00+00:00
2024-11-11 20:48:50,727 - Long Buy 82.00 shares at 184.85 on 2024-11-08 17:30:00+00:00
2024-11-11 20:48:50,727 - Long Buy 80.00 shares at 184.63 on 2024-11-08 17:45:00+00:00
2024-11-11 20:48:50,727 - Long Buy 79.00 shares at 184.68 on 2024-11-08 18:00:00+00:00
2024-11-11 20:48:50,727 - Long Buy 77.00 shares at 184.5 on 2024-11-08 18:15:00+00:00
2024-11-11 20:48:50,727 - Long Buy 76.00 shares at 184.66 on 2024-11-08 18:30:00+00:00
2024-11-11 20:48:50,727 - Long Buy 74.00 shares at 184.79 on 2024-11-08 18:45:00+00:00
2024-11-11 20:48:50,727 - Long Buy 73.00 shares at 184.74 on 2024-11-08 19:00:00+00:00
2024-11-11 20:48:50,727 - Long Buy 71.00 shares at 184.8 on 2024-11-08 19:15:00+00:00
2024-11-11 20:48:50,727 - Long Buy 70.00 shares at 184.97 on 2024-11-08 19:30:00+00:00
2024-11-11 20:48:50,728 - Long Buy 68.00 shares at 184.5 on 2024-11-08 19:45:00+00:00
2024-11-11 20:48:50,728 - Long Buy 67.00 shares at 184.41 on 2024-11-08 20:00:00+00:00
2024-11-11 20:48:50,728 - Sell to close 2044.00 shares at 183.8 on 2024-11-08 20:15:00+00:00 (Exit: Stop_loss, Profit: -2820.839999999954, Duration: 1410.0 minutes)
2024-11-11 20:48:50,729 - Final statisticsStock: VRSN, 
total_trades: 27, 
winning_trades: 16, 
losing_trades: 11, 
average_return: 0.0005738190754137015, 
average_duration: 848.8888888888889, 
final_balance: 987013.1700000011, 
final_portfolio_value: 987013.1700000011, 
sharpe_ratio: 5.859716240022144, 



